Wolf A2m is running away from: LionC3
Wolf C4f is running away from: LionB4
Wolf C2f is running away from: LionB0
Wolf A5f is running away from: LionC3
Wolf C4m is running away from: LionC3
Wolf A3m is running away from: LionB4
Wolf C0f is running away from: LionA0
Wolf A0f is running away from: LionA0
Rabbit C2m is running away from: LionB0
Rabbit C2m is running away from: WolfC2
Rabbit A1m is running away from: LionC3
Rabbit A1m is running away from: WolfC4
Rabbit A3m is running away from: LionB0
Rabbit A3m is running away from: WolfC4
Rabbit C1f is running away from: LionA0
Rabbit C1f is running away from: WolfA0
Rabbit A4f is running away from: LionB0
Rabbit A4f is running away from: WolfC4
Rabbit B4m is running away from: LionC3
Rabbit B4m is running away from: WolfC4
Rabbit B3m is running away from: LionB4
Rabbit B3m is running away from: WolfC4
Rabbit A0m is running away from: LionB0
Rabbit A0m is running away from: WolfC4
Rabbit A4m is running away from: LionB0
Rabbit A4m is running away from: WolfC4
Rabbit A1m is running away from: LionC3
Rabbit A1m is running away from: WolfC4
Rabbit B2m is running away from: LionA0
Rabbit B2m is running away from: WolfA0
Rabbit C4m is running away from: LionB4
Rabbit C4m is running away from: WolfC0
Rabbit B3f is running away from: LionC3
Rabbit B3f is running away from: WolfC4
Rabbit C3f is running away from: LionB0
Rabbit C3f is running away from: WolfA5
Rabbit C3f is running away from: LionC3
Rabbit C3f is running away from: WolfA2
Rabbit B2m is running away from: LionC3
Rabbit B2m is running away from: WolfA2
Rabbit C1f is running away from: LionB4
Rabbit C1f is running away from: WolfC0
Rabbit C3m is running away from: LionC1
Rabbit C3m is running away from: WolfC2
Rabbit C1m is running away from: LionC3
Rabbit C1m is running away from: WolfC4
Rabbit A3m is running away from: LionB0
Rabbit A3m is running away from: WolfC4
Wolf A2m is running away from: LionC3
Wolf C4f is running away from: LionB4
Wolf C2f is running away from: LionC1
Wolf A5f is running away from: LionC3
Wolf C4m is running away from: LionB0
Wolf A3m is running away from: LionC1
Wolf C0f is running away from: LionA0
Wolf A0f is running away from: LionA0
Rabbit C2m is running away from: LionB0
Rabbit C2m is running away from: WolfC2
Rabbit C2 m is ready to mate
Rabbit C2 m is approaching partner: Rabbit A4f
Rabbit A1m is running away from: LionC3
Rabbit A1m is running away from: WolfC4
Rabbit A1 m is ready to mate
Rabbit A1 m is approaching partner: Rabbit B3f
Rabbit A3m is running away from: LionB0
Rabbit A3m is running away from: WolfA5
Rabbit A3 m is ready to mate
Rabbit A3 m is approaching partner: Rabbit C3f
Rabbit C1f is running away from: LionA0
Rabbit C1f is running away from: WolfC0
Rabbit C1 f is ready to mate
Rabbit A4f is running away from: LionB0
Rabbit A4f is running away from: WolfC4
Rabbit A4 f is ready to mate
Rabbit B4m is running away from: LionB0
Rabbit B4m is running away from: WolfC4
Rabbit B4 m is ready to mate
Rabbit B4 m is approaching partner: Rabbit B3f
Rabbit B3m is running away from: LionB4
Rabbit B3m is running away from: WolfA3
Rabbit B3 m is ready to mate
Rabbit B3 m is approaching partner: Rabbit C1f
Rabbit A0m is running away from: LionB0
Rabbit A0m is running away from: WolfA5
Rabbit A0 m is ready to mate
Rabbit A0 m is approaching partner: Rabbit C3f
Rabbit A4m is running away from: LionB0
Rabbit A4m is running away from: WolfA5
Rabbit A4 m is ready to mate
Rabbit A4 m is approaching partner: Rabbit C3f
Rabbit A2 m was born!Father is A4 and Mother is C3
Rabbit A1m is running away from: LionC3
Rabbit A1m is running away from: WolfC4
Rabbit A1 m is ready to mate
Rabbit A1 m is approaching partner: Rabbit C3f
Rabbit B2m is running away from: LionA0
Rabbit B2m is running away from: WolfC0
Rabbit B2 m is ready to mate
Rabbit B2 m is approaching partner: Rabbit C1f
Rabbit C4m is running away from: LionA0
Rabbit C4m is running away from: WolfA0
Rabbit C4 m is ready to mate
Rabbit C4 m is approaching partner: Rabbit C1f
Rabbit B3f is running away from: LionC3
Rabbit B3f is running away from: WolfC4
Rabbit B3 f is ready to mate
Rabbit C3f is running away from: LionB0
Rabbit C3f is running away from: WolfA5
Rabbit C3f is running away from: LionC3
Rabbit C3f is running away from: WolfC4
Rabbit C3 f is ready to mate
Rabbit B2m is running away from: LionC3
Rabbit B2m is running away from: WolfC4
Rabbit B2 m is ready to mate
Rabbit B2 m is approaching partner: Rabbit C3f
Rabbit C1f is running away from: LionA0
Rabbit C1f is running away from: WolfA0
Rabbit C1 f is ready to mate
Rabbit C3m is running away from: LionB0
Rabbit C3m is running away from: WolfC2
Rabbit C3 m is ready to mate
Rabbit C3 m is approaching partner: Rabbit A4f
Rabbit C5 f was born!Father is C3 and Mother is A4
Rabbit C1m is running away from: LionC3
Rabbit C1m is running away from: WolfC4
Rabbit C1 m is ready to mate
Rabbit C1 m is approaching partner: Rabbit B3f
Rabbit A3m is running away from: LionB0
Rabbit A3m is running away from: WolfA5
Rabbit A3 m is ready to mate
Rabbit A3 m is approaching partner: Rabbit B3f
Wolf A2m is running away from: LionC3
Wolf A2 is Hungry
Wolf A2m is chasing: C3f
Wolf A2 m is ready to mate
Wolf C4f is running away from: LionB4
Wolf C4 is Hungry
Wolf C4f is chasing: B3m
Wolf C4 f is ready to mate
Wolf C2f is running away from: LionA0
Wolf C2 is Hungry
Wolf C2f is chasing: C2m
Wolf C2 f is ready to mate
Wolf A5f is running away from: LionC3
Wolf A5 is Hungry
Wolf A5f is chasing: A2m
Wolf A5 f is ready to mate
Wolf C4m is running away from: LionC3
Wolf C4 is Hungry
Wolf C4m is chasing: A1m
Wolf C4 m is ready to mate
Wolf A3m is running away from: LionB4
Wolf A3 is Hungry
Wolf A3m is chasing: B3m
Wolf A3 m is ready to mate
Wolf B3 m was born! Father is A3 and Mother is C4
Wolf C0f is running away from: LionA0
Wolf C0 is Hungry
Wolf C0f is chasing: C4m
Wolf C0f ate!
Wolf C0 f is ready to mate
Wolf A0f is running away from: LionA0
Wolf A0 is Hungry
Wolf A0f is chasing: C1f
Wolf A0f ate!
Wolf A0 f is ready to mate
Rabbit C2m is running away from: LionB0
Rabbit C2m is running away from: WolfC2
Rabbit C2 is Hungry
Rabbit C2m ate
Rabbit C2 m is ready to mate
Rabbit C2 m is approaching partner: Rabbit B3f
Rabbit A1m is running away from: LionC3
Rabbit A1m is running away from: WolfC4
Rabbit A1 is Hungry
Rabbit A1m ate
Rabbit A1 m is ready to mate
Rabbit A1 m is approaching partner: Rabbit B3f
Rabbit A3m is running away from: LionB0
Rabbit A3m is running away from: WolfA5
Rabbit A3 is Hungry
Rabbit A3m ate
Rabbit A3 m is ready to mate
Rabbit A3 m is approaching partner: Rabbit B3f
Rabbit C1f is running away from: LionA0
Rabbit C1f is running away from: WolfC0
Rabbit C1 is Hungry
Rabbit C1f ate
Rabbit C1 f is ready to mate
Rabbit A4f is running away from: LionC1
Rabbit A4f is running away from: WolfC2
Rabbit A4 is Hungry
Rabbit A4f ate
Rabbit B4m is running away from: LionB0
Rabbit B4m is running away from: WolfC4
Rabbit B4 is Hungry
Rabbit B4m ate
Rabbit B4 m is ready to mate
Rabbit B4 m is approaching partner: Rabbit B3f
Rabbit C5 m was born!Father is B4 and Mother is B3
Rabbit B3m is running away from: LionB4
Rabbit B3m is running away from: WolfB3
Rabbit B3 is Hungry
Rabbit B3m ate
Rabbit B3 m is ready to mate
Rabbit B3 m is approaching partner: Rabbit C1f
Rabbit A0m is running away from: LionB0
Rabbit A0m is running away from: WolfA5
Rabbit A0 is Hungry
Rabbit A0m ate
Rabbit A0 m is ready to mate
Rabbit A0 m is approaching partner: Rabbit C3f
Rabbit A4m is running away from: LionB0
Rabbit A4m is running away from: WolfA5
Rabbit A4 is Hungry
Rabbit A4m ate
Rabbit A4 m is ready to mate
Rabbit A4 m is approaching partner: Rabbit C3f
Rabbit A1m is running away from: LionC1
Rabbit A1m is running away from: WolfC4
Rabbit A1 is Hungry
Rabbit A1m ate
Rabbit A1 m is ready to mate
Rabbit A1 m is approaching partner: Rabbit C3f
Rabbit B2m is running away from: LionA0
Rabbit B2m is running away from: WolfC0
Rabbit B2 is Hungry
Rabbit B2 m is ready to mate
Rabbit B2 m is approaching partner: Rabbit C1f
Rabbit B3f is running away from: LionB0
Rabbit B3f is running away from: WolfC4
Rabbit B3 is Hungry
Rabbit B3f ate
Rabbit C3f is running away from: LionB0
Rabbit C3f is running away from: WolfA5
Rabbit C3 is Hungry
Rabbit C3f is running away from: LionC3
Rabbit C3f is running away from: WolfA2
Rabbit C3 is Hungry
Rabbit C3f ate
Rabbit C3 f is ready to mate
Rabbit B2m is running away from: LionC3
Rabbit B2m is running away from: WolfA2
Rabbit B2 is Hungry
Rabbit B2 m is ready to mate
Rabbit B2 m is approaching partner: Rabbit C3f
Rabbit C3m is running away from: LionC1
Rabbit C3m is running away from: WolfC2
Rabbit C3 is Hungry
Rabbit C3m ate
Rabbit C3 m is ready to mate
Rabbit C3 m is approaching partner: Rabbit C3f
Rabbit C1m is running away from: LionC3
Rabbit C1m is running away from: WolfC4
Rabbit C1 is Hungry
Rabbit C1 m is ready to mate
Rabbit C1 m is approaching partner: Rabbit C3f
Rabbit A3m is running away from: LionB0
Rabbit A3m is running away from: WolfA5
Rabbit A3 is Hungry
Rabbit A3 m is ready to mate
Rabbit A3 m is approaching partner: Rabbit C1f
Rabbit A2m is running away from: LionC3
Rabbit A2m is running away from: WolfA5
Rabbit C5f is running away from: LionC1
Rabbit C5f is running away from: WolfC2
Wolf A2m is running away from: LionC3
Wolf A2 is Hungry
Wolf A2m is chasing: B2m
Wolf A2 m is ready to mate
Wolf C4f is running away from: LionB4
Wolf C4 is Hungry
Wolf C4f is chasing: B3m
Wolf C2f is running away from: LionC1
Wolf C2 is Hungry
Wolf C2f is chasing: C2m
Wolf C2 f is ready to mate
Wolf A5f is running away from: LionC3
Wolf A5 is Hungry
Wolf A5f is chasing: A0m
Wolf A5 f is ready to mate
Wolf C4m is running away from: LionC3
Wolf C4m ate!
Wolf C4 m is ready to mate
Wolf A3m is running away from: LionB4
Wolf A3 is Hungry
Wolf A3m is chasing: B3m
Wolf A3 m is ready to mate
Wolf C0f is running away from: LionA0
Wolf C0 f is ready to mate
Wolf A0f is running away from: LionB4
Wolf A0 f is ready to mate
Wolf B3m is running away from: LionB4
Rabbit C2m is running away from: LionB0
Rabbit C2m is running away from: WolfC2
Rabbit C2 m is ready to mate
Rabbit C2 m is approaching partner: Rabbit C3f
Rabbit A1m is running away from: LionB0
Rabbit A1m is running away from: WolfC4
Rabbit A1 m is ready to mate
Rabbit A1 m is approaching partner: Rabbit C3f
Rabbit A3m is running away from: LionB0
Rabbit A3m is running away from: WolfA5
Rabbit A3 m is ready to mate
Rabbit A3 m is approaching partner: Rabbit C1f
Rabbit C1f is running away from: LionA0
Rabbit C1f is running away from: WolfC0
Rabbit C1 f is ready to mate
Rabbit A4f is running away from: LionC1
Rabbit A4f is running away from: WolfC2
Rabbit B4m is running away from: LionB0
Rabbit B4m is running away from: WolfC4
Rabbit B4 m is ready to mate
Rabbit B4 m is approaching partner: Rabbit C3f
Rabbit B3m is running away from: LionA0
Rabbit B3m is running away from: WolfA3
Rabbit B3 m is ready to mate
Rabbit B3 m is approaching partner: Rabbit C1f
Rabbit A0m is running away from: LionC3
Rabbit A0m is running away from: WolfA5
Rabbit A0 m is ready to mate
Rabbit A0 m is approaching partner: Rabbit C3f
Rabbit A4m is running away from: LionB0
Rabbit A4m is running away from: WolfA5
Rabbit A4 m is ready to mate
Rabbit A4 m is approaching partner: Rabbit C3f
Rabbit A1m is running away from: LionC1
Rabbit A1m is running away from: WolfA2
Rabbit A1 m is ready to mate
Rabbit A1 m is approaching partner: Rabbit C3f
Rabbit B2m is running away from: LionA0
Rabbit B2m is running away from: WolfC0
Rabbit B2 is Hungry
Rabbit B2m ate
Rabbit B2 m is ready to mate
Rabbit B2 m is approaching partner: Rabbit C1f
Rabbit B3f is running away from: LionB0
Rabbit B3f is running away from: WolfC4
Rabbit C3f is running away from: LionB0
Rabbit C3f is running away from: WolfA5
Rabbit C3 is Hungry
Rabbit C3f is running away from: LionC3
Rabbit C3f is running away from: WolfA2
Rabbit C3 f is ready to mate
Rabbit B2m is running away from: LionC3
Rabbit B2m is running away from: WolfA2
Rabbit B2 is Hungry
Rabbit B2m ate
Rabbit B2 m is ready to mate
Rabbit B2 m is approaching partner: Rabbit C3f
Rabbit C3m is running away from: LionC1
Rabbit C3m is running away from: WolfC4
Rabbit C3 m is ready to mate
Rabbit C3 m is approaching partner: Rabbit C3f
Rabbit A3m is running away from: LionB0
Rabbit A3m is running away from: WolfA5
Rabbit A3 is Hungry
Rabbit A3m ate
Rabbit A3 m is ready to mate
Rabbit A3 m is approaching partner: Rabbit C1f
Rabbit A2m is running away from: LionB0
Rabbit A2m is running away from: WolfA5
Rabbit C5f is running away from: LionC1
Rabbit C5f is running away from: WolfC2
Rabbit C5m is running away from: LionB0
Rabbit C5m is running away from: WolfC4
Wolf A2m is running away from: LionC3
Wolf A2 is Hungry
Wolf A2m is chasing: B2m
Wolf A2 m is ready to mate
Wolf C4f is running away from: LionC1
Wolf C4 is Hungry
Wolf C4f is chasing: B3m
Wolf C2f is running away from: LionB0
Wolf C2 is Hungry
Wolf C2f is chasing: A4f
Wolf C2 f is ready to mate
Wolf A5f is running away from: LionC3
Wolf A5f ate!
Wolf A5 f is ready to mate
Wolf C4m is running away from: LionC3
Wolf C4m ate!
Wolf C4 m is ready to mate
Wolf A3m is running away from: LionC1
Wolf A3 is Hungry
Wolf A3m is chasing: B3m
Wolf A3 m is ready to mate
Wolf C0f is running away from: LionB4
Wolf C0 f is ready to mate
Wolf A0f is running away from: LionB4
Wolf A0 f is ready to mate
Wolf B3m is running away from: LionC1
Rabbit C2m is running away from: LionB0
Rabbit C2m is running away from: WolfC2
Rabbit C2 m is ready to mate
Rabbit C2 m is approaching partner: Rabbit C3f
Rabbit A3m is running away from: LionB0
Rabbit A3m is running away from: WolfA5
Rabbit A3 m is ready to mate
Rabbit A3 m is approaching partner: Rabbit C1f
Rabbit C1f is running away from: LionA0
Rabbit C1f is running away from: WolfC0
Rabbit C1 f is ready to mate
Rabbit A4f is running away from: LionC1
Rabbit A4f is running away from: WolfC2
Rabbit B4m is running away from: LionB0
Rabbit B4m is running away from: WolfC4
Rabbit B4 m is ready to mate
Rabbit B4 m is approaching partner: Rabbit C3f
Rabbit B3m is running away from: LionB4
Rabbit B3m is running away from: WolfA3
Rabbit B3 m is ready to mate
Rabbit B3 m is approaching partner: Rabbit C1f
Rabbit A0m is running away from: LionB0
Rabbit A0m is running away from: WolfA5
Rabbit A0 m is ready to mate
Rabbit A0 m is approaching partner: Rabbit C3f
Rabbit A1m is running away from: LionC1
Rabbit A1m is running away from: WolfA2
Rabbit A1 m is ready to mate
Rabbit A1 m is approaching partner: Rabbit C3f
Rabbit B2m is running away from: LionA0
Rabbit B2m is running away from: WolfC0
Rabbit B2 m is ready to mate
Rabbit B2 m is approaching partner: Rabbit C1f
Rabbit B3f is running away from: LionB0
Rabbit B3f is running away from: WolfC4
Rabbit C3f is running away from: LionB0
Rabbit C3f is running away from: WolfA5
Rabbit C3 is Hungry
RabbitC3f died of hunger
Rabbit C3f ate
Rabbit C3 f is ready to mate
Rabbit C3f is running away from: LionC3
Rabbit C3f is running away from: WolfA2
Rabbit C3 f is ready to mate
Rabbit B2m is running away from: LionC3
Rabbit B2m is running away from: WolfA2
Rabbit B2 m is ready to mate
Rabbit B2 m is approaching partner: Rabbit C3f
Rabbit C3m is running away from: LionC1
Rabbit C3m is running away from: WolfC4
Rabbit C3 m is ready to mate
Rabbit C3 m is approaching partner: Rabbit C3f
Rabbit A3m is running away from: LionB0
Rabbit A3m is running away from: WolfA5
Rabbit A3 m is ready to mate
Rabbit A3 m is approaching partner: Rabbit C1f
Rabbit A2m is running away from: LionB0
Rabbit A2m is running away from: WolfA5
Rabbit A2 is Hungry
Rabbit A2 m is ready to mate
Rabbit A2 m is approaching partner: Rabbit C3f
Rabbit C5f is running away from: LionC1
Rabbit C5f is running away from: WolfC4
Rabbit C5 is Hungry
Rabbit C5f ate
Rabbit C5 f is ready to mate
Rabbit C5m is running away from: LionB0
Rabbit C5m is running away from: WolfC4
Lion B0 is Hungry
LionB0mis chasing: C2f
Lion B0 m is ready to mate
Lion B4 is Hungry
LionB4mis chasing: B3m
Lion B4 m is ready to mate
Lion C3 is Hungry
LionC3mis chasing: A2m
Lion C3 m is ready to mate
Lion A0 is Hungry
LionA0fis chasing: B3m
Lion A0 f is ready to mate
Lion C1 is Hungry
LionC1fis chasing: C2f
Lion C1 f is ready to mate
Wolf A2m is running away from: LionC3
Wolf A2 is Hungry
WolfA2m died of hunger
Wolf A2m is chasing: B2m
Wolf A2 m is ready to mate
Wolf C4f is running away from: LionB4
Wolf C4 is Hungry
WolfC4f died of hunger
Wolf C4f is chasing: B3m
Wolf C2f is running away from: LionB0
Wolf C2 is Hungry
WolfC2f died of hunger
Wolf C2f is chasing: A4f
Wolf C2 f is ready to mate
Wolf A5f is running away from: LionC3
Wolf A5f ate!
Wolf A5 f is ready to mate
Wolf C4m is running away from: LionC3
Wolf C4 m is ready to mate
Wolf A3m is running away from: LionB4
Wolf A3 is Hungry
WolfA3m died of hunger
Wolf A3m is chasing: B3m
Wolf A3 m is ready to mate
Wolf C0f is running away from: LionB4
Wolf C0 is Hungry
Wolf C0f is chasing: C1f
Wolf C0f ate!
Wolf C0 f is ready to mate
Wolf A0f is running away from: LionB4
Wolf A0 is Hungry
Wolf A0f is chasing: B2m
Wolf A0 f is ready to mate
Wolf B3m is running away from: LionB4
Wolf B3 is Hungry
Wolf B3m is chasing: B3m
Rabbit C2m is running away from: LionC1
Rabbit C2m is running away from: WolfC4
Rabbit C2 is Hungry
Rabbit C2m ate
Rabbit C2 m is ready to mate
Rabbit C2 m is approaching partner: Rabbit C5f
Rabbit B5 f was born!Father is C2 and Mother is C5
Rabbit A3m is running away from: LionB0
Rabbit A3m is running away from: WolfA5
Rabbit A3 is Hungry
Rabbit A3 m is ready to mate
Rabbit A3 m is approaching partner: Rabbit C3f
Rabbit A4f is running away from: LionC1
Rabbit A4f is running away from: WolfC4
Rabbit A4 is Hungry
Rabbit A4 f is ready to mate
Rabbit B4m is running away from: LionB0
Rabbit B4m is running away from: WolfC4
Rabbit B4 is Hungry
Rabbit B4m ate
Rabbit B4 m is ready to mate
Rabbit B4 m is approaching partner: Rabbit A4f
Rabbit B3m is running away from: LionB4
Rabbit B3m is running away from: WolfB3
Rabbit B3 is Hungry
Rabbit B3m ate
Rabbit B3 m is ready to mate
Rabbit B3 m is approaching partner: Rabbit A4f
Rabbit A0m is running away from: LionC3
Rabbit A0m is running away from: WolfA5
Rabbit A0 is Hungry
Rabbit A0m ate
Rabbit A0 m is ready to mate
Rabbit A0 m is approaching partner: Rabbit A4f
Rabbit A1m is running away from: LionC3
Rabbit A1m is running away from: WolfC4
Rabbit A1 is Hungry
Rabbit A1m ate
Rabbit A1 m is ready to mate
Rabbit A1 m is approaching partner: Rabbit C3f
Rabbit B2m is running away from: LionA0
Rabbit B2m is running away from: WolfC0
Rabbit B2 m is ready to mate
Rabbit B2 m is approaching partner: Rabbit A4f
Rabbit B3f is running away from: LionC1
Rabbit B3f is running away from: WolfC4
Rabbit B3 is Hungry
Rabbit B3f ate
Rabbit B3 f is ready to mate
Rabbit C3f is running away from: LionC3
Rabbit C3f is running away from: WolfC4
Rabbit C3 is Hungry
Rabbit C3f ate
Rabbit C3 f is ready to mate
Rabbit B2m is running away from: LionC3
Rabbit B2m is running away from: WolfC4
Rabbit B2 m is ready to mate
Rabbit B2 m is approaching partner: Rabbit B3f
Rabbit C3m is running away from: LionC1
Rabbit C3m is running away from: WolfC4
Rabbit C3 is Hungry
Rabbit C3m ate
Rabbit C3 m is ready to mate
Rabbit C3 m is approaching partner: Rabbit B3f
Rabbit A3m is running away from: LionB0
Rabbit A3m is running away from: WolfA5
Rabbit A3 m is ready to mate
Rabbit A3 m is approaching partner: Rabbit A4f
Rabbit C5f is running away from: LionC1
Rabbit C5f is running away from: WolfC4
Rabbit C5m is running away from: LionB0
Rabbit C5m is running away from: WolfC4
Rabbit C5 is Hungry
Rabbit C5m ate
Rabbit C5 m is ready to mate
Rabbit C5 m is approaching partner: Rabbit A4f
Lion B0 is Hungry
LionB0mis chasing: B3m
Lion B0 m is ready to mate
Lion B4 is Hungry
LionB4mis chasing: B3m
Lion B4 m is ready to mate
Lion C3 is Hungry
LionC3mis chasing: C3f
Lion C3 m is ready to mate
Lion A0 is Hungry
LionA0fis chasing: B3m
Lion A0 f is ready to mate
Lion C1 is Hungry
LionC1fis chasing: B3m
Lion C1 f is ready to mate
Wolf A5f is running away from: LionC3
Wolf A5 f is ready to mate
Wolf C4m is running away from: LionC3
Wolf C4 m is ready to mate
Wolf C0f is running away from: LionA0
Wolf C0 f is ready to mate
Wolf A0f is running away from: LionA0
Wolf A0 is Hungry
Wolf A0f is chasing: B2m
Wolf A0 f is ready to mate
Wolf B3m is running away from: LionB4
Wolf B3 is Hungry
Wolf B3m is chasing: B3m
Rabbit C2m is running away from: LionC1
Rabbit C2m is running away from: WolfC4
Rabbit C2 m is ready to mate
Rabbit C2 m is approaching partner: Rabbit A4f
Rabbit C5 m was born!Father is C2 and Mother is A4
Rabbit A3m is running away from: LionB0
Rabbit A3m is running away from: WolfA5
Rabbit A3 is Hungry
Rabbit A3 m is ready to mate
Rabbit A3 m is approaching partner: Rabbit B3f
Rabbit A4f is running away from: LionC1
Rabbit A4f is running away from: WolfC4
Rabbit A4 is Hungry
Rabbit B4m is running away from: LionC3
Rabbit B4m is running away from: WolfC4
Rabbit B4 m is ready to mate
Rabbit B4 m is approaching partner: Rabbit B3f
Rabbit B3m is running away from: LionB4
Rabbit B3m is running away from: WolfB3
Rabbit B3 m is ready to mate
Rabbit B3 m is approaching partner: Rabbit B3f
Rabbit A0m is running away from: LionC3
Rabbit A0m is running away from: WolfA5
Rabbit A0 m is ready to mate
Rabbit A0 m is approaching partner: Rabbit B3f
Rabbit A1m is running away from: LionC3
Rabbit A1m is running away from: WolfC4
Rabbit A1 m is ready to mate
Rabbit A1 m is approaching partner: Rabbit B3f
Rabbit B2m is running away from: LionA0
Rabbit B2m is running away from: WolfC0
Rabbit B2 is Hungry
Rabbit B2m ate
Rabbit B2 m is ready to mate
Rabbit B2 m is approaching partner: Rabbit B3f
Rabbit B3f is running away from: LionC1
Rabbit B3f is running away from: WolfC4
Rabbit B3 f is ready to mate
Rabbit C3f is running away from: LionC3
Rabbit C3f is running away from: WolfC4
Rabbit C3 f is ready to mate
Rabbit B2m is running away from: LionC3
Rabbit B2m is running away from: WolfC4
Rabbit B2 is Hungry
Rabbit B2m ate
Rabbit B2 m is ready to mate
Rabbit B2 m is approaching partner: Rabbit B3f
Rabbit A0 m was born!Father is B2 and Mother is B3
Rabbit C3m is running away from: LionC1
Rabbit C3m is running away from: WolfC4
Rabbit C3 m is ready to mate
Rabbit C3 m is approaching partner: Rabbit C3f
Rabbit A3m is running away from: LionB0
Rabbit A3m is running away from: WolfA5
Rabbit A3 is Hungry
Rabbit A3m ate
Rabbit A3 m is ready to mate
Rabbit A3 m is approaching partner: Rabbit C3f
Rabbit C5f is running away from: LionC1
Rabbit C5f is running away from: WolfC4
Rabbit C5m is running away from: LionB0
Rabbit C5m is running away from: WolfC4
Rabbit C5 m is ready to mate
Rabbit C5 m is approaching partner: Rabbit C3f
Rabbit B5f is running away from: LionC1
Rabbit B5f is running away from: WolfC4
Lion B0 is Hungry
LionB0mis chasing: B3m
Lion B0 m is ready to mate
Lion B4 is Hungry
LionB4mis chasing: B3m
Lion B4 m is ready to mate
Lion C3 is Hungry
LionC3mis chasing: C3f
Lion C3 m is ready to mate
Lion A0 is Hungry
LionA0fis chasing: B3m
Lion A0 f is ready to mate
Lion C1 is Hungry
LionC1fis chasing: B3m
Lion C1 f is ready to mate
Wolf A5f is running away from: LionC3
Wolf A5f ate!
Wolf A5 f is ready to mate
Wolf C4m is running away from: LionC3
Wolf C4 is Hungry
Wolf C4m is chasing: B4m
Wolf C4m ate!
Wolf C4 m is ready to mate
Wolf C0f is running away from: LionA0
Wolf C0 f is ready to mate
Wolf A0f is running away from: LionA0
Wolf A0 is Hungry
Wolf A0f is chasing: B2m
Wolf A0 f is ready to mate
Wolf B3m is running away from: LionC1
Wolf B3 is Hungry
Wolf B3m is chasing: B3m
Rabbit C2m is running away from: LionC1
Rabbit C2m is running away from: WolfC4
Rabbit C2 m is ready to mate
Rabbit C2 m is approaching partner: Rabbit C3f
Rabbit A3m is running away from: LionB0
Rabbit A3m is running away from: WolfA5
Rabbit A3 is Hungry
RabbitA3m died of hunger
Rabbit A3m ate
Rabbit A3 m is ready to mate
Rabbit A3 m is approaching partner: Rabbit C3f
Rabbit A4f is running away from: LionC1
Rabbit A4f is running away from: WolfC4
Rabbit A4 is Hungry
RabbitA4f died of hunger
Rabbit A4f ate
Rabbit B3m is running away from: LionC1
Rabbit B3m is running away from: WolfB3
Rabbit B3 m is ready to mate
Rabbit B3 m is approaching partner: Rabbit C3f
Rabbit A1m is running away from: LionC3
Rabbit A1m is running away from: WolfC4
Rabbit A1 m is ready to mate
Rabbit A1 m is approaching partner: Rabbit C3f
Rabbit B2m is running away from: LionA0
Rabbit B2m is running away from: WolfC0
Rabbit B2 m is ready to mate
Rabbit B2 m is approaching partner: Rabbit C3f
Rabbit B3f is running away from: LionC1
Rabbit B3f is running away from: WolfC4
Rabbit C3f is running away from: LionC3
Rabbit C3f is running away from: WolfC4
Rabbit C3 f is ready to mate
Rabbit B2m is running away from: LionC1
Rabbit B2m is running away from: WolfC4
Rabbit B2 m is ready to mate
Rabbit B2 m is approaching partner: Rabbit C3f
Rabbit C3m is running away from: LionC1
Rabbit C3m is running away from: WolfC4
Rabbit C3 m is ready to mate
Rabbit C3 m is approaching partner: Rabbit C3f
Rabbit A3m is running away from: LionB0
Rabbit A3m is running away from: WolfA5
Rabbit A3 m is ready to mate
Rabbit A3 m is approaching partner: Rabbit C3f
Rabbit C5f is running away from: LionC1
Rabbit C5f is running away from: WolfC4
Rabbit C5 is Hungry
Rabbit C5f ate
Rabbit C5m is running away from: LionC3
Rabbit C5m is running away from: WolfC4
Rabbit C5 m is ready to mate
Rabbit C5 m is approaching partner: Rabbit C3f
Rabbit B5f is running away from: LionC1
Rabbit B5f is running away from: WolfC4
Rabbit C5m is running away from: LionC1
Rabbit C5m is running away from: WolfC4
Rabbit A0m is running away from: LionC3
Rabbit A0m is running away from: WolfC4
Lion B0 is Hungry
LionB0mis chasing: B3m
Lion B0 m is ready to mate
Lion B4 is Hungry
LionB4mis chasing: B3m
Lion B4 m is ready to mate
Lion C3 is Hungry
LionC3mis chasing: C3f
Lion C3 m is ready to mate
Lion A0 is Hungry
LionA0fis chasing: B3m
Lion A0 f is ready to mate
Lion C1 is Hungry
LionC1fis chasing: B3m
Lion C1 f is ready to mate
Wolf A5f is running away from: LionC3
Wolf A5 f is ready to mate
Wolf C4m is running away from: LionC3
Wolf C4 m is ready to mate
Wolf C0f is running away from: LionB4
Wolf C0 is Hungry
Wolf C0f is chasing: B2m
Wolf C0 f is ready to mate
Wolf A0f is running away from: LionB4
Wolf A0 is Hungry
WolfA0f died of hunger
Wolf A0f is chasing: B2m
Wolf A0 f is ready to mate
Wolf B3m is running away from: LionB4
Wolf B3 is Hungry
WolfB3m died of hunger
Wolf B3m is chasing: B3m
Rabbit C2m is running away from: LionC1
Rabbit C2m is running away from: WolfC4
Rabbit C2 is Hungry
Rabbit C2m ate
Rabbit C2 m is ready to mate
Rabbit C2 m is approaching partner: Rabbit C3f
Rabbit B3m is running away from: LionB0
Rabbit B3m is running away from: WolfC0
Rabbit B3 is Hungry
Rabbit B3m ate
Rabbit B3 m is ready to mate
Rabbit B3 m is approaching partner: Rabbit C3f
Rabbit A1m is running away from: LionC3
Rabbit A1m is running away from: WolfC4
Rabbit A1 is Hungry
Rabbit A1 m is ready to mate
Rabbit A1 m is approaching partner: Rabbit C3f
Rabbit B2m is running away from: LionB0
Rabbit B2m is running away from: WolfC0
Rabbit B2 m is ready to mate
Rabbit B2 m is approaching partner: Rabbit C3f
Rabbit B3f is running away from: LionC3
Rabbit B3f is running away from: WolfC4
Rabbit B3 is Hungry
Rabbit B3f ate
Rabbit C3f is running away from: LionC3
Rabbit C3f is running away from: WolfC4
Rabbit C3 is Hungry
Rabbit C3f ate
Rabbit C3 f is ready to mate
Rabbit B2m is running away from: LionC3
Rabbit B2m is running away from: WolfC4
Rabbit B2 m is ready to mate
Rabbit B2 m is approaching partner: Rabbit C3f
Rabbit C3m is running away from: LionC3
Rabbit C3m is running away from: WolfC4
Rabbit C3 is Hungry
Rabbit C3 m is ready to mate
Rabbit C3 m is approaching partner: Rabbit C3f
Rabbit A3m is running away from: LionB0
Rabbit A3m is running away from: WolfA5
Rabbit A3 m is ready to mate
Rabbit A3 m is approaching partner: Rabbit C3f
Rabbit C5f is running away from: LionC3
Rabbit C5f is running away from: WolfC4
Rabbit C5 f is ready to mate
Rabbit C5m is running away from: LionB0
Rabbit C5m is running away from: WolfC4
Rabbit C5 is Hungry
Rabbit C5m ate
Rabbit C5 m is ready to mate
Rabbit C5 m is approaching partner: Rabbit C5f
Rabbit B5f is running away from: LionC1
Rabbit B5f is running away from: WolfC4
Rabbit B5 is Hungry
Rabbit B5 f is ready to mate
Rabbit C5m is running away from: LionC1
Rabbit C5m is running away from: WolfC4
Rabbit A0m is running away from: LionC3
Rabbit A0m is running away from: WolfC4
Lion B0 is Hungry
LionB0mis chasing: B3m
Lion B0 m is ready to mate
Lion B4 is Hungry
LionB4mis chasing: B3m
Lion B4 m is ready to mate
Lion C3 is Hungry
LionC3mis chasing: C3f
Lion C3 m is ready to mate
Lion A0 is Hungry
LionA0fis chasing: B3m
Lion A0 f is ready to mate
Lion C1f ate: B3m
Lion C1 f is ready to mate
Wolf A5f is running away from: LionC3
Wolf A5 is Thirsty
Wolf A5drank water
Wolf A5 f is ready to mate
Wolf C4m is running away from: LionC3
Wolf C4 is Thirsty
Wolf C4drank water
Wolf C4 m is ready to mate
Wolf C0f is running away from: LionB0
Wolf C0 is Hungry
Wolf C0f is chasing: B2m
Wolf C0 is Thirsty
Wolf C0drank water
Wolf C0 f is ready to mate
Rabbit C2 is Thirsty
Rabbit C2 drank water
Rabbit C2m is running away from: LionC1
Rabbit C2m is running away from: WolfC4
Rabbit C2 m is ready to mate
Rabbit C2 m is approaching partner: Rabbit C5f
Rabbit B3 is Thirsty
Rabbit B3 drank water
Rabbit B3m is running away from: LionC1
Rabbit B3m is running away from: WolfC0
Rabbit B3 m is ready to mate
Rabbit B3 m is approaching partner: Rabbit B5f
Rabbit A1 is Thirsty
Rabbit A1 drank water
Rabbit A1m is running away from: LionC3
Rabbit A1m is running away from: WolfC4
Rabbit A1 is Hungry
Rabbit A1 m is ready to mate
Rabbit A1 m is approaching partner: Rabbit C5f
Rabbit B2 is Thirsty
Rabbit B2 drank water
Rabbit B2m is running away from: LionB0
Rabbit B2m is running away from: WolfC0
Rabbit B2 is Hungry
Rabbit B2m ate
Rabbit B2 m is ready to mate
Rabbit B2 m is approaching partner: Rabbit C5f
Rabbit B3 is Thirsty
Rabbit B3 drank water
Rabbit B3f is running away from: LionC1
Rabbit B3f is running away from: WolfC4
Rabbit C3 is Thirsty
Rabbit C3 drank water
Rabbit C3f is running away from: LionC3
Rabbit C3f is running away from: WolfC4
Rabbit C3 f is ready to mate
Rabbit B2 is Thirsty
Rabbit B2 drank water
Rabbit B2m is running away from: LionC1
Rabbit B2m is running away from: WolfC4
Rabbit B2 is Hungry
Rabbit B2 m is ready to mate
Rabbit B2 m is approaching partner: Rabbit C5f
Rabbit C3 is Thirsty
Rabbit C3 drank water
Rabbit C3m is running away from: LionC1
Rabbit C3m is running away from: WolfC4
Rabbit C3 is Hungry
Rabbit C3 m is ready to mate
Rabbit C3 m is approaching partner: Rabbit C5f
Rabbit A3 is Thirsty
Rabbit A3 drank water
Rabbit A3m is running away from: LionA0
Rabbit A3m is running away from: WolfA5
Rabbit A3 is Hungry
Rabbit A3 m is ready to mate
Rabbit A3 m is approaching partner: Rabbit C5f
Rabbit C5f is running away from: LionC1
Rabbit C5f is running away from: WolfC4
Rabbit C5 f is ready to mate
Rabbit C5m is running away from: LionA0
Rabbit C5m is running away from: WolfC4
Rabbit C5 m is ready to mate
Rabbit C5 m is approaching partner: Rabbit C5f
Rabbit B5f is running away from: LionC1
Rabbit B5f is running away from: WolfC4
Rabbit B5 is Hungry
Rabbit B5 f is ready to mate
Rabbit C5m is running away from: LionC1
Rabbit C5m is running away from: WolfC4
Rabbit C5 is Hungry
Rabbit C5m ate
Rabbit C5 m is ready to mate
Rabbit C5 m is approaching partner: Rabbit C5f
Rabbit C5 m was born!Father is C5 and Mother is C5
Rabbit A0m is running away from: LionC1
Rabbit A0m is running away from: WolfC4
Rabbit A0 is Hungry
Lion B0 is Thirsty
Lion B0 drank water
Lion B0 is Hungry
LionB0m died of hunger
LionB0mis chasing: B2m
Lion B0 m is ready to mate
Lion B4 is Thirsty
Lion B4 drank water
Lion B4 is Hungry
LionB4m died of hunger
LionB4mis chasing: B3m
Lion B4 m is ready to mate
Lion C3 is Thirsty
Lion C3 drank water
Lion C3 is Hungry
LionC3m died of hunger
LionC3mis chasing: C3f
Lion C3 m is ready to mate
Lion A0 is Thirsty
Lion A0 drank water
Lion A0 is Hungry
LionA0f died of hunger
LionA0fis chasing: B2m
Lion A0 f is ready to mate
Lion C1 is Thirsty
Lion C1 drank water
Lion C1f ate: B3m
Lion C1 f is ready to mate
Wolf A5f is running away from: LionC1
Wolf A5 is Hungry
Wolf A5f is chasing: A3m
Wolf A5 is Thirsty
Wolf A5drank water
Wolf A5 f is ready to mate
Wolf C4m is running away from: LionC1
Wolf C4 is Hungry
Wolf C4m is chasing: A3m
Wolf C4 is Thirsty
Wolf C4drank water
Wolf C4 m is ready to mate
Wolf C0f is running away from: LionC1
Wolf C0 is Hungry
Wolf C0f is chasing: B2m
Wolf C0 is Thirsty
Wolf C0drank water
Wolf C0 f is ready to mate
Rabbit C2 is Thirsty
Rabbit C2 drank water
Rabbit C2m is running away from: LionC1
Rabbit C2m is running away from: WolfC4
Rabbit C2 m is ready to mate
Rabbit C2 m is approaching partner: Rabbit B5f
Rabbit C4 m was born!Father is C2 and Mother is B5
Rabbit B3 is Thirsty
Rabbit B3 drank water
Rabbit B3m is running away from: LionC1
Rabbit B3m is running away from: WolfC0
Rabbit B3 m is ready to mate
Rabbit B3 m is approaching partner: Rabbit C3f
Rabbit A1 is Thirsty
Rabbit A1 drank water
Rabbit A1m is running away from: LionC1
Rabbit A1m is running away from: WolfC4
Rabbit A1 is Hungry
RabbitA1m died of hunger
Rabbit A1m ate
Rabbit A1 m is ready to mate
Rabbit A1 m is approaching partner: Rabbit C3f
Rabbit B2 is Thirsty
Rabbit B2 drank water
Rabbit B2m is running away from: LionC1
Rabbit B2m is running away from: WolfC0
Rabbit B2 m is ready to mate
Rabbit B2 m is approaching partner: Rabbit C3f
Rabbit B3 is Thirsty
Rabbit B3 drank water
Rabbit B3f is running away from: LionC1
Rabbit B3f is running away from: WolfC4
Rabbit B3 f is ready to mate
Rabbit C3 is Thirsty
Rabbit C3 drank water
Rabbit C3f is running away from: LionC1
Rabbit C3f is running away from: WolfA5
Rabbit C3 f is ready to mate
Rabbit B2 is Thirsty
Rabbit B2 drank water
Rabbit B2m is running away from: LionC1
Rabbit B2m is running away from: WolfC4
Rabbit B2 is Hungry
Rabbit B2 m is ready to mate
Rabbit B2 m is approaching partner: Rabbit B3f
Rabbit C5 f was born!Father is B2 and Mother is B3
Rabbit C3 is Thirsty
Rabbit C3 drank water
Rabbit C3m is running away from: LionC1
Rabbit C3m is running away from: WolfC4
Rabbit C3 is Hungry
RabbitC3m died of hunger
Rabbit C3 m is ready to mate
Rabbit C3 m is approaching partner: Rabbit C3f
Rabbit A3 is Thirsty
Rabbit A3 drank water
Rabbit A3m is running away from: LionC1
Rabbit A3m is running away from: WolfC4
Rabbit A3 is Hungry
Rabbit A3 m is ready to mate
Rabbit A3 m is approaching partner: Rabbit C3f
Rabbit C5f is running away from: LionC1
Rabbit C5f is running away from: WolfC4
Rabbit C5 is Hungry
Rabbit C5m is running away from: LionC1
Rabbit C5m is running away from: WolfC4
Rabbit C5 m is ready to mate
Rabbit C5 m is approaching partner: Rabbit C3f
Rabbit B5f is running away from: LionC1
Rabbit B5f is running away from: WolfC4
Rabbit B5 is Hungry
RabbitB5f died of hunger
Rabbit C5m is running away from: LionC1
Rabbit C5m is running away from: WolfC4
Rabbit C5 m is ready to mate
Rabbit C5 m is approaching partner: Rabbit C3f
Rabbit A0m is running away from: LionC1
Rabbit A0m is running away from: WolfC4
Rabbit A0 is Hungry
Rabbit A0 m is ready to mate
Rabbit A0 m is approaching partner: Rabbit C3f
Rabbit C5m is running away from: LionC1
Rabbit C5m is running away from: WolfC4
Lion C1 is Thirsty
Lion C1 drank water
Lion C1f ate: B3m
Lion C1 f is ready to mate
Wolf A5f is running away from: LionC1
Wolf A5 is Hungry
Wolf A5f is chasing: A3m
Wolf A5 is Thirsty
Wolf A5drank water
Wolf A5 f is ready to mate
Wolf C4m is running away from: LionC1
Wolf C4 is Hungry
Wolf C4m is chasing: A3m
Wolf C4 is Thirsty
Wolf C4drank water
Wolf C4 m is ready to mate
Wolf A4 m was born! Father is C4 and Mother is A5
Wolf C0f is running away from: LionC1
Wolf C0 is Hungry
WolfC0f died of hunger
Wolf C0f is chasing: B2m
Wolf C0 is Thirsty
Wolf C0drank water
Wolf C0 f is ready to mate
Rabbit C2 is Thirsty
Rabbit C2 drank water
Rabbit C2m is running away from: LionC1
Rabbit C2m is running away from: WolfC4
Rabbit C2 is Hungry
Rabbit C2 m is ready to mate
Rabbit C2 m is approaching partner: Rabbit C3f
Rabbit B3 is Thirsty
Rabbit B3 drank water
Rabbit B3m is running away from: LionC1
Rabbit B3m is running away from: WolfC4
Rabbit B3 is Hungry
Rabbit B3m ate
Rabbit B3 m is ready to mate
Rabbit B3 m is approaching partner: Rabbit C3f
Rabbit B2 is Thirsty
Rabbit B2 drank water
Rabbit B2m is running away from: LionC1
Rabbit B2m is running away from: WolfC4
Rabbit B2 m is ready to mate
Rabbit B2 m is approaching partner: Rabbit C3f
Rabbit B3 is Thirsty
Rabbit B3 drank water
Rabbit B3f is running away from: LionC1
Rabbit B3f is running away from: WolfC4
Rabbit B3 is Hungry
Rabbit C3 is Thirsty
Rabbit C3 drank water
Rabbit C3f is running away from: LionC1
Rabbit C3f is running away from: WolfA5
Rabbit C3 is Hungry
Rabbit C3f ate
Rabbit C3 f is ready to mate
Rabbit B2 is Thirsty
Rabbit B2 drank water
Rabbit B2m is running away from: LionC1
Rabbit B2m is running away from: WolfC4
Rabbit B2 is Hungry
RabbitB2m died of hunger
Rabbit B2 m is ready to mate
Rabbit B2 m is approaching partner: Rabbit C3f
Rabbit A3 is Thirsty
Rabbit A3 drank water
Rabbit A3m is running away from: LionC1
Rabbit A3m is running away from: WolfC4
Rabbit A3 is Hungry
RabbitA3m died of hunger
Rabbit A3 m is ready to mate
Rabbit A3 m is approaching partner: Rabbit C3f
Rabbit C5 is Thirsty
Rabbit C5 drank water
Rabbit C5f is running away from: LionC1
Rabbit C5f is running away from: WolfC4
Rabbit C5 is Hungry
Rabbit C5m is running away from: LionC1
Rabbit C5m is running away from: WolfC4
Rabbit C5 is Hungry
Rabbit C5m ate
Rabbit C5 m is ready to mate
Rabbit C5 m is approaching partner: Rabbit C3f
Rabbit C5m is running away from: LionC1
Rabbit C5m is running away from: WolfC4
Rabbit C5 m is ready to mate
Rabbit C5 m is approaching partner: Rabbit C3f
Rabbit A0m is running away from: LionC1
Rabbit A0m is running away from: WolfC4
Rabbit A0 is Hungry
RabbitA0m died of hunger
Rabbit A0 m is ready to mate
Rabbit A0 m is approaching partner: Rabbit C3f
Rabbit C5m is running away from: LionC1
Rabbit C5m is running away from: WolfC4
Rabbit C4m is running away from: LionC1
Rabbit C4m is running away from: WolfC4
Rabbit C5f is running away from: LionC1
Rabbit C5f is running away from: WolfC4
Lion C1 is Thirsty
Lion C1 drank water
Lion C1 f is ready to mate
Wolf A5f is running away from: LionC1
Wolf A5 is Hungry
Wolf A5f is chasing: C5m
Wolf A5 is Thirsty
Wolf A5drank water
Wolf C4m is running away from: LionC1
Wolf C4 is Hungry
Wolf C4m is chasing: C5m
Wolf C4 is Thirsty
Wolf C4drank water
Wolf C4 m is ready to mate
No Female Wolf Partner or Female Wolf Partner not ready yet!
Wolf A4m is running away from: LionC1
Rabbit C2 is Thirsty
Rabbit C2 drank water
Rabbit C2m is running away from: LionC1
Rabbit C2m is running away from: WolfC4
Rabbit C2 is Hungry
Rabbit C2 m is ready to mate
Rabbit C2 m is approaching partner: Rabbit C3f
Rabbit B3 is Thirsty
Rabbit B3 drank water
Rabbit B3m is running away from: LionC1
Rabbit B3m is running away from: WolfC4
Rabbit B3 m is ready to mate
Rabbit B3 m is approaching partner: Rabbit C3f
Rabbit B2 is Thirsty
Rabbit B2 drank water
Rabbit B2m is running away from: LionC1
Rabbit B2m is running away from: WolfC4
Rabbit B2 is Hungry
Rabbit B2 m is ready to mate
Rabbit B2 m is approaching partner: Rabbit C3f
Rabbit B3 is Thirsty
Rabbit B3 drank water
Rabbit B3f is running away from: LionC1
Rabbit B3f is running away from: WolfC4
Rabbit B3 is Hungry
Rabbit C3 is Thirsty
Rabbit C3 drank water
Rabbit C3f is running away from: LionC1
Rabbit C3f is running away from: WolfA5
Rabbit C3 f is ready to mate
Rabbit C5 is Thirsty
Rabbit C5 drank water
Rabbit C5f is running away from: LionC1
Rabbit C5f is running away from: WolfC4
Rabbit C5 is Hungry
RabbitC5f died of hunger
Rabbit C5 f is ready to mate
Rabbit C5 is Thirsty
Rabbit C5 drank water
Rabbit C5m is running away from: LionC1
Rabbit C5m is running away from: WolfC4
Rabbit C5 m is ready to mate
Rabbit C5 m is approaching partner: Rabbit C3f
Rabbit C5m is running away from: LionC1
Rabbit C5m is running away from: WolfC4
Rabbit C5 is Hungry
Rabbit C5 m is ready to mate
Rabbit C5 m is approaching partner: Rabbit C3f
Rabbit C5m is running away from: LionC1
Rabbit C5m is running away from: WolfC4
Rabbit C5 is Hungry
Rabbit C5 m is ready to mate
Rabbit C5 m is approaching partner: Rabbit C3f
Rabbit C4m is running away from: LionC1
Rabbit C4m is running away from: WolfC4
Rabbit C5f is running away from: LionC1
Rabbit C5f is running away from: WolfC4
Lion C1 is Thirsty
Lion C1 drank water
Lion C1 f is ready to mate
Wolf A5f is running away from: LionC1
Wolf A5 is Hungry
WolfA5f died of hunger
Wolf A5f is chasing: C5m
Wolf A5 is Thirsty
Wolf A5drank water
Wolf C4m is running away from: LionC1
Wolf C4 is Hungry
WolfC4m died of hunger
Wolf C4m is chasing: C5m
Wolf C4 m is ready to mate
No Female Wolf Partner or Female Wolf Partner not ready yet!
Wolf A4m is running away from: LionC1
Rabbit C2 is Thirsty
Rabbit C2 drank water
Rabbit C2m is running away from: LionC1
Rabbit C2m is running away from: WolfA4
Rabbit C2 is Hungry
RabbitC2m died of hunger
Rabbit C2 m is ready to mate
Rabbit C2 m is approaching partner: Rabbit C3f
Rabbit B3 is Thirsty
Rabbit B3 drank water
Rabbit B3m is running away from: LionC1
Rabbit B3m is running away from: WolfA4
Rabbit B3 m is ready to mate
Rabbit B3 m is approaching partner: Rabbit C3f
Rabbit B2 is Thirsty
Rabbit B2 drank water
Rabbit B2m is running away from: LionC1
Rabbit B2m is running away from: WolfA4
Rabbit B2 is Hungry
Rabbit B2m ate
Rabbit B2 m is ready to mate
Rabbit B2 m is approaching partner: Rabbit C3f
Rabbit B3 is Thirsty
Rabbit B3 drank water
Rabbit B3f is running away from: LionC1
Rabbit B3f is running away from: WolfA4
Rabbit B3 is Hungry
RabbitB3f died of hunger
Rabbit C3 is Thirsty
Rabbit C3 drank water
Rabbit C3f is running away from: LionC1
Rabbit C3f is running away from: WolfA4
Rabbit C3 f is ready to mate
Rabbit C5 is Thirsty
Rabbit C5 drank water
Rabbit C5m is running away from: LionC1
Rabbit C5m is running away from: WolfA4
Rabbit C5 m is ready to mate
Rabbit C5 m is approaching partner: Rabbit C3f
Rabbit C5m is running away from: LionC1
Rabbit C5m is running away from: WolfA4
Rabbit C5 is Hungry
Rabbit C5 m is ready to mate
Rabbit C5 m is approaching partner: Rabbit C3f
Rabbit C5m is running away from: LionC1
Rabbit C5m is running away from: WolfA4
Rabbit C5 is Hungry
Rabbit C5 m is ready to mate
Rabbit C5 m is approaching partner: Rabbit C3f
Rabbit C4m is running away from: LionC1
Rabbit C4m is running away from: WolfA4
Rabbit C4 is Hungry
Rabbit C4 m is ready to mate
Rabbit C4 m is approaching partner: Rabbit C3f
Rabbit C5f is running away from: LionC1
Rabbit C5f is running away from: WolfA4
Rabbit C5 is Hungry
Rabbit C5f ate
Rabbit C5 f is ready to mate
Lion C1 is Thirsty
Lion C1 drank water
Lion C1 f is ready to mate
Wolf A4m is running away from: LionC1
Wolf A4 is Hungry
Wolf A4m is chasing: C5m
Rabbit B3 is Thirsty
Rabbit B3 drank water
Rabbit B3m is running away from: LionC1
Rabbit B3m is running away from: WolfA4
Rabbit B3 is Hungry
Rabbit B3m ate
Rabbit B3 m is ready to mate
Rabbit B3 m is approaching partner: Rabbit C5f
Rabbit B2 is Thirsty
Rabbit B2 drank water
Rabbit B2m is running away from: LionC1
Rabbit B2m is running away from: WolfA4
Rabbit B2 m is ready to mate
Rabbit B2 m is approaching partner: Rabbit C5f
Rabbit C3 is Thirsty
Rabbit C3 drank water
Rabbit C3f is running away from: LionC1
Rabbit C3f is running away from: WolfA4
Rabbit C3 is Hungry
Rabbit C3f ate
Rabbit C3 f is ready to mate
Rabbit C5 is Thirsty
Rabbit C5 drank water
Rabbit C5m is running away from: LionC1
Rabbit C5m is running away from: WolfA4
Rabbit C5 is Hungry
Rabbit C5m ate
Rabbit C5 m is ready to mate
Rabbit C5 m is approaching partner: Rabbit C5f
Rabbit C5m is running away from: LionC1
Rabbit C5m is running away from: WolfA4
Rabbit C5 is Hungry
RabbitC5m died of hunger
Rabbit C5 m is ready to mate
Rabbit C5 m is approaching partner: Rabbit C5f
Rabbit C5m is running away from: LionC1
Rabbit C5m is running away from: WolfA4
Rabbit C5 is Hungry
RabbitC5m died of hunger
Rabbit C5 m is ready to mate
Rabbit C5 m is approaching partner: Rabbit C5f
Rabbit C4m is running away from: LionC1
Rabbit C4m is running away from: WolfA4
Rabbit C4 is Hungry
Rabbit C4 m is ready to mate
Rabbit C4 m is approaching partner: Rabbit C5f
Rabbit C5f is running away from: LionC1
Rabbit C5f is running away from: WolfA4
Rabbit C5 f is ready to mate
Lion C1 is Thirsty
Lion C1 drank water
Lion C1 f is ready to mate
Wolf A4m is running away from: LionC1
Wolf A4 is Hungry
Wolf A4m is chasing: C5m
Rabbit B3 is Thirsty
Rabbit B3 drank water
Rabbit B3m is running away from: LionC1
Rabbit B3m is running away from: WolfA4
Rabbit B3 m is ready to mate
Rabbit B3 m is approaching partner: Rabbit C5f
Rabbit B2 is Thirsty
Rabbit B2 drank water
Rabbit B2m is running away from: LionC1
Rabbit B2m is running away from: WolfA4
Rabbit B2 m is ready to mate
Rabbit B2 m is approaching partner: Rabbit C5f
Rabbit C3 is Thirsty
Rabbit C3 drank water
Rabbit C3f is running away from: LionC1
Rabbit C3f is running away from: WolfA4
Rabbit C3 f is ready to mate
Rabbit C5 is Thirsty
Rabbit C5 drank water
Rabbit C5m is running away from: LionC1
Rabbit C5m is running away from: WolfA4
Rabbit C5 m is ready to mate
Rabbit C5 m is approaching partner: Rabbit C5f
Rabbit C4m is running away from: LionC1
Rabbit C4m is running away from: WolfA4
Rabbit C4 is Hungry
RabbitC4m died of hunger
Rabbit C4 m is ready to mate
Rabbit C4 m is approaching partner: Rabbit C5f
Rabbit C5f is running away from: LionC1
Rabbit C5f is running away from: WolfA4
Rabbit C5 f is ready to mate
Lion C1 is Thirsty
Lion C1 drank water
Lion C1 is Hungry
LionC1fis chasing: B3m
Lion C1 f is ready to mate
Wolf A4m is running away from: LionC1
Wolf A4 is Hungry
Wolf A4m is chasing: C5m
Rabbit B3 is Thirsty
Rabbit B3 drank water
Rabbit B3m is running away from: LionC1
Rabbit B3m is running away from: WolfA4
Rabbit B3 m is ready to mate
Rabbit B3 m is approaching partner: Rabbit C5f
Rabbit B2 is Thirsty
Rabbit B2 drank water
Rabbit B2m is running away from: LionC1
Rabbit B2m is running away from: WolfA4
Rabbit B2 is Hungry
Rabbit B2m ate
Rabbit B2 m is ready to mate
Rabbit B2 m is approaching partner: Rabbit C5f
Rabbit C3 is Thirsty
Rabbit C3 drank water
Rabbit C3f is running away from: LionC1
Rabbit C3f is running away from: WolfA4
Rabbit C3 f is ready to mate
Rabbit C5 is Thirsty
Rabbit C5 drank water
Rabbit C5m is running away from: LionC1
Rabbit C5m is running away from: WolfA4
Rabbit C5 m is ready to mate
Rabbit C5 m is approaching partner: Rabbit C5f
Rabbit C5f is running away from: LionC1
Rabbit C5f is running away from: WolfA4
Rabbit C5 is Hungry
Rabbit C5 f is ready to mate
Lion C1 is Thirsty
Lion C1 drank water
Lion C1 is Hungry
LionC1fis chasing: B3m
Lion C1 f is ready to mate
Wolf A4m is running away from: LionC1
Wolf A4 is Hungry
WolfA4m died of hunger
Wolf A4m is chasing: C5m
Rabbit B3 is Thirsty
Rabbit B3 drank water
Rabbit B3m is running away from: LionC1
Rabbit B3 is Hungry
Rabbit B3m ate
Rabbit B3 m is ready to mate
Rabbit B3 m is approaching partner: Rabbit C5f
Rabbit B2 is Thirsty
Rabbit B2 drank water
Rabbit B2m is running away from: LionC1
Rabbit B2 m is ready to mate
Rabbit B2 m is approaching partner: Rabbit C5f
Rabbit C3 is Thirsty
Rabbit C3 drank water
Rabbit C3f is running away from: LionC1
Rabbit C3 is Hungry
Rabbit C3f ate
Rabbit C3 f is ready to mate
Rabbit C5 is Thirsty
Rabbit C5 drank water
Rabbit C5m is running away from: LionC1
Rabbit C5 is Hungry
Rabbit C5m ate
Rabbit C5 m is ready to mate
Rabbit C5 m is approaching partner: Rabbit C5f
Rabbit C5f is running away from: LionC1
Rabbit C5 is Hungry
Rabbit C5 f is ready to mate
Lion C1 is Thirsty
Lion C1 drank water
Lion C1 is Hungry
LionC1fis chasing: B2m
Lion C1 f is ready to mate
Rabbit B3 is Thirsty
Rabbit B3 drank water
Rabbit B3m is running away from: LionC1
Rabbit B3 m is ready to mate
Rabbit B3 m is approaching partner: Rabbit C5f
Rabbit B2 is Thirsty
Rabbit B2 drank water
Rabbit B2m is running away from: LionC1
Rabbit B2 m is ready to mate
Rabbit B2 m is approaching partner: Rabbit C5f
Rabbit C3 is Thirsty
Rabbit C3 drank water
Rabbit C3f is running away from: LionC1
Rabbit C3 f is ready to mate
Rabbit C5 is Thirsty
Rabbit C5 drank water
Rabbit C5m is running away from: LionC1
Rabbit C5 m is ready to mate
Rabbit C5 m is approaching partner: Rabbit C5f
Rabbit C5f is running away from: LionC1
Rabbit C5 is Hungry
RabbitC5f died of hunger
Rabbit C5f ate
Rabbit C5 f is ready to mate
Lion C1 is Thirsty
Lion C1 drank water
Lion C1 is Hungry
LionC1fis chasing: B2m
Lion C1 f is ready to mate
Rabbit B3 is Thirsty
Rabbit B3 drank water
Rabbit B3m is running away from: LionC1
Rabbit B3 m is ready to mate
Rabbit B3 m is approaching partner: Rabbit C3f
Rabbit B2 is Thirsty
Rabbit B2 drank water
Rabbit B2m is running away from: LionC1
Rabbit B2 is Hungry
Rabbit B2m ate
Rabbit B2 m is ready to mate
Rabbit B2 m is approaching partner: Rabbit C3f
Rabbit C3 is Thirsty
Rabbit C3 drank water
Rabbit C3f is running away from: LionC1
Rabbit C3 f is ready to mate
Rabbit C5 is Thirsty
Rabbit C5 drank water
Rabbit C5m is running away from: LionC1
Rabbit C5 m is ready to mate
Rabbit C5 m is approaching partner: Rabbit C3f
Lion C1 is Thirsty
Lion C1 drank water
Lion C1 is Hungry
LionC1fis chasing: B2m
Lion C1 f is ready to mate
Rabbit B3 is Thirsty
Rabbit B3 drank water
Rabbit B3m is running away from: LionC1
Rabbit B3 is Hungry
Rabbit B3m ate
Rabbit B3 m is ready to mate
Rabbit B3 m is approaching partner: Rabbit C3f
Rabbit B2 is Thirsty
Rabbit B2 drank water
Rabbit B2m is running away from: LionC1
Rabbit B2 m is ready to mate
Rabbit B2 m is approaching partner: Rabbit C3f
Rabbit C3 is Thirsty
Rabbit C3 drank water
Rabbit C3f is running away from: LionC1
Rabbit C3 is Hungry
Rabbit C3 f is ready to mate
Rabbit C5 is Thirsty
Rabbit C5 drank water
Rabbit C5m is running away from: LionC1
Rabbit C5 is Hungry
Rabbit C5m ate
Rabbit C5 m is ready to mate
Rabbit C5 m is approaching partner: Rabbit C3f
Lion C1 is Thirsty
Lion C1 drank water
Lion C1 is Hungry
LionC1f died of hunger
LionC1fis chasing: B2m
Lion C1 f is ready to mate
Rabbit B3 is Thirsty
Rabbit B3 drank water
Rabbit B3 m is ready to mate
Rabbit B3 m is approaching partner: Rabbit C3f
Rabbit B2 is Thirsty
Rabbit B2 drank water
Rabbit B2 m is ready to mate
Rabbit B2 m is approaching partner: Rabbit C3f
Rabbit C3 is Thirsty
Rabbit C3 drank water
Rabbit C3 is Hungry
Rabbit C3f ate
Rabbit C3 f is ready to mate
Rabbit C5 is Thirsty
Rabbit C5 drank water
Rabbit C5 m is ready to mate
Rabbit C5 m is approaching partner: Rabbit C3f
Rabbit B3 is Thirsty
Rabbit B3 drank water
Rabbit B3 m is ready to mate
Rabbit B3 m is approaching partner: Rabbit C3f
Rabbit B2 is Thirsty
Rabbit B2 drank water
Rabbit B2 is Hungry
Rabbit B2m ate
Rabbit B2 m is ready to mate
Rabbit B2 m is approaching partner: Rabbit C3f
Rabbit C3 is Thirsty
Rabbit C3 drank water
Rabbit C3 f is ready to mate
Rabbit C5 is Thirsty
Rabbit C5 drank water
Rabbit C5 m is ready to mate
Rabbit C5 m is approaching partner: Rabbit C3f
Rabbit B3 is Thirsty
Rabbit B3 drank water
Rabbit B3 is Hungry
Rabbit B3m ate
Rabbit B3 m is ready to mate
Rabbit B3 m is approaching partner: Rabbit C3f
Rabbit B2 is Thirsty
Rabbit B2 drank water
Rabbit B2 m is ready to mate
Rabbit B2 m is approaching partner: Rabbit C3f
Rabbit C3 is Thirsty
Rabbit C3 drank water
Rabbit C3 f is ready to mate
Rabbit C5 is Thirsty
Rabbit C5 drank water
Rabbit C5 is Hungry
Rabbit C5 m is ready to mate
Rabbit C5 m is approaching partner: Rabbit C3f
Rabbit B3 is Thirsty
Rabbit B3 drank water
Rabbit B3 m is ready to mate
Rabbit B3 m is approaching partner: Rabbit C3f
Rabbit B2 is Thirsty
Rabbit B2 drank water
Rabbit B2 m is ready to mate
Rabbit B2 m is approaching partner: Rabbit C3f
Rabbit C3 is Thirsty
Rabbit C3 drank water
Rabbit C3 is Hungry
Rabbit C3f ate
Rabbit C3 f is ready to mate
Rabbit C5 is Thirsty
Rabbit C5 drank water
Rabbit C5 is Hungry
Rabbit C5 m is ready to mate
Rabbit C5 m is approaching partner: Rabbit C3f
Rabbit B3 is Thirsty
Rabbit B3 drank water
Rabbit B3 m is ready to mate
Rabbit B3 m is approaching partner: Rabbit C3f
Rabbit B2 is Hungry
Rabbit B2 m is ready to mate
Rabbit B2 m is approaching partner: Rabbit C3f
Rabbit C3 is Thirsty
Rabbit C3 drank water
Rabbit C3 f is ready to mate
Rabbit C5 is Thirsty
Rabbit C5 drank water
Rabbit C5 is Hungry
RabbitC5m died of hunger
Rabbit C5 m is ready to mate
Rabbit C5 m is approaching partner: Rabbit C3f
Rabbit B3 is Thirsty
Rabbit B3 drank water
Rabbit B3 is Hungry
Rabbit B3m ate
Rabbit B3 m is ready to mate
Rabbit B3 m is approaching partner: Rabbit C3f
Rabbit B2 is Hungry
Rabbit B2m ate
Rabbit B2 m is ready to mate
Rabbit B2 m is approaching partner: Rabbit C3f
Rabbit C3 is Thirsty
Rabbit C3 drank water
Rabbit C3 f is ready to mate
Rabbit B3 is Thirsty
Rabbit B3 drank water
Rabbit B3 m is ready to mate
Rabbit B3 m is approaching partner: Rabbit C3f
Rabbit B2 m is ready to mate
Rabbit B2 m is approaching partner: Rabbit C3f
Rabbit C3 is Hungry
Rabbit C3f ate
Rabbit C3 f is ready to mate
Rabbit B3 is Thirsty
Rabbit B3 drank water
Rabbit B3 m is ready to mate
Rabbit B3 m is approaching partner: Rabbit C3f
Rabbit B2 m is ready to mate
Rabbit B2 m is approaching partner: Rabbit C3f
Rabbit C3 f is ready to mate
Rabbit B3 is Thirsty
Rabbit B3 drank water
Rabbit B3 is Hungry
Rabbit B3m ate
Rabbit B3 m is ready to mate
Rabbit B3 m is approaching partner: Rabbit C3f
Rabbit B2 is Hungry
Rabbit B2m ate
Rabbit B2 m is ready to mate
Rabbit B2 m is approaching partner: Rabbit C3f
Rabbit C3 f is ready to mate
Rabbit B3 is Thirsty
Rabbit B3 drank water
Rabbit B3 m is ready to mate
Rabbit B3 m is approaching partner: Rabbit C3f
Rabbit B2 m is ready to mate
Rabbit B2 m is approaching partner: Rabbit C3f
Rabbit C3 is Hungry
Rabbit C3f ate
Rabbit C3 f is ready to mate
Rabbit B3 is Thirsty
Rabbit B3 drank water
Rabbit B3 m is ready to mate
Rabbit B3 m is approaching partner: Rabbit C3f
Rabbit B2 m is ready to mate
Rabbit B2 m is approaching partner: Rabbit C3f
Rabbit C3 f is ready to mate
Rabbit B3 is Thirsty
Rabbit B3 drank water
Rabbit B3 is Hungry
Rabbit B3m ate
Rabbit B3 m is ready to mate
Rabbit B3 m is approaching partner: Rabbit C3f
Rabbit B2 is Hungry
Rabbit B2 m is ready to mate
Rabbit B2 m is approaching partner: Rabbit C3f
Rabbit C3 f is ready to mate
Rabbit B3 is Thirsty
Rabbit B3 drank water
Rabbit B3 m is ready to mate
Rabbit B3 m is approaching partner: Rabbit C3f
Rabbit B2 is Hungry
Rabbit B2m ate
Rabbit B2 m is ready to mate
Rabbit B2 m is approaching partner: Rabbit C3f
Rabbit C3 is Hungry
Rabbit C3f ate
Rabbit C3 f is ready to mate
Rabbit B3 is Thirsty
Rabbit B3 drank water
Rabbit B3 m is ready to mate
Rabbit B3 m is approaching partner: Rabbit C3f
Rabbit B2 is Thirsty
Rabbit B2 drank water
Rabbit B2 m is ready to mate
Rabbit B2 m is approaching partner: Rabbit C3f
Rabbit C3 f is ready to mate
Rabbit B3 is Thirsty
Rabbit B3 drank water
Rabbit B3 is Hungry
Rabbit B3 m is ready to mate
Rabbit B3 m is approaching partner: Rabbit C3f
Rabbit B2 is Thirsty
Rabbit B2 drank water
Rabbit B2 m is ready to mate
Rabbit B2 m is approaching partner: Rabbit C3f
Rabbit C3 f is ready to mate
Rabbit B3 is Thirsty
Rabbit B3 drank water
Rabbit B3 is Hungry
Rabbit B3 m is ready to mate
Rabbit B3 m is approaching partner: Rabbit C3f
Rabbit B2 is Thirsty
Rabbit B2 drank water
Rabbit B2 is Hungry
Rabbit B2m ate
Rabbit B2 m is ready to mate
Rabbit B2 m is approaching partner: Rabbit C3f
Rabbit C3 is Thirsty
Rabbit C3 drank water
Rabbit C3 is Hungry
Rabbit C3 f is ready to mate
Rabbit B3 is Thirsty
Rabbit B3 drank water
Rabbit B3 is Hungry
RabbitB3m died of hunger
Rabbit B3 m is ready to mate
Rabbit B3 m is approaching partner: Rabbit C3f
Rabbit B2 is Thirsty
Rabbit B2 drank water
Rabbit B2 m is ready to mate
Rabbit B2 m is approaching partner: Rabbit C3f
Rabbit C3 is Thirsty
Rabbit C3 drank water
Rabbit C3 is Hungry
Rabbit C3 f is ready to mate
Rabbit B2 is Thirsty
Rabbit B2 drank water
Rabbit B2 m is ready to mate
Rabbit B2 m is approaching partner: Rabbit C3f
Rabbit C3 is Thirsty
Rabbit C3 drank water
Rabbit C3 is Hungry
RabbitC3f died of hunger
Rabbit C3 f is ready to mate
Rabbit B2 is Thirsty
Rabbit B2 drank water
Rabbit B2 is Hungry
Rabbit B2 m is ready to mate
Not enough female Rabbits or Female Rabbit partners are not ready yet!
Rabbit B2 is Thirsty
Rabbit B2 drank water
Rabbit B2 is Hungry
Rabbit B2 m is ready to mate
Not enough female Rabbits or Female Rabbit partners are not ready yet!
Rabbit B2 is Thirsty
Rabbit B2 drank water
Rabbit B2 is Hungry
RabbitB2m died of hunger
Rabbit B2m ate
Rabbit B2 m is ready to mate
Not enough female Rabbits or Female Rabbit partners are not ready yet!
