Wolf A4m is running away from: LionC3
Wolf B4f is running away from: LionA3
Wolf B3m is running away from: LionA3
Wolf C0f is running away from: LionC4
Wolf B1m is running away from: LionA3
Wolf C2f is running away from: LionA3
Wolf C2f is running away from: LionC0
Wolf C4f is running away from: LionC0
Rabbit A3m is running away from: LionA3
Rabbit A3m is running away from: WolfC2
Rabbit A3 m is ready to mate
Not enough female Rabbits or Female Rabbit partners are not ready yet!
Rabbit A4m is running away from: LionC3
Rabbit A4m is running away from: WolfA4
Rabbit A4 m is ready to mate
Not enough female Rabbits or Female Rabbit partners are not ready yet!
Rabbit C4m is running away from: LionA3
Rabbit C4m is running away from: WolfB4
Rabbit C4 m is ready to mate
Not enough female Rabbits or Female Rabbit partners are not ready yet!
Rabbit A2f is running away from: LionA3
Rabbit A2f is running away from: WolfB3
Rabbit A2 f is ready to mate
Rabbit B3f is running away from: LionA3
Rabbit B3f is running away from: WolfC4
Rabbit B3 f is ready to mate
Rabbit B4m is running away from: LionC4
Rabbit B4m is running away from: WolfC4
Rabbit B4 m is ready to mate
Rabbit B4 m is approaching partner: Rabbit B3f
Rabbit A0f is running away from: LionC0
Rabbit A0f is running away from: WolfC0
Rabbit A0 f is ready to mate
Rabbit C2f is running away from: LionA3
Rabbit C2f is running away from: WolfB1
Rabbit C2 f is ready to mate
Rabbit B2m is running away from: LionA3
Rabbit B2m is running away from: WolfB3
Rabbit B2 m is ready to mate
Rabbit B2 m is approaching partner: Rabbit A2f
Rabbit B5m is running away from: LionA3
Rabbit B5m is running away from: WolfC2
Rabbit B5 m is ready to mate
Rabbit B5 m is approaching partner: Rabbit A0f
Rabbit C4f is running away from: LionC3
Rabbit C4f is running away from: WolfA4
Rabbit C4 f is ready to mate
Rabbit C1f is running away from: LionC4
Rabbit C1f is running away from: WolfC2
Rabbit C1 f is ready to mate
Rabbit C4f is running away from: LionA3
Rabbit C4f is running away from: WolfB3
Rabbit C4 f is ready to mate
Rabbit A4m is running away from: LionA3
Rabbit A4m is running away from: WolfB1
Rabbit A4 m is ready to mate
Rabbit A4 m is approaching partner: Rabbit C2f
Rabbit B1f is running away from: LionC0
Rabbit B1f is running away from: WolfC0
Rabbit B1 f is ready to mate
Rabbit B1f is running away from: LionA3
Rabbit B1f is running away from: WolfB3
Rabbit B1 f is ready to mate
Rabbit C4m is running away from: LionA3
Rabbit C4m is running away from: WolfB3
Rabbit C4 m is ready to mate
Rabbit C4 m is approaching partner: Rabbit C4f
Rabbit B4m is running away from: LionA3
Rabbit B4m is running away from: WolfC2
Rabbit B4 m is ready to mate
Rabbit B4 m is approaching partner: Rabbit C1f
Rabbit B1m is running away from: LionA3
Rabbit B1m is running away from: WolfB4
Rabbit B1 m is ready to mate
Rabbit B1 m is approaching partner: Rabbit C1f
Rabbit A2m is running away from: LionA3
Rabbit A2m is running away from: WolfB3
Rabbit A2 m is ready to mate
Rabbit A2 m is approaching partner: Rabbit B1f
Wolf A4m is running away from: LionC3
Wolf A4 is Hungry
Wolf A4m is chasing: C4f
Wolf A4m ate!
Wolf B4f is running away from: LionC4
Wolf B4 is Hungry
Wolf B4f is chasing: C4m
Wolf B4f ate!
Wolf B3m is running away from: LionA3
Wolf B3 is Hungry
Wolf B3m is chasing: C4m
Wolf B3m ate!
Wolf C0f is running away from: LionC0
Wolf C0 is Hungry
Wolf C0f is chasing: A0f
Wolf B1m is running away from: LionA3
Wolf B1 is Hungry
Wolf B1m is chasing: A3m
Wolf C2f is running away from: LionA3
Wolf C2 is Hungry
Wolf C2f is chasing: B5m
Wolf C2f is running away from: LionC0
Wolf C2 is Hungry
Wolf C2f is chasing: A3m
Wolf C4f is running away from: LionC0
Wolf C4 is Hungry
Wolf C4f is chasing: B4m
Rabbit A3m is running away from: LionA3
Rabbit A3m is running away from: WolfC2
Rabbit A3 is Hungry
Rabbit A3m ate
Rabbit A3 m is ready to mate
Rabbit A3 m is approaching partner: Rabbit B1f
Rabbit A4m is running away from: LionC3
Rabbit A4m is running away from: WolfA4
Rabbit A4 is Hungry
Rabbit A4m ate
Rabbit A4 m is ready to mate
Rabbit A4 m is approaching partner: Rabbit B1f
Rabbit A2f is running away from: LionA3
Rabbit A2f is running away from: WolfB3
Rabbit A2 is Hungry
Rabbit A2f ate
Rabbit A2 f is ready to mate
Rabbit B3f is running away from: LionA3
Rabbit B3f is running away from: WolfC4
Rabbit B3 is Hungry
Rabbit B3f ate
Rabbit B3 f is ready to mate
Rabbit B4m is running away from: LionC0
Rabbit B4m is running away from: WolfC4
Rabbit B4 is Hungry
Rabbit B4m ate
Rabbit B4 m is ready to mate
Rabbit B4 m is approaching partner: Rabbit B3f
Rabbit A0f is running away from: LionC0
Rabbit A0f is running away from: WolfC0
Rabbit A0 is Hungry
Rabbit A0f ate
Rabbit A0 f is ready to mate
Rabbit C2f is running away from: LionA3
Rabbit C2f is running away from: WolfB1
Rabbit C2 is Hungry
Rabbit C2f ate
Rabbit C2 f is ready to mate
Rabbit B2m is running away from: LionA3
Rabbit B2m is running away from: WolfB3
Rabbit B2 is Hungry
Rabbit B2m ate
Rabbit B2 m is ready to mate
Rabbit B2 m is approaching partner: Rabbit C4f
Rabbit B5m is running away from: LionA3
Rabbit B5m is running away from: WolfC2
Rabbit B5 is Hungry
Rabbit B5m ate
Rabbit B5 m is ready to mate
Rabbit B5 m is approaching partner: Rabbit C1f
Rabbit C1f is running away from: LionC4
Rabbit C1f is running away from: WolfC2
Rabbit C1 is Hungry
Rabbit C1f ate
Rabbit C1 f is ready to mate
Rabbit C4f is running away from: LionA3
Rabbit C4f is running away from: WolfB3
Rabbit C4 is Hungry
Rabbit C4f ate
Rabbit C4 f is ready to mate
Rabbit A4m is running away from: LionA3
Rabbit A4m is running away from: WolfB1
Rabbit A4 is Hungry
Rabbit A4 m is ready to mate
Rabbit A4 m is approaching partner: Rabbit C2f
Rabbit B1f is running away from: LionC3
Rabbit B1f is running away from: WolfA4
Rabbit B1 is Hungry
Rabbit B1f ate
Rabbit B1 f is ready to mate
Rabbit B1f is running away from: LionA3
Rabbit B1f is running away from: WolfB3
Rabbit B1 is Hungry
Rabbit B1 f is ready to mate
Rabbit B4m is running away from: LionA3
Rabbit B4m is running away from: WolfC2
Rabbit B4 is Hungry
Rabbit B4m ate
Rabbit B4 m is ready to mate
Rabbit B4 m is approaching partner: Rabbit C1f
Rabbit B1m is running away from: LionA3
Rabbit B1m is running away from: WolfB4
Rabbit B1 is Hungry
Rabbit B1m ate
Rabbit B1 m is ready to mate
Rabbit B1 m is approaching partner: Rabbit C1f
Rabbit A2m is running away from: LionA3
Rabbit A2m is running away from: WolfB3
Rabbit A2 is Hungry
Rabbit A2m ate
Rabbit A2 m is ready to mate
Rabbit A2 m is approaching partner: Rabbit B1f
Rabbit A3 m was born!Father is A2 and Mother is B1
Lion C3f ate: B1f
Wolf A4m is running away from: LionC3
Wolf B4f is running away from: LionA3
Wolf B3m is running away from: LionA3
Wolf C0f is running away from: LionC0
Wolf C0f ate!
Wolf B1m is running away from: LionA3
Wolf B1 is Hungry
Wolf B1m is chasing: A3m
Wolf C2f is running away from: LionA3
Wolf C2 is Hungry
Wolf C2f is chasing: B5m
Wolf C2f is running away from: LionC0
Wolf C2 is Hungry
Wolf C2f is chasing: A3m
Wolf C4f is running away from: LionC0
Wolf C4 is Hungry
Wolf C4f is chasing: B3f
Rabbit A3m is running away from: LionC3
Rabbit A3m is running away from: WolfB1
Rabbit A3 m is ready to mate
Rabbit A3 m is approaching partner: Rabbit A2f
Rabbit A4m is running away from: LionC3
Rabbit A4m is running away from: WolfA4
Rabbit A4 m is ready to mate
Rabbit A4 m is approaching partner: Rabbit A2f
Rabbit A2f is running away from: LionA3
Rabbit A2f is running away from: WolfB3
Rabbit A2 f is ready to mate
Rabbit B3f is running away from: LionA3
Rabbit B3f is running away from: WolfC4
Rabbit B3 f is ready to mate
Rabbit B4m is running away from: LionC0
Rabbit B4m is running away from: WolfC0
Rabbit B4 m is ready to mate
Rabbit B4 m is approaching partner: Rabbit B3f
Rabbit C2f is running away from: LionA3
Rabbit C2f is running away from: WolfB1
Rabbit C2 f is ready to mate
Rabbit B2m is running away from: LionA3
Rabbit B2m is running away from: WolfB3
Rabbit B2 m is ready to mate
Rabbit B2 m is approaching partner: Rabbit A2f
Rabbit B5m is running away from: LionA3
Rabbit B5m is running away from: WolfC2
Rabbit B5 m is ready to mate
Rabbit B5 m is approaching partner: Rabbit C1f
Rabbit C1f is running away from: LionC4
Rabbit C1f is running away from: WolfC2
Rabbit C1 f is ready to mate
Rabbit C4f is running away from: LionA3
Rabbit C4f is running away from: WolfB3
Rabbit C4 f is ready to mate
Rabbit A4m is running away from: LionA3
Rabbit A4m is running away from: WolfB1
Rabbit A4 is Hungry
Rabbit A4 m is ready to mate
Rabbit A4 m is approaching partner: Rabbit C2f
Rabbit B1f is running away from: LionA3
Rabbit B1f is running away from: WolfB3
Rabbit B1 is Hungry
Rabbit B4m is running away from: LionA3
Rabbit B4m is running away from: WolfC2
Rabbit B4 m is ready to mate
Rabbit B4 m is approaching partner: Rabbit C1f
Rabbit B1m is running away from: LionA3
Rabbit B1m is running away from: WolfB4
Rabbit B1 m is ready to mate
Rabbit B1 m is approaching partner: Rabbit C1f
Rabbit A2m is running away from: LionA3
Rabbit A2m is running away from: WolfB3
Rabbit A2 m is ready to mate
Rabbit A2 m is approaching partner: Rabbit C4f
Rabbit A1 m was born!Father is A2 and Mother is C4
Rabbit A3m is running away from: LionA3
Rabbit A3m is running away from: WolfB3
Wolf A4m is running away from: LionC3
Wolf A4 is Hungry
Wolf A4m is chasing: A4m
Wolf B4f is running away from: LionA3
Wolf B4 is Hungry
Wolf B4f is chasing: B1m
Wolf B3m is running away from: LionA3
Wolf B3 is Hungry
Wolf B3m is chasing: A2m
Wolf C0f is running away from: LionC0
Wolf B1m is running away from: LionA3
Wolf B1 is Hungry
Wolf B1m is chasing: A3m
Wolf C2f is running away from: LionA3
Wolf C2 is Hungry
Wolf C2f is chasing: B5m
Wolf C2f is running away from: LionC0
Wolf C2 is Hungry
Wolf C2f is chasing: A3m
Wolf C4f is running away from: LionA3
Wolf C4 is Hungry
Wolf C4f is chasing: B3f
Wolf C4f ate!
Rabbit A3m is running away from: LionC0
Rabbit A3m is running away from: WolfB1
Rabbit A3 is Hungry
Rabbit A3m ate
Rabbit A3 m is ready to mate
Rabbit A3 m is approaching partner: Rabbit A2f
Rabbit A4m is running away from: LionC0
Rabbit A4m is running away from: WolfB1
Rabbit A4 is Hungry
Rabbit A4 m is ready to mate
Rabbit A4 m is approaching partner: Rabbit A2f
Rabbit A2f is running away from: LionA3
Rabbit A2f is running away from: WolfB3
Rabbit A2 is Hungry
Rabbit A2 f is ready to mate
Rabbit B4m is running away from: LionC0
Rabbit B4m is running away from: WolfC0
Rabbit B4 is Hungry
Rabbit B4m ate
Rabbit B4 m is ready to mate
Rabbit B4 m is approaching partner: Rabbit C1f
Rabbit C2f is running away from: LionA3
Rabbit C2f is running away from: WolfC2
Rabbit C2 is Hungry
Rabbit C2 f is ready to mate
Rabbit B2m is running away from: LionA3
Rabbit B2m is running away from: WolfB3
Rabbit B2 is Hungry
Rabbit B2m ate
Rabbit B2 m is ready to mate
Rabbit B2 m is approaching partner: Rabbit A2f
Rabbit B5m is running away from: LionA3
Rabbit B5m is running away from: WolfC2
Rabbit B5 is Hungry
Rabbit B5 m is ready to mate
Rabbit B5 m is approaching partner: Rabbit C1f
Rabbit C1f is running away from: LionC4
Rabbit C1f is running away from: WolfC2
Rabbit C1 is Hungry
Rabbit C1 f is ready to mate
Rabbit C4f is running away from: LionA3
Rabbit C4f is running away from: WolfB3
Rabbit C4 is Hungry
Rabbit A4m is running away from: LionA3
Rabbit A4m is running away from: WolfC2
Rabbit A4 is Hungry
Rabbit A4 m is ready to mate
Rabbit A4 m is approaching partner: Rabbit C2f
Rabbit B1f is running away from: LionA3
Rabbit B1f is running away from: WolfB3
Rabbit B1 is Hungry
Rabbit B4m is running away from: LionA3
Rabbit B4m is running away from: WolfC2
Rabbit B4 is Hungry
Rabbit B4m ate
Rabbit B4 m is ready to mate
Rabbit B4 m is approaching partner: Rabbit C1f
Rabbit B1m is running away from: LionA3
Rabbit B1m is running away from: WolfB4
Rabbit B1 is Hungry
Rabbit B1m ate
Rabbit B1 m is ready to mate
Rabbit B1 m is approaching partner: Rabbit C1f
Rabbit A2m is running away from: LionA3
Rabbit A2m is running away from: WolfB3
Rabbit A2 is Hungry
Rabbit A2m ate
Rabbit A2 m is ready to mate
Rabbit A2 m is approaching partner: Rabbit A2f
Rabbit A3m is running away from: LionA3
Rabbit A3m is running away from: WolfB3
Rabbit A3 is Hungry
Rabbit A1m is running away from: LionA3
Rabbit A1m is running away from: WolfB3
Wolf A4m is running away from: LionC3
Wolf A4 is Hungry
Wolf A4m is chasing: A3m
Wolf A4 m is ready to mate
Wolf B4f is running away from: LionA3
Wolf B4 is Hungry
Wolf B4f is chasing: B1m
Wolf B4 f is ready to mate
Wolf B3m is running away from: LionA3
Wolf B3 is Hungry
Wolf B3m is chasing: A2f
Wolf B3 m is ready to mate
Wolf C0f is running away from: LionC0
Wolf C0 is Hungry
Wolf C0f is chasing: B4m
Wolf C0 f is ready to mate
Wolf B1m is running away from: LionA3
Wolf B1 is Hungry
Wolf B1m is chasing: A3m
Wolf B1 m is ready to mate
Wolf C2f is running away from: LionA3
Wolf C2 is Hungry
Wolf C2f is chasing: B5m
Wolf C2 f is ready to mate
Wolf C2f is running away from: LionA3
Wolf C2 is Hungry
Wolf C2f is chasing: A3m
Wolf C2 f is ready to mate
Wolf C4f is running away from: LionA3
Wolf C4 f is ready to mate
Rabbit A3m is running away from: LionA3
Rabbit A3m is running away from: WolfA4
Rabbit A3 m is ready to mate
Rabbit A3 m is approaching partner: Rabbit A2f
Rabbit A4m is running away from: LionA3
Rabbit A4m is running away from: WolfA4
Rabbit A4 is Hungry
Rabbit A4m ate
Rabbit A4 m is ready to mate
Rabbit A4 m is approaching partner: Rabbit A2f
Rabbit A2f is running away from: LionA3
Rabbit A2f is running away from: WolfB3
Rabbit A2 is Hungry
Rabbit A2 f is ready to mate
Rabbit B4m is running away from: LionC0
Rabbit B4m is running away from: WolfC0
Rabbit B4 m is ready to mate
Rabbit B4 m is approaching partner: Rabbit C1f
Rabbit C2f is running away from: LionA3
Rabbit C2f is running away from: WolfB3
Rabbit C2 is Hungry
Rabbit C2 f is ready to mate
Rabbit B2m is running away from: LionA3
Rabbit B2m is running away from: WolfB3
Rabbit B2 m is ready to mate
Rabbit B2 m is approaching partner: Rabbit A2f
Rabbit B5m is running away from: LionA3
Rabbit B5m is running away from: WolfC2
Rabbit B5 is Hungry
Rabbit B5m ate
Rabbit B5 m is ready to mate
Rabbit B5 m is approaching partner: Rabbit C1f
Rabbit C1f is running away from: LionC4
Rabbit C1f is running away from: WolfC2
Rabbit C1 is Hungry
Rabbit C1f ate
Rabbit C1 f is ready to mate
Rabbit C4f is running away from: LionA3
Rabbit C4f is running away from: WolfB3
Rabbit C4 is Hungry
Rabbit A4m is running away from: LionA3
Rabbit A4m is running away from: WolfB3
Rabbit A4 is Hungry
Rabbit A4 m is ready to mate
Rabbit A4 m is approaching partner: Rabbit C2f
Rabbit B1f is running away from: LionA3
Rabbit B1f is running away from: WolfB3
Rabbit B1 is Hungry
Rabbit B4m is running away from: LionA3
Rabbit B4m is running away from: WolfC2
Rabbit B4 m is ready to mate
Rabbit B4 m is approaching partner: Rabbit C1f
Rabbit B1m is running away from: LionA3
Rabbit B1m is running away from: WolfC2
Rabbit B1 m is ready to mate
Rabbit B1 m is approaching partner: Rabbit C1f
Rabbit A2m is running away from: LionA3
Rabbit A2m is running away from: WolfB3
Rabbit A2 m is ready to mate
Rabbit A2 m is approaching partner: Rabbit A2f
Rabbit A3m is running away from: LionA3
Rabbit A3m is running away from: WolfB3
Rabbit A3 is Hungry
Rabbit A3 m is ready to mate
Rabbit A3 m is approaching partner: Rabbit A2f
Rabbit A1m is running away from: LionA3
Rabbit A1m is running away from: WolfB3
Rabbit A1 is Hungry
Wolf A4m is running away from: LionC3
Wolf A4 is Hungry
Wolf A4m is chasing: A3m
Wolf A4 m is ready to mate
Wolf B4f is running away from: LionA3
Wolf B4 is Hungry
Wolf B4f is chasing: B4m
Wolf B4 f is ready to mate
Wolf B3m is running away from: LionA3
Wolf B3 is Hungry
Wolf B3m is chasing: A2m
Wolf B3 m is ready to mate
Wolf C0f is running away from: LionC0
Wolf C0 is Hungry
Wolf C0f is chasing: B4m
Wolf C0 f is ready to mate
Wolf B1m is running away from: LionA3
Wolf B1 is Hungry
WolfB1m died of hunger
Wolf B1m is chasing: A3m
Wolf B1 m is ready to mate
Wolf C2f is running away from: LionA3
Wolf C2 is Hungry
WolfC2f died of hunger
Wolf C2f is chasing: B5m
Wolf C2 f is ready to mate
Wolf C2f is running away from: LionA3
Wolf C2 is Hungry
WolfC2f died of hunger
Wolf C2f is chasing: A3m
Wolf C2 f is ready to mate
Wolf C4f is running away from: LionA3
Wolf C4 is Hungry
Wolf C4f is chasing: B4m
Wolf C4 f is ready to mate
Rabbit A3m is running away from: LionA3
Rabbit A3m is running away from: WolfB3
Rabbit A3 is Hungry
Rabbit A3m ate
Rabbit A3 m is ready to mate
Rabbit A3 m is approaching partner: Rabbit A2f
Rabbit A4m is running away from: LionA3
Rabbit A4m is running away from: WolfB3
Rabbit A4 m is ready to mate
Rabbit A4 m is approaching partner: Rabbit A2f
Rabbit A2f is running away from: LionA3
Rabbit A2f is running away from: WolfB3
Rabbit A2 is Hungry
Rabbit A2 f is ready to mate
Rabbit B4m is running away from: LionC0
Rabbit B4m is running away from: WolfB4
Rabbit B4 is Hungry
Rabbit B4m ate
Rabbit B4 m is ready to mate
Rabbit B4 m is approaching partner: Rabbit C1f
Rabbit C2f is running away from: LionA3
Rabbit C2f is running away from: WolfB3
Rabbit C2 is Hungry
Rabbit C2 f is ready to mate
Rabbit B2m is running away from: LionA3
Rabbit B2m is running away from: WolfB3
Rabbit B2 is Hungry
Rabbit B2 m is ready to mate
Rabbit B2 m is approaching partner: Rabbit A2f
Rabbit B5m is running away from: LionA3
Rabbit B5m is running away from: WolfB4
Rabbit B5 m is ready to mate
Rabbit B5 m is approaching partner: Rabbit C1f
Rabbit C1f is running away from: LionC4
Rabbit C1f is running away from: WolfC0
Rabbit C1 f is ready to mate
Rabbit C4f is running away from: LionA3
Rabbit C4f is running away from: WolfB3
Rabbit C4 is Hungry
Rabbit C4 f is ready to mate
Rabbit A4m is running away from: LionA3
Rabbit A4m is running away from: WolfB3
Rabbit A4 is Hungry
Rabbit A4 m is ready to mate
Rabbit A4 m is approaching partner: Rabbit C2f
Rabbit B1f is running away from: LionA3
Rabbit B1f is running away from: WolfB3
Rabbit B1 is Hungry
Rabbit B1 f is ready to mate
Rabbit B4m is running away from: LionA3
Rabbit B4m is running away from: WolfB4
Rabbit B4 is Hungry
Rabbit B4m ate
Rabbit B4 m is ready to mate
Rabbit B4 m is approaching partner: Rabbit C1f
Rabbit B1m is running away from: LionA3
Rabbit B1m is running away from: WolfB4
Rabbit B1 is Hungry
Rabbit B1m ate
Rabbit B1 m is ready to mate
Rabbit B1 m is approaching partner: Rabbit C1f
Rabbit A2m is running away from: LionA3
Rabbit A2m is running away from: WolfB3
Rabbit A2 is Hungry
Rabbit A2 m is ready to mate
Rabbit A2 m is approaching partner: Rabbit B1f
Rabbit A3m is running away from: LionA3
Rabbit A3m is running away from: WolfB3
Rabbit A3 is Hungry
Rabbit A3 m is ready to mate
Rabbit A3 m is approaching partner: Rabbit B1f
Rabbit A1m is running away from: LionA3
Rabbit A1m is running away from: WolfB3
Rabbit A1 is Hungry
Rabbit A1m ate
Rabbit A1 m is ready to mate
Rabbit A1 m is approaching partner: Rabbit A2f
Lion A3 is Hungry
LionA3mis chasing: B1m
Lion C4 is Hungry
LionC4fis chasing: C1f
Lion C0 is Hungry
LionC0fis chasing: C0f
Lion A3 is Hungry
LionA3fis chasing: A4m
Wolf A4m is running away from: LionC3
Wolf A4 is Hungry
Wolf A4m is chasing: A3m
Wolf A4 m is ready to mate
Wolf B4f is running away from: LionA3
Wolf B4 is Hungry
Wolf B4f is chasing: B4m
Wolf B4 f is ready to mate
Wolf B3m is running away from: LionA3
Wolf B3 is Hungry
Wolf B3m is chasing: A3m
Wolf B3 m is ready to mate
Wolf C0f is running away from: LionC0
Wolf C0 is Hungry
Wolf C0f is chasing: B4m
Wolf C0 f is ready to mate
Wolf C4f is running away from: LionC0
Wolf C4 is Hungry
Wolf C4f is chasing: B4m
Wolf C4 f is ready to mate
Rabbit A3m is running away from: LionA3
Rabbit A3m is running away from: WolfB3
Rabbit A3 m is ready to mate
Rabbit A3 m is approaching partner: Rabbit C4f
Rabbit A4m is running away from: LionA3
Rabbit A4m is running away from: WolfB3
Rabbit A4 is Hungry
Rabbit A4m ate
Rabbit A4 m is ready to mate
Rabbit A4 m is approaching partner: Rabbit C4f
Rabbit A2f is running away from: LionA3
Rabbit A2f is running away from: WolfB3
Rabbit A2 is Hungry
Rabbit A2 f is ready to mate
Rabbit B4m is running away from: LionC4
Rabbit B4m is running away from: WolfB4
Rabbit B4 m is ready to mate
Rabbit B4 m is approaching partner: Rabbit C1f
Rabbit C2f is running away from: LionA3
Rabbit C2f is running away from: WolfB3
Rabbit C2 is Hungry
Rabbit C2 f is ready to mate
Rabbit B2m is running away from: LionA3
Rabbit B2m is running away from: WolfB3
Rabbit B2 is Hungry
Rabbit B2 m is ready to mate
Rabbit B2 m is approaching partner: Rabbit A2f
Rabbit B5m is running away from: LionA3
Rabbit B5m is running away from: WolfC0
Rabbit B5 is Hungry
Rabbit B5m ate
Rabbit B5 m is ready to mate
Rabbit B5 m is approaching partner: Rabbit C1f
Rabbit C1f is running away from: LionC4
Rabbit C1f is running away from: WolfC0
Rabbit C1 is Hungry
Rabbit C1f ate
Rabbit C1 f is ready to mate
Rabbit C4f is running away from: LionA3
Rabbit C4f is running away from: WolfB3
Rabbit C4 is Hungry
Rabbit C4 f is ready to mate
Rabbit A4m is running away from: LionA3
Rabbit A4m is running away from: WolfB3
Rabbit A4 is Hungry
Rabbit A4 m is ready to mate
Rabbit A4 m is approaching partner: Rabbit C2f
Rabbit B1f is running away from: LionA3
Rabbit B1f is running away from: WolfB3
Rabbit B1 is Hungry
Rabbit B1 f is ready to mate
Rabbit B4m is running away from: LionA3
Rabbit B4m is running away from: WolfC0
Rabbit B4 m is ready to mate
Rabbit B4 m is approaching partner: Rabbit C1f
Rabbit B1m is running away from: LionA3
Rabbit B1m is running away from: WolfC0
Rabbit B1 m is ready to mate
Rabbit B1 m is approaching partner: Rabbit C1f
Rabbit A2m is running away from: LionA3
Rabbit A2m is running away from: WolfB3
Rabbit A2 is Hungry
Rabbit A2 m is ready to mate
Rabbit A2 m is approaching partner: Rabbit A2f
Rabbit A3m is running away from: LionA3
Rabbit A3m is running away from: WolfB3
Rabbit A3 is Hungry
Rabbit A3 m is ready to mate
Rabbit A3 m is approaching partner: Rabbit B1f
Rabbit A1m is running away from: LionA3
Rabbit A1m is running away from: WolfB3
Rabbit A1 m is ready to mate
Rabbit A1 m is approaching partner: Rabbit A2f
Lion A3 is Hungry
LionA3mis chasing: B1m
Lion C4 is Hungry
LionC4fis chasing: C1f
Lion C0 is Hungry
LionC0fis chasing: C4f
Lion A3 is Hungry
LionA3fis chasing: A4m
Wolf A4m is running away from: LionC0
Wolf A4 is Hungry
WolfA4m died of hunger
Wolf A4m is chasing: A3m
Wolf A4 m is ready to mate
Wolf B4f is running away from: LionA3
Wolf B4 is Hungry
WolfB4f died of hunger
Wolf B4f is chasing: B4m
Wolf B4f ate!
Wolf B4 f is ready to mate
Wolf B3m is running away from: LionA3
Wolf B3 is Hungry
WolfB3m died of hunger
Wolf B3m is chasing: B1f
Wolf B3m ate!
Wolf B3 m is ready to mate
Wolf C0f is running away from: LionC4
Wolf C0 is Hungry
Wolf C0f is chasing: B1m
Wolf C0 f is ready to mate
Wolf C4f is running away from: LionC0
Wolf C4 is Hungry
Wolf C4f is chasing: A4m
Wolf C4 f is ready to mate
Rabbit A3m is running away from: LionA3
Rabbit A3m is running away from: WolfC4
Rabbit A3 is Hungry
Rabbit A3m ate
Rabbit A3 m is ready to mate
Rabbit A3 m is approaching partner: Rabbit A2f
Rabbit A4m is running away from: LionA3
Rabbit A4m is running away from: WolfC4
Rabbit A4 m is ready to mate
Rabbit A4 m is approaching partner: Rabbit A2f
Rabbit A2f is running away from: LionA3
Rabbit A2f is running away from: WolfC4
Rabbit A2 is Hungry
Rabbit A2 f is ready to mate
Rabbit C2f is running away from: LionA3
Rabbit C2f is running away from: WolfC4
Rabbit C2 is Hungry
Rabbit C2 f is ready to mate
Rabbit B2m is running away from: LionA3
Rabbit B2m is running away from: WolfC4
Rabbit B2 is Hungry
Rabbit B2 m is ready to mate
Rabbit B2 m is approaching partner: Rabbit A2f
Rabbit B5m is running away from: LionC4
Rabbit B5m is running away from: WolfC0
Rabbit B5 m is ready to mate
Rabbit B5 m is approaching partner: Rabbit C1f
Rabbit C1f is running away from: LionC4
Rabbit C1f is running away from: WolfC0
Rabbit C1 f is ready to mate
Rabbit C4f is running away from: LionA3
Rabbit C4f is running away from: WolfC4
Rabbit C4 is Hungry
Rabbit C4 f is ready to mate
Rabbit A4m is running away from: LionA3
Rabbit A4m is running away from: WolfC4
Rabbit A4 is Hungry
Rabbit A4 m is ready to mate
Rabbit A4 m is approaching partner: Rabbit C2f
Rabbit B4m is running away from: LionA3
Rabbit B4m is running away from: WolfC0
Rabbit B4 is Hungry
Rabbit B4m ate
Rabbit B4 m is ready to mate
Rabbit B4 m is approaching partner: Rabbit C1f
Rabbit B1m is running away from: LionA3
Rabbit B1m is running away from: WolfC0
Rabbit B1 is Hungry
Rabbit B1m ate
Rabbit B1 m is ready to mate
Rabbit B1 m is approaching partner: Rabbit C1f
Rabbit A2m is running away from: LionA3
Rabbit A2m is running away from: WolfC4
Rabbit A2 is Hungry
Rabbit A2 m is ready to mate
Rabbit A2 m is approaching partner: Rabbit A2f
Rabbit A3m is running away from: LionA3
Rabbit A3m is running away from: WolfC4
Rabbit A3 is Hungry
Rabbit A3m ate
Rabbit A3 m is ready to mate
Rabbit A3 m is approaching partner: Rabbit A2f
Rabbit A1m is running away from: LionA3
Rabbit A1m is running away from: WolfC4
Rabbit A1 is Hungry
Rabbit A1 m is ready to mate
Rabbit A1 m is approaching partner: Rabbit A2f
Lion A3 is Hungry
LionA3mis chasing: B4m
Lion C3 is Hungry
LionC3fis chasing: C1f
Lion C4 is Hungry
LionC4fis chasing: C1f
Lion C0 is Hungry
LionC0fis chasing: C4f
Lion A3 is Hungry
LionA3fis chasing: A4m
Wolf C0f is running away from: LionC0
Wolf C0 is Hungry
WolfC0f died of hunger
Wolf C0f is chasing: B1m
Wolf C0 f is ready to mate
Wolf C4f is running away from: LionC0
Wolf C4 is Hungry
Wolf C4f is chasing: A4m
Wolf C4 f is ready to mate
Rabbit A3m is running away from: LionA3
Rabbit A3m is running away from: WolfC4
Rabbit A3 m is ready to mate
Rabbit A3 m is approaching partner: Rabbit A2f
Rabbit A4m is running away from: LionA3
Rabbit A4m is running away from: WolfC4
Rabbit A4 is Hungry
Rabbit A4 m is ready to mate
Rabbit A4 m is approaching partner: Rabbit A2f
Rabbit A2f is running away from: LionA3
Rabbit A2f is running away from: WolfC4
Rabbit A2 is Hungry
Rabbit A2f ate
Rabbit A2 f is ready to mate
Rabbit C2f is running away from: LionA3
Rabbit C2f is running away from: WolfC4
Rabbit C2 is Hungry
Rabbit C2 f is ready to mate
Rabbit B2m is running away from: LionA3
Rabbit B2m is running away from: WolfC4
Rabbit B2 is Hungry
Rabbit B2 m is ready to mate
Rabbit B2 m is approaching partner: Rabbit A2f
Rabbit B5m is running away from: LionA3
Rabbit B5m is running away from: WolfC4
Rabbit B5 is Hungry
Rabbit B5m ate
Rabbit B5 m is ready to mate
Rabbit B5 m is approaching partner: Rabbit C1f
Rabbit C1f is running away from: LionC4
Rabbit C1f is running away from: WolfC4
Rabbit C1 is Hungry
Rabbit C1f ate
Rabbit C1 f is ready to mate
Rabbit C4f is running away from: LionA3
Rabbit C4f is running away from: WolfC4
Rabbit C4 is Hungry
Rabbit C4 f is ready to mate
Rabbit A4m is running away from: LionA3
Rabbit A4m is running away from: WolfC4
Rabbit A4 is Hungry
Rabbit A4 m is ready to mate
Rabbit A4 m is approaching partner: Rabbit C2f
Rabbit B4m is running away from: LionA3
Rabbit B4m is running away from: WolfC4
Rabbit B4 m is ready to mate
Rabbit B4 m is approaching partner: Rabbit C1f
Rabbit B1m is running away from: LionA3
Rabbit B1m is running away from: WolfC4
Rabbit B1 m is ready to mate
Rabbit B1 m is approaching partner: Rabbit C1f
Rabbit A2m is running away from: LionA3
Rabbit A2m is running away from: WolfC4
Rabbit A2 is Hungry
Rabbit A2 m is ready to mate
Rabbit A2 m is approaching partner: Rabbit A2f
Rabbit A3m is running away from: LionA3
Rabbit A3m is running away from: WolfC4
Rabbit A3 m is ready to mate
Rabbit A3 m is approaching partner: Rabbit A2f
Rabbit A1m is running away from: LionA3
Rabbit A1m is running away from: WolfC4
Rabbit A1 is Hungry
Rabbit A1 m is ready to mate
Rabbit A1 m is approaching partner: Rabbit A2f
Lion A3 is Hungry
LionA3mis chasing: B4m
Lion C3 is Hungry
LionC3fis chasing: C1f
Lion C4 is Hungry
LionC4fis chasing: C1f
Lion C0 is Hungry
LionC0fis chasing: C4f
Lion A3 is Hungry
LionA3fis chasing: C4f
Wolf C4f is running away from: LionC0
Wolf C4 is Hungry
WolfC4f died of hunger
Wolf C4f is chasing: C2f
Wolf C4 f is ready to mate
Rabbit A3m is running away from: LionA3
Rabbit A3 is Hungry
Rabbit A3 m is ready to mate
Rabbit A3 m is approaching partner: Rabbit A2f
Rabbit A4m is running away from: LionA3
Rabbit A4 is Hungry
Rabbit A4 m is ready to mate
Rabbit A4 m is approaching partner: Rabbit A2f
Rabbit A2f is running away from: LionA3
Rabbit A2 f is ready to mate
Rabbit C2f is running away from: LionA3
Rabbit C2 is Hungry
Rabbit C2 f is ready to mate
Rabbit B2m is running away from: LionA3
Rabbit B2 is Hungry
Rabbit B2m ate
Rabbit B2 m is ready to mate
Rabbit B2 m is approaching partner: Rabbit A2f
Rabbit B5m is running away from: LionA3
Rabbit B5 m is ready to mate
Rabbit B5 m is approaching partner: Rabbit C1f
Rabbit C1f is running away from: LionC4
Rabbit C1 f is ready to mate
Rabbit C4f is running away from: LionA3
Rabbit C4 is Hungry
Rabbit C4 f is ready to mate
Rabbit A4m is running away from: LionA3
Rabbit A4 is Hungry
RabbitA4m died of hunger
Rabbit A4 m is ready to mate
Rabbit A4 m is approaching partner: Rabbit C2f
Rabbit B4m is running away from: LionA3
Rabbit B4 is Hungry
Rabbit B4 m is ready to mate
Rabbit B4 m is approaching partner: Rabbit C1f
Rabbit B1m is running away from: LionC4
Rabbit B1 is Hungry
Rabbit B1m ate
Rabbit B1 m is ready to mate
Rabbit B1 m is approaching partner: Rabbit C1f
Rabbit A2m is running away from: LionA3
Rabbit A2 is Hungry
Rabbit A2 m is ready to mate
Rabbit A2 m is approaching partner: Rabbit A2f
Rabbit A3m is running away from: LionA3
Rabbit A3 is Hungry
Rabbit A3m ate
Rabbit A3 m is ready to mate
Rabbit A3 m is approaching partner: Rabbit A2f
Rabbit B0 f was born!Father is A3 and Mother is A2
Rabbit A1m is running away from: LionA3
Rabbit A1 is Hungry
Rabbit A1 m is ready to mate
Rabbit A1 m is approaching partner: Rabbit C4f
Lion A3 is Thirsty
Lion A3 drank water
Lion A3 is Hungry
LionA3mis chasing: B4m
Lion C3 is Thirsty
Lion C3 drank water
Lion C3 is Hungry
LionC3fis chasing: C1f
Lion C4 is Thirsty
Lion C4 drank water
Lion C4 is Hungry
LionC4fis chasing: C1f
Lion C0 is Thirsty
Lion C0 drank water
Lion C0 is Hungry
LionC0fis chasing: C1f
Lion A3 is Thirsty
Lion A3 drank water
Lion A3 is Hungry
LionA3fis chasing: C2f
Rabbit A3m is running away from: LionA3
Rabbit A3 is Hungry
Rabbit A3 m is ready to mate
Rabbit A3 m is approaching partner: Rabbit C4f
Rabbit A4m is running away from: LionA3
Rabbit A4 is Hungry
Rabbit A4 m is ready to mate
Rabbit A4 m is approaching partner: Rabbit C4f
Rabbit A0 f was born!Father is A4 and Mother is C4
Rabbit A2f is running away from: LionA3
Rabbit A2 is Hungry
Rabbit C2f is running away from: LionA3
Rabbit C2 is Hungry
Rabbit C2 f is ready to mate
Rabbit B2m is running away from: LionA3
Rabbit B2 m is ready to mate
Rabbit B2 m is approaching partner: Rabbit C2f
Rabbit B5m is running away from: LionC4
Rabbit B5 is Hungry
Rabbit B5 m is ready to mate
Rabbit B5 m is approaching partner: Rabbit C1f
Rabbit C1f is running away from: LionC4
Rabbit C1 is Hungry
Rabbit C1f ate
Rabbit C1 f is ready to mate
Rabbit C4f is running away from: LionA3
Rabbit C4 is Hungry
Rabbit B4m is running away from: LionA3
Rabbit B4 is Hungry
Rabbit B4 m is ready to mate
Rabbit B4 m is approaching partner: Rabbit C1f
Rabbit B1m is running away from: LionC4
Rabbit B1 m is ready to mate
Rabbit B1 m is approaching partner: Rabbit C1f
Rabbit A2m is running away from: LionA3
Rabbit A2 is Hungry
Rabbit A2 m is ready to mate
Rabbit A2 m is approaching partner: Rabbit C2f
Rabbit A3m is running away from: LionA3
Rabbit A3 m is ready to mate
Rabbit A3 m is approaching partner: Rabbit C2f
Rabbit A1m is running away from: LionA3
Rabbit A1 is Hungry
Rabbit A1 m is ready to mate
Rabbit A1 m is approaching partner: Rabbit C2f
Rabbit B0f is running away from: LionA3
Lion A3 is Thirsty
Lion A3 drank water
Lion A3 is Hungry
LionA3mis chasing: B4m
Lion C3 is Thirsty
Lion C3 drank water
Lion C3 is Hungry
LionC3fis chasing: C1f
Lion C4 is Thirsty
Lion C4 drank water
Lion C4 is Hungry
LionC4fis chasing: C1f
Lion C0 is Thirsty
Lion C0 drank water
Lion C0 is Hungry
LionC0fis chasing: C1f
Lion A3 is Thirsty
Lion A3 drank water
Lion A3 is Hungry
LionA3fis chasing: C2f
Rabbit A3m is running away from: LionA3
Rabbit A3 is Hungry
Rabbit A3 m is ready to mate
Rabbit A3 m is approaching partner: Rabbit C2f
Rabbit A4m is running away from: LionA3
Rabbit A4 is Hungry
Rabbit A4 m is ready to mate
Rabbit A4 m is approaching partner: Rabbit C2f
Rabbit A2f is running away from: LionA3
Rabbit A2 is Hungry
Rabbit C2f is running away from: LionA3
Rabbit C2 is Hungry
RabbitC2f died of hunger
Rabbit C2 f is ready to mate
Rabbit B2m is running away from: LionA3
Rabbit B2 is Hungry
Rabbit B2 m is ready to mate
Rabbit B2 m is approaching partner: Rabbit C1f
Rabbit B5m is running away from: LionC3
Rabbit B5 is Hungry
Rabbit B5 m is ready to mate
Rabbit B5 m is approaching partner: Rabbit C1f
Rabbit C1f is running away from: LionC3
Rabbit C1 f is ready to mate
Rabbit C4f is running away from: LionA3
Rabbit C4 is Hungry
RabbitC4f died of hunger
Rabbit B4m is running away from: LionA3
Rabbit B4 is Hungry
Rabbit B4m ate
Rabbit B4 m is ready to mate
Rabbit B4 m is approaching partner: Rabbit C1f
Rabbit B1m is running away from: LionC3
Rabbit B1 is Hungry
Rabbit B1m ate
Rabbit B1 m is ready to mate
Rabbit B1 m is approaching partner: Rabbit C1f
Rabbit A2m is running away from: LionA3
Rabbit A2 is Hungry
Rabbit A2 m is ready to mate
Rabbit A2 m is approaching partner: Rabbit C1f
Rabbit A3m is running away from: LionA3
Rabbit A3 is Hungry
Rabbit A3 m is ready to mate
Rabbit A3 m is approaching partner: Rabbit C1f
Rabbit A1m is running away from: LionA3
Rabbit A1 is Hungry
Rabbit A1 m is ready to mate
Rabbit A1 m is approaching partner: Rabbit C1f
Rabbit B0f is running away from: LionA3
Rabbit B0 is Hungry
Rabbit A0f is running away from: LionA3
Lion A3 is Thirsty
Lion A3 drank water
Lion A3 is Hungry
LionA3mis chasing: B4m
Lion C3 is Thirsty
Lion C3 drank water
Lion C3 is Hungry
LionC3fis chasing: C1f
Lion C4 is Thirsty
Lion C4 drank water
Lion C4 is Hungry
LionC4fis chasing: C1f
Lion C0 is Thirsty
Lion C0 drank water
Lion C0 is Hungry
LionC0fis chasing: C1f
Lion A3 is Thirsty
Lion A3 drank water
Lion A3 is Hungry
LionA3fis chasing: A3m
Rabbit A3m is running away from: LionA3
Rabbit A3 is Hungry
Rabbit A3 m is ready to mate
Rabbit A3 m is approaching partner: Rabbit C1f
Rabbit A4m is running away from: LionA3
Rabbit A4 is Hungry
Rabbit A4 m is ready to mate
Rabbit A4 m is approaching partner: Rabbit C1f
Rabbit A2f is running away from: LionA3
Rabbit A2 is Hungry
Rabbit B2m is running away from: LionA3
Rabbit B2 is Hungry
Rabbit B2 m is ready to mate
Rabbit B2 m is approaching partner: Rabbit C1f
Rabbit B5m is running away from: LionA3
Rabbit B5 is Hungry
Rabbit B5 m is ready to mate
Rabbit B5 m is approaching partner: Rabbit C1f
Rabbit C1f is running away from: LionC4
Rabbit C1 is Hungry
Rabbit C1f ate
Rabbit C1 f is ready to mate
Rabbit B4m is running away from: LionA3
Rabbit B4 m is ready to mate
Rabbit B4 m is approaching partner: Rabbit C1f
Rabbit B1m is running away from: LionC4
Rabbit B1 m is ready to mate
Rabbit B1 m is approaching partner: Rabbit C1f
Rabbit A2m is running away from: LionA3
Rabbit A2 is Hungry
Rabbit A2 m is ready to mate
Rabbit A2 m is approaching partner: Rabbit C1f
Rabbit A3m is running away from: LionA3
Rabbit A3 is Hungry
Rabbit A3 m is ready to mate
Rabbit A3 m is approaching partner: Rabbit C1f
Rabbit A1m is running away from: LionA3
Rabbit A1 is Hungry
Rabbit A1 m is ready to mate
Rabbit A1 m is approaching partner: Rabbit C1f
Rabbit B0f is running away from: LionA3
Rabbit B0 is Hungry
Rabbit A0f is running away from: LionA3
Rabbit A0 is Hungry
Lion A3 is Thirsty
Lion A3 drank water
Lion A3 is Hungry
LionA3mis chasing: B4m
Lion C3 is Thirsty
Lion C3 drank water
Lion C3 is Hungry
LionC3fis chasing: B5m
Lion C4 is Thirsty
Lion C4 drank water
Lion C4 is Hungry
LionC4fis chasing: B5m
Lion C0 is Thirsty
Lion C0 drank water
Lion C0 is Hungry
LionC0fis chasing: B5m
Lion A3 is Thirsty
Lion A3 drank water
Lion A3 is Hungry
LionA3fis chasing: A3m
Rabbit A3m is running away from: LionA3
Rabbit A3 is Hungry
Rabbit A3 m is ready to mate
Rabbit A3 m is approaching partner: Rabbit C1f
Rabbit A4m is running away from: LionA3
Rabbit A4 is Hungry
Rabbit A4 m is ready to mate
Rabbit A4 m is approaching partner: Rabbit C1f
Rabbit A2f is running away from: LionA3
Rabbit A2 is Hungry
Rabbit A2 f is ready to mate
Rabbit B2m is running away from: LionA3
Rabbit B2 is Hungry
Rabbit B2 m is ready to mate
Rabbit B2 m is approaching partner: Rabbit A2f
Rabbit B5m is running away from: LionA3
Rabbit B5 is Hungry
Rabbit B5 m is ready to mate
Rabbit B5 m is approaching partner: Rabbit C1f
Rabbit C0 f was born!Father is B5 and Mother is C1
Rabbit C1f is running away from: LionA3
Rabbit B4m is running away from: LionA3
Rabbit B4 is Hungry
Rabbit B4 m is ready to mate
Rabbit B4 m is approaching partner: Rabbit A2f
Rabbit B1m is running away from: LionA3
Rabbit B1 is Hungry
Rabbit B1 m is ready to mate
Rabbit B1 m is approaching partner: Rabbit A2f
Rabbit A2m is running away from: LionA3
Rabbit A2 is Hungry
RabbitA2m died of hunger
Rabbit A2 m is ready to mate
Rabbit A2 m is approaching partner: Rabbit A2f
Rabbit A3m is running away from: LionA3
Rabbit A3 is Hungry
Rabbit A3 m is ready to mate
Rabbit A3 m is approaching partner: Rabbit A2f
Rabbit A1m is running away from: LionA3
Rabbit A1 is Hungry
Rabbit A1 m is ready to mate
Rabbit A1 m is approaching partner: Rabbit A2f
Rabbit B0f is running away from: LionA3
Rabbit B0 is Hungry
Rabbit B0 f is ready to mate
Rabbit A0f is running away from: LionA3
Rabbit A0 is Hungry
Rabbit A0 f is ready to mate
Lion A3 is Thirsty
Lion A3 drank water
Lion A3 is Hungry
LionA3mis chasing: C0f
Lion C3 is Thirsty
Lion C3 drank water
Lion C3 is Hungry
LionC3fis chasing: B5m
Lion C4 is Thirsty
Lion C4 drank water
Lion C4 is Hungry
LionC4fis chasing: B5m
Lion C0 is Thirsty
Lion C0 drank water
Lion C0 is Hungry
LionC0fis chasing: B5m
Lion A3 is Thirsty
Lion A3 drank water
Lion A3 is Hungry
LionA3fis chasing: A3m
Rabbit A3m is running away from: LionA3
Rabbit A3 is Hungry
Rabbit A3m ate
Rabbit A3 m is ready to mate
Rabbit A3 m is approaching partner: Rabbit A2f
Rabbit A4m is running away from: LionA3
Rabbit A4 is Hungry
Rabbit A4 m is ready to mate
Rabbit A4 m is approaching partner: Rabbit A2f
Rabbit A2f is running away from: LionA3
Rabbit A2 is Hungry
Rabbit A2 f is ready to mate
Rabbit B2m is running away from: LionA3
Rabbit B2 is Hungry
Rabbit B2 m is ready to mate
Rabbit B2 m is approaching partner: Rabbit A2f
Rabbit B5m is running away from: LionC4
Rabbit B5 is Hungry
Rabbit B5m ate
Rabbit B5 m is ready to mate
Rabbit B5 m is approaching partner: Rabbit B0f
Rabbit C1f is running away from: LionC4
Rabbit C1 is Hungry
Rabbit B4m is running away from: LionA3
Rabbit B4 is Hungry
Rabbit B4 m is ready to mate
Rabbit B4 m is approaching partner: Rabbit B0f
Rabbit B1m is running away from: LionA3
Rabbit B1 is Hungry
Rabbit B1 m is ready to mate
Rabbit B1 m is approaching partner: Rabbit B0f
Rabbit A3m is running away from: LionA3
Rabbit A3 is Hungry
Rabbit A3 m is ready to mate
Rabbit A3 m is approaching partner: Rabbit B0f
Rabbit A1m is running away from: LionA3
Rabbit A1 is Hungry
Rabbit A1 m is ready to mate
Rabbit A1 m is approaching partner: Rabbit A2f
Rabbit B0f is running away from: LionA3
Rabbit B0 is Hungry
Rabbit B0 f is ready to mate
Rabbit A0f is running away from: LionA3
Rabbit A0 is Hungry
Rabbit A0 f is ready to mate
Rabbit C0f is running away from: LionA3
Lion A3 is Hungry
LionA3mis chasing: B5m
Lion C3 is Thirsty
Lion C3 drank water
Lion C3 is Hungry
LionC3fis chasing: B1m
Lion C4 is Thirsty
Lion C4 drank water
Lion C4 is Hungry
LionC4fis chasing: B1m
Lion C0 is Thirsty
Lion C0 drank water
Lion C0 is Hungry
LionC0fis chasing: B1m
Lion A3 is Thirsty
Lion A3 drank water
Lion A3 is Hungry
LionA3fis chasing: A3m
Rabbit A3m is running away from: LionA3
Rabbit A3 m is ready to mate
Rabbit A3 m is approaching partner: Rabbit B0f
Rabbit A4m is running away from: LionA3
Rabbit A4 is Hungry
Rabbit A4 m is ready to mate
Rabbit A4 m is approaching partner: Rabbit B0f
Rabbit A2f is running away from: LionA3
Rabbit A2 is Hungry
Rabbit A2 f is ready to mate
Rabbit B2m is running away from: LionA3
Rabbit B2 is Hungry
Rabbit B2 m is ready to mate
Rabbit B2 m is approaching partner: Rabbit A2f
Rabbit B5m is running away from: LionC4
Rabbit B5 m is ready to mate
Rabbit B5 m is approaching partner: Rabbit A2f
Rabbit C1f is running away from: LionC4
Rabbit C1 is Hungry
Rabbit C1f ate
Rabbit B4m is running away from: LionC4
Rabbit B4 is Hungry
Rabbit B4 m is ready to mate
Rabbit B4 m is approaching partner: Rabbit A2f
Rabbit B1m is running away from: LionC4
Rabbit B1 is Hungry
Rabbit B1m ate
Rabbit B1 m is ready to mate
Rabbit B1 m is approaching partner: Rabbit A2f
Rabbit A3m is running away from: LionA3
Rabbit A3 is Hungry
Rabbit A3 m is ready to mate
Rabbit A3 m is approaching partner: Rabbit A2f
Rabbit A1m is running away from: LionA3
Rabbit A1 is Hungry
RabbitA1m died of hunger
Rabbit A1 m is ready to mate
Rabbit A1 m is approaching partner: Rabbit A2f
Rabbit B0f is running away from: LionA3
Rabbit B0 is Hungry
Rabbit B0 f is ready to mate
Rabbit A0f is running away from: LionA3
Rabbit A0 is Hungry
Rabbit A0 f is ready to mate
Rabbit C0f is running away from: LionC4
Rabbit C0 is Hungry
Lion A3 is Hungry
LionA3mis chasing: C1f
Lion C3 is Thirsty
Lion C3 drank water
Lion C3 is Hungry
LionC3fis chasing: B1m
Lion C4 is Thirsty
Lion C4 drank water
Lion C4 is Hungry
LionC4fis chasing: B1m
Lion C0 is Thirsty
Lion C0 drank water
Lion C0 is Hungry
LionC0fis chasing: B1m
Lion A3 is Thirsty
Lion A3 drank water
Lion A3 is Hungry
LionA3fis chasing: A3m
Rabbit A3m is running away from: LionA3
Rabbit A3 is Hungry
Rabbit A3 m is ready to mate
Rabbit A3 m is approaching partner: Rabbit A2f
Rabbit A4m is running away from: LionA3
Rabbit A4 is Hungry
RabbitA4m died of hunger
Rabbit A4 m is ready to mate
Rabbit A4 m is approaching partner: Rabbit A2f
Rabbit A2f is running away from: LionA3
Rabbit A2 is Hungry
Rabbit A2 f is ready to mate
Rabbit B2m is running away from: LionA3
Rabbit B2 is Hungry
Rabbit B2 m is ready to mate
Rabbit B2 m is approaching partner: Rabbit B0f
Rabbit B5m is running away from: LionC4
Rabbit B5 is Hungry
Rabbit B5 m is ready to mate
Rabbit B5 m is approaching partner: Rabbit A2f
Rabbit C1f is running away from: LionA3
Rabbit B4m is running away from: LionC4
Rabbit B4 is Hungry
Rabbit B4 m is ready to mate
Rabbit B4 m is approaching partner: Rabbit A2f
Rabbit B1m is running away from: LionC4
Rabbit B1 m is ready to mate
Rabbit B1 m is approaching partner: Rabbit A2f
Rabbit A3m is running away from: LionA3
Rabbit A3 is Hungry
Rabbit A3 m is ready to mate
Rabbit A3 m is approaching partner: Rabbit B0f
Rabbit B0f is running away from: LionA3
Rabbit B0 is Hungry
Rabbit B0 f is ready to mate
Rabbit A0f is running away from: LionA3
Rabbit A0 is Hungry
Rabbit A0 f is ready to mate
Rabbit C0f is running away from: LionC4
Rabbit C0 is Hungry
Lion A3 is Hungry
LionA3mis chasing: C1f
Lion C3 is Thirsty
Lion C3 drank water
Lion C3 is Hungry
LionC3fis chasing: B1m
Lion C4 is Thirsty
Lion C4 drank water
Lion C4 is Hungry
LionC4fis chasing: B1m
Lion C0 is Hungry
LionC0fis chasing: B1m
Lion A3 is Thirsty
Lion A3 drank water
Lion A3 is Hungry
LionA3fis chasing: A3m
Rabbit A3m is running away from: LionA3
Rabbit A3 is Hungry
Rabbit A3 m is ready to mate
Rabbit A3 m is approaching partner: Rabbit A0f
Rabbit A2f is running away from: LionA3
Rabbit A2 is Hungry
Rabbit A2 f is ready to mate
Rabbit B2m is running away from: LionA3
Rabbit B2 is Hungry
Rabbit B2 m is ready to mate
Rabbit B2 m is approaching partner: Rabbit A2f
Rabbit B5m is running away from: LionC4
Rabbit B5 is Hungry
Rabbit B5 m is ready to mate
Rabbit B5 m is approaching partner: Rabbit A2f
Rabbit C1f is running away from: LionA3
Rabbit C1 is Hungry
Rabbit C1f ate
Rabbit B4m is running away from: LionC4
Rabbit B4 is Hungry
Rabbit B4 m is ready to mate
Rabbit B4 m is approaching partner: Rabbit A2f
Rabbit B1m is running away from: LionC4
Rabbit B1 is Hungry
Rabbit B1 m is ready to mate
Rabbit B1 m is approaching partner: Rabbit A2f
Rabbit A3m is running away from: LionA3
Rabbit A3 is Hungry
Rabbit A3 m is ready to mate
Rabbit A3 m is approaching partner: Rabbit A2f
Rabbit B0f is running away from: LionA3
Rabbit B0 is Hungry
Rabbit B0 f is ready to mate
Rabbit A0f is running away from: LionA3
Rabbit A0 is Hungry
Rabbit A0 f is ready to mate
Rabbit C0f is running away from: LionC4
Rabbit C0 is Hungry
Rabbit C0 f is ready to mate
Lion A3 is Hungry
LionA3mis chasing: B4m
Lion C3 is Hungry
LionC3fis chasing: B4m
Lion C4 is Thirsty
Lion C4 drank water
Lion C4 is Hungry
LionC4fis chasing: B4m
Lion C0 is Hungry
LionC0fis chasing: B4m
Lion A3 is Thirsty
Lion A3 drank water
Lion A3 is Hungry
LionA3fis chasing: A3m
Rabbit A3m is running away from: LionA3
Rabbit A3 is Hungry
Rabbit A3 m is ready to mate
Rabbit A3 m is approaching partner: Rabbit A2f
Rabbit A2f is running away from: LionA3
Rabbit A2 is Hungry
RabbitA2f died of hunger
Rabbit A2 f is ready to mate
Rabbit B2m is running away from: LionA3
Rabbit B2 is Hungry
Rabbit B2 m is ready to mate
Rabbit B2 m is approaching partner: Rabbit B0f
Rabbit B5m is running away from: LionA3
Rabbit B5 is Hungry
Rabbit B5m ate
Rabbit B5 m is ready to mate
Rabbit B5 m is approaching partner: Rabbit C0f
Rabbit B1 m was born!Father is B5 and Mother is C0
Rabbit C1f is running away from: LionA3
Rabbit C1 f is ready to mate
Rabbit B4m is running away from: LionC4
Rabbit B4 is Hungry
Rabbit B4 m is ready to mate
Rabbit B4 m is approaching partner: Rabbit C1f
Rabbit B1m is running away from: LionA3
Rabbit B1 is Hungry
Rabbit B1 m is ready to mate
Rabbit B1 m is approaching partner: Rabbit C1f
Rabbit A3m is running away from: LionA3
Rabbit A3 is Hungry
Rabbit A3 m is ready to mate
Rabbit A3 m is approaching partner: Rabbit B0f
Rabbit B0f is running away from: LionA3
Rabbit B0 is Hungry
Rabbit B0 f is ready to mate
Rabbit A0f is running away from: LionA3
Rabbit A0 is Hungry
Rabbit A0 f is ready to mate
Rabbit C0f is running away from: LionA3
Rabbit C0 is Hungry
Lion A3 is Hungry
LionA3mis chasing: C0f
Lion C3 is Hungry
LionC3fis chasing: C1f
Lion C4 is Thirsty
Lion C4 drank water
Lion C4 is Hungry
LionC4fis chasing: C1f
Lion C0 is Hungry
LionC0fis chasing: C1f
Lion A3 is Thirsty
Lion A3 drank water
Lion A3 is Hungry
LionA3fis chasing: B2m
Rabbit A3 is Thirsty
Rabbit A3 drank water
Rabbit A3m is running away from: LionA3
Rabbit A3 is Hungry
Rabbit A3 m is ready to mate
Rabbit A3 m is approaching partner: Rabbit B0f
Rabbit B2 is Thirsty
Rabbit B2 drank water
Rabbit B2m is running away from: LionA3
Rabbit B2 is Hungry
RabbitB2m died of hunger
Rabbit B2 m is ready to mate
Rabbit B2 m is approaching partner: Rabbit B0f
Rabbit B5 is Thirsty
Rabbit B5 drank water
Rabbit B5m is running away from: LionA3
Rabbit B5 m is ready to mate
Rabbit B5 m is approaching partner: Rabbit C1f
Rabbit C1 is Thirsty
Rabbit C1 drank water
Rabbit C1f is running away from: LionA3
Rabbit C1 is Hungry
Rabbit C1 f is ready to mate
Rabbit B4 is Thirsty
Rabbit B4 drank water
Rabbit B4m is running away from: LionA3
Rabbit B4 is Hungry
Rabbit B4 m is ready to mate
Rabbit B4 m is approaching partner: Rabbit C1f
Rabbit B1 is Thirsty
Rabbit B1 drank water
Rabbit B1m is running away from: LionA3
Rabbit B1 is Hungry
Rabbit B1 m is ready to mate
Rabbit B1 m is approaching partner: Rabbit C1f
Rabbit A3m is running away from: LionA3
Rabbit A3 is Hungry
RabbitA3m died of hunger
Rabbit A3 m is ready to mate
Rabbit A3 m is approaching partner: Rabbit B0f
Rabbit B0f is running away from: LionA3
Rabbit B0 is Hungry
RabbitB0f died of hunger
Rabbit B0 f is ready to mate
Rabbit A0f is running away from: LionA3
Rabbit A0 is Hungry
Rabbit A0 f is ready to mate
Rabbit C0f is running away from: LionA3
Rabbit C0 is Hungry
Rabbit B1m is running away from: LionA3
Lion A3 is Hungry
LionA3m died of hunger
LionA3mis chasing: B5m
Lion A3 m is ready to mate
Lion C3 is Hungry
LionC3fis chasing: B5m
Lion C3 f is ready to mate
Lion C4 is Thirsty
Lion C4 drank water
Lion C4 is Hungry
LionC4f died of hunger
LionC4fis chasing: B5m
Lion C4 f is ready to mate
Lion C0 is Hungry
LionC0f died of hunger
LionC0fis chasing: B5m
Lion C0 f is ready to mate
Lion A3 is Thirsty
Lion A3 drank water
Lion A3 is Hungry
LionA3f died of hunger
LionA3fis chasing: A3m
Lion A3 f is ready to mate
Rabbit A3 is Thirsty
Rabbit A3 drank water
Rabbit A3m is running away from: LionC3
Rabbit A3 is Hungry
Rabbit A3 m is ready to mate
Rabbit A3 m is approaching partner: Rabbit A0f
Rabbit B5 is Thirsty
Rabbit B5 drank water
Rabbit B5m is running away from: LionC3
Rabbit B5 is Hungry
Rabbit B5 m is ready to mate
Rabbit B5 m is approaching partner: Rabbit C1f
Rabbit B1 f was born!Father is B5 and Mother is C1
Rabbit C1 is Thirsty
Rabbit C1 drank water
Rabbit C1f is running away from: LionC3
Rabbit C1 is Hungry
Rabbit B4 is Thirsty
Rabbit B4 drank water
Rabbit B4m is running away from: LionC3
Rabbit B4 is Hungry
Rabbit B4 m is ready to mate
Rabbit B4 m is approaching partner: Rabbit A0f
Rabbit B1 is Thirsty
Rabbit B1 drank water
Rabbit B1m is running away from: LionC3
Rabbit B1 is Hungry
Rabbit B1 m is ready to mate
Rabbit B1 m is approaching partner: Rabbit A0f
Rabbit A0f is running away from: LionC3
Rabbit A0 is Hungry
RabbitA0f died of hunger
Rabbit A0 f is ready to mate
Rabbit C0f is running away from: LionC3
Rabbit C0 is Hungry
Rabbit B1m is running away from: LionC3
Rabbit B1 is Hungry
Lion C3 is Hungry
LionC3fis chasing: B1f
Lion C3 f is ready to mate
Rabbit A3 is Thirsty
Rabbit A3 drank water
Rabbit A3m is running away from: LionC3
Rabbit A3 is Hungry
Rabbit A3 m is ready to mate
Not enough female Rabbits or Female Rabbit partners are not ready yet!
Rabbit B5 is Thirsty
Rabbit B5 drank water
Rabbit B5m is running away from: LionC3
Rabbit B5 is Hungry
Rabbit B5m ate
Rabbit B5 m is ready to mate
Not enough female Rabbits or Female Rabbit partners are not ready yet!
Rabbit C1 is Thirsty
Rabbit C1 drank water
Rabbit C1f is running away from: LionC3
Rabbit C1 is Hungry
Rabbit B4 is Thirsty
Rabbit B4 drank water
Rabbit B4m is running away from: LionC3
Rabbit B4 is Hungry
RabbitB4m died of hunger
Rabbit B4 m is ready to mate
Not enough female Rabbits or Female Rabbit partners are not ready yet!
Rabbit B1 is Thirsty
Rabbit B1 drank water
Rabbit B1m is running away from: LionC3
Rabbit B1 is Hungry
Rabbit B1m ate
Rabbit B1 m is ready to mate
Not enough female Rabbits or Female Rabbit partners are not ready yet!
Rabbit C0f is running away from: LionC3
Rabbit C0 is Hungry
Rabbit B1m is running away from: LionC3
Rabbit B1 is Hungry
Rabbit B1f is running away from: LionC3
Lion C3 is Hungry
LionC3f died of hunger
LionC3fis chasing: B1f
LionC3f ate: B1f
Lion C3 f is ready to mate
Rabbit A3 is Thirsty
Rabbit A3 drank water
Rabbit A3 is Hungry
Rabbit A3m ate
Rabbit A3 m is ready to mate
Not enough female Rabbits or Female Rabbit partners are not ready yet!
Rabbit B5 is Thirsty
Rabbit B5 drank water
Rabbit B5 m is ready to mate
Not enough female Rabbits or Female Rabbit partners are not ready yet!
Rabbit C1 is Thirsty
Rabbit C1 drank water
Rabbit C1 is Hungry
Rabbit B1 is Thirsty
Rabbit B1 drank water
Rabbit B1 m is ready to mate
Not enough female Rabbits or Female Rabbit partners are not ready yet!
Rabbit C0 is Hungry
Rabbit B1 is Hungry
Rabbit A3 is Thirsty
Rabbit A3 drank water
Rabbit A3 m is ready to mate
Not enough female Rabbits or Female Rabbit partners are not ready yet!
Rabbit B5 is Thirsty
Rabbit B5 drank water
Rabbit B5 is Hungry
Rabbit B5m ate
Rabbit B5 m is ready to mate
Not enough female Rabbits or Female Rabbit partners are not ready yet!
Rabbit C1 is Thirsty
Rabbit C1 drank water
Rabbit C1 is Hungry
Rabbit B1 is Thirsty
Rabbit B1 drank water
Rabbit B1 is Hungry
Rabbit B1 m is ready to mate
Not enough female Rabbits or Female Rabbit partners are not ready yet!
Rabbit C0 is Hungry
RabbitC0f died of hunger
Rabbit C0 f is ready to mate
Rabbit B1 is Hungry
Rabbit B1 m is ready to mate
Not enough female Rabbits or Female Rabbit partners are not ready yet!
Rabbit A3 is Thirsty
Rabbit A3 drank water
Rabbit A3 is Hungry
Rabbit A3m ate
Rabbit A3 m is ready to mate
Not enough female Rabbits or Female Rabbit partners are not ready yet!
Rabbit B5 is Thirsty
Rabbit B5 drank water
Rabbit B5 m is ready to mate
Not enough female Rabbits or Female Rabbit partners are not ready yet!
Rabbit C1 is Thirsty
Rabbit C1 drank water
Rabbit C1 is Hungry
Rabbit C1f ate
Rabbit B1 is Thirsty
Rabbit B1 drank water
Rabbit B1 is Hungry
Rabbit B1m ate
Rabbit B1 m is ready to mate
Not enough female Rabbits or Female Rabbit partners are not ready yet!
Rabbit B1 is Hungry
Rabbit B1 m is ready to mate
Not enough female Rabbits or Female Rabbit partners are not ready yet!
Rabbit A3 is Thirsty
Rabbit A3 drank water
Rabbit A3 m is ready to mate
Not enough female Rabbits or Female Rabbit partners are not ready yet!
Rabbit B5 is Thirsty
Rabbit B5 drank water
Rabbit B5 is Hungry
Rabbit B5m ate
Rabbit B5 m is ready to mate
Not enough female Rabbits or Female Rabbit partners are not ready yet!
Rabbit C1 is Thirsty
Rabbit C1 drank water
Rabbit B1 is Thirsty
Rabbit B1 drank water
Rabbit B1 m is ready to mate
Not enough female Rabbits or Female Rabbit partners are not ready yet!
Rabbit B1 is Hungry
Rabbit B1 m is ready to mate
Not enough female Rabbits or Female Rabbit partners are not ready yet!
Rabbit A3 is Thirsty
Rabbit A3 drank water
Rabbit A3 is Hungry
Rabbit A3m ate
Rabbit A3 m is ready to mate
Not enough female Rabbits or Female Rabbit partners are not ready yet!
Rabbit B5 is Thirsty
Rabbit B5 drank water
Rabbit B5 m is ready to mate
Not enough female Rabbits or Female Rabbit partners are not ready yet!
Rabbit C1 is Thirsty
Rabbit C1 drank water
Rabbit C1 is Hungry
Rabbit C1f ate
Rabbit C1 f is ready to mate
Rabbit B1 is Thirsty
Rabbit B1 drank water
Rabbit B1 is Hungry
Rabbit B1 m is ready to mate
Rabbit B1 m is approaching partner: Rabbit C1f
Rabbit A4 f was born!Father is B1 and Mother is C1
Rabbit B1 is Hungry
Rabbit B1 m is ready to mate
Not enough female Rabbits or Female Rabbit partners are not ready yet!
Rabbit A3 is Thirsty
Rabbit A3 drank water
Rabbit A3 m is ready to mate
Not enough female Rabbits or Female Rabbit partners are not ready yet!
Rabbit B5 is Thirsty
Rabbit B5 drank water
Rabbit B5 is Hungry
Rabbit B5 m is ready to mate
Not enough female Rabbits or Female Rabbit partners are not ready yet!
Rabbit B1 is Thirsty
Rabbit B1 drank water
Rabbit B1 is Hungry
Rabbit B1m ate
Rabbit B1 m is ready to mate
Not enough female Rabbits or Female Rabbit partners are not ready yet!
Rabbit B1 is Hungry
Rabbit B1 m is ready to mate
Not enough female Rabbits or Female Rabbit partners are not ready yet!
Rabbit A3 is Thirsty
Rabbit A3 drank water
Rabbit A3 is Hungry
Rabbit A3m ate
Rabbit A3 m is ready to mate
Not enough female Rabbits or Female Rabbit partners are not ready yet!
Rabbit B5 is Hungry
Rabbit B5 m is ready to mate
Not enough female Rabbits or Female Rabbit partners are not ready yet!
Rabbit C1 is Hungry
Rabbit B1 is Thirsty
Rabbit B1 drank water
Rabbit B1 m is ready to mate
Not enough female Rabbits or Female Rabbit partners are not ready yet!
Rabbit B1 is Hungry
RabbitB1m died of hunger
Rabbit B1 m is ready to mate
Not enough female Rabbits or Female Rabbit partners are not ready yet!
Rabbit A4 is Hungry
Rabbit A4f ate
Rabbit A3 m is ready to mate
Not enough female Rabbits or Female Rabbit partners are not ready yet!
Rabbit B5 is Hungry
Rabbit B5 m is ready to mate
Not enough female Rabbits or Female Rabbit partners are not ready yet!
Rabbit C1 is Hungry
Rabbit C1f ate
Rabbit B1 is Hungry
Rabbit B1 m is ready to mate
Not enough female Rabbits or Female Rabbit partners are not ready yet!
Rabbit A3 is Hungry
Rabbit A3 m is ready to mate
Not enough female Rabbits or Female Rabbit partners are not ready yet!
Rabbit B5 is Hungry
Rabbit B5 m is ready to mate
Not enough female Rabbits or Female Rabbit partners are not ready yet!
Rabbit B1 is Hungry
Rabbit B1 m is ready to mate
Not enough female Rabbits or Female Rabbit partners are not ready yet!
Rabbit A4 is Hungry
Rabbit A4f ate
Rabbit A3 is Hungry
Rabbit A3 m is ready to mate
Not enough female Rabbits or Female Rabbit partners are not ready yet!
Rabbit B5 is Hungry
Rabbit B5 m is ready to mate
Not enough female Rabbits or Female Rabbit partners are not ready yet!
Rabbit C1 is Hungry
Rabbit B1 is Hungry
Rabbit B1 m is ready to mate
Not enough female Rabbits or Female Rabbit partners are not ready yet!
Rabbit A3 is Hungry
Rabbit A3 m is ready to mate
Not enough female Rabbits or Female Rabbit partners are not ready yet!
Rabbit B5 is Hungry
Rabbit B5 m is ready to mate
Not enough female Rabbits or Female Rabbit partners are not ready yet!
Rabbit C1 is Hungry
Rabbit C1f ate
Rabbit B1 is Hungry
Rabbit B1 m is ready to mate
Not enough female Rabbits or Female Rabbit partners are not ready yet!
Rabbit A4 is Hungry
Rabbit A4f ate
Rabbit A3 is Hungry
Rabbit A3 m is ready to mate
Not enough female Rabbits or Female Rabbit partners are not ready yet!
Rabbit B5 is Hungry
Rabbit B5 m is ready to mate
Not enough female Rabbits or Female Rabbit partners are not ready yet!
Rabbit C1 f is ready to mate
Rabbit B1 is Hungry
Rabbit B1 m is ready to mate
Rabbit B1 m is approaching partner: Rabbit C1f
Rabbit A4 f is ready to mate
Rabbit A3 is Hungry
Rabbit A3 m is ready to mate
Rabbit A3 m is approaching partner: Rabbit C1f
Rabbit B5 is Hungry
Rabbit B5 m is ready to mate
Rabbit B5 m is approaching partner: Rabbit C1f
Rabbit C1 is Hungry
Rabbit C1f ate
Rabbit C1 f is ready to mate
Rabbit B1 is Hungry
Rabbit B1 m is ready to mate
Rabbit B1 m is approaching partner: Rabbit C1f
Rabbit A4 is Hungry
Rabbit A4f ate
Rabbit A4 f is ready to mate
Rabbit A3 is Hungry
Rabbit A3m ate
Rabbit A3 m is ready to mate
Rabbit A3 m is approaching partner: Rabbit C1f
Rabbit B5 is Hungry
RabbitB5m died of hunger
Rabbit B5 m is ready to mate
Rabbit B5 m is approaching partner: Rabbit C1f
Rabbit C1 f is ready to mate
Rabbit B1 is Hungry
Rabbit B1 m is ready to mate
Rabbit B1 m is approaching partner: Rabbit C1f
Rabbit A4 f is ready to mate
Rabbit A3 m is ready to mate
Rabbit A3 m is approaching partner: Rabbit C1f
Rabbit C1 is Hungry
Rabbit C1f ate
Rabbit C1 f is ready to mate
Rabbit B1 is Hungry
Rabbit B1 m is ready to mate
Rabbit B1 m is approaching partner: Rabbit C1f
Rabbit A4 is Hungry
Rabbit A4 f is ready to mate
Rabbit A3 is Hungry
Rabbit A3m ate
Rabbit A3 m is ready to mate
Rabbit A3 m is approaching partner: Rabbit C1f
Rabbit C1 f is ready to mate
Rabbit B1 is Hungry
RabbitB1m died of hunger
Rabbit B1 m is ready to mate
Rabbit B1 m is approaching partner: Rabbit C1f
Rabbit A4 is Hungry
Rabbit A4 f is ready to mate
Rabbit A3 m is ready to mate
Rabbit A3 m is approaching partner: Rabbit C1f
Rabbit C1 is Hungry
Rabbit C1 f is ready to mate
Rabbit A4 is Hungry
Rabbit A4f ate
Rabbit A4 f is ready to mate
Rabbit A3 is Hungry
Rabbit A3m ate
Rabbit A3 m is ready to mate
Rabbit A3 m is approaching partner: Rabbit C1f
Rabbit C1 is Hungry
Rabbit C1f ate
Rabbit C1 f is ready to mate
Rabbit A4 f is ready to mate
Rabbit A3 m is ready to mate
Rabbit A3 m is approaching partner: Rabbit C1f
Rabbit C1 f is ready to mate
Rabbit A4 is Hungry
Rabbit A4f ate
Rabbit A4 f is ready to mate
Rabbit A3 is Hungry
Rabbit A3m ate
Rabbit A3 m is ready to mate
Rabbit A3 m is approaching partner: Rabbit C1f
Rabbit C1 is Hungry
Rabbit C1 f is ready to mate
Rabbit A4 f is ready to mate
Rabbit A3 m is ready to mate
Rabbit A3 m is approaching partner: Rabbit C1f
Rabbit C1 is Hungry
Rabbit C1 f is ready to mate
Rabbit A4 is Hungry
Rabbit A4f ate
Rabbit A4 f is ready to mate
Rabbit A3 is Hungry
Rabbit A3m ate
Rabbit A3 m is ready to mate
Rabbit A3 m is approaching partner: Rabbit C1f
Rabbit C1 is Hungry
Rabbit C1 f is ready to mate
Rabbit A4 f is ready to mate
Rabbit A3 m is ready to mate
Rabbit A3 m is approaching partner: Rabbit C1f
Rabbit C1 is Hungry
Rabbit C1 f is ready to mate
Rabbit A4 is Hungry
Rabbit A4 f is ready to mate
Rabbit A3 is Hungry
Rabbit A3m ate
Rabbit A3 m is ready to mate
Rabbit A3 m is approaching partner: Rabbit C1f
Rabbit C1 is Hungry
Rabbit C1 f is ready to mate
Rabbit A4 is Hungry
Rabbit A4f ate
Rabbit A4 f is ready to mate
Rabbit A3 m is ready to mate
Rabbit A3 m is approaching partner: Rabbit A4f
Rabbit C1 is Thirsty
Rabbit C1 drank water
Rabbit C1 is Hungry
Rabbit C1 f is ready to mate
Rabbit A4 is Thirsty
Rabbit A4 drank water
Rabbit A4 f is ready to mate
Rabbit A3 is Hungry
Rabbit A3m ate
Rabbit A3 m is ready to mate
Rabbit A3 m is approaching partner: Rabbit C1f
Rabbit C1 is Hungry
Rabbit C1f ate
Rabbit C1 f is ready to mate
Rabbit A4 is Thirsty
Rabbit A4 drank water
Rabbit A4 is Hungry
Rabbit A4 f is ready to mate
Rabbit A3 is Thirsty
Rabbit A3 drank water
Rabbit A3 m is ready to mate
Rabbit A3 m is approaching partner: Rabbit C1f
Rabbit C1 f is ready to mate
Rabbit A4 is Thirsty
Rabbit A4 drank water
Rabbit A4 is Hungry
Rabbit A4 f is ready to mate
Rabbit A3 is Thirsty
Rabbit A3 drank water
Rabbit A3 is Hungry
Rabbit A3m ate
Rabbit A3 m is ready to mate
Rabbit A3 m is approaching partner: Rabbit C1f
Rabbit C1 is Hungry
Rabbit C1 f is ready to mate
Rabbit A4 is Thirsty
Rabbit A4 drank water
Rabbit A4 is Hungry
Rabbit A4 f is ready to mate
Rabbit A3 is Thirsty
Rabbit A3 drank water
Rabbit A3 m is ready to mate
Rabbit A3 m is approaching partner: Rabbit C1f
Rabbit C1 is Hungry
Rabbit C1f ate
Rabbit C1 f is ready to mate
Rabbit A4 is Thirsty
Rabbit A4 drank water
Rabbit A4 is Hungry
Rabbit A4 f is ready to mate
Rabbit A3 is Thirsty
Rabbit A3 drank water
Rabbit A3 is Hungry
Rabbit A3m ate
Rabbit A3 m is ready to mate
Rabbit A3 m is approaching partner: Rabbit C1f
Rabbit C1 f is ready to mate
Rabbit A4 is Hungry
Rabbit A4 f is ready to mate
Rabbit A3 is Thirsty
Rabbit A3 drank water
Rabbit A3 m is ready to mate
Rabbit A3 m is approaching partner: Rabbit C1f
Rabbit C1 is Hungry
Rabbit C1 f is ready to mate
Rabbit A4 is Hungry
Rabbit A4f ate
Rabbit A4 f is ready to mate
Rabbit A3 is Thirsty
Rabbit A3 drank water
Rabbit A3 is Hungry
Rabbit A3 m is ready to mate
Rabbit A3 m is approaching partner: Rabbit C1f
Rabbit C1 is Hungry
Rabbit C1 f is ready to mate
Rabbit A4 f is ready to mate
Rabbit A3 is Thirsty
Rabbit A3 drank water
Rabbit A3 is Hungry
Rabbit A3m ate
Rabbit A3 m is ready to mate
Rabbit A3 m is approaching partner: Rabbit C1f
Rabbit C1 is Hungry
Rabbit C1 f is ready to mate
Rabbit A4 is Hungry
Rabbit A4f ate
Rabbit A4 f is ready to mate
Rabbit A3 is Thirsty
Rabbit A3 drank water
Rabbit A3 m is ready to mate
Rabbit A3 m is approaching partner: Rabbit C1f
Rabbit C1 is Hungry
Rabbit C1 f is ready to mate
Rabbit A4 f is ready to mate
Rabbit A3 is Thirsty
Rabbit A3 drank water
Rabbit A3 is Hungry
Rabbit A3 m is ready to mate
Rabbit A3 m is approaching partner: Rabbit C1f
Rabbit C1 is Hungry
Rabbit C1 f is ready to mate
Rabbit A4 is Hungry
Rabbit A4f ate
Rabbit A4 f is ready to mate
Rabbit A3 is Thirsty
Rabbit A3 drank water
Rabbit A3 is Hungry
Rabbit A3m ate
Rabbit A3 m is ready to mate
Rabbit A3 m is approaching partner: Rabbit C1f
Rabbit C1 is Hungry
Rabbit C1f ate
Rabbit C1 f is ready to mate
Rabbit A4 f is ready to mate
Rabbit A3 is Thirsty
Rabbit A3 drank water
Rabbit A3 m is ready to mate
Rabbit A3 m is approaching partner: Rabbit C1f
Rabbit C1 f is ready to mate
Rabbit A4 is Hungry
Rabbit A4 f is ready to mate
