Rabbit B3f is running away from: WolfA3
Rabbit B3 is Hungry
Rabbit B3f ate
Rabbit A1 is Hungry
Rabbit A1f ate
Rabbit C5 is Hungry
Rabbit C5m ate
Rabbit A1 is Hungry
Rabbit A1m ate
Rabbit C1 is Hungry
Rabbit C1m ate
Rabbit A3 is Hungry
Rabbit A3m ate
Rabbit B2 is Hungry
Rabbit B2f ate
Rabbit B5 is Hungry
Rabbit B5m ate
Rabbit B4 is Hungry
Rabbit B4m ate
Rabbit C1 is Hungry
Rabbit C1m ate
Rabbit C5 is Hungry
Rabbit C5m ate
Rabbit B4 is Hungry
Rabbit B4m ate
Rabbit B2 is Hungry
Rabbit B2m ate
Rabbit A0 is Hungry
Rabbit A0m ate
Rabbit B3 is Hungry
Rabbit B3m ate
Rabbit B3 is Hungry
Rabbit B3f ate
Rabbit A1 is Hungry
Rabbit A1f ate
Rabbit C5 is Hungry
Rabbit C5m ate
Rabbit A1 is Hungry
Rabbit C1 is Hungry
Rabbit C1m ate
Rabbit A3 is Hungry
Rabbit A3m ate
Rabbit B2 is Hungry
Rabbit B2f ate
Rabbit B5 is Hungry
Rabbit B5m ate
Rabbit B4 is Hungry
Rabbit B4m ate
Rabbit C1 is Hungry
Rabbit C1m ate
Rabbit C5 is Hungry
Rabbit B4 is Hungry
Rabbit B4m ate
Rabbit B2 is Hungry
Rabbit B2m ate
Rabbit A0 is Hungry
Rabbit A0m ate
Rabbit B3 is Hungry
Rabbit B3m ate
Wolf A4f ate!
Rabbit B3 is Hungry
Rabbit A1 is Hungry
Rabbit C5 is Hungry
Rabbit A1 is Hungry
Rabbit A1m ate
Rabbit C1 is Hungry
Rabbit A3 is Hungry
Rabbit B2 is Hungry
Rabbit B5 is Hungry
Rabbit B5m ate
Rabbit C1 is Hungry
Rabbit C1m ate
Rabbit C5 is Hungry
Rabbit C5m ate
Rabbit B4 is Hungry
Rabbit B4m ate
Rabbit B2 is Hungry
Rabbit B2m ate
Rabbit A0 is Hungry
Rabbit B3 is Hungry
Rabbit B3m ate
Wolf C4 m is ready to mate
Wolf B3 f is ready to mate
Wolf A3 m is ready to mate
Wolf A4 f is ready to mate
Rabbit B3 is Hungry
Rabbit B3f ate
Rabbit A1 is Hungry
Rabbit C5 is Hungry
Rabbit A1 is Hungry
Rabbit C1m is running away from: WolfA3
Rabbit C1 is Hungry
Rabbit C1m ate
Rabbit A3 is Hungry
Rabbit A3m ate
Rabbit B2 is Hungry
Rabbit B5 is Hungry
Rabbit C1 is Hungry
Rabbit C1m ate
Rabbit C5 is Hungry
Rabbit C5m ate
Rabbit B4 is Hungry
Rabbit B4m ate
Rabbit B2 is Hungry
Rabbit B2m ate
Rabbit A0 is Hungry
Rabbit A0m ate
Rabbit B3 is Hungry
Rabbit B3m ate
Lion C2 m is ready to mate
Lion A1 f is ready to mate
Lion C2 f is ready to mate
Lion A3 f is ready to mate
Wolf C4 m is ready to mate
Wolf B3 f is ready to mate
Wolf A3 m is ready to mate
Wolf A4 f is ready to mate
Rabbit B3 is Hungry
Rabbit B3f ate
Rabbit B3 f is ready to mate
Rabbit A1 is Hungry
Rabbit A1f ate
Rabbit A1 f is ready to mate
Rabbit C5m is running away from: WolfC4
Rabbit C5 is Hungry
Rabbit C5m ate
Rabbit C5 m is ready to mate
Rabbit C5 m is approaching partner: Rabbit B2f
Rabbit A1 is Hungry
Rabbit A1 m is ready to mate
Rabbit A1 m is approaching partner: Rabbit B2f
Rabbit C1m is running away from: WolfA3
Rabbit C1 is Hungry
Rabbit C1 m is ready to mate
Rabbit C1 m is approaching partner: Rabbit B3f
Rabbit A3 is Hungry
Rabbit A3m ate
Rabbit A3 m is ready to mate
Rabbit A3 m is approaching partner: Rabbit B2f
Rabbit B2 is Hungry
Rabbit B2f ate
Rabbit B2 f is ready to mate
Rabbit B5 is Hungry
Rabbit B5m ate
Rabbit B5 m is ready to mate
Rabbit B5 m is approaching partner: Rabbit A1f
Rabbit C1 is Hungry
Rabbit C1 m is ready to mate
Rabbit C1 m is approaching partner: Rabbit B2f
Rabbit C5 is Hungry
Rabbit C5 m is ready to mate
Rabbit C5 m is approaching partner: Rabbit B2f
Rabbit B4 is Hungry
Rabbit B4m ate
Rabbit B4 m is ready to mate
Rabbit B4 m is approaching partner: Rabbit B2f
Rabbit B2m is running away from: WolfA4
Rabbit B2 is Hungry
Rabbit B2 m is ready to mate
Rabbit B2 m is approaching partner: Rabbit B2f
Rabbit A0 is Hungry
Rabbit A0 m is ready to mate
Rabbit A0 m is approaching partner: Rabbit B2f
Rabbit B3 is Hungry
Rabbit B3m ate
Rabbit B3 m is ready to mate
Rabbit B3 m is approaching partner: Rabbit B2f
Lion C2 m is ready to mate
Lion A1 f is ready to mate
Lion C2 f is ready to mate
Lion A3 f is ready to mate
Wolf C4 m is ready to mate
Wolf B3 f is ready to mate
Wolf A3m ate!
Wolf A3 m is ready to mate
Wolf A4 f is ready to mate
Rabbit B3f is running away from: WolfA3
Rabbit B3 is Hungry
Rabbit B3 f is ready to mate
Rabbit A1 is Hungry
Rabbit A1 f is ready to mate
Rabbit C5m is running away from: WolfC4
Rabbit C5 is Hungry
Rabbit C5 m is ready to mate
Rabbit C5 m is approaching partner: Rabbit B2f
Rabbit A1 is Hungry
Rabbit A1m ate
Rabbit A1 m is ready to mate
Rabbit A1 m is approaching partner: Rabbit B2f
Rabbit A3 is Hungry
Rabbit A3 m is ready to mate
Rabbit A3 m is approaching partner: Rabbit B2f
Rabbit B2 is Hungry
Rabbit B2f ate
Rabbit B2 f is ready to mate
Rabbit B5 is Hungry
Rabbit B5 m is ready to mate
Rabbit B5 m is approaching partner: Rabbit A1f
Rabbit C1 is Hungry
Rabbit C1m ate
Rabbit C1 m is ready to mate
Rabbit C1 m is approaching partner: Rabbit B2f
Rabbit C5 is Hungry
Rabbit C5 m is ready to mate
Rabbit C5 m is approaching partner: Rabbit B2f
Rabbit B4m is running away from: LionA3
Rabbit B4 is Hungry
Rabbit B4m ate
Rabbit B4 m is ready to mate
Rabbit B4 m is approaching partner: Rabbit B2f
Rabbit B2m is running away from: WolfA4
Rabbit B2 is Hungry
Rabbit B2m ate
Rabbit B2 m is ready to mate
Rabbit B2 m is approaching partner: Rabbit B2f
Rabbit A0 is Hungry
Rabbit A0m ate
Rabbit A0 m is ready to mate
Rabbit A0 m is approaching partner: Rabbit B2f
Rabbit B3 is Hungry
Rabbit B3 m is ready to mate
Rabbit B3 m is approaching partner: Rabbit B2f
Lion C2 m is ready to mate
Lion A1 f is ready to mate
Lion C2 f is ready to mate
Lion A3 f is ready to mate
Wolf C4 m is ready to mate
Wolf B3 f is ready to mate
Wolf A3 m is ready to mate
Wolf A4 f is ready to mate
Rabbit B3f is running away from: WolfA3
Rabbit B3 is Hungry
Rabbit B3f ate
Rabbit B3 f is ready to mate
Rabbit A1 is Hungry
Rabbit A1 f is ready to mate
Rabbit C5m is running away from: WolfC4
Rabbit C5 is Hungry
Rabbit C5m ate
Rabbit C5 m is ready to mate
Rabbit C5 m is approaching partner: Rabbit B2f
Rabbit A1 is Hungry
Rabbit A1m ate
Rabbit A1 m is ready to mate
Rabbit A1 m is approaching partner: Rabbit B2f
Rabbit A3 is Hungry
Rabbit A3m ate
Rabbit A3 m is ready to mate
Rabbit A3 m is approaching partner: Rabbit B2f
Rabbit B2 is Hungry
Rabbit B2f ate
Rabbit B2 f is ready to mate
Rabbit B5 is Hungry
Rabbit B5 m is ready to mate
Rabbit B5 m is approaching partner: Rabbit A1f
Rabbit C1 is Hungry
Rabbit C1 m is ready to mate
Rabbit C1 m is approaching partner: Rabbit B2f
Rabbit C5 is Hungry
Rabbit C5 m is ready to mate
Rabbit C5 m is approaching partner: Rabbit B2f
Rabbit B4 is Hungry
Rabbit B4m ate
Rabbit B4 m is ready to mate
Rabbit B4 m is approaching partner: Rabbit B2f
Rabbit B2 is Hungry
Rabbit B2m ate
Rabbit B2 m is ready to mate
Rabbit B2 m is approaching partner: Rabbit B2f
Rabbit A0 is Hungry
Rabbit A0m ate
Rabbit A0 m is ready to mate
Rabbit A0 m is approaching partner: Rabbit B2f
Rabbit B3 is Hungry
Rabbit B3m ate
Rabbit B3 m is ready to mate
Rabbit B3 m is approaching partner: Rabbit B2f
Lion C2 m is ready to mate
Lion A1 f is ready to mate
Lion C2 f is ready to mate
Lion A3 f is ready to mate
Wolf C4 m is ready to mate
Wolf B3 f is ready to mate
Wolf A3 m is ready to mate
Wolf A4 f is ready to mate
Rabbit B3 is Hungry
Rabbit B3f ate
Rabbit B3 f is ready to mate
Rabbit A1 is Hungry
Rabbit A1f ate
Rabbit A1 f is ready to mate
Rabbit C5m is running away from: WolfC4
Rabbit C5 is Hungry
Rabbit C5m ate
Rabbit C5 m is ready to mate
Rabbit C5 m is approaching partner: Rabbit B2f
Rabbit A1 is Hungry
Rabbit A1m ate
Rabbit A1 m is ready to mate
Rabbit A1 m is approaching partner: Rabbit B2f
Rabbit C2 f was born!Father is A1 and Mother is B2
Rabbit A3 is Hungry
Rabbit A3m ate
Rabbit A3 m is ready to mate
Rabbit A3 m is approaching partner: Rabbit B3f
Rabbit B2 is Hungry
Rabbit B5 is Hungry
Rabbit B5 m is ready to mate
Rabbit B5 m is approaching partner: Rabbit A1f
Rabbit C1 is Hungry
Rabbit C1 m is ready to mate
Rabbit C1 m is approaching partner: Rabbit B3f
Rabbit C5 is Hungry
Rabbit C5m ate
Rabbit C5 m is ready to mate
Rabbit C5 m is approaching partner: Rabbit B3f
Rabbit B4m is running away from: LionA3
Rabbit B4 is Hungry
Rabbit B4m ate
Rabbit B4 m is ready to mate
Rabbit B4 m is approaching partner: Rabbit B3f
Rabbit B2m is running away from: WolfA4
Rabbit B2 is Hungry
Rabbit B2m ate
Rabbit B2 m is ready to mate
Rabbit B2 m is approaching partner: Rabbit B3f
Rabbit A0 is Hungry
Rabbit A0m ate
Rabbit A0 m is ready to mate
Rabbit A0 m is approaching partner: Rabbit B3f
Rabbit B3 is Hungry
Rabbit B3m ate
Rabbit B3 m is ready to mate
Rabbit B3 m is approaching partner: Rabbit B3f
Lion C2 m is ready to mate
Lion A1 f is ready to mate
Lion C2 f is ready to mate
Lion A3 f is ready to mate
Wolf C4 m is ready to mate
Wolf B3 f is ready to mate
Wolf A3 m is ready to mate
Wolf A4 f is ready to mate
Rabbit B3 is Hungry
Rabbit B3f ate
Rabbit B3 f is ready to mate
Rabbit A1 is Hungry
Rabbit A1f ate
Rabbit A1 f is ready to mate
Rabbit C5m is running away from: WolfC4
Rabbit C5 is Hungry
Rabbit C5m ate
Rabbit C5 m is ready to mate
Rabbit C5 m is approaching partner: Rabbit B3f
Rabbit A1 is Hungry
Rabbit A1m ate
Rabbit A1 m is ready to mate
Rabbit A1 m is approaching partner: Rabbit B3f
Rabbit A3 is Hungry
Rabbit A3m ate
Rabbit A3 m is ready to mate
Rabbit A3 m is approaching partner: Rabbit B3f
Rabbit B2 is Hungry
Rabbit B2f ate
Rabbit B5 is Hungry
Rabbit B5 m is ready to mate
Rabbit B5 m is approaching partner: Rabbit A1f
Rabbit C2 f was born!Father is B5 and Mother is A1
Rabbit C1 is Hungry
Rabbit C1m ate
Rabbit C1 m is ready to mate
Rabbit C1 m is approaching partner: Rabbit B3f
Rabbit C5 is Hungry
Rabbit C5m ate
Rabbit C5 m is ready to mate
Rabbit C5 m is approaching partner: Rabbit B3f
Rabbit B4m is running away from: LionA3
Rabbit B4 is Hungry
Rabbit B4m ate
Rabbit B4 m is ready to mate
Rabbit B4 m is approaching partner: Rabbit B3f
Rabbit B2m is running away from: WolfA4
Rabbit B2 is Hungry
Rabbit B2m ate
Rabbit B2 m is ready to mate
Rabbit B2 m is approaching partner: Rabbit B3f
Rabbit A0 is Hungry
Rabbit A0m ate
Rabbit A0 m is ready to mate
Rabbit A0 m is approaching partner: Rabbit B3f
Rabbit B3 is Hungry
Rabbit B3m ate
Rabbit B3 m is ready to mate
Rabbit B3 m is approaching partner: Rabbit B3f
Rabbit C2 is Hungry
Rabbit C2f ate
Lion C2 m is ready to mate
Lion A1 f is ready to mate
Lion C2 f is ready to mate
Lion A3 f is ready to mate
Wolf C4 is Hungry
Wolf C4m is chasing: C5m
Wolf C4 is Thirsty
Wolf C4drank water
Wolf C4 m is ready to mate
Wolf B3 is Hungry
Wolf B3f is chasing: B3m
Wolf B3 is Thirsty
Wolf B3drank water
Wolf B3 f is ready to mate
Wolf A3 is Thirsty
Wolf A3drank water
Wolf A3 m is ready to mate
Wolf A4 is Thirsty
Wolf A4drank water
Wolf A4 f is ready to mate
Rabbit B3 is Hungry
Rabbit B3f ate
Rabbit B3 f is ready to mate
Rabbit A1 is Hungry
Rabbit C5m is running away from: WolfC4
Rabbit C5 is Hungry
Rabbit C5m ate
Rabbit C5 m is ready to mate
Rabbit C5 m is approaching partner: Rabbit B3f
Rabbit A1 is Hungry
Rabbit A1 m is ready to mate
Rabbit A1 m is approaching partner: Rabbit B3f
Rabbit A3m is running away from: WolfA3
Rabbit A3 is Hungry
Rabbit A3m ate
Rabbit A3 m is ready to mate
Rabbit A3 m is approaching partner: Rabbit B3f
Rabbit B2 is Hungry
Rabbit B2f ate
Rabbit B5 is Hungry
RabbitB5m died of hunger
Rabbit B5 m is ready to mate
Rabbit B5 m is approaching partner: Rabbit B3f
Rabbit C1 is Hungry
Rabbit C1m ate
Rabbit C1 m is ready to mate
Rabbit C1 m is approaching partner: Rabbit B3f
Rabbit C5 is Hungry
Rabbit C5m ate
Rabbit C5 m is ready to mate
Rabbit C5 m is approaching partner: Rabbit B3f
Rabbit B4 is Hungry
Rabbit B4 m is ready to mate
Rabbit B4 m is approaching partner: Rabbit B3f
Rabbit B2 is Hungry
Rabbit B2m ate
Rabbit B2 m is ready to mate
Rabbit B2 m is approaching partner: Rabbit B3f
Rabbit A0 is Hungry
Rabbit A0m ate
Rabbit A0 m is ready to mate
Rabbit A0 m is approaching partner: Rabbit B3f
Rabbit B3 is Hungry
Rabbit B3m ate
Rabbit B3 m is ready to mate
Rabbit B3 m is approaching partner: Rabbit B3f
Rabbit C2 is Hungry
Rabbit C2f ate
Rabbit C2 is Hungry
Lion C2 is Thirsty
Lion C2 drank water
Lion C2 m is ready to mate
Lion A1 is Thirsty
Lion A1 drank water
Lion A1 f is ready to mate
Lion C2 is Thirsty
Lion C2 drank water
Lion C2 f is ready to mate
Lion A3 is Thirsty
Lion A3 drank water
Lion A3 f is ready to mate
Wolf C4 is Hungry
Wolf C4m is chasing: C5m
Wolf C4 is Thirsty
Wolf C4drank water
Wolf C4 m is ready to mate
Wolf B3 is Hungry
Wolf B3f is chasing: B3m
Wolf B3 is Thirsty
Wolf B3drank water
Wolf B3 f is ready to mate
Wolf A3 is Thirsty
Wolf A3drank water
Wolf A3 m is ready to mate
Wolf A4 is Thirsty
Wolf A4drank water
Wolf A4 f is ready to mate
Rabbit B3 is Hungry
Rabbit B3f ate
Rabbit B3 f is ready to mate
Rabbit A1 is Hungry
Rabbit A1f ate
Rabbit C5 is Hungry
Rabbit C5m ate
Rabbit C5 m is ready to mate
Rabbit C5 m is approaching partner: Rabbit B3f
Rabbit A1 is Hungry
Rabbit A1 m is ready to mate
Rabbit A1 m is approaching partner: Rabbit B3f
Rabbit A3m is running away from: WolfA3
Rabbit A3 is Hungry
Rabbit A3m ate
Rabbit A3 m is ready to mate
Rabbit A3 m is approaching partner: Rabbit B3f
Rabbit B2 is Hungry
Rabbit B2f ate
Rabbit C1 is Hungry
Rabbit C1m ate
Rabbit C1 m is ready to mate
Rabbit C1 m is approaching partner: Rabbit B3f
Rabbit C5 is Hungry
Rabbit C5m ate
Rabbit C5 m is ready to mate
Rabbit C5 m is approaching partner: Rabbit B3f
Rabbit B4 is Hungry
Rabbit B4m ate
Rabbit B4 m is ready to mate
Rabbit B4 m is approaching partner: Rabbit B3f
Rabbit B2 is Hungry
Rabbit B2m ate
Rabbit B2 m is ready to mate
Rabbit B2 m is approaching partner: Rabbit B3f
Rabbit A0 is Hungry
Rabbit A0 m is ready to mate
Rabbit A0 m is approaching partner: Rabbit B3f
Rabbit B3m is running away from: WolfB3
Rabbit B3 is Hungry
Rabbit B3m ate
Rabbit B3 m is ready to mate
Rabbit B3 m is approaching partner: Rabbit B3f
Rabbit C2 is Hungry
Rabbit C2 is Hungry
Rabbit C2f ate
Lion C2 is Thirsty
Lion C2 drank water
Lion C2 m is ready to mate
Lion A1 is Thirsty
Lion A1 drank water
Lion A1 f is ready to mate
Lion C2 is Thirsty
Lion C2 drank water
Lion C2 f is ready to mate
Lion A3 is Thirsty
Lion A3 drank water
Lion A3 f is ready to mate
Wolf C4 is Hungry
Wolf C4m is chasing: C5m
Wolf C4 is Thirsty
Wolf C4drank water
Wolf C4 m is ready to mate
Wolf B3 is Hungry
Wolf B3f is chasing: B3m
Wolf B3f ate!
Wolf B3 is Thirsty
Wolf B3drank water
Wolf B3 f is ready to mate
Wolf A3m ate!
Wolf A3 is Thirsty
Wolf A3drank water
Wolf A3 m is ready to mate
Wolf A4 is Thirsty
Wolf A4drank water
Wolf A4 f is ready to mate
Rabbit B3 is Hungry
Rabbit B3f ate
Rabbit B3 f is ready to mate
Rabbit A1 is Hungry
Rabbit C5 is Hungry
Rabbit C5 m is ready to mate
Rabbit C5 m is approaching partner: Rabbit C2f
Rabbit A1 is Hungry
Rabbit A1 m is ready to mate
Rabbit A1 m is approaching partner: Rabbit C2f
Rabbit C3 m was born!Father is A1 and Mother is C2
Rabbit A3 is Hungry
Rabbit A3m ate
Rabbit A3 m is ready to mate
Rabbit A3 m is approaching partner: Rabbit B3f
Rabbit B2 is Hungry
Rabbit B2f ate
Rabbit B2 f is ready to mate
Rabbit C5 is Hungry
Rabbit C5m ate
Rabbit C5 m is ready to mate
Rabbit C5 m is approaching partner: Rabbit B2f
Rabbit B4 is Hungry
Rabbit B4m ate
Rabbit B4 m is ready to mate
Rabbit B4 m is approaching partner: Rabbit B2f
Rabbit B2 is Hungry
Rabbit B2m ate
Rabbit B2 m is ready to mate
Rabbit B2 m is approaching partner: Rabbit B2f
Rabbit A0 is Hungry
Rabbit A0 m is ready to mate
Rabbit A0 m is approaching partner: Rabbit B2f
Rabbit C2 is Hungry
Rabbit C2 is Hungry
Lion C2 m is ready to mate
Lion A1 is Thirsty
Lion A1 drank water
Lion A1 f is ready to mate
Lion C2 is Thirsty
Lion C2 drank water
Lion C2 f is ready to mate
Lion A3 is Thirsty
Lion A3 drank water
Lion A3 f is ready to mate
Wolf C4 is Hungry
Wolf C4m is chasing: C5m
Wolf C4 is Thirsty
Wolf C4drank water
Wolf C4 m is ready to mate
Wolf B3 is Thirsty
Wolf B3drank water
Wolf B3 f is ready to mate
Wolf A3 is Thirsty
Wolf A3drank water
Wolf A3 m is ready to mate
Wolf A4 is Hungry
Wolf A4f is chasing: B2m
Wolf A4 is Thirsty
Wolf A4drank water
Wolf A4 f is ready to mate
Rabbit B3 is Hungry
Rabbit B3 f is ready to mate
Rabbit A1 is Hungry
Rabbit C5 is Hungry
Rabbit C5m ate
Rabbit C5 m is ready to mate
Rabbit C5 m is approaching partner: Rabbit B2f
Rabbit A1 is Hungry
Rabbit A1m ate
Rabbit A1 m is ready to mate
Rabbit A1 m is approaching partner: Rabbit B2f
Rabbit A3 is Hungry
Rabbit A3m ate
Rabbit A3 m is ready to mate
Rabbit A3 m is approaching partner: Rabbit A1f
Rabbit B2 is Hungry
Rabbit B2 f is ready to mate
Rabbit C5 is Hungry
Rabbit C5 m is ready to mate
Rabbit C5 m is approaching partner: Rabbit B2f
Rabbit B4 is Hungry
Rabbit B4m ate
Rabbit B4 m is ready to mate
Rabbit B4 m is approaching partner: Rabbit B2f
Rabbit B2 is Hungry
Rabbit B2 m is ready to mate
Rabbit B2 m is approaching partner: Rabbit B2f
Rabbit A0 is Hungry
Rabbit A0 m is ready to mate
Rabbit A0 m is approaching partner: Rabbit B2f
Rabbit C2 is Hungry
Rabbit C2 is Hungry
Rabbit C3 is Hungry
Lion C2 m is ready to mate
Lion A1 is Thirsty
Lion A1 drank water
Lion A1 f is ready to mate
Lion C2 is Thirsty
Lion C2 drank water
Lion C2 f is ready to mate
Lion A3 is Thirsty
Lion A3 drank water
Lion A3f ate: C5m
Lion A3 f is ready to mate
Wolf C4 is Hungry
Wolf C4m is chasing: C5m
Wolf C4 is Thirsty
Wolf C4drank water
Wolf C4 m is ready to mate
Wolf B3 is Thirsty
Wolf B3drank water
Wolf B3 f is ready to mate
Wolf A3 is Thirsty
Wolf A3drank water
Wolf A3 m is ready to mate
Wolf A4 is Hungry
Wolf A4f is chasing: B2m
Wolf A4 is Thirsty
Wolf A4drank water
Wolf A4 f is ready to mate
Rabbit B3 is Hungry
Rabbit B3 f is ready to mate
Rabbit A1 is Hungry
Rabbit A1 f is ready to mate
Rabbit C5m is running away from: LionA3
Rabbit C5 is Hungry
Rabbit C5m ate
Rabbit C5 m is ready to mate
Rabbit C5 m is approaching partner: Rabbit B2f
Rabbit A1 is Hungry
Rabbit A1 m is ready to mate
Rabbit A1 m is approaching partner: Rabbit B2f
Rabbit A3 is Hungry
Rabbit A3m ate
Rabbit A3 m is ready to mate
Rabbit A3 m is approaching partner: Rabbit A1f
Rabbit B2 is Hungry
Rabbit B2f ate
Rabbit B2 f is ready to mate
Rabbit C5 is Hungry
Rabbit C5 m is ready to mate
Rabbit C5 m is approaching partner: Rabbit B2f
Rabbit B4 is Hungry
Rabbit B4m ate
Rabbit B4 m is ready to mate
Rabbit B4 m is approaching partner: Rabbit B2f
Rabbit B2 is Hungry
Rabbit B2 m is ready to mate
Rabbit B2 m is approaching partner: Rabbit B2f
Rabbit A0 is Hungry
Rabbit A0 m is ready to mate
Rabbit A0 m is approaching partner: Rabbit B2f
Rabbit C2 is Hungry
Rabbit C2f ate
Rabbit C2 is Hungry
Rabbit C2 f is ready to mate
Rabbit C3 is Hungry
Lion C2 m is ready to mate
Lion A1 f is ready to mate
Lion C2 is Thirsty
Lion C2 drank water
Lion C2 f is ready to mate
Lion A3 is Thirsty
Lion A3 drank water
Lion A3 f is ready to mate
Wolf C4 is Hungry
Wolf C4m is chasing: C5m
Wolf C4 m is ready to mate
Wolf B3 f is ready to mate
Wolf A3 is Thirsty
Wolf A3drank water
Wolf A3 m is ready to mate
Wolf A4 is Hungry
Wolf A4f is chasing: B4m
Wolf A4 is Thirsty
Wolf A4drank water
Wolf A4 f is ready to mate
Rabbit B3 is Hungry
Rabbit B3 f is ready to mate
Rabbit A1 is Hungry
Rabbit A1f ate
Rabbit A1 f is ready to mate
Rabbit C5 is Hungry
Rabbit C5m ate
Rabbit C5 m is ready to mate
Rabbit C5 m is approaching partner: Rabbit B2f
Rabbit A1 is Hungry
Rabbit A1m ate
Rabbit A1 m is ready to mate
Rabbit A1 m is approaching partner: Rabbit B2f
Rabbit A3 is Hungry
Rabbit A3m ate
Rabbit A3 m is ready to mate
Rabbit A3 m is approaching partner: Rabbit A1f
Rabbit C2 f was born!Father is A3 and Mother is A1
Rabbit B2 is Hungry
Rabbit B2f ate
Rabbit B2 f is ready to mate
Rabbit C5 is Hungry
Rabbit C5 m is ready to mate
Rabbit C5 m is approaching partner: Rabbit B2f
Rabbit B4 is Hungry
Rabbit B4m ate
Rabbit B4 m is ready to mate
Rabbit B4 m is approaching partner: Rabbit B2f
Rabbit B2 is Hungry
Rabbit B2 m is ready to mate
Rabbit B2 m is approaching partner: Rabbit B2f
Rabbit A0 is Hungry
RabbitA0m died of hunger
Rabbit A0 m is ready to mate
Rabbit A0 m is approaching partner: Rabbit B2f
Rabbit C2 is Hungry
Rabbit C2f ate
Rabbit C2 is Hungry
Rabbit C2 f is ready to mate
Rabbit C3 is Hungry
Lion C2 m is ready to mate
Lion A1 f is ready to mate
Lion C2 is Thirsty
Lion C2 drank water
Lion C2 f is ready to mate
Lion A3 is Thirsty
Lion A3 drank water
Lion A3 f is ready to mate
Wolf C4 is Hungry
Wolf C4m is chasing: C5m
Wolf C4 m is ready to mate
Wolf B3 f is ready to mate
Wolf A3 is Thirsty
Wolf A3drank water
Wolf A3 m is ready to mate
Wolf A4 is Hungry
Wolf A4f is chasing: B4m
Wolf A4 is Thirsty
Wolf A4drank water
Wolf A4 f is ready to mate
Rabbit B3 is Hungry
Rabbit B3 f is ready to mate
Rabbit A1 is Hungry
Rabbit A1f ate
Rabbit C5 is Hungry
Rabbit C5m ate
Rabbit C5 m is ready to mate
Rabbit C5 m is approaching partner: Rabbit B2f
Rabbit A1 is Hungry
Rabbit A1m ate
Rabbit A1 m is ready to mate
Rabbit A1 m is approaching partner: Rabbit B2f
Rabbit A3 is Hungry
Rabbit A3m ate
Rabbit A3 m is ready to mate
Rabbit A3 m is approaching partner: Rabbit C2f
Rabbit B2 is Hungry
Rabbit B2f ate
Rabbit B2 f is ready to mate
Rabbit C5 is Hungry
Rabbit C5 m is ready to mate
Rabbit C5 m is approaching partner: Rabbit B2f
Rabbit B4 is Hungry
Rabbit B4m ate
Rabbit B4 m is ready to mate
Rabbit B4 m is approaching partner: Rabbit B2f
Rabbit B2 is Hungry
Rabbit B2 m is ready to mate
Rabbit B2 m is approaching partner: Rabbit B2f
Rabbit C2 is Hungry
Rabbit C2f ate
Rabbit C2 f is ready to mate
Rabbit C2 is Hungry
RabbitC2f died of hunger
Rabbit C2f ate
Rabbit C2 f is ready to mate
Rabbit C3 is Hungry
Rabbit C3m ate
Rabbit C2 is Hungry
Rabbit C2f ate
Lion C2 m is ready to mate
Lion A1 f is ready to mate
Lion C2 is Thirsty
Lion C2 drank water
Lion C2 f is ready to mate
Lion A3 is Thirsty
Lion A3 drank water
Lion A3 f is ready to mate
Wolf C4 is Hungry
Wolf C4m is chasing: C5m
Wolf C4 m is ready to mate
Wolf B3 f is ready to mate
Wolf A3 is Thirsty
Wolf A3drank water
Wolf A3 m is ready to mate
Wolf A4 is Hungry
Wolf A4f is chasing: B4m
Wolf A4 is Thirsty
Wolf A4drank water
Wolf A4 f is ready to mate
Rabbit B3 is Hungry
RabbitB3f died of hunger
Rabbit B3f ate
Rabbit B3 f is ready to mate
Rabbit A1 is Hungry
Rabbit C5m is running away from: LionA3
Rabbit C5 is Hungry
Rabbit C5 m is ready to mate
Rabbit C5 m is approaching partner: Rabbit C2f
Rabbit A1 is Hungry
Rabbit A1m ate
Rabbit A1 m is ready to mate
Rabbit A1 m is approaching partner: Rabbit C2f
Rabbit B1 f was born!Father is A1 and Mother is C2
Rabbit A3 is Hungry
Rabbit A3 m is ready to mate
Rabbit A3 m is approaching partner: Rabbit B2f
Rabbit B2 is Hungry
Rabbit B2f ate
Rabbit B2 f is ready to mate
Rabbit C5 is Hungry
RabbitC5m died of hunger
Rabbit C5m ate
Rabbit C5 m is ready to mate
Rabbit C5 m is approaching partner: Rabbit B2f
Rabbit B4 is Hungry
Rabbit B4m ate
Rabbit B4 m is ready to mate
Rabbit B4 m is approaching partner: Rabbit B2f
Rabbit B2 is Hungry
RabbitB2m died of hunger
Rabbit B2 m is ready to mate
Rabbit B2 m is approaching partner: Rabbit B2f
Rabbit C2 is Hungry
Rabbit C3 is Hungry
Rabbit C3 m is ready to mate
Rabbit C3 m is approaching partner: Rabbit B2f
Rabbit C2 is Hungry
Lion C2 m is ready to mate
Lion A1 f is ready to mate
Lion C2 is Thirsty
Lion C2 drank water
Lion C2 f is ready to mate
Lion A3 is Thirsty
Lion A3 drank water
Lion A3 f is ready to mate
Wolf C4 is Hungry
Wolf C4m is chasing: C5m
Wolf C4 m is ready to mate
Wolf B3 f is ready to mate
Wolf A3 is Thirsty
Wolf A3drank water
Wolf A3 m is ready to mate
Wolf A4 is Hungry
Wolf A4f is chasing: B4m
Wolf A4 is Thirsty
Wolf A4drank water
Wolf A4 f is ready to mate
Rabbit A1 is Hungry
Rabbit C5 is Hungry
Rabbit C5m ate
Rabbit C5 m is ready to mate
Rabbit C5 m is approaching partner: Rabbit B2f
Rabbit A1 is Hungry
Rabbit A1 m is ready to mate
Rabbit A1 m is approaching partner: Rabbit B2f
Rabbit C5 m was born!Father is A1 and Mother is B2
Rabbit A3 is Hungry
Rabbit A3 m is ready to mate
Not enough female Rabbits or Female Rabbit partners are not ready yet!
Rabbit B2 is Hungry
Rabbit B4 is Hungry
Rabbit B4m ate
Rabbit B4 m is ready to mate
Not enough female Rabbits or Female Rabbit partners are not ready yet!
Rabbit C2f is running away from: WolfA3
Rabbit C2 is Hungry
Rabbit C2f ate
Rabbit C3 is Hungry
Rabbit C3 m is ready to mate
Not enough female Rabbits or Female Rabbit partners are not ready yet!
Rabbit C2 is Hungry
Rabbit C2f ate
Rabbit B1 is Hungry
Lion C2 m is ready to mate
Lion A1 f is ready to mate
Lion C2 f is ready to mate
Lion A3 is Thirsty
Lion A3 drank water
Lion A3 f is ready to mate
Wolf C4 is Hungry
Wolf C4m is chasing: C5m
Wolf C4 m is ready to mate
Wolf B3 f is ready to mate
Wolf A3 is Thirsty
Wolf A3drank water
Wolf A3 m is ready to mate
Wolf A4 is Hungry
Wolf A4f is chasing: B4m
Wolf A4 is Thirsty
Wolf A4drank water
Wolf A4 f is ready to mate
Rabbit A1 is Hungry
Rabbit C5m is running away from: LionA3
Rabbit C5 is Hungry
Rabbit C5m ate
Rabbit C5 m is ready to mate
Rabbit C5 m is approaching partner: Rabbit A1f
Rabbit A1 is Hungry
Rabbit A1m ate
Rabbit A1 m is ready to mate
Rabbit A1 m is approaching partner: Rabbit A1f
Rabbit A3 is Hungry
Rabbit A3 m is ready to mate
Rabbit A3 m is approaching partner: Rabbit A1f
Rabbit B2 f was born!Father is A3 and Mother is A1
Rabbit B2 is Hungry
Rabbit B4 is Hungry
Rabbit B4 m is ready to mate
Not enough female Rabbits or Female Rabbit partners are not ready yet!
Rabbit C2f is running away from: WolfA3
Rabbit C2 is Hungry
Rabbit C3 is Hungry
Rabbit C3 m is ready to mate
Not enough female Rabbits or Female Rabbit partners are not ready yet!
Rabbit C2 is Hungry
Rabbit B1 is Hungry
Rabbit B1f ate
Rabbit C5 is Hungry
Rabbit C5m ate
Lion C2 m is ready to mate
Lion A1 f is ready to mate
Lion C2 f is ready to mate
Lion A3 is Thirsty
Lion A3 drank water
Lion A3 f is ready to mate
Wolf C4 is Hungry
Wolf C4m is chasing: C5m
Wolf C4 m is ready to mate
Wolf B3 f is ready to mate
Wolf A3 is Thirsty
Wolf A3drank water
Wolf A3 m is ready to mate
Wolf A4 is Hungry
Wolf A4f is chasing: B4m
Wolf A4 is Thirsty
Wolf A4drank water
Wolf A4 f is ready to mate
Rabbit A1 is Thirsty
Rabbit A1 drank water
Rabbit A1 is Hungry
Rabbit C5 is Thirsty
Rabbit C5 drank water
Rabbit C5 is Hungry
Rabbit C5 m is ready to mate
Rabbit C5 m is approaching partner: Rabbit C2f
Rabbit A1 is Thirsty
Rabbit A1 drank water
Rabbit A1 is Hungry
Rabbit A1 m is ready to mate
Rabbit A1 m is approaching partner: Rabbit C2f
Rabbit A3 is Thirsty
Rabbit A3 drank water
Rabbit A3 is Hungry
Rabbit A3m ate
Rabbit A3 m is ready to mate
Rabbit A3 m is approaching partner: Rabbit C2f
Rabbit B2 is Thirsty
Rabbit B2 drank water
Rabbit B2 is Hungry
Rabbit B4 is Thirsty
Rabbit B4 drank water
Rabbit B4 is Hungry
Rabbit B4 m is ready to mate
Rabbit B4 m is approaching partner: Rabbit C2f
Rabbit C2 is Hungry
Rabbit C3 is Hungry
Rabbit C3 m is ready to mate
Rabbit C3 m is approaching partner: Rabbit C2f
Rabbit C2 is Hungry
Rabbit C2 f is ready to mate
Rabbit B1 is Hungry
Rabbit C5 is Hungry
Rabbit B2 is Hungry
Rabbit B2f ate
Lion C2 m is ready to mate
Lion A1 f is ready to mate
Lion C2 f is ready to mate
Lion A3 is Thirsty
Lion A3 drank water
Lion A3 f is ready to mate
Wolf C4 is Hungry
Wolf C4m is chasing: C5m
Wolf C4 m is ready to mate
Wolf B3 f is ready to mate
Wolf A3 is Thirsty
Wolf A3drank water
Wolf A3 m is ready to mate
Wolf A4 is Hungry
Wolf A4f is chasing: B4m
Wolf A4 is Thirsty
Wolf A4drank water
Wolf A4 f is ready to mate
Rabbit A1 is Thirsty
Rabbit A1 drank water
Rabbit A1 is Hungry
RabbitA1f died of hunger
Rabbit C5 is Thirsty
Rabbit C5 drank water
Rabbit C5m is running away from: LionA3
Rabbit C5 is Hungry
Rabbit C5m ate
Rabbit C5 m is ready to mate
Rabbit C5 m is approaching partner: Rabbit C2f
Rabbit A1 is Thirsty
Rabbit A1 drank water
Rabbit A1 is Hungry
Rabbit A1m ate
Rabbit A1 m is ready to mate
Rabbit A1 m is approaching partner: Rabbit C2f
Rabbit A3 is Thirsty
Rabbit A3 drank water
Rabbit A3 is Hungry
Rabbit A3m ate
Rabbit A3 m is ready to mate
Rabbit A3 m is approaching partner: Rabbit C2f
Rabbit A3 m was born!Father is A3 and Mother is C2
Rabbit B2 is Thirsty
Rabbit B2 drank water
Rabbit B2 is Hungry
Rabbit B4 is Thirsty
Rabbit B4 drank water
Rabbit B4 is Hungry
Rabbit B4m ate
Rabbit B4 m is ready to mate
Not enough female Rabbits or Female Rabbit partners are not ready yet!
Rabbit C2 is Hungry
Rabbit C2f ate
Rabbit C2 f is ready to mate
Rabbit C3 is Hungry
RabbitC3m died of hunger
Rabbit C3 m is ready to mate
Rabbit C3 m is approaching partner: Rabbit C2f
Rabbit A0 m was born!Father is C3 and Mother is C2
Rabbit C2 is Hungry
Rabbit B1 is Hungry
Rabbit C5 is Hungry
Rabbit B2 is Hungry
Lion C2 is Thirsty
Lion C2 drank water
Lion C2 m is ready to mate
Lion A1 f is ready to mate
Lion C2 f is ready to mate
Lion A3 is Thirsty
Lion A3 drank water
Lion A3 f is ready to mate
Wolf C4 is Hungry
Wolf C4m is chasing: C5m
Wolf C4 m is ready to mate
Wolf B3 is Hungry
Wolf B3f is chasing: C5m
Wolf B3 f is ready to mate
Wolf A3 is Hungry
Wolf A3m is chasing: C5m
Wolf A3m ate!
Wolf A3 is Thirsty
Wolf A3drank water
Wolf A3 m is ready to mate
Wolf A4 is Hungry
Wolf A4f is chasing: B4m
Wolf A4 is Thirsty
Wolf A4drank water
Wolf A4 f is ready to mate
Rabbit C5 is Thirsty
Rabbit C5 drank water
Rabbit C5m is running away from: LionA3
Rabbit C5 is Hungry
Rabbit C5m ate
Rabbit C5 m is ready to mate
Rabbit C5 m is approaching partner: Rabbit B1f
Rabbit A1 is Thirsty
Rabbit A1 drank water
Rabbit A1 is Hungry
Rabbit A1m ate
Rabbit A1 m is ready to mate
Rabbit A1 m is approaching partner: Rabbit B1f
Rabbit A3 is Thirsty
Rabbit A3 drank water
Rabbit A3 is Hungry
Rabbit A3m ate
Rabbit A3 m is ready to mate
Rabbit A3 m is approaching partner: Rabbit B1f
Rabbit B2 is Thirsty
Rabbit B2 drank water
Rabbit B2 is Hungry
RabbitB2f died of hunger
Rabbit B2 f is ready to mate
Rabbit B4 is Thirsty
Rabbit B4 drank water
Rabbit B4m is running away from: LionA1
Rabbit B4 is Hungry
Rabbit B4m ate
Rabbit B4 m is ready to mate
Rabbit B4 m is approaching partner: Rabbit B1f
Rabbit C2 is Hungry
Rabbit C2 is Hungry
Rabbit B1 is Hungry
Rabbit B1 f is ready to mate
Rabbit B2 is Hungry
Rabbit B2f ate
Rabbit A3 is Hungry
Rabbit A0 is Hungry
Lion C2 m is ready to mate
Lion A1 f is ready to mate
Lion C2 f is ready to mate
Lion A3 is Thirsty
Lion A3 drank water
Lion A3 f is ready to mate
Wolf C4 is Hungry
Wolf C4m is chasing: C5m
Wolf C4 m is ready to mate
Wolf B3 is Hungry
Wolf B3f is chasing: C5m
Wolf B3 f is ready to mate
Wolf A3 is Thirsty
Wolf A3drank water
Wolf A3 m is ready to mate
Wolf A4f is running away from: LionA1
Wolf A4 is Hungry
Wolf A4f is chasing: B4m
Wolf A4 is Thirsty
Wolf A4drank water
Wolf A4 f is ready to mate
Rabbit C5 is Thirsty
Rabbit C5 drank water
Rabbit C5m is running away from: LionA3
Rabbit C5 is Hungry
Rabbit C5m ate
Rabbit C5 m is ready to mate
Rabbit C5 m is approaching partner: Rabbit B1f
Rabbit A1 is Thirsty
Rabbit A1 drank water
Rabbit A1m is running away from: WolfA3
Rabbit A1 is Hungry
Rabbit A1m ate
Rabbit A1 m is ready to mate
Rabbit A1 m is approaching partner: Rabbit B1f
Rabbit A3 is Thirsty
Rabbit A3 drank water
Rabbit A3 is Hungry
Rabbit A3m ate
Rabbit A3 m is ready to mate
Rabbit A3 m is approaching partner: Rabbit B1f
Rabbit B4 is Thirsty
Rabbit B4 drank water
Rabbit B4m is running away from: LionA1
Rabbit B4 is Hungry
Rabbit B4 m is ready to mate
Rabbit B4 m is approaching partner: Rabbit B1f
Rabbit C2 is Hungry
Rabbit C2 is Hungry
RabbitC2f died of hunger
Rabbit B1 is Hungry
Rabbit B1 f is ready to mate
Rabbit B2 is Hungry
Rabbit B2f ate
Rabbit A3 is Hungry
Rabbit A3m ate
Rabbit A0 is Hungry
Lion C2 m is ready to mate
Lion A1 is Thirsty
Lion A1 drank water
Lion A1 f is ready to mate
Lion C2 f is ready to mate
Lion A3 is Thirsty
Lion A3 drank water
Lion A3 f is ready to mate
Wolf C4 is Hungry
Wolf C4m is chasing: C5m
Wolf C4 is Thirsty
Wolf C4drank water
Wolf C4 m is ready to mate
Wolf B3 is Hungry
Wolf B3f is chasing: C5m
Wolf B3 is Thirsty
Wolf B3drank water
Wolf B3 f is ready to mate
Wolf A3 is Thirsty
Wolf A3drank water
Wolf A3 m is ready to mate
Wolf A4 is Hungry
Wolf A4f is chasing: B4m
Wolf A4 is Thirsty
Wolf A4drank water
Wolf A4 f is ready to mate
Rabbit C5 is Thirsty
Rabbit C5 drank water
Rabbit C5m is running away from: LionA3
Rabbit C5 is Hungry
Rabbit C5m ate
Rabbit C5 m is ready to mate
Rabbit C5 m is approaching partner: Rabbit B1f
Rabbit A1 is Thirsty
Rabbit A1 drank water
Rabbit A1 is Hungry
Rabbit A1 m is ready to mate
Rabbit A1 m is approaching partner: Rabbit B1f
Rabbit A3 is Thirsty
Rabbit A3 drank water
Rabbit A3 is Hungry
Rabbit A3 m is ready to mate
Rabbit A3 m is approaching partner: Rabbit B2f
Rabbit B4 is Thirsty
Rabbit B4 drank water
Rabbit B4m is running away from: LionA1
Rabbit B4 is Hungry
Rabbit B4m ate
Rabbit B4 m is ready to mate
Rabbit B4 m is approaching partner: Rabbit B1f
Rabbit C2 is Hungry
Rabbit B1 is Hungry
RabbitB1f died of hunger
Rabbit B1 f is ready to mate
Rabbit B2 is Hungry
Rabbit B2f ate
Rabbit B2 f is ready to mate
Rabbit A3 is Hungry
Rabbit A3m ate
Rabbit A0 is Hungry
Lion C2 m is ready to mate
Lion A1 f is ready to mate
Lion C2f ate: C5m
Lion C2 f is ready to mate
Lion A3 is Thirsty
Lion A3 drank water
Lion A3 f is ready to mate
Wolf C4 is Hungry
Wolf C4m is chasing: C5m
Wolf C4 is Thirsty
Wolf C4drank water
Wolf C4 m is ready to mate
Wolf A0 m was born! Father is C4 and Mother is B3
Wolf B3 is Hungry
Wolf B3f is chasing: C5m
Wolf B3 is Thirsty
Wolf B3drank water
Wolf A3 is Thirsty
Wolf A3drank water
Wolf A3 m is ready to mate
Wolf A4 is Hungry
Wolf A4f is chasing: B4m
Wolf A4 is Thirsty
Wolf A4drank water
Wolf A4 f is ready to mate
Rabbit C5 is Thirsty
Rabbit C5 drank water
Rabbit C5m is running away from: LionA3
Rabbit C5 is Hungry
Rabbit C5m ate
Rabbit C5 m is ready to mate
Rabbit C5 m is approaching partner: Rabbit B2f
Rabbit A1 is Thirsty
Rabbit A1 drank water
Rabbit A1 is Hungry
Rabbit A1m ate
Rabbit A1 m is ready to mate
Rabbit A1 m is approaching partner: Rabbit B2f
Rabbit A3 is Thirsty
Rabbit A3 drank water
Rabbit A3 is Hungry
Rabbit A3 m is ready to mate
Rabbit A3 m is approaching partner: Rabbit B2f
Rabbit B4 is Thirsty
Rabbit B4 drank water
Rabbit B4m is running away from: LionA1
Rabbit B4 is Hungry
Rabbit B4 m is ready to mate
Rabbit B4 m is approaching partner: Rabbit B2f
Rabbit C2 is Hungry
Rabbit C2f ate
Rabbit B2 is Hungry
Rabbit B2 f is ready to mate
Rabbit A3 is Hungry
Rabbit A0 is Hungry
Rabbit A0m ate
Lion C2 m is ready to mate
Lion C4 f was born!Father is C2 and Mother is C2
Lion A1 f is ready to mate
Lion A3 is Thirsty
Lion A3 drank water
Lion A3 f is ready to mate
Wolf C4 is Hungry
Wolf C4m is chasing: C5m
Wolf C4 is Thirsty
Wolf C4drank water
Wolf C4 m is ready to mate
Wolf B3 is Hungry
Wolf B3f is chasing: C5m
Wolf B3 is Thirsty
Wolf B3drank water
Wolf A3 is Thirsty
Wolf A3drank water
Wolf A3 m is ready to mate
Wolf A4 is Hungry
Wolf A4f is chasing: B4m
Wolf A4 is Thirsty
Wolf A4drank water
Wolf A4 f is ready to mate
Rabbit C5 is Thirsty
Rabbit C5 drank water
Rabbit C5 is Hungry
Rabbit C5m ate
Rabbit C5 m is ready to mate
Rabbit C5 m is approaching partner: Rabbit B2f
Rabbit A1 is Thirsty
Rabbit A1 drank water
Rabbit A1 is Hungry
Rabbit A1m ate
Rabbit A1 m is ready to mate
Rabbit A1 m is approaching partner: Rabbit B2f
Rabbit A3 is Thirsty
Rabbit A3 drank water
Rabbit A3 is Hungry
Rabbit A3 m is ready to mate
Rabbit A3 m is approaching partner: Rabbit B2f
Rabbit B4 is Thirsty
Rabbit B4 drank water
Rabbit B4m is running away from: LionA1
Rabbit B4 is Hungry
Rabbit B4m ate
Rabbit B4 m is ready to mate
Rabbit B4 m is approaching partner: Rabbit B2f
Rabbit C2 is Hungry
Rabbit C2 f is ready to mate
Rabbit B2 is Hungry
Rabbit B2 f is ready to mate
Rabbit A3 is Hungry
Rabbit A3 m is ready to mate
Rabbit A3 m is approaching partner: Rabbit B2f
Rabbit A0 is Hungry
Rabbit A0 m is ready to mate
Rabbit A0 m is approaching partner: Rabbit C2f
Rabbit B5 f was born!Father is A0 and Mother is C2
Lion C2 m is ready to mate
Lion A1 f is ready to mate
Lion A3 is Thirsty
Lion A3 drank water
Lion A3 f is ready to mate
Wolf C4 is Hungry
Wolf C4m is chasing: C5m
Wolf C4 is Thirsty
Wolf C4drank water
Wolf C4 m is ready to mate
Wolf B3 is Hungry
Wolf B3f is chasing: C5m
Wolf B3 is Thirsty
Wolf B3drank water
Wolf A3 is Thirsty
Wolf A3drank water
Wolf A3 m is ready to mate
Wolf A4 is Hungry
Wolf A4f is chasing: B4m
Wolf A4 is Thirsty
Wolf A4drank water
Wolf A4 f is ready to mate
Rabbit C5 is Thirsty
Rabbit C5 drank water
Rabbit C5m is running away from: WolfB3
Rabbit C5 is Hungry
Rabbit C5m ate
Rabbit C5 m is ready to mate
Rabbit C5 m is approaching partner: Rabbit B2f
Rabbit A1 is Thirsty
Rabbit A1 drank water
Rabbit A1 is Hungry
Rabbit A1 m is ready to mate
Rabbit A1 m is approaching partner: Rabbit B2f
Rabbit A3 is Thirsty
Rabbit A3 drank water
Rabbit A3 is Hungry
Rabbit A3 m is ready to mate
Rabbit A3 m is approaching partner: Rabbit B2f
Rabbit B4 is Thirsty
Rabbit B4 drank water
Rabbit B4m is running away from: LionA1
Rabbit B4 is Hungry
Rabbit B4m ate
Rabbit B4 m is ready to mate
Rabbit B4 m is approaching partner: Rabbit B2f
Rabbit C2 is Hungry
Rabbit B2 is Hungry
Rabbit B2 f is ready to mate
Rabbit A3 is Hungry
Rabbit A3 m is ready to mate
Rabbit A3 m is approaching partner: Rabbit B2f
Rabbit A0 is Hungry
Rabbit A0 m is ready to mate
Rabbit A0 m is approaching partner: Rabbit B2f
Rabbit B5 is Hungry
Lion C2 m is ready to mate
Lion A1 f is ready to mate
Lion C2 is Thirsty
Lion C2 drank water
Lion A3 is Thirsty
Lion A3 drank water
Lion A3 f is ready to mate
Wolf C4 is Hungry
Wolf C4m is chasing: C5m
Wolf C4 is Thirsty
Wolf C4drank water
Wolf C4 m is ready to mate
Wolf B3 is Hungry
Wolf B3f is chasing: C5m
Wolf B3 is Thirsty
Wolf B3drank water
Wolf A3 is Thirsty
Wolf A3drank water
Wolf A3 m is ready to mate
Wolf A4 is Hungry
Wolf A4f is chasing: B4m
Wolf A4 is Thirsty
Wolf A4drank water
Wolf A4 f is ready to mate
Rabbit C5 is Thirsty
Rabbit C5 drank water
Rabbit C5m is running away from: WolfB3
Rabbit C5 is Hungry
Rabbit C5m ate
Rabbit C5 m is ready to mate
Rabbit C5 m is approaching partner: Rabbit B2f
Rabbit A1 is Thirsty
Rabbit A1 drank water
Rabbit A1 is Hungry
Rabbit A1 m is ready to mate
Rabbit A1 m is approaching partner: Rabbit B2f
Rabbit A3 is Thirsty
Rabbit A3 drank water
Rabbit A3 is Hungry
RabbitA3m died of hunger
Rabbit A3 m is ready to mate
Rabbit A3 m is approaching partner: Rabbit B2f
Rabbit B4 is Hungry
Rabbit B4m ate
Rabbit B4 m is ready to mate
Rabbit B4 m is approaching partner: Rabbit B2f
Rabbit C2 is Thirsty
Rabbit C2 drank water
Rabbit C2 is Hungry
Rabbit C2f ate
Rabbit B2 is Hungry
Rabbit B2f ate
Rabbit B2 f is ready to mate
Rabbit A3 is Hungry
Rabbit A3 m is ready to mate
Rabbit A3 m is approaching partner: Rabbit B2f
Rabbit A0 is Hungry
Rabbit A0 m is ready to mate
Rabbit A0 m is approaching partner: Rabbit B2f
Rabbit B5 is Hungry
Lion C2 m is ready to mate
Lion A0 m was born!Father is C2 and Mother is A3
Lion A1f ate: C5m
Lion A1 f is ready to mate
Lion C2 is Thirsty
Lion C2 drank water
Lion A3 is Thirsty
Lion A3 drank water
Wolf C4 is Hungry
Wolf C4m is chasing: C5m
Wolf C4 is Thirsty
Wolf C4drank water
Wolf C4 m is ready to mate
Wolf B3 is Hungry
Wolf B3f is chasing: C5m
Wolf B3 is Thirsty
Wolf B3drank water
Wolf A3 is Thirsty
Wolf A3drank water
Wolf A3 m is ready to mate
Wolf A4 is Hungry
Wolf A4f is chasing: B4m
Wolf A4 is Thirsty
Wolf A4drank water
Wolf A4 f is ready to mate
Rabbit C5 is Hungry
Rabbit C5m ate
Rabbit C5 m is ready to mate
Rabbit C5 m is approaching partner: Rabbit B2f
Rabbit A1 is Thirsty
Rabbit A1 drank water
Rabbit A1 is Hungry
Rabbit A1 m is ready to mate
Rabbit A1 m is approaching partner: Rabbit B2f
Rabbit B4 is Hungry
Rabbit B4m ate
Rabbit B4 m is ready to mate
Rabbit B4 m is approaching partner: Rabbit B2f
Rabbit C2 is Thirsty
Rabbit C2 drank water
Rabbit C2 is Hungry
Rabbit C2f ate
Rabbit B2 is Hungry
Rabbit B2f ate
Rabbit B2 f is ready to mate
Rabbit A3 is Hungry
RabbitA3m died of hunger
Rabbit A3 m is ready to mate
Rabbit A3 m is approaching partner: Rabbit B2f
Rabbit A0 is Hungry
Rabbit A0 m is ready to mate
Rabbit A0 m is approaching partner: Rabbit B2f
Rabbit B5 is Hungry
Lion C2 m is ready to mate
Lion A1 f is ready to mate
Lion A3 is Thirsty
Lion A3 drank water
Wolf C4 is Hungry
Wolf C4m is chasing: C5m
Wolf C4 is Thirsty
Wolf C4drank water
Wolf C4 m is ready to mate
Wolf B3 is Hungry
Wolf B3f is chasing: C5m
Wolf B3 is Thirsty
Wolf B3drank water
Wolf A3 is Thirsty
Wolf A3drank water
Wolf A3 m is ready to mate
Wolf A4f ate!
Wolf A4 is Thirsty
Wolf A4drank water
Wolf A4 f is ready to mate
Rabbit C5m is running away from: LionA1
Rabbit C5 is Hungry
Rabbit C5m ate
Rabbit C5 m is ready to mate
Rabbit C5 m is approaching partner: Rabbit B2f
Rabbit A1 is Thirsty
Rabbit A1 drank water
Rabbit A1 is Hungry
Rabbit A1 m is ready to mate
Rabbit A1 m is approaching partner: Rabbit B2f
Rabbit C2 is Thirsty
Rabbit C2 drank water
Rabbit C2 is Hungry
Rabbit B2 is Hungry
Rabbit B2 f is ready to mate
Rabbit A0 is Hungry
RabbitA0m died of hunger
Rabbit A0 m is ready to mate
Rabbit A0 m is approaching partner: Rabbit B2f
Rabbit B5 is Hungry
Rabbit B5f ate
Lion C2 is Hungry
LionC2mis chasing: B3f
LionC2m ate: B3f
Lion C2 m is ready to mate
Lion A1 f is ready to mate
Lion A3 is Thirsty
Lion A3 drank water
Wolf C4 is Hungry
Wolf C4m is chasing: C5m
Wolf C4 is Thirsty
Wolf C4drank water
Wolf C4 m is ready to mate
Wolf A3 is Thirsty
Wolf A3drank water
Wolf A3 m is ready to mate
Wolf A4 is Thirsty
Wolf A4drank water
Wolf A4 f is ready to mate
Rabbit C5m is running away from: LionA1
Rabbit C5 is Hungry
Rabbit C5m ate
Rabbit C5 m is ready to mate
Rabbit C5 m is approaching partner: Rabbit B2f
Rabbit A1 is Thirsty
Rabbit A1 drank water
Rabbit A1 is Hungry
RabbitA1m died of hunger
Rabbit A1 m is ready to mate
Rabbit A1 m is approaching partner: Rabbit B2f
Rabbit C2 is Thirsty
Rabbit C2 drank water
Rabbit C2 is Hungry
Rabbit C2f ate
Rabbit C2 f is ready to mate
Rabbit B2 is Hungry
Rabbit B2f ate
Rabbit B2 f is ready to mate
Rabbit B5 is Hungry
Rabbit B5f ate
Rabbit B5 f is ready to mate
Lion C2 is Thirsty
Lion C2 drank water
Lion C2 m is ready to mate
Lion A1 f is ready to mate
Lion A3 is Thirsty
Lion A3 drank water
Wolf C4 is Hungry
Wolf C4m is chasing: C5m
Wolf C4 is Thirsty
Wolf C4drank water
Wolf C4 m is ready to mate
Wolf A3 is Hungry
Wolf A3m is chasing: C2f
Wolf A3 is Thirsty
Wolf A3drank water
Wolf A3 m is ready to mate
Wolf A4 is Thirsty
Wolf A4drank water
Wolf A4 f is ready to mate
Rabbit C5 is Hungry
Rabbit C5m ate
Rabbit C5 m is ready to mate
Rabbit C5 m is approaching partner: Rabbit B5f
Rabbit C2 is Thirsty
Rabbit C2 drank water
Rabbit C2 is Hungry
Rabbit C2f ate
Rabbit C2 f is ready to mate
Rabbit B2 is Hungry
Rabbit B2f ate
Rabbit B2 f is ready to mate
Rabbit B5 is Hungry
Rabbit B5 f is ready to mate
Lion C2 is Thirsty
Lion C2 drank water
Lion C2 m is ready to mate
Lion C1 m was born!Father is C2 and Mother is A1
Lion A3 is Thirsty
Lion A3 drank water
Wolf C4 is Hungry
Wolf C4m is chasing: C5m
Wolf C4 is Thirsty
Wolf C4drank water
Wolf C4 m is ready to mate
Wolf A3 is Hungry
Wolf A3m is chasing: C2f
Wolf A3 is Thirsty
Wolf A3drank water
Wolf A3 m is ready to mate
Wolf A4 is Thirsty
Wolf A4drank water
Wolf A4 f is ready to mate
Rabbit C5 is Hungry
Rabbit C5m ate
Rabbit C5 m is ready to mate
Rabbit C5 m is approaching partner: Rabbit B5f
Rabbit C2 is Thirsty
Rabbit C2 drank water
Rabbit C2 is Hungry
Rabbit C2f ate
Rabbit C2 f is ready to mate
Rabbit B2 is Hungry
Rabbit B2f ate
Rabbit B2 f is ready to mate
Rabbit B5 is Hungry
Rabbit B5f ate
Rabbit B5 f is ready to mate
Lion C2 is Thirsty
Lion C2 drank water
Lion C2 m is ready to mate
No Female Lion Partner or Female Lion partners are not ready to mate Yet!
Lion A1 is Thirsty
Lion A1 drank water
Lion A3 is Thirsty
Lion A3 drank water
Wolf C4m is running away from: LionA1
Wolf C4 is Hungry
Wolf C4m is chasing: C5m
Wolf C4 is Thirsty
Wolf C4drank water
Wolf C4 m is ready to mate
Wolf A3 is Hungry
Wolf A3m is chasing: C2f
Wolf A3 is Thirsty
Wolf A3drank water
Wolf A3 m is ready to mate
Wolf A4f ate!
Wolf A4 is Thirsty
Wolf A4drank water
Wolf A4 f is ready to mate
Rabbit C2 is Thirsty
Rabbit C2 drank water
Rabbit C2 is Hungry
Rabbit C2f ate
Rabbit C2 f is ready to mate
Rabbit B2 is Hungry
Rabbit B2f ate
Rabbit B2 f is ready to mate
Rabbit B5 is Hungry
Rabbit B5f ate
Rabbit B5 f is ready to mate
Lion C2 m is ready to mate
No Female Lion Partner or Female Lion partners are not ready to mate Yet!
Lion A1 is Thirsty
Lion A1 drank water
Lion A3 is Thirsty
Lion A3 drank water
Wolf C4 is Hungry
Wolf C4m is chasing: B5f
Wolf C4 is Thirsty
Wolf C4drank water
Wolf C4 m is ready to mate
Wolf A3 is Hungry
Wolf A3m is chasing: B2f
Wolf A3 is Thirsty
Wolf A3drank water
Wolf A3 m is ready to mate
Wolf A4 is Thirsty
Wolf A4drank water
Wolf A4 f is ready to mate
Wolf A0 is Hungry
Wolf A0m is chasing: B5f
Wolf A0 is Thirsty
Wolf A0drank water
Rabbit C2 is Hungry
Rabbit C2 f is ready to mate
Rabbit B2 is Hungry
Rabbit B2 f is ready to mate
Rabbit B5 is Hungry
Rabbit B5f ate
Rabbit B5 f is ready to mate
Lion C2 m is ready to mate
No Female Lion Partner or Female Lion partners are not ready to mate Yet!
Lion A1 is Thirsty
Lion A1 drank water
Lion A3 is Thirsty
Lion A3 drank water
Lion C4 is Thirsty
Lion C4 drank water
Wolf C4m is running away from: LionA1
Wolf C4 is Hungry
Wolf C4m is chasing: B5f
Wolf C4 is Thirsty
Wolf C4drank water
Wolf C4 m is ready to mate
Wolf A3 is Hungry
Wolf A3m is chasing: B5f
Wolf A3 is Thirsty
Wolf A3drank water
Wolf A3 m is ready to mate
Wolf A4 is Thirsty
Wolf A4drank water
Wolf A4 f is ready to mate
Wolf A0 is Hungry
Wolf A0m is chasing: B5f
Wolf A0 is Thirsty
Wolf A0drank water
Rabbit C2 is Hungry
Rabbit C2 f is ready to mate
Rabbit B2 is Hungry
Rabbit B2f ate
Rabbit B2 f is ready to mate
Rabbit B5 is Hungry
Rabbit B5f ate
Rabbit B5 f is ready to mate
Lion C2 m is ready to mate
No Female Lion Partner or Female Lion partners are not ready to mate Yet!
Lion A3 is Thirsty
Lion A3 drank water
Lion C4 is Thirsty
Lion C4 drank water
Wolf C4m is running away from: LionA1
Wolf C4 is Hungry
Wolf C4m is chasing: B5f
Wolf C4 is Thirsty
Wolf C4drank water
Wolf C4 m is ready to mate
Wolf A3 is Hungry
Wolf A3m is chasing: B5f
Wolf A3 is Thirsty
Wolf A3drank water
Wolf A3 m is ready to mate
Wolf A4 is Thirsty
Wolf A4drank water
Wolf A4 f is ready to mate
Wolf A0 is Hungry
Wolf A0m is chasing: B5f
Wolf A0 is Thirsty
Wolf A0drank water
Rabbit C2 is Hungry
Rabbit C2 f is ready to mate
Rabbit B2 is Hungry
Rabbit B2f ate
Rabbit B2 f is ready to mate
Rabbit B5 is Hungry
Rabbit B5 f is ready to mate
Lion C2 m is ready to mate
No Female Lion Partner or Female Lion partners are not ready to mate Yet!
Lion A3 is Thirsty
Lion A3 drank water
Lion C4 is Thirsty
Lion C4 drank water
Wolf C4m is running away from: LionC4
Wolf C4 is Hungry
Wolf C4m is chasing: B5f
Wolf C4 is Thirsty
Wolf C4drank water
Wolf C4 m is ready to mate
Wolf A3 is Hungry
Wolf A3m is chasing: C2f
Wolf A3 is Thirsty
Wolf A3drank water
Wolf A3 m is ready to mate
Wolf A4 is Thirsty
Wolf A4drank water
Wolf A4 f is ready to mate
Wolf A0 is Hungry
Wolf A0m is chasing: B5f
Wolf A0 is Thirsty
Wolf A0drank water
Rabbit C2 is Hungry
Rabbit C2 f is ready to mate
Rabbit B2 is Hungry
Rabbit B2 f is ready to mate
Rabbit B5 is Hungry
Rabbit B5f ate
Rabbit B5 f is ready to mate
Lion C2 m is ready to mate
No Female Lion Partner or Female Lion partners are not ready to mate Yet!
Lion C2 is Thirsty
Lion C2 drank water
Lion A3 is Thirsty
Lion A3 drank water
Lion C4 is Thirsty
Lion C4 drank water
Lion A0 is Thirsty
Lion A0 drank water
Wolf C4m is running away from: LionC4
Wolf C4 is Hungry
Wolf C4m is chasing: B5f
Wolf C4 is Thirsty
Wolf C4drank water
Wolf C4 m is ready to mate
Wolf A3 is Hungry
Wolf A3m is chasing: B5f
Wolf A3 is Thirsty
Wolf A3drank water
Wolf A3 m is ready to mate
Wolf A4 is Thirsty
Wolf A4drank water
Wolf A4 f is ready to mate
Wolf A0 is Hungry
Wolf A0m is chasing: B5f
Wolf A0 is Thirsty
Wolf A0drank water
Rabbit C2 is Hungry
RabbitC2f died of hunger
Rabbit C2f ate
Rabbit C2 f is ready to mate
Rabbit B2 is Thirsty
Rabbit B2 drank water
Rabbit B2 is Hungry
Rabbit B2 f is ready to mate
Rabbit B5 is Hungry
Rabbit B5f ate
Rabbit B5 f is ready to mate
Lion C2 m is ready to mate
No Female Lion Partner or Female Lion partners are not ready to mate Yet!
Lion A3 is Thirsty
Lion A3 drank water
Lion C4 is Thirsty
Lion C4 drank water
Lion A0 is Thirsty
Lion A0 drank water
Wolf C4 is Hungry
Wolf C4m is chasing: B5f
Wolf C4 is Thirsty
Wolf C4drank water
Wolf C4 m is ready to mate
Wolf A3 is Hungry
Wolf A3m is chasing: B5f
Wolf A3 is Thirsty
Wolf A3drank water
Wolf A3 m is ready to mate
Wolf A4 is Thirsty
Wolf A4drank water
Wolf A4 f is ready to mate
Wolf A0 is Hungry
Wolf A0m is chasing: B5f
Wolf A0 is Thirsty
Wolf A0drank water
Rabbit B2 is Thirsty
Rabbit B2 drank water
Rabbit B2 is Hungry
Rabbit B2 f is ready to mate
Rabbit B5 is Hungry
Rabbit B5 f is ready to mate
Lion C2 m is ready to mate
No Female Lion Partner or Female Lion partners are not ready to mate Yet!
Lion A3 is Thirsty
Lion A3 drank water
Lion C4 is Thirsty
Lion C4 drank water
Lion A0 is Thirsty
Lion A0 drank water
Wolf C4m is running away from: LionC2
Wolf C4 is Hungry
Wolf C4m is chasing: B5f
Wolf C4 is Thirsty
Wolf C4drank water
Wolf C4 m is ready to mate
Wolf A3 is Hungry
Wolf A3m is chasing: B5f
Wolf A3 is Thirsty
Wolf A3drank water
Wolf A3 m is ready to mate
Wolf A4 is Thirsty
Wolf A4drank water
Wolf A4 f is ready to mate
Wolf A0 is Hungry
Wolf A0m is chasing: B5f
Wolf A0 is Thirsty
Wolf A0drank water
Rabbit B2 is Thirsty
Rabbit B2 drank water
Rabbit B2 is Hungry
Rabbit B2 f is ready to mate
Rabbit B5f is running away from: WolfA3
Rabbit B5 is Hungry
Rabbit B5 f is ready to mate
Lion C2 m is ready to mate
No Female Lion Partner or Female Lion partners are not ready to mate Yet!
Lion A3 is Thirsty
Lion A3 drank water
Lion A0 is Thirsty
Lion A0 drank water
Wolf C4 is Hungry
Wolf C4m is chasing: B5f
Wolf C4 is Thirsty
Wolf C4drank water
Wolf C4 m is ready to mate
Wolf A3 is Hungry
Wolf A3m is chasing: B5f
Wolf A3m ate!
Wolf A3 is Thirsty
Wolf A3drank water
Wolf A3 m is ready to mate
Wolf A4 is Thirsty
Wolf A4drank water
Wolf A4 f is ready to mate
Wolf A0 is Hungry
Wolf A0m is chasing: B2f
Wolf A0 is Thirsty
Wolf A0drank water
Rabbit B2 is Thirsty
Rabbit B2 drank water
Rabbit B2 is Hungry
RabbitB2f died of hunger
Rabbit B2 f is ready to mate
Lion C2 m is ready to mate
No Female Lion Partner or Female Lion partners are not ready to mate Yet!
Lion A3 is Thirsty
Lion A3 drank water
Lion A0 is Thirsty
Lion A0 drank water
Lion C1 is Thirsty
Lion C1 drank water
Wolf C4 is Hungry
WolfC4m died of hunger
Wolf C4 is Thirsty
Wolf C4drank water
Wolf C4 m is ready to mate
Wolf A3 is Thirsty
Wolf A3drank water
Wolf A3 m is ready to mate
Wolf A4 is Thirsty
Wolf A4drank water
Wolf A4 f is ready to mate
Wolf A0 is Hungry
WolfA0m died of hunger
Wolf A0 is Thirsty
Wolf A0drank water
Lion C2 is Thirsty
Lion C2 drank water
Lion C2 m is ready to mate
No Female Lion Partner or Female Lion partners are not ready to mate Yet!
Lion A3 is Thirsty
Lion A3 drank water
Lion A3 is Hungry
LionA3fis chasing: A4f
Lion A0 is Thirsty
Lion A0 drank water
Lion C1 is Thirsty
Lion C1 drank water
Wolf A3 is Thirsty
Wolf A3drank water
Wolf A3 m is ready to mate
Wolf A4 is Hungry
WolfA4f died of hunger
Wolf A4 is Thirsty
Wolf A4drank water
Wolf A4 f is ready to mate
Lion C2 m is ready to mate
No Female Lion Partner or Female Lion partners are not ready to mate Yet!
Lion A3 is Thirsty
Lion A3 drank water
Lion A3 is Hungry
LionA3fis chasing: A3m
Lion A0 is Thirsty
Lion A0 drank water
Lion C1 is Thirsty
Lion C1 drank water
Wolf A3 is Thirsty
Wolf A3drank water
Wolf A3 m is ready to mate
No Female Wolf Partner or Female Wolf Partner not ready yet!
Lion C2 m is ready to mate
No Female Lion Partner or Female Lion partners are not ready to mate Yet!
Lion A1 is Thirsty
Lion A1 drank water
Lion A3 is Thirsty
Lion A3 drank water
Lion A3 is Hungry
LionA3fis chasing: A3m
Lion A0 is Thirsty
Lion A0 drank water
Lion C1 is Thirsty
Lion C1 drank water
Wolf A3 is Thirsty
Wolf A3drank water
Wolf A3 m is ready to mate
No Female Wolf Partner or Female Wolf Partner not ready yet!
Lion C2 m is ready to mate
No Female Lion Partner or Female Lion partners are not ready to mate Yet!
Lion A1 is Thirsty
Lion A1 drank water
Lion A3 is Thirsty
Lion A3 drank water
Lion A3 is Hungry
LionA3fis chasing: A3m
Lion A0 is Thirsty
Lion A0 drank water
Lion C1 is Thirsty
Lion C1 drank water
Wolf A3 is Thirsty
Wolf A3drank water
Wolf A3 m is ready to mate
No Female Wolf Partner or Female Wolf Partner not ready yet!
Lion C2 m is ready to mate
No Female Lion Partner or Female Lion partners are not ready to mate Yet!
Lion A1 is Thirsty
Lion A1 drank water
Lion A3 is Thirsty
Lion A3 drank water
Lion A3 is Hungry
LionA3fis chasing: A3m
Lion A0 is Thirsty
Lion A0 drank water
Wolf A3 is Thirsty
Wolf A3drank water
Wolf A3 m is ready to mate
No Female Wolf Partner or Female Wolf Partner not ready yet!
Lion C2 m is ready to mate
No Female Lion Partner or Female Lion partners are not ready to mate Yet!
Lion A1 is Thirsty
Lion A1 drank water
Lion C2 is Thirsty
Lion C2 drank water
Lion A3 is Thirsty
Lion A3 drank water
Lion A3 is Hungry
LionA3fis chasing: A3m
Lion A0 is Thirsty
Lion A0 drank water
Wolf A3 is Thirsty
Wolf A3drank water
Wolf A3 m is ready to mate
No Female Wolf Partner or Female Wolf Partner not ready yet!
Lion C2 m is ready to mate
No Female Lion Partner or Female Lion partners are not ready to mate Yet!
Lion A1 is Thirsty
Lion A1 drank water
Lion C2 is Thirsty
Lion C2 drank water
Lion A3 is Thirsty
Lion A3 drank water
Lion A3 is Hungry
LionA3fis chasing: A3m
Lion A0 is Thirsty
Lion A0 drank water
Wolf A3 is Thirsty
Wolf A3drank water
Wolf A3 m is ready to mate
No Female Wolf Partner or Female Wolf Partner not ready yet!
Lion C2 m is ready to mate
No Female Lion Partner or Female Lion partners are not ready to mate Yet!
Lion A1 is Thirsty
Lion A1 drank water
Lion A3 is Thirsty
Lion A3 drank water
Lion A3 is Hungry
LionA3f died of hunger
Lion C4 is Thirsty
Lion C4 drank water
Lion A0 is Thirsty
Lion A0 drank water
Wolf A3 is Thirsty
Wolf A3drank water
Wolf A3 m is ready to mate
No Female Wolf Partner or Female Wolf Partner not ready yet!
Lion C2 m is ready to mate
No Female Lion Partner or Female Lion partners are not ready to mate Yet!
Lion A1 is Thirsty
Lion A1 drank water
Lion C4 is Thirsty
Lion C4 drank water
Lion A0 is Thirsty
Lion A0 drank water
Wolf A3 is Hungry
WolfA3m died of hunger
Wolf A3 is Thirsty
Wolf A3drank water
Wolf A3 m is ready to mate
No Female Wolf Partner or Female Wolf Partner not ready yet!
Lion C2 m is ready to mate
No Female Lion Partner or Female Lion partners are not ready to mate Yet!
Lion A1 is Thirsty
Lion A1 drank water
Lion C4 is Thirsty
Lion C4 drank water
Lion A0 is Thirsty
Lion A0 drank water
Lion C2 is Thirsty
Lion C2 drank water
Lion C2 m is ready to mate
No Female Lion Partner or Female Lion partners are not ready to mate Yet!
Lion A1 is Thirsty
Lion A1 drank water
Lion C4 is Thirsty
Lion C4 drank water
Lion A0 is Thirsty
Lion A0 drank water
Lion C2 m is ready to mate
No Female Lion Partner or Female Lion partners are not ready to mate Yet!
Lion A1 is Thirsty
Lion A1 drank water
Lion C2 is Hungry
LionC2f died of hunger
Lion C4 is Thirsty
Lion C4 drank water
Lion A0 is Thirsty
Lion A0 drank water
Lion C2 m is ready to mate
No Female Lion Partner or Female Lion partners are not ready to mate Yet!
Lion A1 is Thirsty
Lion A1 drank water
Lion C4 is Thirsty
Lion C4 drank water
Lion C4 is Hungry
LionC4f died of hunger
Lion A0 is Thirsty
Lion A0 drank water
Lion C2 m is ready to mate
No Female Lion Partner or Female Lion partners are not ready to mate Yet!
Lion A1 is Thirsty
Lion A1 drank water
Lion A0 is Thirsty
Lion A0 drank water
Lion C1 is Thirsty
Lion C1 drank water
Lion C2 m is ready to mate
No Female Lion Partner or Female Lion partners are not ready to mate Yet!
Lion A1 is Thirsty
Lion A1 drank water
Lion A0 is Thirsty
Lion A0 drank water
Lion C1 is Thirsty
Lion C1 drank water
Lion C2 m is ready to mate
No Female Lion Partner or Female Lion partners are not ready to mate Yet!
Lion A1 is Thirsty
Lion A1 drank water
Lion A1 is Hungry
LionA1f died of hunger
Lion A0 is Thirsty
Lion A0 drank water
Lion A0 is Hungry
LionA0m died of hunger
Lion C2 m is ready to mate
No Female Lion Partner or Female Lion partners are not ready to mate Yet!
Lion C2 is Hungry
LionC2m died of hunger
Lion C2 m is ready to mate
No Female Lion Partner or Female Lion partners are not ready to mate Yet!
Lion C1 is Hungry
LionC1m died of hunger
