Wolf B5f is running away from: LionA5
Wolf C4m is running away from: LionC5
Wolf A0m is running away from: LionC5
Wolf A0m is running away from: LionC4
Wolf C1f is running away from: LionA5
Wolf C1f ate!
Wolf A3m is running away from: LionA5
Wolf B3f is running away from: LionA5
Wolf B5f is running away from: LionC3
Rabbit C2m is running away from: LionA5
Rabbit C2m is running away from: WolfB5
Rabbit C2 is Hungry
Rabbit C2m ate
Rabbit C2 m is ready to mate
Not enough female Rabbits or Female Rabbit partners are not ready yet!
Rabbit B0f is running away from: LionC3
Rabbit B0f is running away from: WolfB3
Rabbit B0 is Hungry
Rabbit B0f ate
Rabbit B0 f is ready to mate
Rabbit C5m is running away from: LionA5
Rabbit C5m is running away from: WolfC1
Rabbit C5 is Hungry
Rabbit C5m ate
Rabbit C5 m is ready to mate
Rabbit C5 m is approaching partner: Rabbit B0f
Rabbit A5f is running away from: LionA5
Rabbit A5f is running away from: WolfC1
Rabbit A5 is Hungry
Rabbit A5f ate
Rabbit A5 f is ready to mate
Rabbit B3f is running away from: LionC5
Rabbit B3f is running away from: WolfA0
Rabbit B3 is Hungry
Rabbit B3f ate
Rabbit B3 f is ready to mate
Rabbit A0m is running away from: LionA5
Rabbit A0m is running away from: WolfA3
Rabbit A0 is Hungry
Rabbit A0m ate
Rabbit A0 m is ready to mate
Rabbit A0 m is approaching partner: Rabbit A5f
Rabbit A3m is running away from: LionC5
Rabbit A3m is running away from: WolfB3
Rabbit A3 is Hungry
Rabbit A3m ate
Rabbit A3 m is ready to mate
Rabbit A3 m is approaching partner: Rabbit B0f
Rabbit C2f is running away from: LionC4
Rabbit C2f is running away from: WolfA0
Rabbit C2 is Hungry
Rabbit C2f ate
Rabbit C2 f is ready to mate
Rabbit B5f is running away from: LionC3
Rabbit B5f is running away from: WolfC1
Rabbit B5 is Hungry
Rabbit B5f ate
Rabbit B5 f is ready to mate
Rabbit A3m is running away from: LionC3
Rabbit A3m is running away from: WolfB5
Rabbit A3 is Hungry
Rabbit A3m ate
Rabbit A3 m is ready to mate
Rabbit A3 m is approaching partner: Rabbit B0f
Rabbit B1f is running away from: LionC5
Rabbit B1f is running away from: WolfB5
Rabbit B1 is Hungry
Rabbit B1f ate
Rabbit B1 f is ready to mate
Rabbit A4m is running away from: LionA5
Rabbit A4m is running away from: WolfA3
Rabbit A4 is Hungry
Rabbit A4m ate
Rabbit A4 m is ready to mate
Rabbit A4 m is approaching partner: Rabbit A5f
Rabbit A3f is running away from: LionA5
Rabbit A3f is running away from: WolfA3
Rabbit A3 is Hungry
Rabbit A3f ate
Rabbit A3 f is ready to mate
Rabbit C3f is running away from: LionA5
Rabbit C3f is running away from: WolfB3
Rabbit C3 is Hungry
Rabbit C3f ate
Rabbit C3 f is ready to mate
Rabbit A4m is running away from: LionA5
Rabbit A4m is running away from: WolfC1
Rabbit A4 is Hungry
Rabbit A4m ate
Rabbit A4 m is ready to mate
Rabbit A4 m is approaching partner: Rabbit A5f
Rabbit A0f is running away from: LionA5
Rabbit A0f is running away from: WolfA3
Rabbit A0 is Hungry
Rabbit A0f ate
Rabbit A0 f is ready to mate
Rabbit C1f is running away from: LionA5
Rabbit C1f is running away from: WolfA3
Rabbit C1 is Hungry
Rabbit C1f ate
Rabbit C1 f is ready to mate
Rabbit A0f is running away from: LionC4
Rabbit A0f is running away from: WolfA0
Rabbit A0 is Hungry
Rabbit A0f ate
Rabbit A0 f is ready to mate
Rabbit C3f is running away from: LionC5
Rabbit C3f is running away from: WolfA0
Rabbit C3 is Hungry
Rabbit C3f ate
Rabbit C3 f is ready to mate
Wolf B5f is running away from: LionC3
Wolf B5 is Hungry
Wolf B5f is chasing: C2m
Wolf C4m is running away from: LionC5
Wolf C4 is Hungry
Wolf C4m is chasing: B1f
Wolf A0m is running away from: LionC5
Wolf A0 is Hungry
Wolf A0m is chasing: B1f
Wolf A0m is running away from: LionC4
Wolf A0 is Hungry
Wolf A0m is chasing: C2f
Wolf C1f is running away from: LionA5
Wolf A3m is running away from: LionA5
Wolf A3 is Hungry
Wolf A3m is chasing: C1f
Wolf B3f is running away from: LionC3
Wolf B3 is Hungry
Wolf B3f is chasing: C3f
Wolf B3f ate!
Wolf B5f is running away from: LionC3
Wolf B5 is Hungry
Wolf B5f is chasing: A3m
Wolf B5f ate!
Rabbit C2m is running away from: LionC3
Rabbit C2m is running away from: WolfB5
Rabbit C2 is Hungry
Rabbit C2m ate
Rabbit C2 m is ready to mate
Rabbit C2 m is approaching partner: Rabbit B5f
Rabbit B0f is running away from: LionC3
Rabbit B0f is running away from: WolfB3
Rabbit B0 is Hungry
Rabbit B0f ate
Rabbit B0 f is ready to mate
Rabbit C5m is running away from: LionA5
Rabbit C5m is running away from: WolfC1
Rabbit C5 is Hungry
Rabbit C5m ate
Rabbit C5 m is ready to mate
Rabbit C5 m is approaching partner: Rabbit A5f
Rabbit A5f is running away from: LionA5
Rabbit A5f is running away from: WolfC1
Rabbit A5 is Hungry
Rabbit A5f ate
Rabbit A5 f is ready to mate
Rabbit B3f is running away from: LionC5
Rabbit B3f is running away from: WolfA0
Rabbit B3 is Hungry
Rabbit B3f ate
Rabbit B3 f is ready to mate
Rabbit A0m is running away from: LionA5
Rabbit A0m is running away from: WolfA3
Rabbit A0 is Hungry
Rabbit A0m ate
Rabbit A0 m is ready to mate
Rabbit A0 m is approaching partner: Rabbit B5f
Rabbit A3m is running away from: LionC5
Rabbit A3m is running away from: WolfB3
Rabbit A3 is Hungry
Rabbit A3m ate
Rabbit A3 m is ready to mate
Rabbit A3 m is approaching partner: Rabbit B0f
Rabbit C2f is running away from: LionC4
Rabbit C2f is running away from: WolfA0
Rabbit C2 is Hungry
Rabbit C2f ate
Rabbit C2 f is ready to mate
Rabbit B5f is running away from: LionC3
Rabbit B5f is running away from: WolfC1
Rabbit B5 is Hungry
Rabbit B5f ate
Rabbit B5 f is ready to mate
Rabbit B1f is running away from: LionC5
Rabbit B1f is running away from: WolfB5
Rabbit B1 is Hungry
Rabbit B1 f is ready to mate
Rabbit A4m is running away from: LionA5
Rabbit A4m is running away from: WolfA3
Rabbit A4 is Hungry
Rabbit A4m ate
Rabbit A4 m is ready to mate
Rabbit A4 m is approaching partner: Rabbit A3f
Rabbit A3f is running away from: LionA5
Rabbit A3f is running away from: WolfA3
Rabbit A3 is Hungry
Rabbit A3f ate
Rabbit A3 f is ready to mate
Rabbit A4m is running away from: LionA5
Rabbit A4m is running away from: WolfC1
Rabbit A4 is Hungry
Rabbit A4m ate
Rabbit A4 m is ready to mate
Rabbit A4 m is approaching partner: Rabbit A5f
Rabbit A0f is running away from: LionA5
Rabbit A0f is running away from: WolfA3
Rabbit A0 is Hungry
Rabbit A0f ate
Rabbit A0 f is ready to mate
Rabbit C1f is running away from: LionA5
Rabbit C1f is running away from: WolfA3
Rabbit C1 is Hungry
Rabbit C1f ate
Rabbit C1 f is ready to mate
Rabbit A0f is running away from: LionC4
Rabbit A0f is running away from: WolfA0
Rabbit A0 is Hungry
Rabbit A0f ate
Rabbit A0 f is ready to mate
Rabbit C3f is running away from: LionC5
Rabbit C3f is running away from: WolfA0
Rabbit C3 is Hungry
Rabbit C3f ate
Rabbit C3 f is ready to mate
Wolf B5f is running away from: LionC3
Wolf B5 is Hungry
Wolf B5f is chasing: C2m
Wolf B5 f is ready to mate
Wolf C4m is running away from: LionC5
Wolf C4 is Hungry
Wolf C4m is chasing: B1f
Wolf C4 m is ready to mate
Wolf A0m is running away from: LionC5
Wolf A0 is Hungry
Wolf A0m is chasing: B3f
Wolf A0 m is ready to mate
Wolf A0m is running away from: LionC4
Wolf A0 is Hungry
Wolf A0m is chasing: C2f
Wolf A0 m is ready to mate
Wolf C1f is running away from: LionA5
Wolf C1 is Hungry
Wolf C1f is chasing: B5f
Wolf C1f ate!
Wolf C1 f is ready to mate
Wolf A3m is running away from: LionA5
Wolf A3 is Hungry
Wolf A3m is chasing: A3f
Wolf A3 m is ready to mate
Wolf B3f is running away from: LionA5
Wolf B3 f is ready to mate
Wolf B5f is running away from: LionC5
Wolf B5 f is ready to mate
Rabbit C2m is running away from: LionA5
Rabbit C2m is running away from: WolfB5
Rabbit C2 is Hungry
Rabbit C2m ate
Rabbit C2 m is ready to mate
Rabbit C2 m is approaching partner: Rabbit C1f
Rabbit B0f is running away from: LionC5
Rabbit B0f is running away from: WolfB3
Rabbit B0 is Hungry
Rabbit B0f ate
Rabbit B0 f is ready to mate
Rabbit C5m is running away from: LionA5
Rabbit C5m is running away from: WolfC1
Rabbit C5 is Hungry
Rabbit C5 m is ready to mate
Rabbit C5 m is approaching partner: Rabbit A5f
Rabbit A5f is running away from: LionA5
Rabbit A5f is running away from: WolfA3
Rabbit A5 is Hungry
Rabbit A5f ate
Rabbit A5 f is ready to mate
Rabbit B3f is running away from: LionC5
Rabbit B3f is running away from: WolfA0
Rabbit B3 is Hungry
Rabbit B3f ate
Rabbit B3 f is ready to mate
Rabbit A0m is running away from: LionA5
Rabbit A0m is running away from: WolfC1
Rabbit A0 is Hungry
Rabbit A0m ate
Rabbit A0 m is ready to mate
Rabbit A0 m is approaching partner: Rabbit C1f
Rabbit A3m is running away from: LionC5
Rabbit A3m is running away from: WolfB3
Rabbit A3 is Hungry
Rabbit A3m ate
Rabbit A3 m is ready to mate
Rabbit A3 m is approaching partner: Rabbit B0f
Rabbit C2f is running away from: LionC4
Rabbit C2f is running away from: WolfA0
Rabbit C2 is Hungry
Rabbit C2 f is ready to mate
Rabbit B1f is running away from: LionC5
Rabbit B1f is running away from: WolfB5
Rabbit B1 is Hungry
Rabbit B1f ate
Rabbit B1 f is ready to mate
Rabbit A4m is running away from: LionA5
Rabbit A4m is running away from: WolfA3
Rabbit A4 is Hungry
Rabbit A4 m is ready to mate
Rabbit A4 m is approaching partner: Rabbit A3f
Rabbit A3f is running away from: LionA5
Rabbit A3f is running away from: WolfA3
Rabbit A3 is Hungry
Rabbit A3f ate
Rabbit A3 f is ready to mate
Rabbit A4m is running away from: LionA5
Rabbit A4m is running away from: WolfA3
Rabbit A4 is Hungry
Rabbit A4m ate
Rabbit A4 m is ready to mate
Rabbit A4 m is approaching partner: Rabbit A5f
Rabbit A0f is running away from: LionA5
Rabbit A0f is running away from: WolfA3
Rabbit A0 is Hungry
Rabbit A0f ate
Rabbit A0 f is ready to mate
Rabbit C1f is running away from: LionA5
Rabbit C1f is running away from: WolfA3
Rabbit C1 is Hungry
Rabbit C1f ate
Rabbit C1 f is ready to mate
Rabbit A0f is running away from: LionC5
Rabbit A0f is running away from: WolfA0
Rabbit A0 is Hungry
Rabbit A0f ate
Rabbit A0 f is ready to mate
Rabbit C3f is running away from: LionC4
Rabbit C3f is running away from: WolfA0
Rabbit C3 is Hungry
Rabbit C3f ate
Rabbit C3 f is ready to mate
Wolf B5f is running away from: LionC3
Wolf B5 is Hungry
Wolf B5f is chasing: C2m
Wolf B5 f is ready to mate
Wolf C4m is running away from: LionC5
Wolf C4 is Hungry
Wolf C4m is chasing: B1f
Wolf C4 m is ready to mate
Wolf A0m is running away from: LionC5
Wolf A0 is Hungry
Wolf A0m is chasing: C3f
Wolf A0 m is ready to mate
Wolf A0m is running away from: LionC4
Wolf A0 is Hungry
Wolf A0m is chasing: A0f
Wolf A0 m is ready to mate
Wolf C1f is running away from: LionC3
Wolf C1 f is ready to mate
Wolf A3m is running away from: LionC3
Wolf A3 is Hungry
Wolf A3m is chasing: A3f
Wolf A3m ate!
Wolf A3 m is ready to mate
Wolf B3f is running away from: LionA5
Wolf B3 is Hungry
Wolf B3f is chasing: B0f
Wolf B3f ate!
Wolf B3 f is ready to mate
Wolf B5f is running away from: LionC5
Wolf B5 is Hungry
Wolf B5f is chasing: B1f
Wolf B5 f is ready to mate
Rabbit C2m is running away from: LionA5
Rabbit C2m is running away from: WolfB5
Rabbit C2 is Hungry
Rabbit C2m ate
Rabbit C2 m is ready to mate
Rabbit C2 m is approaching partner: Rabbit C1f
Rabbit C5m is running away from: LionA5
Rabbit C5m is running away from: WolfA3
Rabbit C5 is Hungry
Rabbit C5 m is ready to mate
Rabbit C5 m is approaching partner: Rabbit A5f
Rabbit A5f is running away from: LionA5
Rabbit A5f is running away from: WolfA3
Rabbit A5 is Hungry
Rabbit A5f ate
Rabbit A5 f is ready to mate
Rabbit B3f is running away from: LionC5
Rabbit B3f is running away from: WolfA0
Rabbit B3 is Hungry
Rabbit B3f ate
Rabbit B3 f is ready to mate
Rabbit A0m is running away from: LionC3
Rabbit A0m is running away from: WolfC1
Rabbit A0 is Hungry
Rabbit A0m ate
Rabbit A0 m is ready to mate
Rabbit A0 m is approaching partner: Rabbit C1f
Rabbit A3m is running away from: LionC5
Rabbit A3m is running away from: WolfB3
Rabbit A3 is Hungry
Rabbit A3m ate
Rabbit A3 m is ready to mate
Rabbit A3 m is approaching partner: Rabbit A0f
Rabbit C2f is running away from: LionC5
Rabbit C2f is running away from: WolfA0
Rabbit C2 is Hungry
Rabbit C2 f is ready to mate
Rabbit B1f is running away from: LionC5
Rabbit B1f is running away from: WolfB5
Rabbit B1 is Hungry
Rabbit B1f ate
Rabbit B1 f is ready to mate
Rabbit A4m is running away from: LionA5
Rabbit A4m is running away from: WolfA3
Rabbit A4 is Hungry
Rabbit A4 m is ready to mate
Rabbit A4 m is approaching partner: Rabbit A5f
Rabbit A4m is running away from: LionA5
Rabbit A4m is running away from: WolfA3
Rabbit A4 is Hungry
Rabbit A4m ate
Rabbit A4 m is ready to mate
Rabbit A4 m is approaching partner: Rabbit A5f
Rabbit A0f is running away from: LionA5
Rabbit A0f is running away from: WolfA3
Rabbit A0 is Hungry
Rabbit A0 f is ready to mate
Rabbit C1f is running away from: LionC3
Rabbit C1f is running away from: WolfA3
Rabbit C1 is Hungry
Rabbit C1f ate
Rabbit C1 f is ready to mate
Rabbit A0f is running away from: LionC5
Rabbit A0f is running away from: WolfA0
Rabbit A0 is Hungry
Rabbit A0f ate
Rabbit A0 f is ready to mate
Rabbit C3f is running away from: LionC5
Rabbit C3f is running away from: WolfA0
Rabbit C3 is Hungry
Rabbit C3 f is ready to mate
Lion C4 m is ready to mate
Lion A5 m is ready to mate
Lion C5 f is ready to mate
Lion A5 m is ready to mate
Lion C3 f is ready to mate
Wolf B5f is running away from: LionC3
Wolf B5 is Hungry
Wolf B5f is chasing: C2m
Wolf B5 f is ready to mate
Wolf C4m is running away from: LionC5
Wolf C4 is Hungry
Wolf C4m is chasing: B1f
Wolf C4 m is ready to mate
Wolf A0m is running away from: LionC5
Wolf A0 is Hungry
Wolf A0m is chasing: C2f
Wolf A0 m is ready to mate
Wolf A0m is running away from: LionC5
Wolf A0 is Hungry
Wolf A0m is chasing: A0f
Wolf A0m ate!
Wolf A0 m is ready to mate
Wolf C1f is running away from: LionA5
Wolf C1 is Hungry
Wolf C1f is chasing: C1f
Wolf C1f ate!
Wolf C1 f is ready to mate
Wolf A3m is running away from: LionA5
Wolf A3 m is ready to mate
Wolf B3f is running away from: LionC5
Wolf B3 f is ready to mate
Wolf B5f is running away from: LionC5
Wolf B5 is Hungry
Wolf B5f is chasing: B1f
Wolf B5 f is ready to mate
Rabbit C2m is running away from: LionA5
Rabbit C2m is running away from: WolfB5
Rabbit C2 is Hungry
Rabbit C2m ate
Rabbit C2 m is ready to mate
Rabbit C2 m is approaching partner: Rabbit A5f
Rabbit C5m is running away from: LionA5
Rabbit C5m is running away from: WolfA3
Rabbit C5 is Hungry
Rabbit C5m ate
Rabbit C5 m is ready to mate
Rabbit C5 m is approaching partner: Rabbit A5f
Rabbit A5f is running away from: LionA5
Rabbit A5f is running away from: WolfA3
Rabbit A5 is Hungry
Rabbit A5f ate
Rabbit A5 f is ready to mate
Rabbit B3f is running away from: LionC4
Rabbit B3f is running away from: WolfA0
Rabbit B3 is Hungry
Rabbit B3f ate
Rabbit B3 f is ready to mate
Rabbit A0m is running away from: LionA5
Rabbit A0m is running away from: WolfC1
Rabbit A0 is Hungry
Rabbit A0 m is ready to mate
Rabbit A0 m is approaching partner: Rabbit A5f
Rabbit A3m is running away from: LionC4
Rabbit A3m is running away from: WolfB3
Rabbit A3 is Hungry
Rabbit A3m ate
Rabbit A3 m is ready to mate
Rabbit A3 m is approaching partner: Rabbit C2f
Rabbit C2f is running away from: LionC5
Rabbit C2f is running away from: WolfA0
Rabbit C2 is Hungry
Rabbit C2f ate
Rabbit C2 f is ready to mate
Rabbit B1f is running away from: LionC5
Rabbit B1f is running away from: WolfB5
Rabbit B1 is Hungry
Rabbit B1 f is ready to mate
Rabbit A4m is running away from: LionA5
Rabbit A4m is running away from: WolfA3
Rabbit A4 is Hungry
Rabbit A4 m is ready to mate
Rabbit A4 m is approaching partner: Rabbit A5f
Rabbit A4m is running away from: LionA5
Rabbit A4m is running away from: WolfA3
Rabbit A4 is Hungry
Rabbit A4m ate
Rabbit A4 m is ready to mate
Rabbit A4 m is approaching partner: Rabbit A5f
Rabbit A0f is running away from: LionA5
Rabbit A0f is running away from: WolfA3
Rabbit A0 is Hungry
Rabbit A0 f is ready to mate
Rabbit C3f is running away from: LionC4
Rabbit C3f is running away from: WolfA0
Rabbit C3 is Hungry
Rabbit C3 f is ready to mate
Lion C4 m is ready to mate
Lion A5 m is ready to mate
Lion C5 f is ready to mate
Lion A5 m is ready to mate
Lion C3 f is ready to mate
Wolf B5f is running away from: LionC3
Wolf B5 is Hungry
WolfB5f died of hunger
Wolf B5f is chasing: C2m
Wolf B5 f is ready to mate
Wolf C4m is running away from: LionC5
Wolf C4 is Hungry
WolfC4m died of hunger
Wolf C4m is chasing: B1f
Wolf C4 m is ready to mate
Wolf A0m is running away from: LionC5
Wolf A0 is Hungry
WolfA0m died of hunger
Wolf A0m is chasing: B1f
Wolf A0 m is ready to mate
Wolf A0m is running away from: LionC4
Wolf A0 m is ready to mate
Wolf C1f is running away from: LionA5
Wolf C1 f is ready to mate
Wolf A3m is running away from: LionA5
Wolf A3 is Hungry
Wolf A3m is chasing: A5f
Wolf A3 m is ready to mate
Wolf B3f is running away from: LionC4
Wolf B3 is Hungry
Wolf B3f is chasing: A3m
Wolf B3 f is ready to mate
Wolf B5f is running away from: LionC3
Wolf B5 is Hungry
Wolf B5f is chasing: B1f
Wolf B5 f is ready to mate
Rabbit C2m is running away from: LionA5
Rabbit C2m is running away from: WolfC1
Rabbit C2 is Hungry
Rabbit C2 m is ready to mate
Rabbit C2 m is approaching partner: Rabbit A5f
Rabbit C5m is running away from: LionA5
Rabbit C5m is running away from: WolfA3
Rabbit C5 is Hungry
Rabbit C5 m is ready to mate
Rabbit C5 m is approaching partner: Rabbit A5f
Rabbit A5f is running away from: LionA5
Rabbit A5f is running away from: WolfA3
Rabbit A5 is Hungry
Rabbit A5f ate
Rabbit A5 f is ready to mate
Rabbit B3f is running away from: LionC4
Rabbit B3f is running away from: WolfA0
Rabbit B3 is Hungry
Rabbit B3f ate
Rabbit B3 f is ready to mate
Rabbit A0m is running away from: LionA5
Rabbit A0m is running away from: WolfC1
Rabbit A0 is Hungry
Rabbit A0m ate
Rabbit A0 m is ready to mate
Rabbit A0 m is approaching partner: Rabbit A5f
Rabbit A3m is running away from: LionC4
Rabbit A3m is running away from: WolfA0
Rabbit A3 is Hungry
Rabbit A3m ate
Rabbit A3 m is ready to mate
Rabbit A3 m is approaching partner: Rabbit B1f
Rabbit C2f is running away from: LionC5
Rabbit C2f is running away from: WolfA0
Rabbit C2 is Hungry
Rabbit C2 f is ready to mate
Rabbit B1f is running away from: LionC5
Rabbit B1f is running away from: WolfB5
Rabbit B1 is Hungry
Rabbit B1f ate
Rabbit B1 f is ready to mate
Rabbit A4m is running away from: LionA5
Rabbit A4m is running away from: WolfA3
Rabbit A4 is Hungry
Rabbit A4 m is ready to mate
Rabbit A4 m is approaching partner: Rabbit A5f
Rabbit A4m is running away from: LionA5
Rabbit A4m is running away from: WolfA3
Rabbit A4 is Hungry
Rabbit A4m ate
Rabbit A4 m is ready to mate
Rabbit A4 m is approaching partner: Rabbit A5f
Rabbit B1 m was born!Father is A4 and Mother is A5
Rabbit A0f is running away from: LionA5
Rabbit A0f is running away from: WolfA3
Rabbit A0 is Hungry
Rabbit A0 f is ready to mate
Rabbit C3f is running away from: LionC4
Rabbit C3f is running away from: WolfA0
Rabbit C3 is Hungry
Rabbit C3 f is ready to mate
Lion C4 m is ready to mate
Lion A5 m is ready to mate
Lion C5 f is ready to mate
Lion A5 m is ready to mate
Lion C3 f is ready to mate
Wolf A0m is running away from: LionC4
Wolf A0 is Hungry
Wolf A0m is chasing: A3m
Wolf A0m ate!
Wolf A0 m is ready to mate
Wolf C0 m was born! Father is A0 and Mother is B3
Wolf C1f is running away from: LionA5
Wolf C1 is Hungry
Wolf C1f is chasing: A0m
Wolf C1 f is ready to mate
Wolf A3m is running away from: LionA5
Wolf A3 is Hungry
Wolf A3m is chasing: A0m
Wolf A3 m is ready to mate
Wolf B3f is running away from: LionC5
Wolf B3 is Hungry
Wolf B3f is chasing: B1f
Wolf B5f is running away from: LionC5
Wolf B5 is Hungry
Wolf B5f is chasing: B1f
Wolf B5 f is ready to mate
Rabbit C2m is running away from: LionA5
Rabbit C2m is running away from: WolfC1
Rabbit C2 is Hungry
Rabbit C2 m is ready to mate
Rabbit C2 m is approaching partner: Rabbit B1f
Rabbit C5m is running away from: LionA5
Rabbit C5m is running away from: WolfA3
Rabbit C5 is Hungry
Rabbit C5 m is ready to mate
Rabbit C5 m is approaching partner: Rabbit A0f
Rabbit A5f is running away from: LionA5
Rabbit A5f is running away from: WolfA3
Rabbit A5 is Hungry
Rabbit A5f ate
Rabbit B3f is running away from: LionC4
Rabbit B3f is running away from: WolfA0
Rabbit B3 is Hungry
Rabbit B3f ate
Rabbit B3 f is ready to mate
Rabbit A0m is running away from: LionA5
Rabbit A0m is running away from: WolfC1
Rabbit A0 is Hungry
Rabbit A0m ate
Rabbit A0 m is ready to mate
Rabbit A0 m is approaching partner: Rabbit A0f
Rabbit C2f is running away from: LionC5
Rabbit C2f is running away from: WolfA0
Rabbit C2 is Hungry
Rabbit C2 f is ready to mate
Rabbit B1f is running away from: LionC5
Rabbit B1f is running away from: WolfB5
Rabbit B1 is Hungry
Rabbit B1 f is ready to mate
Rabbit A4m is running away from: LionA5
Rabbit A4m is running away from: WolfA3
Rabbit A4 is Hungry
RabbitA4m died of hunger
Rabbit A4 m is ready to mate
Rabbit A4 m is approaching partner: Rabbit A0f
Rabbit A4m is running away from: LionA5
Rabbit A4m is running away from: WolfA3
Rabbit A4 is Hungry
Rabbit A4 m is ready to mate
Rabbit A4 m is approaching partner: Rabbit A0f
Rabbit A0f is running away from: LionA5
Rabbit A0f is running away from: WolfA3
Rabbit A0 is Hungry
Rabbit A0 f is ready to mate
Rabbit C3f is running away from: LionC4
Rabbit C3f is running away from: WolfA0
Rabbit C3 is Hungry
Rabbit C3 f is ready to mate
Rabbit B1m is running away from: LionA5
Rabbit B1m is running away from: WolfA3
Rabbit B1 is Hungry
Rabbit B1m ate
Lion C4 m is ready to mate
Lion A5 m is ready to mate
Lion C5 f is ready to mate
Lion A5 m is ready to mate
Lion C3 f is ready to mate
Wolf A0m is running away from: LionC4
Wolf A0 m is ready to mate
Wolf C1f is running away from: LionA5
Wolf C1 is Hungry
Wolf C1f is chasing: A0m
Wolf C1 f is ready to mate
Wolf A3m is running away from: LionA5
Wolf A3 is Hungry
Wolf A3m is chasing: A0m
Wolf A3 m is ready to mate
Wolf B3f is running away from: LionC4
Wolf B3 is Hungry
Wolf B3f is chasing: B1f
Wolf B5f is running away from: LionC5
Wolf B5 is Hungry
WolfB5f died of hunger
Wolf B5f is chasing: B1f
Wolf B5 f is ready to mate
Wolf C0m is running away from: LionC4
Rabbit C2m is running away from: LionA5
Rabbit C2m is running away from: WolfC1
Rabbit C2 is Hungry
Rabbit C2 m is ready to mate
Rabbit C2 m is approaching partner: Rabbit B1f
Rabbit C5m is running away from: LionA5
Rabbit C5m is running away from: WolfA3
Rabbit C5 is Hungry
Rabbit C5m ate
Rabbit C5 m is ready to mate
Rabbit C5 m is approaching partner: Rabbit A0f
Rabbit A5f is running away from: LionA5
Rabbit A5f is running away from: WolfA3
Rabbit A5 is Hungry
Rabbit B3f is running away from: LionC5
Rabbit B3f is running away from: WolfA0
Rabbit B3 is Hungry
Rabbit B3f ate
Rabbit B3 f is ready to mate
Rabbit A0m is running away from: LionA5
Rabbit A0m is running away from: WolfC1
Rabbit A0 is Hungry
Rabbit A0m ate
Rabbit A0 m is ready to mate
Rabbit A0 m is approaching partner: Rabbit A0f
Rabbit C2f is running away from: LionC5
Rabbit C2f is running away from: WolfA0
Rabbit C2 is Hungry
Rabbit C2 f is ready to mate
Rabbit B1f is running away from: LionC5
Rabbit B1f is running away from: WolfA0
Rabbit B1 is Hungry
Rabbit B1f ate
Rabbit B1 f is ready to mate
Rabbit A4m is running away from: LionA5
Rabbit A4m is running away from: WolfA3
Rabbit A4 is Hungry
Rabbit A4m ate
Rabbit A4 m is ready to mate
Rabbit A4 m is approaching partner: Rabbit A0f
Rabbit A0f is running away from: LionA5
Rabbit A0f is running away from: WolfC1
Rabbit A0 is Hungry
RabbitA0f died of hunger
Rabbit A0 f is ready to mate
Rabbit C3f is running away from: LionC5
Rabbit C3f is running away from: WolfA0
Rabbit C3 is Hungry
RabbitC3f died of hunger
Rabbit C3 f is ready to mate
Rabbit B1m is running away from: LionA5
Rabbit B1m is running away from: WolfA3
Rabbit B1 is Hungry
Lion C4 m is ready to mate
Lion A5 m is ready to mate
Lion C5 f is ready to mate
Lion A5 m is ready to mate
Lion C3 f is ready to mate
Wolf A0m is running away from: LionC4
Wolf A0 is Hungry
Wolf A0m is chasing: B1f
Wolf A0 m is ready to mate
Wolf C1f is running away from: LionA5
Wolf C1 is Hungry
Wolf C1f is chasing: A0m
Wolf C1 f is ready to mate
Wolf A3m is running away from: LionA5
Wolf A3 is Hungry
Wolf A3m is chasing: A0m
Wolf A3 m is ready to mate
Wolf B3f is running away from: LionC4
Wolf B3 is Hungry
Wolf B3f is chasing: B1f
Wolf C0m is running away from: LionA5
Wolf C0 is Hungry
Wolf C0m is chasing: B1f
Rabbit C2m is running away from: LionA5
Rabbit C2m is running away from: WolfB3
Rabbit C2 is Hungry
Rabbit C2 m is ready to mate
Rabbit C2 m is approaching partner: Rabbit B1f
Rabbit C5m is running away from: LionA5
Rabbit C5m is running away from: WolfC1
Rabbit C5 is Hungry
Rabbit C5 m is ready to mate
Rabbit C5 m is approaching partner: Rabbit B1f
Rabbit A5f is running away from: LionA5
Rabbit A5f is running away from: WolfC1
Rabbit A5 is Hungry
Rabbit A5 f is ready to mate
Rabbit B3f is running away from: LionC5
Rabbit B3f is running away from: WolfC0
Rabbit B3 is Hungry
Rabbit B3f ate
Rabbit B3 f is ready to mate
Rabbit A0m is running away from: LionA5
Rabbit A0m is running away from: WolfC1
Rabbit A0 is Hungry
Rabbit A0m ate
Rabbit A0 m is ready to mate
Rabbit A0 m is approaching partner: Rabbit A5f
Rabbit C2f is running away from: LionC5
Rabbit C2f is running away from: WolfC0
Rabbit C2 is Hungry
Rabbit C2 f is ready to mate
Rabbit B1f is running away from: LionC5
Rabbit B1f is running away from: WolfC0
Rabbit B1 is Hungry
Rabbit B1f ate
Rabbit B1 f is ready to mate
Rabbit A4m is running away from: LionA5
Rabbit A4m is running away from: WolfC1
Rabbit A4 is Hungry
Rabbit A4 m is ready to mate
Rabbit A4 m is approaching partner: Rabbit A5f
Rabbit B1m is running away from: LionA5
Rabbit B1m is running away from: WolfC1
Rabbit B1 is Hungry
Rabbit B1 m is ready to mate
Rabbit B1 m is approaching partner: Rabbit A5f
Rabbit A1 m was born!Father is B1 and Mother is A5
Lion C4 m is ready to mate
Lion A5 m is ready to mate
Lion C5 f is ready to mate
Lion A5 m is ready to mate
Lion C3 f is ready to mate
Wolf A0m is running away from: LionC3
Wolf A0 is Hungry
Wolf A0m is chasing: B1f
Wolf A0 m is ready to mate
Wolf C1f is running away from: LionA5
Wolf C1 is Hungry
Wolf C1f is chasing: A0m
Wolf C1 f is ready to mate
Wolf A3m is running away from: LionA5
Wolf A3 is Hungry
WolfA3m died of hunger
Wolf A3m is chasing: A0m
Wolf A3 m is ready to mate
Wolf B3f is running away from: LionC3
Wolf B3 is Hungry
WolfB3f died of hunger
Wolf B3f is chasing: B1f
Wolf C0m is running away from: LionC5
Wolf C0 is Hungry
Wolf C0m is chasing: B1f
Rabbit C2 is Thirsty
Rabbit C2 drank water
Rabbit C2m is running away from: LionA5
Rabbit C2m is running away from: WolfC0
Rabbit C2 is Hungry
RabbitC2m died of hunger
Rabbit C2m ate
Rabbit C2 m is ready to mate
Rabbit C2 m is approaching partner: Rabbit B1f
Rabbit C5 is Thirsty
Rabbit C5 drank water
Rabbit C5m is running away from: LionA5
Rabbit C5m is running away from: WolfC1
Rabbit C5 is Hungry
Rabbit C5 m is ready to mate
Rabbit C5 m is approaching partner: Rabbit B1f
Rabbit A5 is Thirsty
Rabbit A5 drank water
Rabbit A5f is running away from: LionA5
Rabbit A5f is running away from: WolfC1
Rabbit A5 is Hungry
Rabbit B3 is Thirsty
Rabbit B3 drank water
Rabbit B3f is running away from: LionC5
Rabbit B3f is running away from: WolfA0
Rabbit B3 is Hungry
Rabbit B3f ate
Rabbit B3 f is ready to mate
Rabbit A0 is Thirsty
Rabbit A0 drank water
Rabbit A0m is running away from: LionA5
Rabbit A0m is running away from: WolfC1
Rabbit A0 is Hungry
Rabbit A0 m is ready to mate
Rabbit A0 m is approaching partner: Rabbit B1f
Rabbit C2 is Thirsty
Rabbit C2 drank water
Rabbit C2f is running away from: LionC4
Rabbit C2f is running away from: WolfA0
Rabbit C2 is Hungry
RabbitC2f died of hunger
Rabbit C2 f is ready to mate
Rabbit B1 is Thirsty
Rabbit B1 drank water
Rabbit B1f is running away from: LionC5
Rabbit B1f is running away from: WolfC0
Rabbit B1 is Hungry
Rabbit B1f ate
Rabbit B1 f is ready to mate
Rabbit A4 is Thirsty
Rabbit A4 drank water
Rabbit A4m is running away from: LionA5
Rabbit A4m is running away from: WolfC1
Rabbit A4 is Hungry
Rabbit A4 m is ready to mate
Rabbit A4 m is approaching partner: Rabbit B1f
Rabbit B1m is running away from: LionA5
Rabbit B1m is running away from: WolfC1
Rabbit B1 is Hungry
Rabbit B1 m is ready to mate
Rabbit B1 m is approaching partner: Rabbit B1f
Rabbit A1m is running away from: LionA5
Rabbit A1m is running away from: WolfC1
Rabbit A1 is Hungry
Lion C4 m is ready to mate
Lion A5 m is ready to mate
Lion C5 f is ready to mate
Lion A5 m is ready to mate
Lion C3 f is ready to mate
Wolf A0m is running away from: LionC4
Wolf A0 is Hungry
Wolf A0m is chasing: B1f
Wolf A0 m is ready to mate
Wolf C1f is running away from: LionC3
Wolf C1 is Hungry
WolfC1f died of hunger
Wolf C1f is chasing: B1m
Wolf C1 f is ready to mate
Wolf C0m is running away from: LionA5
Wolf C0 is Hungry
Wolf C0m is chasing: B1f
Rabbit C5 is Thirsty
Rabbit C5 drank water
Rabbit C5m is running away from: LionA5
Rabbit C5m is running away from: WolfA0
Rabbit C5 is Hungry
Rabbit C5 m is ready to mate
Rabbit C5 m is approaching partner: Rabbit B1f
Rabbit A5 is Thirsty
Rabbit A5 drank water
Rabbit A5f is running away from: LionA5
Rabbit A5f is running away from: WolfA0
Rabbit A5 is Hungry
Rabbit B3 is Thirsty
Rabbit B3 drank water
Rabbit B3f is running away from: LionC5
Rabbit B3f is running away from: WolfC0
Rabbit B3 is Hungry
Rabbit B3 f is ready to mate
Rabbit A0 is Thirsty
Rabbit A0 drank water
Rabbit A0m is running away from: LionA5
Rabbit A0m is running away from: WolfA0
Rabbit A0 is Hungry
Rabbit A0m ate
Rabbit A0 m is ready to mate
Rabbit A0 m is approaching partner: Rabbit B1f
Rabbit B1 is Thirsty
Rabbit B1 drank water
Rabbit B1f is running away from: LionC5
Rabbit B1f is running away from: WolfC0
Rabbit B1 is Hungry
Rabbit B1f ate
Rabbit B1 f is ready to mate
Rabbit A4 is Thirsty
Rabbit A4 drank water
Rabbit A4m is running away from: LionA5
Rabbit A4m is running away from: WolfA0
Rabbit A4 is Hungry
Rabbit A4 m is ready to mate
Rabbit A4 m is approaching partner: Rabbit B1f
Rabbit B1m is running away from: LionA5
Rabbit B1m is running away from: WolfA0
Rabbit B1 is Hungry
Rabbit B1 m is ready to mate
Rabbit B1 m is approaching partner: Rabbit B1f
Rabbit A1m is running away from: LionA5
Rabbit A1m is running away from: WolfA0
Rabbit A1 is Hungry
Lion C4 m is ready to mate
Lion A5 m is ready to mate
Lion C5 f is ready to mate
Lion A5 m is ready to mate
Lion C3 f is ready to mate
Wolf A0m is running away from: LionC5
Wolf A0 is Hungry
Wolf A0m is chasing: B1f
Wolf A0 m is ready to mate
No Female Wolf Partner or Female Wolf Partner not ready yet!
Wolf C0m is running away from: LionC5
Wolf C0 is Hungry
Wolf C0m is chasing: B1f
Rabbit C5 is Thirsty
Rabbit C5 drank water
Rabbit C5m is running away from: LionC3
Rabbit C5m is running away from: WolfA0
Rabbit C5 is Hungry
Rabbit C5 m is ready to mate
Rabbit C5 m is approaching partner: Rabbit B1f
Rabbit A5 is Thirsty
Rabbit A5 drank water
Rabbit A5f is running away from: LionC3
Rabbit A5f is running away from: WolfA0
Rabbit A5 is Hungry
RabbitA5f died of hunger
Rabbit B3 is Thirsty
Rabbit B3 drank water
Rabbit B3f is running away from: LionC4
Rabbit B3f is running away from: WolfC0
Rabbit B3 is Hungry
Rabbit B3 f is ready to mate
Rabbit A0 is Thirsty
Rabbit A0 drank water
Rabbit A0m is running away from: LionA5
Rabbit A0m is running away from: WolfA0
Rabbit A0 is Hungry
Rabbit A0 m is ready to mate
Rabbit A0 m is approaching partner: Rabbit B1f
Rabbit B1 is Thirsty
Rabbit B1 drank water
Rabbit B1f is running away from: LionC4
Rabbit B1f is running away from: WolfC0
Rabbit B1 is Hungry
Rabbit B1 f is ready to mate
Rabbit A4 is Thirsty
Rabbit A4 drank water
Rabbit A4m is running away from: LionC3
Rabbit A4m is running away from: WolfA0
Rabbit A4 is Hungry
Rabbit A4 m is ready to mate
Rabbit A4 m is approaching partner: Rabbit B1f
Rabbit B1m is running away from: LionC3
Rabbit B1m is running away from: WolfA0
Rabbit B1 is Hungry
RabbitB1m died of hunger
Rabbit B1 m is ready to mate
Rabbit B1 m is approaching partner: Rabbit B1f
Rabbit A1m is running away from: LionC3
Rabbit A1m is running away from: WolfA0
Rabbit A1 is Hungry
Rabbit A1 m is ready to mate
Rabbit A1 m is approaching partner: Rabbit B1f
Lion C4 m is ready to mate
Lion A5 m is ready to mate
Lion C5 f is ready to mate
Lion A5 m is ready to mate
Lion A0 f was born!Father is A5 and Mother is C3
Wolf A0m is running away from: LionC5
Wolf A0 is Hungry
WolfA0m died of hunger
Wolf A0m is chasing: B1f
Wolf A0 m is ready to mate
No Female Wolf Partner or Female Wolf Partner not ready yet!
Wolf C0m is running away from: LionC5
Wolf C0 is Hungry
WolfC0m died of hunger
Wolf C0m is chasing: B1f
Rabbit C5 is Thirsty
Rabbit C5 drank water
Rabbit C5m is running away from: LionA0
Rabbit C5 is Hungry
RabbitC5m died of hunger
Rabbit C5m ate
Rabbit C5 m is ready to mate
Rabbit C5 m is approaching partner: Rabbit B1f
Rabbit B3 is Thirsty
Rabbit B3 drank water
Rabbit B3f is running away from: LionC4
Rabbit B3 is Hungry
Rabbit B3 f is ready to mate
Rabbit A0 is Thirsty
Rabbit A0 drank water
Rabbit A0m is running away from: LionA5
Rabbit A0 is Hungry
Rabbit A0m ate
Rabbit A0 m is ready to mate
Rabbit A0 m is approaching partner: Rabbit B1f
Rabbit B1 is Thirsty
Rabbit B1 drank water
Rabbit B1f is running away from: LionC5
Rabbit B1 is Hungry
Rabbit B1 f is ready to mate
Rabbit A4 is Thirsty
Rabbit A4 drank water
Rabbit A4m is running away from: LionA0
Rabbit A4 is Hungry
RabbitA4m died of hunger
Rabbit A4 m is ready to mate
Rabbit A4 m is approaching partner: Rabbit B1f
Rabbit A1m is running away from: LionA0
Rabbit A1 is Hungry
Rabbit A1 m is ready to mate
Rabbit A1 m is approaching partner: Rabbit B1f
Lion C4 m is ready to mate
Lion A5 m is ready to mate
Lion C5 f is ready to mate
Lion A5 m is ready to mate
Rabbit B3 is Thirsty
Rabbit B3 drank water
Rabbit B3f is running away from: LionC4
Rabbit B3 is Hungry
Rabbit B3 f is ready to mate
Rabbit A0 is Thirsty
Rabbit A0 drank water
Rabbit A0m is running away from: LionA0
Rabbit A0 is Hungry
Rabbit A0m ate
Rabbit A0 m is ready to mate
Rabbit A0 m is approaching partner: Rabbit B1f
Rabbit B1 is Thirsty
Rabbit B1 drank water
Rabbit B1f is running away from: LionC5
Rabbit B1 is Hungry
Rabbit B1 f is ready to mate
Rabbit A1m is running away from: LionA0
Rabbit A1 is Hungry
RabbitA1m died of hunger
Rabbit A1 m is ready to mate
Rabbit A1 m is approaching partner: Rabbit B1f
Lion C4 m is ready to mate
Lion A5 m is ready to mate
Lion C5 f is ready to mate
Lion A5 m is ready to mate
Rabbit B3 is Thirsty
Rabbit B3 drank water
Rabbit B3f is running away from: LionC5
Rabbit B3 is Hungry
RabbitB3f died of hunger
Rabbit B3f ate
Rabbit B3 f is ready to mate
Rabbit A0 is Thirsty
Rabbit A0 drank water
Rabbit A0m is running away from: LionA0
Rabbit A0 is Hungry
Rabbit A0 m is ready to mate
Rabbit A0 m is approaching partner: Rabbit B1f
Rabbit B1 is Thirsty
Rabbit B1 drank water
Rabbit B1f is running away from: LionC4
Rabbit B1 is Hungry
Rabbit B1 f is ready to mate
Lion C4 m is ready to mate
Lion A5 m is ready to mate
Lion C5 f is ready to mate
Lion A5 m is ready to mate
Rabbit A0 is Thirsty
Rabbit A0 drank water
Rabbit A0m is running away from: LionA0
Rabbit A0 is Hungry
Rabbit A0m ate
Rabbit A0 m is ready to mate
Rabbit A0 m is approaching partner: Rabbit B1f
Rabbit B1 is Thirsty
Rabbit B1 drank water
Rabbit B1f is running away from: LionC5
Rabbit B1 is Hungry
RabbitB1f died of hunger
Rabbit B1 f is ready to mate
Lion C4 m is ready to mate
Lion A5 m is ready to mate
Lion C5 f is ready to mate
Lion A5 m is ready to mate
Rabbit A0 is Thirsty
Rabbit A0 drank water
Rabbit A0m is running away from: LionA0
Rabbit A0 is Hungry
Rabbit A0 m is ready to mate
Not enough female Rabbits or Female Rabbit partners are not ready yet!
Lion C4 m is ready to mate
Lion A5 m is ready to mate
Lion C5 f is ready to mate
Lion A5 m is ready to mate
Rabbit A0 is Thirsty
Rabbit A0 drank water
Rabbit A0m is running away from: LionA0
Rabbit A0 is Hungry
Rabbit A0 m is ready to mate
Not enough female Rabbits or Female Rabbit partners are not ready yet!
Lion C4 m is ready to mate
Lion A5 m is ready to mate
Lion C5 f is ready to mate
Lion A5 m is ready to mate
Rabbit A0 is Thirsty
Rabbit A0 drank water
Rabbit A0m is running away from: LionA0
Rabbit A0 is Hungry
Rabbit A0 m is ready to mate
Not enough female Rabbits or Female Rabbit partners are not ready yet!
Lion C4 m is ready to mate
Lion A5 m is ready to mate
Lion C5 f is ready to mate
Lion A5 m is ready to mate
Rabbit A0 is Thirsty
Rabbit A0 drank water
Rabbit A0m is running away from: LionA0
Rabbit A0 is Hungry
Rabbit A0 m is ready to mate
Not enough female Rabbits or Female Rabbit partners are not ready yet!
Lion C4 is Thirsty
Lion C4 drank water
Lion C4 m is ready to mate
Lion A5 is Thirsty
Lion A5 drank water
Lion A5 m is ready to mate
Lion C5 is Thirsty
Lion C5 drank water
Lion C5 f is ready to mate
Lion A5 is Thirsty
Lion A5 drank water
Lion A5 m is ready to mate
Lion C3 is Thirsty
Lion C3 drank water
Rabbit A0 is Thirsty
Rabbit A0 drank water
Rabbit A0m is running away from: LionA0
Rabbit A0 is Hungry
RabbitA0m died of hunger
Rabbit A0 m is ready to mate
Not enough female Rabbits or Female Rabbit partners are not ready yet!
Lion C4 is Thirsty
Lion C4 drank water
Lion C4 m is ready to mate
Lion B4 m was born!Father is C4 and Mother is C5
Lion A5 is Thirsty
Lion A5 drank water
Lion A5 m is ready to mate
No Female Lion Partner or Female Lion partners are not ready to mate Yet!
Lion C5 is Thirsty
Lion C5 drank water
Lion A5 is Thirsty
Lion A5 drank water
Lion A5 m is ready to mate
No Female Lion Partner or Female Lion partners are not ready to mate Yet!
Lion C3 is Thirsty
Lion C3 drank water
Lion C4 is Thirsty
Lion C4 drank water
Lion C4 m is ready to mate
No Female Lion Partner or Female Lion partners are not ready to mate Yet!
Lion A5 is Thirsty
Lion A5 drank water
Lion A5 m is ready to mate
No Female Lion Partner or Female Lion partners are not ready to mate Yet!
Lion C5 is Thirsty
Lion C5 drank water
Lion A5 is Thirsty
Lion A5 drank water
Lion A5 m is ready to mate
No Female Lion Partner or Female Lion partners are not ready to mate Yet!
Lion C3 is Thirsty
Lion C3 drank water
Lion C4 is Thirsty
Lion C4 drank water
Lion C4 m is ready to mate
No Female Lion Partner or Female Lion partners are not ready to mate Yet!
Lion A5 is Thirsty
Lion A5 drank water
Lion A5 m is ready to mate
No Female Lion Partner or Female Lion partners are not ready to mate Yet!
Lion C5 is Thirsty
Lion C5 drank water
Lion A5 is Thirsty
Lion A5 drank water
Lion A5 m is ready to mate
No Female Lion Partner or Female Lion partners are not ready to mate Yet!
Lion C3 is Thirsty
Lion C3 drank water
Lion C4 is Thirsty
Lion C4 drank water
Lion C4 m is ready to mate
No Female Lion Partner or Female Lion partners are not ready to mate Yet!
Lion A5 is Thirsty
Lion A5 drank water
Lion A5 m is ready to mate
No Female Lion Partner or Female Lion partners are not ready to mate Yet!
Lion C5 is Thirsty
Lion C5 drank water
Lion A5 is Thirsty
Lion A5 drank water
Lion A5 m is ready to mate
No Female Lion Partner or Female Lion partners are not ready to mate Yet!
Lion C3 is Thirsty
Lion C3 drank water
Lion C4 is Thirsty
Lion C4 drank water
Lion C4 m is ready to mate
No Female Lion Partner or Female Lion partners are not ready to mate Yet!
Lion A5 is Thirsty
Lion A5 drank water
Lion A5 m is ready to mate
No Female Lion Partner or Female Lion partners are not ready to mate Yet!
Lion C5 is Thirsty
Lion C5 drank water
Lion A5 is Thirsty
Lion A5 drank water
Lion A5 m is ready to mate
No Female Lion Partner or Female Lion partners are not ready to mate Yet!
Lion C3 is Thirsty
Lion C3 drank water
Lion C4 is Thirsty
Lion C4 drank water
Lion C4 m is ready to mate
No Female Lion Partner or Female Lion partners are not ready to mate Yet!
Lion A5 is Thirsty
Lion A5 drank water
Lion A5 m is ready to mate
No Female Lion Partner or Female Lion partners are not ready to mate Yet!
Lion C5 is Thirsty
Lion C5 drank water
Lion A5 m is ready to mate
No Female Lion Partner or Female Lion partners are not ready to mate Yet!
Lion C3 is Thirsty
Lion C3 drank water
Lion C4 is Thirsty
Lion C4 drank water
Lion C4 m is ready to mate
No Female Lion Partner or Female Lion partners are not ready to mate Yet!
Lion A5 is Thirsty
Lion A5 drank water
Lion A5 m is ready to mate
No Female Lion Partner or Female Lion partners are not ready to mate Yet!
Lion C5 is Thirsty
Lion C5 drank water
Lion A5 m is ready to mate
No Female Lion Partner or Female Lion partners are not ready to mate Yet!
Lion C3 is Thirsty
Lion C3 drank water
Lion C4 is Thirsty
Lion C4 drank water
Lion C4 m is ready to mate
No Female Lion Partner or Female Lion partners are not ready to mate Yet!
Lion A5 is Thirsty
Lion A5 drank water
Lion A5 m is ready to mate
No Female Lion Partner or Female Lion partners are not ready to mate Yet!
Lion C5 is Thirsty
Lion C5 drank water
Lion A5 m is ready to mate
No Female Lion Partner or Female Lion partners are not ready to mate Yet!
Lion C4 is Thirsty
Lion C4 drank water
Lion C4 m is ready to mate
No Female Lion Partner or Female Lion partners are not ready to mate Yet!
Lion A5 is Thirsty
Lion A5 drank water
Lion A5 m is ready to mate
No Female Lion Partner or Female Lion partners are not ready to mate Yet!
Lion C5 is Thirsty
Lion C5 drank water
Lion A5 m is ready to mate
No Female Lion Partner or Female Lion partners are not ready to mate Yet!
Lion C4 is Thirsty
Lion C4 drank water
Lion C4 is Hungry
Lion A5 is Thirsty
Lion A5 drank water
Lion A5 is Hungry
Lion C5 is Thirsty
Lion C5 drank water
Lion C5 is Hungry
Lion A5 is Hungry
Lion C3 is Hungry
Lion C4 is Thirsty
Lion C4 drank water
Lion C4 is Hungry
Lion A5 is Hungry
Lion C5 is Thirsty
Lion C5 drank water
Lion C5 is Hungry
Lion A5 is Hungry
Lion C3 is Hungry
Lion C4 is Thirsty
Lion C4 drank water
Lion C4 is Hungry
Lion A5 is Hungry
Lion C5 is Hungry
Lion A5 is Hungry
Lion C3 is Hungry
Lion A0 is Thirsty
Lion A0 drank water
Lion C4 is Thirsty
Lion C4 drank water
Lion C4 is Hungry
Lion A5 is Hungry
Lion C5 is Hungry
Lion A5 is Hungry
Lion C3 is Hungry
Lion A0 is Thirsty
Lion A0 drank water
Lion C4 is Thirsty
Lion C4 drank water
Lion C4 is Hungry
Lion A5 is Hungry
Lion C5 is Hungry
Lion A5 is Hungry
Lion C3 is Hungry
Lion A0 is Thirsty
Lion A0 drank water
Lion C4 is Thirsty
Lion C4 drank water
Lion C4 is Hungry
Lion A5 is Hungry
Lion C5 is Hungry
Lion A5 is Hungry
Lion C3 is Hungry
Lion A0 is Thirsty
Lion A0 drank water
Lion C4 is Thirsty
Lion C4 drank water
Lion C4 is Hungry
Lion A5 is Hungry
Lion C5 is Hungry
Lion A5 is Hungry
Lion C3 is Hungry
Lion A0 is Thirsty
Lion A0 drank water
Lion C4 is Thirsty
Lion C4 drank water
Lion C4 is Hungry
Lion A5 is Hungry
Lion C5 is Hungry
Lion A5 is Hungry
Lion C3 is Hungry
Lion C4 is Thirsty
Lion C4 drank water
Lion C4 is Hungry
Lion A5 is Hungry
Lion C5 is Hungry
Lion A5 is Hungry
Lion C3 is Hungry
Lion C4 is Thirsty
Lion C4 drank water
Lion C4 is Hungry
Lion A5 is Hungry
Lion C5 is Hungry
Lion A5 is Hungry
Lion C3 is Hungry
Lion C4 is Thirsty
Lion C4 drank water
Lion C4 is Hungry
Lion A5 is Hungry
Lion C5 is Hungry
Lion A5 is Hungry
Lion C3 is Hungry
Lion C4 is Thirsty
Lion C4 drank water
Lion C4 is Hungry
Lion A5 is Hungry
Lion C5 is Hungry
Lion A5 is Hungry
Lion C3 is Hungry
Lion B4 is Thirsty
Lion B4 drank water
Lion C4 is Thirsty
Lion C4 drank water
Lion C4 is Hungry
Lion A5 is Hungry
Lion C5 is Hungry
Lion A5 is Hungry
Lion C3 is Hungry
Lion A0 is Hungry
Lion B4 is Thirsty
Lion B4 drank water
Lion C4 is Thirsty
Lion C4 drank water
Lion C4 is Hungry
Lion A5 is Hungry
Lion C5 is Hungry
Lion A5 is Hungry
Lion C3 is Hungry
Lion A0 is Hungry
Lion B4 is Thirsty
Lion B4 drank water
Lion C4 is Thirsty
Lion C4 drank water
Lion C4 is Hungry
Lion A5 is Hungry
Lion C5 is Hungry
Lion A5 is Hungry
Lion C3 is Hungry
Lion A0 is Hungry
Lion B4 is Thirsty
Lion B4 drank water
Lion C4 is Thirsty
Lion C4 drank water
Lion C4 is Hungry
Lion A5 is Hungry
Lion C5 is Hungry
Lion A5 is Thirsty
Lion A5 drank water
Lion A5 is Hungry
Lion C3 is Hungry
Lion A0 is Hungry
Lion B4 is Thirsty
Lion B4 drank water
Lion C4 is Thirsty
Lion C4 drank water
Lion C4 is Hungry
Lion A5 is Hungry
Lion C5 is Hungry
Lion A5 is Hungry
Lion C3 is Hungry
Lion A0 is Hungry
Lion B4 is Thirsty
Lion B4 drank water
Lion C4 is Thirsty
Lion C4 drank water
Lion C4 is Hungry
Lion A5 is Hungry
Lion C5 is Hungry
Lion A5 is Hungry
Lion C3 is Thirsty
Lion C3 drank water
Lion C3 is Hungry
Lion A0 is Hungry
Lion B4 is Thirsty
Lion B4 drank water
Lion C4 is Thirsty
Lion C4 drank water
Lion C4 is Hungry
Lion A5 is Hungry
Lion C5 is Hungry
Lion A5 is Hungry
Lion C3 is Hungry
Lion A0 is Hungry
Lion B4 is Thirsty
Lion B4 drank water
Lion C4 is Thirsty
Lion C4 drank water
Lion C4 is Hungry
Lion A5 is Hungry
Lion C5 is Hungry
Lion A5 is Hungry
Lion C3 is Hungry
Lion A0 is Hungry
Lion B4 is Thirsty
Lion B4 drank water
Lion C4 is Thirsty
Lion C4 drank water
Lion C4 is Hungry
Lion A5 is Thirsty
Lion A5 drank water
Lion A5 is Hungry
Lion C5 is Hungry
Lion A5 is Hungry
Lion C3 is Hungry
Lion A0 is Hungry
Lion B4 is Thirsty
Lion B4 drank water
Lion C4 is Thirsty
Lion C4 drank water
Lion C4 is Hungry
Lion A5 is Hungry
Lion C5 is Thirsty
Lion C5 drank water
Lion C5 is Hungry
Lion A5 is Hungry
Lion C3 is Hungry
Lion A0 is Hungry
Lion B4 is Thirsty
Lion B4 drank water
Lion B4 is Hungry
Lion C4 is Thirsty
Lion C4 drank water
Lion C4 is Hungry
Lion A5 is Hungry
Lion C5 is Hungry
Lion A5 is Hungry
Lion C3 is Hungry
Lion A0 is Hungry
Lion B4 is Thirsty
Lion B4 drank water
Lion B4 is Hungry
Lion C4 is Thirsty
Lion C4 drank water
Lion C4 is Hungry
Lion A5 is Hungry
Lion C5 is Hungry
Lion A5 is Hungry
Lion C3 is Hungry
Lion A0 is Hungry
Lion B4 is Thirsty
Lion B4 drank water
Lion B4 is Hungry
Lion C4 is Thirsty
Lion C4 drank water
Lion C4 is Hungry
Lion A5 is Hungry
Lion C5 is Hungry
Lion A5 is Hungry
Lion C3 is Hungry
Lion A0 is Hungry
Lion B4 is Thirsty
Lion B4 drank water
Lion B4 is Hungry
Lion C4 is Thirsty
Lion C4 drank water
Lion C4 is Hungry
Lion A5 is Hungry
Lion C5 is Hungry
Lion A5 is Hungry
Lion C3 is Hungry
Lion A0 is Hungry
Lion B4 is Thirsty
Lion B4 drank water
Lion B4 is Hungry
Lion C4 is Thirsty
Lion C4 drank water
Lion C4 is Hungry
Lion A5 is Hungry
Lion C5 is Hungry
Lion A5 is Hungry
Lion C3 is Hungry
Lion A0 is Thirsty
Lion A0 drank water
Lion A0 is Hungry
Lion B4 is Thirsty
Lion B4 drank water
Lion B4 is Hungry
Lion C4 is Thirsty
Lion C4 drank water
Lion C4 is Hungry
Lion A5 is Hungry
Lion C5 is Hungry
Lion A5 is Hungry
Lion C3 is Hungry
Lion A0 is Hungry
Lion B4 is Thirsty
Lion B4 drank water
Lion B4 is Hungry
Lion C4 is Thirsty
Lion C4 drank water
Lion C4 is Hungry
Lion A5 is Hungry
Lion C5 is Hungry
Lion A5 is Hungry
Lion C3 is Hungry
Lion A0 is Hungry
Lion B4 is Thirsty
Lion B4 drank water
Lion B4 is Hungry
Lion C4 is Thirsty
Lion C4 drank water
Lion C4 is Hungry
Lion A5 is Hungry
Lion C5 is Hungry
Lion A5 is Hungry
Lion C3 is Hungry
Lion A0 is Hungry
Lion B4 is Thirsty
Lion B4 drank water
Lion B4 is Hungry
Lion C4 is Thirsty
Lion C4 drank water
Lion C4 is Hungry
Lion A5 is Hungry
Lion C5 is Hungry
Lion A5 is Hungry
Lion C3 is Hungry
Lion A0 is Hungry
Lion B4 is Hungry
Lion C4 is Thirsty
Lion C4 drank water
Lion C4 is Hungry
Lion A5 is Hungry
Lion C5 is Hungry
Lion A5 is Hungry
Lion C3 is Hungry
Lion A0 is Hungry
Lion B4 is Hungry
Lion C4 is Thirsty
Lion C4 drank water
Lion C4 is Hungry
Lion A5 is Hungry
Lion C5 is Hungry
Lion A5 is Hungry
Lion C3 is Hungry
Lion A0 is Hungry
Lion B4 is Hungry
Lion C4 is Thirsty
Lion C4 drank water
Lion C4 is Hungry
Lion A5 is Hungry
Lion C5 is Hungry
Lion A5 is Hungry
Lion C3 is Hungry
Lion A0 is Hungry
Lion B4 is Hungry
Lion C4 is Thirsty
Lion C4 drank water
Lion C4 is Hungry
Lion A5 is Hungry
Lion C5 is Hungry
Lion A5 is Hungry
Lion C3 is Hungry
Lion A0 is Hungry
Lion B4 is Hungry
Lion C4 is Thirsty
Lion C4 drank water
Lion C4 is Hungry
Lion A5 is Hungry
Lion C5 is Hungry
Lion A5 is Thirsty
Lion A5 drank water
Lion A5 is Hungry
Lion C3 is Hungry
Lion A0 is Hungry
Lion B4 is Hungry
Lion C4 is Thirsty
Lion C4 drank water
Lion C4 is Hungry
Lion A5 is Hungry
Lion C5 is Hungry
Lion A5 is Hungry
Lion C3 is Hungry
Lion A0 is Hungry
Lion B4 is Hungry
Lion C4 is Thirsty
Lion C4 drank water
Lion C4 is Hungry
Lion A5 is Hungry
Lion C5 is Hungry
Lion A5 is Hungry
Lion C3 is Thirsty
Lion C3 drank water
Lion C3 is Hungry
Lion A0 is Hungry
Lion B4 is Hungry
Lion C4 is Thirsty
Lion C4 drank water
Lion C4 is Hungry
Lion A5 is Hungry
Lion C5 is Hungry
Lion A5 is Hungry
Lion C3 is Hungry
Lion A0 is Hungry
Lion B4 is Hungry
Lion C4 is Thirsty
Lion C4 drank water
Lion C4 is Hungry
Lion A5 is Hungry
Lion C5 is Hungry
Lion A5 is Hungry
Lion C3 is Hungry
Lion A0 is Hungry
Lion B4 is Hungry
Lion C4 is Thirsty
Lion C4 drank water
Lion C4 is Hungry
Lion A5 is Thirsty
Lion A5 drank water
Lion A5 is Hungry
Lion C5 is Hungry
Lion A5 is Hungry
Lion C3 is Hungry
Lion A0 is Hungry
Lion B4 is Hungry
Lion C4 is Thirsty
Lion C4 drank water
Lion C4 is Hungry
Lion A5 is Hungry
Lion C5 is Thirsty
Lion C5 drank water
Lion C5 is Hungry
Lion A5 is Hungry
Lion C3 is Hungry
Lion A0 is Hungry
Lion B4 is Hungry
Lion C4 is Thirsty
Lion C4 drank water
Lion C4 is Hungry
Lion A5 is Hungry
Lion C5 is Hungry
Lion A5 is Hungry
Lion C3 is Hungry
Lion A0 is Hungry
Lion B4 is Hungry
Lion C4 is Thirsty
Lion C4 drank water
Lion C4 is Hungry
Lion A5 is Hungry
Lion C5 is Hungry
Lion A5 is Hungry
Lion C3 is Hungry
Lion A0 is Hungry
Lion B4 is Hungry
Lion C4 is Thirsty
Lion C4 drank water
Lion C4 is Hungry
Lion A5 is Hungry
Lion C5 is Hungry
Lion A5 is Hungry
Lion C3 is Hungry
Lion A0 is Hungry
Lion B4 is Hungry
Lion C4 is Thirsty
Lion C4 drank water
Lion C4 is Hungry
Lion A5 is Hungry
Lion C5 is Hungry
Lion A5 is Hungry
Lion C3 is Hungry
Lion A0 is Hungry
Lion B4 is Hungry
Lion C4 is Thirsty
Lion C4 drank water
Lion C4 is Hungry
Lion A5 is Hungry
Lion C5 is Hungry
Lion A5 is Hungry
Lion C3 is Hungry
Lion A0 is Thirsty
Lion A0 drank water
Lion A0 is Hungry
Lion B4 is Hungry
Lion C4 is Thirsty
Lion C4 drank water
Lion C4 is Hungry
Lion A5 is Hungry
Lion C5 is Hungry
Lion A5 is Hungry
Lion C3 is Hungry
Lion A0 is Hungry
Lion B4 is Hungry
Lion C4 is Thirsty
Lion C4 drank water
Lion C4 is Hungry
Lion A5 is Hungry
Lion C5 is Hungry
Lion A5 is Hungry
Lion C3 is Hungry
Lion A0 is Hungry
Lion B4 is Hungry
Lion C4 is Thirsty
Lion C4 drank water
Lion C4 is Hungry
Lion A5 is Hungry
Lion C5 is Hungry
Lion A5 is Hungry
Lion C3 is Hungry
Lion A0 is Hungry
Lion B4 is Thirsty
Lion B4 drank water
Lion B4 is Hungry
Lion C4 is Thirsty
Lion C4 drank water
Lion C4 is Hungry
Lion A5 is Hungry
Lion C5 is Hungry
Lion A5 is Hungry
Lion C3 is Hungry
Lion A0 is Hungry
Lion B4 is Hungry
Lion C4 is Thirsty
Lion C4 drank water
Lion C4 is Hungry
Lion A5 is Hungry
Lion C5 is Hungry
Lion A5 is Hungry
Lion C3 is Hungry
Lion A0 is Hungry
Lion B4 is Hungry
Lion C4 is Thirsty
Lion C4 drank water
Lion C4 is Hungry
Lion A5 is Hungry
Lion C5 is Hungry
Lion A5 is Hungry
Lion C3 is Hungry
Lion A0 is Hungry
Lion B4 is Hungry
Lion C4 is Thirsty
Lion C4 drank water
Lion C4 is Hungry
Lion A5 is Hungry
Lion C5 is Hungry
Lion A5 is Hungry
Lion C3 is Hungry
Lion A0 is Hungry
Lion B4 is Hungry
Lion C4 is Thirsty
Lion C4 drank water
Lion C4 is Hungry
Lion A5 is Hungry
Lion C5 is Hungry
Lion A5 is Hungry
Lion C3 is Hungry
Lion A0 is Hungry
Lion B4 is Hungry
Lion C4 is Thirsty
Lion C4 drank water
Lion C4 is Hungry
Lion A5 is Hungry
Lion C5 is Hungry
Lion A5 is Thirsty
Lion A5 drank water
Lion A5 is Hungry
Lion C3 is Hungry
Lion A0 is Hungry
Lion B4 is Hungry
Lion C4 is Thirsty
Lion C4 drank water
Lion C4 is Hungry
Lion A5 is Hungry
Lion C5 is Hungry
Lion A5 is Hungry
Lion C3 is Hungry
Lion A0 is Hungry
Lion B4 is Hungry
Lion C4 is Thirsty
Lion C4 drank water
Lion C4 is Hungry
Lion A5 is Hungry
Lion C5 is Hungry
Lion A5 is Hungry
Lion C3 is Thirsty
Lion C3 drank water
Lion C3 is Hungry
Lion A0 is Hungry
Lion B4 is Hungry
Lion C4 is Thirsty
Lion C4 drank water
Lion C4 is Hungry
Lion A5 is Hungry
Lion C5 is Hungry
Lion A5 is Hungry
Lion C3 is Hungry
Lion A0 is Hungry
Lion B4 is Hungry
Lion C4 is Thirsty
Lion C4 drank water
Lion C4 is Hungry
Lion A5 is Hungry
Lion C5 is Hungry
Lion A5 is Hungry
Lion C3 is Hungry
Lion A0 is Hungry
Lion B4 is Hungry
Lion C4 is Thirsty
Lion C4 drank water
Lion C4 is Hungry
Lion A5 is Thirsty
Lion A5 drank water
Lion A5 is Hungry
Lion C5 is Hungry
Lion A5 is Hungry
Lion C3 is Hungry
Lion A0 is Hungry
Lion B4 is Hungry
Lion C4 is Thirsty
Lion C4 drank water
Lion C4 is Hungry
Lion A5 is Hungry
Lion C5 is Thirsty
Lion C5 drank water
Lion C5 is Hungry
Lion A5 is Hungry
Lion C3 is Hungry
Lion A0 is Hungry
Lion B4 is Hungry
Lion C4 is Thirsty
Lion C4 drank water
Lion C4 is Hungry
Lion A5 is Hungry
Lion C5 is Hungry
Lion A5 is Hungry
Lion C3 is Hungry
Lion A0 is Hungry
Lion B4 is Hungry
Lion C4 is Thirsty
Lion C4 drank water
Lion C4 is Hungry
Lion A5 is Hungry
Lion C5 is Hungry
Lion A5 is Hungry
Lion C3 is Hungry
Lion A0 is Hungry
Lion B4 is Hungry
Lion C4 is Thirsty
Lion C4 drank water
Lion C4 is Hungry
Lion A5 is Hungry
Lion C5 is Hungry
Lion A5 is Hungry
Lion C3 is Hungry
Lion A0 is Hungry
Lion B4 is Hungry
Lion C4 is Thirsty
Lion C4 drank water
Lion C4 is Hungry
Lion A5 is Hungry
Lion C5 is Hungry
Lion A5 is Hungry
Lion C3 is Hungry
Lion A0 is Hungry
Lion B4 is Hungry
Lion C4 is Thirsty
Lion C4 drank water
Lion C4 is Hungry
Lion A5 is Hungry
Lion C5 is Hungry
Lion A5 is Hungry
Lion C3 is Hungry
Lion A0 is Thirsty
Lion A0 drank water
Lion A0 is Hungry
Lion B4 is Hungry
Lion C4 is Thirsty
Lion C4 drank water
Lion C4 is Hungry
Lion A5 is Hungry
Lion C5 is Hungry
Lion A5 is Hungry
Lion C3 is Hungry
Lion A0 is Hungry
Lion B4 is Hungry
Lion C4 is Thirsty
Lion C4 drank water
Lion C4 is Hungry
Lion A5 is Hungry
Lion C5 is Hungry
Lion A5 is Hungry
Lion C3 is Hungry
Lion A0 is Hungry
Lion B4 is Hungry
Lion C4 is Thirsty
Lion C4 drank water
Lion C4 is Hungry
Lion A5 is Hungry
Lion C5 is Hungry
Lion A5 is Hungry
Lion C3 is Hungry
Lion A0 is Hungry
Lion B4 is Thirsty
Lion B4 drank water
Lion B4 is Hungry
Lion C4 is Thirsty
Lion C4 drank water
Lion C4 is Hungry
LionC4m died of hunger
Lion A5 is Hungry
LionA5m died of hunger
Lion C5 is Hungry
LionC5f died of hunger
Lion A5 is Hungry
LionA5m died of hunger
Lion C3 is Hungry
LionC3f died of hunger
Lion A0 is Hungry
Lion B4 is Hungry
Lion A0 is Hungry
Lion B4 is Hungry
Lion A0 is Hungry
Lion B4 is Hungry
Lion A0 is Hungry
Lion B4 is Hungry
Lion A0 is Hungry
Lion B4 is Hungry
Lion A0 is Hungry
Lion B4 is Hungry
Lion A0 is Hungry
Lion B4 is Hungry
Lion A0 is Hungry
Lion B4 is Hungry
Lion A0 is Hungry
Lion B4 is Hungry
Lion A0 is Hungry
Lion B4 is Hungry
Lion A0 is Hungry
Lion B4 is Hungry
Lion A0 is Hungry
Lion B4 is Hungry
Lion A0 is Hungry
LionA0f died of hunger
Lion B4 is Hungry
Lion B4 is Hungry
Lion B4 is Hungry
Lion B4 is Hungry
Lion B4 is Hungry
Lion B4 is Hungry
Lion B4 is Hungry
Lion B4 is Thirsty
Lion B4 drank water
Lion B4 is Hungry
Lion B4 is Hungry
Lion B4 is Hungry
LionB4m died of hunger
