Wolf A4f is running away from: LionB1
B903
Rabbit B1 f is ready to mate
B903
Rabbit B2 m is ready to mate
Rabbit B2 m is approaching partner: Rabbit B1f
B903
Rabbit B2 f is ready to mate
B903
Rabbit C5 f is ready to mate
B903
Rabbit B2 f is ready to mate
B903
Rabbit A3 m is ready to mate
Rabbit A3 m is approaching partner: Rabbit B1f
B903
Rabbit A3 m is ready to mate
Rabbit A3 m is approaching partner: Rabbit B2f
Rabbit B1 f was born!Father is A3 and Mother is B2
B903
Rabbit B0 m is ready to mate
Rabbit B0 m is approaching partner: Rabbit C5f
B903
Rabbit A4 f is ready to mate
B903
Rabbit C1 m is ready to mate
Rabbit C1 m is approaching partner: Rabbit B2f
Rabbit B3 m was born!Father is C1 and Mother is B2
B903
Rabbit A1 f is ready to mate
B903
Rabbit A3 f is ready to mate
Rabbit A5m is running away from: WolfA3
B903
Rabbit A5 m is ready to mate
Rabbit A5 m is approaching partner: Rabbit A4f
B903
Rabbit C3 f is ready to mate
B903
Rabbit C2 f is ready to mate
B903
Rabbit B1 f is ready to mate
B903
Rabbit B2 m is ready to mate
Rabbit B2 m is approaching partner: Rabbit C5f
B903
B903
Rabbit C5 f is ready to mate
B903
B903
Rabbit A3 m is ready to mate
Rabbit A3 m is approaching partner: Rabbit B1f
B903
Rabbit A3 m is ready to mate
Rabbit A3 m is approaching partner: Rabbit C2f
B903
Rabbit B0 m is ready to mate
Rabbit B0 m is approaching partner: Rabbit A4f
B903
Rabbit A4 f is ready to mate
B903
Rabbit C1 m is ready to mate
Rabbit C1 m is approaching partner: Rabbit A1f
B903
Rabbit A1 f is ready to mate
B903
Rabbit A3 f is ready to mate
Rabbit A5m is running away from: WolfA3
B903
Rabbit A5 m is ready to mate
Rabbit A5 m is approaching partner: Rabbit A4f
B903
Rabbit C3 f is ready to mate
B903
Rabbit C2 f is ready to mate
B903
B903
Wolf A4f is running away from: LionB1
Rabbit B1 is Hungry
A902
Rabbit B1f ate
