Rabbit A5 is Hungry
Rabbit A5m ate
Rabbit A5 m is ready to mate
Not enough female Rabbits or Female Rabbit partners are not ready yet!
Rabbit C2 is Hungry
Rabbit C2f ate
Rabbit C2 f is ready to mate
Rabbit B2 is Hungry
Rabbit B2f ate
Rabbit B2 f is ready to mate
Rabbit B4 is Hungry
Rabbit B4f ate
Rabbit B4 f is ready to mate
Rabbit C2 is Hungry
Rabbit C2m ate
Rabbit C2 m is ready to mate
Rabbit C2 m is approaching partner: Rabbit B2f
Rabbit C1 is Hungry
Rabbit C1f ate
Rabbit C1 f is ready to mate
Rabbit A0 is Hungry
Rabbit A0f ate
Rabbit A0 f is ready to mate
Rabbit C5 is Hungry
Rabbit C5f ate
Rabbit C5 f is ready to mate
Rabbit C0f is running away from: LionB1
Rabbit C0 is Hungry
Rabbit C0f ate
Rabbit C0 f is ready to mate
Rabbit B2 is Hungry
Rabbit B2m ate
Rabbit B2 m is ready to mate
Rabbit B2 m is approaching partner: Rabbit C5f
Rabbit A5m is running away from: LionB1
Rabbit A5 is Hungry
Rabbit A5 m is ready to mate
Rabbit A5 m is approaching partner: Rabbit C0f
Rabbit A4m is running away from: LionA1
Rabbit A4 is Hungry
Rabbit A4m ate
Rabbit A4 m is ready to mate
Rabbit A4 m is approaching partner: Rabbit C2f
Rabbit C0 is Hungry
Rabbit C0 f is ready to mate
Rabbit B0 is Hungry
Rabbit B0f ate
Rabbit B0 f is ready to mate
Rabbit B0 is Hungry
Rabbit B0f ate
Rabbit B0 f is ready to mate
Rabbit A5 is Hungry
Rabbit A5 m is ready to mate
Rabbit A5 m is approaching partner: Rabbit A0f
Rabbit C2 is Hungry
Rabbit C2f ate
Rabbit C2 f is ready to mate
Rabbit B2 is Hungry
Rabbit B2f ate
Rabbit B2 f is ready to mate
Rabbit B4 is Hungry
Rabbit B4f ate
Rabbit B4 f is ready to mate
Rabbit C2 is Hungry
Rabbit C2m ate
Rabbit C2 m is ready to mate
Rabbit C2 m is approaching partner: Rabbit B0f
Rabbit C1 is Hungry
Rabbit C1f ate
Rabbit C1 f is ready to mate
Rabbit A0 is Hungry
Rabbit A0f ate
Rabbit A0 f is ready to mate
Rabbit C5 is Hungry
Rabbit C5f ate
Rabbit C5 f is ready to mate
Rabbit C0 is Hungry
Rabbit C0f ate
Rabbit C0 f is ready to mate
Rabbit B2 is Hungry
Rabbit B2m ate
Rabbit B2 m is ready to mate
Rabbit B2 m is approaching partner: Rabbit B0f
Rabbit A5 is Hungry
Rabbit A5 m is ready to mate
Rabbit A5 m is approaching partner: Rabbit C0f
Rabbit A4m is running away from: LionA1
Rabbit A4 is Hungry
Rabbit A4m ate
Rabbit A4 m is ready to mate
Rabbit A4 m is approaching partner: Rabbit C2f
Rabbit C0 is Hungry
Rabbit C0f ate
Rabbit C0 f is ready to mate
Rabbit B0 is Hungry
Rabbit B0f ate
Rabbit B0 f is ready to mate
Rabbit B0 is Hungry
Rabbit B0f ate
Rabbit B0 f is ready to mate
Wolf B3 f is ready to mate
Wolf C2f ate!
Wolf C2 f is ready to mate
Wolf A0 f is ready to mate
Wolf B0 m is ready to mate
Rabbit A5 is Hungry
Rabbit A5m ate
Rabbit A5 m is ready to mate
Rabbit A5 m is approaching partner: Rabbit A0f
Rabbit C2 is Hungry
Rabbit C2f ate
Rabbit C2 f is ready to mate
Rabbit B2 is Hungry
Rabbit B2f ate
Rabbit B2 f is ready to mate
Rabbit B4 is Hungry
Rabbit B4f ate
Rabbit B4 f is ready to mate
Rabbit C2 is Hungry
Rabbit C2m ate
Rabbit C2 m is ready to mate
Rabbit C2 m is approaching partner: Rabbit B0f
Rabbit A0 is Hungry
Rabbit A0 f is ready to mate
Rabbit C5 is Hungry
Rabbit C5f ate
Rabbit C5 f is ready to mate
Rabbit C0 is Hungry
Rabbit C0 f is ready to mate
Rabbit B2 is Hungry
Rabbit B2m ate
Rabbit B2 m is ready to mate
Rabbit B2 m is approaching partner: Rabbit B0f
Rabbit A5 is Hungry
Rabbit A5 m is ready to mate
Rabbit A5 m is approaching partner: Rabbit C0f
Rabbit A4 is Hungry
Rabbit A4m ate
Rabbit A4 m is ready to mate
Rabbit A4 m is approaching partner: Rabbit C2f
Rabbit C0 is Hungry
Rabbit C0f ate
Rabbit C0 f is ready to mate
Rabbit B0 is Hungry
Rabbit B0 f is ready to mate
Rabbit B0 is Hungry
Rabbit B0 f is ready to mate
Wolf B3 f is ready to mate
Wolf C2 f is ready to mate
Wolf A0 f is ready to mate
Wolf B0 m is ready to mate
Rabbit A5 is Hungry
Rabbit A5m ate
Rabbit A5 m is ready to mate
Rabbit A5 m is approaching partner: Rabbit A0f
Rabbit A5 m was born!Father is A5 and Mother is A0
Rabbit C2 is Hungry
Rabbit C2f ate
Rabbit C2 f is ready to mate
Rabbit B2 is Hungry
Rabbit B2f ate
Rabbit B2 f is ready to mate
Rabbit B4f is running away from: WolfB0
Rabbit B4 is Hungry
Rabbit B4 f is ready to mate
Rabbit C2 is Hungry
Rabbit C2 m is ready to mate
Rabbit C2 m is approaching partner: Rabbit B0f
Rabbit A0 is Hungry
Rabbit A0f ate
Rabbit C5f is running away from: WolfB0
Rabbit C5 is Hungry
Rabbit C5 f is ready to mate
Rabbit C0 is Hungry
Rabbit C0f ate
Rabbit C0 f is ready to mate
Rabbit B2 is Hungry
Rabbit B2 m is ready to mate
Rabbit B2 m is approaching partner: Rabbit B0f
Rabbit A5 is Hungry
Rabbit A5 m is ready to mate
Rabbit A5 m is approaching partner: Rabbit C0f
Rabbit A4m is running away from: LionA1
Rabbit A4 is Hungry
Rabbit A4m ate
Rabbit A4 m is ready to mate
Rabbit A4 m is approaching partner: Rabbit C2f
Rabbit C0 is Hungry
Rabbit C0f ate
Rabbit C0 f is ready to mate
Rabbit B0 is Hungry
Rabbit B0f ate
Rabbit B0 f is ready to mate
Rabbit B0 is Hungry
Rabbit B0f ate
Rabbit B0 f is ready to mate
Wolf B3 f is ready to mate
Wolf C2 f is ready to mate
Wolf A0 f is ready to mate
Wolf B0m ate!
Wolf B0 m is ready to mate
Rabbit A5 is Hungry
Rabbit A5m ate
Rabbit A5 m is ready to mate
Rabbit A5 m is approaching partner: Rabbit C2f
Rabbit C2 is Hungry
Rabbit C2 f is ready to mate
Rabbit B2 is Hungry
Rabbit B2f ate
Rabbit B2 f is ready to mate
Rabbit B4 is Hungry
Rabbit B4 f is ready to mate
Rabbit C2 is Hungry
Rabbit C2 m is ready to mate
Rabbit C2 m is approaching partner: Rabbit B0f
Rabbit A0 is Hungry
Rabbit C0 is Hungry
Rabbit C0f ate
Rabbit C0 f is ready to mate
Rabbit B2 is Hungry
Rabbit B2m ate
Rabbit B2 m is ready to mate
Rabbit B2 m is approaching partner: Rabbit B0f
rabbit A5m Died of Old Age
Rabbit A5 is Hungry
RabbitA5m died of hunger
Rabbit A5 m is ready to mate
Rabbit A5 m is approaching partner: Rabbit C0f
Rabbit A4 is Hungry
Rabbit A4m ate
Rabbit A4 m is ready to mate
Rabbit A4 m is approaching partner: Rabbit C2f
Rabbit C0 is Hungry
Rabbit C0f ate
Rabbit C0 f is ready to mate
Rabbit B0 is Hungry
Rabbit B0 f is ready to mate
Rabbit B0 is Hungry
Rabbit B0f ate
Rabbit B0 f is ready to mate
Rabbit A5 is Hungry
Rabbit A5m ate
Wolf B3 is Hungry
Wolf B3f is chasing: B2f
Wolf B3 f is ready to mate
Wolf C2 f is ready to mate
Wolf A0 is Hungry
Wolf A0f is chasing: B0f
Wolf A0 f is ready to mate
Wolf B0 m is ready to mate
Rabbit A5 is Hungry
Rabbit A5 m is ready to mate
Rabbit A5 m is approaching partner: Rabbit C2f
Rabbit C2 is Hungry
Rabbit C2 f is ready to mate
Rabbit B2 is Hungry
Rabbit B2 f is ready to mate
Rabbit B4 is Hungry
Rabbit B4 f is ready to mate
Rabbit C2 is Hungry
Rabbit C2 m is ready to mate
Rabbit C2 m is approaching partner: Rabbit B0f
Rabbit A0 is Hungry
Rabbit A0f ate
Rabbit C0 is Hungry
Rabbit C0f ate
Rabbit C0 f is ready to mate
Rabbit B2 is Hungry
Rabbit B2m ate
Rabbit B2 m is ready to mate
Rabbit B2 m is approaching partner: Rabbit B0f
Rabbit A4 is Hungry
Rabbit A4m ate
Rabbit A4 m is ready to mate
Rabbit A4 m is approaching partner: Rabbit C2f
Rabbit C0 is Hungry
Rabbit C0f ate
Rabbit C0 f is ready to mate
Rabbit B0 is Hungry
Rabbit B0 f is ready to mate
Rabbit B0 is Hungry
Rabbit B0f ate
Rabbit B0 f is ready to mate
Rabbit A5 is Hungry
Rabbit A5m ate
Wolf B3 is Hungry
Wolf B3f is chasing: B2f
Wolf B3 f is ready to mate
Wolf C2 f is ready to mate
Wolf A0 is Hungry
Wolf A0f is chasing: B0f
Wolf A0 f is ready to mate
Wolf B0 m is ready to mate
Rabbit A5 is Hungry
Rabbit A5 m is ready to mate
Rabbit A5 m is approaching partner: Rabbit C2f
Rabbit C2 is Hungry
Rabbit C2f ate
Rabbit C2 f is ready to mate
Rabbit B2 is Hungry
Rabbit B2 f is ready to mate
Rabbit B4 is Hungry
Rabbit B4f ate
Rabbit B4 f is ready to mate
Rabbit C2 is Hungry
Rabbit C2 m is ready to mate
Rabbit C2 m is approaching partner: Rabbit B0f
Rabbit A0 is Hungry
Rabbit A0f ate
Rabbit C0 is Hungry
Rabbit C0 f is ready to mate
Rabbit B2 is Hungry
Rabbit B2 m is ready to mate
Rabbit B2 m is approaching partner: Rabbit B0f
Rabbit A4 is Hungry
Rabbit A4m ate
Rabbit A4 m is ready to mate
Rabbit A4 m is approaching partner: Rabbit C2f
Rabbit C0 is Hungry
Rabbit C0f ate
Rabbit C0 f is ready to mate
Rabbit B0 is Hungry
Rabbit B0 f is ready to mate
Rabbit B0 is Hungry
Rabbit B0f ate
Rabbit B0 f is ready to mate
Rabbit A5 is Hungry
Lion B1 f is ready to mate
Lion A1 f is ready to mate
Lion A1 f is ready to mate
Lion A3 m is ready to mate
Wolf B3 is Hungry
Wolf B3f is chasing: B2f
Wolf B3 f is ready to mate
Wolf C2 f is ready to mate
Wolf A0 is Hungry
Wolf A0f is chasing: B2m
Wolf A0 f is ready to mate
Wolf B0 m is ready to mate
Rabbit A5 is Hungry
Rabbit A5 m is ready to mate
Rabbit A5 m is approaching partner: Rabbit C2f
Rabbit C2 is Hungry
Rabbit C2 f is ready to mate
Rabbit B2 is Hungry
Rabbit B2 f is ready to mate
Rabbit B4 is Hungry
Rabbit B4f ate
Rabbit B4 f is ready to mate
rabbit C2m Died of Old Age
Rabbit C2 is Hungry
RabbitC2m died of hunger
Rabbit C2 m is ready to mate
Rabbit C2 m is approaching partner: Rabbit B0f
Rabbit A0 is Hungry
Rabbit A0f ate
Rabbit C0 is Hungry
Rabbit C0f ate
Rabbit C0 f is ready to mate
Rabbit B2 is Hungry
Rabbit B2 m is ready to mate
Rabbit B2 m is approaching partner: Rabbit B0f
Rabbit A4 is Hungry
Rabbit A4m ate
Rabbit A4 m is ready to mate
Rabbit A4 m is approaching partner: Rabbit C2f
Rabbit C0 is Hungry
Rabbit C0 f is ready to mate
Rabbit B0 is Hungry
Rabbit B0 f is ready to mate
Rabbit B0f is running away from: LionA1
Rabbit B0 is Hungry
Rabbit B0f ate
Rabbit B0 f is ready to mate
Rabbit A5 is Hungry
Rabbit A5m ate
Lion B1 f is ready to mate
Lion A1 f is ready to mate
Lion A1 f is ready to mate
Lion A3 m is ready to mate
Wolf B3 is Hungry
Wolf B3f is chasing: B2f
Wolf B3 f is ready to mate
Wolf C2 is Hungry
Wolf C2f is chasing: B2f
Wolf C2 f is ready to mate
Wolf A0 is Hungry
Wolf A0f is chasing: B2m
Wolf A0 f is ready to mate
Wolf B0 m is ready to mate
Rabbit A5 is Hungry
Rabbit A5m ate
Rabbit A5 m is ready to mate
Rabbit A5 m is approaching partner: Rabbit C2f
Rabbit C2 is Hungry
Rabbit C2f ate
Rabbit C2 f is ready to mate
Rabbit B2 is Hungry
Rabbit B2 f is ready to mate
Rabbit B4 is Hungry
Rabbit B4f ate
Rabbit B4 f is ready to mate
Rabbit A0 is Hungry
Rabbit A0 f is ready to mate
Rabbit C0 is Hungry
Rabbit C0 f is ready to mate
Rabbit B2 is Hungry
Rabbit B2m ate
Rabbit B2 m is ready to mate
Rabbit B2 m is approaching partner: Rabbit B0f
Rabbit C4 m was born!Father is B2 and Mother is B0
Rabbit A4 is Hungry
Rabbit A4m ate
Rabbit A4 m is ready to mate
Rabbit A4 m is approaching partner: Rabbit C2f
Rabbit C0 is Hungry
Rabbit C0f ate
Rabbit C0 f is ready to mate
rabbit B0f Died of Old Age
Rabbit B0 is Hungry
RabbitB0f died of hunger
Rabbit B0 f is ready to mate
Rabbit B0 is Hungry
Rabbit A5 is Hungry
Rabbit A5m ate
Rabbit A5 m is ready to mate
Rabbit A5 m is approaching partner: Rabbit A0f
Lion B1 f is ready to mate
Lion A1 f is ready to mate
Lion A1 f is ready to mate
Lion A3 m is ready to mate
Wolf B3 is Hungry
Wolf B3f is chasing: B2f
Wolf B3 f is ready to mate
Wolf C2 is Hungry
Wolf C2f is chasing: B2f
Wolf C2 f is ready to mate
Wolf A0 is Hungry
Wolf A0f is chasing: B2m
Wolf A0 f is ready to mate
Wolf B0 m is ready to mate
Rabbit A5 is Hungry
Rabbit A5m ate
Rabbit A5 m is ready to mate
Rabbit A5 m is approaching partner: Rabbit A0f
Rabbit C2 is Hungry
Rabbit C2f ate
Rabbit C2 f is ready to mate
rabbit B2f Died of Old Age
Rabbit B2 is Hungry
RabbitB2f died of hunger
Rabbit B2 f is ready to mate
Rabbit B4 is Hungry
Rabbit B4f ate
Rabbit B4 f is ready to mate
Rabbit A0 is Hungry
Rabbit A0f ate
Rabbit A0 f is ready to mate
Rabbit C0 is Hungry
Rabbit C0 f is ready to mate
Rabbit B2 is Hungry
Rabbit B2m ate
Rabbit B2 m is ready to mate
Rabbit B2 m is approaching partner: Rabbit B4f
Rabbit A4 is Hungry
Rabbit A4m ate
Rabbit A4 m is ready to mate
Rabbit A4 m is approaching partner: Rabbit C2f
Rabbit C0 is Hungry
Rabbit C0 f is ready to mate
Rabbit B0f is running away from: LionA3
Rabbit B0 is Hungry
Rabbit B0f ate
Rabbit A5 is Hungry
Rabbit A5 m is ready to mate
Rabbit A5 m is approaching partner: Rabbit A0f
Rabbit C4m is running away from: LionA3
Rabbit C4 is Hungry
Lion B1 is Thirsty
Lion B1 drank water
Lion B1 is Hungry
LionB1fis chasing: C0f
Lion B1 f is ready to mate
Lion A1 is Thirsty
Lion A1 drank water
Lion A1 is Hungry
LionA1fis chasing: A0f
LionA1f ate: A0f
Lion A1 f is ready to mate
Lion A1 is Thirsty
Lion A1 drank water
Lion A1 is Hungry
LionA1fis chasing: A4m
Lion A1 f is ready to mate
Lion A3 is Thirsty
Lion A3 drank water
Lion A3m ate: B0f
Lion A3 m is ready to mate
Wolf B3 is Hungry
Wolf B3f is chasing: B0f
Wolf B3 f is ready to mate
Wolf C2 is Hungry
Wolf C2f is chasing: B0f
Wolf C2 f is ready to mate
Wolf B0 is Hungry
Wolf B0m is chasing: B0f
Wolf B0 m is ready to mate
Rabbit A5 is Hungry
Rabbit A5 m is ready to mate
Rabbit A5 m is approaching partner: Rabbit A0f
Rabbit C2 is Hungry
Rabbit C2 f is ready to mate
Rabbit B4 is Hungry
Rabbit B4 f is ready to mate
Rabbit A0 is Hungry
Rabbit A0 f is ready to mate
Rabbit C0 is Hungry
Rabbit C0f ate
Rabbit C0 f is ready to mate
Rabbit B2 is Hungry
Rabbit B2 m is ready to mate
Rabbit B2 m is approaching partner: Rabbit B4f
Rabbit A4 is Hungry
Rabbit A4 m is ready to mate
Rabbit A4 m is approaching partner: Rabbit C2f
Rabbit C0 is Hungry
Rabbit C0 f is ready to mate
Rabbit B0f is running away from: LionA3
Rabbit B0 is Hungry
Rabbit A5 is Hungry
Rabbit A5m ate
Rabbit A5 m is ready to mate
Rabbit A5 m is approaching partner: Rabbit A0f
Rabbit C4 is Hungry
Lion B1 is Thirsty
Lion B1 drank water
Lion B1 is Hungry
LionB1fis chasing: C0f
Lion B1 f is ready to mate
Lion A1 is Thirsty
Lion A1 drank water
Lion A1 f is ready to mate
Lion A1 is Thirsty
Lion A1 drank water
Lion A1 is Hungry
LionA1fis chasing: A4m
Lion A1 f is ready to mate
Lion A3 is Thirsty
Lion A3 drank water
Lion A3 m is ready to mate
Wolf B3 is Hungry
Wolf B3f is chasing: B4f
Wolf B3 f is ready to mate
Wolf C2 is Hungry
Wolf C2f is chasing: B2m
Wolf C2 f is ready to mate
Wolf B0 is Hungry
Wolf B0m is chasing: B2m
Wolf B0 m is ready to mate
Rabbit A5 is Hungry
Rabbit A5 m is ready to mate
Rabbit A5 m is approaching partner: Rabbit A0f
Rabbit A1 f was born!Father is A5 and Mother is A0
Rabbit C2 is Hungry
Rabbit C2 f is ready to mate
Rabbit B4 is Hungry
Rabbit B4f ate
Rabbit B4 f is ready to mate
Rabbit A0 is Hungry
Rabbit C0 is Hungry
Rabbit C0f ate
Rabbit C0 f is ready to mate
Rabbit B2m is running away from: LionA3
Rabbit B2m is running away from: WolfC2
Rabbit B2 is Hungry
Rabbit B2m ate
Rabbit B2 m is ready to mate
Rabbit B2 m is approaching partner: Rabbit B4f
Rabbit A4m is running away from: LionA1
Rabbit A4 is Hungry
Rabbit A4 m is ready to mate
Rabbit A4 m is approaching partner: Rabbit C2f
Rabbit C0 is Hungry
Rabbit C0 f is ready to mate
Rabbit B0f is running away from: LionA3
Rabbit B0f is running away from: WolfC2
Rabbit B0 is Hungry
Rabbit B0f ate
Rabbit A5 is Hungry
Rabbit A5m ate
Rabbit A5 m is ready to mate
Rabbit A5 m is approaching partner: Rabbit C2f
Rabbit C4m is running away from: LionA3
Rabbit C4 is Hungry
Lion B1 is Thirsty
Lion B1 drank water
Lion B1 is Hungry
LionB1fis chasing: C0f
Lion B1 f is ready to mate
Lion A1 is Thirsty
Lion A1 drank water
Lion A1 f is ready to mate
Lion A1 is Thirsty
Lion A1 drank water
Lion A1 is Hungry
LionA1fis chasing: A4m
Lion A1 f is ready to mate
Lion A3 is Thirsty
Lion A3 drank water
Lion A3 m is ready to mate
Wolf B3 is Hungry
Wolf B3f is chasing: B2m
Wolf B3f ate!
Wolf B3 f is ready to mate
Wolf C2f ate!
Wolf C2 f is ready to mate
Wolf B0 is Hungry
Wolf B0m is chasing: B4f
Wolf B0 m is ready to mate
Rabbit A5 is Hungry
Rabbit A5 m is ready to mate
Rabbit A5 m is approaching partner: Rabbit C2f
Rabbit C2 is Hungry
Rabbit C2 f is ready to mate
Rabbit B4f is running away from: WolfB3
Rabbit B4 is Hungry
Rabbit B4 f is ready to mate
Rabbit A0 is Hungry
Rabbit C0 is Hungry
Rabbit C0f ate
Rabbit C0 f is ready to mate
Rabbit A4m is running away from: LionA1
Rabbit A4 is Hungry
Rabbit A4m ate
Rabbit A4 m is ready to mate
Rabbit A4 m is approaching partner: Rabbit C2f
Rabbit C0 is Hungry
Rabbit C0 f is ready to mate
Rabbit A5 is Hungry
Rabbit A5m ate
Rabbit A5 m is ready to mate
Rabbit A5 m is approaching partner: Rabbit C2f
Rabbit C4 is Hungry
Rabbit A1 is Hungry
Rabbit A1f ate
Lion B1 is Thirsty
Lion B1 drank water
Lion B1 is Hungry
LionB1fis chasing: C0f
LionB1f ate: C0f
Lion B1 f is ready to mate
Lion A1 is Thirsty
Lion A1 drank water
Lion A1 f is ready to mate
Lion A1 is Thirsty
Lion A1 drank water
Lion A1f ate: A4m
Lion A1 f is ready to mate
Lion A3 is Thirsty
Lion A3 drank water
Lion A3 m is ready to mate
Wolf B3 f is ready to mate
Wolf C2 f is ready to mate
Wolf B0 is Hungry
Wolf B0m is chasing: B4f
Wolf B0 m is ready to mate
Rabbit A5 is Hungry
Rabbit A5 m is ready to mate
Rabbit A5 m is approaching partner: Rabbit C2f
Rabbit C2 is Hungry
Rabbit C2 f is ready to mate
Rabbit B4 is Hungry
Rabbit B4f ate
Rabbit B4 f is ready to mate
Rabbit A0 is Hungry
Rabbit A4 is Hungry
Rabbit A4 m is ready to mate
Rabbit A4 m is approaching partner: Rabbit C2f
rabbit C0f Died of Old Age
Rabbit C0 is Hungry
RabbitC0f died of hunger
Rabbit C0 f is ready to mate
Rabbit A5 is Hungry
Rabbit A5m ate
Rabbit A5 m is ready to mate
Rabbit A5 m is approaching partner: Rabbit C2f
rabbit C4m Died of Old Age
Rabbit C4 is Hungry
RabbitC4m died of hunger
Rabbit C4 m is ready to mate
Rabbit C4 m is approaching partner: Rabbit B4f
Rabbit A1 is Hungry
Rabbit A1f ate
Lion B1 is Thirsty
Lion B1 drank water
Lion B1 f is ready to mate
Lion A1 f is ready to mate
Lion A1 f is ready to mate
Lion A3 m is ready to mate
Wolf B3 f is ready to mate
Wolf C2 f is ready to mate
Wolf B0 is Hungry
Wolf B0m is chasing: B4f
Wolf B0 m is ready to mate
rabbit A5m Died of Old Age
Rabbit A5 is Hungry
RabbitA5m died of hunger
Rabbit A5 m is ready to mate
Rabbit A5 m is approaching partner: Rabbit C2f
rabbit C2f Died of Old Age
Rabbit C2 is Hungry
RabbitC2f died of hunger
Rabbit C2 f is ready to mate
Rabbit B4 is Hungry
Rabbit B4f ate
Rabbit B4 f is ready to mate
rabbit A0f Died of Old Age
Rabbit A0 is Hungry
RabbitA0f died of hunger
Rabbit A4m is running away from: LionA1
Rabbit A4 is Hungry
Rabbit A4 m is ready to mate
Rabbit A4 m is approaching partner: Rabbit B4f
Rabbit A5 is Hungry
Rabbit A5m ate
Rabbit A5 m is ready to mate
Rabbit A5 m is approaching partner: Rabbit B4f
Rabbit A1 is Hungry
Lion B1 f is ready to mate
Lion A1 f is ready to mate
Lion A1 f is ready to mate
Lion A3 m is ready to mate
Wolf B3 f is ready to mate
Wolf C2 f is ready to mate
Wolf B0 is Hungry
Wolf B0m is chasing: B4f
Wolf B0 m is ready to mate
Wolf C2 f was born! Father is B0 and Mother is B3
Rabbit B4 is Hungry
Rabbit B4 f is ready to mate
Rabbit A4 is Hungry
Rabbit A4 m is ready to mate
Rabbit A4 m is approaching partner: Rabbit B4f
Rabbit A5 is Hungry
Rabbit A5m ate
Rabbit A5 m is ready to mate
Rabbit A5 m is approaching partner: Rabbit B4f
Rabbit A1 is Hungry
Rabbit A1f ate
Lion B1 f is ready to mate
Lion A1 f is ready to mate
Lion A1 f is ready to mate
Lion A3 m is ready to mate
Wolf C2 f is ready to mate
Wolf B0 is Hungry
Wolf B0m is chasing: B4f
Wolf B0 m is ready to mate
Rabbit B4 is Hungry
Rabbit B4f ate
Rabbit B4 f is ready to mate
Rabbit A4 is Hungry
Rabbit A4 m is ready to mate
Rabbit A4 m is approaching partner: Rabbit B4f
Rabbit A5 is Hungry
Rabbit A5m ate
Rabbit A5 m is ready to mate
Rabbit A5 m is approaching partner: Rabbit B4f
Rabbit A1 is Hungry
Rabbit A1 f is ready to mate
Lion B1 f is ready to mate
Lion A1 f is ready to mate
Lion A1 f is ready to mate
Lion A3 m is ready to mate
Wolf C2 f is ready to mate
Wolf B0 is Hungry
Wolf B0m is chasing: B4f
Wolf B0 m is ready to mate
Rabbit B4 is Hungry
Rabbit B4f ate
Rabbit B4 f is ready to mate
rabbit A4m Died of Old Age
Rabbit A4 is Hungry
RabbitA4m died of hunger
Rabbit A4m ate
Rabbit A4 m is ready to mate
Rabbit A4 m is approaching partner: Rabbit A1f
Rabbit A5 is Hungry
Rabbit A5m ate
Rabbit A5 m is ready to mate
Rabbit A5 m is approaching partner: Rabbit A1f
Rabbit A1 is Hungry
Rabbit A1 f is ready to mate
Lion B1 f is ready to mate
Lion A1 f is ready to mate
Lion A1 f is ready to mate
Lion A3 m is ready to mate
Wolf B3 is Hungry
Wolf B3f is chasing: B4f
Wolf C2f is running away from: LionA3
Wolf C2 is Hungry
Wolf C2f is chasing: B4f
Wolf C2 f is ready to mate
Wolf B0 is Hungry
Wolf B0m is chasing: B4f
Wolf B0 m is ready to mate
Rabbit B4 is Hungry
Rabbit B4 f is ready to mate
Rabbit A5 is Hungry
Rabbit A5 m is ready to mate
Rabbit A5 m is approaching partner: Rabbit A1f
Rabbit A1 is Hungry
Rabbit A1f ate
Rabbit A1 f is ready to mate
Lion B1 f is ready to mate
Lion A1 f is ready to mate
Lion A1 f is ready to mate
Lion A3 m is ready to mate
Wolf B3 is Hungry
Wolf B3f is chasing: B4f
Wolf B3 is Thirsty
Wolf B3drank water
Wolf C2 is Hungry
Wolf C2f is chasing: B4f
Wolf C2 is Thirsty
Wolf C2drank water
Wolf C2 f is ready to mate
Wolf B0 is Hungry
Wolf B0m is chasing: B4f
Wolf B0 is Thirsty
Wolf B0drank water
Wolf B0 m is ready to mate
Rabbit B4 is Thirsty
Rabbit B4 drank water
Rabbit B4 is Hungry
Rabbit B4f ate
Rabbit B4 f is ready to mate
Rabbit A5 is Hungry
Rabbit A5 m is ready to mate
Rabbit A5 m is approaching partner: Rabbit A1f
Rabbit A1 is Hungry
Rabbit A1 f is ready to mate
Lion B1 f is ready to mate
Lion A1 is Hungry
LionA1fis chasing: C2f
Lion A1 f is ready to mate
Lion A1 f is ready to mate
Lion A3 is Hungry
LionA3mis chasing: C2f
Lion A3 m is ready to mate
Wolf B3 is Hungry
Wolf B3f is chasing: B4f
Wolf B3 is Thirsty
Wolf B3drank water
Wolf C2 is Hungry
Wolf C2f is chasing: B4f
Wolf C2 is Thirsty
Wolf C2drank water
Wolf C2 f is ready to mate
Wolf B0 is Hungry
Wolf B0m is chasing: B4f
Wolf B0 is Thirsty
Wolf B0drank water
Wolf B0 m is ready to mate
Rabbit B4 is Thirsty
Rabbit B4 drank water
Rabbit B4 is Hungry
Rabbit B4 f is ready to mate
Rabbit A5 is Hungry
Rabbit A5 m is ready to mate
Rabbit A5 m is approaching partner: Rabbit A1f
Rabbit A1 is Hungry
Rabbit A1 f is ready to mate
Lion B1 f is ready to mate
Lion A1 is Hungry
LionA1fis chasing: C2f
Lion A1 f is ready to mate
Lion A1 f is ready to mate
Lion A3 is Hungry
LionA3mis chasing: C2f
LionA3m ate: C2f
Lion A3 m is ready to mate
Wolf B3 is Hungry
Wolf B3f is chasing: B4f
Wolf B3 is Thirsty
Wolf B3drank water
Wolf B0 is Hungry
Wolf B0m is chasing: B4f
Wolf B0 is Thirsty
Wolf B0drank water
Wolf B0 m is ready to mate
No Female Wolf Partner or Female Wolf Partner not ready yet!
Wolf C2 is Hungry
Wolf C2f is chasing: B4f
Wolf C2f ate!
Rabbit A5 is Hungry
Rabbit A5m ate
Rabbit A5 m is ready to mate
Rabbit A5 m is approaching partner: Rabbit A1f
Rabbit A1 is Hungry
Rabbit A1 f is ready to mate
Lion B1 f is ready to mate
Lion A1 is Hungry
LionA1fis chasing: B0m
Lion A1 f is ready to mate
Lion A1 f is ready to mate
Lion A3 m is ready to mate
Wolf B3 is Hungry
Wolf B3f is chasing: A5m
Wolf B3 is Thirsty
Wolf B3drank water
Wolf B0 is Hungry
Wolf B0m is chasing: A5m
Wolf B0 is Thirsty
Wolf B0drank water
Wolf B0 m is ready to mate
No Female Wolf Partner or Female Wolf Partner not ready yet!
Rabbit A5 is Hungry
Rabbit A5m ate
Rabbit A5 m is ready to mate
Rabbit A5 m is approaching partner: Rabbit A1f
Rabbit A1 is Hungry
Rabbit A1 f is ready to mate
Lion B1 is Hungry
LionB1fis chasing: B3f
Lion B1 f is ready to mate
Lion A1 is Thirsty
Lion A1 drank water
Lion A1 is Hungry
LionA1fis chasing: B0m
Lion A1 f is ready to mate
Lion A1 is Thirsty
Lion A1 drank water
Lion A1 is Hungry
LionA1fis chasing: A5m
Lion A1 f is ready to mate
Lion A3 is Thirsty
Lion A3 drank water
Lion A3 m is ready to mate
Wolf B3 is Hungry
Wolf B3f is chasing: A5m
Wolf B3 is Thirsty
Wolf B3drank water
Wolf B0m is running away from: LionA3
Wolf B0 is Hungry
Wolf B0m is chasing: A5m
Wolf B0 is Thirsty
Wolf B0drank water
Wolf B0 m is ready to mate
No Female Wolf Partner or Female Wolf Partner not ready yet!
Rabbit A5 is Thirsty
Rabbit A5 drank water
Rabbit A5 is Hungry
Rabbit A5m ate
Rabbit A5 m is ready to mate
Rabbit A5 m is approaching partner: Rabbit A1f
Rabbit B1 m was born!Father is A5 and Mother is A1
rabbit A1f Died of Old Age
Rabbit A1 is Hungry
RabbitA1f died of hunger
Lion B1 is Thirsty
Lion B1 drank water
Lion B1 is Hungry
LionB1fis chasing: B3f
Lion B1 f is ready to mate
Lion A1 is Thirsty
Lion A1 drank water
Lion A1 is Hungry
LionA1fis chasing: B0m
Lion A1 f is ready to mate
Lion A1 is Hungry
LionA1fis chasing: A5m
Lion A1 f is ready to mate
Lion A3 is Thirsty
Lion A3 drank water
Lion A3 m is ready to mate
Lion A5 m was born!Father is A3 and Mother is A1
Wolf B3 is Hungry
Wolf B3f is chasing: A5m
Wolf B3 is Thirsty
Wolf B3drank water
Wolf B0m Died of Old Age
Wolf B0 is Hungry
Wolf B0m is chasing: A5m
Wolf B0 is Thirsty
Wolf B0drank water
Wolf B0 m is ready to mate
No Female Wolf Partner or Female Wolf Partner not ready yet!
Rabbit A5 is Thirsty
Rabbit A5 drank water
Rabbit A5 is Hungry
Rabbit A5m ate
Rabbit A5 m is ready to mate
Not enough female Rabbits or Female Rabbit partners are not ready yet!
Rabbit B1 is Hungry
Rabbit B1m ate
Lion B1 is Thirsty
Lion B1 drank water
Lion B1 is Hungry
LionB1fis chasing: C2f
Lion B1 f is ready to mate
Lion A1 is Hungry
LionA1fis chasing: B3f
Lion A1 is Hungry
LionA1fis chasing: A5m
Lion A1 f is ready to mate
Lion A3 is Thirsty
Lion A3 drank water
Lion A3 m is ready to mate
Wolf B3 is Hungry
Wolf B3f is chasing: A5m
Wolf B3 is Thirsty
Wolf B3drank water
Rabbit A5 is Thirsty
Rabbit A5 drank water
Rabbit A5 is Hungry
Rabbit A5m ate
Rabbit A5 m is ready to mate
Not enough female Rabbits or Female Rabbit partners are not ready yet!
Rabbit B1 is Hungry
Lion B1 is Thirsty
Lion B1 drank water
Lion B1 is Hungry
LionB1fis chasing: C2f
Lion B1 f is ready to mate
Lion A1 is Hungry
LionA1fis chasing: B3f
Lion A1 is Hungry
LionA1fis chasing: A5m
Lion A1 f is ready to mate
Lion A3 is Thirsty
Lion A3 drank water
Lion A3 m is ready to mate
Wolf B3 is Hungry
Wolf B3f is chasing: A5m
Wolf B3 is Thirsty
Wolf B3drank water
Rabbit A5 is Thirsty
Rabbit A5 drank water
Rabbit A5 is Hungry
Rabbit A5m ate
Rabbit A5 m is ready to mate
Not enough female Rabbits or Female Rabbit partners are not ready yet!
Rabbit B1 is Hungry
Lion B1 is Thirsty
Lion B1 drank water
Lion B1 is Hungry
LionB1fis chasing: C2f
Lion B1 f is ready to mate
Lion A1 is Hungry
LionA1fis chasing: B3f
Lion A1 is Hungry
LionA1fis chasing: A5m
Lion A1 f is ready to mate
Lion A3 is Thirsty
Lion A3 drank water
Lion A3 m is ready to mate
Wolf B3 is Hungry
Wolf B3f is chasing: A5m
Wolf B3 is Thirsty
Wolf B3drank water
Wolf C2 is Hungry
Wolf C2f is chasing: A5m
Rabbit A5 is Thirsty
Rabbit A5 drank water
Rabbit A5 is Hungry
Rabbit A5m ate
Rabbit A5 m is ready to mate
Not enough female Rabbits or Female Rabbit partners are not ready yet!
Rabbit B1 is Hungry
Lion B1 is Thirsty
Lion B1 drank water
Lion B1 is Hungry
LionB1fis chasing: C2f
Lion B1 f is ready to mate
Lion A1 is Hungry
LionA1fis chasing: B3f
Lion A1 is Hungry
LionA1fis chasing: A5m
Lion A1 f is ready to mate
Lion A3 is Thirsty
Lion A3 drank water
Lion A3 m is ready to mate
Wolf B3f is running away from: LionA1
Wolf B3 is Hungry
Wolf B3f is chasing: A5m
Wolf B3 is Thirsty
Wolf B3drank water
Wolf C2 is Hungry
Wolf C2f is chasing: A5m
Rabbit A5 is Thirsty
Rabbit A5 drank water
Rabbit A5m is running away from: LionA1
Rabbit A5 is Hungry
Rabbit A5m ate
Rabbit A5 m is ready to mate
Not enough female Rabbits or Female Rabbit partners are not ready yet!
Rabbit B1 is Hungry
Lion B1 is Thirsty
Lion B1 drank water
Lion B1 is Hungry
LionB1fis chasing: C2f
Lion B1 f is ready to mate
Lion A1 is Hungry
LionA1fis chasing: B3f
Lion A1 is Hungry
LionA1fis chasing: A5m
LionA1f ate: A5m
Lion A1 f is ready to mate
Lion A3 is Thirsty
Lion A3 drank water
Lion A3 m is ready to mate
Wolf B3 is Hungry
Wolf B3f is chasing: B1m
Wolf C2 is Hungry
Wolf C2f is chasing: B1m
rabbit B1m Died of Old Age
Rabbit B1 is Hungry
RabbitB1m died of hunger
Lion B1 is Thirsty
Lion B1 drank water
Lion B1 is Hungry
LionB1fis chasing: C2f
Lion B1 f is ready to mate
Lion A1 is Hungry
LionA1fis chasing: B3f
Lion A1 f is ready to mate
Lion A3 is Thirsty
Lion A3 drank water
Lion A3 m is ready to mate
Wolf B3f is running away from: LionA1
Wolf B3 is Hungry
WolfB3f died of hunger
Wolf C2 is Hungry
WolfC2f died of hunger
Lion B1 is Thirsty
Lion B1 drank water
Lion B1 is Hungry
LionB1f died of hunger
Lion B1 f is ready to mate
Lion A1 is Hungry
LionA1f died of hunger
Lion A1 f is ready to mate
Lion A3 is Thirsty
Lion A3 drank water
Lion A3 is Hungry
LionA3m died of hunger
Lion A3 m is ready to mate
Lion A1 f is ready to mate
Lion A1 is Thirsty
Lion A1 drank water
Lion A1 f is ready to mate
Lion A1 is Thirsty
Lion A1 drank water
Lion A1 f is ready to mate
Lion A5 is Thirsty
Lion A5 drank water
Lion A5 is Hungry
LionA5m died of hunger
Lion A1 is Thirsty
Lion A1 drank water
Lion A1 f is ready to mate
Lion A1 f is ready to mate
Lion A1 f is ready to mate
Lion A1 f is ready to mate
Lion A1 is Hungry
LionA1f died of hunger
Lion A1 f is ready to mate
