Wolf B0f is running away from: LionB3
Wolf B0f ate!
Wolf A4f is running away from: LionB5
Wolf B2m is running away from: LionB1
Wolf C2m is running away from: LionB5
Rabbit C5f is running away from: LionC5
Rabbit C5f is running away from: WolfB2
Rabbit C5 is Hungry
Rabbit C5f ate
Rabbit C5 f is ready to mate
Rabbit A1f is running away from: LionB1
Rabbit A1f is running away from: WolfB2
Rabbit A1 is Hungry
Rabbit A1f ate
Rabbit A1 f is ready to mate
Rabbit A0m is running away from: LionB3
Rabbit A0m is running away from: WolfB0
Rabbit A0 is Hungry
Rabbit A0m ate
Rabbit A0 m is ready to mate
Rabbit A0 m is approaching partner: Rabbit A1f
Rabbit A4m is running away from: LionB1
Rabbit A4m is running away from: WolfC2
Rabbit A4 is Hungry
Rabbit A4m ate
Rabbit A4 m is ready to mate
Rabbit A4 m is approaching partner: Rabbit A1f
Rabbit A4m is running away from: LionB1
Rabbit A4m is running away from: WolfB2
Rabbit A4 is Hungry
Rabbit A4m ate
Rabbit A4 m is ready to mate
Rabbit A4 m is approaching partner: Rabbit A1f
Rabbit B0f is running away from: LionB5
Rabbit B0f is running away from: WolfA4
Rabbit B0 is Hungry
Rabbit B0f ate
Rabbit B0 f is ready to mate
Rabbit A2f is running away from: LionC5
Rabbit A2f is running away from: WolfA4
Rabbit A2 is Hungry
Rabbit A2f ate
Rabbit A2 f is ready to mate
Rabbit C0m is running away from: LionB3
Rabbit C0m is running away from: WolfB0
Rabbit C0 is Hungry
Rabbit C0m ate
Rabbit C0 m is ready to mate
Rabbit C0 m is approaching partner: Rabbit B0f
Rabbit C3m is running away from: LionB5
Rabbit C3m is running away from: WolfB0
Rabbit C3 is Hungry
Rabbit C3m ate
Rabbit C3 m is ready to mate
Rabbit C3 m is approaching partner: Rabbit B0f
Rabbit C4f is running away from: LionB1
Rabbit C4f is running away from: WolfB2
Rabbit C4 is Hungry
Rabbit C4f ate
Rabbit C4 f is ready to mate
Rabbit A1m is running away from: LionB5
Rabbit A1m is running away from: WolfB0
Rabbit A1 is Hungry
Rabbit A1 m is ready to mate
Rabbit A1 m is approaching partner: Rabbit B0f
Rabbit A1m is running away from: LionB1
Rabbit A1m is running away from: WolfA4
Rabbit A1 is Hungry
Rabbit A1m ate
Rabbit A1 m is ready to mate
Rabbit A1 m is approaching partner: Rabbit A2f
Rabbit C2f is running away from: LionC5
Rabbit C2f is running away from: WolfB2
Rabbit C2 is Hungry
Rabbit C2f ate
Rabbit C2 f is ready to mate
Rabbit B5m is running away from: LionB5
Rabbit B5m is running away from: WolfB0
Rabbit B5 is Hungry
Rabbit B5m ate
Rabbit B5 m is ready to mate
Rabbit B5 m is approaching partner: Rabbit B0f
Wolf B0f is running away from: LionB3
Wolf A4f is running away from: LionB3
Wolf B2m is running away from: LionB1
Wolf C2m is running away from: LionB1
Rabbit C5f is running away from: LionC5
Rabbit C5f is running away from: WolfB2
Rabbit C5 is Hungry
Rabbit C5f ate
Rabbit C5 f is ready to mate
Rabbit A1f is running away from: LionB1
Rabbit A1f is running away from: WolfB2
Rabbit A1 is Hungry
Rabbit A1f ate
Rabbit A1 f is ready to mate
Rabbit A0m is running away from: LionB3
Rabbit A0m is running away from: WolfA4
Rabbit A0 is Hungry
Rabbit A0m ate
Rabbit A0 m is ready to mate
Rabbit A0 m is approaching partner: Rabbit B0f
Rabbit A5 m was born!Father is A0 and Mother is B0
Rabbit A4m is running away from: LionB1
Rabbit A4m is running away from: WolfA4
Rabbit A4 is Hungry
Rabbit A4m ate
Rabbit A4 m is ready to mate
Rabbit A4 m is approaching partner: Rabbit C4f
Rabbit A4m is running away from: LionB1
Rabbit A4m is running away from: WolfB2
Rabbit A4 is Hungry
Rabbit A4m ate
Rabbit A4 m is ready to mate
Rabbit A4 m is approaching partner: Rabbit C4f
Rabbit B0f is running away from: LionB5
Rabbit B0f is running away from: WolfB0
Rabbit B0 is Hungry
Rabbit B0f ate
Rabbit A2f is running away from: LionC5
Rabbit A2f is running away from: WolfA4
Rabbit A2 is Hungry
Rabbit A2f ate
Rabbit A2 f is ready to mate
Rabbit C0m is running away from: LionB5
Rabbit C0m is running away from: WolfB0
Rabbit C0 is Hungry
Rabbit C0 m is ready to mate
Rabbit C0 m is approaching partner: Rabbit A2f
Rabbit C3m is running away from: LionB5
Rabbit C3m is running away from: WolfB0
Rabbit C3 is Hungry
Rabbit C3m ate
Rabbit C3 m is ready to mate
Rabbit C3 m is approaching partner: Rabbit A2f
Rabbit C4f is running away from: LionB1
Rabbit C4f is running away from: WolfB2
Rabbit C4 is Hungry
Rabbit C4f ate
Rabbit C4 f is ready to mate
Rabbit A1m is running away from: LionB5
Rabbit A1m is running away from: WolfB0
Rabbit A1 is Hungry
Rabbit A1 m is ready to mate
Rabbit A1 m is approaching partner: Rabbit A2f
Rabbit A1m is running away from: LionB1
Rabbit A1m is running away from: WolfA4
Rabbit A1 is Hungry
Rabbit A1m ate
Rabbit A1 m is ready to mate
Rabbit A1 m is approaching partner: Rabbit A2f
Rabbit C2f is running away from: LionC5
Rabbit C2f is running away from: WolfB2
Rabbit C2 is Hungry
Rabbit C2 f is ready to mate
Rabbit B5m is running away from: LionB5
Rabbit B5m is running away from: WolfB0
Rabbit B5 is Hungry
Rabbit B5m ate
Rabbit B5 m is ready to mate
Rabbit B5 m is approaching partner: Rabbit A2f
Wolf B0f is running away from: LionB3
Wolf A4f is running away from: LionB1
Wolf B2m is running away from: LionB1
Wolf C2m is running away from: LionB5
Rabbit C5f is running away from: LionC5
Rabbit C5f is running away from: WolfB2
Rabbit C5 is Hungry
Rabbit C5 f is ready to mate
Rabbit A1f is running away from: LionB1
Rabbit A1f is running away from: WolfB2
Rabbit A1 is Hungry
Rabbit A1f ate
Rabbit A1 f is ready to mate
Rabbit A0m is running away from: LionB3
Rabbit A0m is running away from: WolfB0
Rabbit A0 is Hungry
Rabbit A0 m is ready to mate
Rabbit A0 m is approaching partner: Rabbit A2f
Rabbit A4m is running away from: LionB1
Rabbit A4m is running away from: WolfC2
Rabbit A4 is Hungry
Rabbit A4m ate
Rabbit A4 m is ready to mate
Rabbit A4 m is approaching partner: Rabbit C4f
Rabbit A4m is running away from: LionB1
Rabbit A4m is running away from: WolfB2
Rabbit A4 is Hungry
Rabbit A4 m is ready to mate
Rabbit A4 m is approaching partner: Rabbit C4f
Rabbit B0f is running away from: LionB5
Rabbit B0f is running away from: WolfA4
Rabbit B0 is Hungry
Rabbit B0f ate
Rabbit A2f is running away from: LionC5
Rabbit A2f is running away from: WolfA4
Rabbit A2 is Hungry
Rabbit A2f ate
Rabbit A2 f is ready to mate
Rabbit C0m is running away from: LionB3
Rabbit C0m is running away from: WolfA4
Rabbit C0 is Hungry
Rabbit C0m ate
Rabbit C0 m is ready to mate
Rabbit C0 m is approaching partner: Rabbit A2f
Rabbit C3m is running away from: LionB5
Rabbit C3m is running away from: WolfB0
Rabbit C3 is Hungry
Rabbit C3m ate
Rabbit C3 m is ready to mate
Rabbit C3 m is approaching partner: Rabbit A2f
Rabbit C4f is running away from: LionB1
Rabbit C4f is running away from: WolfB2
Rabbit C4 is Hungry
Rabbit C4f ate
Rabbit C4 f is ready to mate
Rabbit A1m is running away from: LionB5
Rabbit A1m is running away from: WolfB0
Rabbit A1 is Hungry
Rabbit A1 m is ready to mate
Rabbit A1 m is approaching partner: Rabbit A2f
Rabbit A1m is running away from: LionC5
Rabbit A1m is running away from: WolfA4
Rabbit A1 is Hungry
Rabbit A1m ate
Rabbit A1 m is ready to mate
Rabbit A1 m is approaching partner: Rabbit A2f
Rabbit C2f is running away from: LionC5
Rabbit C2f is running away from: WolfB2
Rabbit C2 is Hungry
Rabbit C2 f is ready to mate
Rabbit B5m is running away from: LionB3
Rabbit B5m is running away from: WolfB0
Rabbit B5 is Hungry
Rabbit B5 m is ready to mate
Rabbit B5 m is approaching partner: Rabbit A2f
Rabbit A5m is running away from: LionB3
Rabbit A5m is running away from: WolfB0
Rabbit A5 is Hungry
Wolf B0f is running away from: LionB5
Wolf A4f is running away from: LionB3
Wolf B2m is running away from: LionB1
Wolf C2m is running away from: LionB5
Rabbit C5f is running away from: LionC5
Rabbit C5f is running away from: WolfB2
Rabbit C5 is Hungry
Rabbit C5 f is ready to mate
Rabbit A1f is running away from: LionB1
Rabbit A1f is running away from: WolfB2
Rabbit A1 is Hungry
Rabbit A1f ate
Rabbit A1 f is ready to mate
Rabbit A0m is running away from: LionB5
Rabbit A0m is running away from: WolfA4
Rabbit A0 is Hungry
Rabbit A0 m is ready to mate
Rabbit A0 m is approaching partner: Rabbit A2f
Rabbit A4m is running away from: LionB1
Rabbit A4m is running away from: WolfC2
Rabbit A4 is Hungry
Rabbit A4m ate
Rabbit A4 m is ready to mate
Rabbit A4 m is approaching partner: Rabbit C4f
Rabbit A4m is running away from: LionB1
Rabbit A4m is running away from: WolfB2
Rabbit A4 is Hungry
Rabbit A4 m is ready to mate
Rabbit A4 m is approaching partner: Rabbit C4f
Rabbit B0f is running away from: LionB3
Rabbit B0f is running away from: WolfA4
Rabbit B0 is Hungry
Rabbit B0f ate
Rabbit A2f is running away from: LionC5
Rabbit A2f is running away from: WolfA4
Rabbit A2 is Hungry
Rabbit A2f ate
Rabbit A2 f is ready to mate
Rabbit C0m is running away from: LionB5
Rabbit C0m is running away from: WolfA4
Rabbit C0 is Hungry
Rabbit C0m ate
Rabbit C0 m is ready to mate
Rabbit C0 m is approaching partner: Rabbit A2f
Rabbit C3m is running away from: LionB5
Rabbit C3m is running away from: WolfB0
Rabbit C3 is Hungry
Rabbit C3 m is ready to mate
Rabbit C3 m is approaching partner: Rabbit C4f
Rabbit C4f is running away from: LionB1
Rabbit C4f is running away from: WolfB2
Rabbit C4 is Hungry
Rabbit C4f ate
Rabbit C4 f is ready to mate
Rabbit A1m is running away from: LionB5
Rabbit A1m is running away from: WolfB0
Rabbit A1 is Hungry
Rabbit A1 m is ready to mate
Rabbit A1 m is approaching partner: Rabbit A2f
Rabbit A1m is running away from: LionC5
Rabbit A1m is running away from: WolfA4
Rabbit A1 is Hungry
Rabbit A1m ate
Rabbit A1 m is ready to mate
Rabbit A1 m is approaching partner: Rabbit A2f
Rabbit C2f is running away from: LionC5
Rabbit C2f is running away from: WolfB2
Rabbit C2 is Hungry
Rabbit C2 f is ready to mate
Rabbit B5m is running away from: LionB3
Rabbit B5m is running away from: WolfB0
Rabbit B5 is Hungry
Rabbit B5 m is ready to mate
Rabbit B5 m is approaching partner: Rabbit A2f
Rabbit A5m is running away from: LionB5
Rabbit A5m is running away from: WolfB0
Rabbit A5 is Hungry
Lion B3 m is ready to mate
Lion B1 f is ready to mate
Lion B5 f is ready to mate
Lion C5 m is ready to mate
Wolf B0f is running away from: LionB3
Wolf A4f is running away from: LionB1
Wolf A4 is Hungry
Wolf A4f is chasing: C0m
Wolf A4f ate!
Wolf B2m is running away from: LionB1
Wolf B2 is Hungry
Wolf B2m is chasing: A4m
Wolf C2m is running away from: LionB5
Wolf C2 is Hungry
Wolf C2m is chasing: A5m
Rabbit C5f is running away from: LionC5
Rabbit C5f is running away from: WolfB2
Rabbit C5 is Hungry
Rabbit C5 f is ready to mate
Rabbit A1f is running away from: LionC5
Rabbit A1f is running away from: WolfB2
Rabbit A1 is Hungry
Rabbit A1f ate
Rabbit A1 f is ready to mate
Rabbit A0m is running away from: LionB3
Rabbit A0m is running away from: WolfA4
Rabbit A0 is Hungry
Rabbit A0 m is ready to mate
Rabbit A0 m is approaching partner: Rabbit A2f
Rabbit A4m is running away from: LionB1
Rabbit A4m is running away from: WolfB2
Rabbit A4 is Hungry
Rabbit A4m ate
Rabbit A4 m is ready to mate
Rabbit A4 m is approaching partner: Rabbit C4f
Rabbit A4m is running away from: LionB1
Rabbit A4m is running away from: WolfB2
Rabbit A4 is Hungry
Rabbit A4m ate
Rabbit A4 m is ready to mate
Rabbit A4 m is approaching partner: Rabbit C4f
Rabbit B0f is running away from: LionB3
Rabbit B0f is running away from: WolfA4
Rabbit B0 is Hungry
Rabbit B0f ate
Rabbit B0 f is ready to mate
Rabbit A2f is running away from: LionC5
Rabbit A2f is running away from: WolfB2
Rabbit A2 is Hungry
Rabbit A2f ate
Rabbit A2 f is ready to mate
Rabbit C3m is running away from: LionB5
Rabbit C3m is running away from: WolfB0
Rabbit C3 is Hungry
Rabbit C3 m is ready to mate
Rabbit C3 m is approaching partner: Rabbit B0f
Rabbit C4f is running away from: LionB1
Rabbit C4f is running away from: WolfB2
Rabbit C4 is Hungry
Rabbit C4f ate
Rabbit C4 f is ready to mate
Rabbit A1m is running away from: LionB5
Rabbit A1m is running away from: WolfB0
Rabbit A1 is Hungry
RabbitA1m died of hunger
Rabbit A1 m is ready to mate
Rabbit A1 m is approaching partner: Rabbit B0f
Rabbit A1m is running away from: LionC5
Rabbit A1m is running away from: WolfA4
Rabbit A1 is Hungry
Rabbit A1m ate
Rabbit A1 m is ready to mate
Rabbit A1 m is approaching partner: Rabbit A2f
Rabbit C2f is running away from: LionC5
Rabbit C2f is running away from: WolfB2
Rabbit C2 is Hungry
Rabbit C2f ate
Rabbit C2 f is ready to mate
Rabbit B5m is running away from: LionB3
Rabbit B5m is running away from: WolfB0
Rabbit B5 is Hungry
Rabbit B5 m is ready to mate
Rabbit B5 m is approaching partner: Rabbit B0f
Rabbit A5m is running away from: LionB5
Rabbit A5m is running away from: WolfA4
Rabbit A5 is Hungry
Rabbit A5m ate
Rabbit A5 m is ready to mate
Rabbit A5 m is approaching partner: Rabbit B0f
Lion B3 m is ready to mate
Lion B1 f is ready to mate
Lion B5 f is ready to mate
Lion C5 m is ready to mate
Wolf B0f is running away from: LionB3
Wolf B0 is Hungry
Wolf B0f is chasing: A5m
Wolf A4f is running away from: LionB3
Wolf B2m is running away from: LionB1
Wolf B2 is Hungry
Wolf B2m is chasing: A4m
Wolf C2m is running away from: LionB5
Wolf C2 is Hungry
Wolf C2m is chasing: B0f
Rabbit C5f is running away from: LionC5
Rabbit C5f is running away from: WolfB2
Rabbit C5 is Hungry
Rabbit C5 f is ready to mate
Rabbit A1f is running away from: LionC5
Rabbit A1f is running away from: WolfB2
Rabbit A1 is Hungry
Rabbit A1f ate
Rabbit A1 f is ready to mate
Rabbit A0m is running away from: LionB3
Rabbit A0m is running away from: WolfA4
Rabbit A0 is Hungry
Rabbit A0m ate
Rabbit A0 m is ready to mate
Rabbit A0 m is approaching partner: Rabbit B0f
Rabbit A4m is running away from: LionB1
Rabbit A4m is running away from: WolfB2
Rabbit A4 is Hungry
Rabbit A4m ate
Rabbit A4 m is ready to mate
Rabbit A4 m is approaching partner: Rabbit A2f
Rabbit A4m is running away from: LionB1
Rabbit A4m is running away from: WolfB2
Rabbit A4 is Hungry
Rabbit A4m ate
Rabbit A4 m is ready to mate
Rabbit A4 m is approaching partner: Rabbit C4f
Rabbit B0f is running away from: LionB3
Rabbit B0f is running away from: WolfA4
Rabbit B0 is Hungry
Rabbit B0 f is ready to mate
Rabbit A2f is running away from: LionC5
Rabbit A2f is running away from: WolfA4
Rabbit A2 is Hungry
Rabbit A2f ate
Rabbit A2 f is ready to mate
Rabbit C3m is running away from: LionB5
Rabbit C3m is running away from: WolfB0
Rabbit C3 is Hungry
Rabbit C3 m is ready to mate
Rabbit C3 m is approaching partner: Rabbit B0f
Rabbit C4f is running away from: LionC5
Rabbit C4f is running away from: WolfB2
Rabbit C4 is Hungry
Rabbit C4f ate
Rabbit C4 f is ready to mate
Rabbit A1m is running away from: LionC5
Rabbit A1m is running away from: WolfA4
Rabbit A1 is Hungry
Rabbit A1 m is ready to mate
Rabbit A1 m is approaching partner: Rabbit A2f
Rabbit C2f is running away from: LionC5
Rabbit C2f is running away from: WolfB2
Rabbit C2 is Hungry
Rabbit C2 f is ready to mate
Rabbit B5m is running away from: LionB3
Rabbit B5m is running away from: WolfB0
Rabbit B5 is Hungry
Rabbit B5 m is ready to mate
Rabbit B5 m is approaching partner: Rabbit B0f
Rabbit A5m is running away from: LionB3
Rabbit A5m is running away from: WolfA4
Rabbit A5 is Hungry
Rabbit A5m ate
Rabbit A5 m is ready to mate
Rabbit A5 m is approaching partner: Rabbit B0f
Lion B3 m is ready to mate
Lion B1 f is ready to mate
Lion B5 f is ready to mate
Lion C5 m is ready to mate
Wolf B0f is running away from: LionB3
Wolf B0 is Hungry
Wolf B0f is chasing: A5m
Wolf A4f is running away from: LionB3
Wolf B2m is running away from: LionB1
Wolf B2 is Hungry
Wolf B2m is chasing: A4m
Wolf C2m is running away from: LionB1
Wolf C2 is Hungry
Wolf C2m is chasing: B0f
Rabbit C5f is running away from: LionC5
Rabbit C5f is running away from: WolfB2
Rabbit C5 is Hungry
RabbitC5f died of hunger
Rabbit C5 f is ready to mate
Rabbit A1f is running away from: LionC5
Rabbit A1f is running away from: WolfB2
Rabbit A1 is Hungry
Rabbit A1f ate
Rabbit A1 f is ready to mate
Rabbit A0m is running away from: LionB3
Rabbit A0m is running away from: WolfA4
Rabbit A0 is Hungry
Rabbit A0 m is ready to mate
Rabbit A0 m is approaching partner: Rabbit B0f
Rabbit A4m is running away from: LionB1
Rabbit A4m is running away from: WolfB2
Rabbit A4 is Hungry
Rabbit A4m ate
Rabbit A4 m is ready to mate
Rabbit A4 m is approaching partner: Rabbit A2f
Rabbit A4m is running away from: LionB1
Rabbit A4m is running away from: WolfB2
Rabbit A4 is Hungry
Rabbit A4 m is ready to mate
Rabbit A4 m is approaching partner: Rabbit A2f
Rabbit B0f is running away from: LionB5
Rabbit B0f is running away from: WolfA4
Rabbit B0 is Hungry
Rabbit B0f ate
Rabbit B0 f is ready to mate
Rabbit A2f is running away from: LionC5
Rabbit A2f is running away from: WolfB2
Rabbit A2 is Hungry
Rabbit A2f ate
Rabbit A2 f is ready to mate
Rabbit C3m is running away from: LionB5
Rabbit C3m is running away from: WolfB0
Rabbit C3 is Hungry
Rabbit C3 m is ready to mate
Rabbit C3 m is approaching partner: Rabbit B0f
Rabbit C4f is running away from: LionC5
Rabbit C4f is running away from: WolfA4
Rabbit C4 is Hungry
Rabbit C4f ate
Rabbit C4 f is ready to mate
Rabbit A1m is running away from: LionC5
Rabbit A1m is running away from: WolfB2
Rabbit A1 is Hungry
Rabbit A1 m is ready to mate
Rabbit A1 m is approaching partner: Rabbit C4f
Rabbit C2f is running away from: LionC5
Rabbit C2f is running away from: WolfB2
Rabbit C2 is Hungry
Rabbit C2 f is ready to mate
Rabbit B5m is running away from: LionB3
Rabbit B5m is running away from: WolfB0
Rabbit B5 is Hungry
RabbitB5m died of hunger
Rabbit B5m ate
Rabbit B5 m is ready to mate
Rabbit B5 m is approaching partner: Rabbit B0f
Rabbit A5m is running away from: LionB5
Rabbit A5m is running away from: WolfA4
Rabbit A5 is Hungry
Rabbit A5 m is ready to mate
Rabbit A5 m is approaching partner: Rabbit B0f
Lion B3 m is ready to mate
Lion B1 f is ready to mate
Lion B5 f is ready to mate
Lion C5 m is ready to mate
Wolf B0f is running away from: LionB3
Wolf B0 is Hungry
Wolf B0f is chasing: A5m
Wolf B0 f is ready to mate
Wolf A4f is running away from: LionB3
Wolf A4f ate!
Wolf A4 f is ready to mate
Wolf B2m is running away from: LionB1
Wolf B2 is Hungry
Wolf B2m is chasing: A4m
Wolf B2 m is ready to mate
Wolf C2m is running away from: LionB5
Wolf C2 is Hungry
Wolf C2m is chasing: A0m
Wolf C2 m is ready to mate
Rabbit A1f is running away from: LionC5
Rabbit A1f is running away from: WolfB2
Rabbit A1 is Hungry
Rabbit A1f ate
Rabbit A1 f is ready to mate
Rabbit A0m is running away from: LionB5
Rabbit A0m is running away from: WolfA4
Rabbit A0 is Hungry
Rabbit A0m ate
Rabbit A0 m is ready to mate
Rabbit A0 m is approaching partner: Rabbit A2f
Rabbit A4m is running away from: LionB1
Rabbit A4m is running away from: WolfB2
Rabbit A4 is Hungry
Rabbit A4m ate
Rabbit A4 m is ready to mate
Rabbit A4 m is approaching partner: Rabbit C4f
Rabbit A4m is running away from: LionB1
Rabbit A4m is running away from: WolfB2
Rabbit A4 is Hungry
Rabbit A4 m is ready to mate
Rabbit A4 m is approaching partner: Rabbit C4f
Rabbit A2f is running away from: LionC5
Rabbit A2f is running away from: WolfA4
Rabbit A2 is Hungry
Rabbit A2f ate
Rabbit A2 f is ready to mate
Rabbit C3m is running away from: LionB5
Rabbit C3m is running away from: WolfB0
Rabbit C3 is Hungry
RabbitC3m died of hunger
Rabbit C3 m is ready to mate
Rabbit C3 m is approaching partner: Rabbit C4f
Rabbit C4f is running away from: LionC5
Rabbit C4f is running away from: WolfB2
Rabbit C4 is Hungry
Rabbit C4f ate
Rabbit C4 f is ready to mate
Rabbit A1m is running away from: LionC5
Rabbit A1m is running away from: WolfB2
Rabbit A1 is Hungry
Rabbit A1 m is ready to mate
Rabbit A1 m is approaching partner: Rabbit A2f
Rabbit C2f is running away from: LionC5
Rabbit C2f is running away from: WolfB2
Rabbit C2 is Hungry
Rabbit C2 f is ready to mate
Rabbit A5m is running away from: LionB3
Rabbit A5m is running away from: WolfA4
Rabbit A5 is Hungry
Rabbit A5m ate
Rabbit A5 m is ready to mate
Rabbit A5 m is approaching partner: Rabbit C4f
Lion B3 m is ready to mate
Lion B1 f is ready to mate
Lion B5 f is ready to mate
Lion C5 m is ready to mate
Wolf B0f is running away from: LionB3
Wolf B0 is Hungry
Wolf B0f is chasing: A5m
Wolf B0 f is ready to mate
Wolf A4f is running away from: LionB1
Wolf A4f ate!
Wolf A4 f is ready to mate
Wolf B2m is running away from: LionB1
Wolf B2 is Hungry
Wolf B2m is chasing: A4m
Wolf B2 m is ready to mate
Wolf C2m is running away from: LionB1
Wolf C2 is Hungry
Wolf C2m is chasing: A0m
Wolf C2 m is ready to mate
Rabbit A1f is running away from: LionC5
Rabbit A1f is running away from: WolfB2
Rabbit A1 is Hungry
Rabbit A1f ate
Rabbit A1 f is ready to mate
Rabbit A0m is running away from: LionB3
Rabbit A0m is running away from: WolfC2
Rabbit A0 is Hungry
Rabbit A0m ate
Rabbit A0 m is ready to mate
Rabbit A0 m is approaching partner: Rabbit C4f
Rabbit A4m is running away from: LionC5
Rabbit A4m is running away from: WolfB2
Rabbit A4 is Hungry
Rabbit A4m ate
Rabbit A4 m is ready to mate
Rabbit A4 m is approaching partner: Rabbit C4f
Rabbit A4m is running away from: LionB1
Rabbit A4m is running away from: WolfB2
Rabbit A4 is Hungry
Rabbit A4 m is ready to mate
Rabbit A4 m is approaching partner: Rabbit C4f
Rabbit A2f is running away from: LionC5
Rabbit A2f is running away from: WolfB2
Rabbit A2 is Hungry
Rabbit A2 f is ready to mate
Rabbit C4f is running away from: LionC5
Rabbit C4f is running away from: WolfB2
Rabbit C4 is Hungry
Rabbit C4 f is ready to mate
Rabbit A1m is running away from: LionC5
Rabbit A1m is running away from: WolfB2
Rabbit A1 is Hungry
Rabbit A1 m is ready to mate
Rabbit A1 m is approaching partner: Rabbit A2f
Rabbit C2f is running away from: LionC5
Rabbit C2f is running away from: WolfB2
Rabbit C2 is Hungry
Rabbit C2 f is ready to mate
Lion B3 m is ready to mate
Lion B1 f is ready to mate
Lion B5 f is ready to mate
Lion C5 m is ready to mate
Wolf B0f is running away from: LionB3
Wolf B0 is Hungry
Wolf B0f is chasing: A0m
Wolf B0 f is ready to mate
Wolf A4f is running away from: LionB3
Wolf A4 f is ready to mate
Wolf B2m is running away from: LionB1
Wolf B2 is Hungry
Wolf B2m is chasing: A4m
Wolf B2 m is ready to mate
Wolf C2m is running away from: LionB3
Wolf C2 is Hungry
Wolf C2m is chasing: A0m
Wolf C2 m is ready to mate
Wolf A1 m was born! Father is C2 and Mother is A4
Rabbit A1 is Thirsty
Rabbit A1 drank water
Rabbit A1f is running away from: LionC5
Rabbit A1f is running away from: WolfB2
Rabbit A1 is Hungry
Rabbit A1 f is ready to mate
Rabbit A0 is Thirsty
Rabbit A0 drank water
Rabbit A0m is running away from: LionC5
Rabbit A0m is running away from: WolfC2
Rabbit A0 is Hungry
Rabbit A0m ate
Rabbit A0 m is ready to mate
Rabbit A0 m is approaching partner: Rabbit A2f
Rabbit A4 is Thirsty
Rabbit A4 drank water
Rabbit A4m is running away from: LionC5
Rabbit A4m is running away from: WolfB2
Rabbit A4 is Hungry
Rabbit A4m ate
Rabbit A4 m is ready to mate
Rabbit A4 m is approaching partner: Rabbit A2f
Rabbit A4 is Thirsty
Rabbit A4 drank water
Rabbit A4m is running away from: LionB1
Rabbit A4m is running away from: WolfB2
Rabbit A4 is Hungry
Rabbit A4 m is ready to mate
Rabbit A4 m is approaching partner: Rabbit A2f
Rabbit A2 is Thirsty
Rabbit A2 drank water
Rabbit A2f is running away from: LionC5
Rabbit A2f is running away from: WolfB2
Rabbit A2 is Hungry
Rabbit A2 f is ready to mate
Rabbit C4 is Thirsty
Rabbit C4 drank water
Rabbit C4f is running away from: LionC5
Rabbit C4f is running away from: WolfB2
Rabbit C4 is Hungry
Rabbit C4 f is ready to mate
Rabbit A1 is Thirsty
Rabbit A1 drank water
Rabbit A1m is running away from: LionC5
Rabbit A1m is running away from: WolfC2
Rabbit A1 is Hungry
RabbitA1m died of hunger
Rabbit A1m ate
Rabbit A1 m is ready to mate
Rabbit A1 m is approaching partner: Rabbit A2f
Rabbit A3 m was born!Father is A1 and Mother is A2
Rabbit C2 is Thirsty
Rabbit C2 drank water
Rabbit C2f is running away from: LionC5
Rabbit C2f is running away from: WolfB2
Rabbit C2 is Hungry
RabbitC2f died of hunger
Rabbit C2 f is ready to mate
Lion B3 is Thirsty
Lion B3 drank water
Lion B3 m is ready to mate
Lion B1 is Thirsty
Lion B1 drank water
Lion B1 f is ready to mate
Lion B5 is Thirsty
Lion B5 drank water
Lion B5 f is ready to mate
Lion C5 is Thirsty
Lion C5 drank water
Lion C5 m is ready to mate
Wolf B0f is running away from: LionB3
Wolf B0 is Hungry
Wolf B0f is chasing: A0m
Wolf B0 f is ready to mate
Wolf A4f is running away from: LionB3
Wolf B2m is running away from: LionB1
Wolf B2 is Hungry
Wolf B2m is chasing: A4m
Wolf B2 m is ready to mate
Wolf C2m is running away from: LionB3
Wolf C2 is Hungry
Wolf C2m is chasing: A0m
Wolf C2 m is ready to mate
Wolf A1m is running away from: LionB3
Rabbit A1 is Thirsty
Rabbit A1 drank water
Rabbit A1f is running away from: LionC5
Rabbit A1f is running away from: WolfB2
Rabbit A1 is Hungry
Rabbit A1 f is ready to mate
Rabbit A0 is Thirsty
Rabbit A0 drank water
Rabbit A0m is running away from: LionC5
Rabbit A0m is running away from: WolfC2
Rabbit A0 is Hungry
Rabbit A0 m is ready to mate
Rabbit A0 m is approaching partner: Rabbit C4f
Rabbit A4 is Thirsty
Rabbit A4 drank water
Rabbit A4m is running away from: LionC5
Rabbit A4m is running away from: WolfB2
Rabbit A4 is Hungry
Rabbit A4 m is ready to mate
Rabbit A4 m is approaching partner: Rabbit C4f
Rabbit A4 is Thirsty
Rabbit A4 drank water
Rabbit A4m is running away from: LionB1
Rabbit A4m is running away from: WolfB2
Rabbit A4 is Hungry
RabbitA4m died of hunger
Rabbit A4m ate
Rabbit A4 m is ready to mate
Rabbit A4 m is approaching partner: Rabbit C4f
Rabbit A2 is Thirsty
Rabbit A2 drank water
Rabbit A2f is running away from: LionC5
Rabbit A2f is running away from: WolfC2
Rabbit A2 is Hungry
Rabbit C4 is Thirsty
Rabbit C4 drank water
Rabbit C4f is running away from: LionC5
Rabbit C4f is running away from: WolfB2
Rabbit C4 is Hungry
Rabbit C4f ate
Rabbit C4 f is ready to mate
Rabbit A3m is running away from: LionC5
Rabbit A3m is running away from: WolfB2
Rabbit A3 is Hungry
Lion B3 is Thirsty
Lion B3 drank water
Lion B3 m is ready to mate
Lion B1 is Thirsty
Lion B1 drank water
Lion B1 f is ready to mate
Lion B5 is Thirsty
Lion B5 drank water
Lion B5 f is ready to mate
Lion C5 is Thirsty
Lion C5 drank water
Lion C5 m is ready to mate
Wolf B0f is running away from: LionB3
Wolf B0 is Hungry
Wolf B0f is chasing: A0m
Wolf B0 f is ready to mate
Wolf A4f is running away from: LionB1
Wolf B2m is running away from: LionB1
Wolf B2 is Hungry
Wolf B2m is chasing: A4m
Wolf B2 m is ready to mate
Wolf C2m is running away from: LionC5
Wolf C2 is Hungry
Wolf C2m is chasing: A0m
Wolf C2 m is ready to mate
Wolf A1m is running away from: LionB3
Rabbit A1 is Thirsty
Rabbit A1 drank water
Rabbit A1f is running away from: LionC5
Rabbit A1f is running away from: WolfB2
Rabbit A1 is Hungry
Rabbit A1 f is ready to mate
Rabbit A0 is Thirsty
Rabbit A0 drank water
Rabbit A0m is running away from: LionC5
Rabbit A0m is running away from: WolfC2
Rabbit A0 is Hungry
Rabbit A0m ate
Rabbit A0 m is ready to mate
Rabbit A0 m is approaching partner: Rabbit C4f
Rabbit A4 is Thirsty
Rabbit A4 drank water
Rabbit A4m is running away from: LionC5
Rabbit A4m is running away from: WolfB2
Rabbit A4 is Hungry
Rabbit A4m ate
Rabbit A4 m is ready to mate
Rabbit A4 m is approaching partner: Rabbit C4f
Rabbit A2 is Thirsty
Rabbit A2 drank water
Rabbit A2f is running away from: LionC5
Rabbit A2f is running away from: WolfB2
Rabbit A2 is Hungry
Rabbit C4 is Thirsty
Rabbit C4 drank water
Rabbit C4f is running away from: LionC5
Rabbit C4f is running away from: WolfB2
Rabbit C4 is Hungry
Rabbit C4f ate
Rabbit C4 f is ready to mate
Rabbit A3m is running away from: LionC5
Rabbit A3m is running away from: WolfB2
Rabbit A3 is Hungry
Lion B3 is Thirsty
Lion B3 drank water
Lion B3 m is ready to mate
Lion B1 f is ready to mate
Lion B5 is Thirsty
Lion B5 drank water
Lion B5 f is ready to mate
Lion C5 is Thirsty
Lion C5 drank water
Lion C5 m is ready to mate
Wolf B0f is running away from: LionB5
Wolf B0 is Hungry
Wolf B0f is chasing: A0m
Wolf B0 f is ready to mate
Wolf A4f is running away from: LionB5
Wolf B2m is running away from: LionB1
Wolf B2 is Hungry
Wolf B2m is chasing: A4m
Wolf B2 m is ready to mate
Wolf C2m is running away from: LionB1
Wolf C2 is Hungry
Wolf C2m is chasing: A0m
Wolf C2 m is ready to mate
Wolf A1m is running away from: LionB5
Rabbit A1 is Thirsty
Rabbit A1 drank water
Rabbit A1f is running away from: LionC5
Rabbit A1f is running away from: WolfB2
Rabbit A1 is Hungry
Rabbit A1 f is ready to mate
Rabbit A0 is Thirsty
Rabbit A0 drank water
Rabbit A0m is running away from: LionC5
Rabbit A0m is running away from: WolfA1
Rabbit A0 is Hungry
Rabbit A0m ate
Rabbit A0 m is ready to mate
Rabbit A0 m is approaching partner: Rabbit C4f
Rabbit A4 is Thirsty
Rabbit A4 drank water
Rabbit A4m is running away from: LionC5
Rabbit A4m is running away from: WolfB2
Rabbit A4 is Hungry
Rabbit A4 m is ready to mate
Rabbit A4 m is approaching partner: Rabbit C4f
Rabbit A2 is Thirsty
Rabbit A2 drank water
Rabbit A2f is running away from: LionC5
Rabbit A2f is running away from: WolfB2
Rabbit A2 is Hungry
RabbitA2f died of hunger
Rabbit C4 is Thirsty
Rabbit C4 drank water
Rabbit C4f is running away from: LionC5
Rabbit C4f is running away from: WolfB2
Rabbit C4 is Hungry
Rabbit C4 f is ready to mate
Rabbit A3m is running away from: LionC5
Rabbit A3m is running away from: WolfB2
Rabbit A3 is Hungry
Rabbit A3m ate
Lion B3 is Thirsty
Lion B3 drank water
Lion B3 m is ready to mate
Lion B1 f is ready to mate
Lion B5 is Thirsty
Lion B5 drank water
Lion B5 f is ready to mate
Lion C5 is Thirsty
Lion C5 drank water
Lion C5 m is ready to mate
Wolf B0f is running away from: LionB3
Wolf B0 is Hungry
Wolf B0f is chasing: A0m
Wolf B0 f is ready to mate
Wolf A4f is running away from: LionB1
Wolf A4 is Hungry
Wolf A4f is chasing: A0m
Wolf B2m is running away from: LionB1
Wolf B2 is Hungry
Wolf B2m is chasing: A4m
Wolf B2 m is ready to mate
Wolf C2m is running away from: LionB3
Wolf C2 is Hungry
Wolf C2m is chasing: A0m
Wolf C2 m is ready to mate
Wolf A1m is running away from: LionC5
Rabbit A1 is Thirsty
Rabbit A1 drank water
Rabbit A1f is running away from: LionC5
Rabbit A1f is running away from: WolfB2
Rabbit A1 is Hungry
RabbitA1f died of hunger
Rabbit A1 f is ready to mate
Rabbit A0m is running away from: LionC5
Rabbit A0m is running away from: WolfA4
Rabbit A0 is Hungry
Rabbit A0m ate
Rabbit A0 m is ready to mate
Rabbit A0 m is approaching partner: Rabbit C4f
Rabbit A4 is Thirsty
Rabbit A4 drank water
Rabbit A4m is running away from: LionC5
Rabbit A4m is running away from: WolfB2
Rabbit A4 is Hungry
Rabbit A4m ate
Rabbit A4 m is ready to mate
Rabbit A4 m is approaching partner: Rabbit C4f
Rabbit A1 f was born!Father is A4 and Mother is C4
Rabbit C4 is Thirsty
Rabbit C4 drank water
Rabbit C4f is running away from: LionC5
Rabbit C4f is running away from: WolfB2
Rabbit C4 is Hungry
Rabbit A3m is running away from: LionC5
Rabbit A3m is running away from: WolfB2
Rabbit A3 is Hungry
Rabbit A3 m is ready to mate
Not enough female Rabbits or Female Rabbit partners are not ready yet!
Lion B3 is Thirsty
Lion B3 drank water
Lion B3 m is ready to mate
Lion B1 f is ready to mate
Lion B5 is Thirsty
Lion B5 drank water
Lion B5 f is ready to mate
Lion C5 is Thirsty
Lion C5 drank water
Lion C5 m is ready to mate
Wolf B0f is running away from: LionB3
Wolf B0 is Hungry
Wolf B0f is chasing: A0m
Wolf B0 f is ready to mate
Wolf A4f is running away from: LionB3
Wolf A4 is Hungry
Wolf A4f is chasing: A0m
Wolf B2m is running away from: LionB1
Wolf B2 is Hungry
Wolf B2m is chasing: A1f
Wolf B2 m is ready to mate
Wolf C2m is running away from: LionB5
Wolf C2 is Hungry
Wolf C2m is chasing: A0m
Wolf C2 m is ready to mate
Wolf A1m is running away from: LionB5
Wolf A1 is Hungry
Wolf A1m is chasing: A0m
Rabbit A0m is running away from: LionC5
Rabbit A0m is running away from: WolfA4
Rabbit A0 is Hungry
Rabbit A0m ate
Rabbit A0 m is ready to mate
Not enough female Rabbits or Female Rabbit partners are not ready yet!
Rabbit A4 is Thirsty
Rabbit A4 drank water
Rabbit A4m is running away from: LionC5
Rabbit A4m is running away from: WolfB2
Rabbit A4 is Hungry
Rabbit A4 m is ready to mate
Not enough female Rabbits or Female Rabbit partners are not ready yet!
Rabbit C4 is Thirsty
Rabbit C4 drank water
Rabbit C4f is running away from: LionC5
Rabbit C4f is running away from: WolfA4
Rabbit C4 is Hungry
Rabbit A3m is running away from: LionC5
Rabbit A3m is running away from: WolfB2
Rabbit A3 is Hungry
Rabbit A3 m is ready to mate
Not enough female Rabbits or Female Rabbit partners are not ready yet!
Rabbit A1f is running away from: LionC5
Rabbit A1f is running away from: WolfA4
Rabbit A1 is Hungry
Lion B3 is Thirsty
Lion B3 drank water
Lion B3 is Hungry
LionB3mis chasing: B0f
Lion B3 m is ready to mate
Lion B1f ate: B2m
Lion B1 f is ready to mate
Lion B5 is Thirsty
Lion B5 drank water
Lion B5 is Hungry
LionB5fis chasing: B0f
Lion B5 f is ready to mate
Lion C5 is Thirsty
Lion C5 drank water
Lion C5 is Hungry
LionC5mis chasing: A1m
Lion C5 m is ready to mate
Wolf B0f is running away from: LionB3
Wolf B0 is Hungry
Wolf B0f is chasing: A0m
Wolf B0 f is ready to mate
Wolf A4f is running away from: LionC5
Wolf A4 is Hungry
Wolf A4f is chasing: A0m
Wolf B2m is running away from: LionB1
Wolf B2 is Hungry
Wolf B2m is chasing: A1f
Wolf B2 m is ready to mate
Wolf C2m is running away from: LionC5
Wolf C2 is Hungry
Wolf C2m is chasing: A0m
Wolf C2 m is ready to mate
Wolf A1m is running away from: LionC5
Wolf A1 is Hungry
Wolf A1m is chasing: A0m
Rabbit A0m is running away from: LionC5
Rabbit A0m is running away from: WolfA4
Rabbit A0 is Hungry
Rabbit A0m ate
Rabbit A0 m is ready to mate
Not enough female Rabbits or Female Rabbit partners are not ready yet!
Rabbit A4 is Thirsty
Rabbit A4 drank water
Rabbit A4m is running away from: LionC5
Rabbit A4m is running away from: WolfB2
Rabbit A4 is Hungry
Rabbit A4 m is ready to mate
Not enough female Rabbits or Female Rabbit partners are not ready yet!
Rabbit C4 is Thirsty
Rabbit C4 drank water
Rabbit C4f is running away from: LionC5
Rabbit C4f is running away from: WolfB2
Rabbit C4 is Hungry
Rabbit A3m is running away from: LionB1
Rabbit A3m is running away from: WolfB2
Rabbit A3 is Hungry
Rabbit A3 m is ready to mate
Not enough female Rabbits or Female Rabbit partners are not ready yet!
Rabbit A1f is running away from: LionC5
Rabbit A1f is running away from: WolfB2
Rabbit A1 is Hungry
Lion B3 is Thirsty
Lion B3 drank water
Lion B3 is Hungry
LionB3mis chasing: B0f
Lion B3 m is ready to mate
Lion B1 f is ready to mate
Lion B5 is Thirsty
Lion B5 drank water
Lion B5 is Hungry
LionB5fis chasing: B0f
Lion B5 f is ready to mate
Lion C5 is Thirsty
Lion C5 drank water
Lion C5 is Hungry
LionC5mis chasing: A1m
Lion C5 m is ready to mate
Wolf B0f is running away from: LionB3
Wolf B0 is Hungry
Wolf B0f is chasing: A0m
Wolf B0 f is ready to mate
Wolf A4f is running away from: LionC5
Wolf A4 is Hungry
Wolf A4f is chasing: A0m
Wolf B2m is running away from: LionB1
Wolf B2 is Hungry
WolfB2m died of hunger
Wolf B2m is chasing: A0m
Wolf B2 m is ready to mate
Wolf C2m is running away from: LionC5
Wolf C2 is Hungry
WolfC2m died of hunger
Wolf C2m is chasing: A0m
Wolf C2 m is ready to mate
Wolf A1m is running away from: LionC5
Wolf A1 is Hungry
Wolf A1m is chasing: A0m
Rabbit A0m is running away from: LionC5
Rabbit A0m is running away from: WolfA4
Rabbit A0 is Hungry
Rabbit A0 m is ready to mate
Not enough female Rabbits or Female Rabbit partners are not ready yet!
Rabbit A4 is Thirsty
Rabbit A4 drank water
Rabbit A4m is running away from: LionB1
Rabbit A4m is running away from: WolfA4
Rabbit A4 is Hungry
Rabbit A4 m is ready to mate
Not enough female Rabbits or Female Rabbit partners are not ready yet!
Rabbit C4 is Thirsty
Rabbit C4 drank water
Rabbit C4f is running away from: LionC5
Rabbit C4f is running away from: WolfA4
Rabbit C4 is Hungry
RabbitC4f died of hunger
Rabbit A3m is running away from: LionB1
Rabbit A3m is running away from: WolfA1
Rabbit A3 is Hungry
Rabbit A3 m is ready to mate
Not enough female Rabbits or Female Rabbit partners are not ready yet!
Rabbit A1f is running away from: LionB1
Rabbit A1f is running away from: WolfA1
Rabbit A1 is Hungry
Lion B3 is Thirsty
Lion B3 drank water
Lion B3 is Hungry
LionB3mis chasing: B0f
Lion B3 m is ready to mate
Lion B1 f is ready to mate
Lion B5 is Thirsty
Lion B5 drank water
Lion B5 is Hungry
LionB5fis chasing: B0f
Lion B5 f is ready to mate
Lion C5 is Thirsty
Lion C5 drank water
Lion C5 is Hungry
LionC5mis chasing: A1m
Lion C5 m is ready to mate
Wolf B0f is running away from: LionB3
Wolf B0 is Hungry
WolfB0f died of hunger
Wolf B0f is chasing: A0m
Wolf B0 f is ready to mate
Wolf A4f is running away from: LionC5
Wolf A4 is Hungry
Wolf A4f is chasing: A0m
Wolf A1m is running away from: LionC5
Wolf A1 is Hungry
Wolf A1m is chasing: A0m
Rabbit A0m is running away from: LionB1
Rabbit A0m is running away from: WolfA1
Rabbit A0 is Hungry
Rabbit A0 m is ready to mate
Not enough female Rabbits or Female Rabbit partners are not ready yet!
Rabbit A4 is Thirsty
Rabbit A4 drank water
Rabbit A4m is running away from: LionB1
Rabbit A4m is running away from: WolfA1
Rabbit A4 is Hungry
Rabbit A4 m is ready to mate
Not enough female Rabbits or Female Rabbit partners are not ready yet!
Rabbit A3m is running away from: LionB1
Rabbit A3m is running away from: WolfA1
Rabbit A3 is Hungry
RabbitA3m died of hunger
Rabbit A3 m is ready to mate
Not enough female Rabbits or Female Rabbit partners are not ready yet!
Rabbit A1f is running away from: LionB1
Rabbit A1f is running away from: WolfA1
Rabbit A1 is Hungry
Rabbit A1f ate
Lion B3 is Thirsty
Lion B3 drank water
Lion B3 is Hungry
LionB3mis chasing: A4f
Lion B3 m is ready to mate
Lion B1 f is ready to mate
Lion B5 is Thirsty
Lion B5 drank water
Lion B5 is Hungry
LionB5fis chasing: A4f
Lion B5 f is ready to mate
Lion C5 is Thirsty
Lion C5 drank water
Lion C5 is Hungry
LionC5mis chasing: A1m
Lion C5 m is ready to mate
Wolf A4f is running away from: LionC5
Wolf A4 is Hungry
Wolf A4f is chasing: A0m
Wolf A1m is running away from: LionC5
Wolf A1 is Hungry
Wolf A1m is chasing: A0m
Rabbit A0m is running away from: LionB1
Rabbit A0m is running away from: WolfA1
Rabbit A0 is Hungry
Rabbit A0 m is ready to mate
Not enough female Rabbits or Female Rabbit partners are not ready yet!
Rabbit A4 is Thirsty
Rabbit A4 drank water
Rabbit A4m is running away from: LionB1
Rabbit A4m is running away from: WolfA1
Rabbit A4 is Hungry
RabbitA4m died of hunger
Rabbit A4m ate
Rabbit A4 m is ready to mate
Not enough female Rabbits or Female Rabbit partners are not ready yet!
Rabbit A1f is running away from: LionB1
Rabbit A1f is running away from: WolfA1
Rabbit A1 is Hungry
Rabbit A1f ate
Rabbit A1 f is ready to mate
Lion B3 is Thirsty
Lion B3 drank water
Lion B3 is Hungry
LionB3mis chasing: A4f
Lion B3 m is ready to mate
Lion B1 f is ready to mate
Lion B5 is Thirsty
Lion B5 drank water
Lion B5 is Hungry
LionB5fis chasing: A4f
Lion B5 f is ready to mate
Lion C5 is Thirsty
Lion C5 drank water
Lion C5 is Hungry
LionC5mis chasing: A4f
Lion C5 m is ready to mate
Wolf A4f is running away from: LionC5
Wolf A4 is Hungry
Wolf A4f is chasing: A0m
Wolf A4 is Thirsty
Wolf A4drank water
Wolf A1m is running away from: LionC5
Wolf A1 is Hungry
Wolf A1m is chasing: A0m
Rabbit A0m is running away from: LionB1
Rabbit A0m is running away from: WolfA1
Rabbit A0 is Hungry
Rabbit A0 m is ready to mate
Rabbit A0 m is approaching partner: Rabbit A1f
Rabbit A1f is running away from: LionB1
Rabbit A1f is running away from: WolfA1
Rabbit A1 is Hungry
Rabbit A1 f is ready to mate
Lion B3 is Thirsty
Lion B3 drank water
Lion B3 is Hungry
LionB3mis chasing: A4f
Lion B3 m is ready to mate
Lion B1 f is ready to mate
Lion B5 is Thirsty
Lion B5 drank water
Lion B5 is Hungry
LionB5fis chasing: A4f
Lion B5 f is ready to mate
Lion C5 is Thirsty
Lion C5 drank water
Lion C5 is Hungry
LionC5mis chasing: A4f
Lion C5 m is ready to mate
Wolf A4f is running away from: LionB5
Wolf A4 is Hungry
Wolf A4f is chasing: A0m
Wolf A4 is Thirsty
Wolf A4drank water
Wolf A1m is running away from: LionB5
Wolf A1 is Hungry
Wolf A1m is chasing: A0m
Rabbit A0m is running away from: LionB1
Rabbit A0m is running away from: WolfA1
Rabbit A0 is Hungry
RabbitA0m died of hunger
Rabbit A0 m is ready to mate
Rabbit A0 m is approaching partner: Rabbit A1f
Rabbit A1f is running away from: LionB1
Rabbit A1f is running away from: WolfA1
Rabbit A1 is Hungry
Rabbit A1 f is ready to mate
Lion B3 is Thirsty
Lion B3 drank water
Lion B3 is Hungry
LionB3mis chasing: A4f
Lion B3 m is ready to mate
Lion A2 f was born!Father is B3 and Mother is B5
Lion B1 is Thirsty
Lion B1 drank water
Lion B1 f is ready to mate
Lion B5 is Hungry
LionB5fis chasing: A4f
Lion C5 is Thirsty
Lion C5 drank water
Lion C5 is Hungry
LionC5mis chasing: A4f
Lion C5 m is ready to mate
Wolf A4f is running away from: LionC5
Wolf A4 is Hungry
Wolf A4f is chasing: A1f
Wolf A4 is Thirsty
Wolf A4drank water
Wolf A1m is running away from: LionC5
Wolf A1 is Hungry
Wolf A1m is chasing: A1f
Rabbit A1f is running away from: LionB1
Rabbit A1f is running away from: WolfA1
Rabbit A1 is Hungry
Rabbit A1 f is ready to mate
Lion B3 is Thirsty
Lion B3 drank water
Lion B3 is Hungry
LionB3mis chasing: A4f
Lion B3 m is ready to mate
Lion B1 is Thirsty
Lion B1 drank water
Lion B1 f is ready to mate
Lion B5 is Hungry
LionB5fis chasing: A4f
Lion C5 is Thirsty
Lion C5 drank water
Lion C5 is Hungry
LionC5mis chasing: A4f
Lion C5 m is ready to mate
Wolf A4f is running away from: LionB5
Wolf A4 is Hungry
Wolf A4f is chasing: A1f
Wolf A4 is Thirsty
Wolf A4drank water
Wolf A1m is running away from: LionB5
Wolf A1 is Hungry
Wolf A1m is chasing: A1f
Rabbit A1f is running away from: LionB1
Rabbit A1f is running away from: WolfA1
Rabbit A1 is Hungry
Rabbit A1 f is ready to mate
Lion B3 is Thirsty
Lion B3 drank water
Lion B3 is Hungry
LionB3mis chasing: A4f
Lion B3 m is ready to mate
Lion B1 is Thirsty
Lion B1 drank water
Lion B1 f is ready to mate
Lion B5 is Hungry
LionB5fis chasing: A4f
Lion C5 is Thirsty
Lion C5 drank water
Lion C5 is Hungry
LionC5mis chasing: A4f
Lion C5 m is ready to mate
Wolf A4f is running away from: LionB5
Wolf A4 is Hungry
Wolf A4f is chasing: A1f
Wolf A4 is Thirsty
Wolf A4drank water
Wolf A1m is running away from: LionB1
Wolf A1 is Hungry
Wolf A1m is chasing: A1f
Rabbit A1 is Thirsty
Rabbit A1 drank water
Rabbit A1f is running away from: LionB1
Rabbit A1f is running away from: WolfA1
Rabbit A1 is Hungry
RabbitA1f died of hunger
Rabbit A1 f is ready to mate
Lion B3 is Thirsty
Lion B3 drank water
Lion B3 is Hungry
LionB3mis chasing: A4f
Lion B3 m is ready to mate
Lion B1 f is ready to mate
Lion B5 is Hungry
LionB5fis chasing: A4f
Lion C5 is Hungry
LionC5mis chasing: A4f
Lion C5 m is ready to mate
Wolf A4f is running away from: LionB5
Wolf A4 is Hungry
Wolf A1m is running away from: LionC5
Wolf A1 is Hungry
Lion B3 is Thirsty
Lion B3 drank water
Lion B3 is Hungry
LionB3mis chasing: A4f
Lion B3 m is ready to mate
Lion B1 f is ready to mate
Lion B5 is Hungry
LionB5fis chasing: A4f
Lion C5 is Hungry
LionC5mis chasing: A4f
Lion C5 m is ready to mate
Wolf A4f is running away from: LionB1
Wolf A4 is Hungry
WolfA4f died of hunger
Wolf A1m is running away from: LionB1
Wolf A1 is Hungry
Lion B3 is Thirsty
Lion B3 drank water
Lion B3 is Hungry
LionB3mis chasing: A1m
Lion B3 m is ready to mate
Lion B1 f is ready to mate
Lion B5 is Hungry
LionB5fis chasing: A1m
Lion C5 is Hungry
LionC5mis chasing: A1m
Lion C5 m is ready to mate
Wolf A1m is running away from: LionC5
Wolf A1 is Hungry
WolfA1m died of hunger
Lion B3 is Thirsty
Lion B3 drank water
Lion B3 is Hungry
Lion B1 f is ready to mate
Lion B5 is Hungry
Lion C5 is Hungry
Lion B3 is Thirsty
Lion B3 drank water
Lion B3 is Hungry
Lion B1 f is ready to mate
Lion B5 is Hungry
Lion C5 is Hungry
Lion B3 is Thirsty
Lion B3 drank water
Lion B3 is Hungry
Lion B1 f is ready to mate
Lion B5 is Hungry
Lion C5 is Hungry
Lion B3 is Thirsty
Lion B3 drank water
Lion B3 is Hungry
Lion B1 is Hungry
Lion B5 is Thirsty
Lion B5 drank water
Lion B5 is Hungry
Lion C5 is Hungry
Lion B3 is Thirsty
Lion B3 drank water
Lion B3 is Hungry
Lion B1 is Hungry
Lion B5 is Thirsty
Lion B5 drank water
Lion B5 is Hungry
Lion C5 is Hungry
Lion A2 is Thirsty
Lion A2 drank water
Lion B3 is Thirsty
Lion B3 drank water
Lion B3 is Hungry
Lion B1 is Hungry
Lion B5 is Thirsty
Lion B5 drank water
Lion B5 is Hungry
Lion C5 is Hungry
Lion A2 is Thirsty
Lion A2 drank water
Lion B3 is Thirsty
Lion B3 drank water
Lion B3 is Hungry
Lion B1 is Thirsty
Lion B1 drank water
Lion B1 is Hungry
Lion B5 is Thirsty
Lion B5 drank water
Lion B5 is Hungry
Lion C5 is Thirsty
Lion C5 drank water
Lion C5 is Hungry
Lion A2 is Thirsty
Lion A2 drank water
Lion B3 is Thirsty
Lion B3 drank water
Lion B3 is Hungry
Lion B1 is Hungry
Lion B5 is Hungry
Lion C5 is Hungry
Lion A2 is Thirsty
Lion A2 drank water
Lion B3 is Thirsty
Lion B3 drank water
Lion B3 is Hungry
Lion B1 is Hungry
Lion B5 is Hungry
Lion C5 is Hungry
Lion A2 is Thirsty
Lion A2 drank water
Lion B3 is Hungry
Lion B1 is Hungry
Lion B5 is Hungry
Lion C5 is Hungry
Lion A2 is Thirsty
Lion A2 drank water
Lion A2 is Hungry
Lion B3 is Hungry
Lion B1 is Hungry
Lion B5 is Hungry
Lion C5 is Hungry
Lion A2 is Thirsty
Lion A2 drank water
Lion A2 is Hungry
Lion B3 is Hungry
Lion B1 is Hungry
Lion B5 is Hungry
Lion C5 is Hungry
Lion A2 is Hungry
Lion B3 is Hungry
Lion B1 is Hungry
Lion B5 is Hungry
Lion C5 is Hungry
Lion A2 is Hungry
Lion B3 is Hungry
Lion B1 is Hungry
Lion B5 is Hungry
Lion C5 is Hungry
Lion A2 is Hungry
Lion B3 is Hungry
Lion B1 is Hungry
Lion B5 is Hungry
Lion C5 is Hungry
Lion A2 is Hungry
Lion B3 is Hungry
Lion B1 is Hungry
Lion B5 is Hungry
Lion C5 is Hungry
Lion A2 is Hungry
Lion B3 is Hungry
Lion B1 is Thirsty
Lion B1 drank water
Lion B1 is Hungry
Lion B5 is Thirsty
Lion B5 drank water
Lion B5 is Hungry
Lion C5 is Thirsty
Lion C5 drank water
Lion C5 is Hungry
Lion A2 is Hungry
Lion B3 is Hungry
Lion B1 is Hungry
Lion B5 is Hungry
Lion C5 is Hungry
Lion A2 is Hungry
Lion B3 is Thirsty
Lion B3 drank water
Lion B3 is Hungry
Lion B1 is Hungry
Lion B5 is Hungry
Lion C5 is Hungry
Lion A2 is Hungry
Lion B3 is Hungry
Lion B1 is Hungry
Lion B5 is Hungry
Lion C5 is Hungry
Lion A2 is Hungry
Lion B3 is Hungry
Lion B1 is Hungry
Lion B5 is Hungry
Lion C5 is Hungry
Lion A2 is Thirsty
Lion A2 drank water
Lion A2 is Hungry
Lion B3 is Hungry
Lion B1 is Hungry
Lion B5 is Hungry
Lion C5 is Hungry
Lion A2 is Hungry
Lion B3 is Hungry
Lion B1 is Hungry
Lion B5 is Hungry
Lion C5 is Hungry
Lion A2 is Hungry
Lion B3 is Hungry
LionB3m died of hunger
Lion B1 is Hungry
Lion B5 is Hungry
LionB5f died of hunger
Lion C5 is Hungry
LionC5m died of hunger
Lion A2 is Hungry
Lion B1 is Hungry
Lion A2 is Hungry
Lion B1 is Hungry
Lion A2 is Hungry
Lion B1 is Thirsty
Lion B1 drank water
Lion B1 is Hungry
Lion A2 is Hungry
Lion B1 is Hungry
Lion A2 is Hungry
Lion B1 is Hungry
Lion A2 is Hungry
Lion B1 is Hungry
Lion A2 is Hungry
Lion B1 is Hungry
Lion A2 is Thirsty
Lion A2 drank water
Lion A2 is Hungry
Lion B1 is Hungry
Lion A2 is Hungry
Lion B1 is Hungry
Lion A2 is Hungry
Lion B1 is Hungry
Lion A2 is Hungry
Lion B1 is Hungry
Lion A2 is Hungry
Lion B1 is Hungry
Lion A2 is Hungry
Lion B1 is Thirsty
Lion B1 drank water
Lion B1 is Hungry
Lion A2 is Hungry
Lion B1 is Hungry
Lion A2 is Hungry
Lion B1 is Hungry
LionB1f died of hunger
Lion A2 is Hungry
Lion A2 is Hungry
Lion A2 is Thirsty
Lion A2 drank water
Lion A2 is Hungry
Lion A2 is Hungry
Lion A2 is Hungry
Lion A2 is Hungry
Lion A2 is Hungry
LionA2f died of hunger
