Wolf B5f is running away from: LionA5
Wolf B1m is running away from: LionC5
Wolf B3m is running away from: LionA0
Wolf B4m is running away from: LionA5
Wolf C1m is running away from: LionC5
Wolf C5m is running away from: LionA0
Wolf C5m is running away from: LionA2
Wolf C1m is running away from: LionC5
Rabbit B4m is running away from: LionC5
Rabbit B4m is running away from: WolfB5
Rabbit B4 is Hungry
Rabbit B4m ate
Rabbit B4 m is ready to mate
Not enough female Rabbits or Female Rabbit partners are not ready yet!
Rabbit C4f is running away from: LionA2
Rabbit C4f is running away from: WolfC5
Rabbit C4 is Hungry
Rabbit C4f ate
Rabbit C4 f is ready to mate
Rabbit A1m is running away from: LionA2
Rabbit A1m is running away from: WolfC5
Rabbit A1 is Hungry
Rabbit A1m ate
Rabbit A1 m is ready to mate
Rabbit A1 m is approaching partner: Rabbit C4f
Rabbit B1f is running away from: LionC5
Rabbit B1f is running away from: WolfB1
Rabbit B1 is Hungry
Rabbit B1f ate
Rabbit B1 f is ready to mate
Rabbit A3m is running away from: LionC5
Rabbit A3m is running away from: WolfB1
Rabbit A3 is Hungry
Rabbit A3m ate
Rabbit A3 m is ready to mate
Rabbit A3 m is approaching partner: Rabbit B1f
Rabbit A0m is running away from: LionC5
Rabbit A0m is running away from: WolfC1
Rabbit A0 is Hungry
Rabbit A0m ate
Rabbit A0 m is ready to mate
Rabbit A0 m is approaching partner: Rabbit B1f
Rabbit A3m is running away from: LionA5
Rabbit A3m is running away from: WolfB4
Rabbit A3 is Hungry
Rabbit A3m ate
Rabbit A3 m is ready to mate
Rabbit A3 m is approaching partner: Rabbit B1f
Rabbit B1m is running away from: LionA0
Rabbit B1m is running away from: WolfB3
Rabbit B1 is Hungry
Rabbit B1m ate
Rabbit B1 m is ready to mate
Rabbit B1 m is approaching partner: Rabbit C4f
Rabbit B1f is running away from: LionC5
Rabbit B1f is running away from: WolfB4
Rabbit B1 is Hungry
Rabbit B1f ate
Rabbit B1 f is ready to mate
Rabbit A1f is running away from: LionA0
Rabbit A1f is running away from: WolfC5
Rabbit A1 is Hungry
Rabbit A1f ate
Rabbit A1 f is ready to mate
Rabbit A4f is running away from: LionA5
Rabbit A4f is running away from: WolfB5
Rabbit A4 is Hungry
Rabbit A4f ate
Rabbit A4 f is ready to mate
Rabbit A1f is running away from: LionA5
Rabbit A1f is running away from: WolfB5
Rabbit A1 is Hungry
Rabbit A1f ate
Rabbit A1 f is ready to mate
Rabbit C0m is running away from: LionA5
Rabbit C0m is running away from: WolfB4
Rabbit C0 is Hungry
Rabbit C0m ate
Rabbit C0 m is ready to mate
Rabbit C0 m is approaching partner: Rabbit A4f
Rabbit A1m is running away from: LionC5
Rabbit A1m is running away from: WolfB1
Rabbit A1 is Hungry
Rabbit A1m ate
Rabbit A1 m is ready to mate
Rabbit A1 m is approaching partner: Rabbit B1f
Rabbit B1m is running away from: LionC5
Rabbit B1m is running away from: WolfB4
Rabbit B1 is Hungry
Rabbit B1m ate
Rabbit B1 m is ready to mate
Rabbit B1 m is approaching partner: Rabbit B1f
Rabbit B5m is running away from: LionA0
Rabbit B5m is running away from: WolfC5
Rabbit B5 is Hungry
Rabbit B5m ate
Rabbit B5 m is ready to mate
Rabbit B5 m is approaching partner: Rabbit A1f
Rabbit A3m is running away from: LionC5
Rabbit A3m is running away from: WolfB1
Rabbit A3 is Hungry
Rabbit A3m ate
Rabbit A3 m is ready to mate
Rabbit A3 m is approaching partner: Rabbit B1f
Rabbit A2m is running away from: LionA2
Rabbit A2m is running away from: WolfC5
Rabbit A2 is Hungry
Rabbit A2m ate
Rabbit A2 m is ready to mate
Rabbit A2 m is approaching partner: Rabbit C4f
Rabbit B1f is running away from: LionC5
Rabbit B1f is running away from: WolfC1
Rabbit B1 is Hungry
Rabbit B1f ate
Rabbit B1 f is ready to mate
Rabbit B3f is running away from: LionA5
Rabbit B3f is running away from: WolfB5
Rabbit B3 is Hungry
Rabbit B3f ate
Rabbit B3 f is ready to mate
Lion A5m ate: C0m
Wolf B5f is running away from: LionA5
Wolf B5 is Hungry
Wolf B5f is chasing: A4f
Wolf B5f ate!
Wolf B1m is running away from: LionA2
Wolf B1 is Hungry
Wolf B1m is chasing: A3m
Wolf B1m ate!
Wolf B3m is running away from: LionA0
Wolf B3 is Hungry
Wolf B3m is chasing: A0m
Wolf B4m is running away from: LionA5
Wolf B4 is Hungry
Wolf B4m is chasing: A3m
Wolf C1m is running away from: LionA0
Wolf C1 is Hungry
Wolf C1m is chasing: A0m
Wolf C5m is running away from: LionA0
Wolf C5 is Hungry
Wolf C5m is chasing: B5m
Wolf C5m is running away from: LionA2
Wolf C5 is Hungry
Wolf C5m is chasing: A2m
Wolf C1m is running away from: LionC5
Wolf C1 is Hungry
Wolf C1m is chasing: A0m
Rabbit B4m is running away from: LionC5
Rabbit B4m is running away from: WolfB4
Rabbit B4 is Hungry
Rabbit B4m ate
Rabbit B4 m is ready to mate
Rabbit B4 m is approaching partner: Rabbit B1f
Rabbit C4f is running away from: LionA2
Rabbit C4f is running away from: WolfB1
Rabbit C4 is Hungry
Rabbit C4f ate
Rabbit C4 f is ready to mate
Rabbit A1m is running away from: LionA0
Rabbit A1m is running away from: WolfC5
Rabbit A1 is Hungry
Rabbit A1m ate
Rabbit A1 m is ready to mate
Rabbit A1 m is approaching partner: Rabbit A1f
Rabbit B1f is running away from: LionC5
Rabbit B1f is running away from: WolfB1
Rabbit B1 is Hungry
Rabbit B1f ate
Rabbit B1 f is ready to mate
Rabbit A3m is running away from: LionC5
Rabbit A3m is running away from: WolfB1
Rabbit A3 is Hungry
Rabbit A3m ate
Rabbit A3 m is ready to mate
Rabbit A3 m is approaching partner: Rabbit C4f
Rabbit A0m is running away from: LionC5
Rabbit A0m is running away from: WolfC1
Rabbit A0 is Hungry
Rabbit A0m ate
Rabbit A0 m is ready to mate
Rabbit A0 m is approaching partner: Rabbit B1f
Rabbit A3m is running away from: LionC5
Rabbit A3m is running away from: WolfB4
Rabbit A3 is Hungry
Rabbit A3m ate
Rabbit A3 m is ready to mate
Rabbit A3 m is approaching partner: Rabbit B1f
Rabbit B1m is running away from: LionA0
Rabbit B1m is running away from: WolfB3
Rabbit B1 is Hungry
Rabbit B1m ate
Rabbit B1 m is ready to mate
Rabbit B1 m is approaching partner: Rabbit A1f
Rabbit B1f is running away from: LionC5
Rabbit B1f is running away from: WolfB4
Rabbit B1 is Hungry
Rabbit B1 f is ready to mate
Rabbit A1f is running away from: LionA0
Rabbit A1f is running away from: WolfC5
Rabbit A1 is Hungry
Rabbit A1f ate
Rabbit A1 f is ready to mate
Rabbit A1f is running away from: LionA5
Rabbit A1f is running away from: WolfB4
Rabbit A1 is Hungry
Rabbit A1f ate
Rabbit A1 f is ready to mate
Rabbit C0m is running away from: LionA5
Rabbit C0m is running away from: WolfB5
Rabbit C0 is Hungry
Rabbit C0m ate
Rabbit C0 m is ready to mate
Rabbit C0 m is approaching partner: Rabbit A1f
Rabbit A1m is running away from: LionC5
Rabbit A1m is running away from: WolfB1
Rabbit A1 is Hungry
Rabbit A1 m is ready to mate
Rabbit A1 m is approaching partner: Rabbit B1f
Rabbit B1m is running away from: LionC5
Rabbit B1m is running away from: WolfB4
Rabbit B1 is Hungry
Rabbit B1 m is ready to mate
Rabbit B1 m is approaching partner: Rabbit B1f
Rabbit B5m is running away from: LionA0
Rabbit B5m is running away from: WolfC5
Rabbit B5 is Hungry
Rabbit B5m ate
Rabbit B5 m is ready to mate
Rabbit B5 m is approaching partner: Rabbit A1f
Rabbit A2m is running away from: LionA2
Rabbit A2m is running away from: WolfC5
Rabbit A2 is Hungry
Rabbit A2m ate
Rabbit A2 m is ready to mate
Rabbit A2 m is approaching partner: Rabbit C4f
Rabbit B1f is running away from: LionC5
Rabbit B1f is running away from: WolfB1
Rabbit B1 is Hungry
Rabbit B1 f is ready to mate
Rabbit B3f is running away from: LionA5
Rabbit B3f is running away from: WolfB5
Rabbit B3 is Hungry
Rabbit B3 f is ready to mate
Lion A5m ate: C0m
Wolf B5f is running away from: LionA5
Wolf B1m is running away from: LionA2
Wolf B3m is running away from: LionA0
Wolf B3 is Hungry
Wolf B3m is chasing: A0m
Wolf B4m is running away from: LionA5
Wolf B4 is Hungry
Wolf B4m is chasing: A3m
Wolf C1m is running away from: LionA0
Wolf C1 is Hungry
Wolf C1m is chasing: A0m
Wolf C5m is running away from: LionA0
Wolf C5 is Hungry
Wolf C5m is chasing: B5m
Wolf C5m is running away from: LionA2
Wolf C5 is Hungry
Wolf C5m is chasing: A2m
Wolf C1m is running away from: LionA2
Wolf C1 is Hungry
Wolf C1m is chasing: A0m
Rabbit B4m is running away from: LionC5
Rabbit B4m is running away from: WolfB1
Rabbit B4 is Hungry
Rabbit B4m ate
Rabbit B4 m is ready to mate
Rabbit B4 m is approaching partner: Rabbit B1f
Rabbit C4f is running away from: LionA2
Rabbit C4f is running away from: WolfC5
Rabbit C4 is Hungry
Rabbit C4f ate
Rabbit C4 f is ready to mate
Rabbit A1m is running away from: LionA0
Rabbit A1m is running away from: WolfC5
Rabbit A1 is Hungry
Rabbit A1 m is ready to mate
Rabbit A1 m is approaching partner: Rabbit A1f
Rabbit B1f is running away from: LionC5
Rabbit B1f is running away from: WolfB1
Rabbit B1 is Hungry
Rabbit B1f ate
Rabbit B1 f is ready to mate
Rabbit A3m is running away from: LionA2
Rabbit A3m is running away from: WolfB1
Rabbit A3 is Hungry
Rabbit A3m ate
Rabbit A3 m is ready to mate
Rabbit A3 m is approaching partner: Rabbit C4f
Rabbit A0m is running away from: LionC5
Rabbit A0m is running away from: WolfC1
Rabbit A0 is Hungry
Rabbit A0m ate
Rabbit A0 m is ready to mate
Rabbit A0 m is approaching partner: Rabbit B1f
Rabbit A3m is running away from: LionC5
Rabbit A3m is running away from: WolfB4
Rabbit A3 is Hungry
Rabbit A3m ate
Rabbit A3 m is ready to mate
Rabbit A3 m is approaching partner: Rabbit B1f
Rabbit B1m is running away from: LionA0
Rabbit B1m is running away from: WolfB3
Rabbit B1 is Hungry
Rabbit B1 m is ready to mate
Rabbit B1 m is approaching partner: Rabbit A1f
Rabbit B1f is running away from: LionC5
Rabbit B1f is running away from: WolfB4
Rabbit B1 is Hungry
Rabbit B1 f is ready to mate
Rabbit A1f is running away from: LionA0
Rabbit A1f is running away from: WolfC5
Rabbit A1 is Hungry
Rabbit A1 f is ready to mate
Rabbit A1f is running away from: LionA5
Rabbit A1f is running away from: WolfB4
Rabbit A1 is Hungry
Rabbit A1 f is ready to mate
Rabbit C0m is running away from: LionA5
Rabbit C0m is running away from: WolfB5
Rabbit C0 is Hungry
Rabbit C0m ate
Rabbit C0 m is ready to mate
Rabbit C0 m is approaching partner: Rabbit A1f
Rabbit A1m is running away from: LionC5
Rabbit A1m is running away from: WolfB1
Rabbit A1 is Hungry
Rabbit A1 m is ready to mate
Rabbit A1 m is approaching partner: Rabbit B1f
Rabbit B1m is running away from: LionC5
Rabbit B1m is running away from: WolfB1
Rabbit B1 is Hungry
Rabbit B1 m is ready to mate
Rabbit B1 m is approaching partner: Rabbit B1f
Rabbit B5m is running away from: LionA0
Rabbit B5m is running away from: WolfC5
Rabbit B5 is Hungry
Rabbit B5m ate
Rabbit B5 m is ready to mate
Rabbit B5 m is approaching partner: Rabbit A1f
Rabbit A2m is running away from: LionA2
Rabbit A2m is running away from: WolfC5
Rabbit A2 is Hungry
Rabbit A2m ate
Rabbit A2 m is ready to mate
Rabbit A2 m is approaching partner: Rabbit C4f
Rabbit B1f is running away from: LionC5
Rabbit B1f is running away from: WolfB1
Rabbit B1 is Hungry
Rabbit B1f ate
Rabbit B1 f is ready to mate
Rabbit B3f is running away from: LionA5
Rabbit B3f is running away from: WolfB5
Rabbit B3 is Hungry
Rabbit B3 f is ready to mate
Lion A5 is Hungry
LionA5fis chasing: B3f
Lion A0 is Hungry
LionA0fis chasing: C5m
Lion C5 is Hungry
LionC5fis chasing: B4m
Lion A2 is Hungry
LionA2fis chasing: C5m
Lion A5m ate: C0m
Wolf B5f is running away from: LionA5
Wolf B5 is Hungry
Wolf B5f is chasing: B3f
Wolf B1m is running away from: LionC5
Wolf B1 is Hungry
Wolf B1m is chasing: C4f
Wolf B3m is running away from: LionA0
Wolf B3 is Hungry
Wolf B3m is chasing: A0m
Wolf B4m is running away from: LionA5
Wolf B4 is Hungry
Wolf B4m is chasing: A3m
Wolf C1m is running away from: LionC5
Wolf C1 is Hungry
Wolf C1m is chasing: A0m
Wolf C5m is running away from: LionA0
Wolf C5 is Hungry
Wolf C5m is chasing: B5m
Wolf C5m is running away from: LionA2
Wolf C5 is Hungry
Wolf C5m is chasing: A2m
Wolf C5m ate!
Wolf C1m is running away from: LionC5
Wolf C1 is Hungry
Wolf C1m is chasing: A0m
Rabbit B4m is running away from: LionC5
Rabbit B4m is running away from: WolfB4
Rabbit B4 is Hungry
Rabbit B4m ate
Rabbit B4 m is ready to mate
Rabbit B4 m is approaching partner: Rabbit B1f
Rabbit C4f is running away from: LionA2
Rabbit C4f is running away from: WolfB1
Rabbit C4 is Hungry
Rabbit C4f ate
Rabbit C4 f is ready to mate
Rabbit A1m is running away from: LionA2
Rabbit A1m is running away from: WolfC5
Rabbit A1 is Hungry
Rabbit A1 m is ready to mate
Rabbit A1 m is approaching partner: Rabbit A1f
Rabbit B1f is running away from: LionC5
Rabbit B1f is running away from: WolfB1
Rabbit B1 is Hungry
Rabbit B1f ate
Rabbit B1 f is ready to mate
Rabbit A3m is running away from: LionA2
Rabbit A3m is running away from: WolfB1
Rabbit A3 is Hungry
Rabbit A3m ate
Rabbit A3 m is ready to mate
Rabbit A3 m is approaching partner: Rabbit C4f
Rabbit C2 m was born!Father is A3 and Mother is C4
Rabbit A0m is running away from: LionC5
Rabbit A0m is running away from: WolfC1
Rabbit A0 is Hungry
Rabbit A0m ate
Rabbit A0 m is ready to mate
Rabbit A0 m is approaching partner: Rabbit B1f
Rabbit A3m is running away from: LionA5
Rabbit A3m is running away from: WolfB4
Rabbit A3 is Hungry
Rabbit A3 m is ready to mate
Rabbit A3 m is approaching partner: Rabbit B1f
Rabbit B1m is running away from: LionA0
Rabbit B1m is running away from: WolfB3
Rabbit B1 is Hungry
Rabbit B1 m is ready to mate
Rabbit B1 m is approaching partner: Rabbit A1f
Rabbit B1f is running away from: LionA5
Rabbit B1f is running away from: WolfB4
Rabbit B1 is Hungry
Rabbit B1 f is ready to mate
Rabbit A1f is running away from: LionA2
Rabbit A1f is running away from: WolfC5
Rabbit A1 is Hungry
Rabbit A1 f is ready to mate
Rabbit A1f is running away from: LionA5
Rabbit A1f is running away from: WolfB4
Rabbit A1 is Hungry
Rabbit A1f ate
Rabbit A1 f is ready to mate
Rabbit C0m is running away from: LionA5
Rabbit C0m is running away from: WolfB5
Rabbit C0 is Hungry
Rabbit C0m ate
Rabbit C0 m is ready to mate
Rabbit C0 m is approaching partner: Rabbit A1f
Rabbit A1m is running away from: LionC5
Rabbit A1m is running away from: WolfB1
Rabbit A1 is Hungry
Rabbit A1 m is ready to mate
Rabbit A1 m is approaching partner: Rabbit B1f
Rabbit B1m is running away from: LionC5
Rabbit B1m is running away from: WolfB4
Rabbit B1 is Hungry
Rabbit B1 m is ready to mate
Rabbit B1 m is approaching partner: Rabbit B1f
Rabbit B5m is running away from: LionA0
Rabbit B5m is running away from: WolfC5
Rabbit B5 is Hungry
Rabbit B5m ate
Rabbit B5 m is ready to mate
Rabbit B5 m is approaching partner: Rabbit B1f
Rabbit B1f is running away from: LionC5
Rabbit B1f is running away from: WolfC1
Rabbit B1 is Hungry
Rabbit B1 f is ready to mate
Rabbit B3f is running away from: LionA5
Rabbit B3f is running away from: WolfB5
Rabbit B3 is Hungry
Rabbit B3 f is ready to mate
Lion A5 is Hungry
LionA5fis chasing: B3f
Lion A5f ate!
Lion A0 is Hungry
LionA0fis chasing: C5m
Lion C5 is Hungry
LionC5fis chasing: B1f
Lion A2 is Hungry
LionA2fis chasing: C5m
Wolf B5f is running away from: LionA5
Wolf B5 is Hungry
Wolf B5f is chasing: C0m
Wolf B1m is running away from: LionA2
Wolf B1 is Hungry
Wolf B1m is chasing: B5m
Wolf B3m is running away from: LionA0
Wolf B3 is Hungry
Wolf B3m is chasing: A0m
Wolf B4m is running away from: LionA5
Wolf B4 is Hungry
Wolf B4m is chasing: A3m
Wolf C1m is running away from: LionC5
Wolf C1 is Hungry
Wolf C1m is chasing: A0m
Wolf C5m is running away from: LionA0
Wolf C5 is Hungry
Wolf C5m is chasing: B5m
Wolf C5m is running away from: LionA2
Wolf C1m is running away from: LionC5
Wolf C1 is Hungry
Wolf C1m is chasing: A0m
Rabbit B4m is running away from: LionC5
Rabbit B4m is running away from: WolfB4
Rabbit B4 is Hungry
Rabbit B4 m is ready to mate
Rabbit B4 m is approaching partner: Rabbit B1f
Rabbit C4f is running away from: LionA2
Rabbit C4f is running away from: WolfC5
Rabbit C4 is Hungry
Rabbit A1m is running away from: LionA2
Rabbit A1m is running away from: WolfC5
Rabbit A1 is Hungry
Rabbit A1m ate
Rabbit A1 m is ready to mate
Rabbit A1 m is approaching partner: Rabbit A1f
Rabbit A5 f was born!Father is A1 and Mother is A1
Rabbit B1f is running away from: LionC5
Rabbit B1f is running away from: WolfB1
Rabbit B1 is Hungry
Rabbit B1f ate
Rabbit B1 f is ready to mate
Rabbit A3m is running away from: LionA2
Rabbit A3m is running away from: WolfC5
Rabbit A3 is Hungry
Rabbit A3m ate
Rabbit A3 m is ready to mate
Rabbit A3 m is approaching partner: Rabbit B1f
Rabbit A0m is running away from: LionC5
Rabbit A0m is running away from: WolfC1
Rabbit A0 is Hungry
Rabbit A0m ate
Rabbit A0 m is ready to mate
Rabbit A0 m is approaching partner: Rabbit B1f
Rabbit A3m is running away from: LionA5
Rabbit A3m is running away from: WolfB4
Rabbit A3 is Hungry
Rabbit A3 m is ready to mate
Rabbit A3 m is approaching partner: Rabbit B1f
Rabbit B1m is running away from: LionA0
Rabbit B1m is running away from: WolfB3
Rabbit B1 is Hungry
Rabbit B1 m is ready to mate
Rabbit B1 m is approaching partner: Rabbit B1f
Rabbit B1f is running away from: LionA5
Rabbit B1f is running away from: WolfB4
Rabbit B1 is Hungry
RabbitB1f died of hunger
Rabbit B1 f is ready to mate
Rabbit A1f is running away from: LionA2
Rabbit A1f is running away from: WolfC5
Rabbit A1 is Hungry
Rabbit A1f is running away from: LionC5
Rabbit A1f is running away from: WolfB5
Rabbit A1 is Hungry
Rabbit A1f ate
Rabbit A1 f is ready to mate
Rabbit C0m is running away from: LionA5
Rabbit C0m is running away from: WolfB4
Rabbit C0 is Hungry
Rabbit C0m ate
Rabbit C0 m is ready to mate
Rabbit C0 m is approaching partner: Rabbit A1f
Rabbit A1m is running away from: LionC5
Rabbit A1m is running away from: WolfB1
Rabbit A1 is Hungry
RabbitA1m died of hunger
Rabbit A1 m is ready to mate
Rabbit A1 m is approaching partner: Rabbit B1f
Rabbit B1m is running away from: LionC5
Rabbit B1m is running away from: WolfB4
Rabbit B1 is Hungry
RabbitB1m died of hunger
Rabbit B1 m is ready to mate
Rabbit B1 m is approaching partner: Rabbit B1f
Rabbit B5m is running away from: LionC5
Rabbit B5m is running away from: WolfB1
Rabbit B5 is Hungry
Rabbit B5m ate
Rabbit B5 m is ready to mate
Rabbit B5 m is approaching partner: Rabbit B1f
Rabbit B1f is running away from: LionC5
Rabbit B1f is running away from: WolfC1
Rabbit B1 is Hungry
Rabbit B1 f is ready to mate
Rabbit C2m is running away from: LionA2
Rabbit C2m is running away from: WolfB1
Rabbit C2 is Hungry
Rabbit C2m ate
Lion A0 is Hungry
LionA0fis chasing: A1f
Lion C5 is Hungry
LionC5fis chasing: B4m
Lion A2 is Hungry
LionA2fis chasing: C5m
Wolf B5f is running away from: LionA5
Wolf B5 is Hungry
Wolf B5f is chasing: C0m
Wolf B1m is running away from: LionC5
Wolf B1 is Hungry
Wolf B1m is chasing: B5m
Wolf B1m ate!
Wolf B3m is running away from: LionC5
Wolf B3 is Hungry
Wolf B3m is chasing: A0m
Wolf B4m is running away from: LionA5
Wolf B4 is Hungry
Wolf B4m is chasing: A3m
Wolf C1m is running away from: LionC5
Wolf C1 is Hungry
Wolf C1m is chasing: A0m
Wolf C5m is running away from: LionA0
Wolf C5 is Hungry
Wolf C5m is chasing: C2m
Wolf C5m is running away from: LionA2
Wolf C5 is Hungry
Wolf C5m is chasing: C4f
Wolf C1m is running away from: LionC5
Wolf C1 is Hungry
Wolf C1m is chasing: A0m
Rabbit B4m is running away from: LionC5
Rabbit B4m is running away from: WolfB1
Rabbit B4 is Hungry
Rabbit B4m ate
Rabbit B4 m is ready to mate
Rabbit B4 m is approaching partner: Rabbit B1f
Rabbit A2 f was born!Father is B4 and Mother is B1
Rabbit C4f is running away from: LionA2
Rabbit C4f is running away from: WolfC5
Rabbit C4 is Hungry
Rabbit C4f ate
Rabbit A1m is running away from: LionA2
Rabbit A1m is running away from: WolfC5
Rabbit A1 is Hungry
Rabbit A1m ate
Rabbit A1 m is ready to mate
Rabbit A1 m is approaching partner: Rabbit B1f
Rabbit B1f is running away from: LionC5
Rabbit B1f is running away from: WolfB1
Rabbit B1 is Hungry
Rabbit B1f ate
Rabbit B1 f is ready to mate
Rabbit A3m is running away from: LionA2
Rabbit A3m is running away from: WolfC5
Rabbit A3 is Hungry
Rabbit A3m ate
Rabbit A3 m is ready to mate
Rabbit A3 m is approaching partner: Rabbit B1f
Rabbit A0m is running away from: LionC5
Rabbit A0m is running away from: WolfB3
Rabbit A0 is Hungry
Rabbit A0m ate
Rabbit A0 m is ready to mate
Rabbit A0 m is approaching partner: Rabbit B1f
Rabbit A3m is running away from: LionA5
Rabbit A3m is running away from: WolfB4
Rabbit A3 is Hungry
Rabbit A3 m is ready to mate
Rabbit A3 m is approaching partner: Rabbit A1f
Rabbit B1m is running away from: LionA0
Rabbit B1m is running away from: WolfB3
Rabbit B1 is Hungry
RabbitB1m died of hunger
Rabbit B1 m is ready to mate
Rabbit B1 m is approaching partner: Rabbit B1f
Rabbit A1f is running away from: LionA0
Rabbit A1f is running away from: WolfC5
Rabbit A1 is Hungry
RabbitA1f died of hunger
Rabbit A1f is running away from: LionC5
Rabbit A1f is running away from: WolfB5
Rabbit A1 is Hungry
Rabbit A1f ate
Rabbit A1 f is ready to mate
Rabbit C0m is running away from: LionA5
Rabbit C0m is running away from: WolfB4
Rabbit C0 is Hungry
Rabbit C0m ate
Rabbit C0 m is ready to mate
Rabbit C0 m is approaching partner: Rabbit A1f
Rabbit B1f is running away from: LionC5
Rabbit B1f is running away from: WolfB3
Rabbit B1 is Hungry
Rabbit B1f ate
Rabbit C2m is running away from: LionA2
Rabbit C2m is running away from: WolfC5
Rabbit C2 is Hungry
Rabbit C2m ate
Rabbit C2 m is ready to mate
Rabbit C2 m is approaching partner: Rabbit B1f
Rabbit A5f is running away from: LionA2
Rabbit A5f is running away from: WolfC5
Rabbit A5 is Hungry
Rabbit A5f ate
Lion A0 is Hungry
LionA0fis chasing: A1m
Lion C5 is Hungry
LionC5fis chasing: B4m
Lion A2 is Hungry
LionA2fis chasing: C5m
Lion A5 is Hungry
LionA5mis chasing: C0m
Wolf B5f is running away from: LionA5
Wolf B5 is Hungry
Wolf B5f is chasing: C0m
Wolf B1m is running away from: LionA2
Wolf B3m is running away from: LionC5
Wolf B3 is Hungry
WolfB3m died of hunger
Wolf B3m is chasing: A0m
Wolf B4m is running away from: LionA5
Wolf B4m ate!
Wolf C1m is running away from: LionC5
Wolf C1 is Hungry
WolfC1m died of hunger
Wolf C1m is chasing: A0m
Wolf C5m is running away from: LionA2
Wolf C5 is Hungry
WolfC5m died of hunger
Wolf C5m is chasing: C2m
Wolf C5m is running away from: LionA2
Wolf C5 is Hungry
Wolf C5m is chasing: C4f
Wolf C1m is running away from: LionC5
Wolf C1 is Hungry
WolfC1m died of hunger
Wolf C1m is chasing: A0m
Rabbit B4m is running away from: LionC5
Rabbit B4m is running away from: WolfB1
Rabbit B4 is Hungry
Rabbit B4 m is ready to mate
Rabbit B4 m is approaching partner: Rabbit B1f
Rabbit C4f is running away from: LionA2
Rabbit C4f is running away from: WolfC5
Rabbit C4 is Hungry
Rabbit C4 f is ready to mate
Rabbit A1m is running away from: LionA2
Rabbit A1m is running away from: WolfC5
Rabbit A1 is Hungry
Rabbit A1m ate
Rabbit A1 m is ready to mate
Rabbit A1 m is approaching partner: Rabbit C4f
Rabbit B1f is running away from: LionC5
Rabbit B1f is running away from: WolfC5
Rabbit B1 is Hungry
Rabbit B1 f is ready to mate
Rabbit A3m is running away from: LionC5
Rabbit A3m is running away from: WolfC5
Rabbit A3 is Hungry
Rabbit A3 m is ready to mate
Rabbit A3 m is approaching partner: Rabbit B1f
Rabbit A0m is running away from: LionC5
Rabbit A0m is running away from: WolfB1
Rabbit A0 is Hungry
Rabbit A0m ate
Rabbit A0 m is ready to mate
Rabbit A0 m is approaching partner: Rabbit B1f
Rabbit A1f is running away from: LionC5
Rabbit A1f is running away from: WolfB4
Rabbit A1 is Hungry
Rabbit A1f ate
Rabbit A1 f is ready to mate
Rabbit C0m is running away from: LionA5
Rabbit C0m is running away from: WolfB4
Rabbit C0 is Hungry
Rabbit C0m ate
Rabbit C0 m is ready to mate
Rabbit C0 m is approaching partner: Rabbit A1f
Rabbit B1f is running away from: LionC5
Rabbit B1f is running away from: WolfB1
Rabbit B1 is Hungry
Rabbit C2m is running away from: LionA2
Rabbit C2m is running away from: WolfC5
Rabbit C2 is Hungry
Rabbit C2m ate
Rabbit C2 m is ready to mate
Rabbit C2 m is approaching partner: Rabbit C4f
Rabbit A5f is running away from: LionA2
Rabbit A5f is running away from: WolfC5
Rabbit A5 is Hungry
Rabbit A2f is running away from: LionC5
Rabbit A2f is running away from: WolfB1
Rabbit A2 is Hungry
Lion A5 is Hungry
LionA5fis chasing: B5f
Lion A0 is Hungry
LionA0fis chasing: A1m
Lion C5 is Hungry
LionC5fis chasing: B4m
Lion A2 is Hungry
LionA2fis chasing: C5m
Lion A5 is Hungry
LionA5mis chasing: C0m
Wolf B5f is running away from: LionA5
Wolf B5 is Hungry
Wolf B5f is chasing: C0m
Wolf B5 f is ready to mate
Wolf B1m is running away from: LionA2
Wolf B1 is Hungry
Wolf B1m is chasing: C2m
Wolf B1 m is ready to mate
Wolf B4m is running away from: LionA5
Wolf B4 m is ready to mate
Wolf C5m is running away from: LionA2
Wolf C5 is Hungry
Wolf C5m is chasing: C2m
Wolf C5 m is ready to mate
Rabbit B4m is running away from: LionC5
Rabbit B4m is running away from: WolfB4
Rabbit B4 is Hungry
Rabbit B4m ate
Rabbit B4 m is ready to mate
Rabbit B4 m is approaching partner: Rabbit B1f
Rabbit C4f is running away from: LionC5
Rabbit C4f is running away from: WolfC5
Rabbit C4 is Hungry
Rabbit C4f ate
Rabbit C4 f is ready to mate
Rabbit A1m is running away from: LionA0
Rabbit A1m is running away from: WolfB1
Rabbit A1 is Hungry
Rabbit A1 m is ready to mate
Rabbit A1 m is approaching partner: Rabbit C4f
Rabbit B1f is running away from: LionC5
Rabbit B1f is running away from: WolfC5
Rabbit B1 is Hungry
Rabbit B1f ate
Rabbit B1 f is ready to mate
Rabbit A3m is running away from: LionC5
Rabbit A3m is running away from: WolfC5
Rabbit A3 is Hungry
Rabbit A3 m is ready to mate
Rabbit A3 m is approaching partner: Rabbit B1f
Rabbit A0m is running away from: LionC5
Rabbit A0m is running away from: WolfB1
Rabbit A0 is Hungry
Rabbit A0m ate
Rabbit A0 m is ready to mate
Rabbit A0 m is approaching partner: Rabbit B1f
Rabbit A1f is running away from: LionA5
Rabbit A1f is running away from: WolfB5
Rabbit A1 is Hungry
Rabbit A1f ate
Rabbit A1 f is ready to mate
Rabbit C0m is running away from: LionA5
Rabbit C0m is running away from: WolfB5
Rabbit C0 is Hungry
Rabbit C0m ate
Rabbit C0 m is ready to mate
Rabbit C0 m is approaching partner: Rabbit A1f
Rabbit B1f is running away from: LionC5
Rabbit B1f is running away from: WolfB1
Rabbit B1 is Hungry
Rabbit C2m is running away from: LionC5
Rabbit C2m is running away from: WolfC5
Rabbit C2 is Hungry
Rabbit C2m ate
Rabbit C2 m is ready to mate
Rabbit C2 m is approaching partner: Rabbit B1f
Rabbit A5f is running away from: LionA2
Rabbit A5f is running away from: WolfB1
Rabbit A5 is Hungry
Rabbit A5 f is ready to mate
Rabbit A2f is running away from: LionC5
Rabbit A2f is running away from: WolfB4
Rabbit A2 is Hungry
Lion A5 is Hungry
LionA5fis chasing: B5f
Lion A0 is Hungry
LionA0fis chasing: A5f
Lion C5 is Hungry
LionC5fis chasing: B1f
Lion A2 is Hungry
LionA2fis chasing: C5m
Lion A5 is Hungry
LionA5mis chasing: C0m
Wolf B5f is running away from: LionA5
Wolf B5 is Hungry
WolfB5f died of hunger
Wolf B5f is chasing: C0m
Wolf B5 f is ready to mate
Wolf B1m is running away from: LionA2
Wolf B1 is Hungry
Wolf B1m is chasing: C2m
Wolf B1 m is ready to mate
No Female Wolf Partner or Female Wolf Partner not ready yet!
Wolf B4m is running away from: LionA5
Wolf B4 is Hungry
Wolf B4m is chasing: C0m
Wolf B4 m is ready to mate
No Female Wolf Partner or Female Wolf Partner not ready yet!
Wolf C5m is running away from: LionA2
Wolf C5 is Hungry
Wolf C5m is chasing: C4f
Wolf C5m ate!
Wolf C5 m is ready to mate
No Female Wolf Partner or Female Wolf Partner not ready yet!
Rabbit B4m is running away from: LionC5
Rabbit B4m is running away from: WolfC5
Rabbit B4 is Hungry
Rabbit B4 m is ready to mate
Rabbit B4 m is approaching partner: Rabbit B1f
Rabbit A1m is running away from: LionA2
Rabbit A1m is running away from: WolfB1
Rabbit A1 is Hungry
Rabbit A1 m is ready to mate
Rabbit A1 m is approaching partner: Rabbit A5f
Rabbit B1f is running away from: LionC5
Rabbit B1f is running away from: WolfC5
Rabbit B1 is Hungry
Rabbit B1 f is ready to mate
Rabbit A3m is running away from: LionC5
Rabbit A3m is running away from: WolfC5
Rabbit A3 is Hungry
Rabbit A3 m is ready to mate
Rabbit A3 m is approaching partner: Rabbit B1f
Rabbit A0m is running away from: LionC5
Rabbit A0m is running away from: WolfB1
Rabbit A0 is Hungry
Rabbit A0m ate
Rabbit A0 m is ready to mate
Rabbit A0 m is approaching partner: Rabbit B1f
Rabbit A1f is running away from: LionA5
Rabbit A1f is running away from: WolfB4
Rabbit A1 is Hungry
Rabbit A1f ate
Rabbit A1 f is ready to mate
Rabbit C0m is running away from: LionA5
Rabbit C0m is running away from: WolfB4
Rabbit C0 is Hungry
Rabbit C0m ate
Rabbit C0 m is ready to mate
Rabbit C0 m is approaching partner: Rabbit A1f
Rabbit B1f is running away from: LionC5
Rabbit B1f is running away from: WolfB1
Rabbit B1 is Hungry
Rabbit B1 f is ready to mate
Rabbit C2m is running away from: LionC5
Rabbit C2m is running away from: WolfB1
Rabbit C2 is Hungry
Rabbit C2m ate
Rabbit C2 m is ready to mate
Rabbit C2 m is approaching partner: Rabbit B1f
Rabbit A5f is running away from: LionA0
Rabbit A5f is running away from: WolfB1
Rabbit A5 is Hungry
Rabbit A5 f is ready to mate
Rabbit A2f is running away from: LionC5
Rabbit A2f is running away from: WolfB4
Rabbit A2 is Hungry
Rabbit A2 f is ready to mate
Lion A5 is Hungry
LionA5fis chasing: A1f
Lion A0 is Hungry
LionA0fis chasing: A1m
Lion C5 is Hungry
LionC5fis chasing: B1f
Lion A2 is Hungry
LionA2fis chasing: C5m
Lion A5 is Hungry
LionA5mis chasing: C0m
Wolf B1m is running away from: LionA2
Wolf B1 is Hungry
Wolf B1m is chasing: C2m
Wolf B1 is Thirsty
Wolf B1drank water
Wolf B1 m is ready to mate
No Female Wolf Partner or Female Wolf Partner not ready yet!
Wolf B4m is running away from: LionA5
Wolf B4 is Hungry
Wolf B4m is chasing: C0m
Wolf B4 is Thirsty
Wolf B4drank water
Wolf B4 m is ready to mate
No Female Wolf Partner or Female Wolf Partner not ready yet!
Wolf C5m is running away from: LionA2
Wolf C5 is Thirsty
Wolf C5drank water
Wolf C5 m is ready to mate
No Female Wolf Partner or Female Wolf Partner not ready yet!
Rabbit B4 is Thirsty
Rabbit B4 drank water
Rabbit B4m is running away from: LionC5
Rabbit B4m is running away from: WolfC5
Rabbit B4 is Hungry
Rabbit B4 m is ready to mate
Rabbit B4 m is approaching partner: Rabbit A2f
Rabbit A1 is Thirsty
Rabbit A1 drank water
Rabbit A1m is running away from: LionA0
Rabbit A1m is running away from: WolfB1
Rabbit A1 is Hungry
Rabbit A1m ate
Rabbit A1 m is ready to mate
Rabbit A1 m is approaching partner: Rabbit A5f
Rabbit B1 is Thirsty
Rabbit B1 drank water
Rabbit B1f is running away from: LionC5
Rabbit B1f is running away from: WolfC5
Rabbit B1 is Hungry
Rabbit B1f ate
Rabbit B1 f is ready to mate
Rabbit A3 is Thirsty
Rabbit A3 drank water
Rabbit A3m is running away from: LionC5
Rabbit A3m is running away from: WolfC5
Rabbit A3 is Hungry
RabbitA3m died of hunger
Rabbit A3 m is ready to mate
Rabbit A3 m is approaching partner: Rabbit B1f
Rabbit A0 is Thirsty
Rabbit A0 drank water
Rabbit A0m is running away from: LionC5
Rabbit A0m is running away from: WolfB1
Rabbit A0 is Hungry
Rabbit A0m ate
Rabbit A0 m is ready to mate
Rabbit A0 m is approaching partner: Rabbit B1f
Rabbit A1 is Thirsty
Rabbit A1 drank water
Rabbit A1f is running away from: LionA5
Rabbit A1f is running away from: WolfC5
Rabbit A1 is Hungry
Rabbit A1f ate
Rabbit A1 f is ready to mate
Rabbit C0 is Thirsty
Rabbit C0 drank water
Rabbit C0m is running away from: LionA5
Rabbit C0m is running away from: WolfB4
Rabbit C0 is Hungry
Rabbit C0m ate
Rabbit C0 m is ready to mate
Rabbit C0 m is approaching partner: Rabbit A1f
Rabbit B1 is Thirsty
Rabbit B1 drank water
Rabbit B1f is running away from: LionC5
Rabbit B1f is running away from: WolfC5
Rabbit B1 is Hungry
RabbitB1f died of hunger
Rabbit B1 f is ready to mate
Rabbit C2m is running away from: LionA2
Rabbit C2m is running away from: WolfB1
Rabbit C2 is Hungry
Rabbit C2m ate
Rabbit C2 m is ready to mate
Rabbit C2 m is approaching partner: Rabbit B1f
Rabbit A4 m was born!Father is C2 and Mother is B1
Rabbit A5f is running away from: LionA0
Rabbit A5f is running away from: WolfB1
Rabbit A5 is Hungry
RabbitA5f died of hunger
Rabbit A5 f is ready to mate
Rabbit A2f is running away from: LionC5
Rabbit A2f is running away from: WolfC5
Rabbit A2 is Hungry
RabbitA2f died of hunger
Rabbit A2 f is ready to mate
Lion A5 is Thirsty
Lion A5 drank water
Lion A5 is Hungry
LionA5fis chasing: A1f
Lion A5 f is ready to mate
Lion A0 is Thirsty
Lion A0 drank water
Lion A0 is Hungry
LionA0f died of hunger
LionA0fis chasing: A1m
Lion A0 f is ready to mate
Lion C5 is Thirsty
Lion C5 drank water
Lion C5 is Hungry
LionC5f died of hunger
LionC5fis chasing: B1f
Lion C5 f is ready to mate
Lion A2 is Thirsty
Lion A2 drank water
Lion A2 is Hungry
LionA2f died of hunger
LionA2fis chasing: C5m
Lion A2 f is ready to mate
Lion A5 is Thirsty
Lion A5 drank water
Lion A5 is Hungry
LionA5mis chasing: C0m
Lion A5 m is ready to mate
Wolf B1m is running away from: LionA5
Wolf B1 is Hungry
Wolf B1m is chasing: A4m
Wolf B1 is Thirsty
Wolf B1drank water
Wolf B1 m is ready to mate
No Female Wolf Partner or Female Wolf Partner not ready yet!
Wolf B4m is running away from: LionA5
Wolf B4 is Hungry
Wolf B4m is chasing: C0m
Wolf B4 is Thirsty
Wolf B4drank water
Wolf B4 m is ready to mate
No Female Wolf Partner or Female Wolf Partner not ready yet!
Wolf C5m is running away from: LionA5
Wolf C5 is Hungry
Wolf C5m is chasing: C2m
Wolf C5 is Thirsty
Wolf C5drank water
Wolf C5 m is ready to mate
No Female Wolf Partner or Female Wolf Partner not ready yet!
Rabbit B4 is Thirsty
Rabbit B4 drank water
Rabbit B4m is running away from: LionA5
Rabbit B4m is running away from: WolfC5
Rabbit B4 is Hungry
Rabbit B4m ate
Rabbit B4 m is ready to mate
Rabbit B4 m is approaching partner: Rabbit A1f
Rabbit A1 is Thirsty
Rabbit A1 drank water
Rabbit A1m is running away from: LionA5
Rabbit A1m is running away from: WolfB1
Rabbit A1 is Hungry
Rabbit A1m ate
Rabbit A1 m is ready to mate
Rabbit A1 m is approaching partner: Rabbit A1f
Rabbit B1 is Thirsty
Rabbit B1 drank water
Rabbit B1f is running away from: LionA5
Rabbit B1f is running away from: WolfC5
Rabbit B1 is Hungry
Rabbit B1f ate
Rabbit A0 is Thirsty
Rabbit A0 drank water
Rabbit A0m is running away from: LionA5
Rabbit A0m is running away from: WolfC5
Rabbit A0 is Hungry
Rabbit A0 m is ready to mate
Rabbit A0 m is approaching partner: Rabbit A1f
Rabbit A1 is Thirsty
Rabbit A1 drank water
Rabbit A1f is running away from: LionA5
Rabbit A1f is running away from: WolfB4
Rabbit A1 is Hungry
Rabbit A1 f is ready to mate
Rabbit C0 is Thirsty
Rabbit C0 drank water
Rabbit C0m is running away from: LionA5
Rabbit C0m is running away from: WolfB4
Rabbit C0 is Hungry
Rabbit C0m ate
Rabbit C0 m is ready to mate
Rabbit C0 m is approaching partner: Rabbit A1f
Rabbit C2m is running away from: LionA5
Rabbit C2m is running away from: WolfC5
Rabbit C2 is Hungry
Rabbit C2m ate
Rabbit C2 m is ready to mate
Rabbit C2 m is approaching partner: Rabbit A1f
Rabbit A4m is running away from: LionA5
Rabbit A4m is running away from: WolfB1
Rabbit A4 is Hungry
Rabbit A4m ate
Lion A5 is Thirsty
Lion A5 drank water
Lion A5 is Hungry
LionA5fis chasing: A1f
Lion A5 f is ready to mate
Lion A5 is Thirsty
Lion A5 drank water
Lion A5 is Hungry
LionA5mis chasing: C0m
Lion A5 m is ready to mate
Wolf B1m is running away from: LionA5
Wolf B1 is Hungry
Wolf B1m is chasing: C2m
Wolf B1 is Thirsty
Wolf B1drank water
Wolf B1 m is ready to mate
No Female Wolf Partner or Female Wolf Partner not ready yet!
Wolf B4m is running away from: LionA5
Wolf B4 is Hungry
Wolf B4m is chasing: C0m
Wolf B4 is Thirsty
Wolf B4drank water
Wolf B4 m is ready to mate
No Female Wolf Partner or Female Wolf Partner not ready yet!
Wolf C5m is running away from: LionA5
Wolf C5m ate!
Wolf C5 is Thirsty
Wolf C5drank water
Wolf C5 m is ready to mate
No Female Wolf Partner or Female Wolf Partner not ready yet!
Rabbit B4 is Thirsty
Rabbit B4 drank water
Rabbit B4m is running away from: LionA5
Rabbit B4m is running away from: WolfC5
Rabbit B4 is Hungry
Rabbit B4 m is ready to mate
Rabbit B4 m is approaching partner: Rabbit A1f
Rabbit A1 is Thirsty
Rabbit A1 drank water
Rabbit A1m is running away from: LionA5
Rabbit A1m is running away from: WolfB1
Rabbit A1 is Hungry
Rabbit A1m ate
Rabbit A1 m is ready to mate
Rabbit A1 m is approaching partner: Rabbit A1f
Rabbit B1 is Thirsty
Rabbit B1 drank water
Rabbit B1f is running away from: LionA5
Rabbit B1f is running away from: WolfC5
Rabbit B1 is Hungry
Rabbit B1f ate
Rabbit A0 is Thirsty
Rabbit A0 drank water
Rabbit A0m is running away from: LionA5
Rabbit A0m is running away from: WolfC5
Rabbit A0 is Hungry
Rabbit A0 m is ready to mate
Rabbit A0 m is approaching partner: Rabbit A1f
Rabbit A1 is Thirsty
Rabbit A1 drank water
Rabbit A1f is running away from: LionA5
Rabbit A1f is running away from: WolfB4
Rabbit A1 is Hungry
Rabbit A1f ate
Rabbit A1 f is ready to mate
Rabbit C0 is Thirsty
Rabbit C0 drank water
Rabbit C0m is running away from: LionA5
Rabbit C0m is running away from: WolfB4
Rabbit C0 is Hungry
Rabbit C0m ate
Rabbit C0 m is ready to mate
Rabbit C0 m is approaching partner: Rabbit A1f
Rabbit A5 m was born!Father is C0 and Mother is A1
Rabbit C2m is running away from: LionA5
Rabbit C2m is running away from: WolfC5
Rabbit C2 is Hungry
Rabbit C2m ate
Rabbit C2 m is ready to mate
Not enough female Rabbits or Female Rabbit partners are not ready yet!
Lion A5 is Hungry
LionA5fis chasing: A5m
Lion A5 f is ready to mate
Lion A5 is Thirsty
Lion A5 drank water
Lion A5 is Hungry
LionA5mis chasing: A5m
Lion A5 m is ready to mate
Wolf B1m is running away from: LionA5
Wolf B1 is Hungry
WolfB1m died of hunger
Wolf B1m is chasing: C2m
Wolf B1 is Thirsty
Wolf B1drank water
Wolf B1 m is ready to mate
No Female Wolf Partner or Female Wolf Partner not ready yet!
Wolf B4m is running away from: LionA5
Wolf B4 is Hungry
Wolf B4m is chasing: B4m
Wolf B4 is Thirsty
Wolf B4drank water
Wolf B4 m is ready to mate
No Female Wolf Partner or Female Wolf Partner not ready yet!
Wolf C5m is running away from: LionA5
Wolf C5 is Thirsty
Wolf C5drank water
Wolf C5 m is ready to mate
No Female Wolf Partner or Female Wolf Partner not ready yet!
Rabbit B4 is Thirsty
Rabbit B4 drank water
Rabbit B4m is running away from: LionA5
Rabbit B4m is running away from: WolfC5
Rabbit B4 is Hungry
Rabbit B4 m is ready to mate
Not enough female Rabbits or Female Rabbit partners are not ready yet!
Rabbit A1 is Thirsty
Rabbit A1 drank water
Rabbit A1m is running away from: LionA5
Rabbit A1m is running away from: WolfC5
Rabbit A1 is Hungry
Rabbit A1m ate
Rabbit A1 m is ready to mate
Not enough female Rabbits or Female Rabbit partners are not ready yet!
Rabbit B1 is Thirsty
Rabbit B1 drank water
Rabbit B1f is running away from: LionA5
Rabbit B1f is running away from: WolfC5
Rabbit B1 is Hungry
Rabbit A0 is Thirsty
Rabbit A0 drank water
Rabbit A0m is running away from: LionA5
Rabbit A0m is running away from: WolfC5
Rabbit A0 is Hungry
Rabbit A0 m is ready to mate
Not enough female Rabbits or Female Rabbit partners are not ready yet!
Rabbit A1 is Thirsty
Rabbit A1 drank water
Rabbit A1f is running away from: LionA5
Rabbit A1f is running away from: WolfC5
Rabbit A1 is Hungry
Rabbit A1f ate
Rabbit C0 is Thirsty
Rabbit C0 drank water
Rabbit C0m is running away from: LionA5
Rabbit C0m is running away from: WolfB4
Rabbit C0 is Hungry
Rabbit C0m ate
Rabbit C0 m is ready to mate
Not enough female Rabbits or Female Rabbit partners are not ready yet!
Rabbit C2m is running away from: LionA5
Rabbit C2m is running away from: WolfC5
Rabbit C2 is Hungry
Rabbit C2m ate
Rabbit C2 m is ready to mate
Not enough female Rabbits or Female Rabbit partners are not ready yet!
Rabbit A5m is running away from: LionA5
Rabbit A5m is running away from: WolfC5
Rabbit A5 is Hungry
Lion A5 is Hungry
LionA5fis chasing: A1f
Lion A5 f is ready to mate
Lion A5 is Thirsty
Lion A5 drank water
Lion A5 is Hungry
LionA5m died of hunger
LionA5mis chasing: A1f
Lion A5 m is ready to mate
Wolf B4m is running away from: LionA5
Wolf B4 is Hungry
WolfB4m died of hunger
Wolf B4m is chasing: B4m
Wolf B4 is Thirsty
Wolf B4drank water
Wolf B4 m is ready to mate
No Female Wolf Partner or Female Wolf Partner not ready yet!
Wolf C5m is running away from: LionA5
Wolf C5 is Hungry
Wolf C5m is chasing: B1f
Wolf C5 is Thirsty
Wolf C5drank water
Wolf C5 m is ready to mate
No Female Wolf Partner or Female Wolf Partner not ready yet!
Rabbit B4 is Thirsty
Rabbit B4 drank water
Rabbit B4m is running away from: LionA5
Rabbit B4m is running away from: WolfC5
Rabbit B4 is Hungry
Rabbit B4 m is ready to mate
Not enough female Rabbits or Female Rabbit partners are not ready yet!
Rabbit A1 is Thirsty
Rabbit A1 drank water
Rabbit A1m is running away from: LionA5
Rabbit A1m is running away from: WolfC5
Rabbit A1 is Hungry
Rabbit A1m ate
Rabbit A1 m is ready to mate
Not enough female Rabbits or Female Rabbit partners are not ready yet!
Rabbit B1 is Thirsty
Rabbit B1 drank water
Rabbit B1f is running away from: LionA5
Rabbit B1f is running away from: WolfC5
Rabbit B1 is Hungry
Rabbit B1 f is ready to mate
Rabbit A0 is Thirsty
Rabbit A0 drank water
Rabbit A0m is running away from: LionA5
Rabbit A0m is running away from: WolfC5
Rabbit A0 is Hungry
RabbitA0m died of hunger
Rabbit A0 m is ready to mate
Rabbit A0 m is approaching partner: Rabbit B1f
Rabbit A1 is Thirsty
Rabbit A1 drank water
Rabbit A1f is running away from: LionA5
Rabbit A1f is running away from: WolfC5
Rabbit A1 is Hungry
Rabbit A1f ate
Rabbit C0 is Thirsty
Rabbit C0 drank water
Rabbit C0m is running away from: LionA5
Rabbit C0m is running away from: WolfC5
Rabbit C0 is Hungry
Rabbit C0m ate
Rabbit C0 m is ready to mate
Rabbit C0 m is approaching partner: Rabbit B1f
Rabbit C2 is Thirsty
Rabbit C2 drank water
Rabbit C2m is running away from: LionA5
Rabbit C2m is running away from: WolfC5
Rabbit C2 is Hungry
Rabbit C2m ate
Rabbit C2 m is ready to mate
Rabbit C2 m is approaching partner: Rabbit B1f
Rabbit A5m is running away from: LionA5
Rabbit A5m is running away from: WolfC5
Rabbit A5 is Hungry
Rabbit A5m ate
Lion A5 is Hungry
LionA5f died of hunger
LionA5fis chasing: A1f
Lion A5 f is ready to mate
Wolf C5 is Hungry
Wolf C5m is chasing: B1f
Wolf C5 is Thirsty
Wolf C5drank water
Wolf C5 m is ready to mate
No Female Wolf Partner or Female Wolf Partner not ready yet!
Rabbit B4 is Thirsty
Rabbit B4 drank water
Rabbit B4m is running away from: WolfC5
Rabbit B4 is Hungry
RabbitB4m died of hunger
Rabbit B4 m is ready to mate
Rabbit B4 m is approaching partner: Rabbit B1f
Rabbit A1 is Thirsty
Rabbit A1 drank water
Rabbit A1m is running away from: WolfC5
Rabbit A1 is Hungry
Rabbit A1 m is ready to mate
Rabbit A1 m is approaching partner: Rabbit B1f
Rabbit B1 is Thirsty
Rabbit B1 drank water
Rabbit B1f is running away from: WolfC5
Rabbit B1 is Hungry
Rabbit B1 f is ready to mate
Rabbit A1 is Thirsty
Rabbit A1 drank water
Rabbit A1f is running away from: WolfC5
Rabbit A1 is Hungry
Rabbit A1f ate
Rabbit C0 is Thirsty
Rabbit C0 drank water
Rabbit C0m is running away from: WolfC5
Rabbit C0 is Hungry
Rabbit C0 m is ready to mate
Rabbit C0 m is approaching partner: Rabbit B1f
Rabbit C2 is Thirsty
Rabbit C2 drank water
Rabbit C2m is running away from: WolfC5
Rabbit C2 is Hungry
Rabbit C2m ate
Rabbit C2 m is ready to mate
Rabbit C2 m is approaching partner: Rabbit B1f
Rabbit A5m is running away from: WolfC5
Rabbit A5 is Hungry
Wolf C5 is Hungry
Wolf C5m is chasing: B1f
Wolf C5 m is ready to mate
No Female Wolf Partner or Female Wolf Partner not ready yet!
Rabbit A1 is Thirsty
Rabbit A1 drank water
Rabbit A1m is running away from: WolfC5
Rabbit A1 is Hungry
Rabbit A1m ate
Rabbit A1 m is ready to mate
Rabbit A1 m is approaching partner: Rabbit B1f
Rabbit B1 is Thirsty
Rabbit B1 drank water
Rabbit B1f is running away from: WolfC5
Rabbit B1 is Hungry
RabbitB1f died of hunger
Rabbit B1 f is ready to mate
Rabbit A1 is Thirsty
Rabbit A1 drank water
Rabbit A1f is running away from: WolfC5
Rabbit A1 is Hungry
Rabbit A1f ate
Rabbit C0 is Thirsty
Rabbit C0 drank water
Rabbit C0m is running away from: WolfC5
Rabbit C0 is Hungry
Rabbit C0m ate
Rabbit C0 m is ready to mate
Not enough female Rabbits or Female Rabbit partners are not ready yet!
Rabbit C2m is running away from: WolfC5
Rabbit C2 is Hungry
Rabbit C2 m is ready to mate
Not enough female Rabbits or Female Rabbit partners are not ready yet!
Rabbit A5m is running away from: WolfC5
Rabbit A5 is Hungry
Wolf C5 is Hungry
Wolf C5m is chasing: A5m
Wolf C5 m is ready to mate
No Female Wolf Partner or Female Wolf Partner not ready yet!
Rabbit A1m is running away from: WolfC5
Rabbit A1 is Hungry
Rabbit A1 m is ready to mate
Not enough female Rabbits or Female Rabbit partners are not ready yet!
Rabbit A1 is Thirsty
Rabbit A1 drank water
Rabbit A1f is running away from: WolfC5
Rabbit A1 is Hungry
Rabbit A1f ate
Rabbit A1 f is ready to mate
Rabbit C0 is Thirsty
Rabbit C0 drank water
Rabbit C0m is running away from: WolfC5
Rabbit C0 is Hungry
Rabbit C0 m is ready to mate
Rabbit C0 m is approaching partner: Rabbit A1f
Rabbit A3 f was born!Father is C0 and Mother is A1
Rabbit C2m is running away from: WolfC5
Rabbit C2 is Hungry
Rabbit C2 m is ready to mate
Not enough female Rabbits or Female Rabbit partners are not ready yet!
Rabbit A5m is running away from: WolfC5
Rabbit A5 is Hungry
Rabbit A5m ate
Rabbit A5 m is ready to mate
Not enough female Rabbits or Female Rabbit partners are not ready yet!
Wolf C5 is Hungry
Wolf C5m is chasing: A5m
Wolf C5 m is ready to mate
No Female Wolf Partner or Female Wolf Partner not ready yet!
Rabbit A1m is running away from: WolfC5
Rabbit A1 is Hungry
Rabbit A1 m is ready to mate
Not enough female Rabbits or Female Rabbit partners are not ready yet!
Rabbit A1 is Thirsty
Rabbit A1 drank water
Rabbit A1f is running away from: WolfC5
Rabbit A1 is Hungry
Rabbit A1f ate
Rabbit C0 is Thirsty
Rabbit C0 drank water
Rabbit C0m is running away from: WolfC5
Rabbit C0 is Hungry
Rabbit C0m ate
Rabbit C0 m is ready to mate
Not enough female Rabbits or Female Rabbit partners are not ready yet!
Rabbit C2m is running away from: WolfC5
Rabbit C2 is Hungry
Rabbit C2 m is ready to mate
Not enough female Rabbits or Female Rabbit partners are not ready yet!
Rabbit A5m is running away from: WolfC5
Rabbit A5 is Hungry
Rabbit A5m ate
Rabbit A5 m is ready to mate
Not enough female Rabbits or Female Rabbit partners are not ready yet!
Rabbit A3f is running away from: WolfC5
Rabbit A3 is Hungry
Wolf C5 is Hungry
WolfC5m died of hunger
Wolf C5m is chasing: A5m
Wolf C5 m is ready to mate
No Female Wolf Partner or Female Wolf Partner not ready yet!
Rabbit A1 is Hungry
Rabbit A1 m is ready to mate
Not enough female Rabbits or Female Rabbit partners are not ready yet!
Rabbit A1 is Hungry
Rabbit C0 is Hungry
Rabbit C0 m is ready to mate
Not enough female Rabbits or Female Rabbit partners are not ready yet!
Rabbit C2 is Hungry
RabbitC2m died of hunger
Rabbit C2 m is ready to mate
Not enough female Rabbits or Female Rabbit partners are not ready yet!
Rabbit A5 is Hungry
Rabbit A5 m is ready to mate
Not enough female Rabbits or Female Rabbit partners are not ready yet!
Rabbit A3 is Hungry
Rabbit A1 is Hungry
RabbitA1m died of hunger
Rabbit A1 m is ready to mate
Not enough female Rabbits or Female Rabbit partners are not ready yet!
Rabbit A1 is Hungry
Rabbit C0 is Hungry
Rabbit C0 m is ready to mate
Not enough female Rabbits or Female Rabbit partners are not ready yet!
Rabbit A5 is Hungry
Rabbit A5 m is ready to mate
Not enough female Rabbits or Female Rabbit partners are not ready yet!
Rabbit A3 is Hungry
Rabbit A3f ate
Rabbit A1 is Hungry
Rabbit A1f ate
Rabbit C0 is Hungry
Rabbit C0 m is ready to mate
Not enough female Rabbits or Female Rabbit partners are not ready yet!
Rabbit A5 is Hungry
Rabbit A5 m is ready to mate
Not enough female Rabbits or Female Rabbit partners are not ready yet!
Rabbit A3 is Hungry
Rabbit A3f ate
Rabbit A1 is Hungry
Rabbit C0 is Hungry
RabbitC0m died of hunger
Rabbit C0 m is ready to mate
Not enough female Rabbits or Female Rabbit partners are not ready yet!
Rabbit A5 is Thirsty
Rabbit A5 drank water
Rabbit A5 is Hungry
RabbitA5m died of hunger
Rabbit A5 m is ready to mate
Not enough female Rabbits or Female Rabbit partners are not ready yet!
Rabbit A3 is Hungry
Rabbit A1 is Hungry
Rabbit A1f ate
Rabbit A3 is Hungry
Rabbit A1 is Hungry
Rabbit A1f ate
Rabbit A1 f is ready to mate
Rabbit A3 is Hungry
Rabbit A3f ate
Rabbit A3 f is ready to mate
Rabbit A1 is Hungry
Rabbit A1 f is ready to mate
Rabbit A3 is Hungry
Rabbit A3f ate
Rabbit A3 f is ready to mate
Rabbit A1 is Hungry
Rabbit A1 f is ready to mate
Rabbit A3 is Hungry
Rabbit A3f ate
Rabbit A3 f is ready to mate
Rabbit A1 is Hungry
Rabbit A1 f is ready to mate
Rabbit A3 is Thirsty
Rabbit A3 drank water
Rabbit A3 is Hungry
Rabbit A3f ate
Rabbit A3 f is ready to mate
Rabbit A1 is Thirsty
Rabbit A1 drank water
Rabbit A1 is Hungry
RabbitA1f died of hunger
Rabbit A1f ate
Rabbit A1 f is ready to mate
Rabbit A3 is Thirsty
Rabbit A3 drank water
Rabbit A3 is Hungry
Rabbit A3f ate
Rabbit A3 f is ready to mate
Rabbit A3 is Thirsty
Rabbit A3 drank water
Rabbit A3 is Hungry
Rabbit A3 f is ready to mate
Rabbit A3 is Hungry
Rabbit A3f ate
Rabbit A3 f is ready to mate
Rabbit A3 is Hungry
Rabbit A3f ate
Rabbit A3 f is ready to mate
Rabbit A3 is Hungry
Rabbit A3 f is ready to mate
Rabbit A3 is Hungry
Rabbit A3 f is ready to mate
Rabbit A3 is Hungry
Rabbit A3f ate
Rabbit A3 f is ready to mate
Rabbit A3 is Hungry
Rabbit A3f ate
Rabbit A3 f is ready to mate
Rabbit A3 is Hungry
Rabbit A3f ate
Rabbit A3 f is ready to mate
Rabbit A3 is Hungry
Rabbit A3f ate
Rabbit A3 f is ready to mate
Rabbit A3 is Hungry
Rabbit A3 f is ready to mate
Rabbit A3 is Thirsty
Rabbit A3 drank water
Rabbit A3 is Hungry
Rabbit A3 f is ready to mate
Rabbit A3 is Hungry
Rabbit A3 f is ready to mate
Rabbit A3 is Hungry
RabbitA3f died of hunger
Rabbit A3 f is ready to mate
