Wolf B5m is running away from: LionA2
Wolf A1m is running away from: LionA4
Wolf B1f is running away from: LionA4
Wolf A1f is running away from: LionA4
Rabbit A3f is running away from: LionA2
Rabbit A3f is running away from: WolfB5
Rabbit A3 is Hungry
Rabbit A3f ate
Rabbit C5f is running away from: LionB1
Rabbit C5f is running away from: WolfB5
Rabbit C5 is Hungry
Rabbit C5f ate
Rabbit A3f is running away from: LionB1
Rabbit A3f is running away from: WolfA1
Rabbit A3 is Hungry
Rabbit A3f ate
Rabbit C2m is running away from: LionC3
Rabbit C2m is running away from: WolfB5
Rabbit C2 is Hungry
Rabbit C2m ate
Rabbit A1m is running away from: LionB1
Rabbit A1m is running away from: WolfB5
Rabbit A1 is Hungry
Rabbit A1m ate
Rabbit C3f is running away from: LionB1
Rabbit C3f is running away from: WolfA1
Rabbit C3 is Hungry
Rabbit C3f ate
Rabbit A1f is running away from: LionC3
Rabbit A1f is running away from: WolfB5
Rabbit A1 is Hungry
Rabbit A1f ate
Rabbit C2f is running away from: LionB1
Rabbit C2f is running away from: WolfB5
Rabbit C2 is Hungry
Rabbit C2f ate
Rabbit B3f is running away from: LionB1
Rabbit B3f is running away from: WolfB5
Rabbit B3 is Hungry
Rabbit B3f ate
Rabbit C4m is running away from: LionA2
Rabbit C4m is running away from: WolfB5
Rabbit C4 is Hungry
Rabbit C4m ate
Rabbit B3f is running away from: LionA2
Rabbit B3f is running away from: WolfB5
Rabbit B3 is Hungry
Rabbit B3f ate
Rabbit B2f is running away from: LionC3
Rabbit B2f is running away from: WolfB5
Rabbit B2 is Hungry
Rabbit B2f ate
Rabbit B0m is running away from: LionC3
Rabbit B0m is running away from: WolfB5
Rabbit B0 is Hungry
Rabbit B0m ate
Rabbit C3f is running away from: LionA2
Rabbit C3f is running away from: WolfB5
Rabbit C3 is Hungry
Rabbit C3f ate
Rabbit C0m is running away from: LionA2
Rabbit C0m is running away from: WolfB5
Rabbit C0 is Hungry
Rabbit C0m ate
Wolf B5m is running away from: LionA2
Wolf B5 is Hungry
Wolf B5m is chasing: B3f
Wolf A1m is running away from: LionA4
Wolf A1 is Hungry
Wolf A1m is chasing: C3f
Wolf B1f is running away from: LionA4
Wolf B1 is Hungry
Wolf B1f is chasing: C3f
Wolf A1f is running away from: LionA4
Wolf A1 is Hungry
Wolf A1f is chasing: C3f
Rabbit A3f is running away from: LionA2
Rabbit A3f is running away from: WolfB5
Rabbit A3 is Hungry
Rabbit A3f ate
Rabbit C5f is running away from: LionB1
Rabbit C5f is running away from: WolfB5
Rabbit C5 is Hungry
Rabbit C5f ate
Rabbit A3f is running away from: LionB1
Rabbit A3f is running away from: WolfB5
Rabbit A3 is Hungry
Rabbit A3f ate
Rabbit C2m is running away from: LionC3
Rabbit C2m is running away from: WolfB5
Rabbit C2 is Hungry
Rabbit C2m ate
Rabbit A1m is running away from: LionB1
Rabbit A1m is running away from: WolfB5
Rabbit A1 is Hungry
Rabbit C3f is running away from: LionB1
Rabbit C3f is running away from: WolfB5
Rabbit C3 is Hungry
Rabbit C3f ate
Rabbit A1f is running away from: LionA2
Rabbit A1f is running away from: WolfB5
Rabbit A1 is Hungry
Rabbit A1f ate
Rabbit C2f is running away from: LionB1
Rabbit C2f is running away from: WolfB5
Rabbit C2 is Hungry
Rabbit C2f ate
Rabbit B3f is running away from: LionB1
Rabbit B3f is running away from: WolfB5
Rabbit B3 is Hungry
Rabbit C4m is running away from: LionC3
Rabbit C4m is running away from: WolfB5
Rabbit C4 is Hungry
Rabbit B3f is running away from: LionA2
Rabbit B3f is running away from: WolfB5
Rabbit B3 is Hungry
Rabbit B2f is running away from: LionC3
Rabbit B2f is running away from: WolfB5
Rabbit B2 is Hungry
Rabbit B2f ate
Rabbit B0m is running away from: LionC3
Rabbit B0m is running away from: WolfB5
Rabbit B0 is Hungry
Rabbit C3f is running away from: LionA2
Rabbit C3f is running away from: WolfB5
Rabbit C3 is Hungry
Rabbit C3f ate
Rabbit C0m is running away from: LionA2
Rabbit C0m is running away from: WolfB5
Rabbit C0 is Hungry
Wolf B5m is running away from: LionA2
Wolf B5 is Hungry
Wolf B5m is chasing: B3f
Wolf B5m ate!
Wolf B5 m is ready to mate
Wolf A1m is running away from: LionA4
Wolf A1 is Hungry
Wolf A1m is chasing: C3f
Wolf A1 m is ready to mate
Wolf B1f is running away from: LionA4
Wolf B1 is Hungry
Wolf B1f is chasing: C3f
Wolf B1 f is ready to mate
Wolf A1f is running away from: LionA4
Wolf A1 is Hungry
Wolf A1f is chasing: C3f
Wolf A1 f is ready to mate
Rabbit A3f is running away from: LionA2
Rabbit A3f is running away from: WolfB5
Rabbit A3 is Hungry
Rabbit A3 f is ready to mate
Rabbit C5f is running away from: LionA4
Rabbit C5f is running away from: WolfB5
Rabbit C5 is Hungry
Rabbit C5 f is ready to mate
Rabbit A3f is running away from: LionA4
Rabbit A3f is running away from: WolfB5
Rabbit A3 is Hungry
Rabbit A3f ate
Rabbit A3 f is ready to mate
Rabbit C2m is running away from: LionC3
Rabbit C2m is running away from: WolfB5
Rabbit C2 is Hungry
Rabbit C2m ate
Rabbit C2 m is ready to mate
Rabbit C2 m is approaching partner: Rabbit B2f
Rabbit A1m is running away from: LionA4
Rabbit A1m is running away from: WolfB5
Rabbit A1 is Hungry
Rabbit A1 m is ready to mate
Rabbit A1 m is approaching partner: Rabbit C5f
Rabbit C3f is running away from: LionA4
Rabbit C3f is running away from: WolfA1
Rabbit C3 is Hungry
Rabbit C3f ate
Rabbit C3 f is ready to mate
Rabbit A1f is running away from: LionC3
Rabbit A1f is running away from: WolfB5
Rabbit A1 is Hungry
Rabbit A1f ate
Rabbit A1 f is ready to mate
Rabbit C2f is running away from: LionA4
Rabbit C2f is running away from: WolfB5
Rabbit C2 is Hungry
Rabbit C2f ate
Rabbit C2 f is ready to mate
Rabbit C4m is running away from: LionC3
Rabbit C4m is running away from: WolfB5
Rabbit C4 is Hungry
Rabbit C4 m is ready to mate
Rabbit C4 m is approaching partner: Rabbit C3f
Rabbit B3f is running away from: LionA2
Rabbit B3f is running away from: WolfB5
Rabbit B3 is Hungry
Rabbit B3 f is ready to mate
Rabbit B2f is running away from: LionC3
Rabbit B2f is running away from: WolfB5
Rabbit B2 is Hungry
Rabbit B2f ate
Rabbit B2 f is ready to mate
Rabbit B0m is running away from: LionC3
Rabbit B0m is running away from: WolfB5
Rabbit B0 is Hungry
Rabbit B0m ate
Rabbit B0 m is ready to mate
Rabbit B0 m is approaching partner: Rabbit C3f
Rabbit C3f is running away from: LionC3
Rabbit C3f is running away from: WolfB5
Rabbit C3 is Hungry
Rabbit C3f ate
Rabbit C3 f is ready to mate
Rabbit C0m is running away from: LionA2
Rabbit C0m is running away from: WolfB5
Rabbit C0 is Hungry
Rabbit C0m ate
Rabbit C0 m is ready to mate
Rabbit C0 m is approaching partner: Rabbit A3f
Wolf B5m is running away from: LionA2
Wolf B5 m is ready to mate
Wolf A1m is running away from: LionA4
Wolf A1 is Hungry
Wolf A1m is chasing: C3f
Wolf A1 m is ready to mate
Wolf B1f is running away from: LionA4
Wolf B1 is Hungry
Wolf B1f is chasing: C3f
Wolf B1 f is ready to mate
Wolf A1f is running away from: LionA4
Wolf A1 is Hungry
Wolf A1f is chasing: C3f
Wolf A1 f is ready to mate
Rabbit A3f is running away from: LionA2
Rabbit A3f is running away from: WolfB5
Rabbit A3 is Hungry
Rabbit A3 f is ready to mate
Rabbit C5f is running away from: LionA4
Rabbit C5f is running away from: WolfB5
Rabbit C5 is Hungry
Rabbit C5 f is ready to mate
Rabbit A3f is running away from: LionA4
Rabbit A3f is running away from: WolfB5
Rabbit A3 is Hungry
Rabbit A3f ate
Rabbit A3 f is ready to mate
Rabbit C2m is running away from: LionC3
Rabbit C2m is running away from: WolfB5
Rabbit C2 is Hungry
Rabbit C2 m is ready to mate
Rabbit C2 m is approaching partner: Rabbit B2f
Rabbit C1 f was born!Father is C2 and Mother is B2
Rabbit A1m is running away from: LionA4
Rabbit A1m is running away from: WolfB5
Rabbit A1 is Hungry
Rabbit A1 m is ready to mate
Rabbit A1 m is approaching partner: Rabbit C5f
Rabbit C3f is running away from: LionA4
Rabbit C3f is running away from: WolfB5
Rabbit C3 is Hungry
Rabbit C3f ate
Rabbit C3 f is ready to mate
Rabbit A1f is running away from: LionC3
Rabbit A1f is running away from: WolfB5
Rabbit A1 is Hungry
Rabbit A1 f is ready to mate
Rabbit C2f is running away from: LionA2
Rabbit C2f is running away from: WolfB5
Rabbit C2 is Hungry
Rabbit C2f ate
Rabbit C2 f is ready to mate
Rabbit C4m is running away from: LionC3
Rabbit C4m is running away from: WolfB5
Rabbit C4 is Hungry
Rabbit C4m ate
Rabbit C4 m is ready to mate
Rabbit C4 m is approaching partner: Rabbit C3f
Rabbit B3f is running away from: LionA2
Rabbit B3f is running away from: WolfB5
Rabbit B3 is Hungry
Rabbit B3 f is ready to mate
Rabbit B2f is running away from: LionC3
Rabbit B2f is running away from: WolfB5
Rabbit B2 is Hungry
Rabbit B0m is running away from: LionC3
Rabbit B0m is running away from: WolfB5
Rabbit B0 is Hungry
Rabbit B0m ate
Rabbit B0 m is ready to mate
Rabbit B0 m is approaching partner: Rabbit C3f
Rabbit C3f is running away from: LionC3
Rabbit C3f is running away from: WolfB5
Rabbit C3 is Hungry
Rabbit C3 f is ready to mate
Rabbit C0m is running away from: LionA2
Rabbit C0m is running away from: WolfB5
Rabbit C0 is Hungry
Rabbit C0 m is ready to mate
Rabbit C0 m is approaching partner: Rabbit A3f
Lion A4 is Hungry
LionA4fis chasing: A3f
Lion C3 is Hungry
LionC3fis chasing: C3f
Lion C3f ate!
Lion B1 is Hungry
LionB1mis chasing: A3f
Lion A2 is Hungry
LionA2mis chasing: C0m
Wolf B5m is running away from: LionB1
Wolf B5 is Hungry
Wolf B5m is chasing: C5f
Wolf B5 m is ready to mate
Wolf A1m is running away from: LionA4
Wolf A1 is Hungry
Wolf A1m is chasing: C3f
Wolf A1 m is ready to mate
Wolf B1f is running away from: LionA4
Wolf B1 is Hungry
Wolf B1f is chasing: C3f
Wolf B1 f is ready to mate
Wolf A1f is running away from: LionA4
Wolf A1 is Hungry
Wolf A1f is chasing: C3f
Wolf A1 f is ready to mate
Rabbit A3f is running away from: LionA2
Rabbit A3f is running away from: WolfB5
Rabbit A3 is Hungry
Rabbit A3 f is ready to mate
Rabbit C5f is running away from: LionB1
Rabbit C5f is running away from: WolfB5
Rabbit C5 is Hungry
Rabbit C5 f is ready to mate
Rabbit A3f is running away from: LionB1
Rabbit A3f is running away from: WolfB5
Rabbit A3 is Hungry
Rabbit A3 f is ready to mate
Rabbit C2m is running away from: LionC3
Rabbit C2m is running away from: WolfB5
Rabbit C2 is Hungry
Rabbit C2 m is ready to mate
Rabbit C2 m is approaching partner: Rabbit A1f
Rabbit A1m is running away from: LionB1
Rabbit A1m is running away from: WolfB5
Rabbit A1 is Hungry
RabbitA1m died of hunger
Rabbit A1 m is ready to mate
Rabbit A1 m is approaching partner: Rabbit C5f
Rabbit C3f is running away from: LionB1
Rabbit C3f is running away from: WolfB5
Rabbit C3 is Hungry
Rabbit C3f ate
Rabbit C3 f is ready to mate
Rabbit A1f is running away from: LionC3
Rabbit A1f is running away from: WolfB5
Rabbit A1 is Hungry
Rabbit A1 f is ready to mate
Rabbit C2f is running away from: LionB1
Rabbit C2f is running away from: WolfB5
Rabbit C2 is Hungry
Rabbit C2 f is ready to mate
Rabbit C4m is running away from: LionC3
Rabbit C4m is running away from: WolfB5
Rabbit C4 is Hungry
Rabbit C4m ate
Rabbit C4 m is ready to mate
Rabbit C4 m is approaching partner: Rabbit A1f
Rabbit B3f is running away from: LionA2
Rabbit B3f is running away from: WolfB5
Rabbit B3 is Hungry
RabbitB3f died of hunger
Rabbit B3 f is ready to mate
Rabbit B2f is running away from: LionC3
Rabbit B2f is running away from: WolfB5
Rabbit B2 is Hungry
Rabbit B0m is running away from: LionC3
Rabbit B0m is running away from: WolfB5
Rabbit B0 is Hungry
Rabbit B0 m is ready to mate
Rabbit B0 m is approaching partner: Rabbit A1f
Rabbit C0m is running away from: LionA2
Rabbit C0m is running away from: WolfB5
Rabbit C0 is Hungry
Rabbit C0m ate
Rabbit C0 m is ready to mate
Rabbit C0 m is approaching partner: Rabbit A3f
Rabbit C1f is running away from: LionC3
Rabbit C1f is running away from: WolfB5
Rabbit C1 is Hungry
Lion A4 is Hungry
LionA4fis chasing: A3f
Lion B1 is Hungry
LionB1mis chasing: A3f
Lion A2 is Hungry
LionA2mis chasing: C0m
Wolf B5m is running away from: LionA4
Wolf B5 is Hungry
Wolf B5m is chasing: C5f
Wolf B5m ate!
Wolf B5 m is ready to mate
Wolf A1m is running away from: LionA4
Wolf A1 is Hungry
WolfA1m died of hunger
Wolf A1m is chasing: C3f
Wolf A1 m is ready to mate
Wolf B1f is running away from: LionA4
Wolf B1 is Hungry
WolfB1f died of hunger
Wolf B1f is chasing: C3f
Wolf B1 f is ready to mate
Wolf A1f is running away from: LionA4
Wolf A1 is Hungry
WolfA1f died of hunger
Wolf A1f is chasing: C3f
Wolf A1 f is ready to mate
Rabbit A3f is running away from: LionA2
Rabbit A3f is running away from: WolfB5
Rabbit A3 is Hungry
RabbitA3f died of hunger
Rabbit A3f ate
Rabbit A3 f is ready to mate
Rabbit A3f is running away from: LionA4
Rabbit A3f is running away from: WolfB5
Rabbit A3 is Hungry
Rabbit A3f ate
Rabbit A3 f is ready to mate
Rabbit C2m is running away from: LionC3
Rabbit C2m is running away from: WolfB5
Rabbit C2 is Hungry
Rabbit C2 m is ready to mate
Rabbit C2 m is approaching partner: Rabbit A1f
Rabbit C3f is running away from: LionA4
Rabbit C3f is running away from: WolfB5
Rabbit C3 is Hungry
Rabbit C3f ate
Rabbit C3 f is ready to mate
Rabbit A1f is running away from: LionC3
Rabbit A1f is running away from: WolfB5
Rabbit A1 is Hungry
Rabbit A1f ate
Rabbit A1 f is ready to mate
Rabbit C2f is running away from: LionA4
Rabbit C2f is running away from: WolfB5
Rabbit C2 is Hungry
Rabbit C2f ate
Rabbit C2 f is ready to mate
Rabbit C4m is running away from: LionC3
Rabbit C4m is running away from: WolfB5
Rabbit C4 is Hungry
Rabbit C4m ate
Rabbit C4 m is ready to mate
Rabbit C4 m is approaching partner: Rabbit A1f
Rabbit B2f is running away from: LionC3
Rabbit B2f is running away from: WolfB5
Rabbit B2 is Hungry
Rabbit B0m is running away from: LionC3
Rabbit B0m is running away from: WolfB5
Rabbit B0 is Hungry
Rabbit B0 m is ready to mate
Rabbit B0 m is approaching partner: Rabbit A1f
Rabbit C0m is running away from: LionA2
Rabbit C0m is running away from: WolfB5
Rabbit C0 is Hungry
Rabbit C0m ate
Rabbit C0 m is ready to mate
Rabbit C0 m is approaching partner: Rabbit A1f
Rabbit C1f is running away from: LionC3
Rabbit C1f is running away from: WolfB5
Rabbit C1 is Hungry
Lion A4 is Hungry
LionA4fis chasing: A3f
Lion B1 is Hungry
LionB1mis chasing: A3f
Lion A2 is Hungry
LionA2mis chasing: C0m
Wolf B5m is running away from: LionA4
Wolf B5 m is ready to mate
No Female Wolf Partner or Female Wolf Partner not ready yet!
Rabbit A3f is running away from: LionA4
Rabbit A3f is running away from: WolfB5
Rabbit A3 is Hungry
Rabbit A3 f is ready to mate
Rabbit C2m is running away from: LionC3
Rabbit C2m is running away from: WolfB5
Rabbit C2 is Hungry
RabbitC2m died of hunger
Rabbit C2 m is ready to mate
Rabbit C2 m is approaching partner: Rabbit A1f
Rabbit C3f is running away from: LionB1
Rabbit C3f is running away from: WolfB5
Rabbit C3 is Hungry
Rabbit C3f ate
Rabbit C3 f is ready to mate
Rabbit A1f is running away from: LionC3
Rabbit A1f is running away from: WolfB5
Rabbit A1 is Hungry
Rabbit A1 f is ready to mate
Rabbit C2f is running away from: LionB1
Rabbit C2f is running away from: WolfB5
Rabbit C2 is Hungry
Rabbit C2 f is ready to mate
Rabbit C4m is running away from: LionC3
Rabbit C4m is running away from: WolfB5
Rabbit C4 is Hungry
Rabbit C4m ate
Rabbit C4 m is ready to mate
Rabbit C4 m is approaching partner: Rabbit A1f
Rabbit B2f is running away from: LionC3
Rabbit B2f is running away from: WolfB5
Rabbit B2 is Hungry
RabbitB2f died of hunger
Rabbit B2 f is ready to mate
Rabbit B0m is running away from: LionC3
Rabbit B0m is running away from: WolfB5
Rabbit B0 is Hungry
Rabbit B0m ate
Rabbit B0 m is ready to mate
Rabbit B0 m is approaching partner: Rabbit A1f
Rabbit C0m is running away from: LionA2
Rabbit C0m is running away from: WolfB5
Rabbit C0 is Hungry
Rabbit C0m ate
Rabbit C0 m is ready to mate
Rabbit C0 m is approaching partner: Rabbit A1f
Rabbit C1f is running away from: LionC3
Rabbit C1f is running away from: WolfB5
Rabbit C1 is Hungry
Rabbit C1f ate
Rabbit C1 f is ready to mate
Lion A4 is Hungry
LionA4fis chasing: A3f
Lion B1 is Hungry
LionB1mis chasing: A3f
Lion A2 is Hungry
LionA2mis chasing: C0m
Wolf B5m is running away from: LionA4
Wolf B5 is Hungry
Wolf B5m is chasing: A3f
Wolf B5 m is ready to mate
No Female Wolf Partner or Female Wolf Partner not ready yet!
Rabbit A3f is running away from: LionA4
Rabbit A3f is running away from: WolfB5
Rabbit A3 is Hungry
Rabbit A3f ate
Rabbit A3 f is ready to mate
Rabbit C3f is running away from: LionA4
Rabbit C3f is running away from: WolfB5
Rabbit C3 is Hungry
Rabbit C3f ate
Rabbit C3 f is ready to mate
Rabbit A1f is running away from: LionC3
Rabbit A1f is running away from: WolfB5
Rabbit A1 is Hungry
Rabbit A1 f is ready to mate
Rabbit C2f is running away from: LionA4
Rabbit C2f is running away from: WolfB5
Rabbit C2 is Hungry
Rabbit C2 f is ready to mate
Rabbit C4m is running away from: LionC3
Rabbit C4m is running away from: WolfB5
Rabbit C4 is Hungry
Rabbit C4m ate
Rabbit C4 m is ready to mate
Rabbit C4 m is approaching partner: Rabbit A1f
Rabbit B0m is running away from: LionC3
Rabbit B0m is running away from: WolfB5
Rabbit B0 is Hungry
Rabbit B0 m is ready to mate
Rabbit B0 m is approaching partner: Rabbit A1f
Rabbit C0m is running away from: LionA2
Rabbit C0m is running away from: WolfB5
Rabbit C0 is Hungry
Rabbit C0m ate
Rabbit C0 m is ready to mate
Rabbit C0 m is approaching partner: Rabbit C1f
Rabbit C1f is running away from: LionC3
Rabbit C1f is running away from: WolfB5
Rabbit C1 is Hungry
Rabbit C1 f is ready to mate
Lion A4 is Hungry
LionA4fis chasing: A3f
Lion C3 is Hungry
LionC3fis chasing: A1f
Lion B1 is Hungry
LionB1mis chasing: A3f
Lion A2 is Hungry
LionA2mis chasing: C0m
Wolf B5m is running away from: LionA4
Wolf B5 is Hungry
Wolf B5m is chasing: A3f
Wolf B5 m is ready to mate
No Female Wolf Partner or Female Wolf Partner not ready yet!
Rabbit A3f is running away from: LionA4
Rabbit A3f is running away from: WolfB5
Rabbit A3 is Hungry
Rabbit A3 f is ready to mate
Rabbit C3f is running away from: LionA4
Rabbit C3f is running away from: WolfB5
Rabbit C3 is Hungry
Rabbit C3f ate
Rabbit C3 f is ready to mate
Rabbit A1f is running away from: LionC3
Rabbit A1f is running away from: WolfB5
Rabbit A1 is Hungry
Rabbit A1 f is ready to mate
Rabbit C2f is running away from: LionA4
Rabbit C2f is running away from: WolfB5
Rabbit C2 is Hungry
Rabbit C2 f is ready to mate
Rabbit C4m is running away from: LionC3
Rabbit C4m is running away from: WolfB5
Rabbit C4 is Hungry
Rabbit C4m ate
Rabbit C4 m is ready to mate
Rabbit C4 m is approaching partner: Rabbit A1f
Rabbit B0m is running away from: LionC3
Rabbit B0m is running away from: WolfB5
Rabbit B0 is Hungry
Rabbit B0 m is ready to mate
Rabbit B0 m is approaching partner: Rabbit A1f
Rabbit C0m is running away from: LionA2
Rabbit C0m is running away from: WolfB5
Rabbit C0 is Hungry
Rabbit C0m ate
Rabbit C0 m is ready to mate
Rabbit C0 m is approaching partner: Rabbit C1f
Rabbit C1f is running away from: LionC3
Rabbit C1f is running away from: WolfB5
Rabbit C1 is Hungry
Rabbit C1 f is ready to mate
Lion A4 is Hungry
LionA4fis chasing: A3f
Lion C3 is Hungry
LionC3fis chasing: C4m
Lion B1 is Hungry
LionB1mis chasing: A3f
Lion A2 is Hungry
LionA2mis chasing: C0m
Wolf B5m is running away from: LionB1
Wolf B5 is Hungry
Wolf B5m is chasing: A3f
Wolf B5 is Thirsty
Wolf B5drank water
Wolf B5 m is ready to mate
No Female Wolf Partner or Female Wolf Partner not ready yet!
Rabbit A3 is Thirsty
Rabbit A3 drank water
Rabbit A3f is running away from: LionB1
Rabbit A3f is running away from: WolfB5
Rabbit A3 is Hungry
Rabbit A3 f is ready to mate
Rabbit C3 is Thirsty
Rabbit C3 drank water
Rabbit C3f is running away from: LionB1
Rabbit C3f is running away from: WolfB5
Rabbit C3 is Hungry
Rabbit C3 f is ready to mate
Rabbit A1 is Thirsty
Rabbit A1 drank water
Rabbit A1f is running away from: LionC3
Rabbit A1f is running away from: WolfB5
Rabbit A1 is Hungry
RabbitA1f died of hunger
Rabbit A1 f is ready to mate
Rabbit C2 is Thirsty
Rabbit C2 drank water
Rabbit C2f is running away from: LionB1
Rabbit C2f is running away from: WolfB5
Rabbit C2 is Hungry
RabbitC2f died of hunger
Rabbit C2 f is ready to mate
Rabbit C4 is Thirsty
Rabbit C4 drank water
Rabbit C4m is running away from: LionC3
Rabbit C4m is running away from: WolfB5
Rabbit C4 is Hungry
Rabbit C4m ate
Rabbit C4 m is ready to mate
Rabbit C4 m is approaching partner: Rabbit C1f
Rabbit B0 is Thirsty
Rabbit B0 drank water
Rabbit B0m is running away from: LionC3
Rabbit B0m is running away from: WolfB5
Rabbit B0 is Hungry
Rabbit B0 m is ready to mate
Rabbit B0 m is approaching partner: Rabbit C1f
Rabbit C0 is Thirsty
Rabbit C0 drank water
Rabbit C0m is running away from: LionA2
Rabbit C0m is running away from: WolfB5
Rabbit C0 is Hungry
Rabbit C0 m is ready to mate
Rabbit C0 m is approaching partner: Rabbit C1f
Rabbit C1f is running away from: LionC3
Rabbit C1f is running away from: WolfB5
Rabbit C1 is Hungry
Rabbit C1 f is ready to mate
Lion A4 is Hungry
LionA4fis chasing: A3f
Lion C3 is Hungry
LionC3fis chasing: C4m
Lion B1 is Hungry
LionB1mis chasing: A3f
Lion A2 is Hungry
LionA2mis chasing: C0m
Wolf B5m is running away from: LionB1
Wolf B5 is Hungry
Wolf B5m is chasing: A3f
Wolf B5 is Thirsty
Wolf B5drank water
Wolf B5 m is ready to mate
No Female Wolf Partner or Female Wolf Partner not ready yet!
Rabbit A3 is Thirsty
Rabbit A3 drank water
Rabbit A3f is running away from: LionB1
Rabbit A3f is running away from: WolfB5
Rabbit A3 is Hungry
Rabbit A3 f is ready to mate
Rabbit C3 is Thirsty
Rabbit C3 drank water
Rabbit C3f is running away from: LionB1
Rabbit C3f is running away from: WolfB5
Rabbit C3 is Hungry
Rabbit C3f ate
Rabbit C3 f is ready to mate
Rabbit C4 is Thirsty
Rabbit C4 drank water
Rabbit C4m is running away from: LionC3
Rabbit C4m is running away from: WolfB5
Rabbit C4 is Hungry
Rabbit C4m ate
Rabbit C4 m is ready to mate
Rabbit C4 m is approaching partner: Rabbit C1f
Rabbit B0 is Thirsty
Rabbit B0 drank water
Rabbit B0m is running away from: LionC3
Rabbit B0m is running away from: WolfB5
Rabbit B0 is Hungry
RabbitB0m died of hunger
Rabbit B0m ate
Rabbit B0 m is ready to mate
Rabbit B0 m is approaching partner: Rabbit C1f
Rabbit C0 is Thirsty
Rabbit C0 drank water
Rabbit C0m is running away from: LionA2
Rabbit C0m is running away from: WolfB5
Rabbit C0 is Hungry
Rabbit C0 m is ready to mate
Rabbit C0 m is approaching partner: Rabbit C1f
Rabbit C1f is running away from: LionC3
Rabbit C1f is running away from: WolfB5
Rabbit C1 is Hungry
RabbitC1f died of hunger
Rabbit C1 f is ready to mate
Lion A4 is Hungry
LionA4fis chasing: A3f
Lion C3 is Hungry
LionC3fis chasing: C4m
LionC3f ate: C4m
Lion B1 is Hungry
LionB1mis chasing: A3f
Lion A2 is Hungry
LionA2mis chasing: C0m
Wolf B5m is running away from: LionB1
Wolf B5 is Hungry
WolfB5m died of hunger
Wolf B5m is chasing: A3f
Wolf B5 is Thirsty
Wolf B5drank water
Wolf B5 m is ready to mate
No Female Wolf Partner or Female Wolf Partner not ready yet!
Rabbit A3 is Thirsty
Rabbit A3 drank water
Rabbit A3f is running away from: LionB1
Rabbit A3 is Hungry
RabbitA3f died of hunger
Rabbit A3f ate
Rabbit A3 f is ready to mate
Rabbit C3 is Thirsty
Rabbit C3 drank water
Rabbit C3f is running away from: LionB1
Rabbit C3 is Hungry
Rabbit C3f ate
Rabbit C3 f is ready to mate
Rabbit C0 is Thirsty
Rabbit C0 drank water
Rabbit C0m is running away from: LionA2
Rabbit C0 is Hungry
Rabbit C0m ate
Rabbit C0 m is ready to mate
Rabbit C0 m is approaching partner: Rabbit C3f
Lion A4 is Hungry
LionA4f died of hunger
LionA4fis chasing: C3f
Lion B1 is Hungry
LionB1m died of hunger
LionB1mis chasing: C3f
Lion A2 is Hungry
LionA2m died of hunger
LionA2mis chasing: C0m
Rabbit C3 is Thirsty
Rabbit C3 drank water
Rabbit C3f is running away from: LionC3
Rabbit C3 is Hungry
Rabbit C3f ate
Rabbit C3 f is ready to mate
Rabbit C0 is Thirsty
Rabbit C0 drank water
Rabbit C0m is running away from: LionC3
Rabbit C0 is Hungry
Rabbit C0m ate
Rabbit C0 m is ready to mate
Rabbit C0 m is approaching partner: Rabbit C3f
Rabbit C3 is Thirsty
Rabbit C3 drank water
Rabbit C3f is running away from: LionC3
Rabbit C3 is Hungry
Rabbit C3 f is ready to mate
Rabbit C0 is Thirsty
Rabbit C0 drank water
Rabbit C0m is running away from: LionC3
Rabbit C0 is Hungry
Rabbit C0m ate
Rabbit C0 m is ready to mate
Rabbit C0 m is approaching partner: Rabbit C3f
Rabbit C3 is Thirsty
Rabbit C3 drank water
Rabbit C3f is running away from: LionC3
Rabbit C3 is Hungry
Rabbit C3f ate
Rabbit C3 f is ready to mate
Rabbit C0 is Thirsty
Rabbit C0 drank water
Rabbit C0m is running away from: LionC3
Rabbit C0 is Hungry
Rabbit C0m ate
Rabbit C0 m is ready to mate
Rabbit C0 m is approaching partner: Rabbit C3f
Lion C3 is Hungry
Rabbit C3 is Thirsty
Rabbit C3 drank water
Rabbit C3f is running away from: LionC3
Rabbit C3 is Hungry
Rabbit C3 f is ready to mate
Rabbit C0 is Thirsty
Rabbit C0 drank water
Rabbit C0m is running away from: LionC3
Rabbit C0 is Hungry
Rabbit C0m ate
Rabbit C0 m is ready to mate
Rabbit C0 m is approaching partner: Rabbit C3f
Lion C3 is Hungry
Rabbit C3 is Thirsty
Rabbit C3 drank water
Rabbit C3f is running away from: LionC3
Rabbit C3 is Hungry
Rabbit C3f ate
Rabbit C3 f is ready to mate
Rabbit C0 is Thirsty
Rabbit C0 drank water
Rabbit C0m is running away from: LionC3
Rabbit C0 is Hungry
Rabbit C0m ate
Rabbit C0 m is ready to mate
Rabbit C0 m is approaching partner: Rabbit C3f
Lion C3 is Hungry
Rabbit C3 is Thirsty
Rabbit C3 drank water
Rabbit C3f is running away from: LionC3
Rabbit C3 is Hungry
Rabbit C3f ate
Rabbit C3 f is ready to mate
Rabbit C0 is Thirsty
Rabbit C0 drank water
Rabbit C0m is running away from: LionC3
Rabbit C0 is Hungry
Rabbit C0m ate
Rabbit C0 m is ready to mate
Rabbit C0 m is approaching partner: Rabbit C3f
Lion C3 is Hungry
Rabbit C3 is Thirsty
Rabbit C3 drank water
Rabbit C3f is running away from: LionC3
Rabbit C3 is Hungry
Rabbit C3f ate
Rabbit C3 f is ready to mate
Rabbit C0 is Thirsty
Rabbit C0 drank water
Rabbit C0m is running away from: LionC3
Rabbit C0 is Hungry
Rabbit C0m ate
Rabbit C0 m is ready to mate
Rabbit C0 m is approaching partner: Rabbit C3f
Lion C3 is Hungry
Rabbit C3 is Thirsty
Rabbit C3 drank water
Rabbit C3f is running away from: LionC3
Rabbit C3 is Hungry
Rabbit C3f ate
Rabbit C3 f is ready to mate
Rabbit C0m is running away from: LionC3
Rabbit C0 is Hungry
Rabbit C0m ate
Rabbit C0 m is ready to mate
Rabbit C0 m is approaching partner: Rabbit C3f
Lion C3 is Thirsty
Lion C3 drank water
Lion C3 is Hungry
Rabbit C3 is Thirsty
Rabbit C3 drank water
Rabbit C3f is running away from: LionC3
Rabbit C3 is Hungry
Rabbit C3f ate
Rabbit C3 f is ready to mate
Rabbit C0m is running away from: LionC3
Rabbit C0 is Hungry
Rabbit C0m ate
Rabbit C0 m is ready to mate
Rabbit C0 m is approaching partner: Rabbit C3f
Lion C3 is Thirsty
Lion C3 drank water
Lion C3 is Hungry
Rabbit C3 is Thirsty
Rabbit C3 drank water
Rabbit C3f is running away from: LionC3
Rabbit C3 is Hungry
Rabbit C3f ate
Rabbit C3 f is ready to mate
Rabbit C0m is running away from: LionC3
Rabbit C0 is Hungry
Rabbit C0m ate
Rabbit C0 m is ready to mate
Rabbit C0 m is approaching partner: Rabbit C3f
Lion C3 is Thirsty
Lion C3 drank water
Lion C3 is Hungry
Rabbit C3 is Thirsty
Rabbit C3 drank water
Rabbit C3f is running away from: LionC3
Rabbit C3 is Hungry
Rabbit C3f ate
Rabbit C3 f is ready to mate
Rabbit C0m is running away from: LionC3
Rabbit C0 is Hungry
Rabbit C0m ate
Rabbit C0 m is ready to mate
Rabbit C0 m is approaching partner: Rabbit C3f
Lion C3 is Thirsty
Lion C3 drank water
Lion C3 is Hungry
LionC3f died of hunger
Rabbit C3 is Thirsty
Rabbit C3 drank water
Rabbit C3 is Hungry
Rabbit C3f ate
Rabbit C3 f is ready to mate
Rabbit C0 is Hungry
Rabbit C0 m is ready to mate
Rabbit C0 m is approaching partner: Rabbit C3f
Rabbit C3 is Hungry
Rabbit C3 f is ready to mate
Rabbit C0 is Hungry
Rabbit C0m ate
Rabbit C0 m is ready to mate
Rabbit C0 m is approaching partner: Rabbit C3f
Rabbit C3 is Hungry
Rabbit C3f ate
Rabbit C3 f is ready to mate
Rabbit C0 is Hungry
Rabbit C0m ate
Rabbit C0 m is ready to mate
Rabbit C0 m is approaching partner: Rabbit C3f
Rabbit C3 is Hungry
Rabbit C3f ate
Rabbit C3 f is ready to mate
Rabbit C0 is Hungry
Rabbit C0m ate
Rabbit C0 m is ready to mate
Rabbit C0 m is approaching partner: Rabbit C3f
Rabbit C3 is Hungry
Rabbit C3 f is ready to mate
Rabbit C0 is Hungry
Rabbit C0m ate
Rabbit C0 m is ready to mate
Rabbit C0 m is approaching partner: Rabbit C3f
Rabbit C3 is Hungry
Rabbit C3 f is ready to mate
Rabbit C0 is Thirsty
Rabbit C0 drank water
Rabbit C0 is Hungry
Rabbit C0 m is ready to mate
Rabbit C0 m is approaching partner: Rabbit C3f
Rabbit C3 is Hungry
Rabbit C3f ate
Rabbit C3 f is ready to mate
Rabbit C0 is Thirsty
Rabbit C0 drank water
Rabbit C0 is Hungry
Rabbit C0m ate
Rabbit C0 m is ready to mate
Rabbit C0 m is approaching partner: Rabbit C3f
Rabbit C3 is Hungry
Rabbit C3f ate
Rabbit C3 f is ready to mate
Rabbit C0 is Thirsty
Rabbit C0 drank water
Rabbit C0 is Hungry
Rabbit C0m ate
Rabbit C0 m is ready to mate
Rabbit C0 m is approaching partner: Rabbit C3f
Rabbit C3 is Hungry
Rabbit C3f ate
Rabbit C3 f is ready to mate
Rabbit C0 is Thirsty
Rabbit C0 drank water
Rabbit C0 is Hungry
Rabbit C0m ate
Rabbit C0 m is ready to mate
Rabbit C0 m is approaching partner: Rabbit C3f
Rabbit C3 is Hungry
Rabbit C3f ate
Rabbit C3 f is ready to mate
Rabbit C0 is Thirsty
Rabbit C0 drank water
Rabbit C0 is Hungry
Rabbit C0 m is ready to mate
Rabbit C0 m is approaching partner: Rabbit C3f
Rabbit C3 is Thirsty
Rabbit C3 drank water
Rabbit C3 is Hungry
Rabbit C3 f is ready to mate
Rabbit C0 is Thirsty
Rabbit C0 drank water
Rabbit C0 is Hungry
Rabbit C0 m is ready to mate
Rabbit C0 m is approaching partner: Rabbit C3f
Rabbit C3 is Thirsty
Rabbit C3 drank water
Rabbit C3 is Hungry
Rabbit C3f ate
Rabbit C3 f is ready to mate
Rabbit C0 is Thirsty
Rabbit C0 drank water
Rabbit C0 is Hungry
Rabbit C0 m is ready to mate
Rabbit C0 m is approaching partner: Rabbit C3f
Rabbit C3 is Hungry
Rabbit C3f ate
Rabbit C3 f is ready to mate
Rabbit C0 is Thirsty
Rabbit C0 drank water
Rabbit C0 is Hungry
RabbitC0m died of hunger
Rabbit C0 m is ready to mate
Rabbit C0 m is approaching partner: Rabbit C3f
Rabbit C3 is Hungry
Rabbit C3 f is ready to mate
Rabbit C3 is Hungry
Rabbit C3f ate
Rabbit C3 f is ready to mate
Rabbit C3 is Hungry
Rabbit C3f ate
Rabbit C3 f is ready to mate
Rabbit C3 is Hungry
Rabbit C3 f is ready to mate
Rabbit C3 is Hungry
Rabbit C3f ate
Rabbit C3 f is ready to mate
Rabbit C3 is Hungry
Rabbit C3 f is ready to mate
Rabbit C3 is Hungry
Rabbit C3 f is ready to mate
Rabbit C3 is Hungry
Rabbit C3 f is ready to mate
Rabbit C3 is Thirsty
Rabbit C3 drank water
Rabbit C3 is Hungry
RabbitC3f died of hunger
Rabbit C3 f is ready to mate
