Wolf B1f is running away from: C2
LionC2f ate: B4f
Wolf B4f ate!
LionC1f ate: C1f
Rabbit C1f is running away from: LionC1
Rabbit C1f is running away from: WolfB5
LionB3m ate: B1f
Rabbit C1 f is ready to mate
Rabbit A3 f is ready to mate
Rabbit C5 f is ready to mate
Rabbit B0 f is ready to mate
Rabbit B2 m is ready to mate
Rabbit B2 m is approaching partner: Rabbit C5f
Rabbit B5 m is ready to mate
Rabbit B5 m is approaching partner: Rabbit C5f
Rabbit C4 m is ready to mate
Rabbit C4 m is approaching partner: Rabbit B0f
Rabbit C1 f is ready to mate
Rabbit A3 f is ready to mate
Rabbit C5 f is ready to mate
Rabbit B0 f is ready to mate
Rabbit B2 m is ready to mate
Rabbit B2 m is approaching partner: Rabbit C1f
Rabbit B5 m is ready to mate
Rabbit B5 m is approaching partner: Rabbit C5f
Rabbit C4 f was born!Father is B5 and Mother is C5
Rabbit C4 m is ready to mate
Rabbit C4 m is approaching partner: Rabbit B0f
Rabbit C1 is Thirsty
Rabbit C1 is Hungry
Rabbit C1fate
Rabbit C1 f is ready to mate
Rabbit A3 is Thirsty
Rabbit A3 is Hungry
Rabbit A3fate
Rabbit A3 f is ready to mate
Rabbit C5 is Thirsty
Rabbit C5 is Hungry
Rabbit C5fate
Rabbit B0 is Thirsty
Rabbit B0 is Hungry
Rabbit B0fate
Rabbit B0 f is ready to mate
Rabbit B2 is Thirsty
Rabbit B2 is Hungry
Rabbit B2mate
Rabbit B2 m is ready to mate
Rabbit B2 m is approaching partner: Rabbit C1f
Rabbit B5 is Thirsty
Rabbit B5 is Hungry
Rabbit B5mate
Rabbit B5 m is ready to mate
Rabbit B5 m is approaching partner: Rabbit C1f
Rabbit C4 is Thirsty
Rabbit C4 is Hungry
Rabbit C4mate
Rabbit C4 m is ready to mate
Rabbit C4 m is approaching partner: Rabbit B0f
Rabbit C1 is Thirsty
C1drank water
Rabbit C1 f is ready to mate
Rabbit A3 is Thirsty
Rabbit A3 f is ready to mate
Rabbit C5 is Thirsty
Rabbit B0 is Thirsty
Rabbit B0 f is ready to mate
Rabbit B2 is Thirsty
Rabbit B2 m is ready to mate
Rabbit B2 m is approaching partner: Rabbit C1f
Rabbit B5 is Thirsty
B5drank water
Rabbit B5 m is ready to mate
Rabbit B5 m is approaching partner: Rabbit C1f
Rabbit C4 is Thirsty
Rabbit C4 m is ready to mate
Rabbit C4 m is approaching partner: Rabbit B0f
Rabbit C1 f is ready to mate
Rabbit A3 is Thirsty
A3drank water
Rabbit A3 f is ready to mate
Rabbit C5 is Thirsty
Rabbit B0 is Thirsty
Rabbit B0 f is ready to mate
Rabbit B2 is Thirsty
B2drank water
Rabbit B2 m is ready to mate
Rabbit B2 m is approaching partner: Rabbit A3f
Rabbit B5 m is ready to mate
Rabbit B5 m is approaching partner: Rabbit C1f
Rabbit C4 is Thirsty
Rabbit C4 m is ready to mate
Rabbit C4 m is approaching partner: Rabbit B0f
Rabbit B4 f was born!Father is C4 and Mother is B0
Wolf B5 is Hungry
Wolf B5f is chasing: C5f
Wolf C4 is Hungry
Wolf C4m is chasing: C5f
Wolf B1 is Hungry
Wolf B1f is chasing: C4m
Rabbit C1 f is ready to mate
Rabbit A3 f is ready to mate
Rabbit C5 is Thirsty
Rabbit B0 is Thirsty
B0drank water
Rabbit B2 m is ready to mate
Rabbit B2 m is approaching partner: Rabbit A3f
Rabbit C3 f was born!Father is B2 and Mother is A3
Rabbit B5 m is ready to mate
Rabbit B5 m is approaching partner: Rabbit C1f
Rabbit C4 is Thirsty
C4drank water
Rabbit C4 m is ready to mate
Rabbit C4 m is approaching partner: Rabbit C1f
Lion C1 f is ready to mate
Lion B3 m is ready to mate
Lion C2 f is ready to mate
Wolf B5 is Hungry
Wolf B5f is chasing: C4f
Wolf C4 is Hungry
Wolf C4m is chasing: C5f
Wolf B1 is Hungry
Wolf B1f is chasing: C4m
Rabbit C1 f is ready to mate
Rabbit C5 is Thirsty
C5drank water
Rabbit B2 m is ready to mate
Rabbit B2 m is approaching partner: Rabbit C1f
Rabbit B5 m is ready to mate
Rabbit B5 m is approaching partner: Rabbit C1f
Rabbit C4 m is ready to mate
Rabbit C4 m is approaching partner: Rabbit C1f
Lion C1 f is ready to mate
Lion B3 m is ready to mate
Lion C2 f is ready to mate
Wolf B5 is Hungry
Wolf B5f is chasing: C4f
Wolf B5f ate!
Wolf B4 is Hungry
Wolf B4f is chasing: C4m
Wolf C4 is Hungry
Wolf C4m is chasing: C5f
Wolf B1 is Hungry
Wolf B1f is chasing: C4m
Rabbit C1 f is ready to mate
Rabbit B2 m is ready to mate
Rabbit B2 m is approaching partner: Rabbit C1f
Rabbit B5 m is ready to mate
Rabbit B5 m is approaching partner: Rabbit C1f
Rabbit B0 m was born!Father is B5 and Mother is C1
Rabbit C4 m is ready to mate
Not enough female Rabbits or Female Rabbit partners are not ready yet!
Lion C1 f is ready to mate
Lion B3 m is ready to mate
Lion C2 f is ready to mate
Wolf B4 is Hungry
Wolf B4f is chasing: C4m
Wolf C4 is Hungry
Wolf C4m is chasing: C5f
Wolf C4m ate!
Wolf B1 is Hungry
Wolf B1f is chasing: C4m
Wolf B1f ate!
Rabbit B2 m is ready to mate
Not enough female Rabbits or Female Rabbit partners are not ready yet!
Rabbit B5 m is ready to mate
Not enough female Rabbits or Female Rabbit partners are not ready yet!
Lion C1 f is ready to mate
Lion B3 m is ready to mate
Lion C2 f is ready to mate
Wolf B4 is Hungry
Wolf B4f is chasing: B4f
Rabbit C1 is Hungry
Rabbit C1fate
Rabbit A3 is Hungry
Rabbit A3fate
Rabbit B0 is Hungry
Rabbit B0fate
Rabbit B2 is Hungry
Rabbit B2mate
Rabbit B2 m is ready to mate
Not enough female Rabbits or Female Rabbit partners are not ready yet!
Rabbit B5 is Hungry
Rabbit B5mate
Rabbit B5 m is ready to mate
Not enough female Rabbits or Female Rabbit partners are not ready yet!
Lion C1 f is ready to mate
Lion B3 m is ready to mate
Lion C2 f is ready to mate
Wolf B5 f is ready to mate
Wolf B4 is Hungry
Wolf B4f is chasing: B4f
Wolf B4 f is ready to mate
Wolf C4 m is ready to mate
Wolf B1f ate!
Wolf B1 f is ready to mate
Rabbit C1 is Thirsty
C1drank water
Rabbit B2 m is ready to mate
Not enough female Rabbits or Female Rabbit partners are not ready yet!
Rabbit B5 is Thirsty
Rabbit B5 m is ready to mate
Not enough female Rabbits or Female Rabbit partners are not ready yet!
Lion C1 f is ready to mate
Lion B3 m is ready to mate
Lion B1 f was born!Father is B3 and Mother is C2
Wolf B5 f is ready to mate
Wolf B4 is Hungry
Wolf B4f is chasing: B0f
Wolf B4 f is ready to mate
Wolf C4 m is ready to mate
Wolf B1 f is ready to mate
Rabbit A3 is Thirsty
Rabbit B2 is Thirsty
B2drank water
Rabbit B2 m is ready to mate
Not enough female Rabbits or Female Rabbit partners are not ready yet!
Rabbit B5 is Thirsty
Rabbit B5 m is ready to mate
Not enough female Rabbits or Female Rabbit partners are not ready yet!
Lion C1 f is ready to mate
Lion B3 m is ready to mate
Wolf B5 f is ready to mate
Wolf B4 is Hungry
Wolf B4f is chasing: B0f
Wolf B4 f is ready to mate
Wolf C4 m is ready to mate
Wolf C0 m was born! Father is C4 and Mother is B5
Wolf B1 f is ready to mate
Rabbit A3 is Thirsty
Rabbit B0 is Thirsty
B0drank water
Rabbit B2 m is ready to mate
Not enough female Rabbits or Female Rabbit partners are not ready yet!
Rabbit B5 is Thirsty
Rabbit B5 m is ready to mate
Not enough female Rabbits or Female Rabbit partners are not ready yet!
Rabbit C3 is Thirsty
Rabbit C3 is Hungry
Rabbit C3fate
Lion C1 f is ready to mate
Lion B3 m is ready to mate
Wolf B4 is Hungry
Wolf B4f is chasing: B0f
Wolf B4 f is ready to mate
Wolf C4 m is ready to mate
Wolf B1f is running away from: B3
Wolf B1 f is ready to mate
Rabbit A3 is Thirsty
Rabbit B2 m is ready to mate
Not enough female Rabbits or Female Rabbit partners are not ready yet!
Rabbit B5 is Thirsty
B5drank water
Rabbit B5 m is ready to mate
Not enough female Rabbits or Female Rabbit partners are not ready yet!
Rabbit C3 is Thirsty
Lion C1 f is ready to mate
Lion B3 m is ready to mate
Wolf B4 is Hungry
Wolf B4f is chasing: B0f
Wolf B4 f is ready to mate
Wolf C4 m is ready to mate
Wolf B1f is running away from: B3
Wolf B1f ate!
Wolf B1 f is ready to mate
Rabbit A3 is Thirsty
A3drank water
Rabbit B2 m is ready to mate
Not enough female Rabbits or Female Rabbit partners are not ready yet!
Rabbit B5 m is ready to mate
Not enough female Rabbits or Female Rabbit partners are not ready yet!
Rabbit C3 is Thirsty
Rabbit B0 is Thirsty
Rabbit B0 is Hungry
Rabbit B0mate
Lion C1 f is ready to mate
Lion B3 m is ready to mate
Wolf B5 is Thirsty
Wolf B4 is Hungry
Wolf B4f is chasing: B2m
Wolf B4 is Thirsty
Wolf B4 f is ready to mate
Wolf C4 is Thirsty
Wolf C4 m is ready to mate
Wolf B1f is running away from: B3
Wolf B1 is Thirsty
Wolf B1 f is ready to mate
Rabbit B2 m is ready to mate
Not enough female Rabbits or Female Rabbit partners are not ready yet!
Rabbit B5 m is ready to mate
Not enough female Rabbits or Female Rabbit partners are not ready yet!
Rabbit C3 is Thirsty
Rabbit B0 is Thirsty
B0drank water
Lion C1 is Thirsty
Lion C1 f is ready to mate
Lion B3 is Thirsty
Lion B3 m is ready to mate
Lion C2 is Thirsty
Wolf B5 is Thirsty
Wolf B4 is Hungry
Wolf B4f is chasing: A3f
Wolf B4 is Thirsty
B4drank water
Wolf B4 f is ready to mate
Wolf C4 is Thirsty
Wolf C4 m is ready to mate
Wolf B1 is Thirsty
Wolf B1 f is ready to mate
Rabbit C1 is Hungry
Rabbit C1fate
Rabbit A3 is Hungry
Rabbit A3fate
Rabbit B2 is Hungry
Rabbit B2mate
Rabbit B2 m is ready to mate
Not enough female Rabbits or Female Rabbit partners are not ready yet!
Rabbit B5 is Hungry
Rabbit B5mate
Rabbit B5 m is ready to mate
Not enough female Rabbits or Female Rabbit partners are not ready yet!
Rabbit C3 is Thirsty
Lion C1 is Thirsty
Lion C1 f is ready to mate
Lion B3 is Thirsty
B3drank water
Lion B3 m is ready to mate
Lion C2 is Thirsty
C2drank water
Lion C2 is Hungry
LionC2fis chasing: B1f
LionC2fate: B1f
Wolf B5 is Hungry
Wolf B5f is chasing: B5m
Wolf B5 is Thirsty
Wolf B4 is Hungry
Wolf B4f is chasing: A3f
Wolf B4 f is ready to mate
Wolf C4 is Thirsty
Wolf C4 m is ready to mate
Rabbit C1 is Thirsty
C1drank water
Rabbit A3f is running away from: LionC1
Rabbit A3f is running away from: WolfB4
Rabbit B2 m is ready to mate
Not enough female Rabbits or Female Rabbit partners are not ready yet!
Rabbit B5 m is ready to mate
Not enough female Rabbits or Female Rabbit partners are not ready yet!
Rabbit C3 is Thirsty
Lion C1 is Thirsty
C1drank water
LionC1f ate: A3f
Lion C1 f is ready to mate
Lion B3 m is ready to mate
Wolf B5 is Hungry
Wolf B5f is chasing: B5m
Wolf B5 is Thirsty
B5drank water
Wolf B4 is Hungry
Wolf B4f is chasing: A3f
Wolf B4f ate!
Wolf B4 f is ready to mate
Wolf C4 is Hungry
Wolf C4m is chasing: B0m
Wolf C4m ate!
Wolf C4 is Thirsty
Wolf C4 m is ready to mate
Rabbit B2 is Thirsty
B2drank water
Rabbit B2 m is ready to mate
Not enough female Rabbits or Female Rabbit partners are not ready yet!
Rabbit B5 m is ready to mate
Not enough female Rabbits or Female Rabbit partners are not ready yet!
Rabbit C3 is Thirsty
C3drank water
Rabbit C3f is running away from: LionC1
Rabbit C3f is running away from: WolfB4
LionC1f ate: C3f
Lion C1 f is ready to mate
Lion B3 m is ready to mate
Wolf B5 is Hungry
Wolf B5f is chasing: B5m
Wolf B4f ate!
Wolf B4 f is ready to mate
Wolf C4 is Thirsty
Wolf C4 m is ready to mate
Rabbit B2 m is ready to mate
Not enough female Rabbits or Female Rabbit partners are not ready yet!
Rabbit B5 m is ready to mate
Not enough female Rabbits or Female Rabbit partners are not ready yet!
Lion C1 f is ready to mate
Lion B3 is Hungry
LionB3mis chasing: B2m
Lion B3 m is ready to mate
Wolf B5 is Hungry
Wolf B5f is chasing: B5m
Wolf B5f ate!
Wolf B4 f is ready to mate
Wolf C4 is Thirsty
Wolf C4 m is ready to mate
Rabbit B2m is running away from: LionB3
Rabbit B2m is running away from: WolfB4
Rabbit B2 m is ready to mate
Not enough female Rabbits or Female Rabbit partners are not ready yet!
Lion C1 f is ready to mate
LionB3m ate: B2m
Lion B3 m is ready to mate
Wolf B4 f is ready to mate
Wolf C4 is Thirsty
Wolf C4 m is ready to mate
Rabbit B2m is running away from: LionB3
Rabbit B2m is running away from: WolfB4
Rabbit B2 m is ready to mate
Not enough female Rabbits or Female Rabbit partners are not ready yet!
Lion C1 f is ready to mate
LionB3m ate: B2m
Lion B3 m is ready to mate
Wolf B4 f is ready to mate
Wolf C4 is Thirsty
Wolf C4 m is ready to mate
Wolf C0 is Hungry
Wolf C0m is chasing: C1f
Rabbit B2 m is ready to mate
Not enough female Rabbits or Female Rabbit partners are not ready yet!
Lion C1 f is ready to mate
Lion B3 m is ready to mate
Wolf B4f ate!
Wolf B4 f is ready to mate
Wolf C4 is Thirsty
Wolf C4 m is ready to mate
Wolf C0 is Hungry
Wolf C0m is chasing: C1f
Rabbit C1 is Hungry
Rabbit C1fate
Lion C1 f is ready to mate
Lion B3 m is ready to mate
Wolf B4f is running away from: B3
Wolf B4 f is ready to mate
Wolf C4 is Thirsty
C4drank water
Wolf C4 m is ready to mate
Wolf C0 is Hungry
Wolf C0m is chasing: C1f
Rabbit C1 is Thirsty
Lion C1 f is ready to mate
LionB3m ate: B4f
Lion B3 m is ready to mate
Wolf B4f is running away from: B3
Wolf B4 f is ready to mate
Wolf C4 m is ready to mate
Wolf C0 is Hungry
Wolf C0m is chasing: C1f
Rabbit C1 is Thirsty
C1drank water
Lion C1 f is ready to mate
LionB3m ate: B4f
Lion B3 m is ready to mate
Wolf B4f is running away from: B3
Wolf B4 f is ready to mate
Wolf C4 m is ready to mate
Wolf C0 is Hungry
Wolf C0m is chasing: C1f
Rabbit C1f is running away from: LionC1
Rabbit C1f is running away from: WolfB4
LionC1f ate: C1f
Lion C1 f is ready to mate
Lion B3 m is ready to mate
Lion A1 m was born!Father is B3 and Mother is C1
Wolf B4f is running away from: C1
Wolf B4 f is ready to mate
Wolf C4 m is ready to mate
Wolf C0 is Hungry
Wolf C0m is chasing: C1f
Rabbit C1f is running away from: LionC1
Rabbit C1f is running away from: WolfC4
LionC1f ate: C1f
Lion B3 m is ready to mate
No Female Lion Partner or Female Lion partners are not ready to mate Yet!
LionA1m ate: C1f
Wolf B4 f is ready to mate
Wolf C4m ate!
Wolf C4 m is ready to mate
Wolf C0 is Hungry
Lion B3 m is ready to mate
No Female Lion Partner or Female Lion partners are not ready to mate Yet!
LionA1m ate: C4m
Wolf B4 f is ready to mate
Wolf C4m is running away from: A1
Wolf C4 m is ready to mate
Wolf C0 is Hungry
LionB3m ate: C4m
Lion B3 m is ready to mate
No Female Lion Partner or Female Lion partners are not ready to mate Yet!
Wolf B5 is Hungry
Wolf B4 f is ready to mate
Wolf C4m is running away from: B3
Wolf C4 m is ready to mate
Wolf C0 is Hungry
Lion B3 m is ready to mate
No Female Lion Partner or Female Lion partners are not ready to mate Yet!
Lion B1 is Thirsty
Lion B1 is Hungry
LionB1fis chasing: B4f
Wolf B5 is Hungry
Wolf B4 f is ready to mate
Wolf C4 m is ready to mate
Wolf C0 is Hungry
Lion B3 m is ready to mate
No Female Lion Partner or Female Lion partners are not ready to mate Yet!
Lion B1 is Thirsty
B1drank water
Lion B1 is Hungry
LionB1fis chasing: B4f
Wolf B5 is Hungry
Wolf B4 f is ready to mate
Wolf C4 m is ready to mate
Wolf C0 is Hungry
Wolf C0 is Thirsty
LionC1f ate: B4f
LionB3m ate: C4m
Lion B3 m is ready to mate
No Female Lion Partner or Female Lion partners are not ready to mate Yet!
Lion B1 is Hungry
LionB1fis chasing: B4f
LionA1m ate: B4f
Wolf B5 is Hungry
Wolf B4f is running away from: A1
Wolf B4 is Hungry
Wolf B4 f is ready to mate
Wolf C4m is running away from: B3
Wolf C4 m is ready to mate
Wolf B0 f was born! Father is C4 and Mother is B4
Wolf C0 is Hungry
Wolf C0 is Thirsty
LionC1f ate: B4f
Lion B3 m is ready to mate
No Female Lion Partner or Female Lion partners are not ready to mate Yet!
Lion B1 is Hungry
LionB1fis chasing: B0f
LionB1fate: B0f
LionA1m ate: C4m
Wolf B5 is Hungry
Wolf B4f is running away from: B1
Wolf B4 is Hungry
Wolf C4m is running away from: A1
Wolf C4 m is ready to mate
No Female Wolf Partner or Female Wolf Partner not ready yet!
Wolf C0 is Hungry
Wolf C0 is Thirsty
Lion B3 m is ready to mate
No Female Lion Partner or Female Lion partners are not ready to mate Yet!
LionB1f ate: B4f
Wolf B5 is Hungry
Wolf B4f is running away from: A1
Wolf B4 is Hungry
Wolf C4 m is ready to mate
No Female Wolf Partner or Female Wolf Partner not ready yet!
Wolf C0 is Hungry
Wolf C0 is Thirsty
C0drank water
Lion B3 m is ready to mate
No Female Lion Partner or Female Lion partners are not ready to mate Yet!
Wolf B5 is Hungry
Wolf B4f is running away from: A1
Wolf B4 is Hungry
Wolf B4 is Thirsty
B4drank water
Wolf C4 m is ready to mate
No Female Wolf Partner or Female Wolf Partner not ready yet!
Wolf C0 is Hungry
Lion B3 is Thirsty
B3drank water
LionB3m ate: C4m
Lion B3 m is ready to mate
No Female Lion Partner or Female Lion partners are not ready to mate Yet!
Lion C2 is Thirsty
Lion C2 is Hungry
LionC2fis chasing: B4f
LionB1f ate: B4f
Wolf B5 is Hungry
Wolf B4 is Hungry
Wolf C4m is running away from: B3
Wolf C4 m is ready to mate
No Female Wolf Partner or Female Wolf Partner not ready yet!
Wolf C0 is Hungry
Lion C1 is Thirsty
LionC1f ate: B4f
Lion B3 m is ready to mate
No Female Lion Partner or Female Lion partners are not ready to mate Yet!
Lion C2 is Thirsty
Lion C2 is Hungry
LionC2fis chasing: B4f
LionA1m ate: C4m
Wolf B5 is Hungry
Wolf B5 is Thirsty
B5drank water
Wolf B4 is Hungry
Wolf C4m is running away from: A1
Wolf C4 is Hungry
Wolf C4 m is ready to mate
No Female Wolf Partner or Female Wolf Partner not ready yet!
Wolf C0 is Hungry
Lion C1 is Thirsty
LionC1f ate: B4f
LionB3m ate: C4m
Lion B3 m is ready to mate
No Female Lion Partner or Female Lion partners are not ready to mate Yet!
Lion C2 is Thirsty
C2drank water
Lion C2 is Hungry
LionC2fis chasing: B4f
Wolf B5 is Hungry
Wolf B4f is running away from: C1
Wolf B4 is Hungry
Wolf C4m is running away from: B3
Wolf C4 is Hungry
Wolf C4 m is ready to mate
No Female Wolf Partner or Female Wolf Partner not ready yet!
Wolf C0 is Hungry
Lion C1 is Thirsty
LionC1f ate: B4f
Lion B3 m is ready to mate
No Female Lion Partner or Female Lion partners are not ready to mate Yet!
Lion C2 is Hungry
LionC2fis chasing: B4f
LionB1f ate: B4f
Wolf B5 is Hungry
Wolf B4f is running away from: B1
Wolf B4 is Hungry
Wolf C4m is running away from: B1
Wolf C4 is Hungry
Wolf C4 m is ready to mate
No Female Wolf Partner or Female Wolf Partner not ready yet!
Wolf C0 is Hungry
Lion C1 is Thirsty
LionC1f ate: B4f
Lion B3 m is ready to mate
No Female Lion Partner or Female Lion partners are not ready to mate Yet!
Lion C2 is Hungry
LionC2fis chasing: B4f
Wolf B5 is Hungry
Wolf B4f is running away from: C1
Wolf B4 is Hungry
Wolf C4 is Hungry
Wolf C4 m is ready to mate
No Female Wolf Partner or Female Wolf Partner not ready yet!
Wolf C0 is Hungry
Lion C1 is Thirsty
Lion B3 m is ready to mate
No Female Lion Partner or Female Lion partners are not ready to mate Yet!
Lion C2 is Hungry
LionC2fis chasing: B4f
Wolf B5 is Hungry
Wolf B4f is running away from: C1
Wolf B4 is Hungry
Wolf C4 is Hungry
Wolf C4 m is ready to mate
No Female Wolf Partner or Female Wolf Partner not ready yet!
Wolf C0 is Hungry
Lion C1 is Thirsty
C1drank water
Lion B3 m is ready to mate
No Female Lion Partner or Female Lion partners are not ready to mate Yet!
Lion C2 is Hungry
LionC2fis chasing: B4f
Wolf B5 is Hungry
Wolf B4 is Hungry
Wolf C4m is running away from: B1
Wolf C4 is Hungry
Wolf C4 m is ready to mate
No Female Wolf Partner or Female Wolf Partner not ready yet!
Wolf C0 is Hungry
Lion B3 m is ready to mate
No Female Lion Partner or Female Lion partners are not ready to mate Yet!
Lion C2 is Hungry
LionC2fis chasing: B4f
LionB1f ate: C4m
Wolf B5 is Hungry
Wolf B4 is Hungry
Wolf C4 is Hungry
Wolf C4 is Thirsty
Wolf C4 m is ready to mate
No Female Wolf Partner or Female Wolf Partner not ready yet!
Wolf C0 is Hungry
LionC1f ate: C4m
Lion B3 m is ready to mate
No Female Lion Partner or Female Lion partners are not ready to mate Yet!
Lion C2 is Hungry
LionC2fis chasing: B4f
Wolf B5 is Hungry
Wolf B4 is Hungry
Wolf C4 is Hungry
Wolf C4 is Thirsty
Wolf C4 m is ready to mate
No Female Wolf Partner or Female Wolf Partner not ready yet!
Wolf C0 is Hungry
Lion B3 m is ready to mate
No Female Lion Partner or Female Lion partners are not ready to mate Yet!
Lion C2 is Hungry
LionC2fis chasing: B4f
Wolf B5 is Hungry
Wolf B4 is Hungry
Wolf C4 is Hungry
Wolf C4 is Thirsty
Wolf C4 m is ready to mate
No Female Wolf Partner or Female Wolf Partner not ready yet!
Wolf C0 is Hungry
Lion B3 m is ready to mate
No Female Lion Partner or Female Lion partners are not ready to mate Yet!
Lion C2 is Hungry
LionC2fis chasing: B4f
Lion A1 is Thirsty
Wolf B5 is Hungry
Wolf B4 is Hungry
Wolf C4 is Hungry
Wolf C4 is Thirsty
Wolf C4 m is ready to mate
No Female Wolf Partner or Female Wolf Partner not ready yet!
Wolf C0 is Hungry
Lion B3 m is ready to mate
No Female Lion Partner or Female Lion partners are not ready to mate Yet!
Lion C2 is Hungry
LionC2fis chasing: B4f
Lion A1 is Thirsty
Wolf B5 is Hungry
Wolf B4 is Hungry
Wolf C4 is Hungry
Wolf C4 is Thirsty
Wolf C4 m is ready to mate
No Female Wolf Partner or Female Wolf Partner not ready yet!
Wolf C0 is Hungry
Lion B3 m is ready to mate
No Female Lion Partner or Female Lion partners are not ready to mate Yet!
Lion C2 is Hungry
LionC2fis chasing: B4f
Lion A1 is Thirsty
Wolf B5 is Hungry
Wolf B4 is Hungry
Wolf C4 is Hungry
Wolf C4 is Thirsty
Wolf C4 m is ready to mate
No Female Wolf Partner or Female Wolf Partner not ready yet!
Wolf C0 is Hungry
Lion B3 m is ready to mate
No Female Lion Partner or Female Lion partners are not ready to mate Yet!
Lion C2 is Hungry
LionC2fis chasing: B4f
Lion A1 is Thirsty
A1drank water
Wolf B5 is Hungry
Wolf B4 is Hungry
Wolf C4 is Hungry
Wolf C4 is Thirsty
Wolf C4 m is ready to mate
No Female Wolf Partner or Female Wolf Partner not ready yet!
Wolf C0 is Hungry
Lion B3 m is ready to mate
No Female Lion Partner or Female Lion partners are not ready to mate Yet!
Lion C2 is Hungry
LionC2fis chasing: B4f
Wolf B5 is Hungry
Wolf B4 is Hungry
Wolf C4 is Hungry
Wolf C4 is Thirsty
C4drank water
Wolf C4 m is ready to mate
No Female Wolf Partner or Female Wolf Partner not ready yet!
Wolf C0 is Hungry
Lion B3 m is ready to mate
No Female Lion Partner or Female Lion partners are not ready to mate Yet!
Lion C2 is Hungry
LionC2fis chasing: B4f
Lion B1 is Thirsty
LionA1m ate: B4f
Wolf B5 is Hungry
Wolf B4 is Hungry
Wolf C4 is Hungry
Wolf C4 m is ready to mate
No Female Wolf Partner or Female Wolf Partner not ready yet!
Wolf C0 is Hungry
Lion B3 m is ready to mate
No Female Lion Partner or Female Lion partners are not ready to mate Yet!
Lion C2 is Hungry
LionC2fis chasing: B4f
Lion B1 is Thirsty
Wolf B5 is Hungry
Wolf B4f is running away from: C1
Wolf B4 is Hungry
Wolf C4 is Hungry
Wolf C4 m is ready to mate
No Female Wolf Partner or Female Wolf Partner not ready yet!
Wolf C0 is Hungry
LionC1f ate: B4f
Lion B3 m is ready to mate
No Female Lion Partner or Female Lion partners are not ready to mate Yet!
Lion C2 is Hungry
LionC2fis chasing: B4f
Lion B1 is Thirsty
Wolf B5 is Hungry
Wolf B4 is Hungry
Wolf C4 is Hungry
Wolf C4 m is ready to mate
No Female Wolf Partner or Female Wolf Partner not ready yet!
Wolf C0 is Hungry
Lion B3 m is ready to mate
No Female Lion Partner or Female Lion partners are not ready to mate Yet!
Lion C2 is Hungry
LionC2fis chasing: B4f
Lion B1 is Thirsty
Wolf B5 is Hungry
Wolf B4 is Hungry
Wolf C4 is Hungry
Wolf C4 m is ready to mate
No Female Wolf Partner or Female Wolf Partner not ready yet!
Wolf C0 is Hungry
Wolf C0 is Thirsty
Lion B3 m is ready to mate
No Female Lion Partner or Female Lion partners are not ready to mate Yet!
Lion C2 is Hungry
LionC2fis chasing: B4f
Lion B1 is Thirsty
Wolf B5 is Hungry
Wolf B4f is running away from: C1
Wolf B4 is Hungry
Wolf B4 is Thirsty
B4drank water
Wolf C4 is Hungry
Wolf C4 m is ready to mate
No Female Wolf Partner or Female Wolf Partner not ready yet!
Wolf C0 is Hungry
Wolf C0 is Thirsty
LionC1f ate: B4f
Lion B3 is Thirsty
B3drank water
Lion B3 m is ready to mate
No Female Lion Partner or Female Lion partners are not ready to mate Yet!
Lion C2 is Hungry
LionC2fis chasing: B4f
Lion B1 is Thirsty
B1drank water
Wolf B5 is Hungry
Wolf B4f is running away from: C1
Wolf B4 is Hungry
Wolf C4 is Hungry
Wolf C4 m is ready to mate
No Female Wolf Partner or Female Wolf Partner not ready yet!
Wolf C0 is Hungry
Wolf C0 is Thirsty
Lion B3 m is ready to mate
No Female Lion Partner or Female Lion partners are not ready to mate Yet!
Lion C2 is Hungry
LionC2fis chasing: B4f
Wolf B5 is Hungry
Wolf B5 is Thirsty
Wolf B4 is Hungry
Wolf C4 is Hungry
Wolf C4 m is ready to mate
No Female Wolf Partner or Female Wolf Partner not ready yet!
Wolf C0 is Hungry
Wolf C0 is Thirsty
Lion B3 is Hungry
LionB3mis chasing: B4f
Lion B3 m is ready to mate
No Female Lion Partner or Female Lion partners are not ready to mate Yet!
Lion C2 is Thirsty
C2drank water
Lion C2 is Hungry
LionC2fis chasing: B4f
Wolf B5 is Hungry
Wolf B5 is Thirsty
B5drank water
Wolf B4 is Hungry
Wolf C4 is Hungry
Wolf C4 m is ready to mate
No Female Wolf Partner or Female Wolf Partner not ready yet!
Wolf C0 is Hungry
Wolf C0 is Thirsty
C0drank water
Lion B3 is Hungry
LionB3mis chasing: B4f
Lion B3 m is ready to mate
No Female Lion Partner or Female Lion partners are not ready to mate Yet!
Lion C2 is Hungry
LionC2fis chasing: B4f
Wolf B5 is Hungry
Wolf B4 is Hungry
Wolf C4 is Hungry
Wolf C4 m is ready to mate
No Female Wolf Partner or Female Wolf Partner not ready yet!
Wolf C0 is Hungry
Lion B3 is Hungry
LionB3mis chasing: B4f
Lion B3 m is ready to mate
No Female Lion Partner or Female Lion partners are not ready to mate Yet!
Lion C2 is Hungry
LionC2fis chasing: B4f
Wolf B5 is Hungry
Wolf B4 is Hungry
Wolf C4 is Hungry
Wolf C4 m is ready to mate
No Female Wolf Partner or Female Wolf Partner not ready yet!
Wolf C0 is Hungry
Lion B3 is Hungry
LionB3mis chasing: B4f
LionB3mate: B4f
Lion B3 m is ready to mate
No Female Lion Partner or Female Lion partners are not ready to mate Yet!
Lion C2 is Hungry
LionC2fis chasing: C4m
Wolf B5 is Hungry
Wolf C4 is Hungry
Wolf C4 m is ready to mate
No Female Wolf Partner or Female Wolf Partner not ready yet!
Wolf C0 is Hungry
Lion C1 is Thirsty
Lion B3 m is ready to mate
No Female Lion Partner or Female Lion partners are not ready to mate Yet!
Lion C2 is Hungry
LionC2fis chasing: C4m
Wolf B5 is Hungry
Wolf C4 is Hungry
Wolf C4 m is ready to mate
No Female Wolf Partner or Female Wolf Partner not ready yet!
Wolf C0 is Hungry
Lion C1 is Thirsty
Lion B3 m is ready to mate
No Female Lion Partner or Female Lion partners are not ready to mate Yet!
Lion C2 is Hungry
LionC2fis chasing: C4m
Lion B1 is Hungry
LionB1fis chasing: C4m
Wolf B5 is Hungry
Wolf C4 is Hungry
Wolf C4 m is ready to mate
No Female Wolf Partner or Female Wolf Partner not ready yet!
Wolf C0 is Hungry
Lion C1 is Thirsty
Lion B3 m is ready to mate
No Female Lion Partner or Female Lion partners are not ready to mate Yet!
Lion C2 is Hungry
LionC2fis chasing: C4m
Lion B1 is Hungry
LionB1fis chasing: C4m
Wolf B5 is Hungry
Wolf C4 is Hungry
Wolf C4 m is ready to mate
No Female Wolf Partner or Female Wolf Partner not ready yet!
Wolf C0 is Hungry
Lion C1 is Thirsty
C1drank water
Lion B3 m is ready to mate
No Female Lion Partner or Female Lion partners are not ready to mate Yet!
Lion C2 is Hungry
LionC2fis chasing: C4m
Lion B1 is Hungry
LionB1fis chasing: C4m
Wolf B5 is Hungry
Wolf C4 is Hungry
Wolf C4 m is ready to mate
No Female Wolf Partner or Female Wolf Partner not ready yet!
Wolf C0 is Hungry
Lion B3 m is ready to mate
No Female Lion Partner or Female Lion partners are not ready to mate Yet!
Lion C2 is Hungry
LionC2fis chasing: C4m
Lion B1 is Hungry
LionB1fis chasing: C4m
Wolf B5 is Hungry
Wolf C4 is Hungry
Wolf C4 m is ready to mate
No Female Wolf Partner or Female Wolf Partner not ready yet!
Wolf C0 is Hungry
Lion B3 m is ready to mate
No Female Lion Partner or Female Lion partners are not ready to mate Yet!
Lion C2 is Hungry
LionC2fis chasing: C4m
Lion B1 is Hungry
LionB1fis chasing: C4m
Wolf B5 is Hungry
Wolf C4 is Hungry
Wolf C4 m is ready to mate
No Female Wolf Partner or Female Wolf Partner not ready yet!
Wolf C0 is Hungry
Lion B3 m is ready to mate
No Female Lion Partner or Female Lion partners are not ready to mate Yet!
Lion C2 is Hungry
LionC2fis chasing: B5f
Lion B1 is Hungry
LionB1fis chasing: B5f
Wolf B5 is Hungry
Wolf C4 is Hungry
Wolf C4 m is ready to mate
No Female Wolf Partner or Female Wolf Partner not ready yet!
Wolf C0 is Hungry
Lion B3 m is ready to mate
No Female Lion Partner or Female Lion partners are not ready to mate Yet!
Lion C2 is Hungry
LionC2fis chasing: C4m
Lion B1 is Hungry
LionB1fis chasing: C4m
Lion A1 is Thirsty
Wolf B5 is Hungry
Wolf C4 is Hungry
Wolf C4 m is ready to mate
No Female Wolf Partner or Female Wolf Partner not ready yet!
Wolf C0 is Hungry
Lion B3 m is ready to mate
No Female Lion Partner or Female Lion partners are not ready to mate Yet!
Lion C2 is Hungry
LionC2fis chasing: C4m
Lion B1 is Hungry
LionB1fis chasing: C4m
Lion A1 is Thirsty
A1drank water
Wolf B5 is Hungry
Wolf C4 is Hungry
Wolf C4 is Thirsty
C4drank water
Wolf C4 m is ready to mate
No Female Wolf Partner or Female Wolf Partner not ready yet!
Wolf C0 is Hungry
Lion B3 m is ready to mate
No Female Lion Partner or Female Lion partners are not ready to mate Yet!
Lion C2 is Hungry
LionC2fis chasing: C4m
Lion B1 is Hungry
LionB1fis chasing: C4m
Lion A1 is Hungry
LionA1mis chasing: C4m
Wolf B5 is Hungry
Wolf C4 is Hungry
Wolf C4 m is ready to mate
No Female Wolf Partner or Female Wolf Partner not ready yet!
Wolf C0 is Hungry
Lion B3 m is ready to mate
No Female Lion Partner or Female Lion partners are not ready to mate Yet!
Lion C2 is Hungry
LionC2fis chasing: C4m
Lion B1 is Hungry
LionB1fis chasing: C4m
Lion A1 is Hungry
LionA1mis chasing: C4m
Wolf B5 is Hungry
Wolf C4 is Hungry
Wolf C4 m is ready to mate
No Female Wolf Partner or Female Wolf Partner not ready yet!
Wolf C0 is Hungry
Lion B3 m is ready to mate
No Female Lion Partner or Female Lion partners are not ready to mate Yet!
Lion C2 is Hungry
LionC2fis chasing: C4m
Lion B1 is Hungry
LionB1fis chasing: B5f
Lion A1 is Hungry
LionA1mis chasing: B5f
Wolf B5 is Hungry
Wolf C4m is running away from: C2
Wolf C4 is Hungry
Wolf C4 m is ready to mate
No Female Wolf Partner or Female Wolf Partner not ready yet!
Wolf C0 is Hungry
Lion B3 m is ready to mate
No Female Lion Partner or Female Lion partners are not ready to mate Yet!
LionC2f ate: C4m
Lion B1 is Hungry
LionB1fis chasing: C4m
Lion A1 is Hungry
LionA1mis chasing: C4m
Wolf B5 is Hungry
Wolf C4 is Hungry
Wolf C4 m is ready to mate
No Female Wolf Partner or Female Wolf Partner not ready yet!
Wolf C0 is Hungry
Lion B3 m is ready to mate
No Female Lion Partner or Female Lion partners are not ready to mate Yet!
Lion B1 is Hungry
LionB1fis chasing: C4m
Lion A1 is Hungry
LionA1mis chasing: C4m
Wolf B5 is Hungry
Wolf C4 is Hungry
Wolf C4 m is ready to mate
No Female Wolf Partner or Female Wolf Partner not ready yet!
Wolf C0 is Hungry
Lion C1 is Hungry
LionC1fis chasing: C4m
Lion B3 is Thirsty
B3drank water
Lion B3 m is ready to mate
No Female Lion Partner or Female Lion partners are not ready to mate Yet!
Lion B1 is Thirsty
Lion B1 is Hungry
LionB1fis chasing: C4m
Lion A1 is Hungry
LionA1mis chasing: C4m
Wolf B5 is Hungry
Wolf C4 is Hungry
Wolf C4 m is ready to mate
No Female Wolf Partner or Female Wolf Partner not ready yet!
Wolf C0 is Hungry
Lion C1 is Hungry
LionC1fis chasing: C4m
Lion B3 m is ready to mate
No Female Lion Partner or Female Lion partners are not ready to mate Yet!
Lion B1 is Thirsty
Lion B1 is Hungry
LionB1fis chasing: C4m
Lion A1 is Hungry
LionA1mis chasing: C4m
Wolf B5 is Hungry
Wolf C4 is Hungry
Wolf C4 m is ready to mate
No Female Wolf Partner or Female Wolf Partner not ready yet!
Wolf C0 is Hungry
Lion C1 is Hungry
LionC1fis chasing: C4m
Lion B3 m is ready to mate
No Female Lion Partner or Female Lion partners are not ready to mate Yet!
Lion C2 is Thirsty
Lion B1 is Thirsty
Lion B1 is Hungry
LionB1fis chasing: C4m
Lion A1 is Hungry
LionA1mis chasing: C4m
Wolf B5 is Hungry
Wolf B5 is Thirsty
B5drank water
Wolf C4 is Hungry
Wolf C4 m is ready to mate
No Female Wolf Partner or Female Wolf Partner not ready yet!
Wolf C0 is Hungry
Wolf C0 is Thirsty
Lion C1 is Hungry
LionC1fis chasing: C4m
Lion B3 m is ready to mate
No Female Lion Partner or Female Lion partners are not ready to mate Yet!
Lion C2 is Thirsty
Lion B1 is Thirsty
Lion B1 is Hungry
LionB1fis chasing: C4m
LionB1fate: C4m
Lion A1 is Hungry
LionA1mis chasing: B5f
Wolf B5 is Hungry
Wolf C0 is Hungry
Wolf C0 is Thirsty
C0drank water
Lion C1 is Hungry
LionC1fis chasing: B5f
Lion B3 m is ready to mate
No Female Lion Partner or Female Lion partners are not ready to mate Yet!
Lion C2 is Thirsty
Lion B1 is Thirsty
LionA1m ate: B5f
Wolf B5f is running away from: A1
Wolf B5 is Hungry
Wolf C0 is Hungry
Lion C1 is Hungry
LionC1fis chasing: B5f
Lion B3 is Hungry
LionB3mis chasing: B5f
Lion B3 m is ready to mate
No Female Lion Partner or Female Lion partners are not ready to mate Yet!
Lion C2 is Thirsty
Lion B1 is Thirsty
Wolf B5f is running away from: A1
Wolf B5 is Hungry
Wolf C0 is Hungry
Lion C1 is Hungry
LionC1fis chasing: B5f
Lion B3 is Hungry
LionB3mis chasing: B5f
Lion B3 m is ready to mate
No Female Lion Partner or Female Lion partners are not ready to mate Yet!
Lion C2 is Thirsty
Lion B1 is Thirsty
LionA1m ate: B5f
Wolf B5f is running away from: A1
Wolf B5 is Hungry
Wolf C0 is Hungry
Lion C1 is Hungry
LionC1fis chasing: B5f
Lion B3 is Hungry
LionB3mis chasing: B5f
Lion B3 m is ready to mate
No Female Lion Partner or Female Lion partners are not ready to mate Yet!
Lion C2 is Thirsty
Lion B1 is Thirsty
Wolf B5 is Hungry
Wolf C0 is Hungry
Lion C1 is Hungry
LionC1fis chasing: B5f
Lion B3 is Hungry
LionB3mis chasing: B5f
Lion B3 m is ready to mate
No Female Lion Partner or Female Lion partners are not ready to mate Yet!
Lion C2 is Thirsty
Lion B1 is Thirsty
Wolf B5 is Hungry
Wolf C0 is Hungry
Lion C1 is Thirsty
Lion C1 is Hungry
LionC1fis chasing: B5f
Lion B3 is Hungry
LionB3mis chasing: B5f
Lion B3 m is ready to mate
No Female Lion Partner or Female Lion partners are not ready to mate Yet!
Lion C2 is Thirsty
Lion B1 is Thirsty
Wolf B5 is Hungry
Wolf C0 is Hungry
Lion C1 is Thirsty
C1drank water
Lion C1 is Hungry
LionC1fis chasing: B5f
Lion B3 is Hungry
LionB3mis chasing: B5f
Lion B3 m is ready to mate
No Female Lion Partner or Female Lion partners are not ready to mate Yet!
Lion C2 is Thirsty
C2drank water
Lion B1 is Thirsty
Wolf B5 is Hungry
Wolf C0 is Hungry
Lion C1 is Hungry
LionC1fis chasing: B5f
LionC1fate: B5f
Lion B3 is Hungry
LionB3mis chasing: C0m
Lion B3 m is ready to mate
No Female Lion Partner or Female Lion partners are not ready to mate Yet!
Lion B1 is Thirsty
Wolf C0 is Hungry
Lion B3 is Hungry
LionB3mis chasing: C0m
Lion B3 m is ready to mate
No Female Lion Partner or Female Lion partners are not ready to mate Yet!
Lion B1 is Thirsty
B1drank water
Wolf C0 is Hungry
Lion B3 is Hungry
LionB3mis chasing: C0m
Lion B3 m is ready to mate
No Female Lion Partner or Female Lion partners are not ready to mate Yet!
Wolf C0 is Hungry
Lion B3 is Hungry
LionB3mis chasing: C0m
Lion B3 m is ready to mate
No Female Lion Partner or Female Lion partners are not ready to mate Yet!
Lion A1 is Thirsty
Wolf C0 is Hungry
Lion B3 is Hungry
LionB3mis chasing: C0m
Lion B3 m is ready to mate
No Female Lion Partner or Female Lion partners are not ready to mate Yet!
Lion A1 is Thirsty
Wolf C0 is Hungry
Lion B3 is Hungry
LionB3mis chasing: C0m
Lion B3 m is ready to mate
No Female Lion Partner or Female Lion partners are not ready to mate Yet!
Lion A1 is Thirsty
Wolf C0 is Hungry
Lion B3 is Hungry
LionB3mis chasing: C0m
Lion B3 m is ready to mate
No Female Lion Partner or Female Lion partners are not ready to mate Yet!
Lion A1 is Thirsty
Wolf C0 is Hungry
Lion B3 is Hungry
LionB3mis chasing: C0m
Lion B3 m is ready to mate
No Female Lion Partner or Female Lion partners are not ready to mate Yet!
Lion C2 is Hungry
LionC2fis chasing: C0m
Lion A1 is Thirsty
Wolf C0 is Hungry
Lion B3 is Hungry
LionB3mis chasing: C0m
Lion B3 m is ready to mate
No Female Lion Partner or Female Lion partners are not ready to mate Yet!
Lion C2 is Hungry
LionC2fis chasing: C0m
Lion A1 is Thirsty
Wolf C0 is Hungry
Lion B3 is Thirsty
B3drank water
Lion B3 is Hungry
LionB3mis chasing: C0m
Lion B3 m is ready to mate
No Female Lion Partner or Female Lion partners are not ready to mate Yet!
Lion C2 is Hungry
LionC2fis chasing: C0m
Lion A1 is Thirsty
Wolf C0 is Hungry
Lion B3 is Hungry
LionB3mis chasing: C0m
Lion B3 m is ready to mate
No Female Lion Partner or Female Lion partners are not ready to mate Yet!
Lion C2 is Hungry
LionC2fis chasing: C0m
Lion A1 is Thirsty
Wolf C0 is Hungry
Lion B3 is Hungry
LionB3mis chasing: C0m
Lion B3 m is ready to mate
No Female Lion Partner or Female Lion partners are not ready to mate Yet!
Lion C2 is Hungry
LionC2fis chasing: C0m
Lion A1 is Thirsty
A1drank water
Wolf C0 is Hungry
Lion B3 is Hungry
LionB3mis chasing: C0m
Lion B3 m is ready to mate
No Female Lion Partner or Female Lion partners are not ready to mate Yet!
Lion C2 is Hungry
LionC2fis chasing: C0m
Lion B1 is Hungry
LionB1fis chasing: C0m
Wolf C0 is Hungry
Wolf C0 is Thirsty
Lion B3 is Hungry
LionB3mis chasing: C0m
LionB3mate: C0m
Lion B3 m is ready to mate
No Female Lion Partner or Female Lion partners are not ready to mate Yet!
Lion C2 is Hungry
Lion B1 is Hungry
Lion B3 m is ready to mate
No Female Lion Partner or Female Lion partners are not ready to mate Yet!
Lion B3 m is ready to mate
No Female Lion Partner or Female Lion partners are not ready to mate Yet!
Lion A1 is Hungry
Lion B3 m is ready to mate
No Female Lion Partner or Female Lion partners are not ready to mate Yet!
Lion B3 m is ready to mate
No Female Lion Partner or Female Lion partners are not ready to mate Yet!
Lion B3 m is ready to mate
No Female Lion Partner or Female Lion partners are not ready to mate Yet!
Lion C1 is Thirsty
Lion B3 m is ready to mate
No Female Lion Partner or Female Lion partners are not ready to mate Yet!
Lion C1 is Thirsty
C1drank water
Lion C1 is Hungry
Lion B3 m is ready to mate
No Female Lion Partner or Female Lion partners are not ready to mate Yet!
Lion B3 m is ready to mate
No Female Lion Partner or Female Lion partners are not ready to mate Yet!
Lion B3 m is ready to mate
No Female Lion Partner or Female Lion partners are not ready to mate Yet!
Lion B3 m is ready to mate
No Female Lion Partner or Female Lion partners are not ready to mate Yet!
Lion B3 m is ready to mate
No Female Lion Partner or Female Lion partners are not ready to mate Yet!
Lion B3 m is ready to mate
No Female Lion Partner or Female Lion partners are not ready to mate Yet!
Lion B3 m is ready to mate
No Female Lion Partner or Female Lion partners are not ready to mate Yet!
Lion B3 m is ready to mate
No Female Lion Partner or Female Lion partners are not ready to mate Yet!
Lion B3 m is ready to mate
No Female Lion Partner or Female Lion partners are not ready to mate Yet!
Lion B3 is Thirsty
Lion B3 m is ready to mate
No Female Lion Partner or Female Lion partners are not ready to mate Yet!
Lion B3 is Thirsty
Lion B3 m is ready to mate
No Female Lion Partner or Female Lion partners are not ready to mate Yet!
Lion B3 is Thirsty
B3drank water
Lion B3 m is ready to mate
No Female Lion Partner or Female Lion partners are not ready to mate Yet!
Lion B3 m is ready to mate
No Female Lion Partner or Female Lion partners are not ready to mate Yet!
Lion B3 is Hungry
Lion B3 m is ready to mate
No Female Lion Partner or Female Lion partners are not ready to mate Yet!
