Wolf A0f is running away from: LionA3
Wolf C4m is running away from: LionC5
Wolf C4m ate!
Wolf B1m is running away from: LionC5
Wolf C5m is running away from: LionA3
Rabbit A3m is running away from: LionC5
Rabbit A3m is running away from: WolfC5
Rabbit A3 is Hungry
Rabbit A3m ate
Rabbit A3 m is ready to mate
Not enough female Rabbits or Female Rabbit partners are not ready yet!
Rabbit A0f is running away from: LionA5
Rabbit A0f is running away from: WolfC4
Rabbit A0 is Hungry
Rabbit A0f ate
Rabbit A0 f is ready to mate
Rabbit B0f is running away from: LionA3
Rabbit B0f is running away from: WolfC5
Rabbit B0 is Hungry
Rabbit B0f ate
Rabbit B0 f is ready to mate
Rabbit C2f is running away from: LionA3
Rabbit C2f is running away from: WolfB1
Rabbit C2 is Hungry
Rabbit C2f ate
Rabbit C2 f is ready to mate
Rabbit B5m is running away from: LionC5
Rabbit B5m is running away from: WolfC5
Rabbit B5 is Hungry
Rabbit B5m ate
Rabbit B5 m is ready to mate
Rabbit B5 m is approaching partner: Rabbit C2f
Rabbit A3m is running away from: LionC5
Rabbit A3m is running away from: WolfC5
Rabbit A3 is Hungry
Rabbit A3m ate
Rabbit A3 m is ready to mate
Rabbit A3 m is approaching partner: Rabbit B0f
Rabbit B3m is running away from: LionA3
Rabbit B3m is running away from: WolfA0
Rabbit B3 is Hungry
Rabbit B3m ate
Rabbit B3 m is ready to mate
Rabbit B3 m is approaching partner: Rabbit A0f
Rabbit A3f is running away from: LionC5
Rabbit A3f is running away from: WolfC5
Rabbit A3 is Hungry
Rabbit A3f ate
Rabbit A3 f is ready to mate
Rabbit A2m is running away from: LionC5
Rabbit A2m is running away from: WolfB1
Rabbit A2 is Hungry
Rabbit A2m ate
Rabbit A2 m is ready to mate
Rabbit A2 m is approaching partner: Rabbit C2f
Rabbit A2m is running away from: LionC5
Rabbit A2m is running away from: WolfB1
Rabbit A2 is Hungry
Rabbit A2m ate
Rabbit A2 m is ready to mate
Rabbit A2 m is approaching partner: Rabbit C2f
Rabbit A1f is running away from: LionA3
Rabbit A1f is running away from: WolfB1
Rabbit A1 is Hungry
Rabbit A1f ate
Rabbit A1 f is ready to mate
Rabbit B1f is running away from: LionC5
Rabbit B1f is running away from: WolfC5
Rabbit B1 is Hungry
Rabbit B1f ate
Rabbit B1 f is ready to mate
Rabbit A5m is running away from: LionB1
Rabbit A5m is running away from: WolfA0
Rabbit A5 is Hungry
Rabbit A5m ate
Rabbit A5 m is ready to mate
Rabbit A5 m is approaching partner: Rabbit A0f
Rabbit A5f is running away from: LionB1
Rabbit A5f is running away from: WolfC4
Rabbit A5 is Hungry
Rabbit A5f ate
Rabbit A5 f is ready to mate
Wolf A0f is running away from: LionA3
Wolf A0 is Hungry
Wolf A0f is chasing: C2f
Wolf C4m is running away from: LionC5
Wolf B1m is running away from: LionA3
Wolf B1 is Hungry
Wolf B1m is chasing: A2m
Wolf C5m is running away from: LionA3
Wolf C5 is Hungry
Wolf C5m is chasing: B0f
Rabbit A3m is running away from: LionC5
Rabbit A3m is running away from: WolfC5
Rabbit A3 is Hungry
Rabbit A3 m is ready to mate
Rabbit A3 m is approaching partner: Rabbit A1f
Rabbit A0f is running away from: LionB1
Rabbit A0f is running away from: WolfC4
Rabbit A0 is Hungry
Rabbit A0f ate
Rabbit A0 f is ready to mate
Rabbit B0f is running away from: LionA3
Rabbit B0f is running away from: WolfC5
Rabbit B0 is Hungry
Rabbit B0f ate
Rabbit B0 f is ready to mate
Rabbit C2f is running away from: LionA3
Rabbit C2f is running away from: WolfB1
Rabbit C2 is Hungry
Rabbit C2f ate
Rabbit C2 f is ready to mate
Rabbit B5m is running away from: LionC5
Rabbit B5m is running away from: WolfC5
Rabbit B5 is Hungry
Rabbit B5m ate
Rabbit B5 m is ready to mate
Rabbit B5 m is approaching partner: Rabbit B1f
Rabbit A3m is running away from: LionC5
Rabbit A3m is running away from: WolfC5
Rabbit A3 is Hungry
Rabbit A3m ate
Rabbit A3 m is ready to mate
Rabbit A3 m is approaching partner: Rabbit A3f
Rabbit B3m is running away from: LionB1
Rabbit B3m is running away from: WolfA0
Rabbit B3 is Hungry
Rabbit B3m ate
Rabbit B3 m is ready to mate
Rabbit B3 m is approaching partner: Rabbit A0f
Rabbit A3f is running away from: LionC5
Rabbit A3f is running away from: WolfC5
Rabbit A3 is Hungry
Rabbit A3 f is ready to mate
Rabbit A2m is running away from: LionC5
Rabbit A2m is running away from: WolfB1
Rabbit A2 is Hungry
Rabbit A2 m is ready to mate
Rabbit A2 m is approaching partner: Rabbit C2f
Rabbit A2m is running away from: LionA3
Rabbit A2m is running away from: WolfB1
Rabbit A2 is Hungry
Rabbit A2m ate
Rabbit A2 m is ready to mate
Rabbit A2 m is approaching partner: Rabbit A1f
Rabbit A1f is running away from: LionA3
Rabbit A1f is running away from: WolfA0
Rabbit A1 is Hungry
Rabbit A1f ate
Rabbit A1 f is ready to mate
Rabbit B1f is running away from: LionC5
Rabbit B1f is running away from: WolfC5
Rabbit B1 is Hungry
Rabbit B1f ate
Rabbit B1 f is ready to mate
Rabbit A5m is running away from: LionB1
Rabbit A5m is running away from: WolfA0
Rabbit A5 is Hungry
Rabbit A5m ate
Rabbit A5 m is ready to mate
Rabbit A5 m is approaching partner: Rabbit A5f
Rabbit A5f is running away from: LionB1
Rabbit A5f is running away from: WolfA0
Rabbit A5 is Hungry
Rabbit A5f ate
Rabbit A5 f is ready to mate
Wolf A0f is running away from: LionA3
Wolf A0 is Hungry
Wolf A0f is chasing: C2f
Wolf C4m is running away from: LionC5
Wolf C4 is Hungry
Wolf C4m is chasing: C2f
Wolf B1m is running away from: LionA3
Wolf B1 is Hungry
Wolf B1m is chasing: C2f
Wolf B1m ate!
Wolf C5m is running away from: LionA3
Wolf C5 is Hungry
Wolf C5m is chasing: A3f
Rabbit A3m is running away from: LionC5
Rabbit A3m is running away from: WolfA0
Rabbit A3 is Hungry
Rabbit A3m ate
Rabbit A3 m is ready to mate
Rabbit A3 m is approaching partner: Rabbit A1f
Rabbit A0f is running away from: LionA5
Rabbit A0f is running away from: WolfC4
Rabbit A0 is Hungry
Rabbit A0 f is ready to mate
Rabbit B0f is running away from: LionA3
Rabbit B0f is running away from: WolfC5
Rabbit B0 is Hungry
Rabbit B0 f is ready to mate
Rabbit B5m is running away from: LionC5
Rabbit B5m is running away from: WolfC5
Rabbit B5 is Hungry
Rabbit B5 m is ready to mate
Rabbit B5 m is approaching partner: Rabbit B1f
Rabbit A3m is running away from: LionC5
Rabbit A3m is running away from: WolfC5
Rabbit A3 is Hungry
Rabbit A3m ate
Rabbit A3 m is ready to mate
Rabbit A3 m is approaching partner: Rabbit A3f
Rabbit B3m is running away from: LionA5
Rabbit B3m is running away from: WolfA0
Rabbit B3 is Hungry
Rabbit B3m ate
Rabbit B3 m is ready to mate
Rabbit B3 m is approaching partner: Rabbit A5f
Rabbit A3f is running away from: LionC5
Rabbit A3f is running away from: WolfC5
Rabbit A3 is Hungry
Rabbit A3 f is ready to mate
Rabbit A2m is running away from: LionC5
Rabbit A2m is running away from: WolfB1
Rabbit A2 is Hungry
Rabbit A2m ate
Rabbit A2 m is ready to mate
Rabbit A2 m is approaching partner: Rabbit A1f
Rabbit A2m is running away from: LionA3
Rabbit A2m is running away from: WolfB1
Rabbit A2 is Hungry
Rabbit A2m ate
Rabbit A2 m is ready to mate
Rabbit A2 m is approaching partner: Rabbit A1f
Rabbit A1f is running away from: LionA3
Rabbit A1f is running away from: WolfC5
Rabbit A1 is Hungry
Rabbit A1f ate
Rabbit A1 f is ready to mate
Rabbit B1f is running away from: LionC5
Rabbit B1f is running away from: WolfC5
Rabbit B1 is Hungry
Rabbit B1f ate
Rabbit B1 f is ready to mate
Rabbit A5m is running away from: LionB1
Rabbit A5m is running away from: WolfC4
Rabbit A5 is Hungry
Rabbit A5 m is ready to mate
Rabbit A5 m is approaching partner: Rabbit A5f
Rabbit A5f is running away from: LionB1
Rabbit A5f is running away from: WolfC4
Rabbit A5 is Hungry
Rabbit A5f ate
Rabbit A5 f is ready to mate
Wolf A0f is running away from: LionA3
Wolf A0 is Hungry
Wolf A0f is chasing: A2m
Wolf A0 f is ready to mate
Wolf C4m is running away from: LionC5
Wolf C4 is Hungry
Wolf C4m is chasing: A2m
Wolf C4 m is ready to mate
Wolf B1m is running away from: LionC5
Wolf B1m ate!
Wolf B1 m is ready to mate
Wolf C5m is running away from: LionA3
Wolf C5 is Hungry
Wolf C5m is chasing: A3f
Wolf C5 m is ready to mate
Rabbit A3m is running away from: LionA3
Rabbit A3m is running away from: WolfC5
Rabbit A3 is Hungry
Rabbit A3m ate
Rabbit A3 m is ready to mate
Rabbit A3 m is approaching partner: Rabbit A1f
Rabbit A0f is running away from: LionA5
Rabbit A0f is running away from: WolfC4
Rabbit A0 is Hungry
Rabbit A0 f is ready to mate
Rabbit B0f is running away from: LionA3
Rabbit B0f is running away from: WolfC5
Rabbit B0 is Hungry
Rabbit B0 f is ready to mate
Rabbit B5m is running away from: LionC5
Rabbit B5m is running away from: WolfC5
Rabbit B5 is Hungry
Rabbit B5m ate
Rabbit B5 m is ready to mate
Rabbit B5 m is approaching partner: Rabbit B1f
Rabbit A2 f was born!Father is B5 and Mother is B1
Rabbit A3m is running away from: LionC5
Rabbit A3m is running away from: WolfC5
Rabbit A3 is Hungry
Rabbit A3m ate
Rabbit A3 m is ready to mate
Rabbit A3 m is approaching partner: Rabbit A3f
Rabbit B3m is running away from: LionA5
Rabbit B3m is running away from: WolfA0
Rabbit B3 is Hungry
Rabbit B3m ate
Rabbit B3 m is ready to mate
Rabbit B3 m is approaching partner: Rabbit A5f
Rabbit A3f is running away from: LionC5
Rabbit A3f is running away from: WolfC5
Rabbit A3 is Hungry
Rabbit A3f ate
Rabbit A3 f is ready to mate
Rabbit A2m is running away from: LionA3
Rabbit A2m is running away from: WolfC5
Rabbit A2 is Hungry
Rabbit A2m ate
Rabbit A2 m is ready to mate
Rabbit A2 m is approaching partner: Rabbit A1f
Rabbit A1f is running away from: LionA3
Rabbit A1f is running away from: WolfC5
Rabbit A1 is Hungry
Rabbit A1f ate
Rabbit A1 f is ready to mate
Rabbit B1f is running away from: LionC5
Rabbit B1f is running away from: WolfC5
Rabbit B1 is Hungry
Rabbit B1f ate
Rabbit A5m is running away from: LionB1
Rabbit A5m is running away from: WolfC4
Rabbit A5 is Hungry
Rabbit A5m ate
Rabbit A5 m is ready to mate
Rabbit A5 m is approaching partner: Rabbit A5f
Rabbit A5f is running away from: LionB1
Rabbit A5f is running away from: WolfC4
Rabbit A5 is Hungry
Rabbit A5 f is ready to mate
Wolf A0f is running away from: LionA3
Wolf A0 is Hungry
Wolf A0f is chasing: A1f
Wolf A0 f is ready to mate
Wolf C4m is running away from: LionC5
Wolf C4 is Hungry
Wolf C4m is chasing: A0f
Wolf C4 m is ready to mate
Wolf B1m is running away from: LionC5
Wolf B1 m is ready to mate
Wolf C5m is running away from: LionA3
Wolf C5 is Hungry
Wolf C5m is chasing: A3f
Wolf C5 m is ready to mate
Rabbit A3m is running away from: LionC5
Rabbit A3m is running away from: WolfC5
Rabbit A3 is Hungry
Rabbit A3m ate
Rabbit A3 m is ready to mate
Rabbit A3 m is approaching partner: Rabbit A1f
Rabbit A0f is running away from: LionA5
Rabbit A0f is running away from: WolfC4
Rabbit A0 is Hungry
Rabbit A0f ate
Rabbit A0 f is ready to mate
Rabbit B0f is running away from: LionA3
Rabbit B0f is running away from: WolfC5
Rabbit B0 is Hungry
Rabbit B0 f is ready to mate
Rabbit B5m is running away from: LionC5
Rabbit B5m is running away from: WolfC5
Rabbit B5 is Hungry
Rabbit B5 m is ready to mate
Rabbit B5 m is approaching partner: Rabbit A1f
Rabbit A3m is running away from: LionC5
Rabbit A3m is running away from: WolfC5
Rabbit A3 is Hungry
Rabbit A3 m is ready to mate
Rabbit A3 m is approaching partner: Rabbit A3f
Rabbit B3m is running away from: LionA5
Rabbit B3m is running away from: WolfC4
Rabbit B3 is Hungry
Rabbit B3m ate
Rabbit B3 m is ready to mate
Rabbit B3 m is approaching partner: Rabbit A5f
Rabbit A3f is running away from: LionC5
Rabbit A3f is running away from: WolfC5
Rabbit A3 is Hungry
Rabbit A3f ate
Rabbit A3 f is ready to mate
Rabbit A2m is running away from: LionA3
Rabbit A2m is running away from: WolfC5
Rabbit A2 is Hungry
Rabbit A2 m is ready to mate
Rabbit A2 m is approaching partner: Rabbit A1f
Rabbit A1f is running away from: LionA3
Rabbit A1f is running away from: WolfC5
Rabbit A1 is Hungry
Rabbit A1f ate
Rabbit A1 f is ready to mate
Rabbit B1f is running away from: LionC5
Rabbit B1f is running away from: WolfC5
Rabbit B1 is Hungry
Rabbit A5m is running away from: LionB1
Rabbit A5m is running away from: WolfC4
Rabbit A5 is Hungry
Rabbit A5m ate
Rabbit A5 m is ready to mate
Rabbit A5 m is approaching partner: Rabbit A5f
Rabbit A5f is running away from: LionB1
Rabbit A5f is running away from: WolfC4
Rabbit A5 is Hungry
Rabbit A5 f is ready to mate
Rabbit A2f is running away from: LionC5
Rabbit A2f is running away from: WolfC5
Rabbit A2 is Hungry
Lion C5 is Hungry
LionC5mis chasing: B1f
Lion B1 is Hungry
LionB1fis chasing: A0f
Lion A5 is Hungry
LionA5fis chasing: A0f
Lion A3 is Hungry
LionA3mis chasing: A1f
Wolf A0f is running away from: LionA3
Wolf A0 is Hungry
WolfA0f died of hunger
Wolf A0f is chasing: A1f
Wolf A0 f is ready to mate
Wolf C4m is running away from: LionA5
Wolf C4 is Hungry
Wolf C4m is chasing: A0f
Wolf C4 m is ready to mate
No Female Wolf Partner or Female Wolf Partner not ready yet!
Wolf B1m is running away from: LionC5
Wolf B1 is Hungry
Wolf B1m is chasing: A0f
Wolf B1 m is ready to mate
No Female Wolf Partner or Female Wolf Partner not ready yet!
Wolf C5m is running away from: LionA3
Wolf C5 is Hungry
WolfC5m died of hunger
Wolf C5m is chasing: A3f
Wolf C5m ate!
Wolf C5 m is ready to mate
No Female Wolf Partner or Female Wolf Partner not ready yet!
Rabbit A3m is running away from: LionA3
Rabbit A3m is running away from: WolfB1
Rabbit A3 is Hungry
Rabbit A3m ate
Rabbit A3 m is ready to mate
Rabbit A3 m is approaching partner: Rabbit A1f
Rabbit A0f is running away from: LionB1
Rabbit A0f is running away from: WolfC4
Rabbit A0 is Hungry
Rabbit A0 f is ready to mate
Rabbit B0f is running away from: LionA3
Rabbit B0f is running away from: WolfB1
Rabbit B0 is Hungry
RabbitB0f died of hunger
Rabbit B0 f is ready to mate
Rabbit B5m is running away from: LionC5
Rabbit B5m is running away from: WolfB1
Rabbit B5 is Hungry
Rabbit B5m ate
Rabbit B5 m is ready to mate
Rabbit B5 m is approaching partner: Rabbit A1f
Rabbit A3m is running away from: LionC5
Rabbit A3m is running away from: WolfB1
Rabbit A3 is Hungry
Rabbit A3m ate
Rabbit A3 m is ready to mate
Rabbit A3 m is approaching partner: Rabbit A1f
Rabbit B3m is running away from: LionB1
Rabbit B3m is running away from: WolfC4
Rabbit B3 is Hungry
Rabbit B3m ate
Rabbit B3 m is ready to mate
Rabbit B3 m is approaching partner: Rabbit A5f
Rabbit A2m is running away from: LionC5
Rabbit A2m is running away from: WolfB1
Rabbit A2 is Hungry
Rabbit A2 m is ready to mate
Rabbit A2 m is approaching partner: Rabbit A1f
Rabbit A1f is running away from: LionA3
Rabbit A1f is running away from: WolfB1
Rabbit A1 is Hungry
Rabbit A1 f is ready to mate
Rabbit B1f is running away from: LionC5
Rabbit B1f is running away from: WolfB1
Rabbit B1 is Hungry
Rabbit B1f ate
Rabbit A5m is running away from: LionB1
Rabbit A5m is running away from: WolfC4
Rabbit A5 is Hungry
Rabbit A5 m is ready to mate
Rabbit A5 m is approaching partner: Rabbit A5f
Rabbit A2 m was born!Father is A5 and Mother is A5
Rabbit A5f is running away from: LionB1
Rabbit A5f is running away from: WolfC4
Rabbit A5 is Hungry
Rabbit A2f is running away from: LionC5
Rabbit A2f is running away from: WolfB1
Rabbit A2 is Hungry
Rabbit A2f ate
Lion C5 is Hungry
LionC5mis chasing: B1f
Lion B1 is Hungry
LionB1fis chasing: A0f
Lion A5 is Hungry
LionA5fis chasing: A0f
Lion A3 is Hungry
LionA3mis chasing: A1f
Wolf C4m is running away from: LionB1
Wolf C4 is Hungry
WolfC4m died of hunger
Wolf C4m is chasing: A0f
Wolf C4 m is ready to mate
No Female Wolf Partner or Female Wolf Partner not ready yet!
Wolf B1m is running away from: LionB1
Wolf B1 is Hungry
Wolf B1m is chasing: A0f
Wolf B1 m is ready to mate
No Female Wolf Partner or Female Wolf Partner not ready yet!
Rabbit A3m is running away from: LionA3
Rabbit A3m is running away from: WolfB1
Rabbit A3 is Hungry
Rabbit A3m ate
Rabbit A3 m is ready to mate
Rabbit A3 m is approaching partner: Rabbit A1f
Rabbit B2 f was born!Father is A3 and Mother is A1
Rabbit A0f is running away from: LionB1
Rabbit A0f is running away from: WolfB1
Rabbit A0 is Hungry
Rabbit A0f ate
Rabbit A0 f is ready to mate
Rabbit B5m is running away from: LionC5
Rabbit B5m is running away from: WolfB1
Rabbit B5 is Hungry
Rabbit B5m ate
Rabbit B5 m is ready to mate
Rabbit B5 m is approaching partner: Rabbit A0f
Rabbit A3m is running away from: LionC5
Rabbit A3m is running away from: WolfB1
Rabbit A3 is Hungry
Rabbit A3m ate
Rabbit A3 m is ready to mate
Rabbit A3 m is approaching partner: Rabbit A0f
Rabbit B3m is running away from: LionB1
Rabbit B3m is running away from: WolfB1
Rabbit B3 is Hungry
Rabbit B3m ate
Rabbit B3 m is ready to mate
Rabbit B3 m is approaching partner: Rabbit A0f
Rabbit A2m is running away from: LionA3
Rabbit A2m is running away from: WolfB1
Rabbit A2 is Hungry
Rabbit A2 m is ready to mate
Rabbit A2 m is approaching partner: Rabbit A0f
Rabbit A1f is running away from: LionA3
Rabbit A1f is running away from: WolfB1
Rabbit A1 is Hungry
Rabbit B1f is running away from: LionC5
Rabbit B1f is running away from: WolfB1
Rabbit B1 is Hungry
Rabbit B1f ate
Rabbit B1 f is ready to mate
Rabbit A5m is running away from: LionB1
Rabbit A5m is running away from: WolfB1
Rabbit A5 is Hungry
Rabbit A5 m is ready to mate
Rabbit A5 m is approaching partner: Rabbit A0f
Rabbit A5f is running away from: LionB1
Rabbit A5f is running away from: WolfB1
Rabbit A5 is Hungry
RabbitA5f died of hunger
Rabbit A2f is running away from: LionC5
Rabbit A2f is running away from: WolfB1
Rabbit A2 is Hungry
Rabbit A2f ate
Rabbit A2 f is ready to mate
Rabbit A2m is running away from: LionB1
Rabbit A2m is running away from: WolfB1
Rabbit A2 is Hungry
Lion C5 is Hungry
LionC5mis chasing: B5m
Lion C5 m is ready to mate
Lion B1 is Hungry
LionB1fis chasing: A0f
Lion B1 f is ready to mate
Lion A5 is Hungry
LionA5fis chasing: A0f
Lion A5 f is ready to mate
Lion A3 is Hungry
LionA3mis chasing: B2f
Lion A3 m is ready to mate
Wolf B1m is running away from: LionA3
Wolf B1 is Hungry
Wolf B1m is chasing: A0f
Wolf B1 m is ready to mate
No Female Wolf Partner or Female Wolf Partner not ready yet!
Rabbit A3m is running away from: LionA3
Rabbit A3m is running away from: WolfB1
Rabbit A3 is Hungry
Rabbit A3 m is ready to mate
Rabbit A3 m is approaching partner: Rabbit B1f
Rabbit A0f is running away from: LionB1
Rabbit A0f is running away from: WolfB1
Rabbit A0 is Hungry
Rabbit A0f ate
Rabbit A0 f is ready to mate
Rabbit B5m is running away from: LionC5
Rabbit B5m is running away from: WolfB1
Rabbit B5 is Hungry
Rabbit B5m ate
Rabbit B5 m is ready to mate
Rabbit B5 m is approaching partner: Rabbit B1f
Rabbit A3m is running away from: LionC5
Rabbit A3m is running away from: WolfB1
Rabbit A3 is Hungry
Rabbit A3m ate
Rabbit A3 m is ready to mate
Rabbit A3 m is approaching partner: Rabbit A2f
Rabbit B3m is running away from: LionB1
Rabbit B3m is running away from: WolfB1
Rabbit B3 is Hungry
Rabbit B3m ate
Rabbit B3 m is ready to mate
Rabbit B3 m is approaching partner: Rabbit A0f
Rabbit A2m is running away from: LionA3
Rabbit A2m is running away from: WolfB1
Rabbit A2 is Hungry
RabbitA2m died of hunger
Rabbit A2 m is ready to mate
Rabbit A2 m is approaching partner: Rabbit B1f
Rabbit A1f is running away from: LionA3
Rabbit A1f is running away from: WolfB1
Rabbit A1 is Hungry
Rabbit B1f is running away from: LionC5
Rabbit B1f is running away from: WolfB1
Rabbit B1 is Hungry
Rabbit B1f ate
Rabbit B1 f is ready to mate
Rabbit A5m is running away from: LionB1
Rabbit A5m is running away from: WolfB1
Rabbit A5 is Hungry
Rabbit A5 m is ready to mate
Rabbit A5 m is approaching partner: Rabbit A0f
Rabbit A2f is running away from: LionC5
Rabbit A2f is running away from: WolfB1
Rabbit A2 is Hungry
Rabbit A2f ate
Rabbit A2 f is ready to mate
Rabbit A2m is running away from: LionB1
Rabbit A2m is running away from: WolfB1
Rabbit A2 is Hungry
Rabbit B2f is running away from: LionA3
Rabbit B2f is running away from: WolfB1
Rabbit B2 is Hungry
Rabbit B2f ate
Lion C5 is Hungry
LionC5mis chasing: B5m
Lion C5 m is ready to mate
Lion B1 is Hungry
LionB1fis chasing: A0f
Lion B1 f is ready to mate
Lion A5 is Hungry
LionA5fis chasing: A0f
Lion A5 f is ready to mate
Lion A3 is Hungry
LionA3mis chasing: A1f
Lion A3 m is ready to mate
Wolf B1m is running away from: LionB1
Wolf B1 is Hungry
Wolf B1m is chasing: B3m
Wolf B1 m is ready to mate
No Female Wolf Partner or Female Wolf Partner not ready yet!
Rabbit A3m is running away from: LionA3
Rabbit A3m is running away from: WolfB1
Rabbit A3 is Hungry
Rabbit A3m ate
Rabbit A3 m is ready to mate
Rabbit A3 m is approaching partner: Rabbit B1f
Rabbit A0f is running away from: LionB1
Rabbit A0f is running away from: WolfB1
Rabbit A0 is Hungry
Rabbit A0f ate
Rabbit A0 f is ready to mate
Rabbit B5m is running away from: LionC5
Rabbit B5m is running away from: WolfB1
Rabbit B5 is Hungry
Rabbit B5m ate
Rabbit B5 m is ready to mate
Rabbit B5 m is approaching partner: Rabbit B1f
Rabbit A3m is running away from: LionC5
Rabbit A3m is running away from: WolfB1
Rabbit A3 is Hungry
Rabbit A3 m is ready to mate
Rabbit A3 m is approaching partner: Rabbit B1f
Rabbit B3m is running away from: LionB1
Rabbit B3m is running away from: WolfB1
Rabbit B3 is Hungry
Rabbit B3m ate
Rabbit B3 m is ready to mate
Rabbit B3 m is approaching partner: Rabbit A0f
Rabbit A1f is running away from: LionA3
Rabbit A1f is running away from: WolfB1
Rabbit A1 is Hungry
RabbitA1f died of hunger
Rabbit B1f is running away from: LionC5
Rabbit B1f is running away from: WolfB1
Rabbit B1 is Hungry
Rabbit B1f ate
Rabbit B1 f is ready to mate
Rabbit A5m is running away from: LionB1
Rabbit A5m is running away from: WolfB1
Rabbit A5 is Hungry
RabbitA5m died of hunger
Rabbit A5 m is ready to mate
Rabbit A5 m is approaching partner: Rabbit A0f
Rabbit A2f is running away from: LionC5
Rabbit A2f is running away from: WolfB1
Rabbit A2 is Hungry
Rabbit A2f ate
Rabbit A2 f is ready to mate
Rabbit A2m is running away from: LionB1
Rabbit A2m is running away from: WolfB1
Rabbit A2 is Hungry
Rabbit B2f is running away from: LionA3
Rabbit B2f is running away from: WolfB1
Rabbit B2 is Hungry
Rabbit B2f ate
Lion C5 is Hungry
LionC5mis chasing: B2f
Lion C5 m is ready to mate
Lion B1 is Hungry
LionB1fis chasing: A0f
Lion B1 f is ready to mate
Lion A5 is Hungry
LionA5fis chasing: A0f
Lion A5 f is ready to mate
Lion A3 is Hungry
LionA3mis chasing: B2f
Lion A3 m is ready to mate
Wolf B1m is running away from: LionA3
Wolf B1 is Hungry
WolfB1m died of hunger
Wolf B1m is chasing: B3m
Wolf B1 is Thirsty
Wolf B1drank water
Wolf B1 m is ready to mate
No Female Wolf Partner or Female Wolf Partner not ready yet!
Rabbit A3 is Thirsty
Rabbit A3 drank water
Rabbit A3m is running away from: LionA3
Rabbit A3 is Hungry
Rabbit A3m ate
Rabbit A3 m is ready to mate
Rabbit A3 m is approaching partner: Rabbit B1f
Rabbit A0 is Thirsty
Rabbit A0 drank water
Rabbit A0f is running away from: LionB1
Rabbit A0 is Hungry
Rabbit A0f ate
Rabbit A0 f is ready to mate
Rabbit B5 is Thirsty
Rabbit B5 drank water
Rabbit B5m is running away from: LionC5
Rabbit B5 is Hungry
Rabbit B5m ate
Rabbit B5 m is ready to mate
Rabbit B5 m is approaching partner: Rabbit B1f
Rabbit A3 is Thirsty
Rabbit A3 drank water
Rabbit A3m is running away from: LionC5
Rabbit A3 is Hungry
Rabbit A3 m is ready to mate
Rabbit A3 m is approaching partner: Rabbit B1f
Rabbit B3 is Thirsty
Rabbit B3 drank water
Rabbit B3m is running away from: LionB1
Rabbit B3 is Hungry
Rabbit B3 m is ready to mate
Rabbit B3 m is approaching partner: Rabbit A0f
Rabbit B1 is Thirsty
Rabbit B1 drank water
Rabbit B1f is running away from: LionC5
Rabbit B1 is Hungry
Rabbit B1 f is ready to mate
Rabbit A2f is running away from: LionC5
Rabbit A2 is Hungry
Rabbit A2 f is ready to mate
Rabbit A2m is running away from: LionB1
Rabbit A2 is Hungry
RabbitA2m died of hunger
Rabbit A2 m is ready to mate
Rabbit A2 m is approaching partner: Rabbit A0f
Rabbit B2f is running away from: LionA3
Rabbit B2 is Hungry
Rabbit B2f ate
Lion C5 is Hungry
LionC5mis chasing: B2f
Lion C5 m is ready to mate
Lion B1 is Hungry
LionB1fis chasing: A0f
Lion B1 f is ready to mate
Lion A5 is Hungry
LionA5fis chasing: A0f
Lion A5 f is ready to mate
Lion A3 is Hungry
LionA3mis chasing: B2f
Lion A3 m is ready to mate
Rabbit A3 is Thirsty
Rabbit A3 drank water
Rabbit A3m is running away from: LionA3
Rabbit A3 is Hungry
Rabbit A3m ate
Rabbit A3 m is ready to mate
Rabbit A3 m is approaching partner: Rabbit B1f
Rabbit A0 is Thirsty
Rabbit A0 drank water
Rabbit A0f is running away from: LionB1
Rabbit A0 is Hungry
Rabbit A0f ate
Rabbit A0 f is ready to mate
Rabbit B5 is Thirsty
Rabbit B5 drank water
Rabbit B5m is running away from: LionC5
Rabbit B5 is Hungry
Rabbit B5m ate
Rabbit B5 m is ready to mate
Rabbit B5 m is approaching partner: Rabbit B1f
Rabbit A3 is Thirsty
Rabbit A3 drank water
Rabbit A3m is running away from: LionC5
Rabbit A3 is Hungry
Rabbit A3m ate
Rabbit A3 m is ready to mate
Rabbit A3 m is approaching partner: Rabbit B1f
Rabbit B3 is Thirsty
Rabbit B3 drank water
Rabbit B3m is running away from: LionB1
Rabbit B3 is Hungry
Rabbit B3m ate
Rabbit B3 m is ready to mate
Rabbit B3 m is approaching partner: Rabbit A0f
Rabbit B1 is Thirsty
Rabbit B1 drank water
Rabbit B1f is running away from: LionC5
Rabbit B1 is Hungry
Rabbit B1 f is ready to mate
Rabbit A2f is running away from: LionC5
Rabbit A2 is Hungry
Rabbit A2 f is ready to mate
Rabbit B2f is running away from: LionA3
Rabbit B2 is Hungry
Rabbit B2f ate
Rabbit B2 f is ready to mate
Lion C5 is Hungry
LionC5mis chasing: B1f
Lion C5 m is ready to mate
Lion B1 is Hungry
LionB1fis chasing: A0f
Lion B1f ate!
Lion B1 f is ready to mate
Lion A5 is Hungry
LionA5fis chasing: B3m
Lion A5 f is ready to mate
Lion A3 is Hungry
LionA3mis chasing: B2f
Lion A3 m is ready to mate
Rabbit A3 is Thirsty
Rabbit A3 drank water
Rabbit A3m is running away from: LionA3
Rabbit A3 is Hungry
Rabbit A3m ate
Rabbit A3 m is ready to mate
Rabbit A3 m is approaching partner: Rabbit B2f
Rabbit B5 is Thirsty
Rabbit B5 drank water
Rabbit B5m is running away from: LionA3
Rabbit B5 is Hungry
Rabbit B5 m is ready to mate
Rabbit B5 m is approaching partner: Rabbit B1f
Rabbit A3 is Thirsty
Rabbit A3 drank water
Rabbit A3m is running away from: LionC5
Rabbit A3 is Hungry
Rabbit A3 m is ready to mate
Rabbit A3 m is approaching partner: Rabbit B1f
Rabbit B3 is Thirsty
Rabbit B3 drank water
Rabbit B3m is running away from: LionB1
Rabbit B3 is Hungry
Rabbit B3 m is ready to mate
Rabbit B3 m is approaching partner: Rabbit B2f
Rabbit B1 is Thirsty
Rabbit B1 drank water
Rabbit B1f is running away from: LionC5
Rabbit B1 is Hungry
Rabbit B1f ate
Rabbit B1 f is ready to mate
Rabbit A2f is running away from: LionC5
Rabbit A2 is Hungry
Rabbit A2 f is ready to mate
Rabbit B2f is running away from: LionA3
Rabbit B2 is Hungry
Rabbit B2f ate
Rabbit B2 f is ready to mate
Lion C5 is Hungry
LionC5mis chasing: B1f
Lion C5 m is ready to mate
Lion B1 f is ready to mate
Lion A5 is Hungry
LionA5fis chasing: B3m
Lion A5 f is ready to mate
Lion A3 is Hungry
LionA3mis chasing: B2f
Lion A3 m is ready to mate
Rabbit A3 is Thirsty
Rabbit A3 drank water
Rabbit A3m is running away from: LionA3
Rabbit A3 is Hungry
Rabbit A3m ate
Rabbit A3 m is ready to mate
Rabbit A3 m is approaching partner: Rabbit B2f
Rabbit C4 f was born!Father is A3 and Mother is B2
Rabbit B5 is Thirsty
Rabbit B5 drank water
Rabbit B5m is running away from: LionA3
Rabbit B5 is Hungry
Rabbit B5m ate
Rabbit B5 m is ready to mate
Rabbit B5 m is approaching partner: Rabbit B1f
Rabbit C5 m was born!Father is B5 and Mother is B1
Rabbit A3 is Thirsty
Rabbit A3 drank water
Rabbit A3m is running away from: LionA3
Rabbit A3 is Hungry
Rabbit A3 m is ready to mate
Rabbit A3 m is approaching partner: Rabbit A2f
Rabbit B3 is Thirsty
Rabbit B3 drank water
Rabbit B3m is running away from: LionB1
Rabbit B3 is Hungry
Rabbit B3m ate
Rabbit B3 m is ready to mate
Rabbit B3 m is approaching partner: Rabbit A2f
Rabbit B1 is Thirsty
Rabbit B1 drank water
Rabbit B1f is running away from: LionC5
Rabbit B1 is Hungry
Rabbit B1f ate
Rabbit A2f is running away from: LionC5
Rabbit A2 is Hungry
RabbitA2f died of hunger
Rabbit A2 f is ready to mate
Rabbit B2f is running away from: LionA3
Rabbit B2 is Hungry
Rabbit B2f ate
Lion C5 is Hungry
LionC5mis chasing: C5m
Lion C5 m is ready to mate
Lion B1 f is ready to mate
Lion A5 is Hungry
LionA5fis chasing: B3m
Lion A5 f is ready to mate
Lion A3 is Hungry
LionA3mis chasing: C4f
Lion A3 m is ready to mate
Rabbit A3 is Thirsty
Rabbit A3 drank water
Rabbit A3m is running away from: LionA3
Rabbit A3 is Hungry
Rabbit A3m ate
Rabbit A3 m is ready to mate
Not enough female Rabbits or Female Rabbit partners are not ready yet!
Rabbit B5 is Thirsty
Rabbit B5 drank water
Rabbit B5m is running away from: LionC5
Rabbit B5 is Hungry
Rabbit B5m ate
Rabbit B5 m is ready to mate
Not enough female Rabbits or Female Rabbit partners are not ready yet!
Rabbit A3 is Thirsty
Rabbit A3 drank water
Rabbit A3m is running away from: LionA3
Rabbit A3 is Hungry
Rabbit A3 m is ready to mate
Not enough female Rabbits or Female Rabbit partners are not ready yet!
Rabbit B3 is Thirsty
Rabbit B3 drank water
Rabbit B3m is running away from: LionA5
Rabbit B3 is Hungry
Rabbit B3m ate
Rabbit B3 m is ready to mate
Not enough female Rabbits or Female Rabbit partners are not ready yet!
Rabbit B1 is Thirsty
Rabbit B1 drank water
Rabbit B1f is running away from: LionA3
Rabbit B1 is Hungry
Rabbit B2f is running away from: LionA3
Rabbit B2 is Hungry
Rabbit B2f ate
Rabbit C4f is running away from: LionA3
Rabbit C4 is Hungry
Rabbit C5m is running away from: LionC5
Rabbit C5 is Hungry
Lion C5 is Hungry
LionC5mis chasing: B1f
Lion C5 m is ready to mate
Lion B1 f is ready to mate
Lion A5 is Hungry
LionA5fis chasing: B3m
Lion A5 f is ready to mate
Lion A3 is Hungry
LionA3mis chasing: A3m
Lion A3 m is ready to mate
Rabbit A3m is running away from: LionA3
Rabbit A3 is Hungry
Rabbit A3m ate
Rabbit A3 m is ready to mate
Not enough female Rabbits or Female Rabbit partners are not ready yet!
Rabbit B5 is Thirsty
Rabbit B5 drank water
Rabbit B5m is running away from: LionA3
Rabbit B5 is Hungry
Rabbit B5 m is ready to mate
Not enough female Rabbits or Female Rabbit partners are not ready yet!
Rabbit A3 is Thirsty
Rabbit A3 drank water
Rabbit A3m is running away from: LionA3
Rabbit A3 is Hungry
RabbitA3m died of hunger
Rabbit A3 m is ready to mate
Not enough female Rabbits or Female Rabbit partners are not ready yet!
Rabbit B3 is Thirsty
Rabbit B3 drank water
Rabbit B3m is running away from: LionA5
Rabbit B3 is Hungry
Rabbit B3 m is ready to mate
Not enough female Rabbits or Female Rabbit partners are not ready yet!
Rabbit B1 is Thirsty
Rabbit B1 drank water
Rabbit B1f is running away from: LionA3
Rabbit B1 is Hungry
Rabbit B2f is running away from: LionA3
Rabbit B2 is Hungry
Rabbit B2f ate
Rabbit C4f is running away from: LionA3
Rabbit C4 is Hungry
Rabbit C5m is running away from: LionC5
Rabbit C5 is Hungry
Lion C5 is Hungry
LionC5mis chasing: B5m
Lion C5 m is ready to mate
Lion B1 f is ready to mate
Lion A5 is Hungry
LionA5fis chasing: B3m
Lion A5 f is ready to mate
Lion A3 is Hungry
LionA3mis chasing: C4f
Lion A3 m is ready to mate
Rabbit A3m is running away from: LionA3
Rabbit A3 is Hungry
Rabbit A3 m is ready to mate
Not enough female Rabbits or Female Rabbit partners are not ready yet!
Rabbit B5 is Thirsty
Rabbit B5 drank water
Rabbit B5m is running away from: LionA3
Rabbit B5 is Hungry
Rabbit B5 m is ready to mate
Not enough female Rabbits or Female Rabbit partners are not ready yet!
Rabbit B3 is Thirsty
Rabbit B3 drank water
Rabbit B3m is running away from: LionB1
Rabbit B3 is Hungry
Rabbit B3 m is ready to mate
Not enough female Rabbits or Female Rabbit partners are not ready yet!
Rabbit B1 is Thirsty
Rabbit B1 drank water
Rabbit B1f is running away from: LionA3
Rabbit B1 is Hungry
Rabbit B1f ate
Rabbit B2f is running away from: LionA3
Rabbit B2 is Hungry
Rabbit B2f ate
Rabbit C4f is running away from: LionA3
Rabbit C4 is Hungry
Rabbit C5m is running away from: LionC5
Rabbit C5 is Hungry
Lion C5 is Hungry
LionC5mis chasing: B5m
Lion C5 m is ready to mate
Lion B1 is Hungry
Lion A5 is Hungry
LionA5fis chasing: B3m
Lion A5 f is ready to mate
Lion A3 is Hungry
LionA3mis chasing: C4f
Lion A3 m is ready to mate
Rabbit A3m is running away from: LionA3
Rabbit A3 is Hungry
Rabbit A3m ate
Rabbit A3 m is ready to mate
Not enough female Rabbits or Female Rabbit partners are not ready yet!
Rabbit B5 is Thirsty
Rabbit B5 drank water
Rabbit B5m is running away from: LionA3
Rabbit B5 is Hungry
Rabbit B5 m is ready to mate
Not enough female Rabbits or Female Rabbit partners are not ready yet!
Rabbit B3 is Thirsty
Rabbit B3 drank water
Rabbit B3m is running away from: LionA5
Rabbit B3 is Hungry
Rabbit B3m ate
Rabbit B3 m is ready to mate
Not enough female Rabbits or Female Rabbit partners are not ready yet!
Rabbit B1 is Thirsty
Rabbit B1 drank water
Rabbit B1f is running away from: LionA3
Rabbit B1 is Hungry
Rabbit B2 is Thirsty
Rabbit B2 drank water
Rabbit B2f is running away from: LionA3
Rabbit B2 is Hungry
Rabbit C4f is running away from: LionA3
Rabbit C4 is Hungry
RabbitC4f died of hunger
Rabbit C5m is running away from: LionC5
Rabbit C5 is Hungry
RabbitC5m died of hunger
Lion C5 is Hungry
LionC5m died of hunger
LionC5mis chasing: B5m
Lion C5 m is ready to mate
Lion B1 is Hungry
LionB1fis chasing: B3m
Lion B1 f is ready to mate
Lion A5 is Hungry
LionA5f died of hunger
LionA5fis chasing: B3m
Lion A5 f is ready to mate
Lion A3 is Hungry
LionA3m died of hunger
LionA3mis chasing: A3m
Lion A3 m is ready to mate
Rabbit A3m is running away from: LionB1
Rabbit A3 is Hungry
Rabbit A3 m is ready to mate
Not enough female Rabbits or Female Rabbit partners are not ready yet!
Rabbit B5 is Thirsty
Rabbit B5 drank water
Rabbit B5m is running away from: LionB1
Rabbit B5 is Hungry
RabbitB5m died of hunger
Rabbit B5 m is ready to mate
Not enough female Rabbits or Female Rabbit partners are not ready yet!
Rabbit B3 is Thirsty
Rabbit B3 drank water
Rabbit B3m is running away from: LionB1
Rabbit B3 is Hungry
Rabbit B3 m is ready to mate
Not enough female Rabbits or Female Rabbit partners are not ready yet!
Rabbit B1 is Thirsty
Rabbit B1 drank water
Rabbit B1f is running away from: LionB1
Rabbit B1 is Hungry
Rabbit B2 is Thirsty
Rabbit B2 drank water
Rabbit B2f is running away from: LionB1
Rabbit B2 is Hungry
Rabbit B2 f is ready to mate
Lion B1 is Hungry
LionB1fis chasing: B3m
Lion B1 f is ready to mate
Rabbit A3m is running away from: LionB1
Rabbit A3 is Hungry
Rabbit A3 m is ready to mate
Rabbit A3 m is approaching partner: Rabbit B2f
Rabbit B3 is Thirsty
Rabbit B3 drank water
Rabbit B3m is running away from: LionB1
Rabbit B3 is Hungry
Rabbit B3 m is ready to mate
Rabbit B3 m is approaching partner: Rabbit B2f
Rabbit B1 is Thirsty
Rabbit B1 drank water
Rabbit B1f is running away from: LionB1
Rabbit B1 is Hungry
Rabbit B1 f is ready to mate
Rabbit B2 is Thirsty
Rabbit B2 drank water
Rabbit B2f is running away from: LionB1
Rabbit B2 is Hungry
Rabbit B2 f is ready to mate
Lion B1 is Hungry
LionB1fis chasing: B3m
Lion B1 f is ready to mate
Rabbit A3m is running away from: LionB1
Rabbit A3 is Hungry
Rabbit A3 m is ready to mate
Rabbit A3 m is approaching partner: Rabbit B2f
Rabbit B3 is Thirsty
Rabbit B3 drank water
Rabbit B3m is running away from: LionB1
Rabbit B3 is Hungry
Rabbit B3 m is ready to mate
Rabbit B3 m is approaching partner: Rabbit B2f
Rabbit B1 is Thirsty
Rabbit B1 drank water
Rabbit B1f is running away from: LionB1
Rabbit B1 is Hungry
RabbitB1f died of hunger
Rabbit B1 f is ready to mate
Rabbit B2 is Thirsty
Rabbit B2 drank water
Rabbit B2f is running away from: LionB1
Rabbit B2 is Hungry
RabbitB2f died of hunger
Rabbit B2 f is ready to mate
Lion B1 is Thirsty
Lion B1 drank water
Lion B1 is Hungry
LionB1fis chasing: B3m
Lion B1 f is ready to mate
Rabbit A3m is running away from: LionB1
Rabbit A3 is Hungry
RabbitA3m died of hunger
Rabbit A3 m is ready to mate
Not enough female Rabbits or Female Rabbit partners are not ready yet!
Rabbit B3 is Thirsty
Rabbit B3 drank water
Rabbit B3m is running away from: LionB1
Rabbit B3 is Hungry
RabbitB3m died of hunger
Rabbit B3 m is ready to mate
Not enough female Rabbits or Female Rabbit partners are not ready yet!
Lion B1 is Thirsty
Lion B1 drank water
Lion B1 is Hungry
Lion B1 is Thirsty
Lion B1 drank water
Lion B1 is Hungry
Lion B1 is Hungry
Lion B1 is Hungry
Lion B1 is Hungry
Lion B1 is Hungry
Lion B1 is Hungry
Lion B1 is Hungry
LionB1f died of hunger
