Wolf C0m is running away from: LionB0
Wolf C2f is running away from: LionB0
Wolf A4f is running away from: LionB4
Wolf A4f ate!
Rabbit A5f is running away from: LionB4
Rabbit A5f is running away from: WolfA4
Rabbit A5 f is ready to mate
Rabbit C2m is running away from: LionB0
Rabbit C2m is running away from: WolfC2
Rabbit C2 m is ready to mate
Rabbit C2 m is approaching partner: Rabbit A5f
Rabbit C0m is running away from: LionB0
Rabbit C0m is running away from: WolfC0
Rabbit C0 m is ready to mate
Rabbit C0 m is approaching partner: Rabbit A5f
Rabbit B5f is running away from: LionB0
Rabbit B5f is running away from: WolfC0
Rabbit B5 f is ready to mate
Wolf C0m is running away from: LionB0
Wolf C0 is Hungry
Wolf C0m is chasing: C0m
Wolf C2f is running away from: LionB0
Wolf C2 is Hungry
Wolf C2f is chasing: C0m
Wolf A4f is running away from: LionB4
Rabbit A5f is running away from: LionB4
Rabbit A5f is running away from: WolfA4
Rabbit A5 is Hungry
Rabbit A5f ate
Rabbit A5 f is ready to mate
Rabbit C2m is running away from: LionB0
Rabbit C2m is running away from: WolfC2
Rabbit C2 is Hungry
Rabbit C2m ate
Rabbit C2 m is ready to mate
Rabbit C2 m is approaching partner: Rabbit B5f
Rabbit C0m is running away from: LionB0
Rabbit C0m is running away from: WolfC0
Rabbit C0 is Hungry
Rabbit C0m ate
Rabbit C0 m is ready to mate
Rabbit C0 m is approaching partner: Rabbit B5f
Rabbit B5f is running away from: LionB0
Rabbit B5f is running away from: WolfC0
Rabbit B5 is Hungry
Rabbit B5f ate
Rabbit B5 f is ready to mate
Wolf C0m is running away from: LionB0
Wolf C0 is Hungry
Wolf C0m is chasing: C0m
Wolf C2f is running away from: LionB0
Wolf C2 is Hungry
Wolf C2f is chasing: C0m
Wolf A4f is running away from: LionB4
Wolf A4 is Hungry
Wolf A4f is chasing: A5f
Rabbit A5f is running away from: LionB4
Rabbit A5f is running away from: WolfA4
Rabbit A5 f is ready to mate
Rabbit C2m is running away from: LionB0
Rabbit C2m is running away from: WolfC2
Rabbit C2 m is ready to mate
Rabbit C2 m is approaching partner: Rabbit B5f
Rabbit C0m is running away from: LionB0
Rabbit C0m is running away from: WolfC0
Rabbit C0 m is ready to mate
Rabbit C0 m is approaching partner: Rabbit B5f
Rabbit B5f is running away from: LionB0
Rabbit B5f is running away from: WolfC0
Rabbit B5 f is ready to mate
Wolf C0m is running away from: LionB0
Wolf C0 is Hungry
Wolf C0m is chasing: C0m
Wolf C2f is running away from: LionB0
Wolf C2 is Hungry
Wolf C2f is chasing: C0m
Wolf A4f is running away from: LionB4
Wolf A4 is Hungry
Wolf A4f is chasing: A5f
Wolf A4f ate!
Rabbit C2m is running away from: LionB0
Rabbit C2m is running away from: WolfC2
Rabbit C2 is Hungry
Rabbit C2m ate
Rabbit C2 m is ready to mate
Rabbit C2 m is approaching partner: Rabbit B5f
Rabbit C0m is running away from: LionB0
Rabbit C0m is running away from: WolfC0
Rabbit C0 is Hungry
Rabbit C0m ate
Rabbit C0 m is ready to mate
Rabbit C0 m is approaching partner: Rabbit B5f
Rabbit B5f is running away from: LionB0
Rabbit B5f is running away from: WolfC0
Rabbit B5 is Hungry
Rabbit B5f ate
Rabbit B5 f is ready to mate
Wolf C0m is running away from: LionB0
Wolf C0 is Hungry
Wolf C0m is chasing: C0m
Wolf C2f is running away from: LionB0
Wolf C2 is Hungry
Wolf C2f is chasing: C0m
Wolf A4f is running away from: LionB4
Rabbit C2m is running away from: LionB0
Rabbit C2m is running away from: WolfA4
Rabbit C2 m is ready to mate
Rabbit C2 m is approaching partner: Rabbit B5f
Rabbit C0m is running away from: LionB0
Rabbit C0m is running away from: WolfC0
Rabbit C0 m is ready to mate
Rabbit C0 m is approaching partner: Rabbit B5f
Rabbit B5f is running away from: LionB0
Rabbit B5f is running away from: WolfC0
Rabbit B5 f is ready to mate
Wolf C0m is running away from: LionB0
Wolf C0 is Hungry
Wolf C0m is chasing: C0m
Wolf C2f is running away from: LionB0
Wolf C2 is Hungry
Wolf C2f is chasing: C0m
Wolf A4f is running away from: LionB4
Wolf A4 is Hungry
Wolf A4f is chasing: C2m
Rabbit C2m is running away from: LionB0
Rabbit C2m is running away from: WolfA4
Rabbit C2 is Hungry
Rabbit C2m ate
Rabbit C2 m is ready to mate
Rabbit C2 m is approaching partner: Rabbit B5f
Rabbit C0m is running away from: LionB0
Rabbit C0m is running away from: WolfC0
Rabbit C0 is Hungry
Rabbit C0m ate
Rabbit C0 m is ready to mate
Rabbit C0 m is approaching partner: Rabbit B5f
Rabbit B5f is running away from: LionB0
Rabbit B5f is running away from: WolfC0
Rabbit B5 is Hungry
Rabbit B5f ate
Rabbit B5 f is ready to mate
Wolf C0m is running away from: LionB0
Wolf C0 is Hungry
WolfC0m died of hunger
Wolf C0m is chasing: C0m
Wolf C2f is running away from: LionB0
Wolf C2 is Hungry
WolfC2f died of hunger
Wolf C2f is chasing: C0m
Wolf A4f is running away from: LionB4
Wolf A4 is Hungry
Wolf A4f is chasing: C2m
Rabbit C2m is running away from: LionB0
Rabbit C2m is running away from: WolfA4
Rabbit C2 m is ready to mate
Rabbit C2 m is approaching partner: Rabbit B5f
Rabbit C0m is running away from: LionB0
Rabbit C0m is running away from: WolfA4
Rabbit C0 m is ready to mate
Rabbit C0 m is approaching partner: Rabbit B5f
Rabbit B5f is running away from: LionB4
Rabbit B5f is running away from: WolfA4
Rabbit B5 f is ready to mate
Lion A4 m is ready to mate
Lion B4 f is ready to mate
Lion B0 m is ready to mate
Wolf A4f is running away from: LionB4
Wolf A4 is Hungry
Wolf A4f is chasing: C2m
Rabbit C2m is running away from: LionB0
Rabbit C2m is running away from: WolfA4
Rabbit C2 is Hungry
Rabbit C2m ate
Rabbit C2 m is ready to mate
Rabbit C2 m is approaching partner: Rabbit B5f
Rabbit C5 m was born!Father is C2 and Mother is B5
Rabbit C0m is running away from: LionB0
Rabbit C0m is running away from: WolfA4
Rabbit C0 is Hungry
Rabbit C0m ate
Rabbit C0 m is ready to mate
Not enough female Rabbits or Female Rabbit partners are not ready yet!
Rabbit B5f is running away from: LionB0
Rabbit B5f is running away from: WolfA4
Rabbit B5 is Hungry
Rabbit B5f ate
Lion A4 m is ready to mate
Lion B4 f is ready to mate
Lion B0 m is ready to mate
Wolf A4f is running away from: LionB4
Wolf A4 is Hungry
Wolf A4f is chasing: C2m
Rabbit C2m is running away from: LionB0
Rabbit C2m is running away from: WolfA4
Rabbit C2 m is ready to mate
Not enough female Rabbits or Female Rabbit partners are not ready yet!
Rabbit C0m is running away from: LionB0
Rabbit C0m is running away from: WolfA4
Rabbit C0 m is ready to mate
Not enough female Rabbits or Female Rabbit partners are not ready yet!
Rabbit B5f is running away from: LionB0
Rabbit B5f is running away from: WolfA4
Rabbit C5m is running away from: LionB0
Rabbit C5m is running away from: WolfA4
Lion A4 m is ready to mate
Lion B4 f is ready to mate
Lion B0 m is ready to mate
Wolf A4f is running away from: LionB4
Wolf A4 is Hungry
Wolf A4f is chasing: C2m
Rabbit C2 is Thirsty
Rabbit C2 drank water
Rabbit C2m is running away from: LionB0
Rabbit C2m is running away from: WolfA4
Rabbit C2 is Hungry
Rabbit C2m ate
Rabbit C2 m is ready to mate
Not enough female Rabbits or Female Rabbit partners are not ready yet!
Rabbit C0 is Thirsty
Rabbit C0 drank water
Rabbit C0m is running away from: LionB0
Rabbit C0m is running away from: WolfA4
Rabbit C0 is Hungry
Rabbit C0 m is ready to mate
Not enough female Rabbits or Female Rabbit partners are not ready yet!
Rabbit B5 is Thirsty
Rabbit B5 drank water
Rabbit B5f is running away from: LionB0
Rabbit B5f is running away from: WolfA4
Rabbit B5 is Hungry
Rabbit B5f ate
Rabbit C5m is running away from: LionB0
Rabbit C5m is running away from: WolfA4
Rabbit C5 is Hungry
Rabbit C5m ate
Lion A4 is Thirsty
Lion A4 drank water
Lion A4 m is ready to mate
Lion B4 is Thirsty
Lion B4 drank water
Lion B4 f is ready to mate
Lion B0 is Thirsty
Lion B0 drank water
Lion B0 m is ready to mate
Wolf A4f is running away from: LionB4
Wolf A4 is Hungry
WolfA4f died of hunger
Wolf A4f is chasing: C2m
Rabbit C2 is Thirsty
Rabbit C2 drank water
Rabbit C2m is running away from: LionB0
Rabbit C2 m is ready to mate
Not enough female Rabbits or Female Rabbit partners are not ready yet!
Rabbit C0 is Thirsty
Rabbit C0 drank water
Rabbit C0m is running away from: LionB0
Rabbit C0 is Hungry
Rabbit C0 m is ready to mate
Not enough female Rabbits or Female Rabbit partners are not ready yet!
Rabbit B5 is Thirsty
Rabbit B5 drank water
Rabbit B5f is running away from: LionB0
Rabbit C5m is running away from: LionB0
Lion A4 is Thirsty
Lion A4 drank water
Lion A4 m is ready to mate
Lion B4 is Thirsty
Lion B4 drank water
Lion B4 f is ready to mate
Lion B0 is Thirsty
Lion B0 drank water
Lion B0 m is ready to mate
Rabbit C2 is Thirsty
Rabbit C2 drank water
Rabbit C2m is running away from: LionB0
Rabbit C2 is Hungry
Rabbit C2m ate
Rabbit C2 m is ready to mate
Not enough female Rabbits or Female Rabbit partners are not ready yet!
Rabbit C0m is running away from: LionB0
Rabbit C0 is Hungry
Rabbit C0m ate
Rabbit C0 m is ready to mate
Not enough female Rabbits or Female Rabbit partners are not ready yet!
Rabbit B5 is Thirsty
Rabbit B5 drank water
Rabbit B5f is running away from: LionB0
Rabbit B5 is Hungry
Rabbit B5f ate
Rabbit C5m is running away from: LionB0
Rabbit C5 is Hungry
Rabbit C5m ate
Lion A4 is Thirsty
Lion A4 drank water
Lion A4 m is ready to mate
Lion B4 is Thirsty
Lion B4 drank water
Lion B4 f is ready to mate
Lion B0 is Thirsty
Lion B0 drank water
Lion B0 m is ready to mate
Rabbit C2 is Thirsty
Rabbit C2 drank water
Rabbit C2m is running away from: LionB0
Rabbit C2 m is ready to mate
Not enough female Rabbits or Female Rabbit partners are not ready yet!
Rabbit C0m is running away from: LionB0
Rabbit C0 m is ready to mate
Not enough female Rabbits or Female Rabbit partners are not ready yet!
Rabbit B5 is Thirsty
Rabbit B5 drank water
Rabbit B5f is running away from: LionB0
Rabbit C5m is running away from: LionB0
Lion A4 is Thirsty
Lion A4 drank water
Lion A4 m is ready to mate
Lion B4 is Thirsty
Lion B4 drank water
Lion B4 f is ready to mate
Lion B0 is Thirsty
Lion B0 drank water
Lion B0 m is ready to mate
Rabbit C2 is Thirsty
Rabbit C2 drank water
Rabbit C2m is running away from: LionB0
Rabbit C2 is Hungry
Rabbit C2 m is ready to mate
Not enough female Rabbits or Female Rabbit partners are not ready yet!
Rabbit C0m is running away from: LionB0
Rabbit C0 is Hungry
Rabbit C0m ate
Rabbit C0 m is ready to mate
Not enough female Rabbits or Female Rabbit partners are not ready yet!
Rabbit B5 is Thirsty
Rabbit B5 drank water
Rabbit B5f is running away from: LionB0
Rabbit B5 is Hungry
Rabbit B5f ate
Rabbit B5 f is ready to mate
Rabbit C5m is running away from: LionB0
Rabbit C5 is Hungry
Rabbit C5 m is ready to mate
Rabbit C5 m is approaching partner: Rabbit B5f
Lion A4 is Thirsty
Lion A4 drank water
Lion A4 m is ready to mate
Lion B4 f is ready to mate
Lion B0 is Thirsty
Lion B0 drank water
Lion B0 m is ready to mate
Rabbit C2 is Thirsty
Rabbit C2 drank water
Rabbit C2m is running away from: LionB0
Rabbit C2 is Hungry
Rabbit C2 m is ready to mate
Rabbit C2 m is approaching partner: Rabbit B5f
Rabbit C0m is running away from: LionB0
Rabbit C0 m is ready to mate
Rabbit C0 m is approaching partner: Rabbit B5f
Rabbit B5 is Thirsty
Rabbit B5 drank water
Rabbit B5f is running away from: LionA4
Rabbit B5 f is ready to mate
Rabbit C5m is running away from: LionB0
Rabbit C5 is Hungry
Rabbit C5m ate
Rabbit C5 m is ready to mate
Rabbit C5 m is approaching partner: Rabbit B5f
Lion A4 is Thirsty
Lion A4 drank water
Lion A4 is Hungry
Lion B4 is Hungry
Lion B0 is Thirsty
Lion B0 drank water
Lion B0 is Hungry
LionB0mis chasing: C0m
Lion B0 m is ready to mate
Rabbit C2 is Thirsty
Rabbit C2 drank water
Rabbit C2m is running away from: LionB0
Rabbit C2 is Hungry
Rabbit C2m ate
Rabbit C2 m is ready to mate
Rabbit C2 m is approaching partner: Rabbit B5f
Rabbit A4 m was born!Father is C2 and Mother is B5
Rabbit C0m is running away from: LionB0
Rabbit C0 is Hungry
Rabbit C0m ate
Rabbit C0 m is ready to mate
Not enough female Rabbits or Female Rabbit partners are not ready yet!
Rabbit B5 is Thirsty
Rabbit B5 drank water
Rabbit B5f is running away from: LionB0
Rabbit B5 is Hungry
Rabbit B5f ate
Rabbit C5m is running away from: LionB0
Rabbit C5 m is ready to mate
Not enough female Rabbits or Female Rabbit partners are not ready yet!
Lion A4 is Thirsty
Lion A4 drank water
Lion A4 is Hungry
Lion B4 is Hungry
Lion B0 is Thirsty
Lion B0 drank water
Lion B0 is Hungry
LionB0mis chasing: C0m
Lion B0 m is ready to mate
Rabbit C2 is Thirsty
Rabbit C2 drank water
Rabbit C2m is running away from: LionB0
Rabbit C2 m is ready to mate
Not enough female Rabbits or Female Rabbit partners are not ready yet!
Rabbit C0m is running away from: LionB0
Rabbit C0 m is ready to mate
Not enough female Rabbits or Female Rabbit partners are not ready yet!
Rabbit B5 is Thirsty
Rabbit B5 drank water
Rabbit B5f is running away from: LionB0
Rabbit C5m is running away from: LionB0
Rabbit C5 is Hungry
Rabbit C5m ate
Rabbit C5 m is ready to mate
Not enough female Rabbits or Female Rabbit partners are not ready yet!
Rabbit A4m is running away from: LionB0
Lion A4 is Thirsty
Lion A4 drank water
Lion A4 is Hungry
Lion B4 is Hungry
Lion B0 is Thirsty
Lion B0 drank water
Lion B0 is Hungry
LionB0mis chasing: C0m
Lion B0 m is ready to mate
Rabbit C2 is Thirsty
Rabbit C2 drank water
Rabbit C2m is running away from: LionB0
Rabbit C2 is Hungry
Rabbit C2m ate
Rabbit C2 m is ready to mate
Not enough female Rabbits or Female Rabbit partners are not ready yet!
Rabbit C0m is running away from: LionB0
Rabbit C0 is Hungry
Rabbit C0m ate
Rabbit C0 m is ready to mate
Not enough female Rabbits or Female Rabbit partners are not ready yet!
Rabbit B5 is Thirsty
Rabbit B5 drank water
Rabbit B5f is running away from: LionB0
Rabbit B5 is Hungry
Rabbit B5f ate
Rabbit C5 is Thirsty
Rabbit C5 drank water
Rabbit C5m is running away from: LionB0
Rabbit C5 m is ready to mate
Not enough female Rabbits or Female Rabbit partners are not ready yet!
Rabbit A4m is running away from: LionB0
Rabbit A4 is Hungry
Rabbit A4m ate
Lion A4 is Thirsty
Lion A4 drank water
Lion A4 is Hungry
Lion B4 is Hungry
Lion B0 is Hungry
LionB0mis chasing: C0m
Lion B0 m is ready to mate
Rabbit C2 is Thirsty
Rabbit C2 drank water
Rabbit C2m is running away from: LionB0
Rabbit C2 m is ready to mate
Not enough female Rabbits or Female Rabbit partners are not ready yet!
Rabbit C0m is running away from: LionB0
Rabbit C0 m is ready to mate
Not enough female Rabbits or Female Rabbit partners are not ready yet!
Rabbit B5 is Thirsty
Rabbit B5 drank water
Rabbit B5f is running away from: LionB0
Rabbit C5 is Thirsty
Rabbit C5 drank water
Rabbit C5m is running away from: LionB0
Rabbit C5 is Hungry
Rabbit C5 m is ready to mate
Not enough female Rabbits or Female Rabbit partners are not ready yet!
Rabbit A4m is running away from: LionB0
Lion A4 is Thirsty
Lion A4 drank water
Lion A4 is Hungry
Lion B4 is Hungry
Lion B0 is Hungry
LionB0mis chasing: C0m
Lion B0 m is ready to mate
Rabbit C2 is Thirsty
Rabbit C2 drank water
Rabbit C2m is running away from: LionB0
Rabbit C2 is Hungry
Rabbit C2 m is ready to mate
Not enough female Rabbits or Female Rabbit partners are not ready yet!
Rabbit C0m is running away from: LionB0
Rabbit C0 is Hungry
Rabbit C0 m is ready to mate
Not enough female Rabbits or Female Rabbit partners are not ready yet!
Rabbit B5 is Thirsty
Rabbit B5 drank water
Rabbit B5f is running away from: LionB0
Rabbit B5 is Hungry
Rabbit C5 is Thirsty
Rabbit C5 drank water
Rabbit C5m is running away from: LionB0
Rabbit C5 is Hungry
Rabbit C5 m is ready to mate
Not enough female Rabbits or Female Rabbit partners are not ready yet!
Rabbit A4m is running away from: LionB0
Rabbit A4 is Hungry
Rabbit A4m ate
Lion A4 is Thirsty
Lion A4 drank water
Lion A4 is Hungry
Lion B4 is Hungry
Lion B0 is Hungry
LionB0mis chasing: C2m
Lion B0 m is ready to mate
Rabbit C2 is Thirsty
Rabbit C2 drank water
Rabbit C2m is running away from: LionB0
Rabbit C2 is Hungry
Rabbit C2 m is ready to mate
Not enough female Rabbits or Female Rabbit partners are not ready yet!
Rabbit C0 is Thirsty
Rabbit C0 drank water
Rabbit C0m is running away from: LionB0
Rabbit C0 is Hungry
Rabbit C0 m is ready to mate
Not enough female Rabbits or Female Rabbit partners are not ready yet!
Rabbit B5 is Thirsty
Rabbit B5 drank water
Rabbit B5f is running away from: LionB0
Rabbit B5 is Hungry
Rabbit B5f ate
Rabbit C5 is Thirsty
Rabbit C5 drank water
Rabbit C5m is running away from: LionB0
Rabbit C5 is Hungry
Rabbit C5 m is ready to mate
Not enough female Rabbits or Female Rabbit partners are not ready yet!
Rabbit A4m is running away from: LionB0
Lion A4 is Hungry
Lion B4 is Hungry
Lion B0 is Hungry
LionB0mis chasing: C2m
Lion B0 m is ready to mate
Rabbit C2 is Thirsty
Rabbit C2 drank water
Rabbit C2m is running away from: LionB0
Rabbit C2 is Hungry
Rabbit C2m ate
Rabbit C2 m is ready to mate
Not enough female Rabbits or Female Rabbit partners are not ready yet!
Rabbit C0 is Thirsty
Rabbit C0 drank water
Rabbit C0m is running away from: LionB0
Rabbit C0 is Hungry
Rabbit C0 m is ready to mate
Not enough female Rabbits or Female Rabbit partners are not ready yet!
Rabbit B5 is Thirsty
Rabbit B5 drank water
Rabbit B5f is running away from: LionB0
Rabbit B5 f is ready to mate
Rabbit C5 is Thirsty
Rabbit C5 drank water
Rabbit C5m is running away from: LionB0
Rabbit C5 is Hungry
Rabbit C5 m is ready to mate
Rabbit C5 m is approaching partner: Rabbit B5f
Rabbit A0 m was born!Father is C5 and Mother is B5
Rabbit A4m is running away from: LionB0
Rabbit A4 is Hungry
Rabbit A4m ate
Rabbit A4 m is ready to mate
Not enough female Rabbits or Female Rabbit partners are not ready yet!
Lion A4 is Hungry
Lion B4 is Hungry
Lion B0 is Hungry
LionB0mis chasing: C2m
LionB0m ate: C2m
Lion B0 m is ready to mate
Rabbit C0 is Thirsty
Rabbit C0 drank water
Rabbit C0m is running away from: LionB0
Rabbit C0 is Hungry
Rabbit C0 m is ready to mate
Not enough female Rabbits or Female Rabbit partners are not ready yet!
Rabbit B5 is Thirsty
Rabbit B5 drank water
Rabbit B5f is running away from: LionB0
Rabbit B5 is Hungry
Rabbit C5 is Thirsty
Rabbit C5 drank water
Rabbit C5m is running away from: LionB0
Rabbit C5 is Hungry
RabbitC5m died of hunger
Rabbit C5m ate
Rabbit C5 m is ready to mate
Not enough female Rabbits or Female Rabbit partners are not ready yet!
Rabbit A4m is running away from: LionB0
Rabbit A4 m is ready to mate
Not enough female Rabbits or Female Rabbit partners are not ready yet!
Rabbit A0m is running away from: LionB0
Lion A4 is Hungry
Lion B4 is Thirsty
Lion B4 drank water
Lion B4 is Hungry
LionB4fis chasing: A4m
Lion B4 f is ready to mate
Lion B0 m is ready to mate
Rabbit C0 is Thirsty
Rabbit C0 drank water
Rabbit C0m is running away from: LionB0
Rabbit C0 is Hungry
RabbitC0m died of hunger
Rabbit C0 m is ready to mate
Not enough female Rabbits or Female Rabbit partners are not ready yet!
Rabbit B5 is Thirsty
Rabbit B5 drank water
Rabbit B5f is running away from: LionB0
Rabbit B5 is Hungry
Rabbit B5f ate
Rabbit A4m is running away from: LionB0
Rabbit A4 is Hungry
Rabbit A4m ate
Rabbit A4 m is ready to mate
Not enough female Rabbits or Female Rabbit partners are not ready yet!
Rabbit A0m is running away from: LionB0
Rabbit A0 is Hungry
Rabbit A0m ate
Lion A4 is Hungry
Lion B4 is Hungry
LionB4fis chasing: A4m
Lion B4 f is ready to mate
Lion B0 m is ready to mate
Rabbit B5 is Thirsty
Rabbit B5 drank water
Rabbit B5f is running away from: LionB0
Rabbit A4m is running away from: LionB0
Rabbit A4 m is ready to mate
Not enough female Rabbits or Female Rabbit partners are not ready yet!
Rabbit A0m is running away from: LionB0
Lion A4 is Hungry
Lion B4 is Hungry
LionB4fis chasing: A4m
Lion B4 f is ready to mate
Lion B0 m is ready to mate
Rabbit B5 is Thirsty
Rabbit B5 drank water
Rabbit B5f is running away from: LionB0
Rabbit B5 is Hungry
Rabbit B5f ate
Rabbit A4 is Thirsty
Rabbit A4 drank water
Rabbit A4m is running away from: LionB4
Rabbit A4 is Hungry
Rabbit A4 m is ready to mate
Not enough female Rabbits or Female Rabbit partners are not ready yet!
Rabbit A0m is running away from: LionB0
Rabbit A0 is Hungry
Rabbit A0m ate
Lion A4 is Hungry
Lion B4 is Hungry
LionB4fis chasing: A4m
Lion B4 f is ready to mate
Lion B0 m is ready to mate
Rabbit B5 is Thirsty
Rabbit B5 drank water
Rabbit B5f is running away from: LionB0
Rabbit A4 is Thirsty
Rabbit A4 drank water
Rabbit A4m is running away from: LionB4
Rabbit A4 is Hungry
Rabbit A4 m is ready to mate
Not enough female Rabbits or Female Rabbit partners are not ready yet!
Rabbit A0m is running away from: LionB0
Lion A4 is Hungry
Lion B4 is Hungry
LionB4fis chasing: A4m
Lion B4 f is ready to mate
Lion B0 is Thirsty
Lion B0 drank water
Lion B0 m is ready to mate
Rabbit B5 is Thirsty
Rabbit B5 drank water
Rabbit B5f is running away from: LionB0
Rabbit B5 is Hungry
Rabbit B5f ate
Rabbit A4 is Thirsty
Rabbit A4 drank water
Rabbit A4m is running away from: LionB4
Rabbit A4 is Hungry
Rabbit A4 m is ready to mate
Not enough female Rabbits or Female Rabbit partners are not ready yet!
Rabbit A0m is running away from: LionB0
Rabbit A0 is Hungry
Rabbit A0m ate
Lion A4 is Hungry
Lion B4 is Hungry
LionB4fis chasing: A0m
Lion B4 f is ready to mate
Lion B0 is Thirsty
Lion B0 drank water
Lion B0 m is ready to mate
Rabbit B5 is Thirsty
Rabbit B5 drank water
Rabbit B5f is running away from: LionB0
Rabbit B5 f is ready to mate
Rabbit A4 is Thirsty
Rabbit A4 drank water
Rabbit A4m is running away from: LionB4
Rabbit A4 is Hungry
Rabbit A4 m is ready to mate
Rabbit A4 m is approaching partner: Rabbit B5f
Rabbit A0m is running away from: LionB4
Rabbit A0 m is ready to mate
Rabbit A0 m is approaching partner: Rabbit B5f
Lion A4 is Hungry
Lion B4 is Hungry
LionB4fis chasing: A4m
Lion B4 f is ready to mate
Lion B0 is Thirsty
Lion B0 drank water
Lion B0 m is ready to mate
Rabbit B5 is Thirsty
Rabbit B5 drank water
Rabbit B5f is running away from: LionB0
Rabbit B5 is Hungry
Rabbit B5f ate
Rabbit B5 f is ready to mate
Rabbit A4 is Thirsty
Rabbit A4 drank water
Rabbit A4m is running away from: LionB4
Rabbit A4 is Hungry
RabbitA4m died of hunger
Rabbit A4m ate
Rabbit A4 m is ready to mate
Rabbit A4 m is approaching partner: Rabbit B5f
Rabbit A0m is running away from: LionB0
Rabbit A0 is Hungry
Rabbit A0 m is ready to mate
Rabbit A0 m is approaching partner: Rabbit B5f
Lion A4 is Thirsty
Lion A4 drank water
Lion A4 is Hungry
Lion B4 is Hungry
LionB4fis chasing: A0m
Lion B4 f is ready to mate
Lion B0 is Thirsty
Lion B0 drank water
Lion B0 m is ready to mate
Rabbit B5 is Thirsty
Rabbit B5 drank water
Rabbit B5f is running away from: LionB0
Rabbit B5 f is ready to mate
Rabbit A0m is running away from: LionB4
Rabbit A0 is Hungry
Rabbit A0 m is ready to mate
Rabbit A0 m is approaching partner: Rabbit B5f
Lion A4 is Hungry
Lion B4 is Hungry
LionB4fis chasing: A0m
Lion B4 f is ready to mate
Lion B0 is Thirsty
Lion B0 drank water
Lion B0 m is ready to mate
Rabbit B5 is Thirsty
Rabbit B5 drank water
Rabbit B5f is running away from: LionB0
Rabbit B5 is Hungry
Rabbit B5f ate
Rabbit B5 f is ready to mate
Rabbit A0 is Thirsty
Rabbit A0 drank water
Rabbit A0m is running away from: LionB0
Rabbit A0 is Hungry
Rabbit A0 m is ready to mate
Rabbit A0 m is approaching partner: Rabbit B5f
Lion A4 is Hungry
Lion B4 is Hungry
LionB4fis chasing: A0m
Lion B4 f is ready to mate
Lion B0 is Thirsty
Lion B0 drank water
Lion B0 m is ready to mate
Rabbit B5 is Thirsty
Rabbit B5 drank water
Rabbit B5f is running away from: LionB0
Rabbit B5 f is ready to mate
Rabbit A0 is Thirsty
Rabbit A0 drank water
Rabbit A0m is running away from: LionB4
Rabbit A0 is Hungry
Rabbit A0m ate
Rabbit A0 m is ready to mate
Rabbit A0 m is approaching partner: Rabbit B5f
Lion A4 is Hungry
Lion B4 is Thirsty
Lion B4 drank water
Lion B4 is Hungry
LionB4fis chasing: A0m
Lion B4 f is ready to mate
Lion B0 is Thirsty
Lion B0 drank water
Lion B0 m is ready to mate
Rabbit B5 is Thirsty
Rabbit B5 drank water
Rabbit B5f is running away from: LionB0
Rabbit B5 is Hungry
Rabbit B5f ate
Rabbit B5 f is ready to mate
Rabbit A0 is Thirsty
Rabbit A0 drank water
Rabbit A0m is running away from: LionB0
Rabbit A0 m is ready to mate
Rabbit A0 m is approaching partner: Rabbit B5f
Lion A4 is Hungry
Lion B4 is Thirsty
Lion B4 drank water
Lion B4 is Hungry
LionB4fis chasing: A0m
Lion B4 f is ready to mate
Lion B0 is Thirsty
Lion B0 drank water
Lion B0 m is ready to mate
Rabbit B5 is Thirsty
Rabbit B5 drank water
Rabbit B5f is running away from: LionB0
Rabbit B5 f is ready to mate
Rabbit A0 is Thirsty
Rabbit A0 drank water
Rabbit A0m is running away from: LionB4
Rabbit A0 is Hungry
Rabbit A0m ate
Rabbit A0 m is ready to mate
Rabbit A0 m is approaching partner: Rabbit B5f
Lion A4 is Hungry
Lion B4 is Thirsty
Lion B4 drank water
Lion B4 is Hungry
LionB4fis chasing: A0m
LionB4f ate: A0m
Lion B4 f is ready to mate
Lion B0 is Thirsty
Lion B0 drank water
Lion B0 m is ready to mate
Rabbit B5 is Thirsty
Rabbit B5 drank water
Rabbit B5f is running away from: LionB0
Rabbit B5 is Hungry
Rabbit B5f ate
Rabbit B5 f is ready to mate
Lion A4 is Hungry
Lion B4 is Thirsty
Lion B4 drank water
Lion B4 f is ready to mate
Lion B0 is Thirsty
Lion B0 drank water
Lion B0 m is ready to mate
Rabbit B5 is Thirsty
Rabbit B5 drank water
Rabbit B5f is running away from: LionB4
Rabbit B5 f is ready to mate
Lion A4 is Hungry
Lion B4 is Thirsty
Lion B4 drank water
Lion B4 f is ready to mate
Lion B0 is Thirsty
Lion B0 drank water
Lion B0 is Hungry
LionB0mis chasing: B5f
Lion B0 m is ready to mate
Rabbit B5 is Thirsty
Rabbit B5 drank water
Rabbit B5f is running away from: LionB4
Rabbit B5 is Hungry
Rabbit B5f ate
Rabbit B5 f is ready to mate
Lion A4 is Hungry
Lion B4 f is ready to mate
Lion B0 is Thirsty
Lion B0 drank water
Lion B0 is Hungry
LionB0mis chasing: B5f
Lion B0 m is ready to mate
Rabbit B5f is running away from: LionB4
Rabbit B5 f is ready to mate
Lion A4 is Hungry
Lion B4 f is ready to mate
Lion B0 is Thirsty
Lion B0 drank water
Lion B0 is Hungry
LionB0mis chasing: B5f
Lion B0 m is ready to mate
Rabbit B5f is running away from: LionB0
Rabbit B5 is Hungry
Rabbit B5f ate
Rabbit B5 f is ready to mate
Lion A4 is Thirsty
Lion A4 drank water
Lion A4 is Hungry
Lion B4 f is ready to mate
Lion B0 is Thirsty
Lion B0 drank water
Lion B0 is Hungry
LionB0mis chasing: B5f
Lion B0 m is ready to mate
Rabbit B5f is running away from: LionB0
Rabbit B5 f is ready to mate
Lion A4 is Hungry
Lion B4 f is ready to mate
Lion B0 is Thirsty
Lion B0 drank water
Lion B0 is Hungry
LionB0mis chasing: B5f
Lion B0 m is ready to mate
Rabbit B5f is running away from: LionB0
Rabbit B5 is Hungry
Rabbit B5f ate
Rabbit B5 f is ready to mate
Lion A4 is Hungry
Lion B4 f is ready to mate
Lion B0 is Thirsty
Lion B0 drank water
Lion B0 is Hungry
LionB0mis chasing: B5f
Lion B0 m is ready to mate
Rabbit B5f is running away from: LionB0
Rabbit B5 f is ready to mate
Lion A4 is Hungry
Lion B4 f is ready to mate
Lion B0 is Thirsty
Lion B0 drank water
Lion B0 is Hungry
LionB0mis chasing: B5f
Lion B0 m is ready to mate
Rabbit B5f is running away from: LionB0
Rabbit B5 is Hungry
Rabbit B5f ate
Rabbit B5 f is ready to mate
Lion A4 is Hungry
Lion B4 f is ready to mate
Lion B0 is Thirsty
Lion B0 drank water
Lion B0 is Hungry
LionB0mis chasing: B5f
Lion B0 m is ready to mate
Rabbit B5f is running away from: LionB0
Rabbit B5 f is ready to mate
Lion A4 is Hungry
Lion B4 f is ready to mate
Lion B0 is Thirsty
Lion B0 drank water
Lion B0 is Hungry
LionB0mis chasing: B5f
Lion B0 m is ready to mate
Rabbit B5f is running away from: LionB0
Rabbit B5 is Hungry
Rabbit B5f ate
Rabbit B5 f is ready to mate
Lion A4 is Hungry
Lion B4 f is ready to mate
Lion B0 is Thirsty
Lion B0 drank water
Lion B0 is Hungry
LionB0mis chasing: B5f
Lion B0 m is ready to mate
Rabbit B5f is running away from: LionB0
Rabbit B5 f is ready to mate
Lion A4 is Hungry
Lion B4 is Thirsty
Lion B4 drank water
Lion B4 f is ready to mate
Lion B0 is Thirsty
Lion B0 drank water
Lion B0 is Hungry
LionB0mis chasing: B5f
Lion B0 m is ready to mate
Rabbit B5 is Thirsty
Rabbit B5 drank water
Rabbit B5f is running away from: LionB0
Rabbit B5 is Hungry
Rabbit B5 f is ready to mate
Lion A4 is Hungry
Lion B4 is Thirsty
Lion B4 drank water
Lion B4 f is ready to mate
Lion B0 is Thirsty
Lion B0 drank water
Lion B0 is Hungry
LionB0mis chasing: B5f
Lion B0 m is ready to mate
Rabbit B5 is Thirsty
Rabbit B5 drank water
Rabbit B5f is running away from: LionB0
Rabbit B5 is Hungry
Rabbit B5 f is ready to mate
Lion A4 is Hungry
Lion B4 is Thirsty
Lion B4 drank water
Lion B4 f is ready to mate
Lion B0 is Hungry
LionB0mis chasing: B5f
Lion B0 m is ready to mate
rabbit B5f Died of Old Age
Rabbit B5 is Thirsty
Rabbit B5 drank water
Rabbit B5f is running away from: LionB0
Rabbit B5 is Hungry
Rabbit B5f ate
Rabbit B5 f is ready to mate
Lion A4 is Thirsty
Lion A4 drank water
Lion A4 is Hungry
LionA4m died of hunger
Lion B4 is Hungry
Lion B0 is Hungry
Lion B4 is Hungry
Lion B0 is Hungry
Lion B4 is Hungry
Lion B0 is Hungry
Lion B4 is Hungry
Lion B0 is Hungry
Lion B4 is Hungry
Lion B0 is Hungry
Lion B4 is Hungry
Lion B0 is Hungry
Lion B4 is Hungry
Lion B0 is Hungry
Lion B4 is Hungry
Lion B0 is Hungry
Lion B4 is Hungry
Lion B0 is Thirsty
Lion B0 drank water
Lion B0 is Hungry
Lion B4 is Thirsty
Lion B4 drank water
Lion B4 is Hungry
Lion B0 is Thirsty
Lion B0 drank water
Lion B0 is Hungry
Lion B4 is Thirsty
Lion B4 drank water
Lion B4 is Hungry
Lion B0 is Hungry
Lion B4 is Thirsty
Lion B4 drank water
Lion B4 is Hungry
Lion B0 is Hungry
Lion B4 is Thirsty
Lion B4 drank water
Lion B4 is Hungry
Lion B0 is Hungry
Lion B4 is Thirsty
Lion B4 drank water
Lion B4 is Hungry
Lion B0 is Hungry
Lion B4 is Thirsty
Lion B4 drank water
Lion B4 is Hungry
Lion B0 is Hungry
Lion B4 is Thirsty
Lion B4 drank water
Lion B4 is Hungry
Lion B0 is Hungry
Lion B4 is Thirsty
Lion B4 drank water
Lion B4 is Hungry
Lion B0 is Hungry
Lion B4 is Thirsty
Lion B4 drank water
Lion B4 is Hungry
Lion B0 is Hungry
Lion B4 is Hungry
Lion B0 is Hungry
Lion B4 is Hungry
Lion B0 is Thirsty
Lion B0 drank water
Lion B0 is Hungry
Lion B4 is Hungry
Lion B0 is Hungry
Lion B4 is Hungry
Lion B0 is Hungry
Lion B4 is Hungry
Lion B0 is Hungry
LionB0m died of hunger
Lion B4 is Hungry
Lion B4 is Hungry
Lion B4 is Hungry
Lion B4 is Hungry
Lion B4 is Thirsty
Lion B4 drank water
Lion B4 is Hungry
Lion B4 is Hungry
Lion B4 is Hungry
Lion B4 is Hungry
Lion B4 is Hungry
Lion B4 is Hungry
Lion B4 is Hungry
Lion B4 is Hungry
Lion B4 is Hungry
LionB4f died of hunger
