Wolf A1m is running away from: LionC0
Wolf C1f is running away from: LionC0
Wolf B4m is running away from: LionB4
Wolf B3m is running away from: LionB4
Wolf B0f is running away from: LionB4
Wolf C0m is running away from: LionB0
Wolf C5m is running away from: LionB0
Wolf B5f is running away from: LionB4
Rabbit C3f is running away from: LionB0
Rabbit C3f is running away from: WolfC0
Rabbit C3 is Hungry
Rabbit C3f ate
Rabbit C3 f is ready to mate
Rabbit C3f is running away from: LionC2
Rabbit C3f is running away from: WolfC5
Rabbit C3 is Hungry
Rabbit C3f ate
Rabbit C3 f is ready to mate
Rabbit B1f is running away from: LionB4
Rabbit B1f is running away from: WolfB5
Rabbit B1 is Hungry
Rabbit B1f ate
Rabbit B1 f is ready to mate
Rabbit A5m is running away from: LionB0
Rabbit A5m is running away from: WolfC0
Rabbit A5 is Hungry
Rabbit A5m ate
Rabbit A5 m is ready to mate
Rabbit A5 m is approaching partner: Rabbit C3f
Rabbit A3f is running away from: LionC0
Rabbit A3f is running away from: WolfC1
Rabbit A3 is Hungry
Rabbit A3f ate
Rabbit A3 f is ready to mate
Rabbit C2f is running away from: LionC0
Rabbit C2f is running away from: WolfA1
Rabbit C2 is Hungry
Rabbit C2f ate
Rabbit C2 f is ready to mate
Rabbit A1f is running away from: LionC2
Rabbit A1f is running away from: WolfC5
Rabbit A1 is Hungry
Rabbit A1f ate
Rabbit A1 f is ready to mate
Rabbit B3m is running away from: LionB0
Rabbit B3m is running away from: WolfC1
Rabbit B3 is Hungry
Rabbit B3m ate
Rabbit B3 m is ready to mate
Rabbit B3 m is approaching partner: Rabbit A1f
Rabbit B4m is running away from: LionC0
Rabbit B4m is running away from: WolfC0
Rabbit B4 is Hungry
Rabbit B4m ate
Rabbit B4 m is ready to mate
Rabbit B4 m is approaching partner: Rabbit C2f
Rabbit C0f is running away from: LionC0
Rabbit C0f is running away from: WolfC1
Rabbit C0 is Hungry
Rabbit C0f ate
Rabbit C0 f is ready to mate
Rabbit A1f is running away from: LionC0
Rabbit A1f is running away from: WolfA1
Rabbit A1 is Hungry
Rabbit A1f ate
Rabbit A1 f is ready to mate
Rabbit A3f is running away from: LionC0
Rabbit A3f is running away from: WolfC1
Rabbit A3 is Hungry
Rabbit A3f ate
Rabbit A3 f is ready to mate
Rabbit C1f is running away from: LionC0
Rabbit C1f is running away from: WolfA1
Rabbit C1 is Hungry
Rabbit C1f ate
Rabbit C1 f is ready to mate
Rabbit B1m is running away from: LionB4
Rabbit B1m is running away from: WolfB0
Rabbit B1 is Hungry
Rabbit B1m ate
Rabbit B1 m is ready to mate
Rabbit B1 m is approaching partner: Rabbit B1f
Rabbit C1m is running away from: LionB0
Rabbit C1m is running away from: WolfC5
Rabbit C1 is Hungry
Rabbit C1m ate
Rabbit C1 m is ready to mate
Rabbit C1 m is approaching partner: Rabbit B1f
Rabbit B5f is running away from: LionB0
Rabbit B5f is running away from: WolfC0
Rabbit B5 is Hungry
Rabbit B5f ate
Rabbit B5 f is ready to mate
Rabbit C4f is running away from: LionB4
Rabbit C4f is running away from: WolfB0
Rabbit C4 is Hungry
Rabbit C4f ate
Rabbit C4 f is ready to mate
Rabbit C4m is running away from: LionC2
Rabbit C4m is running away from: WolfC5
Rabbit C4 is Hungry
Rabbit C4m ate
Rabbit C4 m is ready to mate
Rabbit C4 m is approaching partner: Rabbit C3f
Rabbit B0m is running away from: LionB0
Rabbit B0m is running away from: WolfC5
Rabbit B0 is Hungry
Rabbit B0m ate
Rabbit B0 m is ready to mate
Rabbit B0 m is approaching partner: Rabbit A1f
Rabbit A4m is running away from: LionB4
Rabbit A4m is running away from: WolfB0
Rabbit A4 is Hungry
Rabbit A4 m is ready to mate
Rabbit A4 m is approaching partner: Rabbit C4f
Wolf A1m is running away from: LionC0
Wolf C1f is running away from: LionB0
Wolf C1f ate!
Wolf B4m is running away from: LionB0
Wolf B3m is running away from: LionB4
Wolf B0f is running away from: LionB4
Wolf C0m is running away from: LionB0
Wolf C5m is running away from: LionB0
Wolf B5f is running away from: LionB4
Rabbit C3f is running away from: LionC0
Rabbit C3f is running away from: WolfC0
Rabbit C3 is Hungry
Rabbit C3f ate
Rabbit C3 f is ready to mate
Rabbit C3f is running away from: LionC2
Rabbit C3f is running away from: WolfC5
Rabbit C3 is Hungry
Rabbit C3f ate
Rabbit C3 f is ready to mate
Rabbit B1f is running away from: LionB4
Rabbit B1f is running away from: WolfB4
Rabbit B1 is Hungry
Rabbit B1f ate
Rabbit B1 f is ready to mate
Rabbit A5m is running away from: LionB0
Rabbit A5m is running away from: WolfC0
Rabbit A5 is Hungry
Rabbit A5m ate
Rabbit A5 m is ready to mate
Rabbit A5 m is approaching partner: Rabbit B5f
Rabbit A3f is running away from: LionC0
Rabbit A3f is running away from: WolfA1
Rabbit A3 is Hungry
Rabbit A3f ate
Rabbit A3 f is ready to mate
Rabbit C2f is running away from: LionC0
Rabbit C2f is running away from: WolfC0
Rabbit C2 is Hungry
Rabbit C2f ate
Rabbit C2 f is ready to mate
Rabbit A1f is running away from: LionC2
Rabbit A1f is running away from: WolfC5
Rabbit A1 is Hungry
Rabbit A1f ate
Rabbit A1 f is ready to mate
Rabbit B3m is running away from: LionB0
Rabbit B3m is running away from: WolfC1
Rabbit B3 is Hungry
Rabbit B3m ate
Rabbit B3 m is ready to mate
Rabbit B3 m is approaching partner: Rabbit A1f
Rabbit B4m is running away from: LionC0
Rabbit B4m is running away from: WolfC0
Rabbit B4 is Hungry
Rabbit B4m ate
Rabbit B4 m is ready to mate
Rabbit B4 m is approaching partner: Rabbit C2f
Rabbit C0f is running away from: LionC0
Rabbit C0f is running away from: WolfA1
Rabbit C0 is Hungry
Rabbit C0f ate
Rabbit C0 f is ready to mate
Rabbit A1f is running away from: LionC0
Rabbit A1f is running away from: WolfA1
Rabbit A1 is Hungry
Rabbit A1f ate
Rabbit A1 f is ready to mate
Rabbit C1f is running away from: LionC0
Rabbit C1f is running away from: WolfA1
Rabbit C1 is Hungry
Rabbit C1 f is ready to mate
Rabbit B1m is running away from: LionB4
Rabbit B1m is running away from: WolfB0
Rabbit B1 is Hungry
Rabbit B1m ate
Rabbit B1 m is ready to mate
Rabbit B1 m is approaching partner: Rabbit C4f
Rabbit C1m is running away from: LionB0
Rabbit C1m is running away from: WolfC5
Rabbit C1 is Hungry
Rabbit C1m ate
Rabbit C1 m is ready to mate
Rabbit C1 m is approaching partner: Rabbit B1f
Rabbit B5f is running away from: LionC0
Rabbit B5f is running away from: WolfC0
Rabbit B5 is Hungry
Rabbit B5f ate
Rabbit B5 f is ready to mate
Rabbit C4f is running away from: LionB4
Rabbit C4f is running away from: WolfB0
Rabbit C4 is Hungry
Rabbit C4f ate
Rabbit C4 f is ready to mate
Rabbit C4m is running away from: LionC2
Rabbit C4m is running away from: WolfC5
Rabbit C4 is Hungry
Rabbit C4m ate
Rabbit C4 m is ready to mate
Rabbit C4 m is approaching partner: Rabbit C3f
Rabbit B0m is running away from: LionC0
Rabbit B0m is running away from: WolfC5
Rabbit B0 is Hungry
Rabbit B0m ate
Rabbit B0 m is ready to mate
Rabbit B0 m is approaching partner: Rabbit A1f
Rabbit A4m is running away from: LionB4
Rabbit A4m is running away from: WolfB0
Rabbit A4 is Hungry
Rabbit A4 m is ready to mate
Rabbit A4 m is approaching partner: Rabbit C4f
Lion B4m ate: B1m
Lion C0m ate: B0m
Lion C2f ate: C3f
Wolf A1m is running away from: LionC0
Wolf C1f is running away from: LionB0
Wolf B4m is running away from: LionB4
Wolf B3m is running away from: LionB4
Wolf B0f is running away from: LionB4
Wolf C0m is running away from: LionB0
Wolf C5m is running away from: LionB0
Wolf B5f is running away from: LionB0
Rabbit C3f is running away from: LionC0
Rabbit C3f is running away from: WolfC0
Rabbit C3 is Hungry
Rabbit C3f ate
Rabbit C3 f is ready to mate
Rabbit C3f is running away from: LionC2
Rabbit C3f is running away from: WolfC5
Rabbit C3 is Hungry
Rabbit C3f ate
Rabbit C3 f is ready to mate
Rabbit B1f is running away from: LionB4
Rabbit B1f is running away from: WolfC5
Rabbit B1 is Hungry
Rabbit B1f ate
Rabbit B1 f is ready to mate
Rabbit A5m is running away from: LionC0
Rabbit A5m is running away from: WolfC0
Rabbit A5 is Hungry
Rabbit A5m ate
Rabbit A5 m is ready to mate
Rabbit A5 m is approaching partner: Rabbit B5f
Rabbit A3f is running away from: LionC0
Rabbit A3f is running away from: WolfC1
Rabbit A3 is Hungry
Rabbit A3f ate
Rabbit A3 f is ready to mate
Rabbit C2f is running away from: LionC0
Rabbit C2f is running away from: WolfC0
Rabbit C2 is Hungry
Rabbit C2f ate
Rabbit C2 f is ready to mate
Rabbit A1f is running away from: LionB0
Rabbit A1f is running away from: WolfC5
Rabbit A1 is Hungry
Rabbit A1 f is ready to mate
Rabbit B3m is running away from: LionB0
Rabbit B3m is running away from: WolfC1
Rabbit B3 is Hungry
Rabbit B3m ate
Rabbit B3 m is ready to mate
Rabbit B3 m is approaching partner: Rabbit A1f
Rabbit B4m is running away from: LionC0
Rabbit B4m is running away from: WolfC0
Rabbit B4 is Hungry
Rabbit B4 m is ready to mate
Rabbit B4 m is approaching partner: Rabbit C2f
Rabbit C0f is running away from: LionC0
Rabbit C0f is running away from: WolfC1
Rabbit C0 is Hungry
Rabbit C0f ate
Rabbit C0 f is ready to mate
Rabbit A1f is running away from: LionC0
Rabbit A1f is running away from: WolfA1
Rabbit A1 is Hungry
Rabbit A1 f is ready to mate
Rabbit C1f is running away from: LionC0
Rabbit C1f is running away from: WolfA1
Rabbit C1 is Hungry
Rabbit C1 f is ready to mate
Rabbit B1m is running away from: LionB4
Rabbit B1m is running away from: WolfB0
Rabbit B1 is Hungry
Rabbit B1m ate
Rabbit B1 m is ready to mate
Rabbit B1 m is approaching partner: Rabbit C4f
Rabbit C1m is running away from: LionB0
Rabbit C1m is running away from: WolfC5
Rabbit C1 is Hungry
Rabbit C1m ate
Rabbit C1 m is ready to mate
Rabbit C1 m is approaching partner: Rabbit B1f
Rabbit B5f is running away from: LionC0
Rabbit B5f is running away from: WolfA1
Rabbit B5 is Hungry
Rabbit B5f ate
Rabbit B5 f is ready to mate
Rabbit C4f is running away from: LionB4
Rabbit C4f is running away from: WolfB0
Rabbit C4 is Hungry
Rabbit C4f ate
Rabbit C4 f is ready to mate
Rabbit C4m is running away from: LionC2
Rabbit C4m is running away from: WolfC5
Rabbit C4 is Hungry
Rabbit C4m ate
Rabbit C4 m is ready to mate
Rabbit C4 m is approaching partner: Rabbit C3f
Rabbit B0m is running away from: LionC0
Rabbit B0m is running away from: WolfC5
Rabbit B0 is Hungry
Rabbit B0m ate
Rabbit B0 m is ready to mate
Rabbit B0 m is approaching partner: Rabbit A1f
Rabbit A4m is running away from: LionB4
Rabbit A4m is running away from: WolfB0
Rabbit A4 is Hungry
Rabbit A4m ate
Rabbit A4 m is ready to mate
Rabbit A4 m is approaching partner: Rabbit C4f
Lion C2f ate: C3f
Wolf A1m is running away from: LionC0
Wolf C1f is running away from: LionB0
Wolf B4m is running away from: LionB4
Wolf B3m is running away from: LionB4
Wolf B0f is running away from: LionB4
Wolf C0m is running away from: LionB0
Wolf C5m is running away from: LionB0
Wolf B5f is running away from: LionB4
Rabbit C3f is running away from: LionC0
Rabbit C3f is running away from: WolfC0
Rabbit C3 is Hungry
Rabbit C3f ate
Rabbit C3 f is ready to mate
Rabbit C3f is running away from: LionC2
Rabbit C3f is running away from: WolfC5
Rabbit C3 is Hungry
Rabbit C3 f is ready to mate
Rabbit B1f is running away from: LionB4
Rabbit B1f is running away from: WolfC5
Rabbit B1 is Hungry
Rabbit B1 f is ready to mate
Rabbit A5m is running away from: LionC0
Rabbit A5m is running away from: WolfC0
Rabbit A5 is Hungry
Rabbit A5m ate
Rabbit A5 m is ready to mate
Rabbit A5 m is approaching partner: Rabbit A1f
Rabbit A3f is running away from: LionC0
Rabbit A3f is running away from: WolfC1
Rabbit A3 is Hungry
Rabbit A3 f is ready to mate
Rabbit C2f is running away from: LionC0
Rabbit C2f is running away from: WolfA1
Rabbit C2 is Hungry
Rabbit C2 f is ready to mate
Rabbit A1f is running away from: LionB0
Rabbit A1f is running away from: WolfC0
Rabbit A1 is Hungry
Rabbit A1f ate
Rabbit A1 f is ready to mate
Rabbit B3m is running away from: LionB0
Rabbit B3m is running away from: WolfC1
Rabbit B3 is Hungry
Rabbit B3m ate
Rabbit B3 m is ready to mate
Rabbit B3 m is approaching partner: Rabbit A1f
Rabbit B4m is running away from: LionC0
Rabbit B4m is running away from: WolfA1
Rabbit B4 is Hungry
Rabbit B4 m is ready to mate
Rabbit B4 m is approaching partner: Rabbit C2f
Rabbit C0f is running away from: LionC0
Rabbit C0f is running away from: WolfA1
Rabbit C0 is Hungry
Rabbit C0f ate
Rabbit C0 f is ready to mate
Rabbit A1f is running away from: LionC0
Rabbit A1f is running away from: WolfA1
Rabbit A1 is Hungry
Rabbit A1f ate
Rabbit A1 f is ready to mate
Rabbit C1f is running away from: LionC0
Rabbit C1f is running away from: WolfA1
Rabbit C1 is Hungry
Rabbit C1 f is ready to mate
Rabbit B1m is running away from: LionB4
Rabbit B1m is running away from: WolfB4
Rabbit B1 is Hungry
Rabbit B1 m is ready to mate
Rabbit B1 m is approaching partner: Rabbit C4f
Rabbit C1m is running away from: LionB4
Rabbit C1m is running away from: WolfC5
Rabbit C1 is Hungry
Rabbit C1m ate
Rabbit C1 m is ready to mate
Rabbit C1 m is approaching partner: Rabbit B1f
Rabbit B5f is running away from: LionC0
Rabbit B5f is running away from: WolfA1
Rabbit B5 is Hungry
Rabbit B5 f is ready to mate
Rabbit C4f is running away from: LionB4
Rabbit C4f is running away from: WolfB4
Rabbit C4 is Hungry
Rabbit C4f ate
Rabbit C4 f is ready to mate
Rabbit C4m is running away from: LionC2
Rabbit C4m is running away from: WolfC5
Rabbit C4 is Hungry
Rabbit C4 m is ready to mate
Rabbit C4 m is approaching partner: Rabbit C3f
Rabbit B0m is running away from: LionB0
Rabbit B0m is running away from: WolfC0
Rabbit B0 is Hungry
Rabbit B0 m is ready to mate
Rabbit B0 m is approaching partner: Rabbit A1f
Rabbit A4m is running away from: LionB4
Rabbit A4m is running away from: WolfB4
Rabbit A4 is Hungry
Rabbit A4 m is ready to mate
Rabbit A4 m is approaching partner: Rabbit C4f
Lion B0 is Hungry
LionB0mis chasing: C5m
Lion B0 is Hungry
LionB0fis chasing: A1f
LionB0f ate: A1f
Wolf A1m is running away from: LionC0
Wolf A1 is Hungry
Wolf A1m is chasing: C1f
Wolf A1m ate!
Wolf A1 m is ready to mate
Wolf C1f is running away from: LionB0
Wolf C1 f is ready to mate
Wolf B4m is running away from: LionB4
Wolf B4 is Hungry
Wolf B4m is chasing: C4f
Wolf B4 m is ready to mate
Wolf C3 m was born! Father is B4 and Mother is B5
Wolf B3m is running away from: LionB4
Wolf B3 is Hungry
Wolf B3m is chasing: C4f
Wolf B3 m is ready to mate
Wolf B0f is running away from: LionB4
Wolf B0 is Hungry
Wolf B0f is chasing: C4f
Wolf B0 f is ready to mate
Wolf C0m is running away from: LionC0
Wolf C0 is Hungry
Wolf C0m is chasing: C3f
Wolf C0 m is ready to mate
Wolf C5m is running away from: LionB0
Wolf C5 is Hungry
Wolf C5m is chasing: C1m
Wolf C5 m is ready to mate
Wolf B5f is running away from: LionB0
Wolf B5 is Hungry
Wolf B5f is chasing: C4f
Rabbit C3f is running away from: LionC0
Rabbit C3f is running away from: WolfA1
Rabbit C3 is Hungry
Rabbit C3f ate
Rabbit C3 f is ready to mate
Rabbit C3f is running away from: LionC2
Rabbit C3f is running away from: WolfC5
Rabbit C3 is Hungry
Rabbit C3f ate
Rabbit C3 f is ready to mate
Rabbit B1f is running away from: LionB4
Rabbit B1f is running away from: WolfC5
Rabbit B1 is Hungry
Rabbit B1 f is ready to mate
Rabbit A5m is running away from: LionC0
Rabbit A5m is running away from: WolfA1
Rabbit A5 is Hungry
Rabbit A5 m is ready to mate
Rabbit A5 m is approaching partner: Rabbit A1f
Rabbit A3f is running away from: LionC0
Rabbit A3f is running away from: WolfC1
Rabbit A3 is Hungry
Rabbit A3 f is ready to mate
Rabbit C2f is running away from: LionC0
Rabbit C2f is running away from: WolfC0
Rabbit C2 is Hungry
Rabbit C2f ate
Rabbit C2 f is ready to mate
Rabbit B3m is running away from: LionB0
Rabbit B3m is running away from: WolfC1
Rabbit B3 is Hungry
Rabbit B3m ate
Rabbit B3 m is ready to mate
Rabbit B3 m is approaching partner: Rabbit C3f
Rabbit B4m is running away from: LionC0
Rabbit B4m is running away from: WolfC0
Rabbit B4 is Hungry
Rabbit B4 m is ready to mate
Rabbit B4 m is approaching partner: Rabbit C2f
Rabbit C0f is running away from: LionC0
Rabbit C0f is running away from: WolfC1
Rabbit C0 is Hungry
Rabbit C0f ate
Rabbit C0 f is ready to mate
Rabbit A1f is running away from: LionC0
Rabbit A1f is running away from: WolfA1
Rabbit A1 is Hungry
Rabbit A1 f is ready to mate
Rabbit B1m is running away from: LionB4
Rabbit B1m is running away from: WolfB5
Rabbit B1 is Hungry
Rabbit B1 m is ready to mate
Rabbit B1 m is approaching partner: Rabbit C4f
Rabbit C1m is running away from: LionB4
Rabbit C1m is running away from: WolfC5
Rabbit C1 is Hungry
Rabbit C1 m is ready to mate
Rabbit C1 m is approaching partner: Rabbit B1f
Rabbit B5f is running away from: LionC0
Rabbit B5f is running away from: WolfA1
Rabbit B5 is Hungry
Rabbit B5 f is ready to mate
Rabbit C4f is running away from: LionB4
Rabbit C4f is running away from: WolfB5
Rabbit C4 is Hungry
Rabbit C4f ate
Rabbit C4 f is ready to mate
Rabbit C4m is running away from: LionC2
Rabbit C4m is running away from: WolfC5
Rabbit C4 is Hungry
Rabbit C4 m is ready to mate
Rabbit C4 m is approaching partner: Rabbit C3f
Rabbit B0m is running away from: LionB0
Rabbit B0m is running away from: WolfC0
Rabbit B0 is Hungry
Rabbit B0 m is ready to mate
Rabbit B0 m is approaching partner: Rabbit C3f
Rabbit A4m is running away from: LionB4
Rabbit A4m is running away from: WolfB5
Rabbit A4 is Hungry
Rabbit A4 m is ready to mate
Rabbit A4 m is approaching partner: Rabbit C4f
Lion B0 is Hungry
LionB0mis chasing: C3f
Wolf A1m is running away from: LionC0
Wolf A1 m is ready to mate
Wolf C1f is running away from: LionB0
Wolf C1 f is ready to mate
Wolf B4m is running away from: LionB4
Wolf B4 is Hungry
Wolf B4m is chasing: C4f
Wolf B4 m is ready to mate
Wolf B3m is running away from: LionB4
Wolf B3 is Hungry
Wolf B3m is chasing: C4f
Wolf B3 m is ready to mate
Wolf B0f is running away from: LionB4
Wolf B0 is Hungry
Wolf B0f is chasing: C4f
Wolf B0 f is ready to mate
Wolf C0m is running away from: LionC0
Wolf C0 is Hungry
Wolf C0m is chasing: C3f
Wolf C0 m is ready to mate
Wolf C5m is running away from: LionB0
Wolf C5 is Hungry
Wolf C5m is chasing: B1f
Wolf C5 m is ready to mate
Wolf B5f is running away from: LionB4
Wolf B5 is Hungry
Wolf B5f is chasing: C4f
Wolf C3m is running away from: LionB4
Rabbit C3f is running away from: LionC0
Rabbit C3f is running away from: WolfA1
Rabbit C3 is Hungry
Rabbit C3f ate
Rabbit C3 f is ready to mate
Rabbit C3f is running away from: LionC2
Rabbit C3f is running away from: WolfC5
Rabbit C3 is Hungry
Rabbit C3 f is ready to mate
Rabbit B1f is running away from: LionB4
Rabbit B1f is running away from: WolfC5
Rabbit B1 is Hungry
Rabbit B1 f is ready to mate
Rabbit A5m is running away from: LionC0
Rabbit A5m is running away from: WolfA1
Rabbit A5 is Hungry
Rabbit A5 m is ready to mate
Rabbit A5 m is approaching partner: Rabbit B5f
Rabbit A3f is running away from: LionC0
Rabbit A3f is running away from: WolfC1
Rabbit A3 is Hungry
Rabbit A3f ate
Rabbit A3 f is ready to mate
Rabbit C2f is running away from: LionC0
Rabbit C2f is running away from: WolfC1
Rabbit C2 is Hungry
Rabbit C2f ate
Rabbit C2 f is ready to mate
Rabbit B3m is running away from: LionB0
Rabbit B3m is running away from: WolfC1
Rabbit B3 is Hungry
Rabbit B3m ate
Rabbit B3 m is ready to mate
Rabbit B3 m is approaching partner: Rabbit C3f
Rabbit B4m is running away from: LionC0
Rabbit B4m is running away from: WolfC1
Rabbit B4 is Hungry
RabbitB4m died of hunger
Rabbit B4 m is ready to mate
Rabbit B4 m is approaching partner: Rabbit C2f
Rabbit C0f is running away from: LionC0
Rabbit C0f is running away from: WolfC1
Rabbit C0 is Hungry
Rabbit C0f ate
Rabbit C0 f is ready to mate
Rabbit A1f is running away from: LionC0
Rabbit A1f is running away from: WolfA1
Rabbit A1 is Hungry
Rabbit A1 f is ready to mate
Rabbit B1m is running away from: LionB4
Rabbit B1m is running away from: WolfB5
Rabbit B1 is Hungry
Rabbit B1 m is ready to mate
Rabbit B1 m is approaching partner: Rabbit C4f
Rabbit C1m is running away from: LionB4
Rabbit C1m is running away from: WolfC5
Rabbit C1 is Hungry
Rabbit C1 m is ready to mate
Rabbit C1 m is approaching partner: Rabbit B1f
Rabbit B5f is running away from: LionC0
Rabbit B5f is running away from: WolfA1
Rabbit B5 is Hungry
Rabbit B5 f is ready to mate
Rabbit C4f is running away from: LionB4
Rabbit C4f is running away from: WolfB5
Rabbit C4 is Hungry
Rabbit C4 f is ready to mate
Rabbit C4m is running away from: LionC2
Rabbit C4m is running away from: WolfC5
Rabbit C4 is Hungry
Rabbit C4 m is ready to mate
Rabbit C4 m is approaching partner: Rabbit C3f
Rabbit B0m is running away from: LionB0
Rabbit B0m is running away from: WolfC1
Rabbit B0 is Hungry
Rabbit B0 m is ready to mate
Rabbit B0 m is approaching partner: Rabbit C3f
Rabbit A4m is running away from: LionB4
Rabbit A4m is running away from: WolfB5
Rabbit A4 is Hungry
Rabbit A4 m is ready to mate
Rabbit A4 m is approaching partner: Rabbit C4f
Lion B4 is Hungry
LionB4mis chasing: C4f
LionB4m ate: C4f
Lion B0 is Hungry
LionB0mis chasing: C3f
Lion C0 is Hungry
LionC0mis chasing: B3m
Wolf A1m is running away from: LionC0
Wolf A1 m is ready to mate
Wolf C1f is running away from: LionB0
Wolf C1 is Hungry
Wolf C1f is chasing: C0f
Wolf C1 f is ready to mate
Wolf B4m is running away from: LionB4
Wolf B4 is Hungry
Wolf B4m is chasing: B1m
Wolf B4 m is ready to mate
Wolf B3m is running away from: LionB4
Wolf B3 is Hungry
Wolf B3m is chasing: B1m
Wolf B3 m is ready to mate
Wolf B0f is running away from: LionB4
Wolf B0 is Hungry
Wolf B0f is chasing: B1m
Wolf B0 f is ready to mate
Wolf C0m is running away from: LionC0
Wolf C0 is Hungry
Wolf C0m is chasing: C3f
Wolf C0 m is ready to mate
Wolf C5m is running away from: LionB4
Wolf C5 is Hungry
Wolf C5m is chasing: C3f
Wolf C5 m is ready to mate
Wolf B5f is running away from: LionB4
Wolf B5 is Hungry
Wolf B5f is chasing: B1m
Wolf C3m is running away from: LionB4
Rabbit C3f is running away from: LionC0
Rabbit C3f is running away from: WolfA1
Rabbit C3 is Hungry
Rabbit C3 f is ready to mate
Rabbit C3f is running away from: LionB0
Rabbit C3f is running away from: WolfC5
Rabbit C3 is Hungry
Rabbit C3 f is ready to mate
Rabbit B1f is running away from: LionB4
Rabbit B1f is running away from: WolfC5
Rabbit B1 is Hungry
RabbitB1f died of hunger
Rabbit B1 f is ready to mate
Rabbit A5m is running away from: LionC0
Rabbit A5m is running away from: WolfA1
Rabbit A5 is Hungry
Rabbit A5 m is ready to mate
Rabbit A5 m is approaching partner: Rabbit B5f
Rabbit A3f is running away from: LionB0
Rabbit A3f is running away from: WolfC1
Rabbit A3 is Hungry
Rabbit A3f ate
Rabbit A3 f is ready to mate
Rabbit C2f is running away from: LionC0
Rabbit C2f is running away from: WolfA1
Rabbit C2 is Hungry
Rabbit C2f ate
Rabbit C2 f is ready to mate
Rabbit B3m is running away from: LionB0
Rabbit B3m is running away from: WolfC1
Rabbit B3 is Hungry
Rabbit B3m ate
Rabbit B3 m is ready to mate
Rabbit B3 m is approaching partner: Rabbit C3f
Rabbit C0f is running away from: LionC0
Rabbit C0f is running away from: WolfA1
Rabbit C0 is Hungry
Rabbit C0f ate
Rabbit C0 f is ready to mate
Rabbit A1f is running away from: LionC0
Rabbit A1f is running away from: WolfA1
Rabbit A1 is Hungry
Rabbit A1 f is ready to mate
Rabbit B1m is running away from: LionB4
Rabbit B1m is running away from: WolfB5
Rabbit B1 is Hungry
RabbitB1m died of hunger
Rabbit B1 m is ready to mate
Rabbit B1 m is approaching partner: Rabbit C3f
Rabbit C1m is running away from: LionB4
Rabbit C1m is running away from: WolfC5
Rabbit C1 is Hungry
Rabbit C1 m is ready to mate
Rabbit C1 m is approaching partner: Rabbit C3f
Rabbit B5f is running away from: LionC0
Rabbit B5f is running away from: WolfA1
Rabbit B5 is Hungry
RabbitB5f died of hunger
Rabbit B5 f is ready to mate
Rabbit C4m is running away from: LionB0
Rabbit C4m is running away from: WolfC5
Rabbit C4 is Hungry
RabbitC4m died of hunger
Rabbit C4 m is ready to mate
Rabbit C4 m is approaching partner: Rabbit C3f
Rabbit B0m is running away from: LionB0
Rabbit B0m is running away from: WolfC1
Rabbit B0 is Hungry
RabbitB0m died of hunger
Rabbit B0 m is ready to mate
Rabbit B0 m is approaching partner: Rabbit C3f
Rabbit A4m is running away from: LionB4
Rabbit A4m is running away from: WolfB5
Rabbit A4 is Hungry
RabbitA4m died of hunger
Rabbit A4 m is ready to mate
Rabbit A4 m is approaching partner: Rabbit C3f
Lion B0 is Hungry
LionB0mis chasing: C3f
Lion C0 is Hungry
LionC0mis chasing: B3m
Lion B0f ate: B3m
Lion C2f ate: B3m
Wolf A1m is running away from: LionC0
Wolf A1 m is ready to mate
Wolf C1f is running away from: LionC0
Wolf C1 is Hungry
Wolf C1f is chasing: C0f
Wolf C1 f is ready to mate
Wolf B4m is running away from: LionB4
Wolf B4 is Hungry
Wolf B4m is chasing: C3f
Wolf B4 m is ready to mate
Wolf B3m is running away from: LionB4
Wolf B3 is Hungry
Wolf B3m is chasing: C3f
Wolf B3 m is ready to mate
Wolf C5 m was born! Father is B3 and Mother is B0
Wolf B0f is running away from: LionB4
Wolf B0 is Hungry
Wolf B0f is chasing: C3f
Wolf C0m is running away from: LionB0
Wolf C0 is Hungry
Wolf C0m is chasing: C2f
Wolf C0 m is ready to mate
Wolf C5m is running away from: LionB0
Wolf C5 is Hungry
Wolf C5m is chasing: C3f
Wolf C5 m is ready to mate
Wolf B5f is running away from: LionB4
Wolf B5 is Hungry
Wolf B5f is chasing: C1m
Wolf C3m is running away from: LionB0
Rabbit C3f is running away from: LionC0
Rabbit C3f is running away from: WolfC0
Rabbit C3 is Hungry
Rabbit C3f ate
Rabbit C3 f is ready to mate
Rabbit C3f is running away from: LionC2
Rabbit C3f is running away from: WolfC5
Rabbit C3 is Hungry
Rabbit C3 f is ready to mate
Rabbit A5m is running away from: LionC0
Rabbit A5m is running away from: WolfA1
Rabbit A5 is Hungry
RabbitA5m died of hunger
Rabbit A5 m is ready to mate
Rabbit A5 m is approaching partner: Rabbit A1f
Rabbit A3f is running away from: LionC0
Rabbit A3f is running away from: WolfC1
Rabbit A3 is Hungry
Rabbit A3 f is ready to mate
Rabbit C2f is running away from: LionC0
Rabbit C2f is running away from: WolfC0
Rabbit C2 is Hungry
Rabbit C2 f is ready to mate
Rabbit B3m is running away from: LionB0
Rabbit B3m is running away from: WolfC5
Rabbit B3 is Hungry
Rabbit B3m ate
Rabbit B3 m is ready to mate
Rabbit B3 m is approaching partner: Rabbit C3f
Rabbit C0f is running away from: LionC0
Rabbit C0f is running away from: WolfC1
Rabbit C0 is Hungry
Rabbit C0f ate
Rabbit C0 f is ready to mate
Rabbit A1f is running away from: LionC0
Rabbit A1f is running away from: WolfA1
Rabbit A1 is Hungry
RabbitA1f died of hunger
Rabbit A1 f is ready to mate
Rabbit C1m is running away from: LionB4
Rabbit C1m is running away from: WolfC5
Rabbit C1 is Hungry
RabbitC1m died of hunger
Rabbit C1 m is ready to mate
Rabbit C1 m is approaching partner: Rabbit C3f
Lion B0 is Hungry
LionB0mis chasing: C3f
Lion C0 is Hungry
LionC0mis chasing: B3m
Wolf A1m is running away from: LionC0
Wolf A1 m is ready to mate
Wolf C1f is running away from: LionB0
Wolf C1 is Hungry
Wolf C1f is chasing: A3f
Wolf C1 f is ready to mate
Wolf B4m is running away from: LionB4
Wolf B4 is Hungry
Wolf B4m is chasing: C3f
Wolf B4 m is ready to mate
Wolf B3m is running away from: LionB4
Wolf B3 is Hungry
Wolf B3m is chasing: C3f
Wolf B3 m is ready to mate
Wolf B0f is running away from: LionB4
Wolf B0 is Hungry
Wolf B0f is chasing: C3f
Wolf C0m is running away from: LionC0
Wolf C0 is Hungry
Wolf C0m is chasing: C2f
Wolf C0 m is ready to mate
Wolf C5m is running away from: LionB0
Wolf C5 is Hungry
Wolf C5m is chasing: C3f
Wolf C5 m is ready to mate
Wolf B5f is running away from: LionB4
Wolf B5 is Hungry
Wolf B5f is chasing: C3f
Wolf C3m is running away from: LionB4
Wolf C5m is running away from: LionB4
Rabbit C3f is running away from: LionC0
Rabbit C3f is running away from: WolfC1
Rabbit C3 is Hungry
Rabbit C3f ate
Rabbit C3 f is ready to mate
Rabbit C3f is running away from: LionB0
Rabbit C3f is running away from: WolfC5
Rabbit C3 is Hungry
RabbitC3f died of hunger
Rabbit C3f ate
Rabbit C3 f is ready to mate
Rabbit A3f is running away from: LionB0
Rabbit A3f is running away from: WolfC1
Rabbit A3 is Hungry
Rabbit A3f ate
Rabbit A3 f is ready to mate
Rabbit C2f is running away from: LionC0
Rabbit C2f is running away from: WolfC1
Rabbit C2 is Hungry
Rabbit C2 f is ready to mate
Rabbit B3m is running away from: LionC2
Rabbit B3m is running away from: WolfC5
Rabbit B3 is Hungry
Rabbit B3m ate
Rabbit B3 m is ready to mate
Rabbit B3 m is approaching partner: Rabbit C3f
Rabbit C0f is running away from: LionC0
Rabbit C0f is running away from: WolfC1
Rabbit C0 is Hungry
Rabbit C0f ate
Rabbit C0 f is ready to mate
Lion B0 is Hungry
LionB0mis chasing: B3m
Lion C0 is Hungry
LionC0mis chasing: B3m
Wolf A1m is running away from: LionC0
Wolf A1 is Hungry
Wolf A1m is chasing: C0f
Wolf A1 m is ready to mate
Wolf C1f is running away from: LionC0
Wolf C1 is Hungry
Wolf C1f is chasing: A3f
Wolf C1 f is ready to mate
Wolf B4m is running away from: LionB4
Wolf B4 is Hungry
Wolf B4m is chasing: B3m
Wolf B4 m is ready to mate
Wolf B3m is running away from: LionB4
Wolf B3 is Hungry
Wolf B3m is chasing: C2f
Wolf B3 m is ready to mate
Wolf B0f is running away from: LionB4
Wolf B0 is Hungry
Wolf B0f is chasing: C2f
Wolf C0m is running away from: LionC0
Wolf C0 is Hungry
Wolf C0m is chasing: C2f
Wolf C0 m is ready to mate
Wolf C5m is running away from: LionB0
Wolf C5 is Hungry
Wolf C5m is chasing: B3m
Wolf C5 m is ready to mate
Wolf B5f is running away from: LionB4
Wolf B5 is Hungry
Wolf B5f is chasing: B3m
Wolf C3m is running away from: LionB0
Wolf C3 is Hungry
Wolf C3m is chasing: B3m
Wolf C5m is running away from: LionB4
Rabbit C3 is Thirsty
Rabbit C3 drank water
Rabbit C3f is running away from: LionC0
Rabbit C3f is running away from: WolfC1
Rabbit C3 is Hungry
Rabbit C3 f is ready to mate
Rabbit A3 is Thirsty
Rabbit A3 drank water
Rabbit A3f is running away from: LionC0
Rabbit A3f is running away from: WolfC1
Rabbit A3 is Hungry
Rabbit A3 f is ready to mate
Rabbit C2 is Thirsty
Rabbit C2 drank water
Rabbit C2f is running away from: LionC0
Rabbit C2f is running away from: WolfC0
Rabbit C2 is Hungry
Rabbit C2f ate
Rabbit C2 f is ready to mate
Rabbit B3 is Thirsty
Rabbit B3 drank water
Rabbit B3m is running away from: LionB0
Rabbit B3m is running away from: WolfB5
Rabbit B3 is Hungry
Rabbit B3m ate
Rabbit B3 m is ready to mate
Rabbit B3 m is approaching partner: Rabbit C3f
Rabbit C0 is Thirsty
Rabbit C0 drank water
Rabbit C0f is running away from: LionC0
Rabbit C0f is running away from: WolfA1
Rabbit C0 is Hungry
Rabbit C0f ate
Rabbit C0 f is ready to mate
Lion B4 is Hungry
LionB4mis chasing: C5m
Lion B4 m is ready to mate
Lion B0 is Hungry
LionB0mis chasing: B5f
Lion B0 m is ready to mate
Lion C0 is Hungry
LionC0mis chasing: B3m
Lion C0 m is ready to mate
Lion B0f ate: B3m
Lion B0 f is ready to mate
Lion C2f ate: B3m
Lion C2 f is ready to mate
Wolf A1m is running away from: LionC0
Wolf A1 is Hungry
Wolf A1m is chasing: C0f
Wolf A1 m is ready to mate
Wolf C1f is running away from: LionC0
Wolf C1f ate!
Wolf C1 f is ready to mate
Wolf B4m is running away from: LionB0
Wolf B4 is Hungry
Wolf B4m is chasing: B3m
Wolf B4 m is ready to mate
Wolf B3m is running away from: LionB0
Wolf B3 is Hungry
Wolf B3m is chasing: C3f
Wolf B3 m is ready to mate
Wolf B0f is running away from: LionB4
Wolf B0 is Hungry
Wolf B0f is chasing: C3f
Wolf C0m is running away from: LionC0
Wolf C0 is Hungry
Wolf C0m is chasing: C3f
Wolf C0 m is ready to mate
Wolf C5m is running away from: LionB0
Wolf C5 is Hungry
Wolf C5m is chasing: B3m
Wolf C5 m is ready to mate
Wolf B5f is running away from: LionB0
Wolf B5 is Hungry
Wolf B5f is chasing: B3m
Wolf C3m is running away from: LionB0
Wolf C3 is Hungry
Wolf C3m is chasing: C3f
Wolf C5m is running away from: LionB4
Rabbit C3 is Thirsty
Rabbit C3 drank water
Rabbit C3f is running away from: LionC0
Rabbit C3f is running away from: WolfA1
Rabbit C3 is Hungry
Rabbit C3 f is ready to mate
Rabbit A3 is Thirsty
Rabbit A3 drank water
Rabbit A3f is running away from: LionC0
Rabbit A3f is running away from: WolfC1
Rabbit A3 is Hungry
Rabbit A3f ate
Rabbit A3 f is ready to mate
Rabbit C2 is Thirsty
Rabbit C2 drank water
Rabbit C2f is running away from: LionC0
Rabbit C2f is running away from: WolfA1
Rabbit C2 is Hungry
Rabbit C2f ate
Rabbit C2 f is ready to mate
Rabbit B3 is Thirsty
Rabbit B3 drank water
Rabbit B3m is running away from: LionB0
Rabbit B3m is running away from: WolfC0
Rabbit B3 is Hungry
Rabbit B3m ate
Rabbit B3 m is ready to mate
Rabbit B3 m is approaching partner: Rabbit C3f
Lion B4 is Hungry
LionB4mis chasing: C5m
Lion B4 m is ready to mate
Lion B0 is Hungry
LionB0mis chasing: B5f
Lion B0 m is ready to mate
Lion C0 is Hungry
LionC0mis chasing: B3m
Lion C0 m is ready to mate
Lion B0 f is ready to mate
Lion C2f ate: B3m
Lion C2 f is ready to mate
Wolf A1m is running away from: LionC0
Wolf A1 is Hungry
Wolf A1m is chasing: A3f
Wolf A1 m is ready to mate
Wolf C5 f was born! Father is A1 and Mother is C1
Wolf C1f is running away from: LionC0
Wolf B4m is running away from: LionB0
Wolf B4 is Hungry
Wolf B4m is chasing: C3f
Wolf B4 m is ready to mate
No Female Wolf Partner or Female Wolf Partner not ready yet!
Wolf B3m is running away from: LionC0
Wolf B3 is Hungry
Wolf B3m is chasing: C3f
Wolf B3 m is ready to mate
No Female Wolf Partner or Female Wolf Partner not ready yet!
Wolf B0f is running away from: LionC0
Wolf B0 is Hungry
Wolf B0f is chasing: C3f
Wolf C0m is running away from: LionC0
Wolf C0 is Hungry
Wolf C0m is chasing: C3f
Wolf C0 m is ready to mate
No Female Wolf Partner or Female Wolf Partner not ready yet!
Wolf C5m is running away from: LionB0
Wolf C5 is Hungry
Wolf C5m is chasing: C3f
Wolf C5 m is ready to mate
No Female Wolf Partner or Female Wolf Partner not ready yet!
Wolf B5f is running away from: LionB0
Wolf B5 is Hungry
Wolf B5f is chasing: C3f
Wolf C3m is running away from: LionB4
Wolf C3 is Hungry
Wolf C3m is chasing: C3f
Wolf C5m is running away from: LionB4
Rabbit C3 is Thirsty
Rabbit C3 drank water
Rabbit C3f is running away from: LionC0
Rabbit C3f is running away from: WolfC0
Rabbit C3 is Hungry
Rabbit C3f ate
Rabbit C3 f is ready to mate
Rabbit A3f is running away from: LionC0
Rabbit A3f is running away from: WolfA1
Rabbit A3 is Hungry
Rabbit A3f ate
Rabbit A3 f is ready to mate
Rabbit C2 is Thirsty
Rabbit C2 drank water
Rabbit C2f is running away from: LionC0
Rabbit C2f is running away from: WolfC1
Rabbit C2 is Hungry
Rabbit C2f ate
Rabbit C2 f is ready to mate
Lion B4 is Hungry
LionB4mis chasing: C5m
Lion B4 m is ready to mate
Lion B0 is Hungry
LionB0m died of hunger
LionB0mis chasing: B5f
Lion B0 m is ready to mate
Lion C0 is Hungry
LionC0mis chasing: C0m
Lion C0 m is ready to mate
Lion B0 f is ready to mate
Lion C2 f is ready to mate
Wolf A1m is running away from: LionC2
Wolf A1 is Hungry
Wolf A1m is chasing: A3f
Wolf A1 m is ready to mate
No Female Wolf Partner or Female Wolf Partner not ready yet!
Wolf C1f is running away from: LionC2
Wolf B4m is running away from: LionC0
Wolf B4 is Hungry
Wolf B4m is chasing: C3f
Wolf B4 m is ready to mate
No Female Wolf Partner or Female Wolf Partner not ready yet!
Wolf B3m is running away from: LionC0
Wolf B3 is Hungry
Wolf B3m is chasing: C3f
Wolf B3 m is ready to mate
No Female Wolf Partner or Female Wolf Partner not ready yet!
Wolf B0f is running away from: LionC0
Wolf B0 is Hungry
Wolf B0f is chasing: C3f
Wolf C0m is running away from: LionC0
Wolf C0 is Hungry
Wolf C0m is chasing: C3f
Wolf C0 m is ready to mate
No Female Wolf Partner or Female Wolf Partner not ready yet!
Wolf C5m is running away from: LionB4
Wolf C5 is Hungry
Wolf C5m is chasing: C3f
Wolf C5 m is ready to mate
No Female Wolf Partner or Female Wolf Partner not ready yet!
Wolf B5f is running away from: LionB4
Wolf B5 is Hungry
Wolf B5f is chasing: C3f
Wolf C3m is running away from: LionB4
Wolf C3 is Hungry
Wolf C3m is chasing: C3f
Wolf C5m is running away from: LionB4
Wolf C5 is Hungry
Wolf C5m is chasing: C3f
Wolf C5f is running away from: LionC2
Rabbit C3 is Thirsty
Rabbit C3 drank water
Rabbit C3f is running away from: LionC0
Rabbit C3f is running away from: WolfA1
Rabbit C3 is Hungry
Rabbit C3f ate
Rabbit C3 f is ready to mate
Rabbit A3f is running away from: LionC2
Rabbit A3f is running away from: WolfA1
Rabbit A3 is Hungry
Rabbit A3 f is ready to mate
Rabbit C2 is Thirsty
Rabbit C2 drank water
Rabbit C2f is running away from: LionC0
Rabbit C2f is running away from: WolfC1
Rabbit C2 is Hungry
Rabbit C2 f is ready to mate
Lion B4 is Hungry
LionB4mis chasing: C5m
Lion B4 m is ready to mate
Lion C0 is Hungry
LionC0mis chasing: B5f
Lion C0 m is ready to mate
Lion B0 f is ready to mate
Lion C2 f is ready to mate
Wolf A1m is running away from: LionC0
Wolf A1 is Hungry
Wolf A1m is chasing: A3f
Wolf A1 m is ready to mate
No Female Wolf Partner or Female Wolf Partner not ready yet!
Wolf C1f is running away from: LionC0
Wolf B4m is running away from: LionB4
Wolf B4 is Hungry
Wolf B4m is chasing: C3f
Wolf B4 m is ready to mate
No Female Wolf Partner or Female Wolf Partner not ready yet!
Wolf B3m is running away from: LionB4
Wolf B3 is Hungry
Wolf B3m is chasing: C3f
Wolf B3 m is ready to mate
No Female Wolf Partner or Female Wolf Partner not ready yet!
Wolf B0f is running away from: LionB4
Wolf B0 is Hungry
Wolf B0f is chasing: C2f
Wolf C0m is running away from: LionC0
Wolf C0 is Hungry
Wolf C0m is chasing: C3f
Wolf C0 m is ready to mate
No Female Wolf Partner or Female Wolf Partner not ready yet!
Wolf C5m is running away from: LionB4
Wolf C5 is Hungry
Wolf C5m is chasing: C3f
Wolf C5 m is ready to mate
No Female Wolf Partner or Female Wolf Partner not ready yet!
Wolf B5f is running away from: LionB4
Wolf B5 is Hungry
Wolf B5f is chasing: C3f
Wolf C3m is running away from: LionB4
Wolf C3 is Hungry
Wolf C3m is chasing: C3f
Wolf C5m is running away from: LionB4
Wolf C5 is Hungry
Wolf C5m is chasing: C2f
Wolf C5f is running away from: LionC0
Rabbit C3 is Thirsty
Rabbit C3 drank water
Rabbit C3f is running away from: LionC0
Rabbit C3f is running away from: WolfA1
Rabbit C3 is Hungry
Rabbit C3f ate
Rabbit C3 f is ready to mate
Rabbit A3f is running away from: LionC0
Rabbit A3f is running away from: WolfA1
Rabbit A3 is Hungry
Rabbit A3 f is ready to mate
Rabbit C2 is Thirsty
Rabbit C2 drank water
Rabbit C2f is running away from: LionC0
Rabbit C2f is running away from: WolfC1
Rabbit C2 is Hungry
Rabbit C2f ate
Rabbit C2 f is ready to mate
Lion B4 is Hungry
LionB4mis chasing: C5m
Lion B4 m is ready to mate
Lion C0 is Hungry
LionC0m died of hunger
LionC0mis chasing: C3m
Lion C0 m is ready to mate
Lion B0 is Hungry
LionB0fis chasing: B5f
Lion B0 f is ready to mate
Lion C2 f is ready to mate
Wolf A1m is running away from: LionC2
Wolf A1 is Hungry
Wolf A1m is chasing: A3f
Wolf A1 m is ready to mate
No Female Wolf Partner or Female Wolf Partner not ready yet!
Wolf C1f is running away from: LionC2
Wolf B4m is running away from: LionB4
Wolf B4 is Hungry
WolfB4m died of hunger
Wolf B4m is chasing: C3f
Wolf B4 m is ready to mate
No Female Wolf Partner or Female Wolf Partner not ready yet!
Wolf B3m is running away from: LionB4
Wolf B3 is Hungry
WolfB3m died of hunger
Wolf B3m is chasing: C2f
Wolf B3 m is ready to mate
No Female Wolf Partner or Female Wolf Partner not ready yet!
Wolf B0f is running away from: LionB4
Wolf B0 is Hungry
WolfB0f died of hunger
Wolf B0f is chasing: C2f
Wolf C0m is running away from: LionC2
Wolf C0 is Hungry
WolfC0m died of hunger
Wolf C0m is chasing: C3f
Wolf C0 m is ready to mate
No Female Wolf Partner or Female Wolf Partner not ready yet!
Wolf C5m is running away from: LionB4
Wolf C5 is Hungry
WolfC5m died of hunger
Wolf C5m is chasing: C3f
Wolf C5 m is ready to mate
No Female Wolf Partner or Female Wolf Partner not ready yet!
Wolf B5f is running away from: LionB4
Wolf B5 is Hungry
WolfB5f died of hunger
Wolf B5f is chasing: C3f
Wolf C3m is running away from: LionB0
Wolf C3 is Hungry
Wolf C3m is chasing: C3f
Wolf C5m is running away from: LionB4
Wolf C5 is Hungry
Wolf C5m is chasing: C2f
Wolf C5f is running away from: LionC2
Rabbit C3f is running away from: LionC2
Rabbit C3f is running away from: WolfA1
Rabbit C3 is Hungry
Rabbit C3f ate
Rabbit C3 f is ready to mate
Rabbit A3f is running away from: LionC2
Rabbit A3f is running away from: WolfA1
Rabbit A3 is Hungry
Rabbit A3 f is ready to mate
Rabbit C2 is Thirsty
Rabbit C2 drank water
Rabbit C2f is running away from: LionC2
Rabbit C2f is running away from: WolfC1
Rabbit C2 is Hungry
Rabbit C2 f is ready to mate
Lion B4 is Hungry
LionB4mis chasing: C3m
Lion B4 m is ready to mate
Lion B0 is Hungry
LionB0fis chasing: C3m
Lion B0 f is ready to mate
Lion C2 is Hungry
LionC2fis chasing: C3m
Lion C2 f is ready to mate
Wolf A1m is running away from: LionC2
Wolf A1 is Hungry
Wolf A1m is chasing: A3f
Wolf A1 m is ready to mate
No Female Wolf Partner or Female Wolf Partner not ready yet!
Wolf C1f is running away from: LionC2
Wolf C1 is Hungry
Wolf C1f is chasing: C2f
Wolf C3m is running away from: LionB4
Wolf C3 is Hungry
Wolf C3m is chasing: C3f
Wolf C5m is running away from: LionB4
Wolf C5 is Hungry
Wolf C5m is chasing: C2f
Wolf C5f is running away from: LionC2
Rabbit C3f is running away from: LionC2
Rabbit C3f is running away from: WolfA1
Rabbit C3 is Hungry
Rabbit C3 f is ready to mate
Rabbit A3f is running away from: LionC2
Rabbit A3f is running away from: WolfA1
Rabbit A3 is Hungry
RabbitA3f died of hunger
Rabbit A3 f is ready to mate
Rabbit C2 is Thirsty
Rabbit C2 drank water
Rabbit C2f is running away from: LionC2
Rabbit C2f is running away from: WolfC1
Rabbit C2 is Hungry
Rabbit C2 f is ready to mate
Lion B4 is Hungry
LionB4mis chasing: C3m
Lion B4 m is ready to mate
Lion B0 is Hungry
LionB0fis chasing: C3m
Lion B0 f is ready to mate
Lion C2 is Hungry
LionC2fis chasing: C3m
Lion C2 f is ready to mate
Wolf A1m is running away from: LionC2
Wolf A1 is Hungry
Wolf A1m is chasing: C2f
Wolf A1 m is ready to mate
No Female Wolf Partner or Female Wolf Partner not ready yet!
Wolf C1f is running away from: LionC2
Wolf C1 is Hungry
Wolf C1f is chasing: C2f
Wolf C3m is running away from: LionC2
Wolf C3 is Hungry
Wolf C3m is chasing: C3f
Wolf C5m is running away from: LionB4
Wolf C5 is Hungry
Wolf C5m is chasing: C2f
Wolf C5f is running away from: LionC2
Wolf C5 is Hungry
Wolf C5f is chasing: C2f
Rabbit C3f is running away from: LionC2
Rabbit C3f is running away from: WolfA1
Rabbit C3 is Hungry
Rabbit C3f ate
Rabbit C3 f is ready to mate
Rabbit C2 is Thirsty
Rabbit C2 drank water
Rabbit C2f is running away from: LionC2
Rabbit C2f is running away from: WolfC1
Rabbit C2 is Hungry
Rabbit C2 f is ready to mate
Lion B4 is Hungry
LionB4mis chasing: C3m
Lion B4 m is ready to mate
Lion B0 is Hungry
LionB0fis chasing: C3m
Lion B0 f is ready to mate
Lion C2 is Hungry
LionC2fis chasing: C3m
Lion C2 f is ready to mate
Wolf A1m is running away from: LionC2
Wolf A1 is Hungry
Wolf A1m is chasing: C2f
Wolf A1 m is ready to mate
No Female Wolf Partner or Female Wolf Partner not ready yet!
Wolf C1f is running away from: LionC2
Wolf C1 is Hungry
Wolf C1f is chasing: C2f
Wolf C3m is running away from: LionC2
Wolf C3 is Hungry
Wolf C3m is chasing: C2f
Wolf C5m is running away from: LionC2
Wolf C5 is Hungry
Wolf C5m is chasing: C2f
Wolf C5f is running away from: LionC2
Wolf C5 is Hungry
Wolf C5f is chasing: C2f
Rabbit C3f is running away from: LionC2
Rabbit C3f is running away from: WolfC1
Rabbit C3 is Hungry
Rabbit C3 f is ready to mate
Rabbit C2 is Thirsty
Rabbit C2 drank water
Rabbit C2f is running away from: LionC2
Rabbit C2f is running away from: WolfC1
Rabbit C2 is Hungry
RabbitC2f died of hunger
Rabbit C2f ate
Rabbit C2 f is ready to mate
Lion B4 is Hungry
LionB4m died of hunger
LionB4mis chasing: C3m
Lion B4 m is ready to mate
Lion B0 is Hungry
LionB0fis chasing: C3m
Lion B0 f is ready to mate
Lion C2 is Hungry
LionC2fis chasing: C3m
Lion C2 f is ready to mate
Wolf A1m is running away from: LionC2
Wolf A1 is Hungry
Wolf A1m is chasing: C3f
Wolf A1 m is ready to mate
No Female Wolf Partner or Female Wolf Partner not ready yet!
Wolf C1f is running away from: LionC2
Wolf C1 is Hungry
Wolf C1f is chasing: C3f
Wolf C3m is running away from: LionC2
Wolf C3 is Hungry
Wolf C3m is chasing: C3f
Wolf C5m is running away from: LionC2
Wolf C5 is Hungry
Wolf C5m is chasing: C3f
Wolf C5f is running away from: LionC2
Wolf C5 is Hungry
Wolf C5f is chasing: C3f
Rabbit C3f is running away from: LionC2
Rabbit C3f is running away from: WolfC1
Rabbit C3 is Hungry
Rabbit C3 f is ready to mate
Lion B0 is Hungry
LionB0fis chasing: C3m
Lion B0 f is ready to mate
Lion C2 is Hungry
LionC2fis chasing: C3m
Lion C2 f is ready to mate
Wolf A1m is running away from: LionC2
Wolf A1 is Hungry
WolfA1m died of hunger
Wolf A1m is chasing: C3f
Wolf A1 is Thirsty
Wolf A1drank water
Wolf A1 m is ready to mate
No Female Wolf Partner or Female Wolf Partner not ready yet!
Wolf C1f is running away from: LionC2
Wolf C1 is Hungry
Wolf C1f is chasing: C3f
Wolf C1 is Thirsty
Wolf C1drank water
Wolf C3m is running away from: LionC2
Wolf C3 is Hungry
WolfC3m died of hunger
Wolf C3m is chasing: C3f
Wolf C5m is running away from: LionC2
Wolf C5 is Hungry
Wolf C5m is chasing: C3f
Wolf C5f is running away from: LionC2
Wolf C5 is Hungry
Wolf C5f is chasing: C3f
Rabbit C3f is running away from: LionC2
Rabbit C3f is running away from: WolfC1
Rabbit C3 is Hungry
Rabbit C3 f is ready to mate
Lion B0 is Thirsty
Lion B0 drank water
Lion B0 is Hungry
LionB0fis chasing: C5m
Lion B0 f is ready to mate
Lion C2 is Thirsty
Lion C2 drank water
Lion C2 is Hungry
LionC2fis chasing: C5m
Lion C2 f is ready to mate
Wolf C1f is running away from: LionC2
Wolf C1 is Hungry
Wolf C1f is chasing: C3f
Wolf C1 is Thirsty
Wolf C1drank water
Wolf C5m is running away from: LionC2
Wolf C5 is Hungry
Wolf C5m is chasing: C3f
Wolf C5f is running away from: LionC2
Wolf C5 is Hungry
Wolf C5f is chasing: C3f
Rabbit C3f is running away from: LionB0
Rabbit C3f is running away from: WolfC1
Rabbit C3 is Hungry
RabbitC3f died of hunger
Rabbit C3 f is ready to mate
Lion B0 is Thirsty
Lion B0 drank water
Lion B0 is Hungry
LionB0fis chasing: C5m
Lion B0 f is ready to mate
Lion C2 is Thirsty
Lion C2 drank water
Lion C2 is Hungry
LionC2fis chasing: C5m
Lion C2 f is ready to mate
Wolf C1f is running away from: LionC2
Wolf C1 is Hungry
Wolf C5m is running away from: LionC2
Wolf C5 is Hungry
Wolf C5f is running away from: LionC2
Wolf C5 is Hungry
Lion B0 is Thirsty
Lion B0 drank water
Lion B0 is Hungry
LionB0f died of hunger
LionB0fis chasing: C5m
Lion B0 f is ready to mate
Lion C2 is Thirsty
Lion C2 drank water
Lion C2 is Hungry
LionC2fis chasing: C5m
Lion C2 f is ready to mate
Wolf C1f is running away from: LionC2
Wolf C1 is Hungry
Wolf C5m is running away from: LionC2
Wolf C5 is Hungry
WolfC5m died of hunger
Wolf C5f is running away from: LionC2
Wolf C5 is Hungry
Lion C2 is Thirsty
Lion C2 drank water
Lion C2 is Hungry
LionC2f died of hunger
LionC2fis chasing: C1f
Lion C2 f is ready to mate
Wolf C1 is Hungry
Wolf C5 is Hungry
Wolf C1 is Hungry
Wolf C5 is Hungry
Wolf C1 is Hungry
WolfC1f died of hunger
Wolf C5 is Hungry
Wolf C5 is Hungry
WolfC5f died of hunger
