Wolf C3m is running away from: LionC5
Wolf C1m is running away from: LionC5
Wolf C5m is running away from: LionC2
Wolf B1f is running away from: LionC5
Wolf A2m is running away from: LionC5
Wolf A1f is running away from: LionC5
Wolf A5m is running away from: LionC5
Wolf A5m ate!
Wolf A4m is running away from: LionC5
Rabbit C4f is running away from: LionC3
Rabbit C4f is running away from: WolfC5
Rabbit C4 f is ready to mate
Rabbit B0f is running away from: LionC5
Rabbit B0f is running away from: WolfA5
Rabbit B0 f is ready to mate
Rabbit C0m is running away from: LionC3
Rabbit C0m is running away from: WolfC1
Rabbit C0 m is ready to mate
Rabbit C0 m is approaching partner: Rabbit C4f
Rabbit A2m is running away from: LionC5
Rabbit A2m is running away from: WolfC3
Rabbit A2 m is ready to mate
Rabbit A2 m is approaching partner: Rabbit C4f
Rabbit A2f is running away from: LionA2
Rabbit A2f is running away from: WolfC1
Rabbit A2 f is ready to mate
Rabbit C1m is running away from: LionC5
Rabbit C1m is running away from: WolfC1
Rabbit C1 m is ready to mate
Rabbit C1 m is approaching partner: Rabbit C4f
Rabbit C4m is running away from: LionC5
Rabbit C4m is running away from: WolfC3
Rabbit C4 m is ready to mate
Rabbit C4 m is approaching partner: Rabbit A2f
Rabbit C0m is running away from: LionC5
Rabbit C0m is running away from: WolfC5
Rabbit C0 m is ready to mate
Rabbit C0 m is approaching partner: Rabbit A2f
Rabbit C3m is running away from: LionC2
Rabbit C3m is running away from: WolfC5
Rabbit C3 m is ready to mate
Rabbit C3 m is approaching partner: Rabbit A2f
Rabbit B1m is running away from: LionC5
Rabbit B1m is running away from: WolfC3
Rabbit B1 m is ready to mate
Rabbit B1 m is approaching partner: Rabbit A2f
Rabbit B2m is running away from: LionC3
Rabbit B2m is running away from: WolfC1
Rabbit B2 m is ready to mate
Rabbit B2 m is approaching partner: Rabbit C4f
Rabbit B0m is running away from: LionC2
Rabbit B0m is running away from: WolfC5
Rabbit B0 m is ready to mate
Rabbit B0 m is approaching partner: Rabbit A2f
Rabbit A0f is running away from: LionC5
Rabbit A0f is running away from: WolfA1
Rabbit A0 f is ready to mate
Rabbit B2m is running away from: LionC5
Rabbit B2m is running away from: WolfC3
Rabbit B2 m is ready to mate
Rabbit B2 m is approaching partner: Rabbit A2f
Rabbit B0m is running away from: LionC5
Rabbit B0m is running away from: WolfB1
Rabbit B0 m is ready to mate
Rabbit B0 m is approaching partner: Rabbit B0f
Rabbit A5f is running away from: LionC5
Rabbit A5f is running away from: WolfA5
Rabbit A5 f is ready to mate
Rabbit C1f is running away from: LionC5
Rabbit C1f is running away from: WolfB1
Rabbit C1 f is ready to mate
Rabbit A4m is running away from: LionC5
Rabbit A4m is running away from: WolfC5
Rabbit A4 m is ready to mate
Rabbit A4 m is approaching partner: Rabbit A2f
Rabbit C4m is running away from: LionC5
Rabbit C4m is running away from: WolfC1
Rabbit C4 m is ready to mate
Rabbit C4 m is approaching partner: Rabbit C1f
Wolf C3m is running away from: LionC5
Wolf C1m is running away from: LionA2
Wolf C5m is running away from: LionC2
Wolf B1f is running away from: LionC5
Wolf A2m is running away from: LionC5
Wolf A1f is running away from: LionC5
Wolf A5m is running away from: LionC5
Wolf A4m is running away from: LionC5
Rabbit C4f is running away from: LionC3
Rabbit C4f is running away from: WolfC5
Rabbit C4 is Hungry
Rabbit C4f ate
Rabbit C4 f is ready to mate
Rabbit B0f is running away from: LionC5
Rabbit B0f is running away from: WolfA4
Rabbit B0 is Hungry
Rabbit B0f ate
Rabbit B0 f is ready to mate
Rabbit C0m is running away from: LionC3
Rabbit C0m is running away from: WolfC1
Rabbit C0 is Hungry
Rabbit C0m ate
Rabbit C0 m is ready to mate
Rabbit C0 m is approaching partner: Rabbit B0f
Rabbit A2m is running away from: LionC2
Rabbit A2m is running away from: WolfC3
Rabbit A2 is Hungry
Rabbit A2m ate
Rabbit A2 m is ready to mate
Rabbit A2 m is approaching partner: Rabbit A2f
Rabbit A2f is running away from: LionA2
Rabbit A2f is running away from: WolfC1
Rabbit A2 is Hungry
Rabbit A2f ate
Rabbit A2 f is ready to mate
Rabbit C1m is running away from: LionC3
Rabbit C1m is running away from: WolfC1
Rabbit C1 is Hungry
Rabbit C1m ate
Rabbit C1 m is ready to mate
Rabbit C1 m is approaching partner: Rabbit C4f
Rabbit C4m is running away from: LionC5
Rabbit C4m is running away from: WolfC3
Rabbit C4 is Hungry
Rabbit C4m ate
Rabbit C4 m is ready to mate
Rabbit C4 m is approaching partner: Rabbit A2f
Rabbit C0m is running away from: LionC2
Rabbit C0m is running away from: WolfC5
Rabbit C0 is Hungry
Rabbit C0m ate
Rabbit C0 m is ready to mate
Rabbit C0 m is approaching partner: Rabbit A2f
Rabbit C3m is running away from: LionC2
Rabbit C3m is running away from: WolfC5
Rabbit C3 is Hungry
Rabbit C3m ate
Rabbit C3 m is ready to mate
Rabbit C3 m is approaching partner: Rabbit A2f
Rabbit B1m is running away from: LionC5
Rabbit B1m is running away from: WolfC3
Rabbit B1 is Hungry
Rabbit B1m ate
Rabbit B1 m is ready to mate
Rabbit B1 m is approaching partner: Rabbit A2f
Rabbit B2m is running away from: LionC3
Rabbit B2m is running away from: WolfC1
Rabbit B2 is Hungry
Rabbit B2m ate
Rabbit B2 m is ready to mate
Rabbit B2 m is approaching partner: Rabbit C4f
Rabbit B0m is running away from: LionC2
Rabbit B0m is running away from: WolfC5
Rabbit B0 is Hungry
Rabbit B0m ate
Rabbit B0 m is ready to mate
Rabbit B0 m is approaching partner: Rabbit A2f
Rabbit A0f is running away from: LionC5
Rabbit A0f is running away from: WolfA1
Rabbit A0 is Hungry
Rabbit A0f ate
Rabbit A0 f is ready to mate
Rabbit B2m is running away from: LionC5
Rabbit B2m is running away from: WolfC5
Rabbit B2 is Hungry
Rabbit B2m ate
Rabbit B2 m is ready to mate
Rabbit B2 m is approaching partner: Rabbit A2f
Rabbit B0m is running away from: LionC5
Rabbit B0m is running away from: WolfB1
Rabbit B0 is Hungry
Rabbit B0m ate
Rabbit B0 m is ready to mate
Rabbit B0 m is approaching partner: Rabbit A5f
Rabbit A5f is running away from: LionC5
Rabbit A5f is running away from: WolfA4
Rabbit A5 is Hungry
Rabbit A5f ate
Rabbit A5 f is ready to mate
Rabbit C1f is running away from: LionC5
Rabbit C1f is running away from: WolfC1
Rabbit C1 is Hungry
Rabbit C1f ate
Rabbit C1 f is ready to mate
Rabbit A4m is running away from: LionC5
Rabbit A4m is running away from: WolfC5
Rabbit A4 is Hungry
Rabbit A4m ate
Rabbit A4 m is ready to mate
Rabbit A4 m is approaching partner: Rabbit A2f
Rabbit C4m is running away from: LionC5
Rabbit C4m is running away from: WolfC1
Rabbit C4 is Hungry
Rabbit C4m ate
Rabbit C4 m is ready to mate
Rabbit C4 m is approaching partner: Rabbit B0f
Wolf C3m is running away from: LionC5
Wolf C3 is Hungry
Wolf C3m is chasing: B2m
Wolf C1m is running away from: LionC5
Wolf C1 is Hungry
Wolf C1m is chasing: C4f
Wolf C5m is running away from: LionC2
Wolf C5 is Hungry
Wolf C5m is chasing: C4f
Wolf B1f is running away from: LionC5
Wolf B1 is Hungry
Wolf B1f is chasing: B0m
Wolf A2m is running away from: LionC5
Wolf A2 is Hungry
Wolf A2m is chasing: A5f
Wolf A2m ate!
Wolf A1f is running away from: LionC3
Wolf A1 is Hungry
Wolf A1f is chasing: A0f
Wolf A5m is running away from: LionC5
Wolf A4m is running away from: LionC5
Wolf A4 is Hungry
Wolf A4m is chasing: B0m
Rabbit C4f is running away from: LionA2
Rabbit C4f is running away from: WolfC5
Rabbit C4 f is ready to mate
Rabbit B0f is running away from: LionC5
Rabbit B0f is running away from: WolfA4
Rabbit B0 f is ready to mate
Rabbit C0m is running away from: LionC3
Rabbit C0m is running away from: WolfA4
Rabbit C0 m is ready to mate
Rabbit C0 m is approaching partner: Rabbit C4f
Rabbit A2m is running away from: LionC2
Rabbit A2m is running away from: WolfC3
Rabbit A2 m is ready to mate
Rabbit A2 m is approaching partner: Rabbit A2f
Rabbit A2f is running away from: LionA2
Rabbit A2f is running away from: WolfC1
Rabbit A2 f is ready to mate
Rabbit C1m is running away from: LionC3
Rabbit C1m is running away from: WolfC1
Rabbit C1 m is ready to mate
Rabbit C1 m is approaching partner: Rabbit C4f
Rabbit C4m is running away from: LionC5
Rabbit C4m is running away from: WolfC3
Rabbit C4 m is ready to mate
Rabbit C4 m is approaching partner: Rabbit A2f
Rabbit C0m is running away from: LionC2
Rabbit C0m is running away from: WolfC3
Rabbit C0 m is ready to mate
Rabbit C0 m is approaching partner: Rabbit A2f
Rabbit C3m is running away from: LionC2
Rabbit C3m is running away from: WolfC3
Rabbit C3 m is ready to mate
Rabbit C3 m is approaching partner: Rabbit A2f
Rabbit B1m is running away from: LionC2
Rabbit B1m is running away from: WolfC3
Rabbit B1 m is ready to mate
Rabbit B1 m is approaching partner: Rabbit A2f
Rabbit B2m is running away from: LionC3
Rabbit B2m is running away from: WolfC1
Rabbit B2 m is ready to mate
Rabbit B2 m is approaching partner: Rabbit C4f
Rabbit B0m is running away from: LionC2
Rabbit B0m is running away from: WolfC5
Rabbit B0 m is ready to mate
Rabbit B0 m is approaching partner: Rabbit A2f
Rabbit A0f is running away from: LionC3
Rabbit A0f is running away from: WolfA1
Rabbit A0 f is ready to mate
Rabbit B2m is running away from: LionC5
Rabbit B2m is running away from: WolfC5
Rabbit B2 m is ready to mate
Rabbit B2 m is approaching partner: Rabbit A2f
Rabbit B0m is running away from: LionC5
Rabbit B0m is running away from: WolfB1
Rabbit B0 m is ready to mate
Rabbit B0 m is approaching partner: Rabbit B0f
Rabbit C1f is running away from: LionC5
Rabbit C1f is running away from: WolfB1
Rabbit C1 f is ready to mate
Rabbit A4m is running away from: LionC2
Rabbit A4m is running away from: WolfC3
Rabbit A4 m is ready to mate
Rabbit A4 m is approaching partner: Rabbit A2f
Rabbit C4m is running away from: LionC5
Rabbit C4m is running away from: WolfA4
Rabbit C4 m is ready to mate
Rabbit C4 m is approaching partner: Rabbit B0f
Wolf C3m is running away from: LionC5
Wolf C3 is Hungry
Wolf C3m is chasing: B2m
Wolf C1m is running away from: LionC5
Wolf C1 is Hungry
Wolf C1m is chasing: C4f
Wolf C5m is running away from: LionC2
Wolf C5 is Hungry
Wolf C5m is chasing: C4f
Wolf B1f is running away from: LionC5
Wolf B1 is Hungry
Wolf B1f is chasing: B0m
Wolf B1f ate!
Wolf A2m is running away from: LionC5
Wolf A1f is running away from: LionC3
Wolf A1 is Hungry
Wolf A1f is chasing: A0f
Wolf A5m is running away from: LionC5
Wolf A5 is Hungry
Wolf A5m is chasing: A0f
Wolf A4m is running away from: LionC5
Wolf A4 is Hungry
Wolf A4m is chasing: A0f
Rabbit C4f is running away from: LionC3
Rabbit C4f is running away from: WolfC1
Rabbit C4 is Hungry
Rabbit C4f ate
Rabbit C4 f is ready to mate
Rabbit B0f is running away from: LionC5
Rabbit B0f is running away from: WolfA1
Rabbit B0 is Hungry
Rabbit B0f ate
Rabbit B0 f is ready to mate
Rabbit C0m is running away from: LionC3
Rabbit C0m is running away from: WolfA1
Rabbit C0 is Hungry
Rabbit C0m ate
Rabbit C0 m is ready to mate
Rabbit C0 m is approaching partner: Rabbit C4f
Rabbit A2m is running away from: LionA2
Rabbit A2m is running away from: WolfC3
Rabbit A2 is Hungry
Rabbit A2m ate
Rabbit A2 m is ready to mate
Rabbit A2 m is approaching partner: Rabbit A2f
Rabbit A2f is running away from: LionA2
Rabbit A2f is running away from: WolfC3
Rabbit A2 is Hungry
Rabbit A2f ate
Rabbit A2 f is ready to mate
Rabbit C1m is running away from: LionC3
Rabbit C1m is running away from: WolfC1
Rabbit C1 is Hungry
Rabbit C1m ate
Rabbit C1 m is ready to mate
Rabbit C1 m is approaching partner: Rabbit C4f
Rabbit B2 f was born!Father is C1 and Mother is C4
Rabbit C4m is running away from: LionC5
Rabbit C4m is running away from: WolfC3
Rabbit C4 is Hungry
Rabbit C4 m is ready to mate
Rabbit C4 m is approaching partner: Rabbit A2f
Rabbit C0m is running away from: LionC2
Rabbit C0m is running away from: WolfC3
Rabbit C0 is Hungry
Rabbit C0m ate
Rabbit C0 m is ready to mate
Rabbit C0 m is approaching partner: Rabbit A2f
Rabbit C3m is running away from: LionA2
Rabbit C3m is running away from: WolfC3
Rabbit C3 is Hungry
Rabbit C3 m is ready to mate
Rabbit C3 m is approaching partner: Rabbit A2f
Rabbit B1m is running away from: LionA2
Rabbit B1m is running away from: WolfC3
Rabbit B1 is Hungry
Rabbit B1 m is ready to mate
Rabbit B1 m is approaching partner: Rabbit A2f
Rabbit B2m is running away from: LionC3
Rabbit B2m is running away from: WolfC1
Rabbit B2 is Hungry
Rabbit B2m ate
Rabbit B2 m is ready to mate
Rabbit B2 m is approaching partner: Rabbit B0f
Rabbit B0m is running away from: LionA2
Rabbit B0m is running away from: WolfC3
Rabbit B0 is Hungry
Rabbit B0 m is ready to mate
Rabbit B0 m is approaching partner: Rabbit A2f
Rabbit A0f is running away from: LionC3
Rabbit A0f is running away from: WolfA1
Rabbit A0 is Hungry
Rabbit A0f ate
Rabbit A0 f is ready to mate
Rabbit B2m is running away from: LionC5
Rabbit B2m is running away from: WolfC3
Rabbit B2 is Hungry
Rabbit B2m ate
Rabbit B2 m is ready to mate
Rabbit B2 m is approaching partner: Rabbit A2f
Rabbit C1f is running away from: LionC5
Rabbit C1f is running away from: WolfB1
Rabbit C1 is Hungry
Rabbit C1 f is ready to mate
Rabbit A4m is running away from: LionC2
Rabbit A4m is running away from: WolfC3
Rabbit A4 is Hungry
Rabbit A4 m is ready to mate
Rabbit A4 m is approaching partner: Rabbit A2f
Rabbit C4m is running away from: LionC3
Rabbit C4m is running away from: WolfA1
Rabbit C4 is Hungry
Rabbit C4m ate
Rabbit C4 m is ready to mate
Rabbit C4 m is approaching partner: Rabbit B0f
Lion A2 m is ready to mate
Lion C3 m is ready to mate
Lion C5 f is ready to mate
Lion C5 m is ready to mate
Lion C2 f is ready to mate
Wolf C3m is running away from: LionC5
Wolf C3 is Hungry
WolfC3m died of hunger
Wolf C3m is chasing: C4m
Wolf C3 m is ready to mate
Wolf C1m is running away from: LionC5
Wolf C1 is Hungry
WolfC1m died of hunger
Wolf C1m is chasing: B2f
Wolf C1 m is ready to mate
Wolf C5m is running away from: LionC3
Wolf C5 is Hungry
WolfC5m died of hunger
Wolf C5m is chasing: B2f
Wolf C5 m is ready to mate
Wolf B1f is running away from: LionC5
Wolf B1 f is ready to mate
Wolf A2m is running away from: LionC5
Wolf A2 m is ready to mate
Wolf C5 m was born! Father is A2 and Mother is A1
Wolf A1f is running away from: LionC3
Wolf A1 is Hungry
WolfA1f died of hunger
Wolf A1f is chasing: B0f
Wolf A5m is running away from: LionC3
Wolf A5 is Hungry
Wolf A5m is chasing: B0f
Wolf A5 m is ready to mate
Wolf A4m is running away from: LionC5
Wolf A4 is Hungry
WolfA4m died of hunger
Wolf A4m is chasing: B0f
Wolf A4 m is ready to mate
Rabbit C4f is running away from: LionC3
Rabbit C4f is running away from: WolfC5
Rabbit B0f is running away from: LionC5
Rabbit B0f is running away from: WolfC5
Rabbit B0 f is ready to mate
Rabbit C0m is running away from: LionC3
Rabbit C0m is running away from: WolfC5
Rabbit C0 m is ready to mate
Rabbit C0 m is approaching partner: Rabbit C1f
Rabbit A2m is running away from: LionA2
Rabbit A2m is running away from: WolfC5
Rabbit A2 m is ready to mate
Rabbit A2 m is approaching partner: Rabbit A2f
Rabbit A1 f was born!Father is A2 and Mother is A2
Rabbit A2f is running away from: LionA2
Rabbit A2f is running away from: WolfC5
Rabbit C1m is running away from: LionC3
Rabbit C1m is running away from: WolfC5
Rabbit C1 m is ready to mate
Rabbit C1 m is approaching partner: Rabbit C1f
Rabbit C4m is running away from: LionC5
Rabbit C4m is running away from: WolfC5
Rabbit C4 is Hungry
Rabbit C4 m is ready to mate
Rabbit C4 m is approaching partner: Rabbit C1f
Rabbit C0m is running away from: LionA2
Rabbit C0m is running away from: WolfC5
Rabbit C0 m is ready to mate
Rabbit C0 m is approaching partner: Rabbit C1f
Rabbit C3m is running away from: LionA2
Rabbit C3m is running away from: WolfC5
Rabbit C3 is Hungry
Rabbit C3m ate
Rabbit C3 m is ready to mate
Rabbit C3 m is approaching partner: Rabbit C1f
Rabbit B1m is running away from: LionA2
Rabbit B1m is running away from: WolfC5
Rabbit B1 is Hungry
Rabbit B1m ate
Rabbit B1 m is ready to mate
Rabbit B1 m is approaching partner: Rabbit C1f
Rabbit B2m is running away from: LionC5
Rabbit B2m is running away from: WolfC5
Rabbit B2 m is ready to mate
Rabbit B2 m is approaching partner: Rabbit A0f
Rabbit B0m is running away from: LionA2
Rabbit B0m is running away from: WolfC5
Rabbit B0 is Hungry
Rabbit B0 m is ready to mate
Rabbit B0 m is approaching partner: Rabbit C1f
Rabbit A0f is running away from: LionC5
Rabbit A0f is running away from: WolfC5
Rabbit A0 f is ready to mate
Rabbit B2m is running away from: LionC2
Rabbit B2m is running away from: WolfC5
Rabbit B2 m is ready to mate
Rabbit B2 m is approaching partner: Rabbit C1f
Rabbit C1f is running away from: LionC5
Rabbit C1f is running away from: WolfB1
Rabbit C1 is Hungry
Rabbit C1 f is ready to mate
Rabbit A4m is running away from: LionA2
Rabbit A4m is running away from: WolfC5
Rabbit A4 is Hungry
Rabbit A4m ate
Rabbit A4 m is ready to mate
Rabbit A4 m is approaching partner: Rabbit C1f
Rabbit C4m is running away from: LionC5
Rabbit C4m is running away from: WolfC5
Rabbit C4 m is ready to mate
Rabbit C4 m is approaching partner: Rabbit A0f
Rabbit B2f is running away from: LionC3
Rabbit B2f is running away from: WolfC5
Lion A2 m is ready to mate
Lion C3 m is ready to mate
Lion C5 f is ready to mate
Lion C5 m is ready to mate
Lion C2 f is ready to mate
Wolf B1f is running away from: LionC5
Wolf B1 f is ready to mate
Wolf A2m is running away from: LionC5
Wolf A2 is Hungry
Wolf A2m is chasing: B0f
Wolf A2 m is ready to mate
Wolf A5m is running away from: LionC5
Wolf A5 is Hungry
WolfA5m died of hunger
Wolf A5m is chasing: B0f
Wolf A5 m is ready to mate
Wolf C5m is running away from: LionC5
Rabbit C4f is running away from: LionC5
Rabbit C4f is running away from: WolfC5
Rabbit C4 is Hungry
Rabbit C4f ate
Rabbit B0f is running away from: LionC5
Rabbit B0f is running away from: WolfC5
Rabbit B0 is Hungry
Rabbit B0f ate
Rabbit B0 f is ready to mate
Rabbit C0m is running away from: LionC5
Rabbit C0m is running away from: WolfC5
Rabbit C0 is Hungry
Rabbit C0m ate
Rabbit C0 m is ready to mate
Rabbit C0 m is approaching partner: Rabbit C1f
Rabbit A2m is running away from: LionA2
Rabbit A2m is running away from: WolfB1
Rabbit A2 is Hungry
Rabbit A2 m is ready to mate
Rabbit A2 m is approaching partner: Rabbit C1f
Rabbit A2f is running away from: LionA2
Rabbit A2f is running away from: WolfB1
Rabbit A2 is Hungry
Rabbit A2f ate
Rabbit C1m is running away from: LionC5
Rabbit C1m is running away from: WolfC5
Rabbit C1 is Hungry
Rabbit C1m ate
Rabbit C1 m is ready to mate
Rabbit C1 m is approaching partner: Rabbit C1f
Rabbit C4m is running away from: LionC5
Rabbit C4m is running away from: WolfC5
Rabbit C4 is Hungry
RabbitC4m died of hunger
Rabbit C4 m is ready to mate
Rabbit C4 m is approaching partner: Rabbit C1f
Rabbit C0m is running away from: LionA2
Rabbit C0m is running away from: WolfB1
Rabbit C0 is Hungry
Rabbit C0 m is ready to mate
Rabbit C0 m is approaching partner: Rabbit C1f
Rabbit C3m is running away from: LionA2
Rabbit C3m is running away from: WolfB1
Rabbit C3 m is ready to mate
Rabbit C3 m is approaching partner: Rabbit C1f
Rabbit B1m is running away from: LionA2
Rabbit B1m is running away from: WolfB1
Rabbit B1 m is ready to mate
Rabbit B1 m is approaching partner: Rabbit C1f
Rabbit B2m is running away from: LionC5
Rabbit B2m is running away from: WolfC5
Rabbit B2 is Hungry
Rabbit B2m ate
Rabbit B2 m is ready to mate
Rabbit B2 m is approaching partner: Rabbit A0f
Rabbit B0m is running away from: LionA2
Rabbit B0m is running away from: WolfB1
Rabbit B0 is Hungry
RabbitB0m died of hunger
Rabbit B0 m is ready to mate
Rabbit B0 m is approaching partner: Rabbit C1f
Rabbit A0f is running away from: LionC5
Rabbit A0f is running away from: WolfC5
Rabbit A0 is Hungry
Rabbit A0f ate
Rabbit A0 f is ready to mate
Rabbit B2m is running away from: LionC2
Rabbit B2m is running away from: WolfC5
Rabbit B2 is Hungry
Rabbit B2m ate
Rabbit B2 m is ready to mate
Rabbit B2 m is approaching partner: Rabbit C1f
Rabbit C1f is running away from: LionC5
Rabbit C1f is running away from: WolfB1
Rabbit C1 is Hungry
RabbitC1f died of hunger
Rabbit C1 f is ready to mate
Rabbit A4m is running away from: LionA2
Rabbit A4m is running away from: WolfB1
Rabbit A4 m is ready to mate
Rabbit A4 m is approaching partner: Rabbit A0f
Rabbit C4m is running away from: LionC5
Rabbit C4m is running away from: WolfC5
Rabbit C4 is Hungry
Rabbit C4m ate
Rabbit C4 m is ready to mate
Rabbit C4 m is approaching partner: Rabbit B0f
Rabbit B2f is running away from: LionC5
Rabbit B2f is running away from: WolfC5
Rabbit B2 is Hungry
Rabbit B2f ate
Rabbit A1f is running away from: LionA2
Rabbit A1f is running away from: WolfB1
Lion A2 m is ready to mate
Lion C3 m is ready to mate
Lion C5 f is ready to mate
Lion C5 m is ready to mate
Lion C2 f is ready to mate
Wolf B1f is running away from: LionC5
Wolf B1 is Hungry
Wolf B1f is chasing: A0f
Wolf B1 f is ready to mate
Wolf A2m is running away from: LionC5
Wolf A2 is Hungry
Wolf A2m is chasing: B0f
Wolf A2 m is ready to mate
Wolf C5m is running away from: LionC5
Rabbit C4f is running away from: LionC3
Rabbit C4f is running away from: WolfA2
Rabbit C4 f is ready to mate
Rabbit B0f is running away from: LionC5
Rabbit B0f is running away from: WolfA2
Rabbit B0 f is ready to mate
Rabbit C0m is running away from: LionC5
Rabbit C0m is running away from: WolfA2
Rabbit C0 m is ready to mate
Rabbit C0 m is approaching partner: Rabbit A0f
Rabbit A2m is running away from: LionA2
Rabbit A2m is running away from: WolfB1
Rabbit A2 is Hungry
Rabbit A2 m is ready to mate
Rabbit A2 m is approaching partner: Rabbit C4f
Rabbit A2f is running away from: LionC5
Rabbit A2f is running away from: WolfB1
Rabbit C1m is running away from: LionC5
Rabbit C1m is running away from: WolfA2
Rabbit C1 m is ready to mate
Rabbit C1 m is approaching partner: Rabbit C4f
Rabbit C0m is running away from: LionC5
Rabbit C0m is running away from: WolfB1
Rabbit C0 is Hungry
Rabbit C0 m is ready to mate
Rabbit C0 m is approaching partner: Rabbit C4f
Rabbit C3m is running away from: LionC5
Rabbit C3m is running away from: WolfB1
Rabbit C3 is Hungry
Rabbit C3 m is ready to mate
Rabbit C3 m is approaching partner: Rabbit C4f
Rabbit B1m is running away from: LionC5
Rabbit B1m is running away from: WolfB1
Rabbit B1 is Hungry
Rabbit B1 m is ready to mate
Rabbit B1 m is approaching partner: Rabbit C4f
Rabbit B2m is running away from: LionC5
Rabbit B2m is running away from: WolfA2
Rabbit B2 m is ready to mate
Rabbit B2 m is approaching partner: Rabbit B0f
Rabbit A0f is running away from: LionC5
Rabbit A0f is running away from: WolfA2
Rabbit A0 f is ready to mate
Rabbit B2m is running away from: LionA2
Rabbit B2m is running away from: WolfA2
Rabbit B2 m is ready to mate
Rabbit B2 m is approaching partner: Rabbit C4f
Rabbit A4m is running away from: LionA2
Rabbit A4m is running away from: WolfB1
Rabbit A4 is Hungry
Rabbit A4 m is ready to mate
Rabbit A4 m is approaching partner: Rabbit C4f
Rabbit C4m is running away from: LionC5
Rabbit C4m is running away from: WolfA2
Rabbit C4 m is ready to mate
Rabbit C4 m is approaching partner: Rabbit B0f
Rabbit B2f is running away from: LionC3
Rabbit B2f is running away from: WolfA2
Rabbit B2 f is ready to mate
Rabbit A1f is running away from: LionA2
Rabbit A1f is running away from: WolfB1
Rabbit A1 is Hungry
Lion A2 m is ready to mate
Lion C3 m is ready to mate
Lion C5 f is ready to mate
Lion C5 m is ready to mate
Lion C2 f is ready to mate
Wolf B1f is running away from: LionC5
Wolf B1 is Hungry
Wolf B1f is chasing: A0f
Wolf B1 f is ready to mate
Wolf A2m is running away from: LionC5
Wolf A2 is Hungry
WolfA2m died of hunger
Wolf A2m is chasing: B0f
Wolf A2 m is ready to mate
Wolf C5m is running away from: LionC5
Wolf C5 is Hungry
Wolf C5m is chasing: B0f
Rabbit C4f is running away from: LionC3
Rabbit C4f is running away from: WolfB1
Rabbit C4 is Hungry
Rabbit C4f ate
Rabbit C4 f is ready to mate
Rabbit B0f is running away from: LionC5
Rabbit B0f is running away from: WolfC5
Rabbit B0 is Hungry
Rabbit B0 f is ready to mate
Rabbit C0m is running away from: LionC5
Rabbit C0m is running away from: WolfB1
Rabbit C0 is Hungry
Rabbit C0m ate
Rabbit C0 m is ready to mate
Rabbit C0 m is approaching partner: Rabbit A0f
Rabbit A2m is running away from: LionC5
Rabbit A2m is running away from: WolfB1
Rabbit A2 is Hungry
RabbitA2m died of hunger
Rabbit A2 m is ready to mate
Rabbit A2 m is approaching partner: Rabbit C4f
Rabbit A2f is running away from: LionC5
Rabbit A2f is running away from: WolfB1
Rabbit A2 is Hungry
Rabbit A2f ate
Rabbit C1m is running away from: LionC5
Rabbit C1m is running away from: WolfB1
Rabbit C1 is Hungry
Rabbit C1m ate
Rabbit C1 m is ready to mate
Rabbit C1 m is approaching partner: Rabbit B2f
Rabbit C0m is running away from: LionC5
Rabbit C0m is running away from: WolfB1
Rabbit C0 is Hungry
RabbitC0m died of hunger
Rabbit C0 m is ready to mate
Rabbit C0 m is approaching partner: Rabbit C4f
Rabbit C3m is running away from: LionC5
Rabbit C3m is running away from: WolfB1
Rabbit C3 is Hungry
Rabbit C3 m is ready to mate
Rabbit C3 m is approaching partner: Rabbit C4f
Rabbit B1m is running away from: LionC5
Rabbit B1m is running away from: WolfB1
Rabbit B1 is Hungry
Rabbit B1 m is ready to mate
Rabbit B1 m is approaching partner: Rabbit C4f
Rabbit B2m is running away from: LionC5
Rabbit B2m is running away from: WolfC5
Rabbit B2 is Hungry
Rabbit B2 m is ready to mate
Rabbit B2 m is approaching partner: Rabbit B0f
Rabbit A0f is running away from: LionC5
Rabbit A0f is running away from: WolfB1
Rabbit A0 is Hungry
Rabbit A0f ate
Rabbit A0 f is ready to mate
Rabbit B2m is running away from: LionC5
Rabbit B2m is running away from: WolfC5
Rabbit B2 is Hungry
Rabbit B2m ate
Rabbit B2 m is ready to mate
Rabbit B2 m is approaching partner: Rabbit C4f
Rabbit A4m is running away from: LionC5
Rabbit A4m is running away from: WolfB1
Rabbit A4 is Hungry
Rabbit A4 m is ready to mate
Rabbit A4 m is approaching partner: Rabbit C4f
Rabbit C4m is running away from: LionC5
Rabbit C4m is running away from: WolfC5
Rabbit C4 is Hungry
Rabbit C4m ate
Rabbit C4 m is ready to mate
Rabbit C4 m is approaching partner: Rabbit B0f
Rabbit B2f is running away from: LionC3
Rabbit B2f is running away from: WolfB1
Rabbit B2 is Hungry
Rabbit B2 f is ready to mate
Rabbit A1f is running away from: LionC5
Rabbit A1f is running away from: WolfB1
Rabbit A1 is Hungry
Rabbit A1 f is ready to mate
Lion A2 m is ready to mate
Lion C3 m is ready to mate
Lion C5 f is ready to mate
Lion C5 m is ready to mate
Lion C2 f is ready to mate
Wolf B1f is running away from: LionC5
Wolf B1 is Hungry
WolfB1f died of hunger
Wolf B1f is chasing: A0f
Wolf B1 f is ready to mate
Wolf C5m is running away from: LionC5
Wolf C5 is Hungry
Wolf C5m is chasing: B0f
Rabbit C4f is running away from: LionC3
Rabbit C4f is running away from: WolfC5
Rabbit C4 f is ready to mate
Rabbit B0f is running away from: LionC5
Rabbit B0f is running away from: WolfC5
Rabbit B0 is Hungry
Rabbit B0f ate
Rabbit B0 f is ready to mate
Rabbit C0m is running away from: LionC5
Rabbit C0m is running away from: WolfC5
Rabbit C0 m is ready to mate
Rabbit C0 m is approaching partner: Rabbit A0f
Rabbit A2f is running away from: LionC5
Rabbit A2f is running away from: WolfC5
Rabbit A2 f is ready to mate
Rabbit C1m is running away from: LionC5
Rabbit C1m is running away from: WolfC5
Rabbit C1 m is ready to mate
Rabbit C1 m is approaching partner: Rabbit B2f
Rabbit C3m is running away from: LionA2
Rabbit C3m is running away from: WolfC5
Rabbit C3 is Hungry
RabbitC3m died of hunger
Rabbit C3 m is ready to mate
Rabbit C3 m is approaching partner: Rabbit A1f
Rabbit B5 m was born!Father is C3 and Mother is A1
Rabbit B1m is running away from: LionA2
Rabbit B1m is running away from: WolfC5
Rabbit B1 is Hungry
RabbitB1m died of hunger
Rabbit B1 m is ready to mate
Rabbit B1 m is approaching partner: Rabbit A2f
Rabbit B2m is running away from: LionC5
Rabbit B2m is running away from: WolfC5
Rabbit B2 is Hungry
Rabbit B2m ate
Rabbit B2 m is ready to mate
Rabbit B2 m is approaching partner: Rabbit B0f
Rabbit A0f is running away from: LionC5
Rabbit A0f is running away from: WolfC5
Rabbit A0 f is ready to mate
Rabbit B2m is running away from: LionA2
Rabbit B2m is running away from: WolfC5
Rabbit B2 m is ready to mate
Rabbit B2 m is approaching partner: Rabbit A2f
Rabbit A4m is running away from: LionC5
Rabbit A4m is running away from: WolfC5
Rabbit A4 is Hungry
RabbitA4m died of hunger
Rabbit A4 m is ready to mate
Rabbit A4 m is approaching partner: Rabbit A2f
Rabbit C4m is running away from: LionC5
Rabbit C4m is running away from: WolfC5
Rabbit C4 m is ready to mate
Rabbit C4 m is approaching partner: Rabbit B0f
Rabbit B2f is running away from: LionC3
Rabbit B2f is running away from: WolfC5
Rabbit B2 is Hungry
Rabbit B2f ate
Rabbit B2 f is ready to mate
Rabbit A1f is running away from: LionC5
Rabbit A1f is running away from: WolfC5
Rabbit A1 is Hungry
RabbitA1f died of hunger
Lion A2m ate: C4f
Lion A2 m is ready to mate
Lion C3 m is ready to mate
Lion C5 f is ready to mate
Lion C5 m is ready to mate
Lion C2f ate: C4f
Lion C2 f is ready to mate
Wolf C5m is running away from: LionC5
Wolf C5 is Hungry
WolfC5m died of hunger
Wolf C5m is chasing: C4m
Rabbit C4 is Thirsty
Rabbit C4 drank water
Rabbit C4f is running away from: LionA2
Rabbit C4 is Hungry
Rabbit C4f ate
Rabbit C4 f is ready to mate
Rabbit B0 is Thirsty
Rabbit B0 drank water
Rabbit B0f is running away from: LionC5
Rabbit B0 f is ready to mate
Rabbit C0 is Thirsty
Rabbit C0 drank water
Rabbit C0m is running away from: LionC5
Rabbit C0 is Hungry
Rabbit C0m ate
Rabbit C0 m is ready to mate
Rabbit C0 m is approaching partner: Rabbit A0f
Rabbit A2 is Thirsty
Rabbit A2 drank water
Rabbit A2f is running away from: LionC5
Rabbit A2 is Hungry
Rabbit A2 f is ready to mate
Rabbit C1 is Thirsty
Rabbit C1 drank water
Rabbit C1m is running away from: LionC5
Rabbit C1 is Hungry
Rabbit C1m ate
Rabbit C1 m is ready to mate
Rabbit C1 m is approaching partner: Rabbit B2f
Rabbit B2 is Thirsty
Rabbit B2 drank water
Rabbit B2m is running away from: LionC5
Rabbit B2 m is ready to mate
Rabbit B2 m is approaching partner: Rabbit B0f
Rabbit A0 is Thirsty
Rabbit A0 drank water
Rabbit A0f is running away from: LionC5
Rabbit A0 is Hungry
Rabbit A0f ate
Rabbit A0 f is ready to mate
Rabbit B2 is Thirsty
Rabbit B2 drank water
Rabbit B2m is running away from: LionC5
Rabbit B2 is Hungry
Rabbit B2 m is ready to mate
Rabbit B2 m is approaching partner: Rabbit A2f
Rabbit C4 is Thirsty
Rabbit C4 drank water
Rabbit C4m is running away from: LionC5
Rabbit C4 is Hungry
Rabbit C4m ate
Rabbit C4 m is ready to mate
Rabbit C4 m is approaching partner: Rabbit B0f
Rabbit B2f is running away from: LionA2
Rabbit B2 f is ready to mate
Rabbit B5m is running away from: LionC5
Lion A2 is Thirsty
Lion A2 drank water
Lion A2 m is ready to mate
Lion C3 is Thirsty
Lion C3 drank water
Lion C3 m is ready to mate
Lion C5 is Thirsty
Lion C5 drank water
Lion C5 f is ready to mate
Lion C5 is Thirsty
Lion C5 drank water
Lion C5 m is ready to mate
Lion C2 is Thirsty
Lion C2 drank water
Lion C2 f is ready to mate
Rabbit C4 is Thirsty
Rabbit C4 drank water
Rabbit C4f is running away from: LionA2
Rabbit C4 f is ready to mate
Rabbit B0 is Thirsty
Rabbit B0 drank water
Rabbit B0f is running away from: LionC5
Rabbit B0 is Hungry
Rabbit B0f ate
Rabbit B0 f is ready to mate
Rabbit C0 is Thirsty
Rabbit C0 drank water
Rabbit C0m is running away from: LionC5
Rabbit C0 m is ready to mate
Rabbit C0 m is approaching partner: Rabbit A0f
Rabbit A2 is Thirsty
Rabbit A2 drank water
Rabbit A2f is running away from: LionC5
Rabbit A2 is Hungry
Rabbit A2 f is ready to mate
Rabbit C1 is Thirsty
Rabbit C1 drank water
Rabbit C1m is running away from: LionC5
Rabbit C1 m is ready to mate
Rabbit C1 m is approaching partner: Rabbit B2f
Rabbit B2 is Thirsty
Rabbit B2 drank water
Rabbit B2m is running away from: LionC5
Rabbit B2 is Hungry
Rabbit B2m ate
Rabbit B2 m is ready to mate
Rabbit B2 m is approaching partner: Rabbit A0f
Rabbit A0 is Thirsty
Rabbit A0 drank water
Rabbit A0f is running away from: LionC5
Rabbit A0 f is ready to mate
Rabbit B2 is Thirsty
Rabbit B2 drank water
Rabbit B2m is running away from: LionC5
Rabbit B2 is Hungry
Rabbit B2m ate
Rabbit B2 m is ready to mate
Rabbit B2 m is approaching partner: Rabbit A2f
Rabbit C4 is Thirsty
Rabbit C4 drank water
Rabbit C4m is running away from: LionC5
Rabbit C4 m is ready to mate
Rabbit C4 m is approaching partner: Rabbit B0f
Rabbit B2f is running away from: LionC3
Rabbit B2 is Hungry
Rabbit B2 f is ready to mate
Rabbit B5m is running away from: LionC5
Rabbit B5 is Hungry
Lion A2 is Thirsty
Lion A2 drank water
Lion A2 m is ready to mate
Lion C3 is Thirsty
Lion C3 drank water
Lion C3 m is ready to mate
Lion C5 is Thirsty
Lion C5 drank water
Lion C5 f is ready to mate
Lion C5 is Thirsty
Lion C5 drank water
Lion C5 m is ready to mate
Lion C2 is Thirsty
Lion C2 drank water
Lion C2 f is ready to mate
Rabbit C4 is Thirsty
Rabbit C4 drank water
Rabbit C4f is running away from: LionA2
Rabbit C4 is Hungry
Rabbit C4f ate
Rabbit C4 f is ready to mate
Rabbit B0 is Thirsty
Rabbit B0 drank water
Rabbit B0f is running away from: LionC5
Rabbit B0 f is ready to mate
Rabbit C0m is running away from: LionC5
Rabbit C0 is Hungry
Rabbit C0 m is ready to mate
Rabbit C0 m is approaching partner: Rabbit A0f
Rabbit A2 is Thirsty
Rabbit A2 drank water
Rabbit A2f is running away from: LionC5
Rabbit A2 is Hungry
RabbitA2f died of hunger
Rabbit A2 f is ready to mate
Rabbit C1 is Thirsty
Rabbit C1 drank water
Rabbit C1m is running away from: LionC5
Rabbit C1 is Hungry
Rabbit C1m ate
Rabbit C1 m is ready to mate
Rabbit C1 m is approaching partner: Rabbit A0f
Rabbit B2 is Thirsty
Rabbit B2 drank water
Rabbit B2m is running away from: LionC5
Rabbit B2 m is ready to mate
Rabbit B2 m is approaching partner: Rabbit B0f
Rabbit B2 m was born!Father is B2 and Mother is B0
Rabbit A0f is running away from: LionC5
Rabbit A0 is Hungry
Rabbit A0f ate
Rabbit A0 f is ready to mate
Rabbit B2m is running away from: LionC5
Rabbit B2 m is ready to mate
Rabbit B2 m is approaching partner: Rabbit B2f
Rabbit C4 is Thirsty
Rabbit C4 drank water
Rabbit C4m is running away from: LionC5
Rabbit C4 is Hungry
Rabbit C4m ate
Rabbit C4 m is ready to mate
Rabbit C4 m is approaching partner: Rabbit A0f
Rabbit B2f is running away from: LionA2
Rabbit B2 is Hungry
Rabbit B2 f is ready to mate
Rabbit B5m is running away from: LionC5
Rabbit B5 is Hungry
Lion A2 is Thirsty
Lion A2 drank water
Lion A2 m is ready to mate
Lion C3 m is ready to mate
Lion C5 is Thirsty
Lion C5 drank water
Lion C5 f is ready to mate
Lion C5 m is ready to mate
Lion C2 is Thirsty
Lion C2 drank water
Lion C2 f is ready to mate
Rabbit C4 is Thirsty
Rabbit C4 drank water
Rabbit C4f is running away from: LionA2
Rabbit C4 f is ready to mate
Rabbit B0 is Thirsty
Rabbit B0 drank water
Rabbit B0f is running away from: LionC5
Rabbit B0 is Hungry
Rabbit C0m is running away from: LionC5
Rabbit C0 is Hungry
Rabbit C0 m is ready to mate
Rabbit C0 m is approaching partner: Rabbit A0f
Rabbit C1 is Thirsty
Rabbit C1 drank water
Rabbit C1m is running away from: LionC5
Rabbit C1 m is ready to mate
Rabbit C1 m is approaching partner: Rabbit A0f
Rabbit B2 is Thirsty
Rabbit B2 drank water
Rabbit B2m is running away from: LionC5
Rabbit B2 is Hungry
Rabbit B2m ate
Rabbit B2 m is ready to mate
Rabbit B2 m is approaching partner: Rabbit A0f
Rabbit A0f is running away from: LionC5
Rabbit A0 f is ready to mate
Rabbit B2m is running away from: LionC2
Rabbit B2 is Hungry
Rabbit B2 m is ready to mate
Rabbit B2 m is approaching partner: Rabbit C4f
Rabbit C4 is Thirsty
Rabbit C4 drank water
Rabbit C4m is running away from: LionC5
Rabbit C4 m is ready to mate
Rabbit C4 m is approaching partner: Rabbit A0f
Rabbit B2f is running away from: LionC3
Rabbit B2 is Hungry
RabbitB2f died of hunger
Rabbit B2f ate
Rabbit B2 f is ready to mate
Rabbit B5m is running away from: LionC2
Rabbit B5 is Hungry
RabbitB5m died of hunger
Rabbit B5 m is ready to mate
Rabbit B5 m is approaching partner: Rabbit C4f
Rabbit B2m is running away from: LionC5
Lion A2 is Thirsty
Lion A2 drank water
Lion A2 m is ready to mate
Lion C3 m is ready to mate
Lion C5 is Thirsty
Lion C5 drank water
Lion C5 f is ready to mate
Lion C5 m is ready to mate
Lion C2 is Thirsty
Lion C2 drank water
Lion C2 f is ready to mate
Rabbit C4 is Thirsty
Rabbit C4 drank water
Rabbit C4f is running away from: LionA2
Rabbit C4 is Hungry
Rabbit C4f ate
Rabbit C4 f is ready to mate
Rabbit B0f is running away from: LionC5
Rabbit B0 is Hungry
Rabbit B0f ate
Rabbit C0m is running away from: LionC5
Rabbit C0 is Hungry
RabbitC0m died of hunger
Rabbit C0 m is ready to mate
Rabbit C0 m is approaching partner: Rabbit A0f
Rabbit C1 is Thirsty
Rabbit C1 drank water
Rabbit C1m is running away from: LionC5
Rabbit C1 is Hungry
Rabbit C1m ate
Rabbit C1 m is ready to mate
Rabbit C1 m is approaching partner: Rabbit A0f
Rabbit B2 is Thirsty
Rabbit B2 drank water
Rabbit B2m is running away from: LionC5
Rabbit B2 m is ready to mate
Rabbit B2 m is approaching partner: Rabbit A0f
Rabbit A0f is running away from: LionC5
Rabbit A0 is Hungry
Rabbit A0 f is ready to mate
Rabbit B2m is running away from: LionA2
Rabbit B2 is Hungry
Rabbit B2 m is ready to mate
Rabbit B2 m is approaching partner: Rabbit C4f
Rabbit C4 is Thirsty
Rabbit C4 drank water
Rabbit C4m is running away from: LionC5
Rabbit C4 is Hungry
Rabbit C4 m is ready to mate
Rabbit C4 m is approaching partner: Rabbit A0f
Rabbit C3 m was born!Father is C4 and Mother is A0
Rabbit B2m is running away from: LionC5
Rabbit B2 is Hungry
Rabbit B2m ate
Lion A2 is Thirsty
Lion A2 drank water
Lion A2 m is ready to mate
Lion C3 m is ready to mate
Lion C5 is Thirsty
Lion C5 drank water
Lion C5 f is ready to mate
Lion C5 m is ready to mate
Lion C2 is Thirsty
Lion C2 drank water
Lion C2 f is ready to mate
Rabbit C4 is Thirsty
Rabbit C4 drank water
Rabbit C4f is running away from: LionA2
Rabbit C4 f is ready to mate
Rabbit B0f is running away from: LionC3
Rabbit C1m is running away from: LionC3
Rabbit C1 m is ready to mate
Rabbit C1 m is approaching partner: Rabbit C4f
Rabbit B2 is Thirsty
Rabbit B2 drank water
Rabbit B2m is running away from: LionC3
Rabbit B2 is Hungry
Rabbit B2 m is ready to mate
Rabbit B2 m is approaching partner: Rabbit C4f
Rabbit A0f is running away from: LionC3
Rabbit A0 is Hungry
Rabbit A0f ate
Rabbit B2m is running away from: LionC2
Rabbit B2 is Hungry
RabbitB2m died of hunger
Rabbit B2 m is ready to mate
Rabbit B2 m is approaching partner: Rabbit C4f
Rabbit C4 is Thirsty
Rabbit C4 drank water
Rabbit C4m is running away from: LionC3
Rabbit C4 is Hungry
Rabbit C4 m is ready to mate
Rabbit C4 m is approaching partner: Rabbit C4f
Rabbit B2m is running away from: LionC3
Rabbit C3m is running away from: LionC3
Lion A2 is Thirsty
Lion A2 drank water
Lion A2 m is ready to mate
Lion C3 m is ready to mate
Lion C5 is Thirsty
Lion C5 drank water
Lion C5 f is ready to mate
Lion C5 m is ready to mate
Lion C2 is Thirsty
Lion C2 drank water
Lion C2 f is ready to mate
Rabbit C4 is Thirsty
Rabbit C4 drank water
Rabbit C4f is running away from: LionC5
Rabbit C4 is Hungry
Rabbit C4f ate
Rabbit C4 f is ready to mate
Rabbit B0f is running away from: LionC3
Rabbit B0 is Hungry
Rabbit C1m is running away from: LionC3
Rabbit C1 is Hungry
Rabbit C1m ate
Rabbit C1 m is ready to mate
Rabbit C1 m is approaching partner: Rabbit C4f
Rabbit B2 is Thirsty
Rabbit B2 drank water
Rabbit B2m is running away from: LionC3
Rabbit B2 is Hungry
Rabbit B2 m is ready to mate
Rabbit B2 m is approaching partner: Rabbit C4f
Rabbit A0f is running away from: LionC3
Rabbit C4 is Thirsty
Rabbit C4 drank water
Rabbit C4m is running away from: LionC3
Rabbit C4 is Hungry
RabbitC4m died of hunger
Rabbit C4 m is ready to mate
Rabbit C4 m is approaching partner: Rabbit C4f
Rabbit B2m is running away from: LionC3
Rabbit B2 is Hungry
Rabbit B2m ate
Rabbit C3m is running away from: LionC3
Rabbit C3 is Hungry
Lion A2 is Thirsty
Lion A2 drank water
Lion A2 m is ready to mate
Lion C3 m is ready to mate
Lion C5 is Thirsty
Lion C5 drank water
Lion C5 f is ready to mate
Lion C5 m is ready to mate
Lion C2 is Thirsty
Lion C2 drank water
Lion C2 f is ready to mate
Rabbit C4 is Thirsty
Rabbit C4 drank water
Rabbit C4f is running away from: LionA2
Rabbit C4 f is ready to mate
Rabbit B0f is running away from: LionC3
Rabbit B0 is Hungry
Rabbit C1m is running away from: LionC3
Rabbit C1 m is ready to mate
Rabbit C1 m is approaching partner: Rabbit C4f
Rabbit B2m is running away from: LionC3
Rabbit B2 is Hungry
RabbitB2m died of hunger
Rabbit B2m ate
Rabbit B2 m is ready to mate
Rabbit B2 m is approaching partner: Rabbit C4f
Rabbit A0f is running away from: LionC3
Rabbit A0 is Hungry
Rabbit A0f ate
Rabbit B2m is running away from: LionC3
Rabbit C3m is running away from: LionC3
Rabbit C3 is Hungry
Lion A2 is Thirsty
Lion A2 drank water
Lion A2 m is ready to mate
Lion C3 m is ready to mate
Lion C5 f is ready to mate
Lion C5 m is ready to mate
Lion C2 is Thirsty
Lion C2 drank water
Lion C2 f is ready to mate
Rabbit C4 is Thirsty
Rabbit C4 drank water
Rabbit C4f is running away from: LionC5
Rabbit C4 is Hungry
Rabbit C4f ate
Rabbit C4 f is ready to mate
Rabbit B0f is running away from: LionC3
Rabbit B0 is Hungry
RabbitB0f died of hunger
Rabbit B0 f is ready to mate
Rabbit C1m is running away from: LionC3
Rabbit C1 is Hungry
Rabbit C1 m is ready to mate
Rabbit C1 m is approaching partner: Rabbit C4f
Rabbit A0f is running away from: LionC3
Rabbit B2m is running away from: LionC3
Rabbit B2 is Hungry
Rabbit B2 m is ready to mate
Rabbit B2 m is approaching partner: Rabbit C4f
Rabbit C3m is running away from: LionC3
Rabbit C3 is Hungry
RabbitC3m died of hunger
Lion A2 is Thirsty
Lion A2 drank water
Lion A2 m is ready to mate
Lion C3 m is ready to mate
Lion C5 f is ready to mate
Lion C5 m is ready to mate
Lion C2 f is ready to mate
Rabbit C4 is Thirsty
Rabbit C4 drank water
Rabbit C4f is running away from: LionC5
Rabbit C4 f is ready to mate
Rabbit C1m is running away from: LionC3
Rabbit C1 is Hungry
Rabbit C1 m is ready to mate
Rabbit C1 m is approaching partner: Rabbit C4f
Rabbit A0f is running away from: LionC3
Rabbit A0 is Hungry
Rabbit B2m is running away from: LionC3
Rabbit B2 is Hungry
Rabbit B2 m is ready to mate
Rabbit B2 m is approaching partner: Rabbit C4f
Lion A2 m is ready to mate
Lion C3 m is ready to mate
Lion C5 f is ready to mate
Lion C5 m is ready to mate
Lion C2 f is ready to mate
Rabbit C4 is Thirsty
Rabbit C4 drank water
Rabbit C4f is running away from: LionC3
Rabbit C4 is Hungry
Rabbit C4f ate
Rabbit C4 f is ready to mate
Rabbit C1m is running away from: LionC3
Rabbit C1 is Hungry
RabbitC1m died of hunger
Rabbit C1 m is ready to mate
Rabbit C1 m is approaching partner: Rabbit C4f
Rabbit A0f is running away from: LionC3
Rabbit A0 is Hungry
Rabbit B2m is running away from: LionC3
Rabbit B2 is Hungry
RabbitB2m died of hunger
Rabbit B2 m is ready to mate
Rabbit B2 m is approaching partner: Rabbit C4f
Lion A2 m is ready to mate
Lion C3 m is ready to mate
Lion C5 f is ready to mate
Lion C5 m is ready to mate
Lion C2 f is ready to mate
Rabbit C4 is Thirsty
Rabbit C4 drank water
Rabbit C4f is running away from: LionC3
Rabbit C4 f is ready to mate
Rabbit A0 is Thirsty
Rabbit A0 drank water
Rabbit A0f is running away from: LionC3
Rabbit A0 is Hungry
RabbitA0f died of hunger
Rabbit A0 f is ready to mate
Lion A2 m is ready to mate
Lion C3 is Thirsty
Lion C3 drank water
Lion C3 m is ready to mate
Lion C5 f is ready to mate
Lion C5 is Thirsty
Lion C5 drank water
Lion C5 m is ready to mate
Lion C2 f is ready to mate
Rabbit C4 is Thirsty
Rabbit C4 drank water
Rabbit C4f is running away from: LionC3
Rabbit C4 is Hungry
Rabbit C4f ate
Rabbit C4 f is ready to mate
Lion A2 m is ready to mate
Lion C3 is Thirsty
Lion C3 drank water
Lion C3 m is ready to mate
Lion C5 f is ready to mate
Lion C5 is Thirsty
Lion C5 drank water
Lion C5 m is ready to mate
Lion C2 f is ready to mate
Rabbit C4 is Thirsty
Rabbit C4 drank water
Rabbit C4f is running away from: LionC3
Rabbit C4 f is ready to mate
Lion A2 m is ready to mate
Lion C5 f was born!Father is A2 and Mother is C2
Lion C3 is Thirsty
Lion C3 drank water
Lion C3 m is ready to mate
Lion C5 f is ready to mate
Lion C5 is Thirsty
Lion C5 drank water
Lion C5 m is ready to mate
Rabbit C4 is Thirsty
Rabbit C4 drank water
Rabbit C4f is running away from: LionC3
Rabbit C4 is Hungry
Rabbit C4f ate
Rabbit C4 f is ready to mate
Lion A2 m is ready to mate
Lion C3 is Thirsty
Lion C3 drank water
Lion C3 m is ready to mate
Lion C5 f is ready to mate
Lion C5 is Thirsty
Lion C5 drank water
Lion C5 m is ready to mate
Rabbit C4 is Thirsty
Rabbit C4 drank water
Rabbit C4f is running away from: LionC3
Rabbit C4 f is ready to mate
Lion A2 m is ready to mate
Lion C3 is Thirsty
Lion C3 drank water
Lion C3 m is ready to mate
Lion C5 f is ready to mate
Lion C5 is Thirsty
Lion C5 drank water
Lion C5 m is ready to mate
Rabbit C4 is Thirsty
Rabbit C4 drank water
Rabbit C4f is running away from: LionC3
Rabbit C4 is Hungry
Rabbit C4f ate
Rabbit C4 f is ready to mate
Lion A2 m is ready to mate
Lion C3 is Thirsty
Lion C3 drank water
Lion C3 m is ready to mate
Lion C5 is Thirsty
Lion C5 drank water
Lion C5 f is ready to mate
Lion C5 is Thirsty
Lion C5 drank water
Lion C5 m is ready to mate
Rabbit C4 is Thirsty
Rabbit C4 drank water
Rabbit C4f is running away from: LionC3
Rabbit C4 f is ready to mate
Lion A2 m is ready to mate
Lion C3 is Thirsty
Lion C3 drank water
Lion C3 m is ready to mate
Lion C5 is Thirsty
Lion C5 drank water
Lion C5 f is ready to mate
Lion C5 is Thirsty
Lion C5 drank water
Lion C5 m is ready to mate
Lion C2 is Thirsty
Lion C2 drank water
Rabbit C4 is Thirsty
Rabbit C4 drank water
Rabbit C4f is running away from: LionC3
Rabbit C4 is Hungry
Rabbit C4 f is ready to mate
Lion A2 is Thirsty
Lion A2 drank water
Lion A2 m is ready to mate
Lion A0 f was born!Father is A2 and Mother is C5
Lion C3 is Thirsty
Lion C3 drank water
Lion C3 m is ready to mate
No Female Lion Partner or Female Lion partners are not ready to mate Yet!
Lion C5 is Thirsty
Lion C5 drank water
Lion C5 m is ready to mate
No Female Lion Partner or Female Lion partners are not ready to mate Yet!
Lion C2 is Thirsty
Lion C2 drank water
Rabbit C4 is Thirsty
Rabbit C4 drank water
Rabbit C4f is running away from: LionC3
Rabbit C4 is Hungry
Rabbit C4f ate
Rabbit C4 f is ready to mate
Lion A2 m is ready to mate
No Female Lion Partner or Female Lion partners are not ready to mate Yet!
Lion C3 is Thirsty
Lion C3 drank water
Lion C3m ate: C4f
Lion C3 m is ready to mate
No Female Lion Partner or Female Lion partners are not ready to mate Yet!
Lion C5 is Thirsty
Lion C5 drank water
Lion C5 m is ready to mate
No Female Lion Partner or Female Lion partners are not ready to mate Yet!
Lion C2 is Thirsty
Lion C2 drank water
Rabbit C4 is Thirsty
Rabbit C4 drank water
Rabbit C4f is running away from: LionC3
Rabbit C4 f is ready to mate
Lion A2 m is ready to mate
No Female Lion Partner or Female Lion partners are not ready to mate Yet!
Lion C3 is Thirsty
Lion C3 drank water
Lion C3 m is ready to mate
No Female Lion Partner or Female Lion partners are not ready to mate Yet!
Lion C5 is Thirsty
Lion C5 drank water
Lion C5 m is ready to mate
No Female Lion Partner or Female Lion partners are not ready to mate Yet!
Rabbit C4 is Thirsty
Rabbit C4 drank water
Rabbit C4f is running away from: LionC2
Rabbit C4 is Hungry
Rabbit C4f ate
Rabbit C4 f is ready to mate
Lion A2 m is ready to mate
No Female Lion Partner or Female Lion partners are not ready to mate Yet!
Lion C3 is Thirsty
Lion C3 drank water
Lion C3 m is ready to mate
No Female Lion Partner or Female Lion partners are not ready to mate Yet!
Lion C5 is Thirsty
Lion C5 drank water
Lion C5 m is ready to mate
No Female Lion Partner or Female Lion partners are not ready to mate Yet!
Rabbit C4 is Thirsty
Rabbit C4 drank water
Rabbit C4f is running away from: LionC2
Rabbit C4 f is ready to mate
Lion A2 m is ready to mate
No Female Lion Partner or Female Lion partners are not ready to mate Yet!
Lion C3 m is ready to mate
No Female Lion Partner or Female Lion partners are not ready to mate Yet!
Lion C5 is Thirsty
Lion C5 drank water
Lion C5 m is ready to mate
No Female Lion Partner or Female Lion partners are not ready to mate Yet!
Rabbit C4 is Thirsty
Rabbit C4 drank water
Rabbit C4f is running away from: LionC2
Rabbit C4 is Hungry
Rabbit C4f ate
Rabbit C4 f is ready to mate
Lion A2 m is ready to mate
No Female Lion Partner or Female Lion partners are not ready to mate Yet!
Lion C3 m is ready to mate
No Female Lion Partner or Female Lion partners are not ready to mate Yet!
Lion C5 is Thirsty
Lion C5 drank water
Lion C5 m is ready to mate
No Female Lion Partner or Female Lion partners are not ready to mate Yet!
Lion C5 is Thirsty
Lion C5 drank water
Rabbit C4 is Thirsty
Rabbit C4 drank water
Rabbit C4f is running away from: LionC2
Rabbit C4 f is ready to mate
Lion A2 m is ready to mate
No Female Lion Partner or Female Lion partners are not ready to mate Yet!
Lion C3 m is ready to mate
No Female Lion Partner or Female Lion partners are not ready to mate Yet!
Lion C5 is Thirsty
Lion C5 drank water
Lion C5 m is ready to mate
No Female Lion Partner or Female Lion partners are not ready to mate Yet!
Lion C5 is Thirsty
Lion C5 drank water
Rabbit C4 is Thirsty
Rabbit C4 drank water
Rabbit C4f is running away from: LionC2
Rabbit C4 is Hungry
Rabbit C4 f is ready to mate
Lion A2 m is ready to mate
No Female Lion Partner or Female Lion partners are not ready to mate Yet!
Lion C3 m is ready to mate
No Female Lion Partner or Female Lion partners are not ready to mate Yet!
Lion C5 is Thirsty
Lion C5 drank water
Lion C5 m is ready to mate
No Female Lion Partner or Female Lion partners are not ready to mate Yet!
Lion C2f ate: C4f
Lion C5 is Thirsty
Lion C5 drank water
Rabbit C4f is running away from: LionC2
Rabbit C4 is Hungry
Rabbit C4f ate
Rabbit C4 f is ready to mate
Lion A2 m is ready to mate
No Female Lion Partner or Female Lion partners are not ready to mate Yet!
Lion C3 m is ready to mate
No Female Lion Partner or Female Lion partners are not ready to mate Yet!
Lion C5 is Thirsty
Lion C5 drank water
Lion C5 m is ready to mate
No Female Lion Partner or Female Lion partners are not ready to mate Yet!
Lion C5 is Thirsty
Lion C5 drank water
Rabbit C4f is running away from: LionC2
Rabbit C4 f is ready to mate
Lion A2 m is ready to mate
No Female Lion Partner or Female Lion partners are not ready to mate Yet!
Lion C3 m is ready to mate
No Female Lion Partner or Female Lion partners are not ready to mate Yet!
Lion C5 is Thirsty
Lion C5 drank water
Lion C5 is Thirsty
Lion C5 drank water
Lion C5 m is ready to mate
No Female Lion Partner or Female Lion partners are not ready to mate Yet!
Lion C5 is Thirsty
Lion C5 drank water
Rabbit C4f is running away from: LionA2
Rabbit C4 is Hungry
Rabbit C4f ate
Rabbit C4 f is ready to mate
Lion A2 is Thirsty
Lion A2 drank water
Lion A2 m is ready to mate
No Female Lion Partner or Female Lion partners are not ready to mate Yet!
Lion C3 m is ready to mate
No Female Lion Partner or Female Lion partners are not ready to mate Yet!
Lion C5 is Thirsty
Lion C5 drank water
Lion C5 m is ready to mate
No Female Lion Partner or Female Lion partners are not ready to mate Yet!
Lion A0 is Thirsty
Lion A0 drank water
Rabbit C4f is running away from: LionC2
Rabbit C4 f is ready to mate
Lion A2 m is ready to mate
No Female Lion Partner or Female Lion partners are not ready to mate Yet!
Lion C3 m is ready to mate
No Female Lion Partner or Female Lion partners are not ready to mate Yet!
Lion C5 is Thirsty
Lion C5 drank water
Lion C5 m is ready to mate
No Female Lion Partner or Female Lion partners are not ready to mate Yet!
Lion C2 is Thirsty
Lion C2 drank water
Lion A0 is Thirsty
Lion A0 drank water
Rabbit C4f is running away from: LionA2
Rabbit C4 is Hungry
Rabbit C4f ate
Rabbit C4 f is ready to mate
Lion A2 m is ready to mate
No Female Lion Partner or Female Lion partners are not ready to mate Yet!
Lion C3 m is ready to mate
No Female Lion Partner or Female Lion partners are not ready to mate Yet!
Lion C5 is Thirsty
Lion C5 drank water
Lion C5 m is ready to mate
No Female Lion Partner or Female Lion partners are not ready to mate Yet!
Lion A0 is Thirsty
Lion A0 drank water
Rabbit C4f is running away from: LionA2
Rabbit C4 f is ready to mate
Lion A2 m is ready to mate
No Female Lion Partner or Female Lion partners are not ready to mate Yet!
Lion C3 is Thirsty
Lion C3 drank water
Lion C3 m is ready to mate
No Female Lion Partner or Female Lion partners are not ready to mate Yet!
Lion C5 is Thirsty
Lion C5 drank water
Lion C5 m is ready to mate
No Female Lion Partner or Female Lion partners are not ready to mate Yet!
Lion A0 is Thirsty
Lion A0 drank water
Rabbit C4f is running away from: LionC2
Rabbit C4 is Hungry
Rabbit C4f ate
Rabbit C4 f is ready to mate
Lion A2 m is ready to mate
No Female Lion Partner or Female Lion partners are not ready to mate Yet!
Lion C3 m is ready to mate
No Female Lion Partner or Female Lion partners are not ready to mate Yet!
Lion C5 is Thirsty
Lion C5 drank water
Lion C5 m is ready to mate
No Female Lion Partner or Female Lion partners are not ready to mate Yet!
Lion A0 is Thirsty
Lion A0 drank water
Rabbit C4f is running away from: LionC5
Rabbit C4 f is ready to mate
Lion A2 m is ready to mate
No Female Lion Partner or Female Lion partners are not ready to mate Yet!
Lion C3 m is ready to mate
No Female Lion Partner or Female Lion partners are not ready to mate Yet!
Lion C5 is Thirsty
Lion C5 drank water
Lion C5 m is ready to mate
No Female Lion Partner or Female Lion partners are not ready to mate Yet!
Lion A0 is Thirsty
Lion A0 drank water
Rabbit C4f is running away from: LionA2
Rabbit C4 is Hungry
Rabbit C4 f is ready to mate
Lion A2 m is ready to mate
No Female Lion Partner or Female Lion partners are not ready to mate Yet!
Lion C3 m is ready to mate
No Female Lion Partner or Female Lion partners are not ready to mate Yet!
Lion C5 is Thirsty
Lion C5 drank water
Lion C5 m is ready to mate
No Female Lion Partner or Female Lion partners are not ready to mate Yet!
Rabbit C4 is Thirsty
Rabbit C4 drank water
Rabbit C4f is running away from: LionC5
Rabbit C4 is Hungry
Rabbit C4 f is ready to mate
Lion A2 m is ready to mate
No Female Lion Partner or Female Lion partners are not ready to mate Yet!
Lion C3 m is ready to mate
No Female Lion Partner or Female Lion partners are not ready to mate Yet!
Lion C5 is Thirsty
Lion C5 drank water
Lion C5 m is ready to mate
No Female Lion Partner or Female Lion partners are not ready to mate Yet!
Rabbit C4 is Thirsty
Rabbit C4 drank water
Rabbit C4f is running away from: LionC5
Rabbit C4 is Hungry
RabbitC4f died of hunger
Rabbit C4 f is ready to mate
Lion A2 m is ready to mate
No Female Lion Partner or Female Lion partners are not ready to mate Yet!
Lion C3 m is ready to mate
No Female Lion Partner or Female Lion partners are not ready to mate Yet!
Lion C5 is Thirsty
Lion C5 drank water
Lion C5 m is ready to mate
No Female Lion Partner or Female Lion partners are not ready to mate Yet!
Lion A2 m is ready to mate
No Female Lion Partner or Female Lion partners are not ready to mate Yet!
Lion C3 m is ready to mate
No Female Lion Partner or Female Lion partners are not ready to mate Yet!
Lion C5 is Thirsty
Lion C5 drank water
Lion C5 is Thirsty
Lion C5 drank water
Lion C5 m is ready to mate
No Female Lion Partner or Female Lion partners are not ready to mate Yet!
Lion C5 is Thirsty
Lion C5 drank water
Lion A2 is Thirsty
Lion A2 drank water
Lion A2 m is ready to mate
No Female Lion Partner or Female Lion partners are not ready to mate Yet!
Lion C3 m is ready to mate
No Female Lion Partner or Female Lion partners are not ready to mate Yet!
Lion C5 is Thirsty
Lion C5 drank water
Lion C5 m is ready to mate
No Female Lion Partner or Female Lion partners are not ready to mate Yet!
Lion C5 is Thirsty
Lion C5 drank water
Lion A2 m is ready to mate
No Female Lion Partner or Female Lion partners are not ready to mate Yet!
Lion C3 m is ready to mate
No Female Lion Partner or Female Lion partners are not ready to mate Yet!
Lion C5 is Thirsty
Lion C5 drank water
Lion C5 m is ready to mate
No Female Lion Partner or Female Lion partners are not ready to mate Yet!
Lion C2 is Thirsty
Lion C2 drank water
Lion C5 is Thirsty
Lion C5 drank water
Lion A2 m is ready to mate
No Female Lion Partner or Female Lion partners are not ready to mate Yet!
Lion C3 m is ready to mate
No Female Lion Partner or Female Lion partners are not ready to mate Yet!
Lion C5 is Hungry
Lion C5 is Thirsty
Lion C5 drank water
Lion C5 is Hungry
Lion C2 is Thirsty
Lion C2 drank water
Lion A2 m is ready to mate
No Female Lion Partner or Female Lion partners are not ready to mate Yet!
Lion C3 is Thirsty
Lion C3 drank water
Lion C3 m is ready to mate
No Female Lion Partner or Female Lion partners are not ready to mate Yet!
Lion C5 is Hungry
Lion C5 is Hungry
Lion C2 is Thirsty
Lion C2 drank water
Lion A2 m is ready to mate
No Female Lion Partner or Female Lion partners are not ready to mate Yet!
Lion C3 m is ready to mate
No Female Lion Partner or Female Lion partners are not ready to mate Yet!
Lion C5 is Hungry
Lion C5 is Hungry
Lion C2 is Thirsty
Lion C2 drank water
Lion A2 m is ready to mate
No Female Lion Partner or Female Lion partners are not ready to mate Yet!
Lion C3 m is ready to mate
No Female Lion Partner or Female Lion partners are not ready to mate Yet!
Lion C5 is Hungry
Lion C5 is Hungry
Lion C2 is Thirsty
Lion C2 drank water
Lion A0 is Thirsty
Lion A0 drank water
Lion A2 m is ready to mate
No Female Lion Partner or Female Lion partners are not ready to mate Yet!
Lion C3 m is ready to mate
No Female Lion Partner or Female Lion partners are not ready to mate Yet!
Lion C5 is Hungry
Lion C5 is Hungry
Lion A2 m is ready to mate
No Female Lion Partner or Female Lion partners are not ready to mate Yet!
Lion C3 m is ready to mate
No Female Lion Partner or Female Lion partners are not ready to mate Yet!
Lion C5 is Hungry
Lion C5 is Hungry
Lion A2 m is ready to mate
No Female Lion Partner or Female Lion partners are not ready to mate Yet!
Lion C3 m is ready to mate
No Female Lion Partner or Female Lion partners are not ready to mate Yet!
Lion C5 is Hungry
Lion C5 is Hungry
Lion A2 m is ready to mate
No Female Lion Partner or Female Lion partners are not ready to mate Yet!
Lion C3 m is ready to mate
No Female Lion Partner or Female Lion partners are not ready to mate Yet!
Lion C5 is Thirsty
Lion C5 drank water
Lion C5 is Hungry
Lion C5 is Hungry
Lion A2 is Thirsty
Lion A2 drank water
Lion A2 m is ready to mate
No Female Lion Partner or Female Lion partners are not ready to mate Yet!
Lion C3 m is ready to mate
No Female Lion Partner or Female Lion partners are not ready to mate Yet!
Lion C5 is Hungry
Lion C5 is Hungry
Lion A2 is Hungry
Lion C3 m is ready to mate
No Female Lion Partner or Female Lion partners are not ready to mate Yet!
Lion C5 is Hungry
Lion C5 is Hungry
Lion C5 is Thirsty
Lion C5 drank water
Lion A2 is Hungry
Lion C3 m is ready to mate
No Female Lion Partner or Female Lion partners are not ready to mate Yet!
Lion C5 is Hungry
Lion C5 is Thirsty
Lion C5 drank water
Lion C5 is Hungry
Lion C2 f is ready to mate
Lion C5 is Thirsty
Lion C5 drank water
Lion C5 f is ready to mate
Lion A2 is Hungry
Lion C3 is Thirsty
Lion C3 drank water
Lion C3 m is ready to mate
Lion C5 is Hungry
Lion C5 is Hungry
Lion C2 f is ready to mate
Lion C5 is Thirsty
Lion C5 drank water
Lion C5 f is ready to mate
Lion A2 is Hungry
Lion C3 m is ready to mate
Lion C5 is Hungry
Lion C5 is Hungry
Lion C2 f is ready to mate
Lion C5 is Thirsty
Lion C5 drank water
Lion C5 f is ready to mate
Lion A2 is Hungry
Lion C3 m is ready to mate
Lion B1 f was born!Father is C3 and Mother is C5
Lion C5 is Hungry
Lion C5 is Hungry
Lion C2 is Thirsty
Lion C2 drank water
Lion C2 f is ready to mate
Lion C5 is Thirsty
Lion C5 drank water
Lion A0 is Thirsty
Lion A0 drank water
Lion A2 is Hungry
Lion C3 m is ready to mate
Lion C5 is Hungry
Lion C5 is Hungry
Lion C2 is Thirsty
Lion C2 drank water
Lion C2 f is ready to mate
Lion C5 is Thirsty
Lion C5 drank water
Lion A0 is Thirsty
Lion A0 drank water
Lion A2 is Hungry
Lion C3 m is ready to mate
Lion C5 is Hungry
Lion C5 is Hungry
Lion C2 is Thirsty
Lion C2 drank water
Lion C2 f is ready to mate
Lion A0 f is ready to mate
Lion A2 is Hungry
Lion C3 m is ready to mate
Lion C5 is Hungry
Lion C5 is Hungry
Lion C2 f is ready to mate
Lion A0 f is ready to mate
Lion A2 is Hungry
Lion C3 m is ready to mate
Lion C5 is Thirsty
Lion C5 drank water
Lion C5 is Hungry
Lion C5 is Hungry
Lion C2 f is ready to mate
Lion A0 f is ready to mate
Lion A2 is Thirsty
Lion A2 drank water
Lion A2 is Hungry
Lion C3 m is ready to mate
Lion C5 is Hungry
Lion C5 is Hungry
Lion C2 f is ready to mate
Lion A0 f is ready to mate
Lion A2 is Hungry
Lion C3 m is ready to mate
Lion C5 is Hungry
Lion C5 is Hungry
Lion C2 f is ready to mate
Lion A0 f is ready to mate
Lion A2 is Hungry
Lion C3 m is ready to mate
Lion C5 is Hungry
Lion C5 is Thirsty
Lion C5 drank water
Lion C5 is Hungry
Lion C2 f is ready to mate
Lion A0 f is ready to mate
Lion A2 is Hungry
Lion C3 is Thirsty
Lion C3 drank water
Lion C3 m is ready to mate
Lion A0 f was born!Father is C3 and Mother is C2
Lion C5 is Hungry
Lion C5 is Hungry
Lion A0 f is ready to mate
Lion A2 is Hungry
Lion C3 is Thirsty
Lion C3 drank water
Lion C3 m is ready to mate
Lion C5 is Hungry
Lion C5 is Hungry
Lion A0 f is ready to mate
Lion A2 is Hungry
Lion C3 is Thirsty
Lion C3 drank water
Lion C3 m is ready to mate
Lion C5 is Hungry
Lion C5 is Hungry
Lion C5 is Hungry
Lion A0 f is ready to mate
Lion B1 is Thirsty
Lion B1 drank water
Lion A2 is Hungry
Lion C3 is Thirsty
Lion C3 drank water
Lion C3 m is ready to mate
Lion C5 is Hungry
Lion C5 is Hungry
Lion C5 is Thirsty
Lion C5 drank water
Lion C5 is Hungry
Lion A0 is Thirsty
Lion A0 drank water
Lion A0 f is ready to mate
Lion B1 is Thirsty
Lion B1 drank water
Lion A2 is Hungry
Lion C3 is Thirsty
Lion C3 drank water
Lion C3 m is ready to mate
Lion C5 is Hungry
Lion C5 is Hungry
Lion C2 is Thirsty
Lion C2 drank water
Lion C5 is Thirsty
Lion C5 drank water
Lion C5 is Hungry
Lion A0 is Thirsty
Lion A0 drank water
Lion A0 f is ready to mate
Lion B1 is Thirsty
Lion B1 drank water
Lion A2 is Hungry
Lion C3 is Thirsty
Lion C3 drank water
Lion C3 m is ready to mate
Lion C5 is Hungry
Lion C5 is Hungry
Lion C5 is Thirsty
Lion C5 drank water
Lion C5 is Hungry
Lion A0 is Thirsty
Lion A0 drank water
Lion A0 f is ready to mate
Lion B1 is Thirsty
Lion B1 drank water
Lion A2 is Hungry
Lion C3 is Thirsty
Lion C3 drank water
Lion C3 m is ready to mate
Lion C5 is Thirsty
Lion C5 drank water
Lion C5 is Hungry
Lion C5 is Hungry
Lion C5 is Hungry
Lion A0 is Thirsty
Lion A0 drank water
Lion A0 f is ready to mate
Lion B1 is Thirsty
Lion B1 drank water
Lion A2 is Thirsty
Lion A2 drank water
Lion A2 is Hungry
Lion C3 is Thirsty
Lion C3 drank water
Lion C3 m is ready to mate
Lion C5 is Hungry
Lion C5 is Hungry
Lion C5 is Hungry
Lion A0 is Thirsty
Lion A0 drank water
Lion A0 is Hungry
Lion B1 is Thirsty
Lion B1 drank water
Lion A2 is Hungry
Lion C3 is Thirsty
Lion C3 drank water
Lion C3 is Hungry
Lion C5 is Hungry
Lion C5 is Hungry
Lion C5 is Hungry
Lion A0 is Hungry
Lion B1 is Thirsty
Lion B1 drank water
Lion A2 is Hungry
Lion C3 is Thirsty
Lion C3 drank water
Lion C3 is Hungry
Lion C5 is Hungry
Lion C5 is Thirsty
Lion C5 drank water
Lion C5 is Hungry
Lion C5 is Hungry
Lion A0 is Hungry
Lion B1 is Thirsty
Lion B1 drank water
Lion A2 is Hungry
Lion C3 is Thirsty
Lion C3 drank water
Lion C3 is Hungry
Lion C5 is Hungry
Lion C5 is Hungry
Lion C5 is Hungry
Lion A0 is Hungry
Lion A0 is Thirsty
Lion A0 drank water
Lion A2 is Hungry
Lion C3 is Thirsty
Lion C3 drank water
Lion C3 is Hungry
Lion C5 is Hungry
Lion C5 is Hungry
Lion C5 is Hungry
Lion A0 is Hungry
Lion A0 is Thirsty
Lion A0 drank water
Lion A2 is Hungry
Lion C3 is Thirsty
Lion C3 drank water
Lion C3 is Hungry
Lion C5 is Hungry
Lion C5 is Hungry
Lion C5 is Hungry
Lion A0 is Hungry
Lion A0 is Thirsty
Lion A0 drank water
Lion A2 is Hungry
Lion C3 is Hungry
Lion C5 is Hungry
Lion C5 is Hungry
Lion C5 is Hungry
Lion A0 is Hungry
Lion A0 is Thirsty
Lion A0 drank water
Lion A2 is Hungry
Lion C3 is Hungry
Lion C5 is Hungry
Lion C5 is Hungry
Lion C2 is Thirsty
Lion C2 drank water
Lion C2 is Hungry
Lion C5 is Hungry
Lion A0 is Hungry
Lion A0 is Thirsty
Lion A0 drank water
Lion A2 is Hungry
Lion C3 is Hungry
Lion C5 is Hungry
Lion C5 is Hungry
Lion C2 is Hungry
Lion C5 is Thirsty
Lion C5 drank water
Lion C5 is Hungry
Lion A0 is Hungry
Lion A2 is Hungry
Lion C3 is Hungry
Lion C5 is Thirsty
Lion C5 drank water
Lion C5 is Hungry
Lion C5 is Hungry
Lion C2 is Hungry
Lion C5 is Hungry
Lion A0 is Hungry
Lion A2 is Thirsty
Lion A2 drank water
Lion A2 is Hungry
Lion C3 is Hungry
Lion C5 is Hungry
Lion C5 is Hungry
Lion C2 is Hungry
Lion C5 is Hungry
Lion A0 is Thirsty
Lion A0 drank water
Lion A0 is Hungry
Lion A2 is Hungry
Lion C3 is Hungry
Lion C5 is Hungry
Lion C5 is Hungry
Lion C2 is Hungry
Lion C5 is Hungry
Lion A0 is Hungry
Lion A2 is Hungry
Lion C3 is Hungry
Lion C5 is Hungry
Lion C5 is Thirsty
Lion C5 drank water
Lion C5 is Hungry
Lion C2 is Hungry
Lion C5 is Hungry
Lion A0 is Hungry
Lion B1 is Thirsty
Lion B1 drank water
Lion A2 is Hungry
Lion C3 is Hungry
Lion C5 is Hungry
Lion C5 is Hungry
Lion C2 is Hungry
Lion C5 is Hungry
Lion A0 is Hungry
Lion A2 is Hungry
Lion C3 is Hungry
Lion C5 is Hungry
Lion C5 is Hungry
Lion C2 is Hungry
Lion C5 is Hungry
Lion A0 is Hungry
Lion A2 is Hungry
Lion C3 is Thirsty
Lion C3 drank water
Lion C3 is Hungry
Lion C5 is Hungry
Lion C5 is Hungry
Lion C2 is Hungry
Lion C5 is Hungry
Lion A0 is Hungry
Lion A2 is Hungry
Lion C3 is Hungry
Lion C5 is Hungry
Lion C5 is Hungry
Lion C2 is Hungry
Lion C5 is Hungry
Lion A0 is Hungry
Lion A2 is Hungry
Lion C3 is Hungry
Lion C5 is Hungry
Lion C5 is Hungry
Lion C2 is Thirsty
Lion C2 drank water
Lion C2 is Hungry
Lion C5 is Hungry
Lion A0 is Hungry
Lion A0 is Thirsty
Lion A0 drank water
Lion A2 is Hungry
Lion C3 is Hungry
Lion C5 is Hungry
Lion C5 is Hungry
Lion C2 is Hungry
Lion C5 is Thirsty
Lion C5 drank water
Lion C5 is Hungry
Lion A0 is Hungry
Lion A2 is Hungry
Lion C3 is Hungry
Lion C5 is Thirsty
Lion C5 drank water
Lion C5 is Hungry
Lion C5 is Hungry
Lion C2 is Hungry
Lion C5 is Hungry
Lion A0 is Hungry
Lion A2 is Thirsty
Lion A2 drank water
Lion A2 is Hungry
Lion C3 is Hungry
Lion C5 is Hungry
Lion C5 is Hungry
Lion C2 is Hungry
Lion C5 is Hungry
Lion A0 is Thirsty
Lion A0 drank water
Lion A0 is Hungry
Lion A2 is Hungry
Lion C3 is Hungry
Lion C5 is Hungry
Lion C5 is Hungry
Lion C2 is Hungry
Lion C5 is Hungry
Lion A0 is Hungry
Lion A2 is Hungry
Lion C3 is Hungry
Lion C5 is Hungry
LionC5f died of hunger
Lion C5 is Thirsty
Lion C5 drank water
Lion C5 is Hungry
LionC5m died of hunger
Lion C2 is Hungry
Lion C5 is Hungry
Lion A0 is Hungry
Lion B1 is Thirsty
Lion B1 drank water
Lion B1 f is ready to mate
Lion A2 is Hungry
Lion C3 is Hungry
Lion C2 is Hungry
Lion C5 is Hungry
Lion A0 is Hungry
Lion B1 f is ready to mate
Lion A2 is Hungry
Lion C3 is Hungry
Lion C2 is Hungry
Lion C5 is Hungry
Lion A0 is Hungry
Lion B1 f is ready to mate
Lion A2 is Hungry
Lion C3 is Thirsty
Lion C3 drank water
Lion C3 is Hungry
Lion C2 is Hungry
Lion C5 is Hungry
Lion A0 is Hungry
Lion B1 f is ready to mate
Lion A2 is Hungry
Lion C3 is Hungry
Lion C2 is Hungry
Lion C5 is Hungry
Lion A0 is Hungry
Lion B1 f is ready to mate
Lion A2 is Hungry
Lion C3 is Hungry
Lion C2 is Thirsty
Lion C2 drank water
Lion C2 is Hungry
Lion C5 is Hungry
Lion A0 is Hungry
Lion B1 f is ready to mate
Lion A0 is Thirsty
Lion A0 drank water
Lion A2 is Hungry
Lion C3 is Hungry
Lion C2 is Hungry
Lion C5 is Thirsty
Lion C5 drank water
Lion C5 is Hungry
Lion A0 is Hungry
Lion B1 f is ready to mate
Lion A0 is Thirsty
Lion A0 drank water
Lion A2 is Hungry
Lion C3 is Hungry
Lion C2 is Hungry
Lion C5 is Hungry
Lion A0 is Hungry
Lion B1 f is ready to mate
Lion A0 is Thirsty
Lion A0 drank water
Lion A2 is Thirsty
Lion A2 drank water
Lion A2 is Hungry
Lion C3 is Hungry
Lion C2 is Hungry
Lion C5 is Hungry
Lion A0 is Thirsty
Lion A0 drank water
Lion A0 is Hungry
Lion B1 f is ready to mate
Lion A0 f is ready to mate
Lion A2 is Hungry
LionA2m died of hunger
Lion C3 is Hungry
Lion C2 is Hungry
Lion C5 is Hungry
Lion A0 is Hungry
Lion B1 f is ready to mate
Lion A0 f is ready to mate
Lion C3 is Hungry
Lion C2 is Hungry
Lion C5 is Hungry
Lion A0 is Hungry
Lion B1 is Thirsty
Lion B1 drank water
Lion B1 f is ready to mate
Lion A0 f is ready to mate
Lion C3 is Hungry
Lion C2 is Hungry
Lion C5 is Hungry
Lion A0 is Hungry
Lion B1 f is ready to mate
Lion A0 f is ready to mate
Lion C3 is Hungry
Lion C2 is Hungry
Lion C5 is Hungry
Lion A0 is Hungry
Lion B1 f is ready to mate
Lion A0 f is ready to mate
Lion C3 is Thirsty
Lion C3 drank water
Lion C3 is Hungry
Lion C2 is Hungry
Lion C5 is Hungry
Lion A0 is Hungry
Lion B1 is Hungry
Lion A0 f is ready to mate
Lion C3 is Hungry
Lion C2 is Hungry
Lion C5 is Hungry
Lion A0 is Hungry
Lion B1 is Hungry
Lion A0 f is ready to mate
Lion C3 is Hungry
Lion C2 is Thirsty
Lion C2 drank water
Lion C2 is Hungry
Lion C5 is Hungry
Lion A0 is Hungry
Lion B1 is Hungry
Lion A0 f is ready to mate
Lion C3 is Hungry
Lion C2 is Hungry
Lion C5 is Thirsty
Lion C5 drank water
Lion C5 is Hungry
Lion A0 is Hungry
Lion B1 is Hungry
Lion A0 f is ready to mate
Lion C3 is Hungry
Lion C2 is Hungry
Lion C5 is Hungry
Lion A0 is Hungry
Lion B1 is Hungry
Lion A0 is Thirsty
Lion A0 drank water
Lion A0 f is ready to mate
Lion C3 is Hungry
Lion C2 is Hungry
Lion C5 is Hungry
Lion A0 is Thirsty
Lion A0 drank water
Lion A0 is Hungry
Lion B1 is Hungry
Lion A0 is Thirsty
Lion A0 drank water
Lion A0 f is ready to mate
Lion C3 is Hungry
Lion C2 is Hungry
Lion C5 is Hungry
Lion A0 is Hungry
Lion B1 is Hungry
Lion A0 f is ready to mate
Lion C3 is Hungry
Lion C2 is Hungry
Lion C5 is Hungry
Lion A0 is Hungry
Lion B1 is Thirsty
Lion B1 drank water
Lion B1 is Hungry
Lion A0 f is ready to mate
Lion C3 is Hungry
Lion C2 is Hungry
Lion C5 is Hungry
Lion A0 is Hungry
Lion B1 is Hungry
Lion A0 is Hungry
Lion C3 is Hungry
Lion C2 is Hungry
Lion C5 is Hungry
Lion A0 is Hungry
Lion B1 is Hungry
Lion A0 is Hungry
Lion C3 is Thirsty
Lion C3 drank water
Lion C3 is Hungry
Lion C2 is Hungry
Lion C5 is Hungry
LionC5f died of hunger
Lion A0 is Hungry
Lion B1 is Hungry
Lion A0 is Hungry
Lion C3 is Hungry
Lion C2 is Hungry
Lion A0 is Hungry
Lion B1 is Hungry
Lion A0 is Hungry
Lion C3 is Hungry
Lion C2 is Thirsty
Lion C2 drank water
Lion C2 is Hungry
Lion A0 is Hungry
Lion B1 is Hungry
Lion A0 is Hungry
Lion C3 is Hungry
Lion C2 is Hungry
Lion A0 is Hungry
Lion B1 is Hungry
Lion A0 is Hungry
Lion C3 is Hungry
Lion C2 is Hungry
Lion A0 is Hungry
Lion B1 is Hungry
Lion A0 is Hungry
Lion C3 is Hungry
Lion C2 is Hungry
Lion A0 is Thirsty
Lion A0 drank water
Lion A0 is Hungry
LionA0f died of hunger
Lion B1 is Hungry
Lion A0 is Thirsty
Lion A0 drank water
Lion A0 is Hungry
Lion C3 is Hungry
LionC3m died of hunger
Lion C2 is Hungry
Lion B1 is Hungry
Lion A0 is Thirsty
Lion A0 drank water
Lion A0 is Hungry
Lion C2 is Hungry
Lion B1 is Thirsty
Lion B1 drank water
Lion B1 is Hungry
Lion A0 is Thirsty
Lion A0 drank water
Lion A0 is Hungry
Lion C2 is Hungry
Lion B1 is Hungry
Lion A0 is Hungry
Lion C2 is Hungry
Lion B1 is Hungry
Lion A0 is Hungry
Lion C2 is Hungry
Lion B1 is Hungry
Lion A0 is Hungry
Lion C2 is Hungry
Lion B1 is Hungry
Lion A0 is Hungry
Lion C2 is Thirsty
Lion C2 drank water
Lion C2 is Hungry
LionC2f died of hunger
Lion B1 is Hungry
Lion A0 is Hungry
Lion B1 is Hungry
Lion A0 is Hungry
Lion B1 is Hungry
Lion A0 is Hungry
Lion B1 is Hungry
Lion A0 is Hungry
Lion B1 is Hungry
Lion A0 is Hungry
Lion B1 is Thirsty
Lion B1 drank water
Lion B1 is Hungry
Lion A0 is Thirsty
Lion A0 drank water
Lion A0 is Hungry
Lion B1 is Hungry
Lion A0 is Hungry
Lion B1 is Hungry
Lion A0 is Hungry
Lion B1 is Hungry
Lion A0 is Hungry
Lion B1 is Hungry
Lion A0 is Hungry
Lion B1 is Hungry
Lion A0 is Hungry
Lion B1 is Hungry
Lion A0 is Hungry
Lion B1 is Hungry
Lion A0 is Hungry
Lion B1 is Hungry
Lion A0 is Hungry
Lion B1 is Hungry
Lion A0 is Hungry
Lion B1 is Thirsty
Lion B1 drank water
Lion B1 is Hungry
Lion A0 is Thirsty
Lion A0 drank water
Lion A0 is Hungry
