Wolf B5f is running away from: LionA0
Wolf C3f is running away from: LionC0
Wolf A5f is running away from: LionC0
Wolf C5f is running away from: LionC3
Wolf C3f is running away from: LionC0
Wolf C5f is running away from: LionA0
Wolf C5f ate!
Wolf A0f is running away from: LionA0
Wolf C2f is running away from: LionC3
Rabbit A2f is running away from: LionC2
Rabbit A2f is running away from: WolfA0
Rabbit A2 is Hungry
Rabbit A2f ate
Rabbit C3m is running away from: LionC2
Rabbit C3m is running away from: WolfC3
Rabbit C3 is Hungry
Rabbit C3m ate
Rabbit C0m is running away from: LionC0
Rabbit C0m is running away from: WolfC3
Rabbit C0 is Hungry
Rabbit C0m ate
Rabbit A4m is running away from: LionC0
Rabbit A4m is running away from: WolfC3
Rabbit A4 is Hungry
Rabbit A4m ate
Rabbit A0m is running away from: LionA0
Rabbit A0m is running away from: WolfB5
Rabbit A0 is Hungry
Rabbit A0m ate
Rabbit C2m is running away from: LionC3
Rabbit C2m is running away from: WolfC5
Rabbit C2 is Hungry
Rabbit C2m ate
Rabbit C1m is running away from: LionA0
Rabbit C1m is running away from: WolfB5
Rabbit C1 is Hungry
Rabbit C1m ate
Rabbit A2f is running away from: LionA0
Rabbit A2f is running away from: WolfC5
Rabbit A2 is Hungry
Rabbit A2f ate
Rabbit A1m is running away from: LionA0
Rabbit A1m is running away from: WolfC5
Rabbit A1 is Hungry
Rabbit A1m ate
Rabbit B1f is running away from: LionC0
Rabbit B1f is running away from: WolfC3
Rabbit B1 is Hungry
Rabbit B1f ate
Rabbit B3f is running away from: LionA0
Rabbit B3f is running away from: WolfB5
Rabbit B3 is Hungry
Rabbit B3f ate
Rabbit C3m is running away from: LionC0
Rabbit C3m is running away from: WolfC3
Rabbit C3 is Hungry
Rabbit C3m ate
Rabbit B1f is running away from: LionC3
Rabbit B1f is running away from: WolfB5
Rabbit B1 is Hungry
Rabbit B1f ate
Rabbit B2f is running away from: LionC0
Rabbit B2f is running away from: WolfC3
Rabbit B2 is Hungry
Rabbit B2f ate
Rabbit C5f is running away from: LionA0
Rabbit C5f is running away from: WolfC5
Rabbit C5 is Hungry
Rabbit C5f ate
Rabbit C3m is running away from: LionC2
Rabbit C3m is running away from: WolfA5
Rabbit C3 is Hungry
Rabbit C3m ate
Rabbit C1m is running away from: LionC3
Rabbit C1m is running away from: WolfC5
Rabbit C1 is Hungry
Rabbit C1m ate
Rabbit C1f is running away from: LionA0
Rabbit C1f is running away from: WolfB5
Rabbit C1 is Hungry
Rabbit C1f ate
Rabbit B2f is running away from: LionA0
Rabbit B2f is running away from: WolfC5
Rabbit B2 is Hungry
Rabbit B2f ate
Wolf B5f is running away from: LionA0
Wolf C3f is running away from: LionC0
Wolf A5f is running away from: LionC0
Wolf C5f is running away from: LionC3
Wolf C3f is running away from: LionC0
Wolf C5f is running away from: LionC3
Wolf A0f is running away from: LionC2
Wolf C2f is running away from: LionC3
Rabbit A2f is running away from: LionC2
Rabbit A2f is running away from: WolfA5
Rabbit A2 is Hungry
Rabbit A2f ate
Rabbit C3m is running away from: LionC2
Rabbit C3m is running away from: WolfC3
Rabbit C3 is Hungry
Rabbit C3m ate
Rabbit C0m is running away from: LionC0
Rabbit C0m is running away from: WolfC3
Rabbit C0 is Hungry
Rabbit C0m ate
Rabbit A4m is running away from: LionC0
Rabbit A4m is running away from: WolfC3
Rabbit A4 is Hungry
Rabbit A4m ate
Rabbit A0m is running away from: LionA0
Rabbit A0m is running away from: WolfB5
Rabbit A0 is Hungry
Rabbit A0m ate
Rabbit C2m is running away from: LionA0
Rabbit C2m is running away from: WolfC5
Rabbit C2 is Hungry
Rabbit C2m ate
Rabbit C1m is running away from: LionA0
Rabbit C1m is running away from: WolfB5
Rabbit C1 is Hungry
Rabbit C1m ate
Rabbit A2f is running away from: LionA0
Rabbit A2f is running away from: WolfC5
Rabbit A2 is Hungry
Rabbit A1m is running away from: LionA0
Rabbit A1m is running away from: WolfC5
Rabbit A1 is Hungry
Rabbit A1m ate
Rabbit B1f is running away from: LionC0
Rabbit B1f is running away from: WolfC3
Rabbit B1 is Hungry
Rabbit B1f ate
Rabbit B3f is running away from: LionA0
Rabbit B3f is running away from: WolfB5
Rabbit B3 is Hungry
Rabbit B3f ate
Rabbit C3m is running away from: LionC2
Rabbit C3m is running away from: WolfC3
Rabbit C3 is Hungry
Rabbit C3m ate
Rabbit B1f is running away from: LionC3
Rabbit B1f is running away from: WolfB5
Rabbit B1 is Hungry
Rabbit B1f ate
Rabbit B2f is running away from: LionC3
Rabbit B2f is running away from: WolfA5
Rabbit B2 is Hungry
Rabbit B2f ate
Rabbit C5f is running away from: LionA0
Rabbit C5f is running away from: WolfC5
Rabbit C5 is Hungry
Rabbit C3m is running away from: LionC2
Rabbit C3m is running away from: WolfA5
Rabbit C3 is Hungry
Rabbit C3m ate
Rabbit C1m is running away from: LionC2
Rabbit C1m is running away from: WolfA5
Rabbit C1 is Hungry
Rabbit C1m ate
Rabbit C1f is running away from: LionA0
Rabbit C1f is running away from: WolfC5
Rabbit C1 is Hungry
Rabbit C1f ate
Rabbit B2f is running away from: LionA0
Rabbit B2f is running away from: WolfC5
Rabbit B2 is Hungry
Wolf B5f is running away from: LionA0
Wolf B5 is Hungry
Wolf B5f is chasing: B3f
Wolf B5f ate!
Wolf C3f is running away from: LionC2
Wolf C3 is Hungry
Wolf C3f is chasing: B2f
Wolf A5f is running away from: LionC2
Wolf A5 is Hungry
Wolf A5f is chasing: B2f
Wolf C5f is running away from: LionC3
Wolf C5 is Hungry
Wolf C5f is chasing: C2m
Wolf C5f ate!
Wolf C3f is running away from: LionC0
Wolf C3 is Hungry
Wolf C3f is chasing: B2f
Wolf C5f is running away from: LionC3
Wolf A0f is running away from: LionC3
Wolf A0 is Hungry
Wolf A0f is chasing: C1m
Wolf C2f is running away from: LionC3
Wolf C2 is Hungry
Wolf C2f is chasing: B2f
Rabbit A2f is running away from: LionC2
Rabbit A2f is running away from: WolfC3
Rabbit A2 is Hungry
Rabbit C3m is running away from: LionC2
Rabbit C3m is running away from: WolfC3
Rabbit C3 is Hungry
Rabbit C3m ate
Rabbit C0m is running away from: LionC0
Rabbit C0m is running away from: WolfC3
Rabbit C0 is Hungry
Rabbit A4m is running away from: LionC0
Rabbit A4m is running away from: WolfC3
Rabbit A4 is Hungry
Rabbit A0m is running away from: LionA0
Rabbit A0m is running away from: WolfC5
Rabbit A0 is Hungry
Rabbit A0m ate
Rabbit C1m is running away from: LionA0
Rabbit C1m is running away from: WolfC5
Rabbit C1 is Hungry
Rabbit C1m ate
Rabbit A2f is running away from: LionA0
Rabbit A2f is running away from: WolfC5
Rabbit A2 is Hungry
Rabbit A1m is running away from: LionA0
Rabbit A1m is running away from: WolfC5
Rabbit A1 is Hungry
Rabbit A1m ate
Rabbit B1f is running away from: LionC0
Rabbit B1f is running away from: WolfC3
Rabbit B1 is Hungry
Rabbit B1f ate
Rabbit C3m is running away from: LionC0
Rabbit C3m is running away from: WolfC3
Rabbit C3 is Hungry
Rabbit C3m ate
Rabbit B1f is running away from: LionC3
Rabbit B1f is running away from: WolfB5
Rabbit B1 is Hungry
Rabbit B1f ate
Rabbit B2f is running away from: LionC2
Rabbit B2f is running away from: WolfC3
Rabbit B2 is Hungry
Rabbit B2f ate
Rabbit C5f is running away from: LionA0
Rabbit C5f is running away from: WolfC5
Rabbit C5 is Hungry
Rabbit C3m is running away from: LionC2
Rabbit C3m is running away from: WolfC3
Rabbit C3 is Hungry
Rabbit C3m ate
Rabbit C1m is running away from: LionC2
Rabbit C1m is running away from: WolfA5
Rabbit C1 is Hungry
Rabbit C1m ate
Rabbit C1f is running away from: LionA0
Rabbit C1f is running away from: WolfC5
Rabbit C1 is Hungry
Rabbit C1f ate
Rabbit B2f is running away from: LionA0
Rabbit B2f is running away from: WolfC5
Rabbit B2 is Hungry
Wolf B5f is running away from: LionC3
Wolf C3f is running away from: LionC2
Wolf C3 is Hungry
Wolf C3f is chasing: C1m
Wolf A5f is running away from: LionC2
Wolf A5 is Hungry
Wolf A5f is chasing: C1m
Wolf A5f ate!
Wolf C5f is running away from: LionC3
Wolf C3f is running away from: LionC3
Wolf C3 is Hungry
Wolf C3f is chasing: B2f
Wolf C5f is running away from: LionC2
Wolf C5 is Hungry
Wolf C5f is chasing: B2f
Wolf A0f is running away from: LionC3
Wolf A0 is Hungry
Wolf A0f is chasing: B2f
Wolf C2f is running away from: LionC3
Wolf C2f ate!
Rabbit A2f is running away from: LionC2
Rabbit A2f is running away from: WolfC3
Rabbit A2 is Hungry
Rabbit C3m is running away from: LionC2
Rabbit C3m is running away from: WolfC3
Rabbit C3 is Hungry
Rabbit C0m is running away from: LionC0
Rabbit C0m is running away from: WolfC3
Rabbit C0 is Hungry
Rabbit A4m is running away from: LionC0
Rabbit A4m is running away from: WolfC3
Rabbit A4 is Hungry
Rabbit A0m is running away from: LionA0
Rabbit A0m is running away from: WolfB5
Rabbit A0 is Hungry
Rabbit C1m is running away from: LionA0
Rabbit C1m is running away from: WolfB5
Rabbit C1 is Hungry
Rabbit A2f is running away from: LionA0
Rabbit A2f is running away from: WolfC5
Rabbit A2 is Hungry
Rabbit A1m is running away from: LionA0
Rabbit A1m is running away from: WolfC5
Rabbit A1 is Hungry
Rabbit B1f is running away from: LionC0
Rabbit B1f is running away from: WolfC3
Rabbit B1 is Hungry
Rabbit C3m is running away from: LionC0
Rabbit C3m is running away from: WolfC3
Rabbit C3 is Hungry
Rabbit B1f is running away from: LionC3
Rabbit B1f is running away from: WolfB5
Rabbit B1 is Hungry
Rabbit B1f ate
Rabbit C5f is running away from: LionA0
Rabbit C5f is running away from: WolfC5
Rabbit C5 is Hungry
Rabbit C3m is running away from: LionC2
Rabbit C3m is running away from: WolfC3
Rabbit C3 is Hungry
Rabbit C1f is running away from: LionA0
Rabbit C1f is running away from: WolfC5
Rabbit C1 is Hungry
Rabbit C1f ate
Rabbit B2f is running away from: LionA0
Rabbit B2f is running away from: WolfC5
Rabbit B2 is Hungry
Lion C3 is Hungry
LionC3mis chasing: B5f
Lion C2 is Hungry
LionC2fis chasing: A2f
Lion C2 is Hungry
LionC2mis chasing: C3m
Lion C0 is Hungry
LionC0mis chasing: C0m
Lion A0 is Hungry
LionA0mis chasing: A2f
Wolf B5f is running away from: LionC3
Wolf B5 f is ready to mate
Wolf C3f is running away from: LionC2
Wolf C3 is Hungry
Wolf C3f is chasing: C3m
Wolf C3 f is ready to mate
Wolf A5f is running away from: LionC2
Wolf A5 f is ready to mate
Wolf C5f is running away from: LionC3
Wolf C5 f is ready to mate
Wolf C3f is running away from: LionC3
Wolf C3 is Hungry
Wolf C3f is chasing: C3m
Wolf C3 f is ready to mate
Wolf C5f is running away from: LionC2
Wolf C5 is Hungry
Wolf C5f is chasing: C3m
Wolf C5 f is ready to mate
Wolf A0f is running away from: LionC2
Wolf A0 is Hungry
Wolf A0f is chasing: C3m
Wolf A0 f is ready to mate
Wolf C2f is running away from: LionC3
Wolf C2 f is ready to mate
Rabbit A2f is running away from: LionC2
Rabbit A2f is running away from: WolfA0
Rabbit A2 is Hungry
Rabbit A2f ate
Rabbit A2 f is ready to mate
Rabbit C3m is running away from: LionC2
Rabbit C3m is running away from: WolfC3
Rabbit C3 is Hungry
Rabbit C3 m is ready to mate
Rabbit C3 m is approaching partner: Rabbit A2f
Rabbit C0m is running away from: LionC0
Rabbit C0m is running away from: WolfC3
Rabbit C0 is Hungry
Rabbit C0m ate
Rabbit C0 m is ready to mate
Rabbit C0 m is approaching partner: Rabbit B1f
Rabbit C0 f was born!Father is C0 and Mother is B1
Rabbit A4m is running away from: LionC0
Rabbit A4m is running away from: WolfC3
Rabbit A4 is Hungry
Rabbit A4 m is ready to mate
Rabbit A4 m is approaching partner: Rabbit A2f
Rabbit A0m is running away from: LionC3
Rabbit A0m is running away from: WolfB5
Rabbit A0 is Hungry
Rabbit A0m ate
Rabbit A0 m is ready to mate
Rabbit A0 m is approaching partner: Rabbit A2f
Rabbit C1m is running away from: LionA0
Rabbit C1m is running away from: WolfC5
Rabbit C1 is Hungry
Rabbit C1m ate
Rabbit C1 m is ready to mate
Rabbit C1 m is approaching partner: Rabbit A2f
Rabbit A2f is running away from: LionA0
Rabbit A2f is running away from: WolfC5
Rabbit A2 is Hungry
RabbitA2f died of hunger
Rabbit A2 f is ready to mate
Rabbit A1m is running away from: LionA0
Rabbit A1m is running away from: WolfC5
Rabbit A1 is Hungry
Rabbit A1 m is ready to mate
Rabbit A1 m is approaching partner: Rabbit C5f
Rabbit B1f is running away from: LionC0
Rabbit B1f is running away from: WolfC3
Rabbit B1 is Hungry
Rabbit C3m is running away from: LionC0
Rabbit C3m is running away from: WolfC3
Rabbit C3 is Hungry
Rabbit C3 m is ready to mate
Rabbit C3 m is approaching partner: Rabbit A2f
Rabbit B1f is running away from: LionC3
Rabbit B1f is running away from: WolfB5
Rabbit B1 is Hungry
Rabbit B1f ate
Rabbit B1 f is ready to mate
Rabbit C5f is running away from: LionA0
Rabbit C5f is running away from: WolfC5
Rabbit C5 is Hungry
RabbitC5f died of hunger
Rabbit C5 f is ready to mate
Rabbit C3m is running away from: LionC2
Rabbit C3m is running away from: WolfC3
Rabbit C3 is Hungry
Rabbit C3m ate
Rabbit C3 m is ready to mate
Rabbit C3 m is approaching partner: Rabbit A2f
Rabbit C1f is running away from: LionC3
Rabbit C1f is running away from: WolfB5
Rabbit C1 is Hungry
Rabbit C1f ate
Rabbit C1 f is ready to mate
Rabbit B2f is running away from: LionA0
Rabbit B2f is running away from: WolfC5
Rabbit B2 is Hungry
RabbitB2f died of hunger
Rabbit B2 f is ready to mate
Lion C3 is Hungry
LionC3mis chasing: B5f
Lion C2 is Hungry
LionC2fis chasing: A2f
Lion C2 is Hungry
LionC2mis chasing: C3m
Lion C0 is Hungry
LionC0mis chasing: C3m
Lion A0 is Hungry
LionA0mis chasing: A2f
Wolf B5f is running away from: LionC3
Wolf B5 is Hungry
Wolf B5f is chasing: B1f
Wolf B5 f is ready to mate
Wolf C3f is running away from: LionC2
Wolf C3 is Hungry
Wolf C3f is chasing: C3m
Wolf C3 f is ready to mate
Wolf A5f is running away from: LionC2
Wolf A5 f is ready to mate
Wolf C5f is running away from: LionC3
Wolf C5 is Hungry
Wolf C5f is chasing: C1f
Wolf C5 f is ready to mate
Wolf C3f is running away from: LionC2
Wolf C3 is Hungry
Wolf C3f is chasing: C3m
Wolf C3 f is ready to mate
Wolf C5f is running away from: LionC2
Wolf C5 is Hungry
Wolf C5f is chasing: C3m
Wolf C5 f is ready to mate
Wolf A0f is running away from: LionC2
Wolf A0 is Hungry
Wolf A0f is chasing: C3m
Wolf A0 f is ready to mate
Wolf C2f is running away from: LionC2
Wolf C2 f is ready to mate
Rabbit A2f is running away from: LionC2
Rabbit A2f is running away from: WolfA0
Rabbit A2 is Hungry
Rabbit A2f ate
Rabbit A2 f is ready to mate
Rabbit C3m is running away from: LionC2
Rabbit C3m is running away from: WolfC3
Rabbit C3 is Hungry
Rabbit C3m ate
Rabbit C3 m is ready to mate
Rabbit C3 m is approaching partner: Rabbit A2f
Rabbit C0m is running away from: LionC0
Rabbit C0m is running away from: WolfA5
Rabbit C0 is Hungry
Rabbit C0 m is ready to mate
Rabbit C0 m is approaching partner: Rabbit A2f
Rabbit A4m is running away from: LionC0
Rabbit A4m is running away from: WolfA5
Rabbit A4 is Hungry
RabbitA4m died of hunger
Rabbit A4 m is ready to mate
Rabbit A4 m is approaching partner: Rabbit A2f
Rabbit A0m is running away from: LionA0
Rabbit A0m is running away from: WolfC5
Rabbit A0 is Hungry
Rabbit A0m ate
Rabbit A0 m is ready to mate
Rabbit A0 m is approaching partner: Rabbit C1f
Rabbit C1m is running away from: LionA0
Rabbit C1m is running away from: WolfC5
Rabbit C1 is Hungry
Rabbit C1m ate
Rabbit C1 m is ready to mate
Rabbit C1 m is approaching partner: Rabbit C1f
Rabbit A1m is running away from: LionA0
Rabbit A1m is running away from: WolfC5
Rabbit A1 is Hungry
Rabbit A1 m is ready to mate
Rabbit A1 m is approaching partner: Rabbit C1f
Rabbit B1f is running away from: LionC0
Rabbit B1f is running away from: WolfA5
Rabbit B1 is Hungry
Rabbit C3m is running away from: LionC0
Rabbit C3m is running away from: WolfC3
Rabbit C3 is Hungry
Rabbit C3 m is ready to mate
Rabbit C3 m is approaching partner: Rabbit A2f
Rabbit B1f is running away from: LionC3
Rabbit B1f is running away from: WolfB5
Rabbit B1 is Hungry
Rabbit B1f ate
Rabbit B1 f is ready to mate
Rabbit C3m is running away from: LionC2
Rabbit C3m is running away from: WolfC3
Rabbit C3 is Hungry
Rabbit C3m ate
Rabbit C3 m is ready to mate
Rabbit C3 m is approaching partner: Rabbit A2f
Rabbit C1f is running away from: LionC3
Rabbit C1f is running away from: WolfC5
Rabbit C1 is Hungry
Rabbit C1f ate
Rabbit C1 f is ready to mate
Rabbit C0f is running away from: LionC0
Rabbit C0f is running away from: WolfA5
Rabbit C0 is Hungry
Rabbit C0f ate
Lion C3 is Hungry
LionC3mis chasing: B1f
Lion C2 is Hungry
LionC2fis chasing: A2f
Lion C2 is Hungry
LionC2mis chasing: C3m
Lion C0 is Hungry
LionC0mis chasing: C3m
Lion A0 is Hungry
LionA0mis chasing: A2f
Wolf B5f is running away from: LionC3
Wolf B5 is Hungry
Wolf B5f is chasing: C1m
Wolf B5 f is ready to mate
Wolf C3f is running away from: LionC2
Wolf C3 is Hungry
Wolf C3f is chasing: C3m
Wolf C3 f is ready to mate
Wolf A5f is running away from: LionC2
Wolf A5 is Hungry
Wolf A5f is chasing: C3m
Wolf A5 f is ready to mate
Wolf C5f is running away from: LionC3
Wolf C5 is Hungry
Wolf C5f is chasing: A0m
Wolf C5 f is ready to mate
Wolf C3f is running away from: LionC2
Wolf C3 is Hungry
Wolf C3f is chasing: C3m
Wolf C3 f is ready to mate
Wolf C5f is running away from: LionC2
Wolf C5 is Hungry
Wolf C5f is chasing: C3m
Wolf C5 f is ready to mate
Wolf A0f is running away from: LionC2
Wolf A0 is Hungry
Wolf A0f is chasing: C3m
Wolf A0 f is ready to mate
Wolf C2f is running away from: LionC2
Wolf C2 is Hungry
Wolf C2f is chasing: C3m
Wolf C2 f is ready to mate
Rabbit A2f is running away from: LionC2
Rabbit A2f is running away from: WolfC3
Rabbit A2 is Hungry
Rabbit A2f ate
Rabbit A2 f is ready to mate
Rabbit C3m is running away from: LionC2
Rabbit C3m is running away from: WolfC3
Rabbit C3 is Hungry
Rabbit C3m ate
Rabbit C3 m is ready to mate
Rabbit C3 m is approaching partner: Rabbit A2f
Rabbit C0m is running away from: LionC0
Rabbit C0m is running away from: WolfA5
Rabbit C0 is Hungry
Rabbit C0 m is ready to mate
Rabbit C0 m is approaching partner: Rabbit A2f
Rabbit A0m is running away from: LionC3
Rabbit A0m is running away from: WolfC5
Rabbit A0 is Hungry
Rabbit A0m ate
Rabbit A0 m is ready to mate
Rabbit A0 m is approaching partner: Rabbit C1f
Rabbit C1m is running away from: LionC3
Rabbit C1m is running away from: WolfC5
Rabbit C1 is Hungry
Rabbit C1m ate
Rabbit C1 m is ready to mate
Rabbit C1 m is approaching partner: Rabbit C1f
Rabbit A1m is running away from: LionC3
Rabbit A1m is running away from: WolfC5
Rabbit A1 is Hungry
RabbitA1m died of hunger
Rabbit A1 m is ready to mate
Rabbit A1 m is approaching partner: Rabbit C1f
Rabbit B1f is running away from: LionC0
Rabbit B1f is running away from: WolfA5
Rabbit B1 is Hungry
RabbitB1f died of hunger
Rabbit C3m is running away from: LionC0
Rabbit C3m is running away from: WolfC3
Rabbit C3 is Hungry
RabbitC3m died of hunger
Rabbit C3m ate
Rabbit C3 m is ready to mate
Rabbit C3 m is approaching partner: Rabbit A2f
Rabbit B1f is running away from: LionC3
Rabbit B1f is running away from: WolfB5
Rabbit B1 is Hungry
Rabbit B1f ate
Rabbit B1 f is ready to mate
Rabbit C3m is running away from: LionC2
Rabbit C3m is running away from: WolfC3
Rabbit C3 is Hungry
Rabbit C3m ate
Rabbit C3 m is ready to mate
Rabbit C3 m is approaching partner: Rabbit A2f
Rabbit C1f is running away from: LionC3
Rabbit C1f is running away from: WolfC5
Rabbit C1 is Hungry
Rabbit C1f ate
Rabbit C1 f is ready to mate
Rabbit C0f is running away from: LionC0
Rabbit C0f is running away from: WolfA5
Rabbit C0 is Hungry
Lion C3 is Hungry
LionC3mis chasing: B1f
Lion C2 is Hungry
LionC2fis chasing: A2f
Lion C2 is Hungry
LionC2mis chasing: C3m
Lion C0 is Hungry
LionC0mis chasing: C3m
Lion A0 is Hungry
LionA0mis chasing: A2f
Wolf B5f is running away from: LionC3
Wolf B5 is Hungry
Wolf B5f is chasing: C1m
Wolf B5 f is ready to mate
Wolf C3f is running away from: LionC2
Wolf C3 is Hungry
WolfC3f died of hunger
Wolf C3f is chasing: C3m
Wolf C3 f is ready to mate
Wolf A5f is running away from: LionC2
Wolf A5 is Hungry
Wolf A5f is chasing: C3m
Wolf A5 f is ready to mate
Wolf C5f is running away from: LionC3
Wolf C5 is Hungry
Wolf C5f is chasing: A0m
Wolf C5 f is ready to mate
Wolf C3f is running away from: LionC2
Wolf C3 is Hungry
WolfC3f died of hunger
Wolf C3f is chasing: C3m
Wolf C3 f is ready to mate
Wolf C5f is running away from: LionC2
Wolf C5 is Hungry
Wolf C5f is chasing: C3m
Wolf C5 f is ready to mate
Wolf A0f is running away from: LionC2
Wolf A0 is Hungry
WolfA0f died of hunger
Wolf A0f is chasing: C3m
Wolf A0 f is ready to mate
Wolf C2f is running away from: LionC2
Wolf C2 is Hungry
Wolf C2f is chasing: C3m
Wolf C2 f is ready to mate
Rabbit A2f is running away from: LionC2
Rabbit A2f is running away from: WolfC5
Rabbit A2 is Hungry
Rabbit A2f ate
Rabbit A2 f is ready to mate
Rabbit C3m is running away from: LionC2
Rabbit C3m is running away from: WolfC5
Rabbit C3 is Hungry
Rabbit C3 m is ready to mate
Rabbit C3 m is approaching partner: Rabbit A2f
Rabbit C0m is running away from: LionC0
Rabbit C0m is running away from: WolfC2
Rabbit C0 is Hungry
Rabbit C0m ate
Rabbit C0 m is ready to mate
Rabbit C0 m is approaching partner: Rabbit C0f
Rabbit A0m is running away from: LionC3
Rabbit A0m is running away from: WolfC5
Rabbit A0 is Hungry
Rabbit A0m ate
Rabbit A0 m is ready to mate
Rabbit A0 m is approaching partner: Rabbit C1f
Rabbit C1m is running away from: LionC3
Rabbit C1m is running away from: WolfC5
Rabbit C1 is Hungry
Rabbit C1m ate
Rabbit C1 m is ready to mate
Rabbit C1 m is approaching partner: Rabbit C1f
Rabbit B1f is running away from: LionC3
Rabbit B1f is running away from: WolfB5
Rabbit B1 is Hungry
Rabbit B1f ate
Rabbit B1 f is ready to mate
Rabbit C3m is running away from: LionC2
Rabbit C3m is running away from: WolfC5
Rabbit C3 is Hungry
Rabbit C3m ate
Rabbit C3 m is ready to mate
Rabbit C3 m is approaching partner: Rabbit A2f
Rabbit C1f is running away from: LionC3
Rabbit C1f is running away from: WolfC5
Rabbit C1 is Hungry
Rabbit C1f ate
Rabbit C1 f is ready to mate
Rabbit C0f is running away from: LionC0
Rabbit C0f is running away from: WolfC2
Rabbit C0 is Hungry
Lion C3 is Hungry
LionC3mis chasing: B5f
Lion C2 is Hungry
LionC2fis chasing: A2f
Lion C2 is Hungry
LionC2mis chasing: C3m
Lion C0 is Hungry
LionC0mis chasing: C3m
Lion A0 is Hungry
LionA0mis chasing: A2f
Wolf B5f is running away from: LionC3
Wolf B5 is Hungry
Wolf B5f is chasing: C1m
Wolf B5 f is ready to mate
Wolf A5f is running away from: LionC2
Wolf A5 is Hungry
Wolf A5f is chasing: C3m
Wolf A5 f is ready to mate
Wolf C5f is running away from: LionC3
Wolf C5 is Hungry
Wolf C5f is chasing: A0m
Wolf C5 f is ready to mate
Wolf C5f is running away from: LionC2
Wolf C5 is Hungry
WolfC5f died of hunger
Wolf C5f is chasing: C3m
Wolf C5 f is ready to mate
Wolf C2f is running away from: LionC2
Wolf C2 is Hungry
Wolf C2f is chasing: C3m
Wolf C2 f is ready to mate
Rabbit A2f is running away from: LionC2
Rabbit A2f is running away from: WolfA5
Rabbit A2 is Hungry
Rabbit A2f ate
Rabbit A2 f is ready to mate
Rabbit C3m is running away from: LionC2
Rabbit C3m is running away from: WolfA5
Rabbit C3 is Hungry
Rabbit C3 m is ready to mate
Rabbit C3 m is approaching partner: Rabbit A2f
Rabbit C0m is running away from: LionC0
Rabbit C0m is running away from: WolfC2
Rabbit C0 is Hungry
Rabbit C0 m is ready to mate
Rabbit C0 m is approaching partner: Rabbit C0f
Rabbit A0m is running away from: LionC3
Rabbit A0m is running away from: WolfC5
Rabbit A0 is Hungry
Rabbit A0m ate
Rabbit A0 m is ready to mate
Rabbit A0 m is approaching partner: Rabbit C1f
Rabbit C1m is running away from: LionC3
Rabbit C1m is running away from: WolfB5
Rabbit C1 is Hungry
Rabbit C1m ate
Rabbit C1 m is ready to mate
Rabbit C1 m is approaching partner: Rabbit C1f
Rabbit B1f is running away from: LionC3
Rabbit B1f is running away from: WolfC5
Rabbit B1 is Hungry
Rabbit B1f ate
Rabbit B1 f is ready to mate
Rabbit C3m is running away from: LionC2
Rabbit C3m is running away from: WolfA5
Rabbit C3 is Hungry
Rabbit C3 m is ready to mate
Rabbit C3 m is approaching partner: Rabbit A2f
Rabbit C1f is running away from: LionC3
Rabbit C1f is running away from: WolfC5
Rabbit C1 is Hungry
Rabbit C1 f is ready to mate
Rabbit C0f is running away from: LionC0
Rabbit C0f is running away from: WolfC2
Rabbit C0 is Hungry
Lion C3 is Hungry
LionC3mis chasing: B1f
Lion C2 is Hungry
LionC2fis chasing: A2f
Lion C2 is Hungry
LionC2mis chasing: C3m
Lion C0 is Hungry
LionC0mis chasing: C3m
Lion A0 is Hungry
LionA0mis chasing: A2f
Wolf B5f is running away from: LionC3
Wolf B5 is Hungry
Wolf B5f is chasing: A0m
Wolf B5 f is ready to mate
Wolf A5f is running away from: LionA0
Wolf A5 is Hungry
Wolf A5f is chasing: C3m
Wolf A5 f is ready to mate
Wolf C5f is running away from: LionC3
Wolf C5 is Hungry
Wolf C5f is chasing: A0m
Wolf C5f ate!
Wolf C5 f is ready to mate
Wolf C2f is running away from: LionC2
Wolf C2 is Hungry
Wolf C2f is chasing: C3m
Wolf C2 f is ready to mate
Rabbit A2 is Thirsty
Rabbit A2 drank water
Rabbit A2f is running away from: LionC2
Rabbit A2f is running away from: WolfC2
Rabbit A2 is Hungry
Rabbit A2 f is ready to mate
Rabbit C3 is Thirsty
Rabbit C3 drank water
Rabbit C3m is running away from: LionC2
Rabbit C3m is running away from: WolfC2
Rabbit C3 is Hungry
Rabbit C3 m is ready to mate
Rabbit C3 m is approaching partner: Rabbit A2f
Rabbit C0 is Thirsty
Rabbit C0 drank water
Rabbit C0m is running away from: LionC0
Rabbit C0m is running away from: WolfC2
Rabbit C0 is Hungry
Rabbit C0 m is ready to mate
Rabbit C0 m is approaching partner: Rabbit C0f
Rabbit C1 is Thirsty
Rabbit C1 drank water
Rabbit C1m is running away from: LionC3
Rabbit C1m is running away from: WolfC5
Rabbit C1 is Hungry
Rabbit C1 m is ready to mate
Rabbit C1 m is approaching partner: Rabbit C1f
Rabbit B0 m was born!Father is C1 and Mother is C1
Rabbit B1 is Thirsty
Rabbit B1 drank water
Rabbit B1f is running away from: LionC3
Rabbit B1f is running away from: WolfC5
Rabbit B1 is Hungry
Rabbit B1 f is ready to mate
Rabbit C3 is Thirsty
Rabbit C3 drank water
Rabbit C3m is running away from: LionC2
Rabbit C3m is running away from: WolfC2
Rabbit C3 is Hungry
Rabbit C3m ate
Rabbit C3 m is ready to mate
Rabbit C3 m is approaching partner: Rabbit A2f
Rabbit C1 is Thirsty
Rabbit C1 drank water
Rabbit C1f is running away from: LionC3
Rabbit C1f is running away from: WolfC5
Rabbit C1 is Hungry
Rabbit C0f is running away from: LionC0
Rabbit C0f is running away from: WolfC2
Rabbit C0 is Hungry
RabbitC0f died of hunger
Rabbit C0 f is ready to mate
Lion C3 is Thirsty
Lion C3 drank water
Lion C3 is Hungry
LionC3mis chasing: B1f
Lion C3 m is ready to mate
Lion C2 is Thirsty
Lion C2 drank water
Lion C2 is Hungry
LionC2fis chasing: A2f
Lion C2 f is ready to mate
Lion C2 is Thirsty
Lion C2 drank water
Lion C2 is Hungry
LionC2mis chasing: C3m
LionC2m ate: C3m
Lion C2 m is ready to mate
Lion C0 is Thirsty
Lion C0 drank water
Lion C0 is Hungry
LionC0mis chasing: A2f
Lion C0 m is ready to mate
Lion A0 is Thirsty
Lion A0 drank water
Lion A0 is Hungry
LionA0mis chasing: A2f
Lion A0 m is ready to mate
Wolf B5f is running away from: LionC3
Wolf B5 is Hungry
WolfB5f died of hunger
Wolf B5f is chasing: B0m
Wolf B5 f is ready to mate
Wolf A5f is running away from: LionC2
Wolf A5 is Hungry
Wolf A5f is chasing: C3m
Wolf A5 f is ready to mate
Wolf C5f is running away from: LionC3
Wolf C5 f is ready to mate
Wolf C2f is running away from: LionC2
Wolf C2 is Hungry
Wolf C2f is chasing: C3m
Wolf C2 f is ready to mate
Rabbit A2 is Thirsty
Rabbit A2 drank water
Rabbit A2f is running away from: LionC2
Rabbit A2f is running away from: WolfA5
Rabbit A2 is Hungry
Rabbit A2f ate
Rabbit A2 f is ready to mate
Rabbit C0 is Thirsty
Rabbit C0 drank water
Rabbit C0m is running away from: LionC0
Rabbit C0m is running away from: WolfC2
Rabbit C0 is Hungry
Rabbit C0 m is ready to mate
Rabbit C0 m is approaching partner: Rabbit A2f
Rabbit C1 is Thirsty
Rabbit C1 drank water
Rabbit C1m is running away from: LionC3
Rabbit C1m is running away from: WolfC5
Rabbit C1 is Hungry
Rabbit C1m ate
Rabbit C1 m is ready to mate
Rabbit C1 m is approaching partner: Rabbit B1f
Rabbit B1 is Thirsty
Rabbit B1 drank water
Rabbit B1f is running away from: LionC3
Rabbit B1f is running away from: WolfC5
Rabbit B1 is Hungry
Rabbit B1f ate
Rabbit B1 f is ready to mate
Rabbit C3 is Thirsty
Rabbit C3 drank water
Rabbit C3m is running away from: LionC2
Rabbit C3m is running away from: WolfA5
Rabbit C3 is Hungry
Rabbit C3 m is ready to mate
Rabbit C3 m is approaching partner: Rabbit A2f
Rabbit C1 is Thirsty
Rabbit C1 drank water
Rabbit C1f is running away from: LionC3
Rabbit C1f is running away from: WolfC5
Rabbit C1 is Hungry
Rabbit B0m is running away from: LionC3
Rabbit B0m is running away from: WolfC5
Rabbit B0 is Hungry
Lion C3 is Thirsty
Lion C3 drank water
Lion C3 is Hungry
LionC3mis chasing: B1f
Lion C3 m is ready to mate
Lion C2 is Thirsty
Lion C2 drank water
Lion C2 is Hungry
LionC2fis chasing: C3m
Lion C2 f is ready to mate
Lion C2 is Thirsty
Lion C2 drank water
Lion C2 m is ready to mate
Lion C0 is Thirsty
Lion C0 drank water
Lion C0 is Hungry
LionC0mis chasing: A2f
Lion C0 m is ready to mate
Lion A0 is Thirsty
Lion A0 drank water
Lion A0 is Hungry
LionA0mis chasing: C3m
Lion A0 m is ready to mate
Wolf A5f is running away from: LionA0
Wolf A5 is Hungry
WolfA5f died of hunger
Wolf A5f is chasing: C3m
Wolf A5 f is ready to mate
Wolf C5f is running away from: LionC3
Wolf C5 f is ready to mate
Wolf C2f is running away from: LionC2
Wolf C2 is Hungry
WolfC2f died of hunger
Wolf C2f is chasing: C3m
Wolf C2 f is ready to mate
Rabbit A2 is Thirsty
Rabbit A2 drank water
Rabbit A2f is running away from: LionC2
Rabbit A2f is running away from: WolfC5
Rabbit A2 is Hungry
Rabbit A2f ate
Rabbit A2 f is ready to mate
Rabbit C0 is Thirsty
Rabbit C0 drank water
Rabbit C0m is running away from: LionC0
Rabbit C0m is running away from: WolfC5
Rabbit C0 is Hungry
RabbitC0m died of hunger
Rabbit C0 m is ready to mate
Rabbit C0 m is approaching partner: Rabbit A2f
Rabbit C1 is Thirsty
Rabbit C1 drank water
Rabbit C1m is running away from: LionC3
Rabbit C1m is running away from: WolfC5
Rabbit C1 is Hungry
Rabbit C1m ate
Rabbit C1 m is ready to mate
Rabbit C1 m is approaching partner: Rabbit B1f
Rabbit B1 is Thirsty
Rabbit B1 drank water
Rabbit B1f is running away from: LionC3
Rabbit B1f is running away from: WolfC5
Rabbit B1 is Hungry
Rabbit B1f ate
Rabbit B1 f is ready to mate
Rabbit C3m is running away from: LionC2
Rabbit C3m is running away from: WolfC5
Rabbit C3 is Hungry
Rabbit C3m ate
Rabbit C3 m is ready to mate
Rabbit C3 m is approaching partner: Rabbit A2f
Rabbit C1 is Thirsty
Rabbit C1 drank water
Rabbit C1f is running away from: LionC3
Rabbit C1f is running away from: WolfC5
Rabbit C1 is Hungry
RabbitC1f died of hunger
Rabbit B0m is running away from: LionC3
Rabbit B0m is running away from: WolfC5
Rabbit B0 is Hungry
Lion C3 is Thirsty
Lion C3 drank water
Lion C3 is Hungry
LionC3m died of hunger
LionC3mis chasing: B1f
Lion C3 m is ready to mate
Lion C2 is Thirsty
Lion C2 drank water
Lion C2 is Hungry
LionC2f died of hunger
LionC2fis chasing: C3m
Lion C2 f is ready to mate
Lion C2 is Thirsty
Lion C2 drank water
Lion C2 m is ready to mate
No Female Lion Partner or Female Lion partners are not ready to mate Yet!
Lion C0 is Thirsty
Lion C0 drank water
Lion C0 is Hungry
LionC0m died of hunger
LionC0mis chasing: A2f
Lion C0 m is ready to mate
No Female Lion Partner or Female Lion partners are not ready to mate Yet!
Lion A0 is Thirsty
Lion A0 drank water
Lion A0 is Hungry
LionA0m died of hunger
LionA0mis chasing: C3m
Lion A0 m is ready to mate
No Female Lion Partner or Female Lion partners are not ready to mate Yet!
Wolf C5f is running away from: LionC2
Wolf C5 is Hungry
Wolf C5f is chasing: B0m
Wolf C5 f is ready to mate
Rabbit A2 is Thirsty
Rabbit A2 drank water
Rabbit A2f is running away from: LionC2
Rabbit A2f is running away from: WolfC5
Rabbit A2 is Hungry
Rabbit A2f ate
Rabbit A2 f is ready to mate
Rabbit C1 is Thirsty
Rabbit C1 drank water
Rabbit C1m is running away from: LionC2
Rabbit C1m is running away from: WolfC5
Rabbit C1 is Hungry
Rabbit C1m ate
Rabbit C1 m is ready to mate
Rabbit C1 m is approaching partner: Rabbit B1f
Rabbit B1 is Thirsty
Rabbit B1 drank water
Rabbit B1f is running away from: LionC2
Rabbit B1f is running away from: WolfC5
Rabbit B1 is Hungry
Rabbit B1f ate
Rabbit B1 f is ready to mate
Rabbit C3m is running away from: LionC2
Rabbit C3m is running away from: WolfC5
Rabbit C3 is Hungry
Rabbit C3m ate
Rabbit C3 m is ready to mate
Rabbit C3 m is approaching partner: Rabbit A2f
Rabbit B0m is running away from: LionC2
Rabbit B0m is running away from: WolfC5
Rabbit B0 is Hungry
Rabbit B0m ate
Lion C2 is Thirsty
Lion C2 drank water
Lion C2 m is ready to mate
No Female Lion Partner or Female Lion partners are not ready to mate Yet!
Wolf C5f is running away from: LionC2
Wolf C5 is Hungry
Wolf C5f is chasing: B0m
Wolf C5 f is ready to mate
Rabbit A2 is Thirsty
Rabbit A2 drank water
Rabbit A2f is running away from: LionC2
Rabbit A2f is running away from: WolfC5
Rabbit A2 is Hungry
Rabbit A2f ate
Rabbit A2 f is ready to mate
Rabbit C1 is Thirsty
Rabbit C1 drank water
Rabbit C1m is running away from: LionC2
Rabbit C1m is running away from: WolfC5
Rabbit C1 is Hungry
Rabbit C1m ate
Rabbit C1 m is ready to mate
Rabbit C1 m is approaching partner: Rabbit B1f
Rabbit B1 is Thirsty
Rabbit B1 drank water
Rabbit B1f is running away from: LionC2
Rabbit B1f is running away from: WolfC5
Rabbit B1 is Hungry
Rabbit B1f ate
Rabbit B1 f is ready to mate
Rabbit C3m is running away from: LionC2
Rabbit C3m is running away from: WolfC5
Rabbit C3 is Hungry
Rabbit C3m ate
Rabbit C3 m is ready to mate
Rabbit C3 m is approaching partner: Rabbit A2f
Rabbit B0m is running away from: LionC2
Rabbit B0m is running away from: WolfC5
Rabbit B0 is Hungry
Rabbit B0m ate
Lion C2 is Thirsty
Lion C2 drank water
Lion C2 is Hungry
LionC2mis chasing: C3m
Lion C2 m is ready to mate
No Female Lion Partner or Female Lion partners are not ready to mate Yet!
Wolf C5f is running away from: LionC2
Wolf C5 is Hungry
Wolf C5f is chasing: B0m
Wolf C5 f is ready to mate
Rabbit A2 is Thirsty
Rabbit A2 drank water
Rabbit A2f is running away from: LionC2
Rabbit A2f is running away from: WolfC5
Rabbit A2 is Hungry
Rabbit A2f ate
Rabbit A2 f is ready to mate
Rabbit C1 is Thirsty
Rabbit C1 drank water
Rabbit C1m is running away from: LionC2
Rabbit C1m is running away from: WolfC5
Rabbit C1 is Hungry
Rabbit C1m ate
Rabbit C1 m is ready to mate
Rabbit C1 m is approaching partner: Rabbit B1f
Rabbit B1 is Thirsty
Rabbit B1 drank water
Rabbit B1f is running away from: LionC2
Rabbit B1f is running away from: WolfC5
Rabbit B1 is Hungry
Rabbit B1 f is ready to mate
Rabbit C3m is running away from: LionC2
Rabbit C3m is running away from: WolfC5
Rabbit C3 is Hungry
Rabbit C3m ate
Rabbit C3 m is ready to mate
Rabbit C3 m is approaching partner: Rabbit A2f
Rabbit B0m is running away from: LionC2
Rabbit B0m is running away from: WolfC5
Rabbit B0 is Hungry
Rabbit B0m ate
Rabbit B0 m is ready to mate
Rabbit B0 m is approaching partner: Rabbit B1f
Lion C2 is Thirsty
Lion C2 drank water
Lion C2 is Hungry
LionC2mis chasing: C3m
LionC2m ate: C3m
Lion C2 m is ready to mate
No Female Lion Partner or Female Lion partners are not ready to mate Yet!
Wolf C5f is running away from: LionC2
Wolf C5 is Hungry
Wolf C5f is chasing: B0m
Wolf C5 f is ready to mate
Rabbit A2 is Thirsty
Rabbit A2 drank water
Rabbit A2f is running away from: LionC2
Rabbit A2f is running away from: WolfC5
Rabbit A2 is Hungry
Rabbit A2f ate
Rabbit A2 f is ready to mate
Rabbit C1 is Thirsty
Rabbit C1 drank water
Rabbit C1m is running away from: LionC2
Rabbit C1m is running away from: WolfC5
Rabbit C1 is Hungry
Rabbit C1m ate
Rabbit C1 m is ready to mate
Rabbit C1 m is approaching partner: Rabbit B1f
Rabbit B1 is Thirsty
Rabbit B1 drank water
Rabbit B1f is running away from: LionC2
Rabbit B1f is running away from: WolfC5
Rabbit B1 is Hungry
Rabbit B1 f is ready to mate
Rabbit B0m is running away from: LionC2
Rabbit B0m is running away from: WolfC5
Rabbit B0 is Hungry
Rabbit B0m ate
Rabbit B0 m is ready to mate
Rabbit B0 m is approaching partner: Rabbit B1f
Lion C2 is Thirsty
Lion C2 drank water
Lion C2 m is ready to mate
No Female Lion Partner or Female Lion partners are not ready to mate Yet!
Wolf C5f is running away from: LionC2
Wolf C5 is Hungry
Wolf C5f is chasing: C1m
Wolf C5 f is ready to mate
Rabbit A2 is Thirsty
Rabbit A2 drank water
Rabbit A2f is running away from: LionC2
Rabbit A2f is running away from: WolfC5
Rabbit A2 is Hungry
Rabbit A2f ate
Rabbit A2 f is ready to mate
Rabbit C1 is Thirsty
Rabbit C1 drank water
Rabbit C1m is running away from: LionC2
Rabbit C1m is running away from: WolfC5
Rabbit C1 is Hungry
Rabbit C1m ate
Rabbit C1 m is ready to mate
Rabbit C1 m is approaching partner: Rabbit B1f
Rabbit B1 is Thirsty
Rabbit B1 drank water
Rabbit B1f is running away from: LionC2
Rabbit B1f is running away from: WolfC5
Rabbit B1 is Hungry
Rabbit B1f ate
Rabbit B1 f is ready to mate
Rabbit B0m is running away from: LionC2
Rabbit B0m is running away from: WolfC5
Rabbit B0 is Hungry
Rabbit B0m ate
Rabbit B0 m is ready to mate
Rabbit B0 m is approaching partner: Rabbit B1f
Lion C2 m is ready to mate
No Female Lion Partner or Female Lion partners are not ready to mate Yet!
Wolf C5f is running away from: LionC2
Wolf C5 is Hungry
WolfC5f died of hunger
Wolf C5f is chasing: C1m
Wolf C5 f is ready to mate
Rabbit A2 is Thirsty
Rabbit A2 drank water
Rabbit A2f is running away from: LionC2
Rabbit A2 is Hungry
Rabbit A2f ate
Rabbit A2 f is ready to mate
Rabbit C1 is Thirsty
Rabbit C1 drank water
Rabbit C1m is running away from: LionC2
Rabbit C1 is Hungry
Rabbit C1m ate
Rabbit C1 m is ready to mate
Rabbit C1 m is approaching partner: Rabbit B1f
Rabbit B1 is Thirsty
Rabbit B1 drank water
Rabbit B1f is running away from: LionC2
Rabbit B1 is Hungry
Rabbit B1f ate
Rabbit B1 f is ready to mate
Rabbit B0m is running away from: LionC2
Rabbit B0 is Hungry
Rabbit B0m ate
Rabbit B0 m is ready to mate
Rabbit B0 m is approaching partner: Rabbit B1f
Lion C2 m is ready to mate
No Female Lion Partner or Female Lion partners are not ready to mate Yet!
Rabbit A2 is Thirsty
Rabbit A2 drank water
Rabbit A2f is running away from: LionC2
Rabbit A2 is Hungry
Rabbit A2f ate
Rabbit A2 f is ready to mate
Rabbit C1 is Thirsty
Rabbit C1 drank water
Rabbit C1m is running away from: LionC2
Rabbit C1 is Hungry
Rabbit C1 m is ready to mate
Rabbit C1 m is approaching partner: Rabbit B1f
Rabbit B1 is Thirsty
Rabbit B1 drank water
Rabbit B1f is running away from: LionC2
Rabbit B1 is Hungry
Rabbit B1 f is ready to mate
Rabbit B0m is running away from: LionC2
Rabbit B0 is Hungry
Rabbit B0 m is ready to mate
Rabbit B0 m is approaching partner: Rabbit B1f
Lion C2 is Hungry
LionC2mis chasing: A2f
Lion C2 m is ready to mate
No Female Lion Partner or Female Lion partners are not ready to mate Yet!
Rabbit A2 is Thirsty
Rabbit A2 drank water
Rabbit A2f is running away from: LionC2
Rabbit A2 is Hungry
Rabbit A2 f is ready to mate
Rabbit C1 is Thirsty
Rabbit C1 drank water
Rabbit C1m is running away from: LionC2
Rabbit C1 is Hungry
Rabbit C1 m is ready to mate
Rabbit C1 m is approaching partner: Rabbit B1f
Rabbit B1 is Thirsty
Rabbit B1 drank water
Rabbit B1f is running away from: LionC2
Rabbit B1 is Hungry
Rabbit B1 f is ready to mate
Rabbit B0 is Thirsty
Rabbit B0 drank water
Rabbit B0m is running away from: LionC2
Rabbit B0 is Hungry
Rabbit B0 m is ready to mate
Rabbit B0 m is approaching partner: Rabbit B1f
Lion C2 is Hungry
LionC2mis chasing: A2f
Lion C2 m is ready to mate
No Female Lion Partner or Female Lion partners are not ready to mate Yet!
Rabbit A2 is Thirsty
Rabbit A2 drank water
Rabbit A2f is running away from: LionC2
Rabbit A2 is Hungry
Rabbit A2 f is ready to mate
Rabbit C1 is Thirsty
Rabbit C1 drank water
Rabbit C1m is running away from: LionC2
Rabbit C1 is Hungry
Rabbit C1m ate
Rabbit C1 m is ready to mate
Rabbit C1 m is approaching partner: Rabbit B1f
Rabbit C3 f was born!Father is C1 and Mother is B1
Rabbit B1 is Thirsty
Rabbit B1 drank water
Rabbit B1f is running away from: LionC2
Rabbit B1 is Hungry
Rabbit B0 is Thirsty
Rabbit B0 drank water
Rabbit B0m is running away from: LionC2
Rabbit B0 is Hungry
Rabbit B0m ate
Rabbit B0 m is ready to mate
Rabbit B0 m is approaching partner: Rabbit A2f
Lion C2 is Hungry
LionC2mis chasing: A2f
Lion C2 m is ready to mate
No Female Lion Partner or Female Lion partners are not ready to mate Yet!
Rabbit A2 is Thirsty
Rabbit A2 drank water
Rabbit A2f is running away from: LionC2
Rabbit A2 is Hungry
Rabbit A2f ate
Rabbit A2 f is ready to mate
Rabbit C1 is Thirsty
Rabbit C1 drank water
Rabbit C1m is running away from: LionC2
Rabbit C1 is Hungry
Rabbit C1m ate
Rabbit C1 m is ready to mate
Rabbit C1 m is approaching partner: Rabbit A2f
Rabbit B1 is Thirsty
Rabbit B1 drank water
Rabbit B1f is running away from: LionC2
Rabbit B1 is Hungry
RabbitB1f died of hunger
Rabbit B0 is Thirsty
Rabbit B0 drank water
Rabbit B0m is running away from: LionC2
Rabbit B0 is Hungry
Rabbit B0m ate
Rabbit B0 m is ready to mate
Rabbit B0 m is approaching partner: Rabbit A2f
Rabbit C3f is running away from: LionC2
Rabbit C3 is Hungry
Rabbit C3f ate
Lion C2 is Hungry
LionC2mis chasing: A2f
Lion C2 m is ready to mate
No Female Lion Partner or Female Lion partners are not ready to mate Yet!
Rabbit A2 is Thirsty
Rabbit A2 drank water
Rabbit A2f is running away from: LionC2
Rabbit A2 is Hungry
Rabbit A2f ate
Rabbit A2 f is ready to mate
Rabbit C1 is Thirsty
Rabbit C1 drank water
Rabbit C1m is running away from: LionC2
Rabbit C1 is Hungry
Rabbit C1m ate
Rabbit C1 m is ready to mate
Rabbit C1 m is approaching partner: Rabbit A2f
Rabbit B0 is Thirsty
Rabbit B0 drank water
Rabbit B0m is running away from: LionC2
Rabbit B0 is Hungry
Rabbit B0m ate
Rabbit B0 m is ready to mate
Rabbit B0 m is approaching partner: Rabbit A2f
Rabbit C3f is running away from: LionC2
Rabbit C3 is Hungry
Rabbit C3f ate
Lion C2 is Hungry
LionC2mis chasing: A2f
Lion C2 m is ready to mate
No Female Lion Partner or Female Lion partners are not ready to mate Yet!
Rabbit A2 is Thirsty
Rabbit A2 drank water
Rabbit A2f is running away from: LionC2
Rabbit A2 is Hungry
Rabbit A2 f is ready to mate
Rabbit C1 is Thirsty
Rabbit C1 drank water
Rabbit C1m is running away from: LionC2
Rabbit C1 is Hungry
Rabbit C1m ate
Rabbit C1 m is ready to mate
Rabbit C1 m is approaching partner: Rabbit A2f
Rabbit B0 is Thirsty
Rabbit B0 drank water
Rabbit B0m is running away from: LionC2
Rabbit B0 is Hungry
Rabbit B0m ate
Rabbit B0 m is ready to mate
Rabbit B0 m is approaching partner: Rabbit A2f
Rabbit C3f is running away from: LionC2
Rabbit C3 is Hungry
Rabbit C3f ate
Lion C2 is Hungry
LionC2mis chasing: A2f
LionC2m ate: A2f
Lion C2 m is ready to mate
No Female Lion Partner or Female Lion partners are not ready to mate Yet!
Rabbit C1 is Thirsty
Rabbit C1 drank water
Rabbit C1m is running away from: LionC2
Rabbit C1 is Hungry
Rabbit C1m ate
Rabbit C1 m is ready to mate
Not enough female Rabbits or Female Rabbit partners are not ready yet!
Rabbit B0 is Thirsty
Rabbit B0 drank water
Rabbit B0m is running away from: LionC2
Rabbit B0 is Hungry
Rabbit B0m ate
Rabbit B0 m is ready to mate
Not enough female Rabbits or Female Rabbit partners are not ready yet!
Rabbit C3f is running away from: LionC2
Rabbit C3 is Hungry
Lion C2 m is ready to mate
No Female Lion Partner or Female Lion partners are not ready to mate Yet!
Rabbit C1 is Thirsty
Rabbit C1 drank water
Rabbit C1m is running away from: LionC2
Rabbit C1 is Hungry
Rabbit C1 m is ready to mate
Not enough female Rabbits or Female Rabbit partners are not ready yet!
Rabbit B0 is Thirsty
Rabbit B0 drank water
Rabbit B0m is running away from: LionC2
Rabbit B0 is Hungry
Rabbit B0 m is ready to mate
Not enough female Rabbits or Female Rabbit partners are not ready yet!
Rabbit C3f is running away from: LionC2
Rabbit C3 is Hungry
Lion C2 is Thirsty
Lion C2 drank water
Lion C2 m is ready to mate
No Female Lion Partner or Female Lion partners are not ready to mate Yet!
Rabbit C1 is Thirsty
Rabbit C1 drank water
Rabbit C1m is running away from: LionC2
Rabbit C1 is Hungry
Rabbit C1 m is ready to mate
Not enough female Rabbits or Female Rabbit partners are not ready yet!
Rabbit B0 is Thirsty
Rabbit B0 drank water
Rabbit B0m is running away from: LionC2
Rabbit B0 is Hungry
Rabbit B0 m is ready to mate
Not enough female Rabbits or Female Rabbit partners are not ready yet!
Rabbit C3f is running away from: LionC2
Rabbit C3 is Hungry
Lion C2 is Thirsty
Lion C2 drank water
Lion C2 m is ready to mate
No Female Lion Partner or Female Lion partners are not ready to mate Yet!
Rabbit C1 is Thirsty
Rabbit C1 drank water
Rabbit C1m is running away from: LionC2
Rabbit C1 is Hungry
Rabbit C1 m is ready to mate
Not enough female Rabbits or Female Rabbit partners are not ready yet!
Rabbit B0 is Thirsty
Rabbit B0 drank water
Rabbit B0m is running away from: LionC2
Rabbit B0 is Hungry
Rabbit B0 m is ready to mate
Not enough female Rabbits or Female Rabbit partners are not ready yet!
Rabbit C3f is running away from: LionC2
Rabbit C3 is Hungry
RabbitC3f died of hunger
Rabbit C3 f is ready to mate
Lion C2 is Thirsty
Lion C2 drank water
Lion C2 is Hungry
Rabbit C1 is Thirsty
Rabbit C1 drank water
Rabbit C1m is running away from: LionC2
Rabbit C1 is Hungry
RabbitC1m died of hunger
Rabbit C1 m is ready to mate
Not enough female Rabbits or Female Rabbit partners are not ready yet!
Rabbit B0 is Thirsty
Rabbit B0 drank water
Rabbit B0m is running away from: LionC2
Rabbit B0 is Hungry
RabbitB0m died of hunger
Rabbit B0 m is ready to mate
Not enough female Rabbits or Female Rabbit partners are not ready yet!
Lion C2 is Thirsty
Lion C2 drank water
Lion C2 is Hungry
Lion C2 is Thirsty
Lion C2 drank water
Lion C2 is Hungry
Lion C2 is Hungry
Lion C2 is Hungry
Lion C2 is Hungry
Lion C2 is Hungry
Lion C2 is Hungry
Lion C2 is Hungry
LionC2m died of hunger
