Rabbit B3m is running away from: LionA2
Rabbit C1m is running away from: LionA2
Rabbit B3m is running away from: LionA2
Rabbit B3 m is ready to mate
Rabbit B3 m is approaching partner: Rabbit C3f
Rabbit B3f is running away from: WolfB1
Rabbit B3 f is ready to mate
Rabbit C3 f is ready to mate
Rabbit C1 m is ready to mate
Rabbit C1 m is approaching partner: Rabbit C3f
Rabbit A5 m is ready to mate
Rabbit A5 m is approaching partner: Rabbit C3f
Rabbit C1 f is ready to mate
Rabbit C3m is running away from: WolfB3
Rabbit C3 m is ready to mate
Rabbit C3 m is approaching partner: Rabbit B3f
Rabbit A1 m is ready to mate
Rabbit A1 m is approaching partner: Rabbit B2f
Rabbit A0 m is ready to mate
Rabbit A0 m is approaching partner: Rabbit B3f
Rabbit C0 m is ready to mate
Rabbit C0 m is approaching partner: Rabbit B3f
Rabbit C3 m is ready to mate
Rabbit C3 m is approaching partner: Rabbit C3f
Rabbit B2f is running away from: WolfC5
Rabbit B2 f is ready to mate
Rabbit B2 m is ready to mate
Rabbit B2 m is approaching partner: Rabbit C3f
Rabbit C3 f was born!Father is B2 and Mother is C3
Rabbit B2 m is ready to mate
Rabbit B2 m is approaching partner: Rabbit C5f
Rabbit B5 m was born!Father is B2 and Mother is C5
Wolf C5m ate!
Rabbit B3m is running away from: LionA2
Rabbit B3 m is ready to mate
Rabbit B3 m is approaching partner: Rabbit B3f
Rabbit B3f is running away from: WolfB1
Rabbit B3 f is ready to mate
Rabbit C1 m is ready to mate
Rabbit C1 m is approaching partner: Rabbit B3f
Rabbit A5m is running away from: LionA2
Rabbit A5 m is ready to mate
Rabbit A5 m is approaching partner: Rabbit B3f
Rabbit C1 f is ready to mate
Rabbit C3 m is ready to mate
Rabbit C3 m is approaching partner: Rabbit B3f
Rabbit A1 m is ready to mate
Rabbit A1 m is approaching partner: Rabbit B3f
Rabbit A0 m is ready to mate
Rabbit A0 m is approaching partner: Rabbit B3f
Rabbit C0 m is ready to mate
Rabbit C0 m is approaching partner: Rabbit B3f
Rabbit C3m is running away from: LionA2
Rabbit C3 m is ready to mate
Rabbit C3 m is approaching partner: Rabbit B3f
Rabbit B2 m is ready to mate
Rabbit B2 m is approaching partner: Rabbit B3f
Rabbit B2 m is ready to mate
Rabbit B2 m is approaching partner: Rabbit C1f
Wolf B1 f is ready to mate
Wolf C5 m is ready to mate
Wolf C1 f is ready to mate
Wolf B3 m is ready to mate
Rabbit B3m is running away from: LionA2
Rabbit B3 m is ready to mate
Rabbit B3 m is approaching partner: Rabbit B3f
Rabbit B3f is running away from: WolfB1
Rabbit B3 f is ready to mate
Rabbit C1 m is ready to mate
Rabbit C1 m is approaching partner: Rabbit B3f
Rabbit A5m is running away from: LionA2
Rabbit A5 m is ready to mate
Rabbit A5 m is approaching partner: Rabbit B3f
Rabbit C1 f is ready to mate
Rabbit C3m is running away from: LionB4
Rabbit C3 m is ready to mate
Rabbit C3 m is approaching partner: Rabbit B3f
Rabbit A1 m is ready to mate
Rabbit A1 m is approaching partner: Rabbit B3f
Rabbit A0 m is ready to mate
Rabbit A0 m is approaching partner: Rabbit B3f
Rabbit C0 m is ready to mate
Rabbit C0 m is approaching partner: Rabbit B3f
Rabbit C3m is running away from: LionA2
Rabbit C3 m is ready to mate
Rabbit C3 m is approaching partner: Rabbit B3f
Rabbit B2 m is ready to mate
Rabbit B2 m is approaching partner: Rabbit B3f
Rabbit B2 m is ready to mate
Rabbit B2 m is approaching partner: Rabbit C1f
Wolf B1f is running away from: LionA0
Wolf B1 f is ready to mate
Wolf C5 m is ready to mate
Wolf C1 f is ready to mate
Wolf B3 m is ready to mate
Rabbit B3 is Hungry
Rabbit B3mate
Rabbit B3 m is ready to mate
Rabbit B3 m is approaching partner: Rabbit B3f
Rabbit B3 is Hungry
Rabbit B3fate
Rabbit B3 f is ready to mate
Rabbit C3 is Hungry
Rabbit C3fate
Rabbit C1 is Hungry
Rabbit C1mate
Rabbit C1 m is ready to mate
Rabbit C1 m is approaching partner: Rabbit B3f
Rabbit A5m is running away from: LionA2
Rabbit A5 is Hungry
Rabbit A5mate
Rabbit A5 m is ready to mate
Rabbit A5 m is approaching partner: Rabbit B3f
Rabbit C1 is Hungry
Rabbit C1fate
Rabbit C1 f is ready to mate
Rabbit C3 is Hungry
Rabbit C3mate
Rabbit C3 m is ready to mate
Rabbit C3 m is approaching partner: Rabbit B3f
Rabbit C1 m was born!Father is C3 and Mother is B3
Rabbit A1m is running away from: WolfC5
Rabbit A1 is Hungry
Rabbit A1mate
Rabbit A1 m is ready to mate
Rabbit A1 m is approaching partner: Rabbit C1f
Rabbit A0 is Hungry
Rabbit A0mate
Rabbit A0 m is ready to mate
Rabbit A0 m is approaching partner: Rabbit C1f
Rabbit C0m is running away from: LionA0
Rabbit C0 is Hungry
Rabbit C0mate
Rabbit C0 m is ready to mate
Rabbit C0 m is approaching partner: Rabbit C1f
Rabbit C3m is running away from: LionA2
Rabbit C3 is Hungry
Rabbit C3mate
Rabbit C3 m is ready to mate
Rabbit C3 m is approaching partner: Rabbit C1f
Rabbit B2 is Hungry
Rabbit B2mate
Rabbit B2 m is ready to mate
Rabbit B2 m is approaching partner: Rabbit C1f
Rabbit B2 is Hungry
Rabbit B2mate
Rabbit B2 m is ready to mate
Rabbit B2 m is approaching partner: Rabbit C1f
Rabbit C5 is Hungry
Rabbit C5fate
Lion A0 m is ready to mate
Lion B4 m is ready to mate
Lion A2 m is ready to mate
Lion A2 f is ready to mate
Wolf B1 f is ready to mate
Wolf C5 m is ready to mate
Wolf C1 f is ready to mate
Wolf B3m is running away from: LionB4
Wolf B3 m is ready to mate
Rabbit B3 m is ready to mate
Rabbit B3 m is approaching partner: Rabbit C1f
Rabbit B3f is running away from: LionA0
Rabbit C1 m is ready to mate
Rabbit C1 m is approaching partner: Rabbit C1f
Rabbit A5 m is ready to mate
Rabbit A5 m is approaching partner: Rabbit C1f
Rabbit C1 f is ready to mate
Rabbit C3m is running away from: LionA0
Rabbit C3 m is ready to mate
Rabbit C3 m is approaching partner: Rabbit C1f
Rabbit A1m is running away from: WolfC5
Rabbit A1 m is ready to mate
Rabbit A1 m is approaching partner: Rabbit C1f
Rabbit A0 m is ready to mate
Rabbit A0 m is approaching partner: Rabbit C1f
Rabbit C0 m is ready to mate
Rabbit C0 m is approaching partner: Rabbit C1f
Rabbit C3m is running away from: LionA2
Rabbit C3 m is ready to mate
Rabbit C3 m is approaching partner: Rabbit C1f
Rabbit B2m is running away from: LionA2
Rabbit B2 m is ready to mate
Rabbit B2 m is approaching partner: Rabbit C1f
Rabbit B2 m is ready to mate
Rabbit B2 m is approaching partner: Rabbit C1f
Rabbit C3f is running away from: LionA2
Rabbit C1m is running away from: LionA0
Rabbit C1m is running away from: WolfC5
LionA0m ate: B3f
Lion A0 m is ready to mate
Lion B4 m is ready to mate
Lion A2 m is ready to mate
Lion C2 f was born!Father is A2 and Mother is A2
Wolf B1 f is ready to mate
Wolf C5 m is ready to mate
Wolf C1 f is ready to mate
Wolf B3 m is ready to mate
Rabbit B3 m is ready to mate
Rabbit B3 m is approaching partner: Rabbit C1f
Rabbit B3f is running away from: LionA0
Rabbit B3f is running away from: WolfC5
Rabbit C3f is running away from: WolfC1
Rabbit C1 m is ready to mate
Rabbit C1 m is approaching partner: Rabbit C1f
Rabbit A5 m is ready to mate
Rabbit A5 m is approaching partner: Rabbit C1f
Rabbit C1 f is ready to mate
Rabbit C3m is running away from: WolfC5
Rabbit C3 m is ready to mate
Rabbit C3 m is approaching partner: Rabbit C1f
Rabbit A1 m is ready to mate
Rabbit A1 m is approaching partner: Rabbit C1f
Rabbit A0m is running away from: WolfB1
Rabbit A0 m is ready to mate
Rabbit A0 m is approaching partner: Rabbit C1f
Rabbit C0m is running away from: WolfC5
Rabbit C0 m is ready to mate
Rabbit C0 m is approaching partner: Rabbit C1f
Rabbit C3m is running away from: LionC2
Rabbit C3 m is ready to mate
Rabbit C3 m is approaching partner: Rabbit C1f
Rabbit B2 m is ready to mate
Rabbit B2 m is approaching partner: Rabbit C1f
Rabbit B2 m is ready to mate
Rabbit B2 m is approaching partner: Rabbit C1f
Rabbit C3f is running away from: LionA2
Rabbit C3f is running away from: WolfC1
Rabbit C3 is Hungry
Rabbit C3fate
Rabbit B5 is Hungry
Rabbit B5mate
Rabbit C1m is running away from: LionA0
Rabbit C1m is running away from: WolfC5
Lion A0 m is ready to mate
No Female Lion Partner or Female Lion partners are not ready to mate Yet!
LionB4m ate: B3m
Lion B4 m is ready to mate
No Female Lion Partner or Female Lion partners are not ready to mate Yet!
Lion A2 m is ready to mate
No Female Lion Partner or Female Lion partners are not ready to mate Yet!
Wolf B1 f is ready to mate
Wolf C5m ate!
Wolf C5 m is ready to mate
Wolf C1 f is ready to mate
Wolf B3m is running away from: LionB4
Wolf B3 m is ready to mate
Rabbit B3 m is ready to mate
Rabbit B3 m is approaching partner: Rabbit C1f
Rabbit B3f is running away from: LionA0
Rabbit B3f is running away from: WolfC5
Rabbit C1 m is ready to mate
Rabbit C1 m is approaching partner: Rabbit C1f
Rabbit A5m is running away from: LionC2
Rabbit A5 m is ready to mate
Rabbit A5 m is approaching partner: Rabbit C1f
Rabbit C1 f is ready to mate
Rabbit C3m is running away from: WolfC5
Rabbit C3 m is ready to mate
Rabbit C3 m is approaching partner: Rabbit C1f
Rabbit A1 m is ready to mate
Rabbit A1 m is approaching partner: Rabbit C1f
Rabbit A0 m is ready to mate
Rabbit A0 m is approaching partner: Rabbit C1f
Rabbit C0 m is ready to mate
Rabbit C0 m is approaching partner: Rabbit C1f
Rabbit C3 m is ready to mate
Rabbit C3 m is approaching partner: Rabbit C1f
Rabbit B2 m is ready to mate
Rabbit B2 m is approaching partner: Rabbit C1f
Rabbit B2 m is ready to mate
Rabbit B2 m is approaching partner: Rabbit C1f
Rabbit C3f is running away from: LionA2
Lion A0 m is ready to mate
No Female Lion Partner or Female Lion partners are not ready to mate Yet!
Lion B4 m is ready to mate
No Female Lion Partner or Female Lion partners are not ready to mate Yet!
Lion A2 m is ready to mate
No Female Lion Partner or Female Lion partners are not ready to mate Yet!
Wolf B1 f is ready to mate
Wolf C5m is running away from: LionA0
Wolf C5 m is ready to mate
Wolf C1 f is ready to mate
Wolf B3 m is ready to mate
Rabbit B3 m is ready to mate
Rabbit B3 m is approaching partner: Rabbit C1f
Rabbit B3f is running away from: LionA0
Rabbit C1 m is ready to mate
Rabbit C1 m is approaching partner: Rabbit C1f
Rabbit A5 m is ready to mate
Rabbit A5 m is approaching partner: Rabbit C1f
Rabbit C1 f is ready to mate
Rabbit C3 m is ready to mate
Rabbit C3 m is approaching partner: Rabbit C1f
Rabbit A1 m is ready to mate
Rabbit A1 m is approaching partner: Rabbit C1f
Rabbit A1 m was born!Father is A1 and Mother is C1
Rabbit A0m is running away from: WolfB1
Rabbit A0 m is ready to mate
Not enough female Rabbits or Female Rabbit partners are not ready yet!
Rabbit C0 m is ready to mate
Not enough female Rabbits or Female Rabbit partners are not ready yet!
Rabbit C3 m is ready to mate
Not enough female Rabbits or Female Rabbit partners are not ready yet!
Rabbit B2 m is ready to mate
Not enough female Rabbits or Female Rabbit partners are not ready yet!
Rabbit B2 m is ready to mate
Not enough female Rabbits or Female Rabbit partners are not ready yet!
Rabbit C3f is running away from: WolfC1
Lion A0 m is ready to mate
No Female Lion Partner or Female Lion partners are not ready to mate Yet!
Lion B4 m is ready to mate
No Female Lion Partner or Female Lion partners are not ready to mate Yet!
Lion A2 m is ready to mate
No Female Lion Partner or Female Lion partners are not ready to mate Yet!
Wolf B1 f is ready to mate
Wolf C5m ate!
Wolf C5 m is ready to mate
Wolf C1 f is ready to mate
Wolf B3 m is ready to mate
Rabbit B3 is Hungry
Rabbit B3mate
Rabbit B3 m is ready to mate
Not enough female Rabbits or Female Rabbit partners are not ready yet!
Rabbit B3f is running away from: LionA0
Rabbit B3f is running away from: WolfC5
Rabbit B3 is Hungry
Rabbit B3fate
Rabbit C3 is Hungry
Rabbit C3fate
Rabbit C1 is Hungry
Rabbit C1mate
Rabbit C1 m is ready to mate
Not enough female Rabbits or Female Rabbit partners are not ready yet!
Rabbit A5 is Hungry
Rabbit A5mate
Rabbit A5 m is ready to mate
Not enough female Rabbits or Female Rabbit partners are not ready yet!
Rabbit C1 is Hungry
Rabbit C1fate
Rabbit C3 is Hungry
Rabbit C3mate
Rabbit C3 m is ready to mate
Not enough female Rabbits or Female Rabbit partners are not ready yet!
Rabbit A1 is Hungry
Rabbit A1mate
Rabbit A1 m is ready to mate
Not enough female Rabbits or Female Rabbit partners are not ready yet!
Rabbit C0 is Hungry
Rabbit C0mate
Rabbit C0 m is ready to mate
Not enough female Rabbits or Female Rabbit partners are not ready yet!
Rabbit C3 is Hungry
Rabbit C3mate
Rabbit C3 m is ready to mate
Not enough female Rabbits or Female Rabbit partners are not ready yet!
Rabbit B2 is Hungry
Rabbit B2mate
Rabbit B2 m is ready to mate
Not enough female Rabbits or Female Rabbit partners are not ready yet!
Rabbit B2 is Hungry
Rabbit B2mate
Rabbit B2 m is ready to mate
Not enough female Rabbits or Female Rabbit partners are not ready yet!
Rabbit C5 is Hungry
Rabbit C5fate
Lion A0 m is ready to mate
No Female Lion Partner or Female Lion partners are not ready to mate Yet!
Lion B4 m is ready to mate
No Female Lion Partner or Female Lion partners are not ready to mate Yet!
Lion A2 m is ready to mate
No Female Lion Partner or Female Lion partners are not ready to mate Yet!
Wolf B1f is running away from: LionA0
Wolf B1 f is ready to mate
Wolf C5 m is ready to mate
Wolf C1 f is ready to mate
Wolf B3m is running away from: LionB4
Wolf B3 m is ready to mate
Rabbit B3 m is ready to mate
Not enough female Rabbits or Female Rabbit partners are not ready yet!
Rabbit B3f is running away from: LionA0
Rabbit B3f is running away from: WolfC5
Rabbit C3f is running away from: WolfC1
Rabbit C1 m is ready to mate
Not enough female Rabbits or Female Rabbit partners are not ready yet!
Rabbit A5 m is ready to mate
Not enough female Rabbits or Female Rabbit partners are not ready yet!
Rabbit C3 m is ready to mate
Not enough female Rabbits or Female Rabbit partners are not ready yet!
Rabbit A1 m is ready to mate
Not enough female Rabbits or Female Rabbit partners are not ready yet!
Rabbit C0 m is ready to mate
Not enough female Rabbits or Female Rabbit partners are not ready yet!
Rabbit C3 m is ready to mate
Not enough female Rabbits or Female Rabbit partners are not ready yet!
Rabbit B2 m is ready to mate
Not enough female Rabbits or Female Rabbit partners are not ready yet!
Rabbit B2 m is ready to mate
Not enough female Rabbits or Female Rabbit partners are not ready yet!
Lion A0 m is ready to mate
No Female Lion Partner or Female Lion partners are not ready to mate Yet!
Lion B4 m is ready to mate
No Female Lion Partner or Female Lion partners are not ready to mate Yet!
Lion A2 m is ready to mate
No Female Lion Partner or Female Lion partners are not ready to mate Yet!
Wolf B1f is running away from: LionA0
Wolf B1 f is ready to mate
Wolf C5 m is ready to mate
Wolf C1 f is ready to mate
Wolf B3m is running away from: LionB4
Wolf B3 m is ready to mate
Rabbit B3 m is ready to mate
Not enough female Rabbits or Female Rabbit partners are not ready yet!
Rabbit C1m is running away from: WolfB1
Rabbit C1 m is ready to mate
Not enough female Rabbits or Female Rabbit partners are not ready yet!
Rabbit A5 m is ready to mate
Not enough female Rabbits or Female Rabbit partners are not ready yet!
Rabbit C3 m is ready to mate
Not enough female Rabbits or Female Rabbit partners are not ready yet!
Rabbit A1 m is ready to mate
Not enough female Rabbits or Female Rabbit partners are not ready yet!
Rabbit C0 m is ready to mate
Not enough female Rabbits or Female Rabbit partners are not ready yet!
Rabbit C3 m is ready to mate
Not enough female Rabbits or Female Rabbit partners are not ready yet!
Rabbit B2 m is ready to mate
Not enough female Rabbits or Female Rabbit partners are not ready yet!
Rabbit B2 m is ready to mate
Not enough female Rabbits or Female Rabbit partners are not ready yet!
Rabbit C3 is Hungry
Rabbit C3fate
Rabbit B5 is Hungry
Rabbit B5mate
LionA0m ate: C5m
Lion A0 m is ready to mate
No Female Lion Partner or Female Lion partners are not ready to mate Yet!
Lion B4 m is ready to mate
No Female Lion Partner or Female Lion partners are not ready to mate Yet!
Lion A2 m is ready to mate
No Female Lion Partner or Female Lion partners are not ready to mate Yet!
Wolf B1f is running away from: LionA0
Wolf B1 f is ready to mate
Wolf C5m is running away from: LionA0
Wolf C5 m is ready to mate
Wolf A4 f was born! Father is C5 and Mother is B1
Wolf C1 f is ready to mate
Wolf B3 m is ready to mate
Rabbit B3 m is ready to mate
Not enough female Rabbits or Female Rabbit partners are not ready yet!
Rabbit C1m is running away from: WolfA4
Rabbit C1 m is ready to mate
Not enough female Rabbits or Female Rabbit partners are not ready yet!
Rabbit A5 m is ready to mate
Not enough female Rabbits or Female Rabbit partners are not ready yet!
Rabbit C3 m is ready to mate
Not enough female Rabbits or Female Rabbit partners are not ready yet!
Rabbit A1 m is ready to mate
Not enough female Rabbits or Female Rabbit partners are not ready yet!
Rabbit C0 m is ready to mate
Not enough female Rabbits or Female Rabbit partners are not ready yet!
Rabbit C3 m is ready to mate
Not enough female Rabbits or Female Rabbit partners are not ready yet!
Rabbit B2 m is ready to mate
Not enough female Rabbits or Female Rabbit partners are not ready yet!
Rabbit B2 m is ready to mate
Not enough female Rabbits or Female Rabbit partners are not ready yet!
Lion A0 m is ready to mate
No Female Lion Partner or Female Lion partners are not ready to mate Yet!
LionB4m ate: B3m
Lion B4 m is ready to mate
No Female Lion Partner or Female Lion partners are not ready to mate Yet!
Lion A2 m is ready to mate
No Female Lion Partner or Female Lion partners are not ready to mate Yet!
Wolf B1 is Hungry
Wolf B1f is chasing: C1m
Wolf C5 m is ready to mate
Wolf C1 is Hungry
Wolf C1f is chasing: C3f
Wolf C1 f is ready to mate
Wolf B3m is running away from: LionB4
Wolf B3 is Hungry
Wolf B3m is chasing: B3m
Wolf B3 m is ready to mate
Rabbit B3m is running away from: WolfB3
Rabbit B3 m is ready to mate
Not enough female Rabbits or Female Rabbit partners are not ready yet!
Rabbit C3 f is ready to mate
Rabbit C1m is running away from: WolfA4
Rabbit C1 m is ready to mate
Rabbit C1 m is approaching partner: Rabbit C3f
Rabbit A5 m is ready to mate
Rabbit A5 m is approaching partner: Rabbit C3f
Rabbit C3 m is ready to mate
Rabbit C3 m is approaching partner: Rabbit C3f
Rabbit A1 m is ready to mate
Rabbit A1 m is approaching partner: Rabbit C3f
Rabbit C0 m is ready to mate
Rabbit C0 m is approaching partner: Rabbit C3f
Rabbit C3 m is ready to mate
Rabbit C3 m is approaching partner: Rabbit C3f
Rabbit B2 m is ready to mate
Rabbit B2 m is approaching partner: Rabbit C3f
Rabbit B2 m is ready to mate
Rabbit B2 m is approaching partner: Rabbit C3f
Rabbit C5 f is ready to mate
Rabbit C3 f is ready to mate
Rabbit B5 m is ready to mate
Rabbit B5 m is approaching partner: Rabbit C5f
Rabbit A1 is Hungry
Rabbit A1mate
Lion A0 m is ready to mate
No Female Lion Partner or Female Lion partners are not ready to mate Yet!
Lion B4 m is ready to mate
No Female Lion Partner or Female Lion partners are not ready to mate Yet!
Lion A2 m is ready to mate
No Female Lion Partner or Female Lion partners are not ready to mate Yet!
Wolf B1 is Hungry
Wolf B1f is chasing: B3m
Wolf C5 m is ready to mate
Wolf C1 is Hungry
Wolf C1f is chasing: C3f
Wolf C1 f is ready to mate
Wolf B3 is Hungry
Wolf B3m is chasing: B3m
Wolf B3 m is ready to mate
Rabbit B3m is running away from: WolfB1
Rabbit B3 is Hungry
Rabbit B3mate
Rabbit B3 m is ready to mate
Rabbit B3 m is approaching partner: Rabbit C3f
Rabbit B3 is Hungry
Rabbit B3fate
Rabbit C3 is Hungry
Rabbit C3fate
Rabbit C3 f is ready to mate
Rabbit C1 is Hungry
Rabbit C1mate
Rabbit C1 m is ready to mate
Rabbit C1 m is approaching partner: Rabbit C3f
Rabbit A5 is Hungry
Rabbit A5mate
Rabbit A5 m is ready to mate
Rabbit A5 m is approaching partner: Rabbit C3f
Rabbit C1 is Hungry
Rabbit C1fate
Rabbit C3 is Hungry
Rabbit C3mate
Rabbit C3 m is ready to mate
Rabbit C3 m is approaching partner: Rabbit C5f
Rabbit A1 is Hungry
Rabbit A1mate
Rabbit A1 m is ready to mate
Rabbit A1 m is approaching partner: Rabbit C5f
Rabbit C0 is Hungry
Rabbit C0mate
Rabbit C0 m is ready to mate
Rabbit C0 m is approaching partner: Rabbit C5f
Rabbit C3 is Hungry
Rabbit C3mate
Rabbit C3 m is ready to mate
Rabbit C3 m is approaching partner: Rabbit C3f
Rabbit B2m is running away from: WolfB3
Rabbit B2 is Hungry
Rabbit B2mate
Rabbit B2 m is ready to mate
Rabbit B2 m is approaching partner: Rabbit C3f
Rabbit B2 is Hungry
Rabbit B2mate
Rabbit B2 m is ready to mate
Rabbit B2 m is approaching partner: Rabbit C5f
Rabbit C5 is Hungry
Rabbit C5fate
Rabbit C5 f is ready to mate
Rabbit C3 f is ready to mate
Rabbit B5 m is ready to mate
Rabbit B5 m is approaching partner: Rabbit C5f
Lion A0 m is ready to mate
No Female Lion Partner or Female Lion partners are not ready to mate Yet!
Lion B4 m is ready to mate
No Female Lion Partner or Female Lion partners are not ready to mate Yet!
Lion A2 m is ready to mate
No Female Lion Partner or Female Lion partners are not ready to mate Yet!
Wolf B1 is Hungry
Wolf B1f is chasing: C1m
Wolf C5m is running away from: LionA0
Wolf C5 m is ready to mate
Wolf C1 is Hungry
Wolf C1f is chasing: C3f
Wolf C1 f is ready to mate
Wolf B3m ate!
Wolf B3 m is ready to mate
Rabbit C3f is running away from: WolfC1
Rabbit C3 f is ready to mate
Rabbit C1m is running away from: WolfB1
Rabbit C1 m is ready to mate
Rabbit C1 m is approaching partner: Rabbit C3f
Rabbit A5 m is ready to mate
Rabbit A5 m is approaching partner: Rabbit C3f
Rabbit C3 m is ready to mate
Rabbit C3 m is approaching partner: Rabbit C5f
Rabbit A1 m is ready to mate
Rabbit A1 m is approaching partner: Rabbit C5f
Rabbit C0 m is ready to mate
Rabbit C0 m is approaching partner: Rabbit C5f
Rabbit C3m is running away from: LionA2
Rabbit C3 m is ready to mate
Rabbit C3 m is approaching partner: Rabbit C3f
Rabbit B2 m is ready to mate
Rabbit B2 m is approaching partner: Rabbit C3f
Rabbit B2 m is ready to mate
Rabbit B2 m is approaching partner: Rabbit C5f
Rabbit C5 f is ready to mate
Rabbit C3f is running away from: LionA2
Rabbit C3 f is ready to mate
Rabbit B5 m is ready to mate
Rabbit B5 m is approaching partner: Rabbit C5f
Rabbit A0 f was born!Father is B5 and Mother is C5
Lion A0 m is ready to mate
No Female Lion Partner or Female Lion partners are not ready to mate Yet!
Lion B4 m is ready to mate
No Female Lion Partner or Female Lion partners are not ready to mate Yet!
Lion A2 m is ready to mate
No Female Lion Partner or Female Lion partners are not ready to mate Yet!
Wolf B1 is Hungry
Wolf B1f is chasing: C1m
Wolf C5 m is ready to mate
Wolf C1f ate!
Wolf C1 f is ready to mate
Wolf B3 m is ready to mate
Rabbit B3 f is ready to mate
Rabbit C3 f is ready to mate
Rabbit C1m is running away from: WolfC5
Rabbit C1 m is ready to mate
Rabbit C1 m is approaching partner: Rabbit C3f
Rabbit A5 m is ready to mate
Rabbit A5 m is approaching partner: Rabbit C3f
Rabbit C3 m is ready to mate
Rabbit C3 m is approaching partner: Rabbit B3f
Rabbit A1 m is ready to mate
Rabbit A1 m is approaching partner: Rabbit B3f
Rabbit C0 m is ready to mate
Rabbit C0 m is approaching partner: Rabbit B3f
Rabbit C3m is running away from: LionA2
Rabbit C3 m is ready to mate
Rabbit C3 m is approaching partner: Rabbit C3f
Rabbit B2m is running away from: LionA2
Rabbit B2m is running away from: WolfB3
Rabbit B2 m is ready to mate
Rabbit B2 m is approaching partner: Rabbit C3f
Rabbit B2 m is ready to mate
Rabbit B2 m is approaching partner: Rabbit B3f
Rabbit B5 is Hungry
Rabbit B5mate
Rabbit B5 m is ready to mate
Rabbit B5 m is approaching partner: Rabbit B3f
Lion A0 m is ready to mate
No Female Lion Partner or Female Lion partners are not ready to mate Yet!
Lion B4 m is ready to mate
No Female Lion Partner or Female Lion partners are not ready to mate Yet!
Lion A2 m is ready to mate
No Female Lion Partner or Female Lion partners are not ready to mate Yet!
Wolf B1 is Hungry
Wolf B1f is chasing: C1m
Wolf C5 m is ready to mate
Wolf C1 f is ready to mate
Wolf B3 m is ready to mate
Rabbit B3 f is ready to mate
Rabbit C3 f is ready to mate
Rabbit C1 m is ready to mate
Rabbit C1 m is approaching partner: Rabbit C3f
Rabbit A5 m is ready to mate
Rabbit A5 m is approaching partner: Rabbit C3f
Rabbit C3 m is ready to mate
Rabbit C3 m is approaching partner: Rabbit B3f
Rabbit A1 m is ready to mate
Rabbit A1 m is approaching partner: Rabbit B3f
Rabbit C0 m is ready to mate
Rabbit C0 m is approaching partner: Rabbit B3f
Rabbit C3m is running away from: LionA2
Rabbit C3 m is ready to mate
Rabbit C3 m is approaching partner: Rabbit C3f
Rabbit B2m is running away from: LionA2
Rabbit B2 m is ready to mate
Rabbit B2 m is approaching partner: Rabbit C3f
Rabbit B2 m is ready to mate
Rabbit B2 m is approaching partner: Rabbit B3f
Rabbit B5 m is ready to mate
Rabbit B5 m is approaching partner: Rabbit B3f
Lion A0 m is ready to mate
No Female Lion Partner or Female Lion partners are not ready to mate Yet!
Lion B4 m is ready to mate
No Female Lion Partner or Female Lion partners are not ready to mate Yet!
Lion A2 m is ready to mate
No Female Lion Partner or Female Lion partners are not ready to mate Yet!
Wolf B1 is Hungry
Wolf B1f is chasing: C3m
Wolf C5 m is ready to mate
Wolf C1 f is ready to mate
Wolf B3 m is ready to mate
Rabbit B3 f is ready to mate
Rabbit C3 f is ready to mate
Rabbit C1 m is ready to mate
Rabbit C1 m is approaching partner: Rabbit C3f
Rabbit A5 m is ready to mate
Rabbit A5 m is approaching partner: Rabbit C3f
Rabbit C3 m is ready to mate
Rabbit C3 m is approaching partner: Rabbit B3f
Rabbit A1 m is ready to mate
Rabbit A1 m is approaching partner: Rabbit B3f
Rabbit C0 m is ready to mate
Rabbit C0 m is approaching partner: Rabbit B3f
Rabbit C3m is running away from: LionA2
Rabbit C3 m is ready to mate
Rabbit C3 m is approaching partner: Rabbit C3f
Rabbit B2m is running away from: WolfB3
Rabbit B2 m is ready to mate
Rabbit B2 m is approaching partner: Rabbit C3f
Rabbit B2 m is ready to mate
Rabbit B2 m is approaching partner: Rabbit B3f
Rabbit B5 m is ready to mate
Rabbit B5 m is approaching partner: Rabbit B3f
Rabbit A1 is Hungry
Rabbit A1mate
Lion A0 m is ready to mate
No Female Lion Partner or Female Lion partners are not ready to mate Yet!
Lion B4 m is ready to mate
No Female Lion Partner or Female Lion partners are not ready to mate Yet!
Lion A2 m is ready to mate
No Female Lion Partner or Female Lion partners are not ready to mate Yet!
Wolf B1 is Hungry
Wolf B1f is chasing: C3m
Wolf B1 is Thirsty
Wolf B1drank water
Wolf C5 is Thirsty
Wolf C5drank water
Wolf C5 m is ready to mate
Wolf C1 is Thirsty
Wolf C1drank water
Wolf C1 f is ready to mate
Wolf B3 is Thirsty
Wolf B3drank water
Wolf B3 m is ready to mate
Rabbit B3 is Thirsty
Rabbit B3drank water
Rabbit B3 is Hungry
Rabbit B3fate
Rabbit B3 f is ready to mate
Rabbit C3 is Thirsty
Rabbit C3drank water
Rabbit C3f is running away from: WolfB3
Rabbit C3 is Hungry
Rabbit C3fate
Rabbit C3 f is ready to mate
Rabbit C1 is Thirsty
Rabbit C1drank water
Rabbit C1m is running away from: LionA2
Rabbit C1m is running away from: WolfB3
Rabbit C1 is Hungry
Rabbit C1mate
Rabbit C1 m is ready to mate
Rabbit C1 m is approaching partner: Rabbit C3f
Rabbit A5 is Thirsty
Rabbit A5drank water
Rabbit A5 is Hungry
Rabbit A5mate
Rabbit A5 m is ready to mate
Rabbit A5 m is approaching partner: Rabbit C3f
Rabbit C1 is Thirsty
Rabbit C1drank water
Rabbit C1 is Hungry
Rabbit C1fate
Rabbit C3 is Thirsty
Rabbit C3drank water
Rabbit C3m is running away from: LionA0
Rabbit C3 is Hungry
Rabbit C3mate
Rabbit C3 m is ready to mate
Rabbit C3 m is approaching partner: Rabbit B3f
Rabbit A1 is Thirsty
Rabbit A1drank water
Rabbit A1 is Hungry
Rabbit A1mate
Rabbit A1 m is ready to mate
Rabbit A1 m is approaching partner: Rabbit B3f
Rabbit C0 is Thirsty
Rabbit C0drank water
Rabbit C0 is Hungry
Rabbit C0mate
Rabbit C0 m is ready to mate
Rabbit C0 m is approaching partner: Rabbit B3f
Rabbit C3 is Thirsty
Rabbit C3drank water
Rabbit C3m is running away from: LionA2
Rabbit C3 is Hungry
Rabbit C3mate
Rabbit C3 m is ready to mate
Rabbit C3 m is approaching partner: Rabbit C3f
Rabbit B2 is Thirsty
Rabbit B2drank water
Rabbit B2m is running away from: WolfB3
Rabbit B2 is Hungry
Rabbit B2mate
Rabbit B2 m is ready to mate
Rabbit B2 m is approaching partner: Rabbit C3f
Rabbit B2 is Thirsty
Rabbit B2drank water
Rabbit B2 is Hungry
Rabbit B2mate
Rabbit B2 m is ready to mate
Rabbit B2 m is approaching partner: Rabbit B3f
Rabbit C5 is Thirsty
Rabbit C5drank water
Rabbit C5 is Hungry
Rabbit C5fate
Rabbit B5 m is ready to mate
Rabbit B5 m is approaching partner: Rabbit B3f
Lion A0 is Thirsty
Lion A0drank water
Lion A0 m is ready to mate
No Female Lion Partner or Female Lion partners are not ready to mate Yet!
Lion B4 is Thirsty
Lion B4drank water
Lion B4 m is ready to mate
No Female Lion Partner or Female Lion partners are not ready to mate Yet!
Lion A2 is Thirsty
Lion A2drank water
Lion A2 m is ready to mate
No Female Lion Partner or Female Lion partners are not ready to mate Yet!
Lion A2 is Thirsty
Lion A2drank water
Wolf B1 is Hungry
Wolf B1f is chasing: C3m
Wolf B1 is Thirsty
Wolf B1drank water
Wolf C5 is Thirsty
Wolf C5drank water
Wolf C5 m is ready to mate
Wolf C1 is Thirsty
Wolf C1drank water
Wolf C1 f is ready to mate
Wolf B3 is Thirsty
Wolf B3drank water
Wolf B3 m is ready to mate
Rabbit B3 is Thirsty
Rabbit B3drank water
Rabbit B3 f is ready to mate
Rabbit C3 is Thirsty
Rabbit C3drank water
Rabbit C3f is running away from: LionA2
Rabbit C3f is running away from: WolfB3
Rabbit C3 f is ready to mate
Rabbit C1 is Thirsty
Rabbit C1drank water
Rabbit C1m is running away from: WolfB3
Rabbit C1 m is ready to mate
Rabbit C1 m is approaching partner: Rabbit C3f
Rabbit A5 is Thirsty
Rabbit A5drank water
Rabbit A5 m is ready to mate
Rabbit A5 m is approaching partner: Rabbit C3f
Rabbit C1 is Thirsty
Rabbit C1drank water
Rabbit C3 is Thirsty
Rabbit C3drank water
Rabbit C3m is running away from: LionA0
Rabbit C3 m is ready to mate
Rabbit C3 m is approaching partner: Rabbit B3f
Rabbit A1 is Thirsty
Rabbit A1drank water
Rabbit A1 m is ready to mate
Rabbit A1 m is approaching partner: Rabbit B3f
Rabbit C0 is Thirsty
Rabbit C0drank water
Rabbit C0 m is ready to mate
Rabbit C0 m is approaching partner: Rabbit B3f
Rabbit C3 is Thirsty
Rabbit C3drank water
Rabbit C3 m is ready to mate
Rabbit C3 m is approaching partner: Rabbit C3f
Rabbit B2 is Thirsty
Rabbit B2drank water
Rabbit B2m is running away from: LionA2
Rabbit B2m is running away from: WolfB3
Rabbit B2 m is ready to mate
Rabbit B2 m is approaching partner: Rabbit C3f
Rabbit B2 is Thirsty
Rabbit B2drank water
Rabbit B2 m is ready to mate
Rabbit B2 m is approaching partner: Rabbit B3f
Rabbit C5 is Thirsty
Rabbit C5drank water
Rabbit B5 m is ready to mate
Rabbit B5 m is approaching partner: Rabbit B3f
Rabbit A1 m is ready to mate
Rabbit A1 m is approaching partner: Rabbit B3f
Rabbit A0 is Hungry
Rabbit A0fate
Lion A0 is Thirsty
Lion A0drank water
LionA0m ate: B1f
Lion A0 m is ready to mate
No Female Lion Partner or Female Lion partners are not ready to mate Yet!
Lion B4 is Thirsty
Lion B4drank water
Lion B4 m is ready to mate
No Female Lion Partner or Female Lion partners are not ready to mate Yet!
Lion A2 is Thirsty
Lion A2drank water
LionA2m ate: A5m
Lion A2 m is ready to mate
No Female Lion Partner or Female Lion partners are not ready to mate Yet!
Lion A2 is Thirsty
Lion A2drank water
LionA2f ate: C1m
Wolf B1f is running away from: LionA0
Wolf B1 is Hungry
Wolf B1f is chasing: C0m
Wolf C5 is Thirsty
Wolf C5drank water
Wolf C5 m is ready to mate
Wolf C1 is Thirsty
Wolf C1drank water
Wolf C1 f is ready to mate
Wolf B3m is running away from: LionA2
Wolf B3m ate!
Wolf B3 is Thirsty
Wolf B3drank water
Wolf B3 m is ready to mate
Rabbit B3 is Thirsty
Rabbit B3drank water
Rabbit B3 f is ready to mate
Rabbit C1 is Thirsty
Rabbit C1drank water
Rabbit C1m is running away from: LionA2
Rabbit C1m is running away from: WolfC1
Rabbit C1 m is ready to mate
Rabbit C1 m is approaching partner: Rabbit B3f
Rabbit A5m is running away from: LionA2
Rabbit A5 m is ready to mate
Rabbit A5 m is approaching partner: Rabbit B3f
Rabbit C1 is Thirsty
Rabbit C1drank water
Rabbit C1 f is ready to mate
Rabbit C3 is Thirsty
Rabbit C3drank water
Rabbit C3 m is ready to mate
Rabbit C3 m is approaching partner: Rabbit B3f
Rabbit A1 m is ready to mate
Rabbit A1 m is approaching partner: Rabbit C1f
Rabbit C0 m is ready to mate
Rabbit C0 m is approaching partner: Rabbit B3f
Rabbit C3 is Thirsty
Rabbit C3drank water
Rabbit C3m is running away from: LionA2
Rabbit C3 m is ready to mate
Rabbit C3 m is approaching partner: Rabbit B3f
Rabbit B2 is Thirsty
Rabbit B2drank water
Rabbit B2m is running away from: LionA2
Rabbit B2m is running away from: WolfB3
Rabbit B2 m is ready to mate
Rabbit B2 m is approaching partner: Rabbit B3f
Rabbit B2 m is ready to mate
Rabbit B2 m is approaching partner: Rabbit C1f
Rabbit C5 is Thirsty
Rabbit C5drank water
Rabbit B5 is Thirsty
Rabbit B5drank water
Rabbit B5 is Hungry
Rabbit B5mate
Rabbit B5 m is ready to mate
Rabbit B5 m is approaching partner: Rabbit C1f
Rabbit C0 f was born!Father is B5 and Mother is C1
Rabbit A1 m is ready to mate
Rabbit A1 m is approaching partner: Rabbit B3f
Lion A0 m is ready to mate
No Female Lion Partner or Female Lion partners are not ready to mate Yet!
Lion B4 is Thirsty
Lion B4drank water
Lion B4 m is ready to mate
No Female Lion Partner or Female Lion partners are not ready to mate Yet!
Lion A2 is Thirsty
Lion A2drank water
Lion A2 m is ready to mate
No Female Lion Partner or Female Lion partners are not ready to mate Yet!
Lion A2 is Thirsty
Lion A2drank water
Wolf B1f is running away from: LionA0
Wolf B1f ate!
Wolf C5 is Thirsty
Wolf C5drank water
Wolf C5 m is ready to mate
Wolf C1 is Thirsty
Wolf C1drank water
Wolf C1 f is ready to mate
Wolf B3m is running away from: LionA2
Wolf B3 is Thirsty
Wolf B3drank water
Wolf B3 m is ready to mate
Rabbit B3 is Thirsty
Rabbit B3drank water
Rabbit B3 f is ready to mate
Rabbit C1 is Thirsty
Rabbit C1drank water
Rabbit C1m is running away from: LionA2
Rabbit C1m is running away from: WolfC5
Rabbit C1 m is ready to mate
Rabbit C1 m is approaching partner: Rabbit B3f
Rabbit A5m is running away from: LionA2
Rabbit A5 m is ready to mate
Rabbit A5 m is approaching partner: Rabbit B3f
Rabbit C1 is Thirsty
Rabbit C1drank water
Rabbit A1 m is ready to mate
Rabbit A1 m is approaching partner: Rabbit B3f
Rabbit C0 m is ready to mate
Rabbit C0 m is approaching partner: Rabbit B3f
Rabbit A0 f was born!Father is C0 and Mother is B3
Rabbit C3 is Thirsty
Rabbit C3drank water
Rabbit C3 m is ready to mate
Not enough female Rabbits or Female Rabbit partners are not ready yet!
Rabbit B2 is Thirsty
Rabbit B2drank water
Rabbit B2m is running away from: LionA2
Rabbit B2m is running away from: WolfC5
Rabbit B2 m is ready to mate
Not enough female Rabbits or Female Rabbit partners are not ready yet!
Rabbit B2 m is ready to mate
Not enough female Rabbits or Female Rabbit partners are not ready yet!
Rabbit C5 is Thirsty
Rabbit C5drank water
Rabbit B5 is Thirsty
Rabbit B5drank water
Rabbit B5 m is ready to mate
Not enough female Rabbits or Female Rabbit partners are not ready yet!
Rabbit A1 m is ready to mate
Not enough female Rabbits or Female Rabbit partners are not ready yet!
Lion A0 m is ready to mate
No Female Lion Partner or Female Lion partners are not ready to mate Yet!
Lion B4 m is ready to mate
No Female Lion Partner or Female Lion partners are not ready to mate Yet!
Lion A2 is Thirsty
Lion A2drank water
Lion A2 m is ready to mate
No Female Lion Partner or Female Lion partners are not ready to mate Yet!
Lion A2 is Thirsty
Lion A2drank water
Wolf B1f is running away from: LionA0
Wolf C5 is Hungry
Wolf C5m is chasing: B2m
Wolf C5 is Thirsty
Wolf C5drank water
Wolf C5 m is ready to mate
Wolf C1f is running away from: LionA2
Wolf C1 is Thirsty
Wolf C1drank water
Wolf C1 f is ready to mate
Wolf B3 is Thirsty
Wolf B3drank water
Wolf B3 m is ready to mate
Wolf C5 m was born! Father is B3 and Mother is C1
Rabbit B3 is Thirsty
Rabbit B3drank water
Rabbit C1 is Thirsty
Rabbit C1drank water
Rabbit C1m is running away from: LionA2
Rabbit C1m is running away from: WolfC5
Rabbit C1 m is ready to mate
Not enough female Rabbits or Female Rabbit partners are not ready yet!
Rabbit A5m is running away from: LionA2
Rabbit A5 m is ready to mate
Not enough female Rabbits or Female Rabbit partners are not ready yet!
Rabbit A1 m is ready to mate
Not enough female Rabbits or Female Rabbit partners are not ready yet!
Rabbit C0 m is ready to mate
Not enough female Rabbits or Female Rabbit partners are not ready yet!
Rabbit C3 m is ready to mate
Not enough female Rabbits or Female Rabbit partners are not ready yet!
Rabbit B2 is Thirsty
Rabbit B2drank water
Rabbit B2 m is ready to mate
Not enough female Rabbits or Female Rabbit partners are not ready yet!
Rabbit B2 m is ready to mate
Not enough female Rabbits or Female Rabbit partners are not ready yet!
Rabbit C5 is Thirsty
Rabbit C5drank water
Rabbit B5 m is ready to mate
Not enough female Rabbits or Female Rabbit partners are not ready yet!
Rabbit A1 is Hungry
Rabbit A1mate
Rabbit A1 m is ready to mate
Not enough female Rabbits or Female Rabbit partners are not ready yet!
Lion A0 m is ready to mate
No Female Lion Partner or Female Lion partners are not ready to mate Yet!
Lion B4 m is ready to mate
No Female Lion Partner or Female Lion partners are not ready to mate Yet!
Lion A2 m is ready to mate
No Female Lion Partner or Female Lion partners are not ready to mate Yet!
Lion A2 is Thirsty
Lion A2drank water
Wolf B1f ate!
Wolf C5 is Hungry
Wolf C5m is chasing: B2m
Wolf C5m ate!
Wolf C5 is Thirsty
Wolf C5drank water
Wolf C5 m is ready to mate
No Female Wolf Partner or Female Wolf Partner not ready yet!
Wolf C1 is Thirsty
Wolf C1drank water
Wolf B3 is Thirsty
Wolf B3drank water
Wolf B3 m is ready to mate
No Female Wolf Partner or Female Wolf Partner not ready yet!
Rabbit B3 is Thirsty
Rabbit B3drank water
Rabbit B3f is running away from: WolfB1
Rabbit B3 is Hungry
Rabbit B3fate
Rabbit C1 is Thirsty
Rabbit C1drank water
Rabbit C1m is running away from: LionA2
Rabbit C1 is Hungry
Rabbit C1mate
Rabbit C1 m is ready to mate
Not enough female Rabbits or Female Rabbit partners are not ready yet!
Rabbit A5m is running away from: LionA2
Rabbit A5m is running away from: WolfC5
Rabbit A5 is Hungry
Rabbit A5mate
Rabbit A5 m is ready to mate
Not enough female Rabbits or Female Rabbit partners are not ready yet!
Rabbit C1 is Hungry
Rabbit C1fate
Rabbit A1 is Hungry
Rabbit A1mate
Rabbit A1 m is ready to mate
Not enough female Rabbits or Female Rabbit partners are not ready yet!
Rabbit C0 is Hungry
Rabbit C0mate
Rabbit C0 m is ready to mate
Not enough female Rabbits or Female Rabbit partners are not ready yet!
Rabbit C3m is running away from: WolfC5
Rabbit C3 is Hungry
Rabbit C3mate
Rabbit C3 m is ready to mate
Not enough female Rabbits or Female Rabbit partners are not ready yet!
Rabbit B2 is Hungry
Rabbit B2mate
Rabbit B2 m is ready to mate
Not enough female Rabbits or Female Rabbit partners are not ready yet!
Rabbit C5 is Thirsty
Rabbit C5drank water
Rabbit C5 is Hungry
Rabbit C5fate
Rabbit B5 m is ready to mate
Not enough female Rabbits or Female Rabbit partners are not ready yet!
Rabbit A1 m is ready to mate
Not enough female Rabbits or Female Rabbit partners are not ready yet!
Lion A0 m is ready to mate
No Female Lion Partner or Female Lion partners are not ready to mate Yet!
Lion B4 m is ready to mate
No Female Lion Partner or Female Lion partners are not ready to mate Yet!
Lion A2 m is ready to mate
No Female Lion Partner or Female Lion partners are not ready to mate Yet!
Lion A2 is Thirsty
Lion A2drank water
Wolf C5 is Thirsty
Wolf C5drank water
Wolf C5 m is ready to mate
No Female Wolf Partner or Female Wolf Partner not ready yet!
Wolf C1f is running away from: LionA2
Wolf C1 is Thirsty
Wolf C1drank water
Wolf B3 is Thirsty
Wolf B3drank water
Wolf B3 m is ready to mate
No Female Wolf Partner or Female Wolf Partner not ready yet!
Rabbit B3 is Thirsty
Rabbit B3drank water
Rabbit C1m is running away from: LionA2
Rabbit C1 m is ready to mate
Not enough female Rabbits or Female Rabbit partners are not ready yet!
Rabbit A5m is running away from: LionA2
Rabbit A5m is running away from: WolfC5
Rabbit A5 m is ready to mate
Not enough female Rabbits or Female Rabbit partners are not ready yet!
Rabbit A1 m is ready to mate
Not enough female Rabbits or Female Rabbit partners are not ready yet!
Rabbit C0 m is ready to mate
Not enough female Rabbits or Female Rabbit partners are not ready yet!
Rabbit C3m is running away from: WolfC5
Rabbit C3 m is ready to mate
Not enough female Rabbits or Female Rabbit partners are not ready yet!
Rabbit B2 m is ready to mate
Not enough female Rabbits or Female Rabbit partners are not ready yet!
Rabbit C5 is Thirsty
Rabbit C5drank water
Rabbit B5 m is ready to mate
Not enough female Rabbits or Female Rabbit partners are not ready yet!
Rabbit A1 m is ready to mate
Not enough female Rabbits or Female Rabbit partners are not ready yet!
Rabbit A0 is Hungry
Rabbit A0fate
Lion A0 m is ready to mate
No Female Lion Partner or Female Lion partners are not ready to mate Yet!
Lion B4 m is ready to mate
No Female Lion Partner or Female Lion partners are not ready to mate Yet!
Lion A2 m is ready to mate
No Female Lion Partner or Female Lion partners are not ready to mate Yet!
Lion A2 is Thirsty
Lion A2drank water
Lion C2 is Thirsty
Lion C2drank water
Wolf C5m ate!
Wolf C5 m is ready to mate
No Female Wolf Partner or Female Wolf Partner not ready yet!
Wolf C1 is Thirsty
Wolf C1drank water
Wolf B3 is Thirsty
Wolf B3drank water
Wolf B3 m is ready to mate
No Female Wolf Partner or Female Wolf Partner not ready yet!
Wolf A4 is Hungry
Wolf A4f is chasing: B3f
Rabbit B3 is Thirsty
Rabbit B3drank water
Rabbit C1m is running away from: LionA2
Rabbit C1 m is ready to mate
Not enough female Rabbits or Female Rabbit partners are not ready yet!
Rabbit A5m is running away from: LionA2
Rabbit A5m is running away from: WolfC5
Rabbit A5 m is ready to mate
Not enough female Rabbits or Female Rabbit partners are not ready yet!
Rabbit A1 m is ready to mate
Not enough female Rabbits or Female Rabbit partners are not ready yet!
Rabbit C0 m is ready to mate
Not enough female Rabbits or Female Rabbit partners are not ready yet!
Rabbit B2 m is ready to mate
Not enough female Rabbits or Female Rabbit partners are not ready yet!
Rabbit C5 is Thirsty
Rabbit C5drank water
Rabbit B5 is Hungry
Rabbit B5mate
Rabbit B5 m is ready to mate
Not enough female Rabbits or Female Rabbit partners are not ready yet!
Rabbit A1 m is ready to mate
Not enough female Rabbits or Female Rabbit partners are not ready yet!
Rabbit C0 is Hungry
Rabbit C0fate
Lion A0 m is ready to mate
No Female Lion Partner or Female Lion partners are not ready to mate Yet!
Lion B4 m is ready to mate
No Female Lion Partner or Female Lion partners are not ready to mate Yet!
LionA2m ate: C1m
Lion A2 m is ready to mate
No Female Lion Partner or Female Lion partners are not ready to mate Yet!
Lion A2 is Thirsty
Lion A2drank water
Lion C2 is Thirsty
Lion C2drank water
Wolf C5 m is ready to mate
No Female Wolf Partner or Female Wolf Partner not ready yet!
Wolf C1 is Thirsty
Wolf C1drank water
Wolf B3 is Thirsty
Wolf B3drank water
Wolf B3 m is ready to mate
No Female Wolf Partner or Female Wolf Partner not ready yet!
Wolf A4 is Hungry
Wolf A4f is chasing: B3f
Rabbit B3 is Thirsty
Rabbit B3drank water
Rabbit B3f is running away from: WolfB1
Rabbit C1m is running away from: LionA2
Rabbit C1m is running away from: WolfB3
Rabbit C1 m is ready to mate
Not enough female Rabbits or Female Rabbit partners are not ready yet!
Rabbit A5m is running away from: LionA2
Rabbit A5m is running away from: WolfB3
Rabbit A5 m is ready to mate
Not enough female Rabbits or Female Rabbit partners are not ready yet!
Rabbit A1 m is ready to mate
Not enough female Rabbits or Female Rabbit partners are not ready yet!
Rabbit C0 m is ready to mate
Not enough female Rabbits or Female Rabbit partners are not ready yet!
Rabbit B2 m is ready to mate
Not enough female Rabbits or Female Rabbit partners are not ready yet!
Rabbit C5 f is ready to mate
Rabbit B5 m is ready to mate
Rabbit B5 m is approaching partner: Rabbit C5f
Rabbit A1 m is ready to mate
Rabbit A1 m is approaching partner: Rabbit C5f
Rabbit A0 f is ready to mate
Lion A0 m is ready to mate
No Female Lion Partner or Female Lion partners are not ready to mate Yet!
Lion B4 m is ready to mate
No Female Lion Partner or Female Lion partners are not ready to mate Yet!
Lion A2 m is ready to mate
No Female Lion Partner or Female Lion partners are not ready to mate Yet!
Lion A2 is Thirsty
Lion A2drank water
Lion C2 is Thirsty
Lion C2drank water
Wolf C5 m is ready to mate
No Female Wolf Partner or Female Wolf Partner not ready yet!
Wolf C1f is running away from: LionA2
Wolf C1 is Thirsty
Wolf C1drank water
Wolf B3m ate!
Wolf B3 m is ready to mate
No Female Wolf Partner or Female Wolf Partner not ready yet!
Wolf A4 is Hungry
Wolf A4f is chasing: B3f
Rabbit B3 is Thirsty
Rabbit B3drank water
Rabbit B3f is running away from: WolfA4
Rabbit C1m is running away from: LionA2
Rabbit C1m is running away from: WolfB3
Rabbit C1 m is ready to mate
Rabbit C1 m is approaching partner: Rabbit C5f
Rabbit A1 m is ready to mate
Rabbit A1 m is approaching partner: Rabbit C5f
Rabbit C0 m is ready to mate
Rabbit C0 m is approaching partner: Rabbit C5f
Rabbit B2 m is ready to mate
Rabbit B2 m is approaching partner: Rabbit C5f
Rabbit A0 f was born!Father is B2 and Mother is C5
Rabbit B5 m is ready to mate
Rabbit B5 m is approaching partner: Rabbit A0f
Rabbit A1 is Thirsty
Rabbit A1drank water
Rabbit A1 is Hungry
Rabbit A1mate
Rabbit A1 m is ready to mate
Rabbit A1 m is approaching partner: Rabbit A0f
Rabbit A0 f is ready to mate
Lion A0 m is ready to mate
No Female Lion Partner or Female Lion partners are not ready to mate Yet!
Lion B4 m is ready to mate
No Female Lion Partner or Female Lion partners are not ready to mate Yet!
Lion A2 m is ready to mate
No Female Lion Partner or Female Lion partners are not ready to mate Yet!
Lion A2 is Thirsty
Lion A2drank water
Wolf B1f is running away from: LionA0
Wolf C5 m is ready to mate
No Female Wolf Partner or Female Wolf Partner not ready yet!
Wolf C1 is Thirsty
Wolf C1drank water
Wolf B3 m is ready to mate
No Female Wolf Partner or Female Wolf Partner not ready yet!
Wolf A4 is Hungry
Wolf A4f is chasing: B3f
Wolf A4f ate!
Rabbit C1m is running away from: LionA2
Rabbit C1m is running away from: WolfB3
Rabbit C1 is Hungry
Rabbit C1mate
Rabbit C1 m is ready to mate
Rabbit C1 m is approaching partner: Rabbit A0f
Rabbit C1 is Hungry
Rabbit C1fate
Rabbit A1 is Hungry
Rabbit A1mate
Rabbit A1 m is ready to mate
Rabbit A1 m is approaching partner: Rabbit A0f
Rabbit C0 is Hungry
Rabbit C0mate
Rabbit C0 m is ready to mate
Rabbit C0 m is approaching partner: Rabbit A0f
Rabbit B2 is Hungry
Rabbit B2mate
Rabbit B2 m is ready to mate
Rabbit B2 m is approaching partner: Rabbit A0f
Rabbit C5 is Hungry
Rabbit C5fate
Rabbit B5 m is ready to mate
Rabbit B5 m is approaching partner: Rabbit A0f
Rabbit A1 is Thirsty
Rabbit A1drank water
Rabbit A1 m is ready to mate
Rabbit A1 m is approaching partner: Rabbit A0f
Rabbit A0 f is ready to mate
Lion A0 m is ready to mate
No Female Lion Partner or Female Lion partners are not ready to mate Yet!
Lion B4 m is ready to mate
No Female Lion Partner or Female Lion partners are not ready to mate Yet!
Lion A2 m is ready to mate
No Female Lion Partner or Female Lion partners are not ready to mate Yet!
Lion A2 is Thirsty
Lion A2drank water
Wolf C5 m is ready to mate
No Female Wolf Partner or Female Wolf Partner not ready yet!
Wolf C1f is running away from: LionA2
Wolf C1 is Hungry
Wolf C1f is chasing: C1m
Wolf C1 is Thirsty
Wolf C1drank water
Wolf B3 m is ready to mate
No Female Wolf Partner or Female Wolf Partner not ready yet!
Rabbit C1 m is ready to mate
Rabbit C1 m is approaching partner: Rabbit A0f
Rabbit A1 m is ready to mate
Rabbit A1 m is approaching partner: Rabbit A0f
Rabbit C0 m is ready to mate
Rabbit C0 m is approaching partner: Rabbit A0f
Rabbit B2 m is ready to mate
Rabbit B2 m is approaching partner: Rabbit A0f
Rabbit B5 m is ready to mate
Rabbit B5 m is approaching partner: Rabbit A0f
Rabbit A1 m is ready to mate
Rabbit A1 m is approaching partner: Rabbit A0f
Rabbit A0 is Hungry
Rabbit A0fate
Rabbit A0 f is ready to mate
Lion A0 m is ready to mate
No Female Lion Partner or Female Lion partners are not ready to mate Yet!
Lion B4 m is ready to mate
No Female Lion Partner or Female Lion partners are not ready to mate Yet!
Lion A2 m is ready to mate
No Female Lion Partner or Female Lion partners are not ready to mate Yet!
Lion A2 is Thirsty
Lion A2drank water
Wolf C5 m is ready to mate
No Female Wolf Partner or Female Wolf Partner not ready yet!
Wolf C1f is running away from: LionA2
Wolf C1 is Hungry
Wolf C1f is chasing: C1m
Wolf C1 is Thirsty
Wolf C1drank water
Wolf B3 m is ready to mate
No Female Wolf Partner or Female Wolf Partner not ready yet!
Rabbit C1 m is ready to mate
Rabbit C1 m is approaching partner: Rabbit A0f
Rabbit A1 m is ready to mate
Rabbit A1 m is approaching partner: Rabbit A0f
Rabbit C0 m is ready to mate
Rabbit C0 m is approaching partner: Rabbit A0f
Rabbit B2 m is ready to mate
Rabbit B2 m is approaching partner: Rabbit A0f
Rabbit B5 is Hungry
Rabbit B5mate
Rabbit B5 m is ready to mate
Rabbit B5 m is approaching partner: Rabbit A0f
Rabbit A1 m is ready to mate
Rabbit A1 m is approaching partner: Rabbit A0f
Rabbit A0 f is ready to mate
Rabbit C0 is Hungry
Rabbit C0fate
Lion A0 m is ready to mate
No Female Lion Partner or Female Lion partners are not ready to mate Yet!
Lion B4 m is ready to mate
No Female Lion Partner or Female Lion partners are not ready to mate Yet!
Lion A2 m is ready to mate
No Female Lion Partner or Female Lion partners are not ready to mate Yet!
Wolf C5 m is ready to mate
No Female Wolf Partner or Female Wolf Partner not ready yet!
Wolf C1 is Hungry
Wolf C1f is chasing: C1m
Wolf C1 is Thirsty
Wolf C1drank water
Wolf B3 m is ready to mate
No Female Wolf Partner or Female Wolf Partner not ready yet!
Wolf A4 is Thirsty
Wolf A4drank water
Rabbit C1 m is ready to mate
Rabbit C1 m is approaching partner: Rabbit A0f
Rabbit A1 m is ready to mate
Rabbit A1 m is approaching partner: Rabbit A0f
Rabbit C0 m is ready to mate
Rabbit C0 m is approaching partner: Rabbit A0f
Rabbit B2 m is ready to mate
Rabbit B2 m is approaching partner: Rabbit A0f
Rabbit C5f is running away from: WolfA4
Rabbit B5 m is ready to mate
Rabbit B5 m is approaching partner: Rabbit A0f
Rabbit A1 m is ready to mate
Rabbit A1 m is approaching partner: Rabbit A0f
Rabbit A0 f is ready to mate
Rabbit A0f is running away from: WolfA4
Lion A0 m is ready to mate
No Female Lion Partner or Female Lion partners are not ready to mate Yet!
Lion B4 m is ready to mate
No Female Lion Partner or Female Lion partners are not ready to mate Yet!
Lion A2 m is ready to mate
No Female Lion Partner or Female Lion partners are not ready to mate Yet!
Wolf B1f is running away from: LionA0
Wolf C5 m is ready to mate
No Female Wolf Partner or Female Wolf Partner not ready yet!
Wolf C1f is running away from: LionA2
Wolf C1 is Hungry
Wolf C1f is chasing: C1m
Wolf C1 is Thirsty
Wolf C1drank water
Wolf B3 m is ready to mate
No Female Wolf Partner or Female Wolf Partner not ready yet!
Wolf A4 is Thirsty
Wolf A4drank water
Rabbit C1 m is ready to mate
Rabbit C1 m is approaching partner: Rabbit A0f
Rabbit C1 f is ready to mate
Rabbit A1 m is ready to mate
Rabbit A1 m is approaching partner: Rabbit C1f
Rabbit C0 m is ready to mate
Rabbit C0 m is approaching partner: Rabbit C1f
Rabbit C3 f was born!Father is C0 and Mother is C1
Rabbit B2 m is ready to mate
Rabbit B2 m is approaching partner: Rabbit A0f
Rabbit B5 m is ready to mate
Rabbit B5 m is approaching partner: Rabbit A0f
Rabbit C4 m was born!Father is B5 and Mother is A0
Rabbit A1 is Hungry
Rabbit A1mate
Rabbit A1 m is ready to mate
Not enough female Rabbits or Female Rabbit partners are not ready yet!
Rabbit C0 f is ready to mate
Rabbit A0 is Hungry
Rabbit A0fate
Lion A0 m is ready to mate
No Female Lion Partner or Female Lion partners are not ready to mate Yet!
Lion B4 m is ready to mate
No Female Lion Partner or Female Lion partners are not ready to mate Yet!
Lion A2 m is ready to mate
No Female Lion Partner or Female Lion partners are not ready to mate Yet!
Wolf C5 m is ready to mate
No Female Wolf Partner or Female Wolf Partner not ready yet!
Wolf C1 is Hungry
Wolf C1f is chasing: C1m
Wolf C1 is Thirsty
Wolf C1drank water
Wolf B3 m is ready to mate
No Female Wolf Partner or Female Wolf Partner not ready yet!
Wolf A4f is running away from: LionA0
Wolf A4 is Thirsty
Wolf A4drank water
rabbit C1m Died of Old Age
Rabbit C1 is Hungry
Rabbit C1mate
Rabbit C1 m is ready to mate
Rabbit C1 m is approaching partner: Rabbit C0f
rabbit C1f Died of Old Age
Rabbit C1 is Hungry
Rabbit C1fate
rabbit A1m Died of Old Age
Rabbit A1 is Hungry
Rabbit A1mate
Rabbit A1 m is ready to mate
Rabbit A1 m is approaching partner: Rabbit C0f
rabbit C0m Died of Old Age
Rabbit C0 is Hungry
Rabbit C0mate
Rabbit C0 m is ready to mate
Rabbit C0 m is approaching partner: Rabbit C0f
rabbit B2m Died of Old Age
Rabbit B2 is Hungry
Rabbit B2mate
Rabbit B2 m is ready to mate
Rabbit B2 m is approaching partner: Rabbit C0f
rabbit C5f Died of Old Age
Rabbit C5f is running away from: LionB4
Rabbit C5 is Hungry
Rabbit C5fate
Rabbit B5 m is ready to mate
Rabbit B5 m is approaching partner: Rabbit C0f
Rabbit A1 m is ready to mate
Rabbit A1 m is approaching partner: Rabbit C0f
Rabbit C0 f is ready to mate
Lion A0 m is ready to mate
No Female Lion Partner or Female Lion partners are not ready to mate Yet!
Lion B4 m is ready to mate
No Female Lion Partner or Female Lion partners are not ready to mate Yet!
Lion A2 m is ready to mate
No Female Lion Partner or Female Lion partners are not ready to mate Yet!
Wolf C5 m is ready to mate
No Female Wolf Partner or Female Wolf Partner not ready yet!
Wolf C1f is running away from: LionA2
Wolf C1 is Hungry
Wolf C1f is chasing: A0f
Wolf C1 is Thirsty
Wolf C1drank water
Wolf B3 m is ready to mate
No Female Wolf Partner or Female Wolf Partner not ready yet!
Wolf A4 is Thirsty
Wolf A4drank water
Rabbit B5 m is ready to mate
Rabbit B5 m is approaching partner: Rabbit C0f
Rabbit A1 m is ready to mate
Rabbit A1 m is approaching partner: Rabbit C0f
Rabbit A4 f was born!Father is A1 and Mother is C0
Rabbit A0 is Thirsty
Rabbit A0drank water
Rabbit A0 is Hungry
Rabbit A0fate
Lion A0 m is ready to mate
No Female Lion Partner or Female Lion partners are not ready to mate Yet!
Lion B4 m is ready to mate
No Female Lion Partner or Female Lion partners are not ready to mate Yet!
Lion A2 m is ready to mate
No Female Lion Partner or Female Lion partners are not ready to mate Yet!
Wolf C5 m is ready to mate
No Female Wolf Partner or Female Wolf Partner not ready yet!
Wolf C1f is running away from: LionA2
Wolf C1 is Hungry
Wolf C1f is chasing: A4f
Wolf B3 m is ready to mate
No Female Wolf Partner or Female Wolf Partner not ready yet!
Wolf A4 is Thirsty
Wolf A4drank water
rabbit B5m Died of Old Age
Rabbit B5 is Hungry
Rabbit B5mate
Rabbit B5 m is ready to mate
Not enough female Rabbits or Female Rabbit partners are not ready yet!
Rabbit A1 m is ready to mate
Not enough female Rabbits or Female Rabbit partners are not ready yet!
Rabbit A0 is Thirsty
Rabbit A0drank water
Rabbit C0 is Hungry
Rabbit C0fate
Rabbit A4f is running away from: WolfB1
Lion A0 m is ready to mate
No Female Lion Partner or Female Lion partners are not ready to mate Yet!
Lion B4 m is ready to mate
No Female Lion Partner or Female Lion partners are not ready to mate Yet!
Lion A2 m is ready to mate
No Female Lion Partner or Female Lion partners are not ready to mate Yet!
Wolf C5 m is ready to mate
No Female Wolf Partner or Female Wolf Partner not ready yet!
Wolf C1f is running away from: LionA2
Wolf C1 is Hungry
Wolf C1f is chasing: A0f
Wolf B3 m is ready to mate
No Female Wolf Partner or Female Wolf Partner not ready yet!
Wolf C5 is Hungry
Wolf C5m is chasing: A0f
Rabbit A1m is running away from: WolfB1
Rabbit A1 m is ready to mate
Not enough female Rabbits or Female Rabbit partners are not ready yet!
Rabbit A0 is Thirsty
Rabbit A0drank water
Rabbit C0f is running away from: WolfB1
Rabbit A4f is running away from: WolfB1
Lion A0 m is ready to mate
No Female Lion Partner or Female Lion partners are not ready to mate Yet!
Lion B4 m is ready to mate
No Female Lion Partner or Female Lion partners are not ready to mate Yet!
Lion A2 m is ready to mate
No Female Lion Partner or Female Lion partners are not ready to mate Yet!
Wolf B1f ate!
Wolf C5 m is ready to mate
No Female Wolf Partner or Female Wolf Partner not ready yet!
Wolf C1 is Hungry
Wolf C1f is chasing: A0f
Wolf B3 m is ready to mate
No Female Wolf Partner or Female Wolf Partner not ready yet!
Wolf C5 is Hungry
Wolf C5m is chasing: A0f
Rabbit A1 is Hungry
Rabbit A1mate
Rabbit A1 m is ready to mate
Not enough female Rabbits or Female Rabbit partners are not ready yet!
Rabbit A0 is Thirsty
Rabbit A0drank water
Rabbit A0 is Hungry
Rabbit A0fate
Rabbit C3 is Hungry
Rabbit C3fate
Rabbit C4 is Hungry
Rabbit C4mate
Rabbit A4f is running away from: WolfB1
Lion A0 m is ready to mate
No Female Lion Partner or Female Lion partners are not ready to mate Yet!
Lion B4 m is ready to mate
No Female Lion Partner or Female Lion partners are not ready to mate Yet!
Lion A2 m is ready to mate
No Female Lion Partner or Female Lion partners are not ready to mate Yet!
Wolf B1f Died of Old Age
Wolf C5m Died of Old Age
Wolf C5 m is ready to mate
No Female Wolf Partner or Female Wolf Partner not ready yet!
Wolf C1f Died of Old Age
Wolf C1 is Hungry
Wolf C1f is chasing: A0f
Wolf B3m Died of Old Age
Wolf B3 m is ready to mate
No Female Wolf Partner or Female Wolf Partner not ready yet!
Wolf C5 is Hungry
Wolf C5m is chasing: A0f
Rabbit A1 m is ready to mate
Not enough female Rabbits or Female Rabbit partners are not ready yet!
Rabbit A0 is Thirsty
Rabbit A0drank water
Lion A0 m is ready to mate
No Female Lion Partner or Female Lion partners are not ready to mate Yet!
Lion B4 m is ready to mate
No Female Lion Partner or Female Lion partners are not ready to mate Yet!
Lion A2 m is ready to mate
No Female Lion Partner or Female Lion partners are not ready to mate Yet!
Wolf A4f is running away from: LionB4
Wolf C5 is Hungry
Wolf C5m is chasing: A0f
Rabbit A1 m is ready to mate
Not enough female Rabbits or Female Rabbit partners are not ready yet!
Rabbit A0 is Thirsty
Rabbit A0drank water
Rabbit A0 is Hungry
Rabbit A0fate
Rabbit A0 f is ready to mate
Rabbit A4 is Hungry
Rabbit A4fate
Lion A0 is Thirsty
Lion A0drank water
Lion A0 m is ready to mate
No Female Lion Partner or Female Lion partners are not ready to mate Yet!
Lion B4 m is ready to mate
No Female Lion Partner or Female Lion partners are not ready to mate Yet!
Lion A2 m is ready to mate
No Female Lion Partner or Female Lion partners are not ready to mate Yet!
Wolf C5 is Hungry
Wolf C5m is chasing: A0f
Rabbit A1 m is ready to mate
Rabbit A1 m is approaching partner: Rabbit A0f
Rabbit A0 f is ready to mate
Lion A0 m is ready to mate
No Female Lion Partner or Female Lion partners are not ready to mate Yet!
Lion B4 is Thirsty
Lion B4drank water
Lion B4 m is ready to mate
No Female Lion Partner or Female Lion partners are not ready to mate Yet!
Lion A2 m is ready to mate
No Female Lion Partner or Female Lion partners are not ready to mate Yet!
Wolf C5 is Hungry
Wolf C5m is chasing: A0f
Rabbit A1 m is ready to mate
Rabbit A1 m is approaching partner: Rabbit A0f
Rabbit A0 f is ready to mate
Lion A0 m is ready to mate
No Female Lion Partner or Female Lion partners are not ready to mate Yet!
Lion B4 m is ready to mate
No Female Lion Partner or Female Lion partners are not ready to mate Yet!
Lion A2 is Thirsty
Lion A2drank water
Lion A2 m is ready to mate
No Female Lion Partner or Female Lion partners are not ready to mate Yet!
Wolf A4 is Hungry
Wolf A4f is chasing: A0f
Wolf C5 is Hungry
Wolf C5m is chasing: A0f
Wolf C5 is Thirsty
Wolf C5drank water
rabbit A1m Died of Old Age
Rabbit A1 is Hungry
Rabbit A1mate
Rabbit A1 m is ready to mate
Rabbit A1 m is approaching partner: Rabbit A0f
Rabbit A0 is Hungry
Rabbit A0fate
Rabbit A0 f is ready to mate
Rabbit C3 is Hungry
Rabbit C3fate
Rabbit C4 is Hungry
Rabbit C4mate
Lion A0 m is ready to mate
No Female Lion Partner or Female Lion partners are not ready to mate Yet!
Lion B4 m is ready to mate
No Female Lion Partner or Female Lion partners are not ready to mate Yet!
Lion A2 m is ready to mate
No Female Lion Partner or Female Lion partners are not ready to mate Yet!
Wolf A4 is Hungry
Wolf A4f is chasing: A0f
Wolf C5 is Hungry
Wolf C5m is chasing: A0f
Wolf C5 is Thirsty
Wolf C5drank water
Rabbit A0 f is ready to mate
Lion A0 m is ready to mate
No Female Lion Partner or Female Lion partners are not ready to mate Yet!
Lion B4 m is ready to mate
No Female Lion Partner or Female Lion partners are not ready to mate Yet!
Lion A2 m is ready to mate
No Female Lion Partner or Female Lion partners are not ready to mate Yet!
Wolf A4 is Hungry
Wolf A4f is chasing: A0f
Wolf C5 is Hungry
Wolf C5m is chasing: A0f
Rabbit A0 is Hungry
Rabbit A0fate
Rabbit A0 f is ready to mate
Rabbit A0 f is ready to mate
Rabbit C3 f is ready to mate
Rabbit C4 m is ready to mate
Rabbit C4 m is approaching partner: Rabbit A0f
Rabbit A4 is Hungry
Rabbit A4fate
Lion A0 m is ready to mate
No Female Lion Partner or Female Lion partners are not ready to mate Yet!
Lion B4 m is ready to mate
No Female Lion Partner or Female Lion partners are not ready to mate Yet!
Lion A2 m is ready to mate
No Female Lion Partner or Female Lion partners are not ready to mate Yet!
Lion C2 is Hungry
LionC2fis chasing: C5m
Wolf A4 is Hungry
Wolf A4f is chasing: A0f
Wolf A4f ate!
Wolf C5 is Hungry
Wolf C5m is chasing: A4f
Rabbit A0 f is ready to mate
Rabbit C3 f is ready to mate
Rabbit C4 m is ready to mate
Rabbit C4 m is approaching partner: Rabbit A0f
Lion A0 m is ready to mate
No Female Lion Partner or Female Lion partners are not ready to mate Yet!
Lion B4 m is ready to mate
No Female Lion Partner or Female Lion partners are not ready to mate Yet!
Lion A2 m is ready to mate
No Female Lion Partner or Female Lion partners are not ready to mate Yet!
Lion C2 is Hungry
LionC2fis chasing: C5m
Wolf A4 f is ready to mate
Wolf C5 is Hungry
Wolf C5m is chasing: A4f
Rabbit A0 f is ready to mate
Rabbit C3 f is ready to mate
Rabbit C4 m is ready to mate
Rabbit C4 m is approaching partner: Rabbit A0f
Lion A0 m is ready to mate
No Female Lion Partner or Female Lion partners are not ready to mate Yet!
Lion B4 m is ready to mate
No Female Lion Partner or Female Lion partners are not ready to mate Yet!
Lion A2 m is ready to mate
No Female Lion Partner or Female Lion partners are not ready to mate Yet!
Lion C2 is Thirsty
Lion C2drank water
Lion C2 is Hungry
LionC2fis chasing: C5m
Wolf A4 f is ready to mate
Wolf C5 is Hungry
Wolf C5m is chasing: A4f
Rabbit A0 f is ready to mate
Rabbit C3 is Hungry
Rabbit C3fate
Rabbit C3 f is ready to mate
Rabbit C4 is Hungry
Rabbit C4mate
Rabbit C4 m is ready to mate
Rabbit C4 m is approaching partner: Rabbit A0f
Rabbit A4 f is ready to mate
Lion A0 m is ready to mate
No Female Lion Partner or Female Lion partners are not ready to mate Yet!
Lion B4 m is ready to mate
No Female Lion Partner or Female Lion partners are not ready to mate Yet!
Lion A2 m is ready to mate
No Female Lion Partner or Female Lion partners are not ready to mate Yet!
Lion C2 is Hungry
LionC2fis chasing: C5m
Wolf A4 f is ready to mate
Wolf C5m is running away from: LionA0
Wolf C5 is Hungry
Wolf C5m is chasing: A4f
Rabbit A0 f is ready to mate
Rabbit C3 f is ready to mate
Rabbit C4 m is ready to mate
Rabbit C4 m is approaching partner: Rabbit A0f
Rabbit C0 f was born!Father is C4 and Mother is A0
Rabbit A4 f is ready to mate
Lion A0 m is ready to mate
No Female Lion Partner or Female Lion partners are not ready to mate Yet!
Lion B4 m is ready to mate
No Female Lion Partner or Female Lion partners are not ready to mate Yet!
Lion A2 m is ready to mate
No Female Lion Partner or Female Lion partners are not ready to mate Yet!
Lion C2 is Hungry
LionC2fis chasing: C5m
LionC2fate: C5m
Wolf A4 f is ready to mate
rabbit A0f Died of Old Age
Rabbit A0 is Hungry
Rabbit A0fate
Rabbit C3 f is ready to mate
Rabbit C4 m is ready to mate
Rabbit C4 m is approaching partner: Rabbit C3f
Rabbit A4 is Hungry
Rabbit A4fate
Rabbit A4 f is ready to mate
Lion A0 m is ready to mate
No Female Lion Partner or Female Lion partners are not ready to mate Yet!
Lion B4 m is ready to mate
No Female Lion Partner or Female Lion partners are not ready to mate Yet!
Lion A2 m is ready to mate
No Female Lion Partner or Female Lion partners are not ready to mate Yet!
Lion A2 is Thirsty
Lion A2drank water
Wolf A4 f is ready to mate
Rabbit C3 f is ready to mate
Rabbit C4 m is ready to mate
Rabbit C4 m is approaching partner: Rabbit C3f
Rabbit A4 f is ready to mate
Lion A0 m is ready to mate
No Female Lion Partner or Female Lion partners are not ready to mate Yet!
Lion B4 m is ready to mate
No Female Lion Partner or Female Lion partners are not ready to mate Yet!
Lion A2 m is ready to mate
No Female Lion Partner or Female Lion partners are not ready to mate Yet!
Wolf A4f Died of Old Age
Wolf A4 f is ready to mate
Rabbit C3 f is ready to mate
Rabbit C4 m is ready to mate
Rabbit C4 m is approaching partner: Rabbit C3f
Rabbit A4 f is ready to mate
Lion A0 m is ready to mate
No Female Lion Partner or Female Lion partners are not ready to mate Yet!
Lion B4 is Hungry
LionB4mis chasing: A4f
Lion B4 m is ready to mate
No Female Lion Partner or Female Lion partners are not ready to mate Yet!
Lion A2 m is ready to mate
No Female Lion Partner or Female Lion partners are not ready to mate Yet!
Lion A2 f is ready to mate
Lion C2 f is ready to mate
Rabbit C3 is Thirsty
Rabbit C3drank water
Rabbit C3 is Hungry
Rabbit C3fate
Rabbit C3 f is ready to mate
Rabbit C4 is Thirsty
Rabbit C4drank water
Rabbit C4 is Hungry
Rabbit C4mate
Rabbit C4 m is ready to mate
Rabbit C4 m is approaching partner: Rabbit C3f
Rabbit C3 m was born!Father is C4 and Mother is C3
Rabbit A4 f is ready to mate
Lion A0 m is ready to mate
Lion B4 is Hungry
LionB4mis chasing: A4f
Lion B4 m is ready to mate
Lion A2 m is ready to mate
Lion A2 f is ready to mate
Lion C2 f is ready to mate
Rabbit C3 is Thirsty
Rabbit C3drank water
Rabbit C4 is Thirsty
Rabbit C4drank water
Rabbit C4 m is ready to mate
Rabbit C4 m is approaching partner: Rabbit A4f
Rabbit A4 f is ready to mate
Rabbit C0 is Hungry
Rabbit C0fate
Lion A0 m is ready to mate
Lion B4 is Hungry
LionB4mis chasing: A4f
Lion B4 m is ready to mate
Lion A2 m is ready to mate
Lion A2 f is ready to mate
Lion C2 f is ready to mate
Rabbit C3 is Thirsty
Rabbit C3drank water
Rabbit C4 is Thirsty
Rabbit C4drank water
Rabbit C4 m is ready to mate
Rabbit C4 m is approaching partner: Rabbit A4f
Rabbit A4 is Thirsty
Rabbit A4drank water
Rabbit A4f is running away from: LionB4
Rabbit A4 is Hungry
Rabbit A4fate
Rabbit A4 f is ready to mate
Lion A0 m is ready to mate
Lion B4 is Hungry
LionB4mis chasing: A4f
Lion B4 m is ready to mate
Lion A2 m is ready to mate
Lion A2 f is ready to mate
Lion C2 f is ready to mate
Rabbit C4 is Thirsty
Rabbit C4drank water
Rabbit C4 m is ready to mate
Rabbit C4 m is approaching partner: Rabbit A4f
Rabbit A4 is Thirsty
Rabbit A4drank water
Rabbit A4f is running away from: LionB4
Rabbit A4 f is ready to mate
Lion A0 m is ready to mate
Lion A5 f was born!Father is A0 and Mother is C2
Lion B4 is Hungry
LionB4mis chasing: A4f
LionB4mate: A4f
Lion B4 m is ready to mate
Lion A2 m is ready to mate
Lion A2 f is ready to mate
Rabbit C4 m is ready to mate
Not enough female Rabbits or Female Rabbit partners are not ready yet!
Lion A0 m is ready to mate
Lion B4 m is ready to mate
Lion A2 m is ready to mate
Lion A2 f is ready to mate
Rabbit C3 is Hungry
Rabbit C3fate
Rabbit C4 is Hungry
Rabbit C4mate
Rabbit C4 m is ready to mate
Not enough female Rabbits or Female Rabbit partners are not ready yet!
Rabbit C3 is Hungry
Rabbit C3mate
Lion A0 m is ready to mate
Lion B4 m is ready to mate
Lion A2 m is ready to mate
Lion A2 f is ready to mate
Rabbit C4 m is ready to mate
Not enough female Rabbits or Female Rabbit partners are not ready yet!
Rabbit C0 is Hungry
Rabbit C0fate
Lion A0m Died of Old Age
Lion A0 m is ready to mate
Lion B4m Died of Old Age
Lion B4 m is ready to mate
Lion A2m Died of Old Age
Lion A2 m is ready to mate
Lion A2f Died of Old Age
Lion A2 f is ready to mate
Rabbit C4 m is ready to mate
Not enough female Rabbits or Female Rabbit partners are not ready yet!
Rabbit C4 m is ready to mate
Not enough female Rabbits or Female Rabbit partners are not ready yet!
Rabbit C4 m is ready to mate
Not enough female Rabbits or Female Rabbit partners are not ready yet!
Rabbit C0 f is ready to mate
Rabbit C3 is Hungry
Rabbit C3fate
Rabbit C4 is Hungry
Rabbit C4mate
Rabbit C4 m is ready to mate
Rabbit C4 m is approaching partner: Rabbit C0f
Rabbit C0 f is ready to mate
Rabbit C3 is Hungry
Rabbit C3mate
Rabbit C4 m is ready to mate
Rabbit C4 m is approaching partner: Rabbit C0f
Rabbit C0 is Hungry
Rabbit C0fate
Rabbit C0 f is ready to mate
Rabbit C4 m is ready to mate
Rabbit C4 m is approaching partner: Rabbit C0f
Rabbit C3 m was born!Father is C4 and Mother is C0
Lion C2f Died of Old Age
Rabbit C3 f is ready to mate
Rabbit C4 m is ready to mate
Rabbit C4 m is approaching partner: Rabbit C3f
Rabbit C3 m is ready to mate
Rabbit C3 m is approaching partner: Rabbit C3f
Rabbit C0 m was born!Father is C3 and Mother is C3
Rabbit C4 m is ready to mate
Not enough female Rabbits or Female Rabbit partners are not ready yet!
Rabbit C3 m is ready to mate
Not enough female Rabbits or Female Rabbit partners are not ready yet!
rabbit C3f Died of Old Age
Rabbit C3 is Hungry
Rabbit C3fate
rabbit C4m Died of Old Age
Rabbit C4 is Hungry
Rabbit C4mate
Rabbit C4 m is ready to mate
Not enough female Rabbits or Female Rabbit partners are not ready yet!
Rabbit C3 is Hungry
Rabbit C3mate
Rabbit C3 m is ready to mate
Not enough female Rabbits or Female Rabbit partners are not ready yet!
Rabbit C0 is Thirsty
Rabbit C0drank water
Rabbit C0 is Hungry
Rabbit C0fate
Rabbit C3 m is ready to mate
Not enough female Rabbits or Female Rabbit partners are not ready yet!
Rabbit C0 is Thirsty
Rabbit C0drank water
Rabbit C3 m is ready to mate
Not enough female Rabbits or Female Rabbit partners are not ready yet!
Rabbit C3 is Hungry
Rabbit C3mate
Rabbit C3 m is ready to mate
Not enough female Rabbits or Female Rabbit partners are not ready yet!
Rabbit C0 is Hungry
Rabbit C0mate
Rabbit C3 m is ready to mate
Not enough female Rabbits or Female Rabbit partners are not ready yet!
Rabbit C3 is Thirsty
Rabbit C3drank water
Rabbit C3 is Hungry
Rabbit C3mate
Rabbit C3 m is ready to mate
Not enough female Rabbits or Female Rabbit partners are not ready yet!
Rabbit C0 is Hungry
Rabbit C0fate
Rabbit C3 is Thirsty
Rabbit C3drank water
Rabbit C3 m is ready to mate
Not enough female Rabbits or Female Rabbit partners are not ready yet!
Rabbit C3 is Thirsty
Rabbit C3drank water
Rabbit C3 m is ready to mate
Not enough female Rabbits or Female Rabbit partners are not ready yet!
Rabbit C3 is Hungry
Rabbit C3mate
Rabbit C3 is Thirsty
Rabbit C3drank water
Rabbit C3 m is ready to mate
Not enough female Rabbits or Female Rabbit partners are not ready yet!
Rabbit C0 is Hungry
Rabbit C0mate
Lion A5 is Thirsty
Lion A5drank water
Rabbit C3 m is ready to mate
Not enough female Rabbits or Female Rabbit partners are not ready yet!
Rabbit C3 m is ready to mate
Not enough female Rabbits or Female Rabbit partners are not ready yet!
Lion A5 is Thirsty
Lion A5drank water
Rabbit C0 f is ready to mate
Rabbit C3 is Hungry
Rabbit C3mate
Rabbit C3 m is ready to mate
Rabbit C3 m is approaching partner: Rabbit C0f
Rabbit C3 m is ready to mate
Rabbit C3 m is approaching partner: Rabbit C0f
Rabbit C0 m is ready to mate
Rabbit C0 m is approaching partner: Rabbit C0f
Lion A5 is Thirsty
Lion A5drank water
Rabbit C0 is Hungry
Rabbit C0fate
Rabbit C0 f is ready to mate
Rabbit C3 m is ready to mate
Rabbit C3 m is approaching partner: Rabbit C0f
Rabbit C4 f was born!Father is C3 and Mother is C0
Rabbit C3 m is ready to mate
Not enough female Rabbits or Female Rabbit partners are not ready yet!
Rabbit C0 m is ready to mate
Not enough female Rabbits or Female Rabbit partners are not ready yet!
Lion A5 is Thirsty
Lion A5drank water
Rabbit C3 m is ready to mate
Not enough female Rabbits or Female Rabbit partners are not ready yet!
Rabbit C3 is Hungry
Rabbit C3mate
Rabbit C3 m is ready to mate
Not enough female Rabbits or Female Rabbit partners are not ready yet!
Rabbit C0 m is ready to mate
Not enough female Rabbits or Female Rabbit partners are not ready yet!
Lion A5 is Thirsty
Lion A5drank water
Rabbit C3 m is ready to mate
Not enough female Rabbits or Female Rabbit partners are not ready yet!
Rabbit C3 m is ready to mate
Not enough female Rabbits or Female Rabbit partners are not ready yet!
Rabbit C0 is Hungry
Rabbit C0mate
Rabbit C0 m is ready to mate
Not enough female Rabbits or Female Rabbit partners are not ready yet!
Lion A5 is Thirsty
Lion A5drank water
Rabbit C3 m is ready to mate
Not enough female Rabbits or Female Rabbit partners are not ready yet!
Rabbit C3 m is ready to mate
Not enough female Rabbits or Female Rabbit partners are not ready yet!
Rabbit C0 m is ready to mate
Not enough female Rabbits or Female Rabbit partners are not ready yet!
Lion A5 is Thirsty
Lion A5drank water
Rabbit C3 is Hungry
Rabbit C3mate
Rabbit C3 m is ready to mate
Not enough female Rabbits or Female Rabbit partners are not ready yet!
Rabbit C3 m is ready to mate
Not enough female Rabbits or Female Rabbit partners are not ready yet!
Rabbit C0 m is ready to mate
Not enough female Rabbits or Female Rabbit partners are not ready yet!
Lion A5 is Thirsty
Lion A5drank water
rabbit C0f Died of Old Age
Rabbit C0 is Hungry
Rabbit C0fate
Rabbit C3 m is ready to mate
Not enough female Rabbits or Female Rabbit partners are not ready yet!
Rabbit C3 m is ready to mate
Not enough female Rabbits or Female Rabbit partners are not ready yet!
Rabbit C0 m is ready to mate
Not enough female Rabbits or Female Rabbit partners are not ready yet!
Rabbit C4 is Hungry
Rabbit C4fate
Lion A5 is Thirsty
Lion A5drank water
Rabbit C3 m is ready to mate
Not enough female Rabbits or Female Rabbit partners are not ready yet!
Rabbit C3 is Thirsty
Rabbit C3drank water
Rabbit C3 is Hungry
Rabbit C3mate
Rabbit C3 m is ready to mate
Not enough female Rabbits or Female Rabbit partners are not ready yet!
Rabbit C0 m is ready to mate
Not enough female Rabbits or Female Rabbit partners are not ready yet!
Rabbit C3 m is ready to mate
Not enough female Rabbits or Female Rabbit partners are not ready yet!
Rabbit C3 is Thirsty
Rabbit C3drank water
Rabbit C3 m is ready to mate
Not enough female Rabbits or Female Rabbit partners are not ready yet!
Rabbit C0 is Thirsty
Rabbit C0drank water
Rabbit C0 is Hungry
Rabbit C0mate
Rabbit C0 m is ready to mate
Not enough female Rabbits or Female Rabbit partners are not ready yet!
Rabbit C3 m is ready to mate
Not enough female Rabbits or Female Rabbit partners are not ready yet!
Rabbit C3 is Thirsty
Rabbit C3drank water
Rabbit C3 m is ready to mate
Not enough female Rabbits or Female Rabbit partners are not ready yet!
Rabbit C0 is Thirsty
Rabbit C0drank water
Rabbit C0 m is ready to mate
Not enough female Rabbits or Female Rabbit partners are not ready yet!
rabbit C3m Died of Old Age
Rabbit C3 is Hungry
Rabbit C3mate
Rabbit C3 m is ready to mate
Not enough female Rabbits or Female Rabbit partners are not ready yet!
Rabbit C3 m is ready to mate
Not enough female Rabbits or Female Rabbit partners are not ready yet!
Rabbit C0 is Thirsty
Rabbit C0drank water
Rabbit C0 m is ready to mate
Not enough female Rabbits or Female Rabbit partners are not ready yet!
Rabbit C3 m is ready to mate
Not enough female Rabbits or Female Rabbit partners are not ready yet!
Rabbit C0 is Thirsty
Rabbit C0drank water
Rabbit C0 m is ready to mate
Not enough female Rabbits or Female Rabbit partners are not ready yet!
Rabbit C4 is Hungry
Rabbit C4fate
Rabbit C3 is Hungry
Rabbit C3mate
Rabbit C3 m is ready to mate
Not enough female Rabbits or Female Rabbit partners are not ready yet!
Rabbit C0 m is ready to mate
Not enough female Rabbits or Female Rabbit partners are not ready yet!
Rabbit C3 m is ready to mate
Not enough female Rabbits or Female Rabbit partners are not ready yet!
Rabbit C0 is Hungry
Rabbit C0mate
Rabbit C0 m is ready to mate
Not enough female Rabbits or Female Rabbit partners are not ready yet!
Rabbit C3 m is ready to mate
Not enough female Rabbits or Female Rabbit partners are not ready yet!
Rabbit C0 m is ready to mate
Not enough female Rabbits or Female Rabbit partners are not ready yet!
Rabbit C4 f is ready to mate
Rabbit C3 m is ready to mate
Rabbit C3 m is approaching partner: Rabbit C4f
Rabbit C0 m is ready to mate
Rabbit C0 m is approaching partner: Rabbit C4f
Rabbit C4 f is ready to mate
Rabbit C3 m is ready to mate
Rabbit C3 m is approaching partner: Rabbit C4f
Rabbit C0 m is ready to mate
Rabbit C0 m is approaching partner: Rabbit C4f
Rabbit C4 is Hungry
Rabbit C4fate
Rabbit C4 f is ready to mate
Rabbit C3 is Hungry
Rabbit C3mate
Rabbit C3 m is ready to mate
Rabbit C3 m is approaching partner: Rabbit C4f
Rabbit C0 m is ready to mate
Rabbit C0 m is approaching partner: Rabbit C4f
Rabbit C4 f is ready to mate
Rabbit C3 m is ready to mate
Rabbit C3 m is approaching partner: Rabbit C4f
Rabbit C0 is Hungry
Rabbit C0mate
Rabbit C0 m is ready to mate
Rabbit C0 m is approaching partner: Rabbit C4f
Rabbit C4 f is ready to mate
Lion A5 is Hungry
LionA5fis chasing: C0m
Rabbit C3 m is ready to mate
Rabbit C3 m is approaching partner: Rabbit C4f
Rabbit A5 m was born!Father is C3 and Mother is C4
Rabbit C0 m is ready to mate
Not enough female Rabbits or Female Rabbit partners are not ready yet!
Lion A5 is Hungry
LionA5fis chasing: C0m
Rabbit C3 m is ready to mate
Not enough female Rabbits or Female Rabbit partners are not ready yet!
Rabbit C0 m is ready to mate
Not enough female Rabbits or Female Rabbit partners are not ready yet!
Lion A5 is Hungry
LionA5fis chasing: C0m
Rabbit C3 m is ready to mate
Not enough female Rabbits or Female Rabbit partners are not ready yet!
Rabbit C0 m is ready to mate
Not enough female Rabbits or Female Rabbit partners are not ready yet!
Rabbit C4 is Thirsty
Rabbit C4drank water
Rabbit C4 is Hungry
Rabbit C4fate
Lion A5 is Hungry
LionA5fis chasing: C0m
rabbit C3m Died of Old Age
Rabbit C3 is Hungry
Rabbit C3mate
Rabbit C3 m is ready to mate
Not enough female Rabbits or Female Rabbit partners are not ready yet!
Rabbit C0 m is ready to mate
Not enough female Rabbits or Female Rabbit partners are not ready yet!
Rabbit C4 is Thirsty
Rabbit C4drank water
Lion A5 is Hungry
LionA5fis chasing: C0m
rabbit C0m Died of Old Age
Rabbit C0 is Hungry
Rabbit C0mate
Rabbit C0 m is ready to mate
Not enough female Rabbits or Female Rabbit partners are not ready yet!
Rabbit C4 is Thirsty
Rabbit C4drank water
Lion A5 is Hungry
LionA5fis chasing: C4f
Rabbit C4 is Thirsty
Rabbit C4drank water
Rabbit A5 is Hungry
Rabbit A5mate
Lion A5 is Hungry
LionA5fis chasing: C4f
Lion A5 is Hungry
LionA5fis chasing: C4f
Rabbit C4 is Hungry
Rabbit C4fate
Lion A5 is Thirsty
Lion A5drank water
Lion A5 is Hungry
LionA5fis chasing: C4f
Lion A5 is Thirsty
Lion A5drank water
Lion A5 is Hungry
LionA5fis chasing: C4f
Lion A5 f is ready to mate
Lion A5 is Thirsty
Lion A5drank water
Lion A5 is Hungry
LionA5fis chasing: C4f
Lion A5 f is ready to mate
Rabbit A5 is Hungry
Rabbit A5mate
Lion A5 is Thirsty
Lion A5drank water
Lion A5 is Hungry
LionA5fis chasing: C4f
Lion A5 f is ready to mate
Lion A5 is Hungry
LionA5fis chasing: C4f
Lion A5 f is ready to mate
Rabbit C4 is Hungry
Rabbit C4fate
Rabbit C4 f is ready to mate
Rabbit A5 m is ready to mate
Rabbit A5 m is approaching partner: Rabbit C4f
Lion A5 is Hungry
LionA5fis chasing: C4f
Lion A5 f is ready to mate
Rabbit C4 f is ready to mate
Rabbit A5 m is ready to mate
Rabbit A5 m is approaching partner: Rabbit C4f
Lion A5 is Hungry
LionA5fis chasing: C4f
Lion A5 f is ready to mate
Rabbit C4 f is ready to mate
Rabbit A5 m is ready to mate
Rabbit A5 m is approaching partner: Rabbit C4f
Lion A5 is Hungry
LionA5fis chasing: C4f
Lion A5 f is ready to mate
Rabbit C4 f is ready to mate
Rabbit A5 is Hungry
Rabbit A5mate
Rabbit A5 m is ready to mate
Rabbit A5 m is approaching partner: Rabbit C4f
Rabbit A3 m was born!Father is A5 and Mother is C4
Lion A5 is Hungry
LionA5fis chasing: C4f
Lion A5 f is ready to mate
Rabbit A5 m is ready to mate
Not enough female Rabbits or Female Rabbit partners are not ready yet!
Lion A5 is Hungry
LionA5fis chasing: C4f
Lion A5 f is ready to mate
rabbit C4f Died of Old Age
Rabbit C4 is Hungry
Rabbit C4fate
Rabbit A5 m is ready to mate
Not enough female Rabbits or Female Rabbit partners are not ready yet!
Lion A5 is Hungry
LionA5fis chasing: A5m
Lion A5 f is ready to mate
Rabbit A5 m is ready to mate
Not enough female Rabbits or Female Rabbit partners are not ready yet!
Lion A5 is Hungry
LionA5fis chasing: A5m
Lion A5 f is ready to mate
Rabbit A5 m is ready to mate
Not enough female Rabbits or Female Rabbit partners are not ready yet!
Lion A5f Died of Old Age
Lion A5 is Hungry
LionA5fis chasing: A5m
Lion A5 f is ready to mate
Rabbit A5 is Thirsty
Rabbit A5drank water
Rabbit A5 is Hungry
Rabbit A5mate
Rabbit A5 m is ready to mate
Not enough female Rabbits or Female Rabbit partners are not ready yet!
Rabbit A3 is Hungry
Rabbit A3mate
Rabbit A5 is Thirsty
Rabbit A5drank water
Rabbit A5 m is ready to mate
Not enough female Rabbits or Female Rabbit partners are not ready yet!
Rabbit A5 m is ready to mate
Not enough female Rabbits or Female Rabbit partners are not ready yet!
Rabbit A5 m is ready to mate
Not enough female Rabbits or Female Rabbit partners are not ready yet!
Rabbit A5 m is ready to mate
Not enough female Rabbits or Female Rabbit partners are not ready yet!
Rabbit A5 is Hungry
Rabbit A5mate
Rabbit A5 m is ready to mate
Not enough female Rabbits or Female Rabbit partners are not ready yet!
Rabbit A3 is Hungry
Rabbit A3mate
Rabbit A5 m is ready to mate
Not enough female Rabbits or Female Rabbit partners are not ready yet!
Rabbit A5 m is ready to mate
Not enough female Rabbits or Female Rabbit partners are not ready yet!
Rabbit A5 m is ready to mate
Not enough female Rabbits or Female Rabbit partners are not ready yet!
Rabbit A3 m is ready to mate
Not enough female Rabbits or Female Rabbit partners are not ready yet!
Rabbit A5 m is ready to mate
Not enough female Rabbits or Female Rabbit partners are not ready yet!
Rabbit A3 m is ready to mate
Not enough female Rabbits or Female Rabbit partners are not ready yet!
Rabbit A5 is Hungry
Rabbit A5mate
Rabbit A5 m is ready to mate
Not enough female Rabbits or Female Rabbit partners are not ready yet!
Rabbit A3 is Hungry
Rabbit A3mate
Rabbit A3 m is ready to mate
Not enough female Rabbits or Female Rabbit partners are not ready yet!
Rabbit A5 m is ready to mate
Not enough female Rabbits or Female Rabbit partners are not ready yet!
Rabbit A3 m is ready to mate
Not enough female Rabbits or Female Rabbit partners are not ready yet!
Rabbit A5 m is ready to mate
Not enough female Rabbits or Female Rabbit partners are not ready yet!
Rabbit A3 m is ready to mate
Not enough female Rabbits or Female Rabbit partners are not ready yet!
Rabbit A5 m is ready to mate
Not enough female Rabbits or Female Rabbit partners are not ready yet!
Rabbit A3 m is ready to mate
Not enough female Rabbits or Female Rabbit partners are not ready yet!
Rabbit A5 m is ready to mate
Not enough female Rabbits or Female Rabbit partners are not ready yet!
Rabbit A3 m is ready to mate
Not enough female Rabbits or Female Rabbit partners are not ready yet!
rabbit A5m Died of Old Age
Rabbit A5 is Hungry
Rabbit A5mate
Rabbit A5 m is ready to mate
Not enough female Rabbits or Female Rabbit partners are not ready yet!
Rabbit A3 is Thirsty
Rabbit A3drank water
Rabbit A3 is Hungry
Rabbit A3mate
Rabbit A3 m is ready to mate
Not enough female Rabbits or Female Rabbit partners are not ready yet!
Rabbit A3 is Thirsty
Rabbit A3drank water
Rabbit A3 m is ready to mate
Not enough female Rabbits or Female Rabbit partners are not ready yet!
Rabbit A3 is Thirsty
Rabbit A3drank water
Rabbit A3 m is ready to mate
Not enough female Rabbits or Female Rabbit partners are not ready yet!
Rabbit A3 m is ready to mate
Not enough female Rabbits or Female Rabbit partners are not ready yet!
Rabbit A3 m is ready to mate
Not enough female Rabbits or Female Rabbit partners are not ready yet!
Rabbit A3 is Hungry
Rabbit A3mate
Rabbit A3 m is ready to mate
Not enough female Rabbits or Female Rabbit partners are not ready yet!
Rabbit A3 m is ready to mate
Not enough female Rabbits or Female Rabbit partners are not ready yet!
Rabbit A3 m is ready to mate
Not enough female Rabbits or Female Rabbit partners are not ready yet!
Rabbit A3 m is ready to mate
Not enough female Rabbits or Female Rabbit partners are not ready yet!
Rabbit A3 m is ready to mate
Not enough female Rabbits or Female Rabbit partners are not ready yet!
Rabbit A3 is Hungry
Rabbit A3mate
Rabbit A3 m is ready to mate
Not enough female Rabbits or Female Rabbit partners are not ready yet!
Rabbit A3 m is ready to mate
Not enough female Rabbits or Female Rabbit partners are not ready yet!
Rabbit A3 m is ready to mate
Not enough female Rabbits or Female Rabbit partners are not ready yet!
Rabbit A3 m is ready to mate
Not enough female Rabbits or Female Rabbit partners are not ready yet!
Rabbit A3 m is ready to mate
Not enough female Rabbits or Female Rabbit partners are not ready yet!
rabbit A3m Died of Old Age
Rabbit A3 is Hungry
Rabbit A3mate
Rabbit A3 m is ready to mate
Not enough female Rabbits or Female Rabbit partners are not ready yet!
