Wolf B5f is running away from: LionB5
Wolf A5m is running away from: LionB1
Wolf A0m is running away from: LionB1
Wolf A2m is running away from: LionB5
Rabbit C2f is running away from: LionC3
Rabbit C2f is running away from: WolfB5
Rabbit C2 is Hungry
Rabbit C2f ate
Rabbit C2 f is ready to mate
Rabbit C3m is running away from: LionA0
Rabbit C3m is running away from: WolfB5
Rabbit C3 is Hungry
Rabbit C3m ate
Rabbit C3 m is ready to mate
Rabbit C3 m is approaching partner: Rabbit C2f
Rabbit C5f is running away from: LionB5
Rabbit C5f is running away from: WolfB5
Rabbit C5 is Hungry
Rabbit C5f ate
Rabbit C5 f is ready to mate
Rabbit C5m is running away from: LionB5
Rabbit C5m is running away from: WolfB5
Rabbit C5 is Hungry
Rabbit C5m ate
Rabbit C5 m is ready to mate
Rabbit C5 m is approaching partner: Rabbit C5f
Rabbit B3m is running away from: LionB5
Rabbit B3m is running away from: WolfB5
Rabbit B3 is Hungry
Rabbit B3 m is ready to mate
Rabbit B3 m is approaching partner: Rabbit C5f
Rabbit B0f is running away from: LionB1
Rabbit B0f is running away from: WolfA0
Rabbit B0 is Hungry
Rabbit B0f ate
Rabbit B0 f is ready to mate
Rabbit C0m is running away from: LionB5
Rabbit C0m is running away from: WolfB5
Rabbit C0 is Hungry
Rabbit C0m ate
Rabbit C0 m is ready to mate
Rabbit C0 m is approaching partner: Rabbit C5f
Rabbit B3 m was born!Father is C0 and Mother is C5
Rabbit A0m is running away from: LionB5
Rabbit A0m is running away from: WolfB5
Rabbit A0 is Hungry
Rabbit A0m ate
Rabbit A0 m is ready to mate
Rabbit A0 m is approaching partner: Rabbit B0f
Rabbit C4m is running away from: LionB5
Rabbit C4m is running away from: WolfB5
Rabbit C4 is Hungry
Rabbit C4m ate
Rabbit C4 m is ready to mate
Rabbit C4 m is approaching partner: Rabbit B0f
Rabbit C4f is running away from: LionB1
Rabbit C4f is running away from: WolfA2
Rabbit C4 is Hungry
Rabbit C4f ate
Rabbit C4 f is ready to mate
Rabbit A5f is running away from: LionC3
Rabbit A5f is running away from: WolfB5
Rabbit A5 is Hungry
Rabbit A5f ate
Rabbit A5 f is ready to mate
Rabbit B5f is running away from: LionC3
Rabbit B5f is running away from: WolfB5
Rabbit B5 is Hungry
Rabbit B5f ate
Rabbit B5 f is ready to mate
Rabbit B2f is running away from: LionC3
Rabbit B2f is running away from: WolfB5
Rabbit B2 is Hungry
Rabbit B2f ate
Rabbit B2 f is ready to mate
Rabbit B5f is running away from: LionA0
Rabbit B5f is running away from: WolfB5
Rabbit B5 is Hungry
Rabbit B5f ate
Rabbit B5 f is ready to mate
Rabbit C0f is running away from: LionB5
Rabbit C0f is running away from: WolfB5
Rabbit C0 is Hungry
Rabbit C0f ate
Rabbit C0 f is ready to mate
Wolf B5f is running away from: LionB5
Wolf B5f ate!
Wolf A5m is running away from: LionB5
Wolf A5 is Hungry
Wolf A5m is chasing: B0f
Wolf A0m is running away from: LionB5
Wolf A0 is Hungry
Wolf A0m is chasing: B0f
Wolf A2m is running away from: LionB5
Wolf A2 is Hungry
Wolf A2m is chasing: C4f
Rabbit C2f is running away from: LionC3
Rabbit C2f is running away from: WolfB5
Rabbit C2 is Hungry
Rabbit C2f ate
Rabbit C2 f is ready to mate
Rabbit C3m is running away from: LionA0
Rabbit C3m is running away from: WolfB5
Rabbit C3 is Hungry
Rabbit C3m ate
Rabbit C3 m is ready to mate
Rabbit C3 m is approaching partner: Rabbit B5f
Rabbit C5f is running away from: LionA0
Rabbit C5f is running away from: WolfB5
Rabbit C5 is Hungry
Rabbit B3m is running away from: LionA0
Rabbit B3m is running away from: WolfB5
Rabbit B3 is Hungry
Rabbit B3 m is ready to mate
Rabbit B3 m is approaching partner: Rabbit C0f
Rabbit B0f is running away from: LionB5
Rabbit B0f is running away from: WolfA5
Rabbit B0 is Hungry
Rabbit B0f ate
Rabbit B0 f is ready to mate
Rabbit C0m is running away from: LionA0
Rabbit C0m is running away from: WolfB5
Rabbit C0 is Hungry
Rabbit C0 m is ready to mate
Rabbit C0 m is approaching partner: Rabbit C0f
Rabbit A0m is running away from: LionA0
Rabbit A0m is running away from: WolfB5
Rabbit A0 is Hungry
Rabbit A0 m is ready to mate
Rabbit A0 m is approaching partner: Rabbit C0f
Rabbit C4m is running away from: LionB5
Rabbit C4m is running away from: WolfB5
Rabbit C4 is Hungry
Rabbit C4m ate
Rabbit C4 m is ready to mate
Rabbit C4 m is approaching partner: Rabbit C0f
Rabbit C4f is running away from: LionB5
Rabbit C4f is running away from: WolfA2
Rabbit C4 is Hungry
Rabbit C4f ate
Rabbit C4 f is ready to mate
Rabbit A5f is running away from: LionC3
Rabbit A5f is running away from: WolfB5
Rabbit A5 is Hungry
Rabbit A5f ate
Rabbit A5 f is ready to mate
Rabbit B5f is running away from: LionC3
Rabbit B5f is running away from: WolfB5
Rabbit B5 is Hungry
Rabbit B5 f is ready to mate
Rabbit B2f is running away from: LionC3
Rabbit B2f is running away from: WolfB5
Rabbit B2 is Hungry
Rabbit B2f ate
Rabbit B2 f is ready to mate
Rabbit B5f is running away from: LionA0
Rabbit B5f is running away from: WolfB5
Rabbit B5 is Hungry
Rabbit B5f ate
Rabbit B5 f is ready to mate
Rabbit C0f is running away from: LionB5
Rabbit C0f is running away from: WolfA2
Rabbit C0 is Hungry
Rabbit C0f ate
Rabbit C0 f is ready to mate
Rabbit B3m is running away from: LionA0
Rabbit B3m is running away from: WolfB5
Rabbit B3 is Hungry
Wolf B5f is running away from: LionB1
Wolf A5m is running away from: LionB1
Wolf A5 is Hungry
Wolf A5m is chasing: B0f
Wolf A5m ate!
Wolf A0m is running away from: LionB1
Wolf A0 is Hungry
Wolf A0m is chasing: C4f
Wolf A2m is running away from: LionB5
Wolf A2 is Hungry
Wolf A2m is chasing: C4f
Rabbit C2f is running away from: LionA0
Rabbit C2f is running away from: WolfB5
Rabbit C2 is Hungry
Rabbit C2f ate
Rabbit C2 f is ready to mate
Rabbit C3m is running away from: LionA0
Rabbit C3m is running away from: WolfB5
Rabbit C3 is Hungry
Rabbit C3m ate
Rabbit C3 m is ready to mate
Rabbit C3 m is approaching partner: Rabbit B5f
Rabbit C5f is running away from: LionA0
Rabbit C5f is running away from: WolfB5
Rabbit C5 is Hungry
Rabbit B3m is running away from: LionA0
Rabbit B3m is running away from: WolfB5
Rabbit B3 is Hungry
Rabbit B3 m is ready to mate
Rabbit B3 m is approaching partner: Rabbit C0f
Rabbit C0m is running away from: LionA0
Rabbit C0m is running away from: WolfB5
Rabbit C0 is Hungry
Rabbit C0 m is ready to mate
Rabbit C0 m is approaching partner: Rabbit C0f
Rabbit A0m is running away from: LionB5
Rabbit A0m is running away from: WolfB5
Rabbit A0 is Hungry
Rabbit A0 m is ready to mate
Rabbit A0 m is approaching partner: Rabbit C0f
Rabbit C4m is running away from: LionB5
Rabbit C4m is running away from: WolfB5
Rabbit C4 is Hungry
Rabbit C4m ate
Rabbit C4 m is ready to mate
Rabbit C4 m is approaching partner: Rabbit C0f
Rabbit C4f is running away from: LionB5
Rabbit C4f is running away from: WolfA2
Rabbit C4 is Hungry
Rabbit C4f ate
Rabbit C4 f is ready to mate
Rabbit A5f is running away from: LionC3
Rabbit A5f is running away from: WolfB5
Rabbit A5 is Hungry
Rabbit A5f ate
Rabbit A5 f is ready to mate
Rabbit B5f is running away from: LionC3
Rabbit B5f is running away from: WolfB5
Rabbit B5 is Hungry
Rabbit B5f ate
Rabbit B5 f is ready to mate
Rabbit B2f is running away from: LionC3
Rabbit B2f is running away from: WolfB5
Rabbit B2 is Hungry
Rabbit B2f ate
Rabbit B2 f is ready to mate
Rabbit B5f is running away from: LionA0
Rabbit B5f is running away from: WolfB5
Rabbit B5 is Hungry
Rabbit B5f ate
Rabbit B5 f is ready to mate
Rabbit C0f is running away from: LionB5
Rabbit C0f is running away from: WolfA2
Rabbit C0 is Hungry
Rabbit C0f ate
Rabbit C0 f is ready to mate
Rabbit B3m is running away from: LionA0
Rabbit B3m is running away from: WolfB5
Rabbit B3 is Hungry
Wolf B5f is running away from: LionB1
Wolf B5 is Hungry
Wolf B5f is chasing: B2f
Wolf B5 f is ready to mate
Wolf A5m is running away from: LionB5
Wolf A5 m is ready to mate
Wolf A0m is running away from: LionB5
Wolf A0 is Hungry
Wolf A0m is chasing: C4f
Wolf A0 m is ready to mate
Wolf A2m is running away from: LionB5
Wolf A2 is Hungry
Wolf A2m is chasing: C4f
Wolf A2 m is ready to mate
Rabbit C2f is running away from: LionA0
Rabbit C2f is running away from: WolfB5
Rabbit C2 is Hungry
Rabbit C2f ate
Rabbit C2 f is ready to mate
Rabbit C3m is running away from: LionA0
Rabbit C3m is running away from: WolfB5
Rabbit C3 is Hungry
Rabbit C3m ate
Rabbit C3 m is ready to mate
Rabbit C3 m is approaching partner: Rabbit B5f
Rabbit C5f is running away from: LionB1
Rabbit C5f is running away from: WolfB5
Rabbit C5 is Hungry
Rabbit B3m is running away from: LionB1
Rabbit B3m is running away from: WolfB5
Rabbit B3 is Hungry
Rabbit B3m ate
Rabbit B3 m is ready to mate
Rabbit B3 m is approaching partner: Rabbit C0f
Rabbit C0m is running away from: LionB1
Rabbit C0m is running away from: WolfB5
Rabbit C0 is Hungry
Rabbit C0 m is ready to mate
Rabbit C0 m is approaching partner: Rabbit C0f
Rabbit A0m is running away from: LionB1
Rabbit A0m is running away from: WolfB5
Rabbit A0 is Hungry
Rabbit A0 m is ready to mate
Rabbit A0 m is approaching partner: Rabbit C0f
Rabbit C4m is running away from: LionB1
Rabbit C4m is running away from: WolfB5
Rabbit C4 is Hungry
Rabbit C4m ate
Rabbit C4 m is ready to mate
Rabbit C4 m is approaching partner: Rabbit C0f
Rabbit C4f is running away from: LionB5
Rabbit C4f is running away from: WolfA2
Rabbit C4 is Hungry
Rabbit C4 f is ready to mate
Rabbit A5f is running away from: LionC3
Rabbit A5f is running away from: WolfB5
Rabbit A5 is Hungry
Rabbit A5f ate
Rabbit A5 f is ready to mate
Rabbit B5f is running away from: LionC3
Rabbit B5f is running away from: WolfB5
Rabbit B5 is Hungry
Rabbit B5f ate
Rabbit B5 f is ready to mate
Rabbit B2f is running away from: LionC3
Rabbit B2f is running away from: WolfB5
Rabbit B2 is Hungry
Rabbit B2f ate
Rabbit B2 f is ready to mate
Rabbit B5f is running away from: LionA0
Rabbit B5f is running away from: WolfB5
Rabbit B5 is Hungry
Rabbit B5 f is ready to mate
Rabbit C0f is running away from: LionB1
Rabbit C0f is running away from: WolfB5
Rabbit C0 is Hungry
Rabbit C0f ate
Rabbit C0 f is ready to mate
Rabbit B3m is running away from: LionB1
Rabbit B3m is running away from: WolfB5
Rabbit B3 is Hungry
Rabbit B3 m is ready to mate
Rabbit B3 m is approaching partner: Rabbit C0f
Wolf B5f is running away from: LionC3
Wolf B5 is Hungry
Wolf B5f is chasing: C0f
Wolf B5 f is ready to mate
Wolf A5m is running away from: LionB5
Wolf A5 is Hungry
Wolf A5m is chasing: C4f
Wolf A5 m is ready to mate
Wolf A0m is running away from: LionB5
Wolf A0 is Hungry
Wolf A0m is chasing: C4f
Wolf A0 m is ready to mate
Wolf A2m is running away from: LionB1
Wolf A2 is Hungry
Wolf A2m is chasing: C4f
Wolf A2 m is ready to mate
Rabbit C2f is running away from: LionA0
Rabbit C2f is running away from: WolfB5
Rabbit C2 is Hungry
Rabbit C2f ate
Rabbit C2 f is ready to mate
Rabbit C3m is running away from: LionA0
Rabbit C3m is running away from: WolfB5
Rabbit C3 is Hungry
Rabbit C3 m is ready to mate
Rabbit C3 m is approaching partner: Rabbit B5f
Rabbit C5f is running away from: LionA0
Rabbit C5f is running away from: WolfB5
Rabbit C5 is Hungry
Rabbit C5f ate
Rabbit C5 f is ready to mate
Rabbit B3m is running away from: LionB1
Rabbit B3m is running away from: WolfB5
Rabbit B3 is Hungry
Rabbit B3 m is ready to mate
Rabbit B3 m is approaching partner: Rabbit C5f
Rabbit C0m is running away from: LionB1
Rabbit C0m is running away from: WolfB5
Rabbit C0 is Hungry
Rabbit C0 m is ready to mate
Rabbit C0 m is approaching partner: Rabbit C5f
Rabbit A0m is running away from: LionB1
Rabbit A0m is running away from: WolfB5
Rabbit A0 is Hungry
Rabbit A0 m is ready to mate
Rabbit A0 m is approaching partner: Rabbit C5f
Rabbit C4m is running away from: LionB1
Rabbit C4m is running away from: WolfB5
Rabbit C4 is Hungry
Rabbit C4m ate
Rabbit C4 m is ready to mate
Rabbit C4 m is approaching partner: Rabbit C0f
Rabbit C4f is running away from: LionB1
Rabbit C4f is running away from: WolfA2
Rabbit C4 is Hungry
Rabbit C4 f is ready to mate
Rabbit A5f is running away from: LionC3
Rabbit A5f is running away from: WolfB5
Rabbit A5 is Hungry
Rabbit A5f ate
Rabbit A5 f is ready to mate
Rabbit B5f is running away from: LionC3
Rabbit B5f is running away from: WolfB5
Rabbit B5 is Hungry
Rabbit B5 f is ready to mate
Rabbit B2f is running away from: LionC3
Rabbit B2f is running away from: WolfB5
Rabbit B2 is Hungry
Rabbit B2f ate
Rabbit B2 f is ready to mate
Rabbit B5f is running away from: LionA0
Rabbit B5f is running away from: WolfB5
Rabbit B5 is Hungry
Rabbit B5 f is ready to mate
Rabbit C0f is running away from: LionB1
Rabbit C0f is running away from: WolfB5
Rabbit C0 is Hungry
Rabbit C0 f is ready to mate
Rabbit B3m is running away from: LionB1
Rabbit B3m is running away from: WolfB5
Rabbit B3 is Hungry
Rabbit B3 m is ready to mate
Rabbit B3 m is approaching partner: Rabbit C5f
Wolf B5f is running away from: LionB5
Wolf B5 is Hungry
Wolf B5f is chasing: C0f
Wolf B5 f is ready to mate
Wolf A5m is running away from: LionB5
Wolf A5 is Hungry
Wolf A5m is chasing: C4f
Wolf A5 m is ready to mate
Wolf A0m is running away from: LionB5
Wolf A0 is Hungry
WolfA0m died of hunger
Wolf A0m is chasing: C4f
Wolf A0 m is ready to mate
Wolf A2m is running away from: LionB1
Wolf A2 is Hungry
WolfA2m died of hunger
Wolf A2m is chasing: C4f
Wolf A2 m is ready to mate
Rabbit C2f is running away from: LionC3
Rabbit C2f is running away from: WolfB5
Rabbit C2 is Hungry
Rabbit C2 f is ready to mate
Rabbit C3m is running away from: LionA0
Rabbit C3m is running away from: WolfB5
Rabbit C3 is Hungry
Rabbit C3 m is ready to mate
Rabbit C3 m is approaching partner: Rabbit B5f
Rabbit C5f is running away from: LionB1
Rabbit C5f is running away from: WolfB5
Rabbit C5 is Hungry
Rabbit C5f ate
Rabbit C5 f is ready to mate
Rabbit B3m is running away from: LionB1
Rabbit B3m is running away from: WolfB5
Rabbit B3 is Hungry
Rabbit B3 m is ready to mate
Rabbit B3 m is approaching partner: Rabbit C5f
Rabbit C0m is running away from: LionB1
Rabbit C0m is running away from: WolfB5
Rabbit C0 is Hungry
RabbitC0m died of hunger
Rabbit C0 m is ready to mate
Rabbit C0 m is approaching partner: Rabbit C5f
Rabbit B0 m was born!Father is C0 and Mother is C5
Rabbit A0m is running away from: LionB1
Rabbit A0m is running away from: WolfB5
Rabbit A0 is Hungry
RabbitA0m died of hunger
Rabbit A0 m is ready to mate
Rabbit A0 m is approaching partner: Rabbit C0f
Rabbit C4m is running away from: LionB1
Rabbit C4m is running away from: WolfB5
Rabbit C4 is Hungry
Rabbit C4m ate
Rabbit C4 m is ready to mate
Rabbit C4 m is approaching partner: Rabbit C0f
Rabbit C4f is running away from: LionB1
Rabbit C4f is running away from: WolfA5
Rabbit C4 is Hungry
Rabbit C4f ate
Rabbit C4 f is ready to mate
Rabbit A5f is running away from: LionC3
Rabbit A5f is running away from: WolfB5
Rabbit A5 is Hungry
Rabbit A5f ate
Rabbit A5 f is ready to mate
Rabbit B5f is running away from: LionC3
Rabbit B5f is running away from: WolfB5
Rabbit B5 is Hungry
Rabbit B5 f is ready to mate
Rabbit B2f is running away from: LionC3
Rabbit B2f is running away from: WolfB5
Rabbit B2 is Hungry
Rabbit B2f ate
Rabbit B2 f is ready to mate
Rabbit B5f is running away from: LionA0
Rabbit B5f is running away from: WolfB5
Rabbit B5 is Hungry
Rabbit B5 f is ready to mate
Rabbit C0f is running away from: LionB1
Rabbit C0f is running away from: WolfB5
Rabbit C0 is Hungry
Rabbit C0 f is ready to mate
Rabbit B3m is running away from: LionB1
Rabbit B3m is running away from: WolfB5
Rabbit B3 is Hungry
RabbitB3m died of hunger
Rabbit B3 m is ready to mate
Rabbit B3 m is approaching partner: Rabbit C0f
Wolf B5f is running away from: LionB1
Wolf B5 is Hungry
Wolf B5f is chasing: B0m
Wolf B5 f is ready to mate
Wolf A5m is running away from: LionB5
Wolf A5 is Hungry
Wolf A5m is chasing: C4f
Wolf A5 m is ready to mate
Rabbit C2f is running away from: LionC3
Rabbit C2f is running away from: WolfB5
Rabbit C2 is Hungry
Rabbit C2 f is ready to mate
Rabbit C3m is running away from: LionA0
Rabbit C3m is running away from: WolfB5
Rabbit C3 is Hungry
Rabbit C3 m is ready to mate
Rabbit C3 m is approaching partner: Rabbit B5f
Rabbit C1 f was born!Father is C3 and Mother is B5
Rabbit C5f is running away from: LionA0
Rabbit C5f is running away from: WolfB5
Rabbit C5 is Hungry
Rabbit B3m is running away from: LionA0
Rabbit B3m is running away from: WolfB5
Rabbit B3 is Hungry
Rabbit B3 m is ready to mate
Rabbit B3 m is approaching partner: Rabbit C0f
Rabbit C4m is running away from: LionB1
Rabbit C4m is running away from: WolfB5
Rabbit C4 is Hungry
Rabbit C4 m is ready to mate
Rabbit C4 m is approaching partner: Rabbit C0f
Rabbit C4f is running away from: LionB1
Rabbit C4f is running away from: WolfA5
Rabbit C4 is Hungry
Rabbit C4f ate
Rabbit C4 f is ready to mate
Rabbit A5f is running away from: LionC3
Rabbit A5f is running away from: WolfB5
Rabbit A5 is Hungry
Rabbit A5 f is ready to mate
Rabbit B5f is running away from: LionC3
Rabbit B5f is running away from: WolfB5
Rabbit B5 is Hungry
Rabbit B5 f is ready to mate
Rabbit B2f is running away from: LionC3
Rabbit B2f is running away from: WolfB5
Rabbit B2 is Hungry
Rabbit B2f ate
Rabbit B2 f is ready to mate
Rabbit B5f is running away from: LionC3
Rabbit B5f is running away from: WolfB5
Rabbit B5 is Hungry
Rabbit B5f ate
Rabbit C0f is running away from: LionB1
Rabbit C0f is running away from: WolfB5
Rabbit C0 is Hungry
Rabbit C0f ate
Rabbit C0 f is ready to mate
Rabbit B0m is running away from: LionA0
Rabbit B0m is running away from: WolfB5
Rabbit B0 is Hungry
Wolf B5f is running away from: LionB5
Wolf B5 is Hungry
WolfB5f died of hunger
Wolf B5f is chasing: B3m
Wolf B5f ate!
Wolf B5 f is ready to mate
Wolf A5m is running away from: LionB1
Wolf A5 is Hungry
Wolf A5m is chasing: C4f
Wolf A5 m is ready to mate
No Female Wolf Partner or Female Wolf Partner not ready yet!
Rabbit C2f is running away from: LionC3
Rabbit C2f is running away from: WolfA5
Rabbit C2 is Hungry
Rabbit C2 f is ready to mate
Rabbit C3m is running away from: LionA0
Rabbit C3m is running away from: WolfA5
Rabbit C3 is Hungry
Rabbit C3 m is ready to mate
Rabbit C3 m is approaching partner: Rabbit C2f
Rabbit C5f is running away from: LionA0
Rabbit C5f is running away from: WolfA5
Rabbit C5 is Hungry
Rabbit C4m is running away from: LionB1
Rabbit C4m is running away from: WolfA5
Rabbit C4 is Hungry
Rabbit C4 m is ready to mate
Rabbit C4 m is approaching partner: Rabbit C0f
Rabbit C4f is running away from: LionB1
Rabbit C4f is running away from: WolfA5
Rabbit C4 is Hungry
Rabbit C4f ate
Rabbit C4 f is ready to mate
Rabbit A5f is running away from: LionC3
Rabbit A5f is running away from: WolfA5
Rabbit A5 is Hungry
Rabbit A5 f is ready to mate
Rabbit B5f is running away from: LionC3
Rabbit B5f is running away from: WolfA5
Rabbit B5 is Hungry
Rabbit B5 f is ready to mate
Rabbit B2f is running away from: LionC3
Rabbit B2f is running away from: WolfA5
Rabbit B2 is Hungry
Rabbit B2f ate
Rabbit B2 f is ready to mate
Rabbit B5f is running away from: LionA0
Rabbit B5f is running away from: WolfA5
Rabbit B5 is Hungry
Rabbit B5f ate
Rabbit C0f is running away from: LionB1
Rabbit C0f is running away from: WolfA5
Rabbit C0 is Hungry
Rabbit C0f ate
Rabbit C0 f is ready to mate
Rabbit B0m is running away from: LionA0
Rabbit B0m is running away from: WolfA5
Rabbit B0 is Hungry
Rabbit C1f is running away from: LionC3
Rabbit C1f is running away from: WolfA5
Rabbit C1 is Hungry
Wolf A5m is running away from: LionB1
Wolf A5 is Hungry
WolfA5m died of hunger
Wolf A5m is chasing: C4f
Wolf A5 m is ready to mate
No Female Wolf Partner or Female Wolf Partner not ready yet!
Rabbit C2f is running away from: LionC3
Rabbit C2 is Hungry
Rabbit C2 f is ready to mate
Rabbit C3m is running away from: LionC3
Rabbit C3 is Hungry
RabbitC3m died of hunger
Rabbit C3 m is ready to mate
Rabbit C3 m is approaching partner: Rabbit C2f
Rabbit C5f is running away from: LionA0
Rabbit C5 is Hungry
Rabbit C4m is running away from: LionB1
Rabbit C4 is Hungry
Rabbit C4 m is ready to mate
Rabbit C4 m is approaching partner: Rabbit C0f
Rabbit C4f is running away from: LionB1
Rabbit C4 is Hungry
Rabbit C4 f is ready to mate
Rabbit A5f is running away from: LionC3
Rabbit A5 is Hungry
Rabbit A5 f is ready to mate
Rabbit B5f is running away from: LionC3
Rabbit B5 is Hungry
RabbitB5f died of hunger
Rabbit B5 f is ready to mate
Rabbit B2f is running away from: LionA0
Rabbit B2 is Hungry
Rabbit B2f ate
Rabbit B2 f is ready to mate
Rabbit B5f is running away from: LionC3
Rabbit B5 is Hungry
Rabbit C0f is running away from: LionB1
Rabbit C0 is Hungry
Rabbit C0f ate
Rabbit C0 f is ready to mate
Rabbit B0m is running away from: LionA0
Rabbit B0 is Hungry
Rabbit C1f is running away from: LionA0
Rabbit C1 is Hungry
Rabbit C2f is running away from: LionC3
Rabbit C2 is Hungry
RabbitC2f died of hunger
Rabbit C2 f is ready to mate
Rabbit C5f is running away from: LionA0
Rabbit C5 is Hungry
Rabbit C5 f is ready to mate
Rabbit C4m is running away from: LionB1
Rabbit C4 is Hungry
Rabbit C4 m is ready to mate
Rabbit C4 m is approaching partner: Rabbit C5f
Rabbit C4f is running away from: LionB1
Rabbit C4 is Hungry
Rabbit C4 f is ready to mate
Rabbit A5f is running away from: LionC3
Rabbit A5 is Hungry
Rabbit A5 f is ready to mate
Rabbit B2f is running away from: LionA0
Rabbit B2 is Hungry
Rabbit B2f ate
Rabbit B2 f is ready to mate
Rabbit B5f is running away from: LionC3
Rabbit B5 is Hungry
Rabbit C0f is running away from: LionB5
Rabbit C0 is Hungry
Rabbit C0 f is ready to mate
Rabbit B0m is running away from: LionA0
Rabbit B0 is Hungry
Rabbit B0 m is ready to mate
Rabbit B0 m is approaching partner: Rabbit C5f
Rabbit C1f is running away from: LionA0
Rabbit C1 is Hungry
Lion C3 is Hungry
LionC3mis chasing: B2f
Lion A0 is Hungry
LionA0fis chasing: B2f
Lion B5 is Hungry
LionB5mis chasing: C0f
Lion B1 is Hungry
LionB1mis chasing: C0f
Rabbit C5f is running away from: LionB5
Rabbit C5 is Hungry
RabbitC5f died of hunger
Rabbit C5 f is ready to mate
Rabbit C4m is running away from: LionB1
Rabbit C4 is Hungry
RabbitC4m died of hunger
Rabbit C4m ate
Rabbit C4 m is ready to mate
Rabbit C4 m is approaching partner: Rabbit C0f
Rabbit C4f is running away from: LionB1
Rabbit C4 is Hungry
Rabbit C4f ate
Rabbit C4 f is ready to mate
Rabbit A5f is running away from: LionC3
Rabbit A5 is Hungry
RabbitA5f died of hunger
Rabbit A5 f is ready to mate
Rabbit B2f is running away from: LionA0
Rabbit B2 is Hungry
Rabbit B2f ate
Rabbit B2 f is ready to mate
Rabbit B5f is running away from: LionC3
Rabbit B5 is Hungry
Rabbit B5 f is ready to mate
Rabbit C0f is running away from: LionB5
Rabbit C0 is Hungry
Rabbit C0 f is ready to mate
Rabbit B0m is running away from: LionB5
Rabbit B0 is Hungry
RabbitB0m died of hunger
Rabbit B0 m is ready to mate
Rabbit B0 m is approaching partner: Rabbit C0f
Rabbit C1f is running away from: LionC3
Rabbit C1 is Hungry
Rabbit C1 f is ready to mate
Lion C3 is Hungry
LionC3mis chasing: B2f
Lion A0 is Hungry
LionA0fis chasing: B2f
Lion B5 is Hungry
LionB5mis chasing: C0f
Lion B1 is Hungry
LionB1mis chasing: C0f
Rabbit C4f is running away from: LionB1
Rabbit C4 is Hungry
Rabbit C4f ate
Rabbit C4 f is ready to mate
Rabbit B2f is running away from: LionA0
Rabbit B2 is Hungry
Rabbit B2f ate
Rabbit B2 f is ready to mate
Rabbit B5f is running away from: LionC3
Rabbit B5 is Hungry
Rabbit B5 f is ready to mate
Rabbit C0f is running away from: LionB5
Rabbit C0 is Hungry
Rabbit C0f ate
Rabbit C0 f is ready to mate
Rabbit C1f is running away from: LionA0
Rabbit C1 is Hungry
RabbitC1f died of hunger
Rabbit C1 f is ready to mate
Lion C3 is Hungry
LionC3mis chasing: B2f
Lion A0 is Hungry
LionA0fis chasing: B2f
Lion B5 is Hungry
LionB5mis chasing: C0f
Lion B1 is Hungry
LionB1mis chasing: C0f
Rabbit C4f is running away from: LionB1
Rabbit C4 is Hungry
Rabbit C4 f is ready to mate
Rabbit B2f is running away from: LionC3
Rabbit B2 is Hungry
Rabbit B2f ate
Rabbit B2 f is ready to mate
Rabbit B5f is running away from: LionA0
Rabbit B5 is Hungry
RabbitB5f died of hunger
Rabbit B5 f is ready to mate
Rabbit C0f is running away from: LionB5
Rabbit C0 is Hungry
Rabbit C0f ate
Rabbit C0 f is ready to mate
Lion C3 is Hungry
LionC3mis chasing: B2f
Lion A0 is Hungry
LionA0fis chasing: B2f
Lion B5 is Hungry
LionB5mis chasing: C0f
Lion B1 is Hungry
LionB1mis chasing: C0f
Rabbit C4f is running away from: LionB1
Rabbit C4 is Hungry
Rabbit C4 f is ready to mate
Rabbit B2f is running away from: LionC3
Rabbit B2 is Hungry
Rabbit B2f ate
Rabbit B2 f is ready to mate
Rabbit C0f is running away from: LionB5
Rabbit C0 is Hungry
Rabbit C0f ate
Rabbit C0 f is ready to mate
Lion C3 is Hungry
LionC3mis chasing: B2f
Lion A0 is Hungry
LionA0fis chasing: B2f
Lion B5 is Hungry
LionB5mis chasing: C0f
Lion B1 is Hungry
LionB1mis chasing: C0f
Rabbit C4f is running away from: LionB1
Rabbit C4 is Hungry
Rabbit C4 f is ready to mate
Rabbit B2f is running away from: LionC3
Rabbit B2 is Hungry
Rabbit B2f ate
Rabbit B2 f is ready to mate
Rabbit C0f is running away from: LionB5
Rabbit C0 is Hungry
Rabbit C0 f is ready to mate
Lion C3 is Hungry
LionC3mis chasing: B2f
Lion A0 is Hungry
LionA0fis chasing: B2f
Lion B5 is Hungry
LionB5mis chasing: C0f
Lion B1 is Hungry
LionB1mis chasing: C0f
Rabbit C4f is running away from: LionB1
Rabbit C4 is Hungry
Rabbit C4 f is ready to mate
Rabbit B2f is running away from: LionC3
Rabbit B2 is Hungry
Rabbit B2f ate
Rabbit B2 f is ready to mate
Rabbit C0f is running away from: LionB5
Rabbit C0 is Hungry
Rabbit C0 f is ready to mate
Lion C3 is Hungry
LionC3mis chasing: B2f
Lion A0 is Hungry
LionA0fis chasing: B2f
Lion B5 is Hungry
LionB5mis chasing: C0f
Lion B1 is Hungry
LionB1mis chasing: C0f
Rabbit C4f is running away from: LionB1
Rabbit C4 is Hungry
RabbitC4f died of hunger
Rabbit C4 f is ready to mate
Rabbit B2f is running away from: LionC3
Rabbit B2 is Hungry
Rabbit B2 f is ready to mate
Rabbit C0f is running away from: LionB5
Rabbit C0 is Hungry
Rabbit C0 f is ready to mate
Lion C3 is Hungry
LionC3mis chasing: B2f
Lion A0 is Hungry
LionA0fis chasing: B2f
Lion B5 is Hungry
LionB5mis chasing: C0f
Lion B1 is Hungry
LionB1mis chasing: C0f
Rabbit B2f is running away from: LionC3
Rabbit B2 is Hungry
Rabbit B2 f is ready to mate
Rabbit C0f is running away from: LionB5
Rabbit C0 is Hungry
Rabbit C0 f is ready to mate
Lion C3 is Hungry
LionC3mis chasing: B2f
Lion A0 is Hungry
LionA0fis chasing: B2f
Lion B5 is Hungry
LionB5mis chasing: C0f
Lion B1 is Hungry
LionB1mis chasing: C0f
Rabbit B2f is running away from: LionC3
Rabbit B2 is Hungry
Rabbit B2f ate
Rabbit B2 f is ready to mate
Rabbit C0f is running away from: LionB5
Rabbit C0 is Hungry
RabbitC0f died of hunger
Rabbit C0 f is ready to mate
Lion C3 is Hungry
LionC3mis chasing: B2f
Lion A0 is Hungry
LionA0fis chasing: B2f
Lion B5 is Hungry
LionB5mis chasing: B2f
Lion B1 is Hungry
LionB1mis chasing: B2f
Rabbit B2 is Thirsty
Rabbit B2 drank water
Rabbit B2f is running away from: LionC3
Rabbit B2 is Hungry
Rabbit B2 f is ready to mate
Lion C3 is Thirsty
Lion C3 drank water
Lion C3 is Hungry
LionC3mis chasing: B2f
Lion C3 m is ready to mate
Lion A0 is Thirsty
Lion A0 drank water
Lion A0 is Hungry
LionA0fis chasing: B2f
Lion A0 f is ready to mate
Lion B5 is Thirsty
Lion B5 drank water
Lion B5 is Hungry
LionB5mis chasing: B2f
Lion B5 m is ready to mate
Lion B1 is Thirsty
Lion B1 drank water
Lion B1 is Hungry
LionB1mis chasing: B2f
Lion B1 m is ready to mate
Rabbit B2 is Thirsty
Rabbit B2 drank water
Rabbit B2f is running away from: LionC3
Rabbit B2 is Hungry
Rabbit B2 f is ready to mate
Lion C3 is Thirsty
Lion C3 drank water
Lion C3 is Hungry
LionC3mis chasing: B2f
Lion C3 m is ready to mate
Lion A0 is Thirsty
Lion A0 drank water
Lion A0 is Hungry
LionA0fis chasing: B2f
Lion A0 f is ready to mate
Lion B5 is Thirsty
Lion B5 drank water
Lion B5 is Hungry
LionB5mis chasing: B2f
Lion B5 m is ready to mate
Lion B1 is Thirsty
Lion B1 drank water
Lion B1 is Hungry
LionB1mis chasing: B2f
Lion B1 m is ready to mate
Rabbit B2 is Thirsty
Rabbit B2 drank water
Rabbit B2f is running away from: LionC3
Rabbit B2 is Hungry
Rabbit B2 f is ready to mate
Lion C3 is Thirsty
Lion C3 drank water
Lion C3 is Hungry
LionC3mis chasing: B2f
Lion C3 m is ready to mate
Lion A0 is Hungry
LionA0fis chasing: B2f
Lion A0 f is ready to mate
Lion B5 is Thirsty
Lion B5 drank water
Lion B5 is Hungry
LionB5mis chasing: B2f
Lion B5 m is ready to mate
Lion B1 is Thirsty
Lion B1 drank water
Lion B1 is Hungry
LionB1mis chasing: B2f
Lion B1 m is ready to mate
Rabbit B2 is Thirsty
Rabbit B2 drank water
Rabbit B2f is running away from: LionC3
Rabbit B2 is Hungry
Rabbit B2 f is ready to mate
Lion C3 is Thirsty
Lion C3 drank water
Lion C3 is Hungry
LionC3mis chasing: B2f
Lion C3 m is ready to mate
Lion C1 m was born!Father is C3 and Mother is A0
Lion A0 is Hungry
LionA0fis chasing: B2f
Lion B5 is Thirsty
Lion B5 drank water
Lion B5 is Hungry
LionB5mis chasing: B2f
Lion B5 m is ready to mate
No Female Lion Partner or Female Lion partners are not ready to mate Yet!
Lion B1 is Thirsty
Lion B1 drank water
Lion B1 is Hungry
LionB1mis chasing: B2f
Lion B1 m is ready to mate
No Female Lion Partner or Female Lion partners are not ready to mate Yet!
Rabbit B2 is Thirsty
Rabbit B2 drank water
Rabbit B2f is running away from: LionC3
Rabbit B2 is Hungry
RabbitB2f died of hunger
Rabbit B2f ate
Rabbit B2 f is ready to mate
Lion C3 is Hungry
Lion A0 is Hungry
Lion B5 is Thirsty
Lion B5 drank water
Lion B5 is Hungry
Lion B1 is Thirsty
Lion B1 drank water
Lion B1 is Hungry
Lion C3 is Hungry
Lion A0 is Hungry
Lion B5 is Thirsty
Lion B5 drank water
Lion B5 is Hungry
Lion B1 is Thirsty
Lion B1 drank water
Lion B1 is Hungry
Lion C3 is Hungry
Lion A0 is Hungry
Lion B5 is Thirsty
Lion B5 drank water
Lion B5 is Hungry
Lion B1 is Thirsty
Lion B1 drank water
Lion B1 is Hungry
Lion C3 is Hungry
Lion A0 is Hungry
Lion B5 is Hungry
Lion B1 is Thirsty
Lion B1 drank water
Lion B1 is Hungry
Lion C3 is Hungry
Lion A0 is Hungry
Lion B5 is Hungry
Lion B1 is Thirsty
Lion B1 drank water
Lion B1 is Hungry
Lion C3 is Hungry
Lion A0 is Hungry
Lion B5 is Hungry
Lion B1 is Thirsty
Lion B1 drank water
Lion B1 is Hungry
Lion C3 is Hungry
Lion A0 is Hungry
Lion B5 is Hungry
Lion B1 is Thirsty
Lion B1 drank water
Lion B1 is Hungry
Lion C3 is Hungry
Lion A0 is Hungry
Lion B5 is Hungry
Lion B1 is Thirsty
Lion B1 drank water
Lion B1 is Hungry
Lion C3 is Hungry
Lion A0 is Hungry
Lion B5 is Hungry
Lion B1 is Hungry
Lion C3 is Hungry
Lion A0 is Hungry
Lion B5 is Hungry
Lion B1 is Hungry
Lion C1 is Hungry
Lion C3 is Hungry
LionC3m died of hunger
Lion A0 is Hungry
LionA0f died of hunger
Lion B5 is Hungry
LionB5m died of hunger
Lion B1 is Hungry
LionB1m died of hunger
Lion C1 is Hungry
Lion C1 is Hungry
Lion C1 is Hungry
Lion C1 is Hungry
Lion C1 is Hungry
Lion C1 is Hungry
Lion C1 is Hungry
Lion C1 is Hungry
Lion C1 is Hungry
Lion C1 is Thirsty
Lion C1 drank water
Lion C1 is Hungry
Lion C1 is Thirsty
Lion C1 drank water
Lion C1 is Hungry
Lion C1 is Thirsty
Lion C1 drank water
Lion C1 is Hungry
Lion C1 is Thirsty
Lion C1 drank water
Lion C1 is Hungry
Lion C1 is Thirsty
Lion C1 drank water
Lion C1 is Hungry
Lion C1 is Hungry
Lion C1 is Hungry
Lion C1 is Hungry
Lion C1 is Hungry
Lion C1 is Hungry
Lion C1 is Hungry
Lion C1 is Hungry
Lion C1 is Hungry
Lion C1 is Hungry
Lion C1 is Hungry
LionC1m died of hunger
