Wolf C0f is running away from: LionC2
Wolf C4m is running away from: LionA0
Wolf C3f is running away from: LionA0
Wolf B1f is running away from: LionB0
Wolf B1m is running away from: LionB0
Wolf C5m is running away from: LionB1
Wolf C0f is running away from: LionA0
Wolf B5f is running away from: LionA0
Rabbit A1m is running away from: LionB0
Rabbit A1m is running away from: WolfB1
Rabbit B3f is running away from: LionB1
Rabbit B3f is running away from: WolfC5
Rabbit B0f is running away from: LionB0
Rabbit B0f is running away from: WolfB1
Rabbit C4f is running away from: LionB0
Rabbit C4f is running away from: WolfB1
Rabbit C1m is running away from: LionA0
Rabbit C1m is running away from: WolfC0
Rabbit C3f is running away from: LionA0
Rabbit C3f is running away from: WolfC0
Rabbit A4m is running away from: LionC2
Rabbit A4m is running away from: WolfC0
Rabbit A3m is running away from: LionC2
Rabbit A3m is running away from: WolfC0
Rabbit B3m is running away from: LionB0
Rabbit B3m is running away from: WolfC0
Rabbit A4m is running away from: LionA0
Rabbit A4m is running away from: WolfC5
Rabbit C0m is running away from: LionA0
Rabbit C0m is running away from: WolfB5
Rabbit A5f is running away from: LionC2
Rabbit A5f is running away from: WolfC0
Rabbit C0m is running away from: LionA0
Rabbit C0m is running away from: WolfC4
Rabbit C3m is running away from: LionA0
Rabbit C3m is running away from: WolfB5
Rabbit A4m is running away from: LionB0
Rabbit A4m is running away from: WolfC0
Rabbit C1f is running away from: LionA0
Rabbit C1f is running away from: WolfC0
Rabbit C0m is running away from: LionC2
Rabbit C0m is running away from: WolfC0
Rabbit A1m is running away from: LionB0
Rabbit A1m is running away from: WolfB1
Rabbit A2m is running away from: LionC2
Rabbit A2m is running away from: WolfC0
Rabbit B3m is running away from: LionA0
Rabbit B3m is running away from: WolfC5
Wolf C0f is running away from: LionC2
Wolf C4m is running away from: LionA0
Wolf C3f is running away from: LionA0
Wolf B1f is running away from: LionB0
Wolf B1f ate!
Wolf B1m is running away from: LionB1
Wolf C5m is running away from: LionB1
Wolf C0f is running away from: LionA0
Wolf B5f is running away from: LionA0
Rabbit A1m is running away from: LionC2
Rabbit A1m is running away from: WolfB1
Rabbit A1 is Hungry
Rabbit A1m ate
Rabbit B3f is running away from: LionB1
Rabbit B3f is running away from: WolfC5
Rabbit B3 is Hungry
Rabbit B3f ate
Rabbit C4f is running away from: LionB0
Rabbit C4f is running away from: WolfB1
Rabbit C4 is Hungry
Rabbit C4f ate
Rabbit C1m is running away from: LionA0
Rabbit C1m is running away from: WolfC0
Rabbit C1 is Hungry
Rabbit C1m ate
Rabbit C3f is running away from: LionA0
Rabbit C3f is running away from: WolfC0
Rabbit C3 is Hungry
Rabbit C3f ate
Rabbit A4m is running away from: LionB0
Rabbit A4m is running away from: WolfC0
Rabbit A4 is Hungry
Rabbit A3m is running away from: LionC2
Rabbit A3m is running away from: WolfC0
Rabbit A3 is Hungry
Rabbit A3m ate
Rabbit B3m is running away from: LionB0
Rabbit B3m is running away from: WolfC0
Rabbit B3 is Hungry
Rabbit B3m ate
Rabbit A4m is running away from: LionA0
Rabbit A4m is running away from: WolfC5
Rabbit A4 is Hungry
Rabbit A4m ate
Rabbit C0m is running away from: LionA0
Rabbit C0m is running away from: WolfB5
Rabbit C0 is Hungry
Rabbit C0m ate
Rabbit A5f is running away from: LionB0
Rabbit A5f is running away from: WolfC0
Rabbit A5 is Hungry
Rabbit A5f ate
Rabbit C0m is running away from: LionA0
Rabbit C0m is running away from: WolfC4
Rabbit C0 is Hungry
Rabbit C0m ate
Rabbit C3m is running away from: LionA0
Rabbit C3m is running away from: WolfB5
Rabbit C3 is Hungry
Rabbit C3m ate
Rabbit A4m is running away from: LionB0
Rabbit A4m is running away from: WolfC0
Rabbit A4 is Hungry
Rabbit A4m ate
Rabbit C1f is running away from: LionA0
Rabbit C1f is running away from: WolfC0
Rabbit C1 is Hungry
Rabbit C1f ate
Rabbit C0m is running away from: LionC2
Rabbit C0m is running away from: WolfC0
Rabbit C0 is Hungry
Rabbit C0m ate
Rabbit A1m is running away from: LionB0
Rabbit A1m is running away from: WolfB1
Rabbit A1 is Hungry
Rabbit A1m ate
Rabbit A2m is running away from: LionC2
Rabbit A2m is running away from: WolfC0
Rabbit A2 is Hungry
Rabbit A2m ate
Rabbit B3m is running away from: LionA0
Rabbit B3m is running away from: WolfC5
Rabbit B3 is Hungry
Rabbit B3m ate
Wolf C0f is running away from: LionC2
Wolf C4m is running away from: LionA0
Wolf C3f is running away from: LionA0
Wolf B1f is running away from: LionB0
Wolf B1m is running away from: LionB1
Wolf C5m is running away from: LionA0
Wolf C0f is running away from: LionA0
Wolf B5f is running away from: LionA0
Rabbit A1m is running away from: LionC2
Rabbit A1m is running away from: WolfC0
Rabbit B3f is running away from: LionB1
Rabbit B3f is running away from: WolfC5
Rabbit C4f is running away from: LionB0
Rabbit C4f is running away from: WolfB1
Rabbit C1m is running away from: LionA0
Rabbit C1m is running away from: WolfC0
Rabbit C3f is running away from: LionA0
Rabbit C3f is running away from: WolfC0
Rabbit A4m is running away from: LionC2
Rabbit A4m is running away from: WolfB1
Rabbit A4 is Hungry
Rabbit A4m ate
Rabbit A3m is running away from: LionC2
Rabbit A3m is running away from: WolfC0
Rabbit B3m is running away from: LionB0
Rabbit B3m is running away from: WolfC0
Rabbit A4m is running away from: LionC2
Rabbit A4m is running away from: WolfC5
Rabbit C0m is running away from: LionA0
Rabbit C0m is running away from: WolfB5
Rabbit A5f is running away from: LionB0
Rabbit A5f is running away from: WolfC0
Rabbit C0m is running away from: LionA0
Rabbit C0m is running away from: WolfC0
Rabbit C3m is running away from: LionA0
Rabbit C3m is running away from: WolfB5
Rabbit A4m is running away from: LionB0
Rabbit A4m is running away from: WolfC0
Rabbit C1f is running away from: LionA0
Rabbit C1f is running away from: WolfC0
Rabbit C0m is running away from: LionB0
Rabbit C0m is running away from: WolfC0
Rabbit A1m is running away from: LionB0
Rabbit A1m is running away from: WolfB1
Rabbit A2m is running away from: LionC2
Rabbit A2m is running away from: WolfC0
Rabbit B3m is running away from: LionA0
Rabbit B3m is running away from: WolfC5
Wolf C0f is running away from: LionB0
Wolf C0 f is ready to mate
Wolf C4m is running away from: LionA0
Wolf C4 m is ready to mate
Wolf C3f is running away from: LionA0
Wolf C3 f is ready to mate
Wolf B1f is running away from: LionB0
Wolf B1 f is ready to mate
Wolf B1m is running away from: LionC2
Wolf B1m ate!
Wolf B1 m is ready to mate
Wolf C5m is running away from: LionB1
Wolf C5 m is ready to mate
Wolf C0f is running away from: LionA0
Wolf C0 f is ready to mate
Wolf B5f is running away from: LionA0
Wolf B5 f is ready to mate
Rabbit B3f is running away from: LionB1
Rabbit B3f is running away from: WolfC5
Rabbit B3 is Hungry
Rabbit B3f ate
Rabbit C4f is running away from: LionB0
Rabbit C4f is running away from: WolfB1
Rabbit C4 is Hungry
Rabbit C4f ate
Rabbit C1m is running away from: LionA0
Rabbit C1m is running away from: WolfB5
Rabbit C1 is Hungry
Rabbit C1m ate
Rabbit C3f is running away from: LionA0
Rabbit C3f is running away from: WolfC0
Rabbit C3 is Hungry
Rabbit C3f ate
Rabbit A4m is running away from: LionB0
Rabbit A4m is running away from: WolfB1
Rabbit A3m is running away from: LionC2
Rabbit A3m is running away from: WolfC0
Rabbit A3 is Hungry
Rabbit A3m ate
Rabbit B3m is running away from: LionB0
Rabbit B3m is running away from: WolfC0
Rabbit B3 is Hungry
Rabbit B3m ate
Rabbit A4m is running away from: LionC2
Rabbit A4m is running away from: WolfC5
Rabbit A4 is Hungry
Rabbit A4m ate
Rabbit C0m is running away from: LionA0
Rabbit C0m is running away from: WolfB5
Rabbit C0 is Hungry
Rabbit C0m ate
Rabbit A5f is running away from: LionB0
Rabbit A5f is running away from: WolfC0
Rabbit A5 is Hungry
Rabbit C0m is running away from: LionA0
Rabbit C0m is running away from: WolfC4
Rabbit C0 is Hungry
Rabbit C0m ate
Rabbit C3m is running away from: LionA0
Rabbit C3m is running away from: WolfB5
Rabbit C3 is Hungry
Rabbit C3m ate
Rabbit A4m is running away from: LionB0
Rabbit A4m is running away from: WolfC0
Rabbit A4 is Hungry
Rabbit A4m ate
Rabbit C1f is running away from: LionA0
Rabbit C1f is running away from: WolfB5
Rabbit C1 is Hungry
Rabbit C1f ate
Rabbit C0m is running away from: LionB0
Rabbit C0m is running away from: WolfC0
Rabbit C0 is Hungry
Rabbit C0m ate
Rabbit A1m is running away from: LionB0
Rabbit A1m is running away from: WolfC0
Rabbit A1 is Hungry
Rabbit A1m ate
Rabbit A2m is running away from: LionC2
Rabbit A2m is running away from: WolfC0
Rabbit A2 is Hungry
Rabbit A2m ate
Rabbit B3m is running away from: LionA0
Rabbit B3m is running away from: WolfC5
Rabbit B3 is Hungry
Rabbit B3m ate
Wolf C0f is running away from: LionC2
Wolf C0 is Hungry
Wolf C0f is chasing: A2m
Wolf C0 f is ready to mate
Wolf C4m is running away from: LionA0
Wolf C4 is Hungry
Wolf C4m is chasing: C0m
Wolf C4 m is ready to mate
Wolf C3f is running away from: LionA0
Wolf C3 is Hungry
Wolf C3f is chasing: C0m
Wolf C3 f is ready to mate
Wolf B1f is running away from: LionB0
Wolf B1 f is ready to mate
Wolf B1m is running away from: LionB0
Wolf B1 m is ready to mate
Wolf C5m is running away from: LionA0
Wolf C5 is Hungry
Wolf C5m is chasing: B3f
Wolf C5 m is ready to mate
Wolf C0f is running away from: LionA0
Wolf C0 is Hungry
Wolf C0f is chasing: C0m
Wolf C0f ate!
Wolf C0 f is ready to mate
Wolf B5f is running away from: LionA0
Wolf B5 is Hungry
Wolf B5f is chasing: C3m
Wolf B5 f is ready to mate
Rabbit B3f is running away from: LionB1
Rabbit B3f is running away from: WolfC5
Rabbit B3 f is ready to mate
Rabbit C4f is running away from: LionB0
Rabbit C4f is running away from: WolfB1
Rabbit C4 f is ready to mate
Rabbit C1m is running away from: LionA0
Rabbit C1m is running away from: WolfB5
Rabbit C1 m is ready to mate
Rabbit C1 m is approaching partner: Rabbit C3f
Rabbit C3f is running away from: LionA0
Rabbit C3f is running away from: WolfC0
Rabbit C3 f is ready to mate
Rabbit A4m is running away from: LionC2
Rabbit A4m is running away from: WolfB1
Rabbit A4 is Hungry
Rabbit A4m ate
Rabbit A4 m is ready to mate
Rabbit A4 m is approaching partner: Rabbit B3f
Rabbit A3m is running away from: LionC2
Rabbit A3m is running away from: WolfB1
Rabbit A3 m is ready to mate
Rabbit A3 m is approaching partner: Rabbit B3f
Rabbit B3m is running away from: LionB0
Rabbit B3m is running away from: WolfC0
Rabbit B3 m is ready to mate
Rabbit B3 m is approaching partner: Rabbit A5f
Rabbit A4m is running away from: LionC2
Rabbit A4m is running away from: WolfC5
Rabbit A4 m is ready to mate
Rabbit A4 m is approaching partner: Rabbit B3f
Rabbit C0m is running away from: LionA0
Rabbit C0m is running away from: WolfB5
Rabbit C0 m is ready to mate
Rabbit C0 m is approaching partner: Rabbit B3f
Rabbit A5f is running away from: LionB0
Rabbit A5f is running away from: WolfC0
Rabbit A5 is Hungry
Rabbit A5 f is ready to mate
Rabbit C3m is running away from: LionA0
Rabbit C3m is running away from: WolfB5
Rabbit C3 m is ready to mate
Rabbit C3 m is approaching partner: Rabbit C1f
Rabbit A4m is running away from: LionC2
Rabbit A4m is running away from: WolfC0
Rabbit A4 m is ready to mate
Rabbit A4 m is approaching partner: Rabbit A5f
Rabbit C1f is running away from: LionA0
Rabbit C1f is running away from: WolfC0
Rabbit C1 f is ready to mate
Rabbit C0m is running away from: LionB0
Rabbit C0m is running away from: WolfC0
Rabbit C0 m is ready to mate
Rabbit C0 m is approaching partner: Rabbit A5f
Rabbit A1m is running away from: LionB0
Rabbit A1m is running away from: WolfC0
Rabbit A1 m is ready to mate
Rabbit A1 m is approaching partner: Rabbit C4f
Rabbit A2m is running away from: LionC2
Rabbit A2m is running away from: WolfC0
Rabbit A2 m is ready to mate
Rabbit A2 m is approaching partner: Rabbit A5f
Rabbit B3m is running away from: LionA0
Rabbit B3m is running away from: WolfB5
Rabbit B3 m is ready to mate
Rabbit B3 m is approaching partner: Rabbit B3f
Lion A0 is Hungry
LionA0fis chasing: C0m
Lion A0 f is ready to mate
Lion C2 is Hungry
LionC2mis chasing: B1m
Lion C2 m is ready to mate
Lion B0 is Hungry
LionB0mis chasing: B1f
Lion B0 m is ready to mate
Lion A0 is Hungry
LionA0mis chasing: B3m
Lion A0 m is ready to mate
Lion B1 is Hungry
LionB1mis chasing: C5m
Lion B1 m is ready to mate
Wolf C0f is running away from: LionC2
Wolf C0 is Hungry
Wolf C0f is chasing: C4f
Wolf C0 f is ready to mate
Wolf C4m is running away from: LionA0
Wolf C4 is Hungry
Wolf C4m is chasing: C1f
Wolf C4 m is ready to mate
Wolf C3f is running away from: LionA0
Wolf C3 is Hungry
Wolf C3f is chasing: C1f
Wolf C3 f is ready to mate
Wolf B1f is running away from: LionB0
Wolf B1 f is ready to mate
Wolf B1m is running away from: LionC2
Wolf B1 m is ready to mate
Wolf C5m is running away from: LionB1
Wolf C5 is Hungry
Wolf C5m is chasing: B3m
Wolf C5 m is ready to mate
Wolf C0f is running away from: LionA0
Wolf C0 f is ready to mate
Wolf B5f is running away from: LionA0
Wolf B5 is Hungry
Wolf B5f is chasing: C3m
Wolf B5 f is ready to mate
Rabbit B3f is running away from: LionB1
Rabbit B3f is running away from: WolfC5
Rabbit B3 is Hungry
Rabbit B3f ate
Rabbit B3 f is ready to mate
Rabbit C4f is running away from: LionB0
Rabbit C4f is running away from: WolfC0
Rabbit C4 is Hungry
Rabbit C4 f is ready to mate
Rabbit C1m is running away from: LionA0
Rabbit C1m is running away from: WolfC3
Rabbit C1 is Hungry
Rabbit C1m ate
Rabbit C1 m is ready to mate
Rabbit C1 m is approaching partner: Rabbit C3f
Rabbit C3f is running away from: LionA0
Rabbit C3f is running away from: WolfC0
Rabbit C3 is Hungry
Rabbit C3 f is ready to mate
Rabbit A4m is running away from: LionB1
Rabbit A4m is running away from: WolfB1
Rabbit A4 m is ready to mate
Rabbit A4 m is approaching partner: Rabbit B3f
Rabbit A3m is running away from: LionA0
Rabbit A3m is running away from: WolfC5
Rabbit A3 is Hungry
Rabbit A3m ate
Rabbit A3 m is ready to mate
Rabbit A3 m is approaching partner: Rabbit B3f
Rabbit B3m is running away from: LionB0
Rabbit B3m is running away from: WolfC0
Rabbit B3 is Hungry
Rabbit B3 m is ready to mate
Rabbit B3 m is approaching partner: Rabbit A5f
Rabbit A4m is running away from: LionA0
Rabbit A4m is running away from: WolfC5
Rabbit A4 is Hungry
Rabbit A4m ate
Rabbit A4 m is ready to mate
Rabbit A4 m is approaching partner: Rabbit B3f
Rabbit C0m is running away from: LionA0
Rabbit C0m is running away from: WolfC5
Rabbit C0 is Hungry
Rabbit C0m ate
Rabbit C0 m is ready to mate
Rabbit C0 m is approaching partner: Rabbit B3f
Rabbit A5f is running away from: LionB0
Rabbit A5f is running away from: WolfC0
Rabbit A5 is Hungry
RabbitA5f died of hunger
Rabbit A5 f is ready to mate
Rabbit C3m is running away from: LionA0
Rabbit C3m is running away from: WolfB5
Rabbit C3 is Hungry
Rabbit C3m ate
Rabbit C3 m is ready to mate
Rabbit C3 m is approaching partner: Rabbit C1f
Rabbit A4m is running away from: LionB0
Rabbit A4m is running away from: WolfC0
Rabbit A4 is Hungry
Rabbit A4m ate
Rabbit A4 m is ready to mate
Rabbit A4 m is approaching partner: Rabbit C4f
Rabbit C1f is running away from: LionA0
Rabbit C1f is running away from: WolfC3
Rabbit C1 is Hungry
Rabbit C1f ate
Rabbit C1 f is ready to mate
Rabbit C0m is running away from: LionB0
Rabbit C0m is running away from: WolfC0
Rabbit C0 is Hungry
Rabbit C0 m is ready to mate
Rabbit C0 m is approaching partner: Rabbit C4f
Rabbit A1m is running away from: LionB0
Rabbit A1m is running away from: WolfC0
Rabbit A1 is Hungry
Rabbit A1m ate
Rabbit A1 m is ready to mate
Rabbit A1 m is approaching partner: Rabbit C4f
Rabbit C3 f was born!Father is A1 and Mother is C4
Rabbit A2m is running away from: LionC2
Rabbit A2m is running away from: WolfC0
Rabbit A2 is Hungry
Rabbit A2 m is ready to mate
Rabbit A2 m is approaching partner: Rabbit B3f
Rabbit B3m is running away from: LionA0
Rabbit B3m is running away from: WolfC5
Rabbit B3 is Hungry
Rabbit B3m ate
Rabbit B3 m is ready to mate
Rabbit B3 m is approaching partner: Rabbit B3f
Lion A0 is Hungry
LionA0fis chasing: C0m
Lion A0 f is ready to mate
Lion C2 is Hungry
LionC2mis chasing: A3m
Lion C2 m is ready to mate
Lion B0 is Hungry
LionB0mis chasing: B1f
Lion B0 m is ready to mate
Lion A0 is Hungry
LionA0mis chasing: C5m
Lion A0 m is ready to mate
Lion B1 is Hungry
LionB1mis chasing: B3f
Lion B1 m is ready to mate
Wolf C0f is running away from: LionB0
Wolf C0 is Hungry
Wolf C0f is chasing: A2m
Wolf C0 f is ready to mate
Wolf C4m is running away from: LionA0
Wolf C4 is Hungry
Wolf C4m is chasing: C1f
Wolf C4 m is ready to mate
Wolf C3f is running away from: LionA0
Wolf C3 is Hungry
Wolf C3f is chasing: C1f
Wolf C3 f is ready to mate
Wolf B1f is running away from: LionB0
Wolf B1 is Hungry
Wolf B1f is chasing: C4f
Wolf B1 f is ready to mate
Wolf B1m is running away from: LionB0
Wolf B1 m is ready to mate
Wolf C5m is running away from: LionA0
Wolf C5m ate!
Wolf C5 m is ready to mate
Wolf C0f is running away from: LionA0
Wolf C0 f is ready to mate
Wolf B5f is running away from: LionA0
Wolf B5 is Hungry
Wolf B5f is chasing: C3m
Wolf B5 f is ready to mate
Rabbit B3 is Thirsty
Rabbit B3 drank water
Rabbit B3f is running away from: LionB1
Rabbit B3f is running away from: WolfC5
Rabbit B3 f is ready to mate
Rabbit C4 is Thirsty
Rabbit C4 drank water
Rabbit C4f is running away from: LionB0
Rabbit C4f is running away from: WolfC0
Rabbit C4 is Hungry
Rabbit C4f ate
Rabbit C1 is Thirsty
Rabbit C1 drank water
Rabbit C1m is running away from: LionB1
Rabbit C1m is running away from: WolfC3
Rabbit C1 m is ready to mate
Rabbit C1 m is approaching partner: Rabbit C3f
Rabbit C3 is Thirsty
Rabbit C3 drank water
Rabbit C3f is running away from: LionB1
Rabbit C3f is running away from: WolfC3
Rabbit C3 is Hungry
Rabbit C3 f is ready to mate
Rabbit A4 is Thirsty
Rabbit A4 drank water
Rabbit A4m is running away from: LionB1
Rabbit A4m is running away from: WolfB1
Rabbit A4 is Hungry
Rabbit A4m ate
Rabbit A4 m is ready to mate
Rabbit A4 m is approaching partner: Rabbit B3f
Rabbit A3 is Thirsty
Rabbit A3 drank water
Rabbit A3m is running away from: LionC2
Rabbit A3m is running away from: WolfB5
Rabbit A3 m is ready to mate
Rabbit A3 m is approaching partner: Rabbit B3f
Rabbit B3 is Thirsty
Rabbit B3 drank water
Rabbit B3m is running away from: LionB0
Rabbit B3m is running away from: WolfC0
Rabbit B3 is Hungry
Rabbit B3 m is ready to mate
Rabbit B3 m is approaching partner: Rabbit B3f
Rabbit A4 is Thirsty
Rabbit A4 drank water
Rabbit A4m is running away from: LionC2
Rabbit A4m is running away from: WolfC5
Rabbit A4 m is ready to mate
Rabbit A4 m is approaching partner: Rabbit B3f
Rabbit C0 is Thirsty
Rabbit C0 drank water
Rabbit C0m is running away from: LionA0
Rabbit C0m is running away from: WolfB5
Rabbit C0 m is ready to mate
Rabbit C0 m is approaching partner: Rabbit B3f
Rabbit C3 is Thirsty
Rabbit C3 drank water
Rabbit C3m is running away from: LionA0
Rabbit C3m is running away from: WolfB5
Rabbit C3 m is ready to mate
Rabbit C3 m is approaching partner: Rabbit C1f
Rabbit A4 is Thirsty
Rabbit A4 drank water
Rabbit A4m is running away from: LionB0
Rabbit A4m is running away from: WolfC0
Rabbit A4 m is ready to mate
Rabbit A4 m is approaching partner: Rabbit B3f
Rabbit C1 is Thirsty
Rabbit C1 drank water
Rabbit C1f is running away from: LionA0
Rabbit C1f is running away from: WolfC3
Rabbit C1 f is ready to mate
Rabbit C0 is Thirsty
Rabbit C0 drank water
Rabbit C0m is running away from: LionB0
Rabbit C0m is running away from: WolfC0
Rabbit C0 is Hungry
Rabbit C0 m is ready to mate
Rabbit C0 m is approaching partner: Rabbit B3f
Rabbit A1 is Thirsty
Rabbit A1 drank water
Rabbit A1m is running away from: LionB0
Rabbit A1m is running away from: WolfC0
Rabbit A1 m is ready to mate
Rabbit A1 m is approaching partner: Rabbit B3f
Rabbit A2 is Thirsty
Rabbit A2 drank water
Rabbit A2m is running away from: LionB0
Rabbit A2m is running away from: WolfC0
Rabbit A2 is Hungry
Rabbit A2 m is ready to mate
Rabbit A2 m is approaching partner: Rabbit B3f
Rabbit C3f is running away from: LionB0
Rabbit C3f is running away from: WolfC0
Lion A0 is Hungry
LionA0fis chasing: A3m
Lion A0 f is ready to mate
Lion C2 is Hungry
LionC2mis chasing: A3m
Lion C2 m is ready to mate
Lion B0 is Hungry
LionB0mis chasing: B1f
Lion B0 m is ready to mate
Lion A0 is Hungry
LionA0mis chasing: C0m
Lion A0 m is ready to mate
Lion B1 is Hungry
LionB1mis chasing: B3f
Lion B1 m is ready to mate
Wolf C0f is running away from: LionB0
Wolf C0 is Hungry
Wolf C0f is chasing: A2m
Wolf C0 f is ready to mate
Wolf C4m is running away from: LionA0
Wolf C4 is Hungry
Wolf C4m is chasing: C3m
Wolf C4 m is ready to mate
Wolf C3f is running away from: LionA0
Wolf C3 is Hungry
Wolf C3f is chasing: C3m
Wolf C3 f is ready to mate
Wolf B1f is running away from: LionB0
Wolf B1 is Hungry
Wolf B1f is chasing: C4f
Wolf B1 f is ready to mate
Wolf B1m is running away from: LionB0
Wolf B1 m is ready to mate
Wolf C5m is running away from: LionA0
Wolf C5 m is ready to mate
Wolf C0f is running away from: LionA0
Wolf C0 f is ready to mate
Wolf B5f is running away from: LionA0
Wolf B5 is Hungry
Wolf B5f is chasing: C3m
Wolf B5f ate!
Wolf B5 f is ready to mate
Rabbit B3 is Thirsty
Rabbit B3 drank water
Rabbit B3f is running away from: LionB1
Rabbit B3f is running away from: WolfC5
Rabbit B3 is Hungry
Rabbit B3f ate
Rabbit B3 f is ready to mate
Rabbit C4 is Thirsty
Rabbit C4 drank water
Rabbit C4f is running away from: LionB0
Rabbit C4f is running away from: WolfC0
Rabbit C1 is Thirsty
Rabbit C1 drank water
Rabbit C1m is running away from: LionB1
Rabbit C1m is running away from: WolfC5
Rabbit C1 is Hungry
Rabbit C1 m is ready to mate
Rabbit C1 m is approaching partner: Rabbit C3f
Rabbit C3 is Thirsty
Rabbit C3 drank water
Rabbit C3f is running away from: LionB1
Rabbit C3f is running away from: WolfC3
Rabbit C3 is Hungry
RabbitC3f died of hunger
Rabbit C3f ate
Rabbit C3 f is ready to mate
Rabbit A4 is Thirsty
Rabbit A4 drank water
Rabbit A4m is running away from: LionB1
Rabbit A4m is running away from: WolfB1
Rabbit A4 m is ready to mate
Rabbit A4 m is approaching partner: Rabbit B3f
Rabbit A3 is Thirsty
Rabbit A3 drank water
Rabbit A3m is running away from: LionC2
Rabbit A3m is running away from: WolfB1
Rabbit A3 is Hungry
Rabbit A3m ate
Rabbit A3 m is ready to mate
Rabbit A3 m is approaching partner: Rabbit B3f
Rabbit B3 is Thirsty
Rabbit B3 drank water
Rabbit B3m is running away from: LionB0
Rabbit B3m is running away from: WolfC0
Rabbit B3 is Hungry
RabbitB3m died of hunger
Rabbit B3 m is ready to mate
Rabbit B3 m is approaching partner: Rabbit B3f
Rabbit A4 is Thirsty
Rabbit A4 drank water
Rabbit A4m is running away from: LionB1
Rabbit A4m is running away from: WolfC5
Rabbit A4 is Hungry
Rabbit A4m ate
Rabbit A4 m is ready to mate
Rabbit A4 m is approaching partner: Rabbit B3f
Rabbit C0 is Thirsty
Rabbit C0 drank water
Rabbit C0m is running away from: LionA0
Rabbit C0m is running away from: WolfC5
Rabbit C0 is Hungry
Rabbit C0m ate
Rabbit C0 m is ready to mate
Rabbit C0 m is approaching partner: Rabbit B3f
Rabbit A4 is Thirsty
Rabbit A4 drank water
Rabbit A4m is running away from: LionB0
Rabbit A4m is running away from: WolfC0
Rabbit A4 is Hungry
Rabbit A4 m is ready to mate
Rabbit A4 m is approaching partner: Rabbit B3f
Rabbit C1 is Thirsty
Rabbit C1 drank water
Rabbit C1f is running away from: LionA0
Rabbit C1f is running away from: WolfC3
Rabbit C1 is Hungry
Rabbit C1f ate
Rabbit C1 f is ready to mate
Rabbit C0 is Thirsty
Rabbit C0 drank water
Rabbit C0m is running away from: LionB0
Rabbit C0m is running away from: WolfC0
Rabbit C0 is Hungry
RabbitC0m died of hunger
Rabbit C0 m is ready to mate
Rabbit C0 m is approaching partner: Rabbit B3f
Rabbit A1 is Thirsty
Rabbit A1 drank water
Rabbit A1m is running away from: LionB0
Rabbit A1m is running away from: WolfC0
Rabbit A1 is Hungry
Rabbit A1 m is ready to mate
Rabbit A1 m is approaching partner: Rabbit B3f
Rabbit A2 is Thirsty
Rabbit A2 drank water
Rabbit A2m is running away from: LionB0
Rabbit A2m is running away from: WolfC0
Rabbit A2 is Hungry
RabbitA2m died of hunger
Rabbit A2 m is ready to mate
Rabbit A2 m is approaching partner: Rabbit B3f
Rabbit C3f is running away from: LionB0
Rabbit C3f is running away from: WolfC0
Rabbit C3 is Hungry
Lion A0 is Hungry
LionA0fis chasing: A3m
Lion A0 f is ready to mate
Lion C2 is Hungry
LionC2mis chasing: A3m
Lion C2 m is ready to mate
Lion B0 is Hungry
LionB0mis chasing: B1f
Lion B0 m is ready to mate
Lion A0 is Hungry
LionA0mis chasing: C0m
Lion A0 m is ready to mate
Lion B1 is Hungry
LionB1mis chasing: B3f
Lion B1 m is ready to mate
Wolf C0f is running away from: LionB0
Wolf C0 is Hungry
Wolf C0f is chasing: A4m
Wolf C0 f is ready to mate
Wolf C4m is running away from: LionA0
Wolf C4 is Hungry
Wolf C4m is chasing: C1f
Wolf C4 m is ready to mate
Wolf C3f is running away from: LionA0
Wolf C3 is Hungry
Wolf C3f is chasing: C1f
Wolf C3 f is ready to mate
Wolf B1f is running away from: LionB0
Wolf B1 is Hungry
Wolf B1f is chasing: C4f
Wolf B1 f is ready to mate
Wolf B1m is running away from: LionB0
Wolf B1 is Hungry
Wolf B1m is chasing: C4f
Wolf B1 m is ready to mate
Wolf C5m is running away from: LionB1
Wolf C5 m is ready to mate
Wolf C0f is running away from: LionA0
Wolf C0 f is ready to mate
Wolf B5f is running away from: LionA0
Wolf B5 f is ready to mate
Rabbit B3 is Thirsty
Rabbit B3 drank water
Rabbit B3f is running away from: LionB1
Rabbit B3f is running away from: WolfC5
Rabbit B3 f is ready to mate
Rabbit C4 is Thirsty
Rabbit C4 drank water
Rabbit C4f is running away from: LionB0
Rabbit C4f is running away from: WolfC0
Rabbit C4 is Hungry
Rabbit C4f ate
Rabbit C1 is Thirsty
Rabbit C1 drank water
Rabbit C1m is running away from: LionB1
Rabbit C1m is running away from: WolfC3
Rabbit C1 is Hungry
Rabbit C1 m is ready to mate
Rabbit C1 m is approaching partner: Rabbit C1f
Rabbit A4 is Thirsty
Rabbit A4 drank water
Rabbit A4m is running away from: LionB1
Rabbit A4m is running away from: WolfB1
Rabbit A4 is Hungry
Rabbit A4m ate
Rabbit A4 m is ready to mate
Rabbit A4 m is approaching partner: Rabbit B3f
Rabbit A3m is running away from: LionC2
Rabbit A3m is running away from: WolfB5
Rabbit A3 m is ready to mate
Rabbit A3 m is approaching partner: Rabbit B3f
Rabbit A4 is Thirsty
Rabbit A4 drank water
Rabbit A4m is running away from: LionB1
Rabbit A4m is running away from: WolfC5
Rabbit A4 m is ready to mate
Rabbit A4 m is approaching partner: Rabbit B3f
Rabbit C0 is Thirsty
Rabbit C0 drank water
Rabbit C0m is running away from: LionA0
Rabbit C0m is running away from: WolfC5
Rabbit C0 m is ready to mate
Rabbit C0 m is approaching partner: Rabbit B3f
Rabbit A4 is Thirsty
Rabbit A4 drank water
Rabbit A4m is running away from: LionB0
Rabbit A4m is running away from: WolfC0
Rabbit A4 is Hungry
Rabbit A4 m is ready to mate
Rabbit A4 m is approaching partner: Rabbit C4f
Rabbit C1f is running away from: LionB1
Rabbit C1f is running away from: WolfC3
Rabbit C1 f is ready to mate
Rabbit A1 is Thirsty
Rabbit A1 drank water
Rabbit A1m is running away from: LionB0
Rabbit A1m is running away from: WolfC0
Rabbit A1 is Hungry
Rabbit A1 m is ready to mate
Rabbit A1 m is approaching partner: Rabbit C4f
Rabbit C3f is running away from: LionB0
Rabbit C3f is running away from: WolfC0
Rabbit C3 is Hungry
Lion A0f ate: A3m
Lion A0 f is ready to mate
Lion C2 is Hungry
LionC2mis chasing: A3m
Lion C2 m is ready to mate
Lion B0 is Hungry
LionB0mis chasing: B1f
Lion B0 m is ready to mate
Lion A0 is Hungry
LionA0mis chasing: C0m
Lion A0 m is ready to mate
Lion B1 is Hungry
LionB1mis chasing: B3f
Lion B1 m is ready to mate
Wolf C0f is running away from: LionB0
Wolf C0 is Hungry
WolfC0f died of hunger
Wolf C0f is chasing: A4m
Wolf C0 is Thirsty
Wolf C0drank water
Wolf C0 f is ready to mate
Wolf C4m is running away from: LionA0
Wolf C4 is Hungry
WolfC4m died of hunger
Wolf C4m is chasing: C1f
Wolf C4 is Thirsty
Wolf C4drank water
Wolf C4 m is ready to mate
Wolf C3f is running away from: LionA0
Wolf C3 is Hungry
WolfC3f died of hunger
Wolf C3f is chasing: C1f
Wolf C3 is Thirsty
Wolf C3drank water
Wolf C3 f is ready to mate
Wolf B1f is running away from: LionB0
Wolf B1 is Hungry
Wolf B1f is chasing: C4f
Wolf B1 is Thirsty
Wolf B1drank water
Wolf B1 f is ready to mate
Wolf B1m is running away from: LionB0
Wolf B1 is Hungry
Wolf B1m is chasing: A1m
Wolf B1 is Thirsty
Wolf B1drank water
Wolf B1 m is ready to mate
Wolf C5m is running away from: LionA0
Wolf C5 is Thirsty
Wolf C5drank water
Wolf C5 m is ready to mate
Wolf C0f is running away from: LionA0
Wolf C0 is Hungry
Wolf C0f is chasing: C1f
Wolf C0 is Thirsty
Wolf C0drank water
Wolf C0 f is ready to mate
Wolf B5f is running away from: LionA0
Wolf B5 is Thirsty
Wolf B5drank water
Wolf B5 f is ready to mate
Rabbit B3 is Thirsty
Rabbit B3 drank water
Rabbit B3f is running away from: LionB1
Rabbit B3f is running away from: WolfC5
Rabbit B3 is Hungry
Rabbit B3 f is ready to mate
Rabbit C4 is Thirsty
Rabbit C4 drank water
Rabbit C4f is running away from: LionB0
Rabbit C4f is running away from: WolfB1
Rabbit C1 is Thirsty
Rabbit C1 drank water
Rabbit C1m is running away from: LionB1
Rabbit C1m is running away from: WolfC5
Rabbit C1 is Hungry
RabbitC1m died of hunger
Rabbit C1m ate
Rabbit C1 m is ready to mate
Rabbit C1 m is approaching partner: Rabbit C1f
Rabbit A4 is Thirsty
Rabbit A4 drank water
Rabbit A4m is running away from: LionB1
Rabbit A4m is running away from: WolfB1
Rabbit A4 m is ready to mate
Rabbit A4 m is approaching partner: Rabbit B3f
Rabbit A3m is running away from: LionA0
Rabbit A3m is running away from: WolfC5
Rabbit A3 is Hungry
Rabbit A3 m is ready to mate
Rabbit A3 m is approaching partner: Rabbit B3f
Rabbit A4 is Thirsty
Rabbit A4 drank water
Rabbit A4m is running away from: LionB1
Rabbit A4m is running away from: WolfC5
Rabbit A4 is Hungry
Rabbit A4 m is ready to mate
Rabbit A4 m is approaching partner: Rabbit B3f
Rabbit C0m is running away from: LionA0
Rabbit C0m is running away from: WolfC5
Rabbit C0 is Hungry
Rabbit C0m ate
Rabbit C0 m is ready to mate
Rabbit C0 m is approaching partner: Rabbit B3f
Rabbit A4 is Thirsty
Rabbit A4 drank water
Rabbit A4m is running away from: LionB0
Rabbit A4m is running away from: WolfB1
Rabbit A4 is Hungry
RabbitA4m died of hunger
Rabbit A4m ate
Rabbit A4 m is ready to mate
Rabbit A4 m is approaching partner: Rabbit C3f
Rabbit C1f is running away from: LionB1
Rabbit C1f is running away from: WolfC5
Rabbit C1 is Hungry
Rabbit C1f ate
Rabbit C1 f is ready to mate
Rabbit A1 is Thirsty
Rabbit A1 drank water
Rabbit A1m is running away from: LionB0
Rabbit A1m is running away from: WolfB1
Rabbit A1 is Hungry
RabbitA1m died of hunger
Rabbit A1 m is ready to mate
Rabbit A1 m is approaching partner: Rabbit C4f
Rabbit C3f is running away from: LionB0
Rabbit C3f is running away from: WolfB1
Rabbit C3 is Hungry
RabbitC3f died of hunger
Lion A0 f is ready to mate
Lion C2 is Hungry
LionC2m died of hunger
LionC2mis chasing: A3m
LionC2m ate: A3m
Lion C2 m is ready to mate
Lion B0 is Hungry
LionB0m died of hunger
LionB0mis chasing: B1f
Lion B0 m is ready to mate
Lion A0 is Hungry
LionA0m died of hunger
LionA0mis chasing: C0m
Lion A0 m is ready to mate
Lion B1 is Hungry
LionB1m died of hunger
LionB1mis chasing: B3f
Lion B1m ate!
Lion B1 m is ready to mate
Wolf B1f is running away from: LionA0
Wolf B1 is Hungry
Wolf B1f is chasing: C4f
Wolf B1 is Thirsty
Wolf B1drank water
Wolf B1 f is ready to mate
Wolf B1m is running away from: LionA0
Wolf B1 is Hungry
Wolf B1m is chasing: C4f
Wolf B1 is Thirsty
Wolf B1drank water
Wolf B1 m is ready to mate
Wolf C5m is running away from: LionA0
Wolf C5 is Thirsty
Wolf C5drank water
Wolf C5 m is ready to mate
Wolf C0f is running away from: LionA0
Wolf C0 is Hungry
Wolf C0f is chasing: C1f
Wolf C0 is Thirsty
Wolf C0drank water
Wolf C0 f is ready to mate
Wolf B5f is running away from: LionA0
Wolf B5 is Thirsty
Wolf B5drank water
Wolf B5 f is ready to mate
Rabbit C4 is Thirsty
Rabbit C4 drank water
Rabbit C4f is running away from: LionA0
Rabbit C4f is running away from: WolfB1
Rabbit C4 is Hungry
Rabbit C4 f is ready to mate
Rabbit A4 is Thirsty
Rabbit A4 drank water
Rabbit A4m is running away from: LionA0
Rabbit A4m is running away from: WolfB1
Rabbit A4 is Hungry
Rabbit A4m ate
Rabbit A4 m is ready to mate
Rabbit A4 m is approaching partner: Rabbit C1f
Rabbit A4 is Thirsty
Rabbit A4 drank water
Rabbit A4m is running away from: LionA0
Rabbit A4m is running away from: WolfC5
Rabbit A4 is Hungry
Rabbit A4m ate
Rabbit A4 m is ready to mate
Rabbit A4 m is approaching partner: Rabbit C1f
Rabbit C0m is running away from: LionA0
Rabbit C0m is running away from: WolfC5
Rabbit C0 m is ready to mate
Rabbit C0 m is approaching partner: Rabbit C1f
Rabbit C1f is running away from: LionA0
Rabbit C1f is running away from: WolfC5
Rabbit C1 f is ready to mate
Lion A0 f is ready to mate
Wolf B1f is running away from: LionA0
Wolf B1 is Hungry
WolfB1f died of hunger
Wolf B1f is chasing: C4f
Wolf B1 is Thirsty
Wolf B1drank water
Wolf B1 f is ready to mate
Wolf B1m is running away from: LionA0
Wolf B1 is Hungry
Wolf B1m is chasing: C4f
Wolf B1 is Thirsty
Wolf B1drank water
Wolf B1 m is ready to mate
Wolf C5m is running away from: LionA0
Wolf C5 is Hungry
Wolf C5m is chasing: C1f
Wolf C5 is Thirsty
Wolf C5drank water
Wolf C5 m is ready to mate
Wolf A4 f was born! Father is C5 and Mother is B5
Wolf C0f is running away from: LionA0
Wolf C0 is Hungry
Wolf C0f is chasing: C1f
Wolf C0 is Thirsty
Wolf C0drank water
Wolf C0 f is ready to mate
Wolf B5f is running away from: LionA0
Wolf B5 is Thirsty
Wolf B5drank water
Rabbit C4 is Thirsty
Rabbit C4 drank water
Rabbit C4f is running away from: LionA0
Rabbit C4f is running away from: WolfB1
Rabbit C4 is Hungry
Rabbit C4f ate
Rabbit C4 f is ready to mate
Rabbit A4 is Thirsty
Rabbit A4 drank water
Rabbit A4m is running away from: LionA0
Rabbit A4m is running away from: WolfB1
Rabbit A4 m is ready to mate
Rabbit A4 m is approaching partner: Rabbit C1f
Rabbit A4 is Thirsty
Rabbit A4 drank water
Rabbit A4m is running away from: LionA0
Rabbit A4m is running away from: WolfA4
Rabbit A4 m is ready to mate
Rabbit A4 m is approaching partner: Rabbit C1f
Rabbit C0m is running away from: LionA0
Rabbit C0m is running away from: WolfA4
Rabbit C0 is Hungry
Rabbit C0m ate
Rabbit C0 m is ready to mate
Rabbit C0 m is approaching partner: Rabbit C1f
Rabbit C1f is running away from: LionA0
Rabbit C1f is running away from: WolfC0
Rabbit C1 is Hungry
Rabbit C1f ate
Rabbit C1 f is ready to mate
Lion A0 f is ready to mate
Wolf B1m is running away from: LionA0
Wolf B1 is Hungry
Wolf B1m is chasing: C4f
Wolf B1 is Thirsty
Wolf B1drank water
Wolf B1 m is ready to mate
Wolf C5m is running away from: LionA0
Wolf C5 is Hungry
Wolf C5m is chasing: C1f
Wolf C5 m is ready to mate
Wolf C0f is running away from: LionA0
Wolf C0 is Hungry
Wolf C0f is chasing: C1f
Wolf C0 is Thirsty
Wolf C0drank water
Wolf C0 f is ready to mate
Wolf B5f is running away from: LionA0
Wolf B5 is Hungry
Wolf B5f is chasing: C1f
Wolf A4f is running away from: LionA0
Rabbit C4 is Thirsty
Rabbit C4 drank water
Rabbit C4f is running away from: LionA0
Rabbit C4f is running away from: WolfB1
Rabbit C4 f is ready to mate
Rabbit A4 is Thirsty
Rabbit A4 drank water
Rabbit A4m is running away from: LionA0
Rabbit A4m is running away from: WolfB1
Rabbit A4 is Hungry
Rabbit A4 m is ready to mate
Rabbit A4 m is approaching partner: Rabbit C4f
Rabbit A4 is Thirsty
Rabbit A4 drank water
Rabbit A4m is running away from: LionA0
Rabbit A4m is running away from: WolfB1
Rabbit A4 is Hungry
Rabbit A4m ate
Rabbit A4 m is ready to mate
Rabbit A4 m is approaching partner: Rabbit C1f
Rabbit C0m is running away from: LionA0
Rabbit C0m is running away from: WolfB1
Rabbit C0 m is ready to mate
Rabbit C0 m is approaching partner: Rabbit C4f
Rabbit C1f is running away from: LionA0
Rabbit C1f is running away from: WolfC0
Rabbit C1 f is ready to mate
Lion A0 f is ready to mate
Wolf B1m is running away from: LionA0
Wolf B1 is Hungry
WolfB1m died of hunger
Wolf B1m is chasing: C4f
Wolf B1 is Thirsty
Wolf B1drank water
Wolf B1 m is ready to mate
Wolf C5m is running away from: LionA0
Wolf C5 is Hungry
Wolf C5m is chasing: C1f
Wolf C5 m is ready to mate
Wolf B2 m was born! Father is C5 and Mother is C0
Wolf C0f is running away from: LionA0
Wolf C0 is Hungry
Wolf C0f is chasing: C1f
Wolf C0 is Thirsty
Wolf C0drank water
Wolf B5f is running away from: LionA0
Wolf B5 is Hungry
Wolf B5f is chasing: C1f
Wolf A4f is running away from: LionA0
Rabbit C4 is Thirsty
Rabbit C4 drank water
Rabbit C4f is running away from: LionA0
Rabbit C4f is running away from: WolfA4
Rabbit C4 is Hungry
Rabbit C4f ate
Rabbit C4 f is ready to mate
Rabbit A4 is Thirsty
Rabbit A4 drank water
Rabbit A4m is running away from: LionA0
Rabbit A4m is running away from: WolfA4
Rabbit A4 is Hungry
Rabbit A4m ate
Rabbit A4 m is ready to mate
Rabbit A4 m is approaching partner: Rabbit C4f
Rabbit A4 is Thirsty
Rabbit A4 drank water
Rabbit A4m is running away from: LionA0
Rabbit A4m is running away from: WolfA4
Rabbit A4 m is ready to mate
Rabbit A4 m is approaching partner: Rabbit C4f
Rabbit C0m is running away from: LionA0
Rabbit C0m is running away from: WolfA4
Rabbit C0 is Hungry
Rabbit C0m ate
Rabbit C0 m is ready to mate
Rabbit C0 m is approaching partner: Rabbit C4f
Rabbit C1f is running away from: LionA0
Rabbit C1f is running away from: WolfB5
Rabbit C1 is Hungry
Rabbit C1 f is ready to mate
Lion A0 is Hungry
LionA0fis chasing: C0m
Lion A0 f is ready to mate
Wolf C5m is running away from: LionA0
Wolf C5 is Hungry
Wolf C5m is chasing: C1f
Wolf C5 m is ready to mate
No Female Wolf Partner or Female Wolf Partner not ready yet!
Wolf C0f is running away from: LionA0
Wolf C0 is Hungry
WolfC0f died of hunger
Wolf C0f is chasing: C1f
Wolf C0 is Thirsty
Wolf C0drank water
Wolf B5f is running away from: LionA0
Wolf B5 is Hungry
Wolf B5f is chasing: C1f
Wolf A4f is running away from: LionA0
Wolf B2m is running away from: LionA0
Rabbit C4 is Thirsty
Rabbit C4 drank water
Rabbit C4f is running away from: LionA0
Rabbit C4f is running away from: WolfA4
Rabbit C4 f is ready to mate
Rabbit A4 is Thirsty
Rabbit A4 drank water
Rabbit A4m is running away from: LionA0
Rabbit A4m is running away from: WolfA4
Rabbit A4 m is ready to mate
Rabbit A4 m is approaching partner: Rabbit C4f
Rabbit A4 is Thirsty
Rabbit A4 drank water
Rabbit A4m is running away from: LionA0
Rabbit A4m is running away from: WolfA4
Rabbit A4 is Hungry
Rabbit A4m ate
Rabbit A4 m is ready to mate
Rabbit A4 m is approaching partner: Rabbit C4f
Rabbit C0m is running away from: LionA0
Rabbit C0m is running away from: WolfA4
Rabbit C0 m is ready to mate
Rabbit C0 m is approaching partner: Rabbit C4f
Rabbit C1 is Thirsty
Rabbit C1 drank water
Rabbit C1f is running away from: LionA0
Rabbit C1f is running away from: WolfB5
Rabbit C1 is Hungry
Rabbit C1 f is ready to mate
Lion A0 is Hungry
LionA0fis chasing: A4m
Lion A0 f is ready to mate
Wolf C5m is running away from: LionA0
Wolf C5 is Hungry
Wolf C5m is chasing: C1f
Wolf C5 m is ready to mate
No Female Wolf Partner or Female Wolf Partner not ready yet!
Wolf B5f is running away from: LionA0
Wolf B5 is Hungry
Wolf B5f is chasing: C1f
Wolf A4f is running away from: LionA0
Wolf B2m is running away from: LionA0
Rabbit C4 is Thirsty
Rabbit C4 drank water
Rabbit C4f is running away from: LionA0
Rabbit C4f is running away from: WolfA4
Rabbit C4 is Hungry
Rabbit C4f ate
Rabbit C4 f is ready to mate
Rabbit A4 is Thirsty
Rabbit A4 drank water
Rabbit A4m is running away from: LionA0
Rabbit A4m is running away from: WolfA4
Rabbit A4 is Hungry
Rabbit A4m ate
Rabbit A4 m is ready to mate
Rabbit A4 m is approaching partner: Rabbit C4f
Rabbit A4 is Thirsty
Rabbit A4 drank water
Rabbit A4m is running away from: LionA0
Rabbit A4m is running away from: WolfA4
Rabbit A4 m is ready to mate
Rabbit A4 m is approaching partner: Rabbit C4f
Rabbit C0 is Thirsty
Rabbit C0 drank water
Rabbit C0m is running away from: LionA0
Rabbit C0m is running away from: WolfA4
Rabbit C0 is Hungry
Rabbit C0m ate
Rabbit C0 m is ready to mate
Rabbit C0 m is approaching partner: Rabbit C4f
Rabbit C1 is Thirsty
Rabbit C1 drank water
Rabbit C1f is running away from: LionA0
Rabbit C1f is running away from: WolfB5
Rabbit C1 is Hungry
RabbitC1f died of hunger
Rabbit C1 f is ready to mate
Lion A0 is Hungry
LionA0fis chasing: A4m
Lion A0 f is ready to mate
Wolf C5m is running away from: LionA0
Wolf C5 is Hungry
WolfC5m died of hunger
Wolf C5m is chasing: A4m
Wolf C5 m is ready to mate
No Female Wolf Partner or Female Wolf Partner not ready yet!
Wolf B5f is running away from: LionA0
Wolf B5 is Hungry
Wolf B5f is chasing: A4m
Wolf A4f is running away from: LionA0
Wolf A4 is Hungry
Wolf A4f is chasing: A4m
Wolf B2m is running away from: LionA0
Rabbit C4 is Thirsty
Rabbit C4 drank water
Rabbit C4f is running away from: LionA0
Rabbit C4f is running away from: WolfA4
Rabbit C4 f is ready to mate
Rabbit A4 is Thirsty
Rabbit A4 drank water
Rabbit A4m is running away from: LionA0
Rabbit A4m is running away from: WolfA4
Rabbit A4 m is ready to mate
Rabbit A4 m is approaching partner: Rabbit C4f
Rabbit A4 is Thirsty
Rabbit A4 drank water
Rabbit A4m is running away from: LionA0
Rabbit A4m is running away from: WolfA4
Rabbit A4 is Hungry
Rabbit A4 m is ready to mate
Rabbit A4 m is approaching partner: Rabbit C4f
Rabbit C0 is Thirsty
Rabbit C0 drank water
Rabbit C0m is running away from: LionA0
Rabbit C0m is running away from: WolfA4
Rabbit C0 m is ready to mate
Rabbit C0 m is approaching partner: Rabbit C4f
Lion A0 is Hungry
LionA0fis chasing: A4m
Lion A0 f is ready to mate
Wolf B5f is running away from: LionA0
Wolf B5 is Hungry
WolfB5f died of hunger
Wolf B5f is chasing: A4m
Wolf A4f is running away from: LionA0
Wolf A4 is Hungry
Wolf A4f is chasing: A4m
Wolf B2m is running away from: LionA0
Rabbit C4 is Thirsty
Rabbit C4 drank water
Rabbit C4f is running away from: LionA0
Rabbit C4f is running away from: WolfA4
Rabbit C4 is Hungry
Rabbit C4 f is ready to mate
Rabbit A4 is Thirsty
Rabbit A4 drank water
Rabbit A4m is running away from: LionA0
Rabbit A4m is running away from: WolfA4
Rabbit A4 is Hungry
Rabbit A4m ate
Rabbit A4 m is ready to mate
Rabbit A4 m is approaching partner: Rabbit C4f
Rabbit A4 is Thirsty
Rabbit A4 drank water
Rabbit A4m is running away from: LionA0
Rabbit A4m is running away from: WolfA4
Rabbit A4 is Hungry
Rabbit A4m ate
Rabbit A4 m is ready to mate
Rabbit A4 m is approaching partner: Rabbit C4f
Rabbit C0 is Thirsty
Rabbit C0 drank water
Rabbit C0m is running away from: LionA0
Rabbit C0m is running away from: WolfA4
Rabbit C0 is Hungry
Rabbit C0 m is ready to mate
Rabbit C0 m is approaching partner: Rabbit C4f
Lion A0 is Hungry
LionA0fis chasing: A4m
Lion A0 f is ready to mate
Wolf A4f is running away from: LionA0
Wolf A4 is Hungry
Wolf A4f is chasing: A4m
Wolf B2m is running away from: LionA0
Wolf B2 is Hungry
Wolf B2m is chasing: A4m
Rabbit C4 is Thirsty
Rabbit C4 drank water
Rabbit C4f is running away from: LionA0
Rabbit C4f is running away from: WolfA4
Rabbit C4 is Hungry
Rabbit C4 f is ready to mate
Rabbit A4 is Thirsty
Rabbit A4 drank water
Rabbit A4m is running away from: LionA0
Rabbit A4m is running away from: WolfA4
Rabbit A4 m is ready to mate
Rabbit A4 m is approaching partner: Rabbit C4f
Rabbit A4 is Thirsty
Rabbit A4 drank water
Rabbit A4m is running away from: LionA0
Rabbit A4m is running away from: WolfA4
Rabbit A4 m is ready to mate
Rabbit A4 m is approaching partner: Rabbit C4f
Rabbit C0 is Thirsty
Rabbit C0 drank water
Rabbit C0m is running away from: LionA0
Rabbit C0m is running away from: WolfA4
Rabbit C0 is Hungry
Rabbit C0m ate
Rabbit C0 m is ready to mate
Rabbit C0 m is approaching partner: Rabbit C4f
Lion A0 is Hungry
LionA0f died of hunger
LionA0fis chasing: A4m
Lion A0 f is ready to mate
Wolf A4 is Hungry
Wolf A4f is chasing: A4m
Wolf B2 is Hungry
Wolf B2m is chasing: A4m
Rabbit C4 is Thirsty
Rabbit C4 drank water
Rabbit C4f is running away from: WolfA4
Rabbit C4 is Hungry
RabbitC4f died of hunger
Rabbit C4 f is ready to mate
Rabbit A4m is running away from: WolfA4
Rabbit A4 is Hungry
Rabbit A4m ate
Rabbit A4 m is ready to mate
Not enough female Rabbits or Female Rabbit partners are not ready yet!
Rabbit A4 is Thirsty
Rabbit A4 drank water
Rabbit A4m is running away from: WolfA4
Rabbit A4 is Hungry
Rabbit A4m ate
Rabbit A4 m is ready to mate
Not enough female Rabbits or Female Rabbit partners are not ready yet!
Rabbit C0m is running away from: WolfA4
Rabbit C0 m is ready to mate
Not enough female Rabbits or Female Rabbit partners are not ready yet!
Wolf A4 is Hungry
Wolf A4f is chasing: A4m
Wolf B2 is Hungry
Wolf B2m is chasing: A4m
Rabbit A4m is running away from: WolfA4
Rabbit A4 m is ready to mate
Not enough female Rabbits or Female Rabbit partners are not ready yet!
Rabbit A4m is running away from: WolfA4
Rabbit A4 m is ready to mate
Not enough female Rabbits or Female Rabbit partners are not ready yet!
Rabbit C0m is running away from: WolfA4
Rabbit C0 is Hungry
Rabbit C0m ate
Rabbit C0 m is ready to mate
Not enough female Rabbits or Female Rabbit partners are not ready yet!
Wolf A4 is Hungry
WolfA4f died of hunger
Wolf A4f is chasing: A4m
Wolf A4 is Thirsty
Wolf A4drank water
Wolf B2 is Hungry
Wolf B2m is chasing: A4m
Rabbit A4m is running away from: WolfB2
Rabbit A4 is Hungry
Rabbit A4 m is ready to mate
Not enough female Rabbits or Female Rabbit partners are not ready yet!
Rabbit A4m is running away from: WolfB2
Rabbit A4 is Hungry
Rabbit A4 m is ready to mate
Not enough female Rabbits or Female Rabbit partners are not ready yet!
Rabbit C0m is running away from: WolfB2
Rabbit C0 m is ready to mate
Not enough female Rabbits or Female Rabbit partners are not ready yet!
Wolf B2 is Hungry
Wolf B2m is chasing: A4m
Rabbit A4m is running away from: WolfB2
Rabbit A4 is Hungry
Rabbit A4m ate
Rabbit A4 m is ready to mate
Not enough female Rabbits or Female Rabbit partners are not ready yet!
Rabbit A4m is running away from: WolfB2
Rabbit A4 is Hungry
Rabbit A4 m is ready to mate
Not enough female Rabbits or Female Rabbit partners are not ready yet!
Rabbit C0m is running away from: WolfB2
Rabbit C0 is Hungry
Rabbit C0m ate
Rabbit C0 m is ready to mate
Not enough female Rabbits or Female Rabbit partners are not ready yet!
Wolf B2 is Hungry
WolfB2m died of hunger
Wolf B2m is chasing: A4m
Wolf B2 is Thirsty
Wolf B2drank water
Rabbit A4 m is ready to mate
Not enough female Rabbits or Female Rabbit partners are not ready yet!
Rabbit A4 is Hungry
RabbitA4m died of hunger
Rabbit A4 m is ready to mate
Not enough female Rabbits or Female Rabbit partners are not ready yet!
Rabbit C0 m is ready to mate
Not enough female Rabbits or Female Rabbit partners are not ready yet!
Rabbit A4 is Hungry
Rabbit A4 m is ready to mate
Not enough female Rabbits or Female Rabbit partners are not ready yet!
Rabbit C0 is Hungry
Rabbit C0 m is ready to mate
Not enough female Rabbits or Female Rabbit partners are not ready yet!
Rabbit A4 is Thirsty
Rabbit A4 drank water
Rabbit A4 is Hungry
Rabbit A4m ate
Rabbit A4 m is ready to mate
Not enough female Rabbits or Female Rabbit partners are not ready yet!
Rabbit C0 is Thirsty
Rabbit C0 drank water
Rabbit C0 is Hungry
Rabbit C0m ate
Rabbit C0 m is ready to mate
Not enough female Rabbits or Female Rabbit partners are not ready yet!
Rabbit A4 is Thirsty
Rabbit A4 drank water
Rabbit A4 m is ready to mate
Not enough female Rabbits or Female Rabbit partners are not ready yet!
Rabbit C0 is Thirsty
Rabbit C0 drank water
Rabbit C0 m is ready to mate
Not enough female Rabbits or Female Rabbit partners are not ready yet!
Rabbit A4 is Hungry
Rabbit A4m ate
Rabbit A4 m is ready to mate
Not enough female Rabbits or Female Rabbit partners are not ready yet!
Rabbit C0 is Hungry
Rabbit C0m ate
Rabbit C0 m is ready to mate
Not enough female Rabbits or Female Rabbit partners are not ready yet!
Rabbit A4 m is ready to mate
Not enough female Rabbits or Female Rabbit partners are not ready yet!
Rabbit C0 m is ready to mate
Not enough female Rabbits or Female Rabbit partners are not ready yet!
Rabbit A4 is Hungry
Rabbit A4 m is ready to mate
Not enough female Rabbits or Female Rabbit partners are not ready yet!
Rabbit C0 is Hungry
Rabbit C0 m is ready to mate
Not enough female Rabbits or Female Rabbit partners are not ready yet!
Rabbit A4 is Hungry
Rabbit A4 m is ready to mate
Not enough female Rabbits or Female Rabbit partners are not ready yet!
Rabbit C0 is Hungry
Rabbit C0 m is ready to mate
Not enough female Rabbits or Female Rabbit partners are not ready yet!
Rabbit A4 is Hungry
RabbitA4m died of hunger
Rabbit A4 m is ready to mate
Not enough female Rabbits or Female Rabbit partners are not ready yet!
Rabbit C0 is Hungry
RabbitC0m died of hunger
Rabbit C0 m is ready to mate
Not enough female Rabbits or Female Rabbit partners are not ready yet!
