Wolf C2m ate!
LionC4f ate: C2f
Rabbit B1 m is ready to mate
Rabbit B1 m is approaching partner: Rabbit C4f
Rabbit C2 f is ready to mate
Rabbit A1 m is ready to mate
Rabbit A1 m is approaching partner: Rabbit C4f
Rabbit C2 m is ready to mate
Rabbit C2 m is approaching partner: Rabbit C2f
Rabbit C4 f is ready to mate
Rabbit B0 f is ready to mate
Rabbit C3 m is ready to mate
Rabbit C3 m is approaching partner: Rabbit C2f
LionC0f ate: C2m
Wolf C2m ate!
Rabbit C2 f is ready to mate
Rabbit A1 m is ready to mate
Rabbit A1 m is approaching partner: Rabbit C4f
Rabbit C2 m is ready to mate
Rabbit C2 m is approaching partner: Rabbit C2f
Rabbit C4 f is ready to mate
Rabbit B0 f is ready to mate
Rabbit C3 m is ready to mate
Rabbit C3 m is approaching partner: Rabbit C2f
Rabbit C2 is Thirsty
Rabbit C2 f is ready to mate
Rabbit A1 is Thirsty
Rabbit A1 m is ready to mate
Rabbit A1 m is approaching partner: Rabbit C4f
Rabbit C2 is Thirsty
Rabbit C2 m is ready to mate
Rabbit C2 m is approaching partner: Rabbit C2f
Rabbit C4 is Thirsty
Rabbit C4 f is ready to mate
Rabbit B0 is Thirsty
Rabbit B0 f is ready to mate
Rabbit C3 is Thirsty
Rabbit C3 m is ready to mate
Rabbit C3 m is approaching partner: Rabbit C2f
Wolf C3m ate!
Rabbit A1 is Thirsty
Rabbit A1 m is ready to mate
Rabbit A1 m is approaching partner: Rabbit C4f
Rabbit C2 is Thirsty
Rabbit C2 m is ready to mate
Rabbit C2 m is approaching partner: Rabbit B0f
Rabbit C4 is Thirsty
Rabbit C4 f is ready to mate
Rabbit B0 is Thirsty
Rabbit B0 f is ready to mate
Rabbit C3 is Thirsty
C3drank water
Rabbit C3 m is ready to mate
Rabbit C3 m is approaching partner: Rabbit B0f
Wolf C3m ate!
Rabbit A1 is Thirsty
Rabbit A1 m is ready to mate
Rabbit A1 m is approaching partner: Rabbit C4f
Rabbit B5 f was born!Father is A1 and Mother is C4
Rabbit C2 is Thirsty
C2drank water
Rabbit C2 m is ready to mate
Rabbit C2 m is approaching partner: Rabbit B0f
Rabbit C4 is Thirsty
Rabbit B0 is Thirsty
Rabbit B0 f is ready to mate
Wolf A3 f is ready to mate
Wolf C1 f is ready to mate
Wolf C3 m is ready to mate
Wolf C2 m is ready to mate
Rabbit A1 is Thirsty
Rabbit A1 is Hungry
Rabbit A1mate
Rabbit A1 m is ready to mate
Rabbit A1 m is approaching partner: Rabbit B0f
Rabbit C2 is Hungry
Rabbit C2mate
Rabbit C2 m is ready to mate
Rabbit C2 m is approaching partner: Rabbit B0f
Rabbit C4 is Thirsty
Rabbit C4 is Hungry
Rabbit B0 is Thirsty
Rabbit B0 is Hungry
Rabbit B0fate
Rabbit B0 f is ready to mate
Lion C4 f is ready to mate
Lion B1 is Hungry
LionB1mis chasing: C2m
Lion B1 m is ready to mate
Lion C0 f is ready to mate
Wolf A3 f is ready to mate
Wolf C1f ate!
Wolf C1 f is ready to mate
Wolf C3 m is ready to mate
Wolf C2 m is ready to mate
Wolf C3 m was born! Father is C2 and Mother is C1
Rabbit C2 m is ready to mate
Rabbit C2 m is approaching partner: Rabbit B0f
Rabbit C4 is Thirsty
Rabbit C4 is Hungry
Rabbit C4fate
Rabbit B0 is Thirsty
B0drank water
Rabbit B0 f is ready to mate
Lion C4 f is ready to mate
Lion B1 is Hungry
LionB1mis chasing: C2m
Lion B1 m is ready to mate
Lion C0 f is ready to mate
Wolf A3 f is ready to mate
Wolf C3 m is ready to mate
Wolf C2 m is ready to mate
Rabbit C2 m is ready to mate
Rabbit C2 m is approaching partner: Rabbit B0f
Rabbit C4 is Thirsty
Rabbit B0 f is ready to mate
Lion C4 f is ready to mate
Lion B1 is Hungry
LionB1mis chasing: C2m
Lion B1 m is ready to mate
Lion C0 f is ready to mate
Wolf A3 f is ready to mate
Wolf C1f ate!
Wolf C3 m is ready to mate
Wolf C2 m is ready to mate
Rabbit C2 m is ready to mate
Rabbit C2 m is approaching partner: Rabbit B0f
Rabbit B5 m was born!Father is C2 and Mother is B0
Lion C4 f is ready to mate
Lion B1 is Hungry
LionB1mis chasing: C2m
Lion B1 m is ready to mate
Lion C0 f is ready to mate
Wolf A3 f is ready to mate
Wolf C3 m is ready to mate
Wolf C2 m is ready to mate
Rabbit C2 m is ready to mate
Not enough female Rabbits or Female Rabbit partners are not ready yet!
Lion C4 is Hungry
LionC4fis chasing: C3m
Lion C4 f is ready to mate
Lion B1 is Hungry
LionB1mis chasing: B5m
Lion B1 m is ready to mate
Lion C0 f is ready to mate
Wolf A3 f is ready to mate
Wolf C1f ate!
Wolf C3 m is ready to mate
Wolf C2 m is ready to mate
Rabbit C2 m is ready to mate
Not enough female Rabbits or Female Rabbit partners are not ready yet!
Lion C4 is Hungry
LionC4fis chasing: C3m
Lion C4 f is ready to mate
Lion B1 is Hungry
LionB1mis chasing: B5m
Lion B1 m is ready to mate
Lion C0 is Hungry
LionC0fis chasing: C3m
Lion C0 f is ready to mate
Wolf A3 f is ready to mate
Wolf C3 m is ready to mate
Wolf C2 m is ready to mate
Wolf C5 m was born! Father is C2 and Mother is A3
Rabbit C2 is Thirsty
C2drank water
Rabbit C2 m is ready to mate
Not enough female Rabbits or Female Rabbit partners are not ready yet!
Lion C4 is Hungry
LionC4fis chasing: C3m
Lion C4 f is ready to mate
Lion B1 is Hungry
LionB1mis chasing: B0f
Lion B1 m is ready to mate
Lion C0 is Hungry
LionC0fis chasing: B0f
Lion C0 f is ready to mate
Wolf C3 m is ready to mate
No Female Wolf Partner or Female Wolf Partner not ready yet!
Wolf C2 m is ready to mate
No Female Wolf Partner or Female Wolf Partner not ready yet!
Rabbit C2 m is ready to mate
Not enough female Rabbits or Female Rabbit partners are not ready yet!
Lion C4 is Hungry
LionC4fis chasing: C3m
Lion C4 f is ready to mate
Lion B1 is Hungry
LionB1mis chasing: C2m
Lion B1 m is ready to mate
Lion C0 is Hungry
LionC0fis chasing: C2m
Lion C0 f is ready to mate
Wolf C3 m is ready to mate
No Female Wolf Partner or Female Wolf Partner not ready yet!
Wolf C2 m is ready to mate
No Female Wolf Partner or Female Wolf Partner not ready yet!
Rabbit C2 m is ready to mate
Not enough female Rabbits or Female Rabbit partners are not ready yet!
Rabbit B0 is Thirsty
B0drank water
Lion C4 is Hungry
LionC4fis chasing: C3m
Lion C4 f is ready to mate
Lion B1 is Hungry
LionB1mis chasing: C2m
Lion B1 m is ready to mate
Lion C0 is Hungry
LionC0fis chasing: C2m
Lion C0 f is ready to mate
Wolf A3f ate!
Wolf C3 m is ready to mate
No Female Wolf Partner or Female Wolf Partner not ready yet!
Wolf C2 m is ready to mate
No Female Wolf Partner or Female Wolf Partner not ready yet!
Rabbit C2 m is ready to mate
Not enough female Rabbits or Female Rabbit partners are not ready yet!
Lion C4 is Hungry
LionC4fis chasing: C3m
Lion C4 f is ready to mate
Lion B1 is Hungry
LionB1mis chasing: C2m
Lion B1 m is ready to mate
Lion C0 is Hungry
LionC0fis chasing: B5m
Lion C0 f is ready to mate
Wolf A3 is Thirsty
Wolf C1 is Thirsty
Wolf C3 is Thirsty
Wolf C3 m is ready to mate
No Female Wolf Partner or Female Wolf Partner not ready yet!
Wolf C2 is Thirsty
Wolf C2 m is ready to mate
No Female Wolf Partner or Female Wolf Partner not ready yet!
Rabbit C2 is Hungry
Rabbit C2mate
Rabbit C2 m is ready to mate
Not enough female Rabbits or Female Rabbit partners are not ready yet!
Rabbit B5 is Thirsty
Lion C4 is Thirsty
Lion C4 is Hungry
LionC4fis chasing: C3m
Lion C4 f is ready to mate
Lion B1 is Thirsty
Lion B1 is Hungry
LionB1mis chasing: C2m
Lion B1 m is ready to mate
Lion C0 is Thirsty
Lion C0 is Hungry
LionC0fis chasing: B5m
Lion C0 f is ready to mate
Wolf A3 is Thirsty
Wolf C1 is Thirsty
Wolf C3 is Thirsty
C3drank water
C3drank water
Wolf C3 m is ready to mate
No Female Wolf Partner or Female Wolf Partner not ready yet!
Wolf C2 is Thirsty
Wolf C2 m is ready to mate
No Female Wolf Partner or Female Wolf Partner not ready yet!
Rabbit C2 m is ready to mate
Not enough female Rabbits or Female Rabbit partners are not ready yet!
Rabbit B5 is Thirsty
Lion C4 is Thirsty
Lion C4 is Hungry
LionC4fis chasing: C3m
Lion C4 f is ready to mate
Lion B1 is Thirsty
Lion B1 is Hungry
LionB1mis chasing: B5m
LionB1mate: B5m
Lion B1 m is ready to mate
Lion C0 is Thirsty
Lion C0 is Hungry
LionC0fis chasing: C2m
Lion C0 f is ready to mate
Wolf A3 is Thirsty
Wolf C1 is Thirsty
Wolf C3 m is ready to mate
No Female Wolf Partner or Female Wolf Partner not ready yet!
Wolf C2 is Thirsty
Wolf C2 m is ready to mate
No Female Wolf Partner or Female Wolf Partner not ready yet!
Rabbit C2 m is ready to mate
Not enough female Rabbits or Female Rabbit partners are not ready yet!
Lion C4 is Thirsty
C4drank water
Lion C4 is Hungry
LionC4fis chasing: C3m
Lion C4 f is ready to mate
Lion B1 is Thirsty
Lion B1 m is ready to mate
Lion C0 is Thirsty
Lion C0 is Hungry
LionC0fis chasing: C2m
Lion C0 f is ready to mate
Wolf A3 is Thirsty
A3drank water
Wolf C1 is Thirsty
Wolf C3m is running away from: C4
Wolf C3m ate!
Wolf C3 m is ready to mate
No Female Wolf Partner or Female Wolf Partner not ready yet!
Wolf C2 is Thirsty
Wolf C2 m is ready to mate
No Female Wolf Partner or Female Wolf Partner not ready yet!
Lion C4 is Hungry
LionC4fis chasing: C3m
LionC4fate: C3m
Lion C4 f is ready to mate
Lion B1 is Thirsty
B1drank water
Lion B1 m is ready to mate
Lion C0 is Thirsty
Lion C0 is Hungry
LionC0fis chasing: A3f
Lion C0 f is ready to mate
Wolf C1 is Thirsty
Wolf C2 is Thirsty
Wolf C2 m is ready to mate
No Female Wolf Partner or Female Wolf Partner not ready yet!
Lion C4 f is ready to mate
Lion B1 m is ready to mate
Lion C0 is Thirsty
Lion C0 is Hungry
LionC0fis chasing: A3f
Lion C0 f is ready to mate
Wolf C1 is Thirsty
Wolf C2 is Thirsty
C2drank water
Wolf C2 m is ready to mate
No Female Wolf Partner or Female Wolf Partner not ready yet!
Lion C4 f is ready to mate
Lion B1 m is ready to mate
Lion C0 is Thirsty
Lion C0 is Hungry
LionC0fis chasing: C2m
Lion C0 f is ready to mate
Wolf C1 is Thirsty
Wolf C2 is Hungry
Wolf C2 m is ready to mate
No Female Wolf Partner or Female Wolf Partner not ready yet!
Lion C4 f is ready to mate
Lion B1 m is ready to mate
Lion A4 f was born!Father is B1 and Mother is C0
Lion C0 is Thirsty
C0drank water
Lion C0 is Hungry
LionC0fis chasing: C2m
Wolf C1 is Thirsty
Wolf C2 is Hungry
Wolf C2 m is ready to mate
No Female Wolf Partner or Female Wolf Partner not ready yet!
Lion C4 f is ready to mate
Lion B1 m is ready to mate
Lion C0 is Hungry
LionC0fis chasing: C2m
LionC0fate: C2m
Wolf C1 is Thirsty
C1drank water
Lion C4 f is ready to mate
Lion B1 m is ready to mate
Lion C4 f is ready to mate
Lion B1 m is ready to mate
Lion C4 f is ready to mate
Lion B1 m is ready to mate
Wolf C3 is Hungry
Wolf C3 is Thirsty
Lion C4 f is ready to mate
Lion B1 is Hungry
LionB1mis chasing: C5m
Lion B1 m is ready to mate
Wolf C3 is Hungry
Wolf C3 is Thirsty
Lion C4 f is ready to mate
Lion B1 is Hungry
LionB1mis chasing: C5m
Lion B1 m is ready to mate
Wolf C3 is Hungry
Wolf C3 is Thirsty
Lion C4 is Hungry
LionC4fis chasing: C5m
Lion C4 f is ready to mate
Lion B1 is Hungry
LionB1mis chasing: C5m
Lion B1 m is ready to mate
LionC0f ate: C5m
Wolf C3 is Hungry
Wolf C3 is Thirsty
Lion C4 is Hungry
LionC4fis chasing: C5m
Lion C4 f is ready to mate
Lion B1 is Hungry
LionB1mis chasing: C5m
Lion B1 m is ready to mate
Wolf C1 is Hungry
Wolf C3 is Hungry
Wolf C3 is Thirsty
C3drank water
Lion C4 is Hungry
LionC4fis chasing: C5m
Lion C4 f is ready to mate
Lion B1 is Hungry
LionB1mis chasing: C5m
Lion B1 m is ready to mate
LionA4f ate: C5m
Wolf C1 is Hungry
Wolf C3 is Hungry
Wolf C5m is running away from: A4
Wolf C5 is Hungry
Wolf C5 is Thirsty
Lion C4 is Hungry
LionC4fis chasing: C5m
Lion C4 f is ready to mate
Lion B1 is Hungry
LionB1mis chasing: C5m
Lion B1 m is ready to mate
LionA4f ate: C5m
Wolf C1 is Hungry
Wolf C3 is Hungry
Wolf C5m is running away from: A4
Wolf C5 is Hungry
Wolf C5 is Thirsty
Lion C4 is Hungry
LionC4fis chasing: C5m
Lion C4 f is ready to mate
Lion B1 is Hungry
LionB1mis chasing: C5m
Lion B1 m is ready to mate
Wolf C1 is Hungry
Wolf C3 is Hungry
Wolf C5 is Hungry
Wolf C5 is Thirsty
Lion C4 is Hungry
LionC4fis chasing: C5m
Lion C4 f is ready to mate
Lion B1 is Hungry
LionB1mis chasing: C5m
Lion B1 m is ready to mate
Wolf A3 is Hungry
Wolf C1 is Hungry
Wolf C3 is Hungry
Wolf C5 is Hungry
Wolf C5 is Thirsty
Lion C4 is Hungry
LionC4fis chasing: C5m
Lion C4 f is ready to mate
Lion B1 is Hungry
LionB1mis chasing: C5m
Lion B1 m is ready to mate
Wolf A3 is Hungry
Wolf C1 is Hungry
Wolf C3 is Hungry
Wolf C5 is Hungry
Wolf C5 is Thirsty
C5drank water
Lion C4 is Hungry
LionC4fis chasing: A3f
Lion C4 f is ready to mate
Lion B1 is Hungry
LionB1mis chasing: C5m
Lion B1 m is ready to mate
Wolf A3 is Hungry
Wolf C1 is Hungry
Wolf C3 is Hungry
Wolf C5 is Hungry
Lion C4 is Hungry
LionC4fis chasing: A3f
Lion C4 f is ready to mate
Lion B1 is Hungry
LionB1mis chasing: C5m
Lion B1 m is ready to mate
Wolf A3 is Hungry
Wolf C1 is Hungry
Wolf C3 is Hungry
Wolf C5 is Hungry
Lion C4 is Thirsty
C4drank water
Lion C4 is Hungry
LionC4fis chasing: A3f
Lion C4 f is ready to mate
Lion B1 is Hungry
LionB1mis chasing: A3f
Lion B1 m is ready to mate
Wolf A3 is Hungry
Wolf A3 is Thirsty
A3drank water
Wolf C1 is Hungry
Wolf C3 is Hungry
Wolf C5 is Hungry
Lion C4 is Hungry
LionC4fis chasing: A3f
Lion C4 f is ready to mate
Lion B1 is Thirsty
B1drank water
Lion B1 is Hungry
LionB1mis chasing: C5m
LionB1mate: C5m
Lion B1 m is ready to mate
Lion C0 is Hungry
LionC0fis chasing: C3m
Wolf A3 is Hungry
Wolf C1 is Hungry
Wolf C3 is Hungry
Lion C4 is Hungry
LionC4fis chasing: A3f
Lion C4 f is ready to mate
Lion B1 m is ready to mate
Lion C0 is Hungry
LionC0fis chasing: A3f
Wolf A3f is running away from: C0
Wolf A3 is Hungry
Wolf C1 is Hungry
Wolf C3 is Hungry
Lion C4 is Hungry
LionC4fis chasing: A3f
Lion C4 f is ready to mate
Lion B1 m is ready to mate
Lion C0 is Hungry
LionC0fis chasing: A3f
LionC0fate: A3f
Wolf C1 is Hungry
Wolf C3 is Hungry
Lion C4 is Hungry
LionC4fis chasing: C3m
Lion C4 f is ready to mate
Lion B1 m is ready to mate
Lion C0 is Thirsty
Lion A4 is Thirsty
Lion A4 is Hungry
LionA4fis chasing: C3m
Wolf C1 is Hungry
Wolf C3 is Hungry
Lion C4 is Hungry
LionC4fis chasing: C3m
Lion C4 f is ready to mate
Lion B1 m is ready to mate
Lion C0 is Thirsty
C0drank water
Lion A4 is Thirsty
Lion A4 is Hungry
LionA4fis chasing: C3m
Wolf C1 is Hungry
Wolf C1 is Thirsty
Wolf C3 is Hungry
Lion C4 is Hungry
LionC4fis chasing: C3m
Lion C4 f is ready to mate
Lion B1 m is ready to mate
Lion A4 is Thirsty
Lion A4 is Hungry
LionA4fis chasing: C3m
Wolf C1 is Hungry
Wolf C1 is Thirsty
Wolf C3 is Hungry
Lion C4 is Hungry
LionC4fis chasing: C3m
Lion C4 f is ready to mate
Lion B1 m is ready to mate
Lion A4 is Thirsty
Lion A4 is Hungry
LionA4fis chasing: C3m
Wolf C1 is Hungry
Wolf C1 is Thirsty
Wolf C3 is Hungry
Lion C4 is Hungry
LionC4fis chasing: C3m
LionC4fate: C3m
Lion C4 f is ready to mate
Lion B1 m is ready to mate
Lion A4 is Thirsty
Lion A4 is Hungry
LionA4fis chasing: C1f
Wolf C1 is Hungry
Wolf C1 is Thirsty
Lion C4 f is ready to mate
Lion B1 m is ready to mate
Lion A4 is Thirsty
A4drank water
Lion A4 is Hungry
LionA4fis chasing: C1f
Wolf C1 is Hungry
Wolf C1 is Thirsty
C1drank water
Lion C4 f is ready to mate
Lion B1 m is ready to mate
Lion A4 is Hungry
LionA4fis chasing: C1f
Wolf C1 is Hungry
Lion C4 f is ready to mate
Lion B1 is Hungry
LionB1mis chasing: C1f
Lion B1 m is ready to mate
Lion B1 m was born!Father is B1 and Mother is C4
Lion A4 is Hungry
LionA4fis chasing: C1f
Wolf C1 is Hungry
Lion B1 is Hungry
LionB1mis chasing: C1f
Lion B1 m is ready to mate
No Female Lion Partner or Female Lion partners are not ready to mate Yet!
Lion A4 is Hungry
LionA4fis chasing: C1f
Wolf C1 is Hungry
Lion B1 is Hungry
LionB1mis chasing: C1f
Lion B1 m is ready to mate
No Female Lion Partner or Female Lion partners are not ready to mate Yet!
Lion C0 is Hungry
LionC0fis chasing: C1f
Lion A4 is Hungry
LionA4fis chasing: C1f
Wolf C1 is Hungry
Lion B1 is Hungry
LionB1mis chasing: C1f
LionB1mate: C1f
Lion B1 m is ready to mate
No Female Lion Partner or Female Lion partners are not ready to mate Yet!
Lion C0 is Hungry
Lion A4 is Hungry
Lion B1 m is ready to mate
No Female Lion Partner or Female Lion partners are not ready to mate Yet!
Lion C0 is Hungry
Lion A4 is Hungry
Lion B1 m is ready to mate
No Female Lion Partner or Female Lion partners are not ready to mate Yet!
Lion C0 is Hungry
Lion A4 is Hungry
Lion B1 m is ready to mate
No Female Lion Partner or Female Lion partners are not ready to mate Yet!
Lion C0 is Hungry
Lion A4 is Hungry
Lion C4 is Hungry
Lion B1 m is ready to mate
No Female Lion Partner or Female Lion partners are not ready to mate Yet!
Lion C0 is Hungry
Lion A4 is Hungry
Lion C4 is Hungry
Lion B1 m is ready to mate
No Female Lion Partner or Female Lion partners are not ready to mate Yet!
Lion C0 is Hungry
Lion A4 is Hungry
Lion C4 is Thirsty
Lion C4 is Hungry
Lion B1 m is ready to mate
No Female Lion Partner or Female Lion partners are not ready to mate Yet!
Lion C0 is Hungry
Lion A4 is Hungry
Lion C4 is Thirsty
C4drank water
Lion C4 is Hungry
Lion B1 is Thirsty
Lion B1 m is ready to mate
No Female Lion Partner or Female Lion partners are not ready to mate Yet!
Lion C0 is Hungry
Lion A4 is Hungry
Lion B1 is Hungry
Lion C4 is Hungry
Lion B1 is Thirsty
Lion B1 m is ready to mate
No Female Lion Partner or Female Lion partners are not ready to mate Yet!
Lion C0 is Hungry
Lion A4 is Hungry
Lion B1 is Hungry
Lion C4 is Hungry
Lion B1 is Thirsty
Lion B1 m is ready to mate
No Female Lion Partner or Female Lion partners are not ready to mate Yet!
Lion C0 is Hungry
Lion A4 is Hungry
Lion B1 is Hungry
Lion C4 is Hungry
Lion B1 is Thirsty
Lion B1 is Hungry
Lion B1 m is ready to mate
No Female Lion Partner or Female Lion partners are not ready to mate Yet!
Lion C0 is Hungry
Lion A4 is Hungry
Lion B1 is Hungry
Lion C4 is Hungry
Lion B1 is Thirsty
Lion B1 is Hungry
Lion B1 m is ready to mate
No Female Lion Partner or Female Lion partners are not ready to mate Yet!
Lion C0 is Thirsty
Lion C0 is Hungry
Lion A4 is Hungry
Lion B1 is Hungry
Lion C4 is Hungry
Lion B1 is Thirsty
Lion B1 is Hungry
Lion B1 m is ready to mate
No Female Lion Partner or Female Lion partners are not ready to mate Yet!
Lion C0 is Thirsty
Lion C0 is Hungry
Lion A4 is Hungry
Lion B1 is Hungry
Lion C4 is Hungry
Lion B1 is Thirsty
B1drank water
Lion B1 is Hungry
Lion B1 m is ready to mate
No Female Lion Partner or Female Lion partners are not ready to mate Yet!
Lion C0 is Thirsty
Lion C0 is Hungry
Lion A4 is Hungry
Lion B1 is Hungry
Lion C4 is Hungry
Lion B1 is Hungry
Lion B1 m is ready to mate
No Female Lion Partner or Female Lion partners are not ready to mate Yet!
Lion C0 is Thirsty
Lion C0 is Hungry
Lion A4 is Hungry
Lion B1 is Hungry
Lion C4 is Hungry
Lion B1 is Hungry
Lion B1 m is ready to mate
No Female Lion Partner or Female Lion partners are not ready to mate Yet!
Lion C0 is Thirsty
Lion C0 is Hungry
Lion A4 is Thirsty
A4drank water
Lion A4 is Hungry
Lion B1 is Hungry
Lion C4 is Hungry
Lion B1 is Hungry
Lion B1 m is ready to mate
No Female Lion Partner or Female Lion partners are not ready to mate Yet!
Lion C0 is Thirsty
C0drank water
Lion C0 is Hungry
Lion A4 is Hungry
Lion B1 is Hungry
Lion C4 is Hungry
Lion B1 is Hungry
Lion B1 m is ready to mate
No Female Lion Partner or Female Lion partners are not ready to mate Yet!
Lion C0 is Hungry
Lion A4 is Hungry
Lion B1 is Thirsty
Lion B1 is Hungry
Lion C4 is Hungry
Lion B1 is Hungry
Lion B1 m is ready to mate
No Female Lion Partner or Female Lion partners are not ready to mate Yet!
Lion C0 is Hungry
Lion A4 is Hungry
Lion B1 is Thirsty
B1drank water
Lion B1 is Hungry
Lion C4 is Hungry
Lion B1 is Hungry
Lion B1 m is ready to mate
No Female Lion Partner or Female Lion partners are not ready to mate Yet!
Lion C0 is Hungry
Lion A4 is Hungry
Lion B1 is Hungry
Lion C4 is Hungry
Lion B1 is Hungry
Lion B1 m is ready to mate
No Female Lion Partner or Female Lion partners are not ready to mate Yet!
Lion C0 is Hungry
Lion A4 is Hungry
Lion B1 is Hungry
Lion C4 is Hungry
Lion B1 is Hungry
Lion B1 m is ready to mate
No Female Lion Partner or Female Lion partners are not ready to mate Yet!
Lion C0 is Hungry
Lion A4 is Hungry
Lion B1 is Hungry
Lion C4 is Hungry
Lion B1 is Hungry
Lion B1 m is ready to mate
No Female Lion Partner or Female Lion partners are not ready to mate Yet!
Lion C0 is Hungry
Lion A4 is Hungry
Lion B1 is Hungry
Lion C4 is Hungry
Lion B1 is Hungry
Lion B1 m is ready to mate
No Female Lion Partner or Female Lion partners are not ready to mate Yet!
Lion C0 is Hungry
Lion A4 is Hungry
Lion B1 is Hungry
Lion C4 is Hungry
Lion B1 is Hungry
Lion B1 m is ready to mate
No Female Lion Partner or Female Lion partners are not ready to mate Yet!
Lion C0 is Hungry
Lion A4 is Hungry
Lion B1 is Hungry
Lion C4 is Hungry
Lion B1 is Hungry
Lion B1 m is ready to mate
No Female Lion Partner or Female Lion partners are not ready to mate Yet!
Lion C0 is Hungry
Lion A4 is Hungry
Lion B1 is Hungry
Lion C4 is Hungry
Lion B1 is Hungry
Lion B1 m is ready to mate
No Female Lion Partner or Female Lion partners are not ready to mate Yet!
Lion C0 is Hungry
Lion A4 is Hungry
Lion B1 is Hungry
Lion C4 is Thirsty
C4drank water
Lion C4 is Hungry
Lion B1 is Hungry
Lion B1 m is ready to mate
No Female Lion Partner or Female Lion partners are not ready to mate Yet!
Lion C0 is Hungry
Lion A4 is Hungry
Lion B1 is Hungry
Lion C4 is Hungry
Lion B1 is Hungry
Lion B1 m is ready to mate
No Female Lion Partner or Female Lion partners are not ready to mate Yet!
Lion C0 is Hungry
Lion A4 is Hungry
Lion B1 is Hungry
Lion C4 is Hungry
Lion B1 is Hungry
Lion B1 m is ready to mate
No Female Lion Partner or Female Lion partners are not ready to mate Yet!
Lion C0 is Hungry
Lion A4 is Hungry
Lion B1 is Hungry
Lion C4 is Hungry
Lion B1 is Hungry
Lion B1 m is ready to mate
No Female Lion Partner or Female Lion partners are not ready to mate Yet!
Lion C0 is Hungry
Lion A4 is Hungry
Lion B1 is Hungry
Lion C4 is Hungry
Lion B1 is Hungry
Lion B1 m is ready to mate
No Female Lion Partner or Female Lion partners are not ready to mate Yet!
Lion C0 is Hungry
Lion B1 is Hungry
Lion C4 is Hungry
Lion B1 is Hungry
Lion B1 m is ready to mate
No Female Lion Partner or Female Lion partners are not ready to mate Yet!
Lion C0 is Hungry
Lion B1 is Hungry
Lion C4 is Hungry
Lion B1 is Thirsty
B1drank water
Lion B1 is Hungry
Lion B1 m is ready to mate
No Female Lion Partner or Female Lion partners are not ready to mate Yet!
Lion C0 is Hungry
Lion B1 is Hungry
Lion C4 is Hungry
Lion B1 is Hungry
Lion B1 m is ready to mate
No Female Lion Partner or Female Lion partners are not ready to mate Yet!
Lion C0 is Hungry
Lion B1 is Hungry
Lion C4 is Hungry
Lion B1 is Hungry
Lion B1 m is ready to mate
No Female Lion Partner or Female Lion partners are not ready to mate Yet!
Lion C0 is Hungry
Lion B1 is Hungry
Lion C4 is Hungry
Lion B1 is Hungry
Lion B1 m is ready to mate
No Female Lion Partner or Female Lion partners are not ready to mate Yet!
Lion C0 is Thirsty
Lion C0 is Hungry
Lion B1 is Hungry
Lion C4 is Hungry
Lion B1 is Hungry
Lion B1 m is ready to mate
No Female Lion Partner or Female Lion partners are not ready to mate Yet!
Lion C0 is Thirsty
Lion C0 is Hungry
Lion B1 is Hungry
Lion C4 is Hungry
Lion B1 is Hungry
Lion B1 m is ready to mate
No Female Lion Partner or Female Lion partners are not ready to mate Yet!
Lion C0 is Thirsty
Lion C0 is Hungry
Lion B1 is Thirsty
B1drank water
Lion B1 is Hungry
Lion C4 is Hungry
Lion B1 is Hungry
Lion B1 m is ready to mate
No Female Lion Partner or Female Lion partners are not ready to mate Yet!
Lion C0 is Thirsty
Lion C0 is Hungry
Lion B1 is Hungry
Lion C4 is Hungry
Lion B1 is Hungry
Lion B1 m is ready to mate
No Female Lion Partner or Female Lion partners are not ready to mate Yet!
Lion B1 is Hungry
Lion C4 is Hungry
Lion B1 is Hungry
Lion B1 m is ready to mate
No Female Lion Partner or Female Lion partners are not ready to mate Yet!
Lion B1 is Hungry
Lion C4 is Hungry
Lion B1 is Hungry
Lion B1 m is ready to mate
No Female Lion Partner or Female Lion partners are not ready to mate Yet!
Lion B1 is Hungry
Lion C4 is Hungry
Lion B1 is Hungry
Lion B1 m is ready to mate
No Female Lion Partner or Female Lion partners are not ready to mate Yet!
Lion B1 is Hungry
Lion C4 is Hungry
Lion B1 is Hungry
Lion B1 m is ready to mate
No Female Lion Partner or Female Lion partners are not ready to mate Yet!
Lion B1 is Hungry
Lion B1 is Hungry
Lion B1 m is ready to mate
No Female Lion Partner or Female Lion partners are not ready to mate Yet!
Lion B1 is Hungry
Lion B1 is Hungry
Lion B1 m is ready to mate
No Female Lion Partner or Female Lion partners are not ready to mate Yet!
Lion B1 is Hungry
Lion B1 is Hungry
Lion B1 m is ready to mate
No Female Lion Partner or Female Lion partners are not ready to mate Yet!
Lion B1 is Hungry
Lion B1 is Hungry
Lion B1 m is ready to mate
No Female Lion Partner or Female Lion partners are not ready to mate Yet!
Lion B1 is Hungry
Lion B1 m is ready to mate
No Female Lion Partner or Female Lion partners are not ready to mate Yet!
Lion B1 is Hungry
Lion B1 m is ready to mate
No Female Lion Partner or Female Lion partners are not ready to mate Yet!
