Rabbit A0 is Hungry
Rabbit A0mate
Rabbit A5 is Hungry
Rabbit A5fate
Rabbit A0 is Hungry
Rabbit A0fate
Rabbit B1 is Hungry
Rabbit B1mate
Rabbit A0 is Hungry
Rabbit A0mate
Rabbit B3 is Hungry
Rabbit B3mate
Rabbit A4 is Hungry
Rabbit A4fate
Rabbit A1 is Hungry
Rabbit A1mate
LionA5m ate: A4m
Wolf A4m is running away from: A5
Rabbit A0 is Hungry
Rabbit A0mate
Rabbit A5 is Hungry
Rabbit A5fate
Rabbit A0 is Hungry
Rabbit A0fate
Rabbit B1 is Hungry
Rabbit B1mate
Rabbit A0 is Hungry
Rabbit A0mate
Rabbit B3 is Hungry
Rabbit B3mate
Rabbit A4 is Hungry
Rabbit A4fate
Rabbit A1 is Hungry
Rabbit A1mate
Rabbit A0 is Thirsty
Rabbit A5 is Thirsty
Rabbit A0 is Thirsty
Rabbit B1 is Thirsty
Rabbit A0 is Thirsty
Rabbit B3 is Thirsty
Rabbit A4 is Thirsty
Rabbit A1 is Thirsty
Lion A5 m is ready to mate
Lion A2 f is ready to mate
Lion B2 f is ready to mate
Rabbit A0 is Thirsty
A0drank water
Rabbit A5 is Thirsty
A5drank water
Rabbit A0 is Thirsty
Rabbit B1 is Thirsty
Rabbit A0 is Thirsty
Rabbit B3 is Thirsty
Rabbit A4 is Thirsty
Rabbit A1 is Thirsty
Lion A5 m is ready to mate
Lion A2 f is ready to mate
Lion B2 f is ready to mate
Rabbit A0 is Hungry
Rabbit A0mate
Rabbit A5 is Hungry
Rabbit A5fate
Rabbit A0 is Thirsty
A0drank water
Rabbit A0 is Hungry
Rabbit A0fate
Rabbit B1 is Thirsty
Rabbit B1 is Hungry
Rabbit B1mate
Rabbit A0 is Thirsty
Rabbit A0 is Hungry
Rabbit A0mate
Rabbit B3 is Thirsty
Rabbit B3 is Hungry
Rabbit B3mate
Rabbit A4 is Thirsty
Rabbit A4 is Hungry
Rabbit A4fate
Rabbit A1 is Thirsty
A1drank water
Rabbit A1 is Hungry
Lion A5 m is ready to mate
Lion A1 m was born!Father is A5 and Mother is A2
Lion B2 f is ready to mate
Rabbit B1 is Thirsty
Rabbit A0 is Thirsty
A0drank water
Rabbit B3 is Thirsty
Rabbit A4 is Thirsty
Rabbit A1 is Hungry
Rabbit A1mate
Lion A5 m is ready to mate
Lion B2 f is ready to mate
Rabbit B1 is Thirsty
Rabbit B3 is Thirsty
B3drank water
Rabbit A4 is Thirsty
Rabbit A4f is running away from: LionA2
Rabbit A4f is running away from: WolfA4
Lion A5 m is ready to mate
Lion B2 f is ready to mate
Rabbit B1 is Thirsty
Rabbit A4 is Thirsty
Rabbit A4f is running away from: LionA2
Rabbit A4f is running away from: WolfA4
Lion A5 m is ready to mate
LionA2f ate: A4f
Lion B2 f is ready to mate
Rabbit A0 is Hungry
Rabbit A0mate
Rabbit A5 is Hungry
Rabbit A5fate
Rabbit A0 is Hungry
Rabbit A0fate
Rabbit B1 is Thirsty
Rabbit B1 is Hungry
Rabbit B1mate
Rabbit A0 is Hungry
Rabbit A0mate
Rabbit B3 is Hungry
Rabbit B3mate
Rabbit A4 is Thirsty
A4drank water
Rabbit A4 is Hungry
Rabbit A4fate
Lion A5 m is ready to mate
Lion B2 f is ready to mate
Rabbit B1 is Thirsty
Rabbit A1 is Hungry
Rabbit A1mate
Lion A5 m is ready to mate
Lion B2 f is ready to mate
Rabbit B1 is Thirsty
Lion A5 m is ready to mate
Lion B2 f is ready to mate
Rabbit B1 is Thirsty
Lion A5 m is ready to mate
Lion B2 f is ready to mate
Wolf A1m is running away from: A5
Wolf A1 is Thirsty
Wolf A1 m is ready to mate
No Female Wolf Partner or Female Wolf Partner not ready yet!
Wolf B1m ate!
Wolf B1 is Thirsty
Wolf B1 m is ready to mate
No Female Wolf Partner or Female Wolf Partner not ready yet!
Wolf A4 is Thirsty
Wolf A4 m is ready to mate
No Female Wolf Partner or Female Wolf Partner not ready yet!
Wolf A2 is Thirsty
Wolf A2 m is ready to mate
No Female Wolf Partner or Female Wolf Partner not ready yet!
Rabbit A0 is Hungry
Rabbit A0mate
Rabbit A0 m is ready to mate
Rabbit A0 m is approaching partner: Rabbit A5f
Rabbit A5 is Hungry
Rabbit A5fate
Rabbit A5 f is ready to mate
Rabbit A0 is Hungry
Rabbit A0fate
Rabbit A0 f is ready to mate
Rabbit B1 is Thirsty
Rabbit B1 is Hungry
Rabbit B1mate
Rabbit B1 m is ready to mate
Rabbit B1 m is approaching partner: Rabbit A0f
Rabbit A0 is Hungry
Rabbit A0mate
Rabbit A0 m is ready to mate
Rabbit A0 m is approaching partner: Rabbit A5f
Rabbit B3 is Hungry
Rabbit B3mate
Rabbit B3 m is ready to mate
Rabbit B3 m is approaching partner: Rabbit A5f
Rabbit A1 m is ready to mate
Rabbit A1 m is approaching partner: Rabbit A5f
Lion A5 is Thirsty
Lion A5 m is ready to mate
Lion A2 is Thirsty
Lion B2 is Thirsty
Lion B2 f is ready to mate
Wolf A1 is Thirsty
Wolf A1 m is ready to mate
No Female Wolf Partner or Female Wolf Partner not ready yet!
Wolf B1 is Thirsty
Wolf B1 m is ready to mate
No Female Wolf Partner or Female Wolf Partner not ready yet!
Wolf A4 is Thirsty
Wolf A4 m is ready to mate
No Female Wolf Partner or Female Wolf Partner not ready yet!
Wolf A2 is Thirsty
A2drank water
Wolf A2 m is ready to mate
No Female Wolf Partner or Female Wolf Partner not ready yet!
Rabbit A0 is Thirsty
A0drank water
Rabbit A0 m is ready to mate
Rabbit A0 m is approaching partner: Rabbit A5f
Rabbit A0 m was born!Father is A0 and Mother is A5
Rabbit A5 is Thirsty
Rabbit A0 f is ready to mate
Rabbit B1 is Thirsty
Rabbit B1 m is ready to mate
Rabbit B1 m is approaching partner: Rabbit A0f
Rabbit A0 m is ready to mate
Rabbit A0 m is approaching partner: Rabbit A0f
Rabbit B3 m is ready to mate
Rabbit B3 m is approaching partner: Rabbit A0f
Rabbit A1 is Hungry
Rabbit A1mate
Rabbit A1 m is ready to mate
Rabbit A1 m is approaching partner: Rabbit A0f
Lion A5 is Thirsty
Lion A5 m is ready to mate
Lion A2 is Thirsty
Lion B2 is Thirsty
Lion B2 f is ready to mate
Wolf A1 is Thirsty
Wolf A1 m is ready to mate
No Female Wolf Partner or Female Wolf Partner not ready yet!
Wolf B1 is Thirsty
B1drank water
Wolf B1 m is ready to mate
No Female Wolf Partner or Female Wolf Partner not ready yet!
Wolf A4 is Thirsty
A4drank water
Wolf A4 m is ready to mate
No Female Wolf Partner or Female Wolf Partner not ready yet!
Wolf A2 m is ready to mate
No Female Wolf Partner or Female Wolf Partner not ready yet!
Rabbit A0 m is ready to mate
Rabbit A0 m is approaching partner: Rabbit A0f
Rabbit A5 is Thirsty
Rabbit A0 is Thirsty
A0drank water
Rabbit A0 f is ready to mate
Rabbit B1 is Thirsty
Rabbit B1 m is ready to mate
Rabbit B1 m is approaching partner: Rabbit A0f
Rabbit A0 m is ready to mate
Rabbit A0 m is approaching partner: Rabbit A0f
Rabbit B3 m is ready to mate
Rabbit B3 m is approaching partner: Rabbit A0f
Rabbit A1 is Thirsty
A1drank water
Rabbit A1 m is ready to mate
Rabbit A1 m is approaching partner: Rabbit A0f
Lion A5 is Thirsty
Lion A5 m is ready to mate
Lion A2 is Thirsty
Lion B2 is Thirsty
Lion B2 f is ready to mate
Wolf A1 is Thirsty
Wolf A1 m is ready to mate
No Female Wolf Partner or Female Wolf Partner not ready yet!
Wolf B1 m is ready to mate
No Female Wolf Partner or Female Wolf Partner not ready yet!
Wolf A4 m is ready to mate
No Female Wolf Partner or Female Wolf Partner not ready yet!
Wolf A2 m is ready to mate
No Female Wolf Partner or Female Wolf Partner not ready yet!
Rabbit A0 m is ready to mate
Rabbit A0 m is approaching partner: Rabbit A0f
Rabbit A5 is Thirsty
A5drank water
Rabbit A0 f is ready to mate
Rabbit B1 is Thirsty
Rabbit B1 m is ready to mate
Rabbit B1 m is approaching partner: Rabbit A0f
Rabbit A0 is Thirsty
A0drank water
Rabbit A0 m is ready to mate
Rabbit A0 m is approaching partner: Rabbit A0f
Rabbit B3 m is ready to mate
Rabbit B3 m is approaching partner: Rabbit A0f
Rabbit A1 m is ready to mate
Rabbit A1 m is approaching partner: Rabbit A0f
Lion A5 is Thirsty
Lion A5 m is ready to mate
Lion A2 is Thirsty
Lion B2 is Thirsty
LionB2f ate: A0m
Lion B2 f is ready to mate
Wolf A1 is Thirsty
Wolf A1 m is ready to mate
No Female Wolf Partner or Female Wolf Partner not ready yet!
Wolf B1 m is ready to mate
No Female Wolf Partner or Female Wolf Partner not ready yet!
Wolf A4 m is ready to mate
No Female Wolf Partner or Female Wolf Partner not ready yet!
Wolf A2 m is ready to mate
No Female Wolf Partner or Female Wolf Partner not ready yet!
Rabbit A0 is Hungry
Rabbit A0mate
Rabbit A0 m is ready to mate
Rabbit A0 m is approaching partner: Rabbit A0f
Rabbit A5 is Hungry
Rabbit A5fate
Rabbit A0 is Hungry
Rabbit A0fate
Rabbit A0 f is ready to mate
Rabbit B1 is Thirsty
Rabbit B1 is Hungry
Rabbit B1mate
Rabbit B1 m is ready to mate
Rabbit B1 m is approaching partner: Rabbit A0f
Rabbit A0 is Hungry
Rabbit A0mate
Rabbit A0 m is ready to mate
Rabbit A0 m is approaching partner: Rabbit A0f
Rabbit B3 is Thirsty
Rabbit B3 is Hungry
Rabbit B3mate
Rabbit B3 m is ready to mate
Rabbit B3 m is approaching partner: Rabbit A0f
Rabbit A1 m is ready to mate
Rabbit A1 m is approaching partner: Rabbit A0f
Lion A5 is Thirsty
A5drank water
LionA5m ate: A0f
Lion A5 m is ready to mate
Lion A2 is Thirsty
A2drank water
Lion B2 is Thirsty
LionB2f ate: A0m
Lion B2 f is ready to mate
Wolf A1 is Hungry
Wolf A1m is chasing: A0f
Wolf A1 is Thirsty
Wolf A1 m is ready to mate
No Female Wolf Partner or Female Wolf Partner not ready yet!
Wolf B1 m is ready to mate
No Female Wolf Partner or Female Wolf Partner not ready yet!
Wolf A4 is Hungry
Wolf A4m is chasing: A0f
Wolf A4 m is ready to mate
No Female Wolf Partner or Female Wolf Partner not ready yet!
Wolf A2 is Hungry
Wolf A2m is chasing: A0f
Wolf A2 m is ready to mate
No Female Wolf Partner or Female Wolf Partner not ready yet!
Rabbit A0m is running away from: LionB2
Rabbit A0m is running away from: WolfA2
Rabbit A0 m is ready to mate
Rabbit A0 m is approaching partner: Rabbit A0f
Rabbit A0 f is ready to mate
Rabbit B1 is Thirsty
Rabbit B1 m is ready to mate
Rabbit B1 m is approaching partner: Rabbit A0f
Rabbit A0 m is ready to mate
Rabbit A0 m is approaching partner: Rabbit A0f
Rabbit B3 is Thirsty
Rabbit B3 m is ready to mate
Rabbit B3 m is approaching partner: Rabbit A0f
Rabbit A1 is Hungry
Rabbit A1mate
Rabbit A1 m is ready to mate
Rabbit A1 m is approaching partner: Rabbit A0f
Rabbit A0 is Hungry
Rabbit A0mate
Lion A5 m is ready to mate
Lion B2 is Thirsty
LionB2f ate: A0m
Lion B2 f is ready to mate
Wolf A1 is Hungry
Wolf A1m is chasing: A0f
Wolf A1 is Thirsty
Wolf A1 m is ready to mate
No Female Wolf Partner or Female Wolf Partner not ready yet!
Wolf B1 m is ready to mate
No Female Wolf Partner or Female Wolf Partner not ready yet!
Wolf A4 is Hungry
Wolf A4m is chasing: A0f
Wolf A4 m is ready to mate
No Female Wolf Partner or Female Wolf Partner not ready yet!
Wolf A2 is Hungry
Wolf A2m is chasing: A0f
Wolf A2 m is ready to mate
No Female Wolf Partner or Female Wolf Partner not ready yet!
Rabbit A0 m is ready to mate
Rabbit A0 m is approaching partner: Rabbit A0f
Rabbit A0 f is ready to mate
Rabbit B1 is Thirsty
Rabbit B1 m is ready to mate
Rabbit B1 m is approaching partner: Rabbit A0f
Rabbit A0 m is ready to mate
Rabbit A0 m is approaching partner: Rabbit A0f
Rabbit B3 is Thirsty
Rabbit B3 m is ready to mate
Rabbit B3 m is approaching partner: Rabbit A0f
Rabbit A1 m is ready to mate
Rabbit A1 m is approaching partner: Rabbit A0f
Lion A5 m is ready to mate
Lion B2 is Thirsty
B2drank water
Lion B2 f is ready to mate
Wolf A1 is Hungry
Wolf A1m is chasing: A0f
Wolf A1 is Thirsty
Wolf A1 m is ready to mate
No Female Wolf Partner or Female Wolf Partner not ready yet!
Wolf B1 m is ready to mate
No Female Wolf Partner or Female Wolf Partner not ready yet!
Wolf A4 is Hungry
Wolf A4m is chasing: A0f
Wolf A4 m is ready to mate
No Female Wolf Partner or Female Wolf Partner not ready yet!
Wolf A2 is Hungry
Wolf A2m is chasing: A0f
Wolf A2 m is ready to mate
No Female Wolf Partner or Female Wolf Partner not ready yet!
Rabbit A0 m is ready to mate
Rabbit A0 m is approaching partner: Rabbit A0f
Rabbit A0f is running away from: LionA5
Rabbit A0f is running away from: WolfA2
Rabbit A0 f is ready to mate
Rabbit B1 is Thirsty
Rabbit B1 m is ready to mate
Rabbit B1 m is approaching partner: Rabbit A0f
Rabbit A0 m is ready to mate
Rabbit A0 m is approaching partner: Rabbit A0f
Rabbit B3 is Thirsty
Rabbit B3 m is ready to mate
Rabbit B3 m is approaching partner: Rabbit A0f
Rabbit A1 m is ready to mate
Rabbit A1 m is approaching partner: Rabbit A0f
LionA5m ate: A0f
Lion A5 m is ready to mate
Lion B2 f is ready to mate
Wolf A1 is Hungry
Wolf A1m is chasing: A0f
Wolf A1 is Thirsty
Wolf A1 m is ready to mate
No Female Wolf Partner or Female Wolf Partner not ready yet!
Wolf B1 m is ready to mate
No Female Wolf Partner or Female Wolf Partner not ready yet!
Wolf A4 is Hungry
Wolf A4m is chasing: A0f
Wolf A4 m is ready to mate
No Female Wolf Partner or Female Wolf Partner not ready yet!
Wolf A2m ate!
Wolf A2 m is ready to mate
No Female Wolf Partner or Female Wolf Partner not ready yet!
Rabbit A0 is Hungry
Rabbit A0mate
Rabbit A0 m is ready to mate
Rabbit A0 m is approaching partner: Rabbit A0f
Rabbit A5 is Hungry
Rabbit A5fate
Rabbit A0 is Hungry
Rabbit A0fate
Rabbit A0 f is ready to mate
Rabbit B1 is Thirsty
Rabbit B1 is Hungry
Rabbit B1mate
Rabbit B1 m is ready to mate
Rabbit B1 m is approaching partner: Rabbit A0f
Rabbit A0 is Hungry
Rabbit A0mate
Rabbit A0 m is ready to mate
Rabbit A0 m is approaching partner: Rabbit A0f
Rabbit B3 is Thirsty
Rabbit B3 is Hungry
Rabbit B3mate
Rabbit B3 m is ready to mate
Rabbit B3 m is approaching partner: Rabbit A0f
Lion A5 m is ready to mate
Lion B2 f is ready to mate
Wolf A1 is Hungry
Wolf A1m is chasing: A0f
Wolf A1 is Thirsty
Wolf A1 m is ready to mate
No Female Wolf Partner or Female Wolf Partner not ready yet!
Wolf B1 m is ready to mate
No Female Wolf Partner or Female Wolf Partner not ready yet!
Wolf A4 is Hungry
Wolf A4m is chasing: A0f
Wolf A4 m is ready to mate
No Female Wolf Partner or Female Wolf Partner not ready yet!
Wolf A2 m is ready to mate
No Female Wolf Partner or Female Wolf Partner not ready yet!
Rabbit A0 m is ready to mate
Rabbit A0 m is approaching partner: Rabbit A0f
Rabbit A0 f is ready to mate
Rabbit B1 is Thirsty
Rabbit B1 m is ready to mate
Rabbit B1 m is approaching partner: Rabbit A0f
Rabbit A0 m is ready to mate
Rabbit A0 m is approaching partner: Rabbit A0f
Rabbit B3 is Thirsty
Rabbit B3 m is ready to mate
Rabbit B3 m is approaching partner: Rabbit A0f
Rabbit A0 is Hungry
Rabbit A0mate
Lion A5 m is ready to mate
Lion B2 f is ready to mate
Wolf A1 is Hungry
Wolf A1m is chasing: A0f
Wolf A1 is Thirsty
A1drank water
Wolf A1 m is ready to mate
No Female Wolf Partner or Female Wolf Partner not ready yet!
Wolf B1 m is ready to mate
No Female Wolf Partner or Female Wolf Partner not ready yet!
Wolf A4 is Hungry
Wolf A4m is chasing: A0f
Wolf A4 m is ready to mate
No Female Wolf Partner or Female Wolf Partner not ready yet!
Wolf A2m is running away from: A1
Wolf A2m ate!
Wolf A2 m is ready to mate
No Female Wolf Partner or Female Wolf Partner not ready yet!
Rabbit A0 m is ready to mate
Rabbit A0 m is approaching partner: Rabbit A0f
Rabbit A0f is running away from: LionA5
Rabbit A0f is running away from: WolfA4
Rabbit A0 f is ready to mate
Rabbit B1 is Thirsty
Rabbit B1 m is ready to mate
Rabbit B1 m is approaching partner: Rabbit A0f
Rabbit B3 is Thirsty
B3drank water
Rabbit B3 m is ready to mate
Rabbit B3 m is approaching partner: Rabbit A0f
Lion A5 m is ready to mate
Lion B2 f is ready to mate
Wolf A1 is Hungry
Wolf A1m is chasing: A0f
Wolf A1 m is ready to mate
No Female Wolf Partner or Female Wolf Partner not ready yet!
Wolf B1 m is ready to mate
No Female Wolf Partner or Female Wolf Partner not ready yet!
Wolf A4 is Hungry
Wolf A4m is chasing: A0f
Wolf A4 m is ready to mate
No Female Wolf Partner or Female Wolf Partner not ready yet!
Wolf A2 m is ready to mate
No Female Wolf Partner or Female Wolf Partner not ready yet!
Rabbit A0 is Thirsty
Rabbit A0 m is ready to mate
Rabbit A0 m is approaching partner: Rabbit A0f
Rabbit A0 f is ready to mate
Rabbit B1 is Thirsty
Rabbit B1 m is ready to mate
Rabbit B1 m is approaching partner: Rabbit A0f
Rabbit B3 m is ready to mate
Rabbit B3 m is approaching partner: Rabbit A0f
Rabbit A0 is Thirsty
LionA5m ate: A0m
Lion A5 m is ready to mate
Lion B2 f is ready to mate
Wolf A1 is Hungry
Wolf A1m is chasing: A0f
Wolf A1 m is ready to mate
No Female Wolf Partner or Female Wolf Partner not ready yet!
Wolf B1 m is ready to mate
No Female Wolf Partner or Female Wolf Partner not ready yet!
Wolf A4 is Hungry
Wolf A4m is chasing: A0f
Wolf A4 m is ready to mate
No Female Wolf Partner or Female Wolf Partner not ready yet!
Wolf A2 m is ready to mate
No Female Wolf Partner or Female Wolf Partner not ready yet!
Rabbit A0 is Thirsty
Rabbit A0 is Hungry
Rabbit A0mate
Rabbit A0 m is ready to mate
Rabbit A0 m is approaching partner: Rabbit A0f
Rabbit A5 is Hungry
Rabbit A5fate
Rabbit A0 is Thirsty
A0drank water
Rabbit A0 is Hungry
Rabbit A0fate
Rabbit A0 f is ready to mate
Rabbit B1 is Thirsty
Rabbit B1 is Hungry
Rabbit B1mate
Rabbit B1 m is ready to mate
Rabbit B1 m is approaching partner: Rabbit A0f
Rabbit B3 is Hungry
Rabbit B3mate
Rabbit B3 m is ready to mate
Rabbit B3 m is approaching partner: Rabbit A0f
Rabbit A0 is Thirsty
A0drank water
Lion A5 m is ready to mate
Lion B2 f is ready to mate
Lion A1 is Thirsty
Wolf A1 is Hungry
Wolf A1m is chasing: A0f
Wolf A1 m is ready to mate
No Female Wolf Partner or Female Wolf Partner not ready yet!
Wolf B1m is running away from: A2
Wolf B1 m is ready to mate
No Female Wolf Partner or Female Wolf Partner not ready yet!
Wolf A4m ate!
Wolf A4 m is ready to mate
No Female Wolf Partner or Female Wolf Partner not ready yet!
Wolf A2m is running away from: A1
Wolf A2 m is ready to mate
No Female Wolf Partner or Female Wolf Partner not ready yet!
Rabbit A0 is Thirsty
Rabbit A0 m is ready to mate
Not enough female Rabbits or Female Rabbit partners are not ready yet!
Rabbit A5 is Thirsty
Rabbit B1 is Thirsty
Rabbit B1 m is ready to mate
Not enough female Rabbits or Female Rabbit partners are not ready yet!
Rabbit B3 m is ready to mate
Not enough female Rabbits or Female Rabbit partners are not ready yet!
Rabbit A0 is Hungry
Rabbit A0mate
Lion A5 m is ready to mate
Lion B2 f is ready to mate
Lion A1 is Thirsty
Wolf A1 is Hungry
Wolf A1m is chasing: B3m
Wolf A1 m is ready to mate
No Female Wolf Partner or Female Wolf Partner not ready yet!
Wolf B1 m is ready to mate
No Female Wolf Partner or Female Wolf Partner not ready yet!
Wolf A4 m is ready to mate
No Female Wolf Partner or Female Wolf Partner not ready yet!
Wolf A2 m is ready to mate
No Female Wolf Partner or Female Wolf Partner not ready yet!
Rabbit A0 is Thirsty
A0drank water
Rabbit A0 m is ready to mate
Not enough female Rabbits or Female Rabbit partners are not ready yet!
Rabbit A5 is Thirsty
A5drank water
Rabbit B1 is Thirsty
Rabbit B1 m is ready to mate
Not enough female Rabbits or Female Rabbit partners are not ready yet!
Rabbit B3 m is ready to mate
Not enough female Rabbits or Female Rabbit partners are not ready yet!
Lion A5 m is ready to mate
Lion B2 f is ready to mate
Lion A1 is Thirsty
Wolf A1 is Hungry
Wolf A1m is chasing: B3m
Wolf A1 m is ready to mate
No Female Wolf Partner or Female Wolf Partner not ready yet!
Wolf B1m is running away from: A2
Wolf B1 m is ready to mate
No Female Wolf Partner or Female Wolf Partner not ready yet!
Wolf A4 m is ready to mate
No Female Wolf Partner or Female Wolf Partner not ready yet!
Wolf A2 m is ready to mate
No Female Wolf Partner or Female Wolf Partner not ready yet!
Rabbit A0 m is ready to mate
Not enough female Rabbits or Female Rabbit partners are not ready yet!
Rabbit B1 is Thirsty
Rabbit B1 m is ready to mate
Not enough female Rabbits or Female Rabbit partners are not ready yet!
Rabbit B3 m is ready to mate
Not enough female Rabbits or Female Rabbit partners are not ready yet!
Lion A5 m is ready to mate
Lion B2 f is ready to mate
Lion A1 is Thirsty
A1drank water
Wolf A1 is Hungry
Wolf A1m is chasing: B3m
Wolf A1 m is ready to mate
No Female Wolf Partner or Female Wolf Partner not ready yet!
Wolf B1 m is ready to mate
No Female Wolf Partner or Female Wolf Partner not ready yet!
Wolf A4 m is ready to mate
No Female Wolf Partner or Female Wolf Partner not ready yet!
Wolf A2 m is ready to mate
No Female Wolf Partner or Female Wolf Partner not ready yet!
Rabbit A0 is Hungry
Rabbit A0mate
Rabbit A0 m is ready to mate
Not enough female Rabbits or Female Rabbit partners are not ready yet!
Rabbit A5 is Hungry
Rabbit A5fate
Rabbit B1 is Thirsty
Rabbit B1 is Hungry
Rabbit B1mate
Rabbit B1 m is ready to mate
Not enough female Rabbits or Female Rabbit partners are not ready yet!
Rabbit B3 is Hungry
Rabbit B3mate
Rabbit B3 m is ready to mate
Not enough female Rabbits or Female Rabbit partners are not ready yet!
Lion A5 m is ready to mate
Lion B2 f is ready to mate
Wolf A1 is Hungry
Wolf A1m is chasing: B3m
Wolf A1 m is ready to mate
No Female Wolf Partner or Female Wolf Partner not ready yet!
Wolf B1 m is ready to mate
No Female Wolf Partner or Female Wolf Partner not ready yet!
Wolf A4 m is ready to mate
No Female Wolf Partner or Female Wolf Partner not ready yet!
Wolf A2 m is ready to mate
No Female Wolf Partner or Female Wolf Partner not ready yet!
Rabbit A0 m is ready to mate
Not enough female Rabbits or Female Rabbit partners are not ready yet!
Rabbit B1 is Thirsty
Rabbit B1 m is ready to mate
Not enough female Rabbits or Female Rabbit partners are not ready yet!
Rabbit B3 m is ready to mate
Not enough female Rabbits or Female Rabbit partners are not ready yet!
Rabbit A0 is Hungry
Rabbit A0mate
Lion A5 m is ready to mate
Lion B2 f is ready to mate
Wolf A1 is Hungry
Wolf A1m is chasing: B3m
Wolf A1 m is ready to mate
No Female Wolf Partner or Female Wolf Partner not ready yet!
Wolf B1 m is ready to mate
No Female Wolf Partner or Female Wolf Partner not ready yet!
Wolf A4 m is ready to mate
No Female Wolf Partner or Female Wolf Partner not ready yet!
Wolf A2 m is ready to mate
No Female Wolf Partner or Female Wolf Partner not ready yet!
Rabbit A0m is running away from: LionA5
Rabbit A0m is running away from: WolfA2
Rabbit A0 m is ready to mate
Not enough female Rabbits or Female Rabbit partners are not ready yet!
Rabbit B1 is Thirsty
Rabbit B1 m is ready to mate
Not enough female Rabbits or Female Rabbit partners are not ready yet!
Rabbit B3 m is ready to mate
Not enough female Rabbits or Female Rabbit partners are not ready yet!
LionA5m ate: A0m
Lion A5 m is ready to mate
Lion B2 f is ready to mate
Wolf A1 is Hungry
Wolf A1m is chasing: B3m
Wolf A1 m is ready to mate
No Female Wolf Partner or Female Wolf Partner not ready yet!
Wolf B1 m is ready to mate
No Female Wolf Partner or Female Wolf Partner not ready yet!
Wolf A4 m is ready to mate
No Female Wolf Partner or Female Wolf Partner not ready yet!
Wolf A2 m is ready to mate
No Female Wolf Partner or Female Wolf Partner not ready yet!
Rabbit A0 m is ready to mate
Not enough female Rabbits or Female Rabbit partners are not ready yet!
Rabbit B1 is Thirsty
Rabbit B1 m is ready to mate
Not enough female Rabbits or Female Rabbit partners are not ready yet!
Rabbit B3 m is ready to mate
Not enough female Rabbits or Female Rabbit partners are not ready yet!
Lion A5 m is ready to mate
Lion B2 f is ready to mate
Wolf A1 is Hungry
Wolf A1m is chasing: B3m
Wolf A1 m is ready to mate
No Female Wolf Partner or Female Wolf Partner not ready yet!
Wolf B1 m is ready to mate
No Female Wolf Partner or Female Wolf Partner not ready yet!
Wolf A4 m is ready to mate
No Female Wolf Partner or Female Wolf Partner not ready yet!
Wolf A2 m is ready to mate
No Female Wolf Partner or Female Wolf Partner not ready yet!
Rabbit A0 is Hungry
Rabbit A0mate
Rabbit A0 m is ready to mate
Not enough female Rabbits or Female Rabbit partners are not ready yet!
Rabbit A5 is Hungry
Rabbit A5fate
Rabbit B1 is Thirsty
Rabbit B1 is Hungry
Rabbit B1mate
Rabbit B1 m is ready to mate
Not enough female Rabbits or Female Rabbit partners are not ready yet!
Rabbit B3 is Thirsty
Rabbit B3m is running away from: LionA1
Rabbit B3m is running away from: WolfA1
Rabbit B3 is Hungry
Rabbit B3mate
Rabbit B3 m is ready to mate
Not enough female Rabbits or Female Rabbit partners are not ready yet!
Lion A5 m is ready to mate
Lion C2 m was born!Father is A5 and Mother is B2
LionA1m ate: B3m
Wolf A1 is Hungry
Wolf A1m is chasing: B3m
Wolf A1 m is ready to mate
No Female Wolf Partner or Female Wolf Partner not ready yet!
Wolf B1m is running away from: A2
Wolf B1 m is ready to mate
No Female Wolf Partner or Female Wolf Partner not ready yet!
Wolf A4 m is ready to mate
No Female Wolf Partner or Female Wolf Partner not ready yet!
Wolf A2 is Thirsty
Wolf A2 m is ready to mate
No Female Wolf Partner or Female Wolf Partner not ready yet!
Rabbit A0 m is ready to mate
Not enough female Rabbits or Female Rabbit partners are not ready yet!
Rabbit B1 is Thirsty
Rabbit B1 m is ready to mate
Not enough female Rabbits or Female Rabbit partners are not ready yet!
Rabbit B3 is Thirsty
Rabbit B3 m is ready to mate
Not enough female Rabbits or Female Rabbit partners are not ready yet!
Rabbit A0 is Hungry
Rabbit A0mate
Lion A5 m is ready to mate
No Female Lion Partner or Female Lion partners are not ready to mate Yet!
LionA2f ate: B1m
Wolf A1 is Hungry
Wolf A1m is chasing: B3m
Wolf A1 m is ready to mate
No Female Wolf Partner or Female Wolf Partner not ready yet!
Wolf B1 is Thirsty
B1drank water
Wolf B1 m is ready to mate
No Female Wolf Partner or Female Wolf Partner not ready yet!
Wolf A4 is Thirsty
Wolf A4 m is ready to mate
No Female Wolf Partner or Female Wolf Partner not ready yet!
Wolf A2 is Thirsty
Wolf A2 m is ready to mate
No Female Wolf Partner or Female Wolf Partner not ready yet!
Rabbit A0 m is ready to mate
Not enough female Rabbits or Female Rabbit partners are not ready yet!
Rabbit B1 is Thirsty
Rabbit B1 m is ready to mate
Not enough female Rabbits or Female Rabbit partners are not ready yet!
Rabbit B3 is Thirsty
B3drank water
Rabbit B3 m is ready to mate
Not enough female Rabbits or Female Rabbit partners are not ready yet!
Rabbit A0 is Thirsty
Lion A5 m is ready to mate
No Female Lion Partner or Female Lion partners are not ready to mate Yet!
Wolf A1 is Hungry
Wolf A1m is chasing: B3m
Wolf A1m ate!
Wolf A1 m is ready to mate
No Female Wolf Partner or Female Wolf Partner not ready yet!
Wolf B1 m is ready to mate
No Female Wolf Partner or Female Wolf Partner not ready yet!
Wolf A4 is Thirsty
Wolf A4 m is ready to mate
No Female Wolf Partner or Female Wolf Partner not ready yet!
Wolf A2 is Thirsty
Wolf A2 m is ready to mate
No Female Wolf Partner or Female Wolf Partner not ready yet!
Rabbit A0 m is ready to mate
Not enough female Rabbits or Female Rabbit partners are not ready yet!
Rabbit B1 is Thirsty
Rabbit B1 m is ready to mate
Not enough female Rabbits or Female Rabbit partners are not ready yet!
Rabbit A0 is Thirsty
A0drank water
Lion A5 m is ready to mate
No Female Lion Partner or Female Lion partners are not ready to mate Yet!
Wolf A1 m is ready to mate
No Female Wolf Partner or Female Wolf Partner not ready yet!
Wolf B1 m is ready to mate
No Female Wolf Partner or Female Wolf Partner not ready yet!
Wolf A4 is Thirsty
Wolf A4 m is ready to mate
No Female Wolf Partner or Female Wolf Partner not ready yet!
Wolf A2 is Thirsty
Wolf A2 m is ready to mate
No Female Wolf Partner or Female Wolf Partner not ready yet!
Rabbit A0 is Thirsty
A0drank water
Rabbit A0m is running away from: LionA5
Rabbit A0m is running away from: WolfA1
Rabbit A0 is Hungry
Rabbit A0mate
Rabbit A0 m is ready to mate
Not enough female Rabbits or Female Rabbit partners are not ready yet!
Rabbit A5 is Thirsty
Rabbit A5 is Hungry
Rabbit A5fate
Rabbit B1 is Thirsty
Rabbit B1 is Hungry
Rabbit B1mate
Rabbit B1 m is ready to mate
Not enough female Rabbits or Female Rabbit partners are not ready yet!
Lion A5 is Thirsty
Lion A5 m is ready to mate
No Female Lion Partner or Female Lion partners are not ready to mate Yet!
Lion A2 is Thirsty
A2drank water
LionA2f ate: B1m
Wolf A1 m is ready to mate
No Female Wolf Partner or Female Wolf Partner not ready yet!
Wolf B1 is Hungry
Wolf B1m is chasing: B1m
Wolf B1 m is ready to mate
No Female Wolf Partner or Female Wolf Partner not ready yet!
Wolf A4 is Thirsty
Wolf A4 m is ready to mate
No Female Wolf Partner or Female Wolf Partner not ready yet!
Wolf A2 is Thirsty
Wolf A2 m is ready to mate
No Female Wolf Partner or Female Wolf Partner not ready yet!
Rabbit A0 m is ready to mate
Not enough female Rabbits or Female Rabbit partners are not ready yet!
Rabbit A5 is Thirsty
Rabbit B1 is Thirsty
Rabbit B1 m is ready to mate
Not enough female Rabbits or Female Rabbit partners are not ready yet!
Rabbit A0 is Hungry
Rabbit A0mate
Lion A5 is Thirsty
LionA5m ate: A0m
Lion A5 m is ready to mate
No Female Lion Partner or Female Lion partners are not ready to mate Yet!
LionA2f ate: B1m
Wolf A1 m is ready to mate
No Female Wolf Partner or Female Wolf Partner not ready yet!
Wolf B1m is running away from: A2
Wolf B1 is Hungry
Wolf B1m is chasing: B1m
Wolf B1 m is ready to mate
No Female Wolf Partner or Female Wolf Partner not ready yet!
Wolf A4 is Thirsty
A4drank water
Wolf A4 m is ready to mate
No Female Wolf Partner or Female Wolf Partner not ready yet!
Wolf A2 is Thirsty
Wolf A2 m is ready to mate
No Female Wolf Partner or Female Wolf Partner not ready yet!
Rabbit A0m is running away from: LionA5
Rabbit A0m is running away from: WolfA1
Rabbit A0 m is ready to mate
Not enough female Rabbits or Female Rabbit partners are not ready yet!
Rabbit A5 is Thirsty
Rabbit B1 is Thirsty
Rabbit B1 m is ready to mate
Not enough female Rabbits or Female Rabbit partners are not ready yet!
Lion A5 is Thirsty
Lion A5 m is ready to mate
No Female Lion Partner or Female Lion partners are not ready to mate Yet!
Lion B2 is Thirsty
B2drank water
Wolf A1 m is ready to mate
No Female Wolf Partner or Female Wolf Partner not ready yet!
Wolf B1 is Hungry
Wolf B1m is chasing: B1m
Wolf B1 m is ready to mate
No Female Wolf Partner or Female Wolf Partner not ready yet!
Wolf A4 m is ready to mate
No Female Wolf Partner or Female Wolf Partner not ready yet!
Wolf A2 is Thirsty
Wolf A2 m is ready to mate
No Female Wolf Partner or Female Wolf Partner not ready yet!
Rabbit A0 m is ready to mate
Not enough female Rabbits or Female Rabbit partners are not ready yet!
Rabbit A5 is Thirsty
Rabbit B1 is Thirsty
Rabbit B1 m is ready to mate
Not enough female Rabbits or Female Rabbit partners are not ready yet!
Lion A5 is Thirsty
Lion A5 m is ready to mate
No Female Lion Partner or Female Lion partners are not ready to mate Yet!
Wolf A1 m is ready to mate
No Female Wolf Partner or Female Wolf Partner not ready yet!
Wolf B1 is Hungry
Wolf B1m is chasing: B1m
Wolf B1 m is ready to mate
No Female Wolf Partner or Female Wolf Partner not ready yet!
Wolf A4 m is ready to mate
No Female Wolf Partner or Female Wolf Partner not ready yet!
Wolf A2 is Thirsty
Wolf A2 m is ready to mate
No Female Wolf Partner or Female Wolf Partner not ready yet!
Rabbit A0 is Hungry
Rabbit A0mate
Rabbit A0 m is ready to mate
Not enough female Rabbits or Female Rabbit partners are not ready yet!
Rabbit A5 is Thirsty
Rabbit A5 is Hungry
Rabbit A5fate
Rabbit B1 is Thirsty
Rabbit B1 is Hungry
Rabbit B1mate
Rabbit B1 m is ready to mate
Not enough female Rabbits or Female Rabbit partners are not ready yet!
Lion A5 is Thirsty
LionA5m ate: A1m
Lion A5 m is ready to mate
No Female Lion Partner or Female Lion partners are not ready to mate Yet!
Wolf A1m is running away from: A5
Wolf A1 m is ready to mate
No Female Wolf Partner or Female Wolf Partner not ready yet!
Wolf B1 is Hungry
Wolf B1m is chasing: B1m
Wolf B1 m is ready to mate
No Female Wolf Partner or Female Wolf Partner not ready yet!
Wolf A4 m is ready to mate
No Female Wolf Partner or Female Wolf Partner not ready yet!
Wolf A2 is Thirsty
A2drank water
Wolf A2 m is ready to mate
No Female Wolf Partner or Female Wolf Partner not ready yet!
Rabbit A0 m is ready to mate
Not enough female Rabbits or Female Rabbit partners are not ready yet!
Rabbit A5 is Thirsty
Rabbit B1 is Thirsty
Rabbit B1 m is ready to mate
Not enough female Rabbits or Female Rabbit partners are not ready yet!
Rabbit A0 is Hungry
Rabbit A0mate
Lion A5 is Thirsty
A5drank water
Lion A5 m is ready to mate
No Female Lion Partner or Female Lion partners are not ready to mate Yet!
Wolf A1 is Thirsty
Wolf A1 m is ready to mate
No Female Wolf Partner or Female Wolf Partner not ready yet!
Wolf B1 is Hungry
Wolf B1m is chasing: B1m
Wolf B1 m is ready to mate
No Female Wolf Partner or Female Wolf Partner not ready yet!
Wolf A4 m is ready to mate
No Female Wolf Partner or Female Wolf Partner not ready yet!
Wolf A2 m is ready to mate
No Female Wolf Partner or Female Wolf Partner not ready yet!
Rabbit A0 m is ready to mate
Not enough female Rabbits or Female Rabbit partners are not ready yet!
Rabbit A5 is Thirsty
Rabbit A5f is running away from: LionB2
Rabbit A5f is running away from: WolfA1
Rabbit B1 is Thirsty
Rabbit B1 m is ready to mate
Not enough female Rabbits or Female Rabbit partners are not ready yet!
Lion A5 m is ready to mate
No Female Lion Partner or Female Lion partners are not ready to mate Yet!
LionB2f ate: A5f
LionA1m ate: A1m
Wolf A1 is Thirsty
Wolf A1 m is ready to mate
No Female Wolf Partner or Female Wolf Partner not ready yet!
Wolf B1 is Hungry
Wolf B1m is chasing: B1m
Wolf B1 m is ready to mate
No Female Wolf Partner or Female Wolf Partner not ready yet!
Wolf A4 m is ready to mate
No Female Wolf Partner or Female Wolf Partner not ready yet!
Wolf A2 m is ready to mate
No Female Wolf Partner or Female Wolf Partner not ready yet!
Rabbit A0 m is ready to mate
Not enough female Rabbits or Female Rabbit partners are not ready yet!
Rabbit A5 is Thirsty
A5drank water
Rabbit B1 is Thirsty
Rabbit B1 m is ready to mate
Not enough female Rabbits or Female Rabbit partners are not ready yet!
Lion A5 m is ready to mate
No Female Lion Partner or Female Lion partners are not ready to mate Yet!
Wolf A1 is Thirsty
Wolf A1 m is ready to mate
No Female Wolf Partner or Female Wolf Partner not ready yet!
Wolf B1 is Hungry
Wolf B1m is chasing: B1m
Wolf B1m ate!
Wolf B1 m is ready to mate
No Female Wolf Partner or Female Wolf Partner not ready yet!
Wolf A4 m is ready to mate
No Female Wolf Partner or Female Wolf Partner not ready yet!
Wolf A2 m is ready to mate
No Female Wolf Partner or Female Wolf Partner not ready yet!
Rabbit A0 is Hungry
Rabbit A0mate
Rabbit A0 m is ready to mate
Not enough female Rabbits or Female Rabbit partners are not ready yet!
Rabbit A5f is running away from: LionB2
Rabbit A5f is running away from: WolfA1
Rabbit A5 is Hungry
Rabbit A5fate
Lion A5 m is ready to mate
No Female Lion Partner or Female Lion partners are not ready to mate Yet!
LionB2f ate: A5f
Wolf A1 is Thirsty
Wolf A1 m is ready to mate
No Female Wolf Partner or Female Wolf Partner not ready yet!
Wolf B1 m is ready to mate
No Female Wolf Partner or Female Wolf Partner not ready yet!
Wolf A4 m is ready to mate
No Female Wolf Partner or Female Wolf Partner not ready yet!
Wolf A2 m is ready to mate
No Female Wolf Partner or Female Wolf Partner not ready yet!
Rabbit A0 m is ready to mate
Not enough female Rabbits or Female Rabbit partners are not ready yet!
Rabbit A0 is Thirsty
A0drank water
Rabbit A0 is Hungry
Rabbit A0mate
Lion A5 m is ready to mate
No Female Lion Partner or Female Lion partners are not ready to mate Yet!
LionB2f ate: A5f
Wolf A1 is Thirsty
Wolf A1 m is ready to mate
No Female Wolf Partner or Female Wolf Partner not ready yet!
Wolf B1 m is ready to mate
No Female Wolf Partner or Female Wolf Partner not ready yet!
Wolf A4 m is ready to mate
No Female Wolf Partner or Female Wolf Partner not ready yet!
Wolf A2 m is ready to mate
No Female Wolf Partner or Female Wolf Partner not ready yet!
Rabbit A0 is Thirsty
A0drank water
Rabbit A0 m is ready to mate
Not enough female Rabbits or Female Rabbit partners are not ready yet!
Rabbit A5f is running away from: LionB2
Rabbit A5f is running away from: WolfA1
Lion A5 m is ready to mate
No Female Lion Partner or Female Lion partners are not ready to mate Yet!
LionB2f ate: A5f
Wolf A1 is Thirsty
Wolf A1 m is ready to mate
No Female Wolf Partner or Female Wolf Partner not ready yet!
Wolf B1 m is ready to mate
No Female Wolf Partner or Female Wolf Partner not ready yet!
Wolf A4 m is ready to mate
No Female Wolf Partner or Female Wolf Partner not ready yet!
Wolf A2 is Hungry
Wolf A2m is chasing: A0m
Wolf A2 m is ready to mate
No Female Wolf Partner or Female Wolf Partner not ready yet!
Rabbit A0 m is ready to mate
Not enough female Rabbits or Female Rabbit partners are not ready yet!
Rabbit A5f is running away from: LionB2
Rabbit A5f is running away from: WolfB1
Lion A5 m is ready to mate
No Female Lion Partner or Female Lion partners are not ready to mate Yet!
Lion A1 is Thirsty
A1drank water
Wolf A1 is Thirsty
Wolf A1 m is ready to mate
No Female Wolf Partner or Female Wolf Partner not ready yet!
Wolf B1 m is ready to mate
No Female Wolf Partner or Female Wolf Partner not ready yet!
Wolf A4 m is ready to mate
No Female Wolf Partner or Female Wolf Partner not ready yet!
Wolf A2 is Hungry
Wolf A2m is chasing: A0m
Wolf A2 m is ready to mate
No Female Wolf Partner or Female Wolf Partner not ready yet!
Rabbit A0 is Hungry
Rabbit A0mate
Rabbit A0 m is ready to mate
Not enough female Rabbits or Female Rabbit partners are not ready yet!
Rabbit A5 is Hungry
Rabbit A5fate
Lion A5 m is ready to mate
No Female Lion Partner or Female Lion partners are not ready to mate Yet!
Wolf A1 is Thirsty
A1drank water
Wolf A1 m is ready to mate
No Female Wolf Partner or Female Wolf Partner not ready yet!
Wolf B1 m is ready to mate
No Female Wolf Partner or Female Wolf Partner not ready yet!
Wolf A4 m is ready to mate
No Female Wolf Partner or Female Wolf Partner not ready yet!
Wolf A2 is Hungry
Wolf A2m is chasing: A0m
Wolf A2 m is ready to mate
No Female Wolf Partner or Female Wolf Partner not ready yet!
Rabbit A0 m is ready to mate
Not enough female Rabbits or Female Rabbit partners are not ready yet!
Rabbit A0 is Hungry
Rabbit A0mate
Lion A5 m is ready to mate
No Female Lion Partner or Female Lion partners are not ready to mate Yet!
Wolf A1 m is ready to mate
No Female Wolf Partner or Female Wolf Partner not ready yet!
Wolf B1 m is ready to mate
No Female Wolf Partner or Female Wolf Partner not ready yet!
Wolf A4 is Hungry
Wolf A4m is chasing: A0m
Wolf A4 m is ready to mate
No Female Wolf Partner or Female Wolf Partner not ready yet!
Wolf A2 is Hungry
Wolf A2m is chasing: A0m
Wolf A2 m is ready to mate
No Female Wolf Partner or Female Wolf Partner not ready yet!
Rabbit A0 m is ready to mate
Not enough female Rabbits or Female Rabbit partners are not ready yet!
Rabbit A5f is running away from: LionC2
Rabbit A5f is running away from: WolfB1
Lion A5 m is ready to mate
No Female Lion Partner or Female Lion partners are not ready to mate Yet!
LionC2m ate: A5f
Wolf A1 m is ready to mate
No Female Wolf Partner or Female Wolf Partner not ready yet!
Wolf B1 m is ready to mate
No Female Wolf Partner or Female Wolf Partner not ready yet!
Wolf A4 is Hungry
Wolf A4m is chasing: A0m
Wolf A4 m is ready to mate
No Female Wolf Partner or Female Wolf Partner not ready yet!
Wolf A2 is Hungry
Wolf A2m is chasing: A0m
Wolf A2 m is ready to mate
No Female Wolf Partner or Female Wolf Partner not ready yet!
Rabbit A0 m is ready to mate
Not enough female Rabbits or Female Rabbit partners are not ready yet!
Lion A5 m is ready to mate
No Female Lion Partner or Female Lion partners are not ready to mate Yet!
Wolf A1 m is ready to mate
No Female Wolf Partner or Female Wolf Partner not ready yet!
Wolf B1 m is ready to mate
No Female Wolf Partner or Female Wolf Partner not ready yet!
Wolf A4 is Hungry
Wolf A4m is chasing: A0m
Wolf A4 m is ready to mate
No Female Wolf Partner or Female Wolf Partner not ready yet!
Wolf A2 is Hungry
Wolf A2m is chasing: A0m
Wolf A2 m is ready to mate
No Female Wolf Partner or Female Wolf Partner not ready yet!
Rabbit A0 is Hungry
Rabbit A0mate
Rabbit A0 m is ready to mate
Not enough female Rabbits or Female Rabbit partners are not ready yet!
Rabbit A5 is Hungry
Rabbit A5fate
Lion A5 m is ready to mate
No Female Lion Partner or Female Lion partners are not ready to mate Yet!
Lion C2 is Thirsty
Wolf A1 m is ready to mate
No Female Wolf Partner or Female Wolf Partner not ready yet!
Wolf B1 m is ready to mate
No Female Wolf Partner or Female Wolf Partner not ready yet!
Wolf A4 is Hungry
Wolf A4m is chasing: A0m
Wolf A4 m is ready to mate
No Female Wolf Partner or Female Wolf Partner not ready yet!
Wolf A2 is Hungry
Wolf A2m is chasing: A0m
Wolf A2 m is ready to mate
No Female Wolf Partner or Female Wolf Partner not ready yet!
Rabbit A0 m is ready to mate
Not enough female Rabbits or Female Rabbit partners are not ready yet!
Rabbit A5 is Thirsty
Rabbit A0 is Hungry
Rabbit A0mate
Lion A5 m is ready to mate
No Female Lion Partner or Female Lion partners are not ready to mate Yet!
LionB2f ate: A0m
Lion C2 is Thirsty
Wolf A1 m is ready to mate
No Female Wolf Partner or Female Wolf Partner not ready yet!
Wolf B1 is Thirsty
Wolf B1 m is ready to mate
No Female Wolf Partner or Female Wolf Partner not ready yet!
Wolf A4 is Hungry
Wolf A4m is chasing: A0m
Wolf A4 m is ready to mate
No Female Wolf Partner or Female Wolf Partner not ready yet!
Wolf A2 is Hungry
Wolf A2m is chasing: A0m
Wolf A2 m is ready to mate
No Female Wolf Partner or Female Wolf Partner not ready yet!
Rabbit A0 m is ready to mate
Not enough female Rabbits or Female Rabbit partners are not ready yet!
Rabbit A5 is Thirsty
Lion A5 m is ready to mate
No Female Lion Partner or Female Lion partners are not ready to mate Yet!
Lion C2 is Thirsty
Wolf A1 m is ready to mate
No Female Wolf Partner or Female Wolf Partner not ready yet!
Wolf B1 is Thirsty
Wolf B1 m is ready to mate
No Female Wolf Partner or Female Wolf Partner not ready yet!
Wolf A4 is Hungry
Wolf A4m is chasing: A0m
Wolf A4 m is ready to mate
No Female Wolf Partner or Female Wolf Partner not ready yet!
Wolf A2 is Hungry
Wolf A2m is chasing: A0m
Wolf A2 m is ready to mate
No Female Wolf Partner or Female Wolf Partner not ready yet!
Rabbit A0 m is ready to mate
Not enough female Rabbits or Female Rabbit partners are not ready yet!
Rabbit A5 is Thirsty
Rabbit A0 is Thirsty
Rabbit A0m is running away from: LionB2
Rabbit A0m is running away from: WolfA2
Lion A5 m is ready to mate
No Female Lion Partner or Female Lion partners are not ready to mate Yet!
Lion C2 is Thirsty
Wolf A1 m is ready to mate
No Female Wolf Partner or Female Wolf Partner not ready yet!
Wolf B1 is Thirsty
Wolf B1 m is ready to mate
No Female Wolf Partner or Female Wolf Partner not ready yet!
Wolf A4 is Hungry
Wolf A4m is chasing: A0m
Wolf A4 m is ready to mate
No Female Wolf Partner or Female Wolf Partner not ready yet!
Wolf A2 is Hungry
Wolf A2m is chasing: A0m
Wolf A2 m is ready to mate
No Female Wolf Partner or Female Wolf Partner not ready yet!
Rabbit A0 is Thirsty
A0drank water
Rabbit A0 is Hungry
Rabbit A0mate
Rabbit A0 m is ready to mate
Not enough female Rabbits or Female Rabbit partners are not ready yet!
Rabbit A5 is Thirsty
Rabbit A5f is running away from: LionC2
Rabbit A5f is running away from: WolfA2
Rabbit A5 is Hungry
Rabbit A5fate
Rabbit A0 is Thirsty
Rabbit A0m is running away from: LionB2
Rabbit A0m is running away from: WolfA2
Lion A5 m is ready to mate
No Female Lion Partner or Female Lion partners are not ready to mate Yet!
Lion A2 is Thirsty
A2drank water
LionB2f ate: A0m
Lion C2 is Thirsty
LionC2m ate: A0m
Wolf A1 m is ready to mate
No Female Wolf Partner or Female Wolf Partner not ready yet!
Wolf B1 is Thirsty
Wolf B1 m is ready to mate
No Female Wolf Partner or Female Wolf Partner not ready yet!
Wolf A4 is Hungry
Wolf A4m is chasing: A0m
Wolf A4 m is ready to mate
No Female Wolf Partner or Female Wolf Partner not ready yet!
Wolf A2 is Hungry
Wolf A2m is chasing: A0m
Wolf A2 m is ready to mate
No Female Wolf Partner or Female Wolf Partner not ready yet!
Rabbit A0 m is ready to mate
Not enough female Rabbits or Female Rabbit partners are not ready yet!
Rabbit A5 is Thirsty
Rabbit A0 is Thirsty
A0drank water
Rabbit A0 is Hungry
Rabbit A0mate
Lion A5 m is ready to mate
No Female Lion Partner or Female Lion partners are not ready to mate Yet!
Lion C2 is Thirsty
C2drank water
Wolf A1 m is ready to mate
No Female Wolf Partner or Female Wolf Partner not ready yet!
Wolf B1m is running away from: A2
Wolf B1 is Thirsty
B1drank water
Wolf B1 m is ready to mate
No Female Wolf Partner or Female Wolf Partner not ready yet!
Wolf A4 is Hungry
Wolf A4m is chasing: A0m
Wolf A4 is Thirsty
Wolf A4 m is ready to mate
No Female Wolf Partner or Female Wolf Partner not ready yet!
Wolf A2 is Hungry
Wolf A2m is chasing: A0m
Wolf A2 m is ready to mate
No Female Wolf Partner or Female Wolf Partner not ready yet!
Rabbit A0 m is ready to mate
Not enough female Rabbits or Female Rabbit partners are not ready yet!
Rabbit A5 is Thirsty
Lion A5 m is ready to mate
No Female Lion Partner or Female Lion partners are not ready to mate Yet!
Lion B2 is Thirsty
Wolf A1 m is ready to mate
No Female Wolf Partner or Female Wolf Partner not ready yet!
Wolf B1 m is ready to mate
No Female Wolf Partner or Female Wolf Partner not ready yet!
Wolf A4 is Hungry
Wolf A4m is chasing: A0m
Wolf A4 is Thirsty
Wolf A4 m is ready to mate
No Female Wolf Partner or Female Wolf Partner not ready yet!
Wolf A2 is Hungry
Wolf A2m is chasing: A0m
Wolf A2 m is ready to mate
No Female Wolf Partner or Female Wolf Partner not ready yet!
Rabbit A0 m is ready to mate
Not enough female Rabbits or Female Rabbit partners are not ready yet!
Rabbit A5 is Thirsty
LionA5m ate: A2m
Lion A5 m is ready to mate
No Female Lion Partner or Female Lion partners are not ready to mate Yet!
Lion B2 is Thirsty
Wolf A1 is Hungry
Wolf A1m is chasing: A0m
Wolf A1 m is ready to mate
No Female Wolf Partner or Female Wolf Partner not ready yet!
Wolf B1 m is ready to mate
No Female Wolf Partner or Female Wolf Partner not ready yet!
Wolf A4 is Hungry
Wolf A4m is chasing: A0m
Wolf A4 is Thirsty
Wolf A4 m is ready to mate
No Female Wolf Partner or Female Wolf Partner not ready yet!
Wolf A2m is running away from: A5
Wolf A2 is Hungry
Wolf A2m is chasing: A0m
Wolf A2 m is ready to mate
No Female Wolf Partner or Female Wolf Partner not ready yet!
Rabbit A0 is Hungry
Rabbit A0mate
Rabbit A0 m is ready to mate
Not enough female Rabbits or Female Rabbit partners are not ready yet!
Rabbit A5 is Thirsty
Rabbit A5 is Hungry
Rabbit A5fate
Lion A5 m is ready to mate
No Female Lion Partner or Female Lion partners are not ready to mate Yet!
Lion B2 is Thirsty
B2drank water
LionB2f ate: A0m
Wolf A1 is Hungry
Wolf A1m is chasing: A0m
Wolf A1 m is ready to mate
No Female Wolf Partner or Female Wolf Partner not ready yet!
Wolf B1 m is ready to mate
No Female Wolf Partner or Female Wolf Partner not ready yet!
Wolf A4 is Hungry
Wolf A4m is chasing: A0m
Wolf A4 is Thirsty
Wolf A4 m is ready to mate
No Female Wolf Partner or Female Wolf Partner not ready yet!
Wolf A2m is running away from: A1
Wolf A2 is Hungry
Wolf A2m is chasing: A0m
Wolf A2 is Thirsty
Wolf A2 m is ready to mate
No Female Wolf Partner or Female Wolf Partner not ready yet!
Rabbit A0 m is ready to mate
Not enough female Rabbits or Female Rabbit partners are not ready yet!
Rabbit A5 is Thirsty
Rabbit A0 is Hungry
Rabbit A0mate
Lion A5 is Thirsty
A5drank water
Lion A5 m is ready to mate
No Female Lion Partner or Female Lion partners are not ready to mate Yet!
LionA2f ate: A1m
Wolf A1 is Hungry
Wolf A1m is chasing: A0m
Wolf A1 m is ready to mate
No Female Wolf Partner or Female Wolf Partner not ready yet!
Wolf B1 m is ready to mate
No Female Wolf Partner or Female Wolf Partner not ready yet!
Wolf A4 is Hungry
Wolf A4m is chasing: A0m
Wolf A4 is Thirsty
Wolf A4 m is ready to mate
No Female Wolf Partner or Female Wolf Partner not ready yet!
Wolf A2 is Hungry
Wolf A2m is chasing: A0m
Wolf A2 is Thirsty
Wolf A2 m is ready to mate
No Female Wolf Partner or Female Wolf Partner not ready yet!
Rabbit A0 m is ready to mate
Not enough female Rabbits or Female Rabbit partners are not ready yet!
Rabbit A5 is Thirsty
A5drank water
Lion A5 m is ready to mate
No Female Lion Partner or Female Lion partners are not ready to mate Yet!
LionC2m ate: A5f
Wolf A1m is running away from: A2
Wolf A1 is Hungry
Wolf A1m is chasing: A0m
Wolf A1 m is ready to mate
No Female Wolf Partner or Female Wolf Partner not ready yet!
Wolf B1 m is ready to mate
No Female Wolf Partner or Female Wolf Partner not ready yet!
Wolf A4 is Hungry
Wolf A4m is chasing: A0m
Wolf A4 is Thirsty
Wolf A4 m is ready to mate
No Female Wolf Partner or Female Wolf Partner not ready yet!
Wolf A2 is Hungry
Wolf A2m is chasing: A0m
Wolf A2 is Thirsty
Wolf A2 m is ready to mate
No Female Wolf Partner or Female Wolf Partner not ready yet!
Rabbit A0 m is ready to mate
Not enough female Rabbits or Female Rabbit partners are not ready yet!
Rabbit A5f is running away from: LionC2
Rabbit A5f is running away from: WolfA2
Lion A5 m is ready to mate
No Female Lion Partner or Female Lion partners are not ready to mate Yet!
LionC2m ate: A5f
Wolf A1 is Hungry
Wolf A1m is chasing: A0m
Wolf A1 m is ready to mate
No Female Wolf Partner or Female Wolf Partner not ready yet!
Wolf B1 m is ready to mate
No Female Wolf Partner or Female Wolf Partner not ready yet!
Wolf A4 is Hungry
Wolf A4m is chasing: A0m
Wolf A4 is Thirsty
Wolf A4 m is ready to mate
No Female Wolf Partner or Female Wolf Partner not ready yet!
Wolf A2 is Hungry
Wolf A2m is chasing: A0m
Wolf A2 is Thirsty
A2drank water
Wolf A2 m is ready to mate
No Female Wolf Partner or Female Wolf Partner not ready yet!
Rabbit A0 is Hungry
Rabbit A0mate
Rabbit A0 m is ready to mate
Not enough female Rabbits or Female Rabbit partners are not ready yet!
Rabbit A5f is running away from: LionC2
Rabbit A5f is running away from: WolfA1
Rabbit A5 is Hungry
Rabbit A5fate
Lion A5 m is ready to mate
No Female Lion Partner or Female Lion partners are not ready to mate Yet!
LionC2m ate: A5f
Wolf A1 is Hungry
Wolf A1m is chasing: A0m
Wolf A1 m is ready to mate
No Female Wolf Partner or Female Wolf Partner not ready yet!
Wolf B1 m is ready to mate
No Female Wolf Partner or Female Wolf Partner not ready yet!
Wolf A4 is Hungry
Wolf A4m is chasing: A0m
Wolf A4 is Thirsty
Wolf A4 m is ready to mate
No Female Wolf Partner or Female Wolf Partner not ready yet!
Wolf A2 is Hungry
Wolf A2m is chasing: A0m
Wolf A2 m is ready to mate
No Female Wolf Partner or Female Wolf Partner not ready yet!
Rabbit A0 m is ready to mate
Not enough female Rabbits or Female Rabbit partners are not ready yet!
Rabbit A5f is running away from: LionC2
Rabbit A5f is running away from: WolfA1
Rabbit A0 is Hungry
Rabbit A0mate
Lion A5 m is ready to mate
No Female Lion Partner or Female Lion partners are not ready to mate Yet!
LionC2m ate: A5f
Wolf A1 is Hungry
Wolf A1m is chasing: A0m
Wolf A1 m is ready to mate
No Female Wolf Partner or Female Wolf Partner not ready yet!
Wolf B1 m is ready to mate
No Female Wolf Partner or Female Wolf Partner not ready yet!
Wolf A4 is Hungry
Wolf A4m is chasing: A0m
Wolf A4 is Thirsty
Wolf A4 m is ready to mate
No Female Wolf Partner or Female Wolf Partner not ready yet!
Wolf A2 is Hungry
Wolf A2m is chasing: A0m
Wolf A2 m is ready to mate
No Female Wolf Partner or Female Wolf Partner not ready yet!
Rabbit A0 is Thirsty
A0drank water
Rabbit A0 m is ready to mate
Not enough female Rabbits or Female Rabbit partners are not ready yet!
Rabbit A5f is running away from: LionC2
Rabbit A5f is running away from: WolfA1
Lion A5 m is ready to mate
No Female Lion Partner or Female Lion partners are not ready to mate Yet!
LionC2m ate: A5f
Wolf A1 is Hungry
Wolf A1m is chasing: A0m
Wolf A1 m is ready to mate
No Female Wolf Partner or Female Wolf Partner not ready yet!
Wolf B1 m is ready to mate
No Female Wolf Partner or Female Wolf Partner not ready yet!
Wolf A4 is Hungry
Wolf A4m is chasing: A0m
Wolf A4 is Thirsty
Wolf A4 m is ready to mate
No Female Wolf Partner or Female Wolf Partner not ready yet!
Wolf A2 is Hungry
Wolf A2m is chasing: A0m
Wolf A2 m is ready to mate
No Female Wolf Partner or Female Wolf Partner not ready yet!
Rabbit A0 m is ready to mate
Not enough female Rabbits or Female Rabbit partners are not ready yet!
Rabbit A5f is running away from: LionC2
Rabbit A5f is running away from: WolfA1
Rabbit A0 is Thirsty
Lion A5 m is ready to mate
No Female Lion Partner or Female Lion partners are not ready to mate Yet!
Lion A1 is Thirsty
A1drank water
Wolf A1 is Hungry
Wolf A1m is chasing: A0m
Wolf A1 m is ready to mate
No Female Wolf Partner or Female Wolf Partner not ready yet!
Wolf B1 m is ready to mate
No Female Wolf Partner or Female Wolf Partner not ready yet!
Wolf A4 is Hungry
Wolf A4m is chasing: A0m
Wolf A4 is Thirsty
Wolf A4 m is ready to mate
No Female Wolf Partner or Female Wolf Partner not ready yet!
Wolf A2 is Hungry
Wolf A2m is chasing: A0m
Wolf A2 m is ready to mate
No Female Wolf Partner or Female Wolf Partner not ready yet!
Rabbit A0 is Hungry
Rabbit A0mate
Rabbit A0 m is ready to mate
Not enough female Rabbits or Female Rabbit partners are not ready yet!
Rabbit A5 is Hungry
Rabbit A5fate
Rabbit A0 is Thirsty
Rabbit A0m is running away from: LionC2
Rabbit A0m is running away from: WolfA1
Lion A5 m is ready to mate
No Female Lion Partner or Female Lion partners are not ready to mate Yet!
Wolf A1 is Hungry
Wolf A1m is chasing: A5f
Wolf A1 is Thirsty
Wolf A1 m is ready to mate
No Female Wolf Partner or Female Wolf Partner not ready yet!
Wolf B1 is Hungry
Wolf B1m is chasing: A5f
Wolf B1 m is ready to mate
No Female Wolf Partner or Female Wolf Partner not ready yet!
Wolf A4 is Hungry
Wolf A4m is chasing: A5f
Wolf A4 is Thirsty
Wolf A4 m is ready to mate
No Female Wolf Partner or Female Wolf Partner not ready yet!
Wolf A2 is Hungry
Wolf A2m is chasing: A0m
Wolf A2 m is ready to mate
No Female Wolf Partner or Female Wolf Partner not ready yet!
Rabbit A0 m is ready to mate
Not enough female Rabbits or Female Rabbit partners are not ready yet!
Rabbit A0 is Thirsty
Rabbit A0 is Hungry
Rabbit A0mate
Lion A5 m is ready to mate
No Female Lion Partner or Female Lion partners are not ready to mate Yet!
Wolf A1 is Hungry
Wolf A1m is chasing: A5f
Wolf A1 is Thirsty
Wolf A1 m is ready to mate
No Female Wolf Partner or Female Wolf Partner not ready yet!
Wolf B1 is Hungry
Wolf B1m is chasing: A5f
Wolf B1 m is ready to mate
No Female Wolf Partner or Female Wolf Partner not ready yet!
Wolf A4 is Hungry
Wolf A4m is chasing: A5f
Wolf A4 is Thirsty
Wolf A4 m is ready to mate
No Female Wolf Partner or Female Wolf Partner not ready yet!
Wolf A2 is Hungry
Wolf A2m is chasing: A5f
Wolf A2 m is ready to mate
No Female Wolf Partner or Female Wolf Partner not ready yet!
Rabbit A0 m is ready to mate
Not enough female Rabbits or Female Rabbit partners are not ready yet!
Rabbit A5f is running away from: LionC2
Rabbit A5f is running away from: WolfA1
Rabbit A0 is Thirsty
A0drank water
Lion A5 m is ready to mate
No Female Lion Partner or Female Lion partners are not ready to mate Yet!
LionC2m ate: A5f
Wolf A1 is Hungry
Wolf A1m is chasing: A5f
Wolf A1 is Thirsty
A1drank water
Wolf A1 m is ready to mate
No Female Wolf Partner or Female Wolf Partner not ready yet!
Wolf B1 is Hungry
Wolf B1m is chasing: A5f
Wolf B1 m is ready to mate
No Female Wolf Partner or Female Wolf Partner not ready yet!
Wolf A4 is Hungry
Wolf A4m is chasing: A5f
Wolf A4 is Thirsty
Wolf A4 m is ready to mate
No Female Wolf Partner or Female Wolf Partner not ready yet!
Wolf A2 is Hungry
Wolf A2m is chasing: A5f
Wolf A2 m is ready to mate
No Female Wolf Partner or Female Wolf Partner not ready yet!
Rabbit A0 m is ready to mate
Not enough female Rabbits or Female Rabbit partners are not ready yet!
Lion A5 m is ready to mate
No Female Lion Partner or Female Lion partners are not ready to mate Yet!
Wolf A1 is Hungry
Wolf A1m is chasing: A0m
Wolf A1 m is ready to mate
No Female Wolf Partner or Female Wolf Partner not ready yet!
Wolf B1 is Hungry
Wolf B1m is chasing: A0m
Wolf B1 m is ready to mate
No Female Wolf Partner or Female Wolf Partner not ready yet!
Wolf A4 is Hungry
Wolf A4m is chasing: A0m
Wolf A4 is Thirsty
Wolf A4 m is ready to mate
No Female Wolf Partner or Female Wolf Partner not ready yet!
Wolf A2 is Hungry
Wolf A2m is chasing: A0m
Wolf A2 m is ready to mate
No Female Wolf Partner or Female Wolf Partner not ready yet!
Rabbit A0 is Hungry
Rabbit A0mate
Rabbit A0 m is ready to mate
Not enough female Rabbits or Female Rabbit partners are not ready yet!
Rabbit A5 is Thirsty
Rabbit A5 is Hungry
Rabbit A5fate
Lion A5 m is ready to mate
No Female Lion Partner or Female Lion partners are not ready to mate Yet!
Wolf A1 is Hungry
Wolf A1m is chasing: A0m
Wolf A1 m is ready to mate
No Female Wolf Partner or Female Wolf Partner not ready yet!
Wolf B1 is Hungry
Wolf B1m is chasing: A0m
Wolf B1 m is ready to mate
No Female Wolf Partner or Female Wolf Partner not ready yet!
Wolf A4 is Hungry
Wolf A4m is chasing: A0m
Wolf A4 is Thirsty
Wolf A4 m is ready to mate
No Female Wolf Partner or Female Wolf Partner not ready yet!
Wolf A2 is Hungry
Wolf A2m is chasing: A0m
Wolf A2 m is ready to mate
No Female Wolf Partner or Female Wolf Partner not ready yet!
Rabbit A0 m is ready to mate
Not enough female Rabbits or Female Rabbit partners are not ready yet!
Rabbit A5 is Thirsty
A5drank water
Rabbit A0 is Hungry
Rabbit A0mate
Lion A5 m is ready to mate
No Female Lion Partner or Female Lion partners are not ready to mate Yet!
Wolf A1 is Hungry
Wolf A1m is chasing: A0m
Wolf A1m ate!
Wolf A1 m is ready to mate
No Female Wolf Partner or Female Wolf Partner not ready yet!
Wolf B1 is Hungry
Wolf B1m is chasing: A0m
Wolf B1 m is ready to mate
No Female Wolf Partner or Female Wolf Partner not ready yet!
Wolf A4 is Hungry
Wolf A4m is chasing: A0m
Wolf A4 is Thirsty
Wolf A4 m is ready to mate
No Female Wolf Partner or Female Wolf Partner not ready yet!
Wolf A2 is Hungry
Wolf A2m is chasing: A0m
Wolf A2 m is ready to mate
No Female Wolf Partner or Female Wolf Partner not ready yet!
Rabbit A0 m is ready to mate
Not enough female Rabbits or Female Rabbit partners are not ready yet!
Lion A5 m is ready to mate
No Female Lion Partner or Female Lion partners are not ready to mate Yet!
Wolf A1 m is ready to mate
No Female Wolf Partner or Female Wolf Partner not ready yet!
Wolf B1 is Hungry
Wolf B1m is chasing: A0m
Wolf B1 m is ready to mate
No Female Wolf Partner or Female Wolf Partner not ready yet!
Wolf A4 is Hungry
Wolf A4m is chasing: A0m
Wolf A4 is Thirsty
Wolf A4 m is ready to mate
No Female Wolf Partner or Female Wolf Partner not ready yet!
Wolf A2 is Hungry
Wolf A2m is chasing: A0m
Wolf A2 m is ready to mate
No Female Wolf Partner or Female Wolf Partner not ready yet!
Rabbit A0 m is ready to mate
Not enough female Rabbits or Female Rabbit partners are not ready yet!
Lion A5 m is ready to mate
No Female Lion Partner or Female Lion partners are not ready to mate Yet!
Wolf A1 m is ready to mate
No Female Wolf Partner or Female Wolf Partner not ready yet!
Wolf B1 is Hungry
Wolf B1m is chasing: A0m
Wolf B1 m is ready to mate
No Female Wolf Partner or Female Wolf Partner not ready yet!
Wolf A4 is Hungry
Wolf A4m is chasing: A5f
Wolf A4 is Thirsty
Wolf A4 m is ready to mate
No Female Wolf Partner or Female Wolf Partner not ready yet!
Wolf A2 is Hungry
Wolf A2m is chasing: A0m
Wolf A2 m is ready to mate
No Female Wolf Partner or Female Wolf Partner not ready yet!
Rabbit A0 is Thirsty
A0drank water
Rabbit A0 is Hungry
Rabbit A0mate
Rabbit A0 m is ready to mate
Not enough female Rabbits or Female Rabbit partners are not ready yet!
Rabbit A5 is Hungry
Rabbit A5fate
Lion A5 m is ready to mate
No Female Lion Partner or Female Lion partners are not ready to mate Yet!
Lion A2 is Thirsty
Wolf A1m ate!
Wolf A1 m is ready to mate
No Female Wolf Partner or Female Wolf Partner not ready yet!
Wolf B1 is Hungry
Wolf B1m is chasing: A0m
Wolf B1 m is ready to mate
No Female Wolf Partner or Female Wolf Partner not ready yet!
Wolf A4 is Hungry
Wolf A4m is chasing: A0m
Wolf A4 is Thirsty
Wolf A4 m is ready to mate
No Female Wolf Partner or Female Wolf Partner not ready yet!
Wolf A2 is Hungry
Wolf A2m is chasing: A0m
Wolf A2 m is ready to mate
No Female Wolf Partner or Female Wolf Partner not ready yet!
Rabbit A0 m is ready to mate
Not enough female Rabbits or Female Rabbit partners are not ready yet!
LionA5m ate: A2m
Lion A5 m is ready to mate
No Female Lion Partner or Female Lion partners are not ready to mate Yet!
Lion A2 is Thirsty
Lion C2 is Thirsty
Wolf A1 m is ready to mate
No Female Wolf Partner or Female Wolf Partner not ready yet!
Wolf B1 is Hungry
Wolf B1m is chasing: A0m
Wolf B1 is Thirsty
Wolf B1 m is ready to mate
No Female Wolf Partner or Female Wolf Partner not ready yet!
Wolf A4 is Hungry
Wolf A4m is chasing: A0m
Wolf A4 is Thirsty
Wolf A4 m is ready to mate
No Female Wolf Partner or Female Wolf Partner not ready yet!
Wolf A2m is running away from: A5
Wolf A2 is Hungry
Wolf A2m is chasing: A0m
Wolf A2 m is ready to mate
No Female Wolf Partner or Female Wolf Partner not ready yet!
Rabbit A0 m is ready to mate
Not enough female Rabbits or Female Rabbit partners are not ready yet!
Lion A5 m is ready to mate
No Female Lion Partner or Female Lion partners are not ready to mate Yet!
Lion A2 is Thirsty
Lion C2 is Thirsty
C2drank water
Wolf A1 m is ready to mate
No Female Wolf Partner or Female Wolf Partner not ready yet!
Wolf B1 is Hungry
Wolf B1m is chasing: A0m
Wolf B1 is Thirsty
Wolf B1 m is ready to mate
No Female Wolf Partner or Female Wolf Partner not ready yet!
Wolf A4 is Hungry
Wolf A4m is chasing: A0m
Wolf A4 is Thirsty
Wolf A4 m is ready to mate
No Female Wolf Partner or Female Wolf Partner not ready yet!
Wolf A2 is Hungry
Wolf A2m is chasing: A0m
Wolf A2 m is ready to mate
No Female Wolf Partner or Female Wolf Partner not ready yet!
Rabbit A0 m is ready to mate
Not enough female Rabbits or Female Rabbit partners are not ready yet!
Lion A5 m is ready to mate
No Female Lion Partner or Female Lion partners are not ready to mate Yet!
Lion A2 is Thirsty
A2drank water
Wolf A1 m is ready to mate
No Female Wolf Partner or Female Wolf Partner not ready yet!
Wolf B1 is Hungry
Wolf B1m is chasing: A0m
Wolf B1 is Thirsty
Wolf B1 m is ready to mate
No Female Wolf Partner or Female Wolf Partner not ready yet!
Wolf A4 is Hungry
Wolf A4m is chasing: A0m
Wolf A4 is Thirsty
Wolf A4 m is ready to mate
No Female Wolf Partner or Female Wolf Partner not ready yet!
Wolf A2 is Hungry
Wolf A2m is chasing: A0m
Wolf A2 m is ready to mate
No Female Wolf Partner or Female Wolf Partner not ready yet!
Rabbit A0 is Hungry
Rabbit A0mate
Rabbit A0 m is ready to mate
Not enough female Rabbits or Female Rabbit partners are not ready yet!
Lion A5 m is ready to mate
No Female Lion Partner or Female Lion partners are not ready to mate Yet!
Lion B2 is Thirsty
Wolf A1 m is ready to mate
No Female Wolf Partner or Female Wolf Partner not ready yet!
Wolf B1 is Hungry
Wolf B1m is chasing: A0m
Wolf B1 is Thirsty
Wolf B1 m is ready to mate
No Female Wolf Partner or Female Wolf Partner not ready yet!
Wolf A4 is Hungry
Wolf A4m is chasing: A0m
Wolf A4 is Thirsty
Wolf A4 m is ready to mate
No Female Wolf Partner or Female Wolf Partner not ready yet!
Wolf A2 is Hungry
Wolf A2m is chasing: A0m
Wolf A2 m is ready to mate
No Female Wolf Partner or Female Wolf Partner not ready yet!
Rabbit A0 m is ready to mate
Not enough female Rabbits or Female Rabbit partners are not ready yet!
Lion A5 is Thirsty
A5drank water
Lion A5 m is ready to mate
No Female Lion Partner or Female Lion partners are not ready to mate Yet!
Lion B2 is Thirsty
Wolf A1 m is ready to mate
No Female Wolf Partner or Female Wolf Partner not ready yet!
Wolf B1 is Hungry
Wolf B1m is chasing: A0m
Wolf B1 is Thirsty
Wolf B1 m is ready to mate
No Female Wolf Partner or Female Wolf Partner not ready yet!
Wolf A4 is Hungry
Wolf A4m is chasing: A0m
Wolf A4 is Thirsty
Wolf A4 m is ready to mate
No Female Wolf Partner or Female Wolf Partner not ready yet!
Wolf A2 is Hungry
Wolf A2m is chasing: A0m
Wolf A2 m is ready to mate
No Female Wolf Partner or Female Wolf Partner not ready yet!
Rabbit A0 m is ready to mate
Not enough female Rabbits or Female Rabbit partners are not ready yet!
Lion A5 m is ready to mate
No Female Lion Partner or Female Lion partners are not ready to mate Yet!
Lion B2 is Thirsty
LionB2f ate: A0m
Wolf A1 m is ready to mate
No Female Wolf Partner or Female Wolf Partner not ready yet!
Wolf B1 is Hungry
Wolf B1m is chasing: A0m
Wolf B1 is Thirsty
Wolf B1 m is ready to mate
No Female Wolf Partner or Female Wolf Partner not ready yet!
Wolf A4 is Hungry
Wolf A4m is chasing: A0m
Wolf A4 is Thirsty
Wolf A4 m is ready to mate
No Female Wolf Partner or Female Wolf Partner not ready yet!
Wolf A2 is Hungry
Wolf A2m is chasing: A0m
Wolf A2m ate!
Wolf A2 m is ready to mate
No Female Wolf Partner or Female Wolf Partner not ready yet!
Lion A5 m is ready to mate
No Female Lion Partner or Female Lion partners are not ready to mate Yet!
Lion B2 is Thirsty
Wolf A1 m is ready to mate
No Female Wolf Partner or Female Wolf Partner not ready yet!
Wolf B1 is Hungry
Wolf B1 is Thirsty
Wolf B1 m is ready to mate
No Female Wolf Partner or Female Wolf Partner not ready yet!
Wolf A4 is Hungry
Wolf A4 is Thirsty
Wolf A4 m is ready to mate
No Female Wolf Partner or Female Wolf Partner not ready yet!
Wolf A2 is Thirsty
Wolf A2 m is ready to mate
No Female Wolf Partner or Female Wolf Partner not ready yet!
Lion A5 m is ready to mate
No Female Lion Partner or Female Lion partners are not ready to mate Yet!
Lion B2 is Thirsty
B2drank water
Wolf A1 m is ready to mate
No Female Wolf Partner or Female Wolf Partner not ready yet!
Wolf B1 is Hungry
Wolf B1 is Thirsty
Wolf B1 m is ready to mate
No Female Wolf Partner or Female Wolf Partner not ready yet!
Wolf A2 is Thirsty
Wolf A2 m is ready to mate
No Female Wolf Partner or Female Wolf Partner not ready yet!
Lion A5 m is ready to mate
No Female Lion Partner or Female Lion partners are not ready to mate Yet!
Wolf A1 m is ready to mate
No Female Wolf Partner or Female Wolf Partner not ready yet!
Wolf B1 is Hungry
Wolf B1 is Thirsty
Wolf B1 m is ready to mate
No Female Wolf Partner or Female Wolf Partner not ready yet!
Wolf A2 is Thirsty
Wolf A2 m is ready to mate
No Female Wolf Partner or Female Wolf Partner not ready yet!
Lion A5 m is ready to mate
No Female Lion Partner or Female Lion partners are not ready to mate Yet!
LionA1m ate: A2m
Wolf A1 m is ready to mate
No Female Wolf Partner or Female Wolf Partner not ready yet!
Wolf B1 is Hungry
Wolf B1 is Thirsty
Wolf B1 m is ready to mate
No Female Wolf Partner or Female Wolf Partner not ready yet!
Wolf A2m is running away from: A1
Wolf A2 is Thirsty
Wolf A2 m is ready to mate
No Female Wolf Partner or Female Wolf Partner not ready yet!
Lion A5 m is ready to mate
No Female Lion Partner or Female Lion partners are not ready to mate Yet!
Lion A1 is Thirsty
LionA1m ate: A2m
Wolf A1 m is ready to mate
No Female Wolf Partner or Female Wolf Partner not ready yet!
Wolf B1 is Hungry
Wolf B1 is Thirsty
B1drank water
Wolf B1 m is ready to mate
No Female Wolf Partner or Female Wolf Partner not ready yet!
Wolf A2 is Thirsty
A2drank water
Wolf A2 m is ready to mate
No Female Wolf Partner or Female Wolf Partner not ready yet!
Lion A5 m is ready to mate
No Female Lion Partner or Female Lion partners are not ready to mate Yet!
Lion A1 is Thirsty
A1drank water
Wolf A1 m is ready to mate
No Female Wolf Partner or Female Wolf Partner not ready yet!
Wolf B1 is Hungry
Wolf B1 m is ready to mate
No Female Wolf Partner or Female Wolf Partner not ready yet!
Wolf A2 m is ready to mate
No Female Wolf Partner or Female Wolf Partner not ready yet!
Lion A5 m is ready to mate
No Female Lion Partner or Female Lion partners are not ready to mate Yet!
Wolf A1 m is ready to mate
No Female Wolf Partner or Female Wolf Partner not ready yet!
Wolf B1 is Hungry
Wolf B1 m is ready to mate
No Female Wolf Partner or Female Wolf Partner not ready yet!
Wolf A2 m is ready to mate
No Female Wolf Partner or Female Wolf Partner not ready yet!
Lion A5 m is ready to mate
No Female Lion Partner or Female Lion partners are not ready to mate Yet!
Wolf A1 is Thirsty
A1drank water
Wolf A1 m is ready to mate
No Female Wolf Partner or Female Wolf Partner not ready yet!
Wolf B1 is Hungry
Wolf B1 m is ready to mate
No Female Wolf Partner or Female Wolf Partner not ready yet!
Wolf A2 m is ready to mate
No Female Wolf Partner or Female Wolf Partner not ready yet!
Lion A5 m is ready to mate
No Female Lion Partner or Female Lion partners are not ready to mate Yet!
Wolf A1 m is ready to mate
No Female Wolf Partner or Female Wolf Partner not ready yet!
Wolf B1 is Hungry
Wolf B1 m is ready to mate
No Female Wolf Partner or Female Wolf Partner not ready yet!
Wolf A2 m is ready to mate
No Female Wolf Partner or Female Wolf Partner not ready yet!
Lion A5 m is ready to mate
No Female Lion Partner or Female Lion partners are not ready to mate Yet!
Wolf A1 m is ready to mate
No Female Wolf Partner or Female Wolf Partner not ready yet!
Wolf B1 is Hungry
Wolf B1 m is ready to mate
No Female Wolf Partner or Female Wolf Partner not ready yet!
Wolf A2 m is ready to mate
No Female Wolf Partner or Female Wolf Partner not ready yet!
Lion A5 m is ready to mate
No Female Lion Partner or Female Lion partners are not ready to mate Yet!
Wolf A1 m is ready to mate
No Female Wolf Partner or Female Wolf Partner not ready yet!
Wolf B1 is Hungry
Wolf B1 m is ready to mate
No Female Wolf Partner or Female Wolf Partner not ready yet!
Wolf A2 m is ready to mate
No Female Wolf Partner or Female Wolf Partner not ready yet!
Lion A5 m is ready to mate
No Female Lion Partner or Female Lion partners are not ready to mate Yet!
Wolf A1 m is ready to mate
No Female Wolf Partner or Female Wolf Partner not ready yet!
Wolf A2 m is ready to mate
No Female Wolf Partner or Female Wolf Partner not ready yet!
Lion A5 m is ready to mate
No Female Lion Partner or Female Lion partners are not ready to mate Yet!
Wolf A1 m is ready to mate
No Female Wolf Partner or Female Wolf Partner not ready yet!
Wolf A2m is running away from: A1
Wolf A2 m is ready to mate
No Female Wolf Partner or Female Wolf Partner not ready yet!
Lion A5 m is ready to mate
No Female Lion Partner or Female Lion partners are not ready to mate Yet!
Wolf A1 m is ready to mate
No Female Wolf Partner or Female Wolf Partner not ready yet!
Wolf A2m is running away from: A1
Wolf A2 m is ready to mate
No Female Wolf Partner or Female Wolf Partner not ready yet!
LionA5m ate: A2m
Lion A5 m is ready to mate
No Female Lion Partner or Female Lion partners are not ready to mate Yet!
Wolf A1 m is ready to mate
No Female Wolf Partner or Female Wolf Partner not ready yet!
Wolf A2m is running away from: A5
Wolf A2 m is ready to mate
No Female Wolf Partner or Female Wolf Partner not ready yet!
Lion A5 m is ready to mate
No Female Lion Partner or Female Lion partners are not ready to mate Yet!
Lion C2 is Thirsty
Wolf A1 m is ready to mate
No Female Wolf Partner or Female Wolf Partner not ready yet!
Wolf A2 m is ready to mate
No Female Wolf Partner or Female Wolf Partner not ready yet!
Lion A5 m is ready to mate
No Female Lion Partner or Female Lion partners are not ready to mate Yet!
Lion A2 is Thirsty
Lion C2 is Thirsty
Wolf A1 m is ready to mate
No Female Wolf Partner or Female Wolf Partner not ready yet!
Wolf A2 m is ready to mate
No Female Wolf Partner or Female Wolf Partner not ready yet!
Lion A5 m is ready to mate
No Female Lion Partner or Female Lion partners are not ready to mate Yet!
Lion A2 is Thirsty
Lion C2 is Thirsty
Wolf A1 m is ready to mate
No Female Wolf Partner or Female Wolf Partner not ready yet!
Wolf A2 m is ready to mate
No Female Wolf Partner or Female Wolf Partner not ready yet!
Lion A5 is Thirsty
A5drank water
Lion A5 m is ready to mate
No Female Lion Partner or Female Lion partners are not ready to mate Yet!
Lion A2 is Thirsty
A2drank water
Lion C2 is Thirsty
Wolf A1 is Hungry
Wolf A1 m is ready to mate
No Female Wolf Partner or Female Wolf Partner not ready yet!
Wolf A2 m is ready to mate
No Female Wolf Partner or Female Wolf Partner not ready yet!
Lion A5 m is ready to mate
No Female Lion Partner or Female Lion partners are not ready to mate Yet!
Lion C2 is Thirsty
Wolf A1 is Hungry
Wolf A1 m is ready to mate
No Female Wolf Partner or Female Wolf Partner not ready yet!
Wolf A2 m is ready to mate
No Female Wolf Partner or Female Wolf Partner not ready yet!
Lion A5 m is ready to mate
No Female Lion Partner or Female Lion partners are not ready to mate Yet!
Lion C2 is Thirsty
C2drank water
Wolf A1 is Hungry
Wolf A1 m is ready to mate
No Female Wolf Partner or Female Wolf Partner not ready yet!
Wolf A2 m is ready to mate
No Female Wolf Partner or Female Wolf Partner not ready yet!
Lion A5 m is ready to mate
No Female Lion Partner or Female Lion partners are not ready to mate Yet!
Lion B2 is Thirsty
Wolf A1 is Hungry
Wolf A1 m is ready to mate
No Female Wolf Partner or Female Wolf Partner not ready yet!
Wolf A2 m is ready to mate
No Female Wolf Partner or Female Wolf Partner not ready yet!
Lion A5 m is ready to mate
No Female Lion Partner or Female Lion partners are not ready to mate Yet!
Lion B2 is Thirsty
B2drank water
Wolf A1 is Hungry
Wolf A1 m is ready to mate
No Female Wolf Partner or Female Wolf Partner not ready yet!
Wolf A2 m is ready to mate
No Female Wolf Partner or Female Wolf Partner not ready yet!
Lion A5 m is ready to mate
No Female Lion Partner or Female Lion partners are not ready to mate Yet!
Wolf A1 is Hungry
Wolf A1 m is ready to mate
No Female Wolf Partner or Female Wolf Partner not ready yet!
Wolf A2 m is ready to mate
No Female Wolf Partner or Female Wolf Partner not ready yet!
Lion A5 m is ready to mate
No Female Lion Partner or Female Lion partners are not ready to mate Yet!
Wolf A1 is Hungry
Wolf A1 m is ready to mate
No Female Wolf Partner or Female Wolf Partner not ready yet!
Wolf A2 is Hungry
Wolf A2 is Thirsty
Wolf A2 m is ready to mate
No Female Wolf Partner or Female Wolf Partner not ready yet!
Lion A5 m is ready to mate
No Female Lion Partner or Female Lion partners are not ready to mate Yet!
Lion A1 is Thirsty
A1drank water
Wolf A1 is Hungry
Wolf A1 m is ready to mate
No Female Wolf Partner or Female Wolf Partner not ready yet!
Wolf A2 is Hungry
Wolf A2 is Thirsty
A2drank water
Wolf A2 m is ready to mate
No Female Wolf Partner or Female Wolf Partner not ready yet!
LionA5m ate: A2m
Lion A5 m is ready to mate
No Female Lion Partner or Female Lion partners are not ready to mate Yet!
Wolf A1 is Hungry
Wolf A1 m is ready to mate
No Female Wolf Partner or Female Wolf Partner not ready yet!
Wolf A2m is running away from: A5
Wolf A2 is Hungry
Wolf A2 m is ready to mate
No Female Wolf Partner or Female Wolf Partner not ready yet!
LionA5m ate: A2m
Lion A5 m is ready to mate
No Female Lion Partner or Female Lion partners are not ready to mate Yet!
Wolf A1 is Hungry
Wolf A1 is Thirsty
A1drank water
Wolf A1 m is ready to mate
No Female Wolf Partner or Female Wolf Partner not ready yet!
Wolf A2m is running away from: A5
Wolf A2 is Hungry
Wolf A2 m is ready to mate
No Female Wolf Partner or Female Wolf Partner not ready yet!
LionA5m ate: A2m
Lion A5 m is ready to mate
No Female Lion Partner or Female Lion partners are not ready to mate Yet!
Lion A2 is Hungry
Wolf A1 is Hungry
Wolf A1 m is ready to mate
No Female Wolf Partner or Female Wolf Partner not ready yet!
Wolf A2m is running away from: A5
Wolf A2 is Hungry
Wolf A2 m is ready to mate
No Female Wolf Partner or Female Wolf Partner not ready yet!
LionA5m ate: A2m
Lion A5 m is ready to mate
No Female Lion Partner or Female Lion partners are not ready to mate Yet!
Lion A2 is Hungry
Wolf A1 is Hungry
Wolf A1 m is ready to mate
No Female Wolf Partner or Female Wolf Partner not ready yet!
Wolf A2m is running away from: A5
Wolf A2 is Hungry
Wolf A2 m is ready to mate
No Female Wolf Partner or Female Wolf Partner not ready yet!
LionA5m ate: A2m
Lion A5 m is ready to mate
No Female Lion Partner or Female Lion partners are not ready to mate Yet!
Lion A2 is Hungry
Wolf A1 is Hungry
Wolf A1 m is ready to mate
No Female Wolf Partner or Female Wolf Partner not ready yet!
Wolf A2m is running away from: A5
Wolf A2 is Hungry
Wolf A2 m is ready to mate
No Female Wolf Partner or Female Wolf Partner not ready yet!
LionA5m ate: A2m
Lion A5 m is ready to mate
No Female Lion Partner or Female Lion partners are not ready to mate Yet!
Lion A2 is Hungry
Wolf A1 is Hungry
Wolf A1 m is ready to mate
No Female Wolf Partner or Female Wolf Partner not ready yet!
Wolf A2m is running away from: A5
Wolf A2 is Hungry
Wolf A2 m is ready to mate
No Female Wolf Partner or Female Wolf Partner not ready yet!
LionA5m ate: A2m
Lion A5 m is ready to mate
No Female Lion Partner or Female Lion partners are not ready to mate Yet!
Lion A2 is Hungry
Wolf A1 is Hungry
Wolf A1 m is ready to mate
No Female Wolf Partner or Female Wolf Partner not ready yet!
Wolf A2m is running away from: A5
Wolf A2 is Hungry
Wolf A2 m is ready to mate
No Female Wolf Partner or Female Wolf Partner not ready yet!
LionA5m ate: A2m
Lion A5 m is ready to mate
No Female Lion Partner or Female Lion partners are not ready to mate Yet!
Lion A2 is Hungry
Wolf A1 is Hungry
Wolf A1 m is ready to mate
No Female Wolf Partner or Female Wolf Partner not ready yet!
Wolf A2m is running away from: A5
Wolf A2 is Hungry
Wolf A2 m is ready to mate
No Female Wolf Partner or Female Wolf Partner not ready yet!
LionA5m ate: A2m
Lion A5 m is ready to mate
No Female Lion Partner or Female Lion partners are not ready to mate Yet!
Lion A2 is Hungry
Wolf A1 is Hungry
Wolf A1 m is ready to mate
No Female Wolf Partner or Female Wolf Partner not ready yet!
Wolf A2m is running away from: A5
Wolf A2 is Hungry
Wolf A2 m is ready to mate
No Female Wolf Partner or Female Wolf Partner not ready yet!
LionA5m ate: A2m
Lion A5 m is ready to mate
No Female Lion Partner or Female Lion partners are not ready to mate Yet!
Lion A2 is Hungry
Wolf A1 is Hungry
Wolf A1 m is ready to mate
No Female Wolf Partner or Female Wolf Partner not ready yet!
Wolf A2m is running away from: A5
Wolf A2 is Hungry
Wolf A2 m is ready to mate
No Female Wolf Partner or Female Wolf Partner not ready yet!
LionA5m ate: A2m
Lion A5 m is ready to mate
No Female Lion Partner or Female Lion partners are not ready to mate Yet!
Lion A2 is Hungry
Wolf A1 is Hungry
Wolf A1 m is ready to mate
No Female Wolf Partner or Female Wolf Partner not ready yet!
Wolf A2m is running away from: A5
Wolf A2 is Hungry
Wolf A2 m is ready to mate
No Female Wolf Partner or Female Wolf Partner not ready yet!
LionA5m ate: A2m
Lion A5 m is ready to mate
No Female Lion Partner or Female Lion partners are not ready to mate Yet!
Lion A2 is Hungry
LionA2fis chasing: A2m
Lion C2 is Hungry
LionC2mis chasing: A1m
Wolf A1 is Hungry
Wolf A1 m is ready to mate
No Female Wolf Partner or Female Wolf Partner not ready yet!
Wolf A2m is running away from: A5
Wolf A2 is Hungry
Wolf A2 m is ready to mate
No Female Wolf Partner or Female Wolf Partner not ready yet!
Lion A5 is Thirsty
A5drank water
LionA5m ate: A2m
Lion A5 m is ready to mate
No Female Lion Partner or Female Lion partners are not ready to mate Yet!
Lion A2 is Thirsty
A2drank water
Lion A2 is Hungry
LionA2fis chasing: A2m
Lion C2 is Hungry
LionC2mis chasing: A1m
LionC2mate: A1m
Wolf A2m is running away from: A5
Wolf A2 is Hungry
Wolf A2 m is ready to mate
No Female Wolf Partner or Female Wolf Partner not ready yet!
LionA5m ate: A2m
Lion A5 m is ready to mate
No Female Lion Partner or Female Lion partners are not ready to mate Yet!
Lion A2 is Hungry
LionA2fis chasing: A2m
Wolf A2m is running away from: A5
Wolf A2 is Hungry
Wolf A2 m is ready to mate
No Female Wolf Partner or Female Wolf Partner not ready yet!
LionA5m ate: A2m
Lion A5 m is ready to mate
No Female Lion Partner or Female Lion partners are not ready to mate Yet!
Lion A2 is Hungry
LionA2fis chasing: A2m
Lion C2 is Thirsty
C2drank water
Wolf A2m is running away from: A5
Wolf A2 is Hungry
Wolf A2 m is ready to mate
No Female Wolf Partner or Female Wolf Partner not ready yet!
LionA5m ate: A2m
Lion A5 m is ready to mate
No Female Lion Partner or Female Lion partners are not ready to mate Yet!
Lion A2 is Hungry
LionA2fis chasing: A2m
Wolf A2m is running away from: A5
Wolf A2 is Hungry
Wolf A2 m is ready to mate
No Female Wolf Partner or Female Wolf Partner not ready yet!
LionA5m ate: A2m
Lion A5 m is ready to mate
No Female Lion Partner or Female Lion partners are not ready to mate Yet!
Lion A2 is Hungry
LionA2fis chasing: A2m
Lion B2 is Thirsty
Wolf A2m is running away from: A5
Wolf A2 is Hungry
Wolf A2 m is ready to mate
No Female Wolf Partner or Female Wolf Partner not ready yet!
LionA5m ate: A2m
Lion A5 m is ready to mate
No Female Lion Partner or Female Lion partners are not ready to mate Yet!
Lion A2 is Hungry
LionA2fis chasing: A2m
Lion B2 is Thirsty
Wolf A2m is running away from: A5
Wolf A2 is Hungry
Wolf A2 m is ready to mate
No Female Wolf Partner or Female Wolf Partner not ready yet!
LionA5m ate: A2m
Lion A5 m is ready to mate
No Female Lion Partner or Female Lion partners are not ready to mate Yet!
Lion A2 is Hungry
LionA2fis chasing: A2m
Lion B2 is Thirsty
Wolf A2m is running away from: A5
Wolf A2 is Hungry
Wolf A2 m is ready to mate
No Female Wolf Partner or Female Wolf Partner not ready yet!
LionA5m ate: A2m
Lion A5 m is ready to mate
No Female Lion Partner or Female Lion partners are not ready to mate Yet!
Lion A2 is Hungry
LionA2fis chasing: A2m
Lion B2 is Thirsty
B2drank water
Lion A1 is Thirsty
Wolf A2m is running away from: A5
Wolf A2 is Hungry
Wolf A2 is Thirsty
A2drank water
A2drank water
Wolf A2 m is ready to mate
No Female Wolf Partner or Female Wolf Partner not ready yet!
Lion A5 m is ready to mate
No Female Lion Partner or Female Lion partners are not ready to mate Yet!
Lion A2 is Hungry
LionA2fis chasing: A2m
Lion A1 is Thirsty
Wolf A2 is Hungry
Wolf A2 m is ready to mate
No Female Wolf Partner or Female Wolf Partner not ready yet!
Lion A5 m is ready to mate
No Female Lion Partner or Female Lion partners are not ready to mate Yet!
Lion A2 is Hungry
LionA2fis chasing: A2m
Lion A1 is Thirsty
Wolf A2 is Hungry
Wolf A2 m is ready to mate
No Female Wolf Partner or Female Wolf Partner not ready yet!
Lion A5 m is ready to mate
No Female Lion Partner or Female Lion partners are not ready to mate Yet!
Lion A2 is Hungry
LionA2fis chasing: A2m
Lion A1 is Thirsty
A1drank water
Wolf A2 is Hungry
Wolf A2 m is ready to mate
No Female Wolf Partner or Female Wolf Partner not ready yet!
Lion A5 m is ready to mate
No Female Lion Partner or Female Lion partners are not ready to mate Yet!
Lion A2 is Hungry
LionA2fis chasing: A2m
Lion B2 is Hungry
LionB2fis chasing: A2m
Wolf A2 is Hungry
Wolf A2 m is ready to mate
No Female Wolf Partner or Female Wolf Partner not ready yet!
Lion A5 m is ready to mate
No Female Lion Partner or Female Lion partners are not ready to mate Yet!
Lion A2 is Hungry
Lion B2 is Hungry
Lion A5 m is ready to mate
No Female Lion Partner or Female Lion partners are not ready to mate Yet!
Lion A2 is Hungry
Lion B2 is Hungry
Lion A5 m is ready to mate
No Female Lion Partner or Female Lion partners are not ready to mate Yet!
Lion A2 is Hungry
Lion B2 is Hungry
Lion A5 m is ready to mate
No Female Lion Partner or Female Lion partners are not ready to mate Yet!
Lion A2 is Hungry
Lion B2 is Hungry
Lion A5 m is ready to mate
No Female Lion Partner or Female Lion partners are not ready to mate Yet!
Lion A2 is Hungry
Lion B2 is Hungry
Lion A1 is Hungry
Lion A5 m is ready to mate
No Female Lion Partner or Female Lion partners are not ready to mate Yet!
Lion A2 is Hungry
Lion B2 is Hungry
Lion A1 is Hungry
Lion A5 m is ready to mate
No Female Lion Partner or Female Lion partners are not ready to mate Yet!
Lion A2 is Hungry
Lion B2 is Hungry
Lion A1 is Hungry
Lion A5 m is ready to mate
No Female Lion Partner or Female Lion partners are not ready to mate Yet!
Lion A2 is Hungry
Lion B2 is Hungry
Lion A1 is Hungry
Lion A5 is Thirsty
A5drank water
Lion A5 m is ready to mate
No Female Lion Partner or Female Lion partners are not ready to mate Yet!
Lion A2 is Thirsty
A2drank water
Lion A2 is Hungry
Lion B2 is Hungry
Lion A1 is Hungry
Lion A5 m is ready to mate
No Female Lion Partner or Female Lion partners are not ready to mate Yet!
Lion A2 is Hungry
Lion B2 is Hungry
Lion A1 is Hungry
Lion A5 m is ready to mate
No Female Lion Partner or Female Lion partners are not ready to mate Yet!
Lion A2 is Hungry
Lion B2 is Hungry
Lion A1 is Hungry
Lion C2 is Thirsty
C2drank water
Lion A5 m is ready to mate
No Female Lion Partner or Female Lion partners are not ready to mate Yet!
Lion A2 is Hungry
Lion B2 is Hungry
Lion A1 is Hungry
Lion A5 m is ready to mate
No Female Lion Partner or Female Lion partners are not ready to mate Yet!
Lion A2 is Hungry
Lion B2 is Hungry
Lion A1 is Hungry
Lion A5 m is ready to mate
No Female Lion Partner or Female Lion partners are not ready to mate Yet!
Lion A2 is Hungry
Lion B2 is Hungry
Lion A1 is Hungry
Lion A5 m is ready to mate
No Female Lion Partner or Female Lion partners are not ready to mate Yet!
Lion A2 is Hungry
Lion B2 is Hungry
Lion A1 is Hungry
Lion A5 m is ready to mate
No Female Lion Partner or Female Lion partners are not ready to mate Yet!
Lion A2 is Hungry
Lion B2 is Thirsty
B2drank water
Lion B2 is Hungry
Lion A1 is Hungry
Lion A5 m is ready to mate
No Female Lion Partner or Female Lion partners are not ready to mate Yet!
Lion A2 is Hungry
Lion B2 is Hungry
Lion A1 is Hungry
Lion A5 m is ready to mate
No Female Lion Partner or Female Lion partners are not ready to mate Yet!
Lion A2 is Hungry
Lion B2 is Hungry
Lion A1 is Hungry
Lion A5 m is ready to mate
No Female Lion Partner or Female Lion partners are not ready to mate Yet!
Lion A2 is Hungry
Lion B2 is Hungry
Lion A1 is Thirsty
A1drank water
A1drank water
Lion A1 is Hungry
Lion A5 m is ready to mate
No Female Lion Partner or Female Lion partners are not ready to mate Yet!
Lion A2 is Hungry
Lion B2 is Hungry
Lion A1 is Hungry
Lion A5 m is ready to mate
No Female Lion Partner or Female Lion partners are not ready to mate Yet!
Lion A2 is Hungry
Lion B2 is Hungry
Lion A1 is Hungry
Lion A5 m is ready to mate
No Female Lion Partner or Female Lion partners are not ready to mate Yet!
Lion A2 is Hungry
Lion B2 is Hungry
Lion A1 is Hungry
Lion A5 m is ready to mate
No Female Lion Partner or Female Lion partners are not ready to mate Yet!
Lion A2 is Hungry
Lion B2 is Hungry
Lion A1 is Hungry
Lion A5 m is ready to mate
No Female Lion Partner or Female Lion partners are not ready to mate Yet!
Lion A2 is Hungry
Lion B2 is Hungry
Lion A1 is Hungry
Lion A5 m is ready to mate
No Female Lion Partner or Female Lion partners are not ready to mate Yet!
Lion A2 is Hungry
Lion B2 is Hungry
Lion A1 is Hungry
Lion A5 m is ready to mate
No Female Lion Partner or Female Lion partners are not ready to mate Yet!
Lion A2 is Hungry
Lion B2 is Hungry
Lion A1 is Hungry
Lion A5 m is ready to mate
No Female Lion Partner or Female Lion partners are not ready to mate Yet!
Lion A2 is Hungry
Lion B2 is Hungry
Lion A1 is Hungry
Lion A5 m is ready to mate
No Female Lion Partner or Female Lion partners are not ready to mate Yet!
Lion A2 is Hungry
Lion B2 is Hungry
Lion A1 is Hungry
Lion A5 is Thirsty
A5drank water
Lion A5 m is ready to mate
No Female Lion Partner or Female Lion partners are not ready to mate Yet!
Lion A2 is Thirsty
Lion A2 is Hungry
Lion B2 is Hungry
Lion A1 is Hungry
Lion A5 m is ready to mate
No Female Lion Partner or Female Lion partners are not ready to mate Yet!
Lion B2 is Hungry
Lion A1 is Hungry
Lion A5 m is ready to mate
No Female Lion Partner or Female Lion partners are not ready to mate Yet!
Lion B2 is Hungry
Lion A1 is Hungry
Lion C2 is Thirsty
Lion A5 m is ready to mate
No Female Lion Partner or Female Lion partners are not ready to mate Yet!
Lion B2 is Hungry
Lion A1 is Hungry
Lion C2 is Thirsty
Lion A5 m is ready to mate
No Female Lion Partner or Female Lion partners are not ready to mate Yet!
Lion B2 is Hungry
Lion A1 is Hungry
Lion C2 is Thirsty
Lion A5 m is ready to mate
No Female Lion Partner or Female Lion partners are not ready to mate Yet!
Lion B2 is Hungry
Lion A1 is Hungry
Lion C2 is Thirsty
C2drank water
Lion A5 m is ready to mate
No Female Lion Partner or Female Lion partners are not ready to mate Yet!
Lion B2 is Hungry
Lion A1 is Hungry
Lion A5 m is ready to mate
No Female Lion Partner or Female Lion partners are not ready to mate Yet!
Lion B2 is Thirsty
Lion B2 is Hungry
Lion A1 is Hungry
Lion A5 m is ready to mate
No Female Lion Partner or Female Lion partners are not ready to mate Yet!
Lion B2 is Thirsty
Lion B2 is Hungry
Lion A1 is Hungry
Lion A5 m is ready to mate
No Female Lion Partner or Female Lion partners are not ready to mate Yet!
Lion B2 is Thirsty
Lion B2 is Hungry
Lion A1 is Hungry
Lion A5 m is ready to mate
No Female Lion Partner or Female Lion partners are not ready to mate Yet!
Lion B2 is Thirsty
Lion B2 is Hungry
Lion A1 is Thirsty
Lion A1 is Hungry
Lion C2 is Hungry
Lion A5 m is ready to mate
No Female Lion Partner or Female Lion partners are not ready to mate Yet!
Lion B2 is Thirsty
Lion B2 is Hungry
Lion A1 is Thirsty
A1drank water
A1drank water
Lion A1 is Hungry
Lion C2 is Hungry
Lion A5 m is ready to mate
No Female Lion Partner or Female Lion partners are not ready to mate Yet!
Lion B2 is Thirsty
B2drank water
Lion B2 is Hungry
Lion A1 is Hungry
Lion C2 is Hungry
Lion A5 m is ready to mate
No Female Lion Partner or Female Lion partners are not ready to mate Yet!
Lion B2 is Hungry
Lion A1 is Hungry
Lion C2 is Hungry
Lion A5 m is ready to mate
No Female Lion Partner or Female Lion partners are not ready to mate Yet!
Lion B2 is Hungry
Lion A1 is Hungry
Lion C2 is Hungry
Lion A5 m is ready to mate
No Female Lion Partner or Female Lion partners are not ready to mate Yet!
Lion B2 is Hungry
Lion A1 is Hungry
Lion C2 is Hungry
Lion A5 m is ready to mate
No Female Lion Partner or Female Lion partners are not ready to mate Yet!
Lion B2 is Hungry
Lion A1 is Hungry
Lion C2 is Hungry
Lion A5 is Hungry
Lion A5 m is ready to mate
No Female Lion Partner or Female Lion partners are not ready to mate Yet!
Lion B2 is Hungry
Lion A1 is Hungry
Lion C2 is Hungry
Lion A5 is Hungry
Lion A5 m is ready to mate
No Female Lion Partner or Female Lion partners are not ready to mate Yet!
Lion B2 is Hungry
Lion A1 is Hungry
Lion C2 is Hungry
Lion A5 is Hungry
Lion A5 m is ready to mate
No Female Lion Partner or Female Lion partners are not ready to mate Yet!
Lion B2 is Hungry
Lion A1 is Hungry
Lion C2 is Hungry
Lion A5 is Thirsty
A5drank water
Lion A5 is Hungry
Lion A5 m is ready to mate
No Female Lion Partner or Female Lion partners are not ready to mate Yet!
Lion B2 is Hungry
Lion A1 is Hungry
Lion C2 is Hungry
Lion A5 is Hungry
Lion A5 m is ready to mate
No Female Lion Partner or Female Lion partners are not ready to mate Yet!
Lion B2 is Hungry
Lion A1 is Hungry
Lion C2 is Hungry
Lion A5 is Hungry
Lion A5 m is ready to mate
No Female Lion Partner or Female Lion partners are not ready to mate Yet!
Lion A1 is Hungry
Lion C2 is Hungry
Lion A5 is Hungry
Lion A5 m is ready to mate
No Female Lion Partner or Female Lion partners are not ready to mate Yet!
Lion A1 is Hungry
Lion C2 is Hungry
Lion A5 is Hungry
Lion A5 m is ready to mate
No Female Lion Partner or Female Lion partners are not ready to mate Yet!
Lion A1 is Hungry
Lion C2 is Hungry
Lion A5 is Hungry
Lion A5 m is ready to mate
No Female Lion Partner or Female Lion partners are not ready to mate Yet!
Lion A1 is Hungry
Lion C2 is Thirsty
Lion C2 is Hungry
Lion A5 is Hungry
Lion A5 m is ready to mate
No Female Lion Partner or Female Lion partners are not ready to mate Yet!
Lion A1 is Hungry
Lion C2 is Thirsty
Lion C2 is Hungry
Lion A5 is Hungry
Lion A5 m is ready to mate
No Female Lion Partner or Female Lion partners are not ready to mate Yet!
Lion C2 is Thirsty
Lion C2 is Hungry
Lion A5 is Hungry
Lion A5 m is ready to mate
No Female Lion Partner or Female Lion partners are not ready to mate Yet!
Lion C2 is Thirsty
C2drank water
Lion C2 is Hungry
Lion A5 is Hungry
Lion A5 m is ready to mate
No Female Lion Partner or Female Lion partners are not ready to mate Yet!
Lion C2 is Hungry
Lion A5 is Hungry
Lion A5 m is ready to mate
No Female Lion Partner or Female Lion partners are not ready to mate Yet!
Lion C2 is Hungry
Lion A5 is Hungry
Lion A5 m is ready to mate
No Female Lion Partner or Female Lion partners are not ready to mate Yet!
Lion C2 is Hungry
