Wolf C2f is running away from: LionC1
Wolf C1m is running away from: LionA0
Wolf B0m is running away from: LionA0
Wolf A0m is running away from: LionA0
Wolf C1m is running away from: LionC1
Wolf C0f is running away from: LionA0
Wolf A1f is running away from: LionA0
Wolf C4m is running away from: LionA0
Rabbit A0f is running away from: LionA0
Rabbit A0f is running away from: WolfC1
Rabbit A0 is Hungry
Rabbit A0f ate
Rabbit C3m is running away from: LionC5
Rabbit C3m is running away from: WolfA1
Rabbit C3 is Hungry
Rabbit C3m ate
Rabbit A2f is running away from: LionA0
Rabbit A2f is running away from: WolfC1
Rabbit A2 is Hungry
Rabbit A2f ate
Rabbit B0m is running away from: LionA0
Rabbit B0m is running away from: WolfC1
Rabbit B0 is Hungry
Rabbit B0m ate
Rabbit A1f is running away from: LionA0
Rabbit A1f is running away from: WolfA1
Rabbit A1 is Hungry
Rabbit A1f ate
Rabbit B3m is running away from: LionA0
Rabbit B3m is running away from: WolfB0
Rabbit B3 is Hungry
Rabbit B3m ate
Rabbit A3m is running away from: LionC3
Rabbit A3m is running away from: WolfC2
Rabbit A3 is Hungry
Rabbit A3m ate
Rabbit C2f is running away from: LionA0
Rabbit C2f is running away from: WolfC4
Rabbit C2 is Hungry
Rabbit C2f ate
Rabbit C2m is running away from: LionA0
Rabbit C2m is running away from: WolfC4
Rabbit C2 is Hungry
Rabbit C2m ate
Rabbit B4f is running away from: LionA0
Rabbit B4f is running away from: WolfC2
Rabbit B4 is Hungry
Rabbit B4f ate
Rabbit C1f is running away from: LionC3
Rabbit C1f is running away from: WolfA1
Rabbit C1 is Hungry
Rabbit C1f ate
Rabbit B2f is running away from: LionA0
Rabbit B2f is running away from: WolfC4
Rabbit B2 is Hungry
Rabbit B2f ate
Rabbit A1f is running away from: LionC5
Rabbit A1f is running away from: WolfC1
Rabbit A1 is Hungry
Rabbit A1f ate
Rabbit B1f is running away from: LionC5
Rabbit B1f is running away from: WolfC2
Rabbit B1 is Hungry
Rabbit B1f ate
Rabbit A5f is running away from: LionA0
Rabbit A5f is running away from: WolfC1
Rabbit A5 is Hungry
Rabbit A5f ate
Rabbit C2f is running away from: LionA0
Rabbit C2f is running away from: WolfC1
Rabbit C2 is Hungry
Rabbit C2f ate
Rabbit C1m is running away from: LionA0
Rabbit C1m is running away from: WolfC1
Rabbit C1 is Hungry
Rabbit C1m ate
Rabbit C0m is running away from: LionA0
Rabbit C0m is running away from: WolfB0
Rabbit C0 is Hungry
Rabbit C0m ate
Rabbit A0m is running away from: LionC5
Rabbit A0m is running away from: WolfA1
Rabbit A0 is Hungry
Rabbit A0m ate
Rabbit C5m is running away from: LionA0
Rabbit C5m is running away from: WolfB0
Rabbit C5 is Hungry
Rabbit C5m ate
Lion A0m ate: B4f
Wolf C2f is running away from: LionC1
Wolf C1m is running away from: LionA0
Wolf B0m is running away from: LionA0
Wolf A0m is running away from: LionA0
Wolf C1m is running away from: LionA0
Wolf C0f is running away from: LionA0
Wolf A1f is running away from: LionC3
Wolf C4m is running away from: LionA0
Rabbit A0f is running away from: LionA0
Rabbit A0f is running away from: WolfC1
Rabbit A0 is Hungry
Rabbit C3m is running away from: LionC5
Rabbit C3m is running away from: WolfA1
Rabbit C3 is Hungry
Rabbit A2f is running away from: LionA0
Rabbit A2f is running away from: WolfC1
Rabbit A2 is Hungry
Rabbit A2f ate
Rabbit B0m is running away from: LionA0
Rabbit B0m is running away from: WolfC1
Rabbit B0 is Hungry
Rabbit B0m ate
Rabbit A1f is running away from: LionA0
Rabbit A1f is running away from: WolfA1
Rabbit A1 is Hungry
Rabbit A1f ate
Rabbit B3m is running away from: LionA0
Rabbit B3m is running away from: WolfB0
Rabbit B3 is Hungry
Rabbit B3m ate
Rabbit A3m is running away from: LionC5
Rabbit A3m is running away from: WolfA1
Rabbit A3 is Hungry
Rabbit A3m ate
Rabbit C2f is running away from: LionA0
Rabbit C2f is running away from: WolfB0
Rabbit C2 is Hungry
Rabbit C2f ate
Rabbit C2m is running away from: LionA0
Rabbit C2m is running away from: WolfB0
Rabbit C2 is Hungry
Rabbit C2m ate
Rabbit B4f is running away from: LionA0
Rabbit B4f is running away from: WolfC1
Rabbit B4 is Hungry
Rabbit B4f ate
Rabbit C1f is running away from: LionC3
Rabbit C1f is running away from: WolfC2
Rabbit C1 is Hungry
Rabbit C1f ate
Rabbit B2f is running away from: LionA0
Rabbit B2f is running away from: WolfC4
Rabbit B2 is Hungry
Rabbit B2f ate
Rabbit A1f is running away from: LionC1
Rabbit A1f is running away from: WolfC1
Rabbit A1 is Hungry
Rabbit A1f ate
Rabbit B1f is running away from: LionC5
Rabbit B1f is running away from: WolfC2
Rabbit B1 is Hungry
Rabbit B1f ate
Rabbit A5f is running away from: LionA0
Rabbit A5f is running away from: WolfC1
Rabbit A5 is Hungry
Rabbit C2f is running away from: LionA0
Rabbit C2f is running away from: WolfC1
Rabbit C2 is Hungry
Rabbit C2f ate
Rabbit C1m is running away from: LionA0
Rabbit C1m is running away from: WolfC1
Rabbit C1 is Hungry
Rabbit C1m ate
Rabbit C0m is running away from: LionA0
Rabbit C0m is running away from: WolfB0
Rabbit C0 is Hungry
Rabbit C0m ate
Rabbit A0m is running away from: LionC5
Rabbit A0m is running away from: WolfC1
Rabbit A0 is Hungry
Rabbit A0m ate
Rabbit C5m is running away from: LionA0
Rabbit C5m is running away from: WolfB0
Rabbit C5 is Hungry
Rabbit C5m ate
Wolf C2f is running away from: LionC1
Wolf C1m is running away from: LionA0
Wolf B0m is running away from: LionA0
Wolf A0m is running away from: LionA0
Wolf C1m is running away from: LionA0
Wolf C0f is running away from: LionA0
Wolf A1f is running away from: LionC3
Wolf C4m is running away from: LionA0
Rabbit A0f is running away from: LionA0
Rabbit A0f is running away from: WolfC1
Rabbit A0 is Hungry
Rabbit A0 f is ready to mate
Rabbit C3m is running away from: LionC5
Rabbit C3m is running away from: WolfA1
Rabbit C3 is Hungry
Rabbit C3 m is ready to mate
Rabbit C3 m is approaching partner: Rabbit B1f
Rabbit A2f is running away from: LionA0
Rabbit A2f is running away from: WolfC4
Rabbit A2 is Hungry
Rabbit A2f ate
Rabbit A2 f is ready to mate
Rabbit B0m is running away from: LionA0
Rabbit B0m is running away from: WolfC1
Rabbit B0 is Hungry
Rabbit B0m ate
Rabbit B0 m is ready to mate
Rabbit B0 m is approaching partner: Rabbit C2f
Rabbit A1f is running away from: LionC3
Rabbit A1f is running away from: WolfA1
Rabbit A1 is Hungry
Rabbit A1f ate
Rabbit A1 f is ready to mate
Rabbit B3m is running away from: LionA0
Rabbit B3m is running away from: WolfB0
Rabbit B3 is Hungry
Rabbit B3m ate
Rabbit B3 m is ready to mate
Rabbit B3 m is approaching partner: Rabbit C2f
Rabbit A3m is running away from: LionC5
Rabbit A3m is running away from: WolfC1
Rabbit A3 is Hungry
Rabbit A3m ate
Rabbit A3 m is ready to mate
Rabbit A3 m is approaching partner: Rabbit B1f
Rabbit C2f is running away from: LionA0
Rabbit C2f is running away from: WolfB0
Rabbit C2 is Hungry
Rabbit C2 f is ready to mate
Rabbit C2m is running away from: LionA0
Rabbit C2m is running away from: WolfB0
Rabbit C2 is Hungry
Rabbit C2 m is ready to mate
Rabbit C2 m is approaching partner: Rabbit C2f
Rabbit B4f is running away from: LionC1
Rabbit B4f is running away from: WolfC2
Rabbit B4 is Hungry
Rabbit B4f ate
Rabbit B4 f is ready to mate
Rabbit C1f is running away from: LionC3
Rabbit C1f is running away from: WolfC2
Rabbit C1 is Hungry
Rabbit C1f ate
Rabbit C1 f is ready to mate
Rabbit B2f is running away from: LionA0
Rabbit B2f is running away from: WolfC1
Rabbit B2 is Hungry
Rabbit B2 f is ready to mate
Rabbit A1f is running away from: LionC5
Rabbit A1f is running away from: WolfC1
Rabbit A1 is Hungry
Rabbit A1 f is ready to mate
Rabbit B1f is running away from: LionC3
Rabbit B1f is running away from: WolfC2
Rabbit B1 is Hungry
Rabbit B1f ate
Rabbit B1 f is ready to mate
Rabbit A5f is running away from: LionA0
Rabbit A5f is running away from: WolfC1
Rabbit A5 is Hungry
Rabbit A5 f is ready to mate
Rabbit C2f is running away from: LionA0
Rabbit C2f is running away from: WolfC1
Rabbit C2 is Hungry
Rabbit C2 f is ready to mate
Rabbit C1m is running away from: LionA0
Rabbit C1m is running away from: WolfC1
Rabbit C1 is Hungry
Rabbit C1m ate
Rabbit C1 m is ready to mate
Rabbit C1 m is approaching partner: Rabbit C2f
Rabbit A1 m was born!Father is C1 and Mother is C2
Rabbit C0m is running away from: LionA0
Rabbit C0m is running away from: WolfB0
Rabbit C0 is Hungry
Rabbit C0 m is ready to mate
Rabbit C0 m is approaching partner: Rabbit C2f
Rabbit A0 m was born!Father is C0 and Mother is C2
Rabbit A0m is running away from: LionC5
Rabbit A0m is running away from: WolfC1
Rabbit A0 is Hungry
Rabbit A0m ate
Rabbit A0 m is ready to mate
Rabbit A0 m is approaching partner: Rabbit A1f
Rabbit C5m is running away from: LionA0
Rabbit C5m is running away from: WolfB0
Rabbit C5 is Hungry
Rabbit C5m ate
Rabbit C5 m is ready to mate
Rabbit C5 m is approaching partner: Rabbit B2f
Wolf C2f is running away from: LionC1
Wolf C1m is running away from: LionA0
Wolf B0m is running away from: LionA0
Wolf A0m is running away from: LionA0
Wolf C1m is running away from: LionA0
Wolf C0f is running away from: LionA0
Wolf A1f is running away from: LionA0
Wolf C4m is running away from: LionA0
Rabbit A0f is running away from: LionA0
Rabbit A0f is running away from: WolfC1
Rabbit A0 is Hungry
Rabbit A0 f is ready to mate
Rabbit C3m is running away from: LionC5
Rabbit C3m is running away from: WolfA1
Rabbit C3 is Hungry
Rabbit C3m ate
Rabbit C3 m is ready to mate
Rabbit C3 m is approaching partner: Rabbit B1f
Rabbit A2f is running away from: LionA0
Rabbit A2f is running away from: WolfC4
Rabbit A2 is Hungry
Rabbit A2f ate
Rabbit A2 f is ready to mate
Rabbit B0m is running away from: LionA0
Rabbit B0m is running away from: WolfC1
Rabbit B0 is Hungry
Rabbit B0 m is ready to mate
Rabbit B0 m is approaching partner: Rabbit A5f
Rabbit A1f is running away from: LionA0
Rabbit A1f is running away from: WolfA1
Rabbit A1 is Hungry
Rabbit A1f ate
Rabbit A1 f is ready to mate
Rabbit B3m is running away from: LionA0
Rabbit B3m is running away from: WolfB0
Rabbit B3 is Hungry
Rabbit B3 m is ready to mate
Rabbit B3 m is approaching partner: Rabbit B2f
Rabbit A3m is running away from: LionC5
Rabbit A3m is running away from: WolfC1
Rabbit A3 is Hungry
Rabbit A3 m is ready to mate
Rabbit A3 m is approaching partner: Rabbit B1f
Rabbit C2f is running away from: LionA0
Rabbit C2f is running away from: WolfB0
Rabbit C2 is Hungry
Rabbit C2m is running away from: LionA0
Rabbit C2m is running away from: WolfB0
Rabbit C2 is Hungry
Rabbit C2 m is ready to mate
Rabbit C2 m is approaching partner: Rabbit B2f
Rabbit B4f is running away from: LionC1
Rabbit B4f is running away from: WolfC2
Rabbit B4 is Hungry
Rabbit B4f ate
Rabbit B4 f is ready to mate
Rabbit C1f is running away from: LionC3
Rabbit C1f is running away from: WolfC2
Rabbit C1 is Hungry
Rabbit C1 f is ready to mate
Rabbit B2f is running away from: LionA0
Rabbit B2f is running away from: WolfC1
Rabbit B2 is Hungry
Rabbit B2f ate
Rabbit B2 f is ready to mate
Rabbit A1f is running away from: LionC5
Rabbit A1f is running away from: WolfC1
Rabbit A1 is Hungry
Rabbit A1f ate
Rabbit A1 f is ready to mate
Rabbit B1f is running away from: LionC5
Rabbit B1f is running away from: WolfA1
Rabbit B1 is Hungry
Rabbit B1f ate
Rabbit B1 f is ready to mate
Rabbit A5f is running away from: LionA0
Rabbit A5f is running away from: WolfC1
Rabbit A5 is Hungry
Rabbit A5 f is ready to mate
Rabbit C2f is running away from: LionA0
Rabbit C2f is running away from: WolfC1
Rabbit C2 is Hungry
Rabbit C1m is running away from: LionA0
Rabbit C1m is running away from: WolfC1
Rabbit C1 is Hungry
Rabbit C1 m is ready to mate
Rabbit C1 m is approaching partner: Rabbit A0f
Rabbit C0m is running away from: LionA0
Rabbit C0m is running away from: WolfB0
Rabbit C0 is Hungry
Rabbit C0 m is ready to mate
Rabbit C0 m is approaching partner: Rabbit B2f
Rabbit A0m is running away from: LionC5
Rabbit A0m is running away from: WolfC1
Rabbit A0 is Hungry
Rabbit A0m ate
Rabbit A0 m is ready to mate
Rabbit A0 m is approaching partner: Rabbit A1f
Rabbit C5m is running away from: LionA0
Rabbit C5m is running away from: WolfB0
Rabbit C5 is Hungry
Rabbit C5 m is ready to mate
Rabbit C5 m is approaching partner: Rabbit B2f
Rabbit A1m is running away from: LionA0
Rabbit A1m is running away from: WolfC1
Rabbit A1 is Hungry
Rabbit A0m is running away from: LionA0
Rabbit A0m is running away from: WolfB0
Rabbit A0 is Hungry
Wolf C2f is running away from: LionA0
Wolf C1m is running away from: LionA0
Wolf B0m is running away from: LionA0
Wolf A0m is running away from: LionA0
Wolf C1m is running away from: LionA0
Wolf C0f is running away from: LionA0
Wolf A1f is running away from: LionC3
Wolf C4m is running away from: LionA0
Rabbit A0f is running away from: LionA0
Rabbit A0f is running away from: WolfC1
Rabbit A0 is Hungry
Rabbit A0 f is ready to mate
Rabbit C3m is running away from: LionC5
Rabbit C3m is running away from: WolfC1
Rabbit C3 is Hungry
Rabbit C3m ate
Rabbit C3 m is ready to mate
Rabbit C3 m is approaching partner: Rabbit B1f
Rabbit A2f is running away from: LionA0
Rabbit A2f is running away from: WolfC1
Rabbit A2 is Hungry
Rabbit A2 f is ready to mate
Rabbit B0m is running away from: LionA0
Rabbit B0m is running away from: WolfC1
Rabbit B0 is Hungry
Rabbit B0 m is ready to mate
Rabbit B0 m is approaching partner: Rabbit A0f
Rabbit A1f is running away from: LionA0
Rabbit A1f is running away from: WolfA1
Rabbit A1 is Hungry
Rabbit A1f ate
Rabbit A1 f is ready to mate
Rabbit B3m is running away from: LionA0
Rabbit B3m is running away from: WolfB0
Rabbit B3 is Hungry
Rabbit B3 m is ready to mate
Rabbit B3 m is approaching partner: Rabbit B2f
Rabbit A3m is running away from: LionC5
Rabbit A3m is running away from: WolfC1
Rabbit A3 is Hungry
Rabbit A3m ate
Rabbit A3 m is ready to mate
Rabbit A3 m is approaching partner: Rabbit B1f
Rabbit C2f is running away from: LionA0
Rabbit C2f is running away from: WolfB0
Rabbit C2 is Hungry
Rabbit C2m is running away from: LionA0
Rabbit C2m is running away from: WolfB0
Rabbit C2 is Hungry
Rabbit C2 m is ready to mate
Rabbit C2 m is approaching partner: Rabbit B2f
Rabbit B4f is running away from: LionC1
Rabbit B4f is running away from: WolfC2
Rabbit B4 is Hungry
Rabbit B4f ate
Rabbit B4 f is ready to mate
Rabbit C1f is running away from: LionC3
Rabbit C1f is running away from: WolfC0
Rabbit C1 is Hungry
Rabbit C1f ate
Rabbit C1 f is ready to mate
Rabbit B2f is running away from: LionA0
Rabbit B2f is running away from: WolfC4
Rabbit B2 is Hungry
Rabbit B2f ate
Rabbit B2 f is ready to mate
Rabbit A1f is running away from: LionC1
Rabbit A1f is running away from: WolfC1
Rabbit A1 is Hungry
Rabbit A1 f is ready to mate
Rabbit B1f is running away from: LionC3
Rabbit B1f is running away from: WolfC1
Rabbit B1 is Hungry
Rabbit B1 f is ready to mate
Rabbit A5f is running away from: LionA0
Rabbit A5f is running away from: WolfC1
Rabbit A5 is Hungry
Rabbit A5 f is ready to mate
Rabbit C2f is running away from: LionA0
Rabbit C2f is running away from: WolfC1
Rabbit C2 is Hungry
Rabbit C1m is running away from: LionA0
Rabbit C1m is running away from: WolfC1
Rabbit C1 is Hungry
Rabbit C1m ate
Rabbit C1 m is ready to mate
Rabbit C1 m is approaching partner: Rabbit C2f
Rabbit C0m is running away from: LionA0
Rabbit C0m is running away from: WolfB0
Rabbit C0 is Hungry
Rabbit C0 m is ready to mate
Rabbit C0 m is approaching partner: Rabbit B2f
Rabbit A0m is running away from: LionC5
Rabbit A0m is running away from: WolfC1
Rabbit A0 is Hungry
Rabbit A0 m is ready to mate
Rabbit A0 m is approaching partner: Rabbit A1f
Rabbit C5m is running away from: LionA0
Rabbit C5m is running away from: WolfB0
Rabbit C5 is Hungry
Rabbit C5 m is ready to mate
Rabbit C5 m is approaching partner: Rabbit B2f
Rabbit A1m is running away from: LionA0
Rabbit A1m is running away from: WolfC1
Rabbit A1 is Hungry
Rabbit A0m is running away from: LionA0
Rabbit A0m is running away from: WolfB0
Rabbit A0 is Hungry
Lion C5 is Hungry
LionC5fis chasing: C3m
Lion A0 is Hungry
LionA0mis chasing: C4m
Lion C3 is Hungry
LionC3mis chasing: B1f
Lion C1 is Hungry
LionC1mis chasing: B4f
Wolf C2f is running away from: LionC1
Wolf C1m is running away from: LionA0
Wolf B0m is running away from: LionA0
Wolf A0m is running away from: LionA0
Wolf C1m is running away from: LionA0
Wolf C0f is running away from: LionC1
Wolf A1f is running away from: LionA0
Wolf C4m is running away from: LionA0
Rabbit A0f is running away from: LionA0
Rabbit A0f is running away from: WolfC1
Rabbit A0 is Hungry
RabbitA0f died of hunger
Rabbit A0 f is ready to mate
Rabbit C3m is running away from: LionC5
Rabbit C3m is running away from: WolfC1
Rabbit C3 is Hungry
Rabbit C3m ate
Rabbit C3 m is ready to mate
Rabbit C3 m is approaching partner: Rabbit B1f
Rabbit A2f is running away from: LionA0
Rabbit A2f is running away from: WolfC4
Rabbit A2 is Hungry
Rabbit A2f ate
Rabbit A2 f is ready to mate
Rabbit B0m is running away from: LionA0
Rabbit B0m is running away from: WolfC1
Rabbit B0 is Hungry
Rabbit B0 m is ready to mate
Rabbit B0 m is approaching partner: Rabbit C2f
Rabbit A1f is running away from: LionC1
Rabbit A1f is running away from: WolfC2
Rabbit A1 is Hungry
Rabbit A1f ate
Rabbit A1 f is ready to mate
Rabbit B3m is running away from: LionA0
Rabbit B3m is running away from: WolfB0
Rabbit B3 is Hungry
Rabbit B3 m is ready to mate
Rabbit B3 m is approaching partner: Rabbit B2f
Rabbit A3m is running away from: LionC5
Rabbit A3m is running away from: WolfC1
Rabbit A3 is Hungry
Rabbit A3 m is ready to mate
Rabbit A3 m is approaching partner: Rabbit A1f
Rabbit C2f is running away from: LionA0
Rabbit C2f is running away from: WolfB0
Rabbit C2 is Hungry
Rabbit C2 f is ready to mate
Rabbit C2m is running away from: LionA0
Rabbit C2m is running away from: WolfB0
Rabbit C2 is Hungry
Rabbit C2 m is ready to mate
Rabbit C2 m is approaching partner: Rabbit C2f
Rabbit B4f is running away from: LionC1
Rabbit B4f is running away from: WolfC0
Rabbit B4 is Hungry
Rabbit B4f ate
Rabbit B4 f is ready to mate
Rabbit C1f is running away from: LionC1
Rabbit C1f is running away from: WolfC2
Rabbit C1 is Hungry
Rabbit C1f ate
Rabbit C1 f is ready to mate
Rabbit B2f is running away from: LionA0
Rabbit B2f is running away from: WolfC1
Rabbit B2 is Hungry
Rabbit B2f ate
Rabbit B2 f is ready to mate
Rabbit A1f is running away from: LionC5
Rabbit A1f is running away from: WolfC1
Rabbit A1 is Hungry
Rabbit A1f ate
Rabbit A1 f is ready to mate
Rabbit B1f is running away from: LionC3
Rabbit B1f is running away from: WolfC1
Rabbit B1 is Hungry
Rabbit B1 f is ready to mate
Rabbit A5f is running away from: LionA0
Rabbit A5f is running away from: WolfC1
Rabbit A5 is Hungry
RabbitA5f died of hunger
Rabbit A5 f is ready to mate
Rabbit C2f is running away from: LionA0
Rabbit C2f is running away from: WolfC1
Rabbit C2 is Hungry
Rabbit C2 f is ready to mate
Rabbit C1m is running away from: LionA0
Rabbit C1m is running away from: WolfC1
Rabbit C1 is Hungry
Rabbit C1m ate
Rabbit C1 m is ready to mate
Rabbit C1 m is approaching partner: Rabbit C2f
Rabbit C0m is running away from: LionA0
Rabbit C0m is running away from: WolfB0
Rabbit C0 is Hungry
Rabbit C0 m is ready to mate
Rabbit C0 m is approaching partner: Rabbit C2f
Rabbit C1 m was born!Father is C0 and Mother is C2
Rabbit A0m is running away from: LionC5
Rabbit A0m is running away from: WolfC1
Rabbit A0 is Hungry
Rabbit A0m ate
Rabbit A0 m is ready to mate
Rabbit A0 m is approaching partner: Rabbit A1f
Rabbit A0 m was born!Father is A0 and Mother is A1
Rabbit C5m is running away from: LionA0
Rabbit C5m is running away from: WolfB0
Rabbit C5 is Hungry
Rabbit C5 m is ready to mate
Rabbit C5 m is approaching partner: Rabbit C2f
Rabbit A1m is running away from: LionA0
Rabbit A1m is running away from: WolfC1
Rabbit A1 is Hungry
Rabbit A1 m is ready to mate
Rabbit A1 m is approaching partner: Rabbit C2f
Rabbit C4 f was born!Father is A1 and Mother is C2
Rabbit A0m is running away from: LionA0
Rabbit A0m is running away from: WolfB0
Rabbit A0 is Hungry
Rabbit A0 m is ready to mate
Rabbit A0 m is approaching partner: Rabbit A1f
Lion C5 is Hungry
LionC5fis chasing: C3m
Lion A0 is Hungry
LionA0mis chasing: C1m
Lion A0 is Hungry
LionA0mis chasing: C4m
Lion C3 is Hungry
LionC3mis chasing: B1f
Lion C1 is Hungry
LionC1mis chasing: B4f
Wolf C2f is running away from: LionC1
Wolf C1m is running away from: LionA0
Wolf B0m is running away from: LionA0
Wolf A0m is running away from: LionA0
Wolf C1m is running away from: LionA0
Wolf C0f is running away from: LionC1
Wolf A1f is running away from: LionC3
Wolf C4m is running away from: LionA0
Rabbit C3m is running away from: LionC5
Rabbit C3m is running away from: WolfC1
Rabbit C3 is Hungry
Rabbit C3m ate
Rabbit C3 m is ready to mate
Rabbit C3 m is approaching partner: Rabbit B1f
Rabbit A2f is running away from: LionA0
Rabbit A2f is running away from: WolfC4
Rabbit A2 is Hungry
Rabbit A2f ate
Rabbit A2 f is ready to mate
Rabbit B0m is running away from: LionA0
Rabbit B0m is running away from: WolfC1
Rabbit B0 is Hungry
Rabbit B0 m is ready to mate
Rabbit B0 m is approaching partner: Rabbit B2f
Rabbit A1f is running away from: LionC1
Rabbit A1f is running away from: WolfA1
Rabbit A1 is Hungry
Rabbit A1f ate
Rabbit A1 f is ready to mate
Rabbit B3m is running away from: LionA0
Rabbit B3m is running away from: WolfB0
Rabbit B3 is Hungry
Rabbit B3m ate
Rabbit B3 m is ready to mate
Rabbit B3 m is approaching partner: Rabbit B2f
Rabbit A3m is running away from: LionC5
Rabbit A3m is running away from: WolfC1
Rabbit A3 is Hungry
Rabbit A3 m is ready to mate
Rabbit A3 m is approaching partner: Rabbit B1f
Rabbit C2f is running away from: LionA0
Rabbit C2f is running away from: WolfB0
Rabbit C2 is Hungry
RabbitC2f died of hunger
Rabbit C2m is running away from: LionA0
Rabbit C2m is running away from: WolfB0
Rabbit C2 is Hungry
RabbitC2m died of hunger
Rabbit C2 m is ready to mate
Rabbit C2 m is approaching partner: Rabbit B2f
Rabbit B4f is running away from: LionC1
Rabbit B4f is running away from: WolfC2
Rabbit B4 is Hungry
Rabbit B4f ate
Rabbit B4 f is ready to mate
Rabbit C1f is running away from: LionC3
Rabbit C1f is running away from: WolfC2
Rabbit C1 is Hungry
Rabbit C1f ate
Rabbit C1 f is ready to mate
Rabbit B2f is running away from: LionA0
Rabbit B2f is running away from: WolfC1
Rabbit B2 is Hungry
Rabbit B2 f is ready to mate
Rabbit A1f is running away from: LionC5
Rabbit A1f is running away from: WolfC1
Rabbit A1 is Hungry
Rabbit B1f is running away from: LionC5
Rabbit B1f is running away from: WolfC1
Rabbit B1 is Hungry
Rabbit B1f ate
Rabbit B1 f is ready to mate
Rabbit C2f is running away from: LionA0
Rabbit C2f is running away from: WolfC1
Rabbit C2 is Hungry
RabbitC2f died of hunger
Rabbit C1m is running away from: LionA0
Rabbit C1m is running away from: WolfC1
Rabbit C1 is Hungry
Rabbit C1 m is ready to mate
Rabbit C1 m is approaching partner: Rabbit B2f
Rabbit C0m is running away from: LionA0
Rabbit C0m is running away from: WolfB0
Rabbit C0 is Hungry
RabbitC0m died of hunger
Rabbit C0 m is ready to mate
Rabbit C0 m is approaching partner: Rabbit A1f
Rabbit A0m is running away from: LionC5
Rabbit A0m is running away from: WolfC1
Rabbit A0 is Hungry
Rabbit A0m ate
Rabbit A0 m is ready to mate
Rabbit A0 m is approaching partner: Rabbit B1f
Rabbit C5m is running away from: LionA0
Rabbit C5m is running away from: WolfB0
Rabbit C5 is Hungry
Rabbit C5 m is ready to mate
Rabbit C5 m is approaching partner: Rabbit B2f
Rabbit A1m is running away from: LionA0
Rabbit A1m is running away from: WolfC1
Rabbit A1 is Hungry
Rabbit A1 m is ready to mate
Rabbit A1 m is approaching partner: Rabbit B2f
Rabbit A0m is running away from: LionA0
Rabbit A0m is running away from: WolfB0
Rabbit A0 is Hungry
Rabbit A0 m is ready to mate
Rabbit A0 m is approaching partner: Rabbit A1f
Rabbit C1m is running away from: LionA0
Rabbit C1m is running away from: WolfB0
Rabbit C1 is Hungry
Rabbit A0m is running away from: LionC5
Rabbit A0m is running away from: WolfC1
Rabbit A0 is Hungry
Rabbit C4f is running away from: LionA0
Rabbit C4f is running away from: WolfC1
Rabbit C4 is Hungry
Lion C5 is Hungry
LionC5fis chasing: C3m
Lion A0 is Hungry
LionA0mis chasing: B4f
Lion A0 is Hungry
LionA0mis chasing: C0f
Lion C3 is Hungry
LionC3mis chasing: C1f
Lion C1 is Hungry
LionC1mis chasing: B4f
Wolf C2f is running away from: LionC1
Wolf C2 f is ready to mate
Wolf C1m is running away from: LionA0
Wolf C1 m is ready to mate
Wolf B0m is running away from: LionA0
Wolf B0 m is ready to mate
Wolf A0m is running away from: LionA0
Wolf A0 m is ready to mate
Wolf C1m is running away from: LionA0
Wolf C1 m is ready to mate
Wolf C0f is running away from: LionA0
Wolf C0 f is ready to mate
Wolf A1f is running away from: LionA0
Wolf A1 f is ready to mate
Wolf C4m is running away from: LionA0
Wolf C4 m is ready to mate
Rabbit C3m is running away from: LionC5
Rabbit C3m is running away from: WolfC1
Rabbit C3 is Hungry
Rabbit C3m ate
Rabbit C3 m is ready to mate
Rabbit C3 m is approaching partner: Rabbit B1f
Rabbit A2f is running away from: LionA0
Rabbit A2f is running away from: WolfC1
Rabbit A2 is Hungry
Rabbit A2 f is ready to mate
Rabbit B0m is running away from: LionA0
Rabbit B0m is running away from: WolfC1
Rabbit B0 is Hungry
RabbitB0m died of hunger
Rabbit B0 m is ready to mate
Rabbit B0 m is approaching partner: Rabbit B2f
Rabbit A1f is running away from: LionC1
Rabbit A1f is running away from: WolfC2
Rabbit A1 is Hungry
Rabbit A1 f is ready to mate
Rabbit B3m is running away from: LionA0
Rabbit B3m is running away from: WolfB0
Rabbit B3 is Hungry
Rabbit B3 m is ready to mate
Rabbit B3 m is approaching partner: Rabbit B2f
Rabbit A3m is running away from: LionC5
Rabbit A3m is running away from: WolfC1
Rabbit A3 is Hungry
Rabbit A3 m is ready to mate
Rabbit A3 m is approaching partner: Rabbit B1f
Rabbit B4f is running away from: LionA0
Rabbit B4f is running away from: WolfC2
Rabbit B4 is Hungry
Rabbit B4f ate
Rabbit B4 f is ready to mate
Rabbit C1f is running away from: LionC3
Rabbit C1f is running away from: WolfA1
Rabbit C1 is Hungry
Rabbit C1f ate
Rabbit C1 f is ready to mate
Rabbit B2f is running away from: LionA0
Rabbit B2f is running away from: WolfC1
Rabbit B2 is Hungry
Rabbit B2 f is ready to mate
Rabbit A1f is running away from: LionC5
Rabbit A1f is running away from: WolfC1
Rabbit A1 is Hungry
Rabbit B1f is running away from: LionC5
Rabbit B1f is running away from: WolfC1
Rabbit B1 is Hungry
Rabbit B1 f is ready to mate
Rabbit C1m is running away from: LionA0
Rabbit C1m is running away from: WolfC1
Rabbit C1 is Hungry
Rabbit C1 m is ready to mate
Rabbit C1 m is approaching partner: Rabbit B2f
Rabbit A0m is running away from: LionC5
Rabbit A0m is running away from: WolfC1
Rabbit A0 is Hungry
Rabbit A0 m is ready to mate
Rabbit A0 m is approaching partner: Rabbit C1f
Rabbit C5m is running away from: LionA0
Rabbit C5m is running away from: WolfB0
Rabbit C5 is Hungry
RabbitC5m died of hunger
Rabbit C5 m is ready to mate
Rabbit C5 m is approaching partner: Rabbit B2f
Rabbit A1m is running away from: LionA0
Rabbit A1m is running away from: WolfC1
Rabbit A1 is Hungry
RabbitA1m died of hunger
Rabbit A1 m is ready to mate
Rabbit A1 m is approaching partner: Rabbit B2f
Rabbit A0m is running away from: LionA0
Rabbit A0m is running away from: WolfB0
Rabbit A0 is Hungry
RabbitA0m died of hunger
Rabbit A0m ate
Rabbit A0 m is ready to mate
Rabbit A0 m is approaching partner: Rabbit A1f
Rabbit C1m is running away from: LionA0
Rabbit C1m is running away from: WolfB0
Rabbit C1 is Hungry
Rabbit A0m is running away from: LionC5
Rabbit A0m is running away from: WolfC1
Rabbit A0 is Hungry
Rabbit C4f is running away from: LionA0
Rabbit C4f is running away from: WolfC1
Rabbit C4 is Hungry
Lion C5 is Hungry
LionC5fis chasing: C3m
Lion A0 is Hungry
LionA0mis chasing: B4f
Lion A0m ate!
Lion A0 is Hungry
LionA0mis chasing: C0f
Lion C3 is Hungry
LionC3mis chasing: B1f
Lion C1 is Hungry
LionC1mis chasing: C2f
Wolf C2f is running away from: LionC1
Wolf C2 f is ready to mate
Wolf C1m is running away from: LionA0
Wolf C1 m is ready to mate
Wolf B0m is running away from: LionA0
Wolf B0 m is ready to mate
Wolf A0m is running away from: LionA0
Wolf A0 m is ready to mate
Wolf C1m is running away from: LionA0
Wolf C1 m is ready to mate
Wolf C0f is running away from: LionC1
Wolf C0 f is ready to mate
Wolf A1f is running away from: LionC3
Wolf A1 f is ready to mate
Wolf C4m is running away from: LionA0
Wolf C4 m is ready to mate
Rabbit C3m is running away from: LionC5
Rabbit C3m is running away from: WolfC1
Rabbit C3 is Hungry
Rabbit C3m ate
Rabbit C3 m is ready to mate
Rabbit C3 m is approaching partner: Rabbit C1f
Rabbit A2f is running away from: LionA0
Rabbit A2f is running away from: WolfC1
Rabbit A2 is Hungry
Rabbit A2 f is ready to mate
Rabbit A1f is running away from: LionA0
Rabbit A1f is running away from: WolfA1
Rabbit A1 is Hungry
Rabbit A1f ate
Rabbit A1 f is ready to mate
Rabbit B3m is running away from: LionA0
Rabbit B3m is running away from: WolfB0
Rabbit B3 is Hungry
Rabbit B3 m is ready to mate
Rabbit B3 m is approaching partner: Rabbit C4f
Rabbit A3m is running away from: LionC5
Rabbit A3m is running away from: WolfC1
Rabbit A3 is Hungry
Rabbit A3 m is ready to mate
Rabbit A3 m is approaching partner: Rabbit C1f
Rabbit C1f is running away from: LionC3
Rabbit C1f is running away from: WolfC1
Rabbit C1 is Hungry
Rabbit C1 f is ready to mate
Rabbit B2f is running away from: LionA0
Rabbit B2f is running away from: WolfC4
Rabbit B2 is Hungry
Rabbit B2f ate
Rabbit B2 f is ready to mate
Rabbit A1f is running away from: LionC5
Rabbit A1f is running away from: WolfC1
Rabbit A1 is Hungry
Rabbit A1 f is ready to mate
Rabbit B1f is running away from: LionC3
Rabbit B1f is running away from: WolfC1
Rabbit B1 is Hungry
Rabbit B1f ate
Rabbit B1 f is ready to mate
Rabbit C1m is running away from: LionA0
Rabbit C1m is running away from: WolfC1
Rabbit C1 is Hungry
Rabbit C1 m is ready to mate
Rabbit C1 m is approaching partner: Rabbit C4f
Rabbit A0m is running away from: LionC5
Rabbit A0m is running away from: WolfC1
Rabbit A0 is Hungry
Rabbit A0 m is ready to mate
Rabbit A0 m is approaching partner: Rabbit A1f
Rabbit C4 f was born!Father is A0 and Mother is A1
Rabbit C1m is running away from: LionA0
Rabbit C1m is running away from: WolfB0
Rabbit C1 is Hungry
Rabbit C1 m is ready to mate
Rabbit C1 m is approaching partner: Rabbit A1f
Rabbit A0m is running away from: LionC5
Rabbit A0m is running away from: WolfC1
Rabbit A0 is Hungry
Rabbit A0 m is ready to mate
Rabbit A0 m is approaching partner: Rabbit C1f
Rabbit C4f is running away from: LionA0
Rabbit C4f is running away from: WolfA0
Rabbit C4 is Hungry
Rabbit C4 f is ready to mate
Lion C5 is Hungry
LionC5fis chasing: C3m
LionC5f ate: C3m
Lion A0 is Hungry
LionA0mis chasing: C0f
Lion C3 is Hungry
LionC3mis chasing: B1f
Lion C1 is Hungry
LionC1mis chasing: C2f
Wolf C2f is running away from: LionC1
Wolf C2 is Hungry
Wolf C2f is chasing: A1f
Wolf C2 is Thirsty
Wolf C2drank water
Wolf C2 f is ready to mate
Wolf C1m is running away from: LionA0
Wolf C1 is Hungry
Wolf C1m is chasing: B2f
Wolf C1 is Thirsty
Wolf C1drank water
Wolf C1 m is ready to mate
Wolf B0m is running away from: LionA0
Wolf B0 is Hungry
Wolf B0m is chasing: B3m
Wolf B0 is Thirsty
Wolf B0drank water
Wolf B0 m is ready to mate
Wolf A0m is running away from: LionA0
Wolf A0 is Hungry
Wolf A0m is chasing: B3m
Wolf A0 is Thirsty
Wolf A0drank water
Wolf A0 m is ready to mate
Wolf C1m is running away from: LionA0
Wolf C1 is Hungry
Wolf C1m is chasing: A1f
Wolf C1 is Thirsty
Wolf C1drank water
Wolf C1 m is ready to mate
Wolf C0f is running away from: LionA0
Wolf C0 is Hungry
Wolf C0f is chasing: A1f
Wolf C0 is Thirsty
Wolf C0drank water
Wolf C0 f is ready to mate
Wolf A1f is running away from: LionA0
Wolf A1 is Hungry
Wolf A1f is chasing: A1f
Wolf A1 is Thirsty
Wolf A1drank water
Wolf A1 f is ready to mate
Wolf C4m is running away from: LionA0
Wolf C4 is Hungry
Wolf C4m is chasing: B2f
Wolf C4 is Thirsty
Wolf C4drank water
Wolf C4 m is ready to mate
Rabbit A2 is Thirsty
Rabbit A2 drank water
Rabbit A2f is running away from: LionA0
Rabbit A2f is running away from: WolfC1
Rabbit A2 is Hungry
Rabbit A2 f is ready to mate
Rabbit A1 is Thirsty
Rabbit A1 drank water
Rabbit A1f is running away from: LionC1
Rabbit A1f is running away from: WolfC0
Rabbit A1 is Hungry
Rabbit A1f ate
Rabbit A1 f is ready to mate
Rabbit B3 is Thirsty
Rabbit B3 drank water
Rabbit B3m is running away from: LionA0
Rabbit B3m is running away from: WolfB0
Rabbit B3 is Hungry
Rabbit B3m ate
Rabbit B3 m is ready to mate
Rabbit B3 m is approaching partner: Rabbit C4f
Rabbit A3 is Thirsty
Rabbit A3 drank water
Rabbit A3m is running away from: LionC5
Rabbit A3m is running away from: WolfC1
Rabbit A3 is Hungry
RabbitA3m died of hunger
Rabbit A3m ate
Rabbit A3 m is ready to mate
Rabbit A3 m is approaching partner: Rabbit C1f
Rabbit C1 is Thirsty
Rabbit C1 drank water
Rabbit C1f is running away from: LionC3
Rabbit C1f is running away from: WolfC0
Rabbit C1 is Hungry
Rabbit C1f ate
Rabbit C1 f is ready to mate
Rabbit B2 is Thirsty
Rabbit B2 drank water
Rabbit B2f is running away from: LionA0
Rabbit B2f is running away from: WolfC1
Rabbit B2 is Hungry
Rabbit B2 f is ready to mate
Rabbit A1 is Thirsty
Rabbit A1 drank water
Rabbit A1f is running away from: LionC5
Rabbit A1f is running away from: WolfC1
Rabbit A1 is Hungry
Rabbit B1 is Thirsty
Rabbit B1 drank water
Rabbit B1f is running away from: LionC3
Rabbit B1f is running away from: WolfC0
Rabbit B1 is Hungry
Rabbit B1f ate
Rabbit B1 f is ready to mate
Rabbit C1 is Thirsty
Rabbit C1 drank water
Rabbit C1m is running away from: LionA0
Rabbit C1m is running away from: WolfC1
Rabbit C1 is Hungry
Rabbit C1 m is ready to mate
Rabbit C1 m is approaching partner: Rabbit C4f
Rabbit B0 f was born!Father is C1 and Mother is C4
Rabbit A0 is Thirsty
Rabbit A0 drank water
Rabbit A0m is running away from: LionC5
Rabbit A0m is running away from: WolfC1
Rabbit A0 is Hungry
Rabbit A0 m is ready to mate
Rabbit A0 m is approaching partner: Rabbit C1f
Rabbit C1m is running away from: LionA0
Rabbit C1m is running away from: WolfB0
Rabbit C1 is Hungry
Rabbit C1m ate
Rabbit C1 m is ready to mate
Rabbit C1 m is approaching partner: Rabbit A1f
Rabbit A0m is running away from: LionC5
Rabbit A0m is running away from: WolfC1
Rabbit A0 is Hungry
Rabbit A0m ate
Rabbit A0 m is ready to mate
Rabbit A0 m is approaching partner: Rabbit C1f
Rabbit C4f is running away from: LionA0
Rabbit C4f is running away from: WolfC1
Rabbit C4 is Hungry
Rabbit C4f is running away from: LionC5
Rabbit C4f is running away from: WolfC1
Rabbit C4 is Hungry
Lion A0 is Hungry
LionA0mis chasing: C2f
Lion C3 is Hungry
LionC3mis chasing: B1f
Lion C1 is Hungry
LionC1mis chasing: C0f
Wolf C2f is running away from: LionA0
Wolf C2 is Hungry
Wolf C2f is chasing: A1f
Wolf C2 is Thirsty
Wolf C2drank water
Wolf C2 f is ready to mate
Wolf C1m is running away from: LionA0
Wolf C1 is Hungry
Wolf C1m is chasing: B2f
Wolf C1 is Thirsty
Wolf C1drank water
Wolf C1 m is ready to mate
Wolf B0m is running away from: LionA0
Wolf B0 is Hungry
Wolf B0m is chasing: B3m
Wolf B0 is Thirsty
Wolf B0drank water
Wolf B0 m is ready to mate
Wolf A0m is running away from: LionA0
Wolf A0 is Hungry
Wolf A0m is chasing: B3m
Wolf A0 is Thirsty
Wolf A0drank water
Wolf A0 m is ready to mate
Wolf C1m is running away from: LionA0
Wolf C1 is Hungry
Wolf C1m is chasing: A0m
Wolf C1 is Thirsty
Wolf C1drank water
Wolf C1 m is ready to mate
Wolf C0f is running away from: LionC1
Wolf C0 is Hungry
Wolf C0f is chasing: A1f
Wolf C0f ate!
Wolf C0 is Thirsty
Wolf C0drank water
Wolf C0 f is ready to mate
Wolf A1f is running away from: LionA0
Wolf A1 is Hungry
Wolf A1f is chasing: B1f
Wolf A1 is Thirsty
Wolf A1drank water
Wolf A1 f is ready to mate
Wolf C4m is running away from: LionA0
Wolf C4 is Hungry
Wolf C4m is chasing: A2f
Wolf C4 is Thirsty
Wolf C4drank water
Wolf C4 m is ready to mate
Rabbit A2 is Thirsty
Rabbit A2 drank water
Rabbit A2f is running away from: LionA0
Rabbit A2f is running away from: WolfC1
Rabbit A2 is Hungry
Rabbit A2f ate
Rabbit A2 f is ready to mate
Rabbit B3 is Thirsty
Rabbit B3 drank water
Rabbit B3m is running away from: LionA0
Rabbit B3m is running away from: WolfB0
Rabbit B3 is Hungry
Rabbit B3 m is ready to mate
Rabbit B3 m is approaching partner: Rabbit B2f
Rabbit C1 is Thirsty
Rabbit C1 drank water
Rabbit C1f is running away from: LionC3
Rabbit C1f is running away from: WolfC1
Rabbit C1 is Hungry
Rabbit C1f ate
Rabbit C1 f is ready to mate
Rabbit B2 is Thirsty
Rabbit B2 drank water
Rabbit B2f is running away from: LionA0
Rabbit B2f is running away from: WolfC1
Rabbit B2 is Hungry
Rabbit B2f ate
Rabbit B2 f is ready to mate
Rabbit A1 is Thirsty
Rabbit A1 drank water
Rabbit A1f is running away from: LionC5
Rabbit A1f is running away from: WolfC1
Rabbit A1 is Hungry
RabbitA1f died of hunger
Rabbit B1 is Thirsty
Rabbit B1 drank water
Rabbit B1f is running away from: LionC3
Rabbit B1f is running away from: WolfC0
Rabbit B1 is Hungry
Rabbit B1f ate
Rabbit B1 f is ready to mate
Rabbit C1 is Thirsty
Rabbit C1 drank water
Rabbit C1m is running away from: LionA0
Rabbit C1m is running away from: WolfC1
Rabbit C1 is Hungry
RabbitC1m died of hunger
Rabbit C1 m is ready to mate
Rabbit C1 m is approaching partner: Rabbit B2f
Rabbit A0 is Thirsty
Rabbit A0 drank water
Rabbit A0m is running away from: LionC5
Rabbit A0m is running away from: WolfC1
Rabbit A0 is Hungry
Rabbit A0m ate
Rabbit A0 m is ready to mate
Rabbit A0 m is approaching partner: Rabbit C1f
Rabbit C1m is running away from: LionA0
Rabbit C1m is running away from: WolfB0
Rabbit C1 is Hungry
Rabbit C1m ate
Rabbit C1 m is ready to mate
Rabbit C1 m is approaching partner: Rabbit B1f
Rabbit A0m is running away from: LionC5
Rabbit A0m is running away from: WolfC1
Rabbit A0 is Hungry
Rabbit A0 m is ready to mate
Rabbit A0 m is approaching partner: Rabbit C1f
Rabbit C4f is running away from: LionA0
Rabbit C4f is running away from: WolfC1
Rabbit C4 is Hungry
RabbitC4f died of hunger
Rabbit C4f is running away from: LionC5
Rabbit C4f is running away from: WolfC1
Rabbit C4 is Hungry
Rabbit B0f is running away from: LionA0
Rabbit B0f is running away from: WolfC1
Rabbit B0 is Hungry
Lion A0 is Hungry
LionA0mis chasing: C2f
Lion C3 is Hungry
LionC3mis chasing: C1f
Lion C1 is Hungry
LionC1mis chasing: C2f
LionC1m ate: C2f
Wolf C1m is running away from: LionA0
Wolf C1 is Hungry
Wolf C1m is chasing: B2f
Wolf C1m ate!
Wolf C1 is Thirsty
Wolf C1drank water
Wolf C1 m is ready to mate
Wolf B0m is running away from: LionA0
Wolf B0 is Hungry
Wolf B0m is chasing: B3m
Wolf B0 is Thirsty
Wolf B0drank water
Wolf B0 m is ready to mate
Wolf A0m is running away from: LionA0
Wolf A0 is Hungry
Wolf A0m is chasing: B3m
Wolf A0 is Thirsty
Wolf A0drank water
Wolf A0 m is ready to mate
Wolf C1m is running away from: LionA0
Wolf C1 is Hungry
Wolf C1m is chasing: A0m
Wolf C1 is Thirsty
Wolf C1drank water
Wolf C1 m is ready to mate
Wolf C0f is running away from: LionA0
Wolf C0 is Thirsty
Wolf C0drank water
Wolf C0 f is ready to mate
Wolf A1f is running away from: LionC3
Wolf A1 is Hungry
Wolf A1f is chasing: B1f
Wolf A1 f is ready to mate
Wolf C4m is running away from: LionA0
Wolf C4 is Hungry
Wolf C4m is chasing: A2f
Wolf C4 is Thirsty
Wolf C4drank water
Wolf C4 m is ready to mate
Rabbit A2 is Thirsty
Rabbit A2 drank water
Rabbit A2f is running away from: LionA0
Rabbit A2f is running away from: WolfC1
Rabbit A2 is Hungry
Rabbit A2 f is ready to mate
Rabbit B3m is running away from: LionA0
Rabbit B3m is running away from: WolfB0
Rabbit B3 is Hungry
Rabbit B3 m is ready to mate
Rabbit B3 m is approaching partner: Rabbit A2f
Rabbit C1f is running away from: LionC3
Rabbit C1f is running away from: WolfC1
Rabbit C1 is Hungry
Rabbit C1f ate
Rabbit C1 f is ready to mate
Rabbit B1 is Thirsty
Rabbit B1 drank water
Rabbit B1f is running away from: LionC3
Rabbit B1f is running away from: WolfC1
Rabbit B1 is Hungry
Rabbit B1f ate
Rabbit B1 f is ready to mate
Rabbit A0 is Thirsty
Rabbit A0 drank water
Rabbit A0m is running away from: LionC5
Rabbit A0m is running away from: WolfC1
Rabbit A0 is Hungry
Rabbit A0m ate
Rabbit A0 m is ready to mate
Rabbit A0 m is approaching partner: Rabbit C4f
Rabbit C1m is running away from: LionA0
Rabbit C1m is running away from: WolfB0
Rabbit C1 is Hungry
Rabbit C1m ate
Rabbit C1 m is ready to mate
Rabbit C1 m is approaching partner: Rabbit B1f
Rabbit A0m is running away from: LionC5
Rabbit A0m is running away from: WolfC1
Rabbit A0 is Hungry
Rabbit A0m ate
Rabbit A0 m is ready to mate
Rabbit A0 m is approaching partner: Rabbit C4f
Rabbit C4f is running away from: LionC5
Rabbit C4f is running away from: WolfC1
Rabbit C4 is Hungry
Rabbit C4f ate
Rabbit C4 f is ready to mate
Rabbit B0f is running away from: LionA0
Rabbit B0f is running away from: WolfA0
Rabbit B0 is Hungry
Lion A0 is Hungry
LionA0mis chasing: C0f
Lion C3 is Hungry
LionC3mis chasing: B1f
Wolf C1m is running away from: LionA0
Wolf C1 is Thirsty
Wolf C1drank water
Wolf C1 m is ready to mate
Wolf B0m is running away from: LionA0
Wolf B0 is Hungry
Wolf B0m is chasing: B3m
Wolf B0 m is ready to mate
Wolf A0m is running away from: LionA0
Wolf A0 is Hungry
Wolf A0m is chasing: B3m
Wolf A0 is Thirsty
Wolf A0drank water
Wolf A0 m is ready to mate
Wolf C1m is running away from: LionC5
Wolf C1 is Hungry
Wolf C1m is chasing: A0m
Wolf C1 is Thirsty
Wolf C1drank water
Wolf C1 m is ready to mate
Wolf C0f is running away from: LionA0
Wolf C0 is Thirsty
Wolf C0drank water
Wolf C0 f is ready to mate
Wolf A1f is running away from: LionC3
Wolf A1 is Hungry
Wolf A1f is chasing: B1f
Wolf A1 f is ready to mate
Wolf C4m is running away from: LionA0
Wolf C4 is Hungry
Wolf C4m is chasing: A2f
Wolf C4 is Thirsty
Wolf C4drank water
Wolf C4 m is ready to mate
Rabbit A2 is Thirsty
Rabbit A2 drank water
Rabbit A2f is running away from: LionA0
Rabbit A2f is running away from: WolfC1
Rabbit A2 is Hungry
Rabbit A2f ate
Rabbit A2 f is ready to mate
Rabbit B3m is running away from: LionA0
Rabbit B3m is running away from: WolfB0
Rabbit B3 is Hungry
Rabbit B3m ate
Rabbit B3 m is ready to mate
Rabbit B3 m is approaching partner: Rabbit B0f
Rabbit C1f is running away from: LionA0
Rabbit C1f is running away from: WolfC1
Rabbit C1 is Hungry
Rabbit C1f ate
Rabbit C1 f is ready to mate
Rabbit B1 is Thirsty
Rabbit B1 drank water
Rabbit B1f is running away from: LionC3
Rabbit B1f is running away from: WolfC1
Rabbit B1 is Hungry
Rabbit B1 f is ready to mate
Rabbit A0 is Thirsty
Rabbit A0 drank water
Rabbit A0m is running away from: LionC5
Rabbit A0m is running away from: WolfC1
Rabbit A0 is Hungry
Rabbit A0m ate
Rabbit A0 m is ready to mate
Rabbit A0 m is approaching partner: Rabbit C1f
Rabbit C1m is running away from: LionA0
Rabbit C1m is running away from: WolfA1
Rabbit C1 is Hungry
Rabbit C1 m is ready to mate
Rabbit C1 m is approaching partner: Rabbit B1f
Rabbit A0m is running away from: LionC5
Rabbit A0m is running away from: WolfC1
Rabbit A0 is Hungry
Rabbit A0m ate
Rabbit A0 m is ready to mate
Rabbit A0 m is approaching partner: Rabbit C4f
Rabbit C4f is running away from: LionC5
Rabbit C4f is running away from: WolfC1
Rabbit C4 is Hungry
Rabbit C4 f is ready to mate
Rabbit B0f is running away from: LionA0
Rabbit B0f is running away from: WolfC1
Rabbit B0 is Hungry
Rabbit B0 f is ready to mate
Lion A0 is Hungry
LionA0mis chasing: C1f
Lion A0 is Hungry
LionA0mis chasing: C0f
Lion C3 is Hungry
LionC3mis chasing: B1f
Wolf C1m is running away from: LionA0
Wolf C1 is Thirsty
Wolf C1drank water
Wolf C1 m is ready to mate
Wolf B0m is running away from: LionA0
Wolf B0 is Hungry
Wolf B0m is chasing: B3m
Wolf B0m ate!
Wolf B0 m is ready to mate
Wolf A0m is running away from: LionA0
Wolf A0 is Hungry
Wolf A0m is chasing: B0f
Wolf A0 m is ready to mate
Wolf C1m is running away from: LionC5
Wolf C1 is Hungry
Wolf C1m is chasing: A0m
Wolf C1 m is ready to mate
Wolf C0f is running away from: LionA0
Wolf C0 f is ready to mate
Wolf A1f is running away from: LionA0
Wolf A1 is Hungry
Wolf A1f is chasing: B1f
Wolf A1 f is ready to mate
Wolf C4m is running away from: LionA0
Wolf C4 is Hungry
Wolf C4m is chasing: A2f
Wolf C4 is Thirsty
Wolf C4drank water
Wolf C4 m is ready to mate
Rabbit A2 is Thirsty
Rabbit A2 drank water
Rabbit A2f is running away from: LionC1
Rabbit A2f is running away from: WolfC4
Rabbit A2 is Hungry
Rabbit A2f ate
Rabbit A2 f is ready to mate
Rabbit C1f is running away from: LionA0
Rabbit C1f is running away from: WolfC1
Rabbit C1 is Hungry
Rabbit C1f ate
Rabbit C1 f is ready to mate
Rabbit B1 is Thirsty
Rabbit B1 drank water
Rabbit B1f is running away from: LionC3
Rabbit B1f is running away from: WolfC1
Rabbit B1 is Hungry
Rabbit B1f ate
Rabbit B1 f is ready to mate
Rabbit A0m is running away from: LionA0
Rabbit A0m is running away from: WolfC1
Rabbit A0 is Hungry
Rabbit A0m ate
Rabbit A0 m is ready to mate
Rabbit A0 m is approaching partner: Rabbit C1f
Rabbit A3 m was born!Father is A0 and Mother is C1
Rabbit C1m is running away from: LionA0
Rabbit C1m is running away from: WolfB0
Rabbit C1 is Hungry
Rabbit C1 m is ready to mate
Rabbit C1 m is approaching partner: Rabbit B1f
Rabbit A0m is running away from: LionC5
Rabbit A0m is running away from: WolfC1
Rabbit A0 is Hungry
Rabbit A0m ate
Rabbit A0 m is ready to mate
Rabbit A0 m is approaching partner: Rabbit C4f
Rabbit C4f is running away from: LionC5
Rabbit C4f is running away from: WolfC1
Rabbit C4 is Hungry
Rabbit C4 f is ready to mate
Rabbit B0f is running away from: LionA0
Rabbit B0f is running away from: WolfC1
Rabbit B0 is Hungry
Rabbit B0 f is ready to mate
Lion C5 is Hungry
LionC5fis chasing: C4f
Lion A0 is Hungry
LionA0mis chasing: C1f
Lion A0 is Hungry
LionA0mis chasing: C0f
Lion C3 is Hungry
LionC3mis chasing: B1f
Wolf C1m is running away from: LionA0
Wolf C1 is Thirsty
Wolf C1drank water
Wolf C1 m is ready to mate
Wolf B0m is running away from: LionA0
Wolf B0 m is ready to mate
Wolf A0m is running away from: LionA0
Wolf A0 is Hungry
Wolf A0m is chasing: B0f
Wolf A0 m is ready to mate
Wolf C1m is running away from: LionC3
Wolf C1m ate!
Wolf C1 m is ready to mate
Wolf C0f is running away from: LionA0
Wolf C0 f is ready to mate
Wolf A1f is running away from: LionA0
Wolf A1 is Hungry
Wolf A1f is chasing: B1f
Wolf A1 f is ready to mate
Wolf C4m is running away from: LionA0
Wolf C4 is Hungry
Wolf C4m is chasing: A2f
Wolf C4 is Thirsty
Wolf C4drank water
Wolf C4 m is ready to mate
Rabbit A2 is Thirsty
Rabbit A2 drank water
Rabbit A2f is running away from: LionA0
Rabbit A2f is running away from: WolfC4
Rabbit A2 is Hungry
Rabbit A2f ate
Rabbit A2 f is ready to mate
Rabbit C1f is running away from: LionA0
Rabbit C1f is running away from: WolfC1
Rabbit C1 is Hungry
Rabbit B1f is running away from: LionC3
Rabbit B1f is running away from: WolfC1
Rabbit B1 is Hungry
Rabbit B1f ate
Rabbit B1 f is ready to mate
Rabbit A0m is running away from: LionA0
Rabbit A0m is running away from: WolfC1
Rabbit A0 is Hungry
Rabbit A0m ate
Rabbit A0 m is ready to mate
Rabbit A0 m is approaching partner: Rabbit B1f
Rabbit C1m is running away from: LionA0
Rabbit C1m is running away from: WolfC0
Rabbit C1 is Hungry
Rabbit C1 m is ready to mate
Rabbit C1 m is approaching partner: Rabbit B1f
Rabbit A0m is running away from: LionC5
Rabbit A0m is running away from: WolfC1
Rabbit A0 is Hungry
Rabbit A0m ate
Rabbit A0 m is ready to mate
Rabbit A0 m is approaching partner: Rabbit C4f
Rabbit C4f is running away from: LionC5
Rabbit C4f is running away from: WolfC1
Rabbit C4 is Hungry
Rabbit C4f ate
Rabbit C4 f is ready to mate
Rabbit B0f is running away from: LionA0
Rabbit B0f is running away from: WolfA0
Rabbit B0 is Hungry
RabbitB0f died of hunger
Rabbit B0 f is ready to mate
Lion C5 is Hungry
LionC5fis chasing: C4f
Lion A0 is Hungry
LionA0mis chasing: C1m
Lion A0 is Hungry
LionA0mis chasing: C0f
Lion C3 is Hungry
LionC3mis chasing: B1f
Lion C3m ate!
Wolf C1m is running away from: LionC1
Wolf C1 is Thirsty
Wolf C1drank water
Wolf C1 m is ready to mate
Wolf B0m is running away from: LionA0
Wolf B0 m is ready to mate
Wolf A0m is running away from: LionA0
Wolf A0 is Hungry
Wolf A0m is chasing: A2f
Wolf A0 m is ready to mate
Wolf C1m is running away from: LionC3
Wolf C1 m is ready to mate
Wolf C0f is running away from: LionA0
Wolf C0 f is ready to mate
Wolf A1f is running away from: LionA0
Wolf A1 is Hungry
Wolf A1f is chasing: A0m
Wolf A1 f is ready to mate
Wolf C4m is running away from: LionC1
Wolf C4 is Hungry
Wolf C4m is chasing: A2f
Wolf C4 is Thirsty
Wolf C4drank water
Wolf C4 m is ready to mate
Rabbit A2 is Thirsty
Rabbit A2 drank water
Rabbit A2f is running away from: LionC1
Rabbit A2f is running away from: WolfC4
Rabbit A2 is Hungry
Rabbit A2f ate
Rabbit A2 f is ready to mate
Rabbit C1f is running away from: LionA0
Rabbit C1f is running away from: WolfC1
Rabbit C1 is Hungry
Rabbit A0m is running away from: LionA0
Rabbit A0m is running away from: WolfC1
Rabbit A0 is Hungry
Rabbit A0m ate
Rabbit A0 m is ready to mate
Rabbit A0 m is approaching partner: Rabbit C4f
Rabbit C1 is Thirsty
Rabbit C1 drank water
Rabbit C1m is running away from: LionA0
Rabbit C1m is running away from: WolfB0
Rabbit C1 is Hungry
Rabbit C1 m is ready to mate
Rabbit C1 m is approaching partner: Rabbit A2f
Rabbit A0 is Thirsty
Rabbit A0 drank water
Rabbit A0m is running away from: LionC5
Rabbit A0m is running away from: WolfC1
Rabbit A0 is Hungry
Rabbit A0m ate
Rabbit A0 m is ready to mate
Rabbit A0 m is approaching partner: Rabbit C4f
Rabbit C4f is running away from: LionC5
Rabbit C4f is running away from: WolfC1
Rabbit C4 is Hungry
Rabbit C4f ate
Rabbit C4 f is ready to mate
Lion C5f ate: C4f
Lion A0 is Hungry
LionA0mis chasing: C1m
Lion A0 is Hungry
LionA0mis chasing: C0f
Lion C1 is Hungry
LionC1mis chasing: C0f
Wolf C1m is running away from: LionA0
Wolf C1 is Thirsty
Wolf C1drank water
Wolf C1 m is ready to mate
Wolf B0m is running away from: LionA0
Wolf B0 m is ready to mate
Wolf A0m is running away from: LionA0
Wolf A0 is Hungry
Wolf A0m is chasing: A2f
Wolf A0 m is ready to mate
Wolf C1m is running away from: LionC3
Wolf C1 m is ready to mate
Wolf C0f is running away from: LionA0
Wolf C0 f is ready to mate
Wolf A1f is running away from: LionC3
Wolf A1 is Hungry
Wolf A1f is chasing: A0m
Wolf A1 f is ready to mate
Wolf C4m is running away from: LionA0
Wolf C4 is Hungry
Wolf C4m is chasing: A2f
Wolf C4 is Thirsty
Wolf C4drank water
Wolf C4 m is ready to mate
Rabbit A2 is Thirsty
Rabbit A2 drank water
Rabbit A2f is running away from: LionA0
Rabbit A2f is running away from: WolfC4
Rabbit A2 is Hungry
Rabbit A2f ate
Rabbit A2 f is ready to mate
Rabbit C1f is running away from: LionC5
Rabbit C1f is running away from: WolfC1
Rabbit C1 is Hungry
Rabbit A0m is running away from: LionC5
Rabbit A0m is running away from: WolfC1
Rabbit A0 is Hungry
Rabbit A0m ate
Rabbit A0 m is ready to mate
Rabbit A0 m is approaching partner: Rabbit C4f
Rabbit C1 is Thirsty
Rabbit C1 drank water
Rabbit C1m is running away from: LionA0
Rabbit C1m is running away from: WolfB0
Rabbit C1 is Hungry
RabbitC1m died of hunger
Rabbit C1m ate
Rabbit C1 m is ready to mate
Rabbit C1 m is approaching partner: Rabbit A2f
Rabbit A0 is Thirsty
Rabbit A0 drank water
Rabbit A0m is running away from: LionA0
Rabbit A0m is running away from: WolfC1
Rabbit A0 is Hungry
Rabbit A0 m is ready to mate
Rabbit A0 m is approaching partner: Rabbit C4f
Rabbit C4f is running away from: LionC5
Rabbit C4f is running away from: WolfC1
Rabbit C4 is Hungry
Rabbit C4 f is ready to mate
Lion A0 is Hungry
LionA0mis chasing: C1m
Lion A0 is Hungry
LionA0m died of hunger
LionA0mis chasing: C0f
Lion C1 is Hungry
LionC1mis chasing: C0f
Wolf C1m is running away from: LionC1
Wolf C1 is Thirsty
Wolf C1drank water
Wolf C1 m is ready to mate
Wolf B0m is running away from: LionC1
Wolf B0 m is ready to mate
Wolf A0m is running away from: LionC1
Wolf A0 is Hungry
Wolf A0m is chasing: A2f
Wolf A0 m is ready to mate
Wolf C1m is running away from: LionC3
Wolf C1 m is ready to mate
Wolf C0f is running away from: LionC1
Wolf C0 f is ready to mate
Wolf A1f is running away from: LionC3
Wolf A1 is Hungry
Wolf A1f is chasing: A0m
Wolf A1 f is ready to mate
Wolf C4m is running away from: LionC1
Wolf C4 is Hungry
Wolf C4m is chasing: A2f
Wolf C4 is Thirsty
Wolf C4drank water
Wolf C4 m is ready to mate
Rabbit A2 is Thirsty
Rabbit A2 drank water
Rabbit A2f is running away from: LionC1
Rabbit A2f is running away from: WolfC4
Rabbit A2 is Hungry
Rabbit A2f ate
Rabbit A2 f is ready to mate
Rabbit C1f is running away from: LionC5
Rabbit C1f is running away from: WolfC1
Rabbit C1 is Hungry
Rabbit C1f ate
Rabbit C1 f is ready to mate
Rabbit A0m is running away from: LionC5
Rabbit A0m is running away from: WolfC1
Rabbit A0 is Hungry
Rabbit A0 m is ready to mate
Rabbit A0 m is approaching partner: Rabbit C4f
Rabbit C5 m was born!Father is A0 and Mother is C4
Rabbit A0 is Thirsty
Rabbit A0 drank water
Rabbit A0m is running away from: LionC5
Rabbit A0m is running away from: WolfC1
Rabbit A0 is Hungry
Rabbit A0 m is ready to mate
Rabbit A0 m is approaching partner: Rabbit C1f
Rabbit C4f is running away from: LionC5
Rabbit C4f is running away from: WolfC1
Rabbit C4 is Hungry
Rabbit C4f ate
Lion A0 is Hungry
LionA0mis chasing: C1m
Lion C1 is Hungry
LionC1mis chasing: C0f
Wolf C1m is running away from: LionC1
Wolf C1 is Thirsty
Wolf C1drank water
Wolf C1 m is ready to mate
Wolf B0m is running away from: LionC1
Wolf B0 m is ready to mate
Wolf A0m is running away from: LionC1
Wolf A0 is Hungry
Wolf A0m is chasing: A2f
Wolf A0 m is ready to mate
Wolf C1m is running away from: LionA0
Wolf C1 m is ready to mate
Wolf C0f is running away from: LionC1
Wolf C0 f is ready to mate
Wolf A1f is running away from: LionC3
Wolf A1 is Hungry
Wolf A1f is chasing: A0m
Wolf A1 f is ready to mate
Wolf C4m is running away from: LionC1
Wolf C4 is Hungry
Wolf C4m is chasing: A2f
Wolf C4 is Thirsty
Wolf C4drank water
Wolf C4 m is ready to mate
Rabbit A2 is Thirsty
Rabbit A2 drank water
Rabbit A2f is running away from: LionC1
Rabbit A2f is running away from: WolfC4
Rabbit A2 is Hungry
Rabbit A2f ate
Rabbit A2 f is ready to mate
Rabbit C1f is running away from: LionC5
Rabbit C1f is running away from: WolfC1
Rabbit C1 is Hungry
Rabbit C1 f is ready to mate
Rabbit A0m is running away from: LionC5
Rabbit A0m is running away from: WolfC1
Rabbit A0 is Hungry
Rabbit A0 m is ready to mate
Rabbit A0 m is approaching partner: Rabbit C1f
Rabbit A0 is Thirsty
Rabbit A0 drank water
Rabbit A0m is running away from: LionC5
Rabbit A0m is running away from: WolfC1
Rabbit A0 is Hungry
Rabbit A0 m is ready to mate
Rabbit A0 m is approaching partner: Rabbit C1f
Rabbit C4 is Thirsty
Rabbit C4 drank water
Rabbit C4f is running away from: LionC5
Rabbit C4f is running away from: WolfC1
Rabbit C4 is Hungry
Rabbit C5m is running away from: LionC5
Rabbit C5m is running away from: WolfC1
Rabbit C5 is Hungry
Rabbit C5m ate
Lion A0 is Hungry
LionA0mis chasing: C1m
Lion C1 is Hungry
LionC1mis chasing: C0f
Wolf C1m is running away from: LionC1
Wolf C1 m is ready to mate
Wolf B0m is running away from: LionC1
Wolf B0 m is ready to mate
Wolf A0m is running away from: LionC1
Wolf A0 is Hungry
Wolf A0m is chasing: A2f
Wolf A0 m is ready to mate
Wolf C1m is running away from: LionA0
Wolf C1 m is ready to mate
Wolf C0f is running away from: LionC1
Wolf C0 f is ready to mate
Wolf A1f is running away from: LionC1
Wolf A1 is Hungry
Wolf A1f is chasing: A0m
Wolf A1 f is ready to mate
Wolf C4m is running away from: LionC1
Wolf C4 is Hungry
Wolf C4m is chasing: A2f
Wolf C4 is Thirsty
Wolf C4drank water
Wolf C4 m is ready to mate
Rabbit A2 is Thirsty
Rabbit A2 drank water
Rabbit A2f is running away from: LionC1
Rabbit A2f is running away from: WolfC4
Rabbit A2 is Hungry
Rabbit A2 f is ready to mate
Rabbit C1f is running away from: LionC5
Rabbit C1f is running away from: WolfC1
Rabbit C1 is Hungry
Rabbit C1f ate
Rabbit C1 f is ready to mate
Rabbit A0m is running away from: LionC5
Rabbit A0m is running away from: WolfC1
Rabbit A0 is Hungry
Rabbit A0 m is ready to mate
Rabbit A0 m is approaching partner: Rabbit C1f
Rabbit A0 is Thirsty
Rabbit A0 drank water
Rabbit A0m is running away from: LionC5
Rabbit A0m is running away from: WolfC1
Rabbit A0 is Hungry
Rabbit A0 m is ready to mate
Rabbit A0 m is approaching partner: Rabbit C1f
Rabbit C4 is Thirsty
Rabbit C4 drank water
Rabbit C4f is running away from: LionC5
Rabbit C4f is running away from: WolfC1
Rabbit C4 is Hungry
Rabbit C5m is running away from: LionC5
Rabbit C5m is running away from: WolfC1
Rabbit C5 is Hungry
Lion C5 is Thirsty
Lion C5 drank water
Lion C5 f is ready to mate
Lion A0 is Thirsty
Lion A0 drank water
Lion A0 is Hungry
LionA0mis chasing: C1m
LionA0m ate: C1m
Lion A0 m is ready to mate
Lion C3 is Thirsty
Lion C3 drank water
Lion C3 is Hungry
LionC3mis chasing: A1f
Lion C3 m is ready to mate
Lion C1 is Thirsty
Lion C1 drank water
Lion C1 is Hungry
LionC1mis chasing: C0f
Lion C1 m is ready to mate
Wolf C1m is running away from: LionC1
Wolf C1 m is ready to mate
Wolf B0m is running away from: LionC1
Wolf B0 m is ready to mate
Wolf A0m is running away from: LionC1
Wolf A0 is Hungry
Wolf A0m is chasing: A2f
Wolf A0 m is ready to mate
Wolf C0f is running away from: LionC1
Wolf C0 is Hungry
Wolf C0f is chasing: A0m
Wolf C0 f is ready to mate
Wolf A1f is running away from: LionC3
Wolf A1 is Hungry
Wolf A1f is chasing: A0m
Wolf A1 is Thirsty
Wolf A1drank water
Wolf A1 f is ready to mate
Wolf C4m is running away from: LionC1
Wolf C4 is Hungry
Wolf C4m is chasing: A2f
Wolf C4 is Thirsty
Wolf C4drank water
Wolf C4 m is ready to mate
Rabbit A2 is Thirsty
Rabbit A2 drank water
Rabbit A2f is running away from: LionC1
Rabbit A2f is running away from: WolfC4
Rabbit A2 is Hungry
Rabbit A2 f is ready to mate
Rabbit C1 is Thirsty
Rabbit C1 drank water
Rabbit C1f is running away from: LionC5
Rabbit C1f is running away from: WolfA1
Rabbit C1 is Hungry
Rabbit C1f ate
Rabbit C1 f is ready to mate
Rabbit A0m is running away from: LionC5
Rabbit A0m is running away from: WolfA1
Rabbit A0 is Hungry
Rabbit A0 m is ready to mate
Rabbit A0 m is approaching partner: Rabbit C1f
Rabbit A0 is Thirsty
Rabbit A0 drank water
Rabbit A0m is running away from: LionC5
Rabbit A0m is running away from: WolfA1
Rabbit A0 is Hungry
RabbitA0m died of hunger
Rabbit A0 m is ready to mate
Rabbit A0 m is approaching partner: Rabbit C1f
Rabbit C4 is Thirsty
Rabbit C4 drank water
Rabbit C4f is running away from: LionC5
Rabbit C4f is running away from: WolfA1
Rabbit C4 is Hungry
Rabbit C5m is running away from: LionC5
Rabbit C5m is running away from: WolfA1
Rabbit C5 is Hungry
Lion C5 is Thirsty
Lion C5 drank water
Lion C5 is Hungry
LionC5fis chasing: A0m
LionC5f ate: A0m
Lion C5 f is ready to mate
Lion A0 is Thirsty
Lion A0 drank water
Lion A0 m is ready to mate
Lion C3 is Thirsty
Lion C3 drank water
Lion C3 is Hungry
LionC3mis chasing: A1f
Lion C3 m is ready to mate
Lion C1 is Thirsty
Lion C1 drank water
Lion C1 is Hungry
LionC1mis chasing: C0f
Lion C1 m is ready to mate
Wolf C1m is running away from: LionC1
Wolf C1 is Hungry
Wolf C1m is chasing: A2f
Wolf C1 m is ready to mate
Wolf B0m is running away from: LionC1
Wolf B0 is Thirsty
Wolf B0drank water
Wolf B0 m is ready to mate
Wolf A0m is running away from: LionC1
Wolf A0 is Hungry
Wolf A0m is chasing: A2f
Wolf A0 m is ready to mate
Wolf C0f is running away from: LionC1
Wolf C0 is Hungry
Wolf C0f is chasing: C4f
Wolf C0 f is ready to mate
Wolf A1f is running away from: LionC1
Wolf A1 is Hungry
Wolf A1f is chasing: C4f
Wolf A1 is Thirsty
Wolf A1drank water
Wolf A1 f is ready to mate
Wolf C4m is running away from: LionC1
Wolf C4 is Hungry
Wolf C4m is chasing: A2f
Wolf C4 is Thirsty
Wolf C4drank water
Wolf C4 m is ready to mate
Rabbit A2 is Thirsty
Rabbit A2 drank water
Rabbit A2f is running away from: LionC1
Rabbit A2f is running away from: WolfC4
Rabbit A2 is Hungry
Rabbit A2 f is ready to mate
Rabbit C1 is Thirsty
Rabbit C1 drank water
Rabbit C1f is running away from: LionC5
Rabbit C1f is running away from: WolfA1
Rabbit C1 is Hungry
Rabbit C1 f is ready to mate
Rabbit C4 is Thirsty
Rabbit C4 drank water
Rabbit C4f is running away from: LionC5
Rabbit C4f is running away from: WolfA1
Rabbit C4 is Hungry
Rabbit C4 f is ready to mate
Rabbit C5m is running away from: LionC5
Rabbit C5m is running away from: WolfA1
Rabbit C5 is Hungry
Rabbit C5 m is ready to mate
Rabbit C5 m is approaching partner: Rabbit C1f
Lion C5 is Thirsty
Lion C5 drank water
Lion C5 f is ready to mate
Lion A0 is Thirsty
Lion A0 drank water
Lion A0 m is ready to mate
Lion C3 m was born!Father is A0 and Mother is C5
Lion C3 is Thirsty
Lion C3 drank water
Lion C3 is Hungry
LionC3mis chasing: A1f
Lion C3 m is ready to mate
No Female Lion Partner or Female Lion partners are not ready to mate Yet!
Lion C1 is Thirsty
Lion C1 drank water
Lion C1 is Hungry
LionC1mis chasing: C0f
Lion C1 m is ready to mate
No Female Lion Partner or Female Lion partners are not ready to mate Yet!
Wolf C1m is running away from: LionC1
Wolf C1 is Hungry
Wolf C1m is chasing: A2f
Wolf C1 m is ready to mate
Wolf B0m is running away from: LionC1
Wolf B0 m is ready to mate
Wolf A0m is running away from: LionC1
Wolf A0 is Hungry
Wolf A0m is chasing: A2f
Wolf A0 is Thirsty
Wolf A0drank water
Wolf A0 m is ready to mate
Wolf C0f is running away from: LionC1
Wolf C0 is Hungry
Wolf C0f is chasing: C4f
Wolf C0 is Thirsty
Wolf C0drank water
Wolf C0 f is ready to mate
Wolf A1f is running away from: LionC3
Wolf A1 is Hungry
Wolf A1f is chasing: C4f
Wolf A1 is Thirsty
Wolf A1drank water
Wolf A1 f is ready to mate
Wolf C4m is running away from: LionC1
Wolf C4 is Hungry
Wolf C4m is chasing: A2f
Wolf C4 is Thirsty
Wolf C4drank water
Wolf C4 m is ready to mate
Rabbit A2 is Thirsty
Rabbit A2 drank water
Rabbit A2f is running away from: LionC1
Rabbit A2f is running away from: WolfC4
Rabbit A2 is Hungry
Rabbit A2 f is ready to mate
Rabbit C1 is Thirsty
Rabbit C1 drank water
Rabbit C1f is running away from: LionC3
Rabbit C1f is running away from: WolfA1
Rabbit C1 is Hungry
Rabbit C1 f is ready to mate
Rabbit C4 is Thirsty
Rabbit C4 drank water
Rabbit C4f is running away from: LionC5
Rabbit C4f is running away from: WolfA1
Rabbit C4 is Hungry
RabbitC4f died of hunger
Rabbit C4 f is ready to mate
Rabbit C5m is running away from: LionC3
Rabbit C5m is running away from: WolfA1
Rabbit C5 is Hungry
Rabbit C5 m is ready to mate
Rabbit C5 m is approaching partner: Rabbit C1f
Lion C5 is Thirsty
Lion C5 drank water
Lion A0 m is ready to mate
No Female Lion Partner or Female Lion partners are not ready to mate Yet!
Lion C3 is Thirsty
Lion C3 drank water
Lion C3 is Hungry
LionC3mis chasing: A1f
LionC3m ate: A1f
Lion C3 m is ready to mate
No Female Lion Partner or Female Lion partners are not ready to mate Yet!
Lion C1m ate: C0f
Lion C1 m is ready to mate
No Female Lion Partner or Female Lion partners are not ready to mate Yet!
Wolf C1m is running away from: LionC1
Wolf C1 is Hungry
Wolf C1m is chasing: A2f
Wolf C1 m is ready to mate
Wolf B0m is running away from: LionC1
Wolf B0 is Hungry
Wolf B0m is chasing: A2f
Wolf B0 m is ready to mate
Wolf A0m is running away from: LionC1
Wolf A0 is Hungry
Wolf A0m is chasing: A2f
Wolf A0 is Thirsty
Wolf A0drank water
Wolf A0 m is ready to mate
Wolf C0f is running away from: LionC1
Wolf C0 is Hungry
Wolf C0f is chasing: C5m
Wolf C0 is Thirsty
Wolf C0drank water
Wolf C0 f is ready to mate
Wolf C4m is running away from: LionC1
Wolf C4 is Hungry
Wolf C4m is chasing: A2f
Wolf C4 is Thirsty
Wolf C4drank water
Wolf C4 m is ready to mate
Rabbit A2 is Thirsty
Rabbit A2 drank water
Rabbit A2f is running away from: LionC1
Rabbit A2f is running away from: WolfC4
Rabbit A2 is Hungry
RabbitA2f died of hunger
Rabbit A2 f is ready to mate
Rabbit C1 is Thirsty
Rabbit C1 drank water
Rabbit C1f is running away from: LionC3
Rabbit C1f is running away from: WolfC0
Rabbit C1 is Hungry
Rabbit C1 f is ready to mate
Rabbit C5m is running away from: LionC3
Rabbit C5m is running away from: WolfC0
Rabbit C5 is Hungry
RabbitC5m died of hunger
Rabbit C5 m is ready to mate
Rabbit C5 m is approaching partner: Rabbit C1f
Lion A0 m is ready to mate
No Female Lion Partner or Female Lion partners are not ready to mate Yet!
Lion C3 is Thirsty
Lion C3 drank water
Lion C3 m is ready to mate
No Female Lion Partner or Female Lion partners are not ready to mate Yet!
Lion C1 m is ready to mate
No Female Lion Partner or Female Lion partners are not ready to mate Yet!
Wolf C1m is running away from: LionC1
Wolf C1 is Hungry
Wolf C1m is chasing: C1f
Wolf C1 m is ready to mate
Wolf B0m is running away from: LionC1
Wolf B0 is Hungry
Wolf B0m is chasing: C1f
Wolf B0 m is ready to mate
Wolf A0m is running away from: LionC1
Wolf A0 is Hungry
Wolf A0m is chasing: C1f
Wolf A0 is Thirsty
Wolf A0drank water
Wolf A0 m is ready to mate
Wolf C0f is running away from: LionC1
Wolf C0 is Hungry
Wolf C0f is chasing: C1f
Wolf C0 f is ready to mate
Wolf C4m is running away from: LionC1
Wolf C4 is Hungry
Wolf C4m is chasing: C1f
Wolf C4 is Thirsty
Wolf C4drank water
Wolf C4 m is ready to mate
Rabbit C1 is Thirsty
Rabbit C1 drank water
Rabbit C1f is running away from: LionC3
Rabbit C1f is running away from: WolfC0
Rabbit C1 is Hungry
Rabbit C1 f is ready to mate
Lion A0 is Hungry
LionA0mis chasing: C1f
Lion A0 m is ready to mate
No Female Lion Partner or Female Lion partners are not ready to mate Yet!
Lion C3 is Thirsty
Lion C3 drank water
Lion C3 m is ready to mate
No Female Lion Partner or Female Lion partners are not ready to mate Yet!
Lion C1 m is ready to mate
No Female Lion Partner or Female Lion partners are not ready to mate Yet!
Wolf C1m is running away from: LionC1
Wolf C1 is Hungry
Wolf C1m is chasing: C1f
Wolf C1 m is ready to mate
Wolf B0m is running away from: LionC1
Wolf B0 is Hungry
Wolf B0m is chasing: C1f
Wolf B0 m is ready to mate
Wolf A0m is running away from: LionC1
Wolf A0 is Hungry
Wolf A0m is chasing: C1f
Wolf A0 is Thirsty
Wolf A0drank water
Wolf A0 m is ready to mate
Wolf C0f is running away from: LionC3
Wolf C0 is Hungry
Wolf C0f is chasing: C1f
Wolf C0 f is ready to mate
Wolf C4m is running away from: LionC1
Wolf C4 is Hungry
Wolf C4m is chasing: C1f
Wolf C4 is Thirsty
Wolf C4drank water
Wolf C4 m is ready to mate
Rabbit C1 is Thirsty
Rabbit C1 drank water
Rabbit C1f is running away from: LionC3
Rabbit C1f is running away from: WolfC0
Rabbit C1 is Hungry
RabbitC1f died of hunger
Rabbit C1 f is ready to mate
Lion C5 is Hungry
LionC5fis chasing: C0f
Lion A0 is Hungry
LionA0mis chasing: C0f
Lion A0 m is ready to mate
No Female Lion Partner or Female Lion partners are not ready to mate Yet!
Lion C3 m is ready to mate
No Female Lion Partner or Female Lion partners are not ready to mate Yet!
Lion C1 m is ready to mate
No Female Lion Partner or Female Lion partners are not ready to mate Yet!
Wolf C1m is running away from: LionC1
Wolf C1 is Hungry
Wolf B0m is running away from: LionC1
Wolf B0 is Hungry
Wolf A0m is running away from: LionC1
Wolf A0 is Hungry
Wolf C0f is running away from: LionC3
Wolf C0 is Hungry
Wolf C4m is running away from: LionC1
Wolf C4 is Hungry
Lion C5 is Hungry
LionC5fis chasing: C0f
Lion A0 is Hungry
LionA0mis chasing: C0f
Lion A0 m is ready to mate
No Female Lion Partner or Female Lion partners are not ready to mate Yet!
Lion C3 m is ready to mate
No Female Lion Partner or Female Lion partners are not ready to mate Yet!
Lion C1 m is ready to mate
No Female Lion Partner or Female Lion partners are not ready to mate Yet!
Lion C3 is Hungry
LionC3mis chasing: C0f
Wolf C1m is running away from: LionC1
Wolf C1 is Hungry
Wolf B0m is running away from: LionC1
Wolf B0 is Hungry
Wolf A0m is running away from: LionC1
Wolf A0 is Hungry
Wolf C0f is running away from: LionC3
Wolf C0 is Hungry
Wolf C4m is running away from: LionC1
Wolf C4 is Hungry
Lion C5 is Hungry
LionC5fis chasing: C0f
Lion A0 is Hungry
LionA0mis chasing: C0f
Lion A0 m is ready to mate
No Female Lion Partner or Female Lion partners are not ready to mate Yet!
Lion C3 is Hungry
LionC3mis chasing: C0f
Lion C3 m is ready to mate
No Female Lion Partner or Female Lion partners are not ready to mate Yet!
Lion C1 is Hungry
LionC1mis chasing: C0f
Lion C1 m is ready to mate
No Female Lion Partner or Female Lion partners are not ready to mate Yet!
Lion C3 is Hungry
LionC3mis chasing: C0f
Wolf C1m is running away from: LionC1
Wolf C1 is Hungry
Wolf B0m is running away from: LionC1
Wolf B0 is Hungry
Wolf A0m is running away from: LionC1
Wolf A0 is Hungry
Wolf C0f is running away from: LionC3
Wolf C0 is Hungry
Wolf C4m is running away from: LionC1
Wolf C4 is Hungry
Lion C5 is Hungry
LionC5fis chasing: C0f
Lion A0 is Hungry
LionA0mis chasing: C0f
Lion A0 m is ready to mate
No Female Lion Partner or Female Lion partners are not ready to mate Yet!
Lion C3 is Hungry
LionC3mis chasing: C0f
Lion C3 m is ready to mate
No Female Lion Partner or Female Lion partners are not ready to mate Yet!
Lion C1 is Hungry
LionC1mis chasing: C0f
Lion C1 m is ready to mate
No Female Lion Partner or Female Lion partners are not ready to mate Yet!
Lion C3 is Hungry
LionC3mis chasing: C0f
Wolf C1m is running away from: LionC1
Wolf C1 is Hungry
Wolf B0m is running away from: LionC1
Wolf B0 is Hungry
Wolf A0m is running away from: LionC1
Wolf A0 is Hungry
Wolf C0f is running away from: LionC3
Wolf C0 is Hungry
Wolf C4m is running away from: LionC1
Wolf C4 is Hungry
Lion C5 is Hungry
LionC5fis chasing: C0f
Lion A0 is Hungry
LionA0mis chasing: C0f
Lion A0 m is ready to mate
No Female Lion Partner or Female Lion partners are not ready to mate Yet!
Lion C3 is Hungry
LionC3mis chasing: C0f
Lion C3 m is ready to mate
No Female Lion Partner or Female Lion partners are not ready to mate Yet!
Lion C1 is Hungry
LionC1mis chasing: C0f
Lion C1 m is ready to mate
No Female Lion Partner or Female Lion partners are not ready to mate Yet!
Lion C3 is Hungry
LionC3mis chasing: C0f
Wolf C1m is running away from: LionC1
Wolf C1 is Hungry
Wolf B0m is running away from: LionC1
Wolf B0 is Hungry
Wolf A0m is running away from: LionC1
Wolf A0 is Hungry
Wolf C0f is running away from: LionC3
Wolf C0 is Hungry
Wolf C4m is running away from: LionC1
Wolf C4 is Hungry
Lion C5 is Hungry
LionC5fis chasing: C0f
Lion A0 is Hungry
LionA0mis chasing: C0f
Lion A0 m is ready to mate
No Female Lion Partner or Female Lion partners are not ready to mate Yet!
Lion C3 is Hungry
LionC3mis chasing: C0f
LionC3m ate: C0f
Lion C3 m is ready to mate
No Female Lion Partner or Female Lion partners are not ready to mate Yet!
Lion C1 is Hungry
Lion C3 is Hungry
Wolf C1m is running away from: LionC1
Wolf C1 is Hungry
Wolf B0m is running away from: LionC1
Wolf B0 is Hungry
Wolf A0m is running away from: LionC1
Wolf A0 is Hungry
Wolf C4m is running away from: LionC1
Wolf C4 is Hungry
Lion C5 is Hungry
Lion A0 is Hungry
Lion C3 m is ready to mate
No Female Lion Partner or Female Lion partners are not ready to mate Yet!
Lion C1 is Hungry
Lion C3 is Hungry
Wolf C1m is running away from: LionC1
Wolf C1 is Hungry
Wolf B0m is running away from: LionC1
Wolf B0 is Hungry
Wolf A0m is running away from: LionC1
Wolf A0 is Hungry
Wolf C4m is running away from: LionC1
Wolf C4 is Hungry
Lion C5 is Hungry
Lion A0 is Hungry
Lion C3 m is ready to mate
No Female Lion Partner or Female Lion partners are not ready to mate Yet!
Lion C1 is Hungry
Lion C3 is Hungry
Wolf C1m is running away from: LionC1
Wolf C1 is Hungry
Wolf B0m is running away from: LionC1
Wolf B0 is Hungry
Wolf A0m is running away from: LionC1
Wolf A0 is Hungry
WolfA0m died of hunger
Wolf C4m is running away from: LionC1
Wolf C4 is Hungry
WolfC4m died of hunger
Lion C5 is Hungry
Lion A0 is Hungry
Lion C3 m is ready to mate
No Female Lion Partner or Female Lion partners are not ready to mate Yet!
Lion C1 is Hungry
Lion C3 is Hungry
Wolf C1m is running away from: LionC1
Wolf C1 is Hungry
Wolf B0m is running away from: LionC1
Wolf B0 is Hungry
Lion C5 is Hungry
Lion A0 is Hungry
Lion C3 m is ready to mate
No Female Lion Partner or Female Lion partners are not ready to mate Yet!
Lion C1 is Hungry
Lion C3 is Hungry
Wolf C1m is running away from: LionC1
Wolf C1 is Hungry
Wolf B0m is running away from: LionC1
Wolf B0 is Hungry
Lion C5 is Hungry
Lion A0 is Hungry
Lion C3 is Hungry
Lion C1 is Hungry
Lion C3 is Hungry
Wolf C1m is running away from: LionC1
Wolf C1 is Hungry
Wolf B0m is running away from: LionC1
Wolf B0 is Hungry
Lion C5 is Hungry
Lion A0 is Hungry
LionA0m died of hunger
Lion C3 is Hungry
Lion C1 is Hungry
Lion C3 is Hungry
Wolf C1m is running away from: LionC1
Wolf C1 is Hungry
Wolf B0m is running away from: LionC1
Wolf B0 is Hungry
Lion C5 is Hungry
LionC5f died of hunger
Lion C3 is Hungry
Lion C1 is Hungry
Lion C3 is Hungry
Wolf C1m is running away from: LionC1
Wolf C1 is Hungry
Wolf B0m is running away from: LionC1
Wolf B0 is Hungry
Lion C3 is Hungry
Lion C1 is Hungry
Lion C3 is Hungry
LionC3m died of hunger
Wolf C1m is running away from: LionC1
Wolf C1 is Hungry
Wolf B0m is running away from: LionC1
Wolf B0 is Hungry
Lion C3 is Hungry
Lion C1 is Hungry
LionC1m died of hunger
Wolf C1m is running away from: LionC3
Wolf C1 is Hungry
Wolf B0m is running away from: LionC3
Wolf B0 is Hungry
Lion C3 is Hungry
Wolf C1m is running away from: LionC3
Wolf C1 is Hungry
Wolf B0m is running away from: LionC3
Wolf B0 is Hungry
Lion C3 is Hungry
Wolf C1m is running away from: LionC3
Wolf C1 is Hungry
Wolf B0m is running away from: LionC3
Wolf B0 is Hungry
Lion C3 is Hungry
Wolf C1m is running away from: LionC3
Wolf C1 is Hungry
Wolf B0m is running away from: LionC3
Wolf B0 is Hungry
Lion C3 is Hungry
Wolf C1m is running away from: LionC3
Wolf C1 is Hungry
Wolf B0m is running away from: LionC3
Wolf B0 is Hungry
Lion C3 is Thirsty
Lion C3 drank water
Lion C3 is Hungry
Wolf C1m is running away from: LionC3
Wolf C1 is Hungry
WolfC1m died of hunger
Wolf B0m is running away from: LionC3
Wolf B0 is Hungry
Lion C3 is Thirsty
Lion C3 drank water
Lion C3 is Hungry
Wolf B0m is running away from: LionC3
Wolf B0 is Hungry
Lion C3 is Thirsty
Lion C3 drank water
Lion C3 is Hungry
Wolf B0m is running away from: LionC3
Wolf B0 is Hungry
WolfB0m died of hunger
Lion C3 is Thirsty
Lion C3 drank water
Lion C3 is Hungry
LionC3m died of hunger
