Wolf A0f is running away from: LionC4
Wolf B3m is running away from: LionC4
Wolf A5f is running away from: LionA2
Wolf A3m is running away from: LionC4
Wolf A3f is running away from: LionA2
Wolf A4f is running away from: LionC1
Wolf A4f ate!
Wolf C5f is running away from: LionC4
Wolf C1f is running away from: LionB5
Rabbit B4m is running away from: LionA2
Rabbit B4m is running away from: WolfC1
Rabbit B4 m is ready to mate
Not enough female Rabbits or Female Rabbit partners are not ready yet!
Rabbit A5f is running away from: LionC4
Rabbit A5f is running away from: WolfC5
Rabbit A5 f is ready to mate
Rabbit B0m is running away from: LionC1
Rabbit B0m is running away from: WolfA3
Rabbit B0 m is ready to mate
Rabbit B0 m is approaching partner: Rabbit A5f
Rabbit C4f is running away from: LionC4
Rabbit C4f is running away from: WolfA3
Rabbit C4 f is ready to mate
Rabbit C2m is running away from: LionC1
Rabbit C2m is running away from: WolfA3
Rabbit C2 m is ready to mate
Rabbit C2 m is approaching partner: Rabbit C4f
Rabbit C2f is running away from: LionC4
Rabbit C2f is running away from: WolfC1
Rabbit C2 f is ready to mate
Rabbit A1f is running away from: LionC4
Rabbit A1f is running away from: WolfC1
Rabbit A1 f is ready to mate
Rabbit A3m is running away from: LionA2
Rabbit A3m is running away from: WolfA5
Rabbit A3 m is ready to mate
Rabbit A3 m is approaching partner: Rabbit C4f
Rabbit C0m is running away from: LionC4
Rabbit C0m is running away from: WolfA0
Rabbit C0 m is ready to mate
Rabbit C0 m is approaching partner: Rabbit A5f
Rabbit A3f is running away from: LionC4
Rabbit A3f is running away from: WolfC5
Rabbit A3 f is ready to mate
Rabbit A3f is running away from: LionB5
Rabbit A3f is running away from: WolfC1
Rabbit A3 f is ready to mate
Rabbit A2m is running away from: LionC1
Rabbit A2m is running away from: WolfA3
Rabbit A2 m is ready to mate
Rabbit A2 m is approaching partner: Rabbit C4f
Rabbit B5m is running away from: LionC4
Rabbit B5m is running away from: WolfB3
Rabbit B5 m is ready to mate
Rabbit B5 m is approaching partner: Rabbit A5f
Rabbit A3f is running away from: LionC1
Rabbit A3f is running away from: WolfA3
Rabbit A3 f is ready to mate
Rabbit A4m is running away from: LionC4
Rabbit A4m is running away from: WolfA3
Rabbit A4 m is ready to mate
Rabbit A4 m is approaching partner: Rabbit A3f
Rabbit A3m is running away from: LionA2
Rabbit A3m is running away from: WolfA3
Rabbit A3 m is ready to mate
Rabbit A3 m is approaching partner: Rabbit A3f
Rabbit C0f is running away from: LionC4
Rabbit C0f is running away from: WolfC5
Rabbit C0 f is ready to mate
Rabbit B5m is running away from: LionC1
Rabbit B5m is running away from: WolfA3
Rabbit B5 m is ready to mate
Rabbit B5 m is approaching partner: Rabbit C4f
Rabbit C0m is running away from: LionA2
Rabbit C0m is running away from: WolfA5
Rabbit C0 m is ready to mate
Rabbit C0 m is approaching partner: Rabbit A3f
Wolf A0f is running away from: LionC4
Wolf B3m is running away from: LionC4
Wolf A5f is running away from: LionA2
Wolf A3m is running away from: LionC4
Wolf A3f is running away from: LionA2
Wolf A4f is running away from: LionC1
Wolf C5f is running away from: LionC4
Wolf C1f is running away from: LionB5
Rabbit B4m is running away from: LionA2
Rabbit B4m is running away from: WolfC1
Rabbit B4 is Hungry
Rabbit B4m ate
Rabbit B4 m is ready to mate
Rabbit B4 m is approaching partner: Rabbit A3f
Rabbit A5f is running away from: LionC4
Rabbit A5f is running away from: WolfA0
Rabbit A5 is Hungry
Rabbit A5f ate
Rabbit A5 f is ready to mate
Rabbit B0m is running away from: LionC1
Rabbit B0m is running away from: WolfA3
Rabbit B0 is Hungry
Rabbit B0m ate
Rabbit B0 m is ready to mate
Rabbit B0 m is approaching partner: Rabbit A3f
Rabbit C4f is running away from: LionC4
Rabbit C4f is running away from: WolfA3
Rabbit C4 is Hungry
Rabbit C4f ate
Rabbit C4 f is ready to mate
Rabbit C2m is running away from: LionC1
Rabbit C2m is running away from: WolfA3
Rabbit C2 is Hungry
Rabbit C2m ate
Rabbit C2 m is ready to mate
Rabbit C2 m is approaching partner: Rabbit C4f
Rabbit C2f is running away from: LionC4
Rabbit C2f is running away from: WolfC1
Rabbit C2 is Hungry
Rabbit C2f ate
Rabbit C2 f is ready to mate
Rabbit A1f is running away from: LionC4
Rabbit A1f is running away from: WolfA3
Rabbit A1 is Hungry
Rabbit A1f ate
Rabbit A1 f is ready to mate
Rabbit A3m is running away from: LionA2
Rabbit A3m is running away from: WolfA5
Rabbit A3 is Hungry
Rabbit A3m ate
Rabbit A3 m is ready to mate
Rabbit A3 m is approaching partner: Rabbit A3f
Rabbit C0m is running away from: LionC4
Rabbit C0m is running away from: WolfA0
Rabbit C0 is Hungry
Rabbit C0m ate
Rabbit C0 m is ready to mate
Rabbit C0 m is approaching partner: Rabbit A5f
Rabbit A3f is running away from: LionC4
Rabbit A3f is running away from: WolfA4
Rabbit A3 is Hungry
Rabbit A3f ate
Rabbit A3 f is ready to mate
Rabbit A3f is running away from: LionB5
Rabbit A3f is running away from: WolfC1
Rabbit A3 is Hungry
Rabbit A3f ate
Rabbit A3 f is ready to mate
Rabbit A2m is running away from: LionC1
Rabbit A2m is running away from: WolfA3
Rabbit A2 is Hungry
Rabbit A2m ate
Rabbit A2 m is ready to mate
Rabbit A2 m is approaching partner: Rabbit C4f
Rabbit B5m is running away from: LionC4
Rabbit B5m is running away from: WolfA0
Rabbit B5 is Hungry
Rabbit B5m ate
Rabbit B5 m is ready to mate
Rabbit B5 m is approaching partner: Rabbit A5f
Rabbit A3f is running away from: LionC1
Rabbit A3f is running away from: WolfA3
Rabbit A3 is Hungry
Rabbit A3f ate
Rabbit A3 f is ready to mate
Rabbit A4m is running away from: LionC4
Rabbit A4m is running away from: WolfA4
Rabbit A4 is Hungry
Rabbit A4m ate
Rabbit A4 m is ready to mate
Rabbit A4 m is approaching partner: Rabbit A3f
Rabbit A3m is running away from: LionC1
Rabbit A3m is running away from: WolfA3
Rabbit A3 is Hungry
Rabbit A3 m is ready to mate
Rabbit A3 m is approaching partner: Rabbit A3f
Rabbit C5 f was born!Father is A3 and Mother is A3
Rabbit C0f is running away from: LionC4
Rabbit C0f is running away from: WolfA4
Rabbit C0 is Hungry
Rabbit C0f ate
Rabbit C0 f is ready to mate
Rabbit B5m is running away from: LionC1
Rabbit B5m is running away from: WolfA3
Rabbit B5 is Hungry
Rabbit B5m ate
Rabbit B5 m is ready to mate
Rabbit B5 m is approaching partner: Rabbit C4f
Rabbit C0m is running away from: LionA2
Rabbit C0m is running away from: WolfC1
Rabbit C0 is Hungry
Rabbit C0m ate
Rabbit C0 m is ready to mate
Rabbit C0 m is approaching partner: Rabbit A3f
Wolf A0f is running away from: LionC4
Wolf A0 f is ready to mate
Wolf B3m is running away from: LionC4
Wolf B3 m is ready to mate
Wolf C5 m was born! Father is B3 and Mother is A0
Wolf A5f is running away from: LionA2
Wolf A5 f is ready to mate
Wolf A3m is running away from: LionC4
Wolf A3 m is ready to mate
Wolf A3f is running away from: LionA2
Wolf A3 f is ready to mate
Wolf A4f is running away from: LionC4
Wolf A4 f is ready to mate
Wolf C5f is running away from: LionC1
Wolf C5 f is ready to mate
Wolf C1f is running away from: LionB5
Wolf C1 f is ready to mate
Rabbit B4m is running away from: LionB5
Rabbit B4m is running away from: WolfC1
Rabbit B4 m is ready to mate
Rabbit B4 m is approaching partner: Rabbit A3f
Rabbit A5f is running away from: LionC4
Rabbit A5f is running away from: WolfC5
Rabbit A5 f is ready to mate
Rabbit B0m is running away from: LionC1
Rabbit B0m is running away from: WolfA3
Rabbit B0 m is ready to mate
Rabbit B0 m is approaching partner: Rabbit C4f
Rabbit C4f is running away from: LionC4
Rabbit C4f is running away from: WolfA3
Rabbit C4 f is ready to mate
Rabbit C2m is running away from: LionC4
Rabbit C2m is running away from: WolfA3
Rabbit C2 m is ready to mate
Rabbit C2 m is approaching partner: Rabbit C4f
Rabbit C2f is running away from: LionC4
Rabbit C2f is running away from: WolfC1
Rabbit C2 f is ready to mate
Rabbit A1f is running away from: LionC4
Rabbit A1f is running away from: WolfC1
Rabbit A1 f is ready to mate
Rabbit A3m is running away from: LionA2
Rabbit A3m is running away from: WolfA5
Rabbit A3 m is ready to mate
Rabbit A3 m is approaching partner: Rabbit A3f
Rabbit C0m is running away from: LionC4
Rabbit C0m is running away from: WolfC5
Rabbit C0 m is ready to mate
Rabbit C0 m is approaching partner: Rabbit A5f
Rabbit A3f is running away from: LionC4
Rabbit A3f is running away from: WolfA4
Rabbit A3 f is ready to mate
Rabbit A3f is running away from: LionB5
Rabbit A3f is running away from: WolfC1
Rabbit A3 f is ready to mate
Rabbit A2m is running away from: LionC1
Rabbit A2m is running away from: WolfA3
Rabbit A2 m is ready to mate
Rabbit A2 m is approaching partner: Rabbit A3f
Rabbit B5m is running away from: LionC4
Rabbit B5m is running away from: WolfB3
Rabbit B5 m is ready to mate
Rabbit B5 m is approaching partner: Rabbit A5f
Rabbit A3f is running away from: LionC1
Rabbit A3f is running away from: WolfA3
Rabbit A4m is running away from: LionC4
Rabbit A4m is running away from: WolfA4
Rabbit A4 m is ready to mate
Rabbit A4 m is approaching partner: Rabbit A3f
Rabbit A3m is running away from: LionC1
Rabbit A3m is running away from: WolfA3
Rabbit A3 is Hungry
Rabbit A3m ate
Rabbit A3 m is ready to mate
Rabbit A3 m is approaching partner: Rabbit A3f
Rabbit C0f is running away from: LionC4
Rabbit C0f is running away from: WolfA4
Rabbit C0 f is ready to mate
Rabbit B5m is running away from: LionC4
Rabbit B5m is running away from: WolfA3
Rabbit B5 m is ready to mate
Rabbit B5 m is approaching partner: Rabbit C4f
Rabbit C0m is running away from: LionA2
Rabbit C0m is running away from: WolfC1
Rabbit C0 m is ready to mate
Rabbit C0 m is approaching partner: Rabbit A3f
Rabbit C5f is running away from: LionC1
Rabbit C5f is running away from: WolfA3
Wolf A0f is running away from: LionC4
Wolf B3m is running away from: LionC4
Wolf B3 m is ready to mate
Wolf A5f is running away from: LionA2
Wolf A5 f is ready to mate
Wolf A3m is running away from: LionC4
Wolf A3 m is ready to mate
Wolf A3f is running away from: LionA2
Wolf A3 f is ready to mate
Wolf A4f is running away from: LionC1
Wolf A4 f is ready to mate
Wolf C5f is running away from: LionC1
Wolf C5 f is ready to mate
Wolf C1f is running away from: LionB5
Wolf C1 f is ready to mate
Wolf C5m is running away from: LionC4
Rabbit B4m is running away from: LionB5
Rabbit B4m is running away from: WolfC1
Rabbit B4 is Hungry
Rabbit B4 m is ready to mate
Rabbit B4 m is approaching partner: Rabbit A3f
Rabbit A5f is running away from: LionC4
Rabbit A5f is running away from: WolfA4
Rabbit A5 is Hungry
Rabbit A5f ate
Rabbit A5 f is ready to mate
Rabbit B0m is running away from: LionC1
Rabbit B0m is running away from: WolfA3
Rabbit B0 is Hungry
Rabbit B0 m is ready to mate
Rabbit B0 m is approaching partner: Rabbit A3f
Rabbit C4f is running away from: LionC4
Rabbit C4f is running away from: WolfA3
Rabbit C4 is Hungry
Rabbit C4f ate
Rabbit C4 f is ready to mate
Rabbit C2m is running away from: LionC4
Rabbit C2m is running away from: WolfA3
Rabbit C2 is Hungry
Rabbit C2m ate
Rabbit C2 m is ready to mate
Rabbit C2 m is approaching partner: Rabbit A1f
Rabbit C5 m was born!Father is C2 and Mother is A1
Rabbit C2f is running away from: LionC4
Rabbit C2f is running away from: WolfC1
Rabbit C2 is Hungry
Rabbit C2f ate
Rabbit C2 f is ready to mate
Rabbit A1f is running away from: LionC4
Rabbit A1f is running away from: WolfC1
Rabbit A1 is Hungry
Rabbit A1f ate
Rabbit A3m is running away from: LionA2
Rabbit A3m is running away from: WolfC1
Rabbit A3 is Hungry
Rabbit A3m ate
Rabbit A3 m is ready to mate
Rabbit A3 m is approaching partner: Rabbit A3f
Rabbit C0m is running away from: LionC4
Rabbit C0m is running away from: WolfC5
Rabbit C0 is Hungry
Rabbit C0m ate
Rabbit C0 m is ready to mate
Rabbit C0 m is approaching partner: Rabbit A5f
Rabbit A3f is running away from: LionC4
Rabbit A3f is running away from: WolfA4
Rabbit A3 is Hungry
Rabbit A3 f is ready to mate
Rabbit A3f is running away from: LionB5
Rabbit A3f is running away from: WolfC1
Rabbit A3 is Hungry
Rabbit A3f ate
Rabbit A3 f is ready to mate
Rabbit A2m is running away from: LionC4
Rabbit A2m is running away from: WolfA3
Rabbit A2 is Hungry
Rabbit A2m ate
Rabbit A2 m is ready to mate
Rabbit A2 m is approaching partner: Rabbit A3f
Rabbit B5m is running away from: LionC4
Rabbit B5m is running away from: WolfB3
Rabbit B5 is Hungry
Rabbit B5m ate
Rabbit B5 m is ready to mate
Rabbit B5 m is approaching partner: Rabbit A3f
Rabbit A3f is running away from: LionC1
Rabbit A3f is running away from: WolfA3
Rabbit A3 is Hungry
Rabbit A4m is running away from: LionC4
Rabbit A4m is running away from: WolfA4
Rabbit A4 is Hungry
Rabbit A4 m is ready to mate
Rabbit A4 m is approaching partner: Rabbit A3f
Rabbit A3m is running away from: LionC1
Rabbit A3m is running away from: WolfA3
Rabbit A3 m is ready to mate
Rabbit A3 m is approaching partner: Rabbit A3f
Rabbit C0f is running away from: LionC4
Rabbit C0f is running away from: WolfA4
Rabbit C0 is Hungry
Rabbit C0f ate
Rabbit C0 f is ready to mate
Rabbit B5m is running away from: LionC4
Rabbit B5m is running away from: WolfA3
Rabbit B5 is Hungry
Rabbit B5 m is ready to mate
Rabbit B5 m is approaching partner: Rabbit C4f
Rabbit C5 m was born!Father is B5 and Mother is C4
Rabbit C0m is running away from: LionB5
Rabbit C0m is running away from: WolfC1
Rabbit C0 is Hungry
Rabbit C0 m is ready to mate
Rabbit C0 m is approaching partner: Rabbit A3f
Rabbit C5f is running away from: LionC1
Rabbit C5f is running away from: WolfA3
Rabbit C5 is Hungry
Wolf A0f is running away from: LionC4
Wolf B3m is running away from: LionC4
Wolf B3 m is ready to mate
Wolf A5f is running away from: LionA2
Wolf A5 f is ready to mate
Wolf A3m is running away from: LionC4
Wolf A3 m is ready to mate
Wolf A3f is running away from: LionA2
Wolf A3 f is ready to mate
Wolf A4f is running away from: LionC4
Wolf A4f ate!
Wolf A4 f is ready to mate
Wolf C5f is running away from: LionC1
Wolf C5 f is ready to mate
Wolf C1f is running away from: LionB5
Wolf C1 f is ready to mate
Wolf C5m is running away from: LionC4
Rabbit B4m is running away from: LionA2
Rabbit B4m is running away from: WolfC1
Rabbit B4 is Hungry
Rabbit B4m ate
Rabbit B4 m is ready to mate
Rabbit B4 m is approaching partner: Rabbit A3f
Rabbit A5f is running away from: LionC4
Rabbit A5f is running away from: WolfC5
Rabbit A5 f is ready to mate
Rabbit B0m is running away from: LionC1
Rabbit B0m is running away from: WolfA3
Rabbit B0 is Hungry
Rabbit B0 m is ready to mate
Rabbit B0 m is approaching partner: Rabbit A3f
Rabbit C4f is running away from: LionC4
Rabbit C4f is running away from: WolfC1
Rabbit C2m is running away from: LionC4
Rabbit C2m is running away from: WolfA3
Rabbit C2 m is ready to mate
Rabbit C2 m is approaching partner: Rabbit C2f
Rabbit C4 m was born!Father is C2 and Mother is C2
Rabbit C2f is running away from: LionC4
Rabbit C2f is running away from: WolfC1
Rabbit A1f is running away from: LionC4
Rabbit A1f is running away from: WolfA3
Rabbit A3m is running away from: LionA2
Rabbit A3m is running away from: WolfC1
Rabbit A3 m is ready to mate
Rabbit A3 m is approaching partner: Rabbit A3f
Rabbit C0m is running away from: LionC4
Rabbit C0m is running away from: WolfB3
Rabbit C0 m is ready to mate
Rabbit C0 m is approaching partner: Rabbit A5f
Rabbit A3f is running away from: LionC4
Rabbit A3f is running away from: WolfC5
Rabbit A3 is Hungry
Rabbit A3 f is ready to mate
Rabbit A3f is running away from: LionC1
Rabbit A3f is running away from: WolfA3
Rabbit A3 f is ready to mate
Rabbit A2m is running away from: LionC1
Rabbit A2m is running away from: WolfA3
Rabbit A2 m is ready to mate
Rabbit A2 m is approaching partner: Rabbit A3f
Rabbit B5m is running away from: LionC4
Rabbit B5m is running away from: WolfA0
Rabbit B5 m is ready to mate
Rabbit B5 m is approaching partner: Rabbit A5f
Rabbit A3f is running away from: LionC1
Rabbit A3f is running away from: WolfA3
Rabbit A3 is Hungry
Rabbit A4m is running away from: LionC4
Rabbit A4m is running away from: WolfC5
Rabbit A4 is Hungry
Rabbit A4 m is ready to mate
Rabbit A4 m is approaching partner: Rabbit A3f
Rabbit A3m is running away from: LionC1
Rabbit A3m is running away from: WolfA3
Rabbit A3 is Hungry
Rabbit A3 m is ready to mate
Rabbit A3 m is approaching partner: Rabbit A3f
Rabbit B5m is running away from: LionC4
Rabbit B5m is running away from: WolfC1
Rabbit B5 is Hungry
Rabbit B5m ate
Rabbit B5 m is ready to mate
Rabbit B5 m is approaching partner: Rabbit A3f
Rabbit C0m is running away from: LionA2
Rabbit C0m is running away from: WolfC1
Rabbit C0 is Hungry
Rabbit C0 m is ready to mate
Rabbit C0 m is approaching partner: Rabbit A3f
Rabbit C5f is running away from: LionC1
Rabbit C5f is running away from: WolfA3
Rabbit C5 is Hungry
Rabbit C5 f is ready to mate
Rabbit C5m is running away from: LionC4
Rabbit C5m is running away from: WolfA3
Rabbit C5m is running away from: LionC4
Rabbit C5m is running away from: WolfC1
Wolf A0f is running away from: LionC4
Wolf B3m is running away from: LionC4
Wolf B3 m is ready to mate
Wolf A5f is running away from: LionA2
Wolf A5 f is ready to mate
Wolf A3m is running away from: LionC4
Wolf A3 m is ready to mate
Wolf A3f is running away from: LionA2
Wolf A3 f is ready to mate
Wolf A4f is running away from: LionC1
Wolf A4 f is ready to mate
Wolf C5f is running away from: LionC4
Wolf C5 f is ready to mate
Wolf C1f is running away from: LionB5
Wolf C1f ate!
Wolf C1 f is ready to mate
Wolf C5m is running away from: LionC4
Rabbit A5f is running away from: LionC4
Rabbit A5f is running away from: WolfA0
Rabbit A5 is Hungry
Rabbit A5f ate
Rabbit A5 f is ready to mate
Rabbit B0m is running away from: LionA2
Rabbit B0m is running away from: WolfA3
Rabbit B0 is Hungry
RabbitB0m died of hunger
Rabbit B0 m is ready to mate
Rabbit B0 m is approaching partner: Rabbit C5f
Rabbit C4f is running away from: LionC4
Rabbit C4f is running away from: WolfA3
Rabbit C4 is Hungry
Rabbit C2m is running away from: LionC4
Rabbit C2m is running away from: WolfA3
Rabbit C2 is Hungry
Rabbit C2 m is ready to mate
Rabbit C2 m is approaching partner: Rabbit A3f
Rabbit C2f is running away from: LionC4
Rabbit C2f is running away from: WolfC1
Rabbit C2 is Hungry
Rabbit A1f is running away from: LionC4
Rabbit A1f is running away from: WolfA3
Rabbit A1 is Hungry
Rabbit A3m is running away from: LionA2
Rabbit A3m is running away from: WolfC1
Rabbit A3 is Hungry
Rabbit A3m ate
Rabbit A3 m is ready to mate
Rabbit A3 m is approaching partner: Rabbit A3f
Rabbit C0m is running away from: LionC4
Rabbit C0m is running away from: WolfA0
Rabbit C0 is Hungry
Rabbit C0m ate
Rabbit C0 m is ready to mate
Rabbit C0 m is approaching partner: Rabbit A5f
Rabbit A3f is running away from: LionC4
Rabbit A3f is running away from: WolfA4
Rabbit A3 is Hungry
RabbitA3f died of hunger
Rabbit A3 f is ready to mate
Rabbit A3f is running away from: LionC4
Rabbit A3f is running away from: WolfC1
Rabbit A3 is Hungry
Rabbit A3f ate
Rabbit A3 f is ready to mate
Rabbit A2m is running away from: LionC4
Rabbit A2m is running away from: WolfC1
Rabbit A2 is Hungry
Rabbit A2 m is ready to mate
Rabbit A2 m is approaching partner: Rabbit A3f
Rabbit B5m is running away from: LionC4
Rabbit B5m is running away from: WolfA0
Rabbit B5 is Hungry
Rabbit B5m ate
Rabbit B5 m is ready to mate
Rabbit B5 m is approaching partner: Rabbit A5f
Rabbit A3f is running away from: LionC1
Rabbit A3f is running away from: WolfA3
Rabbit A3 is Hungry
RabbitA3f died of hunger
Rabbit A3f ate
Rabbit A3 f is ready to mate
Rabbit A4m is running away from: LionC4
Rabbit A4m is running away from: WolfA4
Rabbit A4 is Hungry
RabbitA4m died of hunger
Rabbit A4 m is ready to mate
Rabbit A4 m is approaching partner: Rabbit A5f
Rabbit A3m is running away from: LionA2
Rabbit A3m is running away from: WolfA3
Rabbit A3 is Hungry
Rabbit A3 m is ready to mate
Rabbit A3 m is approaching partner: Rabbit C5f
Rabbit B5m is running away from: LionC4
Rabbit B5m is running away from: WolfA3
Rabbit B5 m is ready to mate
Rabbit B5 m is approaching partner: Rabbit A3f
Rabbit C0m is running away from: LionB5
Rabbit C0m is running away from: WolfC1
Rabbit C0 is Hungry
RabbitC0m died of hunger
Rabbit C0 m is ready to mate
Rabbit C0 m is approaching partner: Rabbit A3f
Rabbit C5f is running away from: LionC1
Rabbit C5f is running away from: WolfA3
Rabbit C5 is Hungry
RabbitC5f died of hunger
Rabbit C5 f is ready to mate
Rabbit C5m is running away from: LionC4
Rabbit C5m is running away from: WolfA3
Rabbit C5 is Hungry
Rabbit C5m is running away from: LionC4
Rabbit C5m is running away from: WolfA3
Rabbit C5 is Hungry
Rabbit C4m is running away from: LionC4
Rabbit C4m is running away from: WolfC1
Wolf A0f is running away from: LionC4
Wolf B3m is running away from: LionC4
Wolf B3 m is ready to mate
Wolf A5f is running away from: LionA2
Wolf A5 f is ready to mate
Wolf A3m is running away from: LionC4
Wolf A3 m is ready to mate
Wolf A3f is running away from: LionA2
Wolf A3 f is ready to mate
Wolf A4f is running away from: LionC4
Wolf A4 f is ready to mate
Wolf C5f is running away from: LionC4
Wolf C5 f is ready to mate
Wolf C1f is running away from: LionB5
Wolf C1 f is ready to mate
Wolf C5m is running away from: LionC4
Rabbit A5f is running away from: LionC4
Rabbit A5f is running away from: WolfB3
Rabbit A5 f is ready to mate
Rabbit C4f is running away from: LionC4
Rabbit C4f is running away from: WolfA3
Rabbit C4 is Hungry
Rabbit C2m is running away from: LionC4
Rabbit C2m is running away from: WolfA3
Rabbit C2 is Hungry
Rabbit C2 m is ready to mate
Rabbit C2 m is approaching partner: Rabbit A3f
Rabbit C2f is running away from: LionB5
Rabbit C2f is running away from: WolfA3
Rabbit C2 is Hungry
Rabbit A1f is running away from: LionC4
Rabbit A1f is running away from: WolfA3
Rabbit A1 is Hungry
Rabbit A1f ate
Rabbit A1 f is ready to mate
Rabbit A3m is running away from: LionA2
Rabbit A3m is running away from: WolfC1
Rabbit A3 m is ready to mate
Rabbit A3 m is approaching partner: Rabbit A3f
Rabbit C0m is running away from: LionC4
Rabbit C0m is running away from: WolfB3
Rabbit C0 m is ready to mate
Rabbit C0 m is approaching partner: Rabbit A5f
Rabbit A3f is running away from: LionB5
Rabbit A3f is running away from: WolfA3
Rabbit A3 f is ready to mate
Rabbit A2m is running away from: LionB5
Rabbit A2m is running away from: WolfA3
Rabbit A2 is Hungry
Rabbit A2m ate
Rabbit A2 m is ready to mate
Rabbit A2 m is approaching partner: Rabbit A3f
Rabbit B5m is running away from: LionC4
Rabbit B5m is running away from: WolfB3
Rabbit B5 m is ready to mate
Rabbit B5 m is approaching partner: Rabbit A5f
Rabbit A3m is running away from: LionC1
Rabbit A3m is running away from: WolfA3
Rabbit A3 is Hungry
RabbitA3m died of hunger
Rabbit A3 m is ready to mate
Rabbit A3 m is approaching partner: Rabbit A3f
Rabbit B5m is running away from: LionC4
Rabbit B5m is running away from: WolfA3
Rabbit B5 is Hungry
Rabbit B5 m is ready to mate
Rabbit B5 m is approaching partner: Rabbit A3f
Rabbit C5m is running away from: LionC4
Rabbit C5m is running away from: WolfA3
Rabbit C5 is Hungry
Rabbit C5 m is ready to mate
Rabbit C5 m is approaching partner: Rabbit A1f
Rabbit C5m is running away from: LionC4
Rabbit C5m is running away from: WolfA3
Rabbit C5 is Hungry
Rabbit C5 m is ready to mate
Rabbit C5 m is approaching partner: Rabbit A1f
Rabbit C4m is running away from: LionC4
Rabbit C4m is running away from: WolfA3
Rabbit C4 is Hungry
Wolf A0f is running away from: LionC4
Wolf B3m is running away from: LionC4
Wolf B3 m is ready to mate
Wolf A5f is running away from: LionA2
Wolf A5 f is ready to mate
Wolf A3m is running away from: LionC4
Wolf A3 m is ready to mate
Wolf A3f is running away from: LionA2
Wolf A3 f is ready to mate
Wolf A4f is running away from: LionC4
Wolf A4 f is ready to mate
Wolf C5f is running away from: LionC1
Wolf C5 f is ready to mate
Wolf C1f is running away from: LionB5
Wolf C1 f is ready to mate
Wolf C5m is running away from: LionC4
Rabbit A5f is running away from: LionC4
Rabbit A5f is running away from: WolfB3
Rabbit A5 is Hungry
Rabbit A5f ate
Rabbit A5 f is ready to mate
Rabbit C4f is running away from: LionC4
Rabbit C4f is running away from: WolfA3
Rabbit C4 is Hungry
RabbitC4f died of hunger
Rabbit C4 f is ready to mate
Rabbit C2m is running away from: LionC4
Rabbit C2m is running away from: WolfA3
Rabbit C2 is Hungry
RabbitC2m died of hunger
Rabbit C2 m is ready to mate
Rabbit C2 m is approaching partner: Rabbit A3f
Rabbit C2f is running away from: LionC4
Rabbit C2f is running away from: WolfA3
Rabbit C2 is Hungry
RabbitC2f died of hunger
Rabbit C2 f is ready to mate
Rabbit A1f is running away from: LionC4
Rabbit A1f is running away from: WolfA3
Rabbit A1 f is ready to mate
Rabbit A3m is running away from: LionB5
Rabbit A3m is running away from: WolfC1
Rabbit A3 is Hungry
Rabbit A3 m is ready to mate
Rabbit A3 m is approaching partner: Rabbit A3f
Rabbit C0m is running away from: LionC4
Rabbit C0m is running away from: WolfB3
Rabbit C0 is Hungry
Rabbit C0m ate
Rabbit C0 m is ready to mate
Rabbit C0 m is approaching partner: Rabbit A5f
Rabbit B0 f was born!Father is C0 and Mother is A5
Rabbit A3f is running away from: LionC4
Rabbit A3f is running away from: WolfA3
Rabbit A3 is Hungry
Rabbit A3f ate
Rabbit A3 f is ready to mate
Rabbit A2m is running away from: LionC4
Rabbit A2m is running away from: WolfA3
Rabbit A2 m is ready to mate
Rabbit A2 m is approaching partner: Rabbit A3f
Rabbit B5m is running away from: LionC4
Rabbit B5m is running away from: WolfC5
Rabbit B5 is Hungry
Rabbit B5m ate
Rabbit B5 m is ready to mate
Rabbit B5 m is approaching partner: Rabbit A1f
Rabbit B5m is running away from: LionC4
Rabbit B5m is running away from: WolfA3
Rabbit B5 is Hungry
Rabbit B5 m is ready to mate
Rabbit B5 m is approaching partner: Rabbit A3f
Rabbit A3 f was born!Father is B5 and Mother is A3
Rabbit C5m is running away from: LionC4
Rabbit C5m is running away from: WolfA3
Rabbit C5 is Hungry
RabbitC5m died of hunger
Rabbit C5 m is ready to mate
Rabbit C5 m is approaching partner: Rabbit A1f
Rabbit C5m is running away from: LionC4
Rabbit C5m is running away from: WolfA3
Rabbit C5 is Hungry
RabbitC5m died of hunger
Rabbit C5 m is ready to mate
Rabbit C5 m is approaching partner: Rabbit A1f
Rabbit C2 f was born!Father is C5 and Mother is A1
Rabbit C4m is running away from: LionB5
Rabbit C4m is running away from: WolfA3
Rabbit C4 is Hungry
Rabbit C4 m is ready to mate
Not enough female Rabbits or Female Rabbit partners are not ready yet!
Wolf A0f is running away from: LionC4
Wolf B3m is running away from: LionC4
Wolf B3 m is ready to mate
Wolf A5f is running away from: LionA2
Wolf A5 f is ready to mate
Wolf A3m is running away from: LionC4
Wolf A3 m is ready to mate
Wolf A3f is running away from: LionA2
Wolf A3 f is ready to mate
Wolf A4f is running away from: LionC4
Wolf A4 f is ready to mate
Wolf C5f is running away from: LionC4
Wolf C5 f is ready to mate
Wolf C1f is running away from: LionB5
Wolf C1 f is ready to mate
Wolf C5m is running away from: LionC4
Rabbit A5f is running away from: LionC4
Rabbit A5f is running away from: WolfC5
Rabbit A1f is running away from: LionC4
Rabbit A1f is running away from: WolfA3
Rabbit A1 is Hungry
Rabbit A3m is running away from: LionA2
Rabbit A3m is running away from: WolfC1
Rabbit A3 is Hungry
Rabbit A3 m is ready to mate
Not enough female Rabbits or Female Rabbit partners are not ready yet!
Rabbit C0m is running away from: LionC4
Rabbit C0m is running away from: WolfB3
Rabbit C0 m is ready to mate
Not enough female Rabbits or Female Rabbit partners are not ready yet!
Rabbit A3f is running away from: LionC4
Rabbit A3f is running away from: WolfA3
Rabbit A2m is running away from: LionC4
Rabbit A2m is running away from: WolfA3
Rabbit A2 is Hungry
Rabbit A2 m is ready to mate
Not enough female Rabbits or Female Rabbit partners are not ready yet!
Rabbit B5m is running away from: LionC4
Rabbit B5m is running away from: WolfB3
Rabbit B5 m is ready to mate
Not enough female Rabbits or Female Rabbit partners are not ready yet!
Rabbit B5m is running away from: LionC4
Rabbit B5m is running away from: WolfA3
Rabbit B5 is Hungry
RabbitB5m died of hunger
Rabbit B5 m is ready to mate
Not enough female Rabbits or Female Rabbit partners are not ready yet!
Rabbit C4m is running away from: LionC4
Rabbit C4m is running away from: WolfA3
Rabbit C4 is Hungry
RabbitC4m died of hunger
Rabbit C4 m is ready to mate
Not enough female Rabbits or Female Rabbit partners are not ready yet!
Rabbit B0f is running away from: LionC4
Rabbit B0f is running away from: WolfB3
Rabbit A3f is running away from: LionC4
Rabbit A3f is running away from: WolfA3
Rabbit C2f is running away from: LionC4
Rabbit C2f is running away from: WolfA3
Lion C1 is Hungry
LionC1mis chasing: A3f
Lion C4 is Hungry
LionC4mis chasing: B5m
Lion A2 is Hungry
LionA2fis chasing: A5f
Lion B5 is Hungry
LionB5fis chasing: C1f
Lion C4 is Hungry
LionC4mis chasing: A1f
Wolf A0f is running away from: LionC4
Wolf B3m is running away from: LionC4
Wolf B3 m is ready to mate
Wolf A5f is running away from: LionA2
Wolf A5 f is ready to mate
Wolf A3m is running away from: LionC4
Wolf A3 m is ready to mate
Wolf A3f is running away from: LionC1
Wolf A3 f is ready to mate
Wolf A4f is running away from: LionC4
Wolf A4 f is ready to mate
Wolf C5f is running away from: LionC4
Wolf C5 f is ready to mate
Wolf C1f is running away from: LionB5
Wolf C1f ate!
Wolf C1 f is ready to mate
Wolf C5m is running away from: LionC4
Rabbit A5 is Thirsty
Rabbit A5 drank water
Rabbit A5f is running away from: LionC4
Rabbit A5f is running away from: WolfB3
Rabbit A5 is Hungry
Rabbit A1 is Thirsty
Rabbit A1 drank water
Rabbit A1f is running away from: LionC4
Rabbit A1f is running away from: WolfA3
Rabbit A1 is Hungry
Rabbit A1f ate
Rabbit C0 is Thirsty
Rabbit C0 drank water
Rabbit C0m is running away from: LionC4
Rabbit C0m is running away from: WolfA4
Rabbit C0 is Hungry
Rabbit C0m ate
Rabbit C0 m is ready to mate
Not enough female Rabbits or Female Rabbit partners are not ready yet!
Rabbit A3 is Thirsty
Rabbit A3 drank water
Rabbit A3f is running away from: LionC4
Rabbit A3f is running away from: WolfA3
Rabbit A3 is Hungry
Rabbit A2 is Thirsty
Rabbit A2 drank water
Rabbit A2m is running away from: LionC4
Rabbit A2m is running away from: WolfA3
Rabbit A2 is Hungry
Rabbit A2 m is ready to mate
Not enough female Rabbits or Female Rabbit partners are not ready yet!
Rabbit B5 is Thirsty
Rabbit B5 drank water
Rabbit B5m is running away from: LionC4
Rabbit B5m is running away from: WolfB3
Rabbit B5 is Hungry
Rabbit B5 m is ready to mate
Not enough female Rabbits or Female Rabbit partners are not ready yet!
Rabbit B0f is running away from: LionC4
Rabbit B0f is running away from: WolfA4
Rabbit B0 is Hungry
Rabbit A3f is running away from: LionC4
Rabbit A3f is running away from: WolfA3
Rabbit A3 is Hungry
Rabbit C2f is running away from: LionC4
Rabbit C2f is running away from: WolfA3
Rabbit C2 is Hungry
Lion C1 is Thirsty
Lion C1 drank water
Lion C1 is Hungry
LionC1mis chasing: A3f
Lion C4 is Thirsty
Lion C4 drank water
Lion C4 is Hungry
LionC4mis chasing: B5m
Lion A2 is Thirsty
Lion A2 drank water
Lion A2 is Hungry
LionA2fis chasing: A5f
Lion B5 is Thirsty
Lion B5 drank water
Lion B5 is Hungry
LionB5fis chasing: C1f
Lion C4 is Thirsty
Lion C4 drank water
Lion C4 is Hungry
LionC4mis chasing: A3f
Wolf A0f is running away from: LionC4
Wolf B3m is running away from: LionC4
Wolf B3 m is ready to mate
Wolf A5f is running away from: LionA2
Wolf A5 f is ready to mate
Wolf A3m is running away from: LionC4
Wolf A3 m is ready to mate
Wolf A3f is running away from: LionC1
Wolf A3 f is ready to mate
Wolf A4f is running away from: LionC4
Wolf A4 f is ready to mate
Wolf C5f is running away from: LionC4
Wolf C5 f is ready to mate
Wolf C1f is running away from: LionB5
Wolf C1 f is ready to mate
Wolf C5m is running away from: LionC4
Rabbit A5 is Thirsty
Rabbit A5 drank water
Rabbit A5f is running away from: LionC4
Rabbit A5f is running away from: WolfB3
Rabbit A5 is Hungry
Rabbit A1 is Thirsty
Rabbit A1 drank water
Rabbit A1f is running away from: LionC4
Rabbit A1f is running away from: WolfA3
Rabbit C0 is Thirsty
Rabbit C0 drank water
Rabbit C0m is running away from: LionC4
Rabbit C0m is running away from: WolfB3
Rabbit C0 m is ready to mate
Not enough female Rabbits or Female Rabbit partners are not ready yet!
Rabbit A3 is Thirsty
Rabbit A3 drank water
Rabbit A3f is running away from: LionC4
Rabbit A3f is running away from: WolfA3
Rabbit A3 is Hungry
Rabbit A2 is Thirsty
Rabbit A2 drank water
Rabbit A2m is running away from: LionC4
Rabbit A2m is running away from: WolfA3
Rabbit A2 is Hungry
RabbitA2m died of hunger
Rabbit A2 m is ready to mate
Not enough female Rabbits or Female Rabbit partners are not ready yet!
Rabbit B5 is Thirsty
Rabbit B5 drank water
Rabbit B5m is running away from: LionC4
Rabbit B5m is running away from: WolfC5
Rabbit B5 is Hungry
Rabbit B5 m is ready to mate
Not enough female Rabbits or Female Rabbit partners are not ready yet!
Rabbit B0f is running away from: LionC4
Rabbit B0f is running away from: WolfB3
Rabbit B0 is Hungry
Rabbit A3f is running away from: LionC4
Rabbit A3f is running away from: WolfA3
Rabbit A3 is Hungry
Rabbit C2f is running away from: LionC4
Rabbit C2f is running away from: WolfA3
Rabbit C2 is Hungry
Lion C1 is Thirsty
Lion C1 drank water
Lion C1 is Hungry
LionC1mis chasing: A3f
Lion C4 is Thirsty
Lion C4 drank water
Lion C4 is Hungry
LionC4mis chasing: B5m
Lion A2 is Thirsty
Lion A2 drank water
Lion A2 is Hungry
LionA2fis chasing: A5f
Lion B5 is Thirsty
Lion B5 drank water
Lion B5 is Hungry
LionB5fis chasing: C1f
Lion C4 is Thirsty
Lion C4 drank water
Lion C4 is Hungry
LionC4mis chasing: A1f
Wolf A0f is running away from: LionC4
Wolf B3m is running away from: LionC4
Wolf B3 m is ready to mate
Wolf A5f is running away from: LionA2
Wolf A5 f is ready to mate
Wolf A3m is running away from: LionC4
Wolf A3 m is ready to mate
Wolf A3f is running away from: LionC1
Wolf A3 f is ready to mate
Wolf A4f is running away from: LionC4
Wolf A4 f is ready to mate
Wolf C5f is running away from: LionC4
Wolf C5 f is ready to mate
Wolf C1f is running away from: LionA2
Wolf C1 f is ready to mate
Wolf C5m is running away from: LionC4
Rabbit A5 is Thirsty
Rabbit A5 drank water
Rabbit A5f is running away from: LionC4
Rabbit A5f is running away from: WolfB3
Rabbit A5 is Hungry
RabbitA5f died of hunger
Rabbit A5f ate
Rabbit A5 f is ready to mate
Rabbit A1 is Thirsty
Rabbit A1 drank water
Rabbit A1f is running away from: LionC4
Rabbit A1f is running away from: WolfA3
Rabbit A1 is Hungry
Rabbit A1f ate
Rabbit C0 is Thirsty
Rabbit C0 drank water
Rabbit C0m is running away from: LionC4
Rabbit C0m is running away from: WolfB3
Rabbit C0 is Hungry
Rabbit C0m ate
Rabbit C0 m is ready to mate
Not enough female Rabbits or Female Rabbit partners are not ready yet!
Rabbit A3 is Thirsty
Rabbit A3 drank water
Rabbit A3f is running away from: LionC4
Rabbit A3f is running away from: WolfA3
Rabbit A3 is Hungry
RabbitA3f died of hunger
Rabbit A3 f is ready to mate
Rabbit B5 is Thirsty
Rabbit B5 drank water
Rabbit B5m is running away from: LionC4
Rabbit B5m is running away from: WolfC5
Rabbit B5 is Hungry
RabbitB5m died of hunger
Rabbit B5m ate
Rabbit B5 m is ready to mate
Not enough female Rabbits or Female Rabbit partners are not ready yet!
Rabbit B0f is running away from: LionC4
Rabbit B0f is running away from: WolfB3
Rabbit B0 is Hungry
RabbitB0f died of hunger
Rabbit B0 f is ready to mate
Rabbit A3f is running away from: LionC4
Rabbit A3f is running away from: WolfA3
Rabbit A3 is Hungry
RabbitA3f died of hunger
Rabbit A3 f is ready to mate
Rabbit C2f is running away from: LionC4
Rabbit C2f is running away from: WolfA3
Rabbit C2 is Hungry
RabbitC2f died of hunger
Rabbit C2 f is ready to mate
Lion C1 is Thirsty
Lion C1 drank water
Lion C1 is Hungry
LionC1mis chasing: A3f
Lion C4 is Hungry
LionC4mis chasing: B3m
Lion A2 is Thirsty
Lion A2 drank water
Lion A2 is Hungry
LionA2fis chasing: A5f
Lion B5 is Thirsty
Lion B5 drank water
Lion B5 is Hungry
LionB5fis chasing: C1f
Lion C4 is Thirsty
Lion C4 drank water
Lion C4 is Hungry
LionC4mis chasing: C0m
Wolf A0f is running away from: LionC4
Wolf B3m is running away from: LionC4
Wolf B3 m is ready to mate
Wolf A5f is running away from: LionA2
Wolf A5 f is ready to mate
Wolf A3m is running away from: LionC4
Wolf A3 m is ready to mate
Wolf A3f is running away from: LionC1
Wolf A3 f is ready to mate
Wolf A4f is running away from: LionC4
Wolf A4 f is ready to mate
Wolf C5f is running away from: LionC4
Wolf C5 f is ready to mate
Wolf C1f is running away from: LionB5
Wolf C1 f is ready to mate
Wolf C5m is running away from: LionC4
Rabbit A1 is Thirsty
Rabbit A1 drank water
Rabbit A1f is running away from: LionC4
Rabbit A1f is running away from: WolfA3
Rabbit A1 f is ready to mate
Rabbit C0 is Thirsty
Rabbit C0 drank water
Rabbit C0m is running away from: LionC4
Rabbit C0m is running away from: WolfA4
Rabbit C0 m is ready to mate
Rabbit C0 m is approaching partner: Rabbit A1f
Lion C1 is Hungry
LionC1mis chasing: A3f
Lion C4 is Hungry
LionC4mis chasing: B3m
Lion A2 is Thirsty
Lion A2 drank water
Lion A2 is Hungry
LionA2fis chasing: A5f
Lion B5 is Thirsty
Lion B5 drank water
Lion B5 is Hungry
LionB5fis chasing: C1f
Lion C4 is Thirsty
Lion C4 drank water
Lion C4 is Hungry
LionC4mis chasing: C0m
Wolf A0f is running away from: LionC4
Wolf B3m is running away from: LionC4
Wolf B3 m is ready to mate
Wolf A5f is running away from: LionA2
Wolf A5 f is ready to mate
Wolf A3m is running away from: LionC4
Wolf A3 m is ready to mate
Wolf A3f is running away from: LionC1
Wolf A3 f is ready to mate
Wolf A4f is running away from: LionC4
Wolf A4 f is ready to mate
Wolf C5f is running away from: LionC4
Wolf C5 f is ready to mate
Wolf C1f is running away from: LionA2
Wolf C1 f is ready to mate
Wolf C5m is running away from: LionC4
Rabbit A1 is Thirsty
Rabbit A1 drank water
Rabbit A1f is running away from: LionC4
Rabbit A1f is running away from: WolfA3
Rabbit A1 is Hungry
Rabbit A1 f is ready to mate
Rabbit C0 is Thirsty
Rabbit C0 drank water
Rabbit C0m is running away from: LionC4
Rabbit C0m is running away from: WolfC5
Rabbit C0 is Hungry
Rabbit C0m ate
Rabbit C0 m is ready to mate
Rabbit C0 m is approaching partner: Rabbit A1f
Lion C1 is Hungry
LionC1mis chasing: A3f
Lion C4 is Hungry
LionC4mis chasing: B3m
Lion A2 is Thirsty
Lion A2 drank water
Lion A2 is Hungry
LionA2fis chasing: A5f
Lion B5 is Thirsty
Lion B5 drank water
Lion B5 is Hungry
LionB5fis chasing: C1f
Lion C4 is Thirsty
Lion C4 drank water
Lion C4 is Hungry
LionC4mis chasing: C0m
Wolf A0f is running away from: LionC4
Wolf B3m is running away from: LionC4
Wolf B3 m is ready to mate
Wolf A5f is running away from: LionA2
Wolf A5 f is ready to mate
Wolf A3m is running away from: LionC4
Wolf A3 m is ready to mate
Wolf A3f is running away from: LionC1
Wolf A3 f is ready to mate
Wolf A4f is running away from: LionC4
Wolf A4 f is ready to mate
Wolf C5f is running away from: LionC4
Wolf C5 f is ready to mate
Wolf C1f is running away from: LionA2
Wolf C1 f is ready to mate
Wolf C5m is running away from: LionC4
Rabbit A1 is Thirsty
Rabbit A1 drank water
Rabbit A1f is running away from: LionC4
Rabbit A1f is running away from: WolfA3
Rabbit A1 is Hungry
Rabbit A1 f is ready to mate
Rabbit C0 is Thirsty
Rabbit C0 drank water
Rabbit C0m is running away from: LionC4
Rabbit C0m is running away from: WolfB3
Rabbit C0 m is ready to mate
Rabbit C0 m is approaching partner: Rabbit A1f
Lion C1 is Hungry
LionC1mis chasing: A3f
Lion C4 is Hungry
LionC4mis chasing: B3m
LionC4m ate: B3m
Lion A2 is Thirsty
Lion A2 drank water
Lion A2 is Hungry
LionA2fis chasing: A5f
Lion B5 is Thirsty
Lion B5 drank water
Lion B5 is Hungry
LionB5fis chasing: C1f
Lion C4 is Thirsty
Lion C4 drank water
Lion C4 is Hungry
LionC4mis chasing: C0m
Wolf A0f is running away from: LionC4
Wolf A5f is running away from: LionA2
Wolf A5 f is ready to mate
Wolf A3m is running away from: LionC4
Wolf A3 m is ready to mate
Wolf A3f is running away from: LionC1
Wolf A3 f is ready to mate
Wolf A4f is running away from: LionC4
Wolf A4 f is ready to mate
Wolf C5f is running away from: LionC4
Wolf C5 f is ready to mate
Wolf C1f is running away from: LionA2
Wolf C1 f is ready to mate
Wolf C5m is running away from: LionC4
Rabbit A1 is Thirsty
Rabbit A1 drank water
Rabbit A1f is running away from: LionC4
Rabbit A1f is running away from: WolfA3
Rabbit A1 is Hungry
RabbitA1f died of hunger
Rabbit A1 f is ready to mate
Rabbit C0 is Thirsty
Rabbit C0 drank water
Rabbit C0m is running away from: LionC4
Rabbit C0m is running away from: WolfA3
Rabbit C0 is Hungry
Rabbit C0m ate
Rabbit C0 m is ready to mate
Not enough female Rabbits or Female Rabbit partners are not ready yet!
Lion C1 is Hungry
LionC1mis chasing: A3f
Lion A2 is Thirsty
Lion A2 drank water
Lion A2 is Hungry
LionA2fis chasing: A5f
Lion B5 is Thirsty
Lion B5 drank water
Lion B5 is Hungry
LionB5fis chasing: C1f
Lion C4 is Thirsty
Lion C4 drank water
Lion C4 is Hungry
LionC4mis chasing: C0m
Wolf A0f is running away from: LionC4
Wolf A0 is Hungry
Wolf A0f is chasing: C0m
Wolf A5f is running away from: LionA2
Wolf A5 is Hungry
Wolf A5f is chasing: C0m
Wolf A5 f is ready to mate
Wolf A3m is running away from: LionC4
Wolf A3 is Hungry
Wolf A3m is chasing: C0m
Wolf A3 m is ready to mate
Wolf A3f is running away from: LionC1
Wolf A3 is Hungry
Wolf A3f is chasing: C0m
Wolf A3 f is ready to mate
Wolf A4f is running away from: LionC4
Wolf A4 f is ready to mate
Wolf C5f is running away from: LionC4
Wolf C5 is Hungry
Wolf C5f is chasing: C0m
Wolf C5 f is ready to mate
Wolf C1f is running away from: LionA2
Wolf C1 f is ready to mate
Wolf C5m is running away from: LionC4
Rabbit C0 is Thirsty
Rabbit C0 drank water
Rabbit C0m is running away from: LionC4
Rabbit C0m is running away from: WolfA3
Rabbit C0 m is ready to mate
Not enough female Rabbits or Female Rabbit partners are not ready yet!
Lion C1 is Hungry
LionC1m died of hunger
LionC1mis chasing: A3f
Lion A2 is Thirsty
Lion A2 drank water
Lion A2 is Hungry
LionA2f died of hunger
LionA2fis chasing: C1f
Lion B5 is Thirsty
Lion B5 drank water
Lion B5 is Hungry
LionB5f died of hunger
LionB5fis chasing: C1f
Lion C4 is Thirsty
Lion C4 drank water
Lion C4 is Hungry
LionC4m died of hunger
LionC4mis chasing: C0m
Wolf A0f is running away from: LionC4
Wolf A0 is Hungry
Wolf A0f is chasing: C0m
Wolf A5f is running away from: LionC4
Wolf A5 is Hungry
Wolf A5f is chasing: C0m
Wolf A5 f is ready to mate
Wolf A3m is running away from: LionC4
Wolf A3 is Hungry
Wolf A3m is chasing: C0m
Wolf A3 m is ready to mate
Wolf A3f is running away from: LionC4
Wolf A3 is Hungry
Wolf A3f is chasing: C0m
Wolf A3 f is ready to mate
Wolf A4f is running away from: LionC4
Wolf A4 f is ready to mate
Wolf C5f is running away from: LionC4
Wolf C5 is Hungry
Wolf C5f is chasing: C0m
Wolf C5 f is ready to mate
Wolf C1f is running away from: LionC4
Wolf C1 f is ready to mate
Wolf C5m is running away from: LionC4
Rabbit C0 is Thirsty
Rabbit C0 drank water
Rabbit C0m is running away from: LionC4
Rabbit C0m is running away from: WolfA3
Rabbit C0 is Hungry
Rabbit C0m ate
Rabbit C0 m is ready to mate
Not enough female Rabbits or Female Rabbit partners are not ready yet!
Wolf A0f is running away from: LionC4
Wolf A0 is Hungry
Wolf A0f is chasing: C0m
Wolf A5f is running away from: LionC4
Wolf A5 is Hungry
Wolf A5f is chasing: C0m
Wolf A5 f is ready to mate
Wolf A3m is running away from: LionC4
Wolf A3 is Hungry
Wolf A3m is chasing: C0m
Wolf A3 m is ready to mate
Wolf A3f is running away from: LionC4
Wolf A3 is Hungry
Wolf A3f is chasing: C0m
Wolf A3 f is ready to mate
Wolf A4f is running away from: LionC4
Wolf A4 f is ready to mate
Wolf C5f is running away from: LionC4
Wolf C5 is Hungry
Wolf C5f is chasing: C0m
Wolf C5 f is ready to mate
Wolf C1f is running away from: LionC4
Wolf C1 f is ready to mate
Wolf C5m is running away from: LionC4
Rabbit C0 is Thirsty
Rabbit C0 drank water
Rabbit C0m is running away from: LionC4
Rabbit C0m is running away from: WolfA3
Rabbit C0 m is ready to mate
Not enough female Rabbits or Female Rabbit partners are not ready yet!
Wolf A0f is running away from: LionC4
Wolf A0 is Hungry
Wolf A0f is chasing: C0m
Wolf A0 is Thirsty
Wolf A0drank water
Wolf A5f is running away from: LionC4
Wolf A5 is Hungry
Wolf A5f is chasing: C0m
Wolf A5 is Thirsty
Wolf A5drank water
Wolf A5 f is ready to mate
Wolf A3m is running away from: LionC4
Wolf A3 is Hungry
Wolf A3m is chasing: C0m
Wolf A3 is Thirsty
Wolf A3drank water
Wolf A3 m is ready to mate
Wolf A3f is running away from: LionC4
Wolf A3 is Hungry
Wolf A3f is chasing: C0m
Wolf A3 is Thirsty
Wolf A3drank water
Wolf A3 f is ready to mate
Wolf A4f is running away from: LionC4
Wolf A4 is Thirsty
Wolf A4drank water
Wolf A4 f is ready to mate
Wolf C5f is running away from: LionC4
Wolf C5 is Hungry
Wolf C5f is chasing: C0m
Wolf C5 is Thirsty
Wolf C5drank water
Wolf C5 f is ready to mate
Wolf C1f is running away from: LionC4
Wolf C1 is Thirsty
Wolf C1drank water
Wolf C1 f is ready to mate
Wolf C5m is running away from: LionC4
Wolf C5 is Hungry
Wolf C5m is chasing: C0m
Rabbit C0 is Thirsty
Rabbit C0 drank water
Rabbit C0m is running away from: LionC4
Rabbit C0m is running away from: WolfA3
Rabbit C0 is Hungry
Rabbit C0m ate
Rabbit C0 m is ready to mate
Not enough female Rabbits or Female Rabbit partners are not ready yet!
Lion C4 m is ready to mate
No Female Lion Partner or Female Lion partners are not ready to mate Yet!
Wolf A0f is running away from: LionC4
Wolf A0 is Hungry
Wolf A0f is chasing: C0m
Wolf A0 is Thirsty
Wolf A0drank water
Wolf A5f is running away from: LionC4
Wolf A5 is Hungry
Wolf A5f is chasing: C0m
Wolf A5 is Thirsty
Wolf A5drank water
Wolf A5 f is ready to mate
Wolf A3m is running away from: LionC4
Wolf A3 is Hungry
Wolf A3m is chasing: C0m
Wolf A3 is Thirsty
Wolf A3drank water
Wolf A3 m is ready to mate
Wolf A3f is running away from: LionC4
Wolf A3 is Hungry
Wolf A3f is chasing: C0m
Wolf A3 is Thirsty
Wolf A3drank water
Wolf A3 f is ready to mate
Wolf A4f is running away from: LionC4
Wolf A4 is Thirsty
Wolf A4drank water
Wolf A4 f is ready to mate
Wolf C5f is running away from: LionC4
Wolf C5 is Hungry
Wolf C5f is chasing: C0m
Wolf C5 is Thirsty
Wolf C5drank water
Wolf C5 f is ready to mate
Wolf C1f is running away from: LionC4
Wolf C1 is Thirsty
Wolf C1drank water
Wolf C1 f is ready to mate
Wolf C5m is running away from: LionC4
Wolf C5 is Hungry
Wolf C5m is chasing: C0m
Rabbit C0 is Thirsty
Rabbit C0 drank water
Rabbit C0m is running away from: LionC4
Rabbit C0m is running away from: WolfC5
Rabbit C0 m is ready to mate
Not enough female Rabbits or Female Rabbit partners are not ready yet!
Lion C4 is Thirsty
Lion C4 drank water
Lion C4 m is ready to mate
No Female Lion Partner or Female Lion partners are not ready to mate Yet!
Wolf A0f is running away from: LionC4
Wolf A0 is Hungry
Wolf A0f is chasing: C0m
Wolf A5f is running away from: LionC4
Wolf A5 is Hungry
Wolf A5f is chasing: C0m
Wolf A5 is Thirsty
Wolf A5drank water
Wolf A5 f is ready to mate
Wolf A3m is running away from: LionC4
Wolf A3 is Hungry
Wolf A3m is chasing: C0m
Wolf A3 is Thirsty
Wolf A3drank water
Wolf A3 m is ready to mate
Wolf A3f is running away from: LionC4
Wolf A3 is Hungry
Wolf A3f is chasing: C0m
Wolf A3 is Thirsty
Wolf A3drank water
Wolf A3 f is ready to mate
Wolf A4f is running away from: LionC4
Wolf A4 is Hungry
Wolf A4f is chasing: C0m
Wolf A4 is Thirsty
Wolf A4drank water
Wolf A4 f is ready to mate
Wolf C5f is running away from: LionC4
Wolf C5 is Hungry
Wolf C5f is chasing: C0m
Wolf C5 is Thirsty
Wolf C5drank water
Wolf C5 f is ready to mate
Wolf C1f is running away from: LionC4
Wolf C1 is Thirsty
Wolf C1drank water
Wolf C1 f is ready to mate
Wolf C5m is running away from: LionC4
Wolf C5 is Hungry
Wolf C5m is chasing: C0m
Rabbit C0 is Thirsty
Rabbit C0 drank water
Rabbit C0m is running away from: LionC4
Rabbit C0m is running away from: WolfA3
Rabbit C0 is Hungry
Rabbit C0m ate
Rabbit C0 m is ready to mate
Not enough female Rabbits or Female Rabbit partners are not ready yet!
Lion C4 is Thirsty
Lion C4 drank water
Lion C4 m is ready to mate
No Female Lion Partner or Female Lion partners are not ready to mate Yet!
Wolf A0f is running away from: LionC4
Wolf A0 is Hungry
Wolf A0f is chasing: C0m
Wolf A5f is running away from: LionC4
Wolf A5 is Hungry
Wolf A5f is chasing: C0m
Wolf A5 is Thirsty
Wolf A5drank water
Wolf A5 f is ready to mate
Wolf A3m is running away from: LionC4
Wolf A3 is Hungry
Wolf A3m is chasing: C0m
Wolf A3 is Thirsty
Wolf A3drank water
Wolf A3 m is ready to mate
Wolf A3f is running away from: LionC4
Wolf A3 is Hungry
Wolf A3f is chasing: C0m
Wolf A3 is Thirsty
Wolf A3drank water
Wolf A3 f is ready to mate
Wolf A4f is running away from: LionC4
Wolf A4 is Hungry
Wolf A4f is chasing: C0m
Wolf A4 is Thirsty
Wolf A4drank water
Wolf A4 f is ready to mate
Wolf C5f is running away from: LionC4
Wolf C5 is Hungry
Wolf C5f is chasing: C0m
Wolf C5 is Thirsty
Wolf C5drank water
Wolf C5 f is ready to mate
Wolf C1f is running away from: LionC4
Wolf C1 is Thirsty
Wolf C1drank water
Wolf C1 f is ready to mate
Wolf C5m is running away from: LionC4
Wolf C5 is Hungry
Wolf C5m is chasing: C0m
Wolf C5 is Thirsty
Wolf C5drank water
Rabbit C0 is Thirsty
Rabbit C0 drank water
Rabbit C0m is running away from: LionC4
Rabbit C0m is running away from: WolfC5
Rabbit C0 m is ready to mate
Not enough female Rabbits or Female Rabbit partners are not ready yet!
Lion C4 is Thirsty
Lion C4 drank water
Lion C4 m is ready to mate
No Female Lion Partner or Female Lion partners are not ready to mate Yet!
Wolf A0f is running away from: LionC4
Wolf A0 is Hungry
Wolf A0f is chasing: C0m
Wolf A5f is running away from: LionC4
Wolf A5 is Hungry
Wolf A5f is chasing: C0m
Wolf A5 is Thirsty
Wolf A5drank water
Wolf A5 f is ready to mate
Wolf A3m is running away from: LionC4
Wolf A3 is Hungry
Wolf A3m is chasing: C0m
Wolf A3 is Thirsty
Wolf A3drank water
Wolf A3 m is ready to mate
Wolf A3f is running away from: LionC4
Wolf A3 is Hungry
Wolf A3f is chasing: C0m
Wolf A3 is Thirsty
Wolf A3drank water
Wolf A3 f is ready to mate
Wolf A4f is running away from: LionC4
Wolf A4 is Hungry
Wolf A4f is chasing: C0m
Wolf A4 is Thirsty
Wolf A4drank water
Wolf A4 f is ready to mate
Wolf C5f is running away from: LionC4
Wolf C5 is Hungry
Wolf C5f is chasing: C0m
Wolf C5 f is ready to mate
Wolf C1f is running away from: LionC4
Wolf C1 is Thirsty
Wolf C1drank water
Wolf C1 f is ready to mate
Wolf C5m is running away from: LionC4
Wolf C5 is Hungry
Wolf C5m is chasing: C0m
Wolf C5 is Thirsty
Wolf C5drank water
Rabbit C0 is Thirsty
Rabbit C0 drank water
Rabbit C0m is running away from: LionC4
Rabbit C0m is running away from: WolfA3
Rabbit C0 is Hungry
Rabbit C0m ate
Rabbit C0 m is ready to mate
Not enough female Rabbits or Female Rabbit partners are not ready yet!
Lion C4 is Thirsty
Lion C4 drank water
Lion C4 is Hungry
LionC4mis chasing: C5m
Lion C4 m is ready to mate
No Female Lion Partner or Female Lion partners are not ready to mate Yet!
Wolf A0f is running away from: LionC4
Wolf A0 is Hungry
Wolf A0f is chasing: C0m
Wolf A5f is running away from: LionC4
Wolf A5 is Hungry
Wolf A5f is chasing: C0m
Wolf A5 is Thirsty
Wolf A5drank water
Wolf A5 f is ready to mate
Wolf A3m is running away from: LionC4
Wolf A3 is Hungry
Wolf A3m is chasing: C0m
Wolf A3 is Thirsty
Wolf A3drank water
Wolf A3 m is ready to mate
Wolf A3f is running away from: LionC4
Wolf A3 is Hungry
Wolf A3f is chasing: C0m
Wolf A3 is Thirsty
Wolf A3drank water
Wolf A3 f is ready to mate
Wolf A4f is running away from: LionC4
Wolf A4 is Hungry
Wolf A4f is chasing: C0m
Wolf A4 is Thirsty
Wolf A4drank water
Wolf A4 f is ready to mate
Wolf C5f is running away from: LionC4
Wolf C5 is Hungry
Wolf C5f is chasing: C0m
Wolf C5 f is ready to mate
Wolf C1f is running away from: LionC4
Wolf C1 is Thirsty
Wolf C1drank water
Wolf C1 f is ready to mate
Wolf C5m is running away from: LionC4
Wolf C5 is Hungry
Wolf C5m is chasing: C0m
Rabbit C0 is Thirsty
Rabbit C0 drank water
Rabbit C0m is running away from: LionC4
Rabbit C0m is running away from: WolfA3
Rabbit C0 m is ready to mate
Not enough female Rabbits or Female Rabbit partners are not ready yet!
Lion C4 is Thirsty
Lion C4 drank water
Lion C4 is Hungry
LionC4mis chasing: C5m
Lion C4 m is ready to mate
No Female Lion Partner or Female Lion partners are not ready to mate Yet!
Wolf A0f is running away from: LionC4
Wolf A0 is Hungry
Wolf A0f is chasing: C0m
Wolf A5f is running away from: LionC4
Wolf A5 is Hungry
Wolf A5f is chasing: C0m
Wolf A5 is Thirsty
Wolf A5drank water
Wolf A5 f is ready to mate
Wolf A3m is running away from: LionC4
Wolf A3 is Hungry
Wolf A3m is chasing: C0m
Wolf A3m ate!
Wolf A3 is Thirsty
Wolf A3drank water
Wolf A3 m is ready to mate
Wolf A0 m was born! Father is A3 and Mother is C5
Wolf A3f is running away from: LionC4
Wolf A3 is Hungry
Wolf A4f is running away from: LionC4
Wolf A4 is Hungry
Wolf C5f is running away from: LionC4
Wolf C5 is Hungry
Wolf C1f is running away from: LionC4
Wolf C1 is Thirsty
Wolf C1drank water
Wolf C1 f is ready to mate
Wolf C5m is running away from: LionC4
Wolf C5 is Hungry
Lion C4 is Thirsty
Lion C4 drank water
Lion C4 is Hungry
LionC4mis chasing: C5m
Lion C4 m is ready to mate
No Female Lion Partner or Female Lion partners are not ready to mate Yet!
Wolf A0f is running away from: LionC4
Wolf A0 is Hungry
Wolf A5f is running away from: LionC4
Wolf A5 is Hungry
Wolf A3m is running away from: LionC4
Wolf A3 is Thirsty
Wolf A3drank water
Wolf A3 m is ready to mate
Wolf A3f is running away from: LionC4
Wolf A3 is Hungry
Wolf A4f is running away from: LionC4
Wolf A4 is Hungry
Wolf C5f is running away from: LionC4
Wolf C5 is Hungry
Wolf C1f is running away from: LionC4
Wolf C1 is Hungry
Wolf C5m is running away from: LionC4
Wolf C5 is Hungry
Wolf A0m is running away from: LionC4
Lion C4 is Thirsty
Lion C4 drank water
Lion C4 is Hungry
LionC4mis chasing: C5m
Lion C4 m is ready to mate
No Female Lion Partner or Female Lion partners are not ready to mate Yet!
Wolf A0f is running away from: LionC4
Wolf A0 is Hungry
Wolf A5f is running away from: LionC4
Wolf A5 is Hungry
Wolf A3m is running away from: LionC4
Wolf A3 is Thirsty
Wolf A3drank water
Wolf A3 m is ready to mate
Wolf A3f is running away from: LionC4
Wolf A3 is Hungry
Wolf A4f is running away from: LionC4
Wolf A4 is Hungry
Wolf C5f is running away from: LionC4
Wolf C5 is Hungry
Wolf C1f is running away from: LionC4
Wolf C1 is Hungry
Wolf C5m is running away from: LionC4
Wolf C5 is Hungry
Wolf A0m is running away from: LionC4
Lion C4 is Thirsty
Lion C4 drank water
Lion C4 is Hungry
LionC4mis chasing: C5m
Lion C4 m is ready to mate
No Female Lion Partner or Female Lion partners are not ready to mate Yet!
Wolf A0f is running away from: LionC4
Wolf A0 is Hungry
Wolf A5f is running away from: LionC4
Wolf A5 is Hungry
Wolf A3m is running away from: LionC4
Wolf A3 is Thirsty
Wolf A3drank water
Wolf A3 m is ready to mate
Wolf A3f is running away from: LionC4
Wolf A3 is Hungry
Wolf A4f is running away from: LionC4
Wolf A4 is Hungry
Wolf C5f is running away from: LionC4
Wolf C5 is Hungry
Wolf C1f is running away from: LionC4
Wolf C1 is Hungry
Wolf C5m is running away from: LionC4
Wolf C5 is Hungry
Wolf A0m is running away from: LionC4
Lion C4 is Hungry
LionC4mis chasing: C5m
Lion C4 m is ready to mate
No Female Lion Partner or Female Lion partners are not ready to mate Yet!
Wolf A0f is running away from: LionC4
Wolf A0 is Hungry
Wolf A5f is running away from: LionC4
Wolf A5 is Hungry
Wolf A3m is running away from: LionC4
Wolf A3 is Thirsty
Wolf A3drank water
Wolf A3 m is ready to mate
Wolf A3f is running away from: LionC4
Wolf A3 is Hungry
Wolf A4f is running away from: LionC4
Wolf A4 is Hungry
Wolf C5f is running away from: LionC4
Wolf C5 is Hungry
Wolf C1f is running away from: LionC4
Wolf C1 is Hungry
Wolf C5m is running away from: LionC4
Wolf C5 is Hungry
Wolf A0m is running away from: LionC4
Lion C4 is Hungry
LionC4mis chasing: C5m
Lion C4 m is ready to mate
No Female Lion Partner or Female Lion partners are not ready to mate Yet!
Wolf A0f is running away from: LionC4
Wolf A0 is Hungry
Wolf A5f is running away from: LionC4
Wolf A5 is Hungry
Wolf A3m is running away from: LionC4
Wolf A3 is Thirsty
Wolf A3drank water
Wolf A3 m is ready to mate
Wolf A3f is running away from: LionC4
Wolf A3 is Hungry
Wolf A4f is running away from: LionC4
Wolf A4 is Hungry
Wolf C5f is running away from: LionC4
Wolf C5 is Hungry
Wolf C1f is running away from: LionC4
Wolf C1 is Hungry
Wolf C5m is running away from: LionC4
Wolf C5 is Hungry
Wolf A0m is running away from: LionC4
Lion C4 is Hungry
LionC4mis chasing: C5m
Lion C4 m is ready to mate
No Female Lion Partner or Female Lion partners are not ready to mate Yet!
Wolf A0f is running away from: LionC4
Wolf A0 is Hungry
Wolf A5f is running away from: LionC4
Wolf A5 is Hungry
Wolf A3m is running away from: LionC4
Wolf A3 is Thirsty
Wolf A3drank water
Wolf A3 m is ready to mate
Wolf A3f is running away from: LionC4
Wolf A3 is Hungry
Wolf A4f is running away from: LionC4
Wolf A4 is Hungry
Wolf C5f is running away from: LionC4
Wolf C5 is Hungry
Wolf C1f is running away from: LionC4
Wolf C1 is Hungry
Wolf C5m is running away from: LionC4
Wolf C5 is Hungry
Wolf A0m is running away from: LionC4
Lion C4 is Hungry
LionC4m died of hunger
LionC4mis chasing: C5m
Lion C4 m is ready to mate
No Female Lion Partner or Female Lion partners are not ready to mate Yet!
Wolf A0 is Hungry
Wolf A5 is Hungry
Wolf A3 is Thirsty
Wolf A3drank water
Wolf A3 m is ready to mate
Wolf A3 is Hungry
Wolf A4 is Hungry
Wolf C5 is Hungry
Wolf C1 is Hungry
Wolf C5 is Hungry
Wolf A0 is Hungry
WolfA0f died of hunger
Wolf A5 is Hungry
WolfA5f died of hunger
Wolf A3 is Thirsty
Wolf A3drank water
Wolf A3 m is ready to mate
Wolf A3 is Hungry
WolfA3f died of hunger
Wolf A4 is Hungry
Wolf C5 is Hungry
WolfC5f died of hunger
Wolf C1 is Hungry
Wolf C5 is Hungry
Wolf A3 is Thirsty
Wolf A3drank water
Wolf A3 m is ready to mate
Wolf A4 is Hungry
Wolf C1 is Hungry
Wolf C5 is Hungry
Wolf A3 is Thirsty
Wolf A3drank water
Wolf A3 m is ready to mate
Wolf A4 is Hungry
Wolf C1 is Hungry
Wolf C5 is Hungry
Wolf A3 is Thirsty
Wolf A3drank water
Wolf A3 m is ready to mate
Wolf A4 is Hungry
Wolf C1 is Hungry
Wolf C5 is Hungry
WolfC5m died of hunger
Wolf A3 is Thirsty
Wolf A3drank water
Wolf A3 m is ready to mate
Wolf A4 is Hungry
Wolf C1 is Hungry
Wolf A3 is Thirsty
Wolf A3drank water
Wolf A3 m is ready to mate
Wolf A4 is Hungry
WolfA4f died of hunger
Wolf C1 is Hungry
Wolf A3 is Thirsty
Wolf A3drank water
Wolf A3 m is ready to mate
Wolf C1 is Hungry
Wolf A3 is Thirsty
Wolf A3drank water
Wolf A3 m is ready to mate
Wolf C1 is Hungry
Wolf A3 is Thirsty
Wolf A3drank water
Wolf A3 m is ready to mate
Wolf C1 is Hungry
Wolf A3 is Hungry
Wolf C1 is Hungry
Wolf A0 is Hungry
Wolf A3 is Hungry
Wolf C1 is Hungry
WolfC1f died of hunger
Wolf A0 is Hungry
Wolf A3 is Hungry
Wolf A0 is Hungry
Wolf A3 is Hungry
Wolf A0 is Hungry
Wolf A3 is Hungry
Wolf A0 is Hungry
Wolf A3 is Hungry
Wolf A0 is Hungry
Wolf A3 is Hungry
Wolf A0 is Hungry
Wolf A3 is Hungry
Wolf A0 is Hungry
Wolf A3 is Hungry
Wolf A0 is Hungry
Wolf A3 is Hungry
Wolf A0 is Hungry
Wolf A3 is Hungry
Wolf A0 is Hungry
Wolf A3 is Hungry
Wolf A0 is Hungry
Wolf A3 is Hungry
Wolf A0 is Hungry
Wolf A3 is Hungry
Wolf A0 is Hungry
Wolf A3 is Hungry
Wolf A0 is Hungry
Wolf A3 is Hungry
Wolf A0 is Hungry
Wolf A3 is Hungry
Wolf A0 is Hungry
Wolf A3 is Hungry
WolfA3m died of hunger
Wolf A0 is Hungry
WolfA0m died of hunger
