Wolf B3f is running away from: LionB4
Wolf B2f is running away from: LionB2
Wolf C3f is running away from: LionB2
Wolf C4m is running away from: LionB2
Wolf A3m is running away from: LionB2
Wolf C1f is running away from: LionB4
Wolf A2m is running away from: LionB2
Wolf B1m is running away from: LionB2
Rabbit A2f is running away from: LionB4
Rabbit A2f is running away from: WolfB3
Rabbit B4f is running away from: LionA3
Rabbit B4f is running away from: WolfB3
Rabbit A4m is running away from: LionA3
Rabbit A4m is running away from: WolfB3
Rabbit C2m is running away from: LionA3
Rabbit C2m is running away from: WolfB3
Rabbit B4f is running away from: LionA3
Rabbit B4f is running away from: WolfB3
Rabbit A4m is running away from: LionB4
Rabbit A4m is running away from: WolfB3
Rabbit A5f is running away from: LionB4
Rabbit A5f is running away from: WolfB3
Rabbit B3m is running away from: LionA3
Rabbit B3m is running away from: WolfB3
Rabbit B5m is running away from: LionB4
Rabbit B5m is running away from: WolfB3
Rabbit B3f is running away from: LionB4
Rabbit B3f is running away from: WolfB3
Rabbit B3f is running away from: LionB2
Rabbit B3f is running away from: WolfA3
Rabbit C0f is running away from: LionB0
Rabbit C0f is running away from: WolfC4
Rabbit C5m is running away from: LionB2
Rabbit C5m is running away from: WolfB2
Rabbit B3m is running away from: LionA3
Rabbit B3m is running away from: WolfB3
Rabbit A0f is running away from: LionA3
Rabbit A0f is running away from: WolfB3
Rabbit C5m is running away from: LionA3
Rabbit C5m is running away from: WolfB3
Rabbit B2m is running away from: LionA3
Rabbit B2m is running away from: WolfB3
Rabbit C1f is running away from: LionB2
Rabbit C1f is running away from: WolfA2
Rabbit B0f is running away from: LionB4
Rabbit B0f is running away from: WolfC1
Rabbit A1m is running away from: LionB4
Rabbit A1m is running away from: WolfB3
Wolf B3f is running away from: LionA3
Wolf B2f is running away from: LionB2
Wolf C3f is running away from: LionB2
Wolf C4m is running away from: LionB2
Wolf A3m is running away from: LionB2
Wolf C1f is running away from: LionB0
Wolf A2m is running away from: LionB2
Wolf B1m is running away from: LionB2
Rabbit A2f is running away from: LionB4
Rabbit A2f is running away from: WolfC1
Rabbit A2 is Hungry
Rabbit A2f ate
Rabbit B4f is running away from: LionA3
Rabbit B4f is running away from: WolfB3
Rabbit B4 is Hungry
Rabbit B4f ate
Rabbit A4m is running away from: LionA3
Rabbit A4m is running away from: WolfB3
Rabbit A4 is Hungry
Rabbit A4m ate
Rabbit C2m is running away from: LionA3
Rabbit C2m is running away from: WolfB3
Rabbit C2 is Hungry
Rabbit C2m ate
Rabbit B4f is running away from: LionA3
Rabbit B4f is running away from: WolfB3
Rabbit B4 is Hungry
Rabbit B4f ate
Rabbit A4m is running away from: LionB4
Rabbit A4m is running away from: WolfB3
Rabbit A4 is Hungry
Rabbit A4m ate
Rabbit A5f is running away from: LionB4
Rabbit A5f is running away from: WolfB3
Rabbit A5 is Hungry
Rabbit A5f ate
Rabbit B3m is running away from: LionB4
Rabbit B3m is running away from: WolfB3
Rabbit B3 is Hungry
Rabbit B3m ate
Rabbit B5m is running away from: LionB4
Rabbit B5m is running away from: WolfB3
Rabbit B5 is Hungry
Rabbit B5m ate
Rabbit B3f is running away from: LionB4
Rabbit B3f is running away from: WolfB3
Rabbit B3 is Hungry
Rabbit B3f ate
Rabbit B3f is running away from: LionB0
Rabbit B3f is running away from: WolfC4
Rabbit B3 is Hungry
Rabbit B3f ate
Rabbit C0f is running away from: LionB0
Rabbit C0f is running away from: WolfC4
Rabbit C0 is Hungry
Rabbit C0f ate
Rabbit C5m is running away from: LionB0
Rabbit C5m is running away from: WolfB2
Rabbit C5 is Hungry
Rabbit C5m ate
Rabbit B3m is running away from: LionA3
Rabbit B3m is running away from: WolfB3
Rabbit B3 is Hungry
Rabbit B3m ate
Rabbit A0f is running away from: LionA3
Rabbit A0f is running away from: WolfB3
Rabbit A0 is Hungry
Rabbit A0f ate
Rabbit C5m is running away from: LionA3
Rabbit C5m is running away from: WolfB3
Rabbit C5 is Hungry
Rabbit C5m ate
Rabbit B2m is running away from: LionA3
Rabbit B2m is running away from: WolfB3
Rabbit B2 is Hungry
Rabbit B2m ate
Rabbit C1f is running away from: LionB2
Rabbit C1f is running away from: WolfA2
Rabbit C1 is Hungry
Rabbit C1f ate
Rabbit B0f is running away from: LionB4
Rabbit B0f is running away from: WolfC1
Rabbit B0 is Hungry
Rabbit B0f ate
Rabbit A1m is running away from: LionB4
Rabbit A1m is running away from: WolfB3
Rabbit A1 is Hungry
Rabbit A1m ate
Wolf B3f is running away from: LionB4
Wolf B2f is running away from: LionB2
Wolf C3f is running away from: LionB2
Wolf C4m is running away from: LionB2
Wolf A3m is running away from: LionB2
Wolf C1f is running away from: LionB0
Wolf A2m is running away from: LionB2
Wolf B1m is running away from: LionB2
Rabbit A2f is running away from: LionB4
Rabbit A2f is running away from: WolfC4
Rabbit A2 f is ready to mate
Rabbit B4f is running away from: LionA3
Rabbit B4f is running away from: WolfB3
Rabbit B4 f is ready to mate
Rabbit A4m is running away from: LionA3
Rabbit A4m is running away from: WolfB3
Rabbit A4 m is ready to mate
Rabbit A4 m is approaching partner: Rabbit B4f
Rabbit C2m is running away from: LionA3
Rabbit C2m is running away from: WolfB3
Rabbit C2 m is ready to mate
Rabbit C2 m is approaching partner: Rabbit B0f
Rabbit B4f is running away from: LionA3
Rabbit B4f is running away from: WolfB3
Rabbit B4 f is ready to mate
Rabbit A4m is running away from: LionB4
Rabbit A4m is running away from: WolfC1
Rabbit A4 m is ready to mate
Rabbit A4 m is approaching partner: Rabbit A2f
Rabbit A5f is running away from: LionB4
Rabbit A5f is running away from: WolfB3
Rabbit A5 f is ready to mate
Rabbit B3m is running away from: LionA3
Rabbit B3m is running away from: WolfB3
Rabbit B3 m is ready to mate
Rabbit B3 m is approaching partner: Rabbit A5f
Rabbit B5m is running away from: LionB4
Rabbit B5m is running away from: WolfB3
Rabbit B5 m is ready to mate
Rabbit B5 m is approaching partner: Rabbit A5f
Rabbit B3f is running away from: LionB4
Rabbit B3f is running away from: WolfB3
Rabbit B3 f is ready to mate
Rabbit B3f is running away from: LionB0
Rabbit B3f is running away from: WolfA3
Rabbit B3 f is ready to mate
Rabbit C0f is running away from: LionB0
Rabbit C0f is running away from: WolfC4
Rabbit C0 f is ready to mate
Rabbit C5m is running away from: LionB0
Rabbit C5m is running away from: WolfB2
Rabbit C5 m is ready to mate
Rabbit C5 m is approaching partner: Rabbit C1f
Rabbit B3m is running away from: LionA3
Rabbit B3m is running away from: WolfB3
Rabbit B3 m is ready to mate
Rabbit B3 m is approaching partner: Rabbit B4f
Rabbit A0f is running away from: LionA3
Rabbit A0f is running away from: WolfB3
Rabbit A0 f is ready to mate
Rabbit C5m is running away from: LionA3
Rabbit C5m is running away from: WolfB3
Rabbit C5 m is ready to mate
Rabbit C5 m is approaching partner: Rabbit A0f
Rabbit B2m is running away from: LionA3
Rabbit B2m is running away from: WolfB3
Rabbit B2 m is ready to mate
Rabbit B2 m is approaching partner: Rabbit B4f
Rabbit C1f is running away from: LionB2
Rabbit C1f is running away from: WolfB2
Rabbit C1 f is ready to mate
Rabbit B0f is running away from: LionB4
Rabbit B0f is running away from: WolfC1
Rabbit B0 f is ready to mate
Rabbit A1m is running away from: LionB4
Rabbit A1m is running away from: WolfB3
Rabbit A1 m is ready to mate
Rabbit A1 m is approaching partner: Rabbit A5f
Rabbit A3 f was born!Father is A1 and Mother is A5
Wolf B3f is running away from: LionA3
Wolf B2f is running away from: LionB2
Wolf C3f is running away from: LionB2
Wolf C4m is running away from: LionB2
Wolf A3m is running away from: LionB2
Wolf C1f is running away from: LionB4
Wolf A2m is running away from: LionB2
Wolf B1m is running away from: LionB2
Rabbit A2f is running away from: LionB4
Rabbit A2f is running away from: WolfB2
Rabbit A2 is Hungry
Rabbit A2 f is ready to mate
Rabbit B4f is running away from: LionA3
Rabbit B4f is running away from: WolfB3
Rabbit B4 is Hungry
Rabbit B4f ate
Rabbit B4 f is ready to mate
Rabbit A4m is running away from: LionA3
Rabbit A4m is running away from: WolfB3
Rabbit A4 is Hungry
Rabbit A4m ate
Rabbit A4 m is ready to mate
Rabbit A4 m is approaching partner: Rabbit B4f
Rabbit C2m is running away from: LionA3
Rabbit C2m is running away from: WolfC1
Rabbit C2 is Hungry
Rabbit C2m ate
Rabbit C2 m is ready to mate
Rabbit C2 m is approaching partner: Rabbit B0f
Rabbit B4f is running away from: LionA3
Rabbit B4f is running away from: WolfB3
Rabbit B4 is Hungry
Rabbit B4 f is ready to mate
Rabbit A4m is running away from: LionB4
Rabbit A4m is running away from: WolfB2
Rabbit A4 is Hungry
Rabbit A4 m is ready to mate
Rabbit A4 m is approaching partner: Rabbit A2f
Rabbit A5f is running away from: LionB4
Rabbit A5f is running away from: WolfB3
Rabbit A5 is Hungry
Rabbit A5f ate
Rabbit B3m is running away from: LionB4
Rabbit B3m is running away from: WolfB3
Rabbit B3 is Hungry
Rabbit B3 m is ready to mate
Rabbit B3 m is approaching partner: Rabbit B3f
Rabbit B5m is running away from: LionA3
Rabbit B5m is running away from: WolfB3
Rabbit B5 is Hungry
Rabbit B5m ate
Rabbit B5 m is ready to mate
Rabbit B5 m is approaching partner: Rabbit B3f
Rabbit B3f is running away from: LionB4
Rabbit B3f is running away from: WolfB3
Rabbit B3 is Hungry
Rabbit B3f ate
Rabbit B3 f is ready to mate
Rabbit B3f is running away from: LionB0
Rabbit B3f is running away from: WolfC4
Rabbit B3 is Hungry
Rabbit B3f ate
Rabbit B3 f is ready to mate
Rabbit C0f is running away from: LionB0
Rabbit C0f is running away from: WolfC4
Rabbit C0 is Hungry
Rabbit C0 f is ready to mate
Rabbit C5m is running away from: LionB2
Rabbit C5m is running away from: WolfB2
Rabbit C5 is Hungry
Rabbit C5m ate
Rabbit C5 m is ready to mate
Rabbit C5 m is approaching partner: Rabbit C1f
Rabbit B3m is running away from: LionA3
Rabbit B3m is running away from: WolfB3
Rabbit B3 is Hungry
Rabbit B3m ate
Rabbit B3 m is ready to mate
Rabbit B3 m is approaching partner: Rabbit B4f
Rabbit A0f is running away from: LionA3
Rabbit A0f is running away from: WolfB3
Rabbit A0 is Hungry
Rabbit A0f ate
Rabbit A0 f is ready to mate
Rabbit C5m is running away from: LionA3
Rabbit C5m is running away from: WolfB3
Rabbit C5 is Hungry
Rabbit C5m ate
Rabbit C5 m is ready to mate
Rabbit C5 m is approaching partner: Rabbit A0f
Rabbit B2m is running away from: LionA3
Rabbit B2m is running away from: WolfB3
Rabbit B2 is Hungry
Rabbit B2 m is ready to mate
Rabbit B2 m is approaching partner: Rabbit B4f
Rabbit C1f is running away from: LionB2
Rabbit C1f is running away from: WolfB2
Rabbit C1 is Hungry
Rabbit C1f ate
Rabbit C1 f is ready to mate
Rabbit B0f is running away from: LionA3
Rabbit B0f is running away from: WolfC1
Rabbit B0 is Hungry
Rabbit B0f ate
Rabbit B0 f is ready to mate
Rabbit A1m is running away from: LionB4
Rabbit A1m is running away from: WolfB3
Rabbit A1 is Hungry
Rabbit A1 m is ready to mate
Rabbit A1 m is approaching partner: Rabbit B3f
Rabbit A3f is running away from: LionB4
Rabbit A3f is running away from: WolfB3
Wolf B3f is running away from: LionB4
Wolf B2f is running away from: LionB0
Wolf C3f is running away from: LionB2
Wolf C4m is running away from: LionB2
Wolf A3m is running away from: LionB2
Wolf C1f is running away from: LionB4
Wolf A2m is running away from: LionB2
Wolf B1m is running away from: LionB2
Rabbit A2f is running away from: LionB4
Rabbit A2f is running away from: WolfB2
Rabbit A2 is Hungry
Rabbit A2f ate
Rabbit A2 f is ready to mate
Rabbit B4f is running away from: LionA3
Rabbit B4f is running away from: WolfB3
Rabbit B4 f is ready to mate
Rabbit A4m is running away from: LionA3
Rabbit A4m is running away from: WolfB3
Rabbit A4 m is ready to mate
Rabbit A4 m is approaching partner: Rabbit B4f
Rabbit C2m is running away from: LionA3
Rabbit C2m is running away from: WolfC1
Rabbit C2 m is ready to mate
Rabbit C2 m is approaching partner: Rabbit B0f
Rabbit B4f is running away from: LionA3
Rabbit B4f is running away from: WolfB3
Rabbit B4 is Hungry
Rabbit B4 f is ready to mate
Rabbit A4m is running away from: LionB4
Rabbit A4m is running away from: WolfB2
Rabbit A4 is Hungry
Rabbit A4 m is ready to mate
Rabbit A4 m is approaching partner: Rabbit A2f
Rabbit B5 f was born!Father is A4 and Mother is A2
Rabbit A5f is running away from: LionB4
Rabbit A5f is running away from: WolfB3
Rabbit B3m is running away from: LionA3
Rabbit B3m is running away from: WolfB3
Rabbit B3 is Hungry
Rabbit B3m ate
Rabbit B3 m is ready to mate
Rabbit B3 m is approaching partner: Rabbit B3f
Rabbit B5m is running away from: LionA3
Rabbit B5m is running away from: WolfB3
Rabbit B5 m is ready to mate
Rabbit B5 m is approaching partner: Rabbit B3f
Rabbit B3f is running away from: LionB4
Rabbit B3f is running away from: WolfB3
Rabbit B3 f is ready to mate
Rabbit B3f is running away from: LionB0
Rabbit B3f is running away from: WolfC4
Rabbit B3 f is ready to mate
Rabbit C0f is running away from: LionB0
Rabbit C0f is running away from: WolfC4
Rabbit C0 is Hungry
Rabbit C0f ate
Rabbit C0 f is ready to mate
Rabbit C5m is running away from: LionB2
Rabbit C5m is running away from: WolfC1
Rabbit C5 m is ready to mate
Rabbit C5 m is approaching partner: Rabbit C1f
Rabbit B3m is running away from: LionA3
Rabbit B3m is running away from: WolfB3
Rabbit B3 m is ready to mate
Rabbit B3 m is approaching partner: Rabbit B4f
Rabbit A0f is running away from: LionA3
Rabbit A0f is running away from: WolfB3
Rabbit A0 f is ready to mate
Rabbit C5m is running away from: LionA3
Rabbit C5m is running away from: WolfB3
Rabbit C5 m is ready to mate
Rabbit C5 m is approaching partner: Rabbit A0f
Rabbit B2m is running away from: LionA3
Rabbit B2m is running away from: WolfB3
Rabbit B2 is Hungry
Rabbit B2 m is ready to mate
Rabbit B2 m is approaching partner: Rabbit B4f
Rabbit C1f is running away from: LionB2
Rabbit C1f is running away from: WolfC1
Rabbit C1 f is ready to mate
Rabbit B0f is running away from: LionA3
Rabbit B0f is running away from: WolfC1
Rabbit B0 f is ready to mate
Rabbit A1m is running away from: LionB4
Rabbit A1m is running away from: WolfB3
Rabbit A1 is Hungry
Rabbit A1 m is ready to mate
Rabbit A1 m is approaching partner: Rabbit B3f
Rabbit A3f is running away from: LionB4
Rabbit A3f is running away from: WolfB3
Rabbit A3 is Hungry
Lion B4 m is ready to mate
Lion B2 f is ready to mate
Lion A3 f is ready to mate
Lion B4 m is ready to mate
Lion B0 f is ready to mate
Wolf B3f is running away from: LionB4
Wolf B2f is running away from: LionB2
Wolf C3f is running away from: LionB2
Wolf C4m is running away from: LionB2
Wolf A3m is running away from: LionB2
Wolf C1f is running away from: LionB0
Wolf A2m is running away from: LionB2
Wolf B1m is running away from: LionB2
Rabbit A2f is running away from: LionB4
Rabbit A2f is running away from: WolfB2
Rabbit B4f is running away from: LionA3
Rabbit B4f is running away from: WolfB3
Rabbit B4 is Hungry
Rabbit B4f ate
Rabbit B4 f is ready to mate
Rabbit A4m is running away from: LionA3
Rabbit A4m is running away from: WolfB3
Rabbit A4 is Hungry
Rabbit A4 m is ready to mate
Rabbit A4 m is approaching partner: Rabbit B4f
Rabbit C2m is running away from: LionA3
Rabbit C2m is running away from: WolfC1
Rabbit C2 is Hungry
Rabbit C2m ate
Rabbit C2 m is ready to mate
Rabbit C2 m is approaching partner: Rabbit B0f
Rabbit B4f is running away from: LionA3
Rabbit B4f is running away from: WolfC1
Rabbit B4 is Hungry
RabbitB4f died of hunger
Rabbit B4 f is ready to mate
Rabbit A4m is running away from: LionB4
Rabbit A4m is running away from: WolfB2
Rabbit A4 is Hungry
RabbitA4m died of hunger
Rabbit A4 m is ready to mate
Rabbit A4 m is approaching partner: Rabbit B3f
Rabbit A5f is running away from: LionB4
Rabbit A5f is running away from: WolfB3
Rabbit A5 is Hungry
Rabbit B3m is running away from: LionB4
Rabbit B3m is running away from: WolfB3
Rabbit B3 m is ready to mate
Rabbit B3 m is approaching partner: Rabbit B3f
Rabbit B5m is running away from: LionB4
Rabbit B5m is running away from: WolfB3
Rabbit B5 is Hungry
Rabbit B5m ate
Rabbit B5 m is ready to mate
Rabbit B5 m is approaching partner: Rabbit B3f
Rabbit B3f is running away from: LionB4
Rabbit B3f is running away from: WolfB3
Rabbit B3 is Hungry
Rabbit B3f ate
Rabbit B3 f is ready to mate
Rabbit B3f is running away from: LionB4
Rabbit B3f is running away from: WolfC4
Rabbit B3 is Hungry
Rabbit B3 f is ready to mate
Rabbit C0f is running away from: LionB4
Rabbit C0f is running away from: WolfC4
Rabbit C0 f is ready to mate
Rabbit C5m is running away from: LionB2
Rabbit C5m is running away from: WolfC1
Rabbit C5 is Hungry
Rabbit C5m ate
Rabbit C5 m is ready to mate
Rabbit C5 m is approaching partner: Rabbit C1f
Rabbit B3m is running away from: LionA3
Rabbit B3m is running away from: WolfC1
Rabbit B3 is Hungry
Rabbit B3 m is ready to mate
Rabbit B3 m is approaching partner: Rabbit B4f
Rabbit A0f is running away from: LionA3
Rabbit A0f is running away from: WolfB3
Rabbit A0 is Hungry
Rabbit A0 f is ready to mate
Rabbit C5m is running away from: LionA3
Rabbit C5m is running away from: WolfB3
Rabbit C5 is Hungry
Rabbit C5 m is ready to mate
Rabbit C5 m is approaching partner: Rabbit A0f
Rabbit B2m is running away from: LionA3
Rabbit B2m is running away from: WolfC1
Rabbit B2 is Hungry
RabbitB2m died of hunger
Rabbit B2 m is ready to mate
Rabbit B2 m is approaching partner: Rabbit B4f
Rabbit C1f is running away from: LionB0
Rabbit C1f is running away from: WolfC1
Rabbit C1 is Hungry
Rabbit C1 f is ready to mate
Rabbit B0f is running away from: LionA3
Rabbit B0f is running away from: WolfC1
Rabbit B0 is Hungry
Rabbit B0f ate
Rabbit B0 f is ready to mate
Rabbit A1m is running away from: LionB4
Rabbit A1m is running away from: WolfB3
Rabbit A1 is Hungry
RabbitA1m died of hunger
Rabbit A1m ate
Rabbit A1 m is ready to mate
Rabbit A1 m is approaching partner: Rabbit B3f
Rabbit A3f is running away from: LionB4
Rabbit A3f is running away from: WolfB3
Rabbit A3 is Hungry
Rabbit A3 f is ready to mate
Rabbit B5f is running away from: LionB4
Rabbit B5f is running away from: WolfB2
Lion B4 m is ready to mate
Lion B2 f is ready to mate
Lion A3 f is ready to mate
Lion B4 m is ready to mate
Lion B0 f is ready to mate
Wolf B3f is running away from: LionA3
Wolf B2f is running away from: LionB0
Wolf C3f is running away from: LionB2
Wolf C4m is running away from: LionB2
Wolf A3m is running away from: LionB2
Wolf C1f is running away from: LionB0
Wolf A2m is running away from: LionB2
Wolf B1m is running away from: LionB2
Rabbit A2 is Thirsty
Rabbit A2 drank water
Rabbit A2f is running away from: LionB4
Rabbit A2f is running away from: WolfA3
Rabbit A2 is Hungry
Rabbit A2f ate
Rabbit B4 is Thirsty
Rabbit B4 drank water
Rabbit B4f is running away from: LionA3
Rabbit B4f is running away from: WolfC1
Rabbit B4 f is ready to mate
Rabbit A4 is Thirsty
Rabbit A4 drank water
Rabbit A4m is running away from: LionA3
Rabbit A4m is running away from: WolfC1
Rabbit A4 is Hungry
Rabbit A4m ate
Rabbit A4 m is ready to mate
Rabbit A4 m is approaching partner: Rabbit B4f
Rabbit C2 is Thirsty
Rabbit C2 drank water
Rabbit C2m is running away from: LionA3
Rabbit C2m is running away from: WolfC1
Rabbit C2 m is ready to mate
Rabbit C2 m is approaching partner: Rabbit B0f
Rabbit A5 is Thirsty
Rabbit A5 drank water
Rabbit A5f is running away from: LionB4
Rabbit A5f is running away from: WolfB3
Rabbit A5 is Hungry
Rabbit A5 f is ready to mate
Rabbit B3 is Thirsty
Rabbit B3 drank water
Rabbit B3m is running away from: LionB4
Rabbit B3m is running away from: WolfB3
Rabbit B3 is Hungry
Rabbit B3m ate
Rabbit B3 m is ready to mate
Rabbit B3 m is approaching partner: Rabbit A3f
Rabbit B5 is Thirsty
Rabbit B5 drank water
Rabbit B5m is running away from: LionB4
Rabbit B5m is running away from: WolfB3
Rabbit B5 m is ready to mate
Rabbit B5 m is approaching partner: Rabbit A3f
Rabbit B3 is Thirsty
Rabbit B3 drank water
Rabbit B3f is running away from: LionB4
Rabbit B3f is running away from: WolfA3
Rabbit B3 f is ready to mate
Rabbit B3 is Thirsty
Rabbit B3 drank water
Rabbit B3f is running away from: LionB4
Rabbit B3f is running away from: WolfA3
Rabbit B3 is Hungry
Rabbit B3f ate
Rabbit B3 f is ready to mate
Rabbit C0 is Thirsty
Rabbit C0 drank water
Rabbit C0f is running away from: LionB4
Rabbit C0f is running away from: WolfA3
Rabbit C0 is Hungry
Rabbit C0f ate
Rabbit C0 f is ready to mate
Rabbit C5 is Thirsty
Rabbit C5 drank water
Rabbit C5m is running away from: LionB0
Rabbit C5m is running away from: WolfB2
Rabbit C5 m is ready to mate
Rabbit C5 m is approaching partner: Rabbit C1f
Rabbit B3 is Thirsty
Rabbit B3 drank water
Rabbit B3m is running away from: LionA3
Rabbit B3m is running away from: WolfC1
Rabbit B3 is Hungry
Rabbit B3m ate
Rabbit B3 m is ready to mate
Rabbit B3 m is approaching partner: Rabbit B4f
Rabbit A0 is Thirsty
Rabbit A0 drank water
Rabbit A0f is running away from: LionA3
Rabbit A0f is running away from: WolfB3
Rabbit A0 is Hungry
Rabbit A0 f is ready to mate
Rabbit C5 is Thirsty
Rabbit C5 drank water
Rabbit C5m is running away from: LionA3
Rabbit C5m is running away from: WolfB3
Rabbit C5 is Hungry
Rabbit C5m ate
Rabbit C5 m is ready to mate
Rabbit C5 m is approaching partner: Rabbit A0f
Rabbit C1 is Thirsty
Rabbit C1 drank water
Rabbit C1f is running away from: LionB2
Rabbit C1f is running away from: WolfC1
Rabbit C1 is Hungry
Rabbit C1 f is ready to mate
Rabbit B0 is Thirsty
Rabbit B0 drank water
Rabbit B0f is running away from: LionA3
Rabbit B0f is running away from: WolfC1
Rabbit B0 f is ready to mate
Rabbit A3f is running away from: LionB4
Rabbit A3f is running away from: WolfB3
Rabbit A3 is Hungry
RabbitA3f died of hunger
Rabbit A3 f is ready to mate
Rabbit B5f is running away from: LionB4
Rabbit B5f is running away from: WolfA3
Rabbit B5 is Hungry
Lion B4 m is ready to mate
Lion B2 f is ready to mate
Lion A3 f is ready to mate
Lion B4 m is ready to mate
Lion B1 f was born!Father is B4 and Mother is B0
Wolf B3f is running away from: LionA3
Wolf B3 f is ready to mate
Wolf B2f is running away from: LionB0
Wolf B2 f is ready to mate
Wolf C3f is running away from: LionB2
Wolf C3 f is ready to mate
Wolf C4m is running away from: LionB2
Wolf C4 m is ready to mate
Wolf A3m is running away from: LionB2
Wolf A3 m is ready to mate
Wolf C1f is running away from: LionB4
Wolf C1 f is ready to mate
Wolf A2m is running away from: LionB2
Wolf A2 m is ready to mate
Wolf B1m is running away from: LionB2
Wolf B1 m is ready to mate
Rabbit A2 is Thirsty
Rabbit A2 drank water
Rabbit A2f is running away from: LionB4
Rabbit A2f is running away from: WolfA3
Rabbit B4 is Thirsty
Rabbit B4 drank water
Rabbit B4f is running away from: LionA3
Rabbit B4f is running away from: WolfC1
Rabbit B4 is Hungry
Rabbit B4f ate
Rabbit B4 f is ready to mate
Rabbit A4 is Thirsty
Rabbit A4 drank water
Rabbit A4m is running away from: LionA3
Rabbit A4m is running away from: WolfC1
Rabbit A4 m is ready to mate
Rabbit A4 m is approaching partner: Rabbit B4f
Rabbit C2 is Thirsty
Rabbit C2 drank water
Rabbit C2m is running away from: LionA3
Rabbit C2m is running away from: WolfC1
Rabbit C2 is Hungry
Rabbit C2m ate
Rabbit C2 m is ready to mate
Rabbit C2 m is approaching partner: Rabbit B0f
Rabbit A5 is Thirsty
Rabbit A5 drank water
Rabbit A5f is running away from: LionB4
Rabbit A5f is running away from: WolfB3
Rabbit A5 is Hungry
RabbitA5f died of hunger
Rabbit A5f ate
Rabbit A5 f is ready to mate
Rabbit B3 is Thirsty
Rabbit B3 drank water
Rabbit B3m is running away from: LionB4
Rabbit B3m is running away from: WolfB3
Rabbit B3 m is ready to mate
Rabbit B3 m is approaching partner: Rabbit B3f
Rabbit B5 is Thirsty
Rabbit B5 drank water
Rabbit B5m is running away from: LionB4
Rabbit B5m is running away from: WolfB3
Rabbit B5 is Hungry
Rabbit B5m ate
Rabbit B5 m is ready to mate
Rabbit B5 m is approaching partner: Rabbit B3f
Rabbit B3 is Thirsty
Rabbit B3 drank water
Rabbit B3f is running away from: LionB4
Rabbit B3f is running away from: WolfA3
Rabbit B3 is Hungry
Rabbit B3 f is ready to mate
Rabbit B3 is Thirsty
Rabbit B3 drank water
Rabbit B3f is running away from: LionB4
Rabbit B3f is running away from: WolfA3
Rabbit B3 f is ready to mate
Rabbit C0 is Thirsty
Rabbit C0 drank water
Rabbit C0f is running away from: LionB2
Rabbit C0f is running away from: WolfA3
Rabbit C0 f is ready to mate
Rabbit C5 is Thirsty
Rabbit C5 drank water
Rabbit C5m is running away from: LionB4
Rabbit C5m is running away from: WolfB2
Rabbit C5 is Hungry
Rabbit C5 m is ready to mate
Rabbit C5 m is approaching partner: Rabbit C1f
Rabbit B3 is Thirsty
Rabbit B3 drank water
Rabbit B3m is running away from: LionA3
Rabbit B3m is running away from: WolfC1
Rabbit B3 m is ready to mate
Rabbit B3 m is approaching partner: Rabbit B4f
Rabbit A0 is Thirsty
Rabbit A0 drank water
Rabbit A0f is running away from: LionA3
Rabbit A0f is running away from: WolfB3
Rabbit A0 is Hungry
RabbitA0f died of hunger
Rabbit A0 f is ready to mate
Rabbit C5 is Thirsty
Rabbit C5 drank water
Rabbit C5m is running away from: LionA3
Rabbit C5m is running away from: WolfB3
Rabbit C5 m is ready to mate
Rabbit C5 m is approaching partner: Rabbit B4f
Rabbit C1 is Thirsty
Rabbit C1 drank water
Rabbit C1f is running away from: LionB4
Rabbit C1f is running away from: WolfB2
Rabbit C1 is Hungry
RabbitC1f died of hunger
Rabbit C1 f is ready to mate
Rabbit B0 is Thirsty
Rabbit B0 drank water
Rabbit B0f is running away from: LionA3
Rabbit B0f is running away from: WolfC1
Rabbit B0 is Hungry
Rabbit B0f ate
Rabbit B0 f is ready to mate
Rabbit B5f is running away from: LionB4
Rabbit B5f is running away from: WolfA3
Rabbit B5 is Hungry
Rabbit B5 f is ready to mate
Lion B4 m is ready to mate
Lion B2 f is ready to mate
Lion A3 f is ready to mate
Lion B4 m is ready to mate
Wolf B3f is running away from: LionB4
Wolf B3 f is ready to mate
Wolf B2f is running away from: LionB2
Wolf B2 f is ready to mate
Wolf C3f is running away from: LionB2
Wolf C3 f is ready to mate
Wolf C4m is running away from: LionB2
Wolf C4 m is ready to mate
Wolf A3m is running away from: LionB2
Wolf A3 m is ready to mate
Wolf C1f is running away from: LionB1
Wolf C1 f is ready to mate
Wolf A2m is running away from: LionB2
Wolf A2 m is ready to mate
Wolf B1m is running away from: LionB2
Wolf B1 m is ready to mate
Rabbit A2 is Thirsty
Rabbit A2 drank water
Rabbit A2f is running away from: LionB4
Rabbit A2f is running away from: WolfA3
Rabbit A2 is Hungry
Rabbit A2 f is ready to mate
Rabbit B4 is Thirsty
Rabbit B4 drank water
Rabbit B4f is running away from: LionA3
Rabbit B4f is running away from: WolfC1
Rabbit B4 f is ready to mate
Rabbit A4 is Thirsty
Rabbit A4 drank water
Rabbit A4m is running away from: LionA3
Rabbit A4m is running away from: WolfC1
Rabbit A4 is Hungry
Rabbit A4 m is ready to mate
Rabbit A4 m is approaching partner: Rabbit B4f
Rabbit C2 is Thirsty
Rabbit C2 drank water
Rabbit C2m is running away from: LionA3
Rabbit C2m is running away from: WolfC1
Rabbit C2 m is ready to mate
Rabbit C2 m is approaching partner: Rabbit B0f
Rabbit B3 is Thirsty
Rabbit B3 drank water
Rabbit B3m is running away from: LionB4
Rabbit B3m is running away from: WolfB3
Rabbit B3 is Hungry
Rabbit B3m ate
Rabbit B3 m is ready to mate
Rabbit B3 m is approaching partner: Rabbit B5f
Rabbit B5 is Thirsty
Rabbit B5 drank water
Rabbit B5m is running away from: LionB4
Rabbit B5m is running away from: WolfB3
Rabbit B5 m is ready to mate
Rabbit B5 m is approaching partner: Rabbit B5f
Rabbit B3 is Thirsty
Rabbit B3 drank water
Rabbit B3f is running away from: LionB4
Rabbit B3f is running away from: WolfA3
Rabbit B3 is Hungry
Rabbit B3 f is ready to mate
Rabbit B3 is Thirsty
Rabbit B3 drank water
Rabbit B3f is running away from: LionB0
Rabbit B3f is running away from: WolfA3
Rabbit B3 is Hungry
Rabbit B3f ate
Rabbit B3 f is ready to mate
Rabbit C0 is Thirsty
Rabbit C0 drank water
Rabbit C0f is running away from: LionB0
Rabbit C0f is running away from: WolfA3
Rabbit C0 is Hungry
Rabbit C0 f is ready to mate
Rabbit C5 is Thirsty
Rabbit C5 drank water
Rabbit C5m is running away from: LionB4
Rabbit C5m is running away from: WolfB2
Rabbit C5 is Hungry
Rabbit C5m ate
Rabbit C5 m is ready to mate
Rabbit C5 m is approaching partner: Rabbit B3f
Rabbit B3 is Thirsty
Rabbit B3 drank water
Rabbit B3m is running away from: LionA3
Rabbit B3m is running away from: WolfC1
Rabbit B3 is Hungry
Rabbit B3 m is ready to mate
Rabbit B3 m is approaching partner: Rabbit B4f
Rabbit C5 is Thirsty
Rabbit C5 drank water
Rabbit C5m is running away from: LionA3
Rabbit C5m is running away from: WolfB3
Rabbit C5 is Hungry
Rabbit C5m ate
Rabbit C5 m is ready to mate
Rabbit C5 m is approaching partner: Rabbit B4f
Rabbit B0 is Thirsty
Rabbit B0 drank water
Rabbit B0f is running away from: LionA3
Rabbit B0f is running away from: WolfC1
Rabbit B0 f is ready to mate
Rabbit B5f is running away from: LionB4
Rabbit B5f is running away from: WolfA3
Rabbit B5 is Hungry
RabbitB5f died of hunger
Rabbit B5 f is ready to mate
Lion B4 m is ready to mate
Lion B2 f is ready to mate
Lion A3 f is ready to mate
Lion B4 m is ready to mate
Wolf B3f is running away from: LionB4
Wolf B3 is Thirsty
Wolf B3drank water
Wolf B3 f is ready to mate
Wolf B2f is running away from: LionB2
Wolf B2 is Thirsty
Wolf B2drank water
Wolf B2 f is ready to mate
Wolf C3f is running away from: LionB2
Wolf C3 is Thirsty
Wolf C3drank water
Wolf C3 f is ready to mate
Wolf C4m is running away from: LionB2
Wolf C4 is Thirsty
Wolf C4drank water
Wolf C4 m is ready to mate
Wolf A3m is running away from: LionB2
Wolf A3 is Thirsty
Wolf A3drank water
Wolf A3 m is ready to mate
Wolf C1f is running away from: LionB1
Wolf C1 is Thirsty
Wolf C1drank water
Wolf C1 f is ready to mate
Wolf A2m is running away from: LionB2
Wolf A2 is Thirsty
Wolf A2drank water
Wolf A2 m is ready to mate
Wolf B1m is running away from: LionB2
Wolf B1 is Thirsty
Wolf B1drank water
Wolf B1 m is ready to mate
Rabbit A2 is Thirsty
Rabbit A2 drank water
Rabbit A2f is running away from: LionB0
Rabbit A2f is running away from: WolfA3
Rabbit A2 is Hungry
Rabbit A2 f is ready to mate
Rabbit B4 is Thirsty
Rabbit B4 drank water
Rabbit B4f is running away from: LionA3
Rabbit B4f is running away from: WolfB3
Rabbit B4 is Hungry
Rabbit B4 f is ready to mate
Rabbit A4 is Thirsty
Rabbit A4 drank water
Rabbit A4m is running away from: LionA3
Rabbit A4m is running away from: WolfB3
Rabbit A4 is Hungry
Rabbit A4 m is ready to mate
Rabbit A4 m is approaching partner: Rabbit B4f
Rabbit C2 is Thirsty
Rabbit C2 drank water
Rabbit C2m is running away from: LionA3
Rabbit C2m is running away from: WolfC1
Rabbit C2 is Hungry
Rabbit C2m ate
Rabbit C2 m is ready to mate
Rabbit C2 m is approaching partner: Rabbit B4f
Rabbit B3 is Thirsty
Rabbit B3 drank water
Rabbit B3m is running away from: LionB4
Rabbit B3m is running away from: WolfB3
Rabbit B3 m is ready to mate
Rabbit B3 m is approaching partner: Rabbit B3f
Rabbit B5 is Thirsty
Rabbit B5 drank water
Rabbit B5m is running away from: LionB4
Rabbit B5m is running away from: WolfC1
Rabbit B5 is Hungry
Rabbit B5m ate
Rabbit B5 m is ready to mate
Rabbit B5 m is approaching partner: Rabbit B3f
Rabbit B3 is Thirsty
Rabbit B3 drank water
Rabbit B3f is running away from: LionB0
Rabbit B3f is running away from: WolfA3
Rabbit B3 is Hungry
RabbitB3f died of hunger
Rabbit B3 f is ready to mate
Rabbit B3 is Thirsty
Rabbit B3 drank water
Rabbit B3f is running away from: LionB0
Rabbit B3f is running away from: WolfA3
Rabbit B3 f is ready to mate
Rabbit C0 is Thirsty
Rabbit C0 drank water
Rabbit C0f is running away from: LionB2
Rabbit C0f is running away from: WolfA3
Rabbit C0 is Hungry
Rabbit C0 f is ready to mate
Rabbit C5 is Thirsty
Rabbit C5 drank water
Rabbit C5m is running away from: LionB4
Rabbit C5m is running away from: WolfB2
Rabbit C5 m is ready to mate
Rabbit C5 m is approaching partner: Rabbit A2f
Rabbit B3 is Thirsty
Rabbit B3 drank water
Rabbit B3m is running away from: LionA3
Rabbit B3m is running away from: WolfB3
Rabbit B3 is Hungry
Rabbit B3m ate
Rabbit B3 m is ready to mate
Rabbit B3 m is approaching partner: Rabbit B4f
Rabbit C5 is Thirsty
Rabbit C5 drank water
Rabbit C5m is running away from: LionA3
Rabbit C5m is running away from: WolfB3
Rabbit C5 m is ready to mate
Rabbit C5 m is approaching partner: Rabbit B4f
Rabbit B0 is Thirsty
Rabbit B0 drank water
Rabbit B0f is running away from: LionA3
Rabbit B0f is running away from: WolfC1
Rabbit B0 is Hungry
Rabbit B0f ate
Rabbit B0 f is ready to mate
Lion B4 is Thirsty
Lion B4 drank water
Lion B4 m is ready to mate
Lion B2 is Thirsty
Lion B2 drank water
Lion B2 f is ready to mate
Lion A3 is Thirsty
Lion A3 drank water
Lion A3 f is ready to mate
Lion B4 is Thirsty
Lion B4 drank water
Lion B4 m is ready to mate
Lion B0 is Thirsty
Lion B0 drank water
Wolf B3f is running away from: LionA3
Wolf B3 is Thirsty
Wolf B3drank water
Wolf B3 f is ready to mate
Wolf B2f is running away from: LionB4
Wolf B2 is Thirsty
Wolf B2drank water
Wolf B2 f is ready to mate
Wolf C3f is running away from: LionB2
Wolf C3 is Thirsty
Wolf C3drank water
Wolf C3 f is ready to mate
Wolf C4m is running away from: LionB2
Wolf C4 is Thirsty
Wolf C4drank water
Wolf C4 m is ready to mate
Wolf A3m is running away from: LionB0
Wolf A3 is Thirsty
Wolf A3drank water
Wolf A3 m is ready to mate
Wolf C1f is running away from: LionB1
Wolf C1 is Thirsty
Wolf C1drank water
Wolf C1 f is ready to mate
Wolf A2m is running away from: LionB2
Wolf A2 is Thirsty
Wolf A2drank water
Wolf A2 m is ready to mate
Wolf B1m is running away from: LionB2
Wolf B1 is Thirsty
Wolf B1drank water
Wolf B1 m is ready to mate
Rabbit A2 is Thirsty
Rabbit A2 drank water
Rabbit A2f is running away from: LionB0
Rabbit A2f is running away from: WolfA3
Rabbit A2 is Hungry
RabbitA2f died of hunger
Rabbit A2 f is ready to mate
Rabbit B4 is Thirsty
Rabbit B4 drank water
Rabbit B4f is running away from: LionA3
Rabbit B4f is running away from: WolfC1
Rabbit B4 is Hungry
Rabbit B4f ate
Rabbit B4 f is ready to mate
Rabbit A4 is Thirsty
Rabbit A4 drank water
Rabbit A4m is running away from: LionA3
Rabbit A4m is running away from: WolfC1
Rabbit A4 is Hungry
RabbitA4m died of hunger
Rabbit A4 m is ready to mate
Rabbit A4 m is approaching partner: Rabbit B4f
Rabbit C2 is Thirsty
Rabbit C2 drank water
Rabbit C2m is running away from: LionA3
Rabbit C2m is running away from: WolfC1
Rabbit C2 m is ready to mate
Rabbit C2 m is approaching partner: Rabbit B4f
Rabbit B1 f was born!Father is C2 and Mother is B4
Rabbit B3 is Thirsty
Rabbit B3 drank water
Rabbit B3m is running away from: LionB1
Rabbit B3m is running away from: WolfC1
Rabbit B3 is Hungry
Rabbit B3 m is ready to mate
Rabbit B3 m is approaching partner: Rabbit B0f
Rabbit B5 is Thirsty
Rabbit B5 drank water
Rabbit B5m is running away from: LionB1
Rabbit B5m is running away from: WolfB3
Rabbit B5 m is ready to mate
Rabbit B5 m is approaching partner: Rabbit B3f
Rabbit B3 is Thirsty
Rabbit B3 drank water
Rabbit B3f is running away from: LionB2
Rabbit B3f is running away from: WolfC4
Rabbit B3 is Hungry
Rabbit B3 f is ready to mate
Rabbit C0 is Thirsty
Rabbit C0 drank water
Rabbit C0f is running away from: LionB2
Rabbit C0f is running away from: WolfC4
Rabbit C0 is Hungry
RabbitC0f died of hunger
Rabbit C0 f is ready to mate
Rabbit C5 is Thirsty
Rabbit C5 drank water
Rabbit C5m is running away from: LionB4
Rabbit C5m is running away from: WolfB2
Rabbit C5 is Hungry
Rabbit C5 m is ready to mate
Rabbit C5 m is approaching partner: Rabbit B3f
Rabbit B3 is Thirsty
Rabbit B3 drank water
Rabbit B3m is running away from: LionA3
Rabbit B3m is running away from: WolfC1
Rabbit B3 m is ready to mate
Rabbit B3 m is approaching partner: Rabbit B0f
Rabbit C5 is Thirsty
Rabbit C5 drank water
Rabbit C5m is running away from: LionA3
Rabbit C5m is running away from: WolfC1
Rabbit C5 is Hungry
Rabbit C5m ate
Rabbit C5 m is ready to mate
Rabbit C5 m is approaching partner: Rabbit B0f
Rabbit B0 is Thirsty
Rabbit B0 drank water
Rabbit B0f is running away from: LionA3
Rabbit B0f is running away from: WolfC1
Rabbit B0 f is ready to mate
Lion B4 is Thirsty
Lion B4 drank water
Lion B4 m is ready to mate
Lion B2 is Thirsty
Lion B2 drank water
Lion B2 f is ready to mate
Lion A3 is Thirsty
Lion A3 drank water
Lion A3 f is ready to mate
Lion B4 is Thirsty
Lion B4 drank water
Lion B4 m is ready to mate
Lion B0 is Thirsty
Lion B0 drank water
Wolf B3f is running away from: LionB4
Wolf B3 is Thirsty
Wolf B3drank water
Wolf B3 f is ready to mate
Wolf B2f is running away from: LionB2
Wolf B2 f is ready to mate
Wolf C3f is running away from: LionB2
Wolf C3 is Thirsty
Wolf C3drank water
Wolf C3 f is ready to mate
Wolf C4m is running away from: LionB2
Wolf C4 is Thirsty
Wolf C4drank water
Wolf C4 m is ready to mate
Wolf A3m is running away from: LionB4
Wolf A3 is Thirsty
Wolf A3drank water
Wolf A3 m is ready to mate
Wolf C1f is running away from: LionB1
Wolf C1 is Thirsty
Wolf C1drank water
Wolf C1 f is ready to mate
Wolf A2m is running away from: LionB2
Wolf A2 is Thirsty
Wolf A2drank water
Wolf A2 m is ready to mate
Wolf B1m is running away from: LionB2
Wolf B1 is Thirsty
Wolf B1drank water
Wolf B1 m is ready to mate
Rabbit B4 is Thirsty
Rabbit B4 drank water
Rabbit B4f is running away from: LionA3
Rabbit B4f is running away from: WolfC1
Rabbit C2 is Thirsty
Rabbit C2 drank water
Rabbit C2m is running away from: LionA3
Rabbit C2m is running away from: WolfC1
Rabbit C2 is Hungry
Rabbit C2 m is ready to mate
Rabbit C2 m is approaching partner: Rabbit B0f
Rabbit B3m is running away from: LionB1
Rabbit B3m is running away from: WolfC1
Rabbit B3 is Hungry
Rabbit B3m ate
Rabbit B3 m is ready to mate
Rabbit B3 m is approaching partner: Rabbit B0f
Rabbit B5 is Thirsty
Rabbit B5 drank water
Rabbit B5m is running away from: LionB1
Rabbit B5m is running away from: WolfB3
Rabbit B5 is Hungry
Rabbit B5 m is ready to mate
Rabbit B5 m is approaching partner: Rabbit B3f
Rabbit B3 is Thirsty
Rabbit B3 drank water
Rabbit B3f is running away from: LionB0
Rabbit B3f is running away from: WolfC4
Rabbit B3 is Hungry
Rabbit B3 f is ready to mate
Rabbit C5 is Thirsty
Rabbit C5 drank water
Rabbit C5m is running away from: LionB4
Rabbit C5m is running away from: WolfB2
Rabbit C5 is Hungry
Rabbit C5 m is ready to mate
Rabbit C5 m is approaching partner: Rabbit B3f
Rabbit B3 is Thirsty
Rabbit B3 drank water
Rabbit B3m is running away from: LionA3
Rabbit B3m is running away from: WolfC1
Rabbit B3 is Hungry
Rabbit B3m ate
Rabbit B3 m is ready to mate
Rabbit B3 m is approaching partner: Rabbit B0f
Rabbit C5 is Thirsty
Rabbit C5 drank water
Rabbit C5m is running away from: LionA3
Rabbit C5m is running away from: WolfC1
Rabbit C5 m is ready to mate
Rabbit C5 m is approaching partner: Rabbit B0f
Rabbit B0 is Thirsty
Rabbit B0 drank water
Rabbit B0f is running away from: LionA3
Rabbit B0f is running away from: WolfC1
Rabbit B0 is Hungry
Rabbit B0f ate
Rabbit B0 f is ready to mate
Rabbit B1f is running away from: LionA3
Rabbit B1f is running away from: WolfC1
Lion B4 is Thirsty
Lion B4 drank water
Lion B4 m is ready to mate
Lion B2 is Thirsty
Lion B2 drank water
Lion B2 f is ready to mate
Lion A3 is Thirsty
Lion A3 drank water
Lion A3 f is ready to mate
Lion B4 is Thirsty
Lion B4 drank water
Lion B4 m is ready to mate
Lion B0 is Thirsty
Lion B0 drank water
Wolf B3f is running away from: LionB4
Wolf B3 is Thirsty
Wolf B3drank water
Wolf B3 f is ready to mate
Wolf B2f is running away from: LionB2
Wolf B2 f is ready to mate
Wolf C3f is running away from: LionB2
Wolf C3 is Thirsty
Wolf C3drank water
Wolf C3 f is ready to mate
Wolf C4m is running away from: LionB2
Wolf C4 is Thirsty
Wolf C4drank water
Wolf C4 m is ready to mate
Wolf A3m is running away from: LionB4
Wolf A3 is Thirsty
Wolf A3drank water
Wolf A3 m is ready to mate
Wolf C1f is running away from: LionB1
Wolf C1 is Thirsty
Wolf C1drank water
Wolf C1 f is ready to mate
Wolf A2m is running away from: LionB2
Wolf A2 is Thirsty
Wolf A2drank water
Wolf A2 m is ready to mate
Wolf B1m is running away from: LionB2
Wolf B1 is Thirsty
Wolf B1drank water
Wolf B1 m is ready to mate
Rabbit B4 is Thirsty
Rabbit B4 drank water
Rabbit B4f is running away from: LionA3
Rabbit B4f is running away from: WolfC1
Rabbit B4 is Hungry
Rabbit C2 is Thirsty
Rabbit C2 drank water
Rabbit C2m is running away from: LionA3
Rabbit C2m is running away from: WolfC1
Rabbit C2 is Hungry
Rabbit C2 m is ready to mate
Rabbit C2 m is approaching partner: Rabbit B0f
Rabbit B3m is running away from: LionA3
Rabbit B3m is running away from: WolfC1
Rabbit B3 m is ready to mate
Rabbit B3 m is approaching partner: Rabbit B3f
Rabbit B5 is Thirsty
Rabbit B5 drank water
Rabbit B5m is running away from: LionB1
Rabbit B5m is running away from: WolfC1
Rabbit B5 is Hungry
Rabbit B5m ate
Rabbit B5 m is ready to mate
Rabbit B5 m is approaching partner: Rabbit B3f
Rabbit B3 is Thirsty
Rabbit B3 drank water
Rabbit B3f is running away from: LionB0
Rabbit B3f is running away from: WolfC4
Rabbit B3 is Hungry
RabbitB3f died of hunger
Rabbit B3 f is ready to mate
Rabbit C5 is Thirsty
Rabbit C5 drank water
Rabbit C5m is running away from: LionB4
Rabbit C5m is running away from: WolfB2
Rabbit C5 is Hungry
RabbitC5m died of hunger
Rabbit C5 m is ready to mate
Rabbit C5 m is approaching partner: Rabbit B0f
Rabbit B3 is Thirsty
Rabbit B3 drank water
Rabbit B3m is running away from: LionA3
Rabbit B3m is running away from: WolfC1
Rabbit B3 m is ready to mate
Rabbit B3 m is approaching partner: Rabbit B0f
Rabbit C5 is Thirsty
Rabbit C5 drank water
Rabbit C5m is running away from: LionA3
Rabbit C5m is running away from: WolfC1
Rabbit C5 is Hungry
Rabbit C5 m is ready to mate
Rabbit C5 m is approaching partner: Rabbit B0f
Rabbit B0 is Thirsty
Rabbit B0 drank water
Rabbit B0f is running away from: LionA3
Rabbit B0f is running away from: WolfC1
Rabbit B0 f is ready to mate
Rabbit B1f is running away from: LionA3
Rabbit B1f is running away from: WolfC1
Rabbit B1 is Hungry
Rabbit B1f ate
Lion B4 is Thirsty
Lion B4 drank water
Lion B4 m is ready to mate
Lion B2 is Thirsty
Lion B2 drank water
Lion B2 f is ready to mate
Lion A3 is Thirsty
Lion A3 drank water
Lion A3 f is ready to mate
Lion B4 is Thirsty
Lion B4 drank water
Lion B4 m is ready to mate
Lion B0 is Thirsty
Lion B0 drank water
Wolf B3f is running away from: LionB4
Wolf B3 is Thirsty
Wolf B3drank water
Wolf B3 f is ready to mate
Wolf B2f is running away from: LionB2
Wolf B2 f is ready to mate
Wolf C3f is running away from: LionB2
Wolf C3 is Thirsty
Wolf C3drank water
Wolf C3 f is ready to mate
Wolf C4m is running away from: LionB2
Wolf C4 is Thirsty
Wolf C4drank water
Wolf C4 m is ready to mate
Wolf A3m is running away from: LionB2
Wolf A3 is Thirsty
Wolf A3drank water
Wolf A3 m is ready to mate
Wolf C1f is running away from: LionB1
Wolf C1 is Thirsty
Wolf C1drank water
Wolf C1 f is ready to mate
Wolf A2m is running away from: LionB2
Wolf A2 is Thirsty
Wolf A2drank water
Wolf A2 m is ready to mate
Wolf B1m is running away from: LionB2
Wolf B1 is Thirsty
Wolf B1drank water
Wolf B1 m is ready to mate
Rabbit B4 is Thirsty
Rabbit B4 drank water
Rabbit B4f is running away from: LionA3
Rabbit B4f is running away from: WolfC1
Rabbit B4 is Hungry
Rabbit C2 is Thirsty
Rabbit C2 drank water
Rabbit C2m is running away from: LionA3
Rabbit C2m is running away from: WolfC1
Rabbit C2 is Hungry
RabbitC2m died of hunger
Rabbit C2 m is ready to mate
Rabbit C2 m is approaching partner: Rabbit B0f
Rabbit B3m is running away from: LionB1
Rabbit B3m is running away from: WolfB3
Rabbit B3 is Hungry
Rabbit B3m ate
Rabbit B3 m is ready to mate
Rabbit B3 m is approaching partner: Rabbit B0f
Rabbit B5 is Thirsty
Rabbit B5 drank water
Rabbit B5m is running away from: LionB1
Rabbit B5m is running away from: WolfB3
Rabbit B5 m is ready to mate
Rabbit B5 m is approaching partner: Rabbit B0f
Rabbit B3 is Thirsty
Rabbit B3 drank water
Rabbit B3m is running away from: LionA3
Rabbit B3m is running away from: WolfC1
Rabbit B3 is Hungry
Rabbit B3 m is ready to mate
Rabbit B3 m is approaching partner: Rabbit B0f
Rabbit C5 is Thirsty
Rabbit C5 drank water
Rabbit C5m is running away from: LionA3
Rabbit C5m is running away from: WolfC1
Rabbit C5 is Hungry
Rabbit C5 m is ready to mate
Rabbit C5 m is approaching partner: Rabbit B0f
Rabbit B0 is Thirsty
Rabbit B0 drank water
Rabbit B0f is running away from: LionA3
Rabbit B0f is running away from: WolfC1
Rabbit B0 is Hungry
Rabbit B0 f is ready to mate
Rabbit B1f is running away from: LionA3
Rabbit B1f is running away from: WolfC1
Rabbit B1 f is ready to mate
Lion B4 is Thirsty
Lion B4 drank water
Lion B4 m is ready to mate
Lion B2 is Thirsty
Lion B2 drank water
Lion B2 f is ready to mate
Lion A3 is Thirsty
Lion A3 drank water
Lion A3 f is ready to mate
Lion B4 is Thirsty
Lion B4 drank water
Lion B4 m is ready to mate
Lion B0 is Thirsty
Lion B0 drank water
Wolf B3f is running away from: LionB4
Wolf B3 is Thirsty
Wolf B3drank water
Wolf B3 f is ready to mate
Wolf B2f is running away from: LionB4
Wolf B2 f is ready to mate
Wolf C3f is running away from: LionB2
Wolf C3 is Thirsty
Wolf C3drank water
Wolf C3 f is ready to mate
Wolf C4m is running away from: LionB2
Wolf C4 is Thirsty
Wolf C4drank water
Wolf C4 m is ready to mate
Wolf A3m is running away from: LionB4
Wolf A3 is Thirsty
Wolf A3drank water
Wolf A3 m is ready to mate
Wolf C1f is running away from: LionB1
Wolf C1 is Thirsty
Wolf C1drank water
Wolf C1 f is ready to mate
Wolf A2m is running away from: LionB2
Wolf A2 is Thirsty
Wolf A2drank water
Wolf A2 m is ready to mate
Wolf B2 m was born! Father is A2 and Mother is C3
Wolf B1m is running away from: LionB2
Wolf B1 is Thirsty
Wolf B1drank water
Wolf B1 m is ready to mate
Rabbit B4 is Thirsty
Rabbit B4 drank water
Rabbit B4f is running away from: LionA3
Rabbit B4f is running away from: WolfC1
Rabbit B4 is Hungry
RabbitB4f died of hunger
Rabbit B4 f is ready to mate
Rabbit B3m is running away from: LionB1
Rabbit B3m is running away from: WolfB3
Rabbit B3 m is ready to mate
Rabbit B3 m is approaching partner: Rabbit B1f
Rabbit B5 is Thirsty
Rabbit B5 drank water
Rabbit B5m is running away from: LionB1
Rabbit B5m is running away from: WolfC1
Rabbit B5 is Hungry
Rabbit B5 m is ready to mate
Rabbit B5 m is approaching partner: Rabbit B1f
Rabbit B3 is Thirsty
Rabbit B3 drank water
Rabbit B3m is running away from: LionA3
Rabbit B3m is running away from: WolfC1
Rabbit B3 is Hungry
Rabbit B3 m is ready to mate
Rabbit B3 m is approaching partner: Rabbit B1f
Rabbit A1 f was born!Father is B3 and Mother is B1
Rabbit C5 is Thirsty
Rabbit C5 drank water
Rabbit C5m is running away from: LionA3
Rabbit C5m is running away from: WolfC1
Rabbit C5 is Hungry
RabbitC5m died of hunger
Rabbit C5 m is ready to mate
Rabbit C5 m is approaching partner: Rabbit B0f
Rabbit B0 is Thirsty
Rabbit B0 drank water
Rabbit B0f is running away from: LionA3
Rabbit B0f is running away from: WolfC1
Rabbit B0 is Hungry
Rabbit B0 f is ready to mate
Rabbit B1f is running away from: LionA3
Rabbit B1f is running away from: WolfC1
Rabbit B1 is Hungry
Lion B4 is Thirsty
Lion B4 drank water
Lion B4 m is ready to mate
Lion B2 f is ready to mate
Lion A3 is Thirsty
Lion A3 drank water
Lion A3 f is ready to mate
Lion B4 is Thirsty
Lion B4 drank water
Lion B4 m is ready to mate
Lion B0 is Thirsty
Lion B0 drank water
Wolf B3f is running away from: LionB0
Wolf B3 is Thirsty
Wolf B3drank water
Wolf B3 f is ready to mate
Wolf B2f is running away from: LionB4
Wolf B2 f is ready to mate
Wolf C3f is running away from: LionB2
Wolf C3 is Thirsty
Wolf C3drank water
Wolf C4m is running away from: LionB2
Wolf C4 is Thirsty
Wolf C4drank water
Wolf C4 m is ready to mate
Wolf A3m is running away from: LionB4
Wolf A3 is Thirsty
Wolf A3drank water
Wolf A3 m is ready to mate
Wolf C1f is running away from: LionB1
Wolf C1 is Thirsty
Wolf C1drank water
Wolf C1 f is ready to mate
Wolf A2m is running away from: LionB2
Wolf A2 is Thirsty
Wolf A2drank water
Wolf A2 m is ready to mate
Wolf B1m is running away from: LionB2
Wolf B1 is Thirsty
Wolf B1drank water
Wolf B1 m is ready to mate
Wolf B2m is running away from: LionB2
Rabbit B3m is running away from: LionA3
Rabbit B3m is running away from: WolfC1
Rabbit B3 is Hungry
Rabbit B3m ate
Rabbit B3 m is ready to mate
Rabbit B3 m is approaching partner: Rabbit B0f
Rabbit B5m is running away from: LionB1
Rabbit B5m is running away from: WolfB3
Rabbit B5 is Hungry
Rabbit B5 m is ready to mate
Rabbit B5 m is approaching partner: Rabbit B0f
Rabbit B3 is Thirsty
Rabbit B3 drank water
Rabbit B3m is running away from: LionA3
Rabbit B3m is running away from: WolfC1
Rabbit B3 is Hungry
RabbitB3m died of hunger
Rabbit B3 m is ready to mate
Rabbit B3 m is approaching partner: Rabbit B0f
Rabbit B0 is Thirsty
Rabbit B0 drank water
Rabbit B0f is running away from: LionA3
Rabbit B0f is running away from: WolfC1
Rabbit B0 is Hungry
RabbitB0f died of hunger
Rabbit B0 f is ready to mate
Rabbit B1f is running away from: LionA3
Rabbit B1f is running away from: WolfC1
Rabbit B1 is Hungry
Rabbit A1f is running away from: LionA3
Rabbit A1f is running away from: WolfC1
Lion B4 is Thirsty
Lion B4 drank water
Lion B4 m is ready to mate
Lion B2 f is ready to mate
Lion A3 is Thirsty
Lion A3 drank water
Lion A3 f is ready to mate
Lion B4 is Thirsty
Lion B4 drank water
Lion B4 m is ready to mate
Wolf B3f is running away from: LionA3
Wolf B3 is Hungry
Wolf B3f is chasing: B3m
Wolf B3 is Thirsty
Wolf B3drank water
Wolf B3 f is ready to mate
Wolf B2f is running away from: LionB2
Wolf B2 is Hungry
Wolf B2f is chasing: B3m
Wolf B2 f is ready to mate
Wolf C3f is running away from: LionB2
Wolf C3 is Hungry
Wolf C3f is chasing: B3m
Wolf C3 is Thirsty
Wolf C3drank water
Wolf C4m is running away from: LionB2
Wolf C4 is Hungry
Wolf C4m is chasing: B3m
Wolf C4 is Thirsty
Wolf C4drank water
Wolf C4 m is ready to mate
Wolf A3m is running away from: LionB4
Wolf A3 is Hungry
Wolf A3m is chasing: B3m
Wolf A3 is Thirsty
Wolf A3drank water
Wolf A3 m is ready to mate
Wolf C1f is running away from: LionB1
Wolf C1 is Hungry
Wolf C1f is chasing: B3m
Wolf C1 is Thirsty
Wolf C1drank water
Wolf C1 f is ready to mate
Wolf A2m is running away from: LionB2
Wolf A2 is Hungry
Wolf A2m is chasing: B3m
Wolf A2 is Thirsty
Wolf A2drank water
Wolf A2 m is ready to mate
Wolf B1m is running away from: LionB2
Wolf B1 is Hungry
Wolf B1m is chasing: B3m
Wolf B1 is Thirsty
Wolf B1drank water
Wolf B1 m is ready to mate
Wolf B2m is running away from: LionB2
Rabbit B3m is running away from: LionA3
Rabbit B3m is running away from: WolfC1
Rabbit B3 m is ready to mate
Not enough female Rabbits or Female Rabbit partners are not ready yet!
Rabbit B5m is running away from: LionA3
Rabbit B5m is running away from: WolfC1
Rabbit B5 is Hungry
RabbitB5m died of hunger
Rabbit B5m ate
Rabbit B5 m is ready to mate
Not enough female Rabbits or Female Rabbit partners are not ready yet!
Rabbit B1f is running away from: LionA3
Rabbit B1f is running away from: WolfC1
Rabbit B1 is Hungry
RabbitB1f died of hunger
Rabbit A1f is running away from: LionA3
Rabbit A1f is running away from: WolfC1
Rabbit A1 is Hungry
Lion B4 is Thirsty
Lion B4 drank water
Lion B4 m is ready to mate
Lion B2f ate: C3f
Lion B2 f is ready to mate
Lion A3 is Thirsty
Lion A3 drank water
Lion A3 f is ready to mate
Lion B4 is Thirsty
Lion B4 drank water
Lion B4 m is ready to mate
Lion B1 is Thirsty
Lion B1 drank water
Wolf B3f is running away from: LionB4
Wolf B3 is Hungry
Wolf B3f is chasing: B3m
Wolf B3 f is ready to mate
Wolf B2f is running away from: LionB4
Wolf B2 is Hungry
Wolf B2f is chasing: B3m
Wolf B2 f is ready to mate
Wolf C3f is running away from: LionB2
Wolf C3 is Hungry
Wolf C3f is chasing: B3m
Wolf C3 is Thirsty
Wolf C3drank water
Wolf C4m is running away from: LionB2
Wolf C4 is Hungry
Wolf C4m is chasing: B3m
Wolf C4 is Thirsty
Wolf C4drank water
Wolf C4 m is ready to mate
Wolf A3m is running away from: LionB2
Wolf A3 is Hungry
Wolf A3m is chasing: B3m
Wolf A3 is Thirsty
Wolf A3drank water
Wolf A3 m is ready to mate
Wolf C1f is running away from: LionB1
Wolf C1 is Hungry
Wolf C1f is chasing: B3m
Wolf C1 is Thirsty
Wolf C1drank water
Wolf C1 f is ready to mate
Wolf A2m is running away from: LionB2
Wolf A2 is Hungry
Wolf A2m is chasing: B3m
Wolf A2 is Thirsty
Wolf A2drank water
Wolf A2 m is ready to mate
Wolf B1m is running away from: LionB2
Wolf B1 is Hungry
Wolf B1m is chasing: B3m
Wolf B1 is Thirsty
Wolf B1drank water
Wolf B1 m is ready to mate
Wolf B2m is running away from: LionB2
Rabbit B3 is Thirsty
Rabbit B3 drank water
Rabbit B3m is running away from: LionA3
Rabbit B3m is running away from: WolfC1
Rabbit B3 is Hungry
Rabbit B3 m is ready to mate
Not enough female Rabbits or Female Rabbit partners are not ready yet!
Rabbit A1f is running away from: LionA3
Rabbit A1f is running away from: WolfB3
Rabbit A1 is Hungry
Lion B4 is Thirsty
Lion B4 drank water
Lion B4 m is ready to mate
Lion B2 f is ready to mate
Lion A3 is Thirsty
Lion A3 drank water
Lion A3 f is ready to mate
Lion B4 is Thirsty
Lion B4 drank water
Lion B4 m is ready to mate
Lion B1 is Thirsty
Lion B1 drank water
Wolf B3f is running away from: LionA3
Wolf B3 is Hungry
Wolf B3f is chasing: B3m
Wolf B3 f is ready to mate
Wolf B2f is running away from: LionB4
Wolf B2 is Hungry
Wolf B2f is chasing: B3m
Wolf B2 f is ready to mate
Wolf C3f is running away from: LionB2
Wolf C3 is Hungry
Wolf C3f is chasing: B3m
Wolf C4m is running away from: LionB2
Wolf C4 is Hungry
Wolf C4m is chasing: B3m
Wolf C4 is Thirsty
Wolf C4drank water
Wolf C4 m is ready to mate
Wolf A3m is running away from: LionB4
Wolf A3 is Hungry
Wolf A3m is chasing: B3m
Wolf A3 is Thirsty
Wolf A3drank water
Wolf A3 m is ready to mate
Wolf C1f is running away from: LionB1
Wolf C1 is Hungry
Wolf C1f is chasing: B3m
Wolf C1 is Thirsty
Wolf C1drank water
Wolf C1 f is ready to mate
Wolf A2m is running away from: LionB2
Wolf A2 is Hungry
Wolf A2m is chasing: B3m
Wolf A2 is Thirsty
Wolf A2drank water
Wolf A2 m is ready to mate
Wolf B1m is running away from: LionB2
Wolf B1 is Hungry
Wolf B1m is chasing: B3m
Wolf B1 is Thirsty
Wolf B1drank water
Wolf B1 m is ready to mate
Wolf B2m is running away from: LionB2
Rabbit B3m is running away from: LionA3
Rabbit B3m is running away from: WolfC1
Rabbit B3 is Hungry
Rabbit B3 m is ready to mate
Not enough female Rabbits or Female Rabbit partners are not ready yet!
Rabbit A1f is running away from: LionA3
Rabbit A1f is running away from: WolfC1
Rabbit A1 is Hungry
RabbitA1f died of hunger
Lion B4 is Thirsty
Lion B4 drank water
Lion B4 m is ready to mate
Lion B2 f is ready to mate
Lion A3 is Thirsty
Lion A3 drank water
Lion A3 f is ready to mate
Lion B4 is Thirsty
Lion B4 drank water
Lion B4 m is ready to mate
Lion B1 is Thirsty
Lion B1 drank water
Wolf B3f is running away from: LionB1
Wolf B3 is Hungry
Wolf B3f is chasing: B3m
Wolf B3 f is ready to mate
Wolf B2f is running away from: LionB4
Wolf B2 is Hungry
Wolf B2f is chasing: B3m
Wolf B2 f is ready to mate
Wolf C3f is running away from: LionB2
Wolf C3 is Hungry
Wolf C3f is chasing: B3m
Wolf C4m is running away from: LionB2
Wolf C4 is Hungry
Wolf C4m is chasing: B3m
Wolf C4 is Thirsty
Wolf C4drank water
Wolf C4 m is ready to mate
Wolf A3m is running away from: LionB4
Wolf A3 is Hungry
Wolf A3m is chasing: B3m
Wolf A3 m is ready to mate
Wolf A4 f was born! Father is A3 and Mother is B2
Wolf C1f is running away from: LionB1
Wolf C1 is Hungry
Wolf C1f is chasing: B3m
Wolf C1 is Thirsty
Wolf C1drank water
Wolf C1 f is ready to mate
Wolf A2m is running away from: LionB2
Wolf A2 is Hungry
Wolf A2m is chasing: B3m
Wolf A2 m is ready to mate
Wolf B1m is running away from: LionB2
Wolf B1 is Hungry
Wolf B1m is chasing: B3m
Wolf B1 is Thirsty
Wolf B1drank water
Wolf B1 m is ready to mate
Wolf B2m is running away from: LionB2
Rabbit B3m is running away from: LionB1
Rabbit B3m is running away from: WolfC1
Rabbit B3 is Hungry
RabbitB3m died of hunger
Rabbit B3 m is ready to mate
Not enough female Rabbits or Female Rabbit partners are not ready yet!
Lion B4 is Thirsty
Lion B4 drank water
Lion B4 m is ready to mate
Lion B2 f is ready to mate
Lion A3 is Thirsty
Lion A3 drank water
Lion A3 f is ready to mate
Lion B4 is Thirsty
Lion B4 drank water
Lion B4 m is ready to mate
Lion B1 is Thirsty
Lion B1 drank water
Wolf B3f is running away from: LionB1
Wolf B3 is Hungry
Wolf B2f is running away from: LionB4
Wolf B2 is Hungry
Wolf C3f is running away from: LionB2
Wolf C3 is Hungry
Wolf C4m is running away from: LionB2
Wolf C4 is Hungry
Wolf A3m is running away from: LionB4
Wolf A3 is Hungry
Wolf C1f is running away from: LionB1
Wolf C1 is Hungry
Wolf A2m is running away from: LionB4
Wolf A2 is Hungry
Wolf B1m is running away from: LionB2
Wolf B1 is Hungry
Wolf B2m is running away from: LionB2
Wolf A4f is running away from: LionB4
Lion B4 is Thirsty
Lion B4 drank water
Lion B4 m is ready to mate
Lion B2 f is ready to mate
Lion A3 is Thirsty
Lion A3 drank water
Lion A3 f is ready to mate
Lion B4 is Thirsty
Lion B4 drank water
Lion B4 m is ready to mate
Lion B1 is Thirsty
Lion B1 drank water
Wolf B3f is running away from: LionA3
Wolf B3 is Hungry
Wolf B2f is running away from: LionB4
Wolf B2 is Hungry
Wolf C3f is running away from: LionB2
Wolf C3 is Hungry
Wolf C4m is running away from: LionB2
Wolf C4 is Hungry
Wolf A3m is running away from: LionB4
Wolf A3 is Hungry
Wolf C1f is running away from: LionB1
Wolf C1 is Hungry
Wolf A2m is running away from: LionB2
Wolf A2 is Hungry
Wolf B1m is running away from: LionB4
Wolf B1 is Hungry
Wolf B2m is running away from: LionB2
Wolf A4f is running away from: LionB4
Lion B4 is Thirsty
Lion B4 drank water
Lion B4 m is ready to mate
Lion B2 f is ready to mate
Lion A3 is Thirsty
Lion A3 drank water
Lion A3 f is ready to mate
Lion B4 is Thirsty
Lion B4 drank water
Lion B4 m is ready to mate
Lion B1 is Thirsty
Lion B1 drank water
Wolf B3f is running away from: LionB1
Wolf B3 is Hungry
Wolf B2f is running away from: LionB4
Wolf B2 is Hungry
Wolf C3f is running away from: LionB2
Wolf C3 is Hungry
Wolf C4m is running away from: LionB2
Wolf C4 is Hungry
Wolf A3m is running away from: LionB2
Wolf A3 is Hungry
Wolf C1f is running away from: LionA3
Wolf C1 is Hungry
Wolf A2m is running away from: LionB4
Wolf A2 is Hungry
Wolf B1m is running away from: LionB2
Wolf B1 is Hungry
Wolf B2m is running away from: LionB2
Wolf A4f is running away from: LionB2
Lion B4 is Thirsty
Lion B4 drank water
Lion B4 m is ready to mate
Lion B2 f is ready to mate
Lion A3 is Thirsty
Lion A3 drank water
Lion A3 f is ready to mate
Lion B4 is Thirsty
Lion B4 drank water
Lion B4 m is ready to mate
Lion B1 is Thirsty
Lion B1 drank water
Wolf B3f is running away from: LionA3
Wolf B3 is Hungry
Wolf B2f is running away from: LionB2
Wolf B2 is Hungry
Wolf C3f is running away from: LionB2
Wolf C3 is Hungry
Wolf C4m is running away from: LionB4
Wolf C4 is Hungry
Wolf A3m is running away from: LionB4
Wolf A3 is Hungry
Wolf C1f is running away from: LionB1
Wolf C1 is Hungry
Wolf A2m is running away from: LionB2
Wolf A2 is Hungry
Wolf B1m is running away from: LionB4
Wolf B1 is Hungry
Wolf B2m is running away from: LionB2
Wolf A4f is running away from: LionB4
Lion B4 is Thirsty
Lion B4 drank water
Lion B4 m is ready to mate
Lion B2 is Thirsty
Lion B2 drank water
Lion B2 f is ready to mate
Lion A3 is Thirsty
Lion A3 drank water
Lion A3 f is ready to mate
Lion B4 is Thirsty
Lion B4 drank water
Lion B4 m is ready to mate
Lion B1 is Thirsty
Lion B1 drank water
Wolf B3f is running away from: LionB1
Wolf B3 is Hungry
Wolf B2f is running away from: LionB4
Wolf B2 is Hungry
Wolf C3f is running away from: LionB2
Wolf C3 is Hungry
Wolf C4m is running away from: LionB2
Wolf C4 is Hungry
Wolf A3m is running away from: LionB2
Wolf A3 is Hungry
Wolf C1f is running away from: LionB1
Wolf C1 is Hungry
Wolf A2m is running away from: LionB4
Wolf A2 is Hungry
Wolf B1m is running away from: LionB2
Wolf B1 is Hungry
Wolf B2m is running away from: LionB2
Wolf B2 is Thirsty
Wolf B2drank water
Wolf A4f is running away from: LionB4
Lion B4 is Thirsty
Lion B4 drank water
Lion B4 m is ready to mate
Lion B2 f is ready to mate
Lion A3 is Thirsty
Lion A3 drank water
Lion A3 f is ready to mate
Lion B4 is Thirsty
Lion B4 drank water
Lion B4 m is ready to mate
Lion B0 is Thirsty
Lion B0 drank water
Lion B1 is Thirsty
Lion B1 drank water
Wolf B3f is running away from: LionA3
Wolf B3 is Hungry
Wolf B2f is running away from: LionB2
Wolf B2 is Hungry
Wolf C3f is running away from: LionB2
Wolf C3 is Hungry
Wolf C4m is running away from: LionB4
Wolf C4 is Hungry
Wolf A3m is running away from: LionB4
Wolf A3 is Hungry
Wolf C1f is running away from: LionA3
Wolf C1 is Hungry
Wolf A2m is running away from: LionB2
Wolf A2 is Hungry
Wolf B1m is running away from: LionB4
Wolf B1 is Hungry
Wolf B2m is running away from: LionB2
Wolf B2 is Thirsty
Wolf B2drank water
Wolf A4f is running away from: LionB2
Lion B4 is Thirsty
Lion B4 drank water
Lion B4 m is ready to mate
Lion B2 f is ready to mate
Lion A3 is Thirsty
Lion A3 drank water
Lion A3 f is ready to mate
Lion B4 is Thirsty
Lion B4 drank water
Lion B4 m is ready to mate
Lion B0 is Thirsty
Lion B0 drank water
Lion B1 is Thirsty
Lion B1 drank water
Wolf B3f is running away from: LionB0
Wolf B3 is Hungry
Wolf B2f is running away from: LionB4
Wolf B2 is Hungry
Wolf C3f is running away from: LionB2
Wolf C3 is Hungry
Wolf C4m is running away from: LionB4
Wolf C4 is Hungry
Wolf A3m is running away from: LionB2
Wolf A3 is Hungry
Wolf C1f is running away from: LionB4
Wolf C1 is Hungry
Wolf A2m is running away from: LionB4
Wolf A2 is Hungry
Wolf B1m is running away from: LionB2
Wolf B1 is Hungry
Wolf B2m is running away from: LionB2
Wolf B2 is Thirsty
Wolf B2drank water
Wolf A4f is running away from: LionB4
Lion B4 is Thirsty
Lion B4 drank water
Lion B4 m is ready to mate
Lion B2 f is ready to mate
Lion A3 is Thirsty
Lion A3 drank water
Lion A3 f is ready to mate
Lion B4 is Thirsty
Lion B4 drank water
Lion B4 m is ready to mate
Lion B1 is Thirsty
Lion B1 drank water
Wolf B3f is running away from: LionB0
Wolf B3 is Hungry
Wolf B2f is running away from: LionB2
Wolf B2 is Hungry
Wolf C3f is running away from: LionB4
Wolf C3 is Hungry
Wolf C4m is running away from: LionB4
Wolf C4 is Hungry
Wolf A3m is running away from: LionB4
Wolf A3 is Hungry
Wolf C1f is running away from: LionB1
Wolf C1 is Hungry
Wolf A2m is running away from: LionB2
Wolf A2 is Hungry
Wolf B1m is running away from: LionB4
Wolf B1 is Hungry
Wolf B2m is running away from: LionB2
Wolf B2 is Thirsty
Wolf B2drank water
Wolf A4f is running away from: LionB4
Lion B4 is Thirsty
Lion B4 drank water
Lion B4 m is ready to mate
Lion B2 f is ready to mate
Lion A3 is Thirsty
Lion A3 drank water
Lion A3 f is ready to mate
Lion B4 is Thirsty
Lion B4 drank water
Lion B4 m is ready to mate
Lion B1 is Thirsty
Lion B1 drank water
Wolf B3f is running away from: LionA3
Wolf B3 is Hungry
Wolf B2f is running away from: LionB4
Wolf B2 is Hungry
Wolf C3f is running away from: LionB2
Wolf C3 is Hungry
Wolf C4m is running away from: LionB4
Wolf C4 is Hungry
Wolf A3m is running away from: LionB2
Wolf A3 is Hungry
Wolf C1f is running away from: LionA3
Wolf C1 is Hungry
Wolf A2m is running away from: LionB4
Wolf A2 is Hungry
Wolf B1m is running away from: LionB2
Wolf B1 is Hungry
Wolf B2m is running away from: LionB2
Wolf B2 is Thirsty
Wolf B2drank water
Wolf A4f is running away from: LionB4
Lion B4 is Thirsty
Lion B4 drank water
Lion B4 m is ready to mate
Lion B2 f is ready to mate
Lion A3 is Thirsty
Lion A3 drank water
Lion A3 f is ready to mate
Lion B4 is Thirsty
Lion B4 drank water
Lion B4 m is ready to mate
Lion B1 is Thirsty
Lion B1 drank water
Wolf B3f is running away from: LionA3
Wolf B3 is Hungry
Wolf B2f is running away from: LionB4
Wolf B2 is Hungry
Wolf C3f is running away from: LionB4
Wolf C3 is Hungry
Wolf C4m is running away from: LionB4
Wolf C4 is Hungry
Wolf A3m is running away from: LionB4
Wolf A3 is Hungry
Wolf C1f is running away from: LionA3
Wolf C1 is Hungry
Wolf A2m is running away from: LionB2
Wolf A2 is Hungry
Wolf B1m is running away from: LionB4
Wolf B1 is Hungry
Wolf B2m is running away from: LionB2
Wolf B2 is Thirsty
Wolf B2drank water
Wolf A4f is running away from: LionB4
Wolf A4 is Thirsty
Wolf A4drank water
Lion B4 is Thirsty
Lion B4 drank water
Lion B4 m is ready to mate
Lion B2 f is ready to mate
Lion A3 is Thirsty
Lion A3 drank water
Lion A3 f is ready to mate
Lion B4 is Thirsty
Lion B4 drank water
Lion B4 m is ready to mate
Lion B1 is Thirsty
Lion B1 drank water
Wolf B3f is running away from: LionA3
Wolf B3 is Hungry
Wolf B2f is running away from: LionB2
Wolf B2 is Hungry
Wolf C3f is running away from: LionB2
Wolf C3 is Hungry
Wolf C4m is running away from: LionB4
Wolf C4 is Hungry
Wolf A3m is running away from: LionB2
Wolf A3 is Hungry
Wolf C1f is running away from: LionB1
Wolf C1 is Hungry
Wolf A2m is running away from: LionB4
Wolf A2 is Hungry
Wolf B1m is running away from: LionB2
Wolf B1 is Hungry
Wolf B2m is running away from: LionB2
Wolf B2 is Thirsty
Wolf B2drank water
Wolf A4f is running away from: LionB2
Wolf A4 is Thirsty
Wolf A4drank water
Lion B4 is Thirsty
Lion B4 drank water
Lion B4 m is ready to mate
Lion B2 f is ready to mate
Lion A3 is Thirsty
Lion A3 drank water
Lion A3 f is ready to mate
Lion B4 is Thirsty
Lion B4 drank water
Lion B4 m is ready to mate
Lion B1 is Thirsty
Lion B1 drank water
Wolf B3f is running away from: LionB1
Wolf B3 is Hungry
Wolf B2f is running away from: LionB2
Wolf B2 is Hungry
Wolf C3f is running away from: LionB2
Wolf C3 is Hungry
Wolf C4m is running away from: LionB0
Wolf C4 is Hungry
Wolf A3m is running away from: LionB4
Wolf A3 is Hungry
Wolf C1f is running away from: LionB1
Wolf C1 is Hungry
Wolf A2m is running away from: LionB2
Wolf A2 is Hungry
Wolf B1m is running away from: LionB4
Wolf B1 is Hungry
Wolf B2m is running away from: LionB2
Wolf B2 is Hungry
Wolf A4f is running away from: LionB2
Lion B4 is Thirsty
Lion B4 drank water
Lion B4 m is ready to mate
Lion B2 f is ready to mate
Lion A3 is Thirsty
Lion A3 drank water
Lion A3 f is ready to mate
Lion B4 is Thirsty
Lion B4 drank water
Lion B4 m is ready to mate
Lion B1 is Thirsty
Lion B1 drank water
Wolf B3f is running away from: LionB1
Wolf B3 is Hungry
Wolf B2f is running away from: LionB4
Wolf B2 is Hungry
Wolf C3f is running away from: LionB4
Wolf C3 is Hungry
Wolf C4m is running away from: LionB0
Wolf C4 is Hungry
Wolf A3m is running away from: LionB2
Wolf A3 is Hungry
Wolf C1f is running away from: LionA3
Wolf C1 is Hungry
Wolf A2m is running away from: LionB4
Wolf A2 is Hungry
Wolf B1m is running away from: LionB4
Wolf B1 is Hungry
Wolf B2m is running away from: LionB2
Wolf B2 is Hungry
Wolf A4f is running away from: LionB4
Lion B4 is Thirsty
Lion B4 drank water
Lion B4 m is ready to mate
Lion B2 f is ready to mate
Lion A3 is Thirsty
Lion A3 drank water
Lion A3 f is ready to mate
Lion B4 is Thirsty
Lion B4 drank water
Lion B4 m is ready to mate
Lion B1 is Thirsty
Lion B1 drank water
Wolf B3f is running away from: LionA3
Wolf B3 is Hungry
WolfB3f died of hunger
Wolf B2f is running away from: LionB2
Wolf B2 is Hungry
WolfB2f died of hunger
Wolf C3f is running away from: LionB4
Wolf C3 is Hungry
WolfC3f died of hunger
Wolf C4m is running away from: LionB0
Wolf C4 is Hungry
WolfC4m died of hunger
Wolf A3m is running away from: LionB4
Wolf A3 is Hungry
WolfA3m died of hunger
Wolf C1f is running away from: LionA3
Wolf C1 is Hungry
WolfC1f died of hunger
Wolf A2m is running away from: LionB2
Wolf A2 is Hungry
WolfA2m died of hunger
Wolf B1m is running away from: LionB2
Wolf B1 is Hungry
WolfB1m died of hunger
Wolf B2m is running away from: LionB2
Wolf B2 is Hungry
Wolf A4f is running away from: LionB2
Lion B4 is Thirsty
Lion B4 drank water
Lion B4 m is ready to mate
Lion B2 is Thirsty
Lion B2 drank water
Lion B2 f is ready to mate
Lion A3 is Thirsty
Lion A3 drank water
Lion A3 f is ready to mate
Lion B4 is Thirsty
Lion B4 drank water
Lion B4 m is ready to mate
Lion B1 is Thirsty
Lion B1 drank water
Wolf B2m is running away from: LionB2
Wolf B2 is Hungry
Wolf A4f is running away from: LionB4
Lion B4 is Thirsty
Lion B4 drank water
Lion B4 m is ready to mate
Lion B2 f is ready to mate
Lion A3 is Thirsty
Lion A3 drank water
Lion A3 f is ready to mate
Lion B4 is Thirsty
Lion B4 drank water
Lion B4 m is ready to mate
Lion B1 is Thirsty
Lion B1 drank water
Wolf B2m is running away from: LionB2
Wolf B2 is Hungry
Wolf A4f is running away from: LionB2
Lion B4 is Thirsty
Lion B4 drank water
Lion B4 m is ready to mate
Lion B2 f is ready to mate
Lion A3 is Thirsty
Lion A3 drank water
Lion A3 f is ready to mate
Lion B4 is Thirsty
Lion B4 drank water
Lion B4 m is ready to mate
Lion B0 is Thirsty
Lion B0 drank water
Lion B1 is Thirsty
Lion B1 drank water
Wolf B2m is running away from: LionB2
Wolf B2 is Hungry
Wolf A4f is running away from: LionB4
Wolf A4 is Hungry
Lion B4 is Thirsty
Lion B4 drank water
Lion B4 m is ready to mate
Lion B2 f is ready to mate
Lion A3 is Thirsty
Lion A3 drank water
Lion A3 f is ready to mate
Lion B4 is Thirsty
Lion B4 drank water
Lion B4 m is ready to mate
Lion B0 is Thirsty
Lion B0 drank water
Lion B1 is Thirsty
Lion B1 drank water
Wolf B2m is running away from: LionB2
Wolf B2 is Hungry
Wolf A4f is running away from: LionB2
Wolf A4 is Hungry
Lion B4 is Thirsty
Lion B4 drank water
Lion B4 m is ready to mate
Lion B2 f is ready to mate
Lion A3 is Thirsty
Lion A3 drank water
Lion A3 f is ready to mate
Lion B4 is Thirsty
Lion B4 drank water
Lion B4 m is ready to mate
Lion B1 is Thirsty
Lion B1 drank water
Wolf B2m is running away from: LionB2
Wolf B2 is Hungry
Wolf A4f is running away from: LionB4
Wolf A4 is Hungry
Lion B4 is Thirsty
Lion B4 drank water
Lion B4 m is ready to mate
Lion B2 f is ready to mate
Lion A3 is Thirsty
Lion A3 drank water
Lion A3 f is ready to mate
Lion B4 is Thirsty
Lion B4 drank water
Lion B4 m is ready to mate
Lion B1 is Thirsty
Lion B1 drank water
Wolf B2m is running away from: LionB2
Wolf B2 is Hungry
Wolf A4f is running away from: LionB2
Wolf A4 is Hungry
Lion B4 is Thirsty
Lion B4 drank water
Lion B4 m is ready to mate
Lion B2 f is ready to mate
Lion A3 is Thirsty
Lion A3 drank water
Lion A3 f is ready to mate
Lion B4 is Thirsty
Lion B4 drank water
Lion B4 m is ready to mate
Lion B1 is Thirsty
Lion B1 drank water
Wolf B2m is running away from: LionB2
Wolf B2 is Hungry
Wolf A4f is running away from: LionB2
Wolf A4 is Hungry
Lion B4 is Thirsty
Lion B4 drank water
Lion B4 m is ready to mate
Lion B2 f is ready to mate
Lion A3 is Thirsty
Lion A3 drank water
Lion A3 f is ready to mate
Lion B4 is Thirsty
Lion B4 drank water
Lion B4 m is ready to mate
Lion B1 is Thirsty
Lion B1 drank water
Wolf B2m is running away from: LionB2
Wolf B2 is Hungry
Wolf A4f is running away from: LionB4
Wolf A4 is Hungry
Lion B4 is Thirsty
Lion B4 drank water
Lion B4 m is ready to mate
Lion B2 f is ready to mate
Lion A3 is Thirsty
Lion A3 drank water
Lion A3 f is ready to mate
Lion B4 is Thirsty
Lion B4 drank water
Lion B4 m is ready to mate
Lion B1 is Thirsty
Lion B1 drank water
Wolf B2m is running away from: LionB2
Wolf B2 is Hungry
Wolf A4f is running away from: LionB2
Wolf A4 is Hungry
Lion B4 is Thirsty
Lion B4 drank water
Lion B4 m is ready to mate
Lion B2 f is ready to mate
Lion A3 is Thirsty
Lion A3 drank water
Lion A3 f is ready to mate
Lion B4 is Thirsty
Lion B4 drank water
Lion B4 m is ready to mate
Lion B1 is Thirsty
Lion B1 drank water
Wolf B2m is running away from: LionB2
Wolf B2 is Hungry
Wolf A4f is running away from: LionB4
Wolf A4 is Hungry
Lion B4 is Thirsty
Lion B4 drank water
Lion B4 m is ready to mate
Lion B2 is Thirsty
Lion B2 drank water
Lion B2 f is ready to mate
Lion A3 is Thirsty
Lion A3 drank water
Lion A3 f is ready to mate
Lion B4 is Thirsty
Lion B4 drank water
Lion B4 m is ready to mate
Lion B1 is Thirsty
Lion B1 drank water
Wolf B2m is running away from: LionB2
Wolf B2 is Hungry
Wolf A4f is running away from: LionB2
Wolf A4 is Hungry
Lion B4 is Thirsty
Lion B4 drank water
Lion B4 m is ready to mate
Lion B2 f is ready to mate
Lion A3 is Thirsty
Lion A3 drank water
Lion A3 f is ready to mate
Lion B4 is Thirsty
Lion B4 drank water
Lion B4 m is ready to mate
Lion B1 is Thirsty
Lion B1 drank water
Wolf B2m is running away from: LionB2
Wolf B2 is Hungry
Wolf A4f is running away from: LionB2
Wolf A4 is Hungry
Lion B4 is Thirsty
Lion B4 drank water
Lion B4 m is ready to mate
Lion B2 f is ready to mate
Lion A3 is Thirsty
Lion A3 drank water
Lion A3 f is ready to mate
Lion B4 is Thirsty
Lion B4 drank water
Lion B4 m is ready to mate
Lion B1 is Thirsty
Lion B1 drank water
Wolf B2m is running away from: LionB2
Wolf B2 is Hungry
Wolf A4f is running away from: LionB4
Wolf A4 is Hungry
Lion B4 is Thirsty
Lion B4 drank water
Lion B4 m is ready to mate
Lion B2 f is ready to mate
Lion A3 is Thirsty
Lion A3 drank water
Lion A3 f is ready to mate
Lion B4 is Thirsty
Lion B4 drank water
Lion B4 m is ready to mate
Lion B0 is Thirsty
Lion B0 drank water
Lion B1 is Thirsty
Lion B1 drank water
Wolf B2m is running away from: LionB2
Wolf B2 is Hungry
Wolf A4f is running away from: LionB2
Wolf A4 is Hungry
Lion B4 is Thirsty
Lion B4 drank water
Lion B4 m is ready to mate
Lion B2 f is ready to mate
Lion A3 is Thirsty
Lion A3 drank water
Lion A3 f is ready to mate
Lion B4 is Thirsty
Lion B4 drank water
Lion B4 m is ready to mate
Lion B1 is Thirsty
Lion B1 drank water
Wolf B2m is running away from: LionB2
Wolf B2 is Hungry
WolfB2m died of hunger
Wolf A4f is running away from: LionB4
Wolf A4 is Hungry
Lion B4 is Thirsty
Lion B4 drank water
Lion B4 m is ready to mate
Lion B2 f is ready to mate
Lion A3 is Thirsty
Lion A3 drank water
Lion A3 f is ready to mate
Lion B4 is Thirsty
Lion B4 drank water
Lion B4 m is ready to mate
Lion B1 is Thirsty
Lion B1 drank water
Wolf A4f is running away from: LionB4
Wolf A4 is Hungry
Lion B4 is Thirsty
Lion B4 drank water
Lion B4 is Hungry
LionB4mis chasing: A4f
Lion B4 m is ready to mate
Lion B2 f is ready to mate
Lion A3 is Thirsty
Lion A3 drank water
Lion A3 is Hungry
Lion B4 is Thirsty
Lion B4 drank water
Lion B4 is Hungry
LionB4mis chasing: A4f
Lion B4 m is ready to mate
Lion B0 is Hungry
LionB0fis chasing: A4f
Lion B1 is Thirsty
Lion B1 drank water
Wolf A4f is running away from: LionB4
Wolf A4 is Hungry
Lion B4 is Thirsty
Lion B4 drank water
Lion B4 is Hungry
LionB4mis chasing: A4f
Lion B4 m is ready to mate
Lion B2 f is ready to mate
Lion A3 is Thirsty
Lion A3 drank water
Lion A3 is Hungry
Lion B4 is Thirsty
Lion B4 drank water
Lion B4 is Hungry
LionB4mis chasing: A4f
Lion B4 m is ready to mate
Lion B0 is Hungry
LionB0fis chasing: A4f
Lion B1 is Thirsty
Lion B1 drank water
Wolf A4f is running away from: LionB4
Wolf A4 is Hungry
Lion B4 is Hungry
LionB4mis chasing: A4f
Lion B4 m is ready to mate
Lion B2 f is ready to mate
Lion A3 is Thirsty
Lion A3 drank water
Lion A3 is Hungry
Lion B4 is Thirsty
Lion B4 drank water
Lion B4 is Hungry
LionB4mis chasing: A4f
Lion B4 m is ready to mate
Lion B0 is Hungry
LionB0fis chasing: A4f
Lion B1 is Thirsty
Lion B1 drank water
Wolf A4f is running away from: LionB4
Wolf A4 is Hungry
Lion B4 is Hungry
LionB4mis chasing: A4f
Lion B4 m is ready to mate
Lion B2 f is ready to mate
Lion A3 is Thirsty
Lion A3 drank water
Lion A3 is Hungry
Lion B4 is Thirsty
Lion B4 drank water
Lion B4 is Hungry
LionB4mis chasing: A4f
Lion B4 m is ready to mate
Lion B0 is Hungry
LionB0fis chasing: A4f
Lion B1 is Thirsty
Lion B1 drank water
Wolf A4f is running away from: LionB4
Wolf A4 is Hungry
WolfA4f died of hunger
Lion B4 is Hungry
Lion B2 is Thirsty
Lion B2 drank water
Lion B2 f is ready to mate
Lion A3 is Thirsty
Lion A3 drank water
Lion A3 is Hungry
Lion B4 is Thirsty
Lion B4 drank water
Lion B4 is Hungry
Lion B0 is Hungry
Lion B1 is Thirsty
Lion B1 drank water
Lion B4 is Hungry
Lion B2 f is ready to mate
Lion A3 is Thirsty
Lion A3 drank water
Lion A3 is Hungry
Lion B4 is Thirsty
Lion B4 drank water
Lion B4 is Hungry
Lion B0 is Hungry
Lion B1 is Thirsty
Lion B1 drank water
Lion B4 is Hungry
Lion B2 f is ready to mate
Lion A3 is Thirsty
Lion A3 drank water
Lion A3 is Hungry
Lion B4 is Thirsty
Lion B4 drank water
Lion B4 is Hungry
Lion B0 is Hungry
Lion B1 is Thirsty
Lion B1 drank water
Lion B4 is Hungry
Lion B2 f is ready to mate
Lion A3 is Thirsty
Lion A3 drank water
Lion A3 is Hungry
Lion B4 is Thirsty
Lion B4 drank water
Lion B4 is Hungry
Lion B0 is Thirsty
Lion B0 drank water
Lion B0 is Hungry
Lion B1 is Thirsty
Lion B1 drank water
Lion B1 is Hungry
Lion B4 is Hungry
Lion B2 f is ready to mate
Lion A3 is Thirsty
Lion A3 drank water
Lion A3 is Hungry
Lion B4 is Thirsty
Lion B4 drank water
Lion B4 is Hungry
Lion B0 is Thirsty
Lion B0 drank water
Lion B0 is Hungry
Lion B1 is Thirsty
Lion B1 drank water
Lion B1 is Hungry
Lion B4 is Hungry
Lion B2 f is ready to mate
Lion A3 is Thirsty
Lion A3 drank water
Lion A3 is Hungry
Lion B4 is Hungry
Lion B0 is Hungry
Lion B1 is Thirsty
Lion B1 drank water
Lion B1 is Hungry
Lion B4 is Hungry
Lion B2 f is ready to mate
Lion A3 is Thirsty
Lion A3 drank water
Lion A3 is Hungry
Lion B4 is Hungry
Lion B0 is Hungry
Lion B1 is Thirsty
Lion B1 drank water
Lion B1 is Hungry
Lion B4 is Thirsty
Lion B4 drank water
Lion B4 is Hungry
Lion B2 f is ready to mate
Lion A3 is Thirsty
Lion A3 drank water
Lion A3 is Hungry
Lion B4 is Hungry
Lion B0 is Hungry
Lion B1 is Thirsty
Lion B1 drank water
Lion B1 is Hungry
Lion B4 is Thirsty
Lion B4 drank water
Lion B4 is Hungry
Lion B2 f is ready to mate
Lion A3 is Thirsty
Lion A3 drank water
Lion A3 is Hungry
Lion B4 is Hungry
Lion B0 is Hungry
Lion B1 is Thirsty
Lion B1 drank water
Lion B1 is Hungry
Lion B4 is Thirsty
Lion B4 drank water
Lion B4 is Hungry
Lion B2 f is ready to mate
Lion A3 is Thirsty
Lion A3 drank water
Lion A3 is Hungry
Lion B4 is Hungry
Lion B0 is Hungry
Lion B1 is Thirsty
Lion B1 drank water
Lion B1 is Hungry
Lion B4 is Thirsty
Lion B4 drank water
Lion B4 is Hungry
Lion B2 is Thirsty
Lion B2 drank water
Lion B2 f is ready to mate
Lion A3 is Thirsty
Lion A3 drank water
Lion A3 is Hungry
Lion B4 is Hungry
Lion B0 is Hungry
Lion B1 is Thirsty
Lion B1 drank water
Lion B1 is Hungry
Lion B4 is Thirsty
Lion B4 drank water
Lion B4 is Hungry
Lion B2 is Thirsty
Lion B2 drank water
Lion B2 f is ready to mate
Lion A3 is Thirsty
Lion A3 drank water
Lion A3 is Hungry
Lion B4 is Hungry
Lion B0 is Hungry
Lion B1 is Thirsty
Lion B1 drank water
Lion B1 is Hungry
Lion B4 is Thirsty
Lion B4 drank water
Lion B4 is Hungry
Lion B2 is Thirsty
Lion B2 drank water
Lion B2 f is ready to mate
Lion A3 is Thirsty
Lion A3 drank water
Lion A3 is Hungry
Lion B4 is Hungry
Lion B0 is Hungry
Lion B1 is Thirsty
Lion B1 drank water
Lion B1 is Hungry
Lion B4 is Hungry
Lion B2 is Thirsty
Lion B2 drank water
Lion B2 is Hungry
Lion A3 is Thirsty
Lion A3 drank water
Lion A3 is Hungry
Lion B4 is Hungry
Lion B0 is Hungry
Lion B1 is Thirsty
Lion B1 drank water
Lion B1 is Hungry
Lion B4 is Hungry
Lion B2 is Thirsty
Lion B2 drank water
Lion B2 is Hungry
Lion A3 is Thirsty
Lion A3 drank water
Lion A3 is Hungry
Lion B4 is Thirsty
Lion B4 drank water
Lion B4 is Hungry
Lion B0 is Thirsty
Lion B0 drank water
Lion B0 is Hungry
Lion B1 is Thirsty
Lion B1 drank water
Lion B1 is Hungry
Lion B4 is Hungry
Lion B2 is Hungry
Lion A3 is Thirsty
Lion A3 drank water
Lion A3 is Hungry
Lion B4 is Hungry
Lion B0 is Hungry
Lion B1 is Thirsty
Lion B1 drank water
Lion B1 is Hungry
Lion B4 is Hungry
Lion B2 is Hungry
Lion A3 is Thirsty
Lion A3 drank water
Lion A3 is Hungry
Lion B4 is Hungry
Lion B0 is Hungry
Lion B1 is Thirsty
Lion B1 drank water
Lion B1 is Hungry
Lion B4 is Hungry
Lion B2 is Hungry
Lion A3 is Thirsty
Lion A3 drank water
Lion A3 is Hungry
Lion B4 is Hungry
Lion B0 is Hungry
Lion B1 is Thirsty
Lion B1 drank water
Lion B1 is Hungry
Lion B4 is Hungry
Lion B2 is Hungry
Lion A3 is Thirsty
Lion A3 drank water
Lion A3 is Hungry
Lion B4 is Hungry
Lion B0 is Hungry
Lion B1 is Thirsty
Lion B1 drank water
Lion B1 is Hungry
Lion B4 is Hungry
Lion B2 is Hungry
Lion A3 is Thirsty
Lion A3 drank water
Lion A3 is Hungry
Lion B4 is Hungry
Lion B0 is Hungry
Lion B1 is Thirsty
Lion B1 drank water
Lion B1 is Hungry
Lion B4 is Hungry
Lion B2 is Hungry
Lion A3 is Thirsty
Lion A3 drank water
Lion A3 is Hungry
Lion B4 is Hungry
Lion B0 is Hungry
Lion B1 is Thirsty
Lion B1 drank water
Lion B1 is Hungry
Lion B4 is Hungry
Lion B2 is Hungry
Lion A3 is Thirsty
Lion A3 drank water
Lion A3 is Hungry
Lion B4 is Hungry
Lion B0 is Hungry
Lion B1 is Thirsty
Lion B1 drank water
Lion B1 is Hungry
Lion B4 is Thirsty
Lion B4 drank water
Lion B4 is Hungry
Lion B2 is Hungry
Lion A3 is Thirsty
Lion A3 drank water
Lion A3 is Hungry
Lion B4 is Hungry
Lion B0 is Hungry
Lion B1 is Thirsty
Lion B1 drank water
Lion B1 is Hungry
Lion B4 is Hungry
Lion B2 is Hungry
Lion A3 is Thirsty
Lion A3 drank water
Lion A3 is Hungry
Lion B4 is Hungry
Lion B0 is Hungry
Lion B1 is Thirsty
Lion B1 drank water
Lion B1 is Hungry
Lion B4 is Hungry
Lion B2 is Thirsty
Lion B2 drank water
Lion B2 is Hungry
Lion A3 is Thirsty
Lion A3 drank water
Lion A3 is Hungry
Lion B4 is Thirsty
Lion B4 drank water
Lion B4 is Hungry
Lion B0 is Thirsty
Lion B0 drank water
Lion B0 is Hungry
Lion B1 is Thirsty
Lion B1 drank water
Lion B1 is Hungry
Lion B4 is Hungry
Lion B2 is Hungry
Lion A3 is Thirsty
Lion A3 drank water
Lion A3 is Hungry
Lion B4 is Thirsty
Lion B4 drank water
Lion B4 is Hungry
Lion B0 is Hungry
Lion B1 is Thirsty
Lion B1 drank water
Lion B1 is Hungry
Lion B4 is Hungry
Lion B2 is Hungry
Lion A3 is Thirsty
Lion A3 drank water
Lion A3 is Hungry
Lion B4 is Thirsty
Lion B4 drank water
Lion B4 is Hungry
Lion B0 is Hungry
Lion B1 is Thirsty
Lion B1 drank water
Lion B1 is Hungry
Lion B4 is Hungry
Lion B2 is Hungry
Lion A3 is Thirsty
Lion A3 drank water
Lion A3 is Hungry
Lion B4 is Hungry
Lion B0 is Hungry
Lion B1 is Thirsty
Lion B1 drank water
Lion B1 is Hungry
Lion B4 is Hungry
Lion B2 is Hungry
Lion A3 is Thirsty
Lion A3 drank water
Lion A3 is Hungry
Lion B4 is Hungry
Lion B0 is Hungry
Lion B1 is Thirsty
Lion B1 drank water
Lion B1 is Hungry
Lion B4 is Hungry
Lion B2 is Hungry
Lion A3 is Thirsty
Lion A3 drank water
Lion A3 is Hungry
Lion B4 is Hungry
Lion B0 is Hungry
Lion B1 is Thirsty
Lion B1 drank water
Lion B1 is Hungry
Lion B4 is Hungry
Lion B2 is Hungry
Lion A3 is Thirsty
Lion A3 drank water
Lion A3 is Hungry
Lion B4 is Hungry
Lion B0 is Hungry
Lion B1 is Thirsty
Lion B1 drank water
Lion B1 is Hungry
Lion B4 is Hungry
Lion B2 is Hungry
Lion A3 is Thirsty
Lion A3 drank water
Lion A3 is Hungry
Lion B4 is Hungry
Lion B0 is Hungry
Lion B1 is Thirsty
Lion B1 drank water
Lion B1 is Hungry
Lion B4 is Thirsty
Lion B4 drank water
Lion B4 is Hungry
Lion B2 is Hungry
Lion A3 is Thirsty
Lion A3 drank water
Lion A3 is Hungry
Lion B4 is Hungry
Lion B0 is Hungry
Lion B1 is Thirsty
Lion B1 drank water
Lion B1 is Hungry
Lion B4 is Hungry
Lion B2 is Hungry
Lion A3 is Thirsty
Lion A3 drank water
Lion A3 is Hungry
Lion B4 is Hungry
Lion B0 is Hungry
Lion B1 is Thirsty
Lion B1 drank water
Lion B1 is Hungry
Lion B4 is Hungry
Lion B2 is Thirsty
Lion B2 drank water
Lion B2 is Hungry
Lion A3 is Thirsty
Lion A3 drank water
Lion A3 is Hungry
Lion B4 is Hungry
Lion B0 is Thirsty
Lion B0 drank water
Lion B0 is Hungry
Lion B1 is Thirsty
Lion B1 drank water
Lion B1 is Hungry
Lion B4 is Hungry
Lion B2 is Hungry
Lion A3 is Thirsty
Lion A3 drank water
Lion A3 is Hungry
Lion B4 is Hungry
Lion B0 is Hungry
Lion B1 is Thirsty
Lion B1 drank water
Lion B1 is Hungry
Lion B4 is Hungry
Lion B2 is Hungry
Lion A3 is Thirsty
Lion A3 drank water
Lion A3 is Hungry
Lion B4 is Thirsty
Lion B4 drank water
Lion B4 is Hungry
Lion B0 is Hungry
Lion B1 is Thirsty
Lion B1 drank water
Lion B1 is Hungry
Lion B4 is Hungry
Lion B2 is Hungry
Lion A3 is Thirsty
Lion A3 drank water
Lion A3 is Hungry
Lion B4 is Hungry
Lion B0 is Hungry
Lion B1 is Thirsty
Lion B1 drank water
Lion B1 is Hungry
Lion B4 is Hungry
Lion B2 is Hungry
Lion A3 is Thirsty
Lion A3 drank water
Lion A3 is Hungry
Lion B4 is Hungry
Lion B0 is Hungry
Lion B1 is Thirsty
Lion B1 drank water
Lion B1 is Hungry
Lion B4 is Hungry
Lion B2 is Hungry
Lion A3 is Thirsty
Lion A3 drank water
Lion A3 is Hungry
Lion B4 is Hungry
Lion B0 is Hungry
Lion B1 is Thirsty
Lion B1 drank water
Lion B1 is Hungry
Lion B4 is Hungry
Lion B2 is Hungry
Lion A3 is Thirsty
Lion A3 drank water
Lion A3 is Hungry
Lion B4 is Hungry
Lion B0 is Hungry
Lion B1 is Thirsty
Lion B1 drank water
Lion B1 is Hungry
Lion B4 is Hungry
Lion B2 is Hungry
Lion A3 is Thirsty
Lion A3 drank water
Lion A3 is Hungry
Lion B4 is Hungry
Lion B0 is Hungry
Lion B1 is Thirsty
Lion B1 drank water
Lion B1 is Hungry
Lion B4 is Thirsty
Lion B4 drank water
Lion B4 is Hungry
Lion B2 is Hungry
Lion A3 is Thirsty
Lion A3 drank water
Lion A3 is Hungry
Lion B4 is Hungry
Lion B0 is Hungry
Lion B1 is Thirsty
Lion B1 drank water
Lion B1 is Hungry
Lion B4 is Hungry
Lion B2 is Hungry
Lion A3 is Thirsty
Lion A3 drank water
Lion A3 is Hungry
Lion B4 is Hungry
Lion B0 is Hungry
Lion B1 is Thirsty
Lion B1 drank water
Lion B1 is Hungry
Lion B4 is Hungry
Lion B2 is Thirsty
Lion B2 drank water
Lion B2 is Hungry
Lion A3 is Thirsty
Lion A3 drank water
Lion A3 is Hungry
Lion B4 is Hungry
Lion B0 is Thirsty
Lion B0 drank water
Lion B0 is Hungry
Lion B1 is Thirsty
Lion B1 drank water
Lion B1 is Hungry
Lion B4 is Hungry
Lion B2 is Hungry
Lion A3 is Thirsty
Lion A3 drank water
Lion A3 is Hungry
Lion B4 is Hungry
Lion B0 is Hungry
Lion B1 is Thirsty
Lion B1 drank water
Lion B1 is Hungry
Lion B4 is Hungry
LionB4m died of hunger
Lion B2 is Hungry
Lion A3 is Thirsty
Lion A3 drank water
Lion A3 is Hungry
LionA3f died of hunger
Lion B4 is Thirsty
Lion B4 drank water
Lion B4 is Hungry
LionB4m died of hunger
Lion B0 is Hungry
LionB0f died of hunger
Lion B1 is Thirsty
Lion B1 drank water
Lion B1 is Hungry
Lion B2 is Hungry
Lion B1 is Thirsty
Lion B1 drank water
Lion B1 is Hungry
Lion B2 is Hungry
Lion B1 is Thirsty
Lion B1 drank water
Lion B1 is Hungry
Lion B2 is Hungry
Lion B1 is Thirsty
Lion B1 drank water
Lion B1 is Hungry
Lion B2 is Hungry
Lion B1 is Thirsty
Lion B1 drank water
Lion B1 is Hungry
Lion B2 is Hungry
Lion B1 is Thirsty
Lion B1 drank water
Lion B1 is Hungry
Lion B2 is Hungry
Lion B1 is Thirsty
Lion B1 drank water
Lion B1 is Hungry
Lion B2 is Hungry
Lion B1 is Thirsty
Lion B1 drank water
Lion B1 is Hungry
LionB1f died of hunger
Lion B2 is Thirsty
Lion B2 drank water
Lion B2 is Hungry
