Wolf A0m is running away from: LionA4
Wolf B3m is running away from: LionA3
Wolf C1m is running away from: LionA3
Wolf C1m ate!
Rabbit C3m is running away from: LionA4
Rabbit C3m is running away from: WolfA0
Rabbit C3 is Hungry
Rabbit C3m ate
Rabbit C3 m is ready to mate
Not enough female Rabbits or Female Rabbit partners are not ready yet!
Rabbit A2f is running away from: LionA1
Rabbit A2f is running away from: WolfA0
Rabbit A2 is Hungry
Rabbit A2f ate
Rabbit A2 f is ready to mate
Rabbit C0m is running away from: LionA4
Rabbit C0m is running away from: WolfA0
Rabbit C0 is Hungry
Rabbit C0m ate
Rabbit C0 m is ready to mate
Rabbit C0 m is approaching partner: Rabbit A2f
Rabbit A1m is running away from: LionA3
Rabbit A1m is running away from: WolfA0
Rabbit A1 is Hungry
Rabbit A1m ate
Rabbit A1 m is ready to mate
Rabbit A1 m is approaching partner: Rabbit A2f
Wolf A0m is running away from: LionA4
Wolf B3m is running away from: LionA3
Wolf C1m is running away from: LionA3
Rabbit C3m is running away from: LionA4
Rabbit C3m is running away from: WolfA0
Rabbit C3 is Hungry
Rabbit C3m ate
Rabbit C3 m is ready to mate
Rabbit C3 m is approaching partner: Rabbit A2f
Rabbit A2f is running away from: LionA1
Rabbit A2f is running away from: WolfA0
Rabbit A2 is Hungry
Rabbit A2f ate
Rabbit A2 f is ready to mate
Rabbit C0m is running away from: LionA1
Rabbit C0m is running away from: WolfA0
Rabbit C0 is Hungry
Rabbit C0m ate
Rabbit C0 m is ready to mate
Rabbit C0 m is approaching partner: Rabbit A2f
Rabbit A1m is running away from: LionA3
Rabbit A1m is running away from: WolfA0
Rabbit A1 is Hungry
Rabbit A1m ate
Rabbit A1 m is ready to mate
Rabbit A1 m is approaching partner: Rabbit A2f
Wolf A0m is running away from: LionA4
Wolf B3m is running away from: LionA3
Wolf C1m is running away from: LionA3
Rabbit C3m is running away from: LionA4
Rabbit C3m is running away from: WolfA0
Rabbit C3 is Hungry
Rabbit C3m ate
Rabbit C3 m is ready to mate
Rabbit C3 m is approaching partner: Rabbit A2f
Rabbit A2f is running away from: LionA3
Rabbit A2f is running away from: WolfA0
Rabbit A2 is Hungry
Rabbit A2f ate
Rabbit A2 f is ready to mate
Rabbit C0m is running away from: LionA3
Rabbit C0m is running away from: WolfA0
Rabbit C0 is Hungry
Rabbit C0m ate
Rabbit C0 m is ready to mate
Rabbit C0 m is approaching partner: Rabbit A2f
Rabbit A1m is running away from: LionA3
Rabbit A1m is running away from: WolfA0
Rabbit A1 is Hungry
Rabbit A1m ate
Rabbit A1 m is ready to mate
Rabbit A1 m is approaching partner: Rabbit A2f
Wolf A0m is running away from: LionA4
Wolf A0 m is ready to mate
No Female Wolf Partner or Female Wolf Partner not ready yet!
Wolf B3m is running away from: LionA3
Wolf B3 m is ready to mate
No Female Wolf Partner or Female Wolf Partner not ready yet!
Wolf C1m is running away from: LionA3
Wolf C1 m is ready to mate
No Female Wolf Partner or Female Wolf Partner not ready yet!
Rabbit C3m is running away from: LionA4
Rabbit C3m is running away from: WolfA0
Rabbit C3 is Hungry
Rabbit C3 m is ready to mate
Rabbit C3 m is approaching partner: Rabbit A2f
Rabbit A2f is running away from: LionA3
Rabbit A2f is running away from: WolfA0
Rabbit A2 is Hungry
Rabbit A2f ate
Rabbit A2 f is ready to mate
Rabbit C0m is running away from: LionA3
Rabbit C0m is running away from: WolfA0
Rabbit C0 is Hungry
Rabbit C0m ate
Rabbit C0 m is ready to mate
Rabbit C0 m is approaching partner: Rabbit A2f
Rabbit A1m is running away from: LionA3
Rabbit A1m is running away from: WolfA0
Rabbit A1 is Hungry
Rabbit A1m ate
Rabbit A1 m is ready to mate
Rabbit A1 m is approaching partner: Rabbit A2f
Wolf A0m is running away from: LionA4
Wolf A0 is Hungry
Wolf A0m is chasing: C3m
Wolf A0 m is ready to mate
No Female Wolf Partner or Female Wolf Partner not ready yet!
Wolf B3m is running away from: LionA3
Wolf B3 is Hungry
Wolf B3m is chasing: A2f
Wolf B3 m is ready to mate
No Female Wolf Partner or Female Wolf Partner not ready yet!
Wolf C1m is running away from: LionA3
Wolf C1 m is ready to mate
No Female Wolf Partner or Female Wolf Partner not ready yet!
Rabbit C3m is running away from: LionA4
Rabbit C3m is running away from: WolfA0
Rabbit C3 is Hungry
Rabbit C3m ate
Rabbit C3 m is ready to mate
Rabbit C3 m is approaching partner: Rabbit A2f
Rabbit A2f is running away from: LionA3
Rabbit A2f is running away from: WolfA0
Rabbit A2 is Hungry
Rabbit A2f ate
Rabbit A2 f is ready to mate
Rabbit C0m is running away from: LionA3
Rabbit C0m is running away from: WolfA0
Rabbit C0 is Hungry
Rabbit C0m ate
Rabbit C0 m is ready to mate
Rabbit C0 m is approaching partner: Rabbit A2f
Rabbit B0 m was born!Father is C0 and Mother is A2
Rabbit A1m is running away from: LionA3
Rabbit A1m is running away from: WolfA0
Rabbit A1 is Hungry
Rabbit A1m ate
Rabbit A1 m is ready to mate
Not enough female Rabbits or Female Rabbit partners are not ready yet!
Wolf A0m is running away from: LionA4
Wolf A0 is Hungry
Wolf A0m is chasing: C3m
Wolf A0 m is ready to mate
No Female Wolf Partner or Female Wolf Partner not ready yet!
Wolf B3m is running away from: LionA3
Wolf B3 is Hungry
Wolf B3m is chasing: A2f
Wolf B3 m is ready to mate
No Female Wolf Partner or Female Wolf Partner not ready yet!
Wolf C1m is running away from: LionA3
Wolf C1 is Hungry
Wolf C1m is chasing: C0m
Wolf C1 m is ready to mate
No Female Wolf Partner or Female Wolf Partner not ready yet!
Rabbit C3m is running away from: LionA4
Rabbit C3m is running away from: WolfA0
Rabbit C3 is Hungry
Rabbit C3m ate
Rabbit C3 m is ready to mate
Not enough female Rabbits or Female Rabbit partners are not ready yet!
Rabbit A2f is running away from: LionA3
Rabbit A2f is running away from: WolfA0
Rabbit A2 is Hungry
Rabbit A2f ate
Rabbit C0m is running away from: LionA3
Rabbit C0m is running away from: WolfA0
Rabbit C0 is Hungry
Rabbit C0m ate
Rabbit C0 m is ready to mate
Not enough female Rabbits or Female Rabbit partners are not ready yet!
Rabbit A1m is running away from: LionA3
Rabbit A1m is running away from: WolfA0
Rabbit A1 is Hungry
Rabbit A1 m is ready to mate
Not enough female Rabbits or Female Rabbit partners are not ready yet!
Rabbit B0m is running away from: LionA3
Rabbit B0m is running away from: WolfA0
Rabbit B0 is Hungry
Rabbit B0m ate
Wolf A0m is running away from: LionA4
Wolf A0 is Hungry
Wolf A0m is chasing: C3m
Wolf A0 m is ready to mate
No Female Wolf Partner or Female Wolf Partner not ready yet!
Wolf B3m is running away from: LionA3
Wolf B3 is Hungry
Wolf B3m is chasing: A2f
Wolf B3 m is ready to mate
No Female Wolf Partner or Female Wolf Partner not ready yet!
Wolf C1m is running away from: LionA3
Wolf C1 is Hungry
Wolf C1m is chasing: C0m
Wolf C1 m is ready to mate
No Female Wolf Partner or Female Wolf Partner not ready yet!
Rabbit C3m is running away from: LionA3
Rabbit C3m is running away from: WolfA0
Rabbit C3 is Hungry
Rabbit C3 m is ready to mate
Not enough female Rabbits or Female Rabbit partners are not ready yet!
Rabbit A2f is running away from: LionA3
Rabbit A2f is running away from: WolfA0
Rabbit A2 is Hungry
Rabbit A2f ate
Rabbit C0m is running away from: LionA3
Rabbit C0m is running away from: WolfA0
Rabbit C0 is Hungry
Rabbit C0m ate
Rabbit C0 m is ready to mate
Not enough female Rabbits or Female Rabbit partners are not ready yet!
Rabbit A1m is running away from: LionA3
Rabbit A1m is running away from: WolfA0
Rabbit A1 is Hungry
Rabbit A1 m is ready to mate
Not enough female Rabbits or Female Rabbit partners are not ready yet!
Rabbit B0m is running away from: LionA3
Rabbit B0m is running away from: WolfA0
Rabbit B0 is Hungry
Wolf A0m is running away from: LionA1
Wolf A0 is Hungry
Wolf A0m is chasing: C3m
Wolf A0 m is ready to mate
No Female Wolf Partner or Female Wolf Partner not ready yet!
Wolf B3m is running away from: LionA3
Wolf B3 is Hungry
Wolf B3m is chasing: A2f
Wolf B3 m is ready to mate
No Female Wolf Partner or Female Wolf Partner not ready yet!
Wolf C1m is running away from: LionA3
Wolf C1 is Hungry
Wolf C1m is chasing: C0m
Wolf C1 m is ready to mate
No Female Wolf Partner or Female Wolf Partner not ready yet!
Rabbit C3m is running away from: LionA1
Rabbit C3m is running away from: WolfA0
Rabbit C3 is Hungry
Rabbit C3 m is ready to mate
Not enough female Rabbits or Female Rabbit partners are not ready yet!
Rabbit A2f is running away from: LionA3
Rabbit A2f is running away from: WolfA0
Rabbit A2 is Hungry
Rabbit A2f ate
Rabbit C0m is running away from: LionA3
Rabbit C0m is running away from: WolfA0
Rabbit C0 is Hungry
Rabbit C0m ate
Rabbit C0 m is ready to mate
Not enough female Rabbits or Female Rabbit partners are not ready yet!
Rabbit A1m is running away from: LionA3
Rabbit A1m is running away from: WolfA0
Rabbit A1 is Hungry
Rabbit A1 m is ready to mate
Not enough female Rabbits or Female Rabbit partners are not ready yet!
Rabbit B0m is running away from: LionA3
Rabbit B0m is running away from: WolfA0
Rabbit B0 is Hungry
Rabbit B0m ate
Wolf A0m is running away from: LionA4
Wolf A0 is Hungry
Wolf A0m is chasing: C3m
Wolf A0 m is ready to mate
No Female Wolf Partner or Female Wolf Partner not ready yet!
Wolf B3m is running away from: LionA3
Wolf B3 is Hungry
Wolf B3m is chasing: A2f
Wolf B3 m is ready to mate
No Female Wolf Partner or Female Wolf Partner not ready yet!
Wolf C1m is running away from: LionA3
Wolf C1 is Hungry
Wolf C1m is chasing: C0m
Wolf C1 m is ready to mate
No Female Wolf Partner or Female Wolf Partner not ready yet!
Rabbit C3m is running away from: LionA4
Rabbit C3m is running away from: WolfA0
Rabbit C3 is Hungry
Rabbit C3 m is ready to mate
Not enough female Rabbits or Female Rabbit partners are not ready yet!
Rabbit A2f is running away from: LionA3
Rabbit A2f is running away from: WolfA0
Rabbit A2 is Hungry
Rabbit C0m is running away from: LionA3
Rabbit C0m is running away from: WolfA0
Rabbit C0 is Hungry
Rabbit C0m ate
Rabbit C0 m is ready to mate
Not enough female Rabbits or Female Rabbit partners are not ready yet!
Rabbit A1m is running away from: LionA3
Rabbit A1m is running away from: WolfA0
Rabbit A1 is Hungry
Rabbit A1 m is ready to mate
Not enough female Rabbits or Female Rabbit partners are not ready yet!
Rabbit B0m is running away from: LionA3
Rabbit B0m is running away from: WolfA0
Rabbit B0 is Hungry
Rabbit B0m ate
Wolf A0m is running away from: LionA1
Wolf A0 is Hungry
Wolf A0m is chasing: C3m
Wolf A0 is Thirsty
Wolf A0drank water
Wolf A0 m is ready to mate
No Female Wolf Partner or Female Wolf Partner not ready yet!
Wolf B3m is running away from: LionA3
Wolf B3 is Hungry
Wolf B3m is chasing: A2f
Wolf B3 is Thirsty
Wolf B3drank water
Wolf B3 m is ready to mate
No Female Wolf Partner or Female Wolf Partner not ready yet!
Wolf C1m is running away from: LionA3
Wolf C1 is Hungry
Wolf C1m is chasing: C0m
Wolf C1 is Thirsty
Wolf C1drank water
Wolf C1 m is ready to mate
No Female Wolf Partner or Female Wolf Partner not ready yet!
Rabbit C3m is running away from: LionA1
Rabbit C3m is running away from: WolfA0
Rabbit C3 is Hungry
Rabbit C3 m is ready to mate
Not enough female Rabbits or Female Rabbit partners are not ready yet!
Rabbit A2f is running away from: LionA3
Rabbit A2f is running away from: WolfA0
Rabbit A2 is Hungry
Rabbit C0m is running away from: LionA1
Rabbit C0m is running away from: WolfA0
Rabbit C0 is Hungry
Rabbit C0m ate
Rabbit C0 m is ready to mate
Not enough female Rabbits or Female Rabbit partners are not ready yet!
Rabbit A1m is running away from: LionA3
Rabbit A1m is running away from: WolfA0
Rabbit A1 is Hungry
RabbitA1m died of hunger
Rabbit A1 m is ready to mate
Not enough female Rabbits or Female Rabbit partners are not ready yet!
Rabbit B0m is running away from: LionA3
Rabbit B0m is running away from: WolfA0
Rabbit B0 is Hungry
Rabbit B0m ate
Lion A4 is Thirsty
Lion A4 drank water
Lion A4 m is ready to mate
Lion A3 is Thirsty
Lion A3 drank water
Lion A3 m is ready to mate
Lion A1 is Thirsty
Lion A1 drank water
Lion A1 f is ready to mate
Wolf A0m is running away from: LionA1
Wolf A0 is Hungry
Wolf A0m is chasing: C3m
Wolf A0 is Thirsty
Wolf A0drank water
Wolf A0 m is ready to mate
No Female Wolf Partner or Female Wolf Partner not ready yet!
Wolf B3m is running away from: LionA3
Wolf B3 is Hungry
Wolf B3m is chasing: A2f
Wolf B3 is Thirsty
Wolf B3drank water
Wolf B3 m is ready to mate
No Female Wolf Partner or Female Wolf Partner not ready yet!
Wolf C1m is running away from: LionA3
Wolf C1 is Hungry
Wolf C1m is chasing: C0m
Wolf C1 is Thirsty
Wolf C1drank water
Wolf C1 m is ready to mate
No Female Wolf Partner or Female Wolf Partner not ready yet!
Rabbit C3m is running away from: LionA3
Rabbit C3m is running away from: WolfA0
Rabbit C3 is Hungry
RabbitC3m died of hunger
Rabbit C3m ate
Rabbit C3 m is ready to mate
Not enough female Rabbits or Female Rabbit partners are not ready yet!
Rabbit A2f is running away from: LionA3
Rabbit A2f is running away from: WolfA0
Rabbit A2 is Hungry
Rabbit A2 f is ready to mate
Rabbit C0m is running away from: LionA1
Rabbit C0m is running away from: WolfC1
Rabbit C0 is Hungry
Rabbit C0m ate
Rabbit C0 m is ready to mate
Rabbit C0 m is approaching partner: Rabbit A2f
Rabbit B0m is running away from: LionA1
Rabbit B0m is running away from: WolfA0
Rabbit B0 is Hungry
Rabbit B0m ate
Rabbit B0 m is ready to mate
Rabbit B0 m is approaching partner: Rabbit A2f
Lion A4 is Thirsty
Lion A4 drank water
Lion A4 m is ready to mate
Lion A3 is Thirsty
Lion A3 drank water
Lion A3 m is ready to mate
Lion A1 is Thirsty
Lion A1 drank water
Lion A1 f is ready to mate
Wolf A0m is running away from: LionA1
Wolf A0 is Hungry
Wolf A0m is chasing: A2f
Wolf A0 is Thirsty
Wolf A0drank water
Wolf A0 m is ready to mate
No Female Wolf Partner or Female Wolf Partner not ready yet!
Wolf B3m is running away from: LionA3
Wolf B3 is Hungry
Wolf B3m is chasing: A2f
Wolf B3 is Thirsty
Wolf B3drank water
Wolf B3 m is ready to mate
No Female Wolf Partner or Female Wolf Partner not ready yet!
Wolf C1m is running away from: LionA3
Wolf C1 is Hungry
Wolf C1m is chasing: C0m
Wolf C1 is Thirsty
Wolf C1drank water
Wolf C1 m is ready to mate
No Female Wolf Partner or Female Wolf Partner not ready yet!
Rabbit A2f is running away from: LionA3
Rabbit A2f is running away from: WolfA0
Rabbit A2 is Hungry
Rabbit A2f ate
Rabbit A2 f is ready to mate
Rabbit C0m is running away from: LionA3
Rabbit C0m is running away from: WolfC1
Rabbit C0 is Hungry
Rabbit C0 m is ready to mate
Rabbit C0 m is approaching partner: Rabbit A2f
Rabbit B0m is running away from: LionA1
Rabbit B0m is running away from: WolfC1
Rabbit B0 is Hungry
Rabbit B0m ate
Rabbit B0 m is ready to mate
Rabbit B0 m is approaching partner: Rabbit A2f
Lion A4 is Thirsty
Lion A4 drank water
Lion A4 m is ready to mate
Lion A3 m is ready to mate
Lion A1 is Thirsty
Lion A1 drank water
Lion A1 f is ready to mate
Wolf A0m is running away from: LionA4
Wolf A0 is Hungry
Wolf A0m is chasing: A2f
Wolf A0 is Thirsty
Wolf A0drank water
Wolf A0 m is ready to mate
No Female Wolf Partner or Female Wolf Partner not ready yet!
Wolf B3m is running away from: LionA3
Wolf B3 is Hungry
Wolf B3m is chasing: A2f
Wolf B3 is Thirsty
Wolf B3drank water
Wolf B3 m is ready to mate
No Female Wolf Partner or Female Wolf Partner not ready yet!
Wolf C1m is running away from: LionA3
Wolf C1 is Hungry
Wolf C1m is chasing: C0m
Wolf C1 is Thirsty
Wolf C1drank water
Wolf C1 m is ready to mate
No Female Wolf Partner or Female Wolf Partner not ready yet!
Rabbit A2f is running away from: LionA3
Rabbit A2f is running away from: WolfA0
Rabbit A2 is Hungry
Rabbit A2 f is ready to mate
Rabbit C0m is running away from: LionA3
Rabbit C0m is running away from: WolfA0
Rabbit C0 is Hungry
Rabbit C0 m is ready to mate
Rabbit C0 m is approaching partner: Rabbit A2f
Rabbit B0m is running away from: LionA3
Rabbit B0m is running away from: WolfA0
Rabbit B0 is Hungry
Rabbit B0m ate
Rabbit B0 m is ready to mate
Rabbit B0 m is approaching partner: Rabbit A2f
Lion A4 is Thirsty
Lion A4 drank water
Lion A4 m is ready to mate
Lion A3 m is ready to mate
Lion A1 is Thirsty
Lion A1 drank water
Lion A1 f is ready to mate
Wolf A0m is running away from: LionA1
Wolf A0 is Hungry
Wolf A0m is chasing: A2f
Wolf A0 is Thirsty
Wolf A0drank water
Wolf A0 m is ready to mate
No Female Wolf Partner or Female Wolf Partner not ready yet!
Wolf B3m is running away from: LionA3
Wolf B3 is Hungry
Wolf B3m is chasing: A2f
Wolf B3 is Thirsty
Wolf B3drank water
Wolf B3 m is ready to mate
No Female Wolf Partner or Female Wolf Partner not ready yet!
Wolf C1m is running away from: LionA3
Wolf C1 is Hungry
Wolf C1m is chasing: C0m
Wolf C1 is Thirsty
Wolf C1drank water
Wolf C1 m is ready to mate
No Female Wolf Partner or Female Wolf Partner not ready yet!
Rabbit A2f is running away from: LionA3
Rabbit A2f is running away from: WolfA0
Rabbit A2 is Hungry
Rabbit A2f ate
Rabbit A2 f is ready to mate
Rabbit C0m is running away from: LionA3
Rabbit C0m is running away from: WolfC1
Rabbit C0 is Hungry
Rabbit C0m ate
Rabbit C0 m is ready to mate
Rabbit C0 m is approaching partner: Rabbit A2f
Rabbit B0m is running away from: LionA3
Rabbit B0m is running away from: WolfC1
Rabbit B0 is Hungry
Rabbit B0 m is ready to mate
Rabbit B0 m is approaching partner: Rabbit A2f
Lion A4 is Thirsty
Lion A4 drank water
Lion A4 m is ready to mate
Lion A3 m is ready to mate
Lion A1 is Thirsty
Lion A1 drank water
Lion A1 f is ready to mate
Wolf A0m is running away from: LionA4
Wolf A0 is Hungry
WolfA0m died of hunger
Wolf A0m is chasing: B0m
Wolf A0 is Thirsty
Wolf A0drank water
Wolf A0 m is ready to mate
No Female Wolf Partner or Female Wolf Partner not ready yet!
Wolf B3m is running away from: LionA3
Wolf B3 is Hungry
WolfB3m died of hunger
Wolf B3m is chasing: A2f
Wolf B3 is Thirsty
Wolf B3drank water
Wolf B3 m is ready to mate
No Female Wolf Partner or Female Wolf Partner not ready yet!
Wolf C1m is running away from: LionA3
Wolf C1 is Hungry
Wolf C1m is chasing: C0m
Wolf C1 is Thirsty
Wolf C1drank water
Wolf C1 m is ready to mate
No Female Wolf Partner or Female Wolf Partner not ready yet!
Rabbit A2f is running away from: LionA3
Rabbit A2f is running away from: WolfC1
Rabbit A2 is Hungry
Rabbit A2 f is ready to mate
Rabbit C0m is running away from: LionA3
Rabbit C0m is running away from: WolfC1
Rabbit C0 is Hungry
Rabbit C0 m is ready to mate
Rabbit C0 m is approaching partner: Rabbit A2f
Rabbit B0m is running away from: LionA3
Rabbit B0m is running away from: WolfC1
Rabbit B0 is Hungry
Rabbit B0m ate
Rabbit B0 m is ready to mate
Rabbit B0 m is approaching partner: Rabbit A2f
Lion A4 is Thirsty
Lion A4 drank water
Lion A4 is Hungry
LionA4mis chasing: C0m
Lion A4 m is ready to mate
Lion A0 m was born!Father is A4 and Mother is A1
Lion A3 is Hungry
LionA3mis chasing: B0m
Lion A3 m is ready to mate
No Female Lion Partner or Female Lion partners are not ready to mate Yet!
Lion A1 is Thirsty
Lion A1 drank water
Lion A1 is Hungry
LionA1fis chasing: C0m
Wolf C1m is running away from: LionA3
Wolf C1 is Hungry
WolfC1m died of hunger
Wolf C1m is chasing: C0m
Wolf C1 is Thirsty
Wolf C1drank water
Wolf C1 m is ready to mate
No Female Wolf Partner or Female Wolf Partner not ready yet!
Rabbit A2f is running away from: LionA3
Rabbit A2 is Hungry
Rabbit A2f ate
Rabbit A2 f is ready to mate
Rabbit C0m is running away from: LionA3
Rabbit C0 is Hungry
Rabbit C0 m is ready to mate
Rabbit C0 m is approaching partner: Rabbit A2f
Rabbit B0m is running away from: LionA3
Rabbit B0 is Hungry
Rabbit B0 m is ready to mate
Rabbit B0 m is approaching partner: Rabbit A2f
Lion A4 is Thirsty
Lion A4 drank water
Lion A4 is Hungry
LionA4mis chasing: C0m
Lion A4 m is ready to mate
No Female Lion Partner or Female Lion partners are not ready to mate Yet!
Lion A3 is Hungry
LionA3mis chasing: C0m
Lion A3 m is ready to mate
No Female Lion Partner or Female Lion partners are not ready to mate Yet!
Lion A1 is Hungry
LionA1fis chasing: C0m
Rabbit A2f is running away from: LionA3
Rabbit A2 is Hungry
Rabbit A2 f is ready to mate
Rabbit C0m is running away from: LionA3
Rabbit C0 is Hungry
Rabbit C0 m is ready to mate
Rabbit C0 m is approaching partner: Rabbit A2f
Rabbit B0m is running away from: LionA3
Rabbit B0 is Hungry
Rabbit B0m ate
Rabbit B0 m is ready to mate
Rabbit B0 m is approaching partner: Rabbit A2f
Lion A4 is Hungry
LionA4mis chasing: C0m
Lion A4 m is ready to mate
No Female Lion Partner or Female Lion partners are not ready to mate Yet!
Lion A3 is Hungry
LionA3mis chasing: C0m
Lion A3 m is ready to mate
No Female Lion Partner or Female Lion partners are not ready to mate Yet!
Lion A1 is Hungry
LionA1fis chasing: C0m
Rabbit A2f is running away from: LionA3
Rabbit A2 is Hungry
Rabbit A2 f is ready to mate
Rabbit C0m is running away from: LionA3
Rabbit C0 is Hungry
Rabbit C0 m is ready to mate
Rabbit C0 m is approaching partner: Rabbit A2f
Rabbit B0m is running away from: LionA3
Rabbit B0 is Hungry
Rabbit B0m ate
Rabbit B0 m is ready to mate
Rabbit B0 m is approaching partner: Rabbit A2f
Rabbit C4 f was born!Father is B0 and Mother is A2
Lion A4 is Hungry
LionA4mis chasing: C0m
Lion A4 m is ready to mate
No Female Lion Partner or Female Lion partners are not ready to mate Yet!
Lion A3 is Hungry
LionA3mis chasing: C0m
Lion A3 m is ready to mate
No Female Lion Partner or Female Lion partners are not ready to mate Yet!
Lion A1 is Hungry
LionA1fis chasing: C0m
Rabbit A2f is running away from: LionA3
Rabbit A2 is Hungry
Rabbit C0m is running away from: LionA3
Rabbit C0 is Hungry
RabbitC0m died of hunger
Rabbit C0m ate
Rabbit C0 m is ready to mate
Not enough female Rabbits or Female Rabbit partners are not ready yet!
Rabbit B0m is running away from: LionA3
Rabbit B0 is Hungry
Rabbit B0m ate
Rabbit B0 m is ready to mate
Not enough female Rabbits or Female Rabbit partners are not ready yet!
Rabbit C4f is running away from: LionA3
Rabbit C4 is Hungry
Lion A4 is Hungry
LionA4mis chasing: A2f
Lion A4 m is ready to mate
No Female Lion Partner or Female Lion partners are not ready to mate Yet!
Lion A3 is Hungry
LionA3mis chasing: A2f
Lion A3 m is ready to mate
No Female Lion Partner or Female Lion partners are not ready to mate Yet!
Lion A1 is Hungry
LionA1fis chasing: B0m
Rabbit A2 is Thirsty
Rabbit A2 drank water
Rabbit A2f is running away from: LionA3
Rabbit A2 is Hungry
Rabbit B0m is running away from: LionA3
Rabbit B0 is Hungry
Rabbit B0 m is ready to mate
Not enough female Rabbits or Female Rabbit partners are not ready yet!
Rabbit C4f is running away from: LionA3
Rabbit C4 is Hungry
Lion A4 is Hungry
LionA4mis chasing: C4f
Lion A4 m is ready to mate
No Female Lion Partner or Female Lion partners are not ready to mate Yet!
Lion A3 is Hungry
LionA3mis chasing: C4f
Lion A3 m is ready to mate
No Female Lion Partner or Female Lion partners are not ready to mate Yet!
Lion A1 is Hungry
LionA1fis chasing: C4f
Rabbit A2 is Thirsty
Rabbit A2 drank water
Rabbit A2f is running away from: LionA3
Rabbit A2 is Hungry
RabbitA2f died of hunger
Rabbit B0m is running away from: LionA3
Rabbit B0 is Hungry
Rabbit B0m ate
Rabbit B0 m is ready to mate
Not enough female Rabbits or Female Rabbit partners are not ready yet!
Rabbit C4f is running away from: LionA3
Rabbit C4 is Hungry
Lion A4 is Hungry
LionA4mis chasing: C4f
Lion A4 m is ready to mate
No Female Lion Partner or Female Lion partners are not ready to mate Yet!
Lion A3 is Thirsty
Lion A3 drank water
Lion A3 is Hungry
LionA3mis chasing: C4f
Lion A3 m is ready to mate
No Female Lion Partner or Female Lion partners are not ready to mate Yet!
Lion A1 is Hungry
LionA1fis chasing: C4f
Rabbit B0m is running away from: LionA3
Rabbit B0 is Hungry
Rabbit B0m ate
Rabbit B0 m is ready to mate
Not enough female Rabbits or Female Rabbit partners are not ready yet!
Rabbit C4f is running away from: LionA3
Rabbit C4 is Hungry
Lion A4 is Hungry
LionA4mis chasing: B0m
Lion A4 m is ready to mate
No Female Lion Partner or Female Lion partners are not ready to mate Yet!
Lion A3 is Thirsty
Lion A3 drank water
Lion A3 is Hungry
LionA3mis chasing: B0m
Lion A3 m is ready to mate
No Female Lion Partner or Female Lion partners are not ready to mate Yet!
Lion A1 is Hungry
LionA1fis chasing: B0m
Rabbit B0m is running away from: LionA3
Rabbit B0 is Hungry
Rabbit B0m ate
Rabbit B0 m is ready to mate
Not enough female Rabbits or Female Rabbit partners are not ready yet!
Rabbit C4f is running away from: LionA3
Rabbit C4 is Hungry
RabbitC4f died of hunger
Lion A4 is Hungry
LionA4mis chasing: B0m
Lion A4 m is ready to mate
No Female Lion Partner or Female Lion partners are not ready to mate Yet!
Lion A3 is Thirsty
Lion A3 drank water
Lion A3 is Hungry
LionA3mis chasing: B0m
Lion A3 m is ready to mate
No Female Lion Partner or Female Lion partners are not ready to mate Yet!
Lion A1 is Hungry
LionA1fis chasing: B0m
Rabbit B0m is running away from: LionA4
Rabbit B0 is Hungry
Rabbit B0m ate
Rabbit B0 m is ready to mate
Not enough female Rabbits or Female Rabbit partners are not ready yet!
Lion A4 is Hungry
LionA4mis chasing: B0m
Lion A4 m is ready to mate
No Female Lion Partner or Female Lion partners are not ready to mate Yet!
Lion A3 is Thirsty
Lion A3 drank water
Lion A3 is Hungry
LionA3mis chasing: B0m
Lion A3 m is ready to mate
No Female Lion Partner or Female Lion partners are not ready to mate Yet!
Lion A1 is Hungry
LionA1fis chasing: B0m
Rabbit B0 is Thirsty
Rabbit B0 drank water
Rabbit B0m is running away from: LionA4
Rabbit B0 is Hungry
Rabbit B0m ate
Rabbit B0 m is ready to mate
Not enough female Rabbits or Female Rabbit partners are not ready yet!
Lion A4 is Hungry
LionA4mis chasing: B0m
Lion A4 m is ready to mate
No Female Lion Partner or Female Lion partners are not ready to mate Yet!
Lion A3 is Thirsty
Lion A3 drank water
Lion A3 is Hungry
LionA3mis chasing: B0m
Lion A3 m is ready to mate
No Female Lion Partner or Female Lion partners are not ready to mate Yet!
Lion A1 is Thirsty
Lion A1 drank water
Lion A1 is Hungry
LionA1fis chasing: B0m
Lion A0 is Thirsty
Lion A0 drank water
Rabbit B0 is Thirsty
Rabbit B0 drank water
Rabbit B0m is running away from: LionA4
Rabbit B0 is Hungry
Rabbit B0 m is ready to mate
Not enough female Rabbits or Female Rabbit partners are not ready yet!
Lion A4 is Thirsty
Lion A4 drank water
Lion A4 is Hungry
LionA4mis chasing: B0m
Lion A4 m is ready to mate
No Female Lion Partner or Female Lion partners are not ready to mate Yet!
Lion A3 is Thirsty
Lion A3 drank water
Lion A3 is Hungry
LionA3mis chasing: B0m
Lion A3 m is ready to mate
No Female Lion Partner or Female Lion partners are not ready to mate Yet!
Lion A1 is Thirsty
Lion A1 drank water
Lion A1 is Hungry
LionA1fis chasing: B0m
Lion A0 is Thirsty
Lion A0 drank water
Rabbit B0m is running away from: LionA4
Rabbit B0 is Hungry
Rabbit B0 m is ready to mate
Not enough female Rabbits or Female Rabbit partners are not ready yet!
Lion A4 is Thirsty
Lion A4 drank water
Lion A4 is Hungry
LionA4mis chasing: B0m
Lion A4 m is ready to mate
No Female Lion Partner or Female Lion partners are not ready to mate Yet!
Lion A3 is Thirsty
Lion A3 drank water
Lion A3 is Hungry
LionA3mis chasing: B0m
Lion A3 m is ready to mate
No Female Lion Partner or Female Lion partners are not ready to mate Yet!
Lion A1 is Thirsty
Lion A1 drank water
Lion A1 is Hungry
LionA1fis chasing: B0m
Lion A0 is Thirsty
Lion A0 drank water
Rabbit B0m is running away from: LionA4
Rabbit B0 is Hungry
Rabbit B0 m is ready to mate
Not enough female Rabbits or Female Rabbit partners are not ready yet!
Lion A4 is Thirsty
Lion A4 drank water
Lion A4 is Hungry
LionA4mis chasing: B0m
Lion A4 m is ready to mate
No Female Lion Partner or Female Lion partners are not ready to mate Yet!
Lion A3 is Thirsty
Lion A3 drank water
Lion A3 is Hungry
LionA3mis chasing: B0m
Lion A3 m is ready to mate
No Female Lion Partner or Female Lion partners are not ready to mate Yet!
Lion A1 is Thirsty
Lion A1 drank water
Lion A1 is Hungry
LionA1fis chasing: B0m
Lion A0 is Thirsty
Lion A0 drank water
Rabbit B0m is running away from: LionA4
Rabbit B0 is Hungry
Rabbit B0 m is ready to mate
Not enough female Rabbits or Female Rabbit partners are not ready yet!
Lion A4 is Thirsty
Lion A4 drank water
Lion A4 is Hungry
LionA4mis chasing: B0m
Lion A4 m is ready to mate
No Female Lion Partner or Female Lion partners are not ready to mate Yet!
Lion A3 is Thirsty
Lion A3 drank water
Lion A3 is Hungry
LionA3mis chasing: B0m
Lion A3 m is ready to mate
No Female Lion Partner or Female Lion partners are not ready to mate Yet!
Lion A1 is Thirsty
Lion A1 drank water
Lion A1 is Hungry
LionA1fis chasing: B0m
Lion A0 is Thirsty
Lion A0 drank water
Rabbit B0m is running away from: LionA4
Rabbit B0 is Hungry
RabbitB0m died of hunger
Rabbit B0 m is ready to mate
Not enough female Rabbits or Female Rabbit partners are not ready yet!
Lion A4 is Thirsty
Lion A4 drank water
Lion A4 is Hungry
Lion A3 is Thirsty
Lion A3 drank water
Lion A3 is Hungry
Lion A1 is Thirsty
Lion A1 drank water
Lion A1 is Hungry
Lion A0 is Thirsty
Lion A0 drank water
Lion A0 is Hungry
Lion A4 is Thirsty
Lion A4 drank water
Lion A4 is Hungry
Lion A3 is Thirsty
Lion A3 drank water
Lion A3 is Hungry
Lion A1 is Thirsty
Lion A1 drank water
Lion A1 is Hungry
Lion A0 is Thirsty
Lion A0 drank water
Lion A0 is Hungry
Lion A4 is Thirsty
Lion A4 drank water
Lion A4 is Hungry
Lion A3 is Thirsty
Lion A3 drank water
Lion A3 is Hungry
Lion A1 is Thirsty
Lion A1 drank water
Lion A1 is Hungry
Lion A0 is Thirsty
Lion A0 drank water
Lion A0 is Hungry
Lion A4 is Thirsty
Lion A4 drank water
Lion A4 is Hungry
Lion A3 is Thirsty
Lion A3 drank water
Lion A3 is Hungry
Lion A1 is Thirsty
Lion A1 drank water
Lion A1 is Hungry
Lion A0 is Thirsty
Lion A0 drank water
Lion A0 is Hungry
Lion A4 is Thirsty
Lion A4 drank water
Lion A4 is Hungry
Lion A3 is Hungry
Lion A1 is Thirsty
Lion A1 drank water
Lion A1 is Hungry
Lion A0 is Thirsty
Lion A0 drank water
Lion A0 is Hungry
Lion A4 is Thirsty
Lion A4 drank water
Lion A4 is Hungry
Lion A3 is Hungry
Lion A1 is Hungry
Lion A0 is Thirsty
Lion A0 drank water
Lion A0 is Hungry
Lion A4 is Thirsty
Lion A4 drank water
Lion A4 is Hungry
Lion A3 is Hungry
Lion A1 is Hungry
Lion A0 is Thirsty
Lion A0 drank water
Lion A0 is Hungry
Lion A4 is Thirsty
Lion A4 drank water
Lion A4 is Hungry
Lion A3 is Hungry
Lion A1 is Hungry
Lion A0 is Thirsty
Lion A0 drank water
Lion A0 is Hungry
Lion A4 is Thirsty
Lion A4 drank water
Lion A4 is Hungry
Lion A3 is Hungry
Lion A1 is Hungry
Lion A0 is Thirsty
Lion A0 drank water
Lion A0 is Hungry
Lion A4 is Hungry
Lion A3 is Hungry
Lion A1 is Hungry
Lion A0 is Thirsty
Lion A0 drank water
Lion A0 is Hungry
Lion A4 is Hungry
Lion A3 is Hungry
Lion A1 is Hungry
Lion A0 is Thirsty
Lion A0 drank water
Lion A0 is Hungry
Lion A4 is Hungry
Lion A3 is Hungry
Lion A1 is Hungry
Lion A0 is Thirsty
Lion A0 drank water
Lion A0 is Hungry
Lion A4 is Hungry
Lion A3 is Hungry
Lion A1 is Hungry
Lion A0 is Thirsty
Lion A0 drank water
Lion A0 is Hungry
Lion A4 is Hungry
Lion A3 is Thirsty
Lion A3 drank water
Lion A3 is Hungry
Lion A1 is Hungry
Lion A0 is Thirsty
Lion A0 drank water
Lion A0 is Hungry
Lion A4 is Hungry
Lion A3 is Hungry
Lion A1 is Thirsty
Lion A1 drank water
Lion A1 is Hungry
Lion A0 is Hungry
Lion A4 is Hungry
Lion A3 is Hungry
Lion A1 is Hungry
Lion A0 is Hungry
Lion A4 is Hungry
Lion A3 is Hungry
Lion A1 is Hungry
Lion A0 is Hungry
Lion A4 is Hungry
Lion A3 is Hungry
Lion A1 is Hungry
Lion A0 is Hungry
Lion A4 is Thirsty
Lion A4 drank water
Lion A4 is Hungry
Lion A3 is Hungry
Lion A1 is Hungry
Lion A0 is Hungry
Lion A4 is Hungry
Lion A3 is Hungry
Lion A1 is Hungry
Lion A0 is Hungry
Lion A4 is Hungry
LionA4m died of hunger
Lion A3 is Hungry
LionA3m died of hunger
Lion A1 is Hungry
LionA1f died of hunger
Lion A0 is Hungry
Lion A0 is Hungry
Lion A0 is Hungry
Lion A0 is Thirsty
Lion A0 drank water
Lion A0 is Hungry
Lion A0 is Hungry
Lion A0 is Hungry
Lion A0 is Hungry
Lion A0 is Hungry
Lion A0 is Hungry
Lion A0 is Hungry
Lion A0 is Hungry
Lion A0 is Hungry
Lion A0 is Hungry
Lion A0 is Thirsty
Lion A0 drank water
Lion A0 is Hungry
Lion A0 is Hungry
Lion A0 is Hungry
LionA0m died of hunger
