Wolf A3f is running away from: LionB2
Wolf A1f is running away from: LionB5
Wolf A1f is running away from: LionB0
Wolf A0f is running away from: LionB2
Wolf A0f ate!
Wolf B1f is running away from: LionB2
Wolf B1f ate!
Wolf A1f is running away from: LionB2
Wolf A0f is running away from: LionB5
Wolf A5f is running away from: LionB0
Rabbit A0f is running away from: LionB0
Rabbit A0f is running away from: WolfA0
Rabbit A2f is running away from: LionB5
Rabbit A2f is running away from: WolfA0
Rabbit A1f is running away from: LionB0
Rabbit A1f is running away from: WolfA5
Rabbit B2f is running away from: LionB2
Rabbit B2f is running away from: WolfA3
Rabbit A1m is running away from: LionB2
Rabbit A1m is running away from: WolfA1
Rabbit A5f is running away from: LionB3
Rabbit A5f is running away from: WolfA0
Rabbit A2m is running away from: LionB2
Rabbit A2m is running away from: WolfA1
Rabbit B0m is running away from: LionB2
Rabbit B0m is running away from: WolfA0
Rabbit C2f is running away from: LionB0
Rabbit C2f is running away from: WolfA5
Rabbit B5f is running away from: LionB5
Rabbit B5f is running away from: WolfA3
Rabbit A3f is running away from: LionB2
Rabbit A3f is running away from: WolfB1
Rabbit B0m is running away from: LionB5
Rabbit B0m is running away from: WolfA0
Rabbit A0f is running away from: LionB2
Rabbit A0f is running away from: WolfA0
Rabbit A5f is running away from: LionB2
Rabbit A5f is running away from: WolfA0
Rabbit C2m is running away from: LionB0
Rabbit C2m is running away from: WolfA0
Rabbit C2m is running away from: LionB0
Rabbit C2m is running away from: WolfA0
Rabbit C4f is running away from: LionB0
Rabbit C4f is running away from: WolfA0
Rabbit C0m is running away from: LionB0
Rabbit C0m is running away from: WolfA0
Wolf A3f is running away from: LionB2
Wolf A1f is running away from: LionB2
Wolf A1f is running away from: LionB0
Wolf A0f is running away from: LionB2
Wolf B1f is running away from: LionB2
Wolf A1f is running away from: LionB2
Wolf A0f is running away from: LionB5
Wolf A5f is running away from: LionB0
Rabbit A0f is running away from: LionB0
Rabbit A0f is running away from: WolfA0
Rabbit A0 is Hungry
Rabbit A0f ate
Rabbit A0 f is ready to mate
Rabbit A2f is running away from: LionB0
Rabbit A2f is running away from: WolfA0
Rabbit A2 is Hungry
Rabbit A2f ate
Rabbit A2 f is ready to mate
Rabbit A1f is running away from: LionB0
Rabbit A1f is running away from: WolfA5
Rabbit A1 is Hungry
Rabbit A1f ate
Rabbit A1 f is ready to mate
Rabbit B2f is running away from: LionB2
Rabbit B2f is running away from: WolfA3
Rabbit B2 is Hungry
Rabbit B2f ate
Rabbit B2 f is ready to mate
Rabbit A1m is running away from: LionB2
Rabbit A1m is running away from: WolfA1
Rabbit A1 is Hungry
Rabbit A1m ate
Rabbit A1 m is ready to mate
Rabbit A1 m is approaching partner: Rabbit B2f
Rabbit A5f is running away from: LionB0
Rabbit A5f is running away from: WolfA0
Rabbit A5 is Hungry
Rabbit A5f ate
Rabbit A5 f is ready to mate
Rabbit A2m is running away from: LionB2
Rabbit A2m is running away from: WolfA1
Rabbit A2 is Hungry
Rabbit A2m ate
Rabbit A2 m is ready to mate
Rabbit A2 m is approaching partner: Rabbit B5f
Rabbit B0m is running away from: LionB2
Rabbit B0m is running away from: WolfA0
Rabbit B0 is Hungry
Rabbit B0m ate
Rabbit B0 m is ready to mate
Rabbit B0 m is approaching partner: Rabbit A0f
Rabbit C2f is running away from: LionB0
Rabbit C2f is running away from: WolfA5
Rabbit C2 is Hungry
Rabbit C2f ate
Rabbit C2 f is ready to mate
Rabbit B5f is running away from: LionB5
Rabbit B5f is running away from: WolfA3
Rabbit B5 is Hungry
Rabbit B5f ate
Rabbit B5 f is ready to mate
Rabbit A3f is running away from: LionB2
Rabbit A3f is running away from: WolfB1
Rabbit A3 is Hungry
Rabbit A3f ate
Rabbit A3 f is ready to mate
Rabbit B0m is running away from: LionB5
Rabbit B0m is running away from: WolfA0
Rabbit B0 is Hungry
Rabbit B0m ate
Rabbit B0 m is ready to mate
Rabbit B0 m is approaching partner: Rabbit A2f
Rabbit A0f is running away from: LionB2
Rabbit A0f is running away from: WolfA0
Rabbit A0 is Hungry
Rabbit A0 f is ready to mate
Rabbit A5f is running away from: LionB2
Rabbit A5f is running away from: WolfA0
Rabbit A5 is Hungry
Rabbit A5f ate
Rabbit A5 f is ready to mate
Rabbit C2m is running away from: LionB0
Rabbit C2m is running away from: WolfA0
Rabbit C2 is Hungry
Rabbit C2m ate
Rabbit C2 m is ready to mate
Rabbit C2 m is approaching partner: Rabbit A5f
Rabbit C2m is running away from: LionB0
Rabbit C2m is running away from: WolfA1
Rabbit C2 is Hungry
Rabbit C2m ate
Rabbit C2 m is ready to mate
Rabbit C2 m is approaching partner: Rabbit A2f
Rabbit C4f is running away from: LionB0
Rabbit C4f is running away from: WolfA0
Rabbit C4 is Hungry
Rabbit C4f ate
Rabbit C4 f is ready to mate
Rabbit C0m is running away from: LionB0
Rabbit C0m is running away from: WolfA0
Rabbit C0 is Hungry
Rabbit C0m ate
Rabbit C0 m is ready to mate
Rabbit C0 m is approaching partner: Rabbit A0f
Wolf A3f is running away from: LionB2
Wolf A1f is running away from: LionB5
Wolf A1f is running away from: LionB0
Wolf A0f is running away from: LionB2
Wolf B1f is running away from: LionB2
Wolf A1f is running away from: LionB2
Wolf A0f is running away from: LionB3
Wolf A5f is running away from: LionB0
Rabbit A0f is running away from: LionB0
Rabbit A0f is running away from: WolfA0
Rabbit A0 f is ready to mate
Rabbit A2f is running away from: LionB0
Rabbit A2f is running away from: WolfA0
Rabbit A2 f is ready to mate
Rabbit A1f is running away from: LionB0
Rabbit A1f is running away from: WolfA1
Rabbit A1 f is ready to mate
Rabbit B2f is running away from: LionB2
Rabbit B2f is running away from: WolfB1
Rabbit B2 f is ready to mate
Rabbit A1m is running away from: LionB2
Rabbit A1m is running away from: WolfA1
Rabbit A1 m is ready to mate
Rabbit A1 m is approaching partner: Rabbit B2f
Rabbit A5f is running away from: LionB0
Rabbit A5f is running away from: WolfA0
Rabbit A5 f is ready to mate
Rabbit A2m is running away from: LionB2
Rabbit A2m is running away from: WolfA5
Rabbit A2 m is ready to mate
Rabbit A2 m is approaching partner: Rabbit B5f
Rabbit B0m is running away from: LionB2
Rabbit B0m is running away from: WolfA0
Rabbit B0 m is ready to mate
Rabbit B0 m is approaching partner: Rabbit A0f
Rabbit C2f is running away from: LionB0
Rabbit C2f is running away from: WolfA1
Rabbit C2 f is ready to mate
Rabbit B5f is running away from: LionB5
Rabbit B5f is running away from: WolfA5
Rabbit B5 f is ready to mate
Rabbit A3f is running away from: LionB2
Rabbit A3f is running away from: WolfB1
Rabbit A3 f is ready to mate
Rabbit B0m is running away from: LionB0
Rabbit B0m is running away from: WolfA0
Rabbit B0 m is ready to mate
Rabbit B0 m is approaching partner: Rabbit A2f
Rabbit C1 m was born!Father is B0 and Mother is A2
Rabbit A0f is running away from: LionB2
Rabbit A0f is running away from: WolfA0
Rabbit A0 is Hungry
Rabbit A0 f is ready to mate
Rabbit A5f is running away from: LionB2
Rabbit A5f is running away from: WolfA0
Rabbit A5 f is ready to mate
Rabbit C2m is running away from: LionB0
Rabbit C2m is running away from: WolfA0
Rabbit C2 m is ready to mate
Rabbit C2 m is approaching partner: Rabbit A5f
Rabbit C2m is running away from: LionB0
Rabbit C2m is running away from: WolfA0
Rabbit C2 m is ready to mate
Rabbit C2 m is approaching partner: Rabbit C4f
Rabbit C4f is running away from: LionB0
Rabbit C4f is running away from: WolfA1
Rabbit C4 f is ready to mate
Rabbit C0m is running away from: LionB0
Rabbit C0m is running away from: WolfA0
Rabbit C0 m is ready to mate
Rabbit C0 m is approaching partner: Rabbit A0f
Wolf A3f is running away from: LionB2
Wolf A3 f is ready to mate
Wolf A1f is running away from: LionB0
Wolf A1 f is ready to mate
Wolf A1f is running away from: LionB5
Wolf A1 f is ready to mate
Wolf A0f is running away from: LionB2
Wolf A0 f is ready to mate
Wolf B1f is running away from: LionB2
Wolf B1 f is ready to mate
Wolf A1f is running away from: LionB2
Wolf A1 f is ready to mate
Wolf A0f is running away from: LionB5
Wolf A0 f is ready to mate
Wolf A5f is running away from: LionB5
Wolf A5 f is ready to mate
Rabbit A0f is running away from: LionB0
Rabbit A0f is running away from: WolfA0
Rabbit A0 is Hungry
Rabbit A0f ate
Rabbit A0 f is ready to mate
Rabbit A2f is running away from: LionB0
Rabbit A2f is running away from: WolfA0
Rabbit A2 is Hungry
Rabbit A2f ate
Rabbit A1f is running away from: LionB0
Rabbit A1f is running away from: WolfA1
Rabbit A1 is Hungry
Rabbit A1f ate
Rabbit A1 f is ready to mate
Rabbit B2f is running away from: LionB2
Rabbit B2f is running away from: WolfB1
Rabbit B2 is Hungry
Rabbit B2f ate
Rabbit B2 f is ready to mate
Rabbit A1m is running away from: LionB2
Rabbit A1m is running away from: WolfA1
Rabbit A1 is Hungry
Rabbit A1 m is ready to mate
Rabbit A1 m is approaching partner: Rabbit B2f
Rabbit A5f is running away from: LionB0
Rabbit A5f is running away from: WolfA0
Rabbit A5 is Hungry
Rabbit A5 f is ready to mate
Rabbit A2m is running away from: LionB2
Rabbit A2m is running away from: WolfA1
Rabbit A2 is Hungry
Rabbit A2m ate
Rabbit A2 m is ready to mate
Rabbit A2 m is approaching partner: Rabbit B5f
Rabbit B0m is running away from: LionB2
Rabbit B0m is running away from: WolfA0
Rabbit B0 is Hungry
Rabbit B0 m is ready to mate
Rabbit B0 m is approaching partner: Rabbit A0f
Rabbit C2f is running away from: LionB0
Rabbit C2f is running away from: WolfA1
Rabbit C2 is Hungry
Rabbit C2 f is ready to mate
Rabbit B5f is running away from: LionB5
Rabbit B5f is running away from: WolfA3
Rabbit B5 is Hungry
Rabbit B5 f is ready to mate
Rabbit A3f is running away from: LionB2
Rabbit A3f is running away from: WolfB1
Rabbit A3 is Hungry
Rabbit A3f ate
Rabbit A3 f is ready to mate
Rabbit B0m is running away from: LionB0
Rabbit B0m is running away from: WolfA0
Rabbit B0 is Hungry
Rabbit B0m ate
Rabbit B0 m is ready to mate
Rabbit B0 m is approaching partner: Rabbit C4f
Rabbit A0f is running away from: LionB2
Rabbit A0f is running away from: WolfA0
Rabbit A0 is Hungry
RabbitA0f died of hunger
Rabbit A0 f is ready to mate
Rabbit A5f is running away from: LionB2
Rabbit A5f is running away from: WolfA1
Rabbit A5 is Hungry
Rabbit A5f ate
Rabbit A5 f is ready to mate
Rabbit C2m is running away from: LionB0
Rabbit C2m is running away from: WolfA0
Rabbit C2 is Hungry
Rabbit C2 m is ready to mate
Rabbit C2 m is approaching partner: Rabbit A5f
Rabbit C2m is running away from: LionB0
Rabbit C2m is running away from: WolfA0
Rabbit C2 is Hungry
Rabbit C2m ate
Rabbit C2 m is ready to mate
Rabbit C2 m is approaching partner: Rabbit C4f
Rabbit A0 f was born!Father is C2 and Mother is C4
Rabbit C4f is running away from: LionB0
Rabbit C4f is running away from: WolfA0
Rabbit C4 is Hungry
Rabbit C0m is running away from: LionB0
Rabbit C0m is running away from: WolfA0
Rabbit C0 is Hungry
Rabbit C0m ate
Rabbit C0 m is ready to mate
Rabbit C0 m is approaching partner: Rabbit A0f
Rabbit C1m is running away from: LionB0
Rabbit C1m is running away from: WolfA0
Wolf A3f is running away from: LionB2
Wolf A3 is Hungry
Wolf A3f is chasing: B5f
Wolf A3 f is ready to mate
Wolf A1f is running away from: LionB5
Wolf A1 is Hungry
Wolf A1f is chasing: A2m
Wolf A1 f is ready to mate
Wolf A1f is running away from: LionB5
Wolf A1 is Hungry
Wolf A1f is chasing: A2m
Wolf A1 f is ready to mate
Wolf A0f is running away from: LionB2
Wolf A0 f is ready to mate
Wolf B1f is running away from: LionB2
Wolf B1 f is ready to mate
Wolf A1f is running away from: LionB2
Wolf A1 is Hungry
Wolf A1f is chasing: A5f
Wolf A1 f is ready to mate
Wolf A0f is running away from: LionA0
Wolf A0 is Hungry
Wolf A0f is chasing: C2m
Wolf A0 f is ready to mate
Wolf A5f is running away from: LionB5
Wolf A5 is Hungry
Wolf A5f is chasing: A2m
Wolf A5 f is ready to mate
Rabbit A0f is running away from: LionB0
Rabbit A0f is running away from: WolfA0
Rabbit A0 f is ready to mate
Rabbit A2f is running away from: LionB0
Rabbit A2f is running away from: WolfA0
Rabbit A1f is running away from: LionB0
Rabbit A1f is running away from: WolfA1
Rabbit A1 f is ready to mate
Rabbit B2f is running away from: LionB2
Rabbit B2f is running away from: WolfA1
Rabbit B2 f is ready to mate
Rabbit A1m is running away from: LionB2
Rabbit A1m is running away from: WolfA1
Rabbit A1 is Hungry
Rabbit A1 m is ready to mate
Rabbit A1 m is approaching partner: Rabbit B2f
Rabbit A5f is running away from: LionB0
Rabbit A5f is running away from: WolfA0
Rabbit A5 is Hungry
Rabbit A5 f is ready to mate
Rabbit A2m is running away from: LionB5
Rabbit A2m is running away from: WolfA5
Rabbit A2 m is ready to mate
Rabbit A2 m is approaching partner: Rabbit B5f
Rabbit B0m is running away from: LionB2
Rabbit B0m is running away from: WolfA0
Rabbit B0 is Hungry
Rabbit B0 m is ready to mate
Rabbit B0 m is approaching partner: Rabbit A5f
Rabbit C2f is running away from: LionB0
Rabbit C2f is running away from: WolfA1
Rabbit C2 is Hungry
Rabbit C2 f is ready to mate
Rabbit B5f is running away from: LionB5
Rabbit B5f is running away from: WolfA3
Rabbit B5 is Hungry
Rabbit B5f ate
Rabbit B5 f is ready to mate
Rabbit A3f is running away from: LionB2
Rabbit A3f is running away from: WolfB1
Rabbit A3 f is ready to mate
Rabbit B0m is running away from: LionB0
Rabbit B0m is running away from: WolfA0
Rabbit B0 m is ready to mate
Rabbit B0 m is approaching partner: Rabbit A0f
Rabbit A5f is running away from: LionB2
Rabbit A5f is running away from: WolfA1
Rabbit A5 f is ready to mate
Rabbit C2m is running away from: LionB0
Rabbit C2m is running away from: WolfA0
Rabbit C2 is Hungry
Rabbit C2 m is ready to mate
Rabbit C2 m is approaching partner: Rabbit A5f
Rabbit C2m is running away from: LionB0
Rabbit C2m is running away from: WolfA0
Rabbit C2 m is ready to mate
Rabbit C2 m is approaching partner: Rabbit A0f
Rabbit C4f is running away from: LionB0
Rabbit C4f is running away from: WolfA0
Rabbit C4 is Hungry
Rabbit C0m is running away from: LionB0
Rabbit C0m is running away from: WolfA0
Rabbit C0 m is ready to mate
Rabbit C0 m is approaching partner: Rabbit A0f
Rabbit C1m is running away from: LionB0
Rabbit C1m is running away from: WolfA0
Rabbit C1 is Hungry
Rabbit C1m ate
Rabbit A0f is running away from: LionB0
Rabbit A0f is running away from: WolfA0
Wolf A3f is running away from: LionB5
Wolf A3 is Hungry
Wolf A3f is chasing: A3f
Wolf A3 f is ready to mate
Wolf A1f is running away from: LionB5
Wolf A1 is Hungry
Wolf A1f is chasing: C4f
Wolf A1 f is ready to mate
Wolf A1f is running away from: LionB5
Wolf A1 is Hungry
Wolf A1f is chasing: A2m
Wolf A1 f is ready to mate
Wolf A0f is running away from: LionB2
Wolf A0 is Hungry
Wolf A0f is chasing: B0m
Wolf A0 f is ready to mate
Wolf B1f is running away from: LionB2
Wolf B1 is Hungry
Wolf B1f is chasing: B0m
Wolf B1 f is ready to mate
Wolf A1f is running away from: LionB2
Wolf A1 is Hungry
Wolf A1f is chasing: A5f
Wolf A1 f is ready to mate
Wolf A0f is running away from: LionA0
Wolf A0 is Hungry
Wolf A0f is chasing: A0f
Wolf A0 f is ready to mate
Wolf A5f is running away from: LionB5
Wolf A5 is Hungry
Wolf A5f is chasing: A2m
Wolf A5 f is ready to mate
Rabbit A0f is running away from: LionB0
Rabbit A0f is running away from: WolfA0
Rabbit A0 is Hungry
Rabbit A0 f is ready to mate
Rabbit A2f is running away from: LionB0
Rabbit A2f is running away from: WolfA0
Rabbit A2 is Hungry
Rabbit A2f ate
Rabbit A2 f is ready to mate
Rabbit A1f is running away from: LionB0
Rabbit A1f is running away from: WolfA1
Rabbit A1 is Hungry
Rabbit A1 f is ready to mate
Rabbit B2f is running away from: LionB2
Rabbit B2f is running away from: WolfA1
Rabbit B2 is Hungry
Rabbit B2f ate
Rabbit B2 f is ready to mate
Rabbit A1m is running away from: LionB2
Rabbit A1m is running away from: WolfA5
Rabbit A1 is Hungry
RabbitA1m died of hunger
Rabbit A1m ate
Rabbit A1 m is ready to mate
Rabbit A1 m is approaching partner: Rabbit B2f
Rabbit A5f is running away from: LionA0
Rabbit A5f is running away from: WolfA0
Rabbit A5 is Hungry
RabbitA5f died of hunger
Rabbit A5 f is ready to mate
Rabbit A2m is running away from: LionB5
Rabbit A2m is running away from: WolfA5
Rabbit A2 is Hungry
Rabbit A2 m is ready to mate
Rabbit A2 m is approaching partner: Rabbit B5f
Rabbit B0m is running away from: LionB2
Rabbit B0m is running away from: WolfA0
Rabbit B0 is Hungry
RabbitB0m died of hunger
Rabbit B0 m is ready to mate
Rabbit B0 m is approaching partner: Rabbit A5f
Rabbit C2f is running away from: LionB0
Rabbit C2f is running away from: WolfA1
Rabbit C2 is Hungry
RabbitC2f died of hunger
Rabbit C2 f is ready to mate
Rabbit B5f is running away from: LionB2
Rabbit B5f is running away from: WolfA1
Rabbit B5 f is ready to mate
Rabbit A3f is running away from: LionB2
Rabbit A3f is running away from: WolfA3
Rabbit A3 is Hungry
Rabbit A3f ate
Rabbit A3 f is ready to mate
Rabbit B0m is running away from: LionB0
Rabbit B0m is running away from: WolfA0
Rabbit B0 is Hungry
Rabbit B0 m is ready to mate
Rabbit B0 m is approaching partner: Rabbit A2f
Rabbit A2 m was born!Father is B0 and Mother is A2
Rabbit A5f is running away from: LionB2
Rabbit A5f is running away from: WolfA1
Rabbit A5 is Hungry
Rabbit A5f ate
Rabbit A5 f is ready to mate
Rabbit C2m is running away from: LionA0
Rabbit C2m is running away from: WolfA0
Rabbit C2 is Hungry
RabbitC2m died of hunger
Rabbit C2 m is ready to mate
Rabbit C2 m is approaching partner: Rabbit A0f
Rabbit C2m is running away from: LionB0
Rabbit C2m is running away from: WolfA0
Rabbit C2 is Hungry
Rabbit C2m ate
Rabbit C2 m is ready to mate
Rabbit C2 m is approaching partner: Rabbit B5f
Rabbit C4f is running away from: LionB0
Rabbit C4f is running away from: WolfA0
Rabbit C4 is Hungry
RabbitC4f died of hunger
Rabbit C4f ate
Rabbit C0m is running away from: LionB0
Rabbit C0m is running away from: WolfA0
Rabbit C0 is Hungry
Rabbit C0 m is ready to mate
Rabbit C0 m is approaching partner: Rabbit A0f
Rabbit C1m is running away from: LionB0
Rabbit C1m is running away from: WolfA0
Rabbit C1 m is ready to mate
Rabbit C1 m is approaching partner: Rabbit A0f
Rabbit A0f is running away from: LionB0
Rabbit A0f is running away from: WolfA0
Rabbit A0 is Hungry
Wolf A3f is running away from: LionB2
Wolf A3 is Hungry
Wolf A3f is chasing: A3f
Wolf A3 f is ready to mate
Wolf A1f is running away from: LionB0
Wolf A1 is Hungry
Wolf A1f is chasing: C2m
Wolf A1 f is ready to mate
Wolf A1f is running away from: LionB5
Wolf A1 is Hungry
Wolf A1f is chasing: A2m
Wolf A1 f is ready to mate
Wolf A0f is running away from: LionB2
Wolf A0 is Hungry
Wolf A0f is chasing: A5f
Wolf A0 f is ready to mate
Wolf B1f is running away from: LionB2
Wolf B1 is Hungry
Wolf B1f is chasing: A3f
Wolf B1 f is ready to mate
Wolf A1f is running away from: LionB2
Wolf A1 is Hungry
Wolf A1f is chasing: A5f
Wolf A1 f is ready to mate
Wolf A0f is running away from: LionA0
Wolf A0 is Hungry
Wolf A0f is chasing: B0m
Wolf A0 f is ready to mate
Wolf A5f is running away from: LionB5
Wolf A5 is Hungry
Wolf A5f is chasing: A2m
Wolf A5 f is ready to mate
Rabbit A0f is running away from: LionB0
Rabbit A0f is running away from: WolfA0
Rabbit A0 is Hungry
Rabbit A0f ate
Rabbit A0 f is ready to mate
Rabbit A2f is running away from: LionB0
Rabbit A2f is running away from: WolfA0
Rabbit A1f is running away from: LionB0
Rabbit A1f is running away from: WolfA1
Rabbit A1 is Hungry
Rabbit A1 f is ready to mate
Rabbit B2f is running away from: LionB2
Rabbit B2f is running away from: WolfA1
Rabbit B2 f is ready to mate
Rabbit A2m is running away from: LionB2
Rabbit A2m is running away from: WolfA1
Rabbit A2 is Hungry
Rabbit A2m ate
Rabbit A2 m is ready to mate
Rabbit A2 m is approaching partner: Rabbit B5f
Rabbit B5f is running away from: LionB5
Rabbit B5f is running away from: WolfA1
Rabbit B5 is Hungry
Rabbit B5f ate
Rabbit B5 f is ready to mate
Rabbit A3f is running away from: LionB2
Rabbit A3f is running away from: WolfA3
Rabbit A3 f is ready to mate
Rabbit B0m is running away from: LionB0
Rabbit B0m is running away from: WolfA0
Rabbit B0 is Hungry
Rabbit B0m ate
Rabbit B0 m is ready to mate
Rabbit B0 m is approaching partner: Rabbit A0f
Rabbit A5f is running away from: LionB2
Rabbit A5f is running away from: WolfA1
Rabbit A5 f is ready to mate
Rabbit C2m is running away from: LionB0
Rabbit C2m is running away from: WolfA0
Rabbit C2 m is ready to mate
Rabbit C2 m is approaching partner: Rabbit B5f
Rabbit C0m is running away from: LionB0
Rabbit C0m is running away from: WolfA0
Rabbit C0 is Hungry
Rabbit C0 m is ready to mate
Rabbit C0 m is approaching partner: Rabbit A0f
Rabbit C1m is running away from: LionB0
Rabbit C1m is running away from: WolfA0
Rabbit C1 is Hungry
Rabbit C1m ate
Rabbit C1 m is ready to mate
Rabbit C1 m is approaching partner: Rabbit A0f
Rabbit A0f is running away from: LionB0
Rabbit A0f is running away from: WolfA0
Rabbit A0 is Hungry
Rabbit A0f ate
Rabbit A0 f is ready to mate
Rabbit A2m is running away from: LionB0
Rabbit A2m is running away from: WolfA0
Wolf A3f is running away from: LionB2
Wolf A3 is Hungry
Wolf A3f is chasing: A3f
Wolf A3 f is ready to mate
Wolf A1f is running away from: LionB0
Wolf A1 is Hungry
Wolf A1f is chasing: C2m
Wolf A1 f is ready to mate
Wolf A1f is running away from: LionB5
Wolf A1 is Hungry
Wolf A1f is chasing: A2m
Wolf A1f ate!
Wolf A1 f is ready to mate
Wolf A0f is running away from: LionB2
Wolf A0 is Hungry
Wolf A0f is chasing: A5f
Wolf A0 f is ready to mate
Wolf B1f is running away from: LionB2
Wolf B1 is Hungry
Wolf B1f is chasing: A3f
Wolf B1 f is ready to mate
Wolf A1f is running away from: LionB2
Wolf A1 is Hungry
Wolf A1f is chasing: A5f
Wolf A1 f is ready to mate
Wolf A0f is running away from: LionA0
Wolf A0 is Hungry
Wolf A0f is chasing: B0m
Wolf A0 f is ready to mate
Wolf A5f is running away from: LionB5
Wolf A5 is Hungry
Wolf A5f is chasing: C2m
Wolf A5 f is ready to mate
Rabbit A0f is running away from: LionB0
Rabbit A0f is running away from: WolfA0
Rabbit A0 f is ready to mate
Rabbit A2f is running away from: LionB0
Rabbit A2f is running away from: WolfA0
Rabbit A2 is Hungry
Rabbit A2f ate
Rabbit A1f is running away from: LionB0
Rabbit A1f is running away from: WolfA1
Rabbit A1 is Hungry
RabbitA1f died of hunger
Rabbit A1 f is ready to mate
Rabbit B2f is running away from: LionB2
Rabbit B2f is running away from: WolfA1
Rabbit B2 is Hungry
Rabbit B2f ate
Rabbit B2 f is ready to mate
Rabbit B5f is running away from: LionB2
Rabbit B5f is running away from: WolfA1
Rabbit B5 f is ready to mate
Rabbit A3f is running away from: LionB2
Rabbit A3f is running away from: WolfA3
Rabbit A3 is Hungry
Rabbit A3f ate
Rabbit A3 f is ready to mate
Rabbit B0m is running away from: LionB0
Rabbit B0m is running away from: WolfA0
Rabbit B0 m is ready to mate
Rabbit B0 m is approaching partner: Rabbit A0f
Rabbit A5f is running away from: LionB2
Rabbit A5f is running away from: WolfA1
Rabbit A5 is Hungry
Rabbit A5f ate
Rabbit A5 f is ready to mate
Rabbit C2m is running away from: LionB5
Rabbit C2m is running away from: WolfA1
Rabbit C2 is Hungry
Rabbit C2m ate
Rabbit C2 m is ready to mate
Rabbit C2 m is approaching partner: Rabbit A0f
Rabbit C0m is running away from: LionB0
Rabbit C0m is running away from: WolfA0
Rabbit C0 is Hungry
RabbitC0m died of hunger
Rabbit C0m ate
Rabbit C0 m is ready to mate
Rabbit C0 m is approaching partner: Rabbit A0f
Rabbit C1m is running away from: LionB0
Rabbit C1m is running away from: WolfA0
Rabbit C1 m is ready to mate
Rabbit C1 m is approaching partner: Rabbit A0f
Rabbit A0f is running away from: LionB5
Rabbit A0f is running away from: WolfA1
Rabbit A0 f is ready to mate
Rabbit A2m is running away from: LionB0
Rabbit A2m is running away from: WolfA0
Rabbit A2 is Hungry
Wolf A3f is running away from: LionB2
Wolf A3 is Hungry
Wolf A3f is chasing: A3f
Wolf A3 f is ready to mate
Wolf A1f is running away from: LionB0
Wolf A1 is Hungry
Wolf A1f is chasing: C2m
Wolf A1 f is ready to mate
Wolf A1f is running away from: LionB5
Wolf A1 f is ready to mate
Wolf A0f is running away from: LionB2
Wolf A0 is Hungry
Wolf A0f is chasing: A5f
Wolf A0 f is ready to mate
Wolf B1f is running away from: LionB2
Wolf B1 is Hungry
Wolf B1f is chasing: A3f
Wolf B1 f is ready to mate
Wolf A1f is running away from: LionB2
Wolf A1 is Hungry
Wolf A1f is chasing: A5f
Wolf A1 f is ready to mate
Wolf A0f is running away from: LionB0
Wolf A0 is Hungry
Wolf A0f is chasing: A2m
Wolf A0 f is ready to mate
Wolf A5f is running away from: LionB5
Wolf A5 is Hungry
Wolf A5f is chasing: C2m
Wolf A5 f is ready to mate
Rabbit A0f is running away from: LionB0
Rabbit A0f is running away from: WolfA0
Rabbit A0 is Hungry
Rabbit A0f ate
Rabbit A0 f is ready to mate
Rabbit A2f is running away from: LionB0
Rabbit A2f is running away from: WolfA0
Rabbit B2f is running away from: LionB2
Rabbit B2f is running away from: WolfA1
Rabbit B2 f is ready to mate
Rabbit B5f is running away from: LionB2
Rabbit B5f is running away from: WolfA1
Rabbit B5 is Hungry
Rabbit B5f ate
Rabbit B5 f is ready to mate
Rabbit A3f is running away from: LionB2
Rabbit A3f is running away from: WolfA3
Rabbit A3 f is ready to mate
Rabbit B0m is running away from: LionB0
Rabbit B0m is running away from: WolfA0
Rabbit B0 is Hungry
Rabbit B0m ate
Rabbit B0 m is ready to mate
Rabbit B0 m is approaching partner: Rabbit A0f
Rabbit C3 f was born!Father is B0 and Mother is A0
Rabbit A5f is running away from: LionB2
Rabbit A5f is running away from: WolfA1
Rabbit A5 f is ready to mate
Rabbit C2m is running away from: LionB5
Rabbit C2m is running away from: WolfA5
Rabbit C2 m is ready to mate
Rabbit C2 m is approaching partner: Rabbit B5f
Rabbit C1m is running away from: LionB0
Rabbit C1m is running away from: WolfA0
Rabbit C1 is Hungry
Rabbit C1 m is ready to mate
Rabbit C1 m is approaching partner: Rabbit A0f
Rabbit A0f is running away from: LionB5
Rabbit A0f is running away from: WolfA5
Rabbit A0 is Hungry
Rabbit A2m is running away from: LionB0
Rabbit A2m is running away from: WolfA0
Rabbit A2 is Hungry
Rabbit A2m ate
Wolf A3f is running away from: LionB3
Wolf A3 is Hungry
WolfA3f died of hunger
Wolf A3f is chasing: A3f
Wolf A3 f is ready to mate
Wolf A1f is running away from: LionB0
Wolf A1 is Hungry
WolfA1f died of hunger
Wolf A1f is chasing: C3f
Wolf A1 f is ready to mate
Wolf A1f is running away from: LionB2
Wolf A1 f is ready to mate
Wolf A0f is running away from: LionB2
Wolf A0 is Hungry
Wolf A0f is chasing: A5f
Wolf A0 f is ready to mate
Wolf B1f is running away from: LionB2
Wolf B1 is Hungry
Wolf B1f is chasing: A3f
Wolf B1 f is ready to mate
Wolf A1f is running away from: LionB2
Wolf A1 is Hungry
WolfA1f died of hunger
Wolf A1f is chasing: A5f
Wolf A1 f is ready to mate
Wolf A0f is running away from: LionB0
Wolf A0 is Hungry
WolfA0f died of hunger
Wolf A0f is chasing: A2m
Wolf A0 f is ready to mate
Wolf A5f is running away from: LionB0
Wolf A5 is Hungry
WolfA5f died of hunger
Wolf A5f is chasing: C3f
Wolf A5 f is ready to mate
Rabbit A0f is running away from: LionB0
Rabbit A0f is running away from: WolfA1
Rabbit A0 f is ready to mate
Rabbit A2f is running away from: LionB0
Rabbit A2f is running away from: WolfA1
Rabbit A2 is Hungry
Rabbit A2f ate
Rabbit A2 f is ready to mate
Rabbit B2f is running away from: LionB2
Rabbit B2f is running away from: WolfA1
Rabbit B2 is Hungry
Rabbit B2f ate
Rabbit B2 f is ready to mate
Rabbit B5f is running away from: LionB2
Rabbit B5f is running away from: WolfA1
Rabbit B5 f is ready to mate
Rabbit A3f is running away from: LionB2
Rabbit A3f is running away from: WolfB1
Rabbit A3 is Hungry
Rabbit A3 f is ready to mate
Rabbit B0m is running away from: LionB5
Rabbit B0m is running away from: WolfA1
Rabbit B0 m is ready to mate
Rabbit B0 m is approaching partner: Rabbit A2f
Rabbit A5f is running away from: LionB2
Rabbit A5f is running away from: WolfA0
Rabbit A5 is Hungry
Rabbit A5f ate
Rabbit A5 f is ready to mate
Rabbit C2m is running away from: LionB5
Rabbit C2m is running away from: WolfA1
Rabbit C2 is Hungry
Rabbit C2 m is ready to mate
Rabbit C2 m is approaching partner: Rabbit A2f
Rabbit C1m is running away from: LionB0
Rabbit C1m is running away from: WolfA1
Rabbit C1 is Hungry
Rabbit C1 m is ready to mate
Rabbit C1 m is approaching partner: Rabbit A0f
Rabbit A0f is running away from: LionB0
Rabbit A0f is running away from: WolfA1
Rabbit A0 is Hungry
Rabbit A0f ate
Rabbit A2m is running away from: LionB0
Rabbit A2m is running away from: WolfA1
Rabbit A2 m is ready to mate
Rabbit A2 m is approaching partner: Rabbit A2f
Rabbit C3f is running away from: LionB5
Rabbit C3f is running away from: WolfA1
Wolf A1f is running away from: LionB5
Wolf A1 f is ready to mate
Wolf A0f is running away from: LionB2
Wolf A0 is Hungry
WolfA0f died of hunger
Wolf A0f is chasing: A5f
Wolf A0 f is ready to mate
Wolf B1f is running away from: LionB2
Wolf B1 is Hungry
WolfB1f died of hunger
Wolf B1f is chasing: A3f
Wolf B1 f is ready to mate
Rabbit A0f is running away from: LionB0
Rabbit A0f is running away from: WolfA1
Rabbit A0 is Hungry
Rabbit A0 f is ready to mate
Rabbit A2f is running away from: LionB0
Rabbit A2f is running away from: WolfA1
Rabbit A2 f is ready to mate
Rabbit B2f is running away from: LionB2
Rabbit B2f is running away from: WolfA1
Rabbit B2 f is ready to mate
Rabbit B5f is running away from: LionB2
Rabbit B5f is running away from: WolfA1
Rabbit B5 is Hungry
Rabbit B5 f is ready to mate
Rabbit A3f is running away from: LionB2
Rabbit A3f is running away from: WolfA1
Rabbit A3 is Hungry
Rabbit A3f ate
Rabbit A3 f is ready to mate
Rabbit B0m is running away from: LionB0
Rabbit B0m is running away from: WolfA1
Rabbit B0 is Hungry
Rabbit B0m ate
Rabbit B0 m is ready to mate
Rabbit B0 m is approaching partner: Rabbit B5f
Rabbit A5f is running away from: LionB2
Rabbit A5f is running away from: WolfA1
Rabbit A5 f is ready to mate
Rabbit C2m is running away from: LionB0
Rabbit C2m is running away from: WolfA1
Rabbit C2 is Hungry
Rabbit C2 m is ready to mate
Rabbit C2 m is approaching partner: Rabbit B5f
Rabbit C1m is running away from: LionB0
Rabbit C1m is running away from: WolfA1
Rabbit C1 is Hungry
RabbitC1m died of hunger
Rabbit C1 m is ready to mate
Rabbit C1 m is approaching partner: Rabbit A0f
Rabbit A0f is running away from: LionB5
Rabbit A0f is running away from: WolfA1
Rabbit A2m is running away from: LionB0
Rabbit A2m is running away from: WolfA1
Rabbit A2 is Hungry
Rabbit A2m ate
Rabbit A2 m is ready to mate
Rabbit A2 m is approaching partner: Rabbit A2f
Rabbit A2 m was born!Father is A2 and Mother is A2
Rabbit C3f is running away from: LionB5
Rabbit C3f is running away from: WolfA1
Rabbit C3 is Hungry
Wolf A1f is running away from: LionB2
Wolf A1 f is ready to mate
Rabbit A0f is running away from: LionB0
Rabbit A0f is running away from: WolfA1
Rabbit A0 is Hungry
Rabbit A0 f is ready to mate
Rabbit A2f is running away from: LionB0
Rabbit A2f is running away from: WolfA1
Rabbit A2 is Hungry
Rabbit B2f is running away from: LionB2
Rabbit B2f is running away from: WolfA1
Rabbit B2 is Hungry
Rabbit B2f ate
Rabbit B2 f is ready to mate
Rabbit B5f is running away from: LionB5
Rabbit B5f is running away from: WolfA1
Rabbit B5 is Hungry
Rabbit B5f ate
Rabbit B5 f is ready to mate
Rabbit A3f is running away from: LionA0
Rabbit A3f is running away from: WolfA1
Rabbit A3 f is ready to mate
Rabbit B0m is running away from: LionB0
Rabbit B0m is running away from: WolfA1
Rabbit B0 m is ready to mate
Rabbit B0 m is approaching partner: Rabbit B5f
Rabbit A5f is running away from: LionB2
Rabbit A5f is running away from: WolfA1
Rabbit A5 is Hungry
Rabbit A5 f is ready to mate
Rabbit C2m is running away from: LionB0
Rabbit C2m is running away from: WolfA1
Rabbit C2 is Hungry
RabbitC2m died of hunger
Rabbit C2m ate
Rabbit C2 m is ready to mate
Rabbit C2 m is approaching partner: Rabbit B5f
Rabbit A0f is running away from: LionB0
Rabbit A0f is running away from: WolfA1
Rabbit A0 is Hungry
Rabbit A2m is running away from: LionB0
Rabbit A2m is running away from: WolfA1
Rabbit A2 m is ready to mate
Rabbit A2 m is approaching partner: Rabbit A0f
Rabbit C3f is running away from: LionB5
Rabbit C3f is running away from: WolfA1
Rabbit C3 is Hungry
Rabbit A2m is running away from: LionB0
Rabbit A2m is running away from: WolfA1
Wolf A1f is running away from: LionB2
Wolf A1 is Hungry
Wolf A1f is chasing: B5f
Wolf A1 f is ready to mate
Rabbit A0f is running away from: LionB0
Rabbit A0f is running away from: WolfA1
Rabbit A0 is Hungry
RabbitA0f died of hunger
Rabbit A0 f is ready to mate
Rabbit A2f is running away from: LionB0
Rabbit A2f is running away from: WolfA1
Rabbit A2 is Hungry
Rabbit B2f is running away from: LionB2
Rabbit B2f is running away from: WolfA1
Rabbit B2 f is ready to mate
Rabbit B5f is running away from: LionB5
Rabbit B5f is running away from: WolfA1
Rabbit B5 f is ready to mate
Rabbit A3f is running away from: LionB2
Rabbit A3f is running away from: WolfA1
Rabbit A3 is Hungry
Rabbit A3 f is ready to mate
Rabbit B0m is running away from: LionB5
Rabbit B0m is running away from: WolfA1
Rabbit B0 is Hungry
Rabbit B0 m is ready to mate
Rabbit B0 m is approaching partner: Rabbit B5f
Rabbit A5f is running away from: LionB2
Rabbit A5f is running away from: WolfA1
Rabbit A5 is Hungry
Rabbit A5 f is ready to mate
Rabbit A0f is running away from: LionB0
Rabbit A0f is running away from: WolfA1
Rabbit A0 is Hungry
Rabbit A0f ate
Rabbit A0 f is ready to mate
Rabbit A2m is running away from: LionB0
Rabbit A2m is running away from: WolfA1
Rabbit A2 is Hungry
Rabbit A2 m is ready to mate
Rabbit A2 m is approaching partner: Rabbit A0f
Rabbit C3f is running away from: LionB0
Rabbit C3f is running away from: WolfA1
Rabbit C3 is Hungry
RabbitC3f died of hunger
Rabbit C3 f is ready to mate
Rabbit A2m is running away from: LionB0
Rabbit A2m is running away from: WolfA1
Rabbit A2 is Hungry
Lion B3 is Hungry
LionB3fis chasing: B0m
Lion A0 is Hungry
LionA0fis chasing: B0m
Lion B2 is Hungry
LionB2fis chasing: B5f
Lion B5 is Hungry
LionB5fis chasing: B0m
Lion B0 is Hungry
LionB0mis chasing: A0f
Wolf A1f is running away from: LionB2
Wolf A1 is Hungry
Wolf A1f is chasing: B5f
Wolf A1 f is ready to mate
Rabbit A2f is running away from: LionB0
Rabbit A2f is running away from: WolfA1
Rabbit A2 is Hungry
RabbitA2f died of hunger
Rabbit B2f is running away from: LionB2
Rabbit B2f is running away from: WolfA1
Rabbit B2 is Hungry
Rabbit B2f ate
Rabbit B2 f is ready to mate
Rabbit B5f is running away from: LionB2
Rabbit B5f is running away from: WolfA1
Rabbit B5 is Hungry
Rabbit B5f ate
Rabbit B5 f is ready to mate
Rabbit A3f is running away from: LionB2
Rabbit A3f is running away from: WolfA1
Rabbit A3 is Hungry
Rabbit A3 f is ready to mate
Rabbit B0m is running away from: LionB5
Rabbit B0m is running away from: WolfA1
Rabbit B0 is Hungry
Rabbit B0 m is ready to mate
Rabbit B0 m is approaching partner: Rabbit A0f
Rabbit A5f is running away from: LionB2
Rabbit A5f is running away from: WolfA1
Rabbit A5 is Hungry
RabbitA5f died of hunger
Rabbit A5f ate
Rabbit A5 f is ready to mate
Rabbit A0f is running away from: LionB0
Rabbit A0f is running away from: WolfA1
Rabbit A0 f is ready to mate
Rabbit A2m is running away from: LionB0
Rabbit A2m is running away from: WolfA1
Rabbit A2 is Hungry
Rabbit A2 m is ready to mate
Rabbit A2 m is approaching partner: Rabbit A0f
Rabbit A2m is running away from: LionB0
Rabbit A2m is running away from: WolfA1
Rabbit A2 is Hungry
Lion B3 is Hungry
LionB3fis chasing: A0f
Lion A0 is Hungry
LionA0fis chasing: A0f
Lion B2 is Hungry
LionB2fis chasing: B5f
Lion B5 is Hungry
LionB5fis chasing: A0f
Lion B0 is Hungry
LionB0mis chasing: B0m
Wolf A1f is running away from: LionB2
Wolf A1 is Hungry
Wolf A1f is chasing: B5f
Wolf A1 f is ready to mate
Rabbit B2f is running away from: LionB2
Rabbit B2f is running away from: WolfA1
Rabbit B2 f is ready to mate
Rabbit B5f is running away from: LionB2
Rabbit B5f is running away from: WolfA1
Rabbit B5 f is ready to mate
Rabbit A3f is running away from: LionB2
Rabbit A3f is running away from: WolfA1
Rabbit A3 is Hungry
RabbitA3f died of hunger
Rabbit A3 f is ready to mate
Rabbit B0m is running away from: LionB0
Rabbit B0m is running away from: WolfA1
Rabbit B0 is Hungry
RabbitB0m died of hunger
Rabbit B0m ate
Rabbit B0 m is ready to mate
Rabbit B0 m is approaching partner: Rabbit A0f
Rabbit A0f is running away from: LionB5
Rabbit A0f is running away from: WolfA1
Rabbit A0 is Hungry
Rabbit A0 f is ready to mate
Rabbit A2m is running away from: LionB0
Rabbit A2m is running away from: WolfA1
Rabbit A2 is Hungry
RabbitA2m died of hunger
Rabbit A2 m is ready to mate
Rabbit A2 m is approaching partner: Rabbit A0f
Rabbit A2m is running away from: LionB0
Rabbit A2m is running away from: WolfA1
Rabbit A2 is Hungry
RabbitA2m died of hunger
Lion B3 is Hungry
LionB3fis chasing: A0f
Lion A0 is Hungry
LionA0fis chasing: A0f
Lion B2 is Hungry
LionB2fis chasing: B5f
Lion B5 is Hungry
LionB5fis chasing: A0f
Lion B0 is Hungry
LionB0mis chasing: A0f
Wolf A1f is running away from: LionB2
Wolf A1 is Hungry
Wolf A1f is chasing: B5f
Wolf A1 f is ready to mate
Rabbit B2f is running away from: LionB2
Rabbit B2f is running away from: WolfA1
Rabbit B2 is Hungry
Rabbit B2 f is ready to mate
Rabbit B5f is running away from: LionB2
Rabbit B5f is running away from: WolfA1
Rabbit B5 is Hungry
Rabbit B5f ate
Rabbit B5 f is ready to mate
Rabbit A0f is running away from: LionB0
Rabbit A0f is running away from: WolfA1
Rabbit A0 is Hungry
Rabbit A0 f is ready to mate
Lion B3 is Hungry
LionB3fis chasing: B5f
Lion A0 is Hungry
LionA0fis chasing: A0f
Lion B2 is Hungry
LionB2fis chasing: B5f
Lion B5 is Hungry
LionB5fis chasing: A0f
Lion B0 is Hungry
LionB0mis chasing: A0f
Wolf A1f is running away from: LionB2
Wolf A1 is Hungry
Wolf A1f is chasing: B5f
Wolf A1 f is ready to mate
Rabbit B2f is running away from: LionB2
Rabbit B2f is running away from: WolfA1
Rabbit B2 is Hungry
Rabbit B2 f is ready to mate
Rabbit B5f is running away from: LionB3
Rabbit B5f is running away from: WolfA1
Rabbit B5 f is ready to mate
Rabbit A0f is running away from: LionB0
Rabbit A0f is running away from: WolfA1
Rabbit A0 is Hungry
RabbitA0f died of hunger
Rabbit A0 f is ready to mate
Lion B3 is Hungry
LionB3fis chasing: B5f
Lion A0 is Hungry
LionA0fis chasing: B5f
Lion B2 is Hungry
LionB2fis chasing: B5f
Lion B5 is Hungry
LionB5fis chasing: B5f
Lion B0 is Hungry
LionB0mis chasing: B5f
Wolf A1f is running away from: LionB3
Wolf A1 is Hungry
WolfA1f died of hunger
Wolf A1f is chasing: B5f
Wolf A1 f is ready to mate
Rabbit B2f is running away from: LionB2
Rabbit B2 is Hungry
RabbitB2f died of hunger
Rabbit B2 f is ready to mate
Rabbit B5f is running away from: LionB3
Rabbit B5 is Hungry
Rabbit B5f ate
Rabbit B5 f is ready to mate
Lion B3 is Hungry
LionB3fis chasing: B5f
Lion A0 is Hungry
LionA0fis chasing: B5f
Lion B2 is Hungry
LionB2fis chasing: B5f
Lion B5 is Hungry
LionB5fis chasing: B5f
Lion B0 is Hungry
LionB0mis chasing: B5f
Rabbit B5f is running away from: LionB2
Rabbit B5 f is ready to mate
Lion B3 is Hungry
LionB3fis chasing: B5f
Lion A0 is Hungry
LionA0fis chasing: B5f
Lion B2 is Hungry
LionB2fis chasing: B5f
Lion B5 is Hungry
LionB5fis chasing: B5f
Lion B0 is Hungry
LionB0mis chasing: B5f
Rabbit B5 is Thirsty
Rabbit B5 drank water
Rabbit B5f is running away from: LionB2
Rabbit B5 is Hungry
Rabbit B5f ate
Rabbit B5 f is ready to mate
Lion B3 is Thirsty
Lion B3 drank water
Lion B3 is Hungry
LionB3fis chasing: B5f
Lion B3 f is ready to mate
Lion A0 is Thirsty
Lion A0 drank water
Lion A0 is Hungry
LionA0fis chasing: B5f
Lion A0 f is ready to mate
Lion B2 is Thirsty
Lion B2 drank water
Lion B2 is Hungry
LionB2fis chasing: B5f
Lion B2 f is ready to mate
Lion B5 is Thirsty
Lion B5 drank water
Lion B5 is Hungry
LionB5fis chasing: B5f
Lion B5 f is ready to mate
Lion B0 is Thirsty
Lion B0 drank water
Lion B0 is Hungry
LionB0mis chasing: B5f
Lion B0 m is ready to mate
Rabbit B5 is Thirsty
Rabbit B5 drank water
Rabbit B5f is running away from: LionB3
Rabbit B5 f is ready to mate
Lion B3 is Thirsty
Lion B3 drank water
Lion B3 is Hungry
LionB3fis chasing: B5f
Lion B3 f is ready to mate
Lion A0 is Thirsty
Lion A0 drank water
Lion A0 is Hungry
LionA0fis chasing: B5f
Lion A0 f is ready to mate
Lion B2 is Thirsty
Lion B2 drank water
Lion B2 is Hungry
LionB2fis chasing: B5f
Lion B2 f is ready to mate
Lion B5 is Thirsty
Lion B5 drank water
Lion B5 is Hungry
LionB5fis chasing: B5f
Lion B5 f is ready to mate
Lion B0 is Thirsty
Lion B0 drank water
Lion B0 is Hungry
LionB0mis chasing: B5f
Lion B0 m is ready to mate
Rabbit B5f is running away from: LionB2
Rabbit B5 is Hungry
Rabbit B5f ate
Rabbit B5 f is ready to mate
Lion B3 is Hungry
LionB3fis chasing: B5f
Lion B3 f is ready to mate
Lion A0 is Hungry
LionA0fis chasing: B5f
Lion A0 f is ready to mate
Lion B2 is Thirsty
Lion B2 drank water
Lion B2 is Hungry
LionB2fis chasing: B5f
Lion B2 f is ready to mate
Lion B5 is Hungry
LionB5fis chasing: B5f
Lion B5 f is ready to mate
Lion B0 is Thirsty
Lion B0 drank water
Lion B0 is Hungry
LionB0mis chasing: B5f
Lion B0 m is ready to mate
Lion B4 f was born!Father is B0 and Mother is B5
Rabbit B5f is running away from: LionB5
Rabbit B5 f is ready to mate
Lion B3 is Hungry
LionB3fis chasing: B5f
Lion B3 f is ready to mate
Lion A0 is Hungry
LionA0fis chasing: B5f
Lion A0 f is ready to mate
Lion B2 is Thirsty
Lion B2 drank water
Lion B2 is Hungry
LionB2fis chasing: B5f
Lion B2 f is ready to mate
Lion B5 is Hungry
LionB5fis chasing: B5f
Lion B0 is Hungry
LionB0mis chasing: B5f
Lion B0 m is ready to mate
Rabbit B5f is running away from: LionB2
Rabbit B5 is Hungry
Rabbit B5f ate
Rabbit B5 f is ready to mate
Lion B3 is Hungry
LionB3fis chasing: B5f
Lion B3 f is ready to mate
Lion A0 is Hungry
LionA0fis chasing: B5f
Lion A0 f is ready to mate
Lion B2 is Thirsty
Lion B2 drank water
Lion B2 is Hungry
LionB2fis chasing: B5f
Lion B2 f is ready to mate
Lion B5 is Hungry
LionB5fis chasing: B5f
Lion B0 is Hungry
LionB0mis chasing: B5f
Lion B0 m is ready to mate
Rabbit B5f is running away from: LionB2
Rabbit B5 f is ready to mate
Lion B3 is Hungry
LionB3f died of hunger
LionB3fis chasing: B5f
Lion B3 f is ready to mate
Lion A0 is Hungry
LionA0f died of hunger
LionA0fis chasing: B5f
Lion A0 f is ready to mate
Lion B2 is Thirsty
Lion B2 drank water
Lion B2 is Hungry
LionB2f died of hunger
LionB2fis chasing: B5f
Lion B2 f is ready to mate
Lion B5 is Hungry
LionB5f died of hunger
LionB5fis chasing: B5f
Lion B0 is Hungry
LionB0m died of hunger
LionB0mis chasing: B5f
Lion B0 m is ready to mate
No Female Lion Partner or Female Lion partners are not ready to mate Yet!
Rabbit B5f is running away from: LionB4
Rabbit B5 is Hungry
Rabbit B5 f is ready to mate
Rabbit B5f is running away from: LionB4
Rabbit B5 is Hungry
Rabbit B5 f is ready to mate
Rabbit B5f is running away from: LionB4
Rabbit B5 is Hungry
RabbitB5f died of hunger
Rabbit B5f ate
Rabbit B5 f is ready to mate
Lion B4 is Hungry
Lion B4 is Hungry
Lion B4 is Hungry
Lion B4 is Hungry
Lion B4 is Hungry
Lion B4 is Hungry
Lion B4 is Hungry
Lion B4 is Thirsty
Lion B4 drank water
Lion B4 is Hungry
Lion B4 is Thirsty
Lion B4 drank water
Lion B4 is Hungry
Lion B4 is Thirsty
Lion B4 drank water
Lion B4 is Hungry
Lion B4 is Thirsty
Lion B4 drank water
Lion B4 is Hungry
Lion B4 is Hungry
Lion B4 is Hungry
LionB4f died of hunger
