Wolf C5m is running away from: LionC0
Wolf C1m is running away from: LionB0
Wolf A5f is running away from: LionC0
Wolf A5f ate!
Wolf B5m is running away from: LionC0
Wolf C1f is running away from: LionA4
Wolf C1m is running away from: LionC3
Wolf C1m ate!
Wolf A2m is running away from: LionB0
Wolf A2m ate!
Wolf C1f is running away from: LionB0
Rabbit B2f is running away from: LionC3
Rabbit B2f is running away from: WolfC1
Rabbit B2 f is ready to mate
Rabbit A3m is running away from: LionC0
Rabbit A3m is running away from: WolfB5
Rabbit A3 m is ready to mate
Rabbit A3 m is approaching partner: Rabbit B2f
Rabbit A3f is running away from: LionC0
Rabbit A3f is running away from: WolfA2
Rabbit A3 f is ready to mate
Rabbit B0f is running away from: LionC0
Rabbit B0f is running away from: WolfB5
Rabbit B0 f is ready to mate
Rabbit C0f is running away from: LionA4
Rabbit C0f is running away from: WolfC1
Rabbit C0 f is ready to mate
Rabbit C0m is running away from: LionB0
Rabbit C0m is running away from: WolfC1
Rabbit C0 m is ready to mate
Rabbit C0 m is approaching partner: Rabbit A3f
Rabbit A3m is running away from: LionC0
Rabbit A3m is running away from: WolfB5
Rabbit A3 m is ready to mate
Rabbit A3 m is approaching partner: Rabbit B0f
Rabbit B5f is running away from: LionC0
Rabbit B5f is running away from: WolfB5
Rabbit B5 f is ready to mate
Rabbit A4f is running away from: LionC3
Rabbit A4f is running away from: WolfC1
Rabbit A4 f is ready to mate
Rabbit B3m is running away from: LionC0
Rabbit B3m is running away from: WolfA5
Rabbit B3 m is ready to mate
Rabbit B3 m is approaching partner: Rabbit B5f
Rabbit C3f is running away from: LionC0
Rabbit C3f is running away from: WolfC1
Rabbit C3 f is ready to mate
Rabbit C3f is running away from: LionC0
Rabbit C3f is running away from: WolfB5
Rabbit C3 f is ready to mate
Rabbit C5f is running away from: LionA4
Rabbit C5f is running away from: WolfC1
Rabbit C5 f is ready to mate
Rabbit B5m is running away from: LionC3
Rabbit B5m is running away from: WolfC1
Rabbit B5 m is ready to mate
Rabbit B5 m is approaching partner: Rabbit A4f
Rabbit C5f is running away from: LionC0
Rabbit C5f is running away from: WolfC1
Rabbit C5 f is ready to mate
Rabbit A5m is running away from: LionC0
Rabbit A5m is running away from: WolfA2
Rabbit A5 m is ready to mate
Rabbit A5 m is approaching partner: Rabbit A3f
Rabbit C1m is running away from: LionB0
Rabbit C1m is running away from: WolfC1
Rabbit C1 m is ready to mate
Rabbit C1 m is approaching partner: Rabbit C0f
Wolf C5m is running away from: LionC0
Wolf C1m is running away from: LionB0
Wolf A5f is running away from: LionC0
Wolf B5m is running away from: LionC0
Wolf C1f is running away from: LionA4
Wolf C1m is running away from: LionA4
Wolf A2m is running away from: LionB0
Wolf C1f is running away from: LionB0
Rabbit B2f is running away from: LionC0
Rabbit B2f is running away from: WolfC1
Rabbit B2 is Hungry
Rabbit B2f ate
Rabbit B2 f is ready to mate
Rabbit A3m is running away from: LionC0
Rabbit A3m is running away from: WolfB5
Rabbit A3 is Hungry
Rabbit A3m ate
Rabbit A3 m is ready to mate
Rabbit A3 m is approaching partner: Rabbit B0f
Rabbit A3f is running away from: LionC0
Rabbit A3f is running away from: WolfC1
Rabbit A3 is Hungry
Rabbit A3f ate
Rabbit A3 f is ready to mate
Rabbit B0f is running away from: LionC0
Rabbit B0f is running away from: WolfB5
Rabbit B0 is Hungry
Rabbit B0f ate
Rabbit B0 f is ready to mate
Rabbit C0f is running away from: LionB0
Rabbit C0f is running away from: WolfC1
Rabbit C0 is Hungry
Rabbit C0f ate
Rabbit C0 f is ready to mate
Rabbit C0m is running away from: LionC0
Rabbit C0m is running away from: WolfC1
Rabbit C0 is Hungry
Rabbit C0m ate
Rabbit C0 m is ready to mate
Rabbit C0 m is approaching partner: Rabbit C3f
Rabbit B2 m was born!Father is C0 and Mother is C3
Rabbit A3m is running away from: LionC0
Rabbit A3m is running away from: WolfB5
Rabbit A3 is Hungry
Rabbit A3m ate
Rabbit A3 m is ready to mate
Rabbit A3 m is approaching partner: Rabbit B0f
Rabbit B5f is running away from: LionC0
Rabbit B5f is running away from: WolfB5
Rabbit B5 is Hungry
Rabbit B5f ate
Rabbit B5 f is ready to mate
Rabbit A4f is running away from: LionC3
Rabbit A4f is running away from: WolfC1
Rabbit A4 is Hungry
Rabbit A4f ate
Rabbit A4 f is ready to mate
Rabbit B3m is running away from: LionC0
Rabbit B3m is running away from: WolfA5
Rabbit B3 is Hungry
Rabbit B3m ate
Rabbit B3 m is ready to mate
Rabbit B3 m is approaching partner: Rabbit B5f
Rabbit C3f is running away from: LionC0
Rabbit C3f is running away from: WolfC1
Rabbit C3 is Hungry
Rabbit C3f is running away from: LionC0
Rabbit C3f is running away from: WolfB5
Rabbit C3 is Hungry
Rabbit C3f ate
Rabbit C3 f is ready to mate
Rabbit C5f is running away from: LionB0
Rabbit C5f is running away from: WolfC1
Rabbit C5 is Hungry
Rabbit C5f ate
Rabbit C5 f is ready to mate
Rabbit B5m is running away from: LionC3
Rabbit B5m is running away from: WolfC1
Rabbit B5 is Hungry
Rabbit B5m ate
Rabbit B5 m is ready to mate
Rabbit B5 m is approaching partner: Rabbit B2f
Rabbit C5f is running away from: LionC0
Rabbit C5f is running away from: WolfC1
Rabbit C5 is Hungry
Rabbit C5f ate
Rabbit C5 f is ready to mate
Rabbit A5m is running away from: LionC0
Rabbit A5m is running away from: WolfA2
Rabbit A5 is Hungry
Rabbit A5m ate
Rabbit A5 m is ready to mate
Rabbit A5 m is approaching partner: Rabbit A3f
Rabbit C1m is running away from: LionB0
Rabbit C1m is running away from: WolfC1
Rabbit C1 is Hungry
Rabbit C1m ate
Rabbit C1 m is ready to mate
Rabbit C1 m is approaching partner: Rabbit C0f
Wolf C5m is running away from: LionC0
Wolf C1m is running away from: LionB0
Wolf A5f is running away from: LionC0
Wolf B5m is running away from: LionC0
Wolf C1f is running away from: LionA4
Wolf C1m is running away from: LionA4
Wolf A2m is running away from: LionA4
Wolf C1f is running away from: LionC0
Rabbit B2f is running away from: LionC3
Rabbit B2f is running away from: WolfC1
Rabbit B2 f is ready to mate
Rabbit A3m is running away from: LionC0
Rabbit A3m is running away from: WolfB5
Rabbit A3 m is ready to mate
Rabbit A3 m is approaching partner: Rabbit B5f
Rabbit A3f is running away from: LionC0
Rabbit A3f is running away from: WolfC1
Rabbit A3 f is ready to mate
Rabbit B0f is running away from: LionC0
Rabbit B0f is running away from: WolfB5
Rabbit B0 f is ready to mate
Rabbit C0f is running away from: LionB0
Rabbit C0f is running away from: WolfC1
Rabbit C0 f is ready to mate
Rabbit C0m is running away from: LionB0
Rabbit C0m is running away from: WolfC1
Rabbit C0 m is ready to mate
Rabbit C0 m is approaching partner: Rabbit A3f
Rabbit A3m is running away from: LionC0
Rabbit A3m is running away from: WolfB5
Rabbit A3 m is ready to mate
Rabbit A3 m is approaching partner: Rabbit B0f
Rabbit B5f is running away from: LionC0
Rabbit B5f is running away from: WolfB5
Rabbit B5 f is ready to mate
Rabbit A4f is running away from: LionC3
Rabbit A4f is running away from: WolfC1
Rabbit A4 f is ready to mate
Rabbit B3m is running away from: LionC0
Rabbit B3m is running away from: WolfC5
Rabbit B3 m is ready to mate
Rabbit B3 m is approaching partner: Rabbit C3f
Rabbit C3f is running away from: LionB0
Rabbit C3f is running away from: WolfC1
Rabbit C3 is Hungry
Rabbit C3f ate
Rabbit C3f is running away from: LionC0
Rabbit C3f is running away from: WolfC5
Rabbit C3 f is ready to mate
Rabbit C5f is running away from: LionA4
Rabbit C5f is running away from: WolfC1
Rabbit C5 f is ready to mate
Rabbit B5m is running away from: LionC3
Rabbit B5m is running away from: WolfC1
Rabbit B5 m is ready to mate
Rabbit B5 m is approaching partner: Rabbit B2f
Rabbit C1 m was born!Father is B5 and Mother is B2
Rabbit C5f is running away from: LionC0
Rabbit C5f is running away from: WolfC1
Rabbit C5 f is ready to mate
Rabbit A5m is running away from: LionC0
Rabbit A5m is running away from: WolfA2
Rabbit A5 m is ready to mate
Rabbit A5 m is approaching partner: Rabbit A3f
Rabbit C1m is running away from: LionB0
Rabbit C1m is running away from: WolfC1
Rabbit C1 m is ready to mate
Rabbit C1 m is approaching partner: Rabbit C0f
Rabbit B2m is running away from: LionC0
Rabbit B2m is running away from: WolfC1
Wolf C5m is running away from: LionC0
Wolf C1m is running away from: LionB0
Wolf A5f is running away from: LionC0
Wolf B5m is running away from: LionC0
Wolf C1f is running away from: LionA4
Wolf C1m is running away from: LionA4
Wolf C1m ate!
Wolf A2m is running away from: LionB0
Wolf C1f is running away from: LionC0
Rabbit B2f is running away from: LionC3
Rabbit B2f is running away from: WolfC1
Rabbit B2 is Hungry
Rabbit B2f ate
Rabbit A3m is running away from: LionC0
Rabbit A3m is running away from: WolfB5
Rabbit A3 is Hungry
Rabbit A3m ate
Rabbit A3 m is ready to mate
Rabbit A3 m is approaching partner: Rabbit B5f
Rabbit A3f is running away from: LionC0
Rabbit A3f is running away from: WolfA2
Rabbit A3 is Hungry
Rabbit A3f ate
Rabbit A3 f is ready to mate
Rabbit B0f is running away from: LionC0
Rabbit B0f is running away from: WolfB5
Rabbit B0 is Hungry
Rabbit B0f ate
Rabbit B0 f is ready to mate
Rabbit C0m is running away from: LionC0
Rabbit C0m is running away from: WolfC1
Rabbit C0 is Hungry
Rabbit C0m ate
Rabbit C0 m is ready to mate
Rabbit C0 m is approaching partner: Rabbit A3f
Rabbit A3m is running away from: LionC0
Rabbit A3m is running away from: WolfB5
Rabbit A3 is Hungry
Rabbit A3m ate
Rabbit A3 m is ready to mate
Rabbit A3 m is approaching partner: Rabbit B0f
Rabbit B5f is running away from: LionC0
Rabbit B5f is running away from: WolfB5
Rabbit B5 is Hungry
Rabbit B5f ate
Rabbit B5 f is ready to mate
Rabbit A4f is running away from: LionC3
Rabbit A4f is running away from: WolfC1
Rabbit A4 is Hungry
Rabbit A4 f is ready to mate
Rabbit B3m is running away from: LionC0
Rabbit B3m is running away from: WolfC5
Rabbit B3 is Hungry
Rabbit B3m ate
Rabbit B3 m is ready to mate
Rabbit B3 m is approaching partner: Rabbit B5f
Rabbit C3f is running away from: LionC0
Rabbit C3f is running away from: WolfA2
Rabbit C3f is running away from: LionC0
Rabbit C3f is running away from: WolfB5
Rabbit C3 is Hungry
Rabbit C3f ate
Rabbit C3 f is ready to mate
Rabbit C5f is running away from: LionB0
Rabbit C5f is running away from: WolfC1
Rabbit C5 is Hungry
Rabbit C5 f is ready to mate
Rabbit B5m is running away from: LionC3
Rabbit B5m is running away from: WolfC1
Rabbit B5 is Hungry
Rabbit B5 m is ready to mate
Rabbit B5 m is approaching partner: Rabbit C5f
Rabbit C5f is running away from: LionC0
Rabbit C5f is running away from: WolfC1
Rabbit C5 is Hungry
Rabbit C5f ate
Rabbit C5 f is ready to mate
Rabbit A5m is running away from: LionC0
Rabbit A5m is running away from: WolfA2
Rabbit A5 is Hungry
Rabbit A5m ate
Rabbit A5 m is ready to mate
Rabbit A5 m is approaching partner: Rabbit A3f
Rabbit C1m is running away from: LionB0
Rabbit C1m is running away from: WolfC1
Rabbit C1 is Hungry
Rabbit C1m ate
Rabbit C1 m is ready to mate
Rabbit C1 m is approaching partner: Rabbit C5f
Rabbit B2m is running away from: LionC0
Rabbit B2m is running away from: WolfC1
Rabbit B2 is Hungry
Rabbit B2m ate
Rabbit C1m is running away from: LionC0
Rabbit C1m is running away from: WolfC1
Wolf C5m is running away from: LionC0
Wolf C5 is Hungry
Wolf C5m is chasing: B3m
Wolf C5m ate!
Wolf C1m is running away from: LionA4
Wolf C1 is Hungry
Wolf C1m is chasing: A5m
Wolf A5f is running away from: LionC0
Wolf B5m is running away from: LionC0
Wolf B5 is Hungry
Wolf B5m is chasing: A3m
Wolf B5m ate!
Wolf C1f is running away from: LionC0
Wolf C1 is Hungry
Wolf C1f is chasing: A5m
Wolf C1m is running away from: LionA4
Wolf A2m is running away from: LionA4
Wolf C1f is running away from: LionC0
Wolf C1 is Hungry
Wolf C1f is chasing: B5f
Rabbit B2f is running away from: LionC0
Rabbit B2f is running away from: WolfC1
Rabbit A3f is running away from: LionC0
Rabbit A3f is running away from: WolfC1
Rabbit A3 f is ready to mate
Rabbit B0f is running away from: LionC0
Rabbit B0f is running away from: WolfB5
Rabbit B0 f is ready to mate
Rabbit C0m is running away from: LionC0
Rabbit C0m is running away from: WolfC1
Rabbit C0 m is ready to mate
Rabbit C0 m is approaching partner: Rabbit A3f
Rabbit A3m is running away from: LionC0
Rabbit A3m is running away from: WolfB5
Rabbit A3 m is ready to mate
Rabbit A3 m is approaching partner: Rabbit B0f
Rabbit B5f is running away from: LionC0
Rabbit B5f is running away from: WolfA5
Rabbit B5 f is ready to mate
Rabbit A4f is running away from: LionC3
Rabbit A4f is running away from: WolfC1
Rabbit A4 is Hungry
Rabbit A4f ate
Rabbit A4 f is ready to mate
Rabbit C3f is running away from: LionC0
Rabbit C3f is running away from: WolfC1
Rabbit C3 is Hungry
Rabbit C3f ate
Rabbit C3f is running away from: LionC0
Rabbit C3f is running away from: WolfA5
Rabbit C3 f is ready to mate
Rabbit C5f is running away from: LionA4
Rabbit C5f is running away from: WolfC1
Rabbit C5 is Hungry
Rabbit C5f ate
Rabbit C5 f is ready to mate
Rabbit B5m is running away from: LionC0
Rabbit B5m is running away from: WolfC1
Rabbit B5 is Hungry
Rabbit B5 m is ready to mate
Rabbit B5 m is approaching partner: Rabbit C5f
Rabbit C5f is running away from: LionC0
Rabbit C5f is running away from: WolfC1
Rabbit C5 f is ready to mate
Rabbit A5m is running away from: LionC0
Rabbit A5m is running away from: WolfC1
Rabbit A5 m is ready to mate
Rabbit A5 m is approaching partner: Rabbit A3f
Rabbit C1m is running away from: LionB0
Rabbit C1m is running away from: WolfC1
Rabbit C1 m is ready to mate
Rabbit C1 m is approaching partner: Rabbit C5f
Rabbit B2m is running away from: LionC0
Rabbit B2m is running away from: WolfC1
Rabbit C1m is running away from: LionC3
Rabbit C1m is running away from: WolfC1
Rabbit C1 is Hungry
Wolf C5m is running away from: LionC0
Wolf C1m is running away from: LionC0
Wolf C1 is Hungry
Wolf C1m is chasing: A5m
Wolf A5f is running away from: LionC0
Wolf A5 is Hungry
Wolf A5f is chasing: B5f
Wolf B5m is running away from: LionC0
Wolf C1f is running away from: LionC0
Wolf C1 is Hungry
Wolf C1f is chasing: A5m
Wolf C1m is running away from: LionB0
Wolf A2m is running away from: LionC0
Wolf A2 is Hungry
Wolf A2m is chasing: A5m
Wolf C1f is running away from: LionC0
Wolf C1 is Hungry
Wolf C1f is chasing: C3f
Rabbit B2f is running away from: LionC0
Rabbit B2f is running away from: WolfC1
Rabbit B2 is Hungry
Rabbit B2f ate
Rabbit A3f is running away from: LionC0
Rabbit A3f is running away from: WolfC1
Rabbit A3 is Hungry
Rabbit A3f ate
Rabbit A3 f is ready to mate
Rabbit B0f is running away from: LionC0
Rabbit B0f is running away from: WolfB5
Rabbit B0 is Hungry
Rabbit B0f ate
Rabbit B0 f is ready to mate
Rabbit C0m is running away from: LionC0
Rabbit C0m is running away from: WolfC1
Rabbit C0 is Hungry
Rabbit C0m ate
Rabbit C0 m is ready to mate
Rabbit C0 m is approaching partner: Rabbit A3f
Rabbit A3m is running away from: LionC0
Rabbit A3m is running away from: WolfB5
Rabbit A3 is Hungry
Rabbit A3m ate
Rabbit A3 m is ready to mate
Rabbit A3 m is approaching partner: Rabbit B0f
Rabbit B5f is running away from: LionC0
Rabbit B5f is running away from: WolfC5
Rabbit B5 is Hungry
Rabbit B5f ate
Rabbit B5 f is ready to mate
Rabbit A4f is running away from: LionC3
Rabbit A4f is running away from: WolfC1
Rabbit A4 f is ready to mate
Rabbit C3f is running away from: LionB0
Rabbit C3f is running away from: WolfC1
Rabbit C3 f is ready to mate
Rabbit C3f is running away from: LionC0
Rabbit C3f is running away from: WolfC5
Rabbit C3 is Hungry
Rabbit C3 f is ready to mate
Rabbit C5f is running away from: LionB0
Rabbit C5f is running away from: WolfC1
Rabbit C5 f is ready to mate
Rabbit B5m is running away from: LionC0
Rabbit B5m is running away from: WolfC1
Rabbit B5 is Hungry
RabbitB5m died of hunger
Rabbit B5 m is ready to mate
Rabbit B5 m is approaching partner: Rabbit C5f
Rabbit C5f is running away from: LionC0
Rabbit C5f is running away from: WolfC1
Rabbit C5 is Hungry
Rabbit C5 f is ready to mate
Rabbit A5m is running away from: LionC0
Rabbit A5m is running away from: WolfC1
Rabbit A5 is Hungry
Rabbit A5m ate
Rabbit A5 m is ready to mate
Rabbit A5 m is approaching partner: Rabbit A3f
Rabbit C1m is running away from: LionB0
Rabbit C1m is running away from: WolfC1
Rabbit C1 is Hungry
Rabbit C1 m is ready to mate
Rabbit C1 m is approaching partner: Rabbit C5f
Rabbit B2m is running away from: LionC0
Rabbit B2m is running away from: WolfC1
Rabbit B2 is Hungry
Rabbit B2m ate
Rabbit B2 m is ready to mate
Rabbit B2 m is approaching partner: Rabbit C3f
Rabbit A0 f was born!Father is B2 and Mother is C3
Rabbit C1m is running away from: LionC0
Rabbit C1m is running away from: WolfC1
Rabbit C1 is Hungry
Wolf C5m is running away from: LionC0
Wolf C1m is running away from: LionC0
Wolf C1 is Hungry
Wolf C1m is chasing: A5m
Wolf A5f is running away from: LionC0
Wolf A5 is Hungry
Wolf A5f is chasing: B5f
Wolf B5m is running away from: LionC0
Wolf C1f is running away from: LionC0
Wolf C1 is Hungry
Wolf C1f is chasing: A5m
Wolf C1m is running away from: LionB0
Wolf A2m is running away from: LionC0
Wolf A2 is Hungry
Wolf A2m is chasing: A5m
Wolf C1f is running away from: LionC0
Wolf C1 is Hungry
Wolf C1f is chasing: B5f
Rabbit B2 is Thirsty
Rabbit B2 drank water
Rabbit B2f is running away from: LionC0
Rabbit B2f is running away from: WolfC1
Rabbit B2 f is ready to mate
Rabbit A3 is Thirsty
Rabbit A3 drank water
Rabbit A3f is running away from: LionC0
Rabbit A3f is running away from: WolfC1
Rabbit A3 f is ready to mate
Rabbit B0 is Thirsty
Rabbit B0 drank water
Rabbit B0f is running away from: LionC0
Rabbit B0f is running away from: WolfB5
Rabbit B0 f is ready to mate
Rabbit C0 is Thirsty
Rabbit C0 drank water
Rabbit C0m is running away from: LionC0
Rabbit C0m is running away from: WolfC1
Rabbit C0 m is ready to mate
Rabbit C0 m is approaching partner: Rabbit A3f
Rabbit A3 is Thirsty
Rabbit A3 drank water
Rabbit A3m is running away from: LionC0
Rabbit A3m is running away from: WolfB5
Rabbit A3 m is ready to mate
Rabbit A3 m is approaching partner: Rabbit B0f
Rabbit B5 is Thirsty
Rabbit B5 drank water
Rabbit B5f is running away from: LionC0
Rabbit B5f is running away from: WolfA5
Rabbit B5 f is ready to mate
Rabbit A4 is Thirsty
Rabbit A4 drank water
Rabbit A4f is running away from: LionC3
Rabbit A4f is running away from: WolfC1
Rabbit A4 is Hungry
Rabbit A4f ate
Rabbit A4 f is ready to mate
Rabbit C3 is Thirsty
Rabbit C3 drank water
Rabbit C3f is running away from: LionC0
Rabbit C3f is running away from: WolfC1
Rabbit C3 is Hungry
Rabbit C3 is Thirsty
Rabbit C3 drank water
Rabbit C3f is running away from: LionC0
Rabbit C3f is running away from: WolfA5
Rabbit C3 is Hungry
Rabbit C3 f is ready to mate
Rabbit C5 is Thirsty
Rabbit C5 drank water
Rabbit C5f is running away from: LionB0
Rabbit C5f is running away from: WolfC1
Rabbit C5 is Hungry
Rabbit C5f ate
Rabbit C5 f is ready to mate
Rabbit C5 is Thirsty
Rabbit C5 drank water
Rabbit C5f is running away from: LionC0
Rabbit C5f is running away from: WolfC1
Rabbit C5 is Hungry
Rabbit C5 f is ready to mate
Rabbit A5 is Thirsty
Rabbit A5 drank water
Rabbit A5m is running away from: LionC0
Rabbit A5m is running away from: WolfC1
Rabbit A5 m is ready to mate
Rabbit A5 m is approaching partner: Rabbit A3f
Rabbit C1 is Thirsty
Rabbit C1 drank water
Rabbit C1m is running away from: LionB0
Rabbit C1m is running away from: WolfC1
Rabbit C1 is Hungry
Rabbit C1m ate
Rabbit C1 m is ready to mate
Rabbit C1 m is approaching partner: Rabbit C5f
Rabbit B2m is running away from: LionC0
Rabbit B2m is running away from: WolfC1
Rabbit B2 m is ready to mate
Rabbit B2 m is approaching partner: Rabbit C5f
Rabbit C1m is running away from: LionC0
Rabbit C1m is running away from: WolfC1
Rabbit C1 is Hungry
RabbitC1m died of hunger
Rabbit C1 m is ready to mate
Rabbit C1 m is approaching partner: Rabbit B2f
Rabbit A0f is running away from: LionB0
Rabbit A0f is running away from: WolfC1
Wolf C5m is running away from: LionC0
Wolf C5 m is ready to mate
Wolf B4 f was born! Father is C5 and Mother is A5
Wolf C1m is running away from: LionC0
Wolf C1 is Hungry
Wolf C1m is chasing: A5m
Wolf C1 m is ready to mate
Wolf A5f is running away from: LionC0
Wolf A5 is Hungry
Wolf A5f is chasing: B5f
Wolf B5m is running away from: LionC0
Wolf B5 m is ready to mate
Wolf C1f is running away from: LionC0
Wolf C1 is Hungry
Wolf C1f is chasing: A5m
Wolf C1 f is ready to mate
Wolf C1m is running away from: LionB0
Wolf C1 m is ready to mate
Wolf A2m is running away from: LionC0
Wolf A2 is Hungry
Wolf A2m is chasing: A5m
Wolf A2 m is ready to mate
Wolf A0 m was born! Father is A2 and Mother is C1
Wolf C1f is running away from: LionC0
Wolf C1 is Hungry
Wolf C1f is chasing: B5f
Wolf C1 f is ready to mate
Rabbit B2 is Thirsty
Rabbit B2 drank water
Rabbit B2f is running away from: LionC0
Rabbit B2f is running away from: WolfC1
Rabbit B2 is Hungry
Rabbit B2 f is ready to mate
Rabbit A3 is Thirsty
Rabbit A3 drank water
Rabbit A3f is running away from: LionC0
Rabbit A3f is running away from: WolfC1
Rabbit A3 is Hungry
Rabbit A3f ate
Rabbit A3 f is ready to mate
Rabbit B0 is Thirsty
Rabbit B0 drank water
Rabbit B0f is running away from: LionC0
Rabbit B0f is running away from: WolfB5
Rabbit B0 is Hungry
Rabbit B0 f is ready to mate
Rabbit C0 is Thirsty
Rabbit C0 drank water
Rabbit C0m is running away from: LionC0
Rabbit C0m is running away from: WolfC1
Rabbit C0 is Hungry
Rabbit C0m ate
Rabbit C0 m is ready to mate
Rabbit C0 m is approaching partner: Rabbit A3f
Rabbit A3 is Thirsty
Rabbit A3 drank water
Rabbit A3m is running away from: LionC0
Rabbit A3m is running away from: WolfB5
Rabbit A3 is Hungry
Rabbit A3m ate
Rabbit A3 m is ready to mate
Rabbit A3 m is approaching partner: Rabbit B0f
Rabbit B5 is Thirsty
Rabbit B5 drank water
Rabbit B5f is running away from: LionC0
Rabbit B5f is running away from: WolfB5
Rabbit B5 is Hungry
Rabbit B5f ate
Rabbit B5 f is ready to mate
Rabbit A4 is Thirsty
Rabbit A4 drank water
Rabbit A4f is running away from: LionC0
Rabbit A4f is running away from: WolfC1
Rabbit A4 f is ready to mate
Rabbit C3 is Thirsty
Rabbit C3 drank water
Rabbit C3f is running away from: LionC0
Rabbit C3f is running away from: WolfC1
Rabbit C3 is Hungry
Rabbit C3f ate
Rabbit C3 is Thirsty
Rabbit C3 drank water
Rabbit C3f is running away from: LionC0
Rabbit C3f is running away from: WolfB5
Rabbit C3 is Hungry
RabbitC3f died of hunger
Rabbit C3 f is ready to mate
Rabbit C5 is Thirsty
Rabbit C5 drank water
Rabbit C5f is running away from: LionA4
Rabbit C5f is running away from: WolfA0
Rabbit C5 f is ready to mate
Rabbit C5 is Thirsty
Rabbit C5 drank water
Rabbit C5f is running away from: LionC0
Rabbit C5f is running away from: WolfC1
Rabbit C5 is Hungry
RabbitC5f died of hunger
Rabbit C5 f is ready to mate
Rabbit A5 is Thirsty
Rabbit A5 drank water
Rabbit A5m is running away from: LionC0
Rabbit A5m is running away from: WolfC1
Rabbit A5 is Hungry
Rabbit A5m ate
Rabbit A5 m is ready to mate
Rabbit A5 m is approaching partner: Rabbit A3f
Rabbit C1 is Thirsty
Rabbit C1 drank water
Rabbit C1m is running away from: LionB0
Rabbit C1m is running away from: WolfC1
Rabbit C1 m is ready to mate
Rabbit C1 m is approaching partner: Rabbit C5f
Rabbit B2m is running away from: LionB0
Rabbit B2m is running away from: WolfC1
Rabbit B2 is Hungry
Rabbit B2m ate
Rabbit B2 m is ready to mate
Rabbit B2 m is approaching partner: Rabbit C5f
Rabbit A0f is running away from: LionB0
Rabbit A0f is running away from: WolfC1
Rabbit A0 is Hungry
Wolf C5m is running away from: LionC0
Wolf C5 m is ready to mate
Wolf C1m is running away from: LionC0
Wolf C1 is Hungry
WolfC1m died of hunger
Wolf C1m is chasing: A5m
Wolf C1 m is ready to mate
Wolf A5f is running away from: LionC0
Wolf A5 is Hungry
Wolf A5f is chasing: B5f
Wolf A5f ate!
Wolf B5m is running away from: LionC0
Wolf B5 m is ready to mate
Wolf C1f is running away from: LionC0
Wolf C1 is Hungry
WolfC1f died of hunger
Wolf C1f is chasing: A5m
Wolf C1m is running away from: LionB0
Wolf C1 is Hungry
Wolf C1m is chasing: C1m
Wolf C1 m is ready to mate
Wolf A2m is running away from: LionC0
Wolf A2 is Hungry
Wolf A2m is chasing: A5m
Wolf A2 m is ready to mate
Wolf C1f is running away from: LionC0
Wolf C1 is Hungry
WolfC1f died of hunger
Wolf C1f is chasing: C0m
Wolf C1 f is ready to mate
Wolf B4f is running away from: LionC0
Wolf A0m is running away from: LionC0
Rabbit B2 is Thirsty
Rabbit B2 drank water
Rabbit B2f is running away from: LionC0
Rabbit B2f is running away from: WolfC1
Rabbit B2 is Hungry
Rabbit B2 f is ready to mate
Rabbit A3f is running away from: LionC0
Rabbit A3f is running away from: WolfB5
Rabbit A3 f is ready to mate
Rabbit B0 is Thirsty
Rabbit B0 drank water
Rabbit B0f is running away from: LionC0
Rabbit B0f is running away from: WolfB5
Rabbit B0 is Hungry
Rabbit B0 f is ready to mate
Rabbit C0 is Thirsty
Rabbit C0 drank water
Rabbit C0m is running away from: LionC0
Rabbit C0m is running away from: WolfB5
Rabbit C0 m is ready to mate
Rabbit C0 m is approaching partner: Rabbit A3f
Rabbit A3 is Thirsty
Rabbit A3 drank water
Rabbit A3m is running away from: LionC0
Rabbit A3m is running away from: WolfB5
Rabbit A3 m is ready to mate
Rabbit A3 m is approaching partner: Rabbit B0f
Rabbit A4 is Thirsty
Rabbit A4 drank water
Rabbit A4f is running away from: LionC0
Rabbit A4f is running away from: WolfC1
Rabbit A4 is Hungry
Rabbit A4 f is ready to mate
Rabbit C3 is Thirsty
Rabbit C3 drank water
Rabbit C3f is running away from: LionB0
Rabbit C3f is running away from: WolfC1
Rabbit C5f is running away from: LionB0
Rabbit C5f is running away from: WolfC1
Rabbit C5 is Hungry
Rabbit C5f ate
Rabbit C5 f is ready to mate
Rabbit A5 is Thirsty
Rabbit A5 drank water
Rabbit A5m is running away from: LionC0
Rabbit A5m is running away from: WolfA2
Rabbit A5 m is ready to mate
Rabbit A5 m is approaching partner: Rabbit A3f
Rabbit C1 is Thirsty
Rabbit C1 drank water
Rabbit C1m is running away from: LionB0
Rabbit C1m is running away from: WolfC1
Rabbit C1 is Hungry
Rabbit C1m ate
Rabbit C1 m is ready to mate
Rabbit C1 m is approaching partner: Rabbit C5f
Rabbit B2 is Thirsty
Rabbit B2 drank water
Rabbit B2m is running away from: LionC0
Rabbit B2m is running away from: WolfA2
Rabbit B2 m is ready to mate
Rabbit B2 m is approaching partner: Rabbit C5f
Rabbit A0f is running away from: LionC0
Rabbit A0f is running away from: WolfA2
Rabbit A0 is Hungry
Rabbit A0f ate
Wolf C5m is running away from: LionC0
Wolf C5 is Hungry
Wolf C5m is chasing: A0f
Wolf C5 m is ready to mate
No Female Wolf Partner or Female Wolf Partner not ready yet!
Wolf A5f is running away from: LionC0
Wolf B5m is running away from: LionC0
Wolf B5 is Hungry
Wolf B5m is chasing: A0f
Wolf B5 m is ready to mate
No Female Wolf Partner or Female Wolf Partner not ready yet!
Wolf C1m is running away from: LionA4
Wolf C1 is Hungry
Wolf C1m is chasing: C1m
Wolf C1m ate!
Wolf C1 m is ready to mate
No Female Wolf Partner or Female Wolf Partner not ready yet!
Wolf A2m is running away from: LionC0
Wolf A2 is Hungry
WolfA2m died of hunger
Wolf A2m is chasing: A5m
Wolf A2 m is ready to mate
No Female Wolf Partner or Female Wolf Partner not ready yet!
Wolf B4f is running away from: LionB0
Wolf A0m is running away from: LionC0
Rabbit B2 is Thirsty
Rabbit B2 drank water
Rabbit B2f is running away from: LionC0
Rabbit B2f is running away from: WolfA0
Rabbit B2 is Hungry
RabbitB2f died of hunger
Rabbit B2 f is ready to mate
Rabbit A3f is running away from: LionC0
Rabbit A3f is running away from: WolfB5
Rabbit A3 is Hungry
Rabbit A3f ate
Rabbit A3 f is ready to mate
Rabbit B0 is Thirsty
Rabbit B0 drank water
Rabbit B0f is running away from: LionC0
Rabbit B0f is running away from: WolfB5
Rabbit B0 is Hungry
RabbitB0f died of hunger
Rabbit B0 f is ready to mate
Rabbit C0 is Thirsty
Rabbit C0 drank water
Rabbit C0m is running away from: LionC0
Rabbit C0m is running away from: WolfB5
Rabbit C0 is Hungry
Rabbit C0m ate
Rabbit C0 m is ready to mate
Rabbit C0 m is approaching partner: Rabbit A3f
Rabbit A3 is Thirsty
Rabbit A3 drank water
Rabbit A3m is running away from: LionC0
Rabbit A3m is running away from: WolfB5
Rabbit A3 is Hungry
Rabbit A3 m is ready to mate
Rabbit A3 m is approaching partner: Rabbit A3f
Rabbit A4 is Thirsty
Rabbit A4 drank water
Rabbit A4f is running away from: LionC0
Rabbit A4f is running away from: WolfA0
Rabbit A4 is Hungry
Rabbit A4 f is ready to mate
Rabbit C3f is running away from: LionB0
Rabbit C3f is running away from: WolfC1
Rabbit C3 is Hungry
Rabbit C3f ate
Rabbit C3 f is ready to mate
Rabbit C5f is running away from: LionA4
Rabbit C5f is running away from: WolfC1
Rabbit C5 f is ready to mate
Rabbit A5 is Thirsty
Rabbit A5 drank water
Rabbit A5m is running away from: LionC0
Rabbit A5m is running away from: WolfA0
Rabbit A5 is Hungry
Rabbit A5m ate
Rabbit A5 m is ready to mate
Rabbit A5 m is approaching partner: Rabbit A3f
Rabbit B2 is Thirsty
Rabbit B2 drank water
Rabbit B2m is running away from: LionB0
Rabbit B2m is running away from: WolfC1
Rabbit B2 is Hungry
Rabbit B2m ate
Rabbit B2 m is ready to mate
Rabbit B2 m is approaching partner: Rabbit C3f
Rabbit A0f is running away from: LionC0
Rabbit A0f is running away from: WolfB5
Rabbit A0 f is ready to mate
Lion C0 is Thirsty
Lion C0 drank water
Lion C0 f is ready to mate
Lion B0 is Thirsty
Lion B0 drank water
Lion B0 f is ready to mate
Lion C0 is Thirsty
Lion C0 drank water
Lion C0 f is ready to mate
Lion A4 is Thirsty
Lion A4 drank water
Lion A4 m is ready to mate
Lion C3 is Thirsty
Lion C3 drank water
Lion C3 m is ready to mate
Wolf C5m is running away from: LionC0
Wolf C5 is Hungry
Wolf C5m is chasing: A0f
Wolf C5 m is ready to mate
No Female Wolf Partner or Female Wolf Partner not ready yet!
Wolf A5f is running away from: LionC0
Wolf B5m is running away from: LionC0
Wolf B5 is Hungry
Wolf B5m is chasing: A0f
Wolf B5 m is ready to mate
No Female Wolf Partner or Female Wolf Partner not ready yet!
Wolf C1m is running away from: LionB0
Wolf C1 m is ready to mate
No Female Wolf Partner or Female Wolf Partner not ready yet!
Wolf B4f is running away from: LionC0
Wolf A0m is running away from: LionC0
Rabbit A3f is running away from: LionC0
Rabbit A3f is running away from: WolfB5
Rabbit A3 f is ready to mate
Rabbit C0 is Thirsty
Rabbit C0 drank water
Rabbit C0m is running away from: LionC0
Rabbit C0m is running away from: WolfB5
Rabbit C0 m is ready to mate
Rabbit C0 m is approaching partner: Rabbit A3f
Rabbit A3 is Thirsty
Rabbit A3 drank water
Rabbit A3m is running away from: LionC0
Rabbit A3m is running away from: WolfB5
Rabbit A3 is Hungry
Rabbit A3m ate
Rabbit A3 m is ready to mate
Rabbit A3 m is approaching partner: Rabbit A3f
Rabbit A4 is Thirsty
Rabbit A4 drank water
Rabbit A4f is running away from: LionC3
Rabbit A4f is running away from: WolfC1
Rabbit A4 is Hungry
RabbitA4f died of hunger
Rabbit A4 f is ready to mate
Rabbit C3f is running away from: LionC0
Rabbit C3f is running away from: WolfC1
Rabbit C3 f is ready to mate
Rabbit C5f is running away from: LionA4
Rabbit C5f is running away from: WolfC1
Rabbit C5 is Hungry
Rabbit C5f ate
Rabbit C5 f is ready to mate
Rabbit A5 is Thirsty
Rabbit A5 drank water
Rabbit A5m is running away from: LionC0
Rabbit A5m is running away from: WolfA0
Rabbit A5 m is ready to mate
Rabbit A5 m is approaching partner: Rabbit A3f
Rabbit B2 is Thirsty
Rabbit B2 drank water
Rabbit B2m is running away from: LionB0
Rabbit B2m is running away from: WolfC1
Rabbit B2 m is ready to mate
Rabbit B2 m is approaching partner: Rabbit C3f
Rabbit A0f is running away from: LionC0
Rabbit A0f is running away from: WolfB5
Rabbit A0 is Hungry
Rabbit A0 f is ready to mate
Lion C0 is Thirsty
Lion C0 drank water
Lion C0 f is ready to mate
Lion B0 is Thirsty
Lion B0 drank water
Lion B0 f is ready to mate
Lion C0 is Thirsty
Lion C0 drank water
Lion C0 f is ready to mate
Lion A4 is Thirsty
Lion A4 drank water
Lion A4 m is ready to mate
Lion C3 is Thirsty
Lion C3 drank water
Lion C3 m is ready to mate
Wolf C5m is running away from: LionC0
Wolf C5 is Hungry
Wolf C5m is chasing: A0f
Wolf C5 m is ready to mate
No Female Wolf Partner or Female Wolf Partner not ready yet!
Wolf A5f is running away from: LionC0
Wolf B5m is running away from: LionC0
Wolf B5 is Hungry
Wolf B5m is chasing: A0f
Wolf B5 m is ready to mate
No Female Wolf Partner or Female Wolf Partner not ready yet!
Wolf C1m is running away from: LionB0
Wolf C1 m is ready to mate
No Female Wolf Partner or Female Wolf Partner not ready yet!
Wolf B4f is running away from: LionC0
Wolf A0m is running away from: LionA4
Rabbit A3f is running away from: LionC0
Rabbit A3f is running away from: WolfB5
Rabbit A3 is Hungry
Rabbit A3 f is ready to mate
Rabbit C0 is Thirsty
Rabbit C0 drank water
Rabbit C0m is running away from: LionC0
Rabbit C0m is running away from: WolfB5
Rabbit C0 is Hungry
Rabbit C0 m is ready to mate
Rabbit C0 m is approaching partner: Rabbit A3f
Rabbit A3 is Thirsty
Rabbit A3 drank water
Rabbit A3m is running away from: LionC0
Rabbit A3m is running away from: WolfB5
Rabbit A3 m is ready to mate
Rabbit A3 m is approaching partner: Rabbit A3f
Rabbit C3f is running away from: LionC0
Rabbit C3f is running away from: WolfB5
Rabbit C3 is Hungry
Rabbit C3f ate
Rabbit C3 f is ready to mate
Rabbit C5f is running away from: LionB0
Rabbit C5f is running away from: WolfA0
Rabbit C5 f is ready to mate
Rabbit A5 is Thirsty
Rabbit A5 drank water
Rabbit A5m is running away from: LionC0
Rabbit A5m is running away from: WolfA0
Rabbit A5 is Hungry
Rabbit A5m ate
Rabbit A5 m is ready to mate
Rabbit A5 m is approaching partner: Rabbit A3f
Rabbit B2 is Thirsty
Rabbit B2 drank water
Rabbit B2m is running away from: LionC0
Rabbit B2m is running away from: WolfB5
Rabbit B2 is Hungry
Rabbit B2m ate
Rabbit B2 m is ready to mate
Rabbit B2 m is approaching partner: Rabbit C3f
Rabbit A0f is running away from: LionC0
Rabbit A0f is running away from: WolfB5
Rabbit A0 is Hungry
Rabbit A0 f is ready to mate
Lion C0 is Thirsty
Lion C0 drank water
Lion C0 f is ready to mate
Lion B0 is Thirsty
Lion B0 drank water
Lion B0 f is ready to mate
Lion C0 is Thirsty
Lion C0 drank water
Lion C0 f is ready to mate
Lion A4 is Thirsty
Lion A4 drank water
Lion A4 m is ready to mate
Lion C3 is Thirsty
Lion C3 drank water
Lion C3 m is ready to mate
Wolf C5m is running away from: LionC0
Wolf C5 is Hungry
Wolf C5m is chasing: A0f
Wolf C5 m is ready to mate
No Female Wolf Partner or Female Wolf Partner not ready yet!
Wolf A5f is running away from: LionC0
Wolf B5m is running away from: LionC0
Wolf B5 is Hungry
Wolf B5m is chasing: A0f
Wolf B5 m is ready to mate
No Female Wolf Partner or Female Wolf Partner not ready yet!
Wolf C1m is running away from: LionB0
Wolf C1 m is ready to mate
No Female Wolf Partner or Female Wolf Partner not ready yet!
Wolf B4f is running away from: LionC0
Wolf B4 is Hungry
Wolf B4f is chasing: A0f
Wolf A0m is running away from: LionA4
Wolf A0 is Hungry
Wolf A0m is chasing: C5f
Rabbit A3f is running away from: LionC0
Rabbit A3f is running away from: WolfB5
Rabbit A3 is Hungry
Rabbit A3 f is ready to mate
Rabbit C0 is Thirsty
Rabbit C0 drank water
Rabbit C0m is running away from: LionC0
Rabbit C0m is running away from: WolfB5
Rabbit C0 is Hungry
Rabbit C0 m is ready to mate
Rabbit C0 m is approaching partner: Rabbit A3f
Rabbit A3m is running away from: LionC0
Rabbit A3m is running away from: WolfB5
Rabbit A3 is Hungry
Rabbit A3 m is ready to mate
Rabbit A3 m is approaching partner: Rabbit A3f
Rabbit C3f is running away from: LionC0
Rabbit C3f is running away from: WolfB4
Rabbit C3 f is ready to mate
Rabbit C5f is running away from: LionB0
Rabbit C5f is running away from: WolfA0
Rabbit C5 is Hungry
Rabbit C5f ate
Rabbit C5 f is ready to mate
Rabbit A5 is Thirsty
Rabbit A5 drank water
Rabbit A5m is running away from: LionC0
Rabbit A5m is running away from: WolfA0
Rabbit A5 m is ready to mate
Rabbit A5 m is approaching partner: Rabbit A3f
Rabbit B2 is Thirsty
Rabbit B2 drank water
Rabbit B2m is running away from: LionC0
Rabbit B2m is running away from: WolfB4
Rabbit B2 m is ready to mate
Rabbit B2 m is approaching partner: Rabbit C3f
Rabbit A2 f was born!Father is B2 and Mother is C3
Rabbit A0 is Thirsty
Rabbit A0 drank water
Rabbit A0f is running away from: LionC0
Rabbit A0f is running away from: WolfB4
Rabbit A0 is Hungry
RabbitA0f died of hunger
Rabbit A0f ate
Rabbit A0 f is ready to mate
Lion C0 is Thirsty
Lion C0 drank water
Lion C0 f is ready to mate
Lion B0 is Thirsty
Lion B0 drank water
Lion B0 f is ready to mate
Lion C0 is Thirsty
Lion C0 drank water
Lion C0 f is ready to mate
Lion A4 is Thirsty
Lion A4 drank water
Lion A4 m is ready to mate
Lion C3 is Thirsty
Lion C3 drank water
Lion C3 m is ready to mate
Wolf C5m is running away from: LionC0
Wolf C5 is Hungry
WolfC5m died of hunger
Wolf C5m is chasing: C3f
Wolf C5 m is ready to mate
No Female Wolf Partner or Female Wolf Partner not ready yet!
Wolf A5f is running away from: LionC0
Wolf A5 is Hungry
Wolf A5f is chasing: C3f
Wolf B5m is running away from: LionC0
Wolf B5 is Hungry
WolfB5m died of hunger
Wolf B5m is chasing: C3f
Wolf B5 m is ready to mate
No Female Wolf Partner or Female Wolf Partner not ready yet!
Wolf C1m is running away from: LionB0
Wolf C1 m is ready to mate
No Female Wolf Partner or Female Wolf Partner not ready yet!
Wolf B4f is running away from: LionC0
Wolf B4 is Hungry
Wolf B4f is chasing: C3f
Wolf A0m is running away from: LionA4
Wolf A0 is Hungry
Wolf A0m is chasing: C5f
Rabbit A3f is running away from: LionC0
Rabbit A3f is running away from: WolfB4
Rabbit A3 is Hungry
RabbitA3f died of hunger
Rabbit A3 f is ready to mate
Rabbit C0 is Thirsty
Rabbit C0 drank water
Rabbit C0m is running away from: LionC0
Rabbit C0m is running away from: WolfA0
Rabbit C0 is Hungry
RabbitC0m died of hunger
Rabbit C0m ate
Rabbit C0 m is ready to mate
Rabbit C0 m is approaching partner: Rabbit C5f
Rabbit A3m is running away from: LionC0
Rabbit A3m is running away from: WolfB4
Rabbit A3 is Hungry
Rabbit A3 m is ready to mate
Rabbit A3 m is approaching partner: Rabbit C5f
Rabbit C3f is running away from: LionC0
Rabbit C3f is running away from: WolfA5
Rabbit C3 is Hungry
Rabbit C5f is running away from: LionA4
Rabbit C5f is running away from: WolfC1
Rabbit C5 f is ready to mate
Rabbit A5 is Thirsty
Rabbit A5 drank water
Rabbit A5m is running away from: LionC0
Rabbit A5m is running away from: WolfA0
Rabbit A5 is Hungry
Rabbit A5m ate
Rabbit A5 m is ready to mate
Rabbit A5 m is approaching partner: Rabbit C5f
Rabbit B2 is Thirsty
Rabbit B2 drank water
Rabbit B2m is running away from: LionC0
Rabbit B2m is running away from: WolfA5
Rabbit B2 is Hungry
Rabbit B2m ate
Rabbit B2 m is ready to mate
Rabbit B2 m is approaching partner: Rabbit C5f
Rabbit A2f is running away from: LionC0
Rabbit A2f is running away from: WolfA5
Lion C0 is Thirsty
Lion C0 drank water
Lion C0f ate: B2m
Lion C0 f is ready to mate
Lion B0 is Thirsty
Lion B0 drank water
Lion B0 f is ready to mate
Lion C0 is Thirsty
Lion C0 drank water
Lion C0 f is ready to mate
Lion A4 is Thirsty
Lion A4 drank water
Lion A4 m is ready to mate
Lion C3 is Thirsty
Lion C3 drank water
Lion C3 m is ready to mate
Wolf A5f is running away from: LionC0
Wolf A5 is Hungry
Wolf A5f is chasing: C3f
Wolf C1m is running away from: LionB0
Wolf C1 is Hungry
Wolf C1m is chasing: C5f
Wolf C1 m is ready to mate
No Female Wolf Partner or Female Wolf Partner not ready yet!
Wolf B4f is running away from: LionC0
Wolf B4 is Hungry
Wolf B4f is chasing: C3f
Wolf A0m is running away from: LionA4
Wolf A0 is Hungry
Wolf A0m is chasing: C5f
Rabbit A3m is running away from: LionC0
Rabbit A3m is running away from: WolfA0
Rabbit A3 is Hungry
RabbitA3m died of hunger
Rabbit A3 m is ready to mate
Rabbit A3 m is approaching partner: Rabbit C5f
Rabbit C3f is running away from: LionC0
Rabbit C3f is running away from: WolfB4
Rabbit C3 is Hungry
Rabbit C3f ate
Rabbit C5 is Thirsty
Rabbit C5 drank water
Rabbit C5f is running away from: LionB0
Rabbit C5f is running away from: WolfA0
Rabbit C5 is Hungry
Rabbit C5f ate
Rabbit C5 f is ready to mate
Rabbit A5 is Thirsty
Rabbit A5 drank water
Rabbit A5m is running away from: LionC0
Rabbit A5m is running away from: WolfA0
Rabbit A5 m is ready to mate
Rabbit A5 m is approaching partner: Rabbit C5f
Rabbit B2 is Thirsty
Rabbit B2 drank water
Rabbit B2m is running away from: LionC0
Rabbit B2m is running away from: WolfC1
Rabbit B2 m is ready to mate
Rabbit B2 m is approaching partner: Rabbit C5f
Rabbit A2f is running away from: LionC0
Rabbit A2f is running away from: WolfA0
Rabbit A2 is Hungry
Rabbit A2f ate
Lion C0 is Thirsty
Lion C0 drank water
Lion C0 f is ready to mate
Lion B0 is Thirsty
Lion B0 drank water
Lion B0 f is ready to mate
Lion C0 f is ready to mate
Lion A4 is Thirsty
Lion A4 drank water
Lion A4 m is ready to mate
Lion C3 is Thirsty
Lion C3 drank water
Lion C3 m is ready to mate
Wolf A5f is running away from: LionC0
Wolf A5 is Hungry
Wolf A5f is chasing: C3f
Wolf C1m is running away from: LionB0
Wolf C1 is Hungry
Wolf C1m is chasing: C5f
Wolf C1 m is ready to mate
No Female Wolf Partner or Female Wolf Partner not ready yet!
Wolf B4f is running away from: LionC0
Wolf B4 is Hungry
Wolf B4f is chasing: C3f
Wolf A0m is running away from: LionA4
Wolf A0 is Hungry
Wolf A0m is chasing: C5f
Rabbit C3 is Thirsty
Rabbit C3 drank water
Rabbit C3f is running away from: LionC0
Rabbit C3f is running away from: WolfB4
Rabbit C5 is Thirsty
Rabbit C5 drank water
Rabbit C5f is running away from: LionB0
Rabbit C5f is running away from: WolfA0
Rabbit C5 f is ready to mate
Rabbit A5 is Thirsty
Rabbit A5 drank water
Rabbit A5m is running away from: LionC0
Rabbit A5m is running away from: WolfA0
Rabbit A5 is Hungry
Rabbit A5m ate
Rabbit A5 m is ready to mate
Rabbit A5 m is approaching partner: Rabbit C5f
Rabbit B2 is Thirsty
Rabbit B2 drank water
Rabbit B2m is running away from: LionB0
Rabbit B2m is running away from: WolfA0
Rabbit B2 is Hungry
Rabbit B2 m is ready to mate
Rabbit B2 m is approaching partner: Rabbit C5f
Rabbit A2f is running away from: LionC0
Rabbit A2f is running away from: WolfB4
Lion C0 f is ready to mate
Lion B0 is Thirsty
Lion B0 drank water
Lion B0 f is ready to mate
Lion C0 f is ready to mate
Lion A4 is Thirsty
Lion A4 drank water
Lion A4 m is ready to mate
Lion C3 is Thirsty
Lion C3 drank water
Lion C3 m is ready to mate
Wolf A5f is running away from: LionC0
Wolf A5 is Hungry
Wolf A5f is chasing: C3f
Wolf C1m is running away from: LionC3
Wolf C1 is Hungry
Wolf C1m is chasing: C5f
Wolf C1 m is ready to mate
No Female Wolf Partner or Female Wolf Partner not ready yet!
Wolf B4f is running away from: LionC0
Wolf B4 is Hungry
WolfB4f died of hunger
Wolf B4f is chasing: C3f
Wolf A0m is running away from: LionA4
Wolf A0 is Hungry
WolfA0m died of hunger
Wolf A0m is chasing: C5f
Rabbit C3 is Thirsty
Rabbit C3 drank water
Rabbit C3f is running away from: LionC0
Rabbit C3f is running away from: WolfA5
Rabbit C3 is Hungry
Rabbit C3f ate
Rabbit C5f is running away from: LionA4
Rabbit C5f is running away from: WolfC1
Rabbit C5 is Hungry
Rabbit C5 f is ready to mate
Rabbit A5 is Thirsty
Rabbit A5 drank water
Rabbit A5m is running away from: LionC0
Rabbit A5m is running away from: WolfA5
Rabbit A5 m is ready to mate
Rabbit A5 m is approaching partner: Rabbit C5f
Rabbit B2 is Thirsty
Rabbit B2 drank water
Rabbit B2m is running away from: LionB0
Rabbit B2m is running away from: WolfC1
Rabbit B2 is Hungry
Rabbit B2m ate
Rabbit B2 m is ready to mate
Rabbit B2 m is approaching partner: Rabbit C5f
Rabbit A2f is running away from: LionC0
Rabbit A2f is running away from: WolfA5
Rabbit A2 is Hungry
Rabbit A2f ate
Lion C0 f is ready to mate
Lion B0 is Thirsty
Lion B0 drank water
Lion B0 f is ready to mate
Lion C0 f is ready to mate
Lion A4 is Thirsty
Lion A4 drank water
Lion A4 m is ready to mate
Lion C3 is Thirsty
Lion C3 drank water
Lion C3 m is ready to mate
Wolf A5f is running away from: LionC0
Wolf A5 is Hungry
WolfA5f died of hunger
Wolf A5f is chasing: A2f
Wolf C1m is running away from: LionB0
Wolf C1 is Hungry
Wolf C1m is chasing: C5f
Wolf C1 m is ready to mate
No Female Wolf Partner or Female Wolf Partner not ready yet!
Rabbit C3 is Thirsty
Rabbit C3 drank water
Rabbit C3f is running away from: LionC0
Rabbit C3f is running away from: WolfC1
Rabbit C5f is running away from: LionB0
Rabbit C5f is running away from: WolfC1
Rabbit C5 is Hungry
Rabbit C5 f is ready to mate
Rabbit A5 is Thirsty
Rabbit A5 drank water
Rabbit A5m is running away from: LionC0
Rabbit A5m is running away from: WolfC1
Rabbit A5 is Hungry
Rabbit A5 m is ready to mate
Rabbit A5 m is approaching partner: Rabbit C5f
Rabbit B2 is Thirsty
Rabbit B2 drank water
Rabbit B2m is running away from: LionB0
Rabbit B2m is running away from: WolfC1
Rabbit B2 m is ready to mate
Rabbit B2 m is approaching partner: Rabbit C5f
Rabbit A2f is running away from: LionC0
Rabbit A2f is running away from: WolfC1
Lion C0 f is ready to mate
Lion B0 is Thirsty
Lion B0 drank water
Lion B0 f is ready to mate
Lion C0 f is ready to mate
Lion A4 is Thirsty
Lion A4 drank water
Lion A4 m is ready to mate
Lion C3 is Thirsty
Lion C3 drank water
Lion C3 m is ready to mate
Wolf C1m is running away from: LionB0
Wolf C1 is Hungry
WolfC1m died of hunger
Wolf C1m is chasing: C5f
Wolf C1 m is ready to mate
No Female Wolf Partner or Female Wolf Partner not ready yet!
Rabbit C3 is Thirsty
Rabbit C3 drank water
Rabbit C3f is running away from: LionC0
Rabbit C3 is Hungry
Rabbit C3f ate
Rabbit C3 f is ready to mate
Rabbit C5f is running away from: LionB0
Rabbit C5 is Hungry
RabbitC5f died of hunger
Rabbit C5f ate
Rabbit C5 f is ready to mate
Rabbit A5 is Thirsty
Rabbit A5 drank water
Rabbit A5m is running away from: LionC0
Rabbit A5 is Hungry
Rabbit A5m ate
Rabbit A5 m is ready to mate
Rabbit A5 m is approaching partner: Rabbit C3f
Rabbit B2 is Thirsty
Rabbit B2 drank water
Rabbit B2m is running away from: LionB0
Rabbit B2 is Hungry
Rabbit B2m ate
Rabbit B2 m is ready to mate
Rabbit B2 m is approaching partner: Rabbit C3f
Rabbit A2f is running away from: LionC0
Rabbit A2 is Hungry
Rabbit A2f ate
Rabbit A2 f is ready to mate
Lion C0 f is ready to mate
Lion B0 is Thirsty
Lion B0 drank water
Lion B0 f is ready to mate
Lion C0 f is ready to mate
Lion A4 is Thirsty
Lion A4 drank water
Lion A4 m is ready to mate
Lion C3 m is ready to mate
Rabbit C3 is Thirsty
Rabbit C3 drank water
Rabbit C3f is running away from: LionC0
Rabbit C3 f is ready to mate
Rabbit A5 is Thirsty
Rabbit A5 drank water
Rabbit A5m is running away from: LionC0
Rabbit A5 m is ready to mate
Rabbit A5 m is approaching partner: Rabbit C3f
Rabbit B2 is Thirsty
Rabbit B2 drank water
Rabbit B2m is running away from: LionC0
Rabbit B2 m is ready to mate
Rabbit B2 m is approaching partner: Rabbit C3f
Rabbit A2 is Thirsty
Rabbit A2 drank water
Rabbit A2f is running away from: LionC0
Rabbit A2 f is ready to mate
Lion C0 f is ready to mate
Lion B0 is Thirsty
Lion B0 drank water
Lion B0 f is ready to mate
Lion C0 f is ready to mate
Lion A4 is Thirsty
Lion A4 drank water
Lion A4 m is ready to mate
Lion C3 m is ready to mate
Rabbit C3 is Thirsty
Rabbit C3 drank water
Rabbit C3f is running away from: LionC0
Rabbit C3 is Hungry
Rabbit C3 f is ready to mate
Rabbit A5 is Thirsty
Rabbit A5 drank water
Rabbit A5m is running away from: LionC0
Rabbit A5 is Hungry
Rabbit A5 m is ready to mate
Rabbit A5 m is approaching partner: Rabbit C3f
Rabbit B2 is Thirsty
Rabbit B2 drank water
Rabbit B2m is running away from: LionC0
Rabbit B2 is Hungry
Rabbit B2m ate
Rabbit B2 m is ready to mate
Rabbit B2 m is approaching partner: Rabbit C3f
Rabbit A2 is Thirsty
Rabbit A2 drank water
Rabbit A2f is running away from: LionC0
Rabbit A2 is Hungry
Rabbit A2f ate
Rabbit A2 f is ready to mate
Lion C0 f is ready to mate
Lion B0 is Thirsty
Lion B0 drank water
Lion B0 f is ready to mate
Lion C0 f is ready to mate
Lion A4 is Thirsty
Lion A4 drank water
Lion A4 m is ready to mate
Lion C3 m is ready to mate
Rabbit C3 is Thirsty
Rabbit C3 drank water
Rabbit C3f is running away from: LionC0
Rabbit C3 is Hungry
Rabbit C3f ate
Rabbit C3 f is ready to mate
Rabbit A5 is Thirsty
Rabbit A5 drank water
Rabbit A5m is running away from: LionC0
Rabbit A5 is Hungry
Rabbit A5 m is ready to mate
Rabbit A5 m is approaching partner: Rabbit C3f
Rabbit B2 is Thirsty
Rabbit B2 drank water
Rabbit B2m is running away from: LionB0
Rabbit B2 m is ready to mate
Rabbit B2 m is approaching partner: Rabbit C3f
Rabbit A2f is running away from: LionC0
Rabbit A2 f is ready to mate
Lion C0 f is ready to mate
Lion B0 is Thirsty
Lion B0 drank water
Lion B0 f is ready to mate
Lion C0 f is ready to mate
Lion A4 is Thirsty
Lion A4 drank water
Lion A4 m is ready to mate
Lion C3 m is ready to mate
Rabbit C3 is Thirsty
Rabbit C3 drank water
Rabbit C3f is running away from: LionB0
Rabbit C3 f is ready to mate
Rabbit A5 is Thirsty
Rabbit A5 drank water
Rabbit A5m is running away from: LionB0
Rabbit A5 is Hungry
RabbitA5m died of hunger
Rabbit A5m ate
Rabbit A5 m is ready to mate
Rabbit A5 m is approaching partner: Rabbit C3f
Rabbit B2 is Thirsty
Rabbit B2 drank water
Rabbit B2m is running away from: LionB0
Rabbit B2 is Hungry
Rabbit B2 m is ready to mate
Rabbit B2 m is approaching partner: Rabbit C3f
Rabbit A2f is running away from: LionC0
Rabbit A2 is Hungry
Rabbit A2f ate
Rabbit A2 f is ready to mate
Lion C0 f is ready to mate
Lion B0 is Thirsty
Lion B0 drank water
Lion B0 f is ready to mate
Lion C0 f is ready to mate
Lion A4 is Thirsty
Lion A4 drank water
Lion A4 m is ready to mate
Lion C3 m is ready to mate
Rabbit C3 is Thirsty
Rabbit C3 drank water
Rabbit C3f is running away from: LionB0
Rabbit C3 is Hungry
Rabbit C3f ate
Rabbit C3 f is ready to mate
Rabbit B2 is Thirsty
Rabbit B2 drank water
Rabbit B2m is running away from: LionB0
Rabbit B2 is Hungry
Rabbit B2 m is ready to mate
Rabbit B2 m is approaching partner: Rabbit C3f
Rabbit A2f is running away from: LionC0
Rabbit A2 f is ready to mate
Lion C0 f is ready to mate
Lion B0 is Thirsty
Lion B0 drank water
Lion B0 f is ready to mate
Lion C0 is Thirsty
Lion C0 drank water
Lion C0 f is ready to mate
Lion A4 is Thirsty
Lion A4 drank water
Lion A4 m is ready to mate
Lion C3 m is ready to mate
Rabbit C3 is Thirsty
Rabbit C3 drank water
Rabbit C3f is running away from: LionB0
Rabbit C3 f is ready to mate
Rabbit B2 is Thirsty
Rabbit B2 drank water
Rabbit B2m is running away from: LionB0
Rabbit B2 is Hungry
RabbitB2m died of hunger
Rabbit B2 m is ready to mate
Rabbit B2 m is approaching partner: Rabbit C3f
Rabbit A2f is running away from: LionC0
Rabbit A2 is Hungry
Rabbit A2f ate
Rabbit A2 f is ready to mate
Lion C0 is Thirsty
Lion C0 drank water
Lion C0 f is ready to mate
Lion B0 is Thirsty
Lion B0 drank water
Lion B0 f is ready to mate
Lion C0 is Thirsty
Lion C0 drank water
Lion C0 f is ready to mate
Lion A4 is Thirsty
Lion A4 drank water
Lion A4 m is ready to mate
Lion C3 m is ready to mate
Rabbit C3 is Thirsty
Rabbit C3 drank water
Rabbit C3f is running away from: LionB0
Rabbit C3 is Hungry
Rabbit C3f ate
Rabbit C3 f is ready to mate
Rabbit A2f is running away from: LionC0
Rabbit A2 f is ready to mate
Lion C0 is Thirsty
Lion C0 drank water
Lion C0 f is ready to mate
Lion B0 is Thirsty
Lion B0 drank water
Lion B0 f is ready to mate
Lion C0 f is ready to mate
Lion A4 is Thirsty
Lion A4 drank water
Lion A4 m is ready to mate
Lion C3 m is ready to mate
Rabbit C3 is Thirsty
Rabbit C3 drank water
Rabbit C3f is running away from: LionB0
Rabbit C3 f is ready to mate
Rabbit A2f is running away from: LionC0
Rabbit A2 is Hungry
Rabbit A2 f is ready to mate
Lion C0 f is ready to mate
Lion B0 is Thirsty
Lion B0 drank water
Lion B0 f is ready to mate
Lion C0 f is ready to mate
Lion A4 is Thirsty
Lion A4 drank water
Lion A4 m is ready to mate
Lion C3 m is ready to mate
Rabbit C3 is Thirsty
Rabbit C3 drank water
Rabbit C3f is running away from: LionB0
Rabbit C3 is Hungry
Rabbit C3f ate
Rabbit C3 f is ready to mate
Rabbit A2 is Thirsty
Rabbit A2 drank water
Rabbit A2f is running away from: LionC0
Rabbit A2 is Hungry
Rabbit A2 f is ready to mate
Lion C0 f is ready to mate
Lion B0 is Thirsty
Lion B0 drank water
Lion B0 f is ready to mate
Lion C0 f is ready to mate
Lion A4 is Thirsty
Lion A4 drank water
Lion A4 m is ready to mate
Lion C3 is Thirsty
Lion C3 drank water
Lion C3 m is ready to mate
Lion B4 m was born!Father is C3 and Mother is C0
Rabbit C3 is Thirsty
Rabbit C3 drank water
Rabbit C3f is running away from: LionB0
Rabbit C3 f is ready to mate
Rabbit A2 is Thirsty
Rabbit A2 drank water
Rabbit A2f is running away from: LionC0
Rabbit A2 is Hungry
RabbitA2f died of hunger
Rabbit A2 f is ready to mate
Lion C0 f is ready to mate
Lion B0 is Thirsty
Lion B0 drank water
Lion B0 f is ready to mate
Lion A4 is Thirsty
Lion A4 drank water
Lion A4 m is ready to mate
Lion C3 m is ready to mate
Rabbit C3 is Thirsty
Rabbit C3 drank water
Rabbit C3f is running away from: LionB0
Rabbit C3 is Hungry
Rabbit C3f ate
Rabbit C3 f is ready to mate
Lion C0 f is ready to mate
Lion B0 is Thirsty
Lion B0 drank water
Lion B0 f is ready to mate
Lion A4 is Thirsty
Lion A4 drank water
Lion A4 m is ready to mate
Lion C3 m is ready to mate
Rabbit C3 is Thirsty
Rabbit C3 drank water
Rabbit C3f is running away from: LionB0
Rabbit C3 f is ready to mate
Lion C0 f is ready to mate
Lion B0 is Thirsty
Lion B0 drank water
Lion B0 f is ready to mate
Lion A4 m is ready to mate
Lion C3 m is ready to mate
Rabbit C3 is Thirsty
Rabbit C3 drank water
Rabbit C3f is running away from: LionC0
Rabbit C3 is Hungry
Rabbit C3f ate
Rabbit C3 f is ready to mate
Lion C0 f is ready to mate
Lion B0 is Thirsty
Lion B0 drank water
Lion B0 f is ready to mate
Lion A4 m is ready to mate
Lion C3 m is ready to mate
Rabbit C3 is Thirsty
Rabbit C3 drank water
Rabbit C3f is running away from: LionC0
Rabbit C3 f is ready to mate
Lion C0 f is ready to mate
Lion B0 is Thirsty
Lion B0 drank water
Lion B0 f is ready to mate
Lion A4 m is ready to mate
Lion C3 m is ready to mate
Rabbit C3 is Thirsty
Rabbit C3 drank water
Rabbit C3f is running away from: LionC0
Rabbit C3 is Hungry
Rabbit C3 f is ready to mate
Lion C0 f is ready to mate
Lion B0 is Thirsty
Lion B0 drank water
Lion B0 f is ready to mate
Lion A4 m is ready to mate
Lion C3 m is ready to mate
Rabbit C3 is Thirsty
Rabbit C3 drank water
Rabbit C3f is running away from: LionB0
Rabbit C3 is Hungry
Rabbit C3f ate
Rabbit C3 f is ready to mate
Lion C0 f is ready to mate
Lion B0 is Thirsty
Lion B0 drank water
Lion B0 f is ready to mate
Lion C0 is Thirsty
Lion C0 drank water
Lion A4 m is ready to mate
Lion C3 m is ready to mate
Rabbit C3 is Thirsty
Rabbit C3 drank water
Rabbit C3f is running away from: LionB0
Rabbit C3 f is ready to mate
Lion C0 is Thirsty
Lion C0 drank water
Lion C0 f is ready to mate
Lion B0 is Thirsty
Lion B0 drank water
Lion B0 f is ready to mate
Lion A4 m is ready to mate
Lion C3 m is ready to mate
Rabbit C3 is Thirsty
Rabbit C3 drank water
Rabbit C3f is running away from: LionB0
Rabbit C3 is Hungry
Rabbit C3f ate
Rabbit C3 f is ready to mate
Lion C0 is Thirsty
Lion C0 drank water
Lion C0 f is ready to mate
Lion B0 is Thirsty
Lion B0 drank water
Lion B0 f is ready to mate
Lion A4 m is ready to mate
Lion C3 m is ready to mate
Rabbit C3 is Thirsty
Rabbit C3 drank water
Rabbit C3f is running away from: LionB0
Rabbit C3 f is ready to mate
Lion C0 f is ready to mate
Lion B0 is Thirsty
Lion B0 drank water
Lion B0 f is ready to mate
Lion A4 m is ready to mate
Lion C3 is Thirsty
Lion C3 drank water
Lion C3 m is ready to mate
Lion B4 is Thirsty
Lion B4 drank water
Rabbit C3 is Thirsty
Rabbit C3 drank water
Rabbit C3f is running away from: LionB0
Rabbit C3 is Hungry
Rabbit C3f ate
Rabbit C3 f is ready to mate
Lion C0 f is ready to mate
Lion B0 is Thirsty
Lion B0 drank water
Lion B0 f is ready to mate
Lion A4 m is ready to mate
Lion C3 is Thirsty
Lion C3 drank water
Lion C3 m is ready to mate
Lion B4 is Thirsty
Lion B4 drank water
Rabbit C3 is Thirsty
Rabbit C3 drank water
Rabbit C3f is running away from: LionB0
Rabbit C3 f is ready to mate
Lion C0 f is ready to mate
Lion B0 is Thirsty
Lion B0 drank water
Lion B0 f is ready to mate
Lion A4 is Thirsty
Lion A4 drank water
Lion A4 m is ready to mate
Lion C3 is Thirsty
Lion C3 drank water
Lion C3 m is ready to mate
Lion B4 is Thirsty
Lion B4 drank water
Rabbit C3 is Thirsty
Rabbit C3 drank water
Rabbit C3f is running away from: LionB0
Rabbit C3 is Hungry
Rabbit C3f ate
Rabbit C3 f is ready to mate
Lion C0 f is ready to mate
Lion B0 is Thirsty
Lion B0 drank water
Lion B0 f is ready to mate
Lion A4 is Thirsty
Lion A4 drank water
Lion A4 m is ready to mate
Lion C3 is Thirsty
Lion C3 drank water
Lion C3 m is ready to mate
Lion B4 is Thirsty
Lion B4 drank water
Rabbit C3 is Thirsty
Rabbit C3 drank water
Rabbit C3f is running away from: LionC0
Rabbit C3 f is ready to mate
Lion C0 f is ready to mate
Lion B0 is Thirsty
Lion B0 drank water
Lion B0 f is ready to mate
Lion A4 is Thirsty
Lion A4 drank water
Lion A4 m is ready to mate
Lion C3 is Thirsty
Lion C3 drank water
Lion C3 m is ready to mate
Rabbit C3 is Thirsty
Rabbit C3 drank water
Rabbit C3f is running away from: LionB0
Rabbit C3 is Hungry
Rabbit C3f ate
Rabbit C3 f is ready to mate
Lion C0 f is ready to mate
Lion B0 is Thirsty
Lion B0 drank water
Lion B0 f is ready to mate
Lion A4 is Thirsty
Lion A4 drank water
Lion A4 m is ready to mate
Lion C3 is Thirsty
Lion C3 drank water
Lion C3 m is ready to mate
Rabbit C3 is Thirsty
Rabbit C3 drank water
Rabbit C3f is running away from: LionB0
Rabbit C3 f is ready to mate
Lion C0 f is ready to mate
Lion B0 is Thirsty
Lion B0 drank water
Lion B0 f is ready to mate
Lion A4 is Thirsty
Lion A4 drank water
Lion A4 m is ready to mate
Lion C3 is Thirsty
Lion C3 drank water
Lion C3 m is ready to mate
Rabbit C3 is Thirsty
Rabbit C3 drank water
Rabbit C3f is running away from: LionB0
Rabbit C3 is Hungry
Rabbit C3 f is ready to mate
Lion C0 f is ready to mate
Lion B0 is Thirsty
Lion B0 drank water
Lion B0 f is ready to mate
Lion C0 is Thirsty
Lion C0 drank water
Lion A4 is Thirsty
Lion A4 drank water
Lion A4 m is ready to mate
Lion C3 is Thirsty
Lion C3 drank water
Lion C3 m is ready to mate
Rabbit C3 is Thirsty
Rabbit C3 drank water
Rabbit C3f is running away from: LionA4
Rabbit C3 is Hungry
Rabbit C3 f is ready to mate
Lion C0 f is ready to mate
Lion B0 is Thirsty
Lion B0 drank water
Lion B0 f is ready to mate
Lion C0 is Thirsty
Lion C0 drank water
Lion A4 is Thirsty
Lion A4 drank water
Lion A4 m is ready to mate
Lion A0 m was born!Father is A4 and Mother is B0
Lion C3 is Thirsty
Lion C3 drank water
Lion C3 m is ready to mate
Rabbit C3 is Thirsty
Rabbit C3 drank water
Rabbit C3f is running away from: LionB0
Rabbit C3 is Hungry
RabbitC3f died of hunger
Rabbit C3 f is ready to mate
Lion C0 is Thirsty
Lion C0 drank water
Lion C0 f is ready to mate
Lion B0 is Thirsty
Lion B0 drank water
Lion C0 is Thirsty
Lion C0 drank water
Lion A4 is Thirsty
Lion A4 drank water
Lion A4 m is ready to mate
Lion C3 is Thirsty
Lion C3 drank water
Lion C3 m is ready to mate
Lion C0 f is ready to mate
Lion B0 is Thirsty
Lion B0 drank water
Lion A4 is Thirsty
Lion A4 drank water
Lion A4 m is ready to mate
Lion C3 is Thirsty
Lion C3 drank water
Lion C3 m is ready to mate
Lion C0 f is ready to mate
Lion B0 is Thirsty
Lion B0 drank water
Lion A4 is Thirsty
Lion A4 drank water
Lion A4 m is ready to mate
Lion C3 is Thirsty
Lion C3 drank water
Lion C3 m is ready to mate
Lion C0 f is ready to mate
Lion B0 is Thirsty
Lion B0 drank water
Lion B0 is Hungry
Lion C0 is Hungry
Lion A4 is Thirsty
Lion A4 drank water
Lion A4 is Hungry
Lion C3 is Thirsty
Lion C3 drank water
Lion C3 is Hungry
Lion C0 f is ready to mate
Lion B0 is Thirsty
Lion B0 drank water
Lion B0 is Hungry
Lion C0 is Hungry
Lion A4 is Thirsty
Lion A4 drank water
Lion A4 is Hungry
Lion C3 is Thirsty
Lion C3 drank water
Lion C3 is Hungry
Lion B4 is Thirsty
Lion B4 drank water
Lion C0 f is ready to mate
Lion B0 is Thirsty
Lion B0 drank water
Lion B0 is Hungry
Lion C0 is Hungry
Lion A4 is Thirsty
Lion A4 drank water
Lion A4 is Hungry
Lion C3 is Thirsty
Lion C3 drank water
Lion C3 is Hungry
Lion B4 is Thirsty
Lion B4 drank water
Lion C0 f is ready to mate
Lion B0 is Thirsty
Lion B0 drank water
Lion B0 is Hungry
Lion C0 is Hungry
Lion A4 is Hungry
Lion C3 is Thirsty
Lion C3 drank water
Lion C3 is Hungry
Lion B4 is Thirsty
Lion B4 drank water
Lion C0 f is ready to mate
Lion B0 is Thirsty
Lion B0 drank water
Lion B0 is Hungry
Lion C0 is Hungry
Lion A4 is Hungry
Lion C3 is Thirsty
Lion C3 drank water
Lion C3 is Hungry
Lion B4 is Thirsty
Lion B4 drank water
Lion C0 f is ready to mate
Lion B0 is Thirsty
Lion B0 drank water
Lion B0 is Hungry
Lion C0 is Hungry
Lion A4 is Hungry
Lion C3 is Thirsty
Lion C3 drank water
Lion C3 is Hungry
Lion B4 is Thirsty
Lion B4 drank water
Lion C0 f is ready to mate
Lion B0 is Thirsty
Lion B0 drank water
Lion B0 is Hungry
Lion C0 is Hungry
Lion A4 is Hungry
Lion C3 is Thirsty
Lion C3 drank water
Lion C3 is Hungry
Lion A0 is Thirsty
Lion A0 drank water
Lion C0 is Thirsty
Lion C0 drank water
Lion C0 f is ready to mate
Lion B0 is Thirsty
Lion B0 drank water
Lion B0 is Hungry
Lion C0 is Thirsty
Lion C0 drank water
Lion C0 is Hungry
Lion A4 is Hungry
Lion C3 is Thirsty
Lion C3 drank water
Lion C3 is Hungry
Lion A0 is Thirsty
Lion A0 drank water
Lion C0 f is ready to mate
Lion B0 is Thirsty
Lion B0 drank water
Lion B0 is Hungry
Lion C0 is Thirsty
Lion C0 drank water
Lion C0 is Hungry
Lion A4 is Hungry
Lion C3 is Thirsty
Lion C3 drank water
Lion C3 is Hungry
Lion A0 is Thirsty
Lion A0 drank water
Lion C0 f is ready to mate
Lion B0 is Thirsty
Lion B0 drank water
Lion B0 is Hungry
Lion C0 is Hungry
Lion A4 is Hungry
Lion C3 is Thirsty
Lion C3 drank water
Lion C3 is Hungry
Lion A0 is Thirsty
Lion A0 drank water
Lion C0 f is ready to mate
Lion B0 is Thirsty
Lion B0 drank water
Lion B0 is Hungry
Lion C0 is Hungry
Lion A4 is Hungry
Lion C3 is Hungry
Lion A0 is Thirsty
Lion A0 drank water
Lion C0 f is ready to mate
Lion B0 is Thirsty
Lion B0 drank water
Lion B0 is Hungry
Lion C0 is Hungry
Lion A4 is Hungry
Lion C3 is Hungry
Lion A0 is Thirsty
Lion A0 drank water
Lion C0 f is ready to mate
Lion B0 is Thirsty
Lion B0 drank water
Lion B0 is Hungry
Lion C0 is Hungry
Lion A4 is Thirsty
Lion A4 drank water
Lion A4 is Hungry
Lion C3 is Hungry
Lion A0 is Thirsty
Lion A0 drank water
Lion C0 f is ready to mate
Lion B0 is Thirsty
Lion B0 drank water
Lion B0 is Hungry
Lion C0 is Hungry
Lion A4 is Hungry
Lion C3 is Hungry
Lion A0 is Thirsty
Lion A0 drank water
Lion C0 is Hungry
Lion B0 is Thirsty
Lion B0 drank water
Lion B0 is Hungry
Lion C0 is Hungry
Lion A4 is Hungry
Lion C3 is Hungry
Lion C0 is Hungry
Lion B0 is Thirsty
Lion B0 drank water
Lion B0 is Hungry
Lion C0 is Hungry
Lion A4 is Hungry
Lion C3 is Hungry
Lion B4 is Thirsty
Lion B4 drank water
Lion B4 m is ready to mate
Lion C0 is Hungry
Lion B0 is Thirsty
Lion B0 drank water
Lion B0 is Hungry
Lion C0 is Hungry
Lion A4 is Hungry
Lion C3 is Hungry
Lion B4 is Thirsty
Lion B4 drank water
Lion B4 m is ready to mate
Lion C0 is Thirsty
Lion C0 drank water
Lion C0 is Hungry
Lion B0 is Thirsty
Lion B0 drank water
Lion B0 is Hungry
Lion C0 is Hungry
Lion A4 is Hungry
Lion C3 is Hungry
Lion B4 is Thirsty
Lion B4 drank water
Lion B4 m is ready to mate
Lion C0 is Hungry
Lion B0 is Thirsty
Lion B0 drank water
Lion B0 is Hungry
Lion C0 is Thirsty
Lion C0 drank water
Lion C0 is Hungry
Lion A4 is Hungry
Lion C3 is Hungry
Lion B4 is Thirsty
Lion B4 drank water
Lion B4 m is ready to mate
Lion C0 is Hungry
Lion B0 is Thirsty
Lion B0 drank water
Lion B0 is Hungry
Lion C0 is Hungry
Lion A4 is Hungry
Lion C3 is Thirsty
Lion C3 drank water
Lion C3 is Hungry
Lion B4 is Thirsty
Lion B4 drank water
Lion B4 m is ready to mate
Lion C0 is Hungry
Lion B0 is Thirsty
Lion B0 drank water
Lion B0 is Hungry
Lion C0 is Hungry
Lion A4 is Hungry
Lion C3 is Hungry
Lion B4 is Thirsty
Lion B4 drank water
Lion B4 m is ready to mate
Lion C0 is Hungry
Lion B0 is Thirsty
Lion B0 drank water
Lion B0 is Hungry
Lion C0 is Hungry
Lion A4 is Hungry
Lion C3 is Hungry
Lion B4 is Thirsty
Lion B4 drank water
Lion B4 m is ready to mate
Lion C0 is Hungry
Lion B0 is Thirsty
Lion B0 drank water
Lion B0 is Hungry
Lion C0 is Hungry
Lion A4 is Thirsty
Lion A4 drank water
Lion A4 is Hungry
Lion C3 is Hungry
Lion B4 is Thirsty
Lion B4 drank water
Lion B4 m is ready to mate
Lion C0 is Hungry
Lion B0 is Thirsty
Lion B0 drank water
Lion B0 is Hungry
Lion C0 is Hungry
Lion A4 is Hungry
Lion C3 is Hungry
Lion B4 is Thirsty
Lion B4 drank water
Lion B4 m is ready to mate
Lion A0 is Thirsty
Lion A0 drank water
Lion C0 is Hungry
Lion B0 is Thirsty
Lion B0 drank water
Lion B0 is Hungry
Lion C0 is Hungry
Lion A4 is Hungry
Lion C3 is Hungry
Lion B4 is Thirsty
Lion B4 drank water
Lion B4 m is ready to mate
Lion C0 is Hungry
Lion B0 is Thirsty
Lion B0 drank water
Lion B0 is Hungry
Lion C0 is Hungry
Lion A4 is Hungry
Lion C3 is Hungry
Lion B4 is Thirsty
Lion B4 drank water
Lion B4 m is ready to mate
Lion C0 is Hungry
Lion B0 is Thirsty
Lion B0 drank water
Lion B0 is Hungry
Lion C0 is Hungry
Lion A4 is Hungry
Lion C3 is Hungry
Lion B4 is Thirsty
Lion B4 drank water
Lion B4 m is ready to mate
Lion C0 is Thirsty
Lion C0 drank water
Lion C0 is Hungry
Lion B0 is Thirsty
Lion B0 drank water
Lion B0 is Hungry
Lion C0 is Hungry
Lion A4 is Hungry
Lion C3 is Hungry
Lion B4 is Thirsty
Lion B4 drank water
Lion B4 m is ready to mate
Lion C0 is Hungry
Lion B0 is Thirsty
Lion B0 drank water
Lion B0 is Hungry
Lion C0 is Thirsty
Lion C0 drank water
Lion C0 is Hungry
Lion A4 is Hungry
Lion C3 is Hungry
Lion B4 is Thirsty
Lion B4 drank water
Lion B4 is Hungry
Lion C0 is Hungry
Lion B0 is Thirsty
Lion B0 drank water
Lion B0 is Hungry
Lion C0 is Hungry
Lion A4 is Hungry
Lion C3 is Thirsty
Lion C3 drank water
Lion C3 is Hungry
Lion B4 is Thirsty
Lion B4 drank water
Lion B4 is Hungry
Lion C0 is Hungry
Lion B0 is Thirsty
Lion B0 drank water
Lion B0 is Hungry
Lion C0 is Hungry
Lion A4 is Hungry
Lion C3 is Hungry
Lion B4 is Thirsty
Lion B4 drank water
Lion B4 is Hungry
Lion C0 is Hungry
Lion B0 is Thirsty
Lion B0 drank water
Lion B0 is Hungry
Lion C0 is Hungry
Lion A4 is Hungry
Lion C3 is Hungry
Lion B4 is Thirsty
Lion B4 drank water
Lion B4 is Hungry
Lion C0 is Hungry
Lion B0 is Thirsty
Lion B0 drank water
Lion B0 is Hungry
Lion C0 is Hungry
Lion A4 is Thirsty
Lion A4 drank water
Lion A4 is Hungry
Lion C3 is Hungry
Lion B4 is Hungry
Lion C0 is Hungry
Lion B0 is Thirsty
Lion B0 drank water
Lion B0 is Hungry
Lion C0 is Hungry
Lion A4 is Hungry
Lion C3 is Hungry
Lion B4 is Hungry
Lion A0 is Thirsty
Lion A0 drank water
Lion A0 m is ready to mate
Lion C0 is Hungry
Lion B0 is Thirsty
Lion B0 drank water
Lion B0 is Hungry
Lion C0 is Hungry
Lion A4 is Hungry
Lion C3 is Hungry
Lion B4 is Hungry
Lion A0 m is ready to mate
Lion C0 is Hungry
Lion B0 is Thirsty
Lion B0 drank water
Lion B0 is Hungry
Lion C0 is Hungry
Lion A4 is Hungry
Lion C3 is Hungry
Lion B4 is Hungry
Lion A0 m is ready to mate
Lion C0 is Hungry
Lion B0 is Thirsty
Lion B0 drank water
Lion B0 is Hungry
Lion C0 is Hungry
Lion A4 is Hungry
Lion C3 is Hungry
Lion B4 is Hungry
Lion A0 m is ready to mate
Lion C0 is Thirsty
Lion C0 drank water
Lion C0 is Hungry
Lion B0 is Thirsty
Lion B0 drank water
Lion B0 is Hungry
Lion C0 is Hungry
Lion A4 is Hungry
Lion C3 is Hungry
Lion B4 is Hungry
Lion A0 m is ready to mate
Lion C0 is Hungry
Lion B0 is Thirsty
Lion B0 drank water
Lion B0 is Hungry
Lion C0 is Thirsty
Lion C0 drank water
Lion C0 is Hungry
Lion A4 is Hungry
Lion C3 is Hungry
Lion B4 is Hungry
Lion A0 m is ready to mate
Lion C0 is Hungry
Lion B0 is Thirsty
Lion B0 drank water
Lion B0 is Hungry
Lion C0 is Hungry
Lion A4 is Hungry
Lion C3 is Thirsty
Lion C3 drank water
Lion C3 is Hungry
Lion B4 is Hungry
Lion A0 m is ready to mate
Lion C0 is Hungry
Lion B0 is Thirsty
Lion B0 drank water
Lion B0 is Hungry
Lion C0 is Hungry
Lion A4 is Hungry
Lion C3 is Hungry
Lion B4 is Hungry
Lion A0 m is ready to mate
Lion C0 is Hungry
Lion B0 is Thirsty
Lion B0 drank water
Lion B0 is Hungry
Lion C0 is Hungry
Lion A4 is Hungry
Lion C3 is Hungry
Lion B4 is Thirsty
Lion B4 drank water
Lion B4 is Hungry
Lion A0 m is ready to mate
Lion C0 is Hungry
Lion B0 is Thirsty
Lion B0 drank water
Lion B0 is Hungry
Lion C0 is Hungry
Lion A4 is Thirsty
Lion A4 drank water
Lion A4 is Hungry
Lion C3 is Hungry
Lion B4 is Hungry
Lion A0 m is ready to mate
Lion C0 is Hungry
Lion B0 is Thirsty
Lion B0 drank water
Lion B0 is Hungry
Lion C0 is Hungry
Lion A4 is Thirsty
Lion A4 drank water
Lion A4 is Hungry
Lion C3 is Hungry
Lion B4 is Hungry
Lion A0 is Thirsty
Lion A0 drank water
Lion A0 m is ready to mate
Lion C0 is Hungry
Lion B0 is Thirsty
Lion B0 drank water
Lion B0 is Hungry
Lion C0 is Hungry
Lion A4 is Thirsty
Lion A4 drank water
Lion A4 is Hungry
Lion C3 is Hungry
Lion B4 is Hungry
Lion A0 is Thirsty
Lion A0 drank water
Lion A0 m is ready to mate
Lion C0 m was born!Father is A0 and Mother is C0
Lion C0 is Hungry
Lion B0 is Thirsty
Lion B0 drank water
Lion B0 is Hungry
Lion C0 is Hungry
Lion A4 is Hungry
Lion C3 is Hungry
Lion B4 is Hungry
Lion A0 is Thirsty
Lion A0 drank water
Lion A0 m is ready to mate
No Female Lion Partner or Female Lion partners are not ready to mate Yet!
Lion C0 is Hungry
Lion B0 is Thirsty
Lion B0 drank water
Lion B0 is Hungry
Lion C0 is Hungry
Lion A4 is Hungry
Lion C3 is Hungry
Lion B4 is Hungry
Lion A0 is Thirsty
Lion A0 drank water
Lion A0 is Hungry
Lion C0 is Thirsty
Lion C0 drank water
Lion C0 is Hungry
Lion B0 is Thirsty
Lion B0 drank water
Lion B0 is Hungry
Lion C0 is Hungry
Lion A4 is Hungry
Lion C3 is Hungry
Lion B4 is Hungry
Lion A0 is Thirsty
Lion A0 drank water
Lion A0 is Hungry
Lion C0 is Hungry
Lion B0 is Thirsty
Lion B0 drank water
Lion B0 is Hungry
Lion C0 is Thirsty
Lion C0 drank water
Lion C0 is Hungry
Lion A4 is Hungry
Lion C3 is Hungry
Lion B4 is Hungry
Lion A0 is Thirsty
Lion A0 drank water
Lion A0 is Hungry
Lion C0 is Hungry
Lion B0 is Thirsty
Lion B0 drank water
Lion B0 is Hungry
Lion C0 is Hungry
Lion A4 is Hungry
Lion C3 is Thirsty
Lion C3 drank water
Lion C3 is Hungry
Lion B4 is Hungry
Lion A0 is Thirsty
Lion A0 drank water
Lion A0 is Hungry
Lion C0 is Hungry
Lion B0 is Thirsty
Lion B0 drank water
Lion B0 is Hungry
LionB0f died of hunger
Lion C0 is Hungry
LionC0f died of hunger
Lion A4 is Hungry
LionA4m died of hunger
Lion C3 is Hungry
LionC3m died of hunger
Lion B4 is Hungry
Lion A0 is Thirsty
Lion A0 drank water
Lion A0 is Hungry
Lion C0 is Hungry
Lion B4 is Thirsty
Lion B4 drank water
Lion B4 is Hungry
Lion A0 is Hungry
Lion C0 is Hungry
Lion B4 is Hungry
Lion A0 is Hungry
Lion C0 is Hungry
Lion B4 is Hungry
Lion A0 is Hungry
Lion C0 is Hungry
Lion B4 is Hungry
Lion A0 is Hungry
Lion C0 is Thirsty
Lion C0 drank water
Lion C0 is Hungry
Lion B4 is Hungry
Lion A0 is Hungry
Lion C0 is Thirsty
Lion C0 drank water
Lion C0 is Hungry
Lion B4 is Hungry
Lion A0 is Hungry
Lion C0 is Thirsty
Lion C0 drank water
Lion C0 is Thirsty
Lion C0 drank water
Lion C0 is Hungry
Lion B4 is Hungry
Lion A0 is Hungry
Lion C0 is Thirsty
Lion C0 drank water
Lion C0 is Hungry
Lion B4 is Hungry
Lion A0 is Hungry
Lion C0 is Thirsty
Lion C0 drank water
Lion C0 is Hungry
Lion B4 is Hungry
Lion A0 is Hungry
Lion C0 is Hungry
Lion B4 is Hungry
Lion A0 is Thirsty
Lion A0 drank water
Lion A0 is Hungry
Lion C0 is Hungry
Lion B4 is Thirsty
Lion B4 drank water
Lion B4 is Hungry
Lion A0 is Hungry
Lion C0 is Hungry
Lion B4 is Hungry
Lion A0 is Hungry
Lion C0 is Hungry
Lion B4 is Hungry
Lion A0 is Hungry
Lion C0 is Hungry
LionC0f died of hunger
Lion B4 is Hungry
Lion A0 is Hungry
Lion B4 is Hungry
Lion A0 is Hungry
Lion B4 is Hungry
Lion A0 is Hungry
Lion B4 is Hungry
Lion A0 is Hungry
Lion B4 is Hungry
Lion A0 is Hungry
Lion C0 is Thirsty
Lion C0 drank water
Lion B4 is Hungry
Lion A0 is Hungry
Lion B4 is Hungry
Lion A0 is Thirsty
Lion A0 drank water
Lion A0 is Hungry
Lion B4 is Thirsty
Lion B4 drank water
Lion B4 is Hungry
Lion A0 is Hungry
Lion B4 is Hungry
Lion A0 is Hungry
Lion B4 is Hungry
Lion A0 is Hungry
Lion B4 is Hungry
Lion A0 is Hungry
Lion B4 is Hungry
Lion A0 is Hungry
Lion B4 is Hungry
Lion A0 is Hungry
Lion B4 is Hungry
Lion A0 is Hungry
Lion B4 is Hungry
LionB4m died of hunger
Lion A0 is Hungry
Lion C0 is Thirsty
Lion C0 drank water
Lion A0 is Hungry
Lion A0 is Thirsty
Lion A0 drank water
Lion A0 is Hungry
Lion A0 is Hungry
Lion C0 m is ready to mate
No Female Lion Partner or Female Lion partners are not ready to mate Yet!
Lion A0 is Hungry
Lion C0 m is ready to mate
No Female Lion Partner or Female Lion partners are not ready to mate Yet!
Lion A0 is Hungry
Lion C0 m is ready to mate
No Female Lion Partner or Female Lion partners are not ready to mate Yet!
Lion A0 is Hungry
Lion C0 m is ready to mate
No Female Lion Partner or Female Lion partners are not ready to mate Yet!
Lion A0 is Hungry
Lion C0 m is ready to mate
No Female Lion Partner or Female Lion partners are not ready to mate Yet!
Lion A0 is Hungry
Lion C0 m is ready to mate
No Female Lion Partner or Female Lion partners are not ready to mate Yet!
Lion A0 is Hungry
Lion C0 m is ready to mate
No Female Lion Partner or Female Lion partners are not ready to mate Yet!
Lion A0 is Hungry
Lion C0 is Thirsty
Lion C0 drank water
Lion C0 m is ready to mate
No Female Lion Partner or Female Lion partners are not ready to mate Yet!
Lion A0 is Hungry
Lion C0 is Thirsty
Lion C0 drank water
Lion C0 m is ready to mate
No Female Lion Partner or Female Lion partners are not ready to mate Yet!
Lion A0 is Thirsty
Lion A0 drank water
Lion A0 is Hungry
Lion C0 m is ready to mate
No Female Lion Partner or Female Lion partners are not ready to mate Yet!
Lion A0 is Hungry
Lion C0 m is ready to mate
No Female Lion Partner or Female Lion partners are not ready to mate Yet!
Lion A0 is Hungry
Lion C0 m is ready to mate
No Female Lion Partner or Female Lion partners are not ready to mate Yet!
Lion A0 is Hungry
Lion C0 m is ready to mate
No Female Lion Partner or Female Lion partners are not ready to mate Yet!
Lion A0 is Hungry
Lion C0 is Hungry
Lion A0 is Hungry
Lion C0 is Hungry
Lion A0 is Hungry
LionA0m died of hunger
Lion C0 is Hungry
Lion C0 is Hungry
Lion C0 is Hungry
Lion C0 is Thirsty
Lion C0 drank water
Lion C0 is Hungry
Lion C0 is Hungry
