Rabbit A1 is Hungry
Rabbit A1m ate
Rabbit C1 is Hungry
Rabbit C1m ate
Rabbit B1 is Hungry
Rabbit B1f ate
Rabbit B3 is Hungry
Rabbit B3m ate
Rabbit C1 is Hungry
Rabbit C1f ate
Rabbit C0f is running away from: LionB3
Rabbit C0 is Hungry
Rabbit C0f ate
Rabbit A3f is running away from: LionC1
Rabbit A3 is Hungry
Rabbit A3f ate
Rabbit B4 is Hungry
Rabbit B4m ate
Rabbit A4 is Hungry
Rabbit A4f ate
Rabbit C1 is Hungry
Rabbit C1m ate
Rabbit B5 is Hungry
Rabbit B5f ate
Rabbit B1 is Hungry
Rabbit B1m ate
Rabbit C3 is Hungry
Rabbit C3m ate
Rabbit B3 is Hungry
Rabbit B3f ate
Rabbit B2 is Hungry
Rabbit B2f ate
Rabbit A1 is Hungry
Rabbit A1m ate
Rabbit C1 is Hungry
Rabbit B1 is Hungry
Rabbit B3 is Hungry
Rabbit B3m ate
Rabbit C1 is Hungry
Rabbit C1f ate
Rabbit C0 is Hungry
Rabbit C0f ate
Rabbit A3 is Hungry
Rabbit A3f ate
Rabbit B4 is Hungry
Rabbit B4m ate
Rabbit A4 is Hungry
Rabbit A4f ate
Rabbit C1 is Hungry
Rabbit C1m ate
Rabbit B5 is Hungry
Rabbit B5f ate
Rabbit B1 is Hungry
Rabbit B1m ate
Rabbit C3 is Hungry
Rabbit B3 is Hungry
Rabbit B2 is Hungry
Rabbit A1m is running away from: WolfC1
Rabbit A1 is Hungry
Rabbit A1m ate
Rabbit C1 is Hungry
Rabbit B1 is Hungry
Rabbit B3 is Hungry
Rabbit C1 is Hungry
Rabbit C0 is Hungry
Rabbit A3 is Hungry
Rabbit B4 is Hungry
Rabbit A4 is Hungry
Rabbit C1 is Hungry
Rabbit C1m ate
Rabbit B5 is Hungry
Rabbit B1 is Hungry
Rabbit C3 is Hungry
Rabbit B3 is Hungry
Rabbit B3f ate
Rabbit B2 is Hungry
Rabbit B2f ate
Rabbit A1 is Hungry
rabbit C1m Died of Old Age
Rabbit C1 is Hungry
RabbitC1m died of hunger
Rabbit C1m ate
rabbit B1f Died of Old Age
Rabbit B1 is Hungry
RabbitB1f died of hunger
Rabbit B3 is Hungry
Rabbit B3m ate
Rabbit C1 is Hungry
Rabbit C1f ate
Rabbit C0 is Hungry
Rabbit C0f ate
Rabbit A3 is Hungry
Rabbit A3f ate
Rabbit B4 is Hungry
Rabbit A4 is Hungry
Rabbit A4f ate
Rabbit C1 is Hungry
Rabbit B5 is Hungry
Rabbit B5f ate
Rabbit B1 is Hungry
Rabbit B1m ate
rabbit C3m Died of Old Age
Rabbit C3 is Hungry
RabbitC3m died of hunger
Rabbit C3m ate
Rabbit B3 is Hungry
Rabbit B3f ate
Rabbit B2 is Hungry
Rabbit B2f ate
Rabbit A1 is Hungry
Rabbit A1 m is ready to mate
Rabbit A1 m is approaching partner: Rabbit B2f
Rabbit B3 is Hungry
Rabbit B3m ate
Rabbit B3 m is ready to mate
Rabbit B3 m is approaching partner: Rabbit A3f
Rabbit C1 is Hungry
Rabbit C1f ate
Rabbit C1 f is ready to mate
Rabbit C0 is Hungry
Rabbit C0f ate
Rabbit C0 f is ready to mate
Rabbit A3 is Hungry
Rabbit A3f ate
Rabbit A3 f is ready to mate
rabbit B4m Died of Old Age
Rabbit B4 is Hungry
RabbitB4m died of hunger
Rabbit B4 m is ready to mate
Rabbit B4 m is approaching partner: Rabbit A3f
Rabbit A4 is Hungry
Rabbit A4f ate
Rabbit A4 f is ready to mate
Rabbit C1 is Hungry
Rabbit C1 m is ready to mate
Rabbit C1 m is approaching partner: Rabbit B5f
Rabbit B5 is Hungry
Rabbit B5 f is ready to mate
Rabbit B1 is Hungry
Rabbit B1m ate
Rabbit B1 m is ready to mate
Rabbit B1 m is approaching partner: Rabbit A3f
Rabbit B3 is Hungry
Rabbit B3f ate
Rabbit B3 f is ready to mate
Rabbit B2 is Hungry
Rabbit B2f ate
Rabbit B2 f is ready to mate
Wolf C1f ate!
Rabbit B3 is Hungry
Rabbit B3 m is ready to mate
Rabbit B3 m is approaching partner: Rabbit A3f
Rabbit C1 is Hungry
Rabbit C1 f is ready to mate
Rabbit C0 is Hungry
Rabbit C0f ate
Rabbit C0 f is ready to mate
Rabbit A3 is Hungry
Rabbit A3 f is ready to mate
Rabbit A4 is Hungry
Rabbit A4 f is ready to mate
rabbit C1m Died of Old Age
Rabbit C1 is Hungry
RabbitC1m died of hunger
Rabbit C1m ate
Rabbit C1 m is ready to mate
Rabbit C1 m is approaching partner: Rabbit B5f
Rabbit B5 is Hungry
Rabbit B5f ate
Rabbit B5 f is ready to mate
Rabbit B1 is Hungry
Rabbit B1m ate
Rabbit B1 m is ready to mate
Rabbit B1 m is approaching partner: Rabbit A3f
Rabbit B3 is Hungry
Rabbit B3f ate
Rabbit B3 f is ready to mate
Rabbit B2 is Hungry
Rabbit B2f ate
Rabbit B2 f is ready to mate
Rabbit B3 is Thirsty
Rabbit B3 drank water
Rabbit B3 is Hungry
Rabbit B3m ate
Rabbit B3 m is ready to mate
Rabbit B3 m is approaching partner: Rabbit A3f
Rabbit C1 is Thirsty
Rabbit C1 drank water
Rabbit C1 is Hungry
Rabbit C1f ate
Rabbit C1 f is ready to mate
Rabbit C0 is Thirsty
Rabbit C0 drank water
Rabbit C0f is running away from: LionC1
Rabbit C0 is Hungry
Rabbit C0f ate
Rabbit C0 f is ready to mate
Rabbit A3 is Thirsty
Rabbit A3 drank water
Rabbit A3 is Hungry
Rabbit A3 f is ready to mate
Rabbit A4 is Thirsty
Rabbit A4 drank water
Rabbit A4 is Hungry
Rabbit A4 f is ready to mate
Rabbit B5 is Thirsty
Rabbit B5 drank water
Rabbit B5 is Hungry
Rabbit B5 f is ready to mate
Rabbit B1 is Thirsty
Rabbit B1 drank water
Rabbit B1 is Hungry
Rabbit B1m ate
Rabbit B1 m is ready to mate
Rabbit B1 m is approaching partner: Rabbit A3f
Rabbit B3 is Thirsty
Rabbit B3 drank water
Rabbit B3 is Hungry
Rabbit B3f ate
Rabbit B3 f is ready to mate
Rabbit B2 is Thirsty
Rabbit B2 drank water
Rabbit B2 is Hungry
Rabbit B2f ate
Rabbit B2 f is ready to mate
Wolf C1 f is ready to mate
Wolf B1 m is ready to mate
Wolf C0 m is ready to mate
Wolf B3 m is ready to mate
Rabbit B3 is Thirsty
Rabbit B3 drank water
Rabbit B3 is Hungry
Rabbit B3 m is ready to mate
Rabbit B3 m is approaching partner: Rabbit A3f
Rabbit C1 is Thirsty
Rabbit C1 drank water
Rabbit C1 is Hungry
Rabbit C1f ate
Rabbit C1 f is ready to mate
Rabbit C0 is Thirsty
Rabbit C0 drank water
Rabbit C0f is running away from: LionC1
Rabbit C0 is Hungry
Rabbit C0f ate
Rabbit C0 f is ready to mate
rabbit A3f Died of Old Age
Rabbit A3 is Thirsty
Rabbit A3 drank water
Rabbit A3 is Hungry
RabbitA3f died of hunger
Rabbit A3f ate
Rabbit A3 f is ready to mate
rabbit A4f Died of Old Age
Rabbit A4 is Thirsty
Rabbit A4 drank water
Rabbit A4 is Hungry
RabbitA4f died of hunger
Rabbit A4f ate
Rabbit A4 f is ready to mate
Rabbit B5 is Thirsty
Rabbit B5 drank water
Rabbit B5 is Hungry
Rabbit B5 f is ready to mate
Rabbit B1 is Thirsty
Rabbit B1 drank water
Rabbit B1 is Hungry
Rabbit B1m ate
Rabbit B1 m is ready to mate
Rabbit B1 m is approaching partner: Rabbit C1f
Rabbit B3 is Thirsty
Rabbit B3 drank water
Rabbit B3f is running away from: WolfC0
Rabbit B3 is Hungry
Rabbit B3f ate
Rabbit B3 f is ready to mate
Rabbit B2 is Thirsty
Rabbit B2 drank water
Rabbit B2 is Hungry
Rabbit B2f ate
Rabbit B2 f is ready to mate
Wolf C1 f is ready to mate
Wolf B1 m is ready to mate
Wolf C0 m is ready to mate
Wolf B3 m is ready to mate
Rabbit B3 is Hungry
Rabbit B3m ate
Rabbit B3 m is ready to mate
Rabbit B3 m is approaching partner: Rabbit C1f
Rabbit C1 is Hungry
Rabbit C1f ate
Rabbit C1 f is ready to mate
Rabbit C0 is Thirsty
Rabbit C0 drank water
Rabbit C0f is running away from: LionB3
Rabbit C0 is Hungry
Rabbit C0f ate
Rabbit C0 f is ready to mate
rabbit B5f Died of Old Age
Rabbit B5 is Hungry
RabbitB5f died of hunger
Rabbit B5f ate
Rabbit B5 f is ready to mate
Rabbit B1 is Thirsty
Rabbit B1 drank water
Rabbit B1 is Hungry
Rabbit B1m ate
Rabbit B1 m is ready to mate
Rabbit B1 m is approaching partner: Rabbit C1f
Rabbit B3 is Thirsty
Rabbit B3 drank water
Rabbit B3 is Hungry
Rabbit B3f ate
Rabbit B3 f is ready to mate
Rabbit B2 is Thirsty
Rabbit B2 drank water
Rabbit B2 is Hungry
Rabbit B2f ate
Rabbit B2 f is ready to mate
Wolf C1 f is ready to mate
Wolf B1 m is ready to mate
Wolf C0 m is ready to mate
Wolf B3 m is ready to mate
Rabbit B3 is Hungry
Rabbit B3m ate
Rabbit B3 m is ready to mate
Rabbit B3 m is approaching partner: Rabbit C0f
Rabbit C1 is Hungry
Rabbit C1 f is ready to mate
Rabbit C0 is Thirsty
Rabbit C0 drank water
Rabbit C0 is Hungry
Rabbit C0f ate
Rabbit C0 f is ready to mate
Rabbit B1 is Hungry
Rabbit B1m ate
Rabbit B1 m is ready to mate
Rabbit B1 m is approaching partner: Rabbit C1f
Rabbit B3 is Thirsty
Rabbit B3 drank water
Rabbit B3 is Hungry
Rabbit B3 f is ready to mate
Rabbit B2 is Thirsty
Rabbit B2 drank water
Rabbit B2 is Hungry
Rabbit B2f ate
Rabbit B2 f is ready to mate
Wolf C1 f is ready to mate
Wolf B1 m is ready to mate
Wolf C0 m is ready to mate
Wolf B3 m is ready to mate
Rabbit B3 is Hungry
Rabbit B3 m is ready to mate
Rabbit B3 m is approaching partner: Rabbit C0f
Rabbit C1 is Hungry
Rabbit C1f ate
Rabbit C1 f is ready to mate
Rabbit C0 is Thirsty
Rabbit C0 drank water
Rabbit C0 is Hungry
Rabbit C0f ate
Rabbit C0 f is ready to mate
Rabbit B1 is Hungry
Rabbit B1m ate
Rabbit B1 m is ready to mate
Rabbit B1 m is approaching partner: Rabbit C1f
Rabbit B3 is Thirsty
Rabbit B3 drank water
Rabbit B3 is Hungry
Rabbit B3 f is ready to mate
Rabbit B2 is Thirsty
Rabbit B2 drank water
Rabbit B2 is Hungry
Rabbit B2 f is ready to mate
Wolf C1 f is ready to mate
Wolf B1 m is ready to mate
Wolf C0 m is ready to mate
Wolf B3 m is ready to mate
Rabbit B3 is Hungry
Rabbit B3m ate
Rabbit B3 m is ready to mate
Rabbit B3 m is approaching partner: Rabbit C0f
Rabbit C1 is Hungry
Rabbit C1 f is ready to mate
Rabbit C0 is Thirsty
Rabbit C0 drank water
Rabbit C0 is Hungry
Rabbit C0f ate
Rabbit C0 f is ready to mate
Rabbit B1 is Hungry
Rabbit B1m ate
Rabbit B1 m is ready to mate
Rabbit B1 m is approaching partner: Rabbit C1f
rabbit B3f Died of Old Age
Rabbit B3 is Thirsty
Rabbit B3 drank water
Rabbit B3 is Hungry
RabbitB3f died of hunger
Rabbit B3f ate
Rabbit B3 f is ready to mate
Rabbit B2 is Thirsty
Rabbit B2 drank water
Rabbit B2 is Hungry
Rabbit B2 f is ready to mate
Wolf C1 f is ready to mate
Wolf B1 m is ready to mate
Wolf C0 m is ready to mate
Wolf B3 m is ready to mate
Rabbit B3 is Hungry
Rabbit B3m ate
Rabbit B3 m is ready to mate
Rabbit B3 m is approaching partner: Rabbit C0f
Rabbit C1 is Hungry
Rabbit C1f ate
Rabbit C1 f is ready to mate
Rabbit C0 is Thirsty
Rabbit C0 drank water
Rabbit C0 is Hungry
Rabbit C0 f is ready to mate
Rabbit B1 is Hungry
Rabbit B1m ate
Rabbit B1 m is ready to mate
Rabbit B1 m is approaching partner: Rabbit C1f
rabbit B2f Died of Old Age
Rabbit B2 is Thirsty
Rabbit B2 drank water
Rabbit B2 is Hungry
RabbitB2f died of hunger
Rabbit B2 f is ready to mate
Wolf C1 f is ready to mate
Wolf B1 m is ready to mate
Wolf C0 m is ready to mate
Wolf B3 m is ready to mate
Rabbit B3 is Hungry
Rabbit B3 m is ready to mate
Rabbit B3 m is approaching partner: Rabbit C0f
Rabbit C1 is Hungry
Rabbit C1 f is ready to mate
Rabbit C0 is Thirsty
Rabbit C0 drank water
Rabbit C0f is running away from: LionB3
Rabbit C0 is Hungry
Rabbit C0f ate
Rabbit C0 f is ready to mate
Rabbit B1 is Hungry
Rabbit B1 m is ready to mate
Rabbit B1 m is approaching partner: Rabbit C1f
Wolf C1 f is ready to mate
Wolf B1 is Hungry
Wolf B1m is chasing: C0f
Wolf B1 m is ready to mate
Wolf C0 is Hungry
Wolf C0m is chasing: C0f
Wolf C0 m is ready to mate
Wolf B3 is Hungry
Wolf B3m is chasing: B1m
Wolf B3 m is ready to mate
Rabbit B3 is Thirsty
Rabbit B3 drank water
Rabbit B3 is Hungry
Rabbit B3 m is ready to mate
Rabbit B3 m is approaching partner: Rabbit C0f
Rabbit C1 is Thirsty
Rabbit C1 drank water
Rabbit C1 is Hungry
Rabbit C1 f is ready to mate
Rabbit C0 is Thirsty
Rabbit C0 drank water
Rabbit C0 is Hungry
Rabbit C0 f is ready to mate
Rabbit B1 is Hungry
Rabbit B1m ate
Rabbit B1 m is ready to mate
Rabbit B1 m is approaching partner: Rabbit C1f
Wolf C1 f is ready to mate
Wolf B1 is Hungry
Wolf B1m is chasing: C0f
Wolf B1 m is ready to mate
Wolf C0 is Hungry
Wolf C0m is chasing: C1f
Wolf C0 m is ready to mate
Wolf B3 is Hungry
Wolf B3m is chasing: B1m
Wolf B3 m is ready to mate
rabbit B3m Died of Old Age
Rabbit B3 is Hungry
RabbitB3m died of hunger
Rabbit B3 m is ready to mate
Rabbit B3 m is approaching partner: Rabbit C0f
rabbit C1f Died of Old Age
Rabbit C1 is Hungry
RabbitC1f died of hunger
Rabbit C1 f is ready to mate
Rabbit C0 is Thirsty
Rabbit C0 drank water
Rabbit C0 is Hungry
Rabbit C0f ate
Rabbit C0 f is ready to mate
Rabbit B1 is Thirsty
Rabbit B1 drank water
Rabbit B1 is Hungry
Rabbit B1 m is ready to mate
Rabbit B1 m is approaching partner: Rabbit C0f
Wolf C1 f is ready to mate
Wolf B1m is running away from: LionC1
Wolf B1 is Hungry
Wolf B1m is chasing: C0f
Wolf B1 m is ready to mate
Wolf C0 is Hungry
Wolf C0m is chasing: B1m
Wolf C0 m is ready to mate
Wolf B3 is Hungry
Wolf B3m is chasing: B1m
Wolf B3 m is ready to mate
Rabbit C0 is Hungry
Rabbit C0f ate
Rabbit C0 f is ready to mate
Rabbit B1 is Hungry
Rabbit B1 m is ready to mate
Rabbit B1 m is approaching partner: Rabbit C0f
Wolf C1 f is ready to mate
Wolf B1m is running away from: LionB3
Wolf B1 is Hungry
Wolf B1m is chasing: C0f
Wolf B1 m is ready to mate
Wolf C0 is Hungry
Wolf C0m is chasing: B1m
Wolf C0 m is ready to mate
Wolf B3 is Hungry
Wolf B3m is chasing: B1m
Wolf B3 m is ready to mate
Rabbit C0 is Hungry
Rabbit C0f ate
Rabbit C0 f is ready to mate
rabbit B1m Died of Old Age
Rabbit B1 is Hungry
RabbitB1m died of hunger
Rabbit B1m ate
Rabbit B1 m is ready to mate
Rabbit B1 m is approaching partner: Rabbit C0f
Wolf C1 f is ready to mate
Wolf B1m is running away from: LionB3
Wolf B1 is Hungry
Wolf B1m is chasing: C0f
Wolf B1 m is ready to mate
Wolf C0 is Hungry
Wolf C0m is chasing: C0f
Wolf C0 m is ready to mate
Wolf B3 is Hungry
Wolf B3m is chasing: C0f
Wolf B3 m is ready to mate
Rabbit C0 is Hungry
Rabbit C0f ate
Rabbit C0 f is ready to mate
Wolf C1 is Thirsty
Wolf C1drank water
Wolf C1 f is ready to mate
Wolf B1m is running away from: LionB3
Wolf B1 is Hungry
Wolf B1m is chasing: C0f
Wolf B1 is Thirsty
Wolf B1drank water
Wolf B1 m is ready to mate
Wolf C0 is Hungry
Wolf C0m is chasing: C0f
Wolf C0 is Thirsty
Wolf C0drank water
Wolf C0 m is ready to mate
Wolf B3 is Hungry
Wolf B3m is chasing: C0f
Wolf B3 is Thirsty
Wolf B3drank water
Wolf B3 m is ready to mate
Rabbit C0 is Hungry
Rabbit C0 f is ready to mate
Lion C1 is Thirsty
Lion C1 drank water
Lion C1 f is ready to mate
Lion C1 is Thirsty
Lion C1 drank water
Lion C1 f is ready to mate
Lion B2 is Thirsty
Lion B2 drank water
Lion B2 m is ready to mate
Lion B3 is Thirsty
Lion B3 drank water
Lion B3 f is ready to mate
Wolf C1f is running away from: LionC1
Wolf C1 is Hungry
Wolf C1f is chasing: C0f
Wolf C1 is Thirsty
Wolf C1drank water
Wolf C1 f is ready to mate
Wolf B1 is Hungry
Wolf B1m is chasing: C0f
Wolf B1 is Thirsty
Wolf B1drank water
Wolf B1 m is ready to mate
Wolf C0 is Hungry
Wolf C0m is chasing: C0f
Wolf C0 is Thirsty
Wolf C0drank water
Wolf C0 m is ready to mate
Wolf B3 is Hungry
Wolf B3m is chasing: C0f
Wolf B3 is Thirsty
Wolf B3drank water
Wolf B3 m is ready to mate
Rabbit C0 is Hungry
Rabbit C0f ate
Rabbit C0 f is ready to mate
Lion C1 is Thirsty
Lion C1 drank water
Lion C1 f is ready to mate
Lion C1 is Thirsty
Lion C1 drank water
Lion C1 f is ready to mate
Lion B2 is Thirsty
Lion B2 drank water
Lion B2 m is ready to mate
Lion B3 is Thirsty
Lion B3 drank water
Lion B3 f is ready to mate
Wolf C1 is Hungry
Wolf C1f is chasing: C0f
Wolf C1 is Thirsty
Wolf C1drank water
Wolf C1 f is ready to mate
Wolf B1 is Hungry
Wolf B1m is chasing: C0f
Wolf B1 is Thirsty
Wolf B1drank water
Wolf B1 m is ready to mate
Wolf C0 is Hungry
Wolf C0m is chasing: C0f
Wolf C0 m is ready to mate
Wolf B3 is Hungry
Wolf B3m is chasing: C0f
Wolf B3 m is ready to mate
Rabbit C0 is Hungry
Rabbit C0f ate
Rabbit C0 f is ready to mate
Lion C1 is Thirsty
Lion C1 drank water
Lion C1 f is ready to mate
Lion C1 is Thirsty
Lion C1 drank water
Lion C1 f is ready to mate
Lion B2 is Thirsty
Lion B2 drank water
Lion B2 m is ready to mate
Lion B3 is Thirsty
Lion B3 drank water
Lion B3 f is ready to mate
Wolf C1 is Hungry
Wolf C1f is chasing: C0f
Wolf C1 f is ready to mate
Wolf B1 is Hungry
Wolf B1m is chasing: C0f
Wolf B1 is Thirsty
Wolf B1drank water
Wolf B1 m is ready to mate
Wolf C0 is Hungry
Wolf C0m is chasing: C0f
Wolf C0 m is ready to mate
Wolf B3m is running away from: LionC1
Wolf B3 is Hungry
Wolf B3m is chasing: C0f
Wolf B3 m is ready to mate
Rabbit C0 is Thirsty
Rabbit C0 drank water
Rabbit C0 is Hungry
Rabbit C0f ate
Rabbit C0 f is ready to mate
Lion C1 is Thirsty
Lion C1 drank water
Lion C1 f is ready to mate
Lion C1 is Thirsty
Lion C1 drank water
Lion C1 f is ready to mate
Lion B2 m is ready to mate
Lion B3 is Thirsty
Lion B3 drank water
Lion B3 f is ready to mate
Wolf C1 is Hungry
Wolf C1f is chasing: C0f
Wolf C1 f is ready to mate
Wolf B1 is Hungry
Wolf B1m is chasing: C0f
Wolf B1 is Thirsty
Wolf B1drank water
Wolf B1 m is ready to mate
Wolf C0 is Hungry
Wolf C0m is chasing: C0f
Wolf C0 m is ready to mate
Wolf B3 is Hungry
Wolf B3m is chasing: C0f
Wolf B3 m is ready to mate
Rabbit C0 is Thirsty
Rabbit C0 drank water
Rabbit C0 is Hungry
Rabbit C0f ate
Rabbit C0 f is ready to mate
Lion C1 is Thirsty
Lion C1 drank water
Lion C1 f is ready to mate
Lion C1 is Thirsty
Lion C1 drank water
Lion C1 f is ready to mate
Lion B2 m is ready to mate
Lion B3 is Thirsty
Lion B3 drank water
Lion B3 f is ready to mate
Wolf C1 is Hungry
Wolf C1f is chasing: C0f
Wolf C1 f is ready to mate
Wolf B1 is Hungry
Wolf B1m is chasing: C0f
Wolf B1 is Thirsty
Wolf B1drank water
Wolf B1 m is ready to mate
Wolf C0 is Hungry
Wolf C0m is chasing: C0f
Wolf C0 m is ready to mate
Wolf B3 is Hungry
Wolf B3m is chasing: C0f
Wolf B3 m is ready to mate
Rabbit C0 is Thirsty
Rabbit C0 drank water
Rabbit C0 is Hungry
Rabbit C0f ate
Rabbit C0 f is ready to mate
Lion C1 is Thirsty
Lion C1 drank water
Lion C1 f is ready to mate
Lion C1 is Thirsty
Lion C1 drank water
Lion C1 f is ready to mate
Lion B2 m is ready to mate
Lion B3 is Thirsty
Lion B3 drank water
Lion B3 f is ready to mate
Wolf C1 is Hungry
Wolf C1f is chasing: C0f
Wolf C1 f is ready to mate
Wolf B1 is Hungry
Wolf B1m is chasing: C0f
Wolf B1 is Thirsty
Wolf B1drank water
Wolf B1 m is ready to mate
Wolf C0 is Hungry
Wolf C0m is chasing: C0f
Wolf C0 m is ready to mate
Wolf B3 is Hungry
Wolf B3m is chasing: C0f
Wolf B3 m is ready to mate
Wolf A2 m was born! Father is B3 and Mother is C1
Rabbit C0f is running away from: LionB2
Rabbit C0 is Hungry
Rabbit C0 f is ready to mate
Lion C1 is Thirsty
Lion C1 drank water
Lion C1 f is ready to mate
Lion C1 is Thirsty
Lion C1 drank water
Lion C1 f is ready to mate
Lion B2 m is ready to mate
Lion B3 is Thirsty
Lion B3 drank water
Lion B3 f is ready to mate
Wolf C1 is Hungry
Wolf C1f is chasing: C0f
Wolf B1 is Hungry
Wolf B1m is chasing: C0f
Wolf B1 is Thirsty
Wolf B1drank water
Wolf B1 m is ready to mate
No Female Wolf Partner or Female Wolf Partner not ready yet!
Wolf C0 is Hungry
Wolf C0m is chasing: C0f
Wolf C0 m is ready to mate
No Female Wolf Partner or Female Wolf Partner not ready yet!
Wolf B3 is Hungry
Wolf B3m is chasing: C0f
Wolf B3 m is ready to mate
No Female Wolf Partner or Female Wolf Partner not ready yet!
Rabbit C0f is running away from: LionB2
Rabbit C0 is Hungry
Rabbit C0 f is ready to mate
Lion C1 is Thirsty
Lion C1 drank water
Lion C1 f is ready to mate
Lion C1 is Thirsty
Lion C1 drank water
Lion C1 f is ready to mate
Lion B2 m is ready to mate
Lion B3 f is ready to mate
Wolf C1 is Hungry
Wolf C1f is chasing: C0f
Wolf B1 is Hungry
Wolf B1m is chasing: C0f
Wolf B1 is Thirsty
Wolf B1drank water
Wolf B1 m is ready to mate
No Female Wolf Partner or Female Wolf Partner not ready yet!
Wolf C0 is Hungry
Wolf C0m is chasing: C0f
Wolf C0 m is ready to mate
No Female Wolf Partner or Female Wolf Partner not ready yet!
Wolf B3 is Hungry
Wolf B3m is chasing: C0f
Wolf B3 m is ready to mate
No Female Wolf Partner or Female Wolf Partner not ready yet!
rabbit C0f Died of Old Age
Rabbit C0 is Hungry
RabbitC0f died of hunger
Rabbit C0 f is ready to mate
Lion C1 is Thirsty
Lion C1 drank water
Lion C1 f is ready to mate
Lion C1 f is ready to mate
Lion B2 m is ready to mate
Lion A0 m was born!Father is B2 and Mother is C1
Lion B3 f is ready to mate
Wolf C1 is Hungry
WolfC1f died of hunger
Wolf B1 is Hungry
WolfB1m died of hunger
Wolf B1 is Thirsty
Wolf B1drank water
Wolf B1 m is ready to mate
No Female Wolf Partner or Female Wolf Partner not ready yet!
Wolf C0 is Hungry
WolfC0m died of hunger
Wolf C0 m is ready to mate
No Female Wolf Partner or Female Wolf Partner not ready yet!
Wolf B3 is Hungry
WolfB3m died of hunger
Wolf B3 m is ready to mate
No Female Wolf Partner or Female Wolf Partner not ready yet!
Lion C1 f is ready to mate
Lion B2 m is ready to mate
Lion B3 f is ready to mate
Lion C1 is Hungry
LionC1fis chasing: A2m
Lion C1 is Hungry
LionC1fis chasing: A2m
Lion C1 f is ready to mate
Lion B2 is Hungry
LionB2mis chasing: A2m
Lion B2 m is ready to mate
Lion B3 is Hungry
LionB3fis chasing: A2m
Lion B3 f is ready to mate
Lion C1 is Hungry
LionC1fis chasing: A2m
Lion C1 is Hungry
LionC1fis chasing: A2m
Lion C1 f is ready to mate
Lion B2 is Hungry
LionB2mis chasing: A2m
Lion B2 m is ready to mate
Lion B3 is Hungry
LionB3fis chasing: A2m
Lion B3 f is ready to mate
Lion C1 is Hungry
LionC1fis chasing: A2m
Lion C1 is Hungry
LionC1fis chasing: A2m
Lion C1 f is ready to mate
Lion B2 is Hungry
LionB2mis chasing: A2m
Lion B2 m is ready to mate
Lion B3 is Hungry
LionB3fis chasing: A2m
Lion B3 f is ready to mate
Lion C1 is Hungry
LionC1fis chasing: A2m
Lion C1 is Hungry
LionC1fis chasing: A2m
Lion C1 f is ready to mate
Lion B2 is Hungry
LionB2mis chasing: A2m
Lion B2 m is ready to mate
Lion B3 is Hungry
LionB3fis chasing: A2m
Lion B3 f is ready to mate
Lion C1 is Hungry
LionC1fis chasing: A2m
Lion C1 is Hungry
LionC1fis chasing: A2m
Lion C1 f is ready to mate
Lion B2 is Hungry
LionB2mis chasing: A2m
Lion B2 m is ready to mate
Lion B3 is Hungry
LionB3fis chasing: A2m
Lion B3 f is ready to mate
Lion C1 is Hungry
LionC1fis chasing: A2m
Lion C1 is Hungry
LionC1fis chasing: A2m
Lion C1 f is ready to mate
Lion B2 is Hungry
LionB2mis chasing: A2m
Lion B2 m is ready to mate
Lion B3 is Hungry
LionB3fis chasing: A2m
Lion B3 f is ready to mate
Lion C1 is Hungry
LionC1fis chasing: A2m
Lion C1 is Hungry
LionC1fis chasing: A2m
Lion C1 f is ready to mate
Lion B2 is Hungry
LionB2mis chasing: A2m
Lion B2 m is ready to mate
Lion B3 is Hungry
LionB3fis chasing: A2m
Lion B3 f is ready to mate
Lion C1 is Hungry
LionC1fis chasing: A2m
Lion C1 is Hungry
LionC1fis chasing: A2m
Lion C1 f is ready to mate
Lion B2 is Hungry
LionB2mis chasing: A2m
Lion B2 m is ready to mate
Lion B3 is Hungry
LionB3fis chasing: A2m
Lion B3 f is ready to mate
Lion C1 is Hungry
LionC1fis chasing: A2m
Lion C1 is Hungry
LionC1fis chasing: A2m
Lion C1 f is ready to mate
Lion B2 is Hungry
LionB2mis chasing: A2m
Lion B2 m is ready to mate
Lion B3 is Hungry
LionB3fis chasing: A2m
Lion B3 f is ready to mate
Lion C1 is Hungry
LionC1fis chasing: A2m
Lion C1 is Hungry
LionC1fis chasing: A2m
Lion C1 f is ready to mate
Lion B2 is Hungry
LionB2mis chasing: A2m
Lion B2 m is ready to mate
Lion B3 is Hungry
LionB3fis chasing: A2m
Lion B3 f is ready to mate
Lion C1 is Hungry
LionC1fis chasing: A2m
Lion C1 is Hungry
LionC1fis chasing: A2m
Lion C1 f is ready to mate
Lion B2 is Hungry
LionB2mis chasing: A2m
Lion B2 m is ready to mate
Lion B3 is Hungry
LionB3fis chasing: A2m
Lion B3 f is ready to mate
Wolf A2 is Hungry
WolfA2m died of hunger
Lion C1 is Hungry
LionC1f died of hunger
Lion C1 is Hungry
LionC1f died of hunger
Lion C1 f is ready to mate
Lion B2 is Hungry
LionB2m died of hunger
Lion B2 m is ready to mate
Lion C1 m was born!Father is B2 and Mother is B3
Lion B3 is Hungry
LionB3f died of hunger
Lion A0 is Thirsty
Lion A0 drank water
Lion A0 is Thirsty
Lion A0 drank water
Lion A0 is Thirsty
Lion A0 drank water
Lion A0 is Thirsty
Lion A0 drank water
Lion A0 is Thirsty
Lion A0 drank water
Lion A0 is Thirsty
Lion A0 drank water
Lion A0 is Thirsty
Lion A0 drank water
Lion A0 is Thirsty
Lion A0 drank water
Lion A0 is Hungry
LionA0m died of hunger
Lion C1 is Thirsty
Lion C1 drank water
Lion C1 is Thirsty
Lion C1 drank water
Lion C1 is Thirsty
Lion C1 drank water
Lion C1 is Hungry
LionC1m died of hunger
