Wolf C2f is running away from: LionA0
Wolf C5f is running away from: LionB3
Wolf C5f is running away from: LionB1
Wolf B0m is running away from: LionB3
Wolf B3f is running away from: LionB1
Wolf A0f is running away from: LionA4
Wolf C3f is running away from: LionA4
Wolf C3f is running away from: LionA0
Rabbit A1m is running away from: LionB3
Rabbit A1m is running away from: WolfC5
Rabbit B3m is running away from: LionA4
Rabbit B3m is running away from: WolfA0
Rabbit C3m is running away from: LionA4
Rabbit C3m is running away from: WolfC3
Rabbit B2f is running away from: LionA4
Rabbit B2f is running away from: WolfC2
Rabbit B1m is running away from: LionB3
Rabbit B1m is running away from: WolfB0
Rabbit A0f is running away from: LionA4
Rabbit A0f is running away from: WolfA0
Rabbit C5m is running away from: LionA0
Rabbit C5m is running away from: WolfC2
Rabbit A0m is running away from: LionB3
Rabbit A0m is running away from: WolfC5
Rabbit B3f is running away from: LionA0
Rabbit B3f is running away from: WolfC3
Rabbit A0f is running away from: LionB3
Rabbit A0f is running away from: WolfC5
Rabbit C3m is running away from: LionA4
Rabbit C3m is running away from: WolfC2
Rabbit A1m is running away from: LionA4
Rabbit A1m is running away from: WolfC3
Rabbit C0m is running away from: LionA4
Rabbit C0m is running away from: WolfC5
Rabbit C0f is running away from: LionB1
Rabbit C0f is running away from: WolfB3
Rabbit B1m is running away from: LionA4
Rabbit B1m is running away from: WolfC3
Rabbit B3m is running away from: LionB3
Rabbit B3m is running away from: WolfC5
Rabbit C0f is running away from: LionA4
Rabbit C0f is running away from: WolfC2
Rabbit B1f is running away from: LionA0
Rabbit B1f is running away from: WolfC2
Rabbit A2m is running away from: LionA0
Rabbit A2m is running away from: WolfC2
Rabbit C0f is running away from: LionB1
Rabbit C0f is running away from: WolfC5
Wolf C2f is running away from: LionA0
Wolf C5f is running away from: LionB3
Wolf C5f is running away from: LionB3
Wolf B0m is running away from: LionB3
Wolf B3f is running away from: LionB1
Wolf B3f ate!
Wolf A0f is running away from: LionA4
Wolf C3f is running away from: LionA4
Wolf C3f is running away from: LionA0
Rabbit A1m is running away from: LionA0
Rabbit A1m is running away from: WolfC5
Rabbit A1 m is ready to mate
Rabbit A1 m is approaching partner: Rabbit C0f
Rabbit B3m is running away from: LionA4
Rabbit B3m is running away from: WolfC2
Rabbit B3 m is ready to mate
Rabbit B3 m is approaching partner: Rabbit B2f
Rabbit C3m is running away from: LionA0
Rabbit C3m is running away from: WolfC3
Rabbit C3 m is ready to mate
Rabbit C3 m is approaching partner: Rabbit B3f
Rabbit B2f is running away from: LionA4
Rabbit B2f is running away from: WolfC5
Rabbit B2 f is ready to mate
Rabbit B1m is running away from: LionB3
Rabbit B1m is running away from: WolfC3
Rabbit B1 m is ready to mate
Rabbit B1 m is approaching partner: Rabbit C0f
Rabbit A0f is running away from: LionA4
Rabbit A0f is running away from: WolfA0
Rabbit A0 f is ready to mate
Rabbit C5m is running away from: LionA4
Rabbit C5m is running away from: WolfC2
Rabbit C5 m is ready to mate
Rabbit C5 m is approaching partner: Rabbit B1f
Rabbit A0m is running away from: LionA4
Rabbit A0m is running away from: WolfB0
Rabbit A0 m is ready to mate
Rabbit A0 m is approaching partner: Rabbit C0f
Rabbit B3f is running away from: LionA0
Rabbit B3f is running away from: WolfC3
Rabbit B3 f is ready to mate
Rabbit A0f is running away from: LionB3
Rabbit A0f is running away from: WolfC5
Rabbit A0 f is ready to mate
Rabbit C3m is running away from: LionA4
Rabbit C3m is running away from: WolfA0
Rabbit C3 m is ready to mate
Rabbit C3 m is approaching partner: Rabbit A0f
Rabbit C2 m was born!Father is C3 and Mother is A0
Rabbit A1m is running away from: LionA4
Rabbit A1m is running away from: WolfC3
Rabbit A1 m is ready to mate
Rabbit A1 m is approaching partner: Rabbit C0f
Rabbit C0m is running away from: LionA4
Rabbit C0m is running away from: WolfC3
Rabbit C0 m is ready to mate
Rabbit C0 m is approaching partner: Rabbit C0f
Rabbit C0f is running away from: LionB1
Rabbit C0f is running away from: WolfC3
Rabbit C0 f is ready to mate
Rabbit B1m is running away from: LionB1
Rabbit B1m is running away from: WolfC3
Rabbit B1 m is ready to mate
Rabbit B1 m is approaching partner: Rabbit C0f
Rabbit B3m is running away from: LionB3
Rabbit B3m is running away from: WolfC5
Rabbit B3 m is ready to mate
Rabbit B3 m is approaching partner: Rabbit A0f
Rabbit C0f is running away from: LionA4
Rabbit C0f is running away from: WolfC2
Rabbit C0 f is ready to mate
Rabbit B1f is running away from: LionA4
Rabbit B1f is running away from: WolfC2
Rabbit B1 f is ready to mate
Rabbit A2m is running away from: LionA4
Rabbit A2m is running away from: WolfC2
Rabbit A2 m is ready to mate
Rabbit A2 m is approaching partner: Rabbit B1f
Wolf C2f is running away from: LionA4
Wolf C2 is Hungry
Wolf C2f is chasing: C0m
Wolf C5f is running away from: LionB3
Wolf C5 is Hungry
Wolf C5f is chasing: A0m
Wolf C5f is running away from: LionB3
Wolf C5 is Hungry
Wolf C5f is chasing: B3m
Wolf B0m is running away from: LionB3
Wolf B0 is Hungry
Wolf B0m is chasing: A0m
Wolf B3f is running away from: LionB1
Wolf A0f is running away from: LionA4
Wolf A0 is Hungry
Wolf A0f is chasing: C2m
Wolf C3f is running away from: LionB3
Wolf C3 is Hungry
Wolf C3f is chasing: B1m
Wolf C3f is running away from: LionA0
Wolf C3 is Hungry
Wolf C3f is chasing: B3f
Rabbit A1m is running away from: LionA0
Rabbit A1m is running away from: WolfC5
Rabbit A1 is Hungry
Rabbit A1m ate
Rabbit A1 m is ready to mate
Rabbit A1 m is approaching partner: Rabbit B2f
Rabbit B3m is running away from: LionA4
Rabbit B3m is running away from: WolfC2
Rabbit B3 is Hungry
Rabbit B3m ate
Rabbit B3 m is ready to mate
Rabbit B3 m is approaching partner: Rabbit B2f
Rabbit C3m is running away from: LionA4
Rabbit C3m is running away from: WolfC3
Rabbit C3 is Hungry
Rabbit C3m ate
Rabbit C3 m is ready to mate
Rabbit C3 m is approaching partner: Rabbit B3f
Rabbit B2f is running away from: LionA4
Rabbit B2f is running away from: WolfC2
Rabbit B2 is Hungry
Rabbit B2f ate
Rabbit B2 f is ready to mate
Rabbit B1m is running away from: LionB3
Rabbit B1m is running away from: WolfB3
Rabbit B1 is Hungry
Rabbit B1m ate
Rabbit B1 m is ready to mate
Rabbit B1 m is approaching partner: Rabbit C0f
Rabbit B4 m was born!Father is B1 and Mother is C0
Rabbit A0f is running away from: LionA0
Rabbit A0f is running away from: WolfA0
Rabbit A0 is Hungry
Rabbit A0f ate
Rabbit C5m is running away from: LionA4
Rabbit C5m is running away from: WolfA0
Rabbit C5 is Hungry
Rabbit C5m ate
Rabbit C5 m is ready to mate
Rabbit C5 m is approaching partner: Rabbit B1f
Rabbit A0m is running away from: LionA4
Rabbit A0m is running away from: WolfC5
Rabbit A0 is Hungry
Rabbit A0m ate
Rabbit A0 m is ready to mate
Rabbit A0 m is approaching partner: Rabbit C0f
Rabbit B3f is running away from: LionA0
Rabbit B3f is running away from: WolfC3
Rabbit B3 is Hungry
Rabbit B3f ate
Rabbit B3 f is ready to mate
Rabbit A0f is running away from: LionB3
Rabbit A0f is running away from: WolfC5
Rabbit A0 is Hungry
Rabbit A0f ate
Rabbit A0 f is ready to mate
Rabbit C3m is running away from: LionA0
Rabbit C3m is running away from: WolfA0
Rabbit C3 is Hungry
Rabbit C3m ate
Rabbit C3 m is ready to mate
Rabbit C3 m is approaching partner: Rabbit B1f
Rabbit A1m is running away from: LionB1
Rabbit A1m is running away from: WolfC3
Rabbit A1 is Hungry
Rabbit A1m ate
Rabbit A1 m is ready to mate
Rabbit A1 m is approaching partner: Rabbit A0f
Rabbit C0m is running away from: LionA4
Rabbit C0m is running away from: WolfC2
Rabbit C0 is Hungry
Rabbit C0m ate
Rabbit C0 m is ready to mate
Rabbit C0 m is approaching partner: Rabbit C0f
Rabbit C0f is running away from: LionB3
Rabbit C0f is running away from: WolfB3
Rabbit C0 is Hungry
Rabbit C0f ate
Rabbit B1m is running away from: LionB1
Rabbit B1m is running away from: WolfC3
Rabbit B1 is Hungry
Rabbit B1m ate
Rabbit B1 m is ready to mate
Rabbit B1 m is approaching partner: Rabbit A0f
Rabbit B3m is running away from: LionB3
Rabbit B3m is running away from: WolfC5
Rabbit B3 is Hungry
Rabbit B3m ate
Rabbit B3 m is ready to mate
Rabbit B3 m is approaching partner: Rabbit A0f
Rabbit C0f is running away from: LionA0
Rabbit C0f is running away from: WolfC5
Rabbit C0 is Hungry
Rabbit C0 f is ready to mate
Rabbit B1f is running away from: LionA4
Rabbit B1f is running away from: WolfA0
Rabbit B1 is Hungry
Rabbit B1 f is ready to mate
Rabbit A2m is running away from: LionA4
Rabbit A2m is running away from: WolfC3
Rabbit A2 is Hungry
Rabbit A2m ate
Rabbit A2 m is ready to mate
Rabbit A2 m is approaching partner: Rabbit B1f
Rabbit C2m is running away from: LionA4
Rabbit C2m is running away from: WolfA0
Lion B3m ate: A0f
Wolf C2f is running away from: LionA4
Wolf C2 is Hungry
Wolf C2f is chasing: A1m
Wolf C5f is running away from: LionB3
Wolf C5 is Hungry
Wolf C5f is chasing: C0f
Wolf C5f is running away from: LionB3
Wolf C5 is Hungry
Wolf C5f is chasing: B3m
Wolf B0m is running away from: LionA4
Wolf B0 is Hungry
Wolf B0m is chasing: B3m
Wolf B3f is running away from: LionB3
Wolf A0f is running away from: LionA4
Wolf A0 is Hungry
Wolf A0f is chasing: A0f
Wolf A0f ate!
Wolf C3f is running away from: LionA4
Wolf C3 is Hungry
Wolf C3f is chasing: B1m
Wolf C3f is running away from: LionA0
Wolf C3 is Hungry
Wolf C3f is chasing: B3f
Wolf C3f ate!
Rabbit A1m is running away from: LionA4
Rabbit A1m is running away from: WolfC2
Rabbit A1 m is ready to mate
Rabbit A1 m is approaching partner: Rabbit C0f
Rabbit B3m is running away from: LionA4
Rabbit B3m is running away from: WolfC2
Rabbit B3 m is ready to mate
Rabbit B3 m is approaching partner: Rabbit C0f
Rabbit C3m is running away from: LionA0
Rabbit C3m is running away from: WolfC3
Rabbit C3 m is ready to mate
Rabbit C3 m is approaching partner: Rabbit B1f
Rabbit B2f is running away from: LionA0
Rabbit B2f is running away from: WolfC5
Rabbit B2 f is ready to mate
Rabbit B1m is running away from: LionB3
Rabbit B1m is running away from: WolfB3
Rabbit B1 m is ready to mate
Rabbit B1 m is approaching partner: Rabbit A0f
Rabbit C5m is running away from: LionA4
Rabbit C5m is running away from: WolfA0
Rabbit C5 m is ready to mate
Rabbit C5 m is approaching partner: Rabbit B1f
Rabbit A0m is running away from: LionA4
Rabbit A0m is running away from: WolfC2
Rabbit A0 m is ready to mate
Rabbit A0 m is approaching partner: Rabbit C0f
Rabbit A0f is running away from: LionB3
Rabbit A0f is running away from: WolfC5
Rabbit A0 f is ready to mate
Rabbit C3m is running away from: LionA0
Rabbit C3m is running away from: WolfA0
Rabbit C3 m is ready to mate
Rabbit C3 m is approaching partner: Rabbit B1f
Rabbit A1m is running away from: LionB1
Rabbit A1m is running away from: WolfC3
Rabbit A1 m is ready to mate
Rabbit A1 m is approaching partner: Rabbit A0f
Rabbit C0m is running away from: LionA0
Rabbit C0m is running away from: WolfC5
Rabbit C0 m is ready to mate
Rabbit C0 m is approaching partner: Rabbit C0f
Rabbit C0f is running away from: LionB1
Rabbit C0f is running away from: WolfC3
Rabbit B1m is running away from: LionB1
Rabbit B1m is running away from: WolfC3
Rabbit B1 m is ready to mate
Rabbit B1 m is approaching partner: Rabbit A0f
Rabbit B3m is running away from: LionB3
Rabbit B3m is running away from: WolfC5
Rabbit B3 m is ready to mate
Rabbit B3 m is approaching partner: Rabbit A0f
Rabbit C0f is running away from: LionB3
Rabbit C0f is running away from: WolfC2
Rabbit C0 is Hungry
Rabbit C0 f is ready to mate
Rabbit B1f is running away from: LionA4
Rabbit B1f is running away from: WolfA0
Rabbit B1 is Hungry
Rabbit B1 f is ready to mate
Rabbit A2m is running away from: LionA4
Rabbit A2m is running away from: WolfA0
Rabbit A2 m is ready to mate
Rabbit A2 m is approaching partner: Rabbit B1f
Rabbit C2m is running away from: LionA4
Rabbit C2m is running away from: WolfA0
Rabbit B4m is running away from: LionB3
Rabbit B4m is running away from: WolfB3
Wolf C2f is running away from: LionA0
Wolf C2f ate!
Wolf C5f is running away from: LionB3
Wolf C5f ate!
Wolf C5f is running away from: LionB3
Wolf C5 is Hungry
Wolf C5f is chasing: B3m
Wolf B0m is running away from: LionB3
Wolf B0 is Hungry
Wolf B0m is chasing: B3m
Wolf B3f is running away from: LionB3
Wolf B3 is Hungry
Wolf B3f is chasing: B3m
Wolf A0f is running away from: LionA4
Wolf C3f is running away from: LionA4
Wolf C3 is Hungry
Wolf C3f is chasing: B1m
Wolf C3f is running away from: LionA0
Rabbit B3m is running away from: LionA4
Rabbit B3m is running away from: WolfC2
Rabbit B3 m is ready to mate
Rabbit B3 m is approaching partner: Rabbit C0f
Rabbit C3m is running away from: LionA4
Rabbit C3m is running away from: WolfC3
Rabbit C3 m is ready to mate
Rabbit C3 m is approaching partner: Rabbit B2f
Rabbit B2f is running away from: LionA0
Rabbit B2f is running away from: WolfC5
Rabbit B2 f is ready to mate
Rabbit B1m is running away from: LionB3
Rabbit B1m is running away from: WolfC3
Rabbit B1 m is ready to mate
Rabbit B1 m is approaching partner: Rabbit A0f
Rabbit C5m is running away from: LionA0
Rabbit C5m is running away from: WolfA0
Rabbit C5 m is ready to mate
Rabbit C5 m is approaching partner: Rabbit B1f
Rabbit A0f is running away from: LionB3
Rabbit A0f is running away from: WolfB3
Rabbit A0 f is ready to mate
Rabbit C3m is running away from: LionA0
Rabbit C3m is running away from: WolfA0
Rabbit C3 m is ready to mate
Rabbit C3 m is approaching partner: Rabbit B1f
Rabbit A1m is running away from: LionB1
Rabbit A1m is running away from: WolfC3
Rabbit A1 m is ready to mate
Rabbit A1 m is approaching partner: Rabbit A0f
Rabbit C0m is running away from: LionB3
Rabbit C0m is running away from: WolfC5
Rabbit C0 m is ready to mate
Rabbit C0 m is approaching partner: Rabbit C0f
Rabbit C0f is running away from: LionB3
Rabbit C0f is running away from: WolfB3
Rabbit B1m is running away from: LionB1
Rabbit B1m is running away from: WolfC3
Rabbit B1 m is ready to mate
Rabbit B1 m is approaching partner: Rabbit A0f
Rabbit B3m is running away from: LionB3
Rabbit B3m is running away from: WolfC5
Rabbit B3 m is ready to mate
Rabbit B3 m is approaching partner: Rabbit A0f
Rabbit C0f is running away from: LionA0
Rabbit C0f is running away from: WolfC5
Rabbit C0 is Hungry
RabbitC0f died of hunger
Rabbit C0f ate
Rabbit C0 f is ready to mate
Rabbit B1f is running away from: LionA0
Rabbit B1f is running away from: WolfA0
Rabbit B1 is Hungry
RabbitB1f died of hunger
Rabbit B1f ate
Rabbit B1 f is ready to mate
Rabbit A2m is running away from: LionA0
Rabbit A2m is running away from: WolfA0
Rabbit A2 m is ready to mate
Rabbit A2 m is approaching partner: Rabbit B2f
Rabbit C2m is running away from: LionA0
Rabbit C2m is running away from: WolfA0
Rabbit C2 is Hungry
Rabbit C2m ate
Rabbit B4m is running away from: LionB1
Rabbit B4m is running away from: WolfC3
Lion A0 f is ready to mate
Lion B1 m is ready to mate
Lion B3 m is ready to mate
Lion A4 f is ready to mate
Lion A4 f is ready to mate
Wolf C2f is running away from: LionB3
Wolf C5f is running away from: LionA0
Wolf C5f is running away from: LionB3
Wolf C5 is Hungry
WolfC5f died of hunger
Wolf C5f is chasing: B3m
Wolf B0m is running away from: LionA4
Wolf B0 is Hungry
WolfB0m died of hunger
Wolf B0m is chasing: B3m
Wolf B3f is running away from: LionB3
Wolf B3 is Hungry
Wolf B3f is chasing: B4m
Wolf A0f is running away from: LionA0
Wolf C3f is running away from: LionB1
Wolf C3 is Hungry
WolfC3f died of hunger
Wolf C3f is chasing: B1m
Wolf C3f is running away from: LionA0
Rabbit B3m is running away from: LionA0
Rabbit B3m is running away from: WolfC2
Rabbit B3 is Hungry
Rabbit B3m ate
Rabbit B3 m is ready to mate
Rabbit B3 m is approaching partner: Rabbit B2f
Rabbit C3m is running away from: LionA4
Rabbit C3m is running away from: WolfC3
Rabbit C3 is Hungry
Rabbit C3 m is ready to mate
Rabbit C3 m is approaching partner: Rabbit B2f
Rabbit B2f is running away from: LionA0
Rabbit B2f is running away from: WolfC5
Rabbit B2 is Hungry
Rabbit B2f ate
Rabbit B2 f is ready to mate
Rabbit B1m is running away from: LionB3
Rabbit B1m is running away from: WolfB3
Rabbit B1 is Hungry
Rabbit B1m ate
Rabbit B1 m is ready to mate
Rabbit B1 m is approaching partner: Rabbit A0f
Rabbit C5m is running away from: LionA0
Rabbit C5m is running away from: WolfA0
Rabbit C5 is Hungry
Rabbit C5m ate
Rabbit C5 m is ready to mate
Rabbit C5 m is approaching partner: Rabbit B2f
Rabbit A0f is running away from: LionB3
Rabbit A0f is running away from: WolfB3
Rabbit A0 is Hungry
Rabbit A0f ate
Rabbit A0 f is ready to mate
Rabbit C3m is running away from: LionA0
Rabbit C3m is running away from: WolfA0
Rabbit C3 is Hungry
Rabbit C3m ate
Rabbit C3 m is ready to mate
Rabbit C3 m is approaching partner: Rabbit B2f
Rabbit A1m is running away from: LionA4
Rabbit A1m is running away from: WolfB3
Rabbit A1 is Hungry
Rabbit A1m ate
Rabbit A1 m is ready to mate
Rabbit A1 m is approaching partner: Rabbit A0f
Rabbit C0m is running away from: LionA0
Rabbit C0m is running away from: WolfC3
Rabbit C0 is Hungry
Rabbit C0m ate
Rabbit C0 m is ready to mate
Rabbit C0 m is approaching partner: Rabbit B2f
Rabbit C0f is running away from: LionB1
Rabbit C0f is running away from: WolfB3
Rabbit C0 is Hungry
Rabbit C0f ate
Rabbit B1m is running away from: LionB1
Rabbit B1m is running away from: WolfB3
Rabbit B1 is Hungry
Rabbit B1m ate
Rabbit B1 m is ready to mate
Rabbit B1 m is approaching partner: Rabbit A0f
Rabbit B3m is running away from: LionB3
Rabbit B3m is running away from: WolfB3
Rabbit B3 is Hungry
Rabbit B3 m is ready to mate
Rabbit B3 m is approaching partner: Rabbit A0f
Rabbit B0 m was born!Father is B3 and Mother is A0
Rabbit A2m is running away from: LionA4
Rabbit A2m is running away from: WolfA0
Rabbit A2 is Hungry
Rabbit A2 m is ready to mate
Rabbit A2 m is approaching partner: Rabbit B2f
Rabbit C2m is running away from: LionA0
Rabbit C2m is running away from: WolfA0
Rabbit C2 m is ready to mate
Rabbit C2 m is approaching partner: Rabbit B2f
Rabbit B4m is running away from: LionB3
Rabbit B4m is running away from: WolfB3
Rabbit B4 is Hungry
Rabbit B4 m is ready to mate
Rabbit B4 m is approaching partner: Rabbit B2f
Lion A0 f is ready to mate
Lion B1 m is ready to mate
Lion B3 m is ready to mate
Lion A4 f is ready to mate
Lion A4 f is ready to mate
Wolf C2f is running away from: LionB3
Wolf C2f ate!
Wolf C5f is running away from: LionB3
Wolf B3f is running away from: LionB3
Wolf B3 is Hungry
Wolf B3f is chasing: B4m
Wolf A0f is running away from: LionA4
Wolf A0 is Hungry
Wolf A0f is chasing: C2m
Wolf C3f is running away from: LionA0
Wolf C3 is Hungry
Wolf C3f is chasing: C0m
Wolf C3f ate!
Rabbit C3 is Thirsty
Rabbit C3 drank water
Rabbit C3m is running away from: LionA4
Rabbit C3m is running away from: WolfC5
Rabbit C3 is Hungry
Rabbit C3 m is ready to mate
Rabbit C3 m is approaching partner: Rabbit B2f
Rabbit B2 is Thirsty
Rabbit B2 drank water
Rabbit B2f is running away from: LionA0
Rabbit B2f is running away from: WolfC5
Rabbit B2 f is ready to mate
Rabbit B1 is Thirsty
Rabbit B1 drank water
Rabbit B1m is running away from: LionB3
Rabbit B1m is running away from: WolfB3
Rabbit B1 m is ready to mate
Rabbit B1 m is approaching partner: Rabbit B2f
Rabbit C5 is Thirsty
Rabbit C5 drank water
Rabbit C5m is running away from: LionA4
Rabbit C5m is running away from: WolfA0
Rabbit C5 m is ready to mate
Rabbit C5 m is approaching partner: Rabbit B2f
Rabbit A0 is Thirsty
Rabbit A0 drank water
Rabbit A0f is running away from: LionB3
Rabbit A0f is running away from: WolfB3
Rabbit C3 is Thirsty
Rabbit C3 drank water
Rabbit C3m is running away from: LionA0
Rabbit C3m is running away from: WolfA0
Rabbit C3 m is ready to mate
Rabbit C3 m is approaching partner: Rabbit B2f
Rabbit A1 is Thirsty
Rabbit A1 drank water
Rabbit A1m is running away from: LionB1
Rabbit A1m is running away from: WolfB3
Rabbit A1 m is ready to mate
Rabbit A1 m is approaching partner: Rabbit B2f
Rabbit C0 is Thirsty
Rabbit C0 drank water
Rabbit C0f is running away from: LionB1
Rabbit C0f is running away from: WolfB3
Rabbit C0 f is ready to mate
Rabbit B1 is Thirsty
Rabbit B1 drank water
Rabbit B1m is running away from: LionB1
Rabbit B1m is running away from: WolfB3
Rabbit B1 m is ready to mate
Rabbit B1 m is approaching partner: Rabbit C0f
Rabbit B3 is Thirsty
Rabbit B3 drank water
Rabbit B3m is running away from: LionB3
Rabbit B3m is running away from: WolfB3
Rabbit B3 is Hungry
Rabbit B3m ate
Rabbit B3 m is ready to mate
Rabbit B3 m is approaching partner: Rabbit C0f
Rabbit A2 is Thirsty
Rabbit A2 drank water
Rabbit A2m is running away from: LionA4
Rabbit A2m is running away from: WolfA0
Rabbit A2 is Hungry
Rabbit A2 m is ready to mate
Rabbit A2 m is approaching partner: Rabbit B2f
Rabbit C2m is running away from: LionA0
Rabbit C2m is running away from: WolfA0
Rabbit C2 m is ready to mate
Rabbit C2 m is approaching partner: Rabbit B2f
Rabbit B4m is running away from: LionB3
Rabbit B4m is running away from: WolfB3
Rabbit B4 is Hungry
Rabbit B4m ate
Rabbit B4 m is ready to mate
Rabbit B4 m is approaching partner: Rabbit C0f
Rabbit A2 m was born!Father is B4 and Mother is C0
Rabbit B0m is running away from: LionB3
Rabbit B0m is running away from: WolfB3
Lion A0 f is ready to mate
Lion B1 m is ready to mate
Lion B3 m is ready to mate
Lion A4 f is ready to mate
Lion A4 f is ready to mate
Wolf C2f is running away from: LionB3
Wolf C5f is running away from: LionB3
Wolf C5 is Hungry
Wolf C5f is chasing: B2f
Wolf C5f ate!
Wolf B3f is running away from: LionB1
Wolf B3 is Hungry
WolfB3f died of hunger
Wolf B3f is chasing: B3m
Wolf A0f is running away from: LionA4
Wolf A0 is Hungry
Wolf A0f is chasing: C2m
Wolf A0f ate!
Wolf C3f is running away from: LionB3
Rabbit C3 is Thirsty
Rabbit C3 drank water
Rabbit C3m is running away from: LionA4
Rabbit C3m is running away from: WolfC5
Rabbit C3 is Hungry
RabbitC3m died of hunger
Rabbit C3m ate
Rabbit C3 m is ready to mate
Not enough female Rabbits or Female Rabbit partners are not ready yet!
Rabbit B1 is Thirsty
Rabbit B1 drank water
Rabbit B1m is running away from: LionB3
Rabbit B1m is running away from: WolfC2
Rabbit B1 m is ready to mate
Not enough female Rabbits or Female Rabbit partners are not ready yet!
Rabbit C5 is Thirsty
Rabbit C5 drank water
Rabbit C5m is running away from: LionA0
Rabbit C5m is running away from: WolfA0
Rabbit C5 m is ready to mate
Not enough female Rabbits or Female Rabbit partners are not ready yet!
Rabbit A0 is Thirsty
Rabbit A0 drank water
Rabbit A0f is running away from: LionB3
Rabbit A0f is running away from: WolfC3
Rabbit C3 is Thirsty
Rabbit C3 drank water
Rabbit C3m is running away from: LionA0
Rabbit C3m is running away from: WolfA0
Rabbit C3 m is ready to mate
Not enough female Rabbits or Female Rabbit partners are not ready yet!
Rabbit A1 is Thirsty
Rabbit A1 drank water
Rabbit A1m is running away from: LionB1
Rabbit A1m is running away from: WolfC2
Rabbit A1 m is ready to mate
Not enough female Rabbits or Female Rabbit partners are not ready yet!
Rabbit C0 is Thirsty
Rabbit C0 drank water
Rabbit C0f is running away from: LionB1
Rabbit C0f is running away from: WolfC2
Rabbit B1 is Thirsty
Rabbit B1 drank water
Rabbit B1m is running away from: LionB1
Rabbit B1m is running away from: WolfC2
Rabbit B1 m is ready to mate
Not enough female Rabbits or Female Rabbit partners are not ready yet!
Rabbit B3 is Thirsty
Rabbit B3 drank water
Rabbit B3m is running away from: LionB3
Rabbit B3m is running away from: WolfC3
Rabbit B3 m is ready to mate
Not enough female Rabbits or Female Rabbit partners are not ready yet!
Rabbit A2 is Thirsty
Rabbit A2 drank water
Rabbit A2m is running away from: LionA0
Rabbit A2m is running away from: WolfA0
Rabbit A2 is Hungry
RabbitA2m died of hunger
Rabbit A2 m is ready to mate
Not enough female Rabbits or Female Rabbit partners are not ready yet!
Rabbit B4m is running away from: LionB1
Rabbit B4m is running away from: WolfC2
Rabbit B4 m is ready to mate
Not enough female Rabbits or Female Rabbit partners are not ready yet!
Rabbit B0m is running away from: LionB3
Rabbit B0m is running away from: WolfC3
Rabbit A2m is running away from: LionB3
Rabbit A2m is running away from: WolfC2
Lion A0 f is ready to mate
Lion B1 m is ready to mate
Lion B3 m is ready to mate
Lion A4 f is ready to mate
Lion A4 f is ready to mate
Wolf C2f is running away from: LionA4
Wolf C5f is running away from: LionB3
Wolf A0f is running away from: LionA0
Wolf C3f is running away from: LionB3
Rabbit B1 is Thirsty
Rabbit B1 drank water
Rabbit B1m is running away from: LionB1
Rabbit B1m is running away from: WolfC2
Rabbit B1 is Hungry
Rabbit B1m ate
Rabbit B1 m is ready to mate
Not enough female Rabbits or Female Rabbit partners are not ready yet!
Rabbit C5 is Thirsty
Rabbit C5 drank water
Rabbit C5m is running away from: LionA0
Rabbit C5m is running away from: WolfA0
Rabbit C5 is Hungry
Rabbit C5m ate
Rabbit C5 m is ready to mate
Not enough female Rabbits or Female Rabbit partners are not ready yet!
Rabbit A0 is Thirsty
Rabbit A0 drank water
Rabbit A0f is running away from: LionB3
Rabbit A0f is running away from: WolfC3
Rabbit A0 is Hungry
Rabbit A0f ate
Rabbit C3 is Thirsty
Rabbit C3 drank water
Rabbit C3m is running away from: LionA4
Rabbit C3m is running away from: WolfA0
Rabbit C3 is Hungry
Rabbit C3m ate
Rabbit C3 m is ready to mate
Not enough female Rabbits or Female Rabbit partners are not ready yet!
Rabbit A1 is Thirsty
Rabbit A1 drank water
Rabbit A1m is running away from: LionB1
Rabbit A1m is running away from: WolfA0
Rabbit A1 is Hungry
Rabbit A1m ate
Rabbit A1 m is ready to mate
Not enough female Rabbits or Female Rabbit partners are not ready yet!
Rabbit C0 is Thirsty
Rabbit C0 drank water
Rabbit C0f is running away from: LionB1
Rabbit C0f is running away from: WolfC2
Rabbit C0 is Hungry
Rabbit C0f ate
Rabbit B1 is Thirsty
Rabbit B1 drank water
Rabbit B1m is running away from: LionB1
Rabbit B1m is running away from: WolfC2
Rabbit B1 is Hungry
Rabbit B1 m is ready to mate
Not enough female Rabbits or Female Rabbit partners are not ready yet!
Rabbit B3 is Thirsty
Rabbit B3 drank water
Rabbit B3m is running away from: LionB3
Rabbit B3m is running away from: WolfC3
Rabbit B3 m is ready to mate
Not enough female Rabbits or Female Rabbit partners are not ready yet!
Rabbit B4m is running away from: LionB1
Rabbit B4m is running away from: WolfC2
Rabbit B4 m is ready to mate
Not enough female Rabbits or Female Rabbit partners are not ready yet!
Rabbit B0m is running away from: LionB3
Rabbit B0m is running away from: WolfC3
Rabbit B0 is Hungry
Rabbit B0m ate
Rabbit A2m is running away from: LionB1
Rabbit A2m is running away from: WolfC2
Lion A0 f is ready to mate
Lion B1 m is ready to mate
Lion B3 m is ready to mate
Lion A4 f is ready to mate
Lion A4 f is ready to mate
Wolf C2f is running away from: LionB3
Wolf C2 is Hungry
Wolf C2f is chasing: C3m
Wolf C2 is Thirsty
Wolf C2drank water
Wolf C5f is running away from: LionB3
Wolf C5 is Thirsty
Wolf C5drank water
Wolf A0f is running away from: LionA4
Wolf A0 is Thirsty
Wolf A0drank water
Wolf C3f is running away from: LionB3
Wolf C3 is Hungry
Wolf C3f is chasing: C3m
Wolf C3 is Thirsty
Wolf C3drank water
Rabbit B1 is Thirsty
Rabbit B1 drank water
Rabbit B1m is running away from: LionB1
Rabbit B1m is running away from: WolfC2
Rabbit B1 m is ready to mate
Not enough female Rabbits or Female Rabbit partners are not ready yet!
Rabbit C5 is Thirsty
Rabbit C5 drank water
Rabbit C5m is running away from: LionA0
Rabbit C5m is running away from: WolfA0
Rabbit C5 m is ready to mate
Not enough female Rabbits or Female Rabbit partners are not ready yet!
Rabbit A0 is Thirsty
Rabbit A0 drank water
Rabbit A0f is running away from: LionB3
Rabbit A0f is running away from: WolfC3
Rabbit C3 is Thirsty
Rabbit C3 drank water
Rabbit C3m is running away from: LionA4
Rabbit C3m is running away from: WolfC2
Rabbit C3 m is ready to mate
Not enough female Rabbits or Female Rabbit partners are not ready yet!
Rabbit A1 is Thirsty
Rabbit A1 drank water
Rabbit A1m is running away from: LionB1
Rabbit A1m is running away from: WolfA0
Rabbit A1 m is ready to mate
Not enough female Rabbits or Female Rabbit partners are not ready yet!
Rabbit C0 is Thirsty
Rabbit C0 drank water
Rabbit C0f is running away from: LionB1
Rabbit C0f is running away from: WolfC2
Rabbit B1 is Thirsty
Rabbit B1 drank water
Rabbit B1m is running away from: LionB1
Rabbit B1m is running away from: WolfC2
Rabbit B1 is Hungry
Rabbit B1 m is ready to mate
Not enough female Rabbits or Female Rabbit partners are not ready yet!
Rabbit B3 is Thirsty
Rabbit B3 drank water
Rabbit B3m is running away from: LionB3
Rabbit B3m is running away from: WolfC3
Rabbit B3 is Hungry
Rabbit B3m ate
Rabbit B3 m is ready to mate
Not enough female Rabbits or Female Rabbit partners are not ready yet!
Rabbit B4 is Thirsty
Rabbit B4 drank water
Rabbit B4m is running away from: LionB1
Rabbit B4m is running away from: WolfC2
Rabbit B4 is Hungry
Rabbit B4 m is ready to mate
Not enough female Rabbits or Female Rabbit partners are not ready yet!
Rabbit B0m is running away from: LionB3
Rabbit B0m is running away from: WolfC3
Rabbit B0 m is ready to mate
Not enough female Rabbits or Female Rabbit partners are not ready yet!
Rabbit A2m is running away from: LionB1
Rabbit A2m is running away from: WolfC2
Rabbit A2 is Hungry
Rabbit A2m ate
Lion A0 f is ready to mate
Lion B1 m is ready to mate
Lion B3 m is ready to mate
Lion A4 f is ready to mate
Lion A4 f is ready to mate
Wolf C2f is running away from: LionA0
Wolf C2 is Hungry
Wolf C2f is chasing: C3m
Wolf C2 is Thirsty
Wolf C2drank water
Wolf C5f is running away from: LionB3
Wolf C5 is Hungry
Wolf C5f is chasing: C3m
Wolf C5 is Thirsty
Wolf C5drank water
Wolf A0f is running away from: LionA0
Wolf A0 is Hungry
Wolf A0f is chasing: C3m
Wolf A0 is Thirsty
Wolf A0drank water
Wolf C3f is running away from: LionB3
Wolf C3 is Hungry
Wolf C3f is chasing: C3m
Wolf C3 is Thirsty
Wolf C3drank water
Rabbit B1 is Thirsty
Rabbit B1 drank water
Rabbit B1m is running away from: LionB1
Rabbit B1m is running away from: WolfA0
Rabbit B1 m is ready to mate
Not enough female Rabbits or Female Rabbit partners are not ready yet!
Rabbit C5 is Thirsty
Rabbit C5 drank water
Rabbit C5m is running away from: LionA0
Rabbit C5m is running away from: WolfA0
Rabbit C5 m is ready to mate
Not enough female Rabbits or Female Rabbit partners are not ready yet!
Rabbit A0 is Thirsty
Rabbit A0 drank water
Rabbit A0f is running away from: LionB3
Rabbit A0f is running away from: WolfC2
Rabbit A0 f is ready to mate
Rabbit C3 is Thirsty
Rabbit C3 drank water
Rabbit C3m is running away from: LionA4
Rabbit C3m is running away from: WolfA0
Rabbit C3 m is ready to mate
Rabbit C3 m is approaching partner: Rabbit A0f
Rabbit A1 is Thirsty
Rabbit A1 drank water
Rabbit A1m is running away from: LionB1
Rabbit A1m is running away from: WolfA0
Rabbit A1 m is ready to mate
Rabbit A1 m is approaching partner: Rabbit A0f
Rabbit C0 is Thirsty
Rabbit C0 drank water
Rabbit C0f is running away from: LionB1
Rabbit C0f is running away from: WolfA0
Rabbit B1 is Thirsty
Rabbit B1 drank water
Rabbit B1m is running away from: LionB1
Rabbit B1m is running away from: WolfA0
Rabbit B1 is Hungry
RabbitB1m died of hunger
Rabbit B1m ate
Rabbit B1 m is ready to mate
Rabbit B1 m is approaching partner: Rabbit A0f
Rabbit B3 is Thirsty
Rabbit B3 drank water
Rabbit B3m is running away from: LionB3
Rabbit B3m is running away from: WolfC5
Rabbit B3 m is ready to mate
Rabbit B3 m is approaching partner: Rabbit A0f
Rabbit B5 f was born!Father is B3 and Mother is A0
Rabbit B4 is Thirsty
Rabbit B4 drank water
Rabbit B4m is running away from: LionB1
Rabbit B4m is running away from: WolfA0
Rabbit B4 is Hungry
Rabbit B4m ate
Rabbit B4 m is ready to mate
Not enough female Rabbits or Female Rabbit partners are not ready yet!
Rabbit B0m is running away from: LionB3
Rabbit B0m is running away from: WolfC5
Rabbit B0 m is ready to mate
Not enough female Rabbits or Female Rabbit partners are not ready yet!
Rabbit A2m is running away from: LionB1
Rabbit A2m is running away from: WolfA0
Lion A0 f is ready to mate
Lion B1 m is ready to mate
Lion B3 m is ready to mate
Lion A4 f is ready to mate
Lion A4 f is ready to mate
Wolf C2f is running away from: LionA0
Wolf C2 is Hungry
Wolf C2f is chasing: C3m
Wolf C2 is Thirsty
Wolf C2drank water
Wolf C5f is running away from: LionA0
Wolf C5 is Hungry
Wolf C5f is chasing: C3m
Wolf C5 is Thirsty
Wolf C5drank water
Wolf A0f is running away from: LionA4
Wolf A0 is Hungry
Wolf A0f is chasing: C3m
Wolf A0 is Thirsty
Wolf A0drank water
Wolf C3f is running away from: LionA0
Wolf C3 is Hungry
Wolf C3f is chasing: C3m
Wolf C3 is Thirsty
Wolf C3drank water
Rabbit B1 is Thirsty
Rabbit B1 drank water
Rabbit B1m is running away from: LionB1
Rabbit B1m is running away from: WolfC2
Rabbit B1 is Hungry
Rabbit B1m ate
Rabbit B1 m is ready to mate
Not enough female Rabbits or Female Rabbit partners are not ready yet!
Rabbit C5m is running away from: LionA0
Rabbit C5m is running away from: WolfA0
Rabbit C5 is Hungry
Rabbit C5m ate
Rabbit C5 m is ready to mate
Not enough female Rabbits or Female Rabbit partners are not ready yet!
Rabbit A0 is Thirsty
Rabbit A0 drank water
Rabbit A0f is running away from: LionB3
Rabbit A0f is running away from: WolfC2
Rabbit A0 is Hungry
Rabbit A0f ate
Rabbit C3 is Thirsty
Rabbit C3 drank water
Rabbit C3m is running away from: LionA0
Rabbit C3m is running away from: WolfC2
Rabbit C3 is Hungry
Rabbit C3m ate
Rabbit C3 m is ready to mate
Not enough female Rabbits or Female Rabbit partners are not ready yet!
Rabbit A1 is Thirsty
Rabbit A1 drank water
Rabbit A1m is running away from: LionB1
Rabbit A1m is running away from: WolfA0
Rabbit A1 is Hungry
Rabbit A1m ate
Rabbit A1 m is ready to mate
Not enough female Rabbits or Female Rabbit partners are not ready yet!
Rabbit C0f is running away from: LionB1
Rabbit C0f is running away from: WolfC2
Rabbit C0 is Hungry
Rabbit C0f ate
Rabbit C0 f is ready to mate
Rabbit B3 is Thirsty
Rabbit B3 drank water
Rabbit B3m is running away from: LionB3
Rabbit B3m is running away from: WolfC2
Rabbit B3 m is ready to mate
Rabbit B3 m is approaching partner: Rabbit C0f
Rabbit B4 is Thirsty
Rabbit B4 drank water
Rabbit B4m is running away from: LionB1
Rabbit B4m is running away from: WolfC2
Rabbit B4 m is ready to mate
Rabbit B4 m is approaching partner: Rabbit C0f
Rabbit B0m is running away from: LionB3
Rabbit B0m is running away from: WolfC2
Rabbit B0 is Hungry
Rabbit B0m ate
Rabbit B0 m is ready to mate
Rabbit B0 m is approaching partner: Rabbit C0f
Rabbit A2m is running away from: LionB1
Rabbit A2m is running away from: WolfC2
Rabbit A2 m is ready to mate
Rabbit A2 m is approaching partner: Rabbit C0f
Rabbit B5f is running away from: LionB3
Rabbit B5f is running away from: WolfC2
Lion A0 f is ready to mate
Lion B1 m is ready to mate
Lion B3 m is ready to mate
Lion A4 f is ready to mate
Lion A4 f is ready to mate
Wolf C2f is running away from: LionB3
Wolf C2 is Hungry
WolfC2f died of hunger
Wolf C2f is chasing: C3m
Wolf C2 is Thirsty
Wolf C2drank water
Wolf C5f is running away from: LionA0
Wolf C5 is Hungry
Wolf C5f is chasing: C3m
Wolf C5 is Thirsty
Wolf C5drank water
Wolf A0f is running away from: LionA0
Wolf A0 is Hungry
Wolf A0f is chasing: C3m
Wolf A0 is Thirsty
Wolf A0drank water
Wolf C3f is running away from: LionA0
Wolf C3 is Hungry
WolfC3f died of hunger
Wolf C3f is chasing: C3m
Wolf C3 is Thirsty
Wolf C3drank water
Rabbit B1 is Thirsty
Rabbit B1 drank water
Rabbit B1m is running away from: LionB1
Rabbit B1m is running away from: WolfA0
Rabbit B1 m is ready to mate
Rabbit B1 m is approaching partner: Rabbit C0f
Rabbit C5m is running away from: LionA0
Rabbit C5m is running away from: WolfA0
Rabbit C5 m is ready to mate
Rabbit C5 m is approaching partner: Rabbit C0f
Rabbit A0 is Thirsty
Rabbit A0 drank water
Rabbit A0f is running away from: LionB3
Rabbit A0f is running away from: WolfC5
Rabbit C3 is Thirsty
Rabbit C3 drank water
Rabbit C3m is running away from: LionB3
Rabbit C3m is running away from: WolfA0
Rabbit C3 m is ready to mate
Rabbit C3 m is approaching partner: Rabbit C0f
Rabbit A1 is Thirsty
Rabbit A1 drank water
Rabbit A1m is running away from: LionB1
Rabbit A1m is running away from: WolfA0
Rabbit A1 m is ready to mate
Rabbit A1 m is approaching partner: Rabbit C0f
Rabbit C0f is running away from: LionB1
Rabbit C0f is running away from: WolfA0
Rabbit C0 f is ready to mate
Rabbit B3 is Thirsty
Rabbit B3 drank water
Rabbit B3m is running away from: LionB3
Rabbit B3m is running away from: WolfC5
Rabbit B3 is Hungry
Rabbit B3 m is ready to mate
Rabbit B3 m is approaching partner: Rabbit C0f
Rabbit B4 is Thirsty
Rabbit B4 drank water
Rabbit B4m is running away from: LionB1
Rabbit B4m is running away from: WolfA0
Rabbit B4 m is ready to mate
Rabbit B4 m is approaching partner: Rabbit C0f
Rabbit B0 is Thirsty
Rabbit B0 drank water
Rabbit B0m is running away from: LionB1
Rabbit B0m is running away from: WolfC5
Rabbit B0 m is ready to mate
Rabbit B0 m is approaching partner: Rabbit C0f
Rabbit A2m is running away from: LionB1
Rabbit A2m is running away from: WolfA0
Rabbit A2 is Hungry
Rabbit A2m ate
Rabbit A2 m is ready to mate
Rabbit A2 m is approaching partner: Rabbit C0f
Rabbit B5f is running away from: LionB3
Rabbit B5f is running away from: WolfC5
Lion A0 is Hungry
LionA0fis chasing: C5m
Lion A0 f is ready to mate
Lion B1 is Hungry
LionB1mis chasing: A1m
Lion B1 m is ready to mate
Lion B3 m is ready to mate
Lion A4 is Hungry
LionA4fis chasing: C5m
Lion A4 f is ready to mate
Lion A4 is Hungry
LionA4fis chasing: B1m
Lion A4 f is ready to mate
Wolf C5f is running away from: LionA4
Wolf C5 is Hungry
WolfC5f died of hunger
Wolf C5f is chasing: C3m
Wolf C5 is Thirsty
Wolf C5drank water
Wolf A0f is running away from: LionA0
Wolf A0 is Hungry
WolfA0f died of hunger
Wolf A0f is chasing: C3m
Wolf A0 is Thirsty
Wolf A0drank water
Rabbit B1m is running away from: LionB1
Rabbit B1 m is ready to mate
Rabbit B1 m is approaching partner: Rabbit C0f
Rabbit B1 f was born!Father is B1 and Mother is C0
Rabbit C5m is running away from: LionA0
Rabbit C5 m is ready to mate
Not enough female Rabbits or Female Rabbit partners are not ready yet!
Rabbit A0 is Thirsty
Rabbit A0 drank water
Rabbit A0f is running away from: LionB3
Rabbit C3 is Thirsty
Rabbit C3 drank water
Rabbit C3m is running away from: LionB3
Rabbit C3 m is ready to mate
Not enough female Rabbits or Female Rabbit partners are not ready yet!
Rabbit A1 is Thirsty
Rabbit A1 drank water
Rabbit A1m is running away from: LionB1
Rabbit A1 m is ready to mate
Not enough female Rabbits or Female Rabbit partners are not ready yet!
Rabbit C0f is running away from: LionB3
Rabbit B3 is Thirsty
Rabbit B3 drank water
Rabbit B3m is running away from: LionB3
Rabbit B3 is Hungry
Rabbit B3m ate
Rabbit B3 m is ready to mate
Not enough female Rabbits or Female Rabbit partners are not ready yet!
Rabbit B4 is Thirsty
Rabbit B4 drank water
Rabbit B4m is running away from: LionB3
Rabbit B4 is Hungry
Rabbit B4m ate
Rabbit B4 m is ready to mate
Not enough female Rabbits or Female Rabbit partners are not ready yet!
Rabbit B0 is Thirsty
Rabbit B0 drank water
Rabbit B0m is running away from: LionB1
Rabbit B0 m is ready to mate
Not enough female Rabbits or Female Rabbit partners are not ready yet!
Rabbit A2 is Thirsty
Rabbit A2 drank water
Rabbit A2m is running away from: LionB1
Rabbit A2 m is ready to mate
Not enough female Rabbits or Female Rabbit partners are not ready yet!
Rabbit B5f is running away from: LionB3
Rabbit B5 is Hungry
Rabbit B5f ate
Lion A0 is Hungry
LionA0fis chasing: C5m
Lion A0 f is ready to mate
Lion B1 is Hungry
LionB1mis chasing: A1m
Lion B1 m is ready to mate
Lion B3 m is ready to mate
Lion A4 is Hungry
LionA4fis chasing: C5m
Lion A4 f is ready to mate
Lion A4 is Hungry
LionA4fis chasing: C0f
Lion A4 f is ready to mate
Rabbit B1m is running away from: LionB3
Rabbit B1 is Hungry
Rabbit B1m ate
Rabbit B1 m is ready to mate
Not enough female Rabbits or Female Rabbit partners are not ready yet!
Rabbit C5m is running away from: LionA0
Rabbit C5 is Hungry
Rabbit C5 m is ready to mate
Not enough female Rabbits or Female Rabbit partners are not ready yet!
Rabbit A0 is Thirsty
Rabbit A0 drank water
Rabbit A0f is running away from: LionB3
Rabbit A0 is Hungry
Rabbit A0f ate
Rabbit C3 is Thirsty
Rabbit C3 drank water
Rabbit C3m is running away from: LionA0
Rabbit C3 is Hungry
Rabbit C3m ate
Rabbit C3 m is ready to mate
Not enough female Rabbits or Female Rabbit partners are not ready yet!
Rabbit A1 is Thirsty
Rabbit A1 drank water
Rabbit A1m is running away from: LionB1
Rabbit A1 is Hungry
Rabbit A1m ate
Rabbit A1 m is ready to mate
Not enough female Rabbits or Female Rabbit partners are not ready yet!
Rabbit C0f is running away from: LionB1
Rabbit C0 is Hungry
Rabbit B3 is Thirsty
Rabbit B3 drank water
Rabbit B3m is running away from: LionB3
Rabbit B3 m is ready to mate
Not enough female Rabbits or Female Rabbit partners are not ready yet!
Rabbit B4 is Thirsty
Rabbit B4 drank water
Rabbit B4m is running away from: LionB1
Rabbit B4 m is ready to mate
Not enough female Rabbits or Female Rabbit partners are not ready yet!
Rabbit B0 is Thirsty
Rabbit B0 drank water
Rabbit B0m is running away from: LionB3
Rabbit B0 is Hungry
Rabbit B0m ate
Rabbit B0 m is ready to mate
Not enough female Rabbits or Female Rabbit partners are not ready yet!
Rabbit A2 is Thirsty
Rabbit A2 drank water
Rabbit A2m is running away from: LionB3
Rabbit A2 m is ready to mate
Not enough female Rabbits or Female Rabbit partners are not ready yet!
Rabbit B5f is running away from: LionB3
Rabbit B5 f is ready to mate
Rabbit B1f is running away from: LionB3
Lion A0 is Hungry
LionA0fis chasing: C5m
Lion A0 f is ready to mate
Lion B1 is Hungry
LionB1mis chasing: A1m
Lion B1 m is ready to mate
Lion B3 m is ready to mate
Lion A4 is Hungry
LionA4fis chasing: C5m
Lion A4 f is ready to mate
Lion A4 is Hungry
LionA4fis chasing: B4m
Lion A4 f is ready to mate
Rabbit B1m is running away from: LionB3
Rabbit B1 m is ready to mate
Rabbit B1 m is approaching partner: Rabbit B5f
Rabbit C5m is running away from: LionA0
Rabbit C5 is Hungry
Rabbit C5 m is ready to mate
Rabbit C5 m is approaching partner: Rabbit B5f
Rabbit A0 is Thirsty
Rabbit A0 drank water
Rabbit A0f is running away from: LionB1
Rabbit A0 f is ready to mate
Rabbit C3 is Thirsty
Rabbit C3 drank water
Rabbit C3m is running away from: LionB3
Rabbit C3 m is ready to mate
Rabbit C3 m is approaching partner: Rabbit A0f
Rabbit A1 is Thirsty
Rabbit A1 drank water
Rabbit A1m is running away from: LionB1
Rabbit A1 m is ready to mate
Rabbit A1 m is approaching partner: Rabbit A0f
Rabbit C0f is running away from: LionB3
Rabbit C0 is Hungry
Rabbit C0f ate
Rabbit B3 is Thirsty
Rabbit B3 drank water
Rabbit B3m is running away from: LionB3
Rabbit B3 m is ready to mate
Rabbit B3 m is approaching partner: Rabbit A0f
Rabbit B4 is Thirsty
Rabbit B4 drank water
Rabbit B4m is running away from: LionB1
Rabbit B4 m is ready to mate
Rabbit B4 m is approaching partner: Rabbit A0f
Rabbit B0 is Thirsty
Rabbit B0 drank water
Rabbit B0m is running away from: LionB1
Rabbit B0 m is ready to mate
Rabbit B0 m is approaching partner: Rabbit A0f
Rabbit A2 is Thirsty
Rabbit A2 drank water
Rabbit A2m is running away from: LionB1
Rabbit A2 is Hungry
Rabbit A2 m is ready to mate
Rabbit A2 m is approaching partner: Rabbit A0f
Rabbit B5f is running away from: LionB1
Rabbit B5 f is ready to mate
Rabbit B1f is running away from: LionB3
Lion A0 is Hungry
LionA0fis chasing: C5m
Lion A0 f is ready to mate
Lion B1 is Hungry
LionB1mis chasing: A1m
Lion B1 m is ready to mate
Lion B3 is Hungry
LionB3mis chasing: B4m
Lion B3 m is ready to mate
Lion A4 is Hungry
LionA4fis chasing: C5m
Lion A4 f is ready to mate
Lion A4 is Hungry
LionA4fis chasing: B4m
Lion A4 f is ready to mate
Rabbit B1m is running away from: LionB1
Rabbit B1 m is ready to mate
Rabbit B1 m is approaching partner: Rabbit A0f
Rabbit C5m is running away from: LionA0
Rabbit C5 is Hungry
RabbitC5m died of hunger
Rabbit C5 m is ready to mate
Rabbit C5 m is approaching partner: Rabbit A0f
Rabbit A0 is Thirsty
Rabbit A0 drank water
Rabbit A0f is running away from: LionB3
Rabbit A0 f is ready to mate
Rabbit C3 is Thirsty
Rabbit C3 drank water
Rabbit C3m is running away from: LionB3
Rabbit C3 m is ready to mate
Rabbit C3 m is approaching partner: Rabbit A0f
Rabbit A1 is Thirsty
Rabbit A1 drank water
Rabbit A1m is running away from: LionB1
Rabbit A1 m is ready to mate
Rabbit A1 m is approaching partner: Rabbit A0f
Rabbit C0f is running away from: LionB1
Rabbit B3 is Thirsty
Rabbit B3 drank water
Rabbit B3m is running away from: LionB3
Rabbit B3 is Hungry
Rabbit B3 m is ready to mate
Rabbit B3 m is approaching partner: Rabbit A0f
Rabbit B4 is Thirsty
Rabbit B4 drank water
Rabbit B4m is running away from: LionB3
Rabbit B4 is Hungry
Rabbit B4 m is ready to mate
Rabbit B4 m is approaching partner: Rabbit A0f
Rabbit B0 is Thirsty
Rabbit B0 drank water
Rabbit B0m is running away from: LionB3
Rabbit B0 m is ready to mate
Rabbit B0 m is approaching partner: Rabbit A0f
Rabbit A2 is Thirsty
Rabbit A2 drank water
Rabbit A2m is running away from: LionB3
Rabbit A2 is Hungry
Rabbit A2m ate
Rabbit A2 m is ready to mate
Rabbit A2 m is approaching partner: Rabbit A0f
Rabbit B5f is running away from: LionB1
Rabbit B5 is Hungry
Rabbit B5f ate
Rabbit B5 f is ready to mate
Rabbit B1f is running away from: LionB3
Rabbit B1 is Hungry
Rabbit B1f ate
Lion A0 is Hungry
LionA0fis chasing: C3m
Lion A0 f is ready to mate
Lion B1 is Hungry
LionB1mis chasing: B4m
Lion B1 m is ready to mate
Lion B3 is Hungry
LionB3mis chasing: B4m
Lion B3 m is ready to mate
Lion A4 is Hungry
LionA4fis chasing: C3m
Lion A4 f is ready to mate
Lion A4 is Hungry
LionA4fis chasing: B4m
Lion A4 f is ready to mate
Rabbit B1m is running away from: LionB1
Rabbit B1 is Hungry
Rabbit B1m ate
Rabbit B1 m is ready to mate
Rabbit B1 m is approaching partner: Rabbit A0f
Rabbit A0 is Thirsty
Rabbit A0 drank water
Rabbit A0f is running away from: LionB3
Rabbit A0 is Hungry
Rabbit A0 f is ready to mate
Rabbit C3m is running away from: LionA0
Rabbit C3 is Hungry
Rabbit C3 m is ready to mate
Rabbit C3 m is approaching partner: Rabbit A0f
Rabbit A1 is Thirsty
Rabbit A1 drank water
Rabbit A1m is running away from: LionB1
Rabbit A1 is Hungry
Rabbit A1m ate
Rabbit A1 m is ready to mate
Rabbit A1 m is approaching partner: Rabbit A0f
Rabbit C0 is Thirsty
Rabbit C0 drank water
Rabbit C0f is running away from: LionB1
Rabbit B3 is Thirsty
Rabbit B3 drank water
Rabbit B3m is running away from: LionB3
Rabbit B3 is Hungry
Rabbit B3m ate
Rabbit B3 m is ready to mate
Rabbit B3 m is approaching partner: Rabbit A0f
Rabbit B4 is Thirsty
Rabbit B4 drank water
Rabbit B4m is running away from: LionB1
Rabbit B4 is Hungry
Rabbit B4m ate
Rabbit B4 m is ready to mate
Rabbit B4 m is approaching partner: Rabbit A0f
Rabbit B0 is Thirsty
Rabbit B0 drank water
Rabbit B0m is running away from: LionB3
Rabbit B0 is Hungry
Rabbit B0 m is ready to mate
Rabbit B0 m is approaching partner: Rabbit A0f
Rabbit A2 is Thirsty
Rabbit A2 drank water
Rabbit A2m is running away from: LionB1
Rabbit A2 m is ready to mate
Rabbit A2 m is approaching partner: Rabbit A0f
Rabbit B5 is Thirsty
Rabbit B5 drank water
Rabbit B5f is running away from: LionB1
Rabbit B5 f is ready to mate
Rabbit B1f is running away from: LionB1
Rabbit B1 f is ready to mate
Lion A0 is Hungry
LionA0fis chasing: C3m
Lion A0 f is ready to mate
Lion B1 is Hungry
LionB1mis chasing: B4m
Lion B1 m is ready to mate
Lion B3 is Hungry
LionB3mis chasing: B4m
Lion B3 m is ready to mate
Lion A4 is Hungry
LionA4fis chasing: C3m
Lion A4 f is ready to mate
Lion A4 is Hungry
LionA4fis chasing: B4m
Lion A4 f is ready to mate
Rabbit B1m is running away from: LionB1
Rabbit B1 m is ready to mate
Rabbit B1 m is approaching partner: Rabbit B1f
Rabbit A0 is Thirsty
Rabbit A0 drank water
Rabbit A0f is running away from: LionB1
Rabbit A0 is Hungry
Rabbit A0f ate
Rabbit A0 f is ready to mate
Rabbit C3m is running away from: LionA0
Rabbit C3 is Hungry
Rabbit C3 m is ready to mate
Rabbit C3 m is approaching partner: Rabbit B1f
Rabbit A1 is Thirsty
Rabbit A1 drank water
Rabbit A1m is running away from: LionB1
Rabbit A1 m is ready to mate
Rabbit A1 m is approaching partner: Rabbit B1f
Rabbit C0 is Thirsty
Rabbit C0 drank water
Rabbit C0f is running away from: LionB1
Rabbit C0 is Hungry
Rabbit C0 f is ready to mate
Rabbit B3 is Thirsty
Rabbit B3 drank water
Rabbit B3m is running away from: LionB1
Rabbit B3 m is ready to mate
Rabbit B3 m is approaching partner: Rabbit A0f
Rabbit B3 m was born!Father is B3 and Mother is A0
Rabbit B4 is Thirsty
Rabbit B4 drank water
Rabbit B4m is running away from: LionB3
Rabbit B4 m is ready to mate
Rabbit B4 m is approaching partner: Rabbit C0f
Rabbit B0 is Thirsty
Rabbit B0 drank water
Rabbit B0m is running away from: LionB1
Rabbit B0 is Hungry
Rabbit B0 m is ready to mate
Rabbit B0 m is approaching partner: Rabbit B5f
Rabbit A2 is Thirsty
Rabbit A2 drank water
Rabbit A2m is running away from: LionB1
Rabbit A2 m is ready to mate
Rabbit A2 m is approaching partner: Rabbit B1f
Rabbit B5 is Thirsty
Rabbit B5 drank water
Rabbit B5f is running away from: LionB1
Rabbit B5 f is ready to mate
Rabbit B1f is running away from: LionB1
Rabbit B1 f is ready to mate
Lion A0 is Hungry
LionA0fis chasing: C3m
Lion A0 f is ready to mate
Lion B1 is Hungry
LionB1mis chasing: B4m
Lion B1 m is ready to mate
Lion C5 m was born!Father is B1 and Mother is A4
Lion B3 is Hungry
LionB3mis chasing: B4m
Lion B3 m is ready to mate
Lion A4 is Hungry
LionA4fis chasing: C3m
Lion A4 f is ready to mate
Lion A4 is Hungry
LionA4fis chasing: B4m
Rabbit B1 is Thirsty
Rabbit B1 drank water
Rabbit B1m is running away from: LionB1
Rabbit B1 m is ready to mate
Rabbit B1 m is approaching partner: Rabbit B1f
Rabbit A0 is Thirsty
Rabbit A0 drank water
Rabbit A0f is running away from: LionB1
Rabbit C3m is running away from: LionB3
Rabbit C3 is Hungry
RabbitC3m died of hunger
Rabbit C3m ate
Rabbit C3 m is ready to mate
Rabbit C3 m is approaching partner: Rabbit C0f
Rabbit A1 is Thirsty
Rabbit A1 drank water
Rabbit A1m is running away from: LionB1
Rabbit A1 m is ready to mate
Rabbit A1 m is approaching partner: Rabbit B1f
Rabbit C1 f was born!Father is A1 and Mother is B1
Rabbit C0 is Thirsty
Rabbit C0 drank water
Rabbit C0f is running away from: LionB1
Rabbit C0 is Hungry
Rabbit C0f ate
Rabbit C0 f is ready to mate
Rabbit B3 is Thirsty
Rabbit B3 drank water
Rabbit B3m is running away from: LionB1
Rabbit B3 m is ready to mate
Rabbit B3 m is approaching partner: Rabbit B5f
Rabbit B4 is Thirsty
Rabbit B4 drank water
Rabbit B4m is running away from: LionB1
Rabbit B4 m is ready to mate
Rabbit B4 m is approaching partner: Rabbit C0f
Rabbit C4 m was born!Father is B4 and Mother is C0
Rabbit B0 is Thirsty
Rabbit B0 drank water
Rabbit B0m is running away from: LionB1
Rabbit B0 is Hungry
RabbitB0m died of hunger
Rabbit B0 m is ready to mate
Rabbit B0 m is approaching partner: Rabbit B5f
Rabbit B4 m was born!Father is B0 and Mother is B5
Rabbit A2 is Thirsty
Rabbit A2 drank water
Rabbit A2m is running away from: LionB1
Rabbit A2 is Hungry
Rabbit A2 m is ready to mate
Not enough female Rabbits or Female Rabbit partners are not ready yet!
Rabbit B5 is Thirsty
Rabbit B5 drank water
Rabbit B5f is running away from: LionB1
Rabbit B5 is Hungry
Rabbit B5f ate
Rabbit B1f is running away from: LionB1
Rabbit B1 is Hungry
Rabbit B1f ate
Rabbit B3m is running away from: LionB1
Lion A0 is Thirsty
Lion A0 drank water
Lion A0 is Hungry
LionA0fis chasing: B4m
Lion A0 f is ready to mate
Lion B1 is Thirsty
Lion B1 drank water
Lion B1 is Hungry
LionB1mis chasing: B4m
Lion B1 m is ready to mate
Lion B3 is Thirsty
Lion B3 drank water
Lion B3 is Hungry
LionB3mis chasing: B4m
Lion B3 m is ready to mate
Lion A4 is Thirsty
Lion A4 drank water
Lion A4 is Hungry
LionA4fis chasing: B4m
Lion A4 f is ready to mate
Lion A4 is Thirsty
Lion A4 drank water
Lion A4 is Hungry
LionA4fis chasing: B4m
Rabbit B1 is Thirsty
Rabbit B1 drank water
Rabbit B1m is running away from: LionB1
Rabbit B1 is Hungry
Rabbit B1m ate
Rabbit B1 m is ready to mate
Not enough female Rabbits or Female Rabbit partners are not ready yet!
Rabbit A0 is Thirsty
Rabbit A0 drank water
Rabbit A0f is running away from: LionB1
Rabbit A1m is running away from: LionB1
Rabbit A1 is Hungry
Rabbit A1m ate
Rabbit A1 m is ready to mate
Not enough female Rabbits or Female Rabbit partners are not ready yet!
Rabbit C0 is Thirsty
Rabbit C0 drank water
Rabbit C0f is running away from: LionB1
Rabbit B3 is Thirsty
Rabbit B3 drank water
Rabbit B3m is running away from: LionB1
Rabbit B3 is Hungry
Rabbit B3 m is ready to mate
Not enough female Rabbits or Female Rabbit partners are not ready yet!
Rabbit B4 is Thirsty
Rabbit B4 drank water
Rabbit B4m is running away from: LionB1
Rabbit B4 is Hungry
Rabbit B4m ate
Rabbit B4 m is ready to mate
Not enough female Rabbits or Female Rabbit partners are not ready yet!
Rabbit A2 is Thirsty
Rabbit A2 drank water
Rabbit A2m is running away from: LionB1
Rabbit A2 is Hungry
Rabbit A2 m is ready to mate
Not enough female Rabbits or Female Rabbit partners are not ready yet!
Rabbit B5 is Thirsty
Rabbit B5 drank water
Rabbit B5f is running away from: LionB1
Rabbit B1 is Thirsty
Rabbit B1 drank water
Rabbit B1f is running away from: LionB1
Rabbit B3m is running away from: LionB1
Rabbit C1f is running away from: LionB1
Rabbit C4m is running away from: LionB1
Rabbit B4m is running away from: LionB1
Lion A0 is Thirsty
Lion A0 drank water
Lion A0 is Hungry
LionA0fis chasing: B4m
Lion A0 f is ready to mate
Lion B1 is Thirsty
Lion B1 drank water
Lion B1 is Hungry
LionB1mis chasing: B4m
LionB1m ate: B4m
Lion B1 m is ready to mate
Lion B3 is Thirsty
Lion B3 drank water
Lion B3 is Hungry
LionB3mis chasing: C0f
Lion B3 m is ready to mate
Lion A4 is Thirsty
Lion A4 drank water
Lion A4 is Hungry
LionA4fis chasing: C0f
Lion A4 f is ready to mate
Lion A4 is Thirsty
Lion A4 drank water
Lion A4 is Hungry
LionA4fis chasing: C0f
Rabbit B1 is Thirsty
Rabbit B1 drank water
Rabbit B1m is running away from: LionB1
Rabbit B1 m is ready to mate
Not enough female Rabbits or Female Rabbit partners are not ready yet!
Rabbit A0 is Thirsty
Rabbit A0 drank water
Rabbit A0f is running away from: LionB1
Rabbit A0 is Hungry
Rabbit A0f ate
Rabbit A1m is running away from: LionC5
Rabbit A1 m is ready to mate
Not enough female Rabbits or Female Rabbit partners are not ready yet!
Rabbit C0 is Thirsty
Rabbit C0 drank water
Rabbit C0f is running away from: LionB1
Rabbit B3 is Thirsty
Rabbit B3 drank water
Rabbit B3m is running away from: LionB1
Rabbit B3 is Hungry
Rabbit B3 m is ready to mate
Not enough female Rabbits or Female Rabbit partners are not ready yet!
Rabbit A2 is Thirsty
Rabbit A2 drank water
Rabbit A2m is running away from: LionB1
Rabbit A2 is Hungry
RabbitA2m died of hunger
Rabbit A2 m is ready to mate
Not enough female Rabbits or Female Rabbit partners are not ready yet!
Rabbit B5 is Thirsty
Rabbit B5 drank water
Rabbit B5f is running away from: LionB1
Rabbit B1 is Thirsty
Rabbit B1 drank water
Rabbit B1f is running away from: LionC5
Rabbit B3m is running away from: LionB1
Rabbit B3 is Hungry
Rabbit C1f is running away from: LionB1
Rabbit C4m is running away from: LionB1
Rabbit B4m is running away from: LionB1
Lion A0 is Thirsty
Lion A0 drank water
Lion A0 is Hungry
LionA0fis chasing: C0f
Lion A0 f is ready to mate
Lion B1 is Thirsty
Lion B1 drank water
Lion B1 m is ready to mate
Lion B3 is Thirsty
Lion B3 drank water
Lion B3 is Hungry
LionB3mis chasing: C0f
Lion B3 m is ready to mate
Lion A4 is Thirsty
Lion A4 drank water
Lion A4 is Hungry
LionA4fis chasing: C0f
Lion A4 f is ready to mate
Lion A4 is Hungry
LionA4fis chasing: C0f
Rabbit B1 is Thirsty
Rabbit B1 drank water
Rabbit B1m is running away from: LionA4
Rabbit B1 m is ready to mate
Not enough female Rabbits or Female Rabbit partners are not ready yet!
Rabbit A0 is Thirsty
Rabbit A0 drank water
Rabbit A0f is running away from: LionA4
Rabbit A1m is running away from: LionA4
Rabbit A1 m is ready to mate
Not enough female Rabbits or Female Rabbit partners are not ready yet!
Rabbit C0 is Thirsty
Rabbit C0 drank water
Rabbit C0f is running away from: LionB1
Rabbit C0 is Hungry
Rabbit C0f ate
Rabbit B3 is Thirsty
Rabbit B3 drank water
Rabbit B3m is running away from: LionA4
Rabbit B3 is Hungry
RabbitB3m died of hunger
Rabbit B3 m is ready to mate
Not enough female Rabbits or Female Rabbit partners are not ready yet!
Rabbit B5 is Thirsty
Rabbit B5 drank water
Rabbit B5f is running away from: LionA4
Rabbit B5 is Hungry
Rabbit B1 is Thirsty
Rabbit B1 drank water
Rabbit B1f is running away from: LionA4
Rabbit B1 is Hungry
Rabbit B1f ate
Rabbit B3m is running away from: LionA4
Rabbit B3 is Hungry
Rabbit C1f is running away from: LionA4
Rabbit C1 is Hungry
Rabbit C1f ate
Rabbit C4m is running away from: LionA4
Rabbit C4 is Hungry
Rabbit B4m is running away from: LionA4
Rabbit B4 is Hungry
Lion A0 is Thirsty
Lion A0 drank water
Lion A0 is Hungry
LionA0fis chasing: C0f
Lion A0 f is ready to mate
Lion B1 is Thirsty
Lion B1 drank water
Lion B1m ate: C0f
Lion B1 m is ready to mate
Lion B3 is Hungry
LionB3mis chasing: C0f
Lion B3 m is ready to mate
Lion A4 is Thirsty
Lion A4 drank water
Lion A4 is Hungry
LionA4fis chasing: C0f
Lion A4 f is ready to mate
Lion A4 is Hungry
LionA4fis chasing: C0f
Rabbit B1 is Thirsty
Rabbit B1 drank water
Rabbit B1m is running away from: LionA4
Rabbit B1 is Hungry
Rabbit B1 m is ready to mate
Not enough female Rabbits or Female Rabbit partners are not ready yet!
Rabbit A0 is Thirsty
Rabbit A0 drank water
Rabbit A0f is running away from: LionA4
Rabbit A0 f is ready to mate
Rabbit A1m is running away from: LionA4
Rabbit A1 is Hungry
Rabbit A1m ate
Rabbit A1 m is ready to mate
Rabbit A1 m is approaching partner: Rabbit A0f
Rabbit C0 is Thirsty
Rabbit C0 drank water
Rabbit C0f is running away from: LionB1
Rabbit B5 is Thirsty
Rabbit B5 drank water
Rabbit B5f is running away from: LionA4
Rabbit B5 is Hungry
Rabbit B5f ate
Rabbit B1 is Thirsty
Rabbit B1 drank water
Rabbit B1f is running away from: LionA4
Rabbit B3m is running away from: LionA4
Rabbit B3 is Hungry
RabbitB3m died of hunger
Rabbit B3 m is ready to mate
Rabbit B3 m is approaching partner: Rabbit A0f
Rabbit C1f is running away from: LionA4
Rabbit C4m is running away from: LionA4
Rabbit C4 is Hungry
Rabbit C4m ate
Rabbit B4m is running away from: LionA4
Rabbit B4 is Hungry
Lion A0 is Thirsty
Lion A0 drank water
Lion A0 is Hungry
LionA0fis chasing: C0f
Lion A0 f is ready to mate
Lion B1 is Thirsty
Lion B1 drank water
Lion B1 m is ready to mate
Lion B3 is Hungry
LionB3mis chasing: C0f
Lion B3m ate!
Lion B3 m is ready to mate
Lion A4 is Thirsty
Lion A4 drank water
Lion A4 is Hungry
LionA4fis chasing: B1m
Lion A4 f is ready to mate
Lion A4 is Hungry
LionA4fis chasing: B1m
Rabbit B1 is Thirsty
Rabbit B1 drank water
Rabbit B1m is running away from: LionA4
Rabbit B1 is Hungry
Rabbit B1 m is ready to mate
Rabbit B1 m is approaching partner: Rabbit A0f
Rabbit A0 is Thirsty
Rabbit A0 drank water
Rabbit A0f is running away from: LionA4
Rabbit A0 is Hungry
Rabbit A0f ate
Rabbit A0 f is ready to mate
Rabbit A1m is running away from: LionA4
Rabbit A1 m is ready to mate
Rabbit A1 m is approaching partner: Rabbit A0f
Rabbit C1 m was born!Father is A1 and Mother is A0
Rabbit B5 is Thirsty
Rabbit B5 drank water
Rabbit B5f is running away from: LionA4
Rabbit B5 f is ready to mate
Rabbit B1 is Thirsty
Rabbit B1 drank water
Rabbit B1f is running away from: LionA4
Rabbit B1 f is ready to mate
Rabbit C1f is running away from: LionA4
Rabbit C1 f is ready to mate
Rabbit C4m is running away from: LionA4
Rabbit C4 m is ready to mate
Rabbit C4 m is approaching partner: Rabbit C1f
Rabbit B4m is running away from: LionA4
Rabbit B4 is Hungry
RabbitB4m died of hunger
Rabbit B4 m is ready to mate
Rabbit B4 m is approaching partner: Rabbit B5f
Rabbit B2 f was born!Father is B4 and Mother is B5
Lion A0 is Thirsty
Lion A0 drank water
Lion A0 is Hungry
LionA0f died of hunger
LionA0fis chasing: B1m
Lion A0 f is ready to mate
Lion B1 is Thirsty
Lion B1 drank water
Lion B1 m is ready to mate
Lion B3 m is ready to mate
Lion A4 is Thirsty
Lion A4 drank water
Lion A4 is Hungry
LionA4f died of hunger
LionA4fis chasing: B1m
Lion A4 f is ready to mate
Lion A4 is Hungry
LionA4f died of hunger
LionA4fis chasing: B1m
Rabbit B1 is Thirsty
Rabbit B1 drank water
Rabbit B1m is running away from: LionB1
Rabbit B1 is Hungry
RabbitB1m died of hunger
Rabbit B1m ate
Rabbit B1 m is ready to mate
Rabbit B1 m is approaching partner: Rabbit C1f
Rabbit A0 is Thirsty
Rabbit A0 drank water
Rabbit A0f is running away from: LionB1
Rabbit A1m is running away from: LionB1
Rabbit A1 m is ready to mate
Rabbit A1 m is approaching partner: Rabbit C1f
Rabbit A0 f was born!Father is A1 and Mother is C1
Rabbit B5 is Thirsty
Rabbit B5 drank water
Rabbit B5f is running away from: LionB1
Rabbit B1 is Thirsty
Rabbit B1 drank water
Rabbit B1f is running away from: LionC5
Rabbit B1 is Hungry
Rabbit B1f ate
Rabbit B1 f is ready to mate
Rabbit C1f is running away from: LionB1
Rabbit C1 is Hungry
Rabbit C4m is running away from: LionB1
Rabbit C4 m is ready to mate
Rabbit C4 m is approaching partner: Rabbit B1f
Rabbit C1m is running away from: LionC5
Rabbit B2f is running away from: LionB1
Lion B1 is Thirsty
Lion B1 drank water
Lion B1 m is ready to mate
No Female Lion Partner or Female Lion partners are not ready to mate Yet!
Lion B3 m is ready to mate
No Female Lion Partner or Female Lion partners are not ready to mate Yet!
Rabbit A0 is Thirsty
Rabbit A0 drank water
Rabbit A0f is running away from: LionB1
Rabbit A1 is Thirsty
Rabbit A1 drank water
Rabbit A1m is running away from: LionB1
Rabbit A1 is Hungry
Rabbit A1 m is ready to mate
Rabbit A1 m is approaching partner: Rabbit B1f
Rabbit B5 is Thirsty
Rabbit B5 drank water
Rabbit B5f is running away from: LionB1
Rabbit B5 is Hungry
Rabbit B5f ate
Rabbit B1 is Thirsty
Rabbit B1 drank water
Rabbit B1f is running away from: LionC5
Rabbit B1 f is ready to mate
Rabbit C1 is Thirsty
Rabbit C1 drank water
Rabbit C1f is running away from: LionB1
Rabbit C1 is Hungry
Rabbit C4 is Thirsty
Rabbit C4 drank water
Rabbit C4m is running away from: LionB1
Rabbit C4 is Hungry
Rabbit C4 m is ready to mate
Rabbit C4 m is approaching partner: Rabbit B1f
Rabbit C1m is running away from: LionB1
Rabbit B2f is running away from: LionB1
Rabbit A0f is running away from: LionB1
Lion B1 is Thirsty
Lion B1 drank water
Lion B1 m is ready to mate
No Female Lion Partner or Female Lion partners are not ready to mate Yet!
Lion B3 m is ready to mate
No Female Lion Partner or Female Lion partners are not ready to mate Yet!
Rabbit A0 is Thirsty
Rabbit A0 drank water
Rabbit A0f is running away from: LionB1
Rabbit A0 is Hungry
Rabbit A0f ate
Rabbit A1 is Thirsty
Rabbit A1 drank water
Rabbit A1m is running away from: LionB1
Rabbit A1 is Hungry
Rabbit A1m ate
Rabbit A1 m is ready to mate
Rabbit A1 m is approaching partner: Rabbit B1f
Rabbit B5 is Thirsty
Rabbit B5 drank water
Rabbit B5f is running away from: LionB1
Rabbit B1 is Thirsty
Rabbit B1 drank water
Rabbit B1f is running away from: LionB1
Rabbit B1 f is ready to mate
Rabbit C1 is Thirsty
Rabbit C1 drank water
Rabbit C1f is running away from: LionB1
Rabbit C1 is Hungry
RabbitC1f died of hunger
Rabbit C4 is Thirsty
Rabbit C4 drank water
Rabbit C4m is running away from: LionB1
Rabbit C4 is Hungry
Rabbit C4 m is ready to mate
Rabbit C4 m is approaching partner: Rabbit B1f
Rabbit C1m is running away from: LionB1
Rabbit C1 is Hungry
Rabbit B2f is running away from: LionB1
Rabbit B2 is Hungry
Rabbit A0f is running away from: LionB1
Lion B1 is Thirsty
Lion B1 drank water
Lion B1 m is ready to mate
No Female Lion Partner or Female Lion partners are not ready to mate Yet!
Lion B3 m is ready to mate
No Female Lion Partner or Female Lion partners are not ready to mate Yet!
Rabbit A0 is Thirsty
Rabbit A0 drank water
Rabbit A0f is running away from: LionB1
Rabbit A1 is Thirsty
Rabbit A1 drank water
Rabbit A1m is running away from: LionB1
Rabbit A1 m is ready to mate
Rabbit A1 m is approaching partner: Rabbit B1f
Rabbit B0 f was born!Father is A1 and Mother is B1
Rabbit B5 is Thirsty
Rabbit B5 drank water
Rabbit B5f is running away from: LionB1
Rabbit B1 is Thirsty
Rabbit B1 drank water
Rabbit B1f is running away from: LionB1
Rabbit B1 is Hungry
Rabbit B1f ate
Rabbit C4 is Thirsty
Rabbit C4 drank water
Rabbit C4m is running away from: LionB1
Rabbit C4 is Hungry
RabbitC4m died of hunger
Rabbit C4m ate
Rabbit C4 m is ready to mate
Not enough female Rabbits or Female Rabbit partners are not ready yet!
Rabbit C1m is running away from: LionB1
Rabbit C1 is Hungry
Rabbit B2f is running away from: LionB1
Rabbit B2 is Hungry
Rabbit A0f is running away from: LionB1
Rabbit A0 is Hungry
Lion B1 is Thirsty
Lion B1 drank water
Lion B1 m is ready to mate
No Female Lion Partner or Female Lion partners are not ready to mate Yet!
Lion B3 m is ready to mate
No Female Lion Partner or Female Lion partners are not ready to mate Yet!
Rabbit A0 is Thirsty
Rabbit A0 drank water
Rabbit A0f is running away from: LionB1
Rabbit A1 is Thirsty
Rabbit A1 drank water
Rabbit A1m is running away from: LionB1
Rabbit A1 m is ready to mate
Not enough female Rabbits or Female Rabbit partners are not ready yet!
Rabbit B5 is Thirsty
Rabbit B5 drank water
Rabbit B5f is running away from: LionB1
Rabbit B5 is Hungry
Rabbit B1 is Thirsty
Rabbit B1 drank water
Rabbit B1f is running away from: LionB1
Rabbit C1m is running away from: LionB1
Rabbit C1 is Hungry
RabbitC1m died of hunger
Rabbit C1m ate
Rabbit B2f is running away from: LionB1
Rabbit B2 is Hungry
RabbitB2f died of hunger
Rabbit A0f is running away from: LionB1
Rabbit A0 is Hungry
Rabbit B0f is running away from: LionB1
Lion B1 is Thirsty
Lion B1 drank water
Lion B1 m is ready to mate
No Female Lion Partner or Female Lion partners are not ready to mate Yet!
Lion B3 m is ready to mate
No Female Lion Partner or Female Lion partners are not ready to mate Yet!
Rabbit A0 is Thirsty
Rabbit A0 drank water
Rabbit A0f is running away from: LionB1
Rabbit A0 is Hungry
Rabbit A0f ate
Rabbit A0 f is ready to mate
Rabbit A1 is Thirsty
Rabbit A1 drank water
Rabbit A1m is running away from: LionB1
Rabbit A1 is Hungry
Rabbit A1 m is ready to mate
Rabbit A1 m is approaching partner: Rabbit A0f
Rabbit B5 is Thirsty
Rabbit B5 drank water
Rabbit B5f is running away from: LionB1
Rabbit B5 is Hungry
Rabbit B1 is Thirsty
Rabbit B1 drank water
Rabbit B1f is running away from: LionB1
Rabbit A0f is running away from: LionB1
Rabbit A0 is Hungry
RabbitA0f died of hunger
Rabbit B0f is running away from: LionB1
Lion B1 m is ready to mate
No Female Lion Partner or Female Lion partners are not ready to mate Yet!
Lion B3 m is ready to mate
No Female Lion Partner or Female Lion partners are not ready to mate Yet!
Rabbit A0 is Thirsty
Rabbit A0 drank water
Rabbit A0f is running away from: LionB1
Rabbit A0 f is ready to mate
Rabbit A1 is Thirsty
Rabbit A1 drank water
Rabbit A1m is running away from: LionB1
Rabbit A1 is Hungry
Rabbit A1m ate
Rabbit A1 m is ready to mate
Rabbit A1 m is approaching partner: Rabbit A0f
Rabbit B5 is Thirsty
Rabbit B5 drank water
Rabbit B5f is running away from: LionB1
Rabbit B5 is Hungry
RabbitB5f died of hunger
Rabbit B5 f is ready to mate
Rabbit B1 is Thirsty
Rabbit B1 drank water
Rabbit B1f is running away from: LionB1
Rabbit B1 is Hungry
Rabbit B1f ate
Rabbit B0f is running away from: LionB1
Rabbit B0 is Hungry
Lion B1 m is ready to mate
No Female Lion Partner or Female Lion partners are not ready to mate Yet!
Lion B3 m is ready to mate
No Female Lion Partner or Female Lion partners are not ready to mate Yet!
Lion C5 is Hungry
LionC5mis chasing: A0f
Rabbit A0 is Thirsty
Rabbit A0 drank water
Rabbit A0f is running away from: LionB1
Rabbit A0 f is ready to mate
Rabbit A1 is Thirsty
Rabbit A1 drank water
Rabbit A1m is running away from: LionB1
Rabbit A1 m is ready to mate
Rabbit A1 m is approaching partner: Rabbit A0f
Rabbit B1 is Thirsty
Rabbit B1 drank water
Rabbit B1f is running away from: LionB1
Rabbit B0f is running away from: LionB1
Rabbit B0 is Hungry
Lion B1 m is ready to mate
No Female Lion Partner or Female Lion partners are not ready to mate Yet!
Lion B3 m is ready to mate
No Female Lion Partner or Female Lion partners are not ready to mate Yet!
Lion C5 is Hungry
LionC5mis chasing: A0f
Rabbit A0 is Thirsty
Rabbit A0 drank water
Rabbit A0f is running away from: LionB1
Rabbit A0 is Hungry
Rabbit A0f ate
Rabbit A0 f is ready to mate
Rabbit A1 is Thirsty
Rabbit A1 drank water
Rabbit A1m is running away from: LionB1
Rabbit A1 m is ready to mate
Rabbit A1 m is approaching partner: Rabbit A0f
Rabbit B1 is Thirsty
Rabbit B1 drank water
Rabbit B1f is running away from: LionB1
Rabbit B0f is running away from: LionB1
Rabbit B0 is Hungry
RabbitB0f died of hunger
Lion B1 m is ready to mate
No Female Lion Partner or Female Lion partners are not ready to mate Yet!
Lion B3 m is ready to mate
No Female Lion Partner or Female Lion partners are not ready to mate Yet!
Lion C5 is Hungry
LionC5mis chasing: A0f
Rabbit A0 is Thirsty
Rabbit A0 drank water
Rabbit A0f is running away from: LionB1
Rabbit A0 f is ready to mate
Rabbit A1 is Thirsty
Rabbit A1 drank water
Rabbit A1m is running away from: LionB1
Rabbit A1 is Hungry
Rabbit A1m ate
Rabbit A1 m is ready to mate
Rabbit A1 m is approaching partner: Rabbit A0f
Rabbit B1 is Thirsty
Rabbit B1 drank water
Rabbit B1f is running away from: LionB1
Rabbit B1 is Hungry
Rabbit B1f ate
Rabbit B1 f is ready to mate
Lion B1 m is ready to mate
No Female Lion Partner or Female Lion partners are not ready to mate Yet!
Lion B3 m is ready to mate
No Female Lion Partner or Female Lion partners are not ready to mate Yet!
Lion C5 is Hungry
LionC5mis chasing: A0f
Rabbit A0 is Thirsty
Rabbit A0 drank water
Rabbit A0f is running away from: LionB1
Rabbit A0 f is ready to mate
Rabbit A1 is Thirsty
Rabbit A1 drank water
Rabbit A1m is running away from: LionB1
Rabbit A1 m is ready to mate
Rabbit A1 m is approaching partner: Rabbit A0f
Rabbit B1 is Thirsty
Rabbit B1 drank water
Rabbit B1f is running away from: LionC5
Rabbit B1 f is ready to mate
Lion B1 is Hungry
LionB1mis chasing: A0f
Lion B1 m is ready to mate
No Female Lion Partner or Female Lion partners are not ready to mate Yet!
Lion B3 m is ready to mate
No Female Lion Partner or Female Lion partners are not ready to mate Yet!
Lion C5 is Hungry
LionC5mis chasing: A0f
Rabbit A0 is Thirsty
Rabbit A0 drank water
Rabbit A0f is running away from: LionB1
Rabbit A0 is Hungry
Rabbit A0f ate
Rabbit A0 f is ready to mate
Rabbit A1 is Thirsty
Rabbit A1 drank water
Rabbit A1m is running away from: LionB1
Rabbit A1 m is ready to mate
Rabbit A1 m is approaching partner: Rabbit A0f
Rabbit B1 is Thirsty
Rabbit B1 drank water
Rabbit B1f is running away from: LionC5
Rabbit B1 f is ready to mate
Lion B1 is Hungry
LionB1mis chasing: A0f
Lion B1 m is ready to mate
No Female Lion Partner or Female Lion partners are not ready to mate Yet!
Lion B3 is Hungry
LionB3mis chasing: A0f
Lion B3 m is ready to mate
No Female Lion Partner or Female Lion partners are not ready to mate Yet!
Lion C5 is Hungry
LionC5mis chasing: A0f
Rabbit A0 is Thirsty
Rabbit A0 drank water
Rabbit A0f is running away from: LionB1
Rabbit A0 f is ready to mate
Rabbit A1 is Thirsty
Rabbit A1 drank water
Rabbit A1m is running away from: LionB1
Rabbit A1 is Hungry
Rabbit A1 m is ready to mate
Rabbit A1 m is approaching partner: Rabbit A0f
Rabbit B1 is Thirsty
Rabbit B1 drank water
Rabbit B1f is running away from: LionC5
Rabbit B1 is Hungry
Rabbit B1 f is ready to mate
Lion B1 is Hungry
LionB1mis chasing: A0f
Lion B1 m is ready to mate
No Female Lion Partner or Female Lion partners are not ready to mate Yet!
Lion B3 is Hungry
LionB3mis chasing: A0f
Lion B3 m is ready to mate
No Female Lion Partner or Female Lion partners are not ready to mate Yet!
Lion C5 is Hungry
LionC5mis chasing: B1f
Rabbit A0 is Thirsty
Rabbit A0 drank water
Rabbit A0f is running away from: LionB1
Rabbit A0 f is ready to mate
Rabbit A1 is Thirsty
Rabbit A1 drank water
Rabbit A1m is running away from: LionB1
Rabbit A1 is Hungry
Rabbit A1 m is ready to mate
Rabbit A1 m is approaching partner: Rabbit A0f
Rabbit B1 is Thirsty
Rabbit B1 drank water
Rabbit B1f is running away from: LionC5
Rabbit B1 is Hungry
Rabbit B1f ate
Rabbit B1 f is ready to mate
Lion B1 is Hungry
LionB1mis chasing: A0f
Lion B1 m is ready to mate
No Female Lion Partner or Female Lion partners are not ready to mate Yet!
Lion B3 is Hungry
LionB3mis chasing: A0f
Lion B3 m is ready to mate
No Female Lion Partner or Female Lion partners are not ready to mate Yet!
Lion C5 is Thirsty
Lion C5 drank water
Lion C5 is Hungry
LionC5mis chasing: B1f
Rabbit A0 is Thirsty
Rabbit A0 drank water
Rabbit A0f is running away from: LionB1
Rabbit A0 is Hungry
Rabbit A0f ate
Rabbit A0 f is ready to mate
Rabbit A1 is Thirsty
Rabbit A1 drank water
Rabbit A1m is running away from: LionB1
Rabbit A1 is Hungry
RabbitA1m died of hunger
Rabbit A1 m is ready to mate
Rabbit A1 m is approaching partner: Rabbit A0f
Rabbit B1 is Thirsty
Rabbit B1 drank water
Rabbit B1f is running away from: LionC5
Rabbit B1 f is ready to mate
Lion B1 is Hungry
LionB1mis chasing: A0f
LionB1m ate: A0f
Lion B1 m is ready to mate
No Female Lion Partner or Female Lion partners are not ready to mate Yet!
Lion B3 is Hungry
LionB3mis chasing: B1f
Lion B3 m is ready to mate
No Female Lion Partner or Female Lion partners are not ready to mate Yet!
Lion C5 is Thirsty
Lion C5 drank water
Lion C5 is Hungry
LionC5mis chasing: B1f
Rabbit B1 is Thirsty
Rabbit B1 drank water
Rabbit B1f is running away from: LionC5
Rabbit B1 f is ready to mate
Lion B1 m is ready to mate
No Female Lion Partner or Female Lion partners are not ready to mate Yet!
Lion B3 is Hungry
LionB3mis chasing: B1f
Lion B3 m is ready to mate
No Female Lion Partner or Female Lion partners are not ready to mate Yet!
Lion C5 is Hungry
LionC5mis chasing: B1f
Rabbit B1 is Thirsty
Rabbit B1 drank water
Rabbit B1f is running away from: LionB1
Rabbit B1 is Hungry
Rabbit B1f ate
Rabbit B1 f is ready to mate
Lion B1 m is ready to mate
No Female Lion Partner or Female Lion partners are not ready to mate Yet!
Lion B3 is Thirsty
Lion B3 drank water
Lion B3 is Hungry
LionB3mis chasing: B1f
Lion B3 m is ready to mate
No Female Lion Partner or Female Lion partners are not ready to mate Yet!
Lion C5 is Hungry
LionC5mis chasing: B1f
LionC5m ate: B1f
Lion B1 m is ready to mate
No Female Lion Partner or Female Lion partners are not ready to mate Yet!
Lion B3 is Thirsty
Lion B3 drank water
Lion B3 is Hungry
Lion B1 m is ready to mate
No Female Lion Partner or Female Lion partners are not ready to mate Yet!
Lion B3 is Thirsty
Lion B3 drank water
Lion B3 is Hungry
Lion B1 m is ready to mate
No Female Lion Partner or Female Lion partners are not ready to mate Yet!
Lion B3 is Thirsty
Lion B3 drank water
Lion B3 is Hungry
Lion B1 m is ready to mate
No Female Lion Partner or Female Lion partners are not ready to mate Yet!
Lion B3 is Thirsty
Lion B3 drank water
Lion B3 is Hungry
Lion B1 m is ready to mate
No Female Lion Partner or Female Lion partners are not ready to mate Yet!
Lion B3 is Thirsty
Lion B3 drank water
Lion B3 is Hungry
Lion B1 m is ready to mate
No Female Lion Partner or Female Lion partners are not ready to mate Yet!
Lion B3 is Hungry
Lion B1 m is ready to mate
No Female Lion Partner or Female Lion partners are not ready to mate Yet!
Lion B3 is Hungry
LionB3m died of hunger
Lion B1 is Thirsty
Lion B1 drank water
Lion B1 m is ready to mate
No Female Lion Partner or Female Lion partners are not ready to mate Yet!
Lion B1 is Thirsty
Lion B1 drank water
Lion B1 m is ready to mate
No Female Lion Partner or Female Lion partners are not ready to mate Yet!
Lion B1 is Thirsty
Lion B1 drank water
Lion B1 m is ready to mate
No Female Lion Partner or Female Lion partners are not ready to mate Yet!
Lion B1 is Thirsty
Lion B1 drank water
Lion B1 is Hungry
Lion B1 is Hungry
Lion B1 is Hungry
Lion C5 is Hungry
Lion B1 is Hungry
Lion C5 is Hungry
Lion B1 is Hungry
Lion C5 is Hungry
Lion B1 is Hungry
Lion C5 is Hungry
Lion B1 is Hungry
Lion C5 is Hungry
Lion B1 is Hungry
Lion C5 is Thirsty
Lion C5 drank water
Lion C5 is Hungry
Lion B1 is Hungry
Lion C5 is Thirsty
Lion C5 drank water
Lion C5 is Hungry
Lion B1 is Hungry
Lion C5 is Thirsty
Lion C5 drank water
Lion C5 is Hungry
Lion B1 is Hungry
Lion C5 is Thirsty
Lion C5 drank water
Lion C5 is Hungry
Lion B1 is Hungry
Lion C5 is Hungry
Lion B1 is Hungry
LionB1m died of hunger
Lion C5 is Hungry
Lion C5 is Hungry
Lion C5 is Hungry
LionC5m died of hunger
