Wolf A3m is running away from: LionA5
Wolf C0f is running away from: LionB0
Wolf B5f is running away from: LionC5
Wolf C4f is running away from: LionA0
Wolf B4f is running away from: LionA0
Wolf A2m is running away from: LionA0
Wolf A2m ate!
Wolf C0m is running away from: LionA0
Wolf C1f is running away from: LionA5
Rabbit B3m is running away from: LionA0
Rabbit B3m is running away from: WolfA3
Rabbit B3 is Hungry
Rabbit B3m ate
Rabbit B3m is running away from: LionC5
Rabbit B3m is running away from: WolfB5
Rabbit B3 is Hungry
Rabbit B3m ate
Rabbit B1f is running away from: LionA0
Rabbit B1f is running away from: WolfA3
Rabbit B1 is Hungry
Rabbit B1f ate
Rabbit A1f is running away from: LionA0
Rabbit A1f is running away from: WolfC4
Rabbit A1 is Hungry
Rabbit A1f ate
Rabbit A3m is running away from: LionC5
Rabbit A3m is running away from: WolfC1
Rabbit A3 is Hungry
Rabbit A3m ate
Rabbit C5m is running away from: LionA0
Rabbit C5m is running away from: WolfB4
Rabbit C5 is Hungry
Rabbit C5m ate
Rabbit A2m is running away from: LionA5
Rabbit A2m is running away from: WolfC1
Rabbit A2 is Hungry
Rabbit A2m ate
Rabbit B1f is running away from: LionA0
Rabbit B1f is running away from: WolfB4
Rabbit B1 is Hungry
Rabbit B1f ate
Rabbit C5f is running away from: LionA0
Rabbit C5f is running away from: WolfA3
Rabbit C5 is Hungry
Rabbit C5f ate
Rabbit C5f is running away from: LionC5
Rabbit C5f is running away from: WolfB5
Rabbit C5 is Hungry
Rabbit C5f ate
Rabbit B0f is running away from: LionA0
Rabbit B0f is running away from: WolfC0
Rabbit B0 is Hungry
Rabbit B0f ate
Rabbit A2f is running away from: LionC5
Rabbit A2f is running away from: WolfB5
Rabbit A2 is Hungry
Rabbit A2f ate
Rabbit B5m is running away from: LionB4
Rabbit B5m is running away from: WolfC1
Rabbit B5 is Hungry
Rabbit B5m ate
Rabbit C4f is running away from: LionB4
Rabbit C4f is running away from: WolfC1
Rabbit C4 is Hungry
Rabbit C4f ate
Rabbit B3f is running away from: LionA0
Rabbit B3f is running away from: WolfC0
Rabbit B3 is Hungry
Rabbit B3f ate
Rabbit A2f is running away from: LionA0
Rabbit A2f is running away from: WolfC0
Rabbit A2 is Hungry
Rabbit A2f ate
Rabbit B1f is running away from: LionA5
Rabbit B1f is running away from: WolfC1
Rabbit B1 is Hungry
Rabbit B1f ate
Rabbit B5f is running away from: LionA0
Rabbit B5f is running away from: WolfB4
Rabbit B5 is Hungry
Rabbit B5f ate
Rabbit A2f is running away from: LionA0
Rabbit A2f is running away from: WolfC4
Rabbit A2 is Hungry
Rabbit A2f ate
Wolf A3m is running away from: LionA0
Wolf C0f is running away from: LionB0
Wolf B5f is running away from: LionC5
Wolf C4f is running away from: LionA0
Wolf C4f ate!
Wolf B4f is running away from: LionA0
Wolf B4f ate!
Wolf A2m is running away from: LionA0
Wolf C0m is running away from: LionA0
Wolf C1f is running away from: LionB4
Rabbit B3m is running away from: LionA0
Rabbit B3m is running away from: WolfA3
Rabbit B3 is Hungry
Rabbit B3m ate
Rabbit B3 m is ready to mate
Rabbit B3 m is approaching partner: Rabbit B1f
Rabbit A0 f was born!Father is B3 and Mother is B1
Rabbit B3m is running away from: LionB4
Rabbit B3m is running away from: WolfB5
Rabbit B3 is Hungry
Rabbit B3m ate
Rabbit B3 m is ready to mate
Rabbit B3 m is approaching partner: Rabbit A2f
Rabbit B1f is running away from: LionA0
Rabbit B1f is running away from: WolfA3
Rabbit B1 is Hungry
Rabbit B1f ate
Rabbit A1f is running away from: LionA0
Rabbit A1f is running away from: WolfC4
Rabbit A1 is Hungry
Rabbit A1 f is ready to mate
Rabbit A3m is running away from: LionB4
Rabbit A3m is running away from: WolfB5
Rabbit A3 is Hungry
Rabbit A3m ate
Rabbit A3 m is ready to mate
Rabbit A3 m is approaching partner: Rabbit C5f
Rabbit C5m is running away from: LionA0
Rabbit C5m is running away from: WolfB4
Rabbit C5 is Hungry
Rabbit C5m ate
Rabbit C5 m is ready to mate
Rabbit C5 m is approaching partner: Rabbit B1f
Rabbit C1 m was born!Father is C5 and Mother is B1
Rabbit A2m is running away from: LionA0
Rabbit A2m is running away from: WolfC1
Rabbit A2 is Hungry
Rabbit A2m ate
Rabbit A2 m is ready to mate
Rabbit A2 m is approaching partner: Rabbit B0f
Rabbit B1f is running away from: LionA0
Rabbit B1f is running away from: WolfB4
Rabbit B1 is Hungry
Rabbit B1f ate
Rabbit C5f is running away from: LionA0
Rabbit C5f is running away from: WolfA3
Rabbit C5 is Hungry
Rabbit C5f ate
Rabbit C5 f is ready to mate
Rabbit C5f is running away from: LionB0
Rabbit C5f is running away from: WolfB5
Rabbit C5 is Hungry
Rabbit C5f ate
Rabbit C5 f is ready to mate
Rabbit B0f is running away from: LionA0
Rabbit B0f is running away from: WolfC1
Rabbit B0 is Hungry
Rabbit B0f ate
Rabbit B0 f is ready to mate
Rabbit A2f is running away from: LionC5
Rabbit A2f is running away from: WolfB5
Rabbit A2 is Hungry
Rabbit A2 f is ready to mate
Rabbit B5m is running away from: LionB4
Rabbit B5m is running away from: WolfC1
Rabbit B5 is Hungry
Rabbit B5m ate
Rabbit B5 m is ready to mate
Rabbit B5 m is approaching partner: Rabbit C4f
Rabbit C4f is running away from: LionB4
Rabbit C4f is running away from: WolfC1
Rabbit C4 is Hungry
Rabbit C4 f is ready to mate
Rabbit B3f is running away from: LionA0
Rabbit B3f is running away from: WolfC1
Rabbit B3 is Hungry
Rabbit B3f ate
Rabbit B3 f is ready to mate
Rabbit A2f is running away from: LionA0
Rabbit A2f is running away from: WolfC0
Rabbit A2 is Hungry
Rabbit A2f ate
Rabbit A2 f is ready to mate
Rabbit B1f is running away from: LionA5
Rabbit B1f is running away from: WolfC1
Rabbit B1 is Hungry
Rabbit B1f ate
Rabbit B1 f is ready to mate
Wolf A3m is running away from: LionA0
Wolf C0f is running away from: LionB0
Wolf B5f is running away from: LionC5
Wolf C4f is running away from: LionB0
Wolf B4f is running away from: LionA0
Wolf A2m is running away from: LionA0
Wolf C0m is running away from: LionA0
Wolf C1f is running away from: LionA5
Rabbit B3m is running away from: LionA0
Rabbit B3m is running away from: WolfA3
Rabbit B3 is Hungry
Rabbit B3m ate
Rabbit B3 m is ready to mate
Rabbit B3 m is approaching partner: Rabbit C5f
Rabbit B3m is running away from: LionC5
Rabbit B3m is running away from: WolfC1
Rabbit B3 is Hungry
Rabbit B3m ate
Rabbit B3 m is ready to mate
Rabbit B3 m is approaching partner: Rabbit C5f
Rabbit B1f is running away from: LionA0
Rabbit B1f is running away from: WolfA3
Rabbit B1 is Hungry
Rabbit B1f ate
Rabbit A1f is running away from: LionA0
Rabbit A1f is running away from: WolfB4
Rabbit A1 is Hungry
Rabbit A1f ate
Rabbit A1 f is ready to mate
Rabbit A3m is running away from: LionC5
Rabbit A3m is running away from: WolfC1
Rabbit A3 is Hungry
Rabbit A3 m is ready to mate
Rabbit A3 m is approaching partner: Rabbit B1f
Rabbit A2 f was born!Father is A3 and Mother is B1
Rabbit C5m is running away from: LionA0
Rabbit C5m is running away from: WolfB4
Rabbit C5 is Hungry
Rabbit C5m ate
Rabbit C5 m is ready to mate
Rabbit C5 m is approaching partner: Rabbit A1f
Rabbit A2m is running away from: LionA0
Rabbit A2m is running away from: WolfC1
Rabbit A2 is Hungry
Rabbit A2m ate
Rabbit A2 m is ready to mate
Rabbit A2 m is approaching partner: Rabbit B0f
Rabbit A4 f was born!Father is A2 and Mother is B0
Rabbit B1f is running away from: LionA0
Rabbit B1f is running away from: WolfB4
Rabbit B1 is Hungry
Rabbit B1f ate
Rabbit C5f is running away from: LionA0
Rabbit C5f is running away from: WolfA3
Rabbit C5 is Hungry
Rabbit C5 f is ready to mate
Rabbit C5f is running away from: LionC5
Rabbit C5f is running away from: WolfB5
Rabbit C5 is Hungry
Rabbit C5f ate
Rabbit C5 f is ready to mate
Rabbit B0f is running away from: LionB0
Rabbit B0f is running away from: WolfC1
Rabbit B0 is Hungry
Rabbit B0f ate
Rabbit A2f is running away from: LionC5
Rabbit A2f is running away from: WolfB5
Rabbit A2 is Hungry
Rabbit A2f ate
Rabbit A2 f is ready to mate
Rabbit B5m is running away from: LionB4
Rabbit B5m is running away from: WolfC1
Rabbit B5 is Hungry
Rabbit B5 m is ready to mate
Rabbit B5 m is approaching partner: Rabbit C4f
Rabbit C4f is running away from: LionB4
Rabbit C4f is running away from: WolfC1
Rabbit C4 is Hungry
Rabbit C4 f is ready to mate
Rabbit B3f is running away from: LionA0
Rabbit B3f is running away from: WolfC0
Rabbit B3 is Hungry
Rabbit B3f ate
Rabbit B3 f is ready to mate
Rabbit A2f is running away from: LionA0
Rabbit A2f is running away from: WolfC0
Rabbit A2 is Hungry
Rabbit A2f ate
Rabbit A2 f is ready to mate
Rabbit B1f is running away from: LionA0
Rabbit B1f is running away from: WolfC1
Rabbit B1 is Hungry
Rabbit B1f ate
Rabbit A0f is running away from: LionA0
Rabbit A0f is running away from: WolfA3
Rabbit A0 is Hungry
Rabbit C1m is running away from: LionA0
Rabbit C1m is running away from: WolfB4
Rabbit C1 is Hungry
Rabbit C1m ate
Wolf A3m is running away from: LionA0
Wolf A3 is Hungry
Wolf A3m is chasing: A0f
Wolf A3 m is ready to mate
Wolf C0f is running away from: LionB0
Wolf C0 is Hungry
Wolf C0f is chasing: A2f
Wolf C0 f is ready to mate
Wolf B5f is running away from: LionC5
Wolf B5 is Hungry
Wolf B5f is chasing: B3m
Wolf B5 f is ready to mate
Wolf C4f is running away from: LionB0
Wolf C4 f is ready to mate
Wolf B4f is running away from: LionA0
Wolf B4 f is ready to mate
Wolf A2m is running away from: LionA0
Wolf A2 m is ready to mate
Wolf C0m is running away from: LionA0
Wolf C0 is Hungry
Wolf C0m is chasing: C1m
Wolf C0 m is ready to mate
Wolf C1f is running away from: LionB4
Wolf C1 is Hungry
Wolf C1f is chasing: A2f
Wolf C1 f is ready to mate
Rabbit B3m is running away from: LionA0
Rabbit B3m is running away from: WolfA3
Rabbit B3 is Hungry
Rabbit B3 m is ready to mate
Rabbit B3 m is approaching partner: Rabbit C5f
Rabbit B3m is running away from: LionC5
Rabbit B3m is running away from: WolfB5
Rabbit B3 is Hungry
Rabbit B3m ate
Rabbit B3 m is ready to mate
Rabbit B3 m is approaching partner: Rabbit C5f
Rabbit B1 f was born!Father is B3 and Mother is C5
Rabbit B1f is running away from: LionA0
Rabbit B1f is running away from: WolfA3
Rabbit B1 is Hungry
Rabbit B1f ate
Rabbit B1 f is ready to mate
Rabbit A1f is running away from: LionA0
Rabbit A1f is running away from: WolfC0
Rabbit A1 is Hungry
Rabbit A1 f is ready to mate
Rabbit A3m is running away from: LionA0
Rabbit A3m is running away from: WolfC1
Rabbit A3 is Hungry
Rabbit A3m ate
Rabbit A3 m is ready to mate
Rabbit A3 m is approaching partner: Rabbit A2f
Rabbit C5m is running away from: LionA0
Rabbit C5m is running away from: WolfB4
Rabbit C5 is Hungry
Rabbit C5m ate
Rabbit C5 m is ready to mate
Rabbit C5 m is approaching partner: Rabbit A1f
Rabbit A2m is running away from: LionB0
Rabbit A2m is running away from: WolfC1
Rabbit A2 is Hungry
Rabbit A2m ate
Rabbit A2 m is ready to mate
Rabbit A2 m is approaching partner: Rabbit A2f
Rabbit B1f is running away from: LionA0
Rabbit B1f is running away from: WolfB4
Rabbit B1 is Hungry
Rabbit B1f ate
Rabbit B1 f is ready to mate
Rabbit C5f is running away from: LionA0
Rabbit C5f is running away from: WolfA3
Rabbit C5 is Hungry
Rabbit C5 f is ready to mate
Rabbit C5f is running away from: LionB0
Rabbit C5f is running away from: WolfB5
Rabbit C5 is Hungry
Rabbit C5f ate
Rabbit B0f is running away from: LionB0
Rabbit B0f is running away from: WolfC1
Rabbit B0 is Hungry
Rabbit A2f is running away from: LionB0
Rabbit A2f is running away from: WolfB5
Rabbit A2 is Hungry
Rabbit A2f ate
Rabbit A2 f is ready to mate
Rabbit B5m is running away from: LionB4
Rabbit B5m is running away from: WolfC1
Rabbit B5 is Hungry
Rabbit B5 m is ready to mate
Rabbit B5 m is approaching partner: Rabbit C4f
Rabbit C4f is running away from: LionB4
Rabbit C4f is running away from: WolfC1
Rabbit C4 is Hungry
Rabbit C4 f is ready to mate
Rabbit B3f is running away from: LionA0
Rabbit B3f is running away from: WolfC1
Rabbit B3 is Hungry
Rabbit B3f ate
Rabbit B3 f is ready to mate
Rabbit A2f is running away from: LionA0
Rabbit A2f is running away from: WolfC0
Rabbit A2 is Hungry
Rabbit A2f ate
Rabbit A2 f is ready to mate
Rabbit B1f is running away from: LionB4
Rabbit B1f is running away from: WolfC1
Rabbit B1 is Hungry
Rabbit A0f is running away from: LionA0
Rabbit A0f is running away from: WolfA3
Rabbit A0 is Hungry
Rabbit A0 f is ready to mate
Rabbit C1m is running away from: LionA0
Rabbit C1m is running away from: WolfC0
Rabbit C1 is Hungry
Rabbit C1 m is ready to mate
Rabbit C1 m is approaching partner: Rabbit B1f
Rabbit A2f is running away from: LionA0
Rabbit A2f is running away from: WolfC1
Rabbit A2 is Hungry
Rabbit A2f ate
Rabbit A4f is running away from: LionB0
Rabbit A4f is running away from: WolfC1
Rabbit A4 is Hungry
Rabbit A4f ate
Wolf A3m is running away from: LionA0
Wolf A3 is Hungry
Wolf A3m is chasing: A0f
Wolf A3 m is ready to mate
Wolf C0f is running away from: LionB0
Wolf C0 is Hungry
Wolf C0f is chasing: A2f
Wolf C0 f is ready to mate
Wolf B5f is running away from: LionC5
Wolf B5 is Hungry
Wolf B5f is chasing: A2f
Wolf B5 f is ready to mate
Wolf C4f is running away from: LionB0
Wolf C4 f is ready to mate
Wolf B4f is running away from: LionA0
Wolf B4 f is ready to mate
Wolf A2m is running away from: LionA0
Wolf A2 is Hungry
Wolf A2m is chasing: B1f
Wolf A2 m is ready to mate
Wolf C0m is running away from: LionA0
Wolf C0 is Hungry
Wolf C0m is chasing: B1f
Wolf C0 m is ready to mate
Wolf C1f is running away from: LionA5
Wolf C1 is Hungry
Wolf C1f is chasing: A2f
Wolf C1 f is ready to mate
Rabbit B3m is running away from: LionA0
Rabbit B3m is running away from: WolfA3
Rabbit B3 is Hungry
Rabbit B3 m is ready to mate
Rabbit B3 m is approaching partner: Rabbit C5f
Rabbit B3m is running away from: LionB4
Rabbit B3m is running away from: WolfC1
Rabbit B3 is Hungry
Rabbit B3 m is ready to mate
Rabbit B3 m is approaching partner: Rabbit A2f
Rabbit B1f is running away from: LionA0
Rabbit B1f is running away from: WolfA3
Rabbit B1 is Hungry
Rabbit B1f ate
Rabbit B1 f is ready to mate
Rabbit A1f is running away from: LionA0
Rabbit A1f is running away from: WolfC0
Rabbit A1 is Hungry
Rabbit A1f ate
Rabbit A1 f is ready to mate
Rabbit A3m is running away from: LionB0
Rabbit A3m is running away from: WolfC1
Rabbit A3 is Hungry
Rabbit A3m ate
Rabbit A3 m is ready to mate
Rabbit A3 m is approaching partner: Rabbit A2f
Rabbit C5m is running away from: LionA0
Rabbit C5m is running away from: WolfB4
Rabbit C5 is Hungry
Rabbit C5m ate
Rabbit C5 m is ready to mate
Rabbit C5 m is approaching partner: Rabbit B1f
Rabbit A2m is running away from: LionB0
Rabbit A2m is running away from: WolfC1
Rabbit A2 is Hungry
Rabbit A2m ate
Rabbit A2 m is ready to mate
Rabbit A2 m is approaching partner: Rabbit A2f
Rabbit B1f is running away from: LionA0
Rabbit B1f is running away from: WolfC0
Rabbit B1 is Hungry
Rabbit B1f ate
Rabbit B1 f is ready to mate
Rabbit C5f is running away from: LionA0
Rabbit C5f is running away from: WolfA3
Rabbit C5 is Hungry
Rabbit C5f ate
Rabbit C5 f is ready to mate
Rabbit C5f is running away from: LionB4
Rabbit C5f is running away from: WolfB5
Rabbit C5 is Hungry
Rabbit C5f ate
Rabbit B0f is running away from: LionB0
Rabbit B0f is running away from: WolfC1
Rabbit B0 is Hungry
Rabbit B0 f is ready to mate
Rabbit A2f is running away from: LionB0
Rabbit A2f is running away from: WolfB5
Rabbit A2 is Hungry
Rabbit A2 f is ready to mate
Rabbit B5m is running away from: LionB4
Rabbit B5m is running away from: WolfC1
Rabbit B5 is Hungry
Rabbit B5 m is ready to mate
Rabbit B5 m is approaching partner: Rabbit C4f
Rabbit C4f is running away from: LionB4
Rabbit C4f is running away from: WolfC1
Rabbit C4 is Hungry
Rabbit C4 f is ready to mate
Rabbit B3f is running away from: LionA0
Rabbit B3f is running away from: WolfC1
Rabbit B3 is Hungry
Rabbit B3f ate
Rabbit B3 f is ready to mate
Rabbit A2f is running away from: LionA0
Rabbit A2f is running away from: WolfC0
Rabbit A2 is Hungry
Rabbit A2 f is ready to mate
Rabbit B1f is running away from: LionB0
Rabbit B1f is running away from: WolfC1
Rabbit B1 is Hungry
Rabbit B1f ate
Rabbit B1 f is ready to mate
Rabbit A0f is running away from: LionA0
Rabbit A0f is running away from: WolfA3
Rabbit A0 is Hungry
Rabbit A0f ate
Rabbit A0 f is ready to mate
Rabbit C1m is running away from: LionA0
Rabbit C1m is running away from: WolfB4
Rabbit C1 is Hungry
Rabbit C1 m is ready to mate
Rabbit C1 m is approaching partner: Rabbit B1f
Rabbit C5 f was born!Father is C1 and Mother is B1
Rabbit A2f is running away from: LionB4
Rabbit A2f is running away from: WolfC1
Rabbit A2 is Hungry
Rabbit A2 f is ready to mate
Rabbit A4f is running away from: LionB0
Rabbit A4f is running away from: WolfC1
Rabbit A4 is Hungry
Rabbit A4 f is ready to mate
Rabbit B1f is running away from: LionB4
Rabbit B1f is running away from: WolfC1
Rabbit B1 is Hungry
Lion A5 f is ready to mate
Lion B0 f is ready to mate
Lion B4 f is ready to mate
Lion A0 f is ready to mate
Lion C5 f is ready to mate
Wolf A3m is running away from: LionA0
Wolf A3 is Hungry
Wolf A3m is chasing: A2f
Wolf A3 m is ready to mate
Wolf C0f is running away from: LionA0
Wolf C0 is Hungry
Wolf C0f is chasing: A1f
Wolf C0 f is ready to mate
Wolf B5f is running away from: LionC5
Wolf B5 is Hungry
Wolf B5f is chasing: B1f
Wolf B5 f is ready to mate
Wolf C4f is running away from: LionA0
Wolf C4 is Hungry
Wolf C4f is chasing: A1f
Wolf C4 f is ready to mate
Wolf B4f is running away from: LionA0
Wolf B4 is Hungry
Wolf B4f is chasing: A2f
Wolf B4 f is ready to mate
Wolf A2m is running away from: LionA0
Wolf A2 is Hungry
Wolf A2m is chasing: C5m
Wolf A2 m is ready to mate
Wolf C0m is running away from: LionA0
Wolf C0 is Hungry
Wolf C0m is chasing: C5m
Wolf C0 m is ready to mate
Wolf C1f is running away from: LionB4
Wolf C1 is Hungry
Wolf C1f is chasing: A2f
Wolf C1f ate!
Wolf C1 f is ready to mate
Rabbit B3m is running away from: LionA0
Rabbit B3m is running away from: WolfB4
Rabbit B3 is Hungry
Rabbit B3 m is ready to mate
Rabbit B3 m is approaching partner: Rabbit B1f
Rabbit B3m is running away from: LionB0
Rabbit B3m is running away from: WolfC1
Rabbit B3 is Hungry
Rabbit B3m ate
Rabbit B3 m is ready to mate
Rabbit B3 m is approaching partner: Rabbit A2f
Rabbit B1f is running away from: LionA0
Rabbit B1f is running away from: WolfB4
Rabbit B1 is Hungry
Rabbit B1f ate
Rabbit B1 f is ready to mate
Rabbit A1f is running away from: LionA0
Rabbit A1f is running away from: WolfC0
Rabbit A1 is Hungry
Rabbit A1f ate
Rabbit A1 f is ready to mate
Rabbit A3m is running away from: LionB0
Rabbit A3m is running away from: WolfC1
Rabbit A3 is Hungry
Rabbit A3m ate
Rabbit A3 m is ready to mate
Rabbit A3 m is approaching partner: Rabbit B1f
Rabbit C5m is running away from: LionA0
Rabbit C5m is running away from: WolfA3
Rabbit C5 is Hungry
Rabbit C5m ate
Rabbit C5 m is ready to mate
Rabbit C5 m is approaching partner: Rabbit A1f
Rabbit A2m is running away from: LionB0
Rabbit A2m is running away from: WolfC1
Rabbit A2 is Hungry
Rabbit A2m ate
Rabbit A2 m is ready to mate
Rabbit A2 m is approaching partner: Rabbit A2f
Rabbit B1f is running away from: LionA0
Rabbit B1f is running away from: WolfA3
Rabbit B1 is Hungry
Rabbit B1f ate
Rabbit C5f is running away from: LionA0
Rabbit C5f is running away from: WolfB4
Rabbit C5 is Hungry
Rabbit C5f ate
Rabbit C5 f is ready to mate
Rabbit C5f is running away from: LionB0
Rabbit C5f is running away from: WolfC1
Rabbit C5 is Hungry
Rabbit C5 f is ready to mate
Rabbit B0f is running away from: LionB0
Rabbit B0f is running away from: WolfC1
Rabbit B0 is Hungry
Rabbit B0f ate
Rabbit B0 f is ready to mate
Rabbit A2f is running away from: LionB0
Rabbit A2f is running away from: WolfB5
Rabbit A2 is Hungry
Rabbit A2f ate
Rabbit A2 f is ready to mate
Rabbit B5m is running away from: LionC5
Rabbit B5m is running away from: WolfB5
Rabbit B5 is Hungry
Rabbit B5 m is ready to mate
Rabbit B5 m is approaching partner: Rabbit C4f
Rabbit C4f is running away from: LionB4
Rabbit C4f is running away from: WolfB5
Rabbit C4 is Hungry
RabbitC4f died of hunger
Rabbit C4 f is ready to mate
Rabbit B3f is running away from: LionB0
Rabbit B3f is running away from: WolfC1
Rabbit B3 is Hungry
Rabbit B3f ate
Rabbit B3 f is ready to mate
Rabbit A2f is running away from: LionA0
Rabbit A2f is running away from: WolfC0
Rabbit A2 is Hungry
Rabbit A2f ate
Rabbit A2 f is ready to mate
Rabbit B1f is running away from: LionB0
Rabbit B1f is running away from: WolfC1
Rabbit B1 is Hungry
Rabbit B1f ate
Rabbit B1 f is ready to mate
Rabbit A0f is running away from: LionA0
Rabbit A0f is running away from: WolfB4
Rabbit A0 is Hungry
Rabbit A0f ate
Rabbit A0 f is ready to mate
Rabbit C1m is running away from: LionA0
Rabbit C1m is running away from: WolfA3
Rabbit C1 is Hungry
Rabbit C1m ate
Rabbit C1 m is ready to mate
Rabbit C1 m is approaching partner: Rabbit A2f
Rabbit A4f is running away from: LionB0
Rabbit A4f is running away from: WolfC1
Rabbit A4 is Hungry
Rabbit A4 f is ready to mate
Rabbit B1f is running away from: LionB0
Rabbit B1f is running away from: WolfB5
Rabbit B1 is Hungry
Rabbit B1 f is ready to mate
Rabbit C5f is running away from: LionA0
Rabbit C5f is running away from: WolfA3
Rabbit C5 is Hungry
Rabbit C5f ate
Lion A5 f is ready to mate
Lion B0 f is ready to mate
Lion B4 f is ready to mate
Lion A0 f is ready to mate
Lion C5 f is ready to mate
Wolf A3m is running away from: LionA0
Wolf A3 is Hungry
Wolf A3m is chasing: A2f
Wolf A3 m is ready to mate
Wolf C3 f was born! Father is A3 and Mother is B4
Wolf C0f is running away from: LionA0
Wolf C0 is Hungry
Wolf C0f is chasing: A1f
Wolf C0 f is ready to mate
Wolf B5f is running away from: LionC5
Wolf B5 is Hungry
Wolf B5f is chasing: B1f
Wolf B5 f is ready to mate
Wolf C4f is running away from: LionA0
Wolf C4 is Hungry
Wolf C4f is chasing: A1f
Wolf C4 f is ready to mate
Wolf B4f is running away from: LionA0
Wolf B4 is Hungry
Wolf B4f is chasing: A2f
Wolf A2m is running away from: LionA0
Wolf A2 is Hungry
Wolf A2m is chasing: C5m
Wolf A2 m is ready to mate
Wolf C0m is running away from: LionA0
Wolf C0 is Hungry
Wolf C0m is chasing: C5m
Wolf C0 m is ready to mate
Wolf C1f is running away from: LionB4
Wolf C1 f is ready to mate
Rabbit B3m is running away from: LionA0
Rabbit B3m is running away from: WolfA3
Rabbit B3 is Hungry
Rabbit B3 m is ready to mate
Rabbit B3 m is approaching partner: Rabbit B1f
Rabbit B3m is running away from: LionB0
Rabbit B3m is running away from: WolfB5
Rabbit B3 is Hungry
Rabbit B3m ate
Rabbit B3 m is ready to mate
Rabbit B3 m is approaching partner: Rabbit B1f
Rabbit B0 f was born!Father is B3 and Mother is B1
Rabbit B1f is running away from: LionA0
Rabbit B1f is running away from: WolfA3
Rabbit B1 is Hungry
Rabbit B1 f is ready to mate
Rabbit A1f is running away from: LionA0
Rabbit A1f is running away from: WolfC0
Rabbit A1 is Hungry
Rabbit A1 f is ready to mate
Rabbit A3m is running away from: LionB0
Rabbit A3m is running away from: WolfB5
Rabbit A3 is Hungry
Rabbit A3 m is ready to mate
Rabbit A3 m is approaching partner: Rabbit C5f
Rabbit C5m is running away from: LionA0
Rabbit C5m is running away from: WolfC0
Rabbit C5 is Hungry
Rabbit C5m ate
Rabbit C5 m is ready to mate
Rabbit C5 m is approaching partner: Rabbit A2f
Rabbit A2m is running away from: LionB0
Rabbit A2m is running away from: WolfB5
Rabbit A2 is Hungry
Rabbit A2 m is ready to mate
Rabbit A2 m is approaching partner: Rabbit B1f
Rabbit B1f is running away from: LionA0
Rabbit B1f is running away from: WolfB4
Rabbit B1 is Hungry
Rabbit B1f ate
Rabbit C5f is running away from: LionA0
Rabbit C5f is running away from: WolfA3
Rabbit C5 is Hungry
Rabbit C5f ate
Rabbit C5 f is ready to mate
Rabbit C5f is running away from: LionB4
Rabbit C5f is running away from: WolfC1
Rabbit C5 is Hungry
Rabbit C5 f is ready to mate
Rabbit B0f is running away from: LionA0
Rabbit B0f is running away from: WolfC1
Rabbit B0 is Hungry
Rabbit B0f ate
Rabbit B0 f is ready to mate
Rabbit A2f is running away from: LionB0
Rabbit A2f is running away from: WolfB5
Rabbit A2 is Hungry
Rabbit A2 f is ready to mate
Rabbit B5m is running away from: LionC5
Rabbit B5m is running away from: WolfC1
Rabbit B5 is Hungry
RabbitB5m died of hunger
Rabbit B5 m is ready to mate
Rabbit B5 m is approaching partner: Rabbit C5f
Rabbit B3f is running away from: LionB0
Rabbit B3f is running away from: WolfC1
Rabbit B3 is Hungry
Rabbit B3 f is ready to mate
Rabbit A2f is running away from: LionA0
Rabbit A2f is running away from: WolfB4
Rabbit A2 is Hungry
Rabbit A2f ate
Rabbit A2 f is ready to mate
Rabbit B1f is running away from: LionB0
Rabbit B1f is running away from: WolfC1
Rabbit B1 is Hungry
Rabbit A0f is running away from: LionA0
Rabbit A0f is running away from: WolfB4
Rabbit A0 is Hungry
Rabbit A0f ate
Rabbit A0 f is ready to mate
Rabbit C1m is running away from: LionA0
Rabbit C1m is running away from: WolfB4
Rabbit C1 is Hungry
Rabbit C1m ate
Rabbit C1 m is ready to mate
Rabbit C1 m is approaching partner: Rabbit A2f
Rabbit A4f is running away from: LionB0
Rabbit A4f is running away from: WolfC1
Rabbit A4 is Hungry
Rabbit A4f ate
Rabbit A4 f is ready to mate
Rabbit B1f is running away from: LionB0
Rabbit B1f is running away from: WolfB5
Rabbit B1 is Hungry
Rabbit B1f ate
Rabbit B1 f is ready to mate
Rabbit C5f is running away from: LionA0
Rabbit C5f is running away from: WolfB4
Rabbit C5 is Hungry
Rabbit C5f ate
Rabbit C5 f is ready to mate
Lion A5 f is ready to mate
Lion B0 f is ready to mate
Lion B4 f is ready to mate
Lion A0 f is ready to mate
Lion C5 f is ready to mate
Wolf A3m is running away from: LionA0
Wolf A3 is Hungry
Wolf A3m is chasing: A2f
Wolf A3 m is ready to mate
Wolf C0f is running away from: LionA0
Wolf C0 is Hungry
Wolf C0f is chasing: A2f
Wolf C0 f is ready to mate
Wolf B5f is running away from: LionB0
Wolf B5 is Hungry
Wolf B5f is chasing: A2m
Wolf B5 f is ready to mate
Wolf C4f is running away from: LionA0
Wolf C4 is Hungry
Wolf C4f is chasing: A2f
Wolf C4 f is ready to mate
Wolf B4f is running away from: LionA0
Wolf B4 is Hungry
Wolf B4f is chasing: C5m
Wolf A2m is running away from: LionA0
Wolf A2 is Hungry
Wolf A2m is chasing: C1m
Wolf A2 m is ready to mate
Wolf C0m is running away from: LionA0
Wolf C0 is Hungry
Wolf C0m is chasing: C1m
Wolf C0 m is ready to mate
Wolf C1f is running away from: LionB4
Wolf C1 f is ready to mate
Wolf C3f is running away from: LionA0
Rabbit B3m is running away from: LionA0
Rabbit B3m is running away from: WolfC3
Rabbit B3 is Hungry
RabbitB3m died of hunger
Rabbit B3 m is ready to mate
Rabbit B3 m is approaching partner: Rabbit B1f
Rabbit B3m is running away from: LionB0
Rabbit B3m is running away from: WolfB5
Rabbit B3 is Hungry
Rabbit B3 m is ready to mate
Rabbit B3 m is approaching partner: Rabbit B1f
Rabbit B1f is running away from: LionA0
Rabbit B1f is running away from: WolfC3
Rabbit B1 is Hungry
Rabbit B1 f is ready to mate
Rabbit A1f is running away from: LionA0
Rabbit A1f is running away from: WolfC0
Rabbit A1 is Hungry
Rabbit A1f ate
Rabbit A1 f is ready to mate
Rabbit A3m is running away from: LionB4
Rabbit A3m is running away from: WolfB5
Rabbit A3 is Hungry
Rabbit A3m ate
Rabbit A3 m is ready to mate
Rabbit A3 m is approaching partner: Rabbit B1f
Rabbit C5m is running away from: LionA0
Rabbit C5m is running away from: WolfC0
Rabbit C5 is Hungry
Rabbit C5m ate
Rabbit C5 m is ready to mate
Rabbit C5 m is approaching partner: Rabbit C5f
Rabbit A2m is running away from: LionB0
Rabbit A2m is running away from: WolfB5
Rabbit A2 is Hungry
Rabbit A2m ate
Rabbit A2 m is ready to mate
Rabbit A2 m is approaching partner: Rabbit C5f
Rabbit B1f is running away from: LionA0
Rabbit B1f is running away from: WolfB4
Rabbit B1 is Hungry
Rabbit B1 f is ready to mate
Rabbit C5f is running away from: LionA0
Rabbit C5f is running away from: WolfC3
Rabbit C5 is Hungry
Rabbit C5 f is ready to mate
Rabbit C5f is running away from: LionC5
Rabbit C5f is running away from: WolfB5
Rabbit C5 is Hungry
Rabbit C5f ate
Rabbit C5 f is ready to mate
Rabbit B0f is running away from: LionA0
Rabbit B0f is running away from: WolfC1
Rabbit B0 is Hungry
Rabbit B0 f is ready to mate
Rabbit A2f is running away from: LionB0
Rabbit A2f is running away from: WolfB5
Rabbit A2 is Hungry
Rabbit A2f ate
Rabbit A2 f is ready to mate
Rabbit B3f is running away from: LionB0
Rabbit B3f is running away from: WolfC1
Rabbit B3 is Hungry
Rabbit B3 f is ready to mate
Rabbit A2f is running away from: LionA0
Rabbit A2f is running away from: WolfC0
Rabbit A2 is Hungry
Rabbit A2 f is ready to mate
Rabbit B1f is running away from: LionB0
Rabbit B1f is running away from: WolfB5
Rabbit B1 is Hungry
Rabbit A0f is running away from: LionA0
Rabbit A0f is running away from: WolfC3
Rabbit A0 is Hungry
Rabbit A0 f is ready to mate
Rabbit C1m is running away from: LionA0
Rabbit C1m is running away from: WolfC0
Rabbit C1 is Hungry
Rabbit C1m ate
Rabbit C1 m is ready to mate
Rabbit C1 m is approaching partner: Rabbit C5f
Rabbit A4f is running away from: LionB0
Rabbit A4f is running away from: WolfC1
Rabbit A4 is Hungry
Rabbit A4f ate
Rabbit A4 f is ready to mate
Rabbit B1f is running away from: LionC5
Rabbit B1f is running away from: WolfB5
Rabbit B1 is Hungry
Rabbit B1 f is ready to mate
Rabbit C5f is running away from: LionA0
Rabbit C5f is running away from: WolfC0
Rabbit C5 is Hungry
Rabbit C5f ate
Rabbit C5 f is ready to mate
Rabbit B0f is running away from: LionB0
Rabbit B0f is running away from: WolfB5
Rabbit B0 is Hungry
Lion A5 f is ready to mate
Lion B0 f is ready to mate
Lion B4 f is ready to mate
Lion A0 f is ready to mate
Lion C5 f is ready to mate
Wolf A3m is running away from: LionA0
Wolf A3 is Hungry
Wolf A3m is chasing: A1f
Wolf A3 m is ready to mate
Wolf C0f is running away from: LionA0
Wolf C0 is Hungry
Wolf C0f is chasing: A2f
Wolf C0 f is ready to mate
Wolf B5f is running away from: LionC5
Wolf B5 is Hungry
Wolf B5f is chasing: B1f
Wolf B5 f is ready to mate
Wolf C4f is running away from: LionA0
Wolf C4 is Hungry
Wolf C4f is chasing: A2f
Wolf C4 f is ready to mate
Wolf B4f is running away from: LionA0
Wolf B4 is Hungry
Wolf B4f is chasing: A1f
Wolf A2m is running away from: LionA0
Wolf A2 is Hungry
Wolf A2m is chasing: C1m
Wolf A2 m is ready to mate
Wolf C0m is running away from: LionA0
Wolf C0 is Hungry
Wolf C0m is chasing: A2f
Wolf C0 m is ready to mate
Wolf C1f is running away from: LionA0
Wolf C1 f is ready to mate
Wolf C3f is running away from: LionA0
Rabbit B3m is running away from: LionC5
Rabbit B3m is running away from: WolfC1
Rabbit B3 is Hungry
Rabbit B3 m is ready to mate
Rabbit B3 m is approaching partner: Rabbit B1f
Rabbit B1f is running away from: LionA0
Rabbit B1f is running away from: WolfA3
Rabbit B1 is Hungry
Rabbit B1f ate
Rabbit B1 f is ready to mate
Rabbit A1f is running away from: LionA0
Rabbit A1f is running away from: WolfA3
Rabbit A1 is Hungry
Rabbit A1f ate
Rabbit A1 f is ready to mate
Rabbit A3m is running away from: LionC5
Rabbit A3m is running away from: WolfC1
Rabbit A3 is Hungry
Rabbit A3 m is ready to mate
Rabbit A3 m is approaching partner: Rabbit B1f
Rabbit C5m is running away from: LionA0
Rabbit C5m is running away from: WolfB4
Rabbit C5 is Hungry
Rabbit C5m ate
Rabbit C5 m is ready to mate
Rabbit C5 m is approaching partner: Rabbit B1f
Rabbit A1 m was born!Father is C5 and Mother is B1
Rabbit A2m is running away from: LionC5
Rabbit A2m is running away from: WolfB5
Rabbit A2 is Hungry
Rabbit A2 m is ready to mate
Rabbit A2 m is approaching partner: Rabbit B1f
Rabbit B1f is running away from: LionA0
Rabbit B1f is running away from: WolfB4
Rabbit B1 is Hungry
Rabbit B1f ate
Rabbit C5f is running away from: LionA0
Rabbit C5f is running away from: WolfA3
Rabbit C5 is Hungry
Rabbit C5 f is ready to mate
Rabbit C5f is running away from: LionC5
Rabbit C5f is running away from: WolfB5
Rabbit C5 is Hungry
Rabbit C5 f is ready to mate
Rabbit B0f is running away from: LionB0
Rabbit B0f is running away from: WolfC1
Rabbit B0 is Hungry
Rabbit B0f ate
Rabbit B0 f is ready to mate
Rabbit A2f is running away from: LionB0
Rabbit A2f is running away from: WolfB5
Rabbit A2 is Hungry
Rabbit A2 f is ready to mate
Rabbit B3f is running away from: LionB0
Rabbit B3f is running away from: WolfC1
Rabbit B3 is Hungry
Rabbit B3 f is ready to mate
Rabbit A2f is running away from: LionA0
Rabbit A2f is running away from: WolfC0
Rabbit A2 is Hungry
Rabbit A2 f is ready to mate
Rabbit B1f is running away from: LionC5
Rabbit B1f is running away from: WolfB5
Rabbit B1 is Hungry
Rabbit B1 f is ready to mate
Rabbit A0f is running away from: LionA0
Rabbit A0f is running away from: WolfA3
Rabbit A0 is Hungry
Rabbit A0 f is ready to mate
Rabbit C1m is running away from: LionA0
Rabbit C1m is running away from: WolfA2
Rabbit C1 is Hungry
Rabbit C1m ate
Rabbit C1 m is ready to mate
Rabbit C1 m is approaching partner: Rabbit C5f
Rabbit A4f is running away from: LionA0
Rabbit A4f is running away from: WolfC1
Rabbit A4 is Hungry
Rabbit A4f ate
Rabbit A4 f is ready to mate
Rabbit B1f is running away from: LionB0
Rabbit B1f is running away from: WolfB5
Rabbit B1 is Hungry
Rabbit B1f ate
Rabbit B1 f is ready to mate
Rabbit C5f is running away from: LionA0
Rabbit C5f is running away from: WolfB4
Rabbit C5 is Hungry
Rabbit C5 f is ready to mate
Rabbit B0f is running away from: LionB0
Rabbit B0f is running away from: WolfC1
Rabbit B0 is Hungry
Rabbit B0 f is ready to mate
Lion A5 f is ready to mate
Lion B0 f is ready to mate
Lion B4 f is ready to mate
Lion A0 f is ready to mate
Lion C5 f is ready to mate
Wolf A3m is running away from: LionA0
Wolf A3 is Hungry
Wolf A3m is chasing: A2f
Wolf A3 is Thirsty
Wolf A3drank water
Wolf A3 m is ready to mate
Wolf C0f is running away from: LionA0
Wolf C0 is Hungry
Wolf C0f is chasing: A2f
Wolf C0 is Thirsty
Wolf C0drank water
Wolf C0 f is ready to mate
Wolf B5f is running away from: LionB0
Wolf B5 is Hungry
Wolf B5f is chasing: B1f
Wolf B5 is Thirsty
Wolf B5drank water
Wolf B5 f is ready to mate
Wolf C4f is running away from: LionA0
Wolf C4 is Hungry
Wolf C4f is chasing: A2f
Wolf C4 is Thirsty
Wolf C4drank water
Wolf C4 f is ready to mate
Wolf B4f is running away from: LionA0
Wolf B4 is Hungry
Wolf B4f is chasing: A1m
Wolf B4 is Thirsty
Wolf B4drank water
Wolf A2m is running away from: LionA0
Wolf A2 is Hungry
Wolf A2m is chasing: C1m
Wolf A2 is Thirsty
Wolf A2drank water
Wolf A2 m is ready to mate
Wolf C0m is running away from: LionA0
Wolf C0 is Hungry
Wolf C0m is chasing: A2f
Wolf C0 is Thirsty
Wolf C0drank water
Wolf C0 m is ready to mate
Wolf C1f is running away from: LionB0
Wolf C1f ate!
Wolf C1 is Thirsty
Wolf C1drank water
Wolf C1 f is ready to mate
Wolf C3f is running away from: LionA0
Rabbit B3m is running away from: LionB0
Rabbit B3m is running away from: WolfB5
Rabbit B3 is Hungry
Rabbit B3 m is ready to mate
Rabbit B3 m is approaching partner: Rabbit C5f
Rabbit B1f is running away from: LionA0
Rabbit B1f is running away from: WolfA3
Rabbit B1 is Hungry
Rabbit B1f ate
Rabbit B1 f is ready to mate
Rabbit A1f is running away from: LionA0
Rabbit A1f is running away from: WolfC0
Rabbit A1 is Hungry
Rabbit A1f ate
Rabbit A1 f is ready to mate
Rabbit A3m is running away from: LionB0
Rabbit A3m is running away from: WolfB5
Rabbit A3 is Hungry
Rabbit A3 m is ready to mate
Rabbit A3 m is approaching partner: Rabbit C5f
Rabbit C5m is running away from: LionA0
Rabbit C5m is running away from: WolfA2
Rabbit C5 is Hungry
Rabbit C5 m is ready to mate
Rabbit C5 m is approaching partner: Rabbit C5f
Rabbit B3 f was born!Father is C5 and Mother is C5
Rabbit A2m is running away from: LionB0
Rabbit A2m is running away from: WolfB5
Rabbit A2 is Hungry
Rabbit A2 m is ready to mate
Rabbit A2 m is approaching partner: Rabbit C5f
Rabbit B1f is running away from: LionA0
Rabbit B1f is running away from: WolfB4
Rabbit B1 is Hungry
Rabbit C5f is running away from: LionA0
Rabbit C5f is running away from: WolfA3
Rabbit C5 is Hungry
Rabbit C5 f is ready to mate
Rabbit C5f is running away from: LionB4
Rabbit C5f is running away from: WolfC1
Rabbit C5 is Hungry
Rabbit C5 f is ready to mate
Rabbit A2f is running away from: LionB0
Rabbit A2f is running away from: WolfB5
Rabbit A2 is Hungry
Rabbit A2 f is ready to mate
Rabbit B3f is running away from: LionB0
Rabbit B3f is running away from: WolfC1
Rabbit B3 is Hungry
Rabbit B3f ate
Rabbit B3 f is ready to mate
Rabbit A2f is running away from: LionA0
Rabbit A2f is running away from: WolfC0
Rabbit A2 is Hungry
Rabbit A2 f is ready to mate
Rabbit B1f is running away from: LionB0
Rabbit B1f is running away from: WolfB5
Rabbit B1 is Hungry
Rabbit B1 f is ready to mate
Rabbit A0f is running away from: LionA0
Rabbit A0f is running away from: WolfA3
Rabbit A0 is Hungry
Rabbit A0 f is ready to mate
Rabbit C1m is running away from: LionA0
Rabbit C1m is running away from: WolfA2
Rabbit C1 is Hungry
Rabbit C1 m is ready to mate
Rabbit C1 m is approaching partner: Rabbit A1f
Rabbit A4f is running away from: LionA0
Rabbit A4f is running away from: WolfC1
Rabbit A4 is Hungry
Rabbit A4f ate
Rabbit A4 f is ready to mate
Rabbit B1f is running away from: LionB0
Rabbit B1f is running away from: WolfB5
Rabbit B1 is Hungry
Rabbit B1f ate
Rabbit B1 f is ready to mate
Rabbit C5f is running away from: LionA0
Rabbit C5f is running away from: WolfB4
Rabbit C5 is Hungry
Rabbit B0f is running away from: LionB4
Rabbit B0f is running away from: WolfB5
Rabbit B0 is Hungry
Rabbit B0 f is ready to mate
Rabbit A1m is running away from: LionA0
Rabbit A1m is running away from: WolfB4
Rabbit A1 is Hungry
Lion A5 is Thirsty
Lion A5 drank water
Lion A5 is Hungry
LionA5fis chasing: B1f
Lion A5 f is ready to mate
Lion B0 is Thirsty
Lion B0 drank water
Lion B0 is Hungry
LionB0fis chasing: A2f
Lion B0f ate!
Lion B0 f is ready to mate
Lion B4 is Thirsty
Lion B4 drank water
Lion B4 is Hungry
LionB4fis chasing: B1f
Lion B4 f is ready to mate
Lion A0 is Thirsty
Lion A0 drank water
Lion A0 is Hungry
LionA0fis chasing: C1f
Lion A0 f is ready to mate
Lion C5 is Thirsty
Lion C5 drank water
Lion C5 is Hungry
LionC5fis chasing: B1f
Lion C5 f is ready to mate
Wolf A3m is running away from: LionA0
Wolf A3 is Hungry
Wolf A3m is chasing: A1f
Wolf A3 is Thirsty
Wolf A3drank water
Wolf A3 m is ready to mate
Wolf C0f is running away from: LionA0
Wolf C0 is Hungry
Wolf C0f is chasing: A1f
Wolf C0 is Thirsty
Wolf C0drank water
Wolf C0 f is ready to mate
Wolf B5f is running away from: LionB0
Wolf B5 is Hungry
Wolf B5f is chasing: C5f
Wolf B5 is Thirsty
Wolf B5drank water
Wolf B5 f is ready to mate
Wolf C4f is running away from: LionA0
Wolf C4 is Hungry
Wolf C4f is chasing: A1f
Wolf C4 is Thirsty
Wolf C4drank water
Wolf C4 f is ready to mate
Wolf B4f is running away from: LionA5
Wolf B4 is Hungry
Wolf B4f is chasing: B3f
Wolf B4 is Thirsty
Wolf B4drank water
Wolf A2m is running away from: LionA0
Wolf A2 is Hungry
Wolf A2m is chasing: C1m
Wolf A2 is Thirsty
Wolf A2drank water
Wolf A2 m is ready to mate
Wolf C0m is running away from: LionA0
Wolf C0 is Hungry
Wolf C0m is chasing: A1f
Wolf C0 is Thirsty
Wolf C0drank water
Wolf C0 m is ready to mate
Wolf C1f is running away from: LionA0
Wolf C1 is Thirsty
Wolf C1drank water
Wolf C1 f is ready to mate
Wolf C3f is running away from: LionA5
Wolf C3 is Hungry
Wolf C3f is chasing: B3f
Rabbit B3m is running away from: LionB4
Rabbit B3m is running away from: WolfC1
Rabbit B3 is Hungry
Rabbit B3 m is ready to mate
Rabbit B3 m is approaching partner: Rabbit C5f
Rabbit B1 m was born!Father is B3 and Mother is C5
Rabbit B1f is running away from: LionA5
Rabbit B1f is running away from: WolfA3
Rabbit B1 is Hungry
Rabbit B1 f is ready to mate
Rabbit A1f is running away from: LionA0
Rabbit A1f is running away from: WolfC4
Rabbit A1 is Hungry
Rabbit A1 f is ready to mate
Rabbit A3m is running away from: LionB4
Rabbit A3m is running away from: WolfC1
Rabbit A3 is Hungry
Rabbit A3 m is ready to mate
Rabbit A3 m is approaching partner: Rabbit B1f
Rabbit C4 f was born!Father is A3 and Mother is B1
Rabbit C5m is running away from: LionA0
Rabbit C5m is running away from: WolfB4
Rabbit C5 is Hungry
Rabbit C5 m is ready to mate
Rabbit C5 m is approaching partner: Rabbit A1f
Rabbit A2m is running away from: LionB4
Rabbit A2m is running away from: WolfC1
Rabbit A2 is Hungry
Rabbit A2 m is ready to mate
Rabbit A2 m is approaching partner: Rabbit B1f
Rabbit B1f is running away from: LionA0
Rabbit B1f is running away from: WolfB4
Rabbit B1 is Hungry
Rabbit C5f is running away from: LionA5
Rabbit C5f is running away from: WolfA3
Rabbit C5 is Hungry
Rabbit C5 f is ready to mate
Rabbit C5f is running away from: LionB0
Rabbit C5f is running away from: WolfB5
Rabbit C5 is Hungry
Rabbit B3f is running away from: LionA0
Rabbit B3f is running away from: WolfC0
Rabbit B3 is Hungry
Rabbit B3f ate
Rabbit B3 f is ready to mate
Rabbit A2f is running away from: LionA0
Rabbit A2f is running away from: WolfC4
Rabbit A2 is Hungry
Rabbit A2 f is ready to mate
Rabbit B1f is running away from: LionC5
Rabbit B1f is running away from: WolfB5
Rabbit B1 is Hungry
RabbitB1f died of hunger
Rabbit A0f is running away from: LionA0
Rabbit A0f is running away from: WolfA3
Rabbit A0 is Hungry
Rabbit A0f ate
Rabbit A0 f is ready to mate
Rabbit C1m is running away from: LionA0
Rabbit C1m is running away from: WolfA2
Rabbit C1 is Hungry
Rabbit C1m ate
Rabbit C1 m is ready to mate
Rabbit C1 m is approaching partner: Rabbit A1f
Rabbit A4f is running away from: LionA0
Rabbit A4f is running away from: WolfC0
Rabbit A4 is Hungry
Rabbit A4f ate
Rabbit A4 f is ready to mate
Rabbit B1f is running away from: LionB4
Rabbit B1f is running away from: WolfC1
Rabbit B1 is Hungry
Rabbit B1f ate
Rabbit B1 f is ready to mate
Rabbit C5f is running away from: LionA0
Rabbit C5f is running away from: WolfB4
Rabbit C5 is Hungry
Rabbit B0f is running away from: LionB4
Rabbit B0f is running away from: WolfC1
Rabbit B0 is Hungry
Rabbit B0f ate
Rabbit B0 f is ready to mate
Rabbit A1m is running away from: LionA0
Rabbit A1m is running away from: WolfB4
Rabbit A1 is Hungry
Rabbit A1 m is ready to mate
Rabbit A1 m is approaching partner: Rabbit A2f
Rabbit B3f is running away from: LionA0
Rabbit B3f is running away from: WolfB4
Rabbit B3 is Hungry
Lion A5 is Thirsty
Lion A5 drank water
Lion A5 is Hungry
LionA5fis chasing: B0f
Lion A5 f is ready to mate
Lion B0 is Thirsty
Lion B0 drank water
Lion B0 f is ready to mate
Lion B4 is Thirsty
Lion B4 drank water
Lion B4 is Hungry
LionB4fis chasing: B1f
Lion B4 f is ready to mate
Lion A0 is Thirsty
Lion A0 drank water
Lion A0 is Hungry
LionA0fis chasing: B0f
Lion A0 f is ready to mate
Lion C5 is Thirsty
Lion C5 drank water
Lion C5 is Hungry
LionC5fis chasing: C4f
Lion C5 f is ready to mate
Wolf A3m is running away from: LionA0
Wolf A3 is Hungry
WolfA3m died of hunger
Wolf A3m is chasing: A2f
Wolf A3 is Thirsty
Wolf A3drank water
Wolf A3 m is ready to mate
Wolf C0f is running away from: LionA0
Wolf C0 is Hungry
WolfC0f died of hunger
Wolf C0f is chasing: A1f
Wolf C0 is Thirsty
Wolf C0drank water
Wolf C0 f is ready to mate
Wolf B5f is running away from: LionC5
Wolf B5f ate!
Wolf B5 is Thirsty
Wolf B5drank water
Wolf B5 f is ready to mate
Wolf C4f is running away from: LionA0
Wolf C4 is Hungry
Wolf C4f is chasing: A1f
Wolf C4 is Thirsty
Wolf C4drank water
Wolf C4 f is ready to mate
Wolf B4f is running away from: LionA0
Wolf B4 is Hungry
Wolf B4f is chasing: C5m
Wolf B4 is Thirsty
Wolf B4drank water
Wolf A2m is running away from: LionA0
Wolf A2 is Hungry
Wolf A2m is chasing: C1m
Wolf A2 is Thirsty
Wolf A2drank water
Wolf A2 m is ready to mate
Wolf C0m is running away from: LionA0
Wolf C0 is Hungry
WolfC0m died of hunger
Wolf C0m is chasing: A1f
Wolf C0 is Thirsty
Wolf C0drank water
Wolf C0 m is ready to mate
Wolf C1f is running away from: LionB0
Wolf C1f ate!
Wolf C1 is Thirsty
Wolf C1drank water
Wolf C1 f is ready to mate
Wolf C3f is running away from: LionA0
Wolf C3 is Hungry
Wolf C3f is chasing: C5m
Rabbit B3m is running away from: LionB0
Rabbit B3m is running away from: WolfB5
Rabbit B3 is Hungry
RabbitB3m died of hunger
Rabbit B3 m is ready to mate
Rabbit B3 m is approaching partner: Rabbit B1f
Rabbit A2 f was born!Father is B3 and Mother is B1
Rabbit B1f is running away from: LionA5
Rabbit B1f is running away from: WolfC1
Rabbit B1 is Hungry
Rabbit B1f ate
Rabbit B1 f is ready to mate
Rabbit A1f is running away from: LionA0
Rabbit A1f is running away from: WolfC4
Rabbit A1 is Hungry
Rabbit A1f ate
Rabbit A1 f is ready to mate
Rabbit A3m is running away from: LionC5
Rabbit A3m is running away from: WolfB5
Rabbit A3 is Hungry
Rabbit A3 m is ready to mate
Rabbit A3 m is approaching partner: Rabbit B3f
Rabbit C5m is running away from: LionA0
Rabbit C5m is running away from: WolfB4
Rabbit C5 is Hungry
Rabbit C5 m is ready to mate
Rabbit C5 m is approaching partner: Rabbit A1f
Rabbit A2m is running away from: LionB4
Rabbit A2m is running away from: WolfC1
Rabbit A2 is Hungry
Rabbit A2 m is ready to mate
Rabbit A2 m is approaching partner: Rabbit B3f
Rabbit B1f is running away from: LionA0
Rabbit B1f is running away from: WolfB4
Rabbit B1 is Hungry
Rabbit B1 f is ready to mate
Rabbit C5f is running away from: LionA5
Rabbit C5f is running away from: WolfC1
Rabbit C5 is Hungry
RabbitC5f died of hunger
Rabbit C5 f is ready to mate
Rabbit B3f is running away from: LionA0
Rabbit B3f is running away from: WolfC4
Rabbit B3 is Hungry
Rabbit B3f ate
Rabbit B3 f is ready to mate
Rabbit A2f is running away from: LionA0
Rabbit A2f is running away from: WolfC4
Rabbit A2 is Hungry
RabbitA2f died of hunger
Rabbit A2f ate
Rabbit A2 f is ready to mate
Rabbit A0f is running away from: LionA0
Rabbit A0f is running away from: WolfC4
Rabbit A0 is Hungry
Rabbit A0f ate
Rabbit A0 f is ready to mate
Rabbit C1m is running away from: LionA0
Rabbit C1m is running away from: WolfA2
Rabbit C1 is Hungry
Rabbit C1 m is ready to mate
Rabbit C1 m is approaching partner: Rabbit B1f
Rabbit A4f is running away from: LionA0
Rabbit A4f is running away from: WolfC4
Rabbit A4 is Hungry
Rabbit A4f ate
Rabbit A4 f is ready to mate
Rabbit B1f is running away from: LionB4
Rabbit B1f is running away from: WolfC1
Rabbit B1 is Hungry
Rabbit C5f is running away from: LionA0
Rabbit C5f is running away from: WolfB4
Rabbit C5 is Hungry
Rabbit C5 f is ready to mate
Rabbit A1m is running away from: LionA0
Rabbit A1m is running away from: WolfC3
Rabbit A1 is Hungry
Rabbit A1 m is ready to mate
Rabbit A1 m is approaching partner: Rabbit B1f
Rabbit B3f is running away from: LionA0
Rabbit B3f is running away from: WolfB4
Rabbit B3 is Hungry
Rabbit B3 f is ready to mate
Rabbit B1m is running away from: LionB0
Rabbit B1m is running away from: WolfB5
Rabbit B1 is Hungry
Rabbit B1m ate
Rabbit C4f is running away from: LionC5
Rabbit C4f is running away from: WolfC1
Rabbit C4 is Hungry
Lion A5 is Thirsty
Lion A5 drank water
Lion A5 is Hungry
LionA5fis chasing: C1f
Lion A5 f is ready to mate
Lion B0 is Thirsty
Lion B0 drank water
Lion B0 f is ready to mate
Lion B4 is Thirsty
Lion B4 drank water
Lion B4 is Hungry
LionB4fis chasing: A2f
Lion B4 f is ready to mate
Lion A0 is Thirsty
Lion A0 drank water
Lion A0 is Hungry
LionA0fis chasing: C1f
Lion A0 f is ready to mate
Lion C5 is Thirsty
Lion C5 drank water
Lion C5 is Hungry
LionC5fis chasing: B1f
Lion C5 f is ready to mate
Wolf B5f is running away from: LionC5
Wolf B5 is Thirsty
Wolf B5drank water
Wolf B5 f is ready to mate
Wolf C4f is running away from: LionA0
Wolf C4 is Hungry
Wolf C4f is chasing: A1f
Wolf C4 is Thirsty
Wolf C4drank water
Wolf C4 f is ready to mate
Wolf B4f is running away from: LionA5
Wolf B4 is Hungry
Wolf B4f is chasing: C5f
Wolf B4 is Thirsty
Wolf B4drank water
Wolf A2m is running away from: LionA0
Wolf A2 is Hungry
WolfA2m died of hunger
Wolf A2m is chasing: C1m
Wolf A2 is Thirsty
Wolf A2drank water
Wolf A2 m is ready to mate
Wolf C1f is running away from: LionA5
Wolf C1 is Thirsty
Wolf C1drank water
Wolf C1 f is ready to mate
Wolf C3f is running away from: LionA0
Wolf C3 is Hungry
Wolf C3f is chasing: C5f
Rabbit B1f is running away from: LionA5
Rabbit B1f is running away from: WolfC4
Rabbit B1 is Hungry
Rabbit B1 f is ready to mate
Rabbit A1f is running away from: LionA0
Rabbit A1f is running away from: WolfB4
Rabbit A1 is Hungry
Rabbit A1f ate
Rabbit A1 f is ready to mate
Rabbit A3m is running away from: LionB0
Rabbit A3m is running away from: WolfC1
Rabbit A3 is Hungry
RabbitA3m died of hunger
Rabbit A3 m is ready to mate
Rabbit A3 m is approaching partner: Rabbit A4f
Rabbit C5m is running away from: LionA0
Rabbit C5m is running away from: WolfB4
Rabbit C5 is Hungry
Rabbit C5 m is ready to mate
Rabbit C5 m is approaching partner: Rabbit B1f
Rabbit A2m is running away from: LionB0
Rabbit A2m is running away from: WolfC1
Rabbit A2 is Hungry
RabbitA2m died of hunger
Rabbit A2 m is ready to mate
Rabbit A2 m is approaching partner: Rabbit B3f
Rabbit B1f is running away from: LionA0
Rabbit B1f is running away from: WolfB4
Rabbit B1 is Hungry
Rabbit B1 f is ready to mate
Rabbit B3f is running away from: LionA0
Rabbit B3f is running away from: WolfC4
Rabbit B3 is Hungry
Rabbit B3f ate
Rabbit B3 f is ready to mate
Rabbit A0f is running away from: LionA5
Rabbit A0f is running away from: WolfC4
Rabbit A0 is Hungry
Rabbit A0f ate
Rabbit A0 f is ready to mate
Rabbit C1m is running away from: LionA0
Rabbit C1m is running away from: WolfB4
Rabbit C1 is Hungry
Rabbit C1 m is ready to mate
Rabbit C1 m is approaching partner: Rabbit B1f
Rabbit A4f is running away from: LionA0
Rabbit A4f is running away from: WolfC4
Rabbit A4 is Hungry
Rabbit A4 f is ready to mate
Rabbit B1f is running away from: LionC5
Rabbit B1f is running away from: WolfC1
Rabbit B1 is Hungry
Rabbit B1f ate
Rabbit C5f is running away from: LionA0
Rabbit C5f is running away from: WolfB4
Rabbit C5 is Hungry
RabbitC5f died of hunger
Rabbit C5 f is ready to mate
Rabbit A1m is running away from: LionA0
Rabbit A1m is running away from: WolfB4
Rabbit A1 is Hungry
Rabbit A1 m is ready to mate
Rabbit A1 m is approaching partner: Rabbit B1f
Rabbit B3f is running away from: LionA0
Rabbit B3f is running away from: WolfB4
Rabbit B3 is Hungry
Rabbit B3 f is ready to mate
Rabbit B1m is running away from: LionB0
Rabbit B1m is running away from: WolfB5
Rabbit B1 is Hungry
Rabbit B1m ate
Rabbit B1 m is ready to mate
Rabbit B1 m is approaching partner: Rabbit B3f
Rabbit C4f is running away from: LionB0
Rabbit C4f is running away from: WolfB5
Rabbit C4 is Hungry
Rabbit C4 f is ready to mate
Rabbit A2f is running away from: LionB4
Rabbit A2f is running away from: WolfC1
Rabbit A2 is Hungry
Rabbit A2f ate
Lion A5 is Thirsty
Lion A5 drank water
Lion A5 is Hungry
LionA5fis chasing: A2f
Lion A5 f is ready to mate
Lion B0 is Thirsty
Lion B0 drank water
Lion B0 f is ready to mate
Lion B4 is Thirsty
Lion B4 drank water
Lion B4 is Hungry
LionB4fis chasing: C1f
Lion B4 f is ready to mate
Lion A0 is Thirsty
Lion A0 drank water
Lion A0 is Hungry
LionA0fis chasing: A2f
Lion A0 f is ready to mate
Lion C5 is Thirsty
Lion C5 drank water
Lion C5 is Hungry
LionC5fis chasing: C4f
Lion C5 f is ready to mate
Wolf B5f is running away from: LionB0
Wolf B5f ate!
Wolf B5 is Thirsty
Wolf B5drank water
Wolf B5 f is ready to mate
Wolf C4f is running away from: LionA5
Wolf C4 is Hungry
WolfC4f died of hunger
Wolf C4f is chasing: A1f
Wolf C4 is Thirsty
Wolf C4drank water
Wolf C4 f is ready to mate
Wolf B4f is running away from: LionA0
Wolf B4 is Hungry
WolfB4f died of hunger
Wolf B4f is chasing: B3f
Wolf B4 is Thirsty
Wolf B4drank water
Wolf C1f is running away from: LionB0
Wolf C1 is Thirsty
Wolf C1drank water
Wolf C1 f is ready to mate
Wolf C3f is running away from: LionA0
Wolf C3 is Hungry
Wolf C3f is chasing: B3f
Rabbit B1f is running away from: LionA0
Rabbit B1f is running away from: WolfC1
Rabbit B1 is Hungry
Rabbit B1f ate
Rabbit B1 f is ready to mate
Rabbit A1f is running away from: LionA0
Rabbit A1f is running away from: WolfC3
Rabbit A1 is Hungry
Rabbit A1 f is ready to mate
Rabbit C5m is running away from: LionA0
Rabbit C5m is running away from: WolfC3
Rabbit C5 is Hungry
RabbitC5m died of hunger
Rabbit C5 m is ready to mate
Rabbit C5 m is approaching partner: Rabbit B1f
Rabbit B1f is running away from: LionA0
Rabbit B1f is running away from: WolfC3
Rabbit B1 is Hungry
RabbitB1f died of hunger
Rabbit B1 f is ready to mate
Rabbit B3f is running away from: LionA5
Rabbit B3f is running away from: WolfC1
Rabbit B3 is Hungry
Rabbit B3f ate
Rabbit B3 f is ready to mate
Rabbit A0f is running away from: LionA0
Rabbit A0f is running away from: WolfC1
Rabbit A0 is Hungry
Rabbit A0f ate
Rabbit A0 f is ready to mate
Rabbit C1m is running away from: LionA0
Rabbit C1m is running away from: WolfC3
Rabbit C1 is Hungry
Rabbit C1m ate
Rabbit C1 m is ready to mate
Rabbit C1 m is approaching partner: Rabbit B3f
Rabbit A4f is running away from: LionA5
Rabbit A4f is running away from: WolfC1
Rabbit A4 is Hungry
Rabbit A4f ate
Rabbit A4 f is ready to mate
Rabbit A1m is running away from: LionA0
Rabbit A1m is running away from: WolfC3
Rabbit A1 is Hungry
RabbitA1m died of hunger
Rabbit A1 m is ready to mate
Rabbit A1 m is approaching partner: Rabbit B3f
Rabbit A2 f was born!Father is A1 and Mother is B3
Rabbit B3f is running away from: LionA0
Rabbit B3f is running away from: WolfC3
Rabbit B3 is Hungry
Rabbit B1m is running away from: LionB0
Rabbit B1m is running away from: WolfB5
Rabbit B1 is Hungry
Rabbit B1 m is ready to mate
Rabbit B1 m is approaching partner: Rabbit C4f
Rabbit C4f is running away from: LionB0
Rabbit C4f is running away from: WolfB5
Rabbit C4 is Hungry
Rabbit C4f ate
Rabbit C4 f is ready to mate
Rabbit A2f is running away from: LionA5
Rabbit A2f is running away from: WolfC1
Rabbit A2 is Hungry
Rabbit A2f ate
Rabbit A2 f is ready to mate
Lion A5 is Thirsty
Lion A5 drank water
Lion A5 is Hungry
LionA5fis chasing: A2f
Lion A5 f is ready to mate
Lion B0 is Thirsty
Lion B0 drank water
Lion B0 f is ready to mate
Lion B4 is Thirsty
Lion B4 drank water
Lion B4 is Hungry
LionB4fis chasing: C1f
Lion B4 f is ready to mate
Lion A0 is Thirsty
Lion A0 drank water
Lion A0 is Hungry
LionA0fis chasing: A2f
Lion A0 f is ready to mate
Lion C5 is Thirsty
Lion C5 drank water
Lion C5 is Hungry
LionC5fis chasing: C1f
Lion C5 f is ready to mate
Wolf B5f is running away from: LionB0
Wolf B5 is Thirsty
Wolf B5drank water
Wolf B5 f is ready to mate
Wolf C1f is running away from: LionB0
Wolf C1 is Thirsty
Wolf C1drank water
Wolf C1 f is ready to mate
Wolf C3f is running away from: LionA0
Wolf C3 is Hungry
Wolf C3f is chasing: A2f
Rabbit B1f is running away from: LionA5
Rabbit B1f is running away from: WolfC3
Rabbit B1 is Hungry
Rabbit B1 f is ready to mate
Rabbit A1f is running away from: LionA0
Rabbit A1f is running away from: WolfC3
Rabbit A1 is Hungry
Rabbit A1 f is ready to mate
Rabbit B3f is running away from: LionA0
Rabbit B3f is running away from: WolfC1
Rabbit B3 is Hungry
Rabbit B3f ate
Rabbit B3 f is ready to mate
Rabbit A0f is running away from: LionB4
Rabbit A0f is running away from: WolfC1
Rabbit A0 is Hungry
Rabbit A0 f is ready to mate
Rabbit C1m is running away from: LionA0
Rabbit C1m is running away from: WolfC3
Rabbit C1 is Hungry
Rabbit C1 m is ready to mate
Rabbit C1 m is approaching partner: Rabbit A1f
Rabbit A4f is running away from: LionA0
Rabbit A4f is running away from: WolfC1
Rabbit A4 is Hungry
Rabbit A4f ate
Rabbit A4 f is ready to mate
Rabbit B3f is running away from: LionA0
Rabbit B3f is running away from: WolfC3
Rabbit B3 is Hungry
RabbitB3f died of hunger
Rabbit B1m is running away from: LionB0
Rabbit B1m is running away from: WolfB5
Rabbit B1 is Hungry
Rabbit B1m ate
Rabbit B1 m is ready to mate
Rabbit B1 m is approaching partner: Rabbit C4f
Rabbit C4f is running away from: LionC5
Rabbit C4f is running away from: WolfB5
Rabbit C4 is Hungry
Rabbit C4f ate
Rabbit C4 f is ready to mate
Rabbit A2f is running away from: LionB0
Rabbit A2f is running away from: WolfB5
Rabbit A2 is Hungry
Rabbit A2 f is ready to mate
Rabbit A2f is running away from: LionA0
Rabbit A2f is running away from: WolfC3
Rabbit A2 is Hungry
Lion A5 is Thirsty
Lion A5 drank water
Lion A5 is Hungry
LionA5fis chasing: A2f
Lion A5f ate!
Lion A5 f is ready to mate
Lion B0 is Thirsty
Lion B0 drank water
Lion B0 f is ready to mate
Lion B4 is Thirsty
Lion B4 drank water
Lion B4 is Hungry
LionB4fis chasing: C1f
Lion B4 f is ready to mate
Lion A0 is Thirsty
Lion A0 drank water
Lion A0 is Hungry
LionA0fis chasing: C1f
Lion A0 f is ready to mate
Lion C5 is Thirsty
Lion C5 drank water
Lion C5 is Hungry
LionC5fis chasing: B5f
Lion C5 f is ready to mate
Wolf B5f is running away from: LionB0
Wolf B5 is Thirsty
Wolf B5drank water
Wolf B5 f is ready to mate
Wolf C1f is running away from: LionB4
Wolf C1 is Hungry
Wolf C1f is chasing: C4f
Wolf C1 is Thirsty
Wolf C1drank water
Wolf C1 f is ready to mate
Wolf C3f is running away from: LionA0
Wolf C3 is Hungry
Wolf C3f is chasing: A2f
Rabbit B1f is running away from: LionA0
Rabbit B1f is running away from: WolfC3
Rabbit B1 is Hungry
Rabbit B1 f is ready to mate
Rabbit A1f is running away from: LionA0
Rabbit A1f is running away from: WolfC3
Rabbit A1 is Hungry
Rabbit A1 f is ready to mate
Rabbit B3f is running away from: LionA0
Rabbit B3f is running away from: WolfB5
Rabbit B3 is Hungry
Rabbit B3f ate
Rabbit B3 f is ready to mate
Rabbit A0f is running away from: LionA0
Rabbit A0f is running away from: WolfC3
Rabbit A0 is Hungry
Rabbit A0 f is ready to mate
Rabbit C1m is running away from: LionA0
Rabbit C1m is running away from: WolfC3
Rabbit C1 is Hungry
Rabbit C1 m is ready to mate
Rabbit C1 m is approaching partner: Rabbit A1f
Rabbit A4f is running away from: LionA0
Rabbit A4f is running away from: WolfC3
Rabbit A4 is Hungry
Rabbit A4f ate
Rabbit A4 f is ready to mate
Rabbit B1m is running away from: LionB0
Rabbit B1m is running away from: WolfB5
Rabbit B1 is Hungry
Rabbit B1m ate
Rabbit B1 m is ready to mate
Rabbit B1 m is approaching partner: Rabbit C4f
Rabbit C4f is running away from: LionB0
Rabbit C4f is running away from: WolfB5
Rabbit C4 is Hungry
Rabbit C4f ate
Rabbit C4 f is ready to mate
Rabbit A2f is running away from: LionA0
Rabbit A2f is running away from: WolfC3
Rabbit A2 is Hungry
Lion A5 is Thirsty
Lion A5 drank water
Lion A5 f is ready to mate
Lion B0 is Thirsty
Lion B0 drank water
Lion B0 f is ready to mate
Lion B4 is Hungry
LionB4fis chasing: C1f
Lion B4 f is ready to mate
Lion A0 is Thirsty
Lion A0 drank water
Lion A0 is Hungry
LionA0fis chasing: B5f
Lion A0 f is ready to mate
Lion C5 is Thirsty
Lion C5 drank water
Lion C5 is Hungry
LionC5fis chasing: C1f
Lion C5 f is ready to mate
Wolf B5f is running away from: LionB0
Wolf B5 is Thirsty
Wolf B5drank water
Wolf B5 f is ready to mate
Wolf C1f is running away from: LionB4
Wolf C1 is Hungry
Wolf C1f is chasing: C4f
Wolf C1 is Thirsty
Wolf C1drank water
Wolf C1 f is ready to mate
Wolf C3f is running away from: LionA0
Wolf C3 is Hungry
Wolf C3f is chasing: A2f
Wolf C3 is Thirsty
Wolf C3drank water
Rabbit B1f is running away from: LionB4
Rabbit B1f is running away from: WolfC3
Rabbit B1 is Hungry
Rabbit B1 f is ready to mate
Rabbit A1f is running away from: LionA0
Rabbit A1f is running away from: WolfC3
Rabbit A1 is Hungry
Rabbit A1f ate
Rabbit A1 f is ready to mate
Rabbit B3f is running away from: LionA0
Rabbit B3f is running away from: WolfC3
Rabbit B3 is Hungry
Rabbit B3 f is ready to mate
Rabbit A0f is running away from: LionB4
Rabbit A0f is running away from: WolfC3
Rabbit A0 is Hungry
Rabbit A0 f is ready to mate
Rabbit C1m is running away from: LionA0
Rabbit C1m is running away from: WolfC3
Rabbit C1 is Hungry
Rabbit C1 m is ready to mate
Rabbit C1 m is approaching partner: Rabbit A1f
Rabbit A4f is running away from: LionA0
Rabbit A4f is running away from: WolfC3
Rabbit A4 is Hungry
Rabbit A4f ate
Rabbit A4 f is ready to mate
Rabbit B1m is running away from: LionB0
Rabbit B1m is running away from: WolfB5
Rabbit B1 is Hungry
Rabbit B1m ate
Rabbit B1 m is ready to mate
Rabbit B1 m is approaching partner: Rabbit C4f
Rabbit C4f is running away from: LionC5
Rabbit C4f is running away from: WolfB5
Rabbit C4 is Hungry
Rabbit C4f ate
Rabbit C4 f is ready to mate
Rabbit A2f is running away from: LionA0
Rabbit A2f is running away from: WolfC3
Rabbit A2 is Hungry
Lion A5 f is ready to mate
Lion B0 is Thirsty
Lion B0 drank water
Lion B0 f is ready to mate
Lion B4 is Hungry
LionB4fis chasing: C1f
LionB4f ate: C1f
Lion B4 f is ready to mate
Lion A0 is Thirsty
Lion A0 drank water
Lion A0 is Hungry
LionA0fis chasing: B3f
Lion A0 f is ready to mate
Lion C5 is Thirsty
Lion C5 drank water
Lion C5 is Hungry
LionC5fis chasing: B5f
Lion C5 f is ready to mate
Wolf B5f is running away from: LionB0
Wolf B5 is Hungry
Wolf B5f is chasing: C4f
Wolf B5 is Thirsty
Wolf B5drank water
Wolf B5 f is ready to mate
Wolf C3f is running away from: LionA0
Wolf C3 is Hungry
Wolf C3f is chasing: A2f
Wolf C3 is Thirsty
Wolf C3drank water
Rabbit B1f is running away from: LionA0
Rabbit B1f is running away from: WolfC3
Rabbit B1 is Hungry
Rabbit B1 f is ready to mate
Rabbit A1f is running away from: LionA0
Rabbit A1f is running away from: WolfC3
Rabbit A1 is Hungry
Rabbit A1f ate
Rabbit A1 f is ready to mate
Rabbit B3f is running away from: LionA0
Rabbit B3f is running away from: WolfC3
Rabbit B3 is Hungry
Rabbit B3 f is ready to mate
Rabbit A0f is running away from: LionA0
Rabbit A0f is running away from: WolfC3
Rabbit A0 is Hungry
Rabbit A0 f is ready to mate
Rabbit C1m is running away from: LionA0
Rabbit C1m is running away from: WolfC3
Rabbit C1 is Hungry
Rabbit C1 m is ready to mate
Rabbit C1 m is approaching partner: Rabbit A1f
Rabbit A4f is running away from: LionA0
Rabbit A4f is running away from: WolfC3
Rabbit A4 is Hungry
Rabbit A4 f is ready to mate
Rabbit B1m is running away from: LionB0
Rabbit B1m is running away from: WolfB5
Rabbit B1 is Hungry
Rabbit B1m ate
Rabbit B1 m is ready to mate
Rabbit B1 m is approaching partner: Rabbit C4f
Rabbit C4f is running away from: LionC5
Rabbit C4f is running away from: WolfB5
Rabbit C4 is Hungry
Rabbit C4f ate
Rabbit C4 f is ready to mate
Rabbit A2f is running away from: LionA0
Rabbit A2f is running away from: WolfC3
Rabbit A2 is Hungry
Rabbit A2 f is ready to mate
Lion A5 f is ready to mate
Lion B0 is Thirsty
Lion B0 drank water
Lion B0 f is ready to mate
Lion B4 f is ready to mate
Lion A0 is Thirsty
Lion A0 drank water
Lion A0 is Hungry
LionA0fis chasing: B3f
Lion A0 f is ready to mate
Lion C5 is Thirsty
Lion C5 drank water
Lion C5 is Hungry
LionC5fis chasing: B5f
Lion C5 f is ready to mate
Wolf B5f is running away from: LionB4
Wolf B5 is Hungry
Wolf B5f is chasing: C4f
Wolf B5 is Thirsty
Wolf B5drank water
Wolf B5 f is ready to mate
Wolf C3f is running away from: LionA0
Wolf C3 is Hungry
WolfC3f died of hunger
Wolf C3f is chasing: C1m
Wolf C3 is Thirsty
Wolf C3drank water
Rabbit B1f is running away from: LionA5
Rabbit B1f is running away from: WolfB5
Rabbit B1 is Hungry
RabbitB1f died of hunger
Rabbit B1f ate
Rabbit B1 f is ready to mate
Rabbit A1f is running away from: LionA0
Rabbit A1f is running away from: WolfB5
Rabbit A1 is Hungry
Rabbit A1f ate
Rabbit A1 f is ready to mate
Rabbit B3f is running away from: LionA0
Rabbit B3f is running away from: WolfB5
Rabbit B3 is Hungry
Rabbit B3 f is ready to mate
Rabbit A0f is running away from: LionA5
Rabbit A0f is running away from: WolfB5
Rabbit A0 is Hungry
RabbitA0f died of hunger
Rabbit A0f ate
Rabbit A0 f is ready to mate
Rabbit C1m is running away from: LionA0
Rabbit C1m is running away from: WolfB5
Rabbit C1 is Hungry
RabbitC1m died of hunger
Rabbit C1m ate
Rabbit C1 m is ready to mate
Rabbit C1 m is approaching partner: Rabbit A2f
Rabbit A2 m was born!Father is C1 and Mother is A2
Rabbit A4f is running away from: LionA0
Rabbit A4f is running away from: WolfB5
Rabbit A4 is Hungry
Rabbit A4f ate
Rabbit A4 f is ready to mate
Rabbit B1m is running away from: LionB0
Rabbit B1m is running away from: WolfB5
Rabbit B1 is Hungry
Rabbit B1 m is ready to mate
Rabbit B1 m is approaching partner: Rabbit C4f
Rabbit C4f is running away from: LionB0
Rabbit C4f is running away from: WolfB5
Rabbit C4 is Hungry
Rabbit C4f ate
Rabbit C4 f is ready to mate
Rabbit A2f is running away from: LionA0
Rabbit A2f is running away from: WolfB5
Rabbit A2 is Hungry
RabbitA2f died of hunger
Lion A5 f is ready to mate
Lion B0 is Thirsty
Lion B0 drank water
Lion B0 f is ready to mate
Lion B4 f is ready to mate
Lion A0 is Hungry
LionA0fis chasing: B3f
Lion A0 f is ready to mate
Lion C5 is Hungry
LionC5fis chasing: B5f
Lion C5 f is ready to mate
Wolf B5f is running away from: LionB4
Wolf B5 is Hungry
Wolf B5f is chasing: B1m
Wolf B5 is Thirsty
Wolf B5drank water
Wolf B5 f is ready to mate
Rabbit A1 is Thirsty
Rabbit A1 drank water
Rabbit A1f is running away from: LionA0
Rabbit A1f is running away from: WolfB5
Rabbit A1 is Hungry
Rabbit A1f ate
Rabbit A1 f is ready to mate
Rabbit B3 is Thirsty
Rabbit B3 drank water
Rabbit B3f is running away from: LionA0
Rabbit B3f is running away from: WolfB5
Rabbit B3 is Hungry
Rabbit B3f ate
Rabbit B3 f is ready to mate
Rabbit A4f is running away from: LionA0
Rabbit A4f is running away from: WolfB5
Rabbit A4 is Hungry
Rabbit A4f ate
Rabbit A4 f is ready to mate
Rabbit B1m is running away from: LionC5
Rabbit B1m is running away from: WolfB5
Rabbit B1 is Hungry
Rabbit B1 m is ready to mate
Rabbit B1 m is approaching partner: Rabbit C4f
Rabbit C4f is running away from: LionC5
Rabbit C4f is running away from: WolfB5
Rabbit C4 is Hungry
Rabbit C4 f is ready to mate
Rabbit A2m is running away from: LionA0
Rabbit A2m is running away from: WolfB5
Rabbit A2 is Hungry
Lion A5 f is ready to mate
Lion B0 is Thirsty
Lion B0 drank water
Lion B0 is Hungry
LionB0fis chasing: B5f
Lion B0 f is ready to mate
Lion B4 f is ready to mate
Lion A0 is Hungry
LionA0fis chasing: B3f
Lion A0 f is ready to mate
Lion C5 is Hungry
LionC5fis chasing: B5f
Lion C5 f is ready to mate
Wolf B5f is running away from: LionB0
Wolf B5 is Hungry
Wolf B5f is chasing: B1m
Wolf B5 is Thirsty
Wolf B5drank water
Wolf B5 f is ready to mate
Rabbit A1 is Thirsty
Rabbit A1 drank water
Rabbit A1f is running away from: LionA0
Rabbit A1f is running away from: WolfB5
Rabbit A1 is Hungry
Rabbit A1f ate
Rabbit A1 f is ready to mate
Rabbit B3 is Thirsty
Rabbit B3 drank water
Rabbit B3f is running away from: LionA0
Rabbit B3f is running away from: WolfB5
Rabbit B3 is Hungry
Rabbit B3f ate
Rabbit B3 f is ready to mate
Rabbit A4f is running away from: LionA0
Rabbit A4f is running away from: WolfB5
Rabbit A4 is Hungry
Rabbit A4f ate
Rabbit A4 f is ready to mate
Rabbit B1m is running away from: LionC5
Rabbit B1m is running away from: WolfB5
Rabbit B1 is Hungry
Rabbit B1 m is ready to mate
Rabbit B1 m is approaching partner: Rabbit C4f
Rabbit C4f is running away from: LionC5
Rabbit C4f is running away from: WolfB5
Rabbit C4 is Hungry
Rabbit C4 f is ready to mate
Rabbit A2m is running away from: LionA0
Rabbit A2m is running away from: WolfB5
Rabbit A2 is Hungry
Rabbit A2m ate
Lion A5 f is ready to mate
Lion B0 is Thirsty
Lion B0 drank water
Lion B0 is Hungry
LionB0fis chasing: B5f
Lion B0 f is ready to mate
Lion B4 f is ready to mate
Lion A0 is Hungry
LionA0fis chasing: B3f
Lion A0 f is ready to mate
Lion C5 is Hungry
LionC5fis chasing: B5f
Lion C5 f is ready to mate
Wolf B5f is running away from: LionC5
Wolf B5 is Hungry
Wolf B5f is chasing: B1m
Wolf B5 is Thirsty
Wolf B5drank water
Wolf B5 f is ready to mate
Rabbit A1 is Thirsty
Rabbit A1 drank water
Rabbit A1f is running away from: LionA0
Rabbit A1f is running away from: WolfB5
Rabbit A1 is Hungry
Rabbit A1f ate
Rabbit A1 f is ready to mate
Rabbit B3 is Thirsty
Rabbit B3 drank water
Rabbit B3f is running away from: LionA0
Rabbit B3f is running away from: WolfB5
Rabbit B3 is Hungry
Rabbit B3f ate
Rabbit B3 f is ready to mate
Rabbit A4f is running away from: LionA0
Rabbit A4f is running away from: WolfB5
Rabbit A4 is Hungry
Rabbit A4f ate
Rabbit A4 f is ready to mate
Rabbit B1m is running away from: LionC5
Rabbit B1m is running away from: WolfB5
Rabbit B1 is Hungry
Rabbit B1 m is ready to mate
Rabbit B1 m is approaching partner: Rabbit C4f
Rabbit C4f is running away from: LionC5
Rabbit C4f is running away from: WolfB5
Rabbit C4 is Hungry
Rabbit C4 f is ready to mate
Rabbit A2m is running away from: LionA0
Rabbit A2m is running away from: WolfB5
Rabbit A2 is Hungry
Rabbit A2m ate
Lion A5 f is ready to mate
Lion B0 is Thirsty
Lion B0 drank water
Lion B0 is Hungry
LionB0fis chasing: B5f
Lion B0 f is ready to mate
Lion B4 f is ready to mate
Lion A0 is Hungry
LionA0fis chasing: B3f
Lion A0 f is ready to mate
Lion C5 is Hungry
LionC5fis chasing: B5f
Lion C5 f is ready to mate
Wolf B5f is running away from: LionC5
Wolf B5 is Hungry
Wolf B5f is chasing: B1m
Wolf B5 is Thirsty
Wolf B5drank water
Wolf B5 f is ready to mate
Rabbit A1 is Thirsty
Rabbit A1 drank water
Rabbit A1f is running away from: LionA0
Rabbit A1f is running away from: WolfB5
Rabbit A1 is Hungry
Rabbit A1f ate
Rabbit A1 f is ready to mate
Rabbit B3 is Thirsty
Rabbit B3 drank water
Rabbit B3f is running away from: LionA0
Rabbit B3f is running away from: WolfB5
Rabbit B3 is Hungry
Rabbit B3f ate
Rabbit B3 f is ready to mate
Rabbit A4 is Thirsty
Rabbit A4 drank water
Rabbit A4f is running away from: LionA0
Rabbit A4f is running away from: WolfB5
Rabbit A4 is Hungry
Rabbit A4f ate
Rabbit A4 f is ready to mate
Rabbit B1m is running away from: LionC5
Rabbit B1m is running away from: WolfB5
Rabbit B1 is Hungry
RabbitB1m died of hunger
Rabbit B1 m is ready to mate
Rabbit B1 m is approaching partner: Rabbit C4f
Rabbit C4f is running away from: LionC5
Rabbit C4f is running away from: WolfB5
Rabbit C4 is Hungry
Rabbit C4 f is ready to mate
Rabbit A2m is running away from: LionA0
Rabbit A2 is Hungry
Lion A5 f is ready to mate
Lion B0 is Thirsty
Lion B0 drank water
Lion B0 is Hungry
LionB0fis chasing: B5f
Lion B0 f is ready to mate
Lion B4 f is ready to mate
Lion A0 is Hungry
LionA0fis chasing: B3f
Lion A0 f is ready to mate
Lion C5 is Hungry
LionC5fis chasing: B5f
Lion C5 f is ready to mate
Wolf B5f is running away from: LionC5
Wolf B5 is Hungry
Wolf B5f is chasing: C4f
Wolf B5f ate!
Wolf B5 is Thirsty
Wolf B5drank water
Wolf B5 f is ready to mate
Rabbit A1 is Thirsty
Rabbit A1 drank water
Rabbit A1f is running away from: LionA0
Rabbit A1f is running away from: WolfB5
Rabbit A1 is Hungry
Rabbit A1 f is ready to mate
Rabbit B3 is Thirsty
Rabbit B3 drank water
Rabbit B3f is running away from: LionA0
Rabbit B3f is running away from: WolfB5
Rabbit B3 is Hungry
Rabbit B3f ate
Rabbit B3 f is ready to mate
Rabbit A4 is Thirsty
Rabbit A4 drank water
Rabbit A4f is running away from: LionA0
Rabbit A4f is running away from: WolfB5
Rabbit A4 is Hungry
Rabbit A4f ate
Rabbit A4 f is ready to mate
Rabbit A2m is running away from: LionA0
Rabbit A2 is Hungry
Rabbit A2 m is ready to mate
Rabbit A2 m is approaching partner: Rabbit A1f
Lion A5 f is ready to mate
Lion B0 is Thirsty
Lion B0 drank water
Lion B0 is Hungry
LionB0fis chasing: B5f
Lion B0 f is ready to mate
Lion B4 f is ready to mate
Lion A0 is Hungry
LionA0fis chasing: B3f
Lion A0 f is ready to mate
Lion C5 is Hungry
LionC5fis chasing: B5f
Lion C5 f is ready to mate
Wolf B5f is running away from: LionC5
Wolf B5 is Thirsty
Wolf B5drank water
Wolf B5 f is ready to mate
Rabbit A1 is Thirsty
Rabbit A1 drank water
Rabbit A1f is running away from: LionA0
Rabbit A1f is running away from: WolfB5
Rabbit A1 is Hungry
Rabbit A1 f is ready to mate
Rabbit B3 is Thirsty
Rabbit B3 drank water
Rabbit B3f is running away from: LionA0
Rabbit B3f is running away from: WolfB5
Rabbit B3 is Hungry
Rabbit B3f ate
Rabbit B3 f is ready to mate
Rabbit A4 is Thirsty
Rabbit A4 drank water
Rabbit A4f is running away from: LionA0
Rabbit A4f is running away from: WolfB5
Rabbit A4 is Hungry
Rabbit A4 f is ready to mate
Rabbit A2m is running away from: LionA0
Rabbit A2m is running away from: WolfB5
Rabbit A2 is Hungry
Rabbit A2 m is ready to mate
Rabbit A2 m is approaching partner: Rabbit A1f
Lion A5 is Hungry
LionA5fis chasing: B5f
Lion A5 f is ready to mate
Lion B0 is Thirsty
Lion B0 drank water
Lion B0 is Hungry
LionB0fis chasing: B5f
Lion B0 f is ready to mate
Lion B4 is Thirsty
Lion B4 drank water
Lion B4 f is ready to mate
Lion A0 is Hungry
LionA0fis chasing: B3f
Lion A0 f is ready to mate
Lion C5 is Hungry
LionC5fis chasing: B5f
Lion C5 f is ready to mate
Wolf B5f is running away from: LionC5
Wolf B5 is Thirsty
Wolf B5drank water
Wolf B5 f is ready to mate
Rabbit A1 is Thirsty
Rabbit A1 drank water
Rabbit A1f is running away from: LionA0
Rabbit A1f is running away from: WolfB5
Rabbit A1 is Hungry
Rabbit A1 f is ready to mate
Rabbit B3 is Thirsty
Rabbit B3 drank water
Rabbit B3f is running away from: LionA0
Rabbit B3f is running away from: WolfB5
Rabbit B3 is Hungry
Rabbit B3 f is ready to mate
Rabbit A4 is Thirsty
Rabbit A4 drank water
Rabbit A4f is running away from: LionA0
Rabbit A4f is running away from: WolfB5
Rabbit A4 is Hungry
Rabbit A4f ate
Rabbit A4 f is ready to mate
Rabbit A2m is running away from: LionA0
Rabbit A2m is running away from: WolfB5
Rabbit A2 is Hungry
Rabbit A2 m is ready to mate
Rabbit A2 m is approaching partner: Rabbit A1f
Lion A5 is Thirsty
Lion A5 drank water
Lion A5 is Hungry
LionA5fis chasing: B5f
Lion A5 f is ready to mate
Lion B0 is Thirsty
Lion B0 drank water
Lion B0 is Hungry
LionB0fis chasing: B5f
Lion B0 f is ready to mate
Lion B4 f is ready to mate
Lion A0 is Hungry
LionA0fis chasing: B3f
Lion A0 f is ready to mate
Lion C5 is Hungry
LionC5fis chasing: B5f
Lion C5 f is ready to mate
Wolf B5f is running away from: LionC5
Wolf B5 is Thirsty
Wolf B5drank water
Wolf B5 f is ready to mate
Rabbit A1 is Thirsty
Rabbit A1 drank water
Rabbit A1f is running away from: LionA0
Rabbit A1f is running away from: WolfB5
Rabbit A1 is Hungry
Rabbit A1 f is ready to mate
Rabbit B3 is Thirsty
Rabbit B3 drank water
Rabbit B3f is running away from: LionA0
Rabbit B3f is running away from: WolfB5
Rabbit B3 is Hungry
Rabbit B3 f is ready to mate
Rabbit A4 is Thirsty
Rabbit A4 drank water
Rabbit A4f is running away from: LionA0
Rabbit A4f is running away from: WolfB5
Rabbit A4 is Hungry
Rabbit A4f ate
Rabbit A4 f is ready to mate
Rabbit A2m is running away from: LionA0
Rabbit A2m is running away from: WolfB5
Rabbit A2 is Hungry
RabbitA2m died of hunger
Rabbit A2 m is ready to mate
Rabbit A2 m is approaching partner: Rabbit A1f
Lion A5 is Thirsty
Lion A5 drank water
Lion A5 is Hungry
LionA5fis chasing: B5f
Lion A5 f is ready to mate
Lion B0 is Thirsty
Lion B0 drank water
Lion B0 is Hungry
LionB0fis chasing: B5f
Lion B0 f is ready to mate
Lion B4 is Hungry
LionB4fis chasing: B5f
Lion B4 f is ready to mate
Lion A0 is Hungry
LionA0fis chasing: B3f
Lion A0 f is ready to mate
Lion C5 is Hungry
LionC5fis chasing: B5f
Lion C5 f is ready to mate
Wolf B5f is running away from: LionC5
Wolf B5 is Hungry
Wolf B5f is chasing: B3f
Wolf B5 is Thirsty
Wolf B5drank water
Wolf B5 f is ready to mate
Rabbit A1 is Thirsty
Rabbit A1 drank water
Rabbit A1f is running away from: LionA0
Rabbit A1f is running away from: WolfB5
Rabbit A1 is Hungry
RabbitA1f died of hunger
Rabbit A1 f is ready to mate
Rabbit B3 is Thirsty
Rabbit B3 drank water
Rabbit B3f is running away from: LionA0
Rabbit B3f is running away from: WolfB5
Rabbit B3 is Hungry
Rabbit B3 f is ready to mate
Rabbit A4 is Thirsty
Rabbit A4 drank water
Rabbit A4f is running away from: LionA0
Rabbit A4f is running away from: WolfB5
Rabbit A4 is Hungry
Rabbit A4f ate
Rabbit A4 f is ready to mate
Lion A5 is Thirsty
Lion A5 drank water
Lion A5 is Hungry
LionA5fis chasing: B5f
Lion A5 f is ready to mate
Lion B0 is Thirsty
Lion B0 drank water
Lion B0 is Hungry
LionB0fis chasing: B5f
Lion B0 f is ready to mate
Lion B4 is Hungry
LionB4fis chasing: B5f
Lion B4 f is ready to mate
Lion A0 is Thirsty
Lion A0 drank water
Lion A0 is Hungry
LionA0fis chasing: B3f
Lion A0 f is ready to mate
Lion C5 is Thirsty
Lion C5 drank water
Lion C5 is Hungry
LionC5fis chasing: B5f
Lion C5 f is ready to mate
Wolf B5f is running away from: LionC5
Wolf B5 is Hungry
Wolf B5f is chasing: B3f
Wolf B5 is Thirsty
Wolf B5drank water
Wolf B5 f is ready to mate
Rabbit B3 is Thirsty
Rabbit B3 drank water
Rabbit B3f is running away from: LionA0
Rabbit B3f is running away from: WolfB5
Rabbit B3 is Hungry
Rabbit B3f ate
Rabbit B3 f is ready to mate
Rabbit A4 is Thirsty
Rabbit A4 drank water
Rabbit A4f is running away from: LionA0
Rabbit A4f is running away from: WolfB5
Rabbit A4 is Hungry
Rabbit A4 f is ready to mate
Lion A5 is Thirsty
Lion A5 drank water
Lion A5 is Hungry
LionA5fis chasing: B5f
Lion A5 f is ready to mate
Lion B0 is Thirsty
Lion B0 drank water
Lion B0 is Hungry
LionB0fis chasing: B5f
Lion B0 f is ready to mate
Lion B4 is Hungry
LionB4fis chasing: B5f
Lion B4 f is ready to mate
Lion A0 is Thirsty
Lion A0 drank water
Lion A0 is Hungry
LionA0fis chasing: A4f
Lion A0 f is ready to mate
Lion C5 is Thirsty
Lion C5 drank water
Lion C5 is Hungry
LionC5fis chasing: B5f
Lion C5 f is ready to mate
Wolf B5f is running away from: LionA5
Wolf B5 is Hungry
Wolf B5f is chasing: B3f
Wolf B5 is Thirsty
Wolf B5drank water
Wolf B5 f is ready to mate
Rabbit B3 is Thirsty
Rabbit B3 drank water
Rabbit B3f is running away from: LionA0
Rabbit B3f is running away from: WolfB5
Rabbit B3 is Hungry
Rabbit B3f ate
Rabbit B3 f is ready to mate
Rabbit A4 is Thirsty
Rabbit A4 drank water
Rabbit A4f is running away from: LionA0
Rabbit A4f is running away from: WolfB5
Rabbit A4 is Hungry
Rabbit A4 f is ready to mate
Lion A5 is Thirsty
Lion A5 drank water
Lion A5 is Hungry
LionA5fis chasing: B5f
Lion A5 f is ready to mate
Lion B0 is Thirsty
Lion B0 drank water
Lion B0 is Hungry
LionB0fis chasing: B5f
Lion B0 f is ready to mate
Lion B4 is Hungry
LionB4fis chasing: B5f
Lion B4 f is ready to mate
Lion A0 is Thirsty
Lion A0 drank water
Lion A0 is Hungry
LionA0fis chasing: B3f
Lion A0 f is ready to mate
Lion C5 is Thirsty
Lion C5 drank water
Lion C5 is Hungry
LionC5fis chasing: B5f
LionC5f ate: B5f
Lion C5 f is ready to mate
Rabbit B3 is Thirsty
Rabbit B3 drank water
Rabbit B3f is running away from: LionA0
Rabbit B3 is Hungry
Rabbit B3 f is ready to mate
Rabbit A4 is Thirsty
Rabbit A4 drank water
Rabbit A4f is running away from: LionA0
Rabbit A4 is Hungry
Rabbit A4 f is ready to mate
Lion A5 is Thirsty
Lion A5 drank water
Lion A5 is Hungry
LionA5fis chasing: B3f
Lion A5 f is ready to mate
Lion B0 is Thirsty
Lion B0 drank water
Lion B0 is Hungry
LionB0fis chasing: B3f
Lion B0 f is ready to mate
Lion B4 is Hungry
LionB4fis chasing: B3f
Lion B4 f is ready to mate
Lion A0 is Thirsty
Lion A0 drank water
Lion A0 is Hungry
LionA0fis chasing: A4f
Lion A0 f is ready to mate
Lion C5 is Thirsty
Lion C5 drank water
Lion C5 f is ready to mate
Rabbit B3 is Thirsty
Rabbit B3 drank water
Rabbit B3f is running away from: LionA0
Rabbit B3 is Hungry
Rabbit B3f ate
Rabbit B3 f is ready to mate
Rabbit A4 is Thirsty
Rabbit A4 drank water
Rabbit A4f is running away from: LionA0
Rabbit A4 is Hungry
Rabbit A4 f is ready to mate
Lion A5 is Thirsty
Lion A5 drank water
Lion A5 is Hungry
LionA5fis chasing: B3f
Lion A5 f is ready to mate
Lion B0 is Thirsty
Lion B0 drank water
Lion B0 is Hungry
LionB0fis chasing: B3f
Lion B0 f is ready to mate
Lion B4 is Hungry
LionB4fis chasing: B3f
Lion B4 f is ready to mate
Lion A0 is Thirsty
Lion A0 drank water
Lion A0 is Hungry
LionA0fis chasing: A4f
Lion A0 f is ready to mate
Lion C5 is Thirsty
Lion C5 drank water
Lion C5 f is ready to mate
Rabbit B3 is Thirsty
Rabbit B3 drank water
Rabbit B3f is running away from: LionA0
Rabbit B3 is Hungry
Rabbit B3 f is ready to mate
Rabbit A4 is Thirsty
Rabbit A4 drank water
Rabbit A4f is running away from: LionA0
Rabbit A4 is Hungry
RabbitA4f died of hunger
Rabbit A4 f is ready to mate
Lion A5 is Thirsty
Lion A5 drank water
Lion A5 is Hungry
LionA5fis chasing: B3f
Lion A5 f is ready to mate
Lion B0 is Thirsty
Lion B0 drank water
Lion B0 is Hungry
LionB0fis chasing: B3f
Lion B0 f is ready to mate
Lion B4 is Hungry
LionB4fis chasing: B3f
Lion B4 f is ready to mate
Lion A0 is Thirsty
Lion A0 drank water
Lion A0 is Hungry
LionA0fis chasing: B3f
Lion A0 f is ready to mate
Lion C5 is Thirsty
Lion C5 drank water
Lion C5 f is ready to mate
Rabbit B3 is Thirsty
Rabbit B3 drank water
Rabbit B3f is running away from: LionA0
Rabbit B3 is Hungry
Rabbit B3 f is ready to mate
Lion A5 is Thirsty
Lion A5 drank water
Lion A5 is Hungry
LionA5fis chasing: B3f
Lion A5 f is ready to mate
Lion B0 is Thirsty
Lion B0 drank water
Lion B0 is Hungry
LionB0fis chasing: B3f
Lion B0 f is ready to mate
Lion B4 is Hungry
LionB4fis chasing: B3f
Lion B4 f is ready to mate
Lion A0 is Thirsty
Lion A0 drank water
Lion A0 is Hungry
LionA0f died of hunger
LionA0fis chasing: B3f
Lion A0 f is ready to mate
Lion C5 is Thirsty
Lion C5 drank water
Lion C5 f is ready to mate
Rabbit B3 is Thirsty
Rabbit B3 drank water
Rabbit B3f is running away from: LionA5
Rabbit B3 is Hungry
Rabbit B3f ate
Rabbit B3 f is ready to mate
Lion A5 is Thirsty
Lion A5 drank water
Lion A5 is Hungry
LionA5fis chasing: B3f
Lion A5 f is ready to mate
Lion B0 is Thirsty
Lion B0 drank water
Lion B0 is Hungry
LionB0fis chasing: B3f
Lion B0 f is ready to mate
Lion B4 is Thirsty
Lion B4 drank water
Lion B4 is Hungry
LionB4fis chasing: B3f
Lion B4 f is ready to mate
Lion C5 is Thirsty
Lion C5 drank water
Lion C5 f is ready to mate
Rabbit B3 is Thirsty
Rabbit B3 drank water
Rabbit B3f is running away from: LionA5
Rabbit B3 is Hungry
Rabbit B3f ate
Rabbit B3 f is ready to mate
Lion A5 is Thirsty
Lion A5 drank water
Lion A5 is Hungry
LionA5fis chasing: B3f
Lion A5 f is ready to mate
Lion B0 is Thirsty
Lion B0 drank water
Lion B0 is Hungry
LionB0fis chasing: B3f
Lion B0 f is ready to mate
Lion B4 is Hungry
LionB4fis chasing: B3f
Lion B4 f is ready to mate
Lion C5 is Thirsty
Lion C5 drank water
Lion C5 f is ready to mate
Rabbit B3 is Thirsty
Rabbit B3 drank water
Rabbit B3f is running away from: LionA5
Rabbit B3 is Hungry
Rabbit B3f ate
Rabbit B3 f is ready to mate
Lion A5 is Thirsty
Lion A5 drank water
Lion A5 is Hungry
LionA5fis chasing: B3f
Lion A5 f is ready to mate
Lion B0 is Hungry
LionB0fis chasing: B3f
Lion B0 f is ready to mate
Lion B4 is Hungry
LionB4fis chasing: B3f
Lion B4 f is ready to mate
Lion C5 is Thirsty
Lion C5 drank water
Lion C5 f is ready to mate
Rabbit B3 is Thirsty
Rabbit B3 drank water
Rabbit B3f is running away from: LionA5
Rabbit B3 is Hungry
Rabbit B3f ate
Rabbit B3 f is ready to mate
Lion A5 is Thirsty
Lion A5 drank water
Lion A5 is Hungry
LionA5fis chasing: B3f
Lion A5 f is ready to mate
Lion B0 is Hungry
LionB0fis chasing: B3f
Lion B0 f is ready to mate
Lion B4 is Hungry
LionB4fis chasing: B3f
Lion B4 f is ready to mate
Lion C5 is Thirsty
Lion C5 drank water
Lion C5 f is ready to mate
Rabbit B3 is Thirsty
Rabbit B3 drank water
Rabbit B3f is running away from: LionB4
Rabbit B3 is Hungry
Rabbit B3 f is ready to mate
Lion A5 is Thirsty
Lion A5 drank water
Lion A5 is Hungry
LionA5fis chasing: B3f
Lion A5 f is ready to mate
Lion B0 is Hungry
LionB0fis chasing: B3f
Lion B0 f is ready to mate
Lion B4 is Hungry
LionB4fis chasing: B3f
Lion B4 f is ready to mate
Lion C5 is Thirsty
Lion C5 drank water
Lion C5 f is ready to mate
Rabbit B3 is Thirsty
Rabbit B3 drank water
Rabbit B3f is running away from: LionB0
Rabbit B3 is Hungry
Rabbit B3f ate
Rabbit B3 f is ready to mate
Lion A5 is Thirsty
Lion A5 drank water
Lion A5 is Hungry
LionA5fis chasing: B3f
Lion A5 f is ready to mate
Lion B0 is Hungry
LionB0fis chasing: B3f
Lion B0 f is ready to mate
Lion B4 is Hungry
LionB4fis chasing: B3f
Lion B4 f is ready to mate
Lion C5 is Thirsty
Lion C5 drank water
Lion C5 is Hungry
LionC5fis chasing: B3f
Lion C5 f is ready to mate
Rabbit B3 is Thirsty
Rabbit B3 drank water
Rabbit B3f is running away from: LionB0
Rabbit B3 is Hungry
Rabbit B3 f is ready to mate
Lion A5 is Thirsty
Lion A5 drank water
Lion A5 is Hungry
LionA5fis chasing: B3f
Lion A5 f is ready to mate
Lion B0 is Hungry
LionB0fis chasing: B3f
Lion B0 f is ready to mate
Lion B4 is Hungry
LionB4fis chasing: B3f
Lion B4 f is ready to mate
Lion C5 is Hungry
LionC5fis chasing: B3f
Lion C5 f is ready to mate
Rabbit B3 is Thirsty
Rabbit B3 drank water
Rabbit B3f is running away from: LionB0
Rabbit B3 is Hungry
Rabbit B3f ate
Rabbit B3 f is ready to mate
Lion A5 is Thirsty
Lion A5 drank water
Lion A5 is Hungry
LionA5fis chasing: B3f
Lion A5 f is ready to mate
Lion B0 is Hungry
LionB0fis chasing: B3f
Lion B0 f is ready to mate
Lion B4 is Hungry
LionB4fis chasing: B3f
Lion B4 f is ready to mate
Lion C5 is Hungry
LionC5fis chasing: B3f
Lion C5 f is ready to mate
Rabbit B3 is Thirsty
Rabbit B3 drank water
Rabbit B3f is running away from: LionB0
Rabbit B3 is Hungry
Rabbit B3 f is ready to mate
Lion A5 is Thirsty
Lion A5 drank water
Lion A5 is Hungry
LionA5fis chasing: B3f
Lion A5 f is ready to mate
Lion B0 is Hungry
LionB0fis chasing: B3f
Lion B0 f is ready to mate
Lion B4 is Hungry
LionB4fis chasing: B3f
Lion B4 f is ready to mate
Lion C5 is Hungry
LionC5fis chasing: B3f
Lion C5 f is ready to mate
Rabbit B3 is Thirsty
Rabbit B3 drank water
Rabbit B3f is running away from: LionB4
Rabbit B3 is Hungry
Rabbit B3 f is ready to mate
Lion A5 is Thirsty
Lion A5 drank water
Lion A5 is Hungry
LionA5fis chasing: B3f
Lion A5 f is ready to mate
Lion B0 is Hungry
LionB0f died of hunger
LionB0fis chasing: B3f
Lion B0 f is ready to mate
Lion B4 is Hungry
LionB4fis chasing: B3f
Lion B4 f is ready to mate
Lion C5 is Hungry
LionC5fis chasing: B3f
Lion C5 f is ready to mate
Rabbit B3 is Thirsty
Rabbit B3 drank water
Rabbit B3f is running away from: LionB4
Rabbit B3 is Hungry
Rabbit B3 f is ready to mate
Lion A5 is Thirsty
Lion A5 drank water
Lion A5 is Hungry
LionA5fis chasing: B3f
Lion A5 f is ready to mate
Lion B4 is Thirsty
Lion B4 drank water
Lion B4 is Hungry
LionB4fis chasing: B3f
Lion B4 f is ready to mate
Lion C5 is Hungry
LionC5fis chasing: B3f
Lion C5 f is ready to mate
Rabbit B3 is Thirsty
Rabbit B3 drank water
Rabbit B3f is running away from: LionB4
Rabbit B3 is Hungry
Rabbit B3f ate
Rabbit B3 f is ready to mate
Lion A5 is Thirsty
Lion A5 drank water
Lion A5 is Hungry
LionA5fis chasing: B3f
Lion A5 f is ready to mate
Lion B4 is Thirsty
Lion B4 drank water
Lion B4 is Hungry
LionB4fis chasing: B3f
Lion B4 f is ready to mate
Lion C5 is Hungry
LionC5fis chasing: B3f
Lion C5 f is ready to mate
Rabbit B3 is Thirsty
Rabbit B3 drank water
Rabbit B3f is running away from: LionB4
Rabbit B3 is Hungry
Rabbit B3f ate
Rabbit B3 f is ready to mate
Lion A5 is Thirsty
Lion A5 drank water
Lion A5 is Hungry
LionA5fis chasing: B3f
Lion A5 f is ready to mate
Lion B4 is Thirsty
Lion B4 drank water
Lion B4 is Hungry
LionB4fis chasing: B3f
Lion B4 f is ready to mate
Lion C5 is Hungry
LionC5fis chasing: B3f
Lion C5 f is ready to mate
Rabbit B3 is Thirsty
Rabbit B3 drank water
Rabbit B3f is running away from: LionB4
Rabbit B3 is Hungry
Rabbit B3 f is ready to mate
Lion A5 is Thirsty
Lion A5 drank water
Lion A5 is Hungry
LionA5fis chasing: B3f
Lion A5 f is ready to mate
Lion B4 is Thirsty
Lion B4 drank water
Lion B4 is Hungry
LionB4fis chasing: B3f
Lion B4 f is ready to mate
Lion C5 is Hungry
LionC5fis chasing: B3f
Lion C5 f is ready to mate
Rabbit B3 is Thirsty
Rabbit B3 drank water
Rabbit B3f is running away from: LionB4
Rabbit B3 is Hungry
Rabbit B3f ate
Rabbit B3 f is ready to mate
Lion A5 is Thirsty
Lion A5 drank water
Lion A5 is Hungry
LionA5f died of hunger
LionA5fis chasing: B3f
Lion A5 f is ready to mate
Lion B4 is Thirsty
Lion B4 drank water
Lion B4 is Hungry
LionB4fis chasing: B3f
Lion B4 f is ready to mate
Lion C5 is Hungry
LionC5fis chasing: B3f
Lion C5 f is ready to mate
rabbit B3f Died of Old Age
Rabbit B3 is Thirsty
Rabbit B3 drank water
Rabbit B3f is running away from: LionB4
Rabbit B3 is Hungry
Rabbit B3 f is ready to mate
Lion B4 is Thirsty
Lion B4 drank water
Lion B4 is Hungry
Lion C5 is Thirsty
Lion C5 drank water
Lion C5 is Hungry
Lion B4 is Thirsty
Lion B4 drank water
Lion B4 is Hungry
LionB4f died of hunger
Lion C5 is Thirsty
Lion C5 drank water
Lion C5 is Hungry
Lion C5 is Thirsty
Lion C5 drank water
Lion C5 is Hungry
Lion C5 is Thirsty
Lion C5 drank water
Lion C5 is Hungry
Lion C5 is Thirsty
Lion C5 drank water
Lion C5 is Hungry
Lion C5 is Hungry
Lion C5 is Hungry
Lion C5 is Hungry
Lion C5 is Hungry
Lion C5 is Hungry
Lion C5 is Hungry
Lion C5 is Hungry
Lion C5 is Hungry
Lion C5 is Hungry
Lion C5 is Thirsty
Lion C5 drank water
Lion C5 is Hungry
LionC5f died of hunger
