Wolf B3m is running away from: LionB5
Wolf B3m ate!
Wolf C3f is running away from: LionC5
Wolf C0m is running away from: LionB5
Wolf C5f is running away from: LionB2
Wolf C3m is running away from: LionB5
Wolf B1f is running away from: LionB5
Wolf A0f is running away from: LionC1
Wolf C2m is running away from: LionB5
Rabbit A3m is running away from: LionC1
Rabbit A3m is running away from: WolfC3
Rabbit A3 m is ready to mate
Not enough female Rabbits or Female Rabbit partners are not ready yet!
Rabbit C0m is running away from: LionC1
Rabbit C0m is running away from: WolfC3
Rabbit C0 m is ready to mate
Not enough female Rabbits or Female Rabbit partners are not ready yet!
Rabbit C2f is running away from: LionB5
Rabbit C2f is running away from: WolfB3
Rabbit C2 f is ready to mate
Rabbit A2f is running away from: LionB5
Rabbit A2f is running away from: WolfC3
Rabbit A2 f is ready to mate
Rabbit B4f is running away from: LionC5
Rabbit B4f is running away from: WolfC5
Rabbit B4 f is ready to mate
Rabbit A2f is running away from: LionB5
Rabbit A2f is running away from: WolfC0
Rabbit A2 f is ready to mate
Rabbit A3f is running away from: LionB5
Rabbit A3f is running away from: WolfC3
Rabbit A3 f is ready to mate
Rabbit C3m is running away from: LionC5
Rabbit C3m is running away from: WolfC5
Rabbit C3 m is ready to mate
Rabbit C3 m is approaching partner: Rabbit B4f
Rabbit A1f is running away from: LionC1
Rabbit A1f is running away from: WolfC3
Rabbit A1 f is ready to mate
Rabbit A2m is running away from: LionA5
Rabbit A2m is running away from: WolfC3
Rabbit A2 m is ready to mate
Rabbit A2 m is approaching partner: Rabbit B4f
Rabbit B2m is running away from: LionC1
Rabbit B2m is running away from: WolfC3
Rabbit B2 m is ready to mate
Rabbit B2 m is approaching partner: Rabbit A1f
Rabbit A4f is running away from: LionB2
Rabbit A4f is running away from: WolfC5
Rabbit A4 f is ready to mate
Rabbit B2m is running away from: LionC1
Rabbit B2m is running away from: WolfA0
Rabbit B2 m is ready to mate
Rabbit B2 m is approaching partner: Rabbit A1f
Rabbit C5f is running away from: LionC5
Rabbit C5f is running away from: WolfC5
Rabbit C5 f is ready to mate
Rabbit C0m is running away from: LionC1
Rabbit C0m is running away from: WolfA0
Rabbit C0 m is ready to mate
Rabbit C0 m is approaching partner: Rabbit A1f
Rabbit B5f is running away from: LionC1
Rabbit B5f is running away from: WolfC3
Rabbit B5 f is ready to mate
Rabbit A4m is running away from: LionC1
Rabbit A4m is running away from: WolfC3
Rabbit A4 m is ready to mate
Rabbit A4 m is approaching partner: Rabbit A1f
Rabbit C1m is running away from: LionC5
Rabbit C1m is running away from: WolfC5
Rabbit C1 m is ready to mate
Rabbit C1 m is approaching partner: Rabbit B4f
Rabbit C2m is running away from: LionC1
Rabbit C2m is running away from: WolfA0
Rabbit C2 m is ready to mate
Rabbit C2 m is approaching partner: Rabbit B5f
Lion B2f ate: A4f
Wolf B3m is running away from: LionB5
Wolf C3f is running away from: LionC5
Wolf C0m is running away from: LionB5
Wolf C5f is running away from: LionC5
Wolf C3m is running away from: LionB5
Wolf B1f is running away from: LionB5
Wolf A0f is running away from: LionB5
Wolf C2m is running away from: LionB5
Rabbit A3m is running away from: LionC1
Rabbit A3m is running away from: WolfC3
Rabbit A3 m is ready to mate
Rabbit A3 m is approaching partner: Rabbit B5f
Rabbit B0 f was born!Father is A3 and Mother is B5
Rabbit C0m is running away from: LionC1
Rabbit C0m is running away from: WolfC3
Rabbit C0 m is ready to mate
Rabbit C0 m is approaching partner: Rabbit B4f
Rabbit C2f is running away from: LionB5
Rabbit C2f is running away from: WolfB3
Rabbit C2 f is ready to mate
Rabbit A2f is running away from: LionB5
Rabbit A2f is running away from: WolfA0
Rabbit A2 f is ready to mate
Rabbit B4f is running away from: LionA5
Rabbit B4f is running away from: WolfC5
Rabbit B4 f is ready to mate
Rabbit A2f is running away from: LionB5
Rabbit A2f is running away from: WolfC0
Rabbit A2 f is ready to mate
Rabbit A3f is running away from: LionB5
Rabbit A3f is running away from: WolfC3
Rabbit A3 f is ready to mate
Rabbit C3m is running away from: LionC5
Rabbit C3m is running away from: WolfC5
Rabbit C3 m is ready to mate
Rabbit C3 m is approaching partner: Rabbit C5f
Rabbit A1f is running away from: LionC1
Rabbit A1f is running away from: WolfC3
Rabbit A1 f is ready to mate
Rabbit A2m is running away from: LionA5
Rabbit A2m is running away from: WolfC3
Rabbit A2 m is ready to mate
Rabbit A2 m is approaching partner: Rabbit B4f
Rabbit B2m is running away from: LionC1
Rabbit B2m is running away from: WolfA0
Rabbit B2 m is ready to mate
Rabbit B2 m is approaching partner: Rabbit A1f
Rabbit A4f is running away from: LionB2
Rabbit A4f is running away from: WolfC5
Rabbit A4 f is ready to mate
Rabbit B2m is running away from: LionC1
Rabbit B2m is running away from: WolfA0
Rabbit B2 m is ready to mate
Rabbit B2 m is approaching partner: Rabbit A2f
Rabbit C5f is running away from: LionC5
Rabbit C5f is running away from: WolfC5
Rabbit C5 f is ready to mate
Rabbit C0m is running away from: LionC1
Rabbit C0m is running away from: WolfA0
Rabbit C0 m is ready to mate
Rabbit C0 m is approaching partner: Rabbit B4f
Rabbit B5f is running away from: LionC1
Rabbit B5f is running away from: WolfC3
Rabbit A4m is running away from: LionC1
Rabbit A4m is running away from: WolfC3
Rabbit A4 m is ready to mate
Rabbit A4 m is approaching partner: Rabbit A1f
Rabbit C1m is running away from: LionC5
Rabbit C1m is running away from: WolfC3
Rabbit C1 m is ready to mate
Rabbit C1 m is approaching partner: Rabbit B4f
Rabbit C2m is running away from: LionC1
Rabbit C2m is running away from: WolfA0
Rabbit C2 m is ready to mate
Rabbit C2 m is approaching partner: Rabbit B4f
Lion C1f ate: B2m
Wolf B3m is running away from: LionB5
Wolf C3f is running away from: LionC5
Wolf C0m is running away from: LionB5
Wolf C5f is running away from: LionC5
Wolf C3m is running away from: LionB5
Wolf B1f is running away from: LionB5
Wolf A0f is running away from: LionC1
Wolf C2m is running away from: LionB5
Rabbit A3m is running away from: LionC1
Rabbit A3m is running away from: WolfC3
Rabbit A3 is Hungry
Rabbit A3m ate
Rabbit A3 m is ready to mate
Rabbit A3 m is approaching partner: Rabbit B4f
Rabbit C0m is running away from: LionA5
Rabbit C0m is running away from: WolfC3
Rabbit C0 is Hungry
Rabbit C0 m is ready to mate
Rabbit C0 m is approaching partner: Rabbit B4f
Rabbit C2f is running away from: LionB5
Rabbit C2f is running away from: WolfB3
Rabbit C2 is Hungry
Rabbit C2f ate
Rabbit C2 f is ready to mate
Rabbit A2f is running away from: LionB5
Rabbit A2f is running away from: WolfA0
Rabbit A2 is Hungry
Rabbit A2f ate
Rabbit A2 f is ready to mate
Rabbit B4f is running away from: LionA5
Rabbit B4f is running away from: WolfC5
Rabbit B4 is Hungry
Rabbit B4f ate
Rabbit B4 f is ready to mate
Rabbit A2f is running away from: LionB5
Rabbit A2f is running away from: WolfC0
Rabbit A2 is Hungry
Rabbit A2f ate
Rabbit A2 f is ready to mate
Rabbit A3f is running away from: LionB5
Rabbit A3f is running away from: WolfC3
Rabbit A3 is Hungry
Rabbit A3f ate
Rabbit A3 f is ready to mate
Rabbit C3m is running away from: LionC5
Rabbit C3m is running away from: WolfC5
Rabbit C3 is Hungry
Rabbit C3m ate
Rabbit C3 m is ready to mate
Rabbit C3 m is approaching partner: Rabbit C5f
Rabbit A1f is running away from: LionC1
Rabbit A1f is running away from: WolfC3
Rabbit A1 is Hungry
Rabbit A1f ate
Rabbit A1 f is ready to mate
Rabbit A2m is running away from: LionA5
Rabbit A2m is running away from: WolfC3
Rabbit A2 is Hungry
Rabbit A2m ate
Rabbit A2 m is ready to mate
Rabbit A2 m is approaching partner: Rabbit B4f
Rabbit B2m is running away from: LionC1
Rabbit B2m is running away from: WolfC3
Rabbit B2 is Hungry
Rabbit B2m ate
Rabbit B2 m is ready to mate
Rabbit B2 m is approaching partner: Rabbit B4f
Rabbit A4f is running away from: LionB2
Rabbit A4f is running away from: WolfC5
Rabbit A4 is Hungry
Rabbit A4f ate
Rabbit A4 f is ready to mate
Rabbit B2m is running away from: LionB5
Rabbit B2m is running away from: WolfA0
Rabbit B2 is Hungry
Rabbit B2m ate
Rabbit B2 m is ready to mate
Rabbit B2 m is approaching partner: Rabbit A2f
Rabbit C5f is running away from: LionC5
Rabbit C5f is running away from: WolfC5
Rabbit C5 is Hungry
Rabbit C5 f is ready to mate
Rabbit C0m is running away from: LionC1
Rabbit C0m is running away from: WolfC3
Rabbit C0 is Hungry
Rabbit C0m ate
Rabbit C0 m is ready to mate
Rabbit C0 m is approaching partner: Rabbit B4f
Rabbit B5f is running away from: LionC1
Rabbit B5f is running away from: WolfC3
Rabbit B5 is Hungry
Rabbit B5f ate
Rabbit A4m is running away from: LionC1
Rabbit A4m is running away from: WolfC3
Rabbit A4 is Hungry
Rabbit A4m ate
Rabbit A4 m is ready to mate
Rabbit A4 m is approaching partner: Rabbit A1f
Rabbit C1m is running away from: LionA5
Rabbit C1m is running away from: WolfC5
Rabbit C1 is Hungry
Rabbit C1m ate
Rabbit C1 m is ready to mate
Rabbit C1 m is approaching partner: Rabbit B4f
Rabbit C2m is running away from: LionC1
Rabbit C2m is running away from: WolfC3
Rabbit C2 is Hungry
Rabbit C2m ate
Rabbit C2 m is ready to mate
Rabbit C2 m is approaching partner: Rabbit B4f
Rabbit B0f is running away from: LionC1
Rabbit B0f is running away from: WolfC3
Wolf B3m is running away from: LionB5
Wolf C3f is running away from: LionB2
Wolf C3 is Hungry
Wolf C3f is chasing: C0m
Wolf C0m is running away from: LionB5
Wolf C0 is Hungry
Wolf C0m is chasing: A2f
Wolf C5f is running away from: LionC5
Wolf C5 is Hungry
Wolf C5f is chasing: C1m
Wolf C3m is running away from: LionB5
Wolf C3m ate!
Wolf B1f is running away from: LionB5
Wolf B1 is Hungry
Wolf B1f is chasing: C2f
Wolf A0f is running away from: LionB5
Wolf A0 is Hungry
Wolf A0f is chasing: B2m
Wolf C2m is running away from: LionB5
Wolf C2 is Hungry
Wolf C2m is chasing: A2f
Rabbit A3m is running away from: LionA5
Rabbit A3m is running away from: WolfC5
Rabbit A3 m is ready to mate
Rabbit A3 m is approaching partner: Rabbit B4f
Rabbit C0m is running away from: LionA5
Rabbit C0m is running away from: WolfC5
Rabbit C0 is Hungry
Rabbit C0m ate
Rabbit C0 m is ready to mate
Rabbit C0 m is approaching partner: Rabbit B4f
Rabbit C2f is running away from: LionB5
Rabbit C2f is running away from: WolfB1
Rabbit C2 f is ready to mate
Rabbit A2f is running away from: LionB5
Rabbit A2f is running away from: WolfA0
Rabbit A2 f is ready to mate
Rabbit B4f is running away from: LionA5
Rabbit B4f is running away from: WolfC5
Rabbit B4 f is ready to mate
Rabbit A2f is running away from: LionB5
Rabbit A2f is running away from: WolfC2
Rabbit A2 f is ready to mate
Rabbit A3f is running away from: LionB5
Rabbit A3f is running away from: WolfC3
Rabbit A3 f is ready to mate
Rabbit C3m is running away from: LionC5
Rabbit C3m is running away from: WolfC5
Rabbit C3 m is ready to mate
Rabbit C3 m is approaching partner: Rabbit C5f
Rabbit A2m is running away from: LionC1
Rabbit A2m is running away from: WolfC5
Rabbit A2 m is ready to mate
Rabbit A2 m is approaching partner: Rabbit B4f
Rabbit B2m is running away from: LionC1
Rabbit B2m is running away from: WolfC5
Rabbit B2 m is ready to mate
Rabbit B2 m is approaching partner: Rabbit B4f
Rabbit A4f is running away from: LionB2
Rabbit A4f is running away from: WolfC5
Rabbit A4 f is ready to mate
Rabbit B2m is running away from: LionB5
Rabbit B2m is running away from: WolfA0
Rabbit B2 m is ready to mate
Rabbit B2 m is approaching partner: Rabbit A2f
Rabbit C5f is running away from: LionC5
Rabbit C5f is running away from: WolfC5
Rabbit C5 is Hungry
Rabbit C5 f is ready to mate
Rabbit C0m is running away from: LionC1
Rabbit C0m is running away from: WolfC3
Rabbit C0 m is ready to mate
Rabbit C0 m is approaching partner: Rabbit B4f
Rabbit B5f is running away from: LionA5
Rabbit B5f is running away from: WolfC5
Rabbit A4m is running away from: LionC1
Rabbit A4m is running away from: WolfC3
Rabbit A4 m is ready to mate
Rabbit A4 m is approaching partner: Rabbit A3f
Rabbit C1m is running away from: LionA5
Rabbit C1m is running away from: WolfC5
Rabbit C1 m is ready to mate
Rabbit C1 m is approaching partner: Rabbit B4f
Rabbit C2m is running away from: LionC1
Rabbit C2m is running away from: WolfC3
Rabbit C2 m is ready to mate
Rabbit C2 m is approaching partner: Rabbit B4f
Rabbit B0f is running away from: LionC1
Rabbit B0f is running away from: WolfC5
Wolf B3m is running away from: LionB5
Wolf B3 is Hungry
Wolf B3m is chasing: A2f
Wolf C3f is running away from: LionB2
Wolf C3 is Hungry
Wolf C3f is chasing: C0m
Wolf C0m is running away from: LionB5
Wolf C0 is Hungry
Wolf C0m is chasing: A2f
Wolf C5f is running away from: LionA5
Wolf C5 is Hungry
Wolf C5f is chasing: C1m
Wolf C3m is running away from: LionB5
Wolf C3m ate!
Wolf B1f is running away from: LionB5
Wolf B1 is Hungry
Wolf B1f is chasing: C2f
Wolf A0f is running away from: LionB5
Wolf A0 is Hungry
Wolf A0f is chasing: B2m
Wolf C2m is running away from: LionB5
Wolf C2 is Hungry
Wolf C2m is chasing: A2f
Rabbit A3m is running away from: LionC1
Rabbit A3m is running away from: WolfC5
Rabbit A3 m is ready to mate
Rabbit A3 m is approaching partner: Rabbit B4f
Rabbit C0m is running away from: LionC1
Rabbit C0m is running away from: WolfC5
Rabbit C0 m is ready to mate
Rabbit C0 m is approaching partner: Rabbit B4f
Rabbit C2f is running away from: LionB5
Rabbit C2f is running away from: WolfB1
Rabbit C2 f is ready to mate
Rabbit A2f is running away from: LionB5
Rabbit A2f is running away from: WolfA0
Rabbit A2 f is ready to mate
Rabbit B4f is running away from: LionA5
Rabbit B4f is running away from: WolfC5
Rabbit B4 f is ready to mate
Rabbit A2f is running away from: LionB5
Rabbit A2f is running away from: WolfC0
Rabbit A2 f is ready to mate
Rabbit A3f is running away from: LionB5
Rabbit A3f is running away from: WolfC3
Rabbit A3 f is ready to mate
Rabbit C3m is running away from: LionC5
Rabbit C3m is running away from: WolfC5
Rabbit C3 m is ready to mate
Rabbit C3 m is approaching partner: Rabbit C5f
Rabbit A2m is running away from: LionC1
Rabbit A2m is running away from: WolfC5
Rabbit A2 m is ready to mate
Rabbit A2 m is approaching partner: Rabbit B4f
Rabbit B2m is running away from: LionC1
Rabbit B2m is running away from: WolfC5
Rabbit B2 m is ready to mate
Rabbit B2 m is approaching partner: Rabbit B4f
Rabbit A4f is running away from: LionB2
Rabbit A4f is running away from: WolfC5
Rabbit A4 f is ready to mate
Rabbit B2m is running away from: LionB5
Rabbit B2m is running away from: WolfA0
Rabbit B2 m is ready to mate
Rabbit B2 m is approaching partner: Rabbit A2f
Rabbit C5f is running away from: LionC5
Rabbit C5f is running away from: WolfC5
Rabbit C5 is Hungry
RabbitC5f died of hunger
Rabbit C5 f is ready to mate
Rabbit C0m is running away from: LionC1
Rabbit C0m is running away from: WolfC3
Rabbit C0 m is ready to mate
Rabbit C0 m is approaching partner: Rabbit B4f
Rabbit B5f is running away from: LionC1
Rabbit B5f is running away from: WolfC5
Rabbit C1m is running away from: LionA5
Rabbit C1m is running away from: WolfC5
Rabbit C1 m is ready to mate
Rabbit C1 m is approaching partner: Rabbit B4f
Rabbit C2m is running away from: LionC1
Rabbit C2m is running away from: WolfC3
Rabbit C2 m is ready to mate
Rabbit C2 m is approaching partner: Rabbit B4f
Rabbit B0f is running away from: LionC1
Rabbit B0f is running away from: WolfC5
Rabbit B0 is Hungry
Lion C5 f is ready to mate
Lion C1 f is ready to mate
Lion B5 m is ready to mate
Lion A5f ate: C1m
Lion A5 f is ready to mate
Lion B2 f is ready to mate
Wolf B3m is running away from: LionB5
Wolf B3 is Hungry
Wolf B3m is chasing: A2f
Wolf C3f is running away from: LionB2
Wolf C3 is Hungry
Wolf C3f is chasing: C0m
Wolf C0m is running away from: LionB5
Wolf C0 is Hungry
Wolf C0m is chasing: A2f
Wolf C5f is running away from: LionA5
Wolf C5 is Hungry
Wolf C5f is chasing: C1m
Wolf C3m is running away from: LionC1
Wolf B1f is running away from: LionB5
Wolf B1 is Hungry
Wolf B1f is chasing: A2f
Wolf A0f is running away from: LionC1
Wolf A0 is Hungry
Wolf A0f is chasing: B2m
Wolf C2m is running away from: LionB5
Wolf C2 is Hungry
Wolf C2m is chasing: A2f
Rabbit A3m is running away from: LionC1
Rabbit A3m is running away from: WolfC5
Rabbit A3 is Hungry
Rabbit A3 m is ready to mate
Rabbit A3 m is approaching partner: Rabbit B4f
Rabbit C0m is running away from: LionC1
Rabbit C0m is running away from: WolfC5
Rabbit C0 m is ready to mate
Rabbit C0 m is approaching partner: Rabbit B4f
Rabbit C2f is running away from: LionB5
Rabbit C2f is running away from: WolfB3
Rabbit C2 is Hungry
Rabbit C2f ate
Rabbit C2 f is ready to mate
Rabbit A2f is running away from: LionB5
Rabbit A2f is running away from: WolfA0
Rabbit A2 is Hungry
Rabbit A2f ate
Rabbit A2 f is ready to mate
Rabbit B4f is running away from: LionA5
Rabbit B4f is running away from: WolfC5
Rabbit B4 is Hungry
Rabbit B4f ate
Rabbit B4 f is ready to mate
Rabbit A2f is running away from: LionB5
Rabbit A2f is running away from: WolfC0
Rabbit A2 is Hungry
Rabbit A2f ate
Rabbit A2 f is ready to mate
Rabbit A3f is running away from: LionB5
Rabbit A3f is running away from: WolfC3
Rabbit A3 is Hungry
Rabbit A3f ate
Rabbit A3 f is ready to mate
Rabbit C3m is running away from: LionC5
Rabbit C3m is running away from: WolfC5
Rabbit C3 is Hungry
Rabbit C3 m is ready to mate
Rabbit C3 m is approaching partner: Rabbit B4f
Rabbit A2m is running away from: LionC1
Rabbit A2m is running away from: WolfC3
Rabbit A2 is Hungry
Rabbit A2 m is ready to mate
Rabbit A2 m is approaching partner: Rabbit B4f
Rabbit B2m is running away from: LionC1
Rabbit B2m is running away from: WolfC5
Rabbit B2 is Hungry
Rabbit B2 m is ready to mate
Rabbit B2 m is approaching partner: Rabbit B4f
Rabbit A4f is running away from: LionB2
Rabbit A4f is running away from: WolfC5
Rabbit A4 is Hungry
Rabbit A4 f is ready to mate
Rabbit B2m is running away from: LionB5
Rabbit B2m is running away from: WolfA0
Rabbit B2 is Hungry
Rabbit B2m ate
Rabbit B2 m is ready to mate
Rabbit B2 m is approaching partner: Rabbit A2f
Rabbit C0m is running away from: LionC1
Rabbit C0m is running away from: WolfC3
Rabbit C0 is Hungry
Rabbit C0m ate
Rabbit C0 m is ready to mate
Rabbit C0 m is approaching partner: Rabbit B4f
Rabbit B5f is running away from: LionC1
Rabbit B5f is running away from: WolfC5
Rabbit B5 is Hungry
Rabbit B5f ate
Rabbit B5 f is ready to mate
Rabbit C1m is running away from: LionA5
Rabbit C1m is running away from: WolfC5
Rabbit C1 is Hungry
Rabbit C1m ate
Rabbit C1 m is ready to mate
Rabbit C1 m is approaching partner: Rabbit B4f
Rabbit C2m is running away from: LionA5
Rabbit C2m is running away from: WolfC3
Rabbit C2 is Hungry
Rabbit C2m ate
Rabbit C2 m is ready to mate
Rabbit C2 m is approaching partner: Rabbit B5f
Rabbit B0f is running away from: LionC1
Rabbit B0f is running away from: WolfC5
Rabbit B0 is Hungry
Rabbit B0 f is ready to mate
Lion C5 is Hungry
LionC5fis chasing: C3m
Lion C5 f is ready to mate
Lion C1 f is ready to mate
Lion B5 is Hungry
LionB5mis chasing: A3f
Lion B5 m is ready to mate
Lion A5 f is ready to mate
Lion B2 f is ready to mate
Wolf B3m is running away from: LionB5
Wolf B3 is Hungry
Wolf B3m is chasing: A2f
Wolf C3f is running away from: LionA5
Wolf C3 is Hungry
Wolf C3f is chasing: C0m
Wolf C3f ate!
Wolf C0m is running away from: LionB5
Wolf C0 is Hungry
Wolf C0m is chasing: A2f
Wolf C5f is running away from: LionA5
Wolf C5 is Hungry
Wolf C5f is chasing: C1m
Wolf C3m is running away from: LionB5
Wolf B1f is running away from: LionB5
Wolf B1 is Hungry
Wolf B1f is chasing: A2f
Wolf A0f is running away from: LionB5
Wolf A0 is Hungry
Wolf A0f is chasing: B2m
Wolf C2m is running away from: LionB5
Wolf C2 is Hungry
Wolf C2m is chasing: A2f
Rabbit A3m is running away from: LionC1
Rabbit A3m is running away from: WolfC5
Rabbit A3 is Hungry
Rabbit A3 m is ready to mate
Rabbit A3 m is approaching partner: Rabbit B0f
Rabbit C0m is running away from: LionC1
Rabbit C0m is running away from: WolfC5
Rabbit C0 is Hungry
Rabbit C0m ate
Rabbit C0 m is ready to mate
Rabbit C0 m is approaching partner: Rabbit B0f
Rabbit C2f is running away from: LionB5
Rabbit C2f is running away from: WolfB1
Rabbit C2 f is ready to mate
Rabbit A2f is running away from: LionB5
Rabbit A2f is running away from: WolfC0
Rabbit A2 f is ready to mate
Rabbit B4f is running away from: LionA5
Rabbit B4f is running away from: WolfC5
Rabbit B4 f is ready to mate
Rabbit A2f is running away from: LionB5
Rabbit A2f is running away from: WolfC0
Rabbit A2 f is ready to mate
Rabbit A3f is running away from: LionB5
Rabbit A3f is running away from: WolfC3
Rabbit A3 f is ready to mate
Rabbit C3m is running away from: LionC5
Rabbit C3m is running away from: WolfC5
Rabbit C3 is Hungry
Rabbit C3m ate
Rabbit C3 m is ready to mate
Rabbit C3 m is approaching partner: Rabbit B4f
Rabbit A2m is running away from: LionC1
Rabbit A2m is running away from: WolfC5
Rabbit A2 is Hungry
Rabbit A2m ate
Rabbit A2 m is ready to mate
Rabbit A2 m is approaching partner: Rabbit B5f
Rabbit B2m is running away from: LionC1
Rabbit B2m is running away from: WolfC5
Rabbit B2 is Hungry
Rabbit B2 m is ready to mate
Rabbit B2 m is approaching partner: Rabbit B0f
Rabbit A4f is running away from: LionB2
Rabbit A4f is running away from: WolfC5
Rabbit A4 is Hungry
Rabbit A4 f is ready to mate
Rabbit B2m is running away from: LionB5
Rabbit B2m is running away from: WolfA0
Rabbit B2 m is ready to mate
Rabbit B2 m is approaching partner: Rabbit A2f
Rabbit B5f is running away from: LionC1
Rabbit B5f is running away from: WolfC5
Rabbit B5 f is ready to mate
Rabbit C1m is running away from: LionA5
Rabbit C1m is running away from: WolfC5
Rabbit C1 m is ready to mate
Rabbit C1 m is approaching partner: Rabbit B4f
Rabbit C2m is running away from: LionC1
Rabbit C2m is running away from: WolfC5
Rabbit C2 m is ready to mate
Rabbit C2 m is approaching partner: Rabbit B0f
Rabbit B0f is running away from: LionC1
Rabbit B0f is running away from: WolfC5
Rabbit B0 is Hungry
RabbitB0f died of hunger
Rabbit B0 f is ready to mate
Lion C5 is Hungry
LionC5fis chasing: A4f
Lion C5 f is ready to mate
Lion C1 f is ready to mate
Lion B5 is Hungry
LionB5mis chasing: A3f
Lion B5 m is ready to mate
Lion A5 f is ready to mate
Lion B2 is Hungry
LionB2fis chasing: A4f
Lion B2 f is ready to mate
Wolf B3m is running away from: LionB5
Wolf B3 is Hungry
Wolf B3m is chasing: A2f
Wolf C3f is running away from: LionA5
Wolf C0m is running away from: LionB5
Wolf C0 is Hungry
WolfC0m died of hunger
Wolf C0m is chasing: A2f
Wolf C5f is running away from: LionA5
Wolf C5 is Hungry
WolfC5f died of hunger
Wolf C5f is chasing: C2m
Wolf C3m is running away from: LionB5
Wolf B1f is running away from: LionB5
Wolf B1 is Hungry
WolfB1f died of hunger
Wolf B1f is chasing: A2f
Wolf A0f is running away from: LionB5
Wolf A0 is Hungry
WolfA0f died of hunger
Wolf A0f is chasing: B2m
Wolf C2m is running away from: LionB5
Wolf C2 is Hungry
WolfC2m died of hunger
Wolf C2m is chasing: A2f
Rabbit A3m is running away from: LionC1
Rabbit A3m is running away from: WolfC3
Rabbit A3 is Hungry
RabbitA3m died of hunger
Rabbit A3m ate
Rabbit A3 m is ready to mate
Rabbit A3 m is approaching partner: Rabbit B4f
Rabbit C0m is running away from: LionC1
Rabbit C0m is running away from: WolfC3
Rabbit C0 m is ready to mate
Rabbit C0 m is approaching partner: Rabbit B4f
Rabbit C2f is running away from: LionB5
Rabbit C2f is running away from: WolfB3
Rabbit C2 f is ready to mate
Rabbit A2f is running away from: LionB5
Rabbit A2f is running away from: WolfB3
Rabbit A2 f is ready to mate
Rabbit B4f is running away from: LionA5
Rabbit B4f is running away from: WolfC3
Rabbit B4 f is ready to mate
Rabbit A2f is running away from: LionB5
Rabbit A2f is running away from: WolfB3
Rabbit A2 f is ready to mate
Rabbit A3f is running away from: LionB5
Rabbit A3f is running away from: WolfC3
Rabbit A3 f is ready to mate
Rabbit C3m is running away from: LionA5
Rabbit C3m is running away from: WolfC3
Rabbit C3 m is ready to mate
Rabbit C3 m is approaching partner: Rabbit B4f
Rabbit A2m is running away from: LionC1
Rabbit A2m is running away from: WolfC3
Rabbit A2 m is ready to mate
Rabbit A2 m is approaching partner: Rabbit B5f
Rabbit B2m is running away from: LionC1
Rabbit B2m is running away from: WolfC3
Rabbit B2 is Hungry
RabbitB2m died of hunger
Rabbit B2 m is ready to mate
Rabbit B2 m is approaching partner: Rabbit B4f
Rabbit A4f is running away from: LionB2
Rabbit A4f is running away from: WolfC3
Rabbit A4 is Hungry
RabbitA4f died of hunger
Rabbit A4 f is ready to mate
Rabbit B2m is running away from: LionB5
Rabbit B2m is running away from: WolfB3
Rabbit B2 m is ready to mate
Rabbit B2 m is approaching partner: Rabbit A2f
Rabbit B5f is running away from: LionC1
Rabbit B5f is running away from: WolfC3
Rabbit B5 f is ready to mate
Rabbit C1m is running away from: LionA5
Rabbit C1m is running away from: WolfC3
Rabbit C1 m is ready to mate
Rabbit C1 m is approaching partner: Rabbit B4f
Rabbit A3 m was born!Father is C1 and Mother is B4
Rabbit C2m is running away from: LionC1
Rabbit C2m is running away from: WolfC3
Rabbit C2 m is ready to mate
Rabbit C2 m is approaching partner: Rabbit B5f
Lion C5 is Hungry
LionC5fis chasing: C3m
Lion C5 f is ready to mate
Lion C1 is Hungry
LionC1fis chasing: A2m
LionC1f ate: A2m
Lion C1 f is ready to mate
Lion B5 is Hungry
LionB5mis chasing: C3m
Lion B5 m is ready to mate
Lion A5 f is ready to mate
Lion B2 is Hungry
LionB2fis chasing: C3m
Lion B2 f is ready to mate
Wolf B3m is running away from: LionB5
Wolf B3 is Hungry
WolfB3m died of hunger
Wolf B3m is chasing: A2f
Wolf C3f is running away from: LionC1
Wolf C3m is running away from: LionB5
Wolf C3 is Hungry
Wolf C3m is chasing: A3f
Rabbit C0m is running away from: LionA5
Rabbit C0m is running away from: WolfC3
Rabbit C0 m is ready to mate
Rabbit C0 m is approaching partner: Rabbit B5f
Rabbit C2f is running away from: LionB5
Rabbit C2f is running away from: WolfC3
Rabbit C2 is Hungry
Rabbit C2 f is ready to mate
Rabbit A2f is running away from: LionB5
Rabbit A2f is running away from: WolfC3
Rabbit A2 is Hungry
Rabbit A2f ate
Rabbit A2 f is ready to mate
Rabbit B4f is running away from: LionA5
Rabbit B4f is running away from: WolfC3
Rabbit B4 is Hungry
Rabbit B4f ate
Rabbit A2f is running away from: LionB5
Rabbit A2f is running away from: WolfC3
Rabbit A2 is Hungry
Rabbit A2f ate
Rabbit A2 f is ready to mate
Rabbit A3f is running away from: LionB5
Rabbit A3f is running away from: WolfC3
Rabbit A3 is Hungry
Rabbit A3f ate
Rabbit A3 f is ready to mate
Rabbit C3m is running away from: LionC5
Rabbit C3m is running away from: WolfC3
Rabbit C3 m is ready to mate
Rabbit C3 m is approaching partner: Rabbit B5f
Rabbit B2m is running away from: LionB5
Rabbit B2m is running away from: WolfC3
Rabbit B2 is Hungry
Rabbit B2m ate
Rabbit B2 m is ready to mate
Rabbit B2 m is approaching partner: Rabbit C2f
Rabbit B5f is running away from: LionC1
Rabbit B5f is running away from: WolfC3
Rabbit B5 is Hungry
Rabbit B5 f is ready to mate
Rabbit C1m is running away from: LionA5
Rabbit C1m is running away from: WolfC3
Rabbit C1 is Hungry
Rabbit C1 m is ready to mate
Rabbit C1 m is approaching partner: Rabbit B5f
Rabbit C2m is running away from: LionC1
Rabbit C2m is running away from: WolfC3
Rabbit C2 is Hungry
Rabbit C2m ate
Rabbit C2 m is ready to mate
Rabbit C2 m is approaching partner: Rabbit B5f
Rabbit B4 f was born!Father is C2 and Mother is B5
Rabbit A3m is running away from: LionA5
Rabbit A3m is running away from: WolfC3
Lion C5 is Hungry
LionC5fis chasing: C3m
Lion C5 f is ready to mate
Lion C1 f is ready to mate
Lion B5 is Hungry
LionB5mis chasing: C3m
Lion B5 m is ready to mate
Lion A5 f is ready to mate
Lion B2 is Hungry
LionB2fis chasing: C3m
Lion B2 f is ready to mate
Wolf C3f is running away from: LionB2
Wolf C3 is Thirsty
Wolf C3drank water
Wolf C3m is running away from: LionB5
Wolf C3 is Hungry
Wolf C3m is chasing: B4f
Wolf C3 is Thirsty
Wolf C3drank water
Rabbit C0 is Thirsty
Rabbit C0 drank water
Rabbit C0m is running away from: LionC1
Rabbit C0m is running away from: WolfC3
Rabbit C0 is Hungry
Rabbit C0 m is ready to mate
Rabbit C0 m is approaching partner: Rabbit A3f
Rabbit C2 is Thirsty
Rabbit C2 drank water
Rabbit C2f is running away from: LionB5
Rabbit C2f is running away from: WolfC3
Rabbit C2 is Hungry
Rabbit C2f ate
Rabbit C2 f is ready to mate
Rabbit A2 is Thirsty
Rabbit A2 drank water
Rabbit A2f is running away from: LionB5
Rabbit A2f is running away from: WolfC3
Rabbit A2 f is ready to mate
Rabbit B4 is Thirsty
Rabbit B4 drank water
Rabbit B4f is running away from: LionA5
Rabbit B4f is running away from: WolfC3
Rabbit A2 is Thirsty
Rabbit A2 drank water
Rabbit A2f is running away from: LionB5
Rabbit A2f is running away from: WolfC3
Rabbit A2 f is ready to mate
Rabbit A3 is Thirsty
Rabbit A3 drank water
Rabbit A3f is running away from: LionB5
Rabbit A3f is running away from: WolfC3
Rabbit A3 f is ready to mate
Rabbit C3 is Thirsty
Rabbit C3 drank water
Rabbit C3m is running away from: LionC5
Rabbit C3m is running away from: WolfC3
Rabbit C3 is Hungry
Rabbit C3m ate
Rabbit C3 m is ready to mate
Rabbit C3 m is approaching partner: Rabbit A3f
Rabbit B2 is Thirsty
Rabbit B2 drank water
Rabbit B2m is running away from: LionB5
Rabbit B2m is running away from: WolfC3
Rabbit B2 m is ready to mate
Rabbit B2 m is approaching partner: Rabbit C2f
Rabbit A5 m was born!Father is B2 and Mother is C2
Rabbit B5 is Thirsty
Rabbit B5 drank water
Rabbit B5f is running away from: LionC1
Rabbit B5f is running away from: WolfC3
Rabbit B5 is Hungry
Rabbit C1 is Thirsty
Rabbit C1 drank water
Rabbit C1m is running away from: LionA5
Rabbit C1m is running away from: WolfC3
Rabbit C1 is Hungry
Rabbit C1 m is ready to mate
Rabbit C1 m is approaching partner: Rabbit A3f
Rabbit C2 is Thirsty
Rabbit C2 drank water
Rabbit C2m is running away from: LionC1
Rabbit C2m is running away from: WolfC3
Rabbit C2 m is ready to mate
Rabbit C2 m is approaching partner: Rabbit A3f
Rabbit A3m is running away from: LionA5
Rabbit A3m is running away from: WolfC3
Rabbit B4f is running away from: LionC1
Rabbit B4f is running away from: WolfC3
Lion C5 is Thirsty
Lion C5 drank water
Lion C5 is Hungry
LionC5fis chasing: C3m
Lion C5 f is ready to mate
Lion C1 is Thirsty
Lion C1 drank water
Lion C1 f is ready to mate
Lion B5 is Thirsty
Lion B5 drank water
Lion B5 is Hungry
LionB5mis chasing: C3m
Lion B5 m is ready to mate
Lion A5 is Thirsty
Lion A5 drank water
Lion A5 f is ready to mate
Lion B2 is Thirsty
Lion B2 drank water
Lion B2 is Hungry
LionB2fis chasing: C3m
Lion B2 f is ready to mate
Wolf C3f is running away from: LionA5
Wolf C3 is Hungry
Wolf C3f is chasing: C0m
Wolf C3 is Thirsty
Wolf C3drank water
Wolf C3m is running away from: LionB5
Wolf C3 is Hungry
Wolf C3m is chasing: C0m
Wolf C3 is Thirsty
Wolf C3drank water
Rabbit C0 is Thirsty
Rabbit C0 drank water
Rabbit C0m is running away from: LionA5
Rabbit C0m is running away from: WolfC3
Rabbit C0 is Hungry
Rabbit C0m ate
Rabbit C0 m is ready to mate
Rabbit C0 m is approaching partner: Rabbit A3f
Rabbit C2 is Thirsty
Rabbit C2 drank water
Rabbit C2f is running away from: LionB5
Rabbit C2f is running away from: WolfC3
Rabbit A2 is Thirsty
Rabbit A2 drank water
Rabbit A2f is running away from: LionB5
Rabbit A2f is running away from: WolfC3
Rabbit A2 f is ready to mate
Rabbit B4 is Thirsty
Rabbit B4 drank water
Rabbit B4f is running away from: LionA5
Rabbit B4f is running away from: WolfC3
Rabbit A2 is Thirsty
Rabbit A2 drank water
Rabbit A2f is running away from: LionB5
Rabbit A2f is running away from: WolfC3
Rabbit A2 f is ready to mate
Rabbit A3 is Thirsty
Rabbit A3 drank water
Rabbit A3f is running away from: LionB5
Rabbit A3f is running away from: WolfC3
Rabbit A3 f is ready to mate
Rabbit C3 is Thirsty
Rabbit C3 drank water
Rabbit C3m is running away from: LionC5
Rabbit C3m is running away from: WolfC3
Rabbit C3 m is ready to mate
Rabbit C3 m is approaching partner: Rabbit A3f
Rabbit B2 is Thirsty
Rabbit B2 drank water
Rabbit B2m is running away from: LionB5
Rabbit B2m is running away from: WolfC3
Rabbit B2 m is ready to mate
Rabbit B2 m is approaching partner: Rabbit A2f
Rabbit B5 is Thirsty
Rabbit B5 drank water
Rabbit B5f is running away from: LionA5
Rabbit B5f is running away from: WolfC3
Rabbit B5 is Hungry
RabbitB5f died of hunger
Rabbit C1 is Thirsty
Rabbit C1 drank water
Rabbit C1m is running away from: LionA5
Rabbit C1m is running away from: WolfC3
Rabbit C1 is Hungry
RabbitC1m died of hunger
Rabbit C1m ate
Rabbit C1 m is ready to mate
Rabbit C1 m is approaching partner: Rabbit A3f
Rabbit C2 is Thirsty
Rabbit C2 drank water
Rabbit C2m is running away from: LionA5
Rabbit C2m is running away from: WolfC3
Rabbit C2 m is ready to mate
Rabbit C2 m is approaching partner: Rabbit A3f
Rabbit A3m is running away from: LionA5
Rabbit A3m is running away from: WolfC3
Rabbit A3 is Hungry
Rabbit B4f is running away from: LionA5
Rabbit B4f is running away from: WolfC3
Rabbit A5m is running away from: LionB5
Rabbit A5m is running away from: WolfC3
Lion C5 is Thirsty
Lion C5 drank water
Lion C5 is Hungry
LionC5fis chasing: C3m
Lion C5 f is ready to mate
Lion C1 is Thirsty
Lion C1 drank water
Lion C1 f is ready to mate
Lion B5 is Thirsty
Lion B5 drank water
Lion B5m ate: C3m
Lion B5 m is ready to mate
Lion A5 is Thirsty
Lion A5 drank water
Lion A5 is Hungry
LionA5fis chasing: B4f
LionA5f ate: B4f
Lion A5 f is ready to mate
Lion B2 is Thirsty
Lion B2 drank water
Lion B2 is Hungry
LionB2fis chasing: C3m
Lion B2 f is ready to mate
Wolf C3f is running away from: LionA5
Wolf C3 is Hungry
Wolf C3f is chasing: C2m
Wolf C3 is Thirsty
Wolf C3drank water
Wolf C3m is running away from: LionB5
Wolf C3 is Hungry
Wolf C3m is chasing: C2m
Wolf C3 is Thirsty
Wolf C3drank water
Rabbit C0 is Thirsty
Rabbit C0 drank water
Rabbit C0m is running away from: LionC1
Rabbit C0m is running away from: WolfC3
Rabbit C0 m is ready to mate
Rabbit C0 m is approaching partner: Rabbit A3f
Rabbit C2 is Thirsty
Rabbit C2 drank water
Rabbit C2f is running away from: LionB5
Rabbit C2f is running away from: WolfC3
Rabbit A2 is Thirsty
Rabbit A2 drank water
Rabbit A2f is running away from: LionB5
Rabbit A2f is running away from: WolfC3
Rabbit A2 is Hungry
Rabbit A2f ate
Rabbit A2 f is ready to mate
Rabbit A2 is Thirsty
Rabbit A2 drank water
Rabbit A2f is running away from: LionB5
Rabbit A2f is running away from: WolfC3
Rabbit A2 is Hungry
Rabbit A2f ate
Rabbit A2 f is ready to mate
Rabbit A3 is Thirsty
Rabbit A3 drank water
Rabbit A3f is running away from: LionB5
Rabbit A3f is running away from: WolfC3
Rabbit A3 is Hungry
Rabbit A3f ate
Rabbit A3 f is ready to mate
Rabbit C3 is Thirsty
Rabbit C3 drank water
Rabbit C3m is running away from: LionC5
Rabbit C3m is running away from: WolfC3
Rabbit C3 m is ready to mate
Rabbit C3 m is approaching partner: Rabbit A3f
Rabbit B2 is Thirsty
Rabbit B2 drank water
Rabbit B2m is running away from: LionB5
Rabbit B2m is running away from: WolfC3
Rabbit B2 is Hungry
Rabbit B2 m is ready to mate
Rabbit B2 m is approaching partner: Rabbit A2f
Rabbit C2 is Thirsty
Rabbit C2 drank water
Rabbit C2m is running away from: LionC1
Rabbit C2m is running away from: WolfC3
Rabbit C2 is Hungry
Rabbit C2 m is ready to mate
Rabbit C2 m is approaching partner: Rabbit A3f
Rabbit A3m is running away from: LionA5
Rabbit A3m is running away from: WolfC3
Rabbit A3 is Hungry
Rabbit A3m ate
Rabbit A3 m is ready to mate
Rabbit A3 m is approaching partner: Rabbit A3f
Rabbit B4f is running away from: LionA5
Rabbit B4f is running away from: WolfC3
Rabbit B4 is Hungry
Rabbit A5m is running away from: LionB5
Rabbit A5m is running away from: WolfC3
Lion C5 is Thirsty
Lion C5 drank water
Lion C5 is Hungry
LionC5f died of hunger
LionC5fis chasing: C3m
Lion C5 f is ready to mate
Lion C1 is Thirsty
Lion C1 drank water
Lion C1 f is ready to mate
Lion B5 is Thirsty
Lion B5 drank water
Lion B5 m is ready to mate
Lion A5 is Thirsty
Lion A5 drank water
Lion A5 f is ready to mate
Lion B2 is Thirsty
Lion B2 drank water
Lion B2 is Hungry
LionB2fis chasing: C3m
Lion B2 f is ready to mate
Wolf C3f is running away from: LionA5
Wolf C3 is Hungry
Wolf C3f is chasing: C0m
Wolf C3 is Thirsty
Wolf C3drank water
Wolf C3m is running away from: LionB5
Wolf C3 is Hungry
WolfC3m died of hunger
Wolf C3m is chasing: C0m
Wolf C3 is Thirsty
Wolf C3drank water
Rabbit C0 is Thirsty
Rabbit C0 drank water
Rabbit C0m is running away from: LionA5
Rabbit C0m is running away from: WolfC3
Rabbit C0 m is ready to mate
Rabbit C0 m is approaching partner: Rabbit A3f
Rabbit C2 is Thirsty
Rabbit C2 drank water
Rabbit C2f is running away from: LionB5
Rabbit C2f is running away from: WolfC3
Rabbit C2 is Hungry
Rabbit C2f ate
Rabbit A2 is Thirsty
Rabbit A2 drank water
Rabbit A2f is running away from: LionB5
Rabbit A2f is running away from: WolfC3
Rabbit A2 f is ready to mate
Rabbit A2 is Thirsty
Rabbit A2 drank water
Rabbit A2f is running away from: LionB5
Rabbit A2f is running away from: WolfC3
Rabbit A2 f is ready to mate
Rabbit A3 is Thirsty
Rabbit A3 drank water
Rabbit A3f is running away from: LionB5
Rabbit A3f is running away from: WolfC3
Rabbit A3 f is ready to mate
Rabbit C3 is Thirsty
Rabbit C3 drank water
Rabbit C3m is running away from: LionB2
Rabbit C3m is running away from: WolfC3
Rabbit C3 is Hungry
Rabbit C3m ate
Rabbit C3 m is ready to mate
Rabbit C3 m is approaching partner: Rabbit A3f
Rabbit B2 is Thirsty
Rabbit B2 drank water
Rabbit B2m is running away from: LionB5
Rabbit B2m is running away from: WolfC3
Rabbit B2 is Hungry
Rabbit B2 m is ready to mate
Rabbit B2 m is approaching partner: Rabbit A2f
Rabbit C2 is Thirsty
Rabbit C2 drank water
Rabbit C2m is running away from: LionA5
Rabbit C2m is running away from: WolfC3
Rabbit C2 is Hungry
Rabbit C2 m is ready to mate
Rabbit C2 m is approaching partner: Rabbit A3f
Rabbit A3m is running away from: LionA5
Rabbit A3m is running away from: WolfC3
Rabbit A3 m is ready to mate
Rabbit A3 m is approaching partner: Rabbit A3f
Rabbit B4f is running away from: LionC1
Rabbit B4f is running away from: WolfC3
Rabbit B4 is Hungry
Rabbit B4 f is ready to mate
Rabbit A5m is running away from: LionB5
Rabbit A5m is running away from: WolfC3
Rabbit A5 is Hungry
Rabbit A5 m is ready to mate
Rabbit A5 m is approaching partner: Rabbit A2f
Lion C1 is Thirsty
Lion C1 drank water
Lion C1 f is ready to mate
Lion B5 is Thirsty
Lion B5 drank water
Lion B5 m is ready to mate
Lion A5 is Thirsty
Lion A5 drank water
Lion A5 f is ready to mate
Lion B2 is Hungry
LionB2f died of hunger
LionB2fis chasing: C3m
Lion B2 f is ready to mate
Wolf C3f is running away from: LionA5
Wolf C3 is Hungry
Wolf C3f is chasing: B4f
Wolf C3 is Thirsty
Wolf C3drank water
Rabbit C0 is Thirsty
Rabbit C0 drank water
Rabbit C0m is running away from: LionC1
Rabbit C0m is running away from: WolfC3
Rabbit C0 is Hungry
Rabbit C0 m is ready to mate
Rabbit C0 m is approaching partner: Rabbit B4f
Rabbit A0 f was born!Father is C0 and Mother is B4
Rabbit C2 is Thirsty
Rabbit C2 drank water
Rabbit C2f is running away from: LionB5
Rabbit C2f is running away from: WolfC3
Rabbit C2 f is ready to mate
Rabbit A2 is Thirsty
Rabbit A2 drank water
Rabbit A2f is running away from: LionB5
Rabbit A2f is running away from: WolfC3
Rabbit A2 f is ready to mate
Rabbit A2 is Thirsty
Rabbit A2 drank water
Rabbit A2f is running away from: LionB5
Rabbit A2f is running away from: WolfC3
Rabbit A2 f is ready to mate
Rabbit A3 is Thirsty
Rabbit A3 drank water
Rabbit A3f is running away from: LionB5
Rabbit A3f is running away from: WolfC3
Rabbit A3 f is ready to mate
Rabbit C3 is Thirsty
Rabbit C3 drank water
Rabbit C3m is running away from: LionA5
Rabbit C3m is running away from: WolfC3
Rabbit C3 m is ready to mate
Rabbit C3 m is approaching partner: Rabbit A3f
Rabbit B2 is Thirsty
Rabbit B2 drank water
Rabbit B2m is running away from: LionB5
Rabbit B2m is running away from: WolfC3
Rabbit B2 is Hungry
RabbitB2m died of hunger
Rabbit B2 m is ready to mate
Rabbit B2 m is approaching partner: Rabbit A2f
Rabbit C2 is Thirsty
Rabbit C2 drank water
Rabbit C2m is running away from: LionC1
Rabbit C2m is running away from: WolfC3
Rabbit C2 is Hungry
RabbitC2m died of hunger
Rabbit C2 m is ready to mate
Rabbit C2 m is approaching partner: Rabbit A3f
Rabbit A3m is running away from: LionA5
Rabbit A3m is running away from: WolfC3
Rabbit A3 m is ready to mate
Rabbit A3 m is approaching partner: Rabbit A3f
Rabbit B4f is running away from: LionA5
Rabbit B4f is running away from: WolfC3
Rabbit B4 is Hungry
RabbitB4f died of hunger
Rabbit A5m is running away from: LionB5
Rabbit A5m is running away from: WolfC3
Rabbit A5 is Hungry
Rabbit A5 m is ready to mate
Rabbit A5 m is approaching partner: Rabbit A2f
Lion C1 is Thirsty
Lion C1 drank water
Lion C1 is Hungry
LionC1fis chasing: C0m
Lion C1 f is ready to mate
Lion B5 is Thirsty
Lion B5 drank water
Lion B5 m is ready to mate
Lion A5 is Thirsty
Lion A5 drank water
Lion A5 f is ready to mate
Wolf C3f is running away from: LionA5
Wolf C3 is Hungry
WolfC3f died of hunger
Wolf C3f is chasing: C0m
Wolf C3 is Thirsty
Wolf C3drank water
Wolf C3 f is ready to mate
Rabbit C0 is Thirsty
Rabbit C0 drank water
Rabbit C0m is running away from: LionC1
Rabbit C0 is Hungry
Rabbit C0m ate
Rabbit C0 m is ready to mate
Rabbit C0 m is approaching partner: Rabbit A3f
Rabbit C2 is Thirsty
Rabbit C2 drank water
Rabbit C2f is running away from: LionB5
Rabbit C2 f is ready to mate
Rabbit A2 is Thirsty
Rabbit A2 drank water
Rabbit A2f is running away from: LionB5
Rabbit A2 is Hungry
Rabbit A2 f is ready to mate
Rabbit A2 is Thirsty
Rabbit A2 drank water
Rabbit A2f is running away from: LionB5
Rabbit A2 is Hungry
Rabbit A2 f is ready to mate
Rabbit A3 is Thirsty
Rabbit A3 drank water
Rabbit A3f is running away from: LionB5
Rabbit A3 is Hungry
Rabbit A3f ate
Rabbit A3 f is ready to mate
Rabbit C3 is Thirsty
Rabbit C3 drank water
Rabbit C3m is running away from: LionA5
Rabbit C3 m is ready to mate
Rabbit C3 m is approaching partner: Rabbit A3f
Rabbit A3m is running away from: LionA5
Rabbit A3 is Hungry
Rabbit A3m ate
Rabbit A3 m is ready to mate
Rabbit A3 m is approaching partner: Rabbit A3f
Rabbit A5m is running away from: LionB5
Rabbit A5 is Hungry
RabbitA5m died of hunger
Rabbit A5 m is ready to mate
Rabbit A5 m is approaching partner: Rabbit C2f
Rabbit A0f is running away from: LionC1
Lion C1 is Hungry
LionC1fis chasing: C0m
Lion C1 f is ready to mate
Lion B5 is Thirsty
Lion B5 drank water
Lion B5 m is ready to mate
Lion A5 is Thirsty
Lion A5 drank water
Lion A5 f is ready to mate
Rabbit C0 is Thirsty
Rabbit C0 drank water
Rabbit C0m is running away from: LionC1
Rabbit C0 m is ready to mate
Rabbit C0 m is approaching partner: Rabbit A3f
Rabbit C2 is Thirsty
Rabbit C2 drank water
Rabbit C2f is running away from: LionB5
Rabbit C2 is Hungry
Rabbit C2 f is ready to mate
Rabbit A2 is Thirsty
Rabbit A2 drank water
Rabbit A2f is running away from: LionB5
Rabbit A2 is Hungry
Rabbit A2 f is ready to mate
Rabbit A2 is Thirsty
Rabbit A2 drank water
Rabbit A2f is running away from: LionB5
Rabbit A2 is Hungry
Rabbit A2 f is ready to mate
Rabbit A3 is Thirsty
Rabbit A3 drank water
Rabbit A3f is running away from: LionB5
Rabbit A3 f is ready to mate
Rabbit C3 is Thirsty
Rabbit C3 drank water
Rabbit C3m is running away from: LionA5
Rabbit C3 is Hungry
Rabbit C3m ate
Rabbit C3 m is ready to mate
Rabbit C3 m is approaching partner: Rabbit A3f
Rabbit A3m is running away from: LionA5
Rabbit A3 m is ready to mate
Rabbit A3 m is approaching partner: Rabbit A3f
Rabbit A0f is running away from: LionA5
Lion C1 is Hungry
LionC1fis chasing: C0m
LionC1f ate: C0m
Lion C1 f is ready to mate
Lion B5 is Thirsty
Lion B5 drank water
Lion B5 m is ready to mate
Lion A5 f is ready to mate
Rabbit C2 is Thirsty
Rabbit C2 drank water
Rabbit C2f is running away from: LionB5
Rabbit C2 is Hungry
Rabbit C2 f is ready to mate
Rabbit A2 is Thirsty
Rabbit A2 drank water
Rabbit A2f is running away from: LionB5
Rabbit A2 is Hungry
RabbitA2f died of hunger
Rabbit A2 f is ready to mate
Rabbit A2 is Thirsty
Rabbit A2 drank water
Rabbit A2f is running away from: LionB5
Rabbit A2 is Hungry
RabbitA2f died of hunger
Rabbit A2f ate
Rabbit A2 f is ready to mate
Rabbit A3 is Thirsty
Rabbit A3 drank water
Rabbit A3f is running away from: LionB5
Rabbit A3 f is ready to mate
Rabbit C3 is Thirsty
Rabbit C3 drank water
Rabbit C3m is running away from: LionA5
Rabbit C3 m is ready to mate
Rabbit C3 m is approaching partner: Rabbit A3f
Rabbit A3m is running away from: LionA5
Rabbit A3 m is ready to mate
Rabbit A3 m is approaching partner: Rabbit A3f
Rabbit A0f is running away from: LionC1
Rabbit A0 is Hungry
Lion C1 f is ready to mate
Lion B5 is Thirsty
Lion B5 drank water
Lion B5 is Hungry
LionB5mis chasing: A0f
Lion B5 m is ready to mate
Lion A5 is Hungry
LionA5fis chasing: A0f
Lion A5 f is ready to mate
Rabbit C2 is Thirsty
Rabbit C2 drank water
Rabbit C2f is running away from: LionB5
Rabbit C2 is Hungry
RabbitC2f died of hunger
Rabbit C2 f is ready to mate
Rabbit A3 is Thirsty
Rabbit A3 drank water
Rabbit A3f is running away from: LionB5
Rabbit A3 is Hungry
Rabbit A3 f is ready to mate
Rabbit C3 is Thirsty
Rabbit C3 drank water
Rabbit C3m is running away from: LionA5
Rabbit C3 m is ready to mate
Rabbit C3 m is approaching partner: Rabbit A3f
Rabbit A3 is Thirsty
Rabbit A3 drank water
Rabbit A3m is running away from: LionA5
Rabbit A3 is Hungry
Rabbit A3 m is ready to mate
Rabbit A3 m is approaching partner: Rabbit A3f
Rabbit A0f is running away from: LionC1
Rabbit A0 is Hungry
Lion C1 f is ready to mate
Lion B5 is Thirsty
Lion B5 drank water
Lion B5 is Hungry
LionB5mis chasing: A0f
Lion B5 m is ready to mate
Lion A5 is Hungry
LionA5fis chasing: A0f
Lion A5 f is ready to mate
Rabbit A3 is Thirsty
Rabbit A3 drank water
Rabbit A3f is running away from: LionB5
Rabbit A3 is Hungry
Rabbit A3f ate
Rabbit A3 f is ready to mate
Rabbit C3m is running away from: LionA5
Rabbit C3 is Hungry
Rabbit C3m ate
Rabbit C3 m is ready to mate
Rabbit C3 m is approaching partner: Rabbit A3f
Rabbit A3 is Thirsty
Rabbit A3 drank water
Rabbit A3m is running away from: LionA5
Rabbit A3 is Hungry
Rabbit A3m ate
Rabbit A3 m is ready to mate
Rabbit A3 m is approaching partner: Rabbit A3f
Rabbit A0f is running away from: LionA5
Rabbit A0 is Hungry
RabbitA0f died of hunger
Rabbit A0f ate
Rabbit A0 f is ready to mate
Lion C1 f is ready to mate
Lion B5 is Thirsty
Lion B5 drank water
Lion B5 is Hungry
LionB5mis chasing: A3m
Lion B5 m is ready to mate
Lion A5 is Hungry
LionA5fis chasing: A3m
Lion A5 f is ready to mate
Rabbit A3 is Thirsty
Rabbit A3 drank water
Rabbit A3f is running away from: LionB5
Rabbit A3 f is ready to mate
Rabbit C3m is running away from: LionA5
Rabbit C3 m is ready to mate
Rabbit C3 m is approaching partner: Rabbit A3f
Rabbit A3 is Thirsty
Rabbit A3 drank water
Rabbit A3m is running away from: LionA5
Rabbit A3 m is ready to mate
Rabbit A3 m is approaching partner: Rabbit A3f
Lion C1 f is ready to mate
Lion B5 is Thirsty
Lion B5 drank water
Lion B5 is Hungry
LionB5mis chasing: A3m
Lion B5 m is ready to mate
Lion A5 is Hungry
LionA5fis chasing: A3m
Lion A5 f is ready to mate
Rabbit A3 is Thirsty
Rabbit A3 drank water
Rabbit A3f is running away from: LionB5
Rabbit A3 f is ready to mate
Rabbit C3m is running away from: LionA5
Rabbit C3 m is ready to mate
Rabbit C3 m is approaching partner: Rabbit A3f
Rabbit A3 is Thirsty
Rabbit A3 drank water
Rabbit A3m is running away from: LionA5
Rabbit A3 m is ready to mate
Rabbit A3 m is approaching partner: Rabbit A3f
Lion C1 f is ready to mate
Lion B5 is Thirsty
Lion B5 drank water
Lion B5 is Hungry
LionB5mis chasing: A3m
Lion B5 m is ready to mate
Lion A5 is Hungry
LionA5fis chasing: A3m
Lion A5 f is ready to mate
Rabbit A3 is Thirsty
Rabbit A3 drank water
Rabbit A3f is running away from: LionB5
Rabbit A3 is Hungry
Rabbit A3 f is ready to mate
Rabbit C3m is running away from: LionA5
Rabbit C3 is Hungry
Rabbit C3m ate
Rabbit C3 m is ready to mate
Rabbit C3 m is approaching partner: Rabbit A3f
Rabbit A3 is Thirsty
Rabbit A3 drank water
Rabbit A3m is running away from: LionA5
Rabbit A3 is Hungry
Rabbit A3m ate
Rabbit A3 m is ready to mate
Rabbit A3 m is approaching partner: Rabbit A3f
Lion C1 is Hungry
LionC1fis chasing: A3m
Lion C1 f is ready to mate
Lion B5 is Thirsty
Lion B5 drank water
Lion B5 is Hungry
LionB5mis chasing: A3m
Lion B5 m is ready to mate
Lion A5 is Hungry
LionA5fis chasing: A3m
Lion A5 f is ready to mate
Rabbit A3 is Thirsty
Rabbit A3 drank water
Rabbit A3f is running away from: LionB5
Rabbit A3 is Hungry
Rabbit A3 f is ready to mate
Rabbit C3m is running away from: LionA5
Rabbit C3 m is ready to mate
Rabbit C3 m is approaching partner: Rabbit A3f
Rabbit A3 is Thirsty
Rabbit A3 drank water
Rabbit A3m is running away from: LionA5
Rabbit A3 m is ready to mate
Rabbit A3 m is approaching partner: Rabbit A3f
Lion C1 is Hungry
LionC1fis chasing: A3m
Lion C1 f is ready to mate
Lion B5 is Hungry
LionB5m died of hunger
LionB5mis chasing: A3m
Lion B5 m is ready to mate
Lion A5 is Hungry
LionA5f died of hunger
LionA5fis chasing: A3m
Lion A5 f is ready to mate
Rabbit A3 is Thirsty
Rabbit A3 drank water
Rabbit A3f is running away from: LionC1
Rabbit A3 is Hungry
RabbitA3f died of hunger
Rabbit A3 f is ready to mate
Rabbit C3m is running away from: LionC1
Rabbit C3 m is ready to mate
Not enough female Rabbits or Female Rabbit partners are not ready yet!
Rabbit A3 is Thirsty
Rabbit A3 drank water
Rabbit A3m is running away from: LionC1
Rabbit A3 m is ready to mate
Not enough female Rabbits or Female Rabbit partners are not ready yet!
Lion C1 is Thirsty
Lion C1 drank water
Lion C1 is Hungry
LionC1fis chasing: A3m
Lion C1 f is ready to mate
Rabbit C3m is running away from: LionC1
Rabbit C3 is Hungry
Rabbit C3m ate
Rabbit C3 m is ready to mate
Not enough female Rabbits or Female Rabbit partners are not ready yet!
Rabbit A3 is Thirsty
Rabbit A3 drank water
Rabbit A3m is running away from: LionC1
Rabbit A3 is Hungry
Rabbit A3 m is ready to mate
Not enough female Rabbits or Female Rabbit partners are not ready yet!
Lion C1 is Hungry
LionC1fis chasing: A3m
Lion C1 f is ready to mate
Rabbit C3m is running away from: LionC1
Rabbit C3 m is ready to mate
Not enough female Rabbits or Female Rabbit partners are not ready yet!
Rabbit A3 is Thirsty
Rabbit A3 drank water
Rabbit A3m is running away from: LionC1
Rabbit A3 is Hungry
Rabbit A3m ate
Rabbit A3 m is ready to mate
Not enough female Rabbits or Female Rabbit partners are not ready yet!
Lion C1 is Hungry
LionC1fis chasing: A3m
Lion C1 f is ready to mate
Rabbit C3m is running away from: LionC1
Rabbit C3 m is ready to mate
Not enough female Rabbits or Female Rabbit partners are not ready yet!
Rabbit A3 is Thirsty
Rabbit A3 drank water
Rabbit A3m is running away from: LionC1
Rabbit A3 m is ready to mate
Not enough female Rabbits or Female Rabbit partners are not ready yet!
Lion C1 is Hungry
LionC1fis chasing: A3m
Lion C1 f is ready to mate
Rabbit C3 is Thirsty
Rabbit C3 drank water
Rabbit C3m is running away from: LionC1
Rabbit C3 is Hungry
Rabbit C3m ate
Rabbit C3 m is ready to mate
Not enough female Rabbits or Female Rabbit partners are not ready yet!
Rabbit A3 is Thirsty
Rabbit A3 drank water
Rabbit A3m is running away from: LionC1
Rabbit A3 m is ready to mate
Not enough female Rabbits or Female Rabbit partners are not ready yet!
Lion C1 is Hungry
LionC1f died of hunger
LionC1fis chasing: A3m
Lion C1 f is ready to mate
Rabbit C3 is Thirsty
Rabbit C3 drank water
Rabbit C3 m is ready to mate
Not enough female Rabbits or Female Rabbit partners are not ready yet!
Rabbit A3 is Thirsty
Rabbit A3 drank water
Rabbit A3 is Hungry
Rabbit A3m ate
Rabbit A3 m is ready to mate
Not enough female Rabbits or Female Rabbit partners are not ready yet!
Rabbit C3 is Thirsty
Rabbit C3 drank water
Rabbit C3 m is ready to mate
Not enough female Rabbits or Female Rabbit partners are not ready yet!
Rabbit A3 is Thirsty
Rabbit A3 drank water
Rabbit A3 m is ready to mate
Not enough female Rabbits or Female Rabbit partners are not ready yet!
Rabbit C3 is Thirsty
Rabbit C3 drank water
Rabbit C3 is Hungry
Rabbit C3 m is ready to mate
Not enough female Rabbits or Female Rabbit partners are not ready yet!
Rabbit A3 is Thirsty
Rabbit A3 drank water
Rabbit A3 m is ready to mate
Not enough female Rabbits or Female Rabbit partners are not ready yet!
Rabbit C3 is Hungry
Rabbit C3 m is ready to mate
Not enough female Rabbits or Female Rabbit partners are not ready yet!
Rabbit A3 is Thirsty
Rabbit A3 drank water
Rabbit A3 is Hungry
Rabbit A3m ate
Rabbit A3 m is ready to mate
Not enough female Rabbits or Female Rabbit partners are not ready yet!
Rabbit C3 is Hungry
RabbitC3m died of hunger
Rabbit C3 m is ready to mate
Not enough female Rabbits or Female Rabbit partners are not ready yet!
Rabbit A3 is Thirsty
Rabbit A3 drank water
Rabbit A3 m is ready to mate
Not enough female Rabbits or Female Rabbit partners are not ready yet!
Rabbit A3 is Thirsty
Rabbit A3 drank water
Rabbit A3 m is ready to mate
Not enough female Rabbits or Female Rabbit partners are not ready yet!
Rabbit A3 is Hungry
Rabbit A3m ate
Rabbit A3 m is ready to mate
Not enough female Rabbits or Female Rabbit partners are not ready yet!
Rabbit A3 m is ready to mate
Not enough female Rabbits or Female Rabbit partners are not ready yet!
Rabbit A3 m is ready to mate
Not enough female Rabbits or Female Rabbit partners are not ready yet!
Rabbit A3 is Hungry
Rabbit A3 m is ready to mate
Not enough female Rabbits or Female Rabbit partners are not ready yet!
Rabbit A3 is Hungry
Rabbit A3 m is ready to mate
Not enough female Rabbits or Female Rabbit partners are not ready yet!
Rabbit A3 is Hungry
RabbitA3m died of hunger
Rabbit A3 m is ready to mate
Not enough female Rabbits or Female Rabbit partners are not ready yet!
