Rabbit A2f is running away from: WolfA0
Rabbit A4 f is ready to mate
Rabbit B3 f is ready to mate
Rabbit A0 m is ready to mate
Rabbit A0 m is approaching partner: Rabbit A4f
Rabbit A2 f is ready to mate
Rabbit C1 m is ready to mate
Rabbit C1 m is approaching partner: Rabbit C5f
Rabbit C5 f is ready to mate
Rabbit A1 m is ready to mate
Rabbit A1 m is approaching partner: Rabbit C1f
Rabbit B3 f is ready to mate
Rabbit A2 m is ready to mate
Rabbit A2 m is approaching partner: Rabbit C5f
Rabbit C1 f is ready to mate
Rabbit B3 f is ready to mate
Rabbit B1 f is ready to mate
Rabbit A5 m is ready to mate
Rabbit A5 m is approaching partner: Rabbit B3f
Rabbit C0 m is ready to mate
Rabbit C0 m is approaching partner: Rabbit C1f
Rabbit C3f is running away from: LionA0
Rabbit C3 f is ready to mate
Rabbit A4f is running away from: LionB1
Rabbit A4 f is ready to mate
Rabbit B3 f is ready to mate
Rabbit A0 m is ready to mate
Rabbit A0 m is approaching partner: Rabbit A4f
Rabbit A2 f is ready to mate
Rabbit C1 m is ready to mate
Rabbit C1 m is approaching partner: Rabbit C5f
Rabbit C5 f is ready to mate
Rabbit A1 m is ready to mate
Rabbit A1 m is approaching partner: Rabbit C1f
Rabbit B3 f is ready to mate
Rabbit A2 m is ready to mate
Rabbit A2 m is approaching partner: Rabbit C5f
Rabbit C1 f is ready to mate
Rabbit B3 f is ready to mate
Rabbit B1 f is ready to mate
Rabbit A5 m is ready to mate
Rabbit A5 m is approaching partner: Rabbit B3f
Rabbit C2 m was born!Father is A5 and Mother is B3
Rabbit C0 m is ready to mate
Rabbit C0 m is approaching partner: Rabbit C1f
Rabbit C3 f is ready to mate
Rabbit A4 is Hungry
Rabbit A4 f is ready to mate
Rabbit B3 is Hungry
Rabbit B3 f is ready to mate
Rabbit A0m is running away from: LionA3
Rabbit A0 is Hungry
Rabbit A0 m is ready to mate
Rabbit A0 m is approaching partner: Rabbit A4f
Rabbit A2 is Hungry
Rabbit A2 f is ready to mate
Rabbit C1 is Hungry
Rabbit C1 m is ready to mate
Rabbit C1 m is approaching partner: Rabbit C5f
Rabbit C5 is Hungry
Rabbit C5 f is ready to mate
Rabbit A1 is Hungry
Rabbit A1 m is ready to mate
Rabbit A1 m is approaching partner: Rabbit C1f
Rabbit B3 is Hungry
Rabbit B3 f is ready to mate
Rabbit A2 is Hungry
Rabbit A2 m is ready to mate
Rabbit A2 m is approaching partner: Rabbit C5f
Rabbit C1 is Hungry
Rabbit C1 f is ready to mate
Rabbit B3 is Hungry
Rabbit B1 is Hungry
Rabbit B1 f is ready to mate
Rabbit A5 is Hungry
Rabbit A5 m is ready to mate
Rabbit A5 m is approaching partner: Rabbit C5f
Rabbit C0 is Hungry
Rabbit C0 m is ready to mate
Rabbit C0 m is approaching partner: Rabbit B1f
Rabbit C3 is Hungry
Rabbit C3 f is ready to mate
Lion B1 m is ready to mate
Lion A3 f is ready to mate
Lion A4 f is ready to mate
Lion A0 m is ready to mate
Rabbit A4f is running away from: LionB1
Rabbit A4 is Hungry
Rabbit A4 f is ready to mate
Rabbit B3 is Hungry
Rabbit B3 f is ready to mate
Rabbit A0m is running away from: LionA3
Rabbit A0 is Hungry
Rabbit A0 m is ready to mate
Rabbit A0 m is approaching partner: Rabbit A4f
Rabbit A2f is running away from: WolfA0
Rabbit A2 is Hungry
Rabbit A2 f is ready to mate
Rabbit C1 is Hungry
Rabbit C1 m is ready to mate
Rabbit C1 m is approaching partner: Rabbit C5f
Rabbit B3 f was born!Father is C1 and Mother is C5
Rabbit C5 is Hungry
Rabbit A1 is Hungry
Rabbit A1 m is ready to mate
Rabbit A1 m is approaching partner: Rabbit B1f
Rabbit B3 is Hungry
Rabbit B3 f is ready to mate
Rabbit A2 is Hungry
Rabbit A2 m is ready to mate
Rabbit A2 m is approaching partner: Rabbit B3f
Rabbit C1 is Hungry
Rabbit C1 f is ready to mate
Rabbit B3 is Hungry
Rabbit B1 is Hungry
Rabbit B1 f is ready to mate
Rabbit A5 is Hungry
Rabbit A5 m is ready to mate
Rabbit A5 m is approaching partner: Rabbit B3f
Rabbit C0 is Hungry
Rabbit C0 m is ready to mate
Rabbit C0 m is approaching partner: Rabbit B1f
Rabbit C3 is Hungry
Rabbit C3 f is ready to mate
Lion B1 m is ready to mate
Lion A3 f is ready to mate
Lion A4 f is ready to mate
Lion A0 m is ready to mate
Rabbit A4f is running away from: LionB1
Rabbit A4 is Hungry
Rabbit A4 f is ready to mate
Rabbit B3 is Hungry
Rabbit B3 f is ready to mate
Rabbit A0 is Hungry
Rabbit A0 m is ready to mate
Rabbit A0 m is approaching partner: Rabbit A4f
Rabbit A2 is Hungry
Rabbit A2 f is ready to mate
Rabbit C1 is Hungry
Rabbit C1 m is ready to mate
Rabbit C1 m is approaching partner: Rabbit B3f
Rabbit C5 is Hungry
Rabbit A1 is Hungry
Rabbit A1 m is ready to mate
Rabbit A1 m is approaching partner: Rabbit B1f
Rabbit B3 is Hungry
Rabbit B3 f is ready to mate
Rabbit A2 is Hungry
Rabbit A2 m is ready to mate
Rabbit A2 m is approaching partner: Rabbit B3f
Rabbit C1 is Hungry
Rabbit C1 f is ready to mate
Rabbit B3 is Hungry
Rabbit B1 is Hungry
Rabbit B1 f is ready to mate
Rabbit A5 is Hungry
Rabbit A5 m is ready to mate
Rabbit A5 m is approaching partner: Rabbit B3f
Rabbit C0 is Hungry
Rabbit C0 m is ready to mate
Rabbit C0 m is approaching partner: Rabbit C1f
Rabbit C3 is Hungry
Rabbit C3 f is ready to mate
Lion B1 m is ready to mate
Lion A3 f is ready to mate
Lion A4 f is ready to mate
Lion A0 m is ready to mate
Lion C0 m was born!Father is A0 and Mother is A3
Rabbit A4 is Thirsty
Rabbit A4 drank water
Rabbit A4 is Hungry
Rabbit A4 f is ready to mate
Rabbit B3 is Thirsty
Rabbit B3 drank water
Rabbit B3 is Hungry
Rabbit B3 f is ready to mate
Rabbit A0 is Thirsty
Rabbit A0 drank water
Rabbit A0 is Hungry
Rabbit A0 m is ready to mate
Rabbit A0 m is approaching partner: Rabbit A4f
Rabbit A2 is Thirsty
Rabbit A2 drank water
Rabbit A2 is Hungry
Rabbit A2 f is ready to mate
Rabbit C1 is Thirsty
Rabbit C1 drank water
Rabbit C1 is Hungry
Rabbit C1 m is ready to mate
Rabbit C1 m is approaching partner: Rabbit B3f
Rabbit C5 is Thirsty
Rabbit C5 drank water
Rabbit C5 is Hungry
Rabbit A1 is Thirsty
Rabbit A1 drank water
Rabbit A1 is Hungry
Rabbit A1 m is ready to mate
Rabbit A1 m is approaching partner: Rabbit B1f
Rabbit A1 f was born!Father is A1 and Mother is B1
Rabbit B3 is Thirsty
Rabbit B3 drank water
Rabbit B3 is Hungry
Rabbit B3 f is ready to mate
Rabbit A2 is Thirsty
Rabbit A2 drank water
Rabbit A2 is Hungry
Rabbit A2 m is ready to mate
Rabbit A2 m is approaching partner: Rabbit B3f
Rabbit C1 is Thirsty
Rabbit C1 drank water
Rabbit C1 is Hungry
Rabbit C1 f is ready to mate
Rabbit B3 is Thirsty
Rabbit B3 drank water
Rabbit B3 is Hungry
Rabbit B1 is Thirsty
Rabbit B1 drank water
Rabbit B1 is Hungry
Rabbit A5 is Thirsty
Rabbit A5 drank water
Rabbit A5 is Hungry
Rabbit A5 m is ready to mate
Rabbit A5 m is approaching partner: Rabbit B3f
Rabbit C0 is Thirsty
Rabbit C0 drank water
Rabbit C0 is Hungry
Rabbit C0 m is ready to mate
Rabbit C0 m is approaching partner: Rabbit C1f
Rabbit C3 is Thirsty
Rabbit C3 drank water
Rabbit C3 is Hungry
Rabbit C3 f is ready to mate
Rabbit C2 is Hungry
Lion B1 m is ready to mate
Lion A4 f is ready to mate
Lion A0 m is ready to mate
Rabbit A4 is Thirsty
Rabbit A4 drank water
Rabbit A4 is Hungry
Rabbit A4 f is ready to mate
Rabbit B3 is Thirsty
Rabbit B3 drank water
Rabbit B3 is Hungry
Rabbit B3 f is ready to mate
Rabbit A0 is Thirsty
Rabbit A0 drank water
Rabbit A0m is running away from: LionA3
Rabbit A0 is Hungry
Rabbit A0 m is ready to mate
Rabbit A0 m is approaching partner: Rabbit A4f
Rabbit A2 is Thirsty
Rabbit A2 drank water
Rabbit A2 is Hungry
Rabbit A2 f is ready to mate
Rabbit C1 is Thirsty
Rabbit C1 drank water
Rabbit C1 is Hungry
Rabbit C1 m is ready to mate
Rabbit C1 m is approaching partner: Rabbit B3f
Rabbit C5 is Thirsty
Rabbit C5 drank water
Rabbit C5 is Hungry
Rabbit A1 is Thirsty
Rabbit A1 drank water
Rabbit A1 is Hungry
Rabbit A1 m is ready to mate
Rabbit A1 m is approaching partner: Rabbit C1f
Rabbit B3 is Thirsty
Rabbit B3 drank water
Rabbit B3 is Hungry
Rabbit B3 f is ready to mate
Rabbit A2 is Thirsty
Rabbit A2 drank water
Rabbit A2 is Hungry
Rabbit A2 m is ready to mate
Rabbit A2 m is approaching partner: Rabbit B3f
Rabbit C1 is Thirsty
Rabbit C1 drank water
Rabbit C1 is Hungry
Rabbit C1 f is ready to mate
Rabbit B3 is Thirsty
Rabbit B3 drank water
Rabbit B3 is Hungry
Rabbit B1 is Thirsty
Rabbit B1 drank water
Rabbit B1 is Hungry
Rabbit A5 is Thirsty
Rabbit A5 drank water
Rabbit A5 is Hungry
Rabbit A5 m is ready to mate
Rabbit A5 m is approaching partner: Rabbit B3f
Rabbit C0 is Thirsty
Rabbit C0 drank water
Rabbit C0 is Hungry
Rabbit C0 m is ready to mate
Rabbit C0 m is approaching partner: Rabbit C1f
Rabbit C3 is Thirsty
Rabbit C3 drank water
Rabbit C3 is Hungry
Rabbit C3 f is ready to mate
Rabbit C2 is Hungry
Lion B1 m is ready to mate
Lion A4 f is ready to mate
Lion A0 m is ready to mate
Rabbit A4 is Thirsty
Rabbit A4 drank water
Rabbit A4 is Hungry
Rabbit A4 f is ready to mate
Rabbit B3 is Thirsty
Rabbit B3 drank water
Rabbit B3 is Hungry
Rabbit B3 f is ready to mate
Rabbit A0m is running away from: LionB1
Rabbit A0 is Hungry
Rabbit A0 m is ready to mate
Rabbit A0 m is approaching partner: Rabbit A4f
Rabbit A2 is Thirsty
Rabbit A2 drank water
Rabbit A2 is Hungry
Rabbit A2 f is ready to mate
Rabbit C1 is Thirsty
Rabbit C1 drank water
Rabbit C1 is Hungry
Rabbit C1 m is ready to mate
Rabbit C1 m is approaching partner: Rabbit B3f
Rabbit C5 is Hungry
Rabbit A1 is Thirsty
Rabbit A1 drank water
Rabbit A1 is Hungry
Rabbit A1 m is ready to mate
Rabbit A1 m is approaching partner: Rabbit C1f
Rabbit B3 is Thirsty
Rabbit B3 drank water
Rabbit B3 is Hungry
Rabbit B3 f is ready to mate
Rabbit A2 is Hungry
Rabbit A2 m is ready to mate
Rabbit A2 m is approaching partner: Rabbit B3f
Rabbit C1 is Hungry
Rabbit C1 f is ready to mate
Rabbit B3 is Hungry
Rabbit B3 f is ready to mate
Rabbit B1 is Thirsty
Rabbit B1 drank water
Rabbit B1 is Hungry
Rabbit A5 is Hungry
Rabbit A5 m is ready to mate
Rabbit A5 m is approaching partner: Rabbit B3f
Rabbit C0 f was born!Father is A5 and Mother is B3
Rabbit C0 is Hungry
Rabbit C0 m is ready to mate
Rabbit C0 m is approaching partner: Rabbit A2f
Rabbit C3 is Thirsty
Rabbit C3 drank water
Rabbit C3 is Hungry
Rabbit C3 f is ready to mate
Rabbit C2 is Hungry
Rabbit C2 m is ready to mate
Rabbit C2 m is approaching partner: Rabbit B3f
Rabbit B3 is Hungry
Lion B1 m is ready to mate
Lion A4 f is ready to mate
Lion A0 m is ready to mate
Wolf A2 is Hungry
Wolf A2m is chasing: B3f
Wolf A0 is Hungry
Wolf A0m is chasing: A2f
Wolf B1 is Hungry
Wolf B1f is chasing: A2f
Wolf C2 is Hungry
Wolf C2f is chasing: C2m
Rabbit A4 is Thirsty
Rabbit A4 drank water
Rabbit A4 is Hungry
Rabbit A4 f is ready to mate
Rabbit B3 is Thirsty
Rabbit B3 drank water
Rabbit B3 is Hungry
Rabbit B3 f is ready to mate
Rabbit A0 is Hungry
Rabbit A0 m is ready to mate
Rabbit A0 m is approaching partner: Rabbit A4f
Rabbit A2 is Thirsty
Rabbit A2 drank water
Rabbit A2 is Hungry
Rabbit A2 f is ready to mate
Rabbit C1 is Thirsty
Rabbit C1 drank water
Rabbit C1 is Hungry
Rabbit C1 m is ready to mate
Rabbit C1 m is approaching partner: Rabbit C1f
Rabbit C5 is Hungry
Rabbit A1 is Thirsty
Rabbit A1 drank water
Rabbit A1 is Hungry
Rabbit A1 m is ready to mate
Rabbit A1 m is approaching partner: Rabbit C1f
Rabbit B3 is Thirsty
Rabbit B3 drank water
Rabbit B3 is Hungry
Rabbit A2 is Hungry
Rabbit A2 m is ready to mate
Rabbit A2 m is approaching partner: Rabbit C1f
Rabbit C1 is Hungry
Rabbit C1 f is ready to mate
Rabbit B3 is Hungry
Rabbit B3 f is ready to mate
Rabbit B1 is Thirsty
Rabbit B1 drank water
Rabbit B1 is Hungry
Rabbit A5 is Hungry
Rabbit A5 m is ready to mate
Rabbit A5 m is approaching partner: Rabbit C1f
Rabbit C0 is Hungry
Rabbit C0 m is ready to mate
Rabbit C0 m is approaching partner: Rabbit A2f
Rabbit C1 f was born!Father is C0 and Mother is A2
Rabbit C3 is Thirsty
Rabbit C3 drank water
Rabbit C3 is Hungry
Rabbit C3 f is ready to mate
Rabbit C2 is Thirsty
Rabbit C2 drank water
Rabbit C2 is Hungry
Rabbit C2 m is ready to mate
Rabbit C2 m is approaching partner: Rabbit B3f
Rabbit B3 is Hungry
Rabbit B3 f is ready to mate
Lion B1 is Thirsty
Lion B1 drank water
Lion B1 m is ready to mate
Lion A3 is Thirsty
Lion A3 drank water
Lion A4 is Thirsty
Lion A4 drank water
Lion A4 f is ready to mate
Lion A0 is Thirsty
Lion A0 drank water
Lion A0 m is ready to mate
Wolf A2 is Hungry
Wolf A2m is chasing: B3f
Wolf A0 is Hungry
Wolf A0m is chasing: B3f
Wolf B1 is Hungry
Wolf B1f is chasing: C0m
Wolf C2 is Hungry
Wolf C2f is chasing: A5m
Rabbit A4 is Thirsty
Rabbit A4 drank water
Rabbit A4 is Hungry
Rabbit A4 f is ready to mate
Rabbit B3 is Thirsty
Rabbit B3 drank water
Rabbit B3 is Hungry
Rabbit B3 f is ready to mate
Rabbit A0 is Hungry
Rabbit A0 m is ready to mate
Rabbit A0 m is approaching partner: Rabbit A4f
Rabbit A2 is Thirsty
Rabbit A2 drank water
Rabbit A2 is Hungry
Rabbit C1 is Thirsty
Rabbit C1 drank water
Rabbit C1 is Hungry
Rabbit C1 m is ready to mate
Rabbit C1 m is approaching partner: Rabbit B3f
Rabbit C5 is Hungry
Rabbit C5 f is ready to mate
Rabbit A1 is Thirsty
Rabbit A1 drank water
Rabbit A1 is Hungry
Rabbit A1 m is ready to mate
Rabbit A1 m is approaching partner: Rabbit C1f
Rabbit B3 is Thirsty
Rabbit B3 drank water
Rabbit B3 is Hungry
Rabbit A2 is Hungry
Rabbit A2 m is ready to mate
Rabbit A2 m is approaching partner: Rabbit C5f
Rabbit C1 is Hungry
Rabbit C1 f is ready to mate
Rabbit B3 is Hungry
Rabbit B3 f is ready to mate
Rabbit B1 is Thirsty
Rabbit B1 drank water
Rabbit B1 is Hungry
Rabbit A5 is Hungry
Rabbit A5 m is ready to mate
Rabbit A5 m is approaching partner: Rabbit B3f
Rabbit C0 is Hungry
Rabbit C0 m is ready to mate
Rabbit C0 m is approaching partner: Rabbit B3f
Rabbit A3 f was born!Father is C0 and Mother is B3
Rabbit C3 is Thirsty
Rabbit C3 drank water
Rabbit C3 is Hungry
Rabbit C3 f is ready to mate
Rabbit C2 is Thirsty
Rabbit C2 drank water
Rabbit C2 is Hungry
Rabbit C2 m is ready to mate
Rabbit C2 m is approaching partner: Rabbit B3f
Rabbit B3 is Hungry
Rabbit B3 f is ready to mate
Rabbit A1 is Hungry
Lion B1 is Thirsty
Lion B1 drank water
Lion B1 m is ready to mate
Lion A3 is Thirsty
Lion A3 drank water
Lion A4 is Thirsty
Lion A4 drank water
Lion A4 f is ready to mate
Lion A0 is Thirsty
Lion A0 drank water
Lion A0 m is ready to mate
Wolf A2 is Hungry
Wolf A2m is chasing: C1f
Wolf A0 is Hungry
Wolf A0m is chasing: C1f
Wolf B1 is Hungry
Wolf B1f is chasing: C0m
Wolf C2 is Hungry
Wolf C2f is chasing: A5m
Rabbit A4 is Thirsty
Rabbit A4 drank water
Rabbit A4 is Hungry
Rabbit A4 f is ready to mate
Rabbit B3 is Thirsty
Rabbit B3 drank water
Rabbit B3 is Hungry
Rabbit A0 is Hungry
Rabbit A0 m is ready to mate
Rabbit A0 m is approaching partner: Rabbit A4f
Rabbit A2 is Thirsty
Rabbit A2 drank water
Rabbit A2 is Hungry
Rabbit C1 is Thirsty
Rabbit C1 drank water
Rabbit C1 is Hungry
Rabbit C1 m is ready to mate
Rabbit C1 m is approaching partner: Rabbit B3f
Rabbit C5 is Hungry
Rabbit C5 f is ready to mate
Rabbit A1 is Thirsty
Rabbit A1 drank water
Rabbit A1 is Hungry
Rabbit A1 m is ready to mate
Rabbit A1 m is approaching partner: Rabbit C1f
Rabbit B3 is Thirsty
Rabbit B3 drank water
Rabbit B3 is Hungry
Rabbit A2 is Hungry
Rabbit A2 m is ready to mate
Rabbit A2 m is approaching partner: Rabbit B3f
Rabbit C1 is Hungry
Rabbit C1 f is ready to mate
Rabbit B3 is Hungry
Rabbit B3 f is ready to mate
Rabbit B1 is Thirsty
Rabbit B1 drank water
Rabbit B1 is Hungry
Rabbit B1 f is ready to mate
Rabbit A5 is Hungry
Rabbit A5 m is ready to mate
Rabbit A5 m is approaching partner: Rabbit B3f
Rabbit C0 is Hungry
Rabbit C0 m is ready to mate
Rabbit C0 m is approaching partner: Rabbit C1f
Rabbit C3 is Thirsty
Rabbit C3 drank water
Rabbit C3 is Hungry
Rabbit C3 f is ready to mate
Rabbit C2 is Thirsty
Rabbit C2 drank water
Rabbit C2 is Hungry
Rabbit C2 m is ready to mate
Rabbit C2 m is approaching partner: Rabbit C5f
Rabbit B3 is Thirsty
Rabbit B3 drank water
Rabbit B3 is Hungry
Rabbit B3 f is ready to mate
Rabbit A1 is Hungry
Rabbit A1 f is ready to mate
Lion B1 m is ready to mate
Lion A3 is Thirsty
Lion A3 drank water
Lion A4 is Thirsty
Lion A4 drank water
Lion A4 f is ready to mate
Lion A0 is Thirsty
Lion A0 drank water
Lion A0 m is ready to mate
Wolf A2 is Hungry
Wolf A2m is chasing: C1f
Wolf A0 is Hungry
Wolf A0m is chasing: A3f
Wolf B1 is Hungry
Wolf B1f is chasing: A3f
Wolf C2f ate!
Rabbit A4 is Thirsty
Rabbit A4 drank water
Rabbit A4 is Hungry
Rabbit A4 f is ready to mate
Rabbit B3 is Thirsty
Rabbit B3 drank water
Rabbit B3 is Hungry
Rabbit A0 is Hungry
Rabbit A0 m is ready to mate
Rabbit A0 m is approaching partner: Rabbit A4f
Rabbit A2 is Hungry
Rabbit C1 is Thirsty
Rabbit C1 drank water
Rabbit C1 is Hungry
Rabbit C1 m is ready to mate
Rabbit C1 m is approaching partner: Rabbit B3f
Rabbit C5f is running away from: LionA0
Rabbit C5 is Hungry
Rabbit C5 f is ready to mate
Rabbit A1 is Thirsty
Rabbit A1 drank water
Rabbit A1 is Hungry
Rabbit A1 m is ready to mate
Rabbit A1 m is approaching partner: Rabbit A1f
Rabbit B3 is Thirsty
Rabbit B3 drank water
Rabbit B3 is Hungry
Rabbit A2 is Hungry
Rabbit A2 m is ready to mate
Rabbit A2 m is approaching partner: Rabbit B3f
Rabbit C1 is Hungry
Rabbit C1 f is ready to mate
Rabbit B3 is Hungry
Rabbit B3 f is ready to mate
Rabbit B1 is Thirsty
Rabbit B1 drank water
Rabbit B1 is Hungry
Rabbit B1 f is ready to mate
Rabbit C0 is Hungry
Rabbit C0 m is ready to mate
Rabbit C0 m is approaching partner: Rabbit A1f
Rabbit C3 is Thirsty
Rabbit C3 drank water
Rabbit C3 is Hungry
Rabbit C3 f is ready to mate
Rabbit C2 is Thirsty
Rabbit C2 drank water
Rabbit C2 is Hungry
Rabbit C2 m is ready to mate
Rabbit C2 m is approaching partner: Rabbit C5f
Rabbit B3 is Thirsty
Rabbit B3 drank water
Rabbit B3 is Hungry
Rabbit B3 f is ready to mate
Rabbit A1 is Hungry
Rabbit A1 f is ready to mate
Rabbit C0 is Hungry
Lion B1 m is ready to mate
Lion A3 is Thirsty
Lion A3 drank water
Lion A4 is Thirsty
Lion A4 drank water
Lion A4 f is ready to mate
Lion A0 is Thirsty
Lion A0 drank water
Lion A0 m is ready to mate
Wolf A2 is Hungry
Wolf A2m is chasing: C1f
Wolf A0 is Hungry
Wolf A0m is chasing: C1f
Wolf B1 is Hungry
Wolf B1f is chasing: C1f
Rabbit A4 is Thirsty
Rabbit A4 drank water
Rabbit A4 is Hungry
Rabbit A4 f is ready to mate
Rabbit B3 is Hungry
Rabbit A0 is Hungry
Rabbit A0 m is ready to mate
Rabbit A0 m is approaching partner: Rabbit A4f
Rabbit A2 is Hungry
Rabbit C1 is Thirsty
Rabbit C1 drank water
Rabbit C1 is Hungry
Rabbit C1 m is ready to mate
Rabbit C1 m is approaching partner: Rabbit B3f
Rabbit C5f is running away from: LionA3
Rabbit C5 is Hungry
Rabbit C5 f is ready to mate
Rabbit A1 is Thirsty
Rabbit A1 drank water
Rabbit A1 is Hungry
Rabbit A1 m is ready to mate
Rabbit A1 m is approaching partner: Rabbit A1f
Rabbit B3 is Thirsty
Rabbit B3 drank water
Rabbit B3 is Hungry
Rabbit A2 is Hungry
Rabbit A2 m is ready to mate
Rabbit A2 m is approaching partner: Rabbit B3f
Rabbit C1 is Hungry
Rabbit C1 f is ready to mate
Rabbit B3 is Hungry
Rabbit B3 f is ready to mate
Rabbit B1 is Thirsty
Rabbit B1 drank water
Rabbit B1 is Hungry
Rabbit B1 f is ready to mate
Rabbit C0 is Hungry
Rabbit C0 m is ready to mate
Rabbit C0 m is approaching partner: Rabbit A1f
Rabbit C3 is Thirsty
Rabbit C3 drank water
Rabbit C3 is Hungry
Rabbit C3 f is ready to mate
Rabbit C2 is Thirsty
Rabbit C2 drank water
Rabbit C2 is Hungry
Rabbit C2 m is ready to mate
Rabbit C2 m is approaching partner: Rabbit C5f
Rabbit C4 f was born!Father is C2 and Mother is C5
Rabbit B3 is Thirsty
Rabbit B3 drank water
Rabbit B3 is Hungry
Rabbit B3 f is ready to mate
Rabbit A1 is Thirsty
Rabbit A1 drank water
Rabbit A1 is Hungry
Rabbit A1 f is ready to mate
Rabbit C0 is Hungry
Rabbit C0 f is ready to mate
Rabbit C1 is Hungry
Lion B1 m is ready to mate
Lion A3 is Thirsty
Lion A3 drank water
Lion A4 is Thirsty
Lion A4 drank water
Lion A4 f is ready to mate
Lion A0 is Thirsty
Lion A0 drank water
Lion A0m ate: C4f
Lion A0 m is ready to mate
Wolf A2 is Hungry
Wolf A2m is chasing: A3f
Wolf A2 m is ready to mate
Wolf A0 is Hungry
Wolf A0m is chasing: A3f
Wolf A0m ate!
Wolf A0 m is ready to mate
Wolf B1 is Hungry
Wolf B1f is chasing: C1f
Wolf B1f ate!
Wolf B1 f is ready to mate
Wolf C2 f is ready to mate
Rabbit A4 is Thirsty
Rabbit A4 drank water
Rabbit A4 is Hungry
Rabbit A4 f is ready to mate
Rabbit B3 is Hungry
Rabbit A0 is Thirsty
Rabbit A0 drank water
Rabbit A0 is Hungry
Rabbit A0 m is ready to mate
Rabbit A0 m is approaching partner: Rabbit C3f
Rabbit A2 is Hungry
Rabbit C1 is Thirsty
Rabbit C1 drank water
Rabbit C1 is Hungry
Rabbit C1 m is ready to mate
Rabbit C1 m is approaching partner: Rabbit B3f
Rabbit C5 is Thirsty
Rabbit C5 drank water
Rabbit C5 is Hungry
Rabbit A1 is Thirsty
Rabbit A1 drank water
Rabbit A1 is Hungry
Rabbit A1 m is ready to mate
Rabbit A1 m is approaching partner: Rabbit A1f
Rabbit B3 is Thirsty
Rabbit B3 drank water
Rabbit B3 is Hungry
Rabbit B3 f is ready to mate
Rabbit A2 is Thirsty
Rabbit A2 drank water
Rabbit A2 is Hungry
Rabbit A2 m is ready to mate
Rabbit A2 m is approaching partner: Rabbit B3f
Rabbit C1 is Thirsty
Rabbit C1 drank water
Rabbit C1 is Hungry
Rabbit C1 f is ready to mate
Rabbit B3 is Thirsty
Rabbit B3 drank water
Rabbit B3 is Hungry
Rabbit B3 f is ready to mate
Rabbit B1 is Thirsty
Rabbit B1 drank water
Rabbit B1 is Hungry
Rabbit B1 f is ready to mate
Rabbit C0 is Thirsty
Rabbit C0 drank water
Rabbit C0 is Hungry
Rabbit C0 m is ready to mate
Rabbit C0 m is approaching partner: Rabbit A1f
Rabbit C3 is Thirsty
Rabbit C3 drank water
Rabbit C3 is Hungry
Rabbit C3 f is ready to mate
Rabbit C2 is Hungry
Rabbit C2 m is ready to mate
Rabbit C2 m is approaching partner: Rabbit B3f
Rabbit B3 is Thirsty
Rabbit B3 drank water
Rabbit B3 is Hungry
Rabbit B3 f is ready to mate
Rabbit A1 is Thirsty
Rabbit A1 drank water
Rabbit A1 is Hungry
Rabbit A1 f is ready to mate
Rabbit C0 is Hungry
Rabbit C0 f is ready to mate
Rabbit C4f is running away from: LionA0
Lion B1 m is ready to mate
Lion A3 is Thirsty
Lion A3 drank water
Lion A4 is Thirsty
Lion A4 drank water
Lion A4 f is ready to mate
Lion A0 is Thirsty
Lion A0 drank water
Lion A0 m is ready to mate
Wolf A2 is Hungry
Wolf A2m is chasing: A2f
Wolf A2 m is ready to mate
Wolf A0 m is ready to mate
Wolf B1 m was born! Father is A0 and Mother is B1
Wolf C2 f is ready to mate
Rabbit A4 is Thirsty
Rabbit A4 drank water
Rabbit A4 is Hungry
Rabbit A4 f is ready to mate
Rabbit B3 is Hungry
Rabbit A0 is Thirsty
Rabbit A0 drank water
Rabbit A0 is Hungry
Rabbit A0 m is ready to mate
Rabbit A0 m is approaching partner: Rabbit B3f
Rabbit A2f is running away from: WolfB1
Rabbit A2 is Hungry
Rabbit A2 f is ready to mate
Rabbit C1 is Thirsty
Rabbit C1 drank water
Rabbit C1 is Hungry
Rabbit C1 m is ready to mate
Rabbit C1 m is approaching partner: Rabbit B3f
Rabbit C5 is Hungry
Rabbit A1 is Thirsty
Rabbit A1 drank water
Rabbit A1 is Hungry
Rabbit A1 m is ready to mate
Rabbit A1 m is approaching partner: Rabbit B3f
Rabbit C5 f was born!Father is A1 and Mother is B3
Rabbit B3 is Thirsty
Rabbit B3 drank water
Rabbit B3 is Hungry
Rabbit A2 is Hungry
Rabbit A2 m is ready to mate
Rabbit A2 m is approaching partner: Rabbit B3f
Rabbit C1 is Thirsty
Rabbit C1 drank water
Rabbit C1 is Hungry
Rabbit C1 f is ready to mate
Rabbit B3 is Thirsty
Rabbit B3 drank water
Rabbit B3 is Hungry
Rabbit B3 f is ready to mate
Rabbit B1 is Thirsty
Rabbit B1 drank water
Rabbit B1 is Hungry
Rabbit B1 f is ready to mate
Rabbit C0 is Hungry
Rabbit C0 m is ready to mate
Rabbit C0 m is approaching partner: Rabbit A2f
Rabbit C3 is Thirsty
Rabbit C3 drank water
Rabbit C3 is Hungry
Rabbit C3 f is ready to mate
Rabbit C2 is Hungry
Rabbit C2 m is ready to mate
Rabbit C2 m is approaching partner: Rabbit B3f
Rabbit B3 is Thirsty
Rabbit B3 drank water
Rabbit B3 is Hungry
Rabbit B3 f is ready to mate
Rabbit A1 is Thirsty
Rabbit A1 drank water
Rabbit A1 is Hungry
Rabbit A1 f is ready to mate
Rabbit C0 is Thirsty
Rabbit C0 drank water
Rabbit C0 is Hungry
Rabbit C0 f is ready to mate
Lion B1 m is ready to mate
Lion A3 is Thirsty
Lion A3 drank water
Lion A4 f is ready to mate
Lion A0 is Thirsty
Lion A0 drank water
Lion A0 m is ready to mate
Lion C0 is Thirsty
Lion C0 drank water
Wolf A2 is Hungry
Wolf A2m is chasing: A2f
Wolf A2 m is ready to mate
Wolf A0 m is ready to mate
Wolf C2 f is ready to mate
Rabbit A4 is Thirsty
Rabbit A4 drank water
Rabbit A4 is Hungry
RabbitA4f died of hunger
Rabbit A4 f is ready to mate
Rabbit B3 is Hungry
RabbitB3f died of hunger
Rabbit B3 f is ready to mate
Rabbit A0 is Thirsty
Rabbit A0 drank water
Rabbit A0 is Hungry
RabbitA0m died of hunger
Rabbit A0 m is ready to mate
Rabbit A0 m is approaching partner: Rabbit B3f
Rabbit A2f is running away from: WolfB1
Rabbit A2 is Hungry
RabbitA2f died of hunger
Rabbit A2 f is ready to mate
Rabbit C1 is Thirsty
Rabbit C1 drank water
Rabbit C1 is Hungry
RabbitC1m died of hunger
Rabbit C1 m is ready to mate
Rabbit C1 m is approaching partner: Rabbit B3f
Rabbit C5f is running away from: LionA3
Rabbit C5 is Hungry
RabbitC5f died of hunger
Rabbit A1 is Thirsty
Rabbit A1 drank water
Rabbit A1 is Hungry
RabbitA1m died of hunger
Rabbit A1 m is ready to mate
Rabbit A1 m is approaching partner: Rabbit C1f
Rabbit B3 is Thirsty
Rabbit B3 drank water
Rabbit B3 is Hungry
RabbitB3f died of hunger
Rabbit A2 is Hungry
RabbitA2m died of hunger
Rabbit A2 m is ready to mate
Rabbit A2 m is approaching partner: Rabbit B3f
Rabbit C1 is Thirsty
Rabbit C1 drank water
Rabbit C1 is Hungry
RabbitC1f died of hunger
Rabbit C1 f is ready to mate
Rabbit B3 is Thirsty
Rabbit B3 drank water
Rabbit B3 is Hungry
RabbitB3f died of hunger
Rabbit B3 f is ready to mate
Rabbit B1 is Thirsty
Rabbit B1 drank water
Rabbit B1 is Hungry
RabbitB1f died of hunger
Rabbit B1 f is ready to mate
Rabbit C0 is Hungry
RabbitC0m died of hunger
Rabbit C0 m is ready to mate
Rabbit C0 m is approaching partner: Rabbit A1f
Rabbit C3 is Thirsty
Rabbit C3 drank water
Rabbit C3 is Hungry
RabbitC3f died of hunger
Rabbit C3 f is ready to mate
Rabbit C2 is Hungry
Rabbit C2 m is ready to mate
Rabbit C2 m is approaching partner: Rabbit B3f
Rabbit B3 is Thirsty
Rabbit B3 drank water
Rabbit B3 is Hungry
Rabbit B3 f is ready to mate
Rabbit A1 is Thirsty
Rabbit A1 drank water
Rabbit A1 is Hungry
Rabbit A1 f is ready to mate
Rabbit C0 is Thirsty
Rabbit C0 drank water
Rabbit C0 is Hungry
Rabbit C0 f is ready to mate
Lion B1 m is ready to mate
Lion A4 f is ready to mate
Lion A0 is Thirsty
Lion A0 drank water
Lion A0 m is ready to mate
Lion C0 is Thirsty
Lion C0 drank water
Wolf A2 is Hungry
Wolf A2m is chasing: C5f
Wolf A2 m is ready to mate
Wolf A0 m is ready to mate
Wolf C2 f is ready to mate
Rabbit C2 is Hungry
Rabbit C2 m is ready to mate
Rabbit C2 m is approaching partner: Rabbit B3f
Rabbit B3 is Thirsty
Rabbit B3 drank water
Rabbit B3 is Hungry
Rabbit B3 f is ready to mate
Rabbit A1 is Thirsty
Rabbit A1 drank water
Rabbit A1 is Hungry
Rabbit A1 f is ready to mate
Rabbit C0 is Thirsty
Rabbit C0 drank water
Rabbit C0 is Hungry
Rabbit C0 f is ready to mate
Rabbit C4f is running away from: LionA3
Rabbit C4 is Hungry
Lion B1 m is ready to mate
Lion A4 f is ready to mate
Lion A0 is Thirsty
Lion A0 drank water
Lion A0 m is ready to mate
Lion C0 is Thirsty
Lion C0 drank water
Wolf A2 is Hungry
Wolf A2m is chasing: C5f
Wolf A2 m is ready to mate
Wolf A0 m is ready to mate
Wolf C2 f is ready to mate
Rabbit C2m is running away from: WolfC2
Rabbit C2 is Hungry
Rabbit C2 m is ready to mate
Rabbit C2 m is approaching partner: Rabbit B3f
Rabbit B3 is Thirsty
Rabbit B3 drank water
Rabbit B3 is Hungry
Rabbit B3 f is ready to mate
Rabbit A1 is Thirsty
Rabbit A1 drank water
Rabbit A1 is Hungry
Rabbit A1 f is ready to mate
Rabbit C0 is Thirsty
Rabbit C0 drank water
Rabbit C0 is Hungry
Rabbit C0 f is ready to mate
Rabbit C4 is Hungry
Rabbit C4 f is ready to mate
Lion B1 m is ready to mate
Lion A4 f is ready to mate
Lion A0 is Thirsty
Lion A0 drank water
Lion A0 m is ready to mate
Lion C0 is Thirsty
Lion C0 drank water
Wolf A2 is Hungry
Wolf A2m is chasing: A1f
Wolf A2 is Thirsty
Wolf A2drank water
Wolf A2 m is ready to mate
Wolf A0 is Thirsty
Wolf A0drank water
Wolf A0 m is ready to mate
Wolf B1 is Thirsty
Wolf B1drank water
Wolf C2 is Thirsty
Wolf C2drank water
Wolf C2 f is ready to mate
Rabbit C2m is running away from: WolfC2
Rabbit C2 is Hungry
RabbitC2m died of hunger
Rabbit C2 m is ready to mate
Rabbit C2 m is approaching partner: Rabbit C4f
Rabbit A1 f was born!Father is C2 and Mother is C4
Rabbit B3 is Thirsty
Rabbit B3 drank water
Rabbit B3 is Hungry
Rabbit B3 f is ready to mate
Rabbit A1 is Thirsty
Rabbit A1 drank water
Rabbit A1 is Hungry
Rabbit A1 f is ready to mate
Rabbit C0 is Thirsty
Rabbit C0 drank water
Rabbit C0 is Hungry
Rabbit C0 f is ready to mate
Rabbit C4 is Hungry
Rabbit C5 is Hungry
Lion B1 m is ready to mate
Lion A4 f is ready to mate
Lion A0 is Thirsty
Lion A0 drank water
Lion A0 m is ready to mate
Lion C0 is Thirsty
Lion C0 drank water
Wolf A2 is Hungry
Wolf A2m is chasing: A1f
Wolf A2 is Thirsty
Wolf A2drank water
Wolf A2 m is ready to mate
Wolf A0 is Thirsty
Wolf A0drank water
Wolf A0 m is ready to mate
Wolf B1 is Thirsty
Wolf B1drank water
Wolf C2 is Thirsty
Wolf C2drank water
Wolf C2 f is ready to mate
Rabbit B3 is Thirsty
Rabbit B3 drank water
Rabbit B3 is Hungry
Rabbit B3 f is ready to mate
Rabbit A1 is Thirsty
Rabbit A1 drank water
Rabbit A1 is Hungry
Rabbit A1 f is ready to mate
Rabbit C0 is Thirsty
Rabbit C0 drank water
Rabbit C0 is Hungry
Rabbit C0 f is ready to mate
Rabbit C4 is Thirsty
Rabbit C4 drank water
Rabbit C4f is running away from: LionA3
Rabbit C4 is Hungry
Rabbit C5 is Hungry
Lion B1 is Thirsty
Lion B1 drank water
Lion B1 m is ready to mate
Lion A4 f is ready to mate
Lion A0 is Thirsty
Lion A0 drank water
Lion A0 m is ready to mate
Wolf A2 is Hungry
Wolf A2m is chasing: A1f
Wolf A2 is Thirsty
Wolf A2drank water
Wolf A2 m is ready to mate
Wolf A0 is Thirsty
Wolf A0drank water
Wolf A0 m is ready to mate
Wolf C2 f is ready to mate
Rabbit B3 is Thirsty
Rabbit B3 drank water
Rabbit B3 is Hungry
RabbitB3f died of hunger
Rabbit B3 f is ready to mate
Rabbit A1 is Thirsty
Rabbit A1 drank water
Rabbit A1 is Hungry
Rabbit A1 f is ready to mate
Rabbit C0 is Thirsty
Rabbit C0 drank water
Rabbit C0 is Hungry
Rabbit C0 f is ready to mate
Rabbit C4 is Thirsty
Rabbit C4 drank water
Rabbit C4 is Hungry
Rabbit C5 is Hungry
Rabbit C5 f is ready to mate
Lion B1 is Thirsty
Lion B1 drank water
Lion B1 m is ready to mate
Lion A4 f is ready to mate
Lion A0 is Thirsty
Lion A0 drank water
Lion A0 m is ready to mate
Wolf A2 is Hungry
Wolf A2m is chasing: A1f
Wolf A2 is Thirsty
Wolf A2drank water
Wolf A2 m is ready to mate
Wolf A0 is Thirsty
Wolf A0drank water
Wolf A0 m is ready to mate
Wolf C2 is Hungry
Wolf C2f is chasing: A1f
Wolf C2f ate!
Wolf C2 f is ready to mate
Rabbit A1 is Thirsty
Rabbit A1 drank water
Rabbit A1 is Hungry
Rabbit A1 f is ready to mate
Rabbit C0 is Thirsty
Rabbit C0 drank water
Rabbit C0 is Hungry
Rabbit C0 f is ready to mate
Rabbit C4 is Hungry
Rabbit C5 is Thirsty
Rabbit C5 drank water
Rabbit C5 is Hungry
Rabbit C5 f is ready to mate
Lion B1 is Thirsty
Lion B1 drank water
Lion B1 m is ready to mate
Lion A4 f is ready to mate
Lion A0 is Thirsty
Lion A0 drank water
Lion A0 m is ready to mate
Wolf A2 is Hungry
Wolf A2m is chasing: A1f
Wolf A2 is Thirsty
Wolf A2drank water
Wolf A2 m is ready to mate
Wolf A0 is Thirsty
Wolf A0drank water
Wolf A0 m is ready to mate
Wolf C2 f is ready to mate
Rabbit A1 is Thirsty
Rabbit A1 drank water
Rabbit A1 is Hungry
RabbitA1f died of hunger
Rabbit A1 f is ready to mate
Rabbit C0 is Thirsty
Rabbit C0 drank water
Rabbit C0 is Hungry
Rabbit C0 f is ready to mate
Rabbit C4 is Hungry
Rabbit C5 is Thirsty
Rabbit C5 drank water
Rabbit C5 is Hungry
Rabbit C5 f is ready to mate
Lion B1 is Thirsty
Lion B1 drank water
Lion B1 m is ready to mate
Lion A4 f is ready to mate
Lion A0 is Thirsty
Lion A0 drank water
Lion A0 m is ready to mate
Wolf A2 is Hungry
Wolf A2m is chasing: C0f
Wolf A2 is Thirsty
Wolf A2drank water
Wolf A2 m is ready to mate
Wolf A0 is Hungry
Wolf A0m is chasing: C0f
Wolf A0 is Thirsty
Wolf A0drank water
Wolf A0 m is ready to mate
Wolf B1 is Hungry
Wolf B1f is chasing: C0f
Wolf C2f is running away from: LionA3
Wolf C2 f is ready to mate
Rabbit C0 is Thirsty
Rabbit C0 drank water
Rabbit C0 is Hungry
Rabbit C0 f is ready to mate
Rabbit C4f is running away from: LionC0
Rabbit C4 is Hungry
Rabbit C5 is Thirsty
Rabbit C5 drank water
Rabbit C5 is Hungry
Rabbit C5 f is ready to mate
Lion B1 is Thirsty
Lion B1 drank water
Lion B1 m is ready to mate
Lion A4 is Thirsty
Lion A4 drank water
Lion A4 f is ready to mate
Lion A0 is Thirsty
Lion A0 drank water
Lion A0 m is ready to mate
Wolf A2 is Hungry
Wolf A2m is chasing: C0f
Wolf A2 is Thirsty
Wolf A2drank water
Wolf A2 m is ready to mate
Wolf A0 is Hungry
Wolf A0m is chasing: C0f
Wolf A0 is Thirsty
Wolf A0drank water
Wolf A0 m is ready to mate
Wolf B1 is Hungry
Wolf B1f is chasing: C0f
Wolf C2 f is ready to mate
Wolf B1 is Hungry
Wolf B1m is chasing: C0f
Rabbit C0 is Thirsty
Rabbit C0 drank water
Rabbit C0 is Hungry
RabbitC0f died of hunger
Rabbit C0 f is ready to mate
Rabbit C4 is Hungry
Rabbit C4 f is ready to mate
Rabbit C5 is Thirsty
Rabbit C5 drank water
Rabbit C5 is Hungry
Rabbit C5 f is ready to mate
Lion B1 is Thirsty
Lion B1 drank water
Lion B1 m is ready to mate
Lion A3 is Thirsty
Lion A3 drank water
Lion A4 is Thirsty
Lion A4 drank water
Lion A4 f is ready to mate
Lion A0 is Thirsty
Lion A0 drank water
Lion A0 m is ready to mate
Wolf A2 is Hungry
Wolf A2m is chasing: C5f
Wolf A2 is Thirsty
Wolf A2drank water
Wolf A2 m is ready to mate
Wolf A0 is Hungry
Wolf A0m is chasing: C5f
Wolf A0 is Thirsty
Wolf A0drank water
Wolf A0 m is ready to mate
Wolf B1 is Hungry
Wolf B1f is chasing: C5f
Wolf C2 f is ready to mate
Wolf B1 is Hungry
Wolf B1m is chasing: C5f
Rabbit C4 is Hungry
Rabbit C4 f is ready to mate
Rabbit C5 is Thirsty
Rabbit C5 drank water
Rabbit C5 is Hungry
Rabbit C5 f is ready to mate
Lion B1 is Thirsty
Lion B1 drank water
Lion B1 m is ready to mate
Lion A3 is Thirsty
Lion A3 drank water
Lion A4 f is ready to mate
Lion A0 is Thirsty
Lion A0 drank water
Lion A0 m is ready to mate
Wolf A2 is Hungry
Wolf A2m is chasing: C5f
Wolf A2 is Thirsty
Wolf A2drank water
Wolf A2 m is ready to mate
Wolf A0 is Hungry
Wolf A0m is chasing: C5f
Wolf A0 is Thirsty
Wolf A0drank water
Wolf A0 m is ready to mate
Wolf B1 is Hungry
Wolf B1f is chasing: C5f
Wolf C2 f is ready to mate
Wolf B1 is Hungry
Wolf B1m is chasing: C5f
Rabbit C4 is Hungry
Rabbit C4 f is ready to mate
Rabbit C5 is Thirsty
Rabbit C5 drank water
Rabbit C5 is Hungry
Rabbit C5 f is ready to mate
Lion B1 is Thirsty
Lion B1 drank water
Lion B1 m is ready to mate
Lion A3 is Thirsty
Lion A3 drank water
Lion A4 f is ready to mate
Lion A0 is Thirsty
Lion A0 drank water
Lion A0 m is ready to mate
Wolf A2 is Hungry
Wolf A2m is chasing: C5f
Wolf A2 is Thirsty
Wolf A2drank water
Wolf A2 m is ready to mate
Wolf A0 is Hungry
Wolf A0m is chasing: C5f
Wolf A0 is Thirsty
Wolf A0drank water
Wolf A0 m is ready to mate
Wolf B1 is Hungry
Wolf B1f is chasing: C5f
Wolf C2 f is ready to mate
Wolf B1 is Hungry
Wolf B1m is chasing: C5f
Rabbit C4 is Thirsty
Rabbit C4 drank water
Rabbit C4 is Hungry
Rabbit C4 f is ready to mate
Rabbit C5 is Thirsty
Rabbit C5 drank water
Rabbit C5 is Hungry
Rabbit C5 f is ready to mate
Lion B1 is Thirsty
Lion B1 drank water
Lion B1 m is ready to mate
Lion A4 f is ready to mate
Lion A0 is Thirsty
Lion A0 drank water
Lion A0 m is ready to mate
Wolf A2 is Hungry
Wolf A2m is chasing: C5f
Wolf A2 is Thirsty
Wolf A2drank water
Wolf A2 m is ready to mate
Wolf A0 is Hungry
Wolf A0m is chasing: C5f
Wolf A0 is Thirsty
Wolf A0drank water
Wolf A0 m is ready to mate
Wolf B1 is Hungry
Wolf B1f is chasing: C5f
Wolf C2 f is ready to mate
Wolf B1 is Hungry
Wolf B1m is chasing: C5f
Rabbit C4 is Thirsty
Rabbit C4 drank water
Rabbit C4 is Hungry
Rabbit C4 f is ready to mate
Rabbit C5 is Thirsty
Rabbit C5 drank water
Rabbit C5 is Hungry
Rabbit C5 f is ready to mate
Lion B1 is Thirsty
Lion B1 drank water
Lion B1 is Hungry
LionB1mis chasing: C2f
Lion B1 m is ready to mate
Lion A3 is Hungry
LionA3fis chasing: C2f
Lion A4 is Hungry
LionA4fis chasing: A0m
Lion A4 f is ready to mate
Lion A0 is Thirsty
Lion A0 drank water
Lion A0 m is ready to mate
Lion C0 is Thirsty
Lion C0 drank water
Wolf A2 is Hungry
Wolf A2m is chasing: C5f
Wolf A2 m is ready to mate
Wolf C4 f was born! Father is A2 and Mother is C2
Wolf A0 is Hungry
Wolf A0m is chasing: C5f
Wolf A0 is Thirsty
Wolf A0drank water
Wolf A0 m is ready to mate
No Female Wolf Partner or Female Wolf Partner not ready yet!
Wolf B1 is Hungry
Wolf B1f is chasing: C5f
Wolf B1 is Hungry
Wolf B1m is chasing: C5f
Rabbit C4 is Thirsty
Rabbit C4 drank water
Rabbit C4 is Hungry
RabbitC4f died of hunger
Rabbit C4 f is ready to mate
Rabbit C5 is Thirsty
Rabbit C5 drank water
Rabbit C5 is Hungry
Rabbit C5 f is ready to mate
Lion B1 is Thirsty
Lion B1 drank water
Lion B1 is Hungry
LionB1mis chasing: C2f
Lion B1 m is ready to mate
Lion A3 is Hungry
LionA3fis chasing: C4f
LionA3f ate: C4f
Lion A4 is Hungry
LionA4fis chasing: A0m
Lion A4 f is ready to mate
Lion A0 is Thirsty
Lion A0 drank water
Lion A0 m is ready to mate
Wolf A2 is Hungry
Wolf A2m is chasing: C5f
Wolf A2 m is ready to mate
No Female Wolf Partner or Female Wolf Partner not ready yet!
Wolf A0 is Hungry
Wolf A0m is chasing: C5f
Wolf A0 is Thirsty
Wolf A0drank water
Wolf A0 m is ready to mate
No Female Wolf Partner or Female Wolf Partner not ready yet!
Wolf B1 is Hungry
Wolf B1f is chasing: C5f
Wolf C2f is running away from: LionA3
Wolf B1 is Hungry
Wolf B1m is chasing: C5f
Rabbit C5 is Thirsty
Rabbit C5 drank water
Rabbit C5 is Hungry
Rabbit C5 f is ready to mate
Lion B1 is Thirsty
Lion B1 drank water
Lion B1 is Hungry
LionB1mis chasing: A2m
Lion B1 m is ready to mate
Lion A4 is Hungry
LionA4fis chasing: C2f
Lion A4 f is ready to mate
Lion A0 is Thirsty
Lion A0 drank water
Lion A0 m is ready to mate
Wolf A2 is Hungry
Wolf A2m is chasing: C5f
Wolf A2 m is ready to mate
No Female Wolf Partner or Female Wolf Partner not ready yet!
Wolf A0 is Hungry
Wolf A0m is chasing: C5f
Wolf A0 is Thirsty
Wolf A0drank water
Wolf A0 m is ready to mate
No Female Wolf Partner or Female Wolf Partner not ready yet!
Wolf B1 is Hungry
Wolf B1f is chasing: C5f
Wolf C2 is Hungry
Wolf C2f is chasing: C5f
Wolf B1 is Hungry
Wolf B1m is chasing: C5f
Rabbit C5 is Thirsty
Rabbit C5 drank water
Rabbit C5 is Hungry
RabbitC5f died of hunger
Rabbit C5 f is ready to mate
Lion B1 is Thirsty
Lion B1 drank water
Lion B1 is Hungry
LionB1mis chasing: A2m
Lion B1 m is ready to mate
Lion A4 is Hungry
LionA4fis chasing: A0m
Lion A4 f is ready to mate
Lion A0 is Thirsty
Lion A0 drank water
Lion A0 m is ready to mate
Wolf A2 is Hungry
WolfA2m died of hunger
Wolf A2 m is ready to mate
No Female Wolf Partner or Female Wolf Partner not ready yet!
Wolf A0 is Hungry
WolfA0m died of hunger
Wolf A0 is Thirsty
Wolf A0drank water
Wolf A0 m is ready to mate
No Female Wolf Partner or Female Wolf Partner not ready yet!
Wolf B1 is Hungry
WolfB1f died of hunger
Wolf C2 is Hungry
WolfC2f died of hunger
Wolf B1 is Hungry
WolfB1m died of hunger
Lion B1 is Thirsty
Lion B1 drank water
Lion B1 is Hungry
LionB1m died of hunger
Lion B1 m is ready to mate
Lion A4 is Hungry
LionA4f died of hunger
Lion A4 f is ready to mate
Lion A0 is Thirsty
Lion A0 drank water
Lion A0 m is ready to mate
No Female Lion Partner or Female Lion partners are not ready to mate Yet!
Lion A0 is Thirsty
Lion A0 drank water
Lion A0 m is ready to mate
No Female Lion Partner or Female Lion partners are not ready to mate Yet!
Lion A0 is Thirsty
Lion A0 drank water
Lion A0 m is ready to mate
No Female Lion Partner or Female Lion partners are not ready to mate Yet!
Lion C0 is Hungry
LionC0m died of hunger
Lion A0 is Thirsty
Lion A0 drank water
Lion A0 m is ready to mate
No Female Lion Partner or Female Lion partners are not ready to mate Yet!
Lion A3 is Thirsty
Lion A3 drank water
Lion A0 m is ready to mate
No Female Lion Partner or Female Lion partners are not ready to mate Yet!
Lion A3 is Thirsty
Lion A3 drank water
Lion A0 m is ready to mate
No Female Lion Partner or Female Lion partners are not ready to mate Yet!
Lion A3 is Thirsty
Lion A3 drank water
Lion A0 m is ready to mate
No Female Lion Partner or Female Lion partners are not ready to mate Yet!
Lion A0 m is ready to mate
No Female Lion Partner or Female Lion partners are not ready to mate Yet!
Lion A0 m is ready to mate
No Female Lion Partner or Female Lion partners are not ready to mate Yet!
Lion A0 m is ready to mate
No Female Lion Partner or Female Lion partners are not ready to mate Yet!
Lion A0 is Hungry
LionA0m died of hunger
Lion A0 m is ready to mate
No Female Lion Partner or Female Lion partners are not ready to mate Yet!
Lion A3 is Thirsty
Lion A3 drank water
Lion A3 is Thirsty
Lion A3 drank water
Lion A3 is Hungry
LionA3f died of hunger
