Wolf B5m is running away from: LionA5
Wolf C4m is running away from: LionA5
Wolf B2m is running away from: LionA4
Wolf A5f is running away from: LionA0
Wolf A0m is running away from: LionB3
Wolf A1f is running away from: LionA0
Wolf B1m is running away from: LionA4
Wolf A3f is running away from: LionB3
Rabbit A5f is running away from: LionA0
Rabbit A5f is running away from: WolfA1
Rabbit A5 is Hungry
Rabbit A5f ate
Rabbit A4m is running away from: LionA5
Rabbit A4m is running away from: WolfA1
Rabbit A4 is Hungry
Rabbit A4m ate
Rabbit A2m is running away from: LionA5
Rabbit A2m is running away from: WolfB5
Rabbit A2 is Hungry
Rabbit A2m ate
Rabbit C0f is running away from: LionA5
Rabbit C0f is running away from: WolfB5
Rabbit C0 is Hungry
Rabbit C0f ate
Rabbit C2f is running away from: LionB3
Rabbit C2f is running away from: WolfA5
Rabbit C2 is Hungry
Rabbit C2f ate
Rabbit C3m is running away from: LionA4
Rabbit C3m is running away from: WolfB2
Rabbit C3 is Hungry
Rabbit C3m ate
Rabbit A4f is running away from: LionA4
Rabbit A4f is running away from: WolfB1
Rabbit A4 is Hungry
Rabbit A4f ate
Rabbit C3m is running away from: LionA5
Rabbit C3m is running away from: WolfB2
Rabbit C3 is Hungry
Rabbit C3m ate
Rabbit A5m is running away from: LionA0
Rabbit A5m is running away from: WolfA1
Rabbit A5 is Hungry
Rabbit A5m ate
Rabbit A4f is running away from: LionB3
Rabbit A4f is running away from: WolfA3
Rabbit A4 is Hungry
Rabbit A4f ate
Rabbit A0m is running away from: LionB3
Rabbit A0m is running away from: WolfA1
Rabbit A0 is Hungry
Rabbit A0m ate
Rabbit C0m is running away from: LionA5
Rabbit C0m is running away from: WolfB5
Rabbit C0 is Hungry
Rabbit C0m ate
Rabbit A4f is running away from: LionA0
Rabbit A4f is running away from: WolfA5
Rabbit A4 is Hungry
Rabbit A4f ate
Rabbit B1f is running away from: LionA4
Rabbit B1f is running away from: WolfB1
Rabbit B1 is Hungry
Rabbit B1f ate
Rabbit B2m is running away from: LionB3
Rabbit B2m is running away from: WolfA1
Rabbit B2 is Hungry
Rabbit B2m ate
Rabbit A4f is running away from: LionB3
Rabbit A4f is running away from: WolfB5
Rabbit A4 is Hungry
Rabbit A4f ate
Rabbit B1f is running away from: LionA5
Rabbit B1f is running away from: WolfB5
Rabbit B1 is Hungry
Rabbit B1f ate
Rabbit A5f is running away from: LionA4
Rabbit A5f is running away from: WolfB2
Rabbit A5 is Hungry
Rabbit A5f ate
Rabbit C3m is running away from: LionA4
Rabbit C3m is running away from: WolfB2
Rabbit C3 is Hungry
Rabbit C3m ate
Rabbit C3f is running away from: LionA5
Rabbit C3f is running away from: WolfB2
Rabbit C3 is Hungry
Rabbit C3f ate
Lion A0m ate: A4f
Wolf B5m is running away from: LionA5
Wolf B5 is Hungry
Wolf B5m is chasing: C3f
Wolf C4m is running away from: LionA5
Wolf C4 is Hungry
Wolf C4m is chasing: C3f
Wolf B2m is running away from: LionA5
Wolf B2 is Hungry
Wolf B2m is chasing: C3f
Wolf A5f is running away from: LionB3
Wolf A5 is Hungry
Wolf A5f is chasing: C2f
Wolf A0m is running away from: LionB3
Wolf A0 is Hungry
Wolf A0m is chasing: B1f
Wolf A1f is running away from: LionB3
Wolf A1 is Hungry
Wolf A1f is chasing: A4f
Wolf B1m is running away from: LionA4
Wolf B1 is Hungry
Wolf B1m is chasing: A4f
Wolf A3f is running away from: LionB3
Wolf A3 is Hungry
Wolf A3f is chasing: C2f
Wolf A3f ate!
Rabbit A5f is running away from: LionA5
Rabbit A5f is running away from: WolfB5
Rabbit A5 is Hungry
Rabbit A5f ate
Rabbit A5 f is ready to mate
Rabbit A4m is running away from: LionA5
Rabbit A4m is running away from: WolfA1
Rabbit A4 is Hungry
Rabbit A4 m is ready to mate
Rabbit A4 m is approaching partner: Rabbit A5f
Rabbit A2 f was born!Father is A4 and Mother is A5
Rabbit A2m is running away from: LionA5
Rabbit A2m is running away from: WolfB5
Rabbit A2 is Hungry
Rabbit A2m ate
Rabbit A2 m is ready to mate
Rabbit A2 m is approaching partner: Rabbit C0f
Rabbit C0f is running away from: LionA5
Rabbit C0f is running away from: WolfB5
Rabbit C0 is Hungry
Rabbit C0 f is ready to mate
Rabbit C3m is running away from: LionA4
Rabbit C3m is running away from: WolfB2
Rabbit C3 is Hungry
Rabbit C3m ate
Rabbit C3 m is ready to mate
Rabbit C3 m is approaching partner: Rabbit A5f
Rabbit A4f is running away from: LionA4
Rabbit A4f is running away from: WolfB1
Rabbit A4 is Hungry
Rabbit A4f ate
Rabbit A4 f is ready to mate
Rabbit C3m is running away from: LionA5
Rabbit C3m is running away from: WolfB2
Rabbit C3 is Hungry
Rabbit C3m ate
Rabbit C3 m is ready to mate
Rabbit C3 m is approaching partner: Rabbit C3f
Rabbit A5m is running away from: LionB3
Rabbit A5m is running away from: WolfA1
Rabbit A5 is Hungry
Rabbit A5 m is ready to mate
Rabbit A5 m is approaching partner: Rabbit A4f
Rabbit A4f is running away from: LionB3
Rabbit A4f is running away from: WolfA1
Rabbit A4 is Hungry
Rabbit A4f ate
Rabbit A4 f is ready to mate
Rabbit A0m is running away from: LionB3
Rabbit A0m is running away from: WolfA1
Rabbit A0 is Hungry
Rabbit A0 m is ready to mate
Rabbit A0 m is approaching partner: Rabbit A4f
Rabbit C0m is running away from: LionA5
Rabbit C0m is running away from: WolfA1
Rabbit C0 is Hungry
Rabbit C0m ate
Rabbit C0 m is ready to mate
Rabbit C0 m is approaching partner: Rabbit C0f
Rabbit B1 m was born!Father is C0 and Mother is C0
Rabbit A4f is running away from: LionA0
Rabbit A4f is running away from: WolfA5
Rabbit A4 is Hungry
Rabbit A4f ate
Rabbit A4 f is ready to mate
Rabbit B1f is running away from: LionA4
Rabbit B1f is running away from: WolfC4
Rabbit B1 is Hungry
Rabbit B1f ate
Rabbit B1 f is ready to mate
Rabbit B2m is running away from: LionB3
Rabbit B2m is running away from: WolfA1
Rabbit B2 is Hungry
Rabbit B2 m is ready to mate
Rabbit B2 m is approaching partner: Rabbit A4f
Rabbit A4f is running away from: LionB3
Rabbit A4f is running away from: WolfB5
Rabbit A4 is Hungry
Rabbit A4f ate
Rabbit A4 f is ready to mate
Rabbit B1f is running away from: LionA5
Rabbit B1f is running away from: WolfA1
Rabbit B1 is Hungry
Rabbit B1 f is ready to mate
Rabbit A5f is running away from: LionA4
Rabbit A5f is running away from: WolfB2
Rabbit A5 is Hungry
Rabbit A5 f is ready to mate
Rabbit C3m is running away from: LionA4
Rabbit C3m is running away from: WolfB2
Rabbit C3 is Hungry
Rabbit C3m ate
Rabbit C3 m is ready to mate
Rabbit C3 m is approaching partner: Rabbit A4f
Rabbit C3f is running away from: LionA5
Rabbit C3f is running away from: WolfB2
Rabbit C3 is Hungry
Rabbit C3f ate
Rabbit C3 f is ready to mate
Wolf B5m is running away from: LionA5
Wolf B5 is Hungry
Wolf B5m is chasing: C3f
Wolf C4m is running away from: LionA5
Wolf C4 is Hungry
Wolf C4m is chasing: C3f
Wolf B2m is running away from: LionA5
Wolf B2 is Hungry
Wolf B2m is chasing: C3f
Wolf A5f is running away from: LionB3
Wolf A5 is Hungry
Wolf A5f is chasing: A4f
Wolf A0m is running away from: LionA5
Wolf A0 is Hungry
Wolf A0m is chasing: B1f
Wolf A1f is running away from: LionA0
Wolf A1 is Hungry
Wolf A1f is chasing: A4f
Wolf B1m is running away from: LionA4
Wolf B1 is Hungry
Wolf B1m is chasing: A4f
Wolf A3f is running away from: LionB3
Rabbit A5f is running away from: LionA0
Rabbit A5f is running away from: WolfA1
Rabbit A5 is Hungry
Rabbit A4m is running away from: LionA0
Rabbit A4m is running away from: WolfB5
Rabbit A4 is Hungry
Rabbit A4 m is ready to mate
Rabbit A4 m is approaching partner: Rabbit B1f
Rabbit A2m is running away from: LionA5
Rabbit A2m is running away from: WolfB5
Rabbit A2 is Hungry
Rabbit A2m ate
Rabbit A2 m is ready to mate
Rabbit A2 m is approaching partner: Rabbit B1f
Rabbit C0f is running away from: LionA5
Rabbit C0f is running away from: WolfB5
Rabbit C0 is Hungry
Rabbit C3m is running away from: LionA4
Rabbit C3m is running away from: WolfC4
Rabbit C3 is Hungry
Rabbit C3m ate
Rabbit C3 m is ready to mate
Rabbit C3 m is approaching partner: Rabbit A5f
Rabbit A4f is running away from: LionA4
Rabbit A4f is running away from: WolfB1
Rabbit A4 is Hungry
Rabbit A4f ate
Rabbit A4 f is ready to mate
Rabbit C3m is running away from: LionA5
Rabbit C3m is running away from: WolfB2
Rabbit C3 is Hungry
Rabbit C3m ate
Rabbit C3 m is ready to mate
Rabbit C3 m is approaching partner: Rabbit C3f
Rabbit A5m is running away from: LionB3
Rabbit A5m is running away from: WolfA1
Rabbit A5 is Hungry
Rabbit A5m ate
Rabbit A5 m is ready to mate
Rabbit A5 m is approaching partner: Rabbit A4f
Rabbit A4f is running away from: LionB3
Rabbit A4f is running away from: WolfA1
Rabbit A4 is Hungry
Rabbit A4f ate
Rabbit A4 f is ready to mate
Rabbit A0m is running away from: LionB3
Rabbit A0m is running away from: WolfA1
Rabbit A0 is Hungry
Rabbit A0 m is ready to mate
Rabbit A0 m is approaching partner: Rabbit A4f
Rabbit C0m is running away from: LionA0
Rabbit C0m is running away from: WolfB5
Rabbit C0 is Hungry
Rabbit C0m ate
Rabbit C0 m is ready to mate
Rabbit C0 m is approaching partner: Rabbit B1f
Rabbit A4f is running away from: LionA0
Rabbit A4f is running away from: WolfA3
Rabbit A4 is Hungry
Rabbit A4 f is ready to mate
Rabbit B1f is running away from: LionA4
Rabbit B1f is running away from: WolfC4
Rabbit B1 is Hungry
Rabbit B1f ate
Rabbit B1 f is ready to mate
Rabbit B2m is running away from: LionB3
Rabbit B2m is running away from: WolfA1
Rabbit B2 is Hungry
Rabbit B2m ate
Rabbit B2 m is ready to mate
Rabbit B2 m is approaching partner: Rabbit A4f
Rabbit C3 m was born!Father is B2 and Mother is A4
Rabbit A4f is running away from: LionB3
Rabbit A4f is running away from: WolfA1
Rabbit A4 is Hungry
Rabbit A4f ate
Rabbit A4 f is ready to mate
Rabbit B1f is running away from: LionA0
Rabbit B1f is running away from: WolfA1
Rabbit B1 is Hungry
Rabbit B1f ate
Rabbit B1 f is ready to mate
Rabbit A5f is running away from: LionA4
Rabbit A5f is running away from: WolfC4
Rabbit A5 is Hungry
Rabbit A5 f is ready to mate
Rabbit C3m is running away from: LionA4
Rabbit C3m is running away from: WolfB2
Rabbit C3 is Hungry
Rabbit C3m ate
Rabbit C3 m is ready to mate
Rabbit C3 m is approaching partner: Rabbit A4f
Rabbit C3f is running away from: LionA4
Rabbit C3f is running away from: WolfC4
Rabbit C3 is Hungry
Rabbit C3f ate
Rabbit C3 f is ready to mate
Rabbit A2f is running away from: LionA0
Rabbit A2f is running away from: WolfB5
Rabbit A2 is Hungry
Rabbit B1m is running away from: LionA0
Rabbit B1m is running away from: WolfB5
Rabbit B1 is Hungry
Lion A5 is Hungry
LionA5fis chasing: A4f
Lion A4 is Hungry
LionA4fis chasing: B1f
Lion B3 is Hungry
LionB3mis chasing: A4f
Lion B3 is Hungry
LionB3fis chasing: A4f
Wolf B5m is running away from: LionA5
Wolf B5 is Hungry
Wolf B5m is chasing: C3f
Wolf C4m is running away from: LionA4
Wolf C4 is Hungry
Wolf C4m is chasing: C3f
Wolf C4m ate!
Wolf B2m is running away from: LionA4
Wolf B2 is Hungry
Wolf B2m is chasing: C3m
Wolf A5f is running away from: LionB3
Wolf A5 is Hungry
Wolf A5f is chasing: A4f
Wolf A0m is running away from: LionA4
Wolf A0 is Hungry
Wolf A0m is chasing: B1f
Wolf A1f is running away from: LionB3
Wolf A1 is Hungry
Wolf A1f is chasing: A4f
Wolf B1m is running away from: LionA4
Wolf B1 is Hungry
Wolf B1m is chasing: A4f
Wolf A3f is running away from: LionB3
Wolf A3 is Hungry
Wolf A3f is chasing: A4f
Rabbit A5f is running away from: LionA0
Rabbit A5f is running away from: WolfB5
Rabbit A5 is Hungry
Rabbit A5f ate
Rabbit A4m is running away from: LionA0
Rabbit A4m is running away from: WolfA1
Rabbit A4 is Hungry
Rabbit A4 m is ready to mate
Rabbit A4 m is approaching partner: Rabbit B1f
Rabbit B4 f was born!Father is A4 and Mother is B1
Rabbit A2m is running away from: LionA0
Rabbit A2m is running away from: WolfB5
Rabbit A2 is Hungry
Rabbit A2m ate
Rabbit A2 m is ready to mate
Rabbit A2 m is approaching partner: Rabbit A4f
Rabbit C0f is running away from: LionA0
Rabbit C0f is running away from: WolfA1
Rabbit C0 is Hungry
Rabbit C3m is running away from: LionA4
Rabbit C3m is running away from: WolfC4
Rabbit C3 is Hungry
Rabbit C3m ate
Rabbit C3 m is ready to mate
Rabbit C3 m is approaching partner: Rabbit A5f
Rabbit A4f is running away from: LionA4
Rabbit A4f is running away from: WolfB1
Rabbit A4 is Hungry
Rabbit A4f ate
Rabbit A4 f is ready to mate
Rabbit C3m is running away from: LionA5
Rabbit C3m is running away from: WolfB2
Rabbit C3 is Hungry
Rabbit C3m ate
Rabbit C3 m is ready to mate
Rabbit C3 m is approaching partner: Rabbit A5f
Rabbit A5m is running away from: LionB3
Rabbit A5m is running away from: WolfA5
Rabbit A5 is Hungry
Rabbit A5m ate
Rabbit A5 m is ready to mate
Rabbit A5 m is approaching partner: Rabbit A4f
Rabbit A4f is running away from: LionB3
Rabbit A4f is running away from: WolfA5
Rabbit A4 is Hungry
Rabbit A4f ate
Rabbit A0m is running away from: LionB3
Rabbit A0m is running away from: WolfA5
Rabbit A0 is Hungry
Rabbit A0 m is ready to mate
Rabbit A0 m is approaching partner: Rabbit A4f
Rabbit C0m is running away from: LionA0
Rabbit C0m is running away from: WolfA1
Rabbit C0 is Hungry
Rabbit C0m ate
Rabbit C0 m is ready to mate
Rabbit C0 m is approaching partner: Rabbit A4f
Rabbit A4f is running away from: LionA0
Rabbit A4f is running away from: WolfA3
Rabbit A4 is Hungry
Rabbit A4f ate
Rabbit A4 f is ready to mate
Rabbit B1f is running away from: LionA4
Rabbit B1f is running away from: WolfC4
Rabbit B1 is Hungry
Rabbit B1f ate
Rabbit B1 f is ready to mate
Rabbit B2m is running away from: LionB3
Rabbit B2m is running away from: WolfA5
Rabbit B2 is Hungry
Rabbit B2 m is ready to mate
Rabbit B2 m is approaching partner: Rabbit A4f
Rabbit A4f is running away from: LionB3
Rabbit A4f is running away from: WolfA5
Rabbit A4 is Hungry
Rabbit A4 f is ready to mate
Rabbit B1f is running away from: LionA5
Rabbit B1f is running away from: WolfA1
Rabbit B1 is Hungry
Rabbit B1f ate
Rabbit A5f is running away from: LionA4
Rabbit A5f is running away from: WolfC4
Rabbit A5 is Hungry
Rabbit A5f ate
Rabbit A5 f is ready to mate
Rabbit C3m is running away from: LionA4
Rabbit C3m is running away from: WolfB1
Rabbit C3 is Hungry
Rabbit C3 m is ready to mate
Rabbit C3 m is approaching partner: Rabbit A4f
Rabbit A2f is running away from: LionA0
Rabbit A2f is running away from: WolfB5
Rabbit A2 is Hungry
Rabbit A2 f is ready to mate
Rabbit B1m is running away from: LionA0
Rabbit B1m is running away from: WolfB5
Rabbit B1 is Hungry
Rabbit C3m is running away from: LionB3
Rabbit C3m is running away from: WolfA5
Rabbit C3 is Hungry
Lion A5 is Hungry
LionA5fis chasing: A4f
Lion A4 is Hungry
LionA4fis chasing: A0m
Lion B3 is Hungry
LionB3mis chasing: A4f
Lion A0 is Hungry
LionA0mis chasing: A4f
Lion B3 is Hungry
LionB3fis chasing: A4f
Wolf B5m is running away from: LionA4
Wolf B5 is Hungry
Wolf B5m is chasing: C3m
Wolf C4m is running away from: LionA4
Wolf B2m is running away from: LionA4
Wolf B2 is Hungry
Wolf B2m is chasing: C3m
Wolf A5f is running away from: LionB3
Wolf A5 is Hungry
Wolf A5f is chasing: B2m
Wolf A0m is running away from: LionA4
Wolf A0 is Hungry
Wolf A0m is chasing: B1f
Wolf A1f is running away from: LionB3
Wolf A1 is Hungry
Wolf A1f is chasing: B2m
Wolf B1m is running away from: LionA4
Wolf B1 is Hungry
Wolf B1m is chasing: B1f
Wolf A3f is running away from: LionB3
Wolf A3 is Hungry
Wolf A3f is chasing: B2m
Rabbit A5f is running away from: LionA0
Rabbit A5f is running away from: WolfB5
Rabbit A5 is Hungry
Rabbit A5f ate
Rabbit A5 f is ready to mate
Rabbit A4m is running away from: LionA5
Rabbit A4m is running away from: WolfA5
Rabbit A4 is Hungry
RabbitA4m died of hunger
Rabbit A4 m is ready to mate
Rabbit A4 m is approaching partner: Rabbit A2f
Rabbit A2m is running away from: LionA0
Rabbit A2m is running away from: WolfB5
Rabbit A2 is Hungry
Rabbit A2m ate
Rabbit A2 m is ready to mate
Rabbit A2 m is approaching partner: Rabbit A2f
Rabbit C0f is running away from: LionA5
Rabbit C0f is running away from: WolfB5
Rabbit C0 is Hungry
RabbitC0f died of hunger
Rabbit C0 f is ready to mate
Rabbit C3m is running away from: LionA4
Rabbit C3m is running away from: WolfC4
Rabbit C3 is Hungry
Rabbit C3m ate
Rabbit C3 m is ready to mate
Rabbit C3 m is approaching partner: Rabbit A5f
Rabbit A4f is running away from: LionA4
Rabbit A4f is running away from: WolfB1
Rabbit A4 is Hungry
Rabbit A4 f is ready to mate
Rabbit C3m is running away from: LionA5
Rabbit C3m is running away from: WolfB2
Rabbit C3 is Hungry
Rabbit C3m ate
Rabbit C3 m is ready to mate
Rabbit C3 m is approaching partner: Rabbit A5f
Rabbit A5m is running away from: LionB3
Rabbit A5m is running away from: WolfA5
Rabbit A5 is Hungry
Rabbit A5 m is ready to mate
Rabbit A5 m is approaching partner: Rabbit A4f
Rabbit A4f is running away from: LionB3
Rabbit A4f is running away from: WolfA3
Rabbit A4 is Hungry
Rabbit A0m is running away from: LionB3
Rabbit A0m is running away from: WolfA5
Rabbit A0 is Hungry
RabbitA0m died of hunger
Rabbit A0 m is ready to mate
Rabbit A0 m is approaching partner: Rabbit A4f
Rabbit C0m is running away from: LionA5
Rabbit C0m is running away from: WolfB5
Rabbit C0 is Hungry
Rabbit C0m ate
Rabbit C0 m is ready to mate
Rabbit C0 m is approaching partner: Rabbit A2f
Rabbit A4f is running away from: LionA0
Rabbit A4f is running away from: WolfA5
Rabbit A4 is Hungry
Rabbit A4f ate
Rabbit A4 f is ready to mate
Rabbit B1f is running away from: LionA4
Rabbit B1f is running away from: WolfB1
Rabbit B1 is Hungry
Rabbit B1f ate
Rabbit B1 f is ready to mate
Rabbit B2m is running away from: LionB3
Rabbit B2m is running away from: WolfA3
Rabbit B2 is Hungry
Rabbit B2m ate
Rabbit B2 m is ready to mate
Rabbit B2 m is approaching partner: Rabbit A4f
Rabbit A4f is running away from: LionB3
Rabbit A4f is running away from: WolfA5
Rabbit A4 is Hungry
Rabbit A4 f is ready to mate
Rabbit B1f is running away from: LionA0
Rabbit B1f is running away from: WolfA5
Rabbit B1 is Hungry
Rabbit A5f is running away from: LionA4
Rabbit A5f is running away from: WolfC4
Rabbit A5 is Hungry
Rabbit A5 f is ready to mate
Rabbit C3m is running away from: LionA4
Rabbit C3m is running away from: WolfB1
Rabbit C3 is Hungry
Rabbit C3 m is ready to mate
Rabbit C3 m is approaching partner: Rabbit A4f
Rabbit A2f is running away from: LionA0
Rabbit A2f is running away from: WolfB5
Rabbit A2 is Hungry
Rabbit A2 f is ready to mate
Rabbit B1m is running away from: LionA0
Rabbit B1m is running away from: WolfB5
Rabbit B1 is Hungry
Rabbit B1m ate
Rabbit B1 m is ready to mate
Rabbit B1 m is approaching partner: Rabbit A2f
Rabbit C3m is running away from: LionB3
Rabbit C3m is running away from: WolfA3
Rabbit C3 is Hungry
Rabbit C3 m is ready to mate
Rabbit C3 m is approaching partner: Rabbit A4f
Rabbit B4f is running away from: LionA5
Rabbit B4f is running away from: WolfA5
Rabbit B4 is Hungry
Lion A5 is Hungry
LionA5fis chasing: A4f
Lion A4 is Hungry
LionA4fis chasing: A0m
Lion B3 is Hungry
LionB3mis chasing: A4f
Lion B3m ate!
Lion A0 is Hungry
LionA0mis chasing: A2m
Lion B3 is Hungry
LionB3fis chasing: A4f
Wolf B5m is running away from: LionA4
Wolf B5 is Hungry
WolfB5m died of hunger
Wolf B5m is chasing: C3m
Wolf C4m is running away from: LionA4
Wolf C4 is Hungry
Wolf C4m is chasing: A5f
Wolf B2m is running away from: LionA4
Wolf B2 is Hungry
WolfB2m died of hunger
Wolf B2m is chasing: C3m
Wolf A5f is running away from: LionA0
Wolf A5 is Hungry
WolfA5f died of hunger
Wolf A5f is chasing: A4f
Wolf A0m is running away from: LionA4
Wolf A0 is Hungry
WolfA0m died of hunger
Wolf A0m is chasing: B1f
Wolf A1f is running away from: LionA0
Wolf A1 is Hungry
WolfA1f died of hunger
Wolf A1f is chasing: A4f
Wolf B1m is running away from: LionA4
Wolf B1 is Hungry
WolfB1m died of hunger
Wolf B1m is chasing: C3m
Wolf A3f is running away from: LionA0
Wolf A3 is Hungry
Wolf A3f is chasing: A4f
Rabbit A5f is running away from: LionA0
Rabbit A5f is running away from: WolfC4
Rabbit A5 is Hungry
Rabbit A5f ate
Rabbit A5 f is ready to mate
Rabbit A2m is running away from: LionA0
Rabbit A2m is running away from: WolfA3
Rabbit A2 is Hungry
Rabbit A2 m is ready to mate
Rabbit A2 m is approaching partner: Rabbit A5f
Rabbit C5 m was born!Father is A2 and Mother is A5
Rabbit C3m is running away from: LionA4
Rabbit C3m is running away from: WolfC4
Rabbit C3 is Hungry
Rabbit C3 m is ready to mate
Rabbit C3 m is approaching partner: Rabbit A5f
Rabbit B1 m was born!Father is C3 and Mother is A5
Rabbit A4f is running away from: LionA4
Rabbit A4f is running away from: WolfC4
Rabbit A4 is Hungry
Rabbit A4 f is ready to mate
Rabbit C3m is running away from: LionA4
Rabbit C3m is running away from: WolfC4
Rabbit C3 is Hungry
Rabbit C3 m is ready to mate
Rabbit C3 m is approaching partner: Rabbit B1f
Rabbit A5m is running away from: LionA5
Rabbit A5m is running away from: WolfA3
Rabbit A5 is Hungry
Rabbit A5 m is ready to mate
Rabbit A5 m is approaching partner: Rabbit A4f
Rabbit A4f is running away from: LionA5
Rabbit A4f is running away from: WolfA3
Rabbit A4 is Hungry
Rabbit A4 f is ready to mate
Rabbit C0m is running away from: LionA0
Rabbit C0m is running away from: WolfA3
Rabbit C0 is Hungry
Rabbit C0 m is ready to mate
Rabbit C0 m is approaching partner: Rabbit A2f
Rabbit B1f is running away from: LionA4
Rabbit B1f is running away from: WolfC4
Rabbit B1 is Hungry
Rabbit B1f ate
Rabbit B1 f is ready to mate
Rabbit B2m is running away from: LionA5
Rabbit B2m is running away from: WolfA3
Rabbit B2 is Hungry
Rabbit B2m ate
Rabbit B2 m is ready to mate
Rabbit B2 m is approaching partner: Rabbit A4f
Rabbit A4f is running away from: LionA5
Rabbit A4f is running away from: WolfA3
Rabbit A4 is Hungry
Rabbit A4 f is ready to mate
Rabbit B1f is running away from: LionA0
Rabbit B1f is running away from: WolfA3
Rabbit B1 is Hungry
Rabbit B1 f is ready to mate
Rabbit A5f is running away from: LionA4
Rabbit A5f is running away from: WolfC4
Rabbit A5 is Hungry
Rabbit A5f ate
Rabbit C3m is running away from: LionA4
Rabbit C3m is running away from: WolfC4
Rabbit C3 is Hungry
Rabbit C3 m is ready to mate
Rabbit C3 m is approaching partner: Rabbit A4f
Rabbit A2f is running away from: LionA0
Rabbit A2f is running away from: WolfA3
Rabbit A2 is Hungry
RabbitA2f died of hunger
Rabbit A2f ate
Rabbit A2 f is ready to mate
Rabbit B1m is running away from: LionA0
Rabbit B1m is running away from: WolfC4
Rabbit B1 is Hungry
Rabbit B1m ate
Rabbit B1 m is ready to mate
Rabbit B1 m is approaching partner: Rabbit B1f
Rabbit C3m is running away from: LionA5
Rabbit C3m is running away from: WolfA3
Rabbit C3 is Hungry
Rabbit C3 m is ready to mate
Rabbit C3 m is approaching partner: Rabbit A4f
Rabbit B4f is running away from: LionA0
Rabbit B4f is running away from: WolfA3
Rabbit B4 is Hungry
Rabbit B4f ate
Rabbit B4 f is ready to mate
Lion A5 is Hungry
LionA5fis chasing: A4f
LionA5f ate: A4f
Lion A4 is Hungry
LionA4fis chasing: B1f
Lion A0 is Hungry
LionA0mis chasing: A5f
Lion B3 is Hungry
LionB3fis chasing: C0m
Wolf C4m is running away from: LionA4
Wolf C4 is Hungry
Wolf C4m is chasing: A5f
Wolf A3f is running away from: LionA0
Wolf A3 is Hungry
Wolf A3f is chasing: A4f
Wolf A3f ate!
Rabbit A5 is Thirsty
Rabbit A5 drank water
Rabbit A5f is running away from: LionA0
Rabbit A5f is running away from: WolfC4
Rabbit A5 is Hungry
Rabbit A5f ate
Rabbit A2 is Thirsty
Rabbit A2 drank water
Rabbit A2m is running away from: LionA0
Rabbit A2m is running away from: WolfC4
Rabbit A2 is Hungry
Rabbit A2 m is ready to mate
Rabbit A2 m is approaching partner: Rabbit B1f
Rabbit C3 is Thirsty
Rabbit C3 drank water
Rabbit C3m is running away from: LionA4
Rabbit C3m is running away from: WolfC4
Rabbit C3 is Hungry
Rabbit C3 m is ready to mate
Rabbit C3 m is approaching partner: Rabbit B1f
Rabbit A4 is Thirsty
Rabbit A4 drank water
Rabbit A4f is running away from: LionA4
Rabbit A4f is running away from: WolfC4
Rabbit A4 is Hungry
Rabbit A4 f is ready to mate
Rabbit C3 is Thirsty
Rabbit C3 drank water
Rabbit C3m is running away from: LionA4
Rabbit C3m is running away from: WolfC4
Rabbit C3 is Hungry
Rabbit C3 m is ready to mate
Rabbit C3 m is approaching partner: Rabbit B4f
Rabbit A5 is Thirsty
Rabbit A5 drank water
Rabbit A5m is running away from: LionB3
Rabbit A5m is running away from: WolfA3
Rabbit A5 is Hungry
Rabbit A5 m is ready to mate
Rabbit A5 m is approaching partner: Rabbit B1f
Rabbit C0 is Thirsty
Rabbit C0 drank water
Rabbit C0m is running away from: LionB3
Rabbit C0m is running away from: WolfC4
Rabbit C0 is Hungry
Rabbit C0 m is ready to mate
Rabbit C0 m is approaching partner: Rabbit B1f
Rabbit B1 is Thirsty
Rabbit B1 drank water
Rabbit B1f is running away from: LionA4
Rabbit B1f is running away from: WolfC4
Rabbit B1 is Hungry
Rabbit B1f ate
Rabbit B1 f is ready to mate
Rabbit B2 is Thirsty
Rabbit B2 drank water
Rabbit B2m is running away from: LionB3
Rabbit B2m is running away from: WolfA3
Rabbit B2 is Hungry
Rabbit B2 m is ready to mate
Rabbit B2 m is approaching partner: Rabbit B1f
Rabbit B1 is Thirsty
Rabbit B1 drank water
Rabbit B1f is running away from: LionA0
Rabbit B1f is running away from: WolfC4
Rabbit B1 is Hungry
Rabbit B1f ate
Rabbit B1 f is ready to mate
Rabbit A5 is Thirsty
Rabbit A5 drank water
Rabbit A5f is running away from: LionA4
Rabbit A5f is running away from: WolfC4
Rabbit A5 is Hungry
Rabbit A5f ate
Rabbit C3 is Thirsty
Rabbit C3 drank water
Rabbit C3m is running away from: LionA4
Rabbit C3m is running away from: WolfC4
Rabbit C3 is Hungry
RabbitC3m died of hunger
Rabbit C3 m is ready to mate
Rabbit C3 m is approaching partner: Rabbit A4f
Rabbit B1m is running away from: LionA0
Rabbit B1m is running away from: WolfC4
Rabbit B1 is Hungry
Rabbit B1 m is ready to mate
Rabbit B1 m is approaching partner: Rabbit B4f
Rabbit C3m is running away from: LionB3
Rabbit C3m is running away from: WolfA3
Rabbit C3 is Hungry
RabbitC3m died of hunger
Rabbit C3 m is ready to mate
Rabbit C3 m is approaching partner: Rabbit B1f
Rabbit B4f is running away from: LionB3
Rabbit B4f is running away from: WolfC4
Rabbit B4 is Hungry
Rabbit B4f ate
Rabbit B4 f is ready to mate
Rabbit C5m is running away from: LionA0
Rabbit C5m is running away from: WolfC4
Rabbit C5 is Hungry
Rabbit C5m ate
Rabbit B1m is running away from: LionA4
Rabbit B1m is running away from: WolfC4
Rabbit B1 is Hungry
Rabbit B1m ate
Lion A4 is Hungry
LionA4fis chasing: B1f
Lion A0 is Hungry
LionA0mis chasing: A5f
Lion B3 is Hungry
LionB3fis chasing: B1f
Wolf C4m is running away from: LionA4
Wolf C4 is Hungry
Wolf C4m is chasing: C3m
Wolf A3f is running away from: LionB3
Rabbit A5 is Thirsty
Rabbit A5 drank water
Rabbit A5f is running away from: LionA0
Rabbit A5f is running away from: WolfC4
Rabbit A5 is Hungry
Rabbit A2 is Thirsty
Rabbit A2 drank water
Rabbit A2m is running away from: LionA0
Rabbit A2m is running away from: WolfC4
Rabbit A2 is Hungry
Rabbit A2 m is ready to mate
Rabbit A2 m is approaching partner: Rabbit B4f
Rabbit C3 is Thirsty
Rabbit C3 drank water
Rabbit C3m is running away from: LionA4
Rabbit C3m is running away from: WolfC4
Rabbit C3 is Hungry
Rabbit C3m ate
Rabbit C3 m is ready to mate
Rabbit C3 m is approaching partner: Rabbit B1f
Rabbit A4 is Thirsty
Rabbit A4 drank water
Rabbit A4f is running away from: LionA4
Rabbit A4f is running away from: WolfC4
Rabbit A4 is Hungry
RabbitA4f died of hunger
Rabbit A4 f is ready to mate
Rabbit C3 is Thirsty
Rabbit C3 drank water
Rabbit C3m is running away from: LionA4
Rabbit C3m is running away from: WolfC4
Rabbit C3 is Hungry
Rabbit C3 m is ready to mate
Rabbit C3 m is approaching partner: Rabbit B4f
Rabbit A5 is Thirsty
Rabbit A5 drank water
Rabbit A5m is running away from: LionB3
Rabbit A5m is running away from: WolfA3
Rabbit A5 is Hungry
RabbitA5m died of hunger
Rabbit A5m ate
Rabbit A5 m is ready to mate
Rabbit A5 m is approaching partner: Rabbit B1f
Rabbit C0 is Thirsty
Rabbit C0 drank water
Rabbit C0m is running away from: LionB3
Rabbit C0m is running away from: WolfC4
Rabbit C0 is Hungry
Rabbit C0m ate
Rabbit C0 m is ready to mate
Rabbit C0 m is approaching partner: Rabbit B4f
Rabbit B1 is Thirsty
Rabbit B1 drank water
Rabbit B1f is running away from: LionA4
Rabbit B1f is running away from: WolfC4
Rabbit B1 is Hungry
Rabbit B1f ate
Rabbit B1 f is ready to mate
Rabbit B2 is Thirsty
Rabbit B2 drank water
Rabbit B2m is running away from: LionB3
Rabbit B2m is running away from: WolfA3
Rabbit B2 is Hungry
Rabbit B2m ate
Rabbit B2 m is ready to mate
Rabbit B2 m is approaching partner: Rabbit B1f
Rabbit B1 is Thirsty
Rabbit B1 drank water
Rabbit B1f is running away from: LionB3
Rabbit B1f is running away from: WolfA3
Rabbit B1 is Hungry
Rabbit B1 f is ready to mate
Rabbit A5 is Thirsty
Rabbit A5 drank water
Rabbit A5f is running away from: LionA4
Rabbit A5f is running away from: WolfC4
Rabbit A5 is Hungry
Rabbit A5f ate
Rabbit B1m is running away from: LionA0
Rabbit B1m is running away from: WolfC4
Rabbit B1 is Hungry
Rabbit B1 m is ready to mate
Rabbit B1 m is approaching partner: Rabbit B4f
Rabbit B4f is running away from: LionB3
Rabbit B4f is running away from: WolfC4
Rabbit B4 is Hungry
Rabbit B4f ate
Rabbit B4 f is ready to mate
Rabbit C5m is running away from: LionA0
Rabbit C5m is running away from: WolfC4
Rabbit C5 is Hungry
Rabbit B1m is running away from: LionA4
Rabbit B1m is running away from: WolfC4
Rabbit B1 is Hungry
Rabbit B1m ate
Lion A4 is Hungry
LionA4fis chasing: B1f
Lion B3 is Hungry
LionB3mis chasing: A5f
Lion A0 is Hungry
LionA0mis chasing: A5f
Lion B3 is Hungry
LionB3fis chasing: B1f
Wolf C4m is running away from: LionA4
Wolf C4 is Hungry
Wolf C4m is chasing: C3m
Wolf A3f is running away from: LionB3
Wolf A3 is Hungry
Wolf A3f is chasing: B2m
Rabbit A5 is Thirsty
Rabbit A5 drank water
Rabbit A5f is running away from: LionA0
Rabbit A5f is running away from: WolfC4
Rabbit A5 is Hungry
Rabbit A5 f is ready to mate
Rabbit A2 is Thirsty
Rabbit A2 drank water
Rabbit A2m is running away from: LionA0
Rabbit A2m is running away from: WolfC4
Rabbit A2 is Hungry
RabbitA2m died of hunger
Rabbit A2m ate
Rabbit A2 m is ready to mate
Rabbit A2 m is approaching partner: Rabbit A5f
Rabbit A3 m was born!Father is A2 and Mother is A5
Rabbit C3 is Thirsty
Rabbit C3 drank water
Rabbit C3m is running away from: LionA4
Rabbit C3m is running away from: WolfC4
Rabbit C3 is Hungry
Rabbit C3m ate
Rabbit C3 m is ready to mate
Rabbit C3 m is approaching partner: Rabbit B1f
Rabbit C3 is Thirsty
Rabbit C3 drank water
Rabbit C3m is running away from: LionA4
Rabbit C3m is running away from: WolfC4
Rabbit C3 is Hungry
RabbitC3m died of hunger
Rabbit C3m ate
Rabbit C3 m is ready to mate
Rabbit C3 m is approaching partner: Rabbit B4f
Rabbit C0 is Thirsty
Rabbit C0 drank water
Rabbit C0m is running away from: LionB3
Rabbit C0m is running away from: WolfC4
Rabbit C0 is Hungry
Rabbit C0 m is ready to mate
Rabbit C0 m is approaching partner: Rabbit B1f
Rabbit B1 is Thirsty
Rabbit B1 drank water
Rabbit B1f is running away from: LionA4
Rabbit B1f is running away from: WolfC4
Rabbit B1 is Hungry
Rabbit B1f ate
Rabbit B1 f is ready to mate
Rabbit B2 is Thirsty
Rabbit B2 drank water
Rabbit B2m is running away from: LionB3
Rabbit B2m is running away from: WolfA3
Rabbit B2 is Hungry
Rabbit B2m ate
Rabbit B2 m is ready to mate
Rabbit B2 m is approaching partner: Rabbit B1f
Rabbit B1 is Thirsty
Rabbit B1 drank water
Rabbit B1f is running away from: LionB3
Rabbit B1f is running away from: WolfA3
Rabbit B1 is Hungry
Rabbit B1 f is ready to mate
Rabbit A5 is Thirsty
Rabbit A5 drank water
Rabbit A5f is running away from: LionA4
Rabbit A5f is running away from: WolfC4
Rabbit A5 is Hungry
Rabbit A5f ate
Rabbit A5 f is ready to mate
Rabbit B1 is Thirsty
Rabbit B1 drank water
Rabbit B1m is running away from: LionA0
Rabbit B1m is running away from: WolfC4
Rabbit B1 is Hungry
Rabbit B1m ate
Rabbit B1 m is ready to mate
Rabbit B1 m is approaching partner: Rabbit B4f
Rabbit B4f is running away from: LionB3
Rabbit B4f is running away from: WolfC4
Rabbit B4 is Hungry
Rabbit B4 f is ready to mate
Rabbit C5m is running away from: LionA0
Rabbit C5m is running away from: WolfC4
Rabbit C5 is Hungry
Rabbit C5 m is ready to mate
Rabbit C5 m is approaching partner: Rabbit B4f
Rabbit B1m is running away from: LionA4
Rabbit B1m is running away from: WolfC4
Rabbit B1 is Hungry
Rabbit B1 m is ready to mate
Rabbit B1 m is approaching partner: Rabbit A5f
Lion A5 is Hungry
LionA5fis chasing: C0m
Lion A4 is Hungry
LionA4fis chasing: C3m
Lion B3 is Hungry
LionB3mis chasing: B2m
Lion A0 is Hungry
LionA0mis chasing: A3m
Lion B3 is Hungry
LionB3fis chasing: C0m
Wolf C4m is running away from: LionA4
Wolf C4 is Hungry
WolfC4m died of hunger
Wolf C4m is chasing: C3m
Wolf C4 is Thirsty
Wolf C4drank water
Wolf A3f is running away from: LionB3
Wolf A3 is Hungry
Wolf A3f is chasing: B2m
Wolf A3 is Thirsty
Wolf A3drank water
Rabbit A5f is running away from: LionA0
Rabbit A5f is running away from: WolfA3
Rabbit A5 is Hungry
Rabbit A5f ate
Rabbit C3 is Thirsty
Rabbit C3 drank water
Rabbit C3m is running away from: LionA4
Rabbit C3m is running away from: WolfA3
Rabbit C3 is Hungry
Rabbit C3m ate
Rabbit C3 m is ready to mate
Rabbit C3 m is approaching partner: Rabbit B1f
Rabbit C0 is Thirsty
Rabbit C0 drank water
Rabbit C0m is running away from: LionB3
Rabbit C0m is running away from: WolfA3
Rabbit C0 is Hungry
Rabbit C0m ate
Rabbit C0 m is ready to mate
Rabbit C0 m is approaching partner: Rabbit B4f
Rabbit B1 is Thirsty
Rabbit B1 drank water
Rabbit B1f is running away from: LionA4
Rabbit B1f is running away from: WolfA3
Rabbit B1 is Hungry
Rabbit B1 f is ready to mate
Rabbit B2 is Thirsty
Rabbit B2 drank water
Rabbit B2m is running away from: LionB3
Rabbit B2m is running away from: WolfA3
Rabbit B2 is Hungry
Rabbit B2m ate
Rabbit B2 m is ready to mate
Rabbit B2 m is approaching partner: Rabbit B1f
Rabbit B1 is Thirsty
Rabbit B1 drank water
Rabbit B1f is running away from: LionB3
Rabbit B1f is running away from: WolfA3
Rabbit B1 is Hungry
Rabbit B1 f is ready to mate
Rabbit A5 is Thirsty
Rabbit A5 drank water
Rabbit A5f is running away from: LionA4
Rabbit A5f is running away from: WolfA3
Rabbit A5 is Hungry
Rabbit A5 f is ready to mate
Rabbit B1 is Thirsty
Rabbit B1 drank water
Rabbit B1m is running away from: LionA0
Rabbit B1m is running away from: WolfA3
Rabbit B1 is Hungry
Rabbit B1 m is ready to mate
Rabbit B1 m is approaching partner: Rabbit B4f
Rabbit B4f is running away from: LionA0
Rabbit B4f is running away from: WolfA3
Rabbit B4 is Hungry
Rabbit B4f ate
Rabbit B4 f is ready to mate
Rabbit C5m is running away from: LionA0
Rabbit C5m is running away from: WolfA3
Rabbit C5 is Hungry
Rabbit C5m ate
Rabbit C5 m is ready to mate
Rabbit C5 m is approaching partner: Rabbit B1f
Rabbit B1m is running away from: LionA4
Rabbit B1m is running away from: WolfA3
Rabbit B1 is Hungry
Rabbit B1 m is ready to mate
Rabbit B1 m is approaching partner: Rabbit A5f
Rabbit B5 m was born!Father is B1 and Mother is A5
Rabbit A3m is running away from: LionA0
Rabbit A3m is running away from: WolfA3
Rabbit A3 is Hungry
Rabbit A3m ate
Lion A5 is Hungry
LionA5fis chasing: C0m
Lion A5 f is ready to mate
Lion A4 is Hungry
LionA4f died of hunger
LionA4fis chasing: C3m
Lion A4 f is ready to mate
Lion B3 is Hungry
LionB3mis chasing: B2m
Lion B3 m is ready to mate
Lion A0 is Hungry
LionA0mis chasing: A5f
Lion A0 m is ready to mate
Lion B3 is Hungry
LionB3f died of hunger
LionB3fis chasing: C0m
Lion B3 f is ready to mate
Wolf A3f is running away from: LionB3
Wolf A3 is Hungry
Wolf A3f is chasing: B2m
Wolf A3 is Thirsty
Wolf A3drank water
Rabbit A5f is running away from: LionA0
Rabbit A5f is running away from: WolfA3
Rabbit A5 is Hungry
Rabbit C3 is Thirsty
Rabbit C3 drank water
Rabbit C3m is running away from: LionA5
Rabbit C3m is running away from: WolfA3
Rabbit C3 is Hungry
Rabbit C3m ate
Rabbit C3 m is ready to mate
Rabbit C3 m is approaching partner: Rabbit B1f
Rabbit C0 is Thirsty
Rabbit C0 drank water
Rabbit C0m is running away from: LionA0
Rabbit C0m is running away from: WolfA3
Rabbit C0 is Hungry
Rabbit C0m ate
Rabbit C0 m is ready to mate
Rabbit C0 m is approaching partner: Rabbit B4f
Rabbit B1 is Thirsty
Rabbit B1 drank water
Rabbit B1f is running away from: LionA5
Rabbit B1f is running away from: WolfA3
Rabbit B1 is Hungry
Rabbit B1f ate
Rabbit B1 f is ready to mate
Rabbit B2 is Thirsty
Rabbit B2 drank water
Rabbit B2m is running away from: LionB3
Rabbit B2m is running away from: WolfA3
Rabbit B2 is Hungry
Rabbit B2m ate
Rabbit B2 m is ready to mate
Rabbit B2 m is approaching partner: Rabbit B1f
Rabbit B1 is Thirsty
Rabbit B1 drank water
Rabbit B1f is running away from: LionA0
Rabbit B1f is running away from: WolfA3
Rabbit B1 is Hungry
RabbitB1f died of hunger
Rabbit B1 f is ready to mate
Rabbit A5 is Thirsty
Rabbit A5 drank water
Rabbit A5f is running away from: LionA0
Rabbit A5f is running away from: WolfA3
Rabbit A5 is Hungry
Rabbit A5f ate
Rabbit B1m is running away from: LionA0
Rabbit B1m is running away from: WolfA3
Rabbit B1 is Hungry
Rabbit B1m ate
Rabbit B1 m is ready to mate
Rabbit B1 m is approaching partner: Rabbit B4f
Rabbit B4 is Thirsty
Rabbit B4 drank water
Rabbit B4f is running away from: LionA0
Rabbit B4f is running away from: WolfA3
Rabbit B4 is Hungry
Rabbit B4f ate
Rabbit B4 f is ready to mate
Rabbit C5m is running away from: LionA0
Rabbit C5m is running away from: WolfA3
Rabbit C5 is Hungry
Rabbit C5m ate
Rabbit C5 m is ready to mate
Rabbit C5 m is approaching partner: Rabbit B4f
Rabbit B1m is running away from: LionA0
Rabbit B1m is running away from: WolfA3
Rabbit B1 is Hungry
Rabbit B1 m is ready to mate
Rabbit B1 m is approaching partner: Rabbit B1f
Rabbit A3m is running away from: LionA0
Rabbit A3m is running away from: WolfA3
Rabbit A3 is Hungry
Rabbit B5m is running away from: LionA0
Rabbit B5m is running away from: WolfA3
Rabbit B5 is Hungry
Lion A5 is Hungry
LionA5fis chasing: B2m
Lion A5 f is ready to mate
Lion B3 is Hungry
LionB3mis chasing: B2m
Lion B3 m is ready to mate
Lion A0 is Hungry
LionA0m died of hunger
LionA0mis chasing: A5f
Lion A0 m is ready to mate
Wolf A3f is running away from: LionB3
Wolf A3 is Hungry
Wolf A3f is chasing: B2m
Wolf A3 is Thirsty
Wolf A3drank water
Rabbit A5f is running away from: LionA5
Rabbit A5f is running away from: WolfA3
Rabbit A5 is Hungry
Rabbit A5 f is ready to mate
Rabbit C3 is Thirsty
Rabbit C3 drank water
Rabbit C3m is running away from: LionA5
Rabbit C3m is running away from: WolfA3
Rabbit C3 is Hungry
Rabbit C3 m is ready to mate
Rabbit C3 m is approaching partner: Rabbit B1f
Rabbit C0 is Thirsty
Rabbit C0 drank water
Rabbit C0m is running away from: LionA5
Rabbit C0m is running away from: WolfA3
Rabbit C0 is Hungry
Rabbit C0m ate
Rabbit C0 m is ready to mate
Rabbit C0 m is approaching partner: Rabbit B4f
Rabbit B2 f was born!Father is C0 and Mother is B4
Rabbit B1f is running away from: LionA5
Rabbit B1f is running away from: WolfA3
Rabbit B1 is Hungry
Rabbit B1 f is ready to mate
Rabbit B2 is Thirsty
Rabbit B2 drank water
Rabbit B2m is running away from: LionB3
Rabbit B2m is running away from: WolfA3
Rabbit B2 is Hungry
Rabbit B2m ate
Rabbit B2 m is ready to mate
Rabbit B2 m is approaching partner: Rabbit A5f
Rabbit A5 is Thirsty
Rabbit A5 drank water
Rabbit A5f is running away from: LionA5
Rabbit A5f is running away from: WolfA3
Rabbit A5 is Hungry
Rabbit A5f ate
Rabbit B1m is running away from: LionA5
Rabbit B1m is running away from: WolfA3
Rabbit B1 is Hungry
Rabbit B1m ate
Rabbit B1 m is ready to mate
Rabbit B1 m is approaching partner: Rabbit A5f
Rabbit B4 is Thirsty
Rabbit B4 drank water
Rabbit B4f is running away from: LionA5
Rabbit B4f is running away from: WolfA3
Rabbit B4 is Hungry
Rabbit B4f ate
Rabbit C5m is running away from: LionA5
Rabbit C5m is running away from: WolfA3
Rabbit C5 is Hungry
Rabbit C5 m is ready to mate
Rabbit C5 m is approaching partner: Rabbit A5f
Rabbit B2 m was born!Father is C5 and Mother is A5
Rabbit B1m is running away from: LionA5
Rabbit B1m is running away from: WolfA3
Rabbit B1 is Hungry
RabbitB1m died of hunger
Rabbit B1 m is ready to mate
Rabbit B1 m is approaching partner: Rabbit B1f
Rabbit A3m is running away from: LionA5
Rabbit A3m is running away from: WolfA3
Rabbit A3 is Hungry
Rabbit A3m ate
Rabbit A3 m is ready to mate
Rabbit A3 m is approaching partner: Rabbit B1f
Rabbit B5m is running away from: LionA5
Rabbit B5m is running away from: WolfA3
Rabbit B5 is Hungry
Lion A5 is Hungry
LionA5fis chasing: B2m
Lion A5 f is ready to mate
Lion B3 is Hungry
LionB3mis chasing: A3f
Lion B3 m is ready to mate
Wolf A3f is running away from: LionB3
Wolf A3 is Hungry
WolfA3f died of hunger
Wolf A3f is chasing: B2m
Wolf A3 is Thirsty
Wolf A3drank water
Rabbit A5f is running away from: LionA5
Rabbit A5 is Hungry
Rabbit C3 is Thirsty
Rabbit C3 drank water
Rabbit C3m is running away from: LionA5
Rabbit C3 is Hungry
Rabbit C3m ate
Rabbit C3 m is ready to mate
Rabbit C3 m is approaching partner: Rabbit B1f
Rabbit C0 is Thirsty
Rabbit C0 drank water
Rabbit C0m is running away from: LionA5
Rabbit C0 is Hungry
Rabbit C0m ate
Rabbit C0 m is ready to mate
Rabbit C0 m is approaching partner: Rabbit B1f
Rabbit B1f is running away from: LionA5
Rabbit B1 is Hungry
Rabbit B1f ate
Rabbit B1 f is ready to mate
Rabbit B2 is Thirsty
Rabbit B2 drank water
Rabbit B2m is running away from: LionB3
Rabbit B2 is Hungry
Rabbit B2m ate
Rabbit B2 m is ready to mate
Rabbit B2 m is approaching partner: Rabbit B1f
Rabbit A5 is Thirsty
Rabbit A5 drank water
Rabbit A5f is running away from: LionA5
Rabbit A5 is Hungry
Rabbit B1m is running away from: LionA5
Rabbit B1 is Hungry
Rabbit B1 m is ready to mate
Rabbit B1 m is approaching partner: Rabbit B1f
Rabbit B4 is Thirsty
Rabbit B4 drank water
Rabbit B4f is running away from: LionA5
Rabbit B4 is Hungry
Rabbit B4f ate
Rabbit C5 is Thirsty
Rabbit C5 drank water
Rabbit C5m is running away from: LionA5
Rabbit C5 is Hungry
Rabbit C5 m is ready to mate
Rabbit C5 m is approaching partner: Rabbit B1f
Rabbit A3m is running away from: LionA5
Rabbit A3 is Hungry
Rabbit A3 m is ready to mate
Rabbit A3 m is approaching partner: Rabbit B1f
Rabbit B5m is running away from: LionA5
Rabbit B5 is Hungry
Rabbit B2f is running away from: LionA5
Rabbit B2 is Hungry
Rabbit B2f ate
Rabbit B2m is running away from: LionA5
Rabbit B2 is Hungry
Lion A5 is Hungry
LionA5fis chasing: B2m
Lion A5 f is ready to mate
Lion B3 is Hungry
LionB3mis chasing: B2m
Lion B3 m is ready to mate
Rabbit A5f is running away from: LionA5
Rabbit A5 is Hungry
RabbitA5f died of hunger
Rabbit C3 is Thirsty
Rabbit C3 drank water
Rabbit C3m is running away from: LionA5
Rabbit C3 is Hungry
Rabbit C3m ate
Rabbit C3 m is ready to mate
Rabbit C3 m is approaching partner: Rabbit B1f
Rabbit C0 is Thirsty
Rabbit C0 drank water
Rabbit C0m is running away from: LionA5
Rabbit C0 is Hungry
Rabbit C0m ate
Rabbit C0 m is ready to mate
Rabbit C0 m is approaching partner: Rabbit B1f
Rabbit B1f is running away from: LionA5
Rabbit B1 is Hungry
Rabbit B1f ate
Rabbit B1 f is ready to mate
Rabbit B2 is Thirsty
Rabbit B2 drank water
Rabbit B2m is running away from: LionB3
Rabbit B2 is Hungry
Rabbit B2m ate
Rabbit B2 m is ready to mate
Rabbit B2 m is approaching partner: Rabbit B1f
Rabbit A5 is Thirsty
Rabbit A5 drank water
Rabbit A5f is running away from: LionA5
Rabbit A5 is Hungry
Rabbit A5 f is ready to mate
Rabbit B1m is running away from: LionA5
Rabbit B1 is Hungry
Rabbit B1m ate
Rabbit B1 m is ready to mate
Rabbit B1 m is approaching partner: Rabbit A5f
Rabbit B4f is running away from: LionA5
Rabbit B4 is Hungry
Rabbit B4f ate
Rabbit C5 is Thirsty
Rabbit C5 drank water
Rabbit C5m is running away from: LionA5
Rabbit C5 is Hungry
Rabbit C5m ate
Rabbit C5 m is ready to mate
Rabbit C5 m is approaching partner: Rabbit A5f
Rabbit A3m is running away from: LionA5
Rabbit A3 is Hungry
Rabbit A3 m is ready to mate
Rabbit A3 m is approaching partner: Rabbit A5f
Rabbit B5m is running away from: LionA5
Rabbit B5 is Hungry
RabbitB5m died of hunger
Rabbit B5 m is ready to mate
Rabbit B5 m is approaching partner: Rabbit A5f
Rabbit B2f is running away from: LionA5
Rabbit B2 is Hungry
Rabbit B2f ate
Rabbit B2m is running away from: LionA5
Rabbit B2 is Hungry
Lion A5 is Hungry
LionA5fis chasing: B2m
Lion A5 f is ready to mate
Lion B3 is Hungry
LionB3mis chasing: B2m
Lion B3 m is ready to mate
Rabbit C3 is Thirsty
Rabbit C3 drank water
Rabbit C3m is running away from: LionA5
Rabbit C3 is Hungry
Rabbit C3m ate
Rabbit C3 m is ready to mate
Rabbit C3 m is approaching partner: Rabbit B1f
Rabbit C0 is Thirsty
Rabbit C0 drank water
Rabbit C0m is running away from: LionA5
Rabbit C0 is Hungry
Rabbit C0m ate
Rabbit C0 m is ready to mate
Rabbit C0 m is approaching partner: Rabbit B1f
Rabbit B1f is running away from: LionA5
Rabbit B1 is Hungry
Rabbit B1 f is ready to mate
Rabbit B2 is Thirsty
Rabbit B2 drank water
Rabbit B2m is running away from: LionB3
Rabbit B2 is Hungry
Rabbit B2 m is ready to mate
Rabbit B2 m is approaching partner: Rabbit B1f
Rabbit A5 is Thirsty
Rabbit A5 drank water
Rabbit A5f is running away from: LionA5
Rabbit A5 is Hungry
Rabbit A5 f is ready to mate
Rabbit B1m is running away from: LionA5
Rabbit B1 is Hungry
Rabbit B1 m is ready to mate
Rabbit B1 m is approaching partner: Rabbit A5f
Rabbit B4f is running away from: LionA5
Rabbit B4 is Hungry
Rabbit C5 is Thirsty
Rabbit C5 drank water
Rabbit C5m is running away from: LionA5
Rabbit C5 is Hungry
Rabbit C5m ate
Rabbit C5 m is ready to mate
Rabbit C5 m is approaching partner: Rabbit A5f
Rabbit A3m is running away from: LionA5
Rabbit A3 is Hungry
Rabbit A3 m is ready to mate
Rabbit A3 m is approaching partner: Rabbit A5f
Rabbit B2f is running away from: LionA5
Rabbit B2 is Hungry
Rabbit B2f ate
Rabbit B2m is running away from: LionA5
Rabbit B2 is Hungry
Lion A5 is Hungry
LionA5fis chasing: B2m
Lion A5 f is ready to mate
Lion B3 is Hungry
LionB3m died of hunger
LionB3mis chasing: B2m
Lion B3 m is ready to mate
Rabbit C3 is Thirsty
Rabbit C3 drank water
Rabbit C3m is running away from: LionA5
Rabbit C3 is Hungry
Rabbit C3m ate
Rabbit C3 m is ready to mate
Rabbit C3 m is approaching partner: Rabbit B1f
Rabbit C0 is Thirsty
Rabbit C0 drank water
Rabbit C0m is running away from: LionA5
Rabbit C0 is Hungry
Rabbit C0m ate
Rabbit C0 m is ready to mate
Rabbit C0 m is approaching partner: Rabbit B1f
Rabbit B1f is running away from: LionA5
Rabbit B1 is Hungry
Rabbit B1f ate
Rabbit B1 f is ready to mate
Rabbit B2 is Thirsty
Rabbit B2 drank water
Rabbit B2m is running away from: LionA5
Rabbit B2 is Hungry
Rabbit B2 m is ready to mate
Rabbit B2 m is approaching partner: Rabbit B1f
Rabbit A5 is Thirsty
Rabbit A5 drank water
Rabbit A5f is running away from: LionA5
Rabbit A5 is Hungry
RabbitA5f died of hunger
Rabbit A5 f is ready to mate
Rabbit B1m is running away from: LionA5
Rabbit B1 is Hungry
Rabbit B1 m is ready to mate
Rabbit B1 m is approaching partner: Rabbit B1f
Rabbit B4f is running away from: LionA5
Rabbit B4 is Hungry
Rabbit B4f ate
Rabbit B4 f is ready to mate
Rabbit C5 is Thirsty
Rabbit C5 drank water
Rabbit C5m is running away from: LionA5
Rabbit C5 is Hungry
Rabbit C5m ate
Rabbit C5 m is ready to mate
Rabbit C5 m is approaching partner: Rabbit B4f
Rabbit A3 is Thirsty
Rabbit A3 drank water
Rabbit A3m is running away from: LionA5
Rabbit A3 is Hungry
RabbitA3m died of hunger
Rabbit A3m ate
Rabbit A3 m is ready to mate
Rabbit A3 m is approaching partner: Rabbit B4f
Rabbit B2f is running away from: LionA5
Rabbit B2 is Hungry
Rabbit B2 f is ready to mate
Rabbit B2m is running away from: LionA5
Rabbit B2 is Hungry
RabbitB2m died of hunger
Rabbit B2 m is ready to mate
Rabbit B2 m is approaching partner: Rabbit B4f
Lion A5f ate: B2m
Lion A5 f is ready to mate
Rabbit C3 is Thirsty
Rabbit C3 drank water
Rabbit C3m is running away from: LionA5
Rabbit C3 is Hungry
Rabbit C3m ate
Rabbit C3 m is ready to mate
Rabbit C3 m is approaching partner: Rabbit B1f
Rabbit C0 is Thirsty
Rabbit C0 drank water
Rabbit C0m is running away from: LionA5
Rabbit C0 is Hungry
Rabbit C0m ate
Rabbit C0 m is ready to mate
Rabbit C0 m is approaching partner: Rabbit B2f
Rabbit B1f is running away from: LionA5
Rabbit B1 is Hungry
Rabbit B1 f is ready to mate
Rabbit B1 is Thirsty
Rabbit B1 drank water
Rabbit B1m is running away from: LionA5
Rabbit B1 is Hungry
Rabbit B1 m is ready to mate
Rabbit B1 m is approaching partner: Rabbit B2f
Rabbit B4f is running away from: LionA5
Rabbit B4 is Hungry
Rabbit B4 f is ready to mate
Rabbit C5 is Thirsty
Rabbit C5 drank water
Rabbit C5m is running away from: LionA5
Rabbit C5 is Hungry
Rabbit C5m ate
Rabbit C5 m is ready to mate
Rabbit C5 m is approaching partner: Rabbit B2f
Rabbit B4 m was born!Father is C5 and Mother is B2
Rabbit B2f is running away from: LionA5
Rabbit B2 is Hungry
Lion A5 f is ready to mate
Rabbit C3m is running away from: LionA5
Rabbit C3 is Hungry
Rabbit C3m ate
Rabbit C3 m is ready to mate
Rabbit C3 m is approaching partner: Rabbit B1f
Rabbit C3 f was born!Father is C3 and Mother is B1
Rabbit C0 is Thirsty
Rabbit C0 drank water
Rabbit C0m is running away from: LionA5
Rabbit C0 is Hungry
Rabbit C0 m is ready to mate
Rabbit C0 m is approaching partner: Rabbit B4f
Rabbit B1 is Thirsty
Rabbit B1 drank water
Rabbit B1f is running away from: LionA5
Rabbit B1 is Hungry
Rabbit B1f ate
Rabbit B1 is Thirsty
Rabbit B1 drank water
Rabbit B1m is running away from: LionA5
Rabbit B1 is Hungry
RabbitB1m died of hunger
Rabbit B1 m is ready to mate
Rabbit B1 m is approaching partner: Rabbit B4f
Rabbit B2 m was born!Father is B1 and Mother is B4
Rabbit B4f is running away from: LionA5
Rabbit B4 is Hungry
Rabbit C5 is Thirsty
Rabbit C5 drank water
Rabbit C5m is running away from: LionA5
Rabbit C5 is Hungry
Rabbit C5 m is ready to mate
Not enough female Rabbits or Female Rabbit partners are not ready yet!
Rabbit B2f is running away from: LionA5
Rabbit B2 is Hungry
Rabbit B4m is running away from: LionA5
Rabbit B4 is Hungry
Lion A5 f is ready to mate
Rabbit C3m is running away from: LionA5
Rabbit C3 is Hungry
Rabbit C3m ate
Rabbit C3 m is ready to mate
Not enough female Rabbits or Female Rabbit partners are not ready yet!
Rabbit C0 is Thirsty
Rabbit C0 drank water
Rabbit C0m is running away from: LionA5
Rabbit C0 is Hungry
Rabbit C0m ate
Rabbit C0 m is ready to mate
Not enough female Rabbits or Female Rabbit partners are not ready yet!
Rabbit B1 is Thirsty
Rabbit B1 drank water
Rabbit B1f is running away from: LionA5
Rabbit B1 is Hungry
Rabbit B4f is running away from: LionA5
Rabbit B4 is Hungry
Rabbit C5 is Thirsty
Rabbit C5 drank water
Rabbit C5m is running away from: LionA5
Rabbit C5 is Hungry
Rabbit C5 m is ready to mate
Not enough female Rabbits or Female Rabbit partners are not ready yet!
Rabbit B2 is Thirsty
Rabbit B2 drank water
Rabbit B2f is running away from: LionA5
Rabbit B2 is Hungry
RabbitB2f died of hunger
Rabbit B4m is running away from: LionA5
Rabbit B4 is Hungry
Rabbit C3f is running away from: LionA5
Rabbit C3 is Hungry
Rabbit C3f ate
Rabbit B2m is running away from: LionA5
Rabbit B2 is Hungry
Lion A5 is Hungry
LionA5fis chasing: C0m
Lion A5 f is ready to mate
Rabbit C3m is running away from: LionA5
Rabbit C3 is Hungry
Rabbit C3 m is ready to mate
Not enough female Rabbits or Female Rabbit partners are not ready yet!
Rabbit C0 is Thirsty
Rabbit C0 drank water
Rabbit C0m is running away from: LionA5
Rabbit C0 is Hungry
Rabbit C0 m is ready to mate
Not enough female Rabbits or Female Rabbit partners are not ready yet!
Rabbit B1 is Thirsty
Rabbit B1 drank water
Rabbit B1f is running away from: LionA5
Rabbit B1 is Hungry
Rabbit B4 is Thirsty
Rabbit B4 drank water
Rabbit B4f is running away from: LionA5
Rabbit B4 is Hungry
RabbitB4f died of hunger
Rabbit C5 is Thirsty
Rabbit C5 drank water
Rabbit C5m is running away from: LionA5
Rabbit C5 is Hungry
Rabbit C5 m is ready to mate
Not enough female Rabbits or Female Rabbit partners are not ready yet!
Rabbit B4m is running away from: LionA5
Rabbit B4 is Hungry
Rabbit C3f is running away from: LionA5
Rabbit C3 is Hungry
Rabbit C3f ate
Rabbit B2m is running away from: LionA5
Rabbit B2 is Hungry
Lion A5 is Thirsty
Lion A5 drank water
Lion A5 is Hungry
LionA5fis chasing: C0m
Lion A5 f is ready to mate
Rabbit C3m is running away from: LionA5
Rabbit C3 is Hungry
Rabbit C3 m is ready to mate
Not enough female Rabbits or Female Rabbit partners are not ready yet!
Rabbit C0 is Thirsty
Rabbit C0 drank water
Rabbit C0m is running away from: LionA5
Rabbit C0 is Hungry
Rabbit C0 m is ready to mate
Not enough female Rabbits or Female Rabbit partners are not ready yet!
Rabbit B1 is Thirsty
Rabbit B1 drank water
Rabbit B1f is running away from: LionA5
Rabbit B1 is Hungry
Rabbit C5 is Thirsty
Rabbit C5 drank water
Rabbit C5m is running away from: LionA5
Rabbit C5 is Hungry
RabbitC5m died of hunger
Rabbit C5 m is ready to mate
Not enough female Rabbits or Female Rabbit partners are not ready yet!
Rabbit B4m is running away from: LionA5
Rabbit B4 is Hungry
RabbitB4m died of hunger
Rabbit C3f is running away from: LionA5
Rabbit C3 is Hungry
Rabbit C3f ate
Rabbit B2m is running away from: LionA5
Rabbit B2 is Hungry
Lion A5 is Thirsty
Lion A5 drank water
Lion A5 is Hungry
LionA5fis chasing: C0m
Lion A5 f is ready to mate
Rabbit C3m is running away from: LionA5
Rabbit C3 is Hungry
Rabbit C3m ate
Rabbit C3 m is ready to mate
Not enough female Rabbits or Female Rabbit partners are not ready yet!
Rabbit C0 is Thirsty
Rabbit C0 drank water
Rabbit C0m is running away from: LionA5
Rabbit C0 is Hungry
Rabbit C0m ate
Rabbit C0 m is ready to mate
Not enough female Rabbits or Female Rabbit partners are not ready yet!
Rabbit B1 is Thirsty
Rabbit B1 drank water
Rabbit B1f is running away from: LionA5
Rabbit B1 is Hungry
RabbitB1f died of hunger
Rabbit C3f is running away from: LionA5
Rabbit C3 is Hungry
Rabbit B2m is running away from: LionA5
Rabbit B2 is Hungry
RabbitB2m died of hunger
Lion A5 is Thirsty
Lion A5 drank water
Lion A5 is Hungry
LionA5fis chasing: C0m
Lion A5 f is ready to mate
Rabbit C3m is running away from: LionA5
Rabbit C3 is Hungry
Rabbit C3 m is ready to mate
Not enough female Rabbits or Female Rabbit partners are not ready yet!
Rabbit C0 is Thirsty
Rabbit C0 drank water
Rabbit C0m is running away from: LionA5
Rabbit C0 is Hungry
Rabbit C0 m is ready to mate
Not enough female Rabbits or Female Rabbit partners are not ready yet!
Rabbit C3f is running away from: LionA5
Rabbit C3 is Hungry
Lion A5 is Thirsty
Lion A5 drank water
Lion A5 is Hungry
LionA5fis chasing: C0m
Lion A5 f is ready to mate
Rabbit C3 is Thirsty
Rabbit C3 drank water
Rabbit C3m is running away from: LionA5
Rabbit C3 is Hungry
Rabbit C3 m is ready to mate
Not enough female Rabbits or Female Rabbit partners are not ready yet!
Rabbit C0 is Thirsty
Rabbit C0 drank water
Rabbit C0m is running away from: LionA5
Rabbit C0 is Hungry
Rabbit C0 m is ready to mate
Not enough female Rabbits or Female Rabbit partners are not ready yet!
Rabbit C3f is running away from: LionA5
Rabbit C3 is Hungry
Rabbit C3 f is ready to mate
Lion A5 is Thirsty
Lion A5 drank water
Lion A5 is Hungry
LionA5fis chasing: C0m
Lion A5 f is ready to mate
Rabbit C3 is Thirsty
Rabbit C3 drank water
Rabbit C3m is running away from: LionA5
Rabbit C3 is Hungry
Rabbit C3 m is ready to mate
Rabbit C3 m is approaching partner: Rabbit C3f
Rabbit C0 is Thirsty
Rabbit C0 drank water
Rabbit C0m is running away from: LionA5
Rabbit C0 is Hungry
Rabbit C0 m is ready to mate
Rabbit C0 m is approaching partner: Rabbit C3f
Rabbit C3 is Thirsty
Rabbit C3 drank water
Rabbit C3f is running away from: LionA5
Rabbit C3 is Hungry
RabbitC3f died of hunger
Rabbit C3 f is ready to mate
Lion A5 is Thirsty
Lion A5 drank water
Lion A5 is Hungry
LionA5fis chasing: C0m
Lion A5 f is ready to mate
Rabbit C3 is Thirsty
Rabbit C3 drank water
Rabbit C3m is running away from: LionA5
Rabbit C3 is Hungry
RabbitC3m died of hunger
Rabbit C3 m is ready to mate
Not enough female Rabbits or Female Rabbit partners are not ready yet!
Rabbit C0 is Thirsty
Rabbit C0 drank water
Rabbit C0m is running away from: LionA5
Rabbit C0 is Hungry
RabbitC0m died of hunger
Rabbit C0m ate
Rabbit C0 m is ready to mate
Not enough female Rabbits or Female Rabbit partners are not ready yet!
Lion A5 is Thirsty
Lion A5 drank water
Lion A5 is Hungry
LionA5f died of hunger
