Rabbit A4 f is ready to mate
Rabbit A4 f is ready to mate
Rabbit A2 f is ready to mate
Rabbit C4 m is ready to mate
Rabbit C4 m is approaching partner: Rabbit A4f
Rabbit B2 m is ready to mate
Rabbit B2 m is approaching partner: Rabbit A4f
Rabbit A5 f is ready to mate
Rabbit B0 m is ready to mate
Rabbit B0 m is approaching partner: Rabbit A4f
Rabbit A0 f is ready to mate
Rabbit B4m is running away from: LionC2
Rabbit B4 m is ready to mate
Rabbit B4 m is approaching partner: Rabbit A4f
Rabbit B5 m is ready to mate
Rabbit B5 m is approaching partner: Rabbit A4f
Rabbit A4 f is ready to mate
Rabbit A3 m is ready to mate
Rabbit A3 m is approaching partner: Rabbit A2f
Rabbit B2f is running away from: LionC2
Rabbit B2 f is ready to mate
Rabbit B1m is running away from: LionC2
Rabbit B1 m is ready to mate
Rabbit B1 m is approaching partner: Rabbit B2f
Rabbit C1 f is ready to mate
Rabbit A4 f is ready to mate
Rabbit A4 f is ready to mate
Rabbit A2 f is ready to mate
Rabbit C4 m is ready to mate
Rabbit C4 m is approaching partner: Rabbit A4f
Rabbit B2 m is ready to mate
Rabbit B2 m is approaching partner: Rabbit A4f
Rabbit C5 m was born!Father is B2 and Mother is A4
Rabbit A5 f is ready to mate
Rabbit B0 m is ready to mate
Rabbit B0 m is approaching partner: Rabbit A4f
Rabbit A0 f is ready to mate
Rabbit B4 m is ready to mate
Rabbit B4 m is approaching partner: Rabbit B2f
Rabbit B5 m is ready to mate
Rabbit B5 m is approaching partner: Rabbit A4f
Rabbit A3 m is ready to mate
Rabbit A3 m is approaching partner: Rabbit A2f
Rabbit B2 f is ready to mate
Rabbit B1m is running away from: LionC2
Rabbit B1 m is ready to mate
Rabbit B1 m is approaching partner: Rabbit B2f
Rabbit C1 f is ready to mate
Rabbit A4 is Hungry
Rabbit A4 f is ready to mate
Rabbit A4 is Hungry
Rabbit A4 f is ready to mate
Rabbit A2 is Hungry
Rabbit A2 f is ready to mate
Rabbit C4 is Hungry
Rabbit C4 m is ready to mate
Rabbit C4 m is approaching partner: Rabbit A4f
Rabbit B2 is Hungry
Rabbit B2 m is ready to mate
Rabbit B2 m is approaching partner: Rabbit A4f
Rabbit A5 is Hungry
Rabbit A5 f is ready to mate
Rabbit B0 is Hungry
Rabbit B0 m is ready to mate
Rabbit B0 m is approaching partner: Rabbit A4f
Rabbit A0 is Hungry
Rabbit A0 f is ready to mate
Rabbit B4m is running away from: LionC2
Rabbit B4 is Hungry
Rabbit B4 m is ready to mate
Rabbit B4 m is approaching partner: Rabbit B2f
Rabbit B5 is Hungry
Rabbit B5 m is ready to mate
Rabbit B5 m is approaching partner: Rabbit A4f
Rabbit A4 is Hungry
Rabbit A3 is Hungry
Rabbit A3 m is ready to mate
Rabbit A3 m is approaching partner: Rabbit A2f
Rabbit B2 is Hungry
Rabbit B2 f is ready to mate
Rabbit B1m is running away from: LionC2
Rabbit B1 is Hungry
Rabbit B1 m is ready to mate
Rabbit B1 m is approaching partner: Rabbit B2f
Rabbit C1 is Hungry
Rabbit C1 f is ready to mate
Rabbit A4 is Hungry
Rabbit A4 f is ready to mate
Rabbit A4 is Hungry
Rabbit A4 f is ready to mate
Rabbit A2 is Hungry
Rabbit A2 f is ready to mate
Rabbit C4 is Hungry
Rabbit C4 m is ready to mate
Rabbit C4 m is approaching partner: Rabbit A4f
Rabbit B2 is Hungry
Rabbit B2 m is ready to mate
Rabbit B2 m is approaching partner: Rabbit A4f
Rabbit A5 is Hungry
Rabbit A5 f is ready to mate
Rabbit B0 is Hungry
Rabbit B0 m is ready to mate
Rabbit B0 m is approaching partner: Rabbit A4f
Rabbit A0 is Hungry
Rabbit A0 f is ready to mate
Rabbit B4 is Hungry
Rabbit B4 m is ready to mate
Rabbit B4 m is approaching partner: Rabbit B2f
Rabbit A5 m was born!Father is B4 and Mother is B2
Rabbit B5 is Hungry
Rabbit B5 m is ready to mate
Rabbit B5 m is approaching partner: Rabbit A4f
Rabbit A4 is Hungry
Rabbit A3 is Hungry
Rabbit A3 m is ready to mate
Rabbit A3 m is approaching partner: Rabbit A2f
Rabbit B2 is Hungry
Rabbit B1 is Hungry
Rabbit B1 m is ready to mate
Rabbit B1 m is approaching partner: Rabbit A4f
Rabbit C1 is Hungry
Rabbit C1 f is ready to mate
Lion C2m ate: B2f
Rabbit A4 is Hungry
Rabbit A4 f is ready to mate
Rabbit A4 is Hungry
Rabbit A4 f is ready to mate
Rabbit A2 is Hungry
Rabbit A2 f is ready to mate
Rabbit C4 is Hungry
Rabbit C4 m is ready to mate
Rabbit C4 m is approaching partner: Rabbit A4f
Rabbit B2 is Hungry
Rabbit B2 m is ready to mate
Rabbit B2 m is approaching partner: Rabbit A4f
Rabbit A5 is Hungry
Rabbit A5 f is ready to mate
Rabbit B0 is Hungry
Rabbit B0 m is ready to mate
Rabbit B0 m is approaching partner: Rabbit A4f
Rabbit A0 is Hungry
Rabbit A0 f is ready to mate
Rabbit B4 is Hungry
Rabbit B4 m is ready to mate
Rabbit B4 m is approaching partner: Rabbit A4f
Rabbit B5 is Hungry
Rabbit B5 m is ready to mate
Rabbit B5 m is approaching partner: Rabbit A4f
Rabbit A4 is Hungry
Rabbit A3 is Hungry
Rabbit A3 m is ready to mate
Rabbit A3 m is approaching partner: Rabbit A2f
Rabbit B2 is Hungry
Rabbit B1 is Hungry
Rabbit B1 m is ready to mate
Rabbit B1 m is approaching partner: Rabbit A4f
Rabbit C1 is Hungry
Rabbit C1 f is ready to mate
Rabbit C5m is running away from: LionA4
Rabbit C5 is Hungry
Rabbit A4f is running away from: WolfB1
Rabbit A4 is Hungry
Rabbit A4 f is ready to mate
Rabbit A4 is Hungry
Rabbit A4 f is ready to mate
Rabbit A2 is Hungry
Rabbit A2 f is ready to mate
Rabbit C4 is Hungry
Rabbit C4 m is ready to mate
Rabbit C4 m is approaching partner: Rabbit A4f
Rabbit B2 is Hungry
Rabbit B2 m is ready to mate
Rabbit B2 m is approaching partner: Rabbit A4f
Rabbit A5 is Hungry
Rabbit A5 f is ready to mate
Rabbit B0 is Hungry
Rabbit B0 m is ready to mate
Rabbit B0 m is approaching partner: Rabbit A4f
Rabbit A0 is Hungry
Rabbit A0 f is ready to mate
Rabbit B4m is running away from: LionC2
Rabbit B4 is Hungry
Rabbit B4 m is ready to mate
Rabbit B4 m is approaching partner: Rabbit A4f
Rabbit B5 is Hungry
Rabbit B5 m is ready to mate
Rabbit B5 m is approaching partner: Rabbit A4f
Rabbit A4 is Hungry
Rabbit A4 f is ready to mate
Rabbit A3 is Hungry
Rabbit A3 m is ready to mate
Rabbit A3 m is approaching partner: Rabbit A2f
Rabbit B2f is running away from: LionC2
Rabbit B2 is Hungry
Rabbit B1 is Hungry
Rabbit B1 m is ready to mate
Rabbit B1 m is approaching partner: Rabbit A4f
Rabbit C1 is Hungry
Rabbit C1 f is ready to mate
Rabbit C5 is Hungry
Rabbit C5 m is ready to mate
Rabbit C5 m is approaching partner: Rabbit A4f
Rabbit A4f is running away from: WolfB1
Rabbit A4 is Hungry
Rabbit A4 f is ready to mate
Rabbit A4 is Hungry
Rabbit A4 f is ready to mate
Rabbit A2 is Hungry
Rabbit A2 f is ready to mate
Rabbit C4 is Hungry
Rabbit C4 m is ready to mate
Rabbit C4 m is approaching partner: Rabbit A4f
Rabbit B2 is Hungry
Rabbit B2 m is ready to mate
Rabbit B2 m is approaching partner: Rabbit A4f
Rabbit A5 is Hungry
Rabbit A5 f is ready to mate
Rabbit B0m is running away from: WolfB1
Rabbit B0 is Hungry
Rabbit B0 m is ready to mate
Rabbit B0 m is approaching partner: Rabbit A4f
Rabbit A0 is Hungry
Rabbit A0 f is ready to mate
Rabbit B4 is Hungry
Rabbit B4 m is ready to mate
Rabbit B4 m is approaching partner: Rabbit A4f
Rabbit B5 is Hungry
Rabbit B5 m is ready to mate
Rabbit B5 m is approaching partner: Rabbit A4f
Rabbit A4 is Hungry
Rabbit A4 f is ready to mate
Rabbit A3 is Hungry
Rabbit A3 m is ready to mate
Rabbit A3 m is approaching partner: Rabbit A2f
Rabbit B2f is running away from: LionC2
Rabbit B2 is Hungry
Rabbit B1 is Hungry
Rabbit B1 m is ready to mate
Rabbit B1 m is approaching partner: Rabbit A4f
Rabbit C1 is Hungry
Rabbit C1 f is ready to mate
Rabbit C5 is Hungry
Rabbit C5 m is ready to mate
Rabbit C5 m is approaching partner: Rabbit A4f
Rabbit A5 is Hungry
Wolf A2 m is ready to mate
Wolf B1 m is ready to mate
Wolf C3 f is ready to mate
Wolf B5 f is ready to mate
Rabbit A4f is running away from: WolfB1
Rabbit A4 is Hungry
Rabbit A4 f is ready to mate
Rabbit A4 is Hungry
Rabbit A4 f is ready to mate
Rabbit A2 is Hungry
Rabbit A2 f is ready to mate
Rabbit C4 is Hungry
Rabbit C4 m is ready to mate
Rabbit C4 m is approaching partner: Rabbit A4f
Rabbit B2 is Hungry
Rabbit B2 m is ready to mate
Rabbit B2 m is approaching partner: Rabbit A4f
Rabbit A5 is Hungry
Rabbit A5 f is ready to mate
Rabbit B0m is running away from: WolfB1
Rabbit B0 is Hungry
Rabbit B0 m is ready to mate
Rabbit B0 m is approaching partner: Rabbit A4f
Rabbit A0 is Hungry
Rabbit A0 f is ready to mate
Rabbit B4 is Hungry
Rabbit B4 m is ready to mate
Rabbit B4 m is approaching partner: Rabbit A4f
Rabbit B5 is Hungry
Rabbit B5 m is ready to mate
Rabbit B5 m is approaching partner: Rabbit A4f
Rabbit A4 is Hungry
Rabbit A4 f is ready to mate
Rabbit A3 is Hungry
Rabbit A3 m is ready to mate
Rabbit A3 m is approaching partner: Rabbit A2f
Rabbit B2f is running away from: LionC2
Rabbit B2 is Hungry
Rabbit B1 is Hungry
Rabbit B1 m is ready to mate
Rabbit B1 m is approaching partner: Rabbit A4f
Rabbit C1 is Hungry
Rabbit C1 f is ready to mate
Rabbit C5 is Hungry
Rabbit C5 m is ready to mate
Rabbit C5 m is approaching partner: Rabbit A4f
Rabbit A5 is Hungry
Lion C2m ate: B2f
Wolf A2 m is ready to mate
Wolf B1m ate!
Wolf B1 m is ready to mate
Wolf B2 f was born! Father is B1 and Mother is B5
Wolf C3 f is ready to mate
Rabbit A4 is Hungry
Rabbit A4 f is ready to mate
Rabbit A4f is running away from: LionB3
Rabbit A4 is Hungry
Rabbit A4 f is ready to mate
Rabbit A2 is Hungry
Rabbit A2 f is ready to mate
Rabbit C4 is Hungry
Rabbit C4 m is ready to mate
Rabbit C4 m is approaching partner: Rabbit A4f
Rabbit B2 is Hungry
Rabbit B2 m is ready to mate
Rabbit B2 m is approaching partner: Rabbit A4f
Rabbit A5 is Hungry
Rabbit A5 f is ready to mate
Rabbit A0 is Hungry
Rabbit A0 f is ready to mate
Rabbit B4 is Hungry
Rabbit B4 m is ready to mate
Rabbit B4 m is approaching partner: Rabbit A4f
Rabbit B5 is Hungry
Rabbit B5 m is ready to mate
Rabbit B5 m is approaching partner: Rabbit A4f
Rabbit A4 is Hungry
Rabbit A4 f is ready to mate
Rabbit A3 is Hungry
Rabbit A3 m is ready to mate
Rabbit A3 m is approaching partner: Rabbit A5f
Rabbit B2f is running away from: LionC2
Rabbit B2 is Hungry
Rabbit B2 f is ready to mate
Rabbit B1 is Hungry
Rabbit B1 m is ready to mate
Rabbit B1 m is approaching partner: Rabbit A4f
Rabbit C1 is Hungry
Rabbit C1 f is ready to mate
Rabbit C5 is Hungry
Rabbit C5 m is ready to mate
Rabbit C5 m is approaching partner: Rabbit A4f
Rabbit A5 is Hungry
Rabbit A5 m is ready to mate
Rabbit A5 m is approaching partner: Rabbit B2f
Wolf A2 is Thirsty
Wolf A2drank water
Wolf A2 m is ready to mate
Wolf B1 is Thirsty
Wolf B1drank water
Wolf B1 m is ready to mate
Wolf C3 is Thirsty
Wolf C3drank water
Wolf C3 f is ready to mate
Wolf B5 is Thirsty
Wolf B5drank water
Rabbit A4 is Hungry
Rabbit A4 f is ready to mate
Rabbit A4f is running away from: LionB3
Rabbit A4 is Hungry
Rabbit A4 f is ready to mate
Rabbit A2 is Hungry
Rabbit A2 f is ready to mate
Rabbit C4 is Hungry
Rabbit C4 m is ready to mate
Rabbit C4 m is approaching partner: Rabbit C1f
Rabbit B2 is Hungry
Rabbit B2 m is ready to mate
Rabbit B2 m is approaching partner: Rabbit A4f
Rabbit A5 is Hungry
Rabbit A5 f is ready to mate
Rabbit A0 is Hungry
Rabbit A0 f is ready to mate
Rabbit B4 is Hungry
Rabbit B4 m is ready to mate
Rabbit B4 m is approaching partner: Rabbit A4f
Rabbit B5m is running away from: WolfB1
Rabbit B5 is Hungry
Rabbit B5 m is ready to mate
Rabbit B5 m is approaching partner: Rabbit C1f
Rabbit C4 m was born!Father is B5 and Mother is C1
Rabbit A4 is Hungry
Rabbit A4 f is ready to mate
Rabbit A3 is Hungry
Rabbit A3 m is ready to mate
Rabbit A3 m is approaching partner: Rabbit A0f
Rabbit C0 m was born!Father is A3 and Mother is A0
Rabbit B2 is Hungry
Rabbit B2 f is ready to mate
Rabbit B1 is Hungry
Rabbit B1 m is ready to mate
Rabbit B1 m is approaching partner: Rabbit A4f
Rabbit A2 f was born!Father is B1 and Mother is A4
Rabbit C1 is Hungry
Rabbit C5 is Hungry
Rabbit C5 m is ready to mate
Rabbit C5 m is approaching partner: Rabbit A4f
Rabbit A5 is Hungry
Rabbit A5 m is ready to mate
Rabbit A5 m is approaching partner: Rabbit B2f
Wolf A2 is Thirsty
Wolf A2drank water
Wolf A2 m is ready to mate
Wolf B1 is Thirsty
Wolf B1drank water
Wolf B1 m is ready to mate
Wolf C3 is Thirsty
Wolf C3drank water
Wolf C3 f is ready to mate
Wolf B5 is Thirsty
Wolf B5drank water
Rabbit A4 is Hungry
Rabbit A4f is running away from: LionB3
Rabbit A4 is Hungry
Rabbit A4 f is ready to mate
Rabbit A2 is Hungry
Rabbit A2 f is ready to mate
Rabbit C4m is running away from: WolfB1
Rabbit C4 is Hungry
Rabbit C4 m is ready to mate
Rabbit C4 m is approaching partner: Rabbit A5f
Rabbit B2 is Hungry
Rabbit B2 m is ready to mate
Rabbit B2 m is approaching partner: Rabbit A4f
Rabbit A5 is Hungry
Rabbit A5 f is ready to mate
Rabbit A0 is Hungry
Rabbit B4 is Hungry
Rabbit B4 m is ready to mate
Rabbit B4 m is approaching partner: Rabbit B2f
Rabbit B5 is Hungry
Rabbit B5 m is ready to mate
Rabbit B5 m is approaching partner: Rabbit A5f
Rabbit A4 is Hungry
Rabbit A4 f is ready to mate
Rabbit A3 is Hungry
Rabbit A3 m is ready to mate
Rabbit A3 m is approaching partner: Rabbit A2f
Rabbit B2f is running away from: LionC2
Rabbit B2 is Hungry
Rabbit B2 f is ready to mate
Rabbit B1 is Hungry
Rabbit B1 m is ready to mate
Rabbit B1 m is approaching partner: Rabbit B2f
Rabbit C1f is running away from: WolfB1
Rabbit C1 is Hungry
Rabbit C5 is Hungry
Rabbit C5 m is ready to mate
Rabbit C5 m is approaching partner: Rabbit A4f
Rabbit A5 is Hungry
Rabbit A5 m is ready to mate
Rabbit A5 m is approaching partner: Rabbit B2f
Rabbit A2f is running away from: WolfB2
Lion B3m ate: A4f
Wolf A2 m is ready to mate
Wolf B1 is Thirsty
Wolf B1drank water
Wolf B1 m is ready to mate
Wolf C3 f is ready to mate
Wolf B5 is Thirsty
Wolf B5drank water
Rabbit A4 is Hungry
RabbitA4f died of hunger
Rabbit A4f is running away from: LionB3
Rabbit A4 is Hungry
RabbitA4f died of hunger
Rabbit A4 f is ready to mate
Rabbit A2 is Hungry
RabbitA2f died of hunger
Rabbit A2 f is ready to mate
Rabbit C4m is running away from: WolfB1
Rabbit C4 is Hungry
RabbitC4m died of hunger
Rabbit C4 m is ready to mate
Rabbit C4 m is approaching partner: Rabbit A5f
Rabbit B2 is Hungry
RabbitB2m died of hunger
Rabbit B2 m is ready to mate
Rabbit B2 m is approaching partner: Rabbit A4f
Rabbit C2 m was born!Father is B2 and Mother is A4
Rabbit A5 is Hungry
RabbitA5f died of hunger
Rabbit A5 f is ready to mate
Rabbit A0 is Hungry
RabbitA0f died of hunger
Rabbit B4 is Hungry
RabbitB4m died of hunger
Rabbit B4 m is ready to mate
Rabbit B4 m is approaching partner: Rabbit B2f
Rabbit B5 is Hungry
RabbitB5m died of hunger
Rabbit B5 m is ready to mate
Rabbit B5 m is approaching partner: Rabbit B2f
Rabbit A4f is running away from: LionB3
Rabbit A4 is Hungry
RabbitA4f died of hunger
Rabbit A3 is Hungry
RabbitA3m died of hunger
Rabbit A3 m is ready to mate
Rabbit A3 m is approaching partner: Rabbit B2f
Rabbit B2f is running away from: LionC2
Rabbit B2 is Hungry
RabbitB2f died of hunger
Rabbit B2 f is ready to mate
Rabbit B1 is Hungry
RabbitB1m died of hunger
Rabbit B1 m is ready to mate
Not enough female Rabbits or Female Rabbit partners are not ready yet!
Rabbit C1 is Hungry
RabbitC1f died of hunger
Rabbit C5 is Hungry
Rabbit C5 m is ready to mate
Not enough female Rabbits or Female Rabbit partners are not ready yet!
Rabbit A5 is Hungry
Rabbit A5 m is ready to mate
Not enough female Rabbits or Female Rabbit partners are not ready yet!
Rabbit A2f is running away from: WolfB5
Wolf A2 m is ready to mate
Wolf B1 is Thirsty
Wolf B1drank water
Wolf B1 m is ready to mate
Wolf C3 f is ready to mate
Wolf B5 is Thirsty
Wolf B5drank water
Rabbit C5 is Hungry
Rabbit C5 m is ready to mate
Not enough female Rabbits or Female Rabbit partners are not ready yet!
Rabbit A5 is Hungry
Rabbit A5 m is ready to mate
Not enough female Rabbits or Female Rabbit partners are not ready yet!
Rabbit C4m is running away from: WolfB1
Rabbit C4 is Hungry
Rabbit C0 is Hungry
Rabbit A2 is Hungry
Wolf A2 m is ready to mate
Wolf B1 is Thirsty
Wolf B1drank water
Wolf B1 m is ready to mate
Wolf C3 f is ready to mate
Wolf B5 is Thirsty
Wolf B5drank water
Rabbit C5 is Hungry
RabbitC5m died of hunger
Rabbit C5 m is ready to mate
Not enough female Rabbits or Female Rabbit partners are not ready yet!
Rabbit A5 is Hungry
Rabbit A5 m is ready to mate
Not enough female Rabbits or Female Rabbit partners are not ready yet!
Rabbit C4 is Hungry
Rabbit C0 is Hungry
Rabbit A2 is Hungry
Wolf A2 is Hungry
Wolf A2m is chasing: C2m
Wolf A2 m is ready to mate
Wolf B1 is Thirsty
Wolf B1drank water
Wolf B1 m is ready to mate
Wolf C3 is Hungry
Wolf C3f is chasing: C0m
Wolf C3 f is ready to mate
Wolf B5 is Hungry
Wolf B5f is chasing: A2f
Wolf B5 is Thirsty
Wolf B5drank water
Rabbit A5 is Hungry
Rabbit A5 m is ready to mate
Not enough female Rabbits or Female Rabbit partners are not ready yet!
Rabbit C4 is Hungry
Rabbit C4 m is ready to mate
Not enough female Rabbits or Female Rabbit partners are not ready yet!
Rabbit C0 is Hungry
Rabbit C0 m is ready to mate
Not enough female Rabbits or Female Rabbit partners are not ready yet!
Rabbit A2 is Hungry
Rabbit A2 f is ready to mate
Rabbit C2 is Hungry
Lion A5 is Hungry
LionA5fis chasing: A2m
Lion A4 is Hungry
LionA4fis chasing: A2m
Wolf A2 is Hungry
Wolf A2m is chasing: C2m
Wolf A2m ate!
Wolf A2 m is ready to mate
Wolf B1 is Thirsty
Wolf B1drank water
Wolf B1 m is ready to mate
Wolf C3 is Hungry
Wolf C3f is chasing: C0m
Wolf C3 f is ready to mate
Wolf B5 is Hungry
Wolf B5f is chasing: A2f
Wolf B5 is Thirsty
Wolf B5drank water
Rabbit A5 is Hungry
RabbitA5m died of hunger
Rabbit A5 m is ready to mate
Rabbit A5 m is approaching partner: Rabbit A2f
Rabbit C4 is Hungry
Rabbit C4 m is ready to mate
Rabbit C4 m is approaching partner: Rabbit A2f
Rabbit C0 is Hungry
Rabbit C0 m is ready to mate
Rabbit C0 m is approaching partner: Rabbit A2f
Rabbit A2 is Hungry
Rabbit A2 f is ready to mate
Lion A5 is Hungry
LionA5fis chasing: A2m
Lion A4 is Hungry
LionA4fis chasing: A2m
Wolf A2 m is ready to mate
Wolf B1 is Thirsty
Wolf B1drank water
Wolf B1 m is ready to mate
Wolf C3 is Hungry
Wolf C3f is chasing: C0m
Wolf C3 f is ready to mate
Wolf B5 is Hungry
Wolf B5f is chasing: A2f
Wolf B5 is Thirsty
Wolf B5drank water
Rabbit C4 is Hungry
Rabbit C4 m is ready to mate
Rabbit C4 m is approaching partner: Rabbit A2f
Rabbit C0 is Hungry
Rabbit C0 m is ready to mate
Rabbit C0 m is approaching partner: Rabbit A2f
Rabbit A2 is Hungry
Rabbit A2 f is ready to mate
Lion A5 is Hungry
LionA5fis chasing: A2m
Lion A4 is Hungry
LionA4fis chasing: A2m
Wolf A2m is running away from: LionA5
Wolf A2 m is ready to mate
Wolf B1 is Thirsty
Wolf B1drank water
Wolf B1 m is ready to mate
Wolf C3 is Hungry
Wolf C3f is chasing: C0m
Wolf C3 f is ready to mate
Wolf B5 is Hungry
Wolf B5f is chasing: A2f
Wolf B5 is Thirsty
Wolf B5drank water
Rabbit C4 is Hungry
Rabbit C4 m is ready to mate
Rabbit C4 m is approaching partner: Rabbit A2f
Rabbit C0 is Hungry
Rabbit C0 m is ready to mate
Rabbit C0 m is approaching partner: Rabbit A2f
Rabbit A2 is Hungry
Rabbit A2 f is ready to mate
Lion A5 is Hungry
LionA5fis chasing: A2m
Lion A4 is Hungry
LionA4fis chasing: A2m
Wolf A2m is running away from: LionA5
Wolf A2 m is ready to mate
Wolf B1 is Thirsty
Wolf B1drank water
Wolf B1 m is ready to mate
Wolf C3 is Hungry
Wolf C3f is chasing: C0m
Wolf C3 f is ready to mate
Wolf B5 is Hungry
Wolf B5f is chasing: C4m
Wolf B5 is Thirsty
Wolf B5drank water
Wolf B2 is Thirsty
Wolf B2drank water
Rabbit C4 is Hungry
Rabbit C4 m is ready to mate
Rabbit C4 m is approaching partner: Rabbit A2f
Rabbit C0 is Hungry
Rabbit C0 m is ready to mate
Rabbit C0 m is approaching partner: Rabbit A2f
Rabbit A2 is Hungry
Rabbit A2 f is ready to mate
Lion A5 is Hungry
LionA5fis chasing: A2m
Lion A4 is Hungry
LionA4fis chasing: A2m
Wolf A2 m is ready to mate
Wolf B1 is Thirsty
Wolf B1drank water
Wolf B1 m is ready to mate
Wolf C3 is Hungry
Wolf C3f is chasing: C0m
Wolf C3 f is ready to mate
Wolf B5 is Hungry
Wolf B5f is chasing: C4m
Wolf B2 is Thirsty
Wolf B2drank water
Rabbit C4 is Hungry
Rabbit C4 m is ready to mate
Rabbit C4 m is approaching partner: Rabbit A2f
Rabbit C0 is Hungry
Rabbit C0 m is ready to mate
Rabbit C0 m is approaching partner: Rabbit A2f
Rabbit A2 is Hungry
Rabbit A2 f is ready to mate
Lion A5 is Thirsty
Lion A5 drank water
Lion A5 is Hungry
LionA5fis chasing: A2m
Lion A5 f is ready to mate
Lion A4 is Thirsty
Lion A4 drank water
Lion A4 is Hungry
LionA4fis chasing: A2m
Lion A4 f is ready to mate
Lion C2 is Thirsty
Lion C2 drank water
Lion C2 m is ready to mate
Lion B3 is Thirsty
Lion B3 drank water
Lion B3 m is ready to mate
Wolf A2m is running away from: LionA5
Wolf A2 is Thirsty
Wolf A2drank water
Wolf A2 m is ready to mate
Wolf B1 is Thirsty
Wolf B1drank water
Wolf B1 m is ready to mate
Wolf C3 is Hungry
Wolf C3f is chasing: C0m
Wolf C3 is Thirsty
Wolf C3drank water
Wolf C3 f is ready to mate
Wolf B5 is Hungry
Wolf B5f is chasing: C0m
Wolf B2 is Thirsty
Wolf B2drank water
Rabbit C4 is Hungry
Rabbit C4 m is ready to mate
Rabbit C4 m is approaching partner: Rabbit A2f
Rabbit C0m is running away from: WolfB5
Rabbit C0 is Hungry
Rabbit C0 m is ready to mate
Rabbit C0 m is approaching partner: Rabbit A2f
Rabbit A2f is running away from: LionC2
Rabbit A2 is Hungry
Rabbit A2 f is ready to mate
Lion A5 is Thirsty
Lion A5 drank water
Lion A5 is Hungry
LionA5fis chasing: A2m
LionA5f ate: A2m
Lion A5 f is ready to mate
Lion A4 is Thirsty
Lion A4 drank water
Lion A4 is Hungry
LionA4fis chasing: C3f
Lion A4 f is ready to mate
Lion C2 is Thirsty
Lion C2 drank water
Lion C2 m is ready to mate
Lion B3 is Thirsty
Lion B3 drank water
Lion B3 m is ready to mate
Wolf B1 is Thirsty
Wolf B1drank water
Wolf B1 m is ready to mate
Wolf A3 m was born! Father is B1 and Mother is C3
Wolf C3 is Hungry
Wolf C3f is chasing: C0m
Wolf C3 is Thirsty
Wolf C3drank water
Wolf B5 is Hungry
Wolf B5f is chasing: C0m
Wolf B2 is Thirsty
Wolf B2drank water
Rabbit C4 is Hungry
RabbitC4m died of hunger
Rabbit C4 m is ready to mate
Rabbit C4 m is approaching partner: Rabbit A2f
Rabbit C0m is running away from: WolfB5
Rabbit C0 is Hungry
RabbitC0m died of hunger
Rabbit C0 m is ready to mate
Rabbit C0 m is approaching partner: Rabbit A2f
Rabbit A2 is Hungry
RabbitA2f died of hunger
Rabbit A2 f is ready to mate
Lion A5 is Thirsty
Lion A5 drank water
Lion A5 f is ready to mate
Lion A4 is Thirsty
Lion A4 drank water
Lion A4 is Hungry
LionA4fis chasing: C3f
Lion A4 f is ready to mate
Lion C2 is Thirsty
Lion C2 drank water
Lion C2 m is ready to mate
Lion B3 is Thirsty
Lion B3 drank water
Lion B3 m is ready to mate
Wolf B1 is Thirsty
Wolf B1drank water
Wolf B1 m is ready to mate
No Female Wolf Partner or Female Wolf Partner not ready yet!
Wolf C3 is Hungry
WolfC3f died of hunger
Wolf C3 is Thirsty
Wolf C3drank water
Wolf B5 is Hungry
WolfB5f died of hunger
Wolf B2 is Thirsty
Wolf B2drank water
Lion A5 is Thirsty
Lion A5 drank water
Lion A5 f is ready to mate
Lion A4 is Thirsty
Lion A4 drank water
Lion A4 is Hungry
LionA4fis chasing: A3m
Lion A4 f is ready to mate
Lion C2 is Thirsty
Lion C2 drank water
Lion C2 is Hungry
LionC2mis chasing: B2f
Lion C2 m is ready to mate
Lion B3 is Thirsty
Lion B3 drank water
Lion B3 m is ready to mate
Wolf B1 is Hungry
WolfB1m died of hunger
Wolf B1 is Thirsty
Wolf B1drank water
Wolf B1 m is ready to mate
No Female Wolf Partner or Female Wolf Partner not ready yet!
Wolf B2f is running away from: LionC2
Wolf B2 is Hungry
WolfB2f died of hunger
Wolf B2 is Thirsty
Wolf B2drank water
Lion A5 is Thirsty
Lion A5 drank water
Lion A5 f is ready to mate
Lion A4 is Thirsty
Lion A4 drank water
Lion A4 is Hungry
LionA4fis chasing: A3m
Lion A4 f is ready to mate
Lion C2 is Thirsty
Lion C2 drank water
Lion C2 is Hungry
LionC2mis chasing: A3m
Lion C2 m is ready to mate
Lion B3 is Thirsty
Lion B3 drank water
Lion B3 m is ready to mate
Lion A5 is Thirsty
Lion A5 drank water
Lion A5 f is ready to mate
Lion A4 is Thirsty
Lion A4 drank water
Lion A4 is Hungry
LionA4fis chasing: A3m
Lion A4 f is ready to mate
Lion C2 is Hungry
LionC2mis chasing: A3m
Lion C2 m is ready to mate
Lion B3 is Thirsty
Lion B3 drank water
Lion B3 m is ready to mate
Lion A3 m was born!Father is B3 and Mother is A5
Lion A5 is Thirsty
Lion A5 drank water
Lion A4 is Thirsty
Lion A4 drank water
Lion A4 is Hungry
LionA4fis chasing: A3m
Lion A4 f is ready to mate
Lion C2 is Hungry
LionC2mis chasing: A3m
Lion C2 m is ready to mate
Lion B3 is Thirsty
Lion B3 drank water
Lion B3 is Hungry
LionB3mis chasing: A3m
Lion B3 m is ready to mate
Lion A5 is Thirsty
Lion A5 drank water
Lion A4 is Thirsty
Lion A4 drank water
Lion A4 is Hungry
LionA4fis chasing: A3m
Lion A4 f is ready to mate
Lion C2 is Hungry
LionC2mis chasing: A3m
Lion C2 m is ready to mate
Lion B3 is Thirsty
Lion B3 drank water
Lion B3 is Hungry
LionB3mis chasing: A3m
Lion B3 m is ready to mate
Wolf A3m is running away from: LionC2
Lion A5 is Thirsty
Lion A5 drank water
Lion A4 is Thirsty
Lion A4 drank water
Lion A4 is Hungry
LionA4fis chasing: A3m
Lion A4 f is ready to mate
Lion C2 is Hungry
LionC2mis chasing: A3m
Lion C2 m is ready to mate
Lion B3 is Thirsty
Lion B3 drank water
Lion B3 is Hungry
LionB3mis chasing: A3m
Lion B3 m is ready to mate
Lion A4 is Thirsty
Lion A4 drank water
Lion A4 is Hungry
LionA4fis chasing: A3m
Lion A4 f is ready to mate
Lion C2 is Hungry
LionC2mis chasing: A3m
Lion C2 m is ready to mate
Lion B3 is Thirsty
Lion B3 drank water
Lion B3 is Hungry
LionB3mis chasing: A3m
Lion B3 m is ready to mate
Lion A4 is Thirsty
Lion A4 drank water
Lion A4 is Hungry
LionA4fis chasing: A3m
Lion A4 f is ready to mate
Lion C2 is Hungry
LionC2mis chasing: A3m
Lion C2 m is ready to mate
Lion B3 is Thirsty
Lion B3 drank water
Lion B3 is Hungry
LionB3mis chasing: A3m
Lion B3 m is ready to mate
Lion A4 is Thirsty
Lion A4 drank water
Lion A4 is Hungry
LionA4fis chasing: A3m
Lion A4 f is ready to mate
Lion C2 is Hungry
LionC2mis chasing: A3m
Lion C2 m is ready to mate
Lion B3 is Thirsty
Lion B3 drank water
Lion B3 is Hungry
LionB3mis chasing: A3m
Lion B3 m is ready to mate
Wolf A3 is Thirsty
Wolf A3drank water
Lion A4 is Thirsty
Lion A4 drank water
Lion A4 is Hungry
LionA4fis chasing: A3m
Lion A4 f is ready to mate
Lion C2 is Hungry
LionC2mis chasing: A3m
Lion C2 m is ready to mate
Lion B3 is Thirsty
Lion B3 drank water
Lion B3 is Hungry
LionB3mis chasing: A3m
Lion B3 m is ready to mate
Wolf A3 is Thirsty
Wolf A3drank water
Lion A4 is Thirsty
Lion A4 drank water
Lion A4 is Hungry
LionA4fis chasing: A3m
Lion A4 f is ready to mate
Lion C2 is Hungry
LionC2mis chasing: A3m
Lion C2 m is ready to mate
Lion B3 is Thirsty
Lion B3 drank water
Lion B3 is Hungry
LionB3mis chasing: A3m
Lion B3 m is ready to mate
Wolf A3 is Thirsty
Wolf A3drank water
Lion A4 is Thirsty
Lion A4 drank water
Lion A4 is Hungry
LionA4fis chasing: A3m
Lion A4 f is ready to mate
Lion C2 is Hungry
LionC2mis chasing: A3m
Lion C2 m is ready to mate
Lion B3 is Thirsty
Lion B3 drank water
Lion B3 is Hungry
LionB3mis chasing: A3m
Lion B3 m is ready to mate
Wolf A3 is Thirsty
Wolf A3drank water
Lion A4 is Thirsty
Lion A4 drank water
Lion A4 is Hungry
LionA4fis chasing: A3m
Lion A4 f is ready to mate
Lion C2 is Hungry
LionC2mis chasing: A3m
Lion C2 m is ready to mate
Lion B3 is Thirsty
Lion B3 drank water
Lion B3 is Hungry
LionB3mis chasing: A3m
Lion B3 m is ready to mate
Wolf A3 is Thirsty
Wolf A3drank water
Lion A5 is Hungry
LionA5fis chasing: A3m
Lion A4 is Thirsty
Lion A4 drank water
Lion A4 is Hungry
LionA4fis chasing: A3m
Lion A4 f is ready to mate
Lion C2 is Hungry
LionC2mis chasing: A3m
Lion C2 m is ready to mate
Lion B3 is Thirsty
Lion B3 drank water
Lion B3 is Hungry
LionB3mis chasing: A3m
Lion B3 m is ready to mate
Wolf A3m is running away from: LionC2
Wolf A3 is Hungry
WolfA3m died of hunger
Wolf A3 is Thirsty
Wolf A3drank water
Lion A5 is Hungry
LionA5f died of hunger
Lion A4 is Thirsty
Lion A4 drank water
Lion A4 is Hungry
LionA4f died of hunger
Lion A4 f is ready to mate
Lion C2 is Hungry
LionC2m died of hunger
Lion C2 m is ready to mate
No Female Lion Partner or Female Lion partners are not ready to mate Yet!
Lion B3 is Thirsty
Lion B3 drank water
Lion B3 is Hungry
LionB3m died of hunger
Lion B3 m is ready to mate
No Female Lion Partner or Female Lion partners are not ready to mate Yet!
Lion A3 is Hungry
LionA3m died of hunger
