Wolf B2m is running away from: LionC4
Wolf C3f is running away from: LionB3
Wolf C2f is running away from: LionB3
Wolf C5f is running away from: LionB3
Wolf A1m is running away from: LionC4
Wolf A5f is running away from: LionC4
Wolf A1f is running away from: LionC4
Wolf B2f is running away from: LionB3
Rabbit C5f is running away from: LionB3
Rabbit C5f is running away from: WolfC5
Rabbit A5f is running away from: LionA1
Rabbit A5f is running away from: WolfA1
Rabbit A4m is running away from: LionC4
Rabbit A4m is running away from: WolfA1
Rabbit A0f is running away from: LionA1
Rabbit A0f is running away from: WolfA1
Rabbit C3m is running away from: LionB4
Rabbit C3m is running away from: WolfC5
Rabbit B2f is running away from: LionC4
Rabbit B2f is running away from: WolfB2
Rabbit C3m is running away from: LionC4
Rabbit C3m is running away from: WolfA5
Rabbit C1f is running away from: LionB4
Rabbit C1f is running away from: WolfC5
Rabbit B2f is running away from: LionB3
Rabbit B2f is running away from: WolfC5
Rabbit C0m is running away from: LionC4
Rabbit C0m is running away from: WolfA1
Rabbit B1m is running away from: LionC4
Rabbit B1m is running away from: WolfA1
Rabbit A3m is running away from: LionA1
Rabbit A3m is running away from: WolfC2
Rabbit A5f is running away from: LionC4
Rabbit A5f is running away from: WolfA1
Rabbit B1f is running away from: LionB3
Rabbit B1f is running away from: WolfC3
Rabbit C0m is running away from: LionC4
Rabbit C0m is running away from: WolfA1
Rabbit A5f is running away from: LionA1
Rabbit A5f is running away from: WolfA1
Rabbit C2m is running away from: LionC4
Rabbit C2m is running away from: WolfA1
Rabbit A1f is running away from: LionC4
Rabbit A1f is running away from: WolfA1
Rabbit A5m is running away from: LionB3
Rabbit A5m is running away from: WolfC5
Rabbit B0f is running away from: LionA1
Rabbit B0f is running away from: WolfC2
Lion A1m ate: A0f
Wolf B2m is running away from: LionB3
Wolf C3f is running away from: LionB3
Wolf C2f is running away from: LionB3
Wolf C5f is running away from: LionB4
Wolf A1m is running away from: LionC4
Wolf A5f is running away from: LionC4
Wolf A1f is running away from: LionC4
Wolf B2f is running away from: LionB3
Rabbit C5f is running away from: LionB3
Rabbit C5f is running away from: WolfC5
Rabbit A5f is running away from: LionC4
Rabbit A5f is running away from: WolfA1
Rabbit A4m is running away from: LionB3
Rabbit A4m is running away from: WolfA1
Rabbit C3m is running away from: LionB4
Rabbit C3m is running away from: WolfC5
Rabbit B2f is running away from: LionC4
Rabbit B2f is running away from: WolfB2
Rabbit C3m is running away from: LionC4
Rabbit C3m is running away from: WolfA5
Rabbit C1f is running away from: LionB4
Rabbit C1f is running away from: WolfC5
Rabbit B2f is running away from: LionB4
Rabbit B2f is running away from: WolfC5
Rabbit C0m is running away from: LionB3
Rabbit C0m is running away from: WolfB2
Rabbit B1m is running away from: LionC4
Rabbit B1m is running away from: WolfA1
Rabbit A3m is running away from: LionA1
Rabbit A3m is running away from: WolfC2
Rabbit A5f is running away from: LionC4
Rabbit A5f is running away from: WolfA1
Rabbit B1f is running away from: LionB3
Rabbit B1f is running away from: WolfC3
Rabbit C0m is running away from: LionC4
Rabbit C0m is running away from: WolfC3
Rabbit A5f is running away from: LionA1
Rabbit A5f is running away from: WolfA1
Rabbit C2m is running away from: LionC4
Rabbit C2m is running away from: WolfA5
Rabbit A1f is running away from: LionC4
Rabbit A1f is running away from: WolfA1
Rabbit A5m is running away from: LionB4
Rabbit A5m is running away from: WolfC5
Rabbit B0f is running away from: LionA1
Rabbit B0f is running away from: WolfC2
Wolf B2m is running away from: LionC4
Wolf C3f is running away from: LionB3
Wolf C2f is running away from: LionB3
Wolf C5f is running away from: LionB3
Wolf A1m is running away from: LionC4
Wolf A5f is running away from: LionC4
Wolf A1f is running away from: LionC4
Wolf A1f ate!
Wolf B2f is running away from: LionB3
Rabbit C5f is running away from: LionB3
Rabbit C5f is running away from: WolfC5
Rabbit C5 is Hungry
Rabbit C5f ate
Rabbit C5 f is ready to mate
Rabbit A5f is running away from: LionC4
Rabbit A5f is running away from: WolfA1
Rabbit A5 is Hungry
Rabbit A5f ate
Rabbit A5 f is ready to mate
Rabbit A4m is running away from: LionB3
Rabbit A4m is running away from: WolfA1
Rabbit A4 is Hungry
Rabbit A4m ate
Rabbit A4 m is ready to mate
Rabbit A4 m is approaching partner: Rabbit B1f
Rabbit C3m is running away from: LionB4
Rabbit C3m is running away from: WolfC5
Rabbit C3 is Hungry
Rabbit C3m ate
Rabbit C3 m is ready to mate
Rabbit C3 m is approaching partner: Rabbit C1f
Rabbit C0 m was born!Father is C3 and Mother is C1
Rabbit C3m is running away from: LionC4
Rabbit C3m is running away from: WolfA5
Rabbit C3 is Hungry
Rabbit C3m ate
Rabbit C3 m is ready to mate
Rabbit C3 m is approaching partner: Rabbit B1f
Rabbit C1f is running away from: LionB4
Rabbit C1f is running away from: WolfC5
Rabbit C1 is Hungry
Rabbit C1f ate
Rabbit B2f is running away from: LionB3
Rabbit B2f is running away from: WolfC5
Rabbit B2 is Hungry
Rabbit B2f ate
Rabbit B2 f is ready to mate
Rabbit C0m is running away from: LionB3
Rabbit C0m is running away from: WolfB2
Rabbit C0 is Hungry
Rabbit C0m ate
Rabbit C0 m is ready to mate
Rabbit C0 m is approaching partner: Rabbit B1f
Rabbit B1m is running away from: LionC4
Rabbit B1m is running away from: WolfA1
Rabbit B1 is Hungry
Rabbit B1m ate
Rabbit B1 m is ready to mate
Rabbit B1 m is approaching partner: Rabbit A5f
Rabbit A3m is running away from: LionA1
Rabbit A3m is running away from: WolfA1
Rabbit A3 is Hungry
Rabbit A3m ate
Rabbit A3 m is ready to mate
Rabbit A3 m is approaching partner: Rabbit B0f
Rabbit A5f is running away from: LionC4
Rabbit A5f is running away from: WolfA1
Rabbit A5 is Hungry
Rabbit A5f ate
Rabbit A5 f is ready to mate
Rabbit B1f is running away from: LionB3
Rabbit B1f is running away from: WolfC3
Rabbit B1 is Hungry
Rabbit B1f ate
Rabbit B1 f is ready to mate
Rabbit C0m is running away from: LionC4
Rabbit C0m is running away from: WolfC3
Rabbit C0 is Hungry
Rabbit C0m ate
Rabbit C0 m is ready to mate
Rabbit C0 m is approaching partner: Rabbit A5f
Rabbit A5f is running away from: LionA1
Rabbit A5f is running away from: WolfA1
Rabbit A5 is Hungry
Rabbit A5f ate
Rabbit A5 f is ready to mate
Rabbit C2m is running away from: LionA1
Rabbit C2m is running away from: WolfA5
Rabbit C2 is Hungry
Rabbit C2m ate
Rabbit C2 m is ready to mate
Rabbit C2 m is approaching partner: Rabbit B0f
Rabbit A1f is running away from: LionC4
Rabbit A1f is running away from: WolfA1
Rabbit A1 is Hungry
Rabbit A1f ate
Rabbit A1 f is ready to mate
Rabbit A5m is running away from: LionB4
Rabbit A5m is running away from: WolfC5
Rabbit A5 is Hungry
Rabbit A5m ate
Rabbit A5 m is ready to mate
Rabbit A5 m is approaching partner: Rabbit C5f
Rabbit B0f is running away from: LionA1
Rabbit B0f is running away from: WolfA1
Rabbit B0 is Hungry
Rabbit B0f ate
Rabbit B0 f is ready to mate
Lion B4m ate: C0m
Lion A1m ate: A3m
Wolf B2m is running away from: LionB3
Wolf B2 m is ready to mate
Wolf C3f is running away from: LionB3
Wolf C3 f is ready to mate
Wolf C2f is running away from: LionA1
Wolf C2 f is ready to mate
Wolf C5f is running away from: LionB3
Wolf C5 f is ready to mate
Wolf A1m is running away from: LionC4
Wolf A1 m is ready to mate
Wolf A5f is running away from: LionC4
Wolf A5 f is ready to mate
Wolf A1f is running away from: LionC4
Wolf A1 f is ready to mate
Wolf B2f is running away from: LionA1
Wolf B2 f is ready to mate
Rabbit C5f is running away from: LionB3
Rabbit C5f is running away from: WolfC5
Rabbit C5 f is ready to mate
Rabbit A5f is running away from: LionC4
Rabbit A5f is running away from: WolfA1
Rabbit A5 f is ready to mate
Rabbit A4m is running away from: LionB3
Rabbit A4m is running away from: WolfA1
Rabbit A4 m is ready to mate
Rabbit A4 m is approaching partner: Rabbit B1f
Rabbit C3m is running away from: LionB4
Rabbit C3m is running away from: WolfC5
Rabbit C3 m is ready to mate
Rabbit C3 m is approaching partner: Rabbit B2f
Rabbit C3m is running away from: LionB3
Rabbit C3m is running away from: WolfA5
Rabbit C3 m is ready to mate
Rabbit C3 m is approaching partner: Rabbit B1f
Rabbit C1f is running away from: LionB4
Rabbit C1f is running away from: WolfC5
Rabbit B2f is running away from: LionA1
Rabbit B2f is running away from: WolfC5
Rabbit B2 f is ready to mate
Rabbit C0m is running away from: LionB3
Rabbit C0m is running away from: WolfB2
Rabbit C0 m is ready to mate
Rabbit C0 m is approaching partner: Rabbit B1f
Rabbit B1m is running away from: LionC4
Rabbit B1m is running away from: WolfA1
Rabbit B1 m is ready to mate
Rabbit B1 m is approaching partner: Rabbit A5f
Rabbit A5 f was born!Father is B1 and Mother is A5
Rabbit A5f is running away from: LionC4
Rabbit A5f is running away from: WolfA1
Rabbit B1f is running away from: LionB3
Rabbit B1f is running away from: WolfC3
Rabbit B1 f is ready to mate
Rabbit C0m is running away from: LionC4
Rabbit C0m is running away from: WolfC3
Rabbit C0 m is ready to mate
Rabbit C0 m is approaching partner: Rabbit A5f
Rabbit A5f is running away from: LionA1
Rabbit A5f is running away from: WolfA1
Rabbit A5 f is ready to mate
Rabbit C2m is running away from: LionA1
Rabbit C2m is running away from: WolfA5
Rabbit C2 m is ready to mate
Rabbit C2 m is approaching partner: Rabbit B0f
Rabbit A1f is running away from: LionA1
Rabbit A1f is running away from: WolfA1
Rabbit A1 f is ready to mate
Rabbit A5m is running away from: LionB3
Rabbit A5m is running away from: WolfC5
Rabbit A5 m is ready to mate
Rabbit A5 m is approaching partner: Rabbit C5f
Rabbit B0f is running away from: LionA1
Rabbit B0f is running away from: WolfB2
Rabbit B0 f is ready to mate
Rabbit C0m is running away from: LionB4
Rabbit C0m is running away from: WolfC5
Lion B4 m is ready to mate
Lion A1 m is ready to mate
Lion B3 m is ready to mate
Lion C4 m is ready to mate
Lion B3 f is ready to mate
Wolf B2m is running away from: LionB3
Wolf B2 is Hungry
Wolf B2m is chasing: C0m
Wolf B2 m is ready to mate
Wolf C3f is running away from: LionB3
Wolf C3 is Hungry
Wolf C3f is chasing: C3m
Wolf C3 f is ready to mate
Wolf C2f is running away from: LionB3
Wolf C2 is Hungry
Wolf C2f is chasing: B2f
Wolf C2 f is ready to mate
Wolf C5f is running away from: LionB4
Wolf C5 is Hungry
Wolf C5f is chasing: C5f
Wolf C5 f is ready to mate
Wolf A1m is running away from: LionC4
Wolf A1 is Hungry
Wolf A1m is chasing: A5f
Wolf A1m ate!
Wolf A1 m is ready to mate
Wolf A5f is running away from: LionC4
Wolf A5 is Hungry
Wolf A5f is chasing: C3m
Wolf A5 f is ready to mate
Wolf A1f is running away from: LionC4
Wolf A1 f is ready to mate
Wolf B2f is running away from: LionB3
Wolf B2 is Hungry
Wolf B2f is chasing: B2f
Wolf B2 f is ready to mate
Rabbit C5f is running away from: LionB3
Rabbit C5f is running away from: WolfC5
Rabbit C5 f is ready to mate
Rabbit A4m is running away from: LionB3
Rabbit A4m is running away from: WolfA1
Rabbit A4 m is ready to mate
Rabbit A4 m is approaching partner: Rabbit B1f
Rabbit C3m is running away from: LionB4
Rabbit C3m is running away from: WolfC5
Rabbit C3 m is ready to mate
Rabbit C3 m is approaching partner: Rabbit B2f
Rabbit C3m is running away from: LionB3
Rabbit C3m is running away from: WolfC3
Rabbit C3 m is ready to mate
Rabbit C3 m is approaching partner: Rabbit B1f
Rabbit C1f is running away from: LionB4
Rabbit C1f is running away from: WolfC5
Rabbit B2f is running away from: LionA1
Rabbit B2f is running away from: WolfC5
Rabbit B2 f is ready to mate
Rabbit C0m is running away from: LionB3
Rabbit C0m is running away from: WolfB2
Rabbit C0 m is ready to mate
Rabbit C0 m is approaching partner: Rabbit B1f
Rabbit B1m is running away from: LionC4
Rabbit B1m is running away from: WolfA1
Rabbit B1 m is ready to mate
Rabbit B1 m is approaching partner: Rabbit A5f
Rabbit A5f is running away from: LionC4
Rabbit A5f is running away from: WolfA1
Rabbit B1f is running away from: LionB3
Rabbit B1f is running away from: WolfC3
Rabbit B1 f is ready to mate
Rabbit C0m is running away from: LionC4
Rabbit C0m is running away from: WolfC3
Rabbit C0 m is ready to mate
Rabbit C0 m is approaching partner: Rabbit A5f
Rabbit A5f is running away from: LionA1
Rabbit A5f is running away from: WolfA1
Rabbit A5 f is ready to mate
Rabbit C2m is running away from: LionA1
Rabbit C2m is running away from: WolfB2
Rabbit C2 m is ready to mate
Rabbit C2 m is approaching partner: Rabbit B0f
Rabbit A1f is running away from: LionA1
Rabbit A1f is running away from: WolfA1
Rabbit A1 f is ready to mate
Rabbit A5m is running away from: LionB4
Rabbit A5m is running away from: WolfC5
Rabbit A5 m is ready to mate
Rabbit A5 m is approaching partner: Rabbit B2f
Rabbit B0f is running away from: LionA1
Rabbit B0f is running away from: WolfA1
Rabbit B0 f is ready to mate
Rabbit C0m is running away from: LionB4
Rabbit C0m is running away from: WolfC5
Rabbit A5f is running away from: LionC4
Rabbit A5f is running away from: WolfA1
Lion B4m ate: C3m
Lion B4 m is ready to mate
Lion A1 m is ready to mate
Lion B3 m is ready to mate
Lion C4 m is ready to mate
Lion B3 f is ready to mate
Wolf B2m is running away from: LionB3
Wolf B2 is Hungry
Wolf B2m is chasing: C0m
Wolf B2 m is ready to mate
Wolf C3f is running away from: LionC4
Wolf C3 is Hungry
Wolf C3f is chasing: C3m
Wolf C3 f is ready to mate
Wolf C2f is running away from: LionB3
Wolf C2 is Hungry
Wolf C2f is chasing: C5f
Wolf C2 f is ready to mate
Wolf C5f is running away from: LionB3
Wolf C5 is Hungry
Wolf C5f is chasing: B2f
Wolf C5 f is ready to mate
Wolf A1m is running away from: LionA1
Wolf A1 m is ready to mate
Wolf A5f is running away from: LionC4
Wolf A5 is Hungry
Wolf A5f is chasing: C3m
Wolf A5 f is ready to mate
Wolf A1f is running away from: LionB3
Wolf A1 f is ready to mate
Wolf B2f is running away from: LionA1
Wolf B2 is Hungry
Wolf B2f is chasing: C5f
Wolf B2 f is ready to mate
Rabbit C5f is running away from: LionA1
Rabbit C5f is running away from: WolfC5
Rabbit C5 is Hungry
Rabbit C5f ate
Rabbit C5 f is ready to mate
Rabbit A4m is running away from: LionB3
Rabbit A4m is running away from: WolfB2
Rabbit A4 is Hungry
Rabbit A4m ate
Rabbit A4 m is ready to mate
Rabbit A4 m is approaching partner: Rabbit B1f
Rabbit C3m is running away from: LionB3
Rabbit C3m is running away from: WolfC3
Rabbit C3 is Hungry
Rabbit C3m ate
Rabbit C3 m is ready to mate
Rabbit C3 m is approaching partner: Rabbit B1f
Rabbit C1f is running away from: LionB4
Rabbit C1f is running away from: WolfC5
Rabbit C1 is Hungry
Rabbit C1f ate
Rabbit C1 f is ready to mate
Rabbit B2f is running away from: LionB3
Rabbit B2f is running away from: WolfC5
Rabbit B2 is Hungry
Rabbit B2f ate
Rabbit B2 f is ready to mate
Rabbit C0m is running away from: LionB3
Rabbit C0m is running away from: WolfB2
Rabbit C0 is Hungry
Rabbit C0m ate
Rabbit C0 m is ready to mate
Rabbit C0 m is approaching partner: Rabbit B1f
Rabbit B1m is running away from: LionC4
Rabbit B1m is running away from: WolfA1
Rabbit B1 is Hungry
Rabbit B1m ate
Rabbit B1 m is ready to mate
Rabbit B1 m is approaching partner: Rabbit A5f
Rabbit A5f is running away from: LionC4
Rabbit A5f is running away from: WolfA1
Rabbit A5 is Hungry
Rabbit B1f is running away from: LionB3
Rabbit B1f is running away from: WolfC3
Rabbit B1 is Hungry
Rabbit B1f ate
Rabbit B1 f is ready to mate
Rabbit C0m is running away from: LionC4
Rabbit C0m is running away from: WolfA1
Rabbit C0 is Hungry
Rabbit C0m ate
Rabbit C0 m is ready to mate
Rabbit C0 m is approaching partner: Rabbit A1f
Rabbit A5f is running away from: LionA1
Rabbit A5f is running away from: WolfA1
Rabbit A5 is Hungry
Rabbit A5 f is ready to mate
Rabbit C2m is running away from: LionA1
Rabbit C2m is running away from: WolfA1
Rabbit C2 is Hungry
Rabbit C2m ate
Rabbit C2 m is ready to mate
Rabbit C2 m is approaching partner: Rabbit B0f
Rabbit A1f is running away from: LionA1
Rabbit A1f is running away from: WolfA1
Rabbit A1 is Hungry
Rabbit A1 f is ready to mate
Rabbit A5m is running away from: LionB3
Rabbit A5m is running away from: WolfC5
Rabbit A5 is Hungry
Rabbit A5m ate
Rabbit A5 m is ready to mate
Rabbit A5 m is approaching partner: Rabbit C1f
Rabbit B0f is running away from: LionA1
Rabbit B0f is running away from: WolfC2
Rabbit B0 is Hungry
Rabbit B0f ate
Rabbit B0 f is ready to mate
Rabbit C0m is running away from: LionB4
Rabbit C0m is running away from: WolfC5
Rabbit C0 is Hungry
Rabbit C0 m is ready to mate
Rabbit C0 m is approaching partner: Rabbit C1f
Rabbit A5f is running away from: LionC4
Rabbit A5f is running away from: WolfA1
Lion B4 m is ready to mate
Lion A1 m is ready to mate
Lion B3 m is ready to mate
Lion C4 m is ready to mate
Lion B3 f is ready to mate
Wolf B2m is running away from: LionB3
Wolf B2 is Hungry
Wolf B2m is chasing: C0m
Wolf B2 m is ready to mate
Wolf A4 f was born! Father is B2 and Mother is A1
Wolf C3f is running away from: LionC4
Wolf C3 is Hungry
Wolf C3f is chasing: C3m
Wolf C3f ate!
Wolf C3 f is ready to mate
Wolf C2f is running away from: LionB3
Wolf C2 is Hungry
Wolf C2f is chasing: C5f
Wolf C2 f is ready to mate
Wolf C5f is running away from: LionB4
Wolf C5 is Hungry
Wolf C5f is chasing: C5f
Wolf C5 f is ready to mate
Wolf A1m is running away from: LionC4
Wolf A1 m is ready to mate
Wolf A5f is running away from: LionC4
Wolf A5 is Hungry
Wolf A5f is chasing: B0f
Wolf A5 f is ready to mate
Wolf A1f is running away from: LionB3
Wolf B2f is running away from: LionB3
Wolf B2 is Hungry
Wolf B2f is chasing: C5f
Wolf B2 f is ready to mate
Rabbit C5f is running away from: LionA1
Rabbit C5f is running away from: WolfC5
Rabbit C5 f is ready to mate
Rabbit A4m is running away from: LionB3
Rabbit A4m is running away from: WolfB2
Rabbit A4 m is ready to mate
Rabbit A4 m is approaching partner: Rabbit B1f
Rabbit C1f is running away from: LionB4
Rabbit C1f is running away from: WolfC5
Rabbit C1 f is ready to mate
Rabbit B2f is running away from: LionA1
Rabbit B2f is running away from: WolfC5
Rabbit B2 f is ready to mate
Rabbit C0m is running away from: LionB3
Rabbit C0m is running away from: WolfB2
Rabbit C0 m is ready to mate
Rabbit C0 m is approaching partner: Rabbit B1f
Rabbit B1m is running away from: LionC4
Rabbit B1m is running away from: WolfA1
Rabbit B1 m is ready to mate
Rabbit B1 m is approaching partner: Rabbit A5f
Rabbit A5f is running away from: LionC4
Rabbit A5f is running away from: WolfA1
Rabbit A5 is Hungry
Rabbit A5 f is ready to mate
Rabbit B1f is running away from: LionB3
Rabbit B1f is running away from: WolfC3
Rabbit B1 f is ready to mate
Rabbit C0m is running away from: LionC4
Rabbit C0m is running away from: WolfA1
Rabbit C0 m is ready to mate
Rabbit C0 m is approaching partner: Rabbit B0f
Rabbit A5f is running away from: LionA1
Rabbit A5f is running away from: WolfA1
Rabbit A5 is Hungry
Rabbit A5 f is ready to mate
Rabbit C2m is running away from: LionA1
Rabbit C2m is running away from: WolfA5
Rabbit C2 m is ready to mate
Rabbit C2 m is approaching partner: Rabbit B0f
Rabbit A1f is running away from: LionA1
Rabbit A1f is running away from: WolfA1
Rabbit A1 is Hungry
Rabbit A1 f is ready to mate
Rabbit A5m is running away from: LionB4
Rabbit A5m is running away from: WolfC5
Rabbit A5 m is ready to mate
Rabbit A5 m is approaching partner: Rabbit C1f
Rabbit C5 f was born!Father is A5 and Mother is C1
Rabbit B0f is running away from: LionA1
Rabbit B0f is running away from: WolfA1
Rabbit B0 f is ready to mate
Rabbit C0m is running away from: LionB4
Rabbit C0m is running away from: WolfC5
Rabbit C0 is Hungry
Rabbit C0m ate
Rabbit C0 m is ready to mate
Rabbit C0 m is approaching partner: Rabbit C5f
Rabbit A5f is running away from: LionC4
Rabbit A5f is running away from: WolfA1
Rabbit A5 is Hungry
Rabbit A5 f is ready to mate
Lion B4 m is ready to mate
Lion A1 m is ready to mate
Lion B3 m is ready to mate
Lion C4 m is ready to mate
Lion B3 f is ready to mate
Wolf B2m is running away from: LionB3
Wolf B2 is Hungry
Wolf B2m is chasing: C0m
Wolf B2 m is ready to mate
Wolf C3f is running away from: LionC4
Wolf C3 f is ready to mate
Wolf C2f is running away from: LionA1
Wolf C2 is Hungry
Wolf C2f is chasing: C5f
Wolf C2 f is ready to mate
Wolf C5f is running away from: LionB3
Wolf C5 is Hungry
Wolf C5f is chasing: C5f
Wolf C5f ate!
Wolf C5 f is ready to mate
Wolf A1m is running away from: LionA1
Wolf A1 m is ready to mate
Wolf A5f is running away from: LionC4
Wolf A5 is Hungry
Wolf A5f is chasing: B0f
Wolf A5 f is ready to mate
Wolf A1f is running away from: LionB3
Wolf A1 is Hungry
Wolf A1f is chasing: C0m
Wolf B2f is running away from: LionB3
Wolf B2 is Hungry
Wolf B2f is chasing: B2f
Wolf B2 f is ready to mate
Wolf A4f is running away from: LionB3
Rabbit A4m is running away from: LionB3
Rabbit A4m is running away from: WolfB2
Rabbit A4 m is ready to mate
Rabbit A4 m is approaching partner: Rabbit B1f
Rabbit C1f is running away from: LionB4
Rabbit C1f is running away from: WolfC5
Rabbit B2f is running away from: LionB4
Rabbit B2f is running away from: WolfC5
Rabbit B2 f is ready to mate
Rabbit C0m is running away from: LionB3
Rabbit C0m is running away from: WolfB2
Rabbit C0 m is ready to mate
Rabbit C0 m is approaching partner: Rabbit B1f
Rabbit B1m is running away from: LionC4
Rabbit B1m is running away from: WolfA1
Rabbit B1 m is ready to mate
Rabbit B1 m is approaching partner: Rabbit A5f
Rabbit A5f is running away from: LionC4
Rabbit A5f is running away from: WolfA1
Rabbit A5 is Hungry
RabbitA5f died of hunger
Rabbit A5f ate
Rabbit A5 f is ready to mate
Rabbit B1f is running away from: LionB3
Rabbit B1f is running away from: WolfB2
Rabbit B1 f is ready to mate
Rabbit C0m is running away from: LionC4
Rabbit C0m is running away from: WolfA1
Rabbit C0 m is ready to mate
Rabbit C0 m is approaching partner: Rabbit B0f
Rabbit A5f is running away from: LionB4
Rabbit A5f is running away from: WolfA1
Rabbit A5 is Hungry
RabbitA5f died of hunger
Rabbit A5 f is ready to mate
Rabbit C2m is running away from: LionA1
Rabbit C2m is running away from: WolfA5
Rabbit C2 m is ready to mate
Rabbit C2 m is approaching partner: Rabbit B0f
Rabbit A1f is running away from: LionB4
Rabbit A1f is running away from: WolfA1
Rabbit A1 is Hungry
RabbitA1f died of hunger
Rabbit A1 f is ready to mate
Rabbit A5m is running away from: LionB4
Rabbit A5m is running away from: WolfC5
Rabbit A5 m is ready to mate
Rabbit A5 m is approaching partner: Rabbit B2f
Rabbit B0f is running away from: LionA1
Rabbit B0f is running away from: WolfA5
Rabbit B0 f is ready to mate
Rabbit C0m is running away from: LionB4
Rabbit C0m is running away from: WolfC5
Rabbit C0 m is ready to mate
Rabbit C0 m is approaching partner: Rabbit B2f
Rabbit A5f is running away from: LionC4
Rabbit A5f is running away from: WolfA1
Rabbit A5 is Hungry
Rabbit A5 f is ready to mate
Rabbit C5f is running away from: LionB4
Rabbit C5f is running away from: WolfC5
Lion B4 m is ready to mate
Lion A1 m is ready to mate
Lion B3 m is ready to mate
Lion C4 m is ready to mate
Lion B3 f is ready to mate
Wolf B2m is running away from: LionB3
Wolf B2 is Hungry
WolfB2m died of hunger
Wolf B2m is chasing: C0m
Wolf B2 m is ready to mate
Wolf C3f is running away from: LionC4
Wolf C3 f is ready to mate
Wolf C2f is running away from: LionB3
Wolf C2 is Hungry
WolfC2f died of hunger
Wolf C2f is chasing: B2f
Wolf C2 f is ready to mate
Wolf C5f is running away from: LionB3
Wolf C5 f is ready to mate
Wolf A1m is running away from: LionA1
Wolf A1 m is ready to mate
Wolf A5f is running away from: LionA1
Wolf A5 is Hungry
WolfA5f died of hunger
Wolf A5f is chasing: B0f
Wolf A5 f is ready to mate
Wolf A1f is running away from: LionB3
Wolf A1 is Hungry
Wolf A1f is chasing: C0m
Wolf B2f is running away from: LionB3
Wolf B2 is Hungry
WolfB2f died of hunger
Wolf B2f is chasing: B2f
Wolf B2 f is ready to mate
Wolf A4f is running away from: LionB3
Rabbit A4m is running away from: LionB3
Rabbit A4m is running away from: WolfA1
Rabbit A4 is Hungry
Rabbit A4m ate
Rabbit A4 m is ready to mate
Rabbit A4 m is approaching partner: Rabbit B1f
Rabbit C1f is running away from: LionB3
Rabbit C1f is running away from: WolfC5
Rabbit C1 is Hungry
Rabbit B2f is running away from: LionB3
Rabbit B2f is running away from: WolfC5
Rabbit B2 is Hungry
Rabbit B2f ate
Rabbit B2 f is ready to mate
Rabbit C0m is running away from: LionB3
Rabbit C0m is running away from: WolfA1
Rabbit C0 is Hungry
Rabbit C0 m is ready to mate
Rabbit C0 m is approaching partner: Rabbit B1f
Rabbit B1m is running away from: LionC4
Rabbit B1m is running away from: WolfA1
Rabbit B1 is Hungry
Rabbit B1 m is ready to mate
Rabbit B1 m is approaching partner: Rabbit A5f
Rabbit B1f is running away from: LionB3
Rabbit B1f is running away from: WolfC3
Rabbit B1 is Hungry
Rabbit B1f ate
Rabbit B1 f is ready to mate
Rabbit C0m is running away from: LionC4
Rabbit C0m is running away from: WolfA1
Rabbit C0 is Hungry
Rabbit C0m ate
Rabbit C0 m is ready to mate
Rabbit C0 m is approaching partner: Rabbit B0f
Rabbit C2m is running away from: LionA1
Rabbit C2m is running away from: WolfA1
Rabbit C2 is Hungry
Rabbit C2 m is ready to mate
Rabbit C2 m is approaching partner: Rabbit B0f
Rabbit A5m is running away from: LionB3
Rabbit A5m is running away from: WolfC5
Rabbit A5 is Hungry
Rabbit A5 m is ready to mate
Rabbit A5 m is approaching partner: Rabbit B2f
Rabbit B0f is running away from: LionA1
Rabbit B0f is running away from: WolfA1
Rabbit B0 is Hungry
Rabbit B0f ate
Rabbit B0 f is ready to mate
Rabbit C0m is running away from: LionB4
Rabbit C0m is running away from: WolfC5
Rabbit C0 m is ready to mate
Rabbit C0 m is approaching partner: Rabbit B2f
Rabbit A5f is running away from: LionB3
Rabbit A5f is running away from: WolfA1
Rabbit A5 is Hungry
RabbitA5f died of hunger
Rabbit A5 f is ready to mate
Rabbit C5f is running away from: LionB3
Rabbit C5f is running away from: WolfC5
Lion B4 m is ready to mate
Lion A1 m is ready to mate
Lion B3 m is ready to mate
Lion C4 m is ready to mate
Lion B3 f is ready to mate
Wolf C3f is running away from: LionC4
Wolf C3 is Thirsty
Wolf C3drank water
Wolf C3 f is ready to mate
Wolf C5f is running away from: LionB3
Wolf C5f ate!
Wolf C5 is Thirsty
Wolf C5drank water
Wolf C5 f is ready to mate
Wolf A1m is running away from: LionA1
Wolf A1 is Hungry
Wolf A1m is chasing: B1m
Wolf A1 is Thirsty
Wolf A1drank water
Wolf A1 m is ready to mate
Wolf A1f is running away from: LionB3
Wolf A1 is Hungry
Wolf A1f is chasing: C0m
Wolf A1 is Thirsty
Wolf A1drank water
Wolf A4f is running away from: LionB3
Rabbit A4 is Thirsty
Rabbit A4 drank water
Rabbit A4m is running away from: LionB3
Rabbit A4m is running away from: WolfA1
Rabbit A4 m is ready to mate
Rabbit A4 m is approaching partner: Rabbit B1f
Rabbit C1 is Thirsty
Rabbit C1 drank water
Rabbit C1f is running away from: LionB3
Rabbit C1f is running away from: WolfC5
Rabbit C1 is Hungry
Rabbit C0 is Thirsty
Rabbit C0 drank water
Rabbit C0m is running away from: LionB3
Rabbit C0m is running away from: WolfA1
Rabbit C0 is Hungry
Rabbit C0m ate
Rabbit C0 m is ready to mate
Rabbit C0 m is approaching partner: Rabbit B1f
Rabbit B1 is Thirsty
Rabbit B1 drank water
Rabbit B1m is running away from: LionC4
Rabbit B1m is running away from: WolfA1
Rabbit B1 is Hungry
Rabbit B1 m is ready to mate
Rabbit B1 m is approaching partner: Rabbit B0f
Rabbit B1 is Thirsty
Rabbit B1 drank water
Rabbit B1f is running away from: LionB3
Rabbit B1f is running away from: WolfA1
Rabbit B1 f is ready to mate
Rabbit C0 is Thirsty
Rabbit C0 drank water
Rabbit C0m is running away from: LionA1
Rabbit C0m is running away from: WolfC3
Rabbit C0 m is ready to mate
Rabbit C0 m is approaching partner: Rabbit B0f
Rabbit C2 is Thirsty
Rabbit C2 drank water
Rabbit C2m is running away from: LionA1
Rabbit C2m is running away from: WolfA1
Rabbit C2 is Hungry
Rabbit C2m ate
Rabbit C2 m is ready to mate
Rabbit C2 m is approaching partner: Rabbit B0f
Rabbit A5 is Thirsty
Rabbit A5 drank water
Rabbit A5m is running away from: LionB3
Rabbit A5m is running away from: WolfC5
Rabbit A5 is Hungry
Rabbit A5 m is ready to mate
Rabbit A5 m is approaching partner: Rabbit B0f
Rabbit B0 is Thirsty
Rabbit B0 drank water
Rabbit B0f is running away from: LionA1
Rabbit B0f is running away from: WolfC3
Rabbit B0 f is ready to mate
Rabbit C0m is running away from: LionB4
Rabbit C0m is running away from: WolfC5
Rabbit C0 is Hungry
Rabbit C0m ate
Rabbit C0 m is ready to mate
Rabbit C0 m is approaching partner: Rabbit B0f
Rabbit C5f is running away from: LionB3
Rabbit C5f is running away from: WolfC5
Rabbit C5 is Hungry
Rabbit C5 f is ready to mate
Lion B4 m is ready to mate
Lion A1 m is ready to mate
Lion B3 is Hungry
LionB3mis chasing: C5f
Lion B3 m is ready to mate
Lion C4 is Hungry
LionC4mis chasing: C3f
Lion C4 m is ready to mate
Lion B3 is Hungry
LionB3fis chasing: A4m
Lion B3 f is ready to mate
Wolf C3f is running away from: LionC4
Wolf C3 is Thirsty
Wolf C3drank water
Wolf C3 f is ready to mate
Wolf C5f is running away from: LionB3
Wolf C5 is Thirsty
Wolf C5drank water
Wolf C5 f is ready to mate
Wolf A1m is running away from: LionA1
Wolf A1 is Hungry
Wolf A1m is chasing: B1m
Wolf A1 is Thirsty
Wolf A1drank water
Wolf A1 m is ready to mate
Wolf A1f is running away from: LionB3
Wolf A1 is Hungry
Wolf A1f is chasing: C0m
Wolf A1 is Thirsty
Wolf A1drank water
Wolf A4f is running away from: LionB3
Rabbit A4 is Thirsty
Rabbit A4 drank water
Rabbit A4m is running away from: LionB3
Rabbit A4m is running away from: WolfA1
Rabbit A4 m is ready to mate
Rabbit A4 m is approaching partner: Rabbit B1f
Rabbit C1 is Thirsty
Rabbit C1 drank water
Rabbit C1f is running away from: LionB3
Rabbit C1f is running away from: WolfC5
Rabbit C1 is Hungry
RabbitC1f died of hunger
Rabbit C1 f is ready to mate
Rabbit C0 is Thirsty
Rabbit C0 drank water
Rabbit C0m is running away from: LionB3
Rabbit C0m is running away from: WolfA1
Rabbit C0 m is ready to mate
Rabbit C0 m is approaching partner: Rabbit B1f
Rabbit B1 is Thirsty
Rabbit B1 drank water
Rabbit B1m is running away from: LionC4
Rabbit B1m is running away from: WolfA1
Rabbit B1 is Hungry
RabbitB1m died of hunger
Rabbit B1m ate
Rabbit B1 m is ready to mate
Rabbit B1 m is approaching partner: Rabbit B0f
Rabbit B1 is Thirsty
Rabbit B1 drank water
Rabbit B1f is running away from: LionB3
Rabbit B1f is running away from: WolfA1
Rabbit B1 f is ready to mate
Rabbit C0 is Thirsty
Rabbit C0 drank water
Rabbit C0m is running away from: LionA1
Rabbit C0m is running away from: WolfC3
Rabbit C0 m is ready to mate
Rabbit C0 m is approaching partner: Rabbit B0f
Rabbit C2 is Thirsty
Rabbit C2 drank water
Rabbit C2m is running away from: LionA1
Rabbit C2m is running away from: WolfC3
Rabbit C2 m is ready to mate
Rabbit C2 m is approaching partner: Rabbit B0f
Rabbit A1 m was born!Father is C2 and Mother is B0
Rabbit A5 is Thirsty
Rabbit A5 drank water
Rabbit A5m is running away from: LionB3
Rabbit A5m is running away from: WolfC5
Rabbit A5 is Hungry
RabbitA5m died of hunger
Rabbit A5 m is ready to mate
Rabbit A5 m is approaching partner: Rabbit C5f
Rabbit B0 is Thirsty
Rabbit B0 drank water
Rabbit B0f is running away from: LionA1
Rabbit B0f is running away from: WolfC3
Rabbit C0m is running away from: LionB3
Rabbit C0m is running away from: WolfC5
Rabbit C0 m is ready to mate
Rabbit C0 m is approaching partner: Rabbit C5f
Rabbit C3 m was born!Father is C0 and Mother is C5
Rabbit C5f is running away from: LionB3
Rabbit C5f is running away from: WolfC5
Rabbit C5 is Hungry
Lion B4 m is ready to mate
Lion A1 m is ready to mate
Lion B3 is Hungry
LionB3mis chasing: C5f
Lion B3 m is ready to mate
Lion C4 is Hungry
LionC4mis chasing: C3f
Lion C4 m is ready to mate
Lion B3 is Hungry
LionB3fis chasing: A4m
Lion B3 f is ready to mate
Wolf C3f is running away from: LionC4
Wolf C3 is Hungry
Wolf C3f is chasing: C0m
Wolf C3 is Thirsty
Wolf C3drank water
Wolf C3 f is ready to mate
Wolf C5f is running away from: LionB3
Wolf C5 is Thirsty
Wolf C5drank water
Wolf C5 f is ready to mate
Wolf A1m is running away from: LionC4
Wolf A1 is Hungry
Wolf A1m is chasing: C0m
Wolf A1 is Thirsty
Wolf A1drank water
Wolf A1 m is ready to mate
Wolf A1f is running away from: LionB3
Wolf A1 is Hungry
WolfA1f died of hunger
Wolf A1f is chasing: C0m
Wolf A1 is Thirsty
Wolf A1drank water
Wolf A4f is running away from: LionB3
Wolf A4 is Hungry
Wolf A4f is chasing: C0m
Rabbit A4 is Thirsty
Rabbit A4 drank water
Rabbit A4m is running away from: LionB3
Rabbit A4m is running away from: WolfA4
Rabbit A4 is Hungry
Rabbit A4m ate
Rabbit A4 m is ready to mate
Rabbit A4 m is approaching partner: Rabbit B1f
Rabbit C0 is Thirsty
Rabbit C0 drank water
Rabbit C0m is running away from: LionB3
Rabbit C0m is running away from: WolfA4
Rabbit C0 m is ready to mate
Rabbit C0 m is approaching partner: Rabbit B1f
Rabbit B1 is Thirsty
Rabbit B1 drank water
Rabbit B1f is running away from: LionB3
Rabbit B1f is running away from: WolfA4
Rabbit B1 is Hungry
Rabbit B1f ate
Rabbit B1 f is ready to mate
Rabbit C0 is Thirsty
Rabbit C0 drank water
Rabbit C0m is running away from: LionA1
Rabbit C0m is running away from: WolfC3
Rabbit C0 is Hungry
Rabbit C0m ate
Rabbit C0 m is ready to mate
Rabbit C0 m is approaching partner: Rabbit B1f
Rabbit C2 is Thirsty
Rabbit C2 drank water
Rabbit C2m is running away from: LionA1
Rabbit C2m is running away from: WolfA1
Rabbit C2 m is ready to mate
Rabbit C2 m is approaching partner: Rabbit B1f
Rabbit B0 is Thirsty
Rabbit B0 drank water
Rabbit B0f is running away from: LionA1
Rabbit B0f is running away from: WolfA1
Rabbit B0 is Hungry
Rabbit B0f ate
Rabbit C0m is running away from: LionB3
Rabbit C0m is running away from: WolfC5
Rabbit C0 m is ready to mate
Rabbit C0 m is approaching partner: Rabbit B1f
Rabbit C5f is running away from: LionB3
Rabbit C5f is running away from: WolfC5
Rabbit C5 is Hungry
RabbitC5f died of hunger
Rabbit A1m is running away from: LionA1
Rabbit A1m is running away from: WolfC5
Rabbit C3m is running away from: LionB3
Rabbit C3m is running away from: WolfC5
Lion B4 m is ready to mate
Lion A1m ate: C2m
Lion A1 m is ready to mate
Lion B3 is Hungry
LionB3mis chasing: C5f
Lion B3 m is ready to mate
Lion C4 is Hungry
LionC4mis chasing: C3f
Lion C4 m is ready to mate
Lion B3 is Hungry
LionB3fis chasing: A4m
LionB3f ate: A4m
Lion B3 f is ready to mate
Wolf C3f is running away from: LionC4
Wolf C3 is Hungry
Wolf C3f is chasing: C0m
Wolf C3 is Thirsty
Wolf C3drank water
Wolf C3 f is ready to mate
Wolf C5f is running away from: LionB3
Wolf C5 is Thirsty
Wolf C5drank water
Wolf C5 f is ready to mate
Wolf A1m is running away from: LionA1
Wolf A1 is Hungry
Wolf A1m is chasing: C0m
Wolf A1 is Thirsty
Wolf A1drank water
Wolf A1 m is ready to mate
Wolf A4f is running away from: LionB3
Wolf A4 is Hungry
Wolf A4f is chasing: C0m
Rabbit C0 is Thirsty
Rabbit C0 drank water
Rabbit C0m is running away from: LionB3
Rabbit C0m is running away from: WolfA4
Rabbit C0 is Hungry
Rabbit C0m ate
Rabbit C0 m is ready to mate
Rabbit C0 m is approaching partner: Rabbit B1f
Rabbit B1 is Thirsty
Rabbit B1 drank water
Rabbit B1f is running away from: LionB3
Rabbit B1f is running away from: WolfA4
Rabbit B1 f is ready to mate
Rabbit C0 is Thirsty
Rabbit C0 drank water
Rabbit C0m is running away from: LionC4
Rabbit C0m is running away from: WolfA1
Rabbit C0 m is ready to mate
Rabbit C0 m is approaching partner: Rabbit B1f
Rabbit B0f is running away from: LionA1
Rabbit B0f is running away from: WolfA1
Rabbit C0 is Thirsty
Rabbit C0 drank water
Rabbit C0m is running away from: LionB3
Rabbit C0m is running away from: WolfC5
Rabbit C0 is Hungry
Rabbit C0 m is ready to mate
Rabbit C0 m is approaching partner: Rabbit B1f
Rabbit A1m is running away from: LionA1
Rabbit A1m is running away from: WolfC5
Rabbit C3m is running away from: LionB3
Rabbit C3m is running away from: WolfC5
Lion B4 m is ready to mate
Lion A1 m is ready to mate
Lion B3 is Hungry
LionB3mis chasing: C5f
Lion B3 m is ready to mate
Lion C4 is Hungry
LionC4mis chasing: C3f
Lion C4 m is ready to mate
Lion B3 f is ready to mate
Wolf C3f is running away from: LionC4
Wolf C3 is Hungry
Wolf C3f is chasing: C0m
Wolf C3 is Thirsty
Wolf C3drank water
Wolf C3 f is ready to mate
Wolf C5f is running away from: LionB3
Wolf C5 is Thirsty
Wolf C5drank water
Wolf C5 f is ready to mate
Wolf A1m is running away from: LionA1
Wolf A1 is Hungry
WolfA1m died of hunger
Wolf A1m is chasing: C0m
Wolf A1 is Thirsty
Wolf A1drank water
Wolf A1 m is ready to mate
Wolf A4f is running away from: LionB3
Wolf A4 is Hungry
Wolf A4f is chasing: C0m
Rabbit C0m is running away from: LionB3
Rabbit C0m is running away from: WolfA4
Rabbit C0 m is ready to mate
Rabbit C0 m is approaching partner: Rabbit B1f
Rabbit B1 is Thirsty
Rabbit B1 drank water
Rabbit B1f is running away from: LionC4
Rabbit B1f is running away from: WolfA4
Rabbit B1 f is ready to mate
Rabbit C0m is running away from: LionA1
Rabbit C0m is running away from: WolfC3
Rabbit C0 m is ready to mate
Rabbit C0 m is approaching partner: Rabbit B1f
Rabbit B0f is running away from: LionA1
Rabbit B0f is running away from: WolfC3
Rabbit C0 is Thirsty
Rabbit C0 drank water
Rabbit C0m is running away from: LionB3
Rabbit C0m is running away from: WolfC5
Rabbit C0 is Hungry
Rabbit C0 m is ready to mate
Rabbit C0 m is approaching partner: Rabbit B1f
Rabbit A1m is running away from: LionA1
Rabbit A1m is running away from: WolfC5
Rabbit A1 is Hungry
Rabbit A1m ate
Rabbit C3m is running away from: LionB3
Rabbit C3m is running away from: WolfC5
Rabbit C3 is Hungry
Lion B4 m is ready to mate
Lion A1 m is ready to mate
Lion B3 is Hungry
LionB3mis chasing: C5f
Lion B3 m is ready to mate
Lion C4 is Hungry
LionC4mis chasing: C3f
Lion C4 m is ready to mate
Lion B3 f is ready to mate
Wolf C3f is running away from: LionC4
Wolf C3 is Hungry
Wolf C3f is chasing: C0m
Wolf C3 is Thirsty
Wolf C3drank water
Wolf C3 f is ready to mate
Wolf C5f is running away from: LionB3
Wolf C5 is Hungry
Wolf C5f is chasing: C0m
Wolf C5 is Thirsty
Wolf C5drank water
Wolf C5 f is ready to mate
Wolf A4f is running away from: LionB3
Wolf A4 is Hungry
Wolf A4f is chasing: C0m
Rabbit C0m is running away from: LionC4
Rabbit C0m is running away from: WolfA4
Rabbit C0 m is ready to mate
Rabbit C0 m is approaching partner: Rabbit B1f
Rabbit B1f is running away from: LionB3
Rabbit B1f is running away from: WolfA4
Rabbit B1 is Hungry
Rabbit B1f ate
Rabbit B1 f is ready to mate
Rabbit C0m is running away from: LionC4
Rabbit C0m is running away from: WolfC3
Rabbit C0 is Hungry
Rabbit C0m ate
Rabbit C0 m is ready to mate
Rabbit C0 m is approaching partner: Rabbit B1f
Rabbit B0f is running away from: LionA1
Rabbit B0f is running away from: WolfC3
Rabbit B0 is Hungry
Rabbit B0f ate
Rabbit B0 f is ready to mate
Rabbit C0 is Thirsty
Rabbit C0 drank water
Rabbit C0m is running away from: LionB3
Rabbit C0m is running away from: WolfC5
Rabbit C0 is Hungry
RabbitC0m died of hunger
Rabbit C0 m is ready to mate
Rabbit C0 m is approaching partner: Rabbit B0f
Rabbit A1m is running away from: LionB3
Rabbit A1m is running away from: WolfC3
Rabbit A1 m is ready to mate
Rabbit A1 m is approaching partner: Rabbit B0f
Rabbit C3m is running away from: LionB3
Rabbit C3m is running away from: WolfC5
Rabbit C3 is Hungry
Rabbit C3 m is ready to mate
Rabbit C3 m is approaching partner: Rabbit B0f
Lion B4 is Hungry
LionB4mis chasing: B0f
Lion B4 m is ready to mate
Lion A1 m is ready to mate
Lion B3 is Hungry
LionB3mis chasing: A1m
Lion B3 m is ready to mate
Lion C4 is Hungry
LionC4mis chasing: B1f
Lion C4 m is ready to mate
Lion B3 f is ready to mate
Wolf C3f is running away from: LionA1
Wolf C3 is Hungry
WolfC3f died of hunger
Wolf C3f is chasing: B1f
Wolf C3 is Thirsty
Wolf C3drank water
Wolf C3 f is ready to mate
Wolf C5f is running away from: LionB3
Wolf C5 is Hungry
Wolf C5f is chasing: C3m
Wolf C5 is Thirsty
Wolf C5drank water
Wolf C5 f is ready to mate
Wolf A4f is running away from: LionC4
Wolf A4 is Hungry
WolfA4f died of hunger
Wolf A4f is chasing: C0m
Rabbit C0m is running away from: LionC4
Rabbit C0m is running away from: WolfC5
Rabbit C0 is Hungry
Rabbit C0m ate
Rabbit C0 m is ready to mate
Rabbit C0 m is approaching partner: Rabbit B1f
Rabbit B1f is running away from: LionC4
Rabbit B1f is running away from: WolfC5
Rabbit B1 f is ready to mate
Rabbit C0m is running away from: LionA1
Rabbit C0m is running away from: WolfC5
Rabbit C0 m is ready to mate
Rabbit C0 m is approaching partner: Rabbit B1f
Rabbit B0f is running away from: LionB4
Rabbit B0f is running away from: WolfC5
Rabbit B0 f is ready to mate
Rabbit A1m is running away from: LionB3
Rabbit A1m is running away from: WolfC5
Rabbit A1 m is ready to mate
Rabbit A1 m is approaching partner: Rabbit B0f
Rabbit C3m is running away from: LionB3
Rabbit C3m is running away from: WolfC5
Rabbit C3 is Hungry
RabbitC3m died of hunger
Rabbit C3 m is ready to mate
Rabbit C3 m is approaching partner: Rabbit B0f
Lion B4 is Hungry
LionB4mis chasing: B0f
Lion B4 m is ready to mate
Lion A1 m is ready to mate
Lion B3 is Hungry
LionB3mis chasing: B0f
Lion B3 m is ready to mate
Lion C4 is Hungry
LionC4mis chasing: B1f
Lion C4 m is ready to mate
Lion B3 f is ready to mate
Wolf C5f is running away from: LionB3
Wolf C5 is Hungry
Wolf C5f is chasing: B0f
Wolf C5 is Thirsty
Wolf C5drank water
Wolf C5 f is ready to mate
Rabbit C0m is running away from: LionC4
Rabbit C0m is running away from: WolfC5
Rabbit C0 m is ready to mate
Rabbit C0 m is approaching partner: Rabbit B1f
Rabbit B1f is running away from: LionC4
Rabbit B1f is running away from: WolfC5
Rabbit B1 f is ready to mate
Rabbit C0m is running away from: LionA1
Rabbit C0m is running away from: WolfC5
Rabbit C0 m is ready to mate
Rabbit C0 m is approaching partner: Rabbit B1f
Rabbit B0f is running away from: LionB4
Rabbit B0f is running away from: WolfC5
Rabbit B0 f is ready to mate
Rabbit A1m is running away from: LionB4
Rabbit A1m is running away from: WolfC5
Rabbit A1 is Hungry
Rabbit A1m ate
Rabbit A1 m is ready to mate
Rabbit A1 m is approaching partner: Rabbit B0f
Lion B4 is Hungry
LionB4mis chasing: B0f
Lion B4 m is ready to mate
Lion A1 m is ready to mate
Lion B3 is Hungry
LionB3mis chasing: B0f
Lion B3 m is ready to mate
Lion C4 is Hungry
LionC4mis chasing: C0m
Lion C4 m is ready to mate
Lion B3 f is ready to mate
Wolf C5f is running away from: LionB3
Wolf C5 is Hungry
Wolf C5f is chasing: B0f
Wolf C5 is Thirsty
Wolf C5drank water
Wolf C5 f is ready to mate
Rabbit C0m is running away from: LionC4
Rabbit C0m is running away from: WolfC5
Rabbit C0 m is ready to mate
Rabbit C0 m is approaching partner: Rabbit B1f
Rabbit B1f is running away from: LionC4
Rabbit B1f is running away from: WolfC5
Rabbit B1 is Hungry
Rabbit B1f ate
Rabbit B1 f is ready to mate
Rabbit C0m is running away from: LionC4
Rabbit C0m is running away from: WolfC5
Rabbit C0 is Hungry
Rabbit C0m ate
Rabbit C0 m is ready to mate
Rabbit C0 m is approaching partner: Rabbit B1f
Rabbit B0f is running away from: LionB4
Rabbit B0f is running away from: WolfC5
Rabbit B0 is Hungry
Rabbit B0f ate
Rabbit B0 f is ready to mate
Rabbit A1m is running away from: LionB4
Rabbit A1m is running away from: WolfC5
Rabbit A1 m is ready to mate
Rabbit A1 m is approaching partner: Rabbit B0f
Lion B4 is Hungry
LionB4mis chasing: B0f
Lion B4 m is ready to mate
Lion A1 m is ready to mate
Lion B3 is Hungry
LionB3mis chasing: B0f
Lion B3 m is ready to mate
Lion C4 is Hungry
LionC4mis chasing: C0m
LionC4m ate: C0m
Lion C4 m is ready to mate
Lion B3 f is ready to mate
Wolf C5f is running away from: LionB3
Wolf C5 is Hungry
WolfC5f died of hunger
Wolf C5f is chasing: B0f
Wolf C5 is Thirsty
Wolf C5drank water
Wolf C5 f is ready to mate
Rabbit B1f is running away from: LionC4
Rabbit B1 f is ready to mate
Rabbit C0m is running away from: LionC4
Rabbit C0 m is ready to mate
Rabbit C0 m is approaching partner: Rabbit B1f
Rabbit B0f is running away from: LionB3
Rabbit B0 f is ready to mate
Rabbit A1m is running away from: LionB3
Rabbit A1 m is ready to mate
Rabbit A1 m is approaching partner: Rabbit B0f
Lion B4 is Hungry
LionB4mis chasing: A1m
Lion B4 m is ready to mate
Lion A1 m is ready to mate
Lion B3 is Hungry
LionB3mis chasing: B0f
Lion B3 m is ready to mate
Lion C4 m is ready to mate
Lion B3 f is ready to mate
Rabbit B1f is running away from: LionB3
Rabbit B1 f is ready to mate
Rabbit C0m is running away from: LionA1
Rabbit C0 m is ready to mate
Rabbit C0 m is approaching partner: Rabbit B1f
Rabbit B0f is running away from: LionB3
Rabbit B0 f is ready to mate
Rabbit A1m is running away from: LionB3
Rabbit A1 is Hungry
Rabbit A1m ate
Rabbit A1 m is ready to mate
Rabbit A1 m is approaching partner: Rabbit B0f
Rabbit B2 m was born!Father is A1 and Mother is B0
Lion B4 is Thirsty
Lion B4 drank water
Lion B4 is Hungry
LionB4mis chasing: B2m
Lion B4 m is ready to mate
Lion A1 is Thirsty
Lion A1 drank water
Lion A1 m is ready to mate
Lion B3 is Thirsty
Lion B3 drank water
Lion B3 is Hungry
LionB3m died of hunger
LionB3mis chasing: B2m
Lion B3 m is ready to mate
Lion C4 is Thirsty
Lion C4 drank water
Lion C4 m is ready to mate
Lion B3 is Thirsty
Lion B3 drank water
Lion B3 f is ready to mate
Rabbit B1f is running away from: LionB3
Rabbit B1 is Hungry
Rabbit B1f ate
Rabbit B1 f is ready to mate
Rabbit C0m is running away from: LionC4
Rabbit C0 is Hungry
Rabbit C0m ate
Rabbit C0 m is ready to mate
Rabbit C0 m is approaching partner: Rabbit B1f
Rabbit B0f is running away from: LionB4
Rabbit B0 is Hungry
Rabbit B0f ate
Rabbit A1 is Thirsty
Rabbit A1 drank water
Rabbit A1m is running away from: LionB4
Rabbit A1 m is ready to mate
Rabbit A1 m is approaching partner: Rabbit B1f
Rabbit B2m is running away from: LionB4
Lion B4 is Thirsty
Lion B4 drank water
Lion B4 is Hungry
LionB4mis chasing: A1m
Lion B4 m is ready to mate
Lion A1 is Thirsty
Lion A1 drank water
Lion A1 m is ready to mate
Lion C4 is Thirsty
Lion C4 drank water
Lion C4 m is ready to mate
Lion A0 m was born!Father is C4 and Mother is B3
Lion B3 is Thirsty
Lion B3 drank water
Rabbit B1f is running away from: LionC4
Rabbit B1 f is ready to mate
Rabbit C0m is running away from: LionA1
Rabbit C0 m is ready to mate
Rabbit C0 m is approaching partner: Rabbit B1f
Rabbit B0 is Thirsty
Rabbit B0 drank water
Rabbit B0f is running away from: LionB4
Rabbit A1 is Thirsty
Rabbit A1 drank water
Rabbit A1m is running away from: LionB4
Rabbit A1 m is ready to mate
Rabbit A1 m is approaching partner: Rabbit B1f
Rabbit B2m is running away from: LionB4
Lion B4 is Hungry
LionB4mis chasing: B0f
Lion B4 m is ready to mate
No Female Lion Partner or Female Lion partners are not ready to mate Yet!
Lion A1 is Thirsty
Lion A1 drank water
Lion A1 is Hungry
LionA1mis chasing: B0f
Lion A1 m is ready to mate
No Female Lion Partner or Female Lion partners are not ready to mate Yet!
Lion C4 is Thirsty
Lion C4 drank water
Lion C4 m is ready to mate
No Female Lion Partner or Female Lion partners are not ready to mate Yet!
Lion B3 is Thirsty
Lion B3 drank water
Lion B3 is Hungry
LionB3fis chasing: C0m
Rabbit B1f is running away from: LionB3
Rabbit B1 f is ready to mate
Rabbit C0 is Thirsty
Rabbit C0 drank water
Rabbit C0m is running away from: LionB3
Rabbit C0 m is ready to mate
Rabbit C0 m is approaching partner: Rabbit B1f
Rabbit B0 is Thirsty
Rabbit B0 drank water
Rabbit B0f is running away from: LionB4
Rabbit A1 is Thirsty
Rabbit A1 drank water
Rabbit A1m is running away from: LionB4
Rabbit A1 is Hungry
Rabbit A1 m is ready to mate
Rabbit A1 m is approaching partner: Rabbit B1f
Rabbit B2m is running away from: LionB4
Rabbit B2 is Hungry
Rabbit B2m ate
Lion B4 is Hungry
LionB4mis chasing: B0f
Lion B4 m is ready to mate
No Female Lion Partner or Female Lion partners are not ready to mate Yet!
Lion A1 is Thirsty
Lion A1 drank water
Lion A1 is Hungry
LionA1mis chasing: C0m
Lion A1 m is ready to mate
No Female Lion Partner or Female Lion partners are not ready to mate Yet!
Lion C4 is Thirsty
Lion C4 drank water
Lion C4 m is ready to mate
No Female Lion Partner or Female Lion partners are not ready to mate Yet!
Lion B3 is Thirsty
Lion B3 drank water
Lion B3 is Hungry
LionB3fis chasing: C0m
Rabbit B1 is Thirsty
Rabbit B1 drank water
Rabbit B1f is running away from: LionB3
Rabbit B1 is Hungry
Rabbit B1 f is ready to mate
Rabbit C0 is Thirsty
Rabbit C0 drank water
Rabbit C0m is running away from: LionB3
Rabbit C0 is Hungry
Rabbit C0m ate
Rabbit C0 m is ready to mate
Rabbit C0 m is approaching partner: Rabbit B1f
Rabbit B0 is Thirsty
Rabbit B0 drank water
Rabbit B0f is running away from: LionB4
Rabbit B0 is Hungry
Rabbit B0f ate
Rabbit A1 is Thirsty
Rabbit A1 drank water
Rabbit A1m is running away from: LionB4
Rabbit A1 is Hungry
Rabbit A1m ate
Rabbit A1 m is ready to mate
Rabbit A1 m is approaching partner: Rabbit B1f
Rabbit B2m is running away from: LionB4
Lion B4 is Hungry
LionB4mis chasing: B0f
Lion B4 m is ready to mate
No Female Lion Partner or Female Lion partners are not ready to mate Yet!
Lion A1 is Hungry
LionA1mis chasing: B0f
Lion A1 m is ready to mate
No Female Lion Partner or Female Lion partners are not ready to mate Yet!
Lion C4 is Thirsty
Lion C4 drank water
Lion C4 m is ready to mate
No Female Lion Partner or Female Lion partners are not ready to mate Yet!
Lion B3 is Thirsty
Lion B3 drank water
Lion B3 is Hungry
LionB3fis chasing: C0m
Rabbit B1 is Thirsty
Rabbit B1 drank water
Rabbit B1f is running away from: LionA0
Rabbit B1 is Hungry
Rabbit B1f ate
Rabbit B1 f is ready to mate
Rabbit C0 is Thirsty
Rabbit C0 drank water
Rabbit C0m is running away from: LionB3
Rabbit C0 m is ready to mate
Rabbit C0 m is approaching partner: Rabbit B1f
Rabbit B0 is Thirsty
Rabbit B0 drank water
Rabbit B0f is running away from: LionB4
Rabbit A1 is Thirsty
Rabbit A1 drank water
Rabbit A1m is running away from: LionB4
Rabbit A1 m is ready to mate
Rabbit A1 m is approaching partner: Rabbit B1f
Rabbit B2m is running away from: LionB4
Lion B4 is Hungry
LionB4m died of hunger
LionB4mis chasing: B0f
Lion B4 m is ready to mate
No Female Lion Partner or Female Lion partners are not ready to mate Yet!
Lion A1 is Hungry
LionA1mis chasing: A1m
Lion A1 m is ready to mate
No Female Lion Partner or Female Lion partners are not ready to mate Yet!
Lion C4 m is ready to mate
No Female Lion Partner or Female Lion partners are not ready to mate Yet!
Lion B3 is Thirsty
Lion B3 drank water
Lion B3 is Hungry
LionB3fis chasing: B1f
Rabbit B1 is Thirsty
Rabbit B1 drank water
Rabbit B1f is running away from: LionB3
Rabbit B1 f is ready to mate
Rabbit C0 is Thirsty
Rabbit C0 drank water
Rabbit C0m is running away from: LionA1
Rabbit C0 m is ready to mate
Rabbit C0 m is approaching partner: Rabbit B1f
Rabbit B0 is Thirsty
Rabbit B0 drank water
Rabbit B0f is running away from: LionA1
Rabbit A1 is Thirsty
Rabbit A1 drank water
Rabbit A1m is running away from: LionA1
Rabbit A1 m is ready to mate
Rabbit A1 m is approaching partner: Rabbit B1f
Rabbit B2m is running away from: LionA1
Rabbit B2 is Hungry
Rabbit B2m ate
Rabbit B2 m is ready to mate
Rabbit B2 m is approaching partner: Rabbit B1f
Lion A1 is Hungry
LionA1mis chasing: A1m
Lion A1 m is ready to mate
No Female Lion Partner or Female Lion partners are not ready to mate Yet!
Lion C4 m is ready to mate
No Female Lion Partner or Female Lion partners are not ready to mate Yet!
Lion B3 is Hungry
LionB3fis chasing: B1f
Rabbit B1 is Thirsty
Rabbit B1 drank water
Rabbit B1f is running away from: LionB3
Rabbit B1 f is ready to mate
Rabbit C0 is Thirsty
Rabbit C0 drank water
Rabbit C0m is running away from: LionA1
Rabbit C0 is Hungry
Rabbit C0m ate
Rabbit C0 m is ready to mate
Rabbit C0 m is approaching partner: Rabbit B1f
Rabbit B0 is Thirsty
Rabbit B0 drank water
Rabbit B0f is running away from: LionA1
Rabbit B0 is Hungry
Rabbit B0f ate
Rabbit B0 f is ready to mate
Rabbit A1 is Thirsty
Rabbit A1 drank water
Rabbit A1m is running away from: LionA1
Rabbit A1 is Hungry
Rabbit A1m ate
Rabbit A1 m is ready to mate
Rabbit A1 m is approaching partner: Rabbit B0f
Rabbit A5 m was born!Father is A1 and Mother is B0
Rabbit B2m is running away from: LionA1
Rabbit B2 m is ready to mate
Rabbit B2 m is approaching partner: Rabbit B1f
Lion A1 is Hungry
LionA1mis chasing: B0f
Lion A1 m is ready to mate
No Female Lion Partner or Female Lion partners are not ready to mate Yet!
Lion C4 m is ready to mate
No Female Lion Partner or Female Lion partners are not ready to mate Yet!
Lion B3 is Hungry
LionB3fis chasing: B1f
Rabbit B1 is Thirsty
Rabbit B1 drank water
Rabbit B1f is running away from: LionB3
Rabbit B1 is Hungry
Rabbit B1 f is ready to mate
Rabbit C0 is Thirsty
Rabbit C0 drank water
Rabbit C0m is running away from: LionA1
Rabbit C0 m is ready to mate
Rabbit C0 m is approaching partner: Rabbit B1f
Rabbit B0 is Thirsty
Rabbit B0 drank water
Rabbit B0f is running away from: LionA1
Rabbit A1 is Thirsty
Rabbit A1 drank water
Rabbit A1m is running away from: LionA1
Rabbit A1 m is ready to mate
Rabbit A1 m is approaching partner: Rabbit B1f
Rabbit B2m is running away from: LionA1
Rabbit B2 m is ready to mate
Rabbit B2 m is approaching partner: Rabbit B1f
Rabbit A5m is running away from: LionA1
Lion A1 is Hungry
LionA1mis chasing: A1m
Lion A1 m is ready to mate
No Female Lion Partner or Female Lion partners are not ready to mate Yet!
Lion C4 is Hungry
LionC4mis chasing: B1f
Lion C4 m is ready to mate
No Female Lion Partner or Female Lion partners are not ready to mate Yet!
Lion B3 is Hungry
LionB3fis chasing: B1f
Rabbit B1 is Thirsty
Rabbit B1 drank water
Rabbit B1f is running away from: LionB3
Rabbit B1 is Hungry
Rabbit B1 f is ready to mate
Rabbit C0 is Thirsty
Rabbit C0 drank water
Rabbit C0m is running away from: LionB3
Rabbit C0 m is ready to mate
Rabbit C0 m is approaching partner: Rabbit B1f
Rabbit B0 is Thirsty
Rabbit B0 drank water
Rabbit B0f is running away from: LionA1
Rabbit A1 is Thirsty
Rabbit A1 drank water
Rabbit A1m is running away from: LionA1
Rabbit A1 m is ready to mate
Rabbit A1 m is approaching partner: Rabbit B1f
Rabbit B2m is running away from: LionA1
Rabbit B2 is Hungry
Rabbit B2m ate
Rabbit B2 m is ready to mate
Rabbit B2 m is approaching partner: Rabbit B1f
Rabbit A5m is running away from: LionA1
Lion A1 is Hungry
LionA1mis chasing: A1m
Lion A1 m is ready to mate
No Female Lion Partner or Female Lion partners are not ready to mate Yet!
Lion C4 is Hungry
LionC4mis chasing: B1f
Lion C4 m is ready to mate
No Female Lion Partner or Female Lion partners are not ready to mate Yet!
Lion B3 is Hungry
LionB3fis chasing: B1f
Rabbit B1 is Thirsty
Rabbit B1 drank water
Rabbit B1f is running away from: LionB3
Rabbit B1 is Hungry
RabbitB1f died of hunger
Rabbit B1 f is ready to mate
Rabbit C0 is Thirsty
Rabbit C0 drank water
Rabbit C0m is running away from: LionB3
Rabbit C0 is Hungry
Rabbit C0m ate
Rabbit C0 m is ready to mate
Not enough female Rabbits or Female Rabbit partners are not ready yet!
Rabbit B0 is Thirsty
Rabbit B0 drank water
Rabbit B0f is running away from: LionA1
Rabbit B0 is Hungry
Rabbit B0f ate
Rabbit A1 is Thirsty
Rabbit A1 drank water
Rabbit A1m is running away from: LionA1
Rabbit A1 is Hungry
Rabbit A1m ate
Rabbit A1 m is ready to mate
Not enough female Rabbits or Female Rabbit partners are not ready yet!
Rabbit B2 is Thirsty
Rabbit B2 drank water
Rabbit B2m is running away from: LionA1
Rabbit B2 m is ready to mate
Not enough female Rabbits or Female Rabbit partners are not ready yet!
Rabbit A5m is running away from: LionA1
Rabbit A5 is Hungry
Lion A1 is Hungry
LionA1mis chasing: A1m
Lion A1 m is ready to mate
No Female Lion Partner or Female Lion partners are not ready to mate Yet!
Lion C4 is Hungry
Lion B3 is Hungry
Rabbit C0 is Thirsty
Rabbit C0 drank water
Rabbit C0m is running away from: LionA1
Rabbit C0 m is ready to mate
Not enough female Rabbits or Female Rabbit partners are not ready yet!
Rabbit B0 is Thirsty
Rabbit B0 drank water
Rabbit B0f is running away from: LionA1
Rabbit A1 is Thirsty
Rabbit A1 drank water
Rabbit A1m is running away from: LionA1
Rabbit A1 m is ready to mate
Not enough female Rabbits or Female Rabbit partners are not ready yet!
Rabbit B2 is Thirsty
Rabbit B2 drank water
Rabbit B2m is running away from: LionA1
Rabbit B2 m is ready to mate
Not enough female Rabbits or Female Rabbit partners are not ready yet!
Rabbit A5m is running away from: LionA1
Rabbit A5 is Hungry
Rabbit A5m ate
Lion A1 is Hungry
LionA1mis chasing: A1m
Lion A1 m is ready to mate
No Female Lion Partner or Female Lion partners are not ready to mate Yet!
Lion C4 is Hungry
Lion B3 is Hungry
Lion A0 is Hungry
Rabbit C0 is Thirsty
Rabbit C0 drank water
Rabbit C0m is running away from: LionB3
Rabbit C0 m is ready to mate
Not enough female Rabbits or Female Rabbit partners are not ready yet!
Rabbit B0f is running away from: LionA1
Rabbit A1 is Thirsty
Rabbit A1 drank water
Rabbit A1m is running away from: LionA1
Rabbit A1 m is ready to mate
Not enough female Rabbits or Female Rabbit partners are not ready yet!
Rabbit B2 is Thirsty
Rabbit B2 drank water
Rabbit B2m is running away from: LionA1
Rabbit B2 is Hungry
Rabbit B2m ate
Rabbit B2 m is ready to mate
Not enough female Rabbits or Female Rabbit partners are not ready yet!
Rabbit A5m is running away from: LionA1
Lion A1 is Hungry
LionA1m died of hunger
LionA1mis chasing: A1m
Lion A1 m is ready to mate
No Female Lion Partner or Female Lion partners are not ready to mate Yet!
Lion C4 is Hungry
Lion B3 is Hungry
LionB3f died of hunger
Lion A0 is Hungry
Rabbit C0 is Thirsty
Rabbit C0 drank water
Rabbit C0m is running away from: LionC4
Rabbit C0 is Hungry
Rabbit C0m ate
Rabbit C0 m is ready to mate
Not enough female Rabbits or Female Rabbit partners are not ready yet!
Rabbit B0f is running away from: LionC4
Rabbit B0 is Hungry
Rabbit B0f ate
Rabbit A1m is running away from: LionC4
Rabbit A1 is Hungry
Rabbit A1m ate
Rabbit A1 m is ready to mate
Not enough female Rabbits or Female Rabbit partners are not ready yet!
Rabbit B2 is Thirsty
Rabbit B2 drank water
Rabbit B2m is running away from: LionC4
Rabbit B2 m is ready to mate
Not enough female Rabbits or Female Rabbit partners are not ready yet!
Rabbit A5m is running away from: LionC4
Lion C4 is Hungry
Lion A0 is Hungry
Rabbit C0m is running away from: LionC4
Rabbit C0 m is ready to mate
Not enough female Rabbits or Female Rabbit partners are not ready yet!
Rabbit B0f is running away from: LionC4
Rabbit B0 f is ready to mate
Rabbit A1m is running away from: LionC4
Rabbit A1 m is ready to mate
Rabbit A1 m is approaching partner: Rabbit B0f
Rabbit B2 is Thirsty
Rabbit B2 drank water
Rabbit B2m is running away from: LionC4
Rabbit B2 m is ready to mate
Rabbit B2 m is approaching partner: Rabbit B0f
Rabbit A5m is running away from: LionC4
Rabbit A5 is Hungry
Rabbit A5m ate
Rabbit A5 m is ready to mate
Rabbit A5 m is approaching partner: Rabbit B0f
Lion C4 is Hungry
Lion A0 is Hungry
Rabbit C0m is running away from: LionC4
Rabbit C0 m is ready to mate
Rabbit C0 m is approaching partner: Rabbit B0f
Rabbit B0f is running away from: LionC4
Rabbit B0 f is ready to mate
Rabbit A1m is running away from: LionC4
Rabbit A1 m is ready to mate
Rabbit A1 m is approaching partner: Rabbit B0f
Rabbit B2 is Thirsty
Rabbit B2 drank water
Rabbit B2m is running away from: LionC4
Rabbit B2 is Hungry
Rabbit B2m ate
Rabbit B2 m is ready to mate
Rabbit B2 m is approaching partner: Rabbit B0f
Rabbit A5m is running away from: LionC4
Rabbit A5 m is ready to mate
Rabbit A5 m is approaching partner: Rabbit B0f
Lion C4 is Hungry
Lion A0 is Hungry
Rabbit C0m is running away from: LionC4
Rabbit C0 is Hungry
Rabbit C0m ate
Rabbit C0 m is ready to mate
Rabbit C0 m is approaching partner: Rabbit B0f
Rabbit B0f is running away from: LionC4
Rabbit B0 is Hungry
Rabbit B0f ate
Rabbit B0 f is ready to mate
Rabbit A1m is running away from: LionC4
Rabbit A1 is Hungry
Rabbit A1 m is ready to mate
Rabbit A1 m is approaching partner: Rabbit B0f
Rabbit B2 is Thirsty
Rabbit B2 drank water
Rabbit B2m is running away from: LionC4
Rabbit B2 m is ready to mate
Rabbit B2 m is approaching partner: Rabbit B0f
Rabbit B3 f was born!Father is B2 and Mother is B0
Rabbit A5m is running away from: LionC4
Rabbit A5 m is ready to mate
Not enough female Rabbits or Female Rabbit partners are not ready yet!
Lion C4 is Hungry
Lion A0 is Hungry
Rabbit C0m is running away from: LionC4
Rabbit C0 m is ready to mate
Not enough female Rabbits or Female Rabbit partners are not ready yet!
Rabbit B0f is running away from: LionC4
Rabbit A1m is running away from: LionC4
Rabbit A1 is Hungry
Rabbit A1m ate
Rabbit A1 m is ready to mate
Not enough female Rabbits or Female Rabbit partners are not ready yet!
Rabbit B2 is Thirsty
Rabbit B2 drank water
Rabbit B2m is running away from: LionC4
Rabbit B2 m is ready to mate
Not enough female Rabbits or Female Rabbit partners are not ready yet!
Rabbit A5 is Thirsty
Rabbit A5 drank water
Rabbit A5m is running away from: LionC4
Rabbit A5 is Hungry
Rabbit A5m ate
Rabbit A5 m is ready to mate
Not enough female Rabbits or Female Rabbit partners are not ready yet!
Rabbit B3f is running away from: LionC4
Lion C4 is Hungry
Lion A0 is Hungry
Rabbit C0m is running away from: LionC4
Rabbit C0 m is ready to mate
Not enough female Rabbits or Female Rabbit partners are not ready yet!
Rabbit B0f is running away from: LionC4
Rabbit A1m is running away from: LionC4
Rabbit A1 m is ready to mate
Not enough female Rabbits or Female Rabbit partners are not ready yet!
Rabbit B2 is Thirsty
Rabbit B2 drank water
Rabbit B2m is running away from: LionC4
Rabbit B2 is Hungry
Rabbit B2m ate
Rabbit B2 m is ready to mate
Not enough female Rabbits or Female Rabbit partners are not ready yet!
Rabbit A5 is Thirsty
Rabbit A5 drank water
Rabbit A5m is running away from: LionC4
Rabbit A5 m is ready to mate
Not enough female Rabbits or Female Rabbit partners are not ready yet!
Rabbit B3f is running away from: LionC4
Lion C4 is Hungry
LionC4m died of hunger
Lion A0 is Hungry
Rabbit C0m is running away from: LionA0
Rabbit C0 is Hungry
Rabbit C0 m is ready to mate
Not enough female Rabbits or Female Rabbit partners are not ready yet!
Rabbit B0f is running away from: LionA0
Rabbit B0 is Hungry
Rabbit A1m is running away from: LionA0
Rabbit A1 m is ready to mate
Not enough female Rabbits or Female Rabbit partners are not ready yet!
Rabbit B2 is Thirsty
Rabbit B2 drank water
Rabbit B2m is running away from: LionA0
Rabbit B2 m is ready to mate
Not enough female Rabbits or Female Rabbit partners are not ready yet!
Rabbit A5 is Thirsty
Rabbit A5 drank water
Rabbit A5m is running away from: LionA0
Rabbit A5 m is ready to mate
Not enough female Rabbits or Female Rabbit partners are not ready yet!
Rabbit B3f is running away from: LionA0
Rabbit B3 is Hungry
Rabbit B3f ate
Lion A0 is Hungry
Rabbit C0m is running away from: LionA0
Rabbit C0 is Hungry
Rabbit C0 m is ready to mate
Not enough female Rabbits or Female Rabbit partners are not ready yet!
Rabbit B0f is running away from: LionA0
Rabbit B0 is Hungry
Rabbit A1m is running away from: LionA0
Rabbit A1 is Hungry
Rabbit A1 m is ready to mate
Not enough female Rabbits or Female Rabbit partners are not ready yet!
Rabbit B2 is Thirsty
Rabbit B2 drank water
Rabbit B2m is running away from: LionA0
Rabbit B2 m is ready to mate
Not enough female Rabbits or Female Rabbit partners are not ready yet!
Rabbit A5 is Thirsty
Rabbit A5 drank water
Rabbit A5m is running away from: LionA0
Rabbit A5 is Hungry
Rabbit A5 m is ready to mate
Not enough female Rabbits or Female Rabbit partners are not ready yet!
Rabbit B3f is running away from: LionA0
Lion A0 is Hungry
Rabbit C0m is running away from: LionA0
Rabbit C0 is Hungry
RabbitC0m died of hunger
Rabbit C0 m is ready to mate
Not enough female Rabbits or Female Rabbit partners are not ready yet!
Rabbit B0 is Thirsty
Rabbit B0 drank water
Rabbit B0f is running away from: LionA0
Rabbit B0 is Hungry
RabbitB0f died of hunger
Rabbit A1m is running away from: LionA0
Rabbit A1 is Hungry
Rabbit A1 m is ready to mate
Not enough female Rabbits or Female Rabbit partners are not ready yet!
Rabbit B2 is Thirsty
Rabbit B2 drank water
Rabbit B2m is running away from: LionA0
Rabbit B2 is Hungry
Rabbit B2 m is ready to mate
Not enough female Rabbits or Female Rabbit partners are not ready yet!
Rabbit A5 is Thirsty
Rabbit A5 drank water
Rabbit A5m is running away from: LionA0
Rabbit A5 is Hungry
Rabbit A5 m is ready to mate
Not enough female Rabbits or Female Rabbit partners are not ready yet!
Rabbit B3f is running away from: LionA0
Lion A0 is Thirsty
Lion A0 drank water
Lion A0 is Hungry
LionA0m died of hunger
Rabbit A1 is Thirsty
Rabbit A1 drank water
Rabbit A1 is Hungry
RabbitA1m died of hunger
Rabbit A1 m is ready to mate
Not enough female Rabbits or Female Rabbit partners are not ready yet!
Rabbit B2 is Thirsty
Rabbit B2 drank water
Rabbit B2 is Hungry
Rabbit B2 m is ready to mate
Not enough female Rabbits or Female Rabbit partners are not ready yet!
Rabbit A5 is Thirsty
Rabbit A5 drank water
Rabbit A5 is Hungry
RabbitA5m died of hunger
Rabbit A5m ate
Rabbit A5 m is ready to mate
Not enough female Rabbits or Female Rabbit partners are not ready yet!
Rabbit B3 is Hungry
Rabbit B3 f is ready to mate
Rabbit B2 is Thirsty
Rabbit B2 drank water
Rabbit B2 is Hungry
RabbitB2m died of hunger
Rabbit B2m ate
Rabbit B2 m is ready to mate
Rabbit B2 m is approaching partner: Rabbit B3f
Rabbit B3 is Hungry
Rabbit B3f ate
Rabbit B3 f is ready to mate
Rabbit B3 f is ready to mate
Rabbit B3 f is ready to mate
Rabbit B3 is Thirsty
Rabbit B3 drank water
Rabbit B3 is Hungry
Rabbit B3 f is ready to mate
Rabbit B3 is Thirsty
Rabbit B3 drank water
Rabbit B3 is Hungry
Rabbit B3f ate
Rabbit B3 f is ready to mate
Rabbit B3 is Thirsty
Rabbit B3 drank water
Rabbit B3 f is ready to mate
Rabbit B3 is Thirsty
Rabbit B3 drank water
Rabbit B3 f is ready to mate
Rabbit B3 is Thirsty
Rabbit B3 drank water
Rabbit B3 is Hungry
Rabbit B3f ate
Rabbit B3 f is ready to mate
Rabbit B3 is Thirsty
Rabbit B3 drank water
Rabbit B3 f is ready to mate
Rabbit B3 is Thirsty
Rabbit B3 drank water
Rabbit B3 f is ready to mate
Rabbit B3 is Thirsty
Rabbit B3 drank water
Rabbit B3 is Hungry
Rabbit B3f ate
Rabbit B3 f is ready to mate
Rabbit B3 is Thirsty
Rabbit B3 drank water
Rabbit B3 f is ready to mate
Rabbit B3 is Thirsty
Rabbit B3 drank water
Rabbit B3 f is ready to mate
Rabbit B3 is Thirsty
Rabbit B3 drank water
Rabbit B3 is Hungry
Rabbit B3f ate
Rabbit B3 f is ready to mate
Rabbit B3 is Thirsty
Rabbit B3 drank water
Rabbit B3 f is ready to mate
Rabbit B3 is Thirsty
Rabbit B3 drank water
Rabbit B3 f is ready to mate
