Wolf C5f is running away from: LionB5
Wolf B0f is running away from: LionB2
Wolf B4m is running away from: LionC1
Wolf C2m is running away from: LionC1
Wolf C2m ate!
Rabbit B2f is running away from: LionB5
Rabbit B2f is running away from: WolfC5
Rabbit B2 f is ready to mate
Rabbit B0m is running away from: LionB5
Rabbit B0m is running away from: WolfC5
Rabbit B0 m is ready to mate
Rabbit B0 m is approaching partner: Rabbit B2f
Rabbit B3m is running away from: LionB5
Rabbit B3m is running away from: WolfC5
Rabbit B3 m is ready to mate
Rabbit B3 m is approaching partner: Rabbit B2f
Rabbit A3m is running away from: LionC3
Rabbit A3m is running away from: WolfC2
Rabbit A3 m is ready to mate
Rabbit A3 m is approaching partner: Rabbit B2f
Rabbit C2f is running away from: LionC3
Rabbit C2f is running away from: WolfC2
Rabbit C2 f is ready to mate
Rabbit A4m is running away from: LionB2
Rabbit A4m is running away from: WolfC5
Rabbit A4 m is ready to mate
Rabbit A4 m is approaching partner: Rabbit B2f
Rabbit A1m is running away from: LionB2
Rabbit A1m is running away from: WolfB4
Rabbit A1 m is ready to mate
Rabbit A1 m is approaching partner: Rabbit B2f
Rabbit B2f is running away from: LionB2
Rabbit B2f is running away from: WolfB4
Rabbit B2 f is ready to mate
Rabbit A3f is running away from: LionC3
Rabbit A3f is running away from: WolfC2
Rabbit A3 f is ready to mate
Rabbit C2f is running away from: LionB5
Rabbit C2f is running away from: WolfB0
Rabbit C2 f is ready to mate
Rabbit B2m is running away from: LionC3
Rabbit B2m is running away from: WolfC2
Rabbit B2 m is ready to mate
Rabbit B2 m is approaching partner: Rabbit C2f
Rabbit A3m is running away from: LionC3
Rabbit A3m is running away from: WolfB4
Rabbit A3 m is ready to mate
Rabbit A3 m is approaching partner: Rabbit C2f
Rabbit B5f is running away from: LionC3
Rabbit B5f is running away from: WolfB4
Rabbit B5 f is ready to mate
Rabbit C3f is running away from: LionC1
Rabbit C3f is running away from: WolfB4
Rabbit C3 f is ready to mate
Wolf C5f is running away from: LionB5
Wolf C5 is Hungry
Wolf C5f is chasing: B0m
Wolf B0f is running away from: LionB2
Wolf B0 is Hungry
Wolf B0f is chasing: C2f
Wolf B4m is running away from: LionC1
Wolf B4 is Hungry
Wolf B4m is chasing: C3f
Wolf C2m is running away from: LionC1
Rabbit B2f is running away from: LionB5
Rabbit B2f is running away from: WolfB0
Rabbit B2 is Hungry
Rabbit B2f ate
Rabbit B2 f is ready to mate
Rabbit B0m is running away from: LionB5
Rabbit B0m is running away from: WolfC5
Rabbit B0 is Hungry
Rabbit B0m ate
Rabbit B0 m is ready to mate
Rabbit B0 m is approaching partner: Rabbit C2f
Rabbit B3m is running away from: LionB5
Rabbit B3m is running away from: WolfC5
Rabbit B3 is Hungry
Rabbit B3m ate
Rabbit B3 m is ready to mate
Rabbit B3 m is approaching partner: Rabbit C2f
Rabbit A3m is running away from: LionC3
Rabbit A3m is running away from: WolfC2
Rabbit A3 is Hungry
Rabbit A3m ate
Rabbit A3 m is ready to mate
Rabbit A3 m is approaching partner: Rabbit A3f
Rabbit C2f is running away from: LionC3
Rabbit C2f is running away from: WolfC2
Rabbit C2 is Hungry
Rabbit C2f ate
Rabbit C2 f is ready to mate
Rabbit A4m is running away from: LionB5
Rabbit A4m is running away from: WolfC5
Rabbit A4 is Hungry
Rabbit A4m ate
Rabbit A4 m is ready to mate
Rabbit A4 m is approaching partner: Rabbit B2f
Rabbit A1m is running away from: LionB2
Rabbit A1m is running away from: WolfC5
Rabbit A1 is Hungry
Rabbit A1m ate
Rabbit A1 m is ready to mate
Rabbit A1 m is approaching partner: Rabbit B2f
Rabbit B2f is running away from: LionB2
Rabbit B2f is running away from: WolfB4
Rabbit B2 is Hungry
Rabbit B2f ate
Rabbit B2 f is ready to mate
Rabbit A3f is running away from: LionC3
Rabbit A3f is running away from: WolfC2
Rabbit A3 is Hungry
Rabbit A3f ate
Rabbit A3 f is ready to mate
Rabbit C2f is running away from: LionB5
Rabbit C2f is running away from: WolfB0
Rabbit C2 is Hungry
Rabbit C2f ate
Rabbit C2 f is ready to mate
Rabbit B2m is running away from: LionC3
Rabbit B2m is running away from: WolfC2
Rabbit B2 is Hungry
Rabbit B2m ate
Rabbit B2 m is ready to mate
Rabbit B2 m is approaching partner: Rabbit C3f
Rabbit A3m is running away from: LionC3
Rabbit A3m is running away from: WolfB4
Rabbit A3 is Hungry
Rabbit A3m ate
Rabbit A3 m is ready to mate
Rabbit A3 m is approaching partner: Rabbit B5f
Rabbit B5f is running away from: LionC3
Rabbit B5f is running away from: WolfB4
Rabbit B5 is Hungry
Rabbit B5f ate
Rabbit B5 f is ready to mate
Rabbit C3f is running away from: LionC1
Rabbit C3f is running away from: WolfC2
Rabbit C3 is Hungry
Rabbit C3f ate
Rabbit C3 f is ready to mate
Wolf C5f is running away from: LionB5
Wolf C5 is Hungry
Wolf C5f is chasing: B0m
Wolf B0f is running away from: LionB5
Wolf B0 is Hungry
Wolf B0f is chasing: B2m
Wolf B4m is running away from: LionC1
Wolf B4 is Hungry
Wolf B4m is chasing: C3f
Wolf C2m is running away from: LionC3
Wolf C2 is Hungry
Wolf C2m is chasing: B2m
Wolf C2m ate!
Rabbit B2f is running away from: LionB5
Rabbit B2f is running away from: WolfB0
Rabbit B2 f is ready to mate
Rabbit B0m is running away from: LionB5
Rabbit B0m is running away from: WolfC5
Rabbit B0 m is ready to mate
Rabbit B0 m is approaching partner: Rabbit C2f
Rabbit B3m is running away from: LionB5
Rabbit B3m is running away from: WolfC5
Rabbit B3 m is ready to mate
Rabbit B3 m is approaching partner: Rabbit C2f
Rabbit A3m is running away from: LionC3
Rabbit A3m is running away from: WolfC2
Rabbit A3 m is ready to mate
Rabbit A3 m is approaching partner: Rabbit A3f
Rabbit B4 f was born!Father is A3 and Mother is A3
Rabbit C2f is running away from: LionC3
Rabbit C2f is running away from: WolfB4
Rabbit C2 f is ready to mate
Rabbit A4m is running away from: LionB2
Rabbit A4m is running away from: WolfB4
Rabbit A4 m is ready to mate
Rabbit A4 m is approaching partner: Rabbit B2f
Rabbit C3 f was born!Father is A4 and Mother is B2
Rabbit A1m is running away from: LionB2
Rabbit A1m is running away from: WolfB4
Rabbit A1 m is ready to mate
Rabbit A1 m is approaching partner: Rabbit C2f
Rabbit B2f is running away from: LionB2
Rabbit B2f is running away from: WolfB4
Rabbit A3f is running away from: LionC3
Rabbit A3f is running away from: WolfC2
Rabbit C2f is running away from: LionB5
Rabbit C2f is running away from: WolfC5
Rabbit C2 f is ready to mate
Rabbit A3m is running away from: LionC3
Rabbit A3m is running away from: WolfB4
Rabbit A3 m is ready to mate
Rabbit A3 m is approaching partner: Rabbit B5f
Rabbit B5f is running away from: LionC3
Rabbit B5f is running away from: WolfB4
Rabbit B5 f is ready to mate
Rabbit C3f is running away from: LionC1
Rabbit C3f is running away from: WolfB4
Rabbit C3 f is ready to mate
Wolf C5f is running away from: LionB5
Wolf C5 is Hungry
Wolf C5f is chasing: B0m
Wolf B0f is running away from: LionB5
Wolf B0 is Hungry
Wolf B0f is chasing: C2f
Wolf B4m is running away from: LionC1
Wolf B4 is Hungry
Wolf B4m is chasing: C3f
Wolf C2m is running away from: LionC3
Rabbit B2f is running away from: LionB5
Rabbit B2f is running away from: WolfC5
Rabbit B2 is Hungry
Rabbit B2f ate
Rabbit B2 f is ready to mate
Rabbit B0m is running away from: LionB5
Rabbit B0m is running away from: WolfC5
Rabbit B0 is Hungry
Rabbit B0m ate
Rabbit B0 m is ready to mate
Rabbit B0 m is approaching partner: Rabbit B2f
Rabbit B3m is running away from: LionB5
Rabbit B3m is running away from: WolfC5
Rabbit B3 is Hungry
Rabbit B3m ate
Rabbit B3 m is ready to mate
Rabbit B3 m is approaching partner: Rabbit C2f
Rabbit A3m is running away from: LionC3
Rabbit A3m is running away from: WolfC2
Rabbit A3 is Hungry
Rabbit A3m ate
Rabbit A3 m is ready to mate
Rabbit A3 m is approaching partner: Rabbit C2f
Rabbit C2f is running away from: LionC3
Rabbit C2f is running away from: WolfB4
Rabbit C2 is Hungry
Rabbit C2f ate
Rabbit C2 f is ready to mate
Rabbit A4m is running away from: LionB2
Rabbit A4m is running away from: WolfC5
Rabbit A4 is Hungry
Rabbit A4 m is ready to mate
Rabbit A4 m is approaching partner: Rabbit C2f
Rabbit A1m is running away from: LionB2
Rabbit A1m is running away from: WolfC5
Rabbit A1 is Hungry
Rabbit A1m ate
Rabbit A1 m is ready to mate
Rabbit A1 m is approaching partner: Rabbit C2f
Rabbit B2f is running away from: LionB2
Rabbit B2f is running away from: WolfC5
Rabbit B2 is Hungry
Rabbit A3f is running away from: LionC3
Rabbit A3f is running away from: WolfB4
Rabbit A3 is Hungry
Rabbit C2f is running away from: LionB5
Rabbit C2f is running away from: WolfB0
Rabbit C2 is Hungry
Rabbit C2f ate
Rabbit C2 f is ready to mate
Rabbit A3m is running away from: LionC3
Rabbit A3m is running away from: WolfB4
Rabbit A3 is Hungry
Rabbit A3m ate
Rabbit A3 m is ready to mate
Rabbit A3 m is approaching partner: Rabbit B5f
Rabbit B5f is running away from: LionC3
Rabbit B5f is running away from: WolfB4
Rabbit B5 is Hungry
Rabbit B5f ate
Rabbit B5 f is ready to mate
Rabbit C3f is running away from: LionC3
Rabbit C3f is running away from: WolfB4
Rabbit C3 is Hungry
Rabbit C3f ate
Rabbit C3 f is ready to mate
Rabbit B4f is running away from: LionC3
Rabbit B4f is running away from: WolfB4
Rabbit C3f is running away from: LionB2
Rabbit C3f is running away from: WolfB4
Lion B2 is Hungry
LionB2mis chasing: A4m
Lion C1 is Hungry
LionC1fis chasing: C3f
Lion C3 is Hungry
LionC3mis chasing: C3f
Lion B5 is Hungry
LionB5mis chasing: B3m
Wolf C5f is running away from: LionB5
Wolf C5 is Hungry
Wolf C5f is chasing: B0m
Wolf B0f is running away from: LionC1
Wolf B0 is Hungry
Wolf B0f is chasing: C3f
Wolf B4m is running away from: LionC1
Wolf B4 is Hungry
Wolf B4m is chasing: C3f
Wolf C2m is running away from: LionC3
Wolf C2 is Hungry
Wolf C2m is chasing: C3f
Rabbit B2f is running away from: LionB5
Rabbit B2f is running away from: WolfC5
Rabbit B2 f is ready to mate
Rabbit B0m is running away from: LionB5
Rabbit B0m is running away from: WolfC5
Rabbit B0 m is ready to mate
Rabbit B0 m is approaching partner: Rabbit C2f
Rabbit B3m is running away from: LionB5
Rabbit B3m is running away from: WolfC5
Rabbit B3 m is ready to mate
Rabbit B3 m is approaching partner: Rabbit C2f
Rabbit A3m is running away from: LionC3
Rabbit A3m is running away from: WolfB4
Rabbit A3 m is ready to mate
Rabbit A3 m is approaching partner: Rabbit C2f
Rabbit C2f is running away from: LionC3
Rabbit C2f is running away from: WolfB4
Rabbit C2 f is ready to mate
Rabbit A4m is running away from: LionB2
Rabbit A4m is running away from: WolfC5
Rabbit A4 is Hungry
Rabbit A4m ate
Rabbit A4 m is ready to mate
Rabbit A4 m is approaching partner: Rabbit C3f
Rabbit A1m is running away from: LionB2
Rabbit A1m is running away from: WolfC5
Rabbit A1 m is ready to mate
Rabbit A1 m is approaching partner: Rabbit C2f
Rabbit B2f is running away from: LionB2
Rabbit B2f is running away from: WolfB4
Rabbit B2 is Hungry
Rabbit A3f is running away from: LionC3
Rabbit A3f is running away from: WolfB4
Rabbit A3 is Hungry
Rabbit C2f is running away from: LionB5
Rabbit C2f is running away from: WolfC5
Rabbit C2 f is ready to mate
Rabbit A3m is running away from: LionC3
Rabbit A3m is running away from: WolfB4
Rabbit A3 m is ready to mate
Rabbit A3 m is approaching partner: Rabbit B5f
Rabbit B0 m was born!Father is A3 and Mother is B5
Rabbit B5f is running away from: LionC3
Rabbit B5f is running away from: WolfB4
Rabbit C3f is running away from: LionC1
Rabbit C3f is running away from: WolfB4
Rabbit C3 f is ready to mate
Rabbit B4f is running away from: LionC3
Rabbit B4f is running away from: WolfC2
Rabbit B4 is Hungry
Rabbit B4f ate
Rabbit C3f is running away from: LionB2
Rabbit C3f is running away from: WolfC5
Rabbit C3 is Hungry
Lion B2 is Hungry
LionB2mis chasing: A4m
Lion B2 m is ready to mate
Lion C1 is Hungry
LionC1fis chasing: C3f
Lion C1 f is ready to mate
Lion C3 is Hungry
LionC3mis chasing: C3f
Lion C3 m is ready to mate
Lion B5 is Hungry
LionB5mis chasing: B3m
Lion B5 m is ready to mate
Wolf C5f is running away from: LionB5
Wolf C5 is Hungry
Wolf C5f is chasing: B0m
Wolf B0f is running away from: LionC1
Wolf B0 is Hungry
Wolf B0f is chasing: C3f
Wolf B4m is running away from: LionC1
Wolf B4 is Hungry
Wolf B4m is chasing: C3f
Wolf C2m is running away from: LionC3
Wolf C2 is Hungry
Wolf C2m is chasing: C3f
Rabbit B2f is running away from: LionB5
Rabbit B2f is running away from: WolfC5
Rabbit B2 is Hungry
Rabbit B2f ate
Rabbit B2 f is ready to mate
Rabbit B0m is running away from: LionB5
Rabbit B0m is running away from: WolfC5
Rabbit B0 is Hungry
Rabbit B0m ate
Rabbit B0 m is ready to mate
Rabbit B0 m is approaching partner: Rabbit B2f
Rabbit B3m is running away from: LionB5
Rabbit B3m is running away from: WolfC5
Rabbit B3 is Hungry
Rabbit B3 m is ready to mate
Rabbit B3 m is approaching partner: Rabbit C2f
Rabbit A3m is running away from: LionC3
Rabbit A3m is running away from: WolfB4
Rabbit A3 is Hungry
Rabbit A3m ate
Rabbit A3 m is ready to mate
Rabbit A3 m is approaching partner: Rabbit C2f
Rabbit C2f is running away from: LionC3
Rabbit C2f is running away from: WolfB4
Rabbit C2 is Hungry
Rabbit C2f ate
Rabbit C2 f is ready to mate
Rabbit A4m is running away from: LionB2
Rabbit A4m is running away from: WolfC5
Rabbit A4 m is ready to mate
Rabbit A4 m is approaching partner: Rabbit C3f
Rabbit A1m is running away from: LionB2
Rabbit A1m is running away from: WolfC5
Rabbit A1 is Hungry
Rabbit A1m ate
Rabbit A1 m is ready to mate
Rabbit A1 m is approaching partner: Rabbit C2f
Rabbit B2f is running away from: LionB2
Rabbit B2f is running away from: WolfC5
Rabbit B2 is Hungry
Rabbit A3f is running away from: LionC3
Rabbit A3f is running away from: WolfB4
Rabbit A3 is Hungry
Rabbit C2f is running away from: LionB5
Rabbit C2f is running away from: WolfC5
Rabbit C2 is Hungry
Rabbit C2f ate
Rabbit C2 f is ready to mate
Rabbit A3m is running away from: LionC1
Rabbit A3m is running away from: WolfB4
Rabbit A3 is Hungry
Rabbit A3m ate
Rabbit A3 m is ready to mate
Rabbit A3 m is approaching partner: Rabbit C2f
Rabbit C2 f was born!Father is A3 and Mother is C2
Rabbit B5f is running away from: LionC1
Rabbit B5f is running away from: WolfB4
Rabbit B5 is Hungry
Rabbit C3f is running away from: LionC1
Rabbit C3f is running away from: WolfC2
Rabbit C3 is Hungry
Rabbit C3f ate
Rabbit C3 f is ready to mate
Rabbit B4f is running away from: LionC3
Rabbit B4f is running away from: WolfC2
Rabbit C3f is running away from: LionB2
Rabbit C3f is running away from: WolfC5
Rabbit C3 is Hungry
Rabbit B0m is running away from: LionC3
Rabbit B0m is running away from: WolfB4
Lion B2 is Hungry
LionB2mis chasing: A4m
Lion B2 m is ready to mate
Lion C1 is Hungry
LionC1fis chasing: C3f
Lion C1f ate!
Lion C1 f is ready to mate
Lion C3 is Hungry
LionC3mis chasing: C2m
Lion C3 m is ready to mate
Lion B5 is Hungry
LionB5mis chasing: B3m
Lion B5 m is ready to mate
Wolf C5f is running away from: LionB5
Wolf C5 is Hungry
WolfC5f died of hunger
Wolf C5f is chasing: B0m
Wolf B0f is running away from: LionC1
Wolf B0 is Hungry
WolfB0f died of hunger
Wolf B0f is chasing: C2f
Wolf B4m is running away from: LionC1
Wolf B4 is Hungry
WolfB4m died of hunger
Wolf B4m is chasing: C2f
Wolf C2m is running away from: LionC3
Wolf C2 is Hungry
Wolf C2m is chasing: C2f
Rabbit B2 is Thirsty
Rabbit B2 drank water
Rabbit B2f is running away from: LionB5
Rabbit B2f is running away from: WolfC2
Rabbit B2 f is ready to mate
Rabbit B0 is Thirsty
Rabbit B0 drank water
Rabbit B0m is running away from: LionB5
Rabbit B0m is running away from: WolfC2
Rabbit B0 m is ready to mate
Rabbit B0 m is approaching partner: Rabbit B2f
Rabbit B3 is Thirsty
Rabbit B3 drank water
Rabbit B3m is running away from: LionB5
Rabbit B3m is running away from: WolfC2
Rabbit B3 is Hungry
Rabbit B3m ate
Rabbit B3 m is ready to mate
Rabbit B3 m is approaching partner: Rabbit C2f
Rabbit A3 is Thirsty
Rabbit A3 drank water
Rabbit A3m is running away from: LionC3
Rabbit A3m is running away from: WolfC2
Rabbit A3 m is ready to mate
Rabbit A3 m is approaching partner: Rabbit C2f
Rabbit C2 is Thirsty
Rabbit C2 drank water
Rabbit C2f is running away from: LionC3
Rabbit C2f is running away from: WolfC2
Rabbit A4 is Thirsty
Rabbit A4 drank water
Rabbit A4m is running away from: LionB2
Rabbit A4m is running away from: WolfC2
Rabbit A4 is Hungry
Rabbit A4 m is ready to mate
Rabbit A4 m is approaching partner: Rabbit C2f
Rabbit A1 is Thirsty
Rabbit A1 drank water
Rabbit A1m is running away from: LionB5
Rabbit A1m is running away from: WolfC2
Rabbit A1 m is ready to mate
Rabbit A1 m is approaching partner: Rabbit C2f
Rabbit B2 is Thirsty
Rabbit B2 drank water
Rabbit B2f is running away from: LionB2
Rabbit B2f is running away from: WolfC2
Rabbit B2 is Hungry
Rabbit B2 f is ready to mate
Rabbit A3 is Thirsty
Rabbit A3 drank water
Rabbit A3f is running away from: LionC3
Rabbit A3f is running away from: WolfC2
Rabbit A3 is Hungry
Rabbit A3 f is ready to mate
Rabbit C2 is Thirsty
Rabbit C2 drank water
Rabbit C2f is running away from: LionB5
Rabbit C2f is running away from: WolfC2
Rabbit C2 f is ready to mate
Rabbit A3 is Thirsty
Rabbit A3 drank water
Rabbit A3m is running away from: LionC3
Rabbit A3m is running away from: WolfC2
Rabbit A3 m is ready to mate
Rabbit A3 m is approaching partner: Rabbit A3f
Rabbit B5 is Thirsty
Rabbit B5 drank water
Rabbit B5f is running away from: LionC3
Rabbit B5f is running away from: WolfC2
Rabbit B5 is Hungry
Rabbit B4f is running away from: LionC3
Rabbit B4f is running away from: WolfC2
Rabbit B4 is Hungry
Rabbit B4 f is ready to mate
Rabbit C3f is running away from: LionB2
Rabbit C3f is running away from: WolfC2
Rabbit C3 is Hungry
Rabbit C3f ate
Rabbit C3 f is ready to mate
Rabbit B0m is running away from: LionC3
Rabbit B0m is running away from: WolfC2
Rabbit B0 is Hungry
Rabbit C2f is running away from: LionC3
Rabbit C2f is running away from: WolfC2
Lion B2 is Hungry
LionB2mis chasing: A4m
Lion B2 m is ready to mate
Lion C1 f is ready to mate
Lion C3 is Hungry
LionC3mis chasing: C2m
Lion C3 m is ready to mate
Lion B5 is Hungry
LionB5mis chasing: B3m
Lion B5 m is ready to mate
Wolf C2m is running away from: LionC3
Wolf C2 is Hungry
Wolf C2m is chasing: A4m
Rabbit B2 is Thirsty
Rabbit B2 drank water
Rabbit B2f is running away from: LionB5
Rabbit B2f is running away from: WolfC2
Rabbit B2 is Hungry
Rabbit B2 f is ready to mate
Rabbit B0 is Thirsty
Rabbit B0 drank water
Rabbit B0m is running away from: LionB5
Rabbit B0m is running away from: WolfC2
Rabbit B0 is Hungry
Rabbit B0m ate
Rabbit B0 m is ready to mate
Rabbit B0 m is approaching partner: Rabbit C2f
Rabbit B3 is Thirsty
Rabbit B3 drank water
Rabbit B3m is running away from: LionB5
Rabbit B3m is running away from: WolfC2
Rabbit B3 m is ready to mate
Rabbit B3 m is approaching partner: Rabbit B2f
Rabbit A3 is Thirsty
Rabbit A3 drank water
Rabbit A3m is running away from: LionC3
Rabbit A3m is running away from: WolfC2
Rabbit A3 is Hungry
Rabbit A3 m is ready to mate
Rabbit A3 m is approaching partner: Rabbit A3f
Rabbit C2 is Thirsty
Rabbit C2 drank water
Rabbit C2f is running away from: LionC1
Rabbit C2f is running away from: WolfC2
Rabbit C2 is Hungry
Rabbit A4 is Thirsty
Rabbit A4 drank water
Rabbit A4m is running away from: LionB2
Rabbit A4m is running away from: WolfC2
Rabbit A4 is Hungry
Rabbit A4 m is ready to mate
Rabbit A4 m is approaching partner: Rabbit B2f
Rabbit A1 is Thirsty
Rabbit A1 drank water
Rabbit A1m is running away from: LionB5
Rabbit A1m is running away from: WolfC2
Rabbit A1 is Hungry
Rabbit A1m ate
Rabbit A1 m is ready to mate
Rabbit A1 m is approaching partner: Rabbit B2f
Rabbit B2 is Thirsty
Rabbit B2 drank water
Rabbit B2f is running away from: LionB2
Rabbit B2f is running away from: WolfC2
Rabbit B2 is Hungry
RabbitB2f died of hunger
Rabbit B2 f is ready to mate
Rabbit A3 is Thirsty
Rabbit A3 drank water
Rabbit A3f is running away from: LionC3
Rabbit A3f is running away from: WolfC2
Rabbit A3 is Hungry
RabbitA3f died of hunger
Rabbit A3 f is ready to mate
Rabbit C2 is Thirsty
Rabbit C2 drank water
Rabbit C2f is running away from: LionB5
Rabbit C2f is running away from: WolfC2
Rabbit C2 is Hungry
Rabbit C2f ate
Rabbit C2 f is ready to mate
Rabbit A3 is Thirsty
Rabbit A3 drank water
Rabbit A3m is running away from: LionC1
Rabbit A3m is running away from: WolfC2
Rabbit A3 is Hungry
Rabbit A3 m is ready to mate
Rabbit A3 m is approaching partner: Rabbit B4f
Rabbit B5 is Thirsty
Rabbit B5 drank water
Rabbit B5f is running away from: LionC1
Rabbit B5f is running away from: WolfC2
Rabbit B5 is Hungry
Rabbit B5 f is ready to mate
Rabbit B4f is running away from: LionC3
Rabbit B4f is running away from: WolfC2
Rabbit B4 is Hungry
Rabbit B4 f is ready to mate
Rabbit C3f is running away from: LionB2
Rabbit C3f is running away from: WolfC2
Rabbit C3 f is ready to mate
Rabbit B0m is running away from: LionC1
Rabbit B0m is running away from: WolfC2
Rabbit B0 is Hungry
Rabbit B0 m is ready to mate
Rabbit B0 m is approaching partner: Rabbit B5f
Rabbit C2f is running away from: LionC1
Rabbit C2f is running away from: WolfC2
Rabbit C2 is Hungry
Lion B2 is Hungry
LionB2mis chasing: A4m
Lion B2 m is ready to mate
Lion C1 f is ready to mate
Lion C3 is Hungry
LionC3mis chasing: C2m
Lion C3 m is ready to mate
Lion B5 is Hungry
LionB5mis chasing: A1m
Lion B5 m is ready to mate
Wolf C2m is running away from: LionC3
Wolf C2 is Hungry
Wolf C2m is chasing: C2f
Rabbit B2 is Thirsty
Rabbit B2 drank water
Rabbit B2f is running away from: LionB5
Rabbit B2f is running away from: WolfC2
Rabbit B2 is Hungry
Rabbit B2 f is ready to mate
Rabbit B0 is Thirsty
Rabbit B0 drank water
Rabbit B0m is running away from: LionB5
Rabbit B0m is running away from: WolfC2
Rabbit B0 m is ready to mate
Rabbit B0 m is approaching partner: Rabbit C3f
Rabbit B3 is Thirsty
Rabbit B3 drank water
Rabbit B3m is running away from: LionB5
Rabbit B3m is running away from: WolfC2
Rabbit B3 is Hungry
Rabbit B3m ate
Rabbit B3 m is ready to mate
Rabbit B3 m is approaching partner: Rabbit C3f
Rabbit A3 is Thirsty
Rabbit A3 drank water
Rabbit A3m is running away from: LionC3
Rabbit A3m is running away from: WolfC2
Rabbit A3 is Hungry
Rabbit A3 m is ready to mate
Rabbit A3 m is approaching partner: Rabbit B4f
Rabbit C2 is Thirsty
Rabbit C2 drank water
Rabbit C2f is running away from: LionC1
Rabbit C2f is running away from: WolfC2
Rabbit C2 is Hungry
Rabbit A4 is Thirsty
Rabbit A4 drank water
Rabbit A4m is running away from: LionB2
Rabbit A4m is running away from: WolfC2
Rabbit A4 is Hungry
Rabbit A4 m is ready to mate
Rabbit A4 m is approaching partner: Rabbit C3f
Rabbit A1m is running away from: LionB5
Rabbit A1m is running away from: WolfC2
Rabbit A1 m is ready to mate
Rabbit A1 m is approaching partner: Rabbit C3f
Rabbit C2 is Thirsty
Rabbit C2 drank water
Rabbit C2f is running away from: LionB5
Rabbit C2f is running away from: WolfC2
Rabbit C2 f is ready to mate
Rabbit A3 is Thirsty
Rabbit A3 drank water
Rabbit A3m is running away from: LionC1
Rabbit A3m is running away from: WolfC2
Rabbit A3 is Hungry
Rabbit A3 m is ready to mate
Rabbit A3 m is approaching partner: Rabbit B5f
Rabbit B5 is Thirsty
Rabbit B5 drank water
Rabbit B5f is running away from: LionC1
Rabbit B5f is running away from: WolfC2
Rabbit B5 is Hungry
Rabbit B5 f is ready to mate
Rabbit B4f is running away from: LionC3
Rabbit B4f is running away from: WolfC2
Rabbit B4 is Hungry
Rabbit B4 f is ready to mate
Rabbit C3f is running away from: LionB2
Rabbit C3f is running away from: WolfC2
Rabbit C3 is Hungry
Rabbit C3 f is ready to mate
Rabbit B0m is running away from: LionC1
Rabbit B0m is running away from: WolfC2
Rabbit B0 is Hungry
Rabbit B0 m is ready to mate
Rabbit B0 m is approaching partner: Rabbit B5f
Rabbit C2f is running away from: LionC1
Rabbit C2f is running away from: WolfC2
Rabbit C2 is Hungry
Rabbit C2 f is ready to mate
Lion B2 is Hungry
LionB2mis chasing: A4m
Lion B2 m is ready to mate
Lion C1 f is ready to mate
Lion C3 is Hungry
LionC3mis chasing: C2m
Lion C3 m is ready to mate
Lion B5 is Hungry
LionB5mis chasing: A1m
Lion B5 m is ready to mate
Wolf C2m is running away from: LionC3
Wolf C2 is Hungry
WolfC2m died of hunger
Wolf C2m is chasing: C2f
Wolf C2 is Thirsty
Wolf C2drank water
Rabbit B2 is Thirsty
Rabbit B2 drank water
Rabbit B2f is running away from: LionB5
Rabbit B2 is Hungry
Rabbit B2 f is ready to mate
Rabbit B0 is Thirsty
Rabbit B0 drank water
Rabbit B0m is running away from: LionB5
Rabbit B0 is Hungry
Rabbit B0m ate
Rabbit B0 m is ready to mate
Rabbit B0 m is approaching partner: Rabbit C3f
Rabbit B3m is running away from: LionB5
Rabbit B3 m is ready to mate
Rabbit B3 m is approaching partner: Rabbit C3f
Rabbit A3 is Thirsty
Rabbit A3 drank water
Rabbit A3m is running away from: LionC3
Rabbit A3 is Hungry
Rabbit A3 m is ready to mate
Rabbit A3 m is approaching partner: Rabbit B4f
Rabbit C2 is Thirsty
Rabbit C2 drank water
Rabbit C2f is running away from: LionC1
Rabbit C2 is Hungry
Rabbit C2 f is ready to mate
Rabbit A4 is Thirsty
Rabbit A4 drank water
Rabbit A4m is running away from: LionB5
Rabbit A4 is Hungry
Rabbit A4m ate
Rabbit A4 m is ready to mate
Rabbit A4 m is approaching partner: Rabbit C3f
Rabbit A3 m was born!Father is A4 and Mother is C3
Rabbit A1m is running away from: LionB5
Rabbit A1 is Hungry
Rabbit A1m ate
Rabbit A1 m is ready to mate
Rabbit A1 m is approaching partner: Rabbit C2f
Rabbit C2 is Thirsty
Rabbit C2 drank water
Rabbit C2f is running away from: LionB5
Rabbit C2 is Hungry
Rabbit C2f ate
Rabbit C2 f is ready to mate
Rabbit A3 is Thirsty
Rabbit A3 drank water
Rabbit A3m is running away from: LionC1
Rabbit A3 is Hungry
Rabbit A3 m is ready to mate
Rabbit A3 m is approaching partner: Rabbit C2f
Rabbit B5 is Thirsty
Rabbit B5 drank water
Rabbit B5f is running away from: LionC1
Rabbit B5 is Hungry
RabbitB5f died of hunger
Rabbit B5 f is ready to mate
Rabbit B4 is Thirsty
Rabbit B4 drank water
Rabbit B4f is running away from: LionC3
Rabbit B4 is Hungry
Rabbit B4 f is ready to mate
Rabbit C3 is Thirsty
Rabbit C3 drank water
Rabbit C3f is running away from: LionB5
Rabbit C3 is Hungry
Rabbit C3f ate
Rabbit B0m is running away from: LionC1
Rabbit B0 is Hungry
Rabbit B0 m is ready to mate
Rabbit B0 m is approaching partner: Rabbit C2f
Rabbit C2f is running away from: LionC1
Rabbit C2 is Hungry
Rabbit C2 f is ready to mate
Lion B2 is Hungry
LionB2mis chasing: A4m
Lion B2 m is ready to mate
Lion C1 is Hungry
LionC1fis chasing: A4m
Lion C1 f is ready to mate
Lion C3 is Hungry
LionC3mis chasing: A3m
Lion C3 m is ready to mate
Lion B5 is Hungry
LionB5mis chasing: A4m
Lion B5 m is ready to mate
Rabbit B2 is Thirsty
Rabbit B2 drank water
Rabbit B2f is running away from: LionB5
Rabbit B2 is Hungry
Rabbit B2 f is ready to mate
Rabbit B0 is Thirsty
Rabbit B0 drank water
Rabbit B0m is running away from: LionB5
Rabbit B0 m is ready to mate
Rabbit B0 m is approaching partner: Rabbit C2f
Rabbit B3m is running away from: LionB5
Rabbit B3 is Hungry
Rabbit B3m ate
Rabbit B3 m is ready to mate
Rabbit B3 m is approaching partner: Rabbit C2f
Rabbit A3 is Thirsty
Rabbit A3 drank water
Rabbit A3m is running away from: LionC3
Rabbit A3 is Hungry
Rabbit A3m ate
Rabbit A3 m is ready to mate
Rabbit A3 m is approaching partner: Rabbit B4f
Rabbit C2 is Thirsty
Rabbit C2 drank water
Rabbit C2f is running away from: LionC1
Rabbit C2 is Hungry
Rabbit C2 f is ready to mate
Rabbit A4 is Thirsty
Rabbit A4 drank water
Rabbit A4m is running away from: LionB5
Rabbit A4 m is ready to mate
Rabbit A4 m is approaching partner: Rabbit C2f
Rabbit A1m is running away from: LionB5
Rabbit A1 m is ready to mate
Rabbit A1 m is approaching partner: Rabbit C2f
Rabbit C2 is Thirsty
Rabbit C2 drank water
Rabbit C2f is running away from: LionB5
Rabbit C2 f is ready to mate
Rabbit A3 is Thirsty
Rabbit A3 drank water
Rabbit A3m is running away from: LionC1
Rabbit A3 is Hungry
Rabbit A3 m is ready to mate
Rabbit A3 m is approaching partner: Rabbit C2f
Rabbit B4 is Thirsty
Rabbit B4 drank water
Rabbit B4f is running away from: LionC3
Rabbit B4 is Hungry
RabbitB4f died of hunger
Rabbit B4 f is ready to mate
Rabbit C3 is Thirsty
Rabbit C3 drank water
Rabbit C3f is running away from: LionB5
Rabbit B0m is running away from: LionC1
Rabbit B0 is Hungry
RabbitB0m died of hunger
Rabbit B0 m is ready to mate
Rabbit B0 m is approaching partner: Rabbit C2f
Rabbit C2f is running away from: LionC1
Rabbit C2 is Hungry
Rabbit C2 f is ready to mate
Rabbit A3m is running away from: LionB5
Lion B2 is Hungry
LionB2mis chasing: A4m
Lion B2 m is ready to mate
Lion C1 is Hungry
LionC1fis chasing: A4m
Lion C1 f is ready to mate
Lion C3 is Hungry
LionC3mis chasing: A4m
Lion C3 m is ready to mate
Lion B5 is Hungry
LionB5mis chasing: A4m
Lion B5 m is ready to mate
Rabbit B2 is Thirsty
Rabbit B2 drank water
Rabbit B2f is running away from: LionB5
Rabbit B2 is Hungry
RabbitB2f died of hunger
Rabbit B2f ate
Rabbit B2 f is ready to mate
Rabbit B0 is Thirsty
Rabbit B0 drank water
Rabbit B0m is running away from: LionB5
Rabbit B0 is Hungry
Rabbit B0m ate
Rabbit B0 m is ready to mate
Rabbit B0 m is approaching partner: Rabbit C2f
Rabbit B3m is running away from: LionB5
Rabbit B3 m is ready to mate
Rabbit B3 m is approaching partner: Rabbit C2f
Rabbit A3 is Thirsty
Rabbit A3 drank water
Rabbit A3m is running away from: LionC3
Rabbit A3 m is ready to mate
Rabbit A3 m is approaching partner: Rabbit C2f
Rabbit C2 is Thirsty
Rabbit C2 drank water
Rabbit C2f is running away from: LionC1
Rabbit C2 is Hungry
RabbitC2f died of hunger
Rabbit C2 f is ready to mate
Rabbit A4 is Thirsty
Rabbit A4 drank water
Rabbit A4m is running away from: LionB5
Rabbit A4 is Hungry
Rabbit A4m ate
Rabbit A4 m is ready to mate
Rabbit A4 m is approaching partner: Rabbit C2f
Rabbit A1m is running away from: LionB5
Rabbit A1 is Hungry
Rabbit A1 m is ready to mate
Rabbit A1 m is approaching partner: Rabbit C2f
Rabbit C2 is Thirsty
Rabbit C2 drank water
Rabbit C2f is running away from: LionB5
Rabbit C2 is Hungry
Rabbit C2f ate
Rabbit C2 f is ready to mate
Rabbit A3 is Thirsty
Rabbit A3 drank water
Rabbit A3m is running away from: LionC1
Rabbit A3 is Hungry
RabbitA3m died of hunger
Rabbit A3 m is ready to mate
Rabbit A3 m is approaching partner: Rabbit C2f
Rabbit C3f is running away from: LionB5
Rabbit C3 is Hungry
Rabbit C3f ate
Rabbit C2f is running away from: LionC1
Rabbit C2 is Hungry
RabbitC2f died of hunger
Rabbit C2 f is ready to mate
Rabbit A3m is running away from: LionB5
Rabbit A3 is Hungry
Lion B2 is Hungry
LionB2m died of hunger
LionB2mis chasing: A4m
Lion B2 m is ready to mate
Lion C1 is Hungry
LionC1fis chasing: A4m
Lion C1 f is ready to mate
Lion C3 is Hungry
LionC3m died of hunger
LionC3mis chasing: A4m
Lion C3 m is ready to mate
Lion B5 is Hungry
LionB5m died of hunger
LionB5mis chasing: A4m
Lion B5 m is ready to mate
Rabbit B0 is Thirsty
Rabbit B0 drank water
Rabbit B0m is running away from: LionC1
Rabbit B0 m is ready to mate
Rabbit B0 m is approaching partner: Rabbit C2f
Rabbit B3m is running away from: LionC1
Rabbit B3 is Hungry
Rabbit B3m ate
Rabbit B3 m is ready to mate
Rabbit B3 m is approaching partner: Rabbit C2f
Rabbit A3 is Thirsty
Rabbit A3 drank water
Rabbit A3m is running away from: LionC1
Rabbit A3 is Hungry
Rabbit A3 m is ready to mate
Rabbit A3 m is approaching partner: Rabbit C2f
Rabbit A4 is Thirsty
Rabbit A4 drank water
Rabbit A4m is running away from: LionC1
Rabbit A4 m is ready to mate
Rabbit A4 m is approaching partner: Rabbit C2f
Rabbit A1m is running away from: LionC1
Rabbit A1 is Hungry
Rabbit A1m ate
Rabbit A1 m is ready to mate
Rabbit A1 m is approaching partner: Rabbit C2f
Rabbit C2 is Thirsty
Rabbit C2 drank water
Rabbit C2f is running away from: LionC1
Rabbit C2 f is ready to mate
Rabbit C3f is running away from: LionC1
Rabbit A3m is running away from: LionC1
Rabbit A3 is Hungry
Rabbit A3m ate
Lion C1 is Hungry
LionC1fis chasing: A4m
Lion C1 f is ready to mate
Rabbit B0 is Thirsty
Rabbit B0 drank water
Rabbit B0m is running away from: LionC1
Rabbit B0 is Hungry
Rabbit B0m ate
Rabbit B0 m is ready to mate
Rabbit B0 m is approaching partner: Rabbit C2f
Rabbit B3m is running away from: LionC1
Rabbit B3 m is ready to mate
Rabbit B3 m is approaching partner: Rabbit C2f
Rabbit A3 is Thirsty
Rabbit A3 drank water
Rabbit A3m is running away from: LionC1
Rabbit A3 is Hungry
Rabbit A3m ate
Rabbit A3 m is ready to mate
Rabbit A3 m is approaching partner: Rabbit C2f
Rabbit A4 is Thirsty
Rabbit A4 drank water
Rabbit A4m is running away from: LionC1
Rabbit A4 is Hungry
Rabbit A4m ate
Rabbit A4 m is ready to mate
Rabbit A4 m is approaching partner: Rabbit C2f
Rabbit A1m is running away from: LionC1
Rabbit A1 m is ready to mate
Rabbit A1 m is approaching partner: Rabbit C2f
Rabbit C2 is Thirsty
Rabbit C2 drank water
Rabbit C2f is running away from: LionC1
Rabbit C2 is Hungry
Rabbit C2f ate
Rabbit C2 f is ready to mate
Rabbit C3f is running away from: LionC1
Rabbit C3 is Hungry
Rabbit C3f ate
Rabbit C3 f is ready to mate
Rabbit A3m is running away from: LionC1
Rabbit A3 m is ready to mate
Rabbit A3 m is approaching partner: Rabbit C3f
Lion C1 is Hungry
LionC1fis chasing: A4m
Lion C1 f is ready to mate
Rabbit B0 is Thirsty
Rabbit B0 drank water
Rabbit B0m is running away from: LionC1
Rabbit B0 m is ready to mate
Rabbit B0 m is approaching partner: Rabbit C3f
Rabbit B3m is running away from: LionC1
Rabbit B3 is Hungry
Rabbit B3 m is ready to mate
Rabbit B3 m is approaching partner: Rabbit C3f
Rabbit A3 is Thirsty
Rabbit A3 drank water
Rabbit A3m is running away from: LionC1
Rabbit A3 m is ready to mate
Rabbit A3 m is approaching partner: Rabbit C3f
Rabbit A4 is Thirsty
Rabbit A4 drank water
Rabbit A4m is running away from: LionC1
Rabbit A4 m is ready to mate
Rabbit A4 m is approaching partner: Rabbit C3f
Rabbit A1 is Thirsty
Rabbit A1 drank water
Rabbit A1m is running away from: LionC1
Rabbit A1 is Hungry
Rabbit A1 m is ready to mate
Rabbit A1 m is approaching partner: Rabbit C3f
Rabbit C2 is Thirsty
Rabbit C2 drank water
Rabbit C2f is running away from: LionC1
Rabbit C2 f is ready to mate
Rabbit C3f is running away from: LionC1
Rabbit C3 f is ready to mate
Rabbit A3m is running away from: LionC1
Rabbit A3 is Hungry
Rabbit A3 m is ready to mate
Rabbit A3 m is approaching partner: Rabbit C3f
Rabbit A0 m was born!Father is A3 and Mother is C3
Lion C1 is Hungry
LionC1fis chasing: A4m
Lion C1 f is ready to mate
Rabbit B0m is running away from: LionC1
Rabbit B0 is Hungry
Rabbit B0 m is ready to mate
Rabbit B0 m is approaching partner: Rabbit C2f
Rabbit B3 is Thirsty
Rabbit B3 drank water
Rabbit B3m is running away from: LionC1
Rabbit B3 is Hungry
Rabbit B3m ate
Rabbit B3 m is ready to mate
Rabbit B3 m is approaching partner: Rabbit C2f
Rabbit A3 is Thirsty
Rabbit A3 drank water
Rabbit A3m is running away from: LionC1
Rabbit A3 is Hungry
Rabbit A3m ate
Rabbit A3 m is ready to mate
Rabbit A3 m is approaching partner: Rabbit C2f
Rabbit A4 is Thirsty
Rabbit A4 drank water
Rabbit A4m is running away from: LionC1
Rabbit A4 is Hungry
Rabbit A4m ate
Rabbit A4 m is ready to mate
Rabbit A4 m is approaching partner: Rabbit C2f
Rabbit A1 is Thirsty
Rabbit A1 drank water
Rabbit A1m is running away from: LionC1
Rabbit A1 is Hungry
Rabbit A1m ate
Rabbit A1 m is ready to mate
Rabbit A1 m is approaching partner: Rabbit C2f
Rabbit C2 is Thirsty
Rabbit C2 drank water
Rabbit C2f is running away from: LionC1
Rabbit C2 is Hungry
Rabbit C2 f is ready to mate
Rabbit C3f is running away from: LionC1
Rabbit C3 is Hungry
Rabbit A3m is running away from: LionC1
Rabbit A3 is Hungry
Rabbit A3 m is ready to mate
Rabbit A3 m is approaching partner: Rabbit C2f
Rabbit A0m is running away from: LionC1
Lion C1 is Hungry
LionC1fis chasing: A4m
Lion C1 f is ready to mate
Rabbit B0m is running away from: LionC1
Rabbit B0 is Hungry
Rabbit B0m ate
Rabbit B0 m is ready to mate
Rabbit B0 m is approaching partner: Rabbit C2f
Rabbit B3 is Thirsty
Rabbit B3 drank water
Rabbit B3m is running away from: LionC1
Rabbit B3 m is ready to mate
Rabbit B3 m is approaching partner: Rabbit C2f
Rabbit A3 is Thirsty
Rabbit A3 drank water
Rabbit A3m is running away from: LionC1
Rabbit A3 m is ready to mate
Rabbit A3 m is approaching partner: Rabbit C2f
Rabbit A4 is Thirsty
Rabbit A4 drank water
Rabbit A4m is running away from: LionC1
Rabbit A4 m is ready to mate
Rabbit A4 m is approaching partner: Rabbit C2f
Rabbit A1m is running away from: LionC1
Rabbit A1 m is ready to mate
Rabbit A1 m is approaching partner: Rabbit C2f
Rabbit C2 is Thirsty
Rabbit C2 drank water
Rabbit C2f is running away from: LionC1
Rabbit C2 is Hungry
Rabbit C2f ate
Rabbit C2 f is ready to mate
Rabbit C3f is running away from: LionC1
Rabbit C3 is Hungry
Rabbit A3 is Thirsty
Rabbit A3 drank water
Rabbit A3m is running away from: LionC1
Rabbit A3 is Hungry
Rabbit A3 m is ready to mate
Rabbit A3 m is approaching partner: Rabbit C2f
Rabbit A0m is running away from: LionC1
Rabbit A0 is Hungry
Lion C1 is Hungry
LionC1fis chasing: A4m
Lion C1 f is ready to mate
Rabbit B0m is running away from: LionC1
Rabbit B0 m is ready to mate
Rabbit B0 m is approaching partner: Rabbit C2f
Rabbit B3 is Thirsty
Rabbit B3 drank water
Rabbit B3m is running away from: LionC1
Rabbit B3 is Hungry
Rabbit B3 m is ready to mate
Rabbit B3 m is approaching partner: Rabbit C2f
Rabbit A3 is Thirsty
Rabbit A3 drank water
Rabbit A3m is running away from: LionC1
Rabbit A3 is Hungry
Rabbit A3m ate
Rabbit A3 m is ready to mate
Rabbit A3 m is approaching partner: Rabbit C2f
Rabbit A4 is Thirsty
Rabbit A4 drank water
Rabbit A4m is running away from: LionC1
Rabbit A4 is Hungry
Rabbit A4m ate
Rabbit A4 m is ready to mate
Rabbit A4 m is approaching partner: Rabbit C2f
Rabbit A1m is running away from: LionC1
Rabbit A1 is Hungry
Rabbit A1 m is ready to mate
Rabbit A1 m is approaching partner: Rabbit C2f
Rabbit C2 is Thirsty
Rabbit C2 drank water
Rabbit C2f is running away from: LionC1
Rabbit C2 f is ready to mate
Rabbit C3 is Thirsty
Rabbit C3 drank water
Rabbit C3f is running away from: LionC1
Rabbit C3 is Hungry
Rabbit A3 is Thirsty
Rabbit A3 drank water
Rabbit A3m is running away from: LionC1
Rabbit A3 is Hungry
Rabbit A3 m is ready to mate
Rabbit A3 m is approaching partner: Rabbit C2f
Rabbit A0m is running away from: LionC1
Rabbit A0 is Hungry
Lion C1 is Hungry
LionC1f died of hunger
LionC1fis chasing: A4m
Lion C1 f is ready to mate
Rabbit B0 is Hungry
Rabbit B0 m is ready to mate
Rabbit B0 m is approaching partner: Rabbit C2f
Rabbit B3 is Thirsty
Rabbit B3 drank water
Rabbit B3 is Hungry
Rabbit B3m ate
Rabbit B3 m is ready to mate
Rabbit B3 m is approaching partner: Rabbit C2f
Rabbit A3 is Thirsty
Rabbit A3 drank water
Rabbit A3 m is ready to mate
Rabbit A3 m is approaching partner: Rabbit C2f
Rabbit A4 is Thirsty
Rabbit A4 drank water
Rabbit A4 m is ready to mate
Rabbit A4 m is approaching partner: Rabbit C2f
Rabbit A1 is Hungry
Rabbit A1m ate
Rabbit A1 m is ready to mate
Rabbit A1 m is approaching partner: Rabbit C2f
Rabbit C2 is Thirsty
Rabbit C2 drank water
Rabbit C2 is Hungry
Rabbit C2 f is ready to mate
Rabbit C3 is Hungry
Rabbit A3 is Thirsty
Rabbit A3 drank water
Rabbit A3 is Hungry
RabbitA3m died of hunger
Rabbit A3 m is ready to mate
Rabbit A3 m is approaching partner: Rabbit C2f
Rabbit A0 is Hungry
Rabbit B0 is Hungry
Rabbit B0 m is ready to mate
Rabbit B0 m is approaching partner: Rabbit C2f
Rabbit B3 is Thirsty
Rabbit B3 drank water
Rabbit B3 m is ready to mate
Rabbit B3 m is approaching partner: Rabbit C2f
Rabbit A3 is Thirsty
Rabbit A3 drank water
Rabbit A3 is Hungry
Rabbit A3m ate
Rabbit A3 m is ready to mate
Rabbit A3 m is approaching partner: Rabbit C2f
Rabbit A4 is Thirsty
Rabbit A4 drank water
Rabbit A4 is Hungry
Rabbit A4 m is ready to mate
Rabbit A4 m is approaching partner: Rabbit C2f
Rabbit A1 m is ready to mate
Rabbit A1 m is approaching partner: Rabbit C2f
Rabbit C2 is Thirsty
Rabbit C2 drank water
Rabbit C2 is Hungry
Rabbit C2f ate
Rabbit C2 f is ready to mate
Rabbit C3 is Hungry
RabbitC3f died of hunger
Rabbit C3f ate
Rabbit A0 is Hungry
Rabbit B0 is Hungry
Rabbit B0m ate
Rabbit B0 m is ready to mate
Rabbit B0 m is approaching partner: Rabbit C2f
Rabbit B3 is Thirsty
Rabbit B3 drank water
Rabbit B3 is Hungry
Rabbit B3m ate
Rabbit B3 m is ready to mate
Rabbit B3 m is approaching partner: Rabbit C2f
Rabbit A3 is Thirsty
Rabbit A3 drank water
Rabbit A3 m is ready to mate
Rabbit A3 m is approaching partner: Rabbit C2f
Rabbit A4 is Thirsty
Rabbit A4 drank water
Rabbit A4 is Hungry
Rabbit A4 m is ready to mate
Rabbit A4 m is approaching partner: Rabbit C2f
Rabbit A1 is Hungry
Rabbit A1m ate
Rabbit A1 m is ready to mate
Rabbit A1 m is approaching partner: Rabbit C2f
Rabbit C2 is Thirsty
Rabbit C2 drank water
Rabbit C2 f is ready to mate
Rabbit A0 is Hungry
RabbitA0m died of hunger
Rabbit A0m ate
Rabbit A0 m is ready to mate
Rabbit A0 m is approaching partner: Rabbit C2f
Rabbit B0 is Thirsty
Rabbit B0 drank water
Rabbit B0 m is ready to mate
Rabbit B0 m is approaching partner: Rabbit C2f
Rabbit B3 m is ready to mate
Rabbit B3 m is approaching partner: Rabbit C2f
Rabbit A3 is Thirsty
Rabbit A3 drank water
Rabbit A3 is Hungry
Rabbit A3m ate
Rabbit A3 m is ready to mate
Rabbit A3 m is approaching partner: Rabbit C2f
Rabbit A4 is Thirsty
Rabbit A4 drank water
Rabbit A4 is Hungry
Rabbit A4 m is ready to mate
Rabbit A4 m is approaching partner: Rabbit C2f
Rabbit A1 m is ready to mate
Rabbit A1 m is approaching partner: Rabbit C2f
Rabbit C2 is Thirsty
Rabbit C2 drank water
Rabbit C2 is Hungry
Rabbit C2f ate
Rabbit C2 f is ready to mate
Rabbit B0 is Hungry
Rabbit B0m ate
Rabbit B0 m is ready to mate
Rabbit B0 m is approaching partner: Rabbit C2f
Rabbit B3 is Hungry
Rabbit B3m ate
Rabbit B3 m is ready to mate
Rabbit B3 m is approaching partner: Rabbit C2f
Rabbit A3 is Thirsty
Rabbit A3 drank water
Rabbit A3 m is ready to mate
Rabbit A3 m is approaching partner: Rabbit C2f
Rabbit A4 is Thirsty
Rabbit A4 drank water
Rabbit A4 is Hungry
Rabbit A4m ate
Rabbit A4 m is ready to mate
Rabbit A4 m is approaching partner: Rabbit C2f
Rabbit A1 is Thirsty
Rabbit A1 drank water
Rabbit A1 is Hungry
Rabbit A1 m is ready to mate
Rabbit A1 m is approaching partner: Rabbit C2f
Rabbit C2 is Thirsty
Rabbit C2 drank water
Rabbit C2 f is ready to mate
Rabbit B0 m is ready to mate
Rabbit B0 m is approaching partner: Rabbit C2f
Rabbit B3 m is ready to mate
Rabbit B3 m is approaching partner: Rabbit C2f
Rabbit A3 is Thirsty
Rabbit A3 drank water
Rabbit A3 is Hungry
Rabbit A3m ate
Rabbit A3 m is ready to mate
Rabbit A3 m is approaching partner: Rabbit C2f
Rabbit A4 is Thirsty
Rabbit A4 drank water
Rabbit A4 m is ready to mate
Rabbit A4 m is approaching partner: Rabbit C2f
Rabbit A1 is Thirsty
Rabbit A1 drank water
Rabbit A1 is Hungry
Rabbit A1 m is ready to mate
Rabbit A1 m is approaching partner: Rabbit C2f
Rabbit C2 is Thirsty
Rabbit C2 drank water
Rabbit C2 is Hungry
Rabbit C2f ate
Rabbit C2 f is ready to mate
Rabbit B0 is Hungry
Rabbit B0 m is ready to mate
Rabbit B0 m is approaching partner: Rabbit C2f
Rabbit B3 is Hungry
Rabbit B3 m is ready to mate
Rabbit B3 m is approaching partner: Rabbit C2f
Rabbit A3 m is ready to mate
Rabbit A3 m is approaching partner: Rabbit C2f
Rabbit A4 is Thirsty
Rabbit A4 drank water
Rabbit A4 is Hungry
Rabbit A4m ate
Rabbit A4 m is ready to mate
Rabbit A4 m is approaching partner: Rabbit C2f
Rabbit A1 is Thirsty
Rabbit A1 drank water
Rabbit A1 is Hungry
Rabbit A1 m is ready to mate
Rabbit A1 m is approaching partner: Rabbit C2f
Rabbit C2 is Thirsty
Rabbit C2 drank water
Rabbit C2 f is ready to mate
Rabbit B0 is Hungry
Rabbit B0m ate
Rabbit B0 m is ready to mate
Rabbit B0 m is approaching partner: Rabbit C2f
Rabbit B3 is Hungry
Rabbit B3 m is ready to mate
Rabbit B3 m is approaching partner: Rabbit C2f
Rabbit A3 is Hungry
Rabbit A3m ate
Rabbit A3 m is ready to mate
Rabbit A3 m is approaching partner: Rabbit C2f
Rabbit A4 is Thirsty
Rabbit A4 drank water
Rabbit A4 m is ready to mate
Rabbit A4 m is approaching partner: Rabbit C2f
Rabbit A1 is Thirsty
Rabbit A1 drank water
Rabbit A1 is Hungry
Rabbit A1 m is ready to mate
Rabbit A1 m is approaching partner: Rabbit C2f
Rabbit C2 is Thirsty
Rabbit C2 drank water
Rabbit C2 is Hungry
Rabbit C2 f is ready to mate
Rabbit B0 m is ready to mate
Rabbit B0 m is approaching partner: Rabbit C2f
Rabbit B3 is Hungry
Rabbit B3m ate
Rabbit B3 m is ready to mate
Rabbit B3 m is approaching partner: Rabbit C2f
Rabbit A3 m is ready to mate
Rabbit A3 m is approaching partner: Rabbit C2f
Rabbit A4 is Thirsty
Rabbit A4 drank water
Rabbit A4 is Hungry
Rabbit A4m ate
Rabbit A4 m is ready to mate
Rabbit A4 m is approaching partner: Rabbit C2f
Rabbit A1 is Thirsty
Rabbit A1 drank water
Rabbit A1 is Hungry
RabbitA1m died of hunger
Rabbit A1m ate
Rabbit A1 m is ready to mate
Rabbit A1 m is approaching partner: Rabbit C2f
Rabbit C2 is Thirsty
Rabbit C2 drank water
Rabbit C2 is Hungry
Rabbit C2 f is ready to mate
Rabbit B0 is Hungry
Rabbit B0 m is ready to mate
Rabbit B0 m is approaching partner: Rabbit C2f
Rabbit B3 is Thirsty
Rabbit B3 drank water
Rabbit B3 m is ready to mate
Rabbit B3 m is approaching partner: Rabbit C2f
Rabbit A3 is Hungry
Rabbit A3m ate
Rabbit A3 m is ready to mate
Rabbit A3 m is approaching partner: Rabbit C2f
Rabbit A4 is Thirsty
Rabbit A4 drank water
Rabbit A4 m is ready to mate
Rabbit A4 m is approaching partner: Rabbit C2f
Rabbit C2 is Thirsty
Rabbit C2 drank water
Rabbit C2 is Hungry
Rabbit C2 f is ready to mate
Rabbit B0 is Thirsty
Rabbit B0 drank water
Rabbit B0 is Hungry
Rabbit B0 m is ready to mate
Rabbit B0 m is approaching partner: Rabbit C2f
Rabbit B3 is Thirsty
Rabbit B3 drank water
Rabbit B3 is Hungry
Rabbit B3 m is ready to mate
Rabbit B3 m is approaching partner: Rabbit C2f
Rabbit A3 m is ready to mate
Rabbit A3 m is approaching partner: Rabbit C2f
Rabbit A4 is Thirsty
Rabbit A4 drank water
Rabbit A4 is Hungry
Rabbit A4 m is ready to mate
Rabbit A4 m is approaching partner: Rabbit C2f
Rabbit C2 is Thirsty
Rabbit C2 drank water
Rabbit C2 is Hungry
Rabbit C2 f is ready to mate
Rabbit B0 is Thirsty
Rabbit B0 drank water
Rabbit B0 is Hungry
Rabbit B0m ate
Rabbit B0 m is ready to mate
Rabbit B0 m is approaching partner: Rabbit C2f
Rabbit B3 is Thirsty
Rabbit B3 drank water
Rabbit B3 is Hungry
Rabbit B3 m is ready to mate
Rabbit B3 m is approaching partner: Rabbit C2f
Rabbit A3 is Hungry
Rabbit A3m ate
Rabbit A3 m is ready to mate
Rabbit A3 m is approaching partner: Rabbit C2f
Rabbit A4 is Thirsty
Rabbit A4 drank water
Rabbit A4 is Hungry
Rabbit A4 m is ready to mate
Rabbit A4 m is approaching partner: Rabbit C2f
Rabbit C2 is Thirsty
Rabbit C2 drank water
Rabbit C2 is Hungry
RabbitC2f died of hunger
Rabbit C2f ate
Rabbit C2 f is ready to mate
Rabbit B0 is Thirsty
Rabbit B0 drank water
Rabbit B0 m is ready to mate
Not enough female Rabbits or Female Rabbit partners are not ready yet!
Rabbit B3 is Thirsty
Rabbit B3 drank water
Rabbit B3 is Hungry
Rabbit B3 m is ready to mate
Not enough female Rabbits or Female Rabbit partners are not ready yet!
Rabbit A3 is Thirsty
Rabbit A3 drank water
Rabbit A3 m is ready to mate
Not enough female Rabbits or Female Rabbit partners are not ready yet!
Rabbit A4 is Thirsty
Rabbit A4 drank water
Rabbit A4 is Hungry
Rabbit A4 m is ready to mate
Not enough female Rabbits or Female Rabbit partners are not ready yet!
Rabbit B0 is Thirsty
Rabbit B0 drank water
Rabbit B0 is Hungry
Rabbit B0 m is ready to mate
Not enough female Rabbits or Female Rabbit partners are not ready yet!
Rabbit B3 is Thirsty
Rabbit B3 drank water
Rabbit B3 is Hungry
Rabbit B3 m is ready to mate
Not enough female Rabbits or Female Rabbit partners are not ready yet!
Rabbit A3 is Hungry
Rabbit A3m ate
Rabbit A3 m is ready to mate
Not enough female Rabbits or Female Rabbit partners are not ready yet!
Rabbit A4 is Thirsty
Rabbit A4 drank water
Rabbit A4 is Hungry
Rabbit A4m ate
Rabbit A4 m is ready to mate
Not enough female Rabbits or Female Rabbit partners are not ready yet!
Rabbit B0 is Thirsty
Rabbit B0 drank water
Rabbit B0 is Hungry
Rabbit B0 m is ready to mate
Not enough female Rabbits or Female Rabbit partners are not ready yet!
Rabbit B3 is Thirsty
Rabbit B3 drank water
Rabbit B3 is Hungry
RabbitB3m died of hunger
Rabbit B3m ate
Rabbit B3 m is ready to mate
Not enough female Rabbits or Female Rabbit partners are not ready yet!
Rabbit A3 m is ready to mate
Not enough female Rabbits or Female Rabbit partners are not ready yet!
Rabbit A4 is Thirsty
Rabbit A4 drank water
Rabbit A4 m is ready to mate
Not enough female Rabbits or Female Rabbit partners are not ready yet!
Rabbit B0 is Hungry
Rabbit B0 m is ready to mate
Not enough female Rabbits or Female Rabbit partners are not ready yet!
Rabbit A3 is Hungry
Rabbit A3 m is ready to mate
Not enough female Rabbits or Female Rabbit partners are not ready yet!
Rabbit A4 is Thirsty
Rabbit A4 drank water
Rabbit A4 is Hungry
Rabbit A4m ate
Rabbit A4 m is ready to mate
Not enough female Rabbits or Female Rabbit partners are not ready yet!
Rabbit B0 is Hungry
Rabbit B0 m is ready to mate
Not enough female Rabbits or Female Rabbit partners are not ready yet!
Rabbit A3 is Hungry
Rabbit A3 m is ready to mate
Not enough female Rabbits or Female Rabbit partners are not ready yet!
Rabbit A4 is Thirsty
Rabbit A4 drank water
Rabbit A4 m is ready to mate
Not enough female Rabbits or Female Rabbit partners are not ready yet!
Rabbit B0 is Hungry
RabbitB0m died of hunger
Rabbit B0 m is ready to mate
Not enough female Rabbits or Female Rabbit partners are not ready yet!
Rabbit A3 is Hungry
Rabbit A3 m is ready to mate
Not enough female Rabbits or Female Rabbit partners are not ready yet!
Rabbit A4 is Thirsty
Rabbit A4 drank water
Rabbit A4 is Hungry
Rabbit A4m ate
Rabbit A4 m is ready to mate
Not enough female Rabbits or Female Rabbit partners are not ready yet!
Rabbit A3 is Hungry
Rabbit A3 m is ready to mate
Not enough female Rabbits or Female Rabbit partners are not ready yet!
Rabbit A4 m is ready to mate
Not enough female Rabbits or Female Rabbit partners are not ready yet!
Rabbit A3 is Thirsty
Rabbit A3 drank water
Rabbit A3 is Hungry
RabbitA3m died of hunger
Rabbit A3 m is ready to mate
Not enough female Rabbits or Female Rabbit partners are not ready yet!
Rabbit A4 is Hungry
Rabbit A4 m is ready to mate
Not enough female Rabbits or Female Rabbit partners are not ready yet!
Rabbit A4 is Hungry
Rabbit A4 m is ready to mate
Not enough female Rabbits or Female Rabbit partners are not ready yet!
Rabbit A4 is Hungry
Rabbit A4 m is ready to mate
Not enough female Rabbits or Female Rabbit partners are not ready yet!
Rabbit A4 is Hungry
Rabbit A4 m is ready to mate
Not enough female Rabbits or Female Rabbit partners are not ready yet!
Rabbit A4 is Hungry
RabbitA4m died of hunger
Rabbit A4 m is ready to mate
Not enough female Rabbits or Female Rabbit partners are not ready yet!
