Wolf B5f is running away from: LionB0
Wolf A0f is running away from: LionA2
Wolf B3f is running away from: LionC1
Wolf C0f is running away from: LionC1
Rabbit C5m is running away from: LionC3
Rabbit C5m is running away from: WolfC0
Rabbit B4f is running away from: LionC1
Rabbit B4f is running away from: WolfC0
Rabbit B2f is running away from: LionA2
Rabbit B2f is running away from: WolfA0
Rabbit A5m is running away from: LionC3
Rabbit A5m is running away from: WolfC0
Rabbit B4f is running away from: LionC1
Rabbit B4f is running away from: WolfB5
Rabbit B3m is running away from: LionC3
Rabbit B3m is running away from: WolfC0
Rabbit C3m is running away from: LionC1
Rabbit C3m is running away from: WolfB5
Rabbit A0f is running away from: LionB0
Rabbit A0f is running away from: WolfC0
Rabbit A5m is running away from: LionA2
Rabbit A5m is running away from: WolfA0
Rabbit B0m is running away from: LionA2
Rabbit B0m is running away from: WolfB3
Rabbit A5m is running away from: LionA2
Rabbit A5m is running away from: WolfA0
Rabbit A3f is running away from: LionC1
Rabbit A3f is running away from: WolfC0
Rabbit A3m is running away from: LionA2
Rabbit A3m is running away from: WolfB3
Rabbit C4m is running away from: LionA2
Rabbit C4m is running away from: WolfB3
Rabbit B0m is running away from: LionA2
Rabbit B0m is running away from: WolfB5
Wolf B5f is running away from: LionC1
Wolf A0f is running away from: LionA2
Wolf B3f is running away from: LionC1
Wolf C0f is running away from: LionC1
Rabbit C5m is running away from: LionB0
Rabbit C5m is running away from: WolfC0
Rabbit C5 m is ready to mate
Rabbit C5 m is approaching partner: Rabbit B4f
Rabbit B4f is running away from: LionB0
Rabbit B4f is running away from: WolfC0
Rabbit B4 f is ready to mate
Rabbit B2f is running away from: LionA2
Rabbit B2f is running away from: WolfA0
Rabbit B2 f is ready to mate
Rabbit A5m is running away from: LionB0
Rabbit A5m is running away from: WolfC0
Rabbit A5 m is ready to mate
Rabbit A5 m is approaching partner: Rabbit A0f
Rabbit B4f is running away from: LionA2
Rabbit B4f is running away from: WolfB3
Rabbit B4 f is ready to mate
Rabbit B3m is running away from: LionB0
Rabbit B3m is running away from: WolfC0
Rabbit B3 m is ready to mate
Rabbit B3 m is approaching partner: Rabbit B4f
Rabbit C3m is running away from: LionA2
Rabbit C3m is running away from: WolfB5
Rabbit C3 m is ready to mate
Rabbit C3 m is approaching partner: Rabbit B4f
Rabbit A0f is running away from: LionB0
Rabbit A0f is running away from: WolfC0
Rabbit A0 f is ready to mate
Rabbit A5m is running away from: LionA2
Rabbit A5m is running away from: WolfA0
Rabbit A5 m is ready to mate
Rabbit A5 m is approaching partner: Rabbit B2f
Rabbit B0m is running away from: LionA2
Rabbit B0m is running away from: WolfB3
Rabbit B0 m is ready to mate
Rabbit B0 m is approaching partner: Rabbit B2f
Rabbit A5m is running away from: LionA2
Rabbit A5m is running away from: WolfA0
Rabbit A5 m is ready to mate
Rabbit A5 m is approaching partner: Rabbit B2f
Rabbit A3f is running away from: LionC1
Rabbit A3f is running away from: WolfC0
Rabbit A3 f is ready to mate
Rabbit A3m is running away from: LionA2
Rabbit A3m is running away from: WolfB3
Rabbit A3 m is ready to mate
Rabbit A3 m is approaching partner: Rabbit B2f
Rabbit C4m is running away from: LionA2
Rabbit C4m is running away from: WolfB3
Rabbit C4 m is ready to mate
Rabbit C4 m is approaching partner: Rabbit B4f
Rabbit B0m is running away from: LionA2
Rabbit B0m is running away from: WolfB5
Rabbit B0 m is ready to mate
Rabbit B0 m is approaching partner: Rabbit B2f
Wolf B5f is running away from: LionA2
Wolf B5 f is ready to mate
Wolf A0f is running away from: LionA2
Wolf A0 f is ready to mate
Wolf B3f is running away from: LionC1
Wolf B3 f is ready to mate
Wolf C0f is running away from: LionB0
Wolf C0 f is ready to mate
Rabbit C5m is running away from: LionB0
Rabbit C5m is running away from: WolfC0
Rabbit C5 is Hungry
Rabbit C5m ate
Rabbit C5 m is ready to mate
Rabbit C5 m is approaching partner: Rabbit B4f
Rabbit B4f is running away from: LionB0
Rabbit B4f is running away from: WolfC0
Rabbit B4 is Hungry
Rabbit B4f ate
Rabbit B4 f is ready to mate
Rabbit B2f is running away from: LionA2
Rabbit B2f is running away from: WolfB5
Rabbit B2 is Hungry
Rabbit B2f ate
Rabbit B2 f is ready to mate
Rabbit A5m is running away from: LionB0
Rabbit A5m is running away from: WolfC0
Rabbit A5 is Hungry
Rabbit A5m ate
Rabbit A5 m is ready to mate
Rabbit A5 m is approaching partner: Rabbit A0f
Rabbit B4f is running away from: LionA2
Rabbit B4f is running away from: WolfB3
Rabbit B4 is Hungry
Rabbit B4f ate
Rabbit B4 f is ready to mate
Rabbit B3m is running away from: LionB0
Rabbit B3m is running away from: WolfC0
Rabbit B3 is Hungry
Rabbit B3 m is ready to mate
Rabbit B3 m is approaching partner: Rabbit B4f
Rabbit C3m is running away from: LionA2
Rabbit C3m is running away from: WolfB5
Rabbit C3 is Hungry
Rabbit C3m ate
Rabbit C3 m is ready to mate
Rabbit C3 m is approaching partner: Rabbit B4f
Rabbit A0f is running away from: LionB0
Rabbit A0f is running away from: WolfC0
Rabbit A0 is Hungry
Rabbit A0f ate
Rabbit A0 f is ready to mate
Rabbit A5m is running away from: LionA2
Rabbit A5m is running away from: WolfA0
Rabbit A5 is Hungry
Rabbit A5m ate
Rabbit A5 m is ready to mate
Rabbit A5 m is approaching partner: Rabbit B2f
Rabbit B0m is running away from: LionA2
Rabbit B0m is running away from: WolfB3
Rabbit B0 is Hungry
Rabbit B0m ate
Rabbit B0 m is ready to mate
Rabbit B0 m is approaching partner: Rabbit B2f
Rabbit A5m is running away from: LionA2
Rabbit A5m is running away from: WolfA0
Rabbit A5 is Hungry
Rabbit A5m ate
Rabbit A5 m is ready to mate
Rabbit A5 m is approaching partner: Rabbit B2f
Rabbit A3f is running away from: LionC1
Rabbit A3f is running away from: WolfC0
Rabbit A3 is Hungry
Rabbit A3f ate
Rabbit A3 f is ready to mate
Rabbit A3m is running away from: LionA2
Rabbit A3m is running away from: WolfB3
Rabbit A3 is Hungry
Rabbit A3m ate
Rabbit A3 m is ready to mate
Rabbit A3 m is approaching partner: Rabbit B2f
Rabbit C4m is running away from: LionA2
Rabbit C4m is running away from: WolfB3
Rabbit C4 is Hungry
Rabbit C4m ate
Rabbit C4 m is ready to mate
Rabbit C4 m is approaching partner: Rabbit B4f
Rabbit B0m is running away from: LionA2
Rabbit B0m is running away from: WolfB5
Rabbit B0 is Hungry
Rabbit B0m ate
Rabbit B0 m is ready to mate
Rabbit B0 m is approaching partner: Rabbit B2f
Lion B0 is Hungry
LionB0fis chasing: A0f
Lion C1 is Hungry
LionC1mis chasing: B3f
Lion C3 is Hungry
LionC3fis chasing: A0f
Lion A2 is Hungry
LionA2fis chasing: B2f
Wolf B5f is running away from: LionB0
Wolf B5 f is ready to mate
Wolf A0f is running away from: LionA2
Wolf A0 f is ready to mate
Wolf B3f is running away from: LionC1
Wolf B3 f is ready to mate
Wolf C0f is running away from: LionB0
Wolf C0 f is ready to mate
Rabbit C5m is running away from: LionB0
Rabbit C5m is running away from: WolfC0
Rabbit C5 m is ready to mate
Rabbit C5 m is approaching partner: Rabbit B4f
Rabbit B4f is running away from: LionB0
Rabbit B4f is running away from: WolfC0
Rabbit B4 f is ready to mate
Rabbit B2f is running away from: LionA2
Rabbit B2f is running away from: WolfA0
Rabbit B2 f is ready to mate
Rabbit A5m is running away from: LionC3
Rabbit A5m is running away from: WolfC0
Rabbit A5 m is ready to mate
Rabbit A5 m is approaching partner: Rabbit A0f
Rabbit B4f is running away from: LionA2
Rabbit B4f is running away from: WolfB3
Rabbit B4 f is ready to mate
Rabbit B3m is running away from: LionB0
Rabbit B3m is running away from: WolfC0
Rabbit B3 is Hungry
Rabbit B3 m is ready to mate
Rabbit B3 m is approaching partner: Rabbit B4f
Rabbit C3m is running away from: LionA2
Rabbit C3m is running away from: WolfB5
Rabbit C3 m is ready to mate
Rabbit C3 m is approaching partner: Rabbit B4f
Rabbit A0f is running away from: LionB0
Rabbit A0f is running away from: WolfC0
Rabbit A0 f is ready to mate
Rabbit A5m is running away from: LionA2
Rabbit A5m is running away from: WolfA0
Rabbit A5 m is ready to mate
Rabbit A5 m is approaching partner: Rabbit B2f
Rabbit B0m is running away from: LionA2
Rabbit B0m is running away from: WolfB3
Rabbit B0 m is ready to mate
Rabbit B0 m is approaching partner: Rabbit B2f
Rabbit A5m is running away from: LionA2
Rabbit A5m is running away from: WolfB5
Rabbit A5 m is ready to mate
Rabbit A5 m is approaching partner: Rabbit B2f
Rabbit A3f is running away from: LionB0
Rabbit A3f is running away from: WolfC0
Rabbit A3 f is ready to mate
Rabbit A3m is running away from: LionA2
Rabbit A3m is running away from: WolfB3
Rabbit A3 m is ready to mate
Rabbit A3 m is approaching partner: Rabbit B2f
Rabbit C4m is running away from: LionA2
Rabbit C4m is running away from: WolfB3
Rabbit C4 m is ready to mate
Rabbit C4 m is approaching partner: Rabbit B2f
Rabbit B0m is running away from: LionA2
Rabbit B0m is running away from: WolfB5
Rabbit B0 m is ready to mate
Rabbit B0 m is approaching partner: Rabbit B2f
Lion B0 is Hungry
LionB0fis chasing: A0f
Lion C1 is Hungry
LionC1mis chasing: C0f
Lion C3 is Hungry
LionC3fis chasing: A0f
Lion A2 is Hungry
LionA2fis chasing: B2f
LionA2f ate: B2f
Wolf B5f is running away from: LionB0
Wolf B5 f is ready to mate
Wolf A0f is running away from: LionA2
Wolf A0 f is ready to mate
Wolf B3f is running away from: LionC1
Wolf B3 f is ready to mate
Wolf C0f is running away from: LionC1
Wolf C0 f is ready to mate
Rabbit C5m is running away from: LionC3
Rabbit C5m is running away from: WolfC0
Rabbit C5 m is ready to mate
Rabbit C5 m is approaching partner: Rabbit B4f
Rabbit B4f is running away from: LionC3
Rabbit B4f is running away from: WolfC0
Rabbit B4 f is ready to mate
Rabbit A5m is running away from: LionC3
Rabbit A5m is running away from: WolfC0
Rabbit A5 m is ready to mate
Rabbit A5 m is approaching partner: Rabbit B4f
Rabbit B4f is running away from: LionC1
Rabbit B4f is running away from: WolfB5
Rabbit B4 f is ready to mate
Rabbit B3m is running away from: LionC3
Rabbit B3m is running away from: WolfC0
Rabbit B3 is Hungry
Rabbit B3 m is ready to mate
Rabbit B3 m is approaching partner: Rabbit B4f
Rabbit C3m is running away from: LionA2
Rabbit C3m is running away from: WolfB5
Rabbit C3 m is ready to mate
Rabbit C3 m is approaching partner: Rabbit B4f
Rabbit A0f is running away from: LionB0
Rabbit A0f is running away from: WolfC0
Rabbit A0 f is ready to mate
Rabbit A5m is running away from: LionA2
Rabbit A5m is running away from: WolfA0
Rabbit A5 m is ready to mate
Rabbit A5 m is approaching partner: Rabbit B4f
Rabbit B0m is running away from: LionA2
Rabbit B0m is running away from: WolfB3
Rabbit B0 m is ready to mate
Rabbit B0 m is approaching partner: Rabbit B4f
Rabbit A5m is running away from: LionA2
Rabbit A5m is running away from: WolfB5
Rabbit A5 m is ready to mate
Rabbit A5 m is approaching partner: Rabbit B4f
Rabbit A3f is running away from: LionC3
Rabbit A3f is running away from: WolfC0
Rabbit A3 f is ready to mate
Rabbit A3m is running away from: LionA2
Rabbit A3m is running away from: WolfB3
Rabbit A3 m is ready to mate
Rabbit A3 m is approaching partner: Rabbit B4f
Rabbit C4m is running away from: LionA2
Rabbit C4m is running away from: WolfB3
Rabbit C4 m is ready to mate
Rabbit C4 m is approaching partner: Rabbit B4f
Rabbit B0m is running away from: LionA2
Rabbit B0m is running away from: WolfB5
Rabbit B0 m is ready to mate
Rabbit B0 m is approaching partner: Rabbit B4f
Lion B0 is Hungry
LionB0fis chasing: A0f
Lion B0 f is ready to mate
Lion C1 is Hungry
LionC1mis chasing: C0f
Lion C1 m is ready to mate
Lion C3 is Hungry
LionC3fis chasing: A0f
Lion C3 f is ready to mate
Lion A2 f is ready to mate
Wolf B5f is running away from: LionB0
Wolf B5 f is ready to mate
Wolf A0f is running away from: LionA2
Wolf A0 f is ready to mate
Wolf B3f is running away from: LionA2
Wolf B3 f is ready to mate
Wolf C0f is running away from: LionB0
Wolf C0 f is ready to mate
Rabbit C5m is running away from: LionC3
Rabbit C5m is running away from: WolfC0
Rabbit C5 is Hungry
Rabbit C5 m is ready to mate
Rabbit C5 m is approaching partner: Rabbit B4f
Rabbit B4f is running away from: LionC3
Rabbit B4f is running away from: WolfC0
Rabbit B4 is Hungry
Rabbit B4 f is ready to mate
Rabbit A5m is running away from: LionC3
Rabbit A5m is running away from: WolfC0
Rabbit A5 is Hungry
Rabbit A5m ate
Rabbit A5 m is ready to mate
Rabbit A5 m is approaching partner: Rabbit B4f
Rabbit B4f is running away from: LionC1
Rabbit B4f is running away from: WolfB5
Rabbit B4 is Hungry
Rabbit B4f ate
Rabbit B4 f is ready to mate
Rabbit B3m is running away from: LionC3
Rabbit B3m is running away from: WolfC0
Rabbit B3 is Hungry
Rabbit B3 m is ready to mate
Rabbit B3 m is approaching partner: Rabbit B4f
Rabbit C3m is running away from: LionA2
Rabbit C3m is running away from: WolfB5
Rabbit C3 is Hungry
Rabbit C3m ate
Rabbit C3 m is ready to mate
Rabbit C3 m is approaching partner: Rabbit B4f
Rabbit A0f is running away from: LionB0
Rabbit A0f is running away from: WolfC0
Rabbit A0 is Hungry
Rabbit A0f ate
Rabbit A0 f is ready to mate
Rabbit A5m is running away from: LionA2
Rabbit A5m is running away from: WolfA0
Rabbit A5 is Hungry
Rabbit A5m ate
Rabbit A5 m is ready to mate
Rabbit A5 m is approaching partner: Rabbit B4f
Rabbit B0m is running away from: LionA2
Rabbit B0m is running away from: WolfB3
Rabbit B0 is Hungry
Rabbit B0m ate
Rabbit B0 m is ready to mate
Rabbit B0 m is approaching partner: Rabbit B4f
Rabbit A5m is running away from: LionA2
Rabbit A5m is running away from: WolfB5
Rabbit A5 is Hungry
Rabbit A5m ate
Rabbit A5 m is ready to mate
Rabbit A5 m is approaching partner: Rabbit B4f
Rabbit A3f is running away from: LionC1
Rabbit A3f is running away from: WolfC0
Rabbit A3 is Hungry
Rabbit A3 f is ready to mate
Rabbit A3m is running away from: LionA2
Rabbit A3m is running away from: WolfB3
Rabbit A3 is Hungry
Rabbit A3 m is ready to mate
Rabbit A3 m is approaching partner: Rabbit B4f
Rabbit C4m is running away from: LionA2
Rabbit C4m is running away from: WolfB3
Rabbit C4 is Hungry
Rabbit C4m ate
Rabbit C4 m is ready to mate
Rabbit C4 m is approaching partner: Rabbit B4f
Rabbit B0m is running away from: LionA2
Rabbit B0m is running away from: WolfB5
Rabbit B0 is Hungry
Rabbit B0m ate
Rabbit B0 m is ready to mate
Rabbit B0 m is approaching partner: Rabbit B4f
Lion B0 is Hungry
LionB0fis chasing: A0f
Lion B0 f is ready to mate
Lion C1 is Hungry
LionC1mis chasing: C0f
Lion C1 m is ready to mate
Lion C3 is Hungry
LionC3fis chasing: A0f
Lion C3 f is ready to mate
Lion A2 f is ready to mate
Wolf B5f is running away from: LionA2
Wolf B5 f is ready to mate
Wolf A0f is running away from: LionA2
Wolf A0 f is ready to mate
Wolf B3f is running away from: LionA2
Wolf B3 f is ready to mate
Wolf C0f is running away from: LionC1
Wolf C0f ate!
Wolf C0 f is ready to mate
Rabbit C5m is running away from: LionC1
Rabbit C5m is running away from: WolfC0
Rabbit C5 is Hungry
Rabbit C5 m is ready to mate
Rabbit C5 m is approaching partner: Rabbit B4f
Rabbit B4f is running away from: LionC1
Rabbit B4f is running away from: WolfC0
Rabbit B4 is Hungry
Rabbit B4 f is ready to mate
Rabbit A5m is running away from: LionC3
Rabbit A5m is running away from: WolfC0
Rabbit A5 m is ready to mate
Rabbit A5 m is approaching partner: Rabbit B4f
Rabbit B4f is running away from: LionA2
Rabbit B4f is running away from: WolfB3
Rabbit B4 f is ready to mate
Rabbit B3m is running away from: LionC1
Rabbit B3m is running away from: WolfC0
Rabbit B3 is Hungry
Rabbit B3 m is ready to mate
Rabbit B3 m is approaching partner: Rabbit B4f
Rabbit C3m is running away from: LionA2
Rabbit C3m is running away from: WolfB5
Rabbit C3 m is ready to mate
Rabbit C3 m is approaching partner: Rabbit B4f
Rabbit A5m is running away from: LionA2
Rabbit A5m is running away from: WolfA0
Rabbit A5 m is ready to mate
Rabbit A5 m is approaching partner: Rabbit B4f
Rabbit B0m is running away from: LionA2
Rabbit B0m is running away from: WolfB3
Rabbit B0 m is ready to mate
Rabbit B0 m is approaching partner: Rabbit B4f
Rabbit A5m is running away from: LionA2
Rabbit A5m is running away from: WolfB5
Rabbit A5 m is ready to mate
Rabbit A5 m is approaching partner: Rabbit B4f
Rabbit A3f is running away from: LionC1
Rabbit A3f is running away from: WolfC0
Rabbit A3 is Hungry
Rabbit A3f ate
Rabbit A3 f is ready to mate
Rabbit A3m is running away from: LionA2
Rabbit A3m is running away from: WolfB3
Rabbit A3 is Hungry
Rabbit A3 m is ready to mate
Rabbit A3 m is approaching partner: Rabbit B4f
Rabbit C4m is running away from: LionA2
Rabbit C4m is running away from: WolfB3
Rabbit C4 m is ready to mate
Rabbit C4 m is approaching partner: Rabbit B4f
Rabbit B0m is running away from: LionA2
Rabbit B0m is running away from: WolfB5
Rabbit B0 m is ready to mate
Rabbit B0 m is approaching partner: Rabbit B4f
Lion B0 is Hungry
LionB0fis chasing: C0f
Lion B0 f is ready to mate
Lion C1 is Hungry
LionC1mis chasing: C0f
Lion C1 m is ready to mate
Lion C3 is Hungry
LionC3fis chasing: C0f
Lion C3 f is ready to mate
Lion A2 is Hungry
LionA2fis chasing: A5m
Lion A2 f is ready to mate
Wolf B5f is running away from: LionA2
Wolf B5 is Hungry
Wolf B5f is chasing: C3m
Wolf B5 f is ready to mate
Wolf A0f is running away from: LionA2
Wolf A0 is Hungry
Wolf A0f is chasing: A5m
Wolf A0 f is ready to mate
Wolf B3f is running away from: LionA2
Wolf B3 is Hungry
Wolf B3f is chasing: C4m
Wolf B3 f is ready to mate
Wolf C0f is running away from: LionB0
Wolf C0 f is ready to mate
Rabbit C5m is running away from: LionC1
Rabbit C5m is running away from: WolfC0
Rabbit C5 is Hungry
Rabbit C5 m is ready to mate
Rabbit C5 m is approaching partner: Rabbit B4f
Rabbit B4f is running away from: LionC1
Rabbit B4f is running away from: WolfC0
Rabbit B4 is Hungry
Rabbit B4 f is ready to mate
Rabbit A5m is running away from: LionC3
Rabbit A5m is running away from: WolfC0
Rabbit A5 m is ready to mate
Rabbit A5 m is approaching partner: Rabbit B4f
Rabbit B4f is running away from: LionA2
Rabbit B4f is running away from: WolfB3
Rabbit B4 f is ready to mate
Rabbit B3m is running away from: LionC1
Rabbit B3m is running away from: WolfC0
Rabbit B3 is Hungry
Rabbit B3 m is ready to mate
Rabbit B3 m is approaching partner: Rabbit B4f
Rabbit C3m is running away from: LionA2
Rabbit C3m is running away from: WolfB5
Rabbit C3 m is ready to mate
Rabbit C3 m is approaching partner: Rabbit B4f
Rabbit A5m is running away from: LionA2
Rabbit A5m is running away from: WolfB3
Rabbit A5 m is ready to mate
Rabbit A5 m is approaching partner: Rabbit B4f
Rabbit B0m is running away from: LionA2
Rabbit B0m is running away from: WolfB3
Rabbit B0 m is ready to mate
Rabbit B0 m is approaching partner: Rabbit B4f
Rabbit A5m is running away from: LionA2
Rabbit A5m is running away from: WolfB5
Rabbit A5 m is ready to mate
Rabbit A5 m is approaching partner: Rabbit B4f
Rabbit A3f is running away from: LionC1
Rabbit A3f is running away from: WolfC0
Rabbit A3 f is ready to mate
Rabbit A3m is running away from: LionA2
Rabbit A3m is running away from: WolfB3
Rabbit A3 is Hungry
Rabbit A3 m is ready to mate
Rabbit A3 m is approaching partner: Rabbit B4f
Rabbit C4m is running away from: LionA2
Rabbit C4m is running away from: WolfB3
Rabbit C4 m is ready to mate
Rabbit C4 m is approaching partner: Rabbit B4f
Rabbit B0m is running away from: LionA2
Rabbit B0m is running away from: WolfB5
Rabbit B0 m is ready to mate
Rabbit B0 m is approaching partner: Rabbit B4f
Lion B0 is Hungry
LionB0fis chasing: C0f
Lion B0 f is ready to mate
Lion C1 is Hungry
LionC1mis chasing: C0f
Lion C1 m is ready to mate
Lion C3 is Hungry
LionC3fis chasing: C0f
Lion C3 f is ready to mate
Lion A2 is Hungry
LionA2fis chasing: A5m
Lion A2 f is ready to mate
Wolf B5f is running away from: LionA2
Wolf B5 is Hungry
Wolf B5f is chasing: C3m
Wolf B5f ate!
Wolf B5 f is ready to mate
Wolf A0f is running away from: LionA2
Wolf A0 is Hungry
Wolf A0f is chasing: A5m
Wolf A0 f is ready to mate
Wolf B3f is running away from: LionA2
Wolf B3 is Hungry
Wolf B3f is chasing: C4m
Wolf B3 f is ready to mate
Wolf C0f is running away from: LionB0
Wolf C0 f is ready to mate
Rabbit C5m is running away from: LionB0
Rabbit C5m is running away from: WolfC0
Rabbit C5 is Hungry
Rabbit C5 m is ready to mate
Rabbit C5 m is approaching partner: Rabbit B4f
Rabbit B4f is running away from: LionC1
Rabbit B4f is running away from: WolfC0
Rabbit B4 is Hungry
Rabbit B4 f is ready to mate
Rabbit A5m is running away from: LionB0
Rabbit A5m is running away from: WolfC0
Rabbit A5 is Hungry
Rabbit A5 m is ready to mate
Rabbit A5 m is approaching partner: Rabbit B4f
Rabbit B4f is running away from: LionA2
Rabbit B4f is running away from: WolfC0
Rabbit B4 is Hungry
Rabbit B4f ate
Rabbit B4 f is ready to mate
Rabbit B3m is running away from: LionC1
Rabbit B3m is running away from: WolfC0
Rabbit B3 is Hungry
Rabbit B3 m is ready to mate
Rabbit B3 m is approaching partner: Rabbit B4f
Rabbit A5m is running away from: LionA2
Rabbit A5m is running away from: WolfA0
Rabbit A5 is Hungry
Rabbit A5 m is ready to mate
Rabbit A5 m is approaching partner: Rabbit B4f
Rabbit B0m is running away from: LionA2
Rabbit B0m is running away from: WolfB3
Rabbit B0 is Hungry
Rabbit B0 m is ready to mate
Rabbit B0 m is approaching partner: Rabbit B4f
Rabbit A5m is running away from: LionA2
Rabbit A5m is running away from: WolfB5
Rabbit A5 is Hungry
Rabbit A5m ate
Rabbit A5 m is ready to mate
Rabbit A5 m is approaching partner: Rabbit B4f
Rabbit A3f is running away from: LionB0
Rabbit A3f is running away from: WolfC0
Rabbit A3 f is ready to mate
Rabbit A3m is running away from: LionA2
Rabbit A3m is running away from: WolfB3
Rabbit A3 is Hungry
Rabbit A3 m is ready to mate
Rabbit A3 m is approaching partner: Rabbit B4f
Rabbit C4m is running away from: LionC1
Rabbit C4m is running away from: WolfB3
Rabbit C4 is Hungry
Rabbit C4m ate
Rabbit C4 m is ready to mate
Rabbit C4 m is approaching partner: Rabbit B4f
Rabbit B0m is running away from: LionA2
Rabbit B0m is running away from: WolfB5
Rabbit B0 is Hungry
Rabbit B0 m is ready to mate
Rabbit B0 m is approaching partner: Rabbit B4f
Lion B0 is Hungry
LionB0fis chasing: C0f
Lion B0 f is ready to mate
Lion C1 is Hungry
LionC1mis chasing: C0f
Lion C1 m is ready to mate
Lion C3 is Hungry
LionC3fis chasing: C0f
Lion C3 f is ready to mate
Lion A2 is Hungry
LionA2fis chasing: A5m
Lion A2 f is ready to mate
Wolf B5f is running away from: LionA2
Wolf B5 is Thirsty
Wolf B5drank water
Wolf B5 f is ready to mate
Wolf A0f is running away from: LionA2
Wolf A0 is Hungry
Wolf A0f is chasing: A5m
Wolf A0 is Thirsty
Wolf A0drank water
Wolf A0 f is ready to mate
Wolf B3f is running away from: LionA2
Wolf B3 is Hungry
Wolf B3f is chasing: C4m
Wolf B3 is Thirsty
Wolf B3drank water
Wolf B3 f is ready to mate
Wolf C0f is running away from: LionC1
Wolf C0 is Thirsty
Wolf C0drank water
Wolf C0 f is ready to mate
Rabbit C5m is running away from: LionC1
Rabbit C5m is running away from: WolfC0
Rabbit C5 is Hungry
Rabbit C5 m is ready to mate
Rabbit C5 m is approaching partner: Rabbit B4f
Rabbit B4f is running away from: LionC1
Rabbit B4f is running away from: WolfC0
Rabbit B4 is Hungry
Rabbit B4 f is ready to mate
Rabbit A5m is running away from: LionC1
Rabbit A5m is running away from: WolfC0
Rabbit A5 is Hungry
Rabbit A5 m is ready to mate
Rabbit A5 m is approaching partner: Rabbit B4f
Rabbit B4f is running away from: LionA2
Rabbit B4f is running away from: WolfC0
Rabbit B4 f is ready to mate
Rabbit B3m is running away from: LionC1
Rabbit B3m is running away from: WolfC0
Rabbit B3 is Hungry
Rabbit B3 m is ready to mate
Rabbit B3 m is approaching partner: Rabbit B4f
Rabbit A5m is running away from: LionA2
Rabbit A5m is running away from: WolfA0
Rabbit A5 is Hungry
Rabbit A5 m is ready to mate
Rabbit A5 m is approaching partner: Rabbit B4f
Rabbit B0m is running away from: LionA2
Rabbit B0m is running away from: WolfA0
Rabbit B0 is Hungry
Rabbit B0 m is ready to mate
Rabbit B0 m is approaching partner: Rabbit B4f
Rabbit A5m is running away from: LionA2
Rabbit A5m is running away from: WolfB5
Rabbit A5 m is ready to mate
Rabbit A5 m is approaching partner: Rabbit B4f
Rabbit A3f is running away from: LionC1
Rabbit A3f is running away from: WolfC0
Rabbit A3 is Hungry
Rabbit A3 f is ready to mate
Rabbit A3m is running away from: LionA2
Rabbit A3m is running away from: WolfA0
Rabbit A3 is Hungry
Rabbit A3 m is ready to mate
Rabbit A3 m is approaching partner: Rabbit B4f
Rabbit C4m is running away from: LionC1
Rabbit C4m is running away from: WolfB3
Rabbit C4 m is ready to mate
Rabbit C4 m is approaching partner: Rabbit B4f
Rabbit B0m is running away from: LionA2
Rabbit B0m is running away from: WolfB5
Rabbit B0 is Hungry
Rabbit B0m ate
Rabbit B0 m is ready to mate
Rabbit B0 m is approaching partner: Rabbit B4f
Lion B0 is Thirsty
Lion B0 drank water
Lion B0 is Hungry
LionB0f died of hunger
LionB0fis chasing: C0f
Lion B0 f is ready to mate
Lion C1 is Thirsty
Lion C1 drank water
Lion C1 is Hungry
LionC1m died of hunger
LionC1mis chasing: C0f
Lion C1 m is ready to mate
Lion C3 is Thirsty
Lion C3 drank water
Lion C3 is Hungry
LionC3f died of hunger
LionC3fis chasing: C0f
Lion C3 f is ready to mate
Lion A2 is Thirsty
Lion A2 drank water
Lion A2 is Hungry
LionA2fis chasing: A5m
Lion A2 f is ready to mate
Wolf B5f is running away from: LionA2
Wolf B5 is Thirsty
Wolf B5drank water
Wolf B5 f is ready to mate
Wolf A0f is running away from: LionA2
Wolf A0 is Hungry
Wolf A0f is chasing: A5m
Wolf A0 is Thirsty
Wolf A0drank water
Wolf A0 f is ready to mate
Wolf B3f is running away from: LionA2
Wolf B3 is Hungry
Wolf B3f is chasing: C4m
Wolf B3f ate!
Wolf B3 is Thirsty
Wolf B3drank water
Wolf B3 f is ready to mate
Wolf C0f is running away from: LionA2
Wolf C0 is Thirsty
Wolf C0drank water
Wolf C0 f is ready to mate
Rabbit C5m is running away from: LionA2
Rabbit C5m is running away from: WolfC0
Rabbit C5 is Hungry
Rabbit C5 m is ready to mate
Rabbit C5 m is approaching partner: Rabbit B4f
Rabbit B4f is running away from: LionA2
Rabbit B4f is running away from: WolfC0
Rabbit B4 is Hungry
Rabbit B4 f is ready to mate
Rabbit A5m is running away from: LionA2
Rabbit A5m is running away from: WolfC0
Rabbit A5 is Hungry
Rabbit A5 m is ready to mate
Rabbit A5 m is approaching partner: Rabbit B4f
Rabbit B4f is running away from: LionA2
Rabbit B4f is running away from: WolfB3
Rabbit B4 f is ready to mate
Rabbit B3m is running away from: LionA2
Rabbit B3m is running away from: WolfC0
Rabbit B3 is Hungry
Rabbit B3 m is ready to mate
Rabbit B3 m is approaching partner: Rabbit B4f
Rabbit A5m is running away from: LionA2
Rabbit A5m is running away from: WolfA0
Rabbit A5 is Hungry
Rabbit A5 m is ready to mate
Rabbit A5 m is approaching partner: Rabbit B4f
Rabbit B0m is running away from: LionA2
Rabbit B0m is running away from: WolfA0
Rabbit B0 is Hungry
Rabbit B0 m is ready to mate
Rabbit B0 m is approaching partner: Rabbit B4f
Rabbit A5m is running away from: LionA2
Rabbit A5m is running away from: WolfB3
Rabbit A5 m is ready to mate
Rabbit A5 m is approaching partner: Rabbit B4f
Rabbit A3f is running away from: LionA2
Rabbit A3f is running away from: WolfC0
Rabbit A3 is Hungry
Rabbit A3 f is ready to mate
Rabbit A3m is running away from: LionA2
Rabbit A3m is running away from: WolfA0
Rabbit A3 is Hungry
Rabbit A3 m is ready to mate
Rabbit A3 m is approaching partner: Rabbit B4f
Rabbit B0m is running away from: LionA2
Rabbit B0m is running away from: WolfB5
Rabbit B0 m is ready to mate
Rabbit B0 m is approaching partner: Rabbit B4f
Lion A2 is Thirsty
Lion A2 drank water
Lion A2 is Hungry
LionA2fis chasing: A5m
Lion A2 f is ready to mate
Wolf B5f is running away from: LionA2
Wolf B5f ate!
Wolf B5 is Thirsty
Wolf B5drank water
Wolf B5 f is ready to mate
Wolf A0f is running away from: LionA2
Wolf A0 is Hungry
Wolf A0f is chasing: A5m
Wolf A0 is Thirsty
Wolf A0drank water
Wolf A0 f is ready to mate
Wolf B3f is running away from: LionA2
Wolf B3 is Thirsty
Wolf B3drank water
Wolf B3 f is ready to mate
Wolf C0f is running away from: LionA2
Wolf C0 is Thirsty
Wolf C0drank water
Wolf C0 f is ready to mate
Rabbit C5m is running away from: LionA2
Rabbit C5m is running away from: WolfC0
Rabbit C5 is Hungry
Rabbit C5 m is ready to mate
Rabbit C5 m is approaching partner: Rabbit B4f
Rabbit B4f is running away from: LionA2
Rabbit B4f is running away from: WolfC0
Rabbit B4 is Hungry
Rabbit B4 f is ready to mate
Rabbit A5m is running away from: LionA2
Rabbit A5m is running away from: WolfC0
Rabbit A5 is Hungry
Rabbit A5 m is ready to mate
Rabbit A5 m is approaching partner: Rabbit A3f
Rabbit B4f is running away from: LionA2
Rabbit B4f is running away from: WolfC0
Rabbit B4 is Hungry
Rabbit B4f ate
Rabbit B4 f is ready to mate
Rabbit B3m is running away from: LionA2
Rabbit B3m is running away from: WolfC0
Rabbit B3 is Hungry
Rabbit B3 m is ready to mate
Rabbit B3 m is approaching partner: Rabbit A3f
Rabbit A5m is running away from: LionA2
Rabbit A5m is running away from: WolfA0
Rabbit A5 is Hungry
Rabbit A5 m is ready to mate
Rabbit A5 m is approaching partner: Rabbit B4f
Rabbit B0m is running away from: LionA2
Rabbit B0m is running away from: WolfA0
Rabbit B0 is Hungry
Rabbit B0 m is ready to mate
Rabbit B0 m is approaching partner: Rabbit B4f
Rabbit A5m is running away from: LionA2
Rabbit A5m is running away from: WolfB3
Rabbit A5 is Hungry
Rabbit A5m ate
Rabbit A5 m is ready to mate
Rabbit A5 m is approaching partner: Rabbit B4f
Rabbit C1 f was born!Father is A5 and Mother is B4
Rabbit A3f is running away from: LionA2
Rabbit A3f is running away from: WolfC0
Rabbit A3 is Hungry
Rabbit A3 f is ready to mate
Rabbit A3m is running away from: LionA2
Rabbit A3m is running away from: WolfA0
Rabbit A3 is Hungry
Rabbit A3 m is ready to mate
Rabbit A3 m is approaching partner: Rabbit A3f
Lion A2 is Thirsty
Lion A2 drank water
Lion A2 is Hungry
LionA2fis chasing: A5m
Lion A2 f is ready to mate
Wolf B5f is running away from: LionA2
Wolf B5 is Thirsty
Wolf B5drank water
Wolf B5 f is ready to mate
Wolf A0f is running away from: LionA2
Wolf A0 is Hungry
Wolf A0f is chasing: A5m
Wolf A0 is Thirsty
Wolf A0drank water
Wolf A0 f is ready to mate
Wolf B3f is running away from: LionA2
Wolf B3 is Thirsty
Wolf B3drank water
Wolf B3 f is ready to mate
Wolf C0f is running away from: LionA2
Wolf C0 is Thirsty
Wolf C0drank water
Wolf C0 f is ready to mate
Rabbit C5m is running away from: LionA2
Rabbit C5m is running away from: WolfC0
Rabbit C5 is Hungry
Rabbit C5 m is ready to mate
Rabbit C5 m is approaching partner: Rabbit A3f
Rabbit B4f is running away from: LionA2
Rabbit B4f is running away from: WolfC0
Rabbit B4 is Hungry
Rabbit B4 f is ready to mate
Rabbit A5m is running away from: LionA2
Rabbit A5m is running away from: WolfC0
Rabbit A5 is Hungry
Rabbit A5 m is ready to mate
Rabbit A5 m is approaching partner: Rabbit B4f
Rabbit B4f is running away from: LionA2
Rabbit B4f is running away from: WolfB3
Rabbit B3m is running away from: LionA2
Rabbit B3m is running away from: WolfC0
Rabbit B3 is Hungry
RabbitB3m died of hunger
Rabbit B3 m is ready to mate
Rabbit B3 m is approaching partner: Rabbit B4f
Rabbit A5m is running away from: LionA2
Rabbit A5m is running away from: WolfA0
Rabbit A5 is Hungry
Rabbit A5 m is ready to mate
Rabbit A5 m is approaching partner: Rabbit A3f
Rabbit B0m is running away from: LionA2
Rabbit B0m is running away from: WolfA0
Rabbit B0 is Hungry
Rabbit B0 m is ready to mate
Rabbit B0 m is approaching partner: Rabbit A3f
Rabbit A5m is running away from: LionA2
Rabbit A5m is running away from: WolfB3
Rabbit A5 m is ready to mate
Rabbit A5 m is approaching partner: Rabbit A3f
Rabbit A3f is running away from: LionA2
Rabbit A3f is running away from: WolfC0
Rabbit A3 is Hungry
Rabbit A3 f is ready to mate
Rabbit A3m is running away from: LionA2
Rabbit A3m is running away from: WolfA0
Rabbit A3 is Hungry
Rabbit A3m ate
Rabbit A3 m is ready to mate
Rabbit A3 m is approaching partner: Rabbit B4f
Rabbit C1f is running away from: LionA2
Rabbit C1f is running away from: WolfB3
Lion A2 is Thirsty
Lion A2 drank water
Lion A2 is Hungry
LionA2fis chasing: B3f
Lion A2 f is ready to mate
Wolf B5f is running away from: LionA2
Wolf B5 is Thirsty
Wolf B5drank water
Wolf B5 f is ready to mate
Wolf A0f is running away from: LionA2
Wolf A0 is Hungry
Wolf A0f is chasing: A5m
Wolf A0 is Thirsty
Wolf A0drank water
Wolf A0 f is ready to mate
Wolf B3f is running away from: LionA2
Wolf B3 is Thirsty
Wolf B3drank water
Wolf B3 f is ready to mate
Wolf C0f is running away from: LionA2
Wolf C0 is Thirsty
Wolf C0drank water
Wolf C0 f is ready to mate
Rabbit C5m is running away from: LionA2
Rabbit C5m is running away from: WolfC0
Rabbit C5 is Hungry
Rabbit C5 m is ready to mate
Rabbit C5 m is approaching partner: Rabbit B4f
Rabbit B4f is running away from: LionA2
Rabbit B4f is running away from: WolfC0
Rabbit B4 is Hungry
Rabbit B4 f is ready to mate
Rabbit A5m is running away from: LionA2
Rabbit A5m is running away from: WolfC0
Rabbit A5 is Hungry
Rabbit A5 m is ready to mate
Rabbit A5 m is approaching partner: Rabbit A3f
Rabbit B4f is running away from: LionA2
Rabbit B4f is running away from: WolfC0
Rabbit A5m is running away from: LionA2
Rabbit A5m is running away from: WolfA0
Rabbit A5 is Hungry
Rabbit A5 m is ready to mate
Rabbit A5 m is approaching partner: Rabbit A3f
Rabbit B0m is running away from: LionA2
Rabbit B0m is running away from: WolfA0
Rabbit B0 is Hungry
Rabbit B0 m is ready to mate
Rabbit B0 m is approaching partner: Rabbit A3f
Rabbit A5m is running away from: LionA2
Rabbit A5m is running away from: WolfC0
Rabbit A5 m is ready to mate
Rabbit A5 m is approaching partner: Rabbit B4f
Rabbit A3f is running away from: LionA2
Rabbit A3f is running away from: WolfC0
Rabbit A3 is Hungry
Rabbit A3 f is ready to mate
Rabbit A3m is running away from: LionA2
Rabbit A3m is running away from: WolfA0
Rabbit A3 m is ready to mate
Rabbit A3 m is approaching partner: Rabbit A3f
Rabbit C1f is running away from: LionA2
Rabbit C1f is running away from: WolfC0
Lion A2 is Thirsty
Lion A2 drank water
Lion A2 is Hungry
LionA2f died of hunger
LionA2fis chasing: B4f
Lion A2 f is ready to mate
Wolf B5 is Thirsty
Wolf B5drank water
Wolf B5 f is ready to mate
Wolf A0 is Hungry
Wolf A0f is chasing: A5m
Wolf A0 is Thirsty
Wolf A0drank water
Wolf A0 f is ready to mate
Wolf B3 f is ready to mate
Wolf C0 is Hungry
Wolf C0f is chasing: A5m
Wolf C0f ate!
Wolf C0 is Thirsty
Wolf C0drank water
Wolf C0 f is ready to mate
Rabbit C5m is running away from: WolfC0
Rabbit C5 is Hungry
Rabbit C5 m is ready to mate
Rabbit C5 m is approaching partner: Rabbit A3f
Rabbit B4f is running away from: WolfC0
Rabbit B4 is Hungry
Rabbit B4 f is ready to mate
Rabbit A5m is running away from: WolfC0
Rabbit A5 is Hungry
Rabbit A5 m is ready to mate
Rabbit A5 m is approaching partner: Rabbit B4f
Rabbit B4f is running away from: WolfC0
Rabbit B4 is Hungry
Rabbit B4f ate
Rabbit A5m is running away from: WolfA0
Rabbit A5 is Hungry
Rabbit A5 m is ready to mate
Rabbit A5 m is approaching partner: Rabbit B4f
Rabbit B0m is running away from: WolfA0
Rabbit B0 is Hungry
Rabbit B0 m is ready to mate
Rabbit B0 m is approaching partner: Rabbit B4f
Rabbit A3f is running away from: WolfC0
Rabbit A3 is Hungry
Rabbit A3 f is ready to mate
Rabbit A3m is running away from: WolfA0
Rabbit A3 m is ready to mate
Rabbit A3 m is approaching partner: Rabbit B4f
Rabbit C1f is running away from: WolfC0
Rabbit C1 is Hungry
Rabbit C1f ate
Wolf B5 is Thirsty
Wolf B5drank water
Wolf B5 f is ready to mate
Wolf A0 is Hungry
Wolf A0f is chasing: A5m
Wolf A0 is Thirsty
Wolf A0drank water
Wolf A0 f is ready to mate
Wolf B3 f is ready to mate
Wolf C0 f is ready to mate
Rabbit C5m is running away from: WolfC0
Rabbit C5 is Hungry
RabbitC5m died of hunger
Rabbit C5m ate
Rabbit C5 m is ready to mate
Rabbit C5 m is approaching partner: Rabbit B4f
Rabbit B4f is running away from: WolfC0
Rabbit B4 is Hungry
RabbitB4f died of hunger
Rabbit B4 f is ready to mate
Rabbit A5m is running away from: WolfC0
Rabbit A5 is Hungry
Rabbit A5 m is ready to mate
Rabbit A5 m is approaching partner: Rabbit A3f
Rabbit B4f is running away from: WolfC0
Rabbit A5m is running away from: WolfA0
Rabbit A5 is Hungry
Rabbit A5 m is ready to mate
Rabbit A5 m is approaching partner: Rabbit A3f
Rabbit B0m is running away from: WolfA0
Rabbit B0 is Hungry
Rabbit B0m ate
Rabbit B0 m is ready to mate
Rabbit B0 m is approaching partner: Rabbit A3f
Rabbit A3f is running away from: WolfC0
Rabbit A3 is Hungry
Rabbit A3 f is ready to mate
Rabbit A3m is running away from: WolfA0
Rabbit A3 is Hungry
Rabbit A3 m is ready to mate
Rabbit A3 m is approaching partner: Rabbit A3f
Rabbit C1f is running away from: WolfC0
Wolf B5 is Thirsty
Wolf B5drank water
Wolf B5 f is ready to mate
Wolf A0 is Hungry
Wolf A0f is chasing: A5m
Wolf A0 is Thirsty
Wolf A0drank water
Wolf A0 f is ready to mate
Wolf B3 f is ready to mate
Wolf C0 f is ready to mate
Rabbit A5m is running away from: WolfC0
Rabbit A5 is Hungry
Rabbit A5 m is ready to mate
Rabbit A5 m is approaching partner: Rabbit A3f
Rabbit B4f is running away from: WolfC0
Rabbit A5m is running away from: WolfA0
Rabbit A5 is Hungry
Rabbit A5 m is ready to mate
Rabbit A5 m is approaching partner: Rabbit A3f
Rabbit B0m is running away from: WolfB3
Rabbit B0 m is ready to mate
Rabbit B0 m is approaching partner: Rabbit A3f
Rabbit A3f is running away from: WolfC0
Rabbit A3 is Hungry
Rabbit A3 f is ready to mate
Rabbit A3m is running away from: WolfA0
Rabbit A3 is Hungry
Rabbit A3 m is ready to mate
Rabbit A3 m is approaching partner: Rabbit A3f
Rabbit C1f is running away from: WolfC0
Rabbit C1 f is ready to mate
Wolf B5 is Thirsty
Wolf B5drank water
Wolf B5 f is ready to mate
Wolf A0 is Hungry
Wolf A0f is chasing: A5m
Wolf A0 is Thirsty
Wolf A0drank water
Wolf A0 f is ready to mate
Wolf B3 f is ready to mate
Wolf C0 f is ready to mate
Rabbit A5m is running away from: WolfC0
Rabbit A5 is Hungry
Rabbit A5 m is ready to mate
Rabbit A5 m is approaching partner: Rabbit A3f
Rabbit B4f is running away from: WolfC0
Rabbit B4 is Hungry
Rabbit B4f ate
Rabbit B4 f is ready to mate
Rabbit A5m is running away from: WolfA0
Rabbit A5 is Hungry
Rabbit A5 m is ready to mate
Rabbit A5 m is approaching partner: Rabbit B4f
Rabbit B0m is running away from: WolfB3
Rabbit B0 m is ready to mate
Rabbit B0 m is approaching partner: Rabbit B4f
Rabbit A3f is running away from: WolfC0
Rabbit A3 is Hungry
Rabbit A3 f is ready to mate
Rabbit A3m is running away from: WolfB3
Rabbit A3 is Hungry
Rabbit A3 m is ready to mate
Rabbit A3 m is approaching partner: Rabbit B4f
Rabbit C1f is running away from: WolfC0
Rabbit C1 is Hungry
Rabbit C1 f is ready to mate
Wolf B5 is Thirsty
Wolf B5drank water
Wolf B5 f is ready to mate
Wolf A0 is Hungry
Wolf A0f is chasing: A5m
Wolf A0 is Thirsty
Wolf A0drank water
Wolf A0 f is ready to mate
Wolf B3 is Hungry
Wolf B3f is chasing: C1f
Wolf B3 f is ready to mate
Wolf C0 f is ready to mate
Rabbit A5m is running away from: WolfC0
Rabbit A5 is Hungry
RabbitA5m died of hunger
Rabbit A5 m is ready to mate
Rabbit A5 m is approaching partner: Rabbit A3f
Rabbit B4f is running away from: WolfB5
Rabbit B4 f is ready to mate
Rabbit A5m is running away from: WolfA0
Rabbit A5 is Hungry
RabbitA5m died of hunger
Rabbit A5 m is ready to mate
Rabbit A5 m is approaching partner: Rabbit B4f
Rabbit B0m is running away from: WolfB3
Rabbit B0 is Hungry
Rabbit B0m ate
Rabbit B0 m is ready to mate
Rabbit B0 m is approaching partner: Rabbit B4f
Rabbit A3f is running away from: WolfC0
Rabbit A3 is Hungry
Rabbit A3 f is ready to mate
Rabbit A3m is running away from: WolfB3
Rabbit A3 is Hungry
Rabbit A3 m is ready to mate
Rabbit A3 m is approaching partner: Rabbit B4f
Rabbit C1f is running away from: WolfC0
Rabbit C1 is Hungry
Rabbit C1f ate
Rabbit C1 f is ready to mate
Wolf B5 is Hungry
Wolf B5f is chasing: B4f
Wolf B5 is Thirsty
Wolf B5drank water
Wolf B5 f is ready to mate
Wolf A0 is Hungry
Wolf A0f is chasing: A3m
Wolf A0 is Thirsty
Wolf A0drank water
Wolf A0 f is ready to mate
Wolf B3 is Hungry
Wolf B3f is chasing: B4f
Wolf B3 f is ready to mate
Wolf C0 f is ready to mate
Rabbit B4 is Thirsty
Rabbit B4 drank water
Rabbit B4f is running away from: WolfB3
Rabbit B4 f is ready to mate
Rabbit B0 is Thirsty
Rabbit B0 drank water
Rabbit B0m is running away from: WolfB5
Rabbit B0 m is ready to mate
Rabbit B0 m is approaching partner: Rabbit B4f
Rabbit A3 is Thirsty
Rabbit A3 drank water
Rabbit A3f is running away from: WolfC0
Rabbit A3 is Hungry
RabbitA3f died of hunger
Rabbit A3 f is ready to mate
Rabbit A3 is Thirsty
Rabbit A3 drank water
Rabbit A3m is running away from: WolfB5
Rabbit A3 is Hungry
Rabbit A3 m is ready to mate
Rabbit A3 m is approaching partner: Rabbit B4f
Rabbit C1f is running away from: WolfB5
Rabbit C1 f is ready to mate
Wolf B5 is Hungry
Wolf B5f is chasing: B4f
Wolf B5 is Thirsty
Wolf B5drank water
Wolf B5 f is ready to mate
Wolf A0 is Hungry
Wolf A0f is chasing: A3m
Wolf A0 is Thirsty
Wolf A0drank water
Wolf A0 f is ready to mate
Wolf B3 is Hungry
Wolf B3f is chasing: B4f
Wolf B3 f is ready to mate
Wolf C0 f is ready to mate
Rabbit B4 is Thirsty
Rabbit B4 drank water
Rabbit B4f is running away from: WolfB5
Rabbit B4 is Hungry
Rabbit B4f ate
Rabbit B4 f is ready to mate
Rabbit B0 is Thirsty
Rabbit B0 drank water
Rabbit B0m is running away from: WolfB3
Rabbit B0 m is ready to mate
Rabbit B0 m is approaching partner: Rabbit B4f
Rabbit A3 is Thirsty
Rabbit A3 drank water
Rabbit A3m is running away from: WolfB3
Rabbit A3 is Hungry
Rabbit A3m ate
Rabbit A3 m is ready to mate
Rabbit A3 m is approaching partner: Rabbit B4f
Rabbit C1f is running away from: WolfC0
Rabbit C1 f is ready to mate
Wolf B5 is Hungry
Wolf B5f is chasing: B4f
Wolf B5f ate!
Wolf B5 is Thirsty
Wolf B5drank water
Wolf B5 f is ready to mate
Wolf A0 is Hungry
Wolf A0f is chasing: A3m
Wolf A0 is Thirsty
Wolf A0drank water
Wolf A0 f is ready to mate
Wolf B3 is Hungry
Wolf B3f is chasing: C1f
Wolf B3 f is ready to mate
Wolf C0 f is ready to mate
Rabbit B0 is Thirsty
Rabbit B0 drank water
Rabbit B0m is running away from: WolfB3
Rabbit B0 is Hungry
Rabbit B0m ate
Rabbit B0 m is ready to mate
Rabbit B0 m is approaching partner: Rabbit C1f
Rabbit A3 is Thirsty
Rabbit A3 drank water
Rabbit A3m is running away from: WolfA0
Rabbit A3 m is ready to mate
Rabbit A3 m is approaching partner: Rabbit C1f
Rabbit C1f is running away from: WolfC0
Rabbit C1 is Hungry
Rabbit C1f ate
Rabbit C1 f is ready to mate
Wolf B5 is Thirsty
Wolf B5drank water
Wolf B5 f is ready to mate
Wolf A0 is Hungry
Wolf A0f is chasing: A3m
Wolf A0 f is ready to mate
Wolf B3 is Hungry
Wolf B3f is chasing: C1f
Wolf B3 f is ready to mate
Wolf C0 is Hungry
Wolf C0f is chasing: C1f
Wolf C0 f is ready to mate
Rabbit B0 is Thirsty
Rabbit B0 drank water
Rabbit B0m is running away from: WolfB5
Rabbit B0 m is ready to mate
Rabbit B0 m is approaching partner: Rabbit C1f
Rabbit A3 is Thirsty
Rabbit A3 drank water
Rabbit A3m is running away from: WolfA0
Rabbit A3 m is ready to mate
Rabbit A3 m is approaching partner: Rabbit C1f
Rabbit C1f is running away from: WolfC0
Rabbit C1 f is ready to mate
Wolf B5 is Thirsty
Wolf B5drank water
Wolf B5 f is ready to mate
Wolf A0 is Hungry
Wolf A0f is chasing: A3m
Wolf A0 f is ready to mate
Wolf B3 is Hungry
Wolf B3f is chasing: C1f
Wolf B3 is Thirsty
Wolf B3drank water
Wolf B3 f is ready to mate
Wolf C0 is Hungry
Wolf C0f is chasing: C1f
Wolf C0 f is ready to mate
Rabbit B0 is Thirsty
Rabbit B0 drank water
Rabbit B0m is running away from: WolfB5
Rabbit B0 m is ready to mate
Rabbit B0 m is approaching partner: Rabbit C1f
Rabbit A3 is Thirsty
Rabbit A3 drank water
Rabbit A3m is running away from: WolfA0
Rabbit A3 is Hungry
Rabbit A3m ate
Rabbit A3 m is ready to mate
Rabbit A3 m is approaching partner: Rabbit C1f
Rabbit C1f is running away from: WolfC0
Rabbit C1 f is ready to mate
Wolf B5 is Thirsty
Wolf B5drank water
Wolf B5 f is ready to mate
Wolf A0 is Hungry
WolfA0f died of hunger
Wolf A0f is chasing: A3m
Wolf A0 f is ready to mate
Wolf B3 is Hungry
Wolf B3f is chasing: C1f
Wolf B3 f is ready to mate
Wolf C0 is Hungry
Wolf C0f is chasing: C1f
Wolf C0 is Thirsty
Wolf C0drank water
Wolf C0 f is ready to mate
Rabbit B0 is Thirsty
Rabbit B0 drank water
Rabbit B0m is running away from: WolfB5
Rabbit B0 is Hungry
Rabbit B0 m is ready to mate
Rabbit B0 m is approaching partner: Rabbit C1f
Rabbit A3 is Thirsty
Rabbit A3 drank water
Rabbit A3m is running away from: WolfB5
Rabbit A3 m is ready to mate
Rabbit A3 m is approaching partner: Rabbit C1f
Rabbit C1f is running away from: WolfC0
Rabbit C1 is Hungry
Rabbit C1f ate
Rabbit C1 f is ready to mate
Wolf B5 f is ready to mate
Wolf B3 is Hungry
Wolf B3f is chasing: C1f
Wolf B3 f is ready to mate
Wolf C0 is Hungry
Wolf C0f is chasing: C1f
Wolf C0 is Thirsty
Wolf C0drank water
Wolf C0 f is ready to mate
Rabbit B0 is Thirsty
Rabbit B0 drank water
Rabbit B0m is running away from: WolfB5
Rabbit B0 is Hungry
Rabbit B0 m is ready to mate
Rabbit B0 m is approaching partner: Rabbit C1f
Rabbit A3 is Thirsty
Rabbit A3 drank water
Rabbit A3m is running away from: WolfB5
Rabbit A3 m is ready to mate
Rabbit A3 m is approaching partner: Rabbit C1f
Rabbit C1f is running away from: WolfC0
Rabbit C1 f is ready to mate
Wolf B5 f is ready to mate
Wolf B3 is Hungry
Wolf B3f is chasing: C1f
Wolf B3 f is ready to mate
Wolf C0 is Hungry
Wolf C0f is chasing: C1f
Wolf C0 is Thirsty
Wolf C0drank water
Wolf C0 f is ready to mate
Rabbit B0 is Thirsty
Rabbit B0 drank water
Rabbit B0m is running away from: WolfB5
Rabbit B0 is Hungry
Rabbit B0 m is ready to mate
Rabbit B0 m is approaching partner: Rabbit C1f
Rabbit A3 is Thirsty
Rabbit A3 drank water
Rabbit A3m is running away from: WolfB5
Rabbit A3 is Hungry
Rabbit A3m ate
Rabbit A3 m is ready to mate
Rabbit A3 m is approaching partner: Rabbit C1f
Rabbit C1f is running away from: WolfB3
Rabbit C1 f is ready to mate
Wolf B5 f is ready to mate
Wolf B3 is Hungry
Wolf B3f is chasing: C1f
Wolf B3 f is ready to mate
Wolf C0 is Hungry
Wolf C0f is chasing: C1f
Wolf C0 is Thirsty
Wolf C0drank water
Wolf C0 f is ready to mate
Rabbit B0 is Thirsty
Rabbit B0 drank water
Rabbit B0m is running away from: WolfB5
Rabbit B0 is Hungry
Rabbit B0 m is ready to mate
Rabbit B0 m is approaching partner: Rabbit C1f
Rabbit A3 is Thirsty
Rabbit A3 drank water
Rabbit A3m is running away from: WolfB5
Rabbit A3 m is ready to mate
Rabbit A3 m is approaching partner: Rabbit C1f
Rabbit C1f is running away from: WolfB3
Rabbit C1 is Hungry
Rabbit C1f ate
Rabbit C1 f is ready to mate
Wolf B5 f is ready to mate
Wolf B3 is Hungry
Wolf B3f is chasing: C1f
Wolf B3 f is ready to mate
Wolf C0 is Hungry
Wolf C0f is chasing: C1f
Wolf C0 is Thirsty
Wolf C0drank water
Wolf C0 f is ready to mate
Rabbit B0 is Thirsty
Rabbit B0 drank water
Rabbit B0m is running away from: WolfB5
Rabbit B0 is Hungry
Rabbit B0 m is ready to mate
Rabbit B0 m is approaching partner: Rabbit C1f
Rabbit A3 is Thirsty
Rabbit A3 drank water
Rabbit A3m is running away from: WolfB5
Rabbit A3 m is ready to mate
Rabbit A3 m is approaching partner: Rabbit C1f
Rabbit C1f is running away from: WolfB3
Rabbit C1 f is ready to mate
Wolf B5 is Hungry
Wolf B5f is chasing: B0m
Wolf B5 f is ready to mate
Wolf B3 is Hungry
Wolf B3f is chasing: C1f
Wolf B3 f is ready to mate
Wolf C0 is Hungry
Wolf C0f is chasing: C1f
Wolf C0 is Thirsty
Wolf C0drank water
Wolf C0 f is ready to mate
Rabbit B0 is Thirsty
Rabbit B0 drank water
Rabbit B0m is running away from: WolfB5
Rabbit B0 is Hungry
Rabbit B0 m is ready to mate
Rabbit B0 m is approaching partner: Rabbit C1f
Rabbit A3m is running away from: WolfB5
Rabbit A3 is Hungry
Rabbit A3m ate
Rabbit A3 m is ready to mate
Rabbit A3 m is approaching partner: Rabbit C1f
Rabbit C1f is running away from: WolfC0
Rabbit C1 f is ready to mate
Wolf B5 is Hungry
Wolf B5f is chasing: B0m
Wolf B5 f is ready to mate
Wolf B3 is Hungry
Wolf B3f is chasing: C1f
Wolf B3 f is ready to mate
Wolf C0 is Hungry
Wolf C0f is chasing: C1f
Wolf C0 is Thirsty
Wolf C0drank water
Wolf C0 f is ready to mate
Rabbit B0 is Thirsty
Rabbit B0 drank water
Rabbit B0m is running away from: WolfB5
Rabbit B0 is Hungry
Rabbit B0 m is ready to mate
Rabbit B0 m is approaching partner: Rabbit C1f
Rabbit A3m is running away from: WolfB5
Rabbit A3 m is ready to mate
Rabbit A3 m is approaching partner: Rabbit C1f
Rabbit C1f is running away from: WolfC0
Rabbit C1 is Hungry
Rabbit C1f ate
Rabbit C1 f is ready to mate
Wolf B5 is Hungry
Wolf B5f is chasing: B0m
Wolf B5 f is ready to mate
Wolf B3 is Hungry
Wolf B3f is chasing: C1f
Wolf B3 f is ready to mate
Wolf C0 is Hungry
Wolf C0f is chasing: C1f
Wolf C0 is Thirsty
Wolf C0drank water
Wolf C0 f is ready to mate
Rabbit B0 is Thirsty
Rabbit B0 drank water
Rabbit B0m is running away from: WolfB5
Rabbit B0 is Hungry
Rabbit B0 m is ready to mate
Rabbit B0 m is approaching partner: Rabbit C1f
Rabbit A3m is running away from: WolfB5
Rabbit A3 m is ready to mate
Rabbit A3 m is approaching partner: Rabbit C1f
Rabbit C1 is Thirsty
Rabbit C1 drank water
Rabbit C1f is running away from: WolfC0
Rabbit C1 f is ready to mate
Wolf B5 is Hungry
Wolf B5f is chasing: B0m
Wolf B5 f is ready to mate
Wolf B3 is Hungry
Wolf B3f is chasing: C1f
Wolf B3 f is ready to mate
Wolf C0 is Hungry
Wolf C0f is chasing: C1f
Wolf C0 is Thirsty
Wolf C0drank water
Wolf C0 f is ready to mate
Rabbit B0 is Thirsty
Rabbit B0 drank water
Rabbit B0m is running away from: WolfB5
Rabbit B0 is Hungry
Rabbit B0m ate
Rabbit B0 m is ready to mate
Rabbit B0 m is approaching partner: Rabbit C1f
Rabbit A3m is running away from: WolfB5
Rabbit A3 is Hungry
Rabbit A3m ate
Rabbit A3 m is ready to mate
Rabbit A3 m is approaching partner: Rabbit C1f
Rabbit C1 is Thirsty
Rabbit C1 drank water
Rabbit C1f is running away from: WolfB3
Rabbit C1 f is ready to mate
Wolf B5 is Hungry
Wolf B5f is chasing: B0m
Wolf B5 f is ready to mate
Wolf B3 is Hungry
Wolf B3f is chasing: C1f
Wolf B3 is Thirsty
Wolf B3drank water
Wolf B3 f is ready to mate
Wolf C0 is Hungry
Wolf C0f is chasing: C1f
Wolf C0 is Thirsty
Wolf C0drank water
Wolf C0 f is ready to mate
Rabbit B0 is Thirsty
Rabbit B0 drank water
Rabbit B0m is running away from: WolfB5
Rabbit B0 m is ready to mate
Rabbit B0 m is approaching partner: Rabbit C1f
Rabbit A3m is running away from: WolfB5
Rabbit A3 m is ready to mate
Rabbit A3 m is approaching partner: Rabbit C1f
Rabbit C1 is Thirsty
Rabbit C1 drank water
Rabbit C1f is running away from: WolfC0
Rabbit C1 is Hungry
Rabbit C1f ate
Rabbit C1 f is ready to mate
Wolf B5 is Hungry
Wolf B5f is chasing: B0m
Wolf B5 is Thirsty
Wolf B5drank water
Wolf B5 f is ready to mate
Wolf B3 is Hungry
Wolf B3f is chasing: C1f
Wolf B3 is Thirsty
Wolf B3drank water
Wolf B3 f is ready to mate
Wolf C0 is Hungry
Wolf C0f is chasing: C1f
Wolf C0 is Thirsty
Wolf C0drank water
Wolf C0 f is ready to mate
Rabbit B0 is Thirsty
Rabbit B0 drank water
Rabbit B0m is running away from: WolfB5
Rabbit B0 m is ready to mate
Rabbit B0 m is approaching partner: Rabbit C1f
Rabbit A3m is running away from: WolfB5
Rabbit A3 m is ready to mate
Rabbit A3 m is approaching partner: Rabbit C1f
Rabbit C1 is Thirsty
Rabbit C1 drank water
Rabbit C1f is running away from: WolfC0
Rabbit C1 f is ready to mate
Wolf B5 is Hungry
Wolf B5f is chasing: B0m
Wolf B5 is Thirsty
Wolf B5drank water
Wolf B5 f is ready to mate
Wolf B3 is Hungry
WolfB3f died of hunger
Wolf B3f is chasing: C1f
Wolf B3 is Thirsty
Wolf B3drank water
Wolf B3 f is ready to mate
Wolf C0 is Hungry
Wolf C0f is chasing: C1f
Wolf C0 is Thirsty
Wolf C0drank water
Wolf C0 f is ready to mate
Rabbit B0 is Thirsty
Rabbit B0 drank water
Rabbit B0m is running away from: WolfB5
Rabbit B0 is Hungry
Rabbit B0m ate
Rabbit B0 m is ready to mate
Rabbit B0 m is approaching partner: Rabbit C1f
Rabbit A3m is running away from: WolfB5
Rabbit A3 is Hungry
Rabbit A3m ate
Rabbit A3 m is ready to mate
Rabbit A3 m is approaching partner: Rabbit C1f
Rabbit C1 is Thirsty
Rabbit C1 drank water
Rabbit C1f is running away from: WolfC0
Rabbit C1 f is ready to mate
Wolf B5 is Hungry
Wolf B5f is chasing: B0m
Wolf B5 is Thirsty
Wolf B5drank water
Wolf B5 f is ready to mate
Wolf C0 is Hungry
Wolf C0f is chasing: C1f
Wolf C0 is Thirsty
Wolf C0drank water
Wolf C0 f is ready to mate
Rabbit B0 is Thirsty
Rabbit B0 drank water
Rabbit B0m is running away from: WolfB5
Rabbit B0 m is ready to mate
Rabbit B0 m is approaching partner: Rabbit C1f
Rabbit A3m is running away from: WolfB5
Rabbit A3 m is ready to mate
Rabbit A3 m is approaching partner: Rabbit C1f
Rabbit C1 is Thirsty
Rabbit C1 drank water
Rabbit C1f is running away from: WolfC0
Rabbit C1 is Hungry
Rabbit C1 f is ready to mate
Wolf B5 is Hungry
Wolf B5f is chasing: B0m
Wolf B5 is Thirsty
Wolf B5drank water
Wolf B5 f is ready to mate
Wolf C0 is Hungry
Wolf C0f is chasing: C1f
Wolf C0 is Thirsty
Wolf C0drank water
Wolf C0 f is ready to mate
Rabbit B0 is Thirsty
Rabbit B0 drank water
Rabbit B0m is running away from: WolfB5
Rabbit B0 m is ready to mate
Rabbit B0 m is approaching partner: Rabbit C1f
Rabbit A3m is running away from: WolfB5
Rabbit A3 m is ready to mate
Rabbit A3 m is approaching partner: Rabbit C1f
Rabbit C1 is Thirsty
Rabbit C1 drank water
Rabbit C1f is running away from: WolfC0
Rabbit C1 is Hungry
Rabbit C1f ate
Rabbit C1 f is ready to mate
Wolf B5 is Hungry
Wolf B5f is chasing: B0m
Wolf B5 is Thirsty
Wolf B5drank water
Wolf B5 f is ready to mate
Wolf C0 is Hungry
Wolf C0f is chasing: C1f
Wolf C0 is Thirsty
Wolf C0drank water
Wolf C0 f is ready to mate
Rabbit B0m is running away from: WolfB5
Rabbit B0 is Hungry
Rabbit B0 m is ready to mate
Rabbit B0 m is approaching partner: Rabbit C1f
Rabbit A3m is running away from: WolfB5
Rabbit A3 is Hungry
Rabbit A3m ate
Rabbit A3 m is ready to mate
Rabbit A3 m is approaching partner: Rabbit C1f
Rabbit C1 is Thirsty
Rabbit C1 drank water
Rabbit C1f is running away from: WolfC0
Rabbit C1 f is ready to mate
Wolf B5 is Hungry
Wolf B5f is chasing: A3m
Wolf B5 is Thirsty
Wolf B5drank water
Wolf B5 f is ready to mate
Wolf C0 is Hungry
WolfC0f died of hunger
Wolf C0f is chasing: C1f
Wolf C0 is Thirsty
Wolf C0drank water
Wolf C0 f is ready to mate
Rabbit B0m is running away from: WolfB5
Rabbit B0 is Hungry
Rabbit B0 m is ready to mate
Rabbit B0 m is approaching partner: Rabbit C1f
Rabbit A3m is running away from: WolfB5
Rabbit A3 m is ready to mate
Rabbit A3 m is approaching partner: Rabbit C1f
Rabbit C1 is Thirsty
Rabbit C1 drank water
Rabbit C1f is running away from: WolfB5
Rabbit C1 f is ready to mate
Wolf B5 is Hungry
Wolf B5f is chasing: B0m
Wolf B5 is Thirsty
Wolf B5drank water
Wolf B5 f is ready to mate
Rabbit B0m is running away from: WolfB5
Rabbit B0 is Hungry
Rabbit B0 m is ready to mate
Rabbit B0 m is approaching partner: Rabbit C1f
Rabbit A3m is running away from: WolfB5
Rabbit A3 m is ready to mate
Rabbit A3 m is approaching partner: Rabbit C1f
Rabbit C1 is Thirsty
Rabbit C1 drank water
Rabbit C1f is running away from: WolfB5
Rabbit C1 is Hungry
Rabbit C1f ate
Rabbit C1 f is ready to mate
Wolf B5 is Hungry
Wolf B5f is chasing: B0m
Wolf B5 is Thirsty
Wolf B5drank water
Wolf B5 f is ready to mate
Rabbit B0m is running away from: WolfB5
Rabbit B0 is Hungry
Rabbit B0 m is ready to mate
Rabbit B0 m is approaching partner: Rabbit C1f
Rabbit A3m is running away from: WolfB5
Rabbit A3 is Hungry
Rabbit A3 m is ready to mate
Rabbit A3 m is approaching partner: Rabbit C1f
Rabbit C1 is Thirsty
Rabbit C1 drank water
Rabbit C1f is running away from: WolfB5
Rabbit C1 f is ready to mate
Wolf B5 is Hungry
Wolf B5f is chasing: B0m
Wolf B5 is Thirsty
Wolf B5drank water
Wolf B5 f is ready to mate
Rabbit B0m is running away from: WolfB5
Rabbit B0 is Hungry
Rabbit B0 m is ready to mate
Rabbit B0 m is approaching partner: Rabbit C1f
Rabbit A3m is running away from: WolfB5
Rabbit A3 is Hungry
Rabbit A3m ate
Rabbit A3 m is ready to mate
Rabbit A3 m is approaching partner: Rabbit C1f
Rabbit C1 is Thirsty
Rabbit C1 drank water
Rabbit C1f is running away from: WolfB5
Rabbit C1 f is ready to mate
Wolf B5 is Hungry
Wolf B5f is chasing: B0m
Wolf B5 is Thirsty
Wolf B5drank water
Wolf B5 f is ready to mate
Rabbit B0m is running away from: WolfB5
Rabbit B0 is Hungry
Rabbit B0 m is ready to mate
Rabbit B0 m is approaching partner: Rabbit C1f
Rabbit A3m is running away from: WolfB5
Rabbit A3 m is ready to mate
Rabbit A3 m is approaching partner: Rabbit C1f
Rabbit C1 is Thirsty
Rabbit C1 drank water
Rabbit C1f is running away from: WolfB5
Rabbit C1 is Hungry
Rabbit C1f ate
Rabbit C1 f is ready to mate
Wolf B5 is Hungry
Wolf B5f is chasing: B0m
Wolf B5 is Thirsty
Wolf B5drank water
Wolf B5 f is ready to mate
Rabbit B0m is running away from: WolfB5
Rabbit B0 is Hungry
Rabbit B0 m is ready to mate
Rabbit B0 m is approaching partner: Rabbit C1f
Rabbit A3m is running away from: WolfB5
Rabbit A3 m is ready to mate
Rabbit A3 m is approaching partner: Rabbit C1f
Rabbit C1 is Thirsty
Rabbit C1 drank water
Rabbit C1f is running away from: WolfB5
Rabbit C1 f is ready to mate
Wolf B5 is Hungry
Wolf B5f is chasing: B0m
Wolf B5 is Thirsty
Wolf B5drank water
Wolf B5 f is ready to mate
Rabbit B0m is running away from: WolfB5
Rabbit B0 is Hungry
Rabbit B0 m is ready to mate
Rabbit B0 m is approaching partner: Rabbit C1f
Rabbit A3m is running away from: WolfB5
Rabbit A3 is Hungry
Rabbit A3m ate
Rabbit A3 m is ready to mate
Rabbit A3 m is approaching partner: Rabbit C1f
Rabbit C1 is Thirsty
Rabbit C1 drank water
Rabbit C1f is running away from: WolfB5
Rabbit C1 f is ready to mate
Wolf B5 is Hungry
WolfB5f died of hunger
Wolf B5f is chasing: B0m
Wolf B5 is Thirsty
Wolf B5drank water
Wolf B5 f is ready to mate
Rabbit B0 is Hungry
Rabbit B0 m is ready to mate
Rabbit B0 m is approaching partner: Rabbit C1f
Rabbit A3 m is ready to mate
Rabbit A3 m is approaching partner: Rabbit C1f
Rabbit C1 is Thirsty
Rabbit C1 drank water
Rabbit C1 is Hungry
Rabbit C1 f is ready to mate
Rabbit B0 is Hungry
Rabbit B0m ate
Rabbit B0 m is ready to mate
Rabbit B0 m is approaching partner: Rabbit C1f
Rabbit A3 m is ready to mate
Rabbit A3 m is approaching partner: Rabbit C1f
Rabbit C1 is Thirsty
Rabbit C1 drank water
Rabbit C1 is Hungry
Rabbit C1f ate
Rabbit C1 f is ready to mate
Rabbit B0 m is ready to mate
Rabbit B0 m is approaching partner: Rabbit C1f
Rabbit A3 is Thirsty
Rabbit A3 drank water
Rabbit A3 is Hungry
Rabbit A3m ate
Rabbit A3 m is ready to mate
Rabbit A3 m is approaching partner: Rabbit C1f
Rabbit C1 is Thirsty
Rabbit C1 drank water
Rabbit C1 f is ready to mate
rabbit B0m Died of Old Age
Rabbit B0 m is ready to mate
Rabbit B0 m is approaching partner: Rabbit C1f
rabbit A3m Died of Old Age
Rabbit A3 is Thirsty
Rabbit A3 drank water
Rabbit A3 m is ready to mate
Rabbit A3 m is approaching partner: Rabbit C1f
Rabbit C1 is Thirsty
Rabbit C1 drank water
Rabbit C1 f is ready to mate
