Wolf C2m is running away from: LionC0
Rabbit C2 is Hungry
Rabbit C2m ate
Rabbit C2 m is ready to mate
Not enough female Rabbits or Female Rabbit partners are not ready yet!
Rabbit B1 is Hungry
Rabbit B1f ate
Rabbit B1 f is ready to mate
Rabbit C3 is Hungry
Rabbit C3m ate
Rabbit C3 m is ready to mate
Rabbit C3 m is approaching partner: Rabbit B1f
Rabbit A0 is Hungry
Rabbit A0f ate
Rabbit A0 f is ready to mate
Rabbit B0 is Hungry
Rabbit B0f ate
Rabbit B0 f is ready to mate
Rabbit C4 is Hungry
Rabbit C4f ate
Rabbit C4 f is ready to mate
Rabbit B4 is Hungry
Rabbit B4m ate
Rabbit B4 m is ready to mate
Rabbit B4 m is approaching partner: Rabbit C4f
Rabbit C5 is Hungry
Rabbit C5f ate
Rabbit C5 f is ready to mate
Rabbit C3 is Hungry
Rabbit C3f ate
Rabbit C3 f is ready to mate
Rabbit B0 is Hungry
Rabbit B0m ate
Rabbit B0 m is ready to mate
Rabbit B0 m is approaching partner: Rabbit C5f
Rabbit B2 m was born!Father is B0 and Mother is C5
Rabbit B1 is Hungry
Rabbit B1m ate
Rabbit B1 m is ready to mate
Rabbit B1 m is approaching partner: Rabbit C3f
Rabbit A2 is Hungry
Rabbit A2f ate
Rabbit A2 f is ready to mate
Rabbit B1 is Hungry
Rabbit B1f ate
Rabbit B1 f is ready to mate
Rabbit B0 is Hungry
Rabbit B0m ate
Rabbit B0 m is ready to mate
Rabbit B0 m is approaching partner: Rabbit A2f
Rabbit A0 is Hungry
Rabbit A0f ate
Rabbit A0 f is ready to mate
Wolf C2m is running away from: LionC0
Rabbit C2 is Hungry
Rabbit C2 m is ready to mate
Rabbit C2 m is approaching partner: Rabbit C3f
Rabbit B1 is Hungry
Rabbit B1f ate
Rabbit B1 f is ready to mate
Rabbit C3 is Hungry
Rabbit C3m ate
Rabbit C3 m is ready to mate
Rabbit C3 m is approaching partner: Rabbit A0f
Rabbit A0 is Hungry
Rabbit A0 f is ready to mate
Rabbit B0 is Hungry
Rabbit B0f ate
Rabbit B0 f is ready to mate
Rabbit C4 is Hungry
Rabbit C4 f is ready to mate
Rabbit B4 is Hungry
Rabbit B4m ate
Rabbit B4 m is ready to mate
Rabbit B4 m is approaching partner: Rabbit C3f
Rabbit C5 is Hungry
Rabbit C3 is Hungry
Rabbit C3f ate
Rabbit C3 f is ready to mate
Rabbit B0 is Hungry
Rabbit B0m ate
Rabbit B0 m is ready to mate
Rabbit B0 m is approaching partner: Rabbit A2f
Rabbit B1m is running away from: LionA2
Rabbit B1 is Hungry
Rabbit B1m ate
Rabbit B1 m is ready to mate
Rabbit B1 m is approaching partner: Rabbit A0f
Rabbit A2 is Hungry
Rabbit A2f ate
Rabbit A2 f is ready to mate
Rabbit B1 is Hungry
Rabbit B1f ate
Rabbit B1 f is ready to mate
Rabbit B0 is Hungry
Rabbit B0m ate
Rabbit B0 m is ready to mate
Rabbit B0 m is approaching partner: Rabbit A0f
Rabbit B2 m was born!Father is B0 and Mother is A0
Rabbit A0 is Hungry
Rabbit A0f ate
Rabbit A0 f is ready to mate
Rabbit B2 is Hungry
Rabbit B2m ate
Wolf C2m is running away from: LionC0
Rabbit C2 is Hungry
RabbitC2m died of hunger
Rabbit C2m ate
Rabbit C2 m is ready to mate
Rabbit C2 m is approaching partner: Rabbit C3f
Rabbit B1 is Hungry
Rabbit B1 f is ready to mate
Rabbit C3 is Hungry
Rabbit C3m ate
Rabbit C3 m is ready to mate
Rabbit C3 m is approaching partner: Rabbit A2f
Rabbit A4 m was born!Father is C3 and Mother is A2
Rabbit A0 is Hungry
RabbitA0f died of hunger
Rabbit A0f ate
Rabbit B0 is Hungry
Rabbit B0 f is ready to mate
Rabbit C4 is Hungry
RabbitC4f died of hunger
Rabbit C4f ate
Rabbit C4 f is ready to mate
Rabbit B4 is Hungry
Rabbit B4m ate
Rabbit B4 m is ready to mate
Rabbit B4 m is approaching partner: Rabbit C3f
Rabbit C5 is Hungry
RabbitC5f died of hunger
Rabbit C5f ate
Rabbit C3 is Hungry
Rabbit C3f ate
Rabbit C3 f is ready to mate
Rabbit B0 is Hungry
Rabbit B0 m is ready to mate
Rabbit B0 m is approaching partner: Rabbit B1f
Rabbit B1 is Hungry
Rabbit B1m ate
Rabbit B1 m is ready to mate
Rabbit B1 m is approaching partner: Rabbit A0f
Rabbit A2 is Hungry
Rabbit A2f ate
Rabbit B1f is running away from: WolfB5
Rabbit B1 is Hungry
Rabbit B1 f is ready to mate
Rabbit B0 is Hungry
Rabbit B0m ate
Rabbit B0 m is ready to mate
Rabbit B0 m is approaching partner: Rabbit B1f
Rabbit A0 is Hungry
Rabbit A0f ate
Rabbit A0 f is ready to mate
Rabbit B2 is Hungry
Rabbit B2 is Hungry
Rabbit B2m ate
Rabbit B1 is Hungry
RabbitB1f died of hunger
Rabbit B1f ate
Rabbit B1 f is ready to mate
Rabbit C3 is Hungry
Rabbit C3m ate
Rabbit C3 m is ready to mate
Rabbit C3 m is approaching partner: Rabbit B1f
Rabbit B0 is Hungry
RabbitB0f died of hunger
Rabbit B0f ate
Rabbit B0 f is ready to mate
Rabbit B4 is Hungry
Rabbit B4m ate
Rabbit B4 m is ready to mate
Rabbit B4 m is approaching partner: Rabbit C3f
Rabbit C3 is Hungry
Rabbit C3 f is ready to mate
Rabbit B0 is Hungry
RabbitB0m died of hunger
Rabbit B0m ate
Rabbit B0 m is ready to mate
Rabbit B0 m is approaching partner: Rabbit B1f
Rabbit B1 is Hungry
Rabbit B1m ate
Rabbit B1 m is ready to mate
Rabbit B1 m is approaching partner: Rabbit A0f
Rabbit A2 is Hungry
Rabbit B1 is Hungry
RabbitB1f died of hunger
Rabbit B1 f is ready to mate
Rabbit B0 is Hungry
Rabbit B0 m is ready to mate
Rabbit B0 m is approaching partner: Rabbit C3f
Rabbit A0 is Hungry
Rabbit A0f ate
Rabbit A0 f is ready to mate
Rabbit B2 is Hungry
RabbitB2m died of hunger
Rabbit B2 is Hungry
Rabbit B2m ate
Rabbit A4 is Hungry
Rabbit A4m ate
Wolf C2m is running away from: LionC0
Rabbit C3 is Hungry
Rabbit C3m ate
Rabbit C3 m is ready to mate
Rabbit C3 m is approaching partner: Rabbit C3f
Rabbit B4 is Hungry
Rabbit B4m ate
Rabbit B4 m is ready to mate
Rabbit B4 m is approaching partner: Rabbit C3f
Rabbit C1 m was born!Father is B4 and Mother is C3
Rabbit C3 is Hungry
RabbitC3f died of hunger
Rabbit B1 is Hungry
Rabbit B1m ate
Rabbit B1 m is ready to mate
Rabbit B1 m is approaching partner: Rabbit A0f
Rabbit A2 is Hungry
RabbitA2f died of hunger
Rabbit B0 is Hungry
RabbitB0m died of hunger
Rabbit B0 m is ready to mate
Rabbit B0 m is approaching partner: Rabbit A0f
Rabbit A0 is Hungry
Rabbit A0f ate
Rabbit A0 f is ready to mate
Rabbit B2 is Hungry
Rabbit A4 is Hungry
Rabbit C3 is Hungry
Rabbit C3m ate
Rabbit C3 m is ready to mate
Rabbit C3 m is approaching partner: Rabbit A0f
Rabbit B4 is Hungry
Rabbit B4m ate
Rabbit B4 m is ready to mate
Rabbit B4 m is approaching partner: Rabbit A0f
Rabbit B1 is Hungry
Rabbit B1m ate
Rabbit B1 m is ready to mate
Rabbit B1 m is approaching partner: Rabbit A0f
Rabbit A0 is Hungry
Rabbit A0 f is ready to mate
Rabbit B2 is Hungry
RabbitB2m died of hunger
Rabbit A4 is Hungry
RabbitA4m died of hunger
Rabbit C1 is Hungry
Rabbit C1m ate
Rabbit C3 is Thirsty
Rabbit C3 drank water
Rabbit C3 is Hungry
Rabbit C3 m is ready to mate
Rabbit C3 m is approaching partner: Rabbit A0f
Rabbit B4 is Thirsty
Rabbit B4 drank water
Rabbit B4 is Hungry
Rabbit B4 m is ready to mate
Rabbit B4 m is approaching partner: Rabbit A0f
Rabbit B1 is Thirsty
Rabbit B1 drank water
Rabbit B1 is Hungry
Rabbit B1m ate
Rabbit B1 m is ready to mate
Rabbit B1 m is approaching partner: Rabbit A0f
Rabbit A0 is Thirsty
Rabbit A0 drank water
Rabbit A0 is Hungry
RabbitA0f died of hunger
Rabbit A0f ate
Rabbit A0 f is ready to mate
Rabbit C1 is Hungry
Rabbit C3 is Thirsty
Rabbit C3 drank water
Rabbit C3 is Hungry
RabbitC3m died of hunger
Rabbit C3 m is ready to mate
Not enough female Rabbits or Female Rabbit partners are not ready yet!
Rabbit B4 is Thirsty
Rabbit B4 drank water
Rabbit B4 is Hungry
RabbitB4m died of hunger
Rabbit B4 m is ready to mate
Not enough female Rabbits or Female Rabbit partners are not ready yet!
Rabbit B1 is Thirsty
Rabbit B1 drank water
Rabbit B1m is running away from: LionC3
Rabbit B1 is Hungry
Rabbit B1m ate
Rabbit B1 m is ready to mate
Not enough female Rabbits or Female Rabbit partners are not ready yet!
Rabbit C1 is Hungry
RabbitC1m died of hunger
Rabbit C1m ate
Rabbit B1 is Hungry
Rabbit B1 m is ready to mate
Not enough female Rabbits or Female Rabbit partners are not ready yet!
Wolf B5 is Thirsty
Wolf B5drank water
Wolf A2 is Thirsty
Wolf A2drank water
Wolf C2m is running away from: LionC0
Wolf C2 is Thirsty
Wolf C2drank water
Wolf A1 is Thirsty
Wolf A1drank water
Rabbit B1 is Hungry
RabbitB1m died of hunger
Rabbit B1 m is ready to mate
Not enough female Rabbits or Female Rabbit partners are not ready yet!
Wolf B5 is Thirsty
Wolf B5drank water
Wolf A2 is Thirsty
Wolf A2drank water
Wolf C2 is Thirsty
Wolf C2drank water
Wolf A1 is Thirsty
Wolf A1drank water
Lion C0m ate: C2m
Wolf B5 is Thirsty
Wolf B5drank water
Wolf A2 is Thirsty
Wolf A2drank water
Wolf C2m is running away from: LionC0
Wolf C2 is Thirsty
Wolf C2drank water
Wolf A1 is Thirsty
Wolf A1drank water
Lion C3m ate: A2f
Wolf B5 is Thirsty
Wolf B5drank water
Wolf A2f is running away from: LionC3
Wolf C2m is running away from: LionC0
Wolf C2 is Thirsty
Wolf C2drank water
Wolf A1 is Thirsty
Wolf A1drank water
Wolf B5 is Thirsty
Wolf B5drank water
Wolf A1 is Thirsty
Wolf A1drank water
Wolf B5 is Hungry
WolfB5f died of hunger
Wolf B5 is Thirsty
Wolf B5drank water
Wolf B5 f is ready to mate
Wolf A2 is Hungry
WolfA2f died of hunger
Wolf A2 f is ready to mate
Wolf C2 is Hungry
WolfC2m died of hunger
Wolf C2 m is ready to mate
No Female Wolf Partner or Female Wolf Partner not ready yet!
Wolf A1 is Hungry
WolfA1m died of hunger
Wolf A1 is Thirsty
Wolf A1drank water
Wolf A1 m is ready to mate
No Female Wolf Partner or Female Wolf Partner not ready yet!
Lion A4 is Hungry
LionA4m died of hunger
Lion A2 is Hungry
LionA2f died of hunger
Lion C3 is Thirsty
Lion C3 drank water
Lion C3 m is ready to mate
No Female Lion Partner or Female Lion partners are not ready to mate Yet!
Lion C0 is Thirsty
Lion C0 drank water
Lion C0 m is ready to mate
No Female Lion Partner or Female Lion partners are not ready to mate Yet!
Lion C3 is Thirsty
Lion C3 drank water
Lion C3 m is ready to mate
No Female Lion Partner or Female Lion partners are not ready to mate Yet!
Lion C0 is Thirsty
Lion C0 drank water
Lion C0 m is ready to mate
No Female Lion Partner or Female Lion partners are not ready to mate Yet!
Lion C3 is Thirsty
Lion C3 drank water
Lion C3 m is ready to mate
No Female Lion Partner or Female Lion partners are not ready to mate Yet!
Lion C0 is Thirsty
Lion C0 drank water
Lion C0 m is ready to mate
No Female Lion Partner or Female Lion partners are not ready to mate Yet!
Lion C3 is Thirsty
Lion C3 drank water
Lion C3 m is ready to mate
No Female Lion Partner or Female Lion partners are not ready to mate Yet!
Lion C0 is Thirsty
Lion C0 drank water
Lion C0 m is ready to mate
No Female Lion Partner or Female Lion partners are not ready to mate Yet!
Lion C3 m is ready to mate
No Female Lion Partner or Female Lion partners are not ready to mate Yet!
Lion C0 is Thirsty
Lion C0 drank water
Lion C0 m is ready to mate
No Female Lion Partner or Female Lion partners are not ready to mate Yet!
Lion C3 m is ready to mate
No Female Lion Partner or Female Lion partners are not ready to mate Yet!
Lion C0 m is ready to mate
No Female Lion Partner or Female Lion partners are not ready to mate Yet!
Lion C3 m is ready to mate
No Female Lion Partner or Female Lion partners are not ready to mate Yet!
Lion C0 is Hungry
LionC0m died of hunger
Lion C0 m is ready to mate
No Female Lion Partner or Female Lion partners are not ready to mate Yet!
Lion C3 is Hungry
LionC3m died of hunger
Lion C3 m is ready to mate
No Female Lion Partner or Female Lion partners are not ready to mate Yet!
