Wolf B1m is running away from: LionB0
Wolf B0m is running away from: LionA2
Wolf A0m is running away from: LionC5
Wolf A0m is running away from: LionC4
Wolf B4m is running away from: LionA2
Wolf C3m is running away from: LionB0
Wolf C3m ate!
Wolf A1f is running away from: LionB0
Wolf C5m is running away from: LionA2
Rabbit C5m is running away from: LionA2
Rabbit C5m is running away from: WolfC5
Rabbit C5 is Hungry
Rabbit C5m ate
Rabbit A1f is running away from: LionB0
Rabbit A1f is running away from: WolfC3
Rabbit A1 is Hungry
Rabbit A1f ate
Rabbit A2f is running away from: LionB0
Rabbit A2f is running away from: WolfA1
Rabbit A2 is Hungry
Rabbit A2f ate
Rabbit C4m is running away from: LionB4
Rabbit C4m is running away from: WolfA1
Rabbit C4 is Hungry
Rabbit C4m ate
Rabbit B3f is running away from: LionB0
Rabbit B3f is running away from: WolfA1
Rabbit B3 is Hungry
Rabbit B3f ate
Rabbit B0m is running away from: LionB4
Rabbit B0m is running away from: WolfA1
Rabbit B0 is Hungry
Rabbit B0m ate
Rabbit A3f is running away from: LionB0
Rabbit A3f is running away from: WolfA1
Rabbit A3 is Hungry
Rabbit A3f ate
Rabbit C1f is running away from: LionB0
Rabbit C1f is running away from: WolfC3
Rabbit C1 is Hungry
Rabbit C1f ate
Rabbit B1f is running away from: LionA2
Rabbit B1f is running away from: WolfC5
Rabbit B1 is Hungry
Rabbit B1f ate
Rabbit C3f is running away from: LionB4
Rabbit C3f is running away from: WolfA1
Rabbit C3 is Hungry
Rabbit C3f ate
Rabbit A4f is running away from: LionB4
Rabbit A4f is running away from: WolfA1
Rabbit A4 is Hungry
Rabbit A4f ate
Rabbit A2f is running away from: LionA2
Rabbit A2f is running away from: WolfC5
Rabbit A2 is Hungry
Rabbit A2f ate
Rabbit C4m is running away from: LionC5
Rabbit C4m is running away from: WolfA0
Rabbit C4 is Hungry
Rabbit C4m ate
Rabbit C3f is running away from: LionC5
Rabbit C3f is running away from: WolfA0
Rabbit C3 is Hungry
Rabbit C3f ate
Rabbit A5f is running away from: LionC4
Rabbit A5f is running away from: WolfB4
Rabbit A5 is Hungry
Rabbit A5f ate
Rabbit C4m is running away from: LionB4
Rabbit C4m is running away from: WolfA1
Rabbit C4 is Hungry
Rabbit C4m ate
Rabbit A2m is running away from: LionA2
Rabbit A2m is running away from: WolfB0
Rabbit A2 is Hungry
Rabbit A2m ate
Rabbit C5m is running away from: LionA2
Rabbit C5m is running away from: WolfC5
Rabbit C5 is Hungry
Rabbit C5m ate
Rabbit B0m is running away from: LionB4
Rabbit B0m is running away from: WolfA1
Rabbit B0 is Hungry
Rabbit B0m ate
Wolf B1m is running away from: LionB0
Wolf B0m is running away from: LionA2
Wolf A0m is running away from: LionC5
Wolf A0m is running away from: LionC4
Wolf B4m is running away from: LionC4
Wolf C3m is running away from: LionB0
Wolf A1f is running away from: LionB4
Wolf C5m is running away from: LionA2
Rabbit C5m is running away from: LionA2
Rabbit C5m is running away from: WolfC5
Rabbit C5 is Hungry
Rabbit C5m ate
Rabbit C5 m is ready to mate
Rabbit C5 m is approaching partner: Rabbit B1f
Rabbit A1f is running away from: LionB0
Rabbit A1f is running away from: WolfB1
Rabbit A1 is Hungry
Rabbit A1f ate
Rabbit A1 f is ready to mate
Rabbit A2f is running away from: LionB0
Rabbit A2f is running away from: WolfA1
Rabbit A2 is Hungry
Rabbit A2f ate
Rabbit A2 f is ready to mate
Rabbit C4m is running away from: LionB4
Rabbit C4m is running away from: WolfA1
Rabbit C4 is Hungry
Rabbit C4m ate
Rabbit C4 m is ready to mate
Rabbit C4 m is approaching partner: Rabbit C3f
Rabbit B3f is running away from: LionB0
Rabbit B3f is running away from: WolfA1
Rabbit B3 is Hungry
Rabbit B3f ate
Rabbit B3 f is ready to mate
Rabbit B0m is running away from: LionB4
Rabbit B0m is running away from: WolfA1
Rabbit B0 is Hungry
Rabbit B0 m is ready to mate
Rabbit B0 m is approaching partner: Rabbit C3f
Rabbit A3f is running away from: LionB0
Rabbit A3f is running away from: WolfB1
Rabbit A3 is Hungry
Rabbit A3f ate
Rabbit A3 f is ready to mate
Rabbit C1f is running away from: LionB4
Rabbit C1f is running away from: WolfB1
Rabbit C1 is Hungry
Rabbit C1f ate
Rabbit C1 f is ready to mate
Rabbit B1f is running away from: LionA2
Rabbit B1f is running away from: WolfC5
Rabbit B1 is Hungry
Rabbit B1f ate
Rabbit B1 f is ready to mate
Rabbit C3f is running away from: LionB4
Rabbit C3f is running away from: WolfA1
Rabbit C3 is Hungry
Rabbit C3f ate
Rabbit C3 f is ready to mate
Rabbit A4f is running away from: LionB4
Rabbit A4f is running away from: WolfA1
Rabbit A4 is Hungry
Rabbit A4f ate
Rabbit A4 f is ready to mate
Rabbit A2f is running away from: LionA2
Rabbit A2f is running away from: WolfB0
Rabbit A2 is Hungry
Rabbit A2f ate
Rabbit A2 f is ready to mate
Rabbit C4m is running away from: LionB4
Rabbit C4m is running away from: WolfA1
Rabbit C4 is Hungry
Rabbit C4m ate
Rabbit C4 m is ready to mate
Rabbit C4 m is approaching partner: Rabbit C3f
Rabbit C3f is running away from: LionB0
Rabbit C3f is running away from: WolfA0
Rabbit C3 is Hungry
Rabbit C3f ate
Rabbit C3 f is ready to mate
Rabbit A5f is running away from: LionC4
Rabbit A5f is running away from: WolfA0
Rabbit A5 is Hungry
Rabbit A5f ate
Rabbit A5 f is ready to mate
Rabbit C4m is running away from: LionB4
Rabbit C4m is running away from: WolfA1
Rabbit C4 is Hungry
Rabbit C4m ate
Rabbit C4 m is ready to mate
Rabbit C4 m is approaching partner: Rabbit B3f
Rabbit A2 f was born!Father is C4 and Mother is B3
Rabbit A2m is running away from: LionA2
Rabbit A2m is running away from: WolfB4
Rabbit A2 is Hungry
Rabbit A2m ate
Rabbit A2 m is ready to mate
Rabbit A2 m is approaching partner: Rabbit A2f
Rabbit C5m is running away from: LionA2
Rabbit C5m is running away from: WolfC5
Rabbit C5 is Hungry
Rabbit C5m ate
Rabbit C5 m is ready to mate
Rabbit C5 m is approaching partner: Rabbit B1f
Rabbit B0m is running away from: LionB4
Rabbit B0m is running away from: WolfA1
Rabbit B0 is Hungry
Rabbit B0m ate
Rabbit B0 m is ready to mate
Rabbit B0 m is approaching partner: Rabbit A3f
Wolf B1m is running away from: LionB0
Wolf B0m is running away from: LionA2
Wolf A0m is running away from: LionC5
Wolf A0m is running away from: LionC4
Wolf B4m is running away from: LionC4
Wolf C3m is running away from: LionB0
Wolf A1f is running away from: LionB0
Wolf A1f ate!
Wolf C5m is running away from: LionA2
Rabbit C5m is running away from: LionA2
Rabbit C5m is running away from: WolfC5
Rabbit C5 is Hungry
Rabbit C5 m is ready to mate
Rabbit C5 m is approaching partner: Rabbit B1f
Rabbit A1f is running away from: LionB0
Rabbit A1f is running away from: WolfB1
Rabbit A1 is Hungry
Rabbit A1f ate
Rabbit A1 f is ready to mate
Rabbit A2f is running away from: LionB0
Rabbit A2f is running away from: WolfA1
Rabbit A2 is Hungry
Rabbit A2f ate
Rabbit A2 f is ready to mate
Rabbit C4m is running away from: LionB4
Rabbit C4m is running away from: WolfA1
Rabbit C4 is Hungry
Rabbit C4m ate
Rabbit C4 m is ready to mate
Rabbit C4 m is approaching partner: Rabbit C3f
Rabbit B0m is running away from: LionB4
Rabbit B0m is running away from: WolfA1
Rabbit B0 is Hungry
Rabbit B0 m is ready to mate
Rabbit B0 m is approaching partner: Rabbit C3f
Rabbit A3f is running away from: LionB4
Rabbit A3f is running away from: WolfA1
Rabbit A3 is Hungry
Rabbit A3f ate
Rabbit A3 f is ready to mate
Rabbit C1f is running away from: LionB0
Rabbit C1f is running away from: WolfA1
Rabbit C1 is Hungry
Rabbit C1f ate
Rabbit C1 f is ready to mate
Rabbit B1f is running away from: LionA2
Rabbit B1f is running away from: WolfC5
Rabbit B1 is Hungry
Rabbit B1f ate
Rabbit B1 f is ready to mate
Rabbit C3f is running away from: LionB4
Rabbit C3f is running away from: WolfA1
Rabbit C3 is Hungry
Rabbit C3f ate
Rabbit C3 f is ready to mate
Rabbit A4f is running away from: LionB4
Rabbit A4f is running away from: WolfA1
Rabbit A4 is Hungry
Rabbit A4f ate
Rabbit A4 f is ready to mate
Rabbit A2f is running away from: LionA2
Rabbit A2f is running away from: WolfB0
Rabbit A2 is Hungry
Rabbit A2f ate
Rabbit A2 f is ready to mate
Rabbit C4m is running away from: LionC5
Rabbit C4m is running away from: WolfA1
Rabbit C4 is Hungry
Rabbit C4m ate
Rabbit C4 m is ready to mate
Rabbit C4 m is approaching partner: Rabbit C3f
Rabbit C3f is running away from: LionC5
Rabbit C3f is running away from: WolfA1
Rabbit C3 is Hungry
Rabbit C3f ate
Rabbit C3 f is ready to mate
Rabbit A5f is running away from: LionC4
Rabbit A5f is running away from: WolfB4
Rabbit A5 is Hungry
Rabbit A5f ate
Rabbit A5 f is ready to mate
Rabbit C4m is running away from: LionB4
Rabbit C4m is running away from: WolfA1
Rabbit C4 is Hungry
Rabbit C4m ate
Rabbit C4 m is ready to mate
Rabbit C4 m is approaching partner: Rabbit A2f
Rabbit A2m is running away from: LionA2
Rabbit A2m is running away from: WolfB4
Rabbit A2 is Hungry
Rabbit A2m ate
Rabbit A2 m is ready to mate
Rabbit A2 m is approaching partner: Rabbit A2f
Rabbit C5m is running away from: LionC5
Rabbit C5m is running away from: WolfC5
Rabbit C5 is Hungry
Rabbit C5m ate
Rabbit C5 m is ready to mate
Rabbit C5 m is approaching partner: Rabbit B1f
Rabbit A2 f was born!Father is C5 and Mother is B1
Rabbit B0m is running away from: LionB4
Rabbit B0m is running away from: WolfA1
Rabbit B0 is Hungry
Rabbit B0m ate
Rabbit B0 m is ready to mate
Rabbit B0 m is approaching partner: Rabbit A3f
Rabbit A2f is running away from: LionB0
Rabbit A2f is running away from: WolfA1
Rabbit A2 is Hungry
Wolf B1m is running away from: LionB0
Wolf B0m is running away from: LionA2
Wolf B0m ate!
Wolf A0m is running away from: LionC5
Wolf A0m is running away from: LionC4
Wolf B4m is running away from: LionA2
Wolf C3m is running away from: LionB0
Wolf A1f is running away from: LionB0
Wolf C5m is running away from: LionA2
Rabbit C5m is running away from: LionC5
Rabbit C5m is running away from: WolfC5
Rabbit C5 is Hungry
Rabbit C5 m is ready to mate
Rabbit C5 m is approaching partner: Rabbit C3f
Rabbit A1f is running away from: LionB0
Rabbit A1f is running away from: WolfA1
Rabbit A1 is Hungry
Rabbit A1f ate
Rabbit A1 f is ready to mate
Rabbit A2f is running away from: LionB0
Rabbit A2f is running away from: WolfA1
Rabbit A2 is Hungry
Rabbit A2f ate
Rabbit A2 f is ready to mate
Rabbit C4m is running away from: LionB4
Rabbit C4m is running away from: WolfA1
Rabbit C4 is Hungry
Rabbit C4 m is ready to mate
Rabbit C4 m is approaching partner: Rabbit C3f
Rabbit B0m is running away from: LionB4
Rabbit B0m is running away from: WolfA1
Rabbit B0 is Hungry
Rabbit B0 m is ready to mate
Rabbit B0 m is approaching partner: Rabbit C3f
Rabbit A3f is running away from: LionB4
Rabbit A3f is running away from: WolfA1
Rabbit A3 is Hungry
Rabbit A3f ate
Rabbit A3 f is ready to mate
Rabbit C1f is running away from: LionB4
Rabbit C1f is running away from: WolfA1
Rabbit C1 is Hungry
Rabbit C1f ate
Rabbit C1 f is ready to mate
Rabbit B1f is running away from: LionB4
Rabbit B1f is running away from: WolfC5
Rabbit B1 is Hungry
Rabbit B1f ate
Rabbit C3f is running away from: LionB4
Rabbit C3f is running away from: WolfA1
Rabbit C3 is Hungry
Rabbit C3 f is ready to mate
Rabbit A4f is running away from: LionB4
Rabbit A4f is running away from: WolfA1
Rabbit A4 is Hungry
Rabbit A4f ate
Rabbit A4 f is ready to mate
Rabbit A2f is running away from: LionA2
Rabbit A2f is running away from: WolfB0
Rabbit A2 is Hungry
Rabbit A2 f is ready to mate
Rabbit C4m is running away from: LionB4
Rabbit C4m is running away from: WolfA0
Rabbit C4 is Hungry
Rabbit C4m ate
Rabbit C4 m is ready to mate
Rabbit C4 m is approaching partner: Rabbit C3f
Rabbit C3f is running away from: LionC5
Rabbit C3f is running away from: WolfA1
Rabbit C3 is Hungry
Rabbit C3f ate
Rabbit C3 f is ready to mate
Rabbit A5f is running away from: LionC4
Rabbit A5f is running away from: WolfB4
Rabbit A5 is Hungry
Rabbit A5 f is ready to mate
Rabbit C4m is running away from: LionB0
Rabbit C4m is running away from: WolfA1
Rabbit C4 is Hungry
Rabbit C4m ate
Rabbit C4 m is ready to mate
Rabbit C4 m is approaching partner: Rabbit A2f
Rabbit C5m is running away from: LionB4
Rabbit C5m is running away from: WolfC5
Rabbit C5 is Hungry
Rabbit C5 m is ready to mate
Rabbit C5 m is approaching partner: Rabbit C3f
Rabbit B0m is running away from: LionB4
Rabbit B0m is running away from: WolfA1
Rabbit B0 is Hungry
Rabbit B0m ate
Rabbit B0 m is ready to mate
Rabbit B0 m is approaching partner: Rabbit A3f
Rabbit B2 f was born!Father is B0 and Mother is A3
Rabbit A2f is running away from: LionB4
Rabbit A2f is running away from: WolfA1
Rabbit A2 is Hungry
Rabbit A2f ate
Rabbit A2f is running away from: LionB4
Rabbit A2f is running away from: WolfC5
Rabbit A2 is Hungry
Wolf B1m is running away from: LionB0
Wolf B1 m is ready to mate
Wolf B0m is running away from: LionA2
Wolf B0 m is ready to mate
Wolf A0m is running away from: LionC5
Wolf A0 m is ready to mate
Wolf A0m is running away from: LionC4
Wolf A0 m is ready to mate
Wolf B4m is running away from: LionA2
Wolf B4 m is ready to mate
Wolf C3m is running away from: LionB0
Wolf C3 m is ready to mate
Wolf A1f is running away from: LionB4
Wolf A1 f is ready to mate
Wolf C5m is running away from: LionA2
Wolf C5 m is ready to mate
Rabbit C5m is running away from: LionC5
Rabbit C5m is running away from: WolfA0
Rabbit C5 is Hungry
Rabbit C5 m is ready to mate
Rabbit C5 m is approaching partner: Rabbit A2f
Rabbit A1f is running away from: LionB0
Rabbit A1f is running away from: WolfA1
Rabbit A1 is Hungry
Rabbit A1f ate
Rabbit A1 f is ready to mate
Rabbit A2f is running away from: LionB0
Rabbit A2f is running away from: WolfA1
Rabbit A2 is Hungry
Rabbit A2f ate
Rabbit A2 f is ready to mate
Rabbit C4m is running away from: LionB4
Rabbit C4m is running away from: WolfA1
Rabbit C4 is Hungry
Rabbit C4 m is ready to mate
Rabbit C4 m is approaching partner: Rabbit C3f
Rabbit B0m is running away from: LionB4
Rabbit B0m is running away from: WolfA1
Rabbit B0 is Hungry
Rabbit B0 m is ready to mate
Rabbit B0 m is approaching partner: Rabbit C3f
Rabbit A3f is running away from: LionB4
Rabbit A3f is running away from: WolfA1
Rabbit A3 is Hungry
Rabbit C1f is running away from: LionB4
Rabbit C1f is running away from: WolfA1
Rabbit C1 is Hungry
Rabbit C1 f is ready to mate
Rabbit B1f is running away from: LionB4
Rabbit B1f is running away from: WolfA0
Rabbit B1 is Hungry
Rabbit B1f ate
Rabbit C3f is running away from: LionB4
Rabbit C3f is running away from: WolfA1
Rabbit C3 is Hungry
Rabbit C3f ate
Rabbit C3 f is ready to mate
Rabbit A4f is running away from: LionB4
Rabbit A4f is running away from: WolfA1
Rabbit A4 is Hungry
Rabbit A4f ate
Rabbit A4 f is ready to mate
Rabbit A2f is running away from: LionA2
Rabbit A2f is running away from: WolfB0
Rabbit A2 is Hungry
Rabbit A2f ate
Rabbit A2 f is ready to mate
Rabbit C4m is running away from: LionC5
Rabbit C4m is running away from: WolfA0
Rabbit C4 is Hungry
Rabbit C4 m is ready to mate
Rabbit C4 m is approaching partner: Rabbit C3f
Rabbit C3f is running away from: LionB4
Rabbit C3f is running away from: WolfA0
Rabbit C3 is Hungry
Rabbit C3 f is ready to mate
Rabbit A5f is running away from: LionC4
Rabbit A5f is running away from: WolfB4
Rabbit A5 is Hungry
Rabbit A5 f is ready to mate
Rabbit C4m is running away from: LionB4
Rabbit C4m is running away from: WolfA1
Rabbit C4 is Hungry
Rabbit C4 m is ready to mate
Rabbit C4 m is approaching partner: Rabbit A2f
Rabbit C5m is running away from: LionB4
Rabbit C5m is running away from: WolfA0
Rabbit C5 is Hungry
Rabbit C5m ate
Rabbit C5 m is ready to mate
Rabbit C5 m is approaching partner: Rabbit C3f
Rabbit B0m is running away from: LionB4
Rabbit B0m is running away from: WolfA1
Rabbit B0 is Hungry
Rabbit B0 m is ready to mate
Rabbit B0 m is approaching partner: Rabbit C1f
Rabbit B0 m was born!Father is B0 and Mother is C1
Rabbit A2f is running away from: LionB0
Rabbit A2f is running away from: WolfA1
Rabbit A2 is Hungry
Rabbit A2 f is ready to mate
Rabbit A2f is running away from: LionB4
Rabbit A2f is running away from: WolfA0
Rabbit A2 is Hungry
Rabbit A2f ate
Rabbit B2f is running away from: LionB4
Rabbit B2f is running away from: WolfA1
Rabbit B2 is Hungry
Lion A2 f is ready to mate
Lion C4 f is ready to mate
Lion B4 m is ready to mate
Lion C5 m is ready to mate
Lion B0 m is ready to mate
Wolf B1m is running away from: LionB0
Wolf B1 m is ready to mate
Wolf B0m is running away from: LionA2
Wolf B0 m is ready to mate
Wolf A0m is running away from: LionC5
Wolf A0 m is ready to mate
Wolf A0m is running away from: LionC4
Wolf A0 m is ready to mate
Wolf B4m is running away from: LionA2
Wolf B4 m is ready to mate
Wolf C3m is running away from: LionB0
Wolf C3 m is ready to mate
Wolf A1f is running away from: LionB0
Wolf A1 f is ready to mate
Wolf C5m is running away from: LionA2
Wolf C5 m is ready to mate
Rabbit C5m is running away from: LionC5
Rabbit C5m is running away from: WolfB0
Rabbit C5 is Hungry
Rabbit C5 m is ready to mate
Rabbit C5 m is approaching partner: Rabbit A2f
Rabbit A1f is running away from: LionB0
Rabbit A1f is running away from: WolfA1
Rabbit A1 is Hungry
Rabbit A1f ate
Rabbit A1 f is ready to mate
Rabbit A2f is running away from: LionB4
Rabbit A2f is running away from: WolfA1
Rabbit A2 is Hungry
Rabbit A2f ate
Rabbit A2 f is ready to mate
Rabbit C4m is running away from: LionB4
Rabbit C4m is running away from: WolfA1
Rabbit C4 is Hungry
Rabbit C4 m is ready to mate
Rabbit C4 m is approaching partner: Rabbit C3f
Rabbit B0m is running away from: LionB4
Rabbit B0m is running away from: WolfA1
Rabbit B0 is Hungry
RabbitB0m died of hunger
Rabbit B0 m is ready to mate
Rabbit B0 m is approaching partner: Rabbit C3f
Rabbit A3f is running away from: LionB4
Rabbit A3f is running away from: WolfA1
Rabbit A3 is Hungry
Rabbit C1f is running away from: LionB4
Rabbit C1f is running away from: WolfA1
Rabbit C1 is Hungry
Rabbit C1f ate
Rabbit B1f is running away from: LionB4
Rabbit B1f is running away from: WolfA0
Rabbit B1 is Hungry
Rabbit B1f ate
Rabbit B1 f is ready to mate
Rabbit C3f is running away from: LionB4
Rabbit C3f is running away from: WolfA1
Rabbit C3 is Hungry
Rabbit C3 f is ready to mate
Rabbit A4f is running away from: LionB4
Rabbit A4f is running away from: WolfA1
Rabbit A4 is Hungry
Rabbit A4f ate
Rabbit A4 f is ready to mate
Rabbit A2f is running away from: LionA2
Rabbit A2f is running away from: WolfB0
Rabbit A2 is Hungry
Rabbit A2f ate
Rabbit A2 f is ready to mate
Rabbit C4m is running away from: LionB4
Rabbit C4m is running away from: WolfA0
Rabbit C4 is Hungry
Rabbit C4 m is ready to mate
Rabbit C4 m is approaching partner: Rabbit C3f
Rabbit C3f is running away from: LionB4
Rabbit C3f is running away from: WolfA0
Rabbit C3 is Hungry
Rabbit C3 f is ready to mate
Rabbit A5f is running away from: LionC4
Rabbit A5f is running away from: WolfA0
Rabbit A5 is Hungry
Rabbit A5f ate
Rabbit A5 f is ready to mate
Rabbit C4m is running away from: LionB4
Rabbit C4m is running away from: WolfA1
Rabbit C4 is Hungry
Rabbit C4 m is ready to mate
Rabbit C4 m is approaching partner: Rabbit A2f
Rabbit B3 m was born!Father is C4 and Mother is A2
Rabbit C5m is running away from: LionB4
Rabbit C5m is running away from: WolfA0
Rabbit C5 is Hungry
Rabbit C5m ate
Rabbit C5 m is ready to mate
Rabbit C5 m is approaching partner: Rabbit B1f
Rabbit B0m is running away from: LionB4
Rabbit B0m is running away from: WolfA1
Rabbit B0 is Hungry
Rabbit B0m ate
Rabbit B0 m is ready to mate
Rabbit B0 m is approaching partner: Rabbit A1f
Rabbit B3 f was born!Father is B0 and Mother is A1
Rabbit A2f is running away from: LionB4
Rabbit A2f is running away from: WolfA1
Rabbit A2 is Hungry
Rabbit A2f ate
Rabbit A2f is running away from: LionB4
Rabbit A2f is running away from: WolfA0
Rabbit A2 is Hungry
Rabbit A2f ate
Rabbit A2 f is ready to mate
Rabbit B2f is running away from: LionB4
Rabbit B2f is running away from: WolfA1
Rabbit B2 is Hungry
Rabbit B2 f is ready to mate
Rabbit B0m is running away from: LionB4
Rabbit B0m is running away from: WolfA1
Rabbit B0 is Hungry
Lion A2 f is ready to mate
Lion C4 f is ready to mate
Lion B4 m is ready to mate
Lion C5 m is ready to mate
Lion B0 m is ready to mate
Wolf B1m is running away from: LionB0
Wolf B1 m is ready to mate
Wolf B0m is running away from: LionA2
Wolf B0 m is ready to mate
Wolf A0m is running away from: LionB0
Wolf A0 m is ready to mate
Wolf A0m is running away from: LionC4
Wolf A0 m is ready to mate
Wolf B4m is running away from: LionA2
Wolf B4m ate!
Wolf B4 m is ready to mate
Wolf C3m is running away from: LionB0
Wolf C3 m is ready to mate
Wolf A1f is running away from: LionB4
Wolf A1 f is ready to mate
Wolf C5m is running away from: LionA2
Wolf C5 m is ready to mate
Rabbit C5m is running away from: LionC5
Rabbit C5m is running away from: WolfB0
Rabbit C5 is Hungry
RabbitC5m died of hunger
Rabbit C5m ate
Rabbit C5 m is ready to mate
Rabbit C5 m is approaching partner: Rabbit A2f
Rabbit A1f is running away from: LionB4
Rabbit A1f is running away from: WolfB1
Rabbit A1 is Hungry
Rabbit A2f is running away from: LionB4
Rabbit A2f is running away from: WolfA0
Rabbit A2 is Hungry
Rabbit A2f ate
Rabbit A2 f is ready to mate
Rabbit C4m is running away from: LionB4
Rabbit C4m is running away from: WolfA1
Rabbit C4 is Hungry
Rabbit C4 m is ready to mate
Rabbit C4 m is approaching partner: Rabbit C3f
Rabbit A3f is running away from: LionB4
Rabbit A3f is running away from: WolfA1
Rabbit A3 is Hungry
Rabbit A3 f is ready to mate
Rabbit C1f is running away from: LionB4
Rabbit C1f is running away from: WolfB1
Rabbit C1 is Hungry
Rabbit B1f is running away from: LionB4
Rabbit B1f is running away from: WolfA0
Rabbit B1 is Hungry
Rabbit B1 f is ready to mate
Rabbit C3f is running away from: LionB4
Rabbit C3f is running away from: WolfA1
Rabbit C3 is Hungry
Rabbit C3 f is ready to mate
Rabbit A4f is running away from: LionB4
Rabbit A4f is running away from: WolfA1
Rabbit A4 is Hungry
Rabbit A4 f is ready to mate
Rabbit A2f is running away from: LionA2
Rabbit A2f is running away from: WolfB0
Rabbit A2 is Hungry
Rabbit A2f ate
Rabbit A2 f is ready to mate
Rabbit C4m is running away from: LionB4
Rabbit C4m is running away from: WolfA0
Rabbit C4 is Hungry
Rabbit C4 m is ready to mate
Rabbit C4 m is approaching partner: Rabbit A2f
Rabbit C3f is running away from: LionB4
Rabbit C3f is running away from: WolfA0
Rabbit C3 is Hungry
Rabbit C3 f is ready to mate
Rabbit C4m is running away from: LionB4
Rabbit C4m is running away from: WolfA1
Rabbit C4 is Hungry
Rabbit C4 m is ready to mate
Rabbit C4 m is approaching partner: Rabbit A2f
Rabbit C5m is running away from: LionB4
Rabbit C5m is running away from: WolfA0
Rabbit C5 is Hungry
Rabbit C5 m is ready to mate
Rabbit C5 m is approaching partner: Rabbit B1f
Rabbit B0m is running away from: LionB4
Rabbit B0m is running away from: WolfB1
Rabbit B0 is Hungry
Rabbit B0 m is ready to mate
Rabbit B0 m is approaching partner: Rabbit A3f
Rabbit A2f is running away from: LionB4
Rabbit A2f is running away from: WolfA1
Rabbit A2 is Hungry
Rabbit A2f ate
Rabbit A2f is running away from: LionB4
Rabbit A2f is running away from: WolfA0
Rabbit A2 is Hungry
Rabbit A2 f is ready to mate
Rabbit B2f is running away from: LionB4
Rabbit B2f is running away from: WolfA1
Rabbit B2 is Hungry
Rabbit B2 f is ready to mate
Rabbit B0m is running away from: LionB0
Rabbit B0m is running away from: WolfA1
Rabbit B0 is Hungry
Rabbit B3m is running away from: LionB4
Rabbit B3m is running away from: WolfA1
Rabbit B3 is Hungry
Rabbit B3f is running away from: LionB0
Rabbit B3f is running away from: WolfB1
Rabbit B3 is Hungry
Lion A2 f is ready to mate
Lion C4 f is ready to mate
Lion B4 m is ready to mate
Lion C5 m is ready to mate
Lion B0 m is ready to mate
Wolf B1m is running away from: LionB0
Wolf B1 m is ready to mate
Wolf B0m is running away from: LionA2
Wolf B0 m is ready to mate
Wolf A0m is running away from: LionB0
Wolf A0 m is ready to mate
Wolf A0m is running away from: LionA2
Wolf A0 m is ready to mate
Wolf B4m is running away from: LionA2
Wolf B4 m is ready to mate
Wolf C3m is running away from: LionB0
Wolf C3 m is ready to mate
Wolf A1f is running away from: LionB4
Wolf A1 f is ready to mate
Wolf C5m is running away from: LionA2
Wolf C5 m is ready to mate
Rabbit A1f is running away from: LionB0
Rabbit A1f is running away from: WolfA1
Rabbit A1 is Hungry
Rabbit A2f is running away from: LionB4
Rabbit A2f is running away from: WolfA0
Rabbit A2 is Hungry
Rabbit A2f ate
Rabbit A2 f is ready to mate
Rabbit C4m is running away from: LionB4
Rabbit C4m is running away from: WolfA1
Rabbit C4 is Hungry
RabbitC4m died of hunger
Rabbit C4 m is ready to mate
Rabbit C4 m is approaching partner: Rabbit C3f
Rabbit A3f is running away from: LionB4
Rabbit A3f is running away from: WolfA1
Rabbit A3 is Hungry
Rabbit A3 f is ready to mate
Rabbit C1f is running away from: LionB4
Rabbit C1f is running away from: WolfA1
Rabbit C1 is Hungry
Rabbit C1 f is ready to mate
Rabbit B1f is running away from: LionC5
Rabbit B1f is running away from: WolfA0
Rabbit B1 is Hungry
Rabbit B1f ate
Rabbit B1 f is ready to mate
Rabbit C3f is running away from: LionB4
Rabbit C3f is running away from: WolfA1
Rabbit C3 is Hungry
Rabbit C3 f is ready to mate
Rabbit A4f is running away from: LionB4
Rabbit A4f is running away from: WolfA1
Rabbit A4 is Hungry
Rabbit A4 f is ready to mate
Rabbit A2f is running away from: LionA2
Rabbit A2f is running away from: WolfB4
Rabbit A2 is Hungry
Rabbit A2f ate
Rabbit A2 f is ready to mate
Rabbit C4m is running away from: LionB4
Rabbit C4m is running away from: WolfA0
Rabbit C4 is Hungry
Rabbit C4 m is ready to mate
Rabbit C4 m is approaching partner: Rabbit A2f
Rabbit C3f is running away from: LionB4
Rabbit C3f is running away from: WolfA0
Rabbit C3 is Hungry
Rabbit C3 f is ready to mate
Rabbit C4m is running away from: LionB4
Rabbit C4m is running away from: WolfA1
Rabbit C4 is Hungry
Rabbit C4m ate
Rabbit C4 m is ready to mate
Rabbit C4 m is approaching partner: Rabbit A2f
Rabbit C5m is running away from: LionC5
Rabbit C5m is running away from: WolfA0
Rabbit C5 is Hungry
Rabbit C5 m is ready to mate
Rabbit C5 m is approaching partner: Rabbit B1f
Rabbit B0m is running away from: LionB4
Rabbit B0m is running away from: WolfA1
Rabbit B0 is Hungry
Rabbit B0 m is ready to mate
Rabbit B0 m is approaching partner: Rabbit A3f
Rabbit A2f is running away from: LionB4
Rabbit A2f is running away from: WolfC3
Rabbit A2 is Hungry
Rabbit A2f is running away from: LionB4
Rabbit A2f is running away from: WolfC5
Rabbit A2 is Hungry
Rabbit A2 f is ready to mate
Rabbit B2f is running away from: LionB4
Rabbit B2f is running away from: WolfA1
Rabbit B2 is Hungry
Rabbit B2 f is ready to mate
Rabbit B0m is running away from: LionB0
Rabbit B0m is running away from: WolfA1
Rabbit B0 is Hungry
Rabbit B0 m is ready to mate
Rabbit B0 m is approaching partner: Rabbit A3f
Rabbit B3m is running away from: LionB4
Rabbit B3m is running away from: WolfA1
Rabbit B3 is Hungry
Rabbit B3f is running away from: LionB4
Rabbit B3f is running away from: WolfA1
Rabbit B3 is Hungry
Lion A2 f is ready to mate
Lion C4 f is ready to mate
Lion B4 m is ready to mate
Lion C5 m is ready to mate
Lion B0 m is ready to mate
Wolf B1m is running away from: LionB0
Wolf B1 m is ready to mate
Wolf B0m is running away from: LionA2
Wolf B0 m is ready to mate
Wolf A0m is running away from: LionB0
Wolf A0 m is ready to mate
Wolf A0m is running away from: LionC4
Wolf A0 m is ready to mate
Wolf B4m is running away from: LionA2
Wolf B4 m is ready to mate
Wolf C3m is running away from: LionB0
Wolf C3 m is ready to mate
Wolf A1f is running away from: LionB4
Wolf A1 f is ready to mate
Wolf C5m is running away from: LionA2
Wolf C5 m is ready to mate
Rabbit A1f is running away from: LionB0
Rabbit A1f is running away from: WolfA1
Rabbit A1 is Hungry
Rabbit A2f is running away from: LionB4
Rabbit A2f is running away from: WolfA1
Rabbit A2 is Hungry
Rabbit A2f ate
Rabbit A2 f is ready to mate
Rabbit A3f is running away from: LionB0
Rabbit A3f is running away from: WolfA1
Rabbit A3 is Hungry
RabbitA3f died of hunger
Rabbit A3 f is ready to mate
Rabbit C1f is running away from: LionB0
Rabbit C1f is running away from: WolfA1
Rabbit C1 is Hungry
Rabbit C1 f is ready to mate
Rabbit B1f is running away from: LionB4
Rabbit B1f is running away from: WolfC5
Rabbit B1 is Hungry
Rabbit B1f ate
Rabbit B1 f is ready to mate
Rabbit C3f is running away from: LionB4
Rabbit C3f is running away from: WolfA1
Rabbit C3 is Hungry
Rabbit C3f ate
Rabbit C3 f is ready to mate
Rabbit A4f is running away from: LionB4
Rabbit A4f is running away from: WolfA1
Rabbit A4 is Hungry
Rabbit A4f ate
Rabbit A4 f is ready to mate
Rabbit A2f is running away from: LionA2
Rabbit A2f is running away from: WolfA0
Rabbit A2 is Hungry
Rabbit A2f ate
Rabbit A2 f is ready to mate
Rabbit C4m is running away from: LionB4
Rabbit C4m is running away from: WolfA1
Rabbit C4 is Hungry
RabbitC4m died of hunger
Rabbit C4 m is ready to mate
Rabbit C4 m is approaching partner: Rabbit A2f
Rabbit C3f is running away from: LionB4
Rabbit C3f is running away from: WolfA0
Rabbit C3 is Hungry
RabbitC3f died of hunger
Rabbit C3f ate
Rabbit C3 f is ready to mate
Rabbit C4m is running away from: LionB4
Rabbit C4m is running away from: WolfA1
Rabbit C4 is Hungry
Rabbit C4m ate
Rabbit C4 m is ready to mate
Rabbit C4 m is approaching partner: Rabbit A2f
Rabbit C5m is running away from: LionB4
Rabbit C5m is running away from: WolfC5
Rabbit C5 is Hungry
Rabbit C5 m is ready to mate
Rabbit C5 m is approaching partner: Rabbit B1f
Rabbit B0m is running away from: LionB0
Rabbit B0m is running away from: WolfA1
Rabbit B0 is Hungry
Rabbit B0 m is ready to mate
Rabbit B0 m is approaching partner: Rabbit B2f
Rabbit A2f is running away from: LionB4
Rabbit A2f is running away from: WolfC3
Rabbit A2 is Hungry
Rabbit A2f ate
Rabbit A2 f is ready to mate
Rabbit A2f is running away from: LionB4
Rabbit A2f is running away from: WolfC5
Rabbit A2 is Hungry
Rabbit A2 f is ready to mate
Rabbit B2f is running away from: LionB0
Rabbit B2f is running away from: WolfA1
Rabbit B2 is Hungry
RabbitB2f died of hunger
Rabbit B2 f is ready to mate
Rabbit B0m is running away from: LionB0
Rabbit B0m is running away from: WolfA1
Rabbit B0 is Hungry
Rabbit B0 m is ready to mate
Rabbit B0 m is approaching partner: Rabbit C1f
Rabbit B3m is running away from: LionB4
Rabbit B3m is running away from: WolfA1
Rabbit B3 is Hungry
Rabbit B3 m is ready to mate
Rabbit B3 m is approaching partner: Rabbit A2f
Rabbit B3f is running away from: LionB0
Rabbit B3f is running away from: WolfC3
Rabbit B3 is Hungry
Rabbit B3 f is ready to mate
Lion A2 f is ready to mate
Lion C4 f is ready to mate
Lion B4 m is ready to mate
Lion C5 m is ready to mate
Lion B0 m is ready to mate
Wolf B1m is running away from: LionB0
Wolf B1 is Hungry
Wolf B1m is chasing: C1f
Wolf B1 is Thirsty
Wolf B1drank water
Wolf B1 m is ready to mate
Wolf B0m is running away from: LionA2
Wolf B0 is Thirsty
Wolf B0drank water
Wolf B0 m is ready to mate
Wolf A0m is running away from: LionB0
Wolf A0 is Hungry
Wolf A0m is chasing: B1f
Wolf A0 is Thirsty
Wolf A0drank water
Wolf A0 m is ready to mate
Wolf A0m is running away from: LionA2
Wolf A0 is Hungry
Wolf A0m is chasing: A2f
Wolf A0 is Thirsty
Wolf A0drank water
Wolf A0 m is ready to mate
Wolf B4m is running away from: LionA2
Wolf B4 is Thirsty
Wolf B4drank water
Wolf B4 m is ready to mate
Wolf C3m is running away from: LionB0
Wolf C3 is Thirsty
Wolf C3drank water
Wolf C3 m is ready to mate
Wolf A1f is running away from: LionB4
Wolf A1 is Thirsty
Wolf A1drank water
Wolf A1 f is ready to mate
Wolf C5m is running away from: LionA2
Wolf C5 is Hungry
Wolf C5m is chasing: A2f
Wolf C5 is Thirsty
Wolf C5drank water
Wolf C5 m is ready to mate
Rabbit A1 is Thirsty
Rabbit A1 drank water
Rabbit A1f is running away from: LionB4
Rabbit A1f is running away from: WolfB1
Rabbit A1 is Hungry
Rabbit A1 f is ready to mate
Rabbit A2 is Thirsty
Rabbit A2 drank water
Rabbit A2f is running away from: LionB4
Rabbit A2f is running away from: WolfA0
Rabbit A2 is Hungry
Rabbit A2f ate
Rabbit A2 f is ready to mate
Rabbit C1 is Thirsty
Rabbit C1 drank water
Rabbit C1f is running away from: LionB4
Rabbit C1f is running away from: WolfB1
Rabbit C1 is Hungry
Rabbit C1f ate
Rabbit C1 f is ready to mate
Rabbit B1 is Thirsty
Rabbit B1 drank water
Rabbit B1f is running away from: LionB4
Rabbit B1f is running away from: WolfC5
Rabbit B1 is Hungry
Rabbit B1f ate
Rabbit B1 f is ready to mate
Rabbit C3 is Thirsty
Rabbit C3 drank water
Rabbit C3f is running away from: LionB4
Rabbit C3f is running away from: WolfA1
Rabbit C3 is Hungry
Rabbit C3 f is ready to mate
Rabbit A4 is Thirsty
Rabbit A4 drank water
Rabbit A4f is running away from: LionB4
Rabbit A4f is running away from: WolfA1
Rabbit A4 is Hungry
Rabbit A4 f is ready to mate
Rabbit A2 is Thirsty
Rabbit A2 drank water
Rabbit A2f is running away from: LionC4
Rabbit A2f is running away from: WolfA0
Rabbit A2 is Hungry
Rabbit A2f ate
Rabbit A2 f is ready to mate
Rabbit C4 is Thirsty
Rabbit C4 drank water
Rabbit C4m is running away from: LionB4
Rabbit C4m is running away from: WolfA1
Rabbit C4 is Hungry
Rabbit C4 m is ready to mate
Rabbit C4 m is approaching partner: Rabbit A2f
Rabbit C5 is Thirsty
Rabbit C5 drank water
Rabbit C5m is running away from: LionB4
Rabbit C5m is running away from: WolfC5
Rabbit C5 is Hungry
Rabbit C5 m is ready to mate
Rabbit C5 m is approaching partner: Rabbit B1f
Rabbit B0 is Thirsty
Rabbit B0 drank water
Rabbit B0m is running away from: LionB4
Rabbit B0m is running away from: WolfB1
Rabbit B0 is Hungry
Rabbit B0 m is ready to mate
Rabbit B0 m is approaching partner: Rabbit C1f
Rabbit A2f is running away from: LionB4
Rabbit A2f is running away from: WolfA1
Rabbit A2 is Hungry
Rabbit A2f ate
Rabbit A2 f is ready to mate
Rabbit A2f is running away from: LionB4
Rabbit A2f is running away from: WolfC5
Rabbit A2 is Hungry
Rabbit A2f ate
Rabbit A2 f is ready to mate
Rabbit B0m is running away from: LionB4
Rabbit B0m is running away from: WolfB1
Rabbit B0 is Hungry
RabbitB0m died of hunger
Rabbit B0 m is ready to mate
Rabbit B0 m is approaching partner: Rabbit C1f
Rabbit B3m is running away from: LionB4
Rabbit B3m is running away from: WolfA1
Rabbit B3 is Hungry
Rabbit B3 m is ready to mate
Rabbit B3 m is approaching partner: Rabbit A2f
Rabbit B3f is running away from: LionB4
Rabbit B3f is running away from: WolfB1
Rabbit B3 is Hungry
Rabbit B3 f is ready to mate
Lion A2 is Hungry
LionA2fis chasing: B0m
Lion A2 f is ready to mate
Lion C4 is Hungry
LionC4fis chasing: A0m
Lion C4 f is ready to mate
Lion B4 is Hungry
LionB4mis chasing: A2f
Lion B4 m is ready to mate
Lion C5 is Hungry
LionC5mis chasing: C5m
Lion C5 m is ready to mate
Lion B0 is Hungry
LionB0mis chasing: A0m
LionB0m ate: A0m
Lion B0 m is ready to mate
Wolf B1m is running away from: LionB0
Wolf B1 is Hungry
Wolf B1m is chasing: C1f
Wolf B1 is Thirsty
Wolf B1drank water
Wolf B1 m is ready to mate
Wolf B0m is running away from: LionA2
Wolf B0 is Thirsty
Wolf B0drank water
Wolf B0 m is ready to mate
Wolf A0m is running away from: LionC4
Wolf A0 is Hungry
Wolf A0m is chasing: A2f
Wolf A0 is Thirsty
Wolf A0drank water
Wolf A0 m is ready to mate
Wolf B4m is running away from: LionA2
Wolf B4 is Thirsty
Wolf B4drank water
Wolf B4 m is ready to mate
Wolf C3m is running away from: LionB0
Wolf C3 is Hungry
Wolf C3m is chasing: C1f
Wolf C3 is Thirsty
Wolf C3drank water
Wolf C3 m is ready to mate
Wolf A1f is running away from: LionB4
Wolf A1 is Thirsty
Wolf A1drank water
Wolf A1 f is ready to mate
Wolf C5m is running away from: LionC5
Wolf C5 is Hungry
Wolf C5m is chasing: B1f
Wolf C5 is Thirsty
Wolf C5drank water
Wolf C5 m is ready to mate
Rabbit A1 is Thirsty
Rabbit A1 drank water
Rabbit A1f is running away from: LionB4
Rabbit A1f is running away from: WolfB1
Rabbit A1 is Hungry
RabbitA1f died of hunger
Rabbit A1 f is ready to mate
Rabbit A2 is Thirsty
Rabbit A2 drank water
Rabbit A2f is running away from: LionB4
Rabbit A2f is running away from: WolfA1
Rabbit A2 is Hungry
Rabbit A2f ate
Rabbit A2 f is ready to mate
Rabbit C1 is Thirsty
Rabbit C1 drank water
Rabbit C1f is running away from: LionB4
Rabbit C1f is running away from: WolfB1
Rabbit C1 is Hungry
Rabbit C1f ate
Rabbit C1 f is ready to mate
Rabbit B1 is Thirsty
Rabbit B1 drank water
Rabbit B1f is running away from: LionB4
Rabbit B1f is running away from: WolfC5
Rabbit B1 is Hungry
Rabbit B1f ate
Rabbit B1 f is ready to mate
Rabbit C3 is Thirsty
Rabbit C3 drank water
Rabbit C3f is running away from: LionB4
Rabbit C3f is running away from: WolfA1
Rabbit C3 is Hungry
Rabbit C3 f is ready to mate
Rabbit A4 is Thirsty
Rabbit A4 drank water
Rabbit A4f is running away from: LionB4
Rabbit A4f is running away from: WolfA1
Rabbit A4 is Hungry
Rabbit A4 f is ready to mate
Rabbit A2 is Thirsty
Rabbit A2 drank water
Rabbit A2f is running away from: LionC4
Rabbit A2f is running away from: WolfA0
Rabbit A2 is Hungry
Rabbit A2f ate
Rabbit A2 f is ready to mate
Rabbit C4 is Thirsty
Rabbit C4 drank water
Rabbit C4m is running away from: LionB4
Rabbit C4m is running away from: WolfA1
Rabbit C4 is Hungry
Rabbit C4 m is ready to mate
Rabbit C4 m is approaching partner: Rabbit A2f
Rabbit C5 is Thirsty
Rabbit C5 drank water
Rabbit C5m is running away from: LionB4
Rabbit C5m is running away from: WolfC5
Rabbit C5 is Hungry
RabbitC5m died of hunger
Rabbit C5 m is ready to mate
Rabbit C5 m is approaching partner: Rabbit B1f
Rabbit B0 is Thirsty
Rabbit B0 drank water
Rabbit B0m is running away from: LionB4
Rabbit B0m is running away from: WolfB1
Rabbit B0 is Hungry
RabbitB0m died of hunger
Rabbit B0 m is ready to mate
Rabbit B0 m is approaching partner: Rabbit C1f
Rabbit A2f is running away from: LionB0
Rabbit A2f is running away from: WolfA1
Rabbit A2 is Hungry
Rabbit A2 f is ready to mate
Rabbit A2f is running away from: LionB4
Rabbit A2f is running away from: WolfB0
Rabbit A2 is Hungry
Rabbit A2 f is ready to mate
Rabbit B3m is running away from: LionB0
Rabbit B3m is running away from: WolfA1
Rabbit B3 is Hungry
RabbitB3m died of hunger
Rabbit B3 m is ready to mate
Rabbit B3 m is approaching partner: Rabbit A2f
Rabbit B3f is running away from: LionB4
Rabbit B3f is running away from: WolfB1
Rabbit B3 is Hungry
RabbitB3f died of hunger
Rabbit B3 f is ready to mate
Lion A2 is Hungry
LionA2fis chasing: B4m
Lion A2 f is ready to mate
Lion C4 is Hungry
LionC4fis chasing: A0m
Lion C4 f is ready to mate
Lion B4 is Hungry
LionB4mis chasing: B1f
Lion B4 m is ready to mate
Lion C5 is Hungry
LionC5mis chasing: B0m
Lion C5 m is ready to mate
Lion B0 m is ready to mate
Wolf B1m is running away from: LionB4
Wolf B1 is Hungry
Wolf B1m is chasing: C1f
Wolf B1 is Thirsty
Wolf B1drank water
Wolf B1 m is ready to mate
Wolf B0m is running away from: LionC5
Wolf B0 is Thirsty
Wolf B0drank water
Wolf B0 m is ready to mate
Wolf A0m is running away from: LionA2
Wolf A0 is Hungry
Wolf A0m is chasing: A2f
Wolf A0m ate!
Wolf A0 is Thirsty
Wolf A0drank water
Wolf A0 m is ready to mate
Wolf B4m is running away from: LionA2
Wolf B4 is Thirsty
Wolf B4drank water
Wolf B4 m is ready to mate
Wolf C3m is running away from: LionB4
Wolf C3 is Hungry
Wolf C3m is chasing: C1f
Wolf C3 is Thirsty
Wolf C3drank water
Wolf C3 m is ready to mate
Wolf A1f is running away from: LionB4
Wolf A1 is Thirsty
Wolf A1drank water
Wolf A1 f is ready to mate
Wolf C5m is running away from: LionB0
Wolf C5 is Hungry
Wolf C5m is chasing: B1f
Wolf C5 is Thirsty
Wolf C5drank water
Wolf C5 m is ready to mate
Rabbit A2 is Thirsty
Rabbit A2 drank water
Rabbit A2f is running away from: LionB4
Rabbit A2f is running away from: WolfA1
Rabbit A2 is Hungry
Rabbit A2 f is ready to mate
Rabbit C1 is Thirsty
Rabbit C1 drank water
Rabbit C1f is running away from: LionB4
Rabbit C1f is running away from: WolfB1
Rabbit C1 is Hungry
Rabbit C1f ate
Rabbit C1 f is ready to mate
Rabbit B1f is running away from: LionB4
Rabbit B1f is running away from: WolfB0
Rabbit B1 is Hungry
Rabbit B1f ate
Rabbit B1 f is ready to mate
Rabbit C3 is Thirsty
Rabbit C3 drank water
Rabbit C3f is running away from: LionB4
Rabbit C3f is running away from: WolfA1
Rabbit C3 is Hungry
Rabbit C3 f is ready to mate
Rabbit A4 is Thirsty
Rabbit A4 drank water
Rabbit A4f is running away from: LionB4
Rabbit A4f is running away from: WolfA1
Rabbit A4 is Hungry
Rabbit A4 f is ready to mate
Rabbit C4 is Thirsty
Rabbit C4 drank water
Rabbit C4m is running away from: LionB4
Rabbit C4m is running away from: WolfA1
Rabbit C4 is Hungry
Rabbit C4 m is ready to mate
Rabbit C4 m is approaching partner: Rabbit A2f
Rabbit A2 is Thirsty
Rabbit A2 drank water
Rabbit A2f is running away from: LionB4
Rabbit A2f is running away from: WolfB1
Rabbit A2 is Hungry
Rabbit A2 f is ready to mate
Rabbit A2f is running away from: LionB4
Rabbit A2f is running away from: WolfB0
Rabbit A2 is Hungry
Rabbit A2 f is ready to mate
Lion A2 is Hungry
LionA2fis chasing: B4m
Lion A2 f is ready to mate
Lion C4 is Hungry
LionC4fis chasing: A0m
Lion C4 f is ready to mate
Lion B4 is Hungry
LionB4mis chasing: A2f
Lion B4 m is ready to mate
Lion C5 is Hungry
LionC5mis chasing: B0m
Lion C5 m is ready to mate
Lion B0 m is ready to mate
Wolf B1m is running away from: LionB4
Wolf B1 is Hungry
Wolf B1m is chasing: C1f
Wolf B1 is Thirsty
Wolf B1drank water
Wolf B1 m is ready to mate
Wolf B0m is running away from: LionB0
Wolf B0 is Thirsty
Wolf B0drank water
Wolf B0 m is ready to mate
Wolf A0m is running away from: LionA2
Wolf A0 is Thirsty
Wolf A0drank water
Wolf A0 m is ready to mate
Wolf B4m is running away from: LionA2
Wolf B4 is Thirsty
Wolf B4drank water
Wolf B4 m is ready to mate
Wolf C3m is running away from: LionB4
Wolf C3 is Hungry
Wolf C3m is chasing: C1f
Wolf C3 is Thirsty
Wolf C3drank water
Wolf C3 m is ready to mate
Wolf A1f is running away from: LionB4
Wolf A1 is Hungry
Wolf A1f is chasing: C1f
Wolf A1 is Thirsty
Wolf A1drank water
Wolf A1 f is ready to mate
Wolf C5m is running away from: LionB0
Wolf C5 is Hungry
Wolf C5m is chasing: A2f
Wolf C5 is Thirsty
Wolf C5drank water
Wolf C5 m is ready to mate
Rabbit A2 is Thirsty
Rabbit A2 drank water
Rabbit A2f is running away from: LionB4
Rabbit A2f is running away from: WolfB0
Rabbit A2 is Hungry
Rabbit A2f ate
Rabbit A2 f is ready to mate
Rabbit C1 is Thirsty
Rabbit C1 drank water
Rabbit C1f is running away from: LionB0
Rabbit C1f is running away from: WolfB1
Rabbit C1 is Hungry
Rabbit C1 f is ready to mate
Rabbit B1f is running away from: LionB4
Rabbit B1f is running away from: WolfB0
Rabbit B1 is Hungry
Rabbit B1 f is ready to mate
Rabbit C3 is Thirsty
Rabbit C3 drank water
Rabbit C3f is running away from: LionB4
Rabbit C3f is running away from: WolfA1
Rabbit C3 is Hungry
Rabbit C3 f is ready to mate
Rabbit A4 is Thirsty
Rabbit A4 drank water
Rabbit A4f is running away from: LionB4
Rabbit A4f is running away from: WolfA1
Rabbit A4 is Hungry
Rabbit A4 f is ready to mate
Rabbit C4 is Thirsty
Rabbit C4 drank water
Rabbit C4m is running away from: LionB4
Rabbit C4m is running away from: WolfB0
Rabbit C4 is Hungry
Rabbit C4 m is ready to mate
Rabbit C4 m is approaching partner: Rabbit A2f
Rabbit A2 is Thirsty
Rabbit A2 drank water
Rabbit A2f is running away from: LionB4
Rabbit A2f is running away from: WolfB1
Rabbit A2 is Hungry
Rabbit A2f ate
Rabbit A2 f is ready to mate
Rabbit A2 is Thirsty
Rabbit A2 drank water
Rabbit A2f is running away from: LionB4
Rabbit A2f is running away from: WolfB0
Rabbit A2 is Hungry
Rabbit A2 f is ready to mate
Lion A2 is Hungry
LionA2fis chasing: B4m
LionA2f ate: B4m
Lion A2 f is ready to mate
Lion C4 is Hungry
LionC4fis chasing: A0m
Lion C4 f is ready to mate
Lion B4 is Hungry
LionB4mis chasing: A2f
LionB4m ate: A2f
Lion B4 m is ready to mate
Lion C5 is Hungry
LionC5mis chasing: B0m
Lion C5 m is ready to mate
Lion B0m ate: 
Lion B0 m is ready to mate
Wolf B1m is running away from: LionB4
Wolf B1 is Hungry
Wolf B1m is chasing: C1f
Wolf B1 is Thirsty
Wolf B1drank water
Wolf B1 m is ready to mate
Wolf A2 m was born! Father is B1 and Mother is A1
Wolf A0m is running away from: LionA2
Wolf A0 is Thirsty
Wolf A0drank water
Wolf A0 m is ready to mate
No Female Wolf Partner or Female Wolf Partner not ready yet!
Wolf C3m is running away from: LionB4
Wolf C3 is Hungry
Wolf C3m is chasing: C1f
Wolf C3 is Thirsty
Wolf C3drank water
Wolf C3 m is ready to mate
No Female Wolf Partner or Female Wolf Partner not ready yet!
Wolf A1f is running away from: LionB4
Wolf A1 is Hungry
Wolf A1f is chasing: C1f
Wolf A1 is Thirsty
Wolf A1drank water
Wolf C5m is running away from: LionB0
Wolf C5 is Hungry
Wolf C5m is chasing: B1f
Wolf C5 is Thirsty
Wolf C5drank water
Wolf C5 m is ready to mate
No Female Wolf Partner or Female Wolf Partner not ready yet!
Rabbit A2 is Thirsty
Rabbit A2 drank water
Rabbit A2f is running away from: LionB4
Rabbit A2f is running away from: WolfC5
Rabbit A2 is Hungry
Rabbit A2f ate
Rabbit A2 f is ready to mate
Rabbit C1 is Thirsty
Rabbit C1 drank water
Rabbit C1f is running away from: LionB0
Rabbit C1f is running away from: WolfC3
Rabbit C1 is Hungry
Rabbit C1 f is ready to mate
Rabbit B1f is running away from: LionB4
Rabbit B1f is running away from: WolfC5
Rabbit B1 is Hungry
Rabbit B1f ate
Rabbit B1 f is ready to mate
Rabbit C3 is Thirsty
Rabbit C3 drank water
Rabbit C3f is running away from: LionB4
Rabbit C3f is running away from: WolfA2
Rabbit C3 is Hungry
RabbitC3f died of hunger
Rabbit C3f ate
Rabbit C3 f is ready to mate
Rabbit A4 is Thirsty
Rabbit A4 drank water
Rabbit A4f is running away from: LionB4
Rabbit A4f is running away from: WolfA2
Rabbit A4 is Hungry
RabbitA4f died of hunger
Rabbit A4 f is ready to mate
Rabbit C4 is Thirsty
Rabbit C4 drank water
Rabbit C4m is running away from: LionB4
Rabbit C4m is running away from: WolfC5
Rabbit C4 is Hungry
RabbitC4m died of hunger
Rabbit C4 m is ready to mate
Rabbit C4 m is approaching partner: Rabbit A2f
Rabbit A2 is Thirsty
Rabbit A2 drank water
Rabbit A2f is running away from: LionB4
Rabbit A2f is running away from: WolfA2
Rabbit A2 is Hungry
Rabbit A2f ate
Rabbit A2 f is ready to mate
Lion A2 f is ready to mate
Lion C4 is Hungry
LionC4fis chasing: A0m
Lion C4 f is ready to mate
Lion B4 m is ready to mate
Lion C5 is Hungry
LionC5mis chasing: C5m
Lion C5 m is ready to mate
Lion B0 m is ready to mate
Wolf B1m is running away from: LionB4
Wolf B1 is Hungry
Wolf B1m is chasing: C1f
Wolf B1 is Thirsty
Wolf B1drank water
Wolf B1 m is ready to mate
No Female Wolf Partner or Female Wolf Partner not ready yet!
Wolf A0m is running away from: LionA2
Wolf A0 is Thirsty
Wolf A0drank water
Wolf A0 m is ready to mate
No Female Wolf Partner or Female Wolf Partner not ready yet!
Wolf C3m is running away from: LionC5
Wolf C3 is Hungry
Wolf C3m is chasing: C1f
Wolf C3m ate!
Wolf C3 is Thirsty
Wolf C3drank water
Wolf C3 m is ready to mate
No Female Wolf Partner or Female Wolf Partner not ready yet!
Wolf A1f is running away from: LionB4
Wolf A1 is Hungry
Wolf A1f is chasing: A2f
Wolf A1 is Thirsty
Wolf A1drank water
Wolf C5m is running away from: LionB0
Wolf C5 is Hungry
Wolf C5m is chasing: B1f
Wolf C5 is Thirsty
Wolf C5drank water
Wolf C5 m is ready to mate
No Female Wolf Partner or Female Wolf Partner not ready yet!
Wolf A2m is running away from: LionB4
Rabbit A2 is Thirsty
Rabbit A2 drank water
Rabbit A2f is running away from: LionC5
Rabbit A2f is running away from: WolfC5
Rabbit A2 is Hungry
Rabbit A2f ate
Rabbit A2 f is ready to mate
Rabbit B1f is running away from: LionB4
Rabbit B1f is running away from: WolfC5
Rabbit B1 is Hungry
Rabbit B1 f is ready to mate
Rabbit A2 is Thirsty
Rabbit A2 drank water
Rabbit A2f is running away from: LionB4
Rabbit A2f is running away from: WolfA1
Rabbit A2 is Hungry
Rabbit A2 f is ready to mate
Lion A2 f is ready to mate
Lion C4 is Hungry
LionC4fis chasing: A0m
Lion C4 f is ready to mate
Lion B4 m is ready to mate
Lion C5 is Hungry
LionC5mis chasing: C5m
Lion C5 m is ready to mate
Lion B0 m is ready to mate
Wolf B1m is running away from: LionC5
Wolf B1 is Hungry
Wolf B1m is chasing: A2f
Wolf B1 is Thirsty
Wolf B1drank water
Wolf B1 m is ready to mate
No Female Wolf Partner or Female Wolf Partner not ready yet!
Wolf A0m is running away from: LionA2
Wolf A0 is Thirsty
Wolf A0drank water
Wolf A0 m is ready to mate
No Female Wolf Partner or Female Wolf Partner not ready yet!
Wolf C3m is running away from: LionC5
Wolf C3 is Thirsty
Wolf C3drank water
Wolf C3 m is ready to mate
No Female Wolf Partner or Female Wolf Partner not ready yet!
Wolf A1f is running away from: LionC5
Wolf A1 is Hungry
Wolf A1f is chasing: A2f
Wolf A1 is Thirsty
Wolf A1drank water
Wolf C5m is running away from: LionC5
Wolf C5 is Hungry
Wolf C5m is chasing: B1f
Wolf C5 is Thirsty
Wolf C5drank water
Wolf C5 m is ready to mate
No Female Wolf Partner or Female Wolf Partner not ready yet!
Wolf A2m is running away from: LionC5
Rabbit A2 is Thirsty
Rabbit A2 drank water
Rabbit A2f is running away from: LionC5
Rabbit A2f is running away from: WolfA1
Rabbit A2 is Hungry
Rabbit A2f ate
Rabbit A2 f is ready to mate
Rabbit B1f is running away from: LionB4
Rabbit B1f is running away from: WolfC5
Rabbit B1 is Hungry
Rabbit B1f ate
Rabbit B1 f is ready to mate
Rabbit A2 is Thirsty
Rabbit A2 drank water
Rabbit A2f is running away from: LionC5
Rabbit A2f is running away from: WolfA1
Rabbit A2 is Hungry
Rabbit A2f ate
Rabbit A2 f is ready to mate
Lion A2 f is ready to mate
Lion C4 is Hungry
LionC4fis chasing: A0m
Lion C4 f is ready to mate
Lion B4 m is ready to mate
Lion C5 is Hungry
LionC5mis chasing: C5m
Lion C5 m is ready to mate
Lion B0 m is ready to mate
Wolf B1m is running away from: LionC5
Wolf B1 is Hungry
Wolf B1m is chasing: A2f
Wolf B1 is Thirsty
Wolf B1drank water
Wolf B1 m is ready to mate
No Female Wolf Partner or Female Wolf Partner not ready yet!
Wolf A0m is running away from: LionC4
Wolf A0 is Thirsty
Wolf A0drank water
Wolf A0 m is ready to mate
No Female Wolf Partner or Female Wolf Partner not ready yet!
Wolf C3m is running away from: LionC5
Wolf C3 is Thirsty
Wolf C3drank water
Wolf C3 m is ready to mate
No Female Wolf Partner or Female Wolf Partner not ready yet!
Wolf A1f is running away from: LionC5
Wolf A1 is Hungry
Wolf A1f is chasing: A2f
Wolf A1 is Thirsty
Wolf A1drank water
Wolf C5m is running away from: LionC5
Wolf C5 is Hungry
Wolf C5m is chasing: B1f
Wolf C5 is Thirsty
Wolf C5drank water
Wolf C5 m is ready to mate
No Female Wolf Partner or Female Wolf Partner not ready yet!
Wolf A2m is running away from: LionC5
Rabbit A2 is Thirsty
Rabbit A2 drank water
Rabbit A2f is running away from: LionC5
Rabbit A2f is running away from: WolfC5
Rabbit A2 is Hungry
Rabbit A2 f is ready to mate
Rabbit B1f is running away from: LionC5
Rabbit B1f is running away from: WolfC5
Rabbit B1 is Hungry
Rabbit B1f ate
Rabbit B1 f is ready to mate
Rabbit A2 is Thirsty
Rabbit A2 drank water
Rabbit A2f is running away from: LionC5
Rabbit A2f is running away from: WolfA1
Rabbit A2 is Hungry
Rabbit A2f ate
Rabbit A2 f is ready to mate
Lion A2 f is ready to mate
Lion C4 is Hungry
LionC4fis chasing: A0m
Lion C4 f is ready to mate
Lion B4 m is ready to mate
Lion C5 is Hungry
LionC5mis chasing: C5m
Lion C5 m is ready to mate
Lion B0 m is ready to mate
Wolf B1m is running away from: LionC5
Wolf B1 is Hungry
Wolf B1m is chasing: A2f
Wolf B1 is Thirsty
Wolf B1drank water
Wolf B1 m is ready to mate
No Female Wolf Partner or Female Wolf Partner not ready yet!
Wolf A0m is running away from: LionC4
Wolf A0 m is ready to mate
No Female Wolf Partner or Female Wolf Partner not ready yet!
Wolf C3m is running away from: LionC5
Wolf C3 is Thirsty
Wolf C3drank water
Wolf C3 m is ready to mate
No Female Wolf Partner or Female Wolf Partner not ready yet!
Wolf A1f is running away from: LionC5
Wolf A1 is Hungry
Wolf A1f is chasing: A2f
Wolf A1 is Thirsty
Wolf A1drank water
Wolf C5m is running away from: LionC5
Wolf C5 is Hungry
Wolf C5m is chasing: B1f
Wolf C5 m is ready to mate
No Female Wolf Partner or Female Wolf Partner not ready yet!
Wolf A2m is running away from: LionC5
Rabbit A2f is running away from: LionC5
Rabbit A2f is running away from: WolfA1
Rabbit A2 is Hungry
Rabbit A2 f is ready to mate
Rabbit B1f is running away from: LionC5
Rabbit B1f is running away from: WolfC5
Rabbit B1 is Hungry
Rabbit B1f ate
Rabbit B1 f is ready to mate
Rabbit A2 is Thirsty
Rabbit A2 drank water
Rabbit A2f is running away from: LionC5
Rabbit A2f is running away from: WolfB1
Rabbit A2 is Hungry
Rabbit A2f ate
Rabbit A2 f is ready to mate
Lion A2 f is ready to mate
Lion C4 is Hungry
LionC4fis chasing: A0m
LionC4f ate: A0m
Lion C4 f is ready to mate
Lion B4 m is ready to mate
Lion C5 is Hungry
LionC5mis chasing: C5m
Lion C5 m is ready to mate
Lion B0 m is ready to mate
Wolf B1m is running away from: LionC5
Wolf B1 is Hungry
Wolf B1m is chasing: A2f
Wolf B1 is Thirsty
Wolf B1drank water
Wolf B1 m is ready to mate
No Female Wolf Partner or Female Wolf Partner not ready yet!
Wolf C3m is running away from: LionC5
Wolf C3 is Thirsty
Wolf C3drank water
Wolf C3 m is ready to mate
No Female Wolf Partner or Female Wolf Partner not ready yet!
Wolf A1f is running away from: LionC5
Wolf A1 is Hungry
Wolf A1f is chasing: A2f
Wolf A1 is Thirsty
Wolf A1drank water
Wolf C5m is running away from: LionC5
Wolf C5 is Hungry
Wolf C5m is chasing: A2f
Wolf C5 m is ready to mate
No Female Wolf Partner or Female Wolf Partner not ready yet!
Wolf A2m is running away from: LionC5
Rabbit A2f is running away from: LionC5
Rabbit A2f is running away from: WolfA1
Rabbit A2 is Hungry
Rabbit A2 f is ready to mate
Rabbit B1f is running away from: LionC5
Rabbit B1f is running away from: WolfC5
Rabbit B1 is Hungry
Rabbit B1f ate
Rabbit B1 f is ready to mate
Rabbit A2f is running away from: LionC5
Rabbit A2f is running away from: WolfA1
Rabbit A2 is Hungry
Rabbit A2 f is ready to mate
Lion A2 f is ready to mate
Lion C4 f is ready to mate
Lion B4 m is ready to mate
Lion C5 is Hungry
LionC5mis chasing: C5m
Lion C5 m is ready to mate
Lion B0 m is ready to mate
Lion A5 f was born!Father is B0 and Mother is A2
Wolf B1m is running away from: LionC5
Wolf B1 is Hungry
Wolf B1m is chasing: A2f
Wolf B1 is Thirsty
Wolf B1drank water
Wolf B1 m is ready to mate
No Female Wolf Partner or Female Wolf Partner not ready yet!
Wolf C3m is running away from: LionC5
Wolf C3 is Thirsty
Wolf C3drank water
Wolf C3 m is ready to mate
No Female Wolf Partner or Female Wolf Partner not ready yet!
Wolf A1f is running away from: LionC5
Wolf A1 is Hungry
Wolf A1f is chasing: A2f
Wolf A1 is Thirsty
Wolf A1drank water
Wolf C5m is running away from: LionC5
Wolf C5 is Hungry
Wolf C5m is chasing: A2f
Wolf C5 m is ready to mate
No Female Wolf Partner or Female Wolf Partner not ready yet!
Wolf A2m is running away from: LionC5
Rabbit A2f is running away from: LionC5
Rabbit A2f is running away from: WolfA1
Rabbit A2 is Hungry
Rabbit A2f ate
Rabbit A2 f is ready to mate
Rabbit B1f is running away from: LionC5
Rabbit B1f is running away from: WolfB1
Rabbit B1 is Hungry
Rabbit B1 f is ready to mate
Rabbit A2f is running away from: LionC5
Rabbit A2f is running away from: WolfB1
Rabbit A2 is Hungry
Rabbit A2 f is ready to mate
Lion A2 is Thirsty
Lion A2 drank water
Lion C4 is Thirsty
Lion C4 drank water
Lion C4 f is ready to mate
Lion B4 is Thirsty
Lion B4 drank water
Lion B4 m is ready to mate
Lion C5 is Thirsty
Lion C5 drank water
Lion C5 is Hungry
LionC5mis chasing: C5m
Lion C5 m is ready to mate
Lion B0 is Thirsty
Lion B0 drank water
Lion B0 m is ready to mate
Wolf B1m is running away from: LionC5
Wolf B1 is Hungry
Wolf B1m is chasing: A2f
Wolf B1 is Thirsty
Wolf B1drank water
Wolf B1 m is ready to mate
No Female Wolf Partner or Female Wolf Partner not ready yet!
Wolf C3m is running away from: LionC5
Wolf C3 is Thirsty
Wolf C3drank water
Wolf C3 m is ready to mate
No Female Wolf Partner or Female Wolf Partner not ready yet!
Wolf A1f is running away from: LionC5
Wolf A1 is Hungry
Wolf A1f is chasing: A2f
Wolf A1 is Thirsty
Wolf A1drank water
Wolf C5m is running away from: LionC5
Wolf C5 is Hungry
Wolf C5m is chasing: A2f
Wolf C5 m is ready to mate
No Female Wolf Partner or Female Wolf Partner not ready yet!
Wolf A2m is running away from: LionC5
Rabbit A2f is running away from: LionC5
Rabbit A2f is running away from: WolfA1
Rabbit A2 is Hungry
Rabbit A2f ate
Rabbit A2 f is ready to mate
Rabbit B1 is Thirsty
Rabbit B1 drank water
Rabbit B1f is running away from: LionC5
Rabbit B1f is running away from: WolfA1
Rabbit B1 is Hungry
Rabbit B1 f is ready to mate
Rabbit A2f is running away from: LionC5
Rabbit A2f is running away from: WolfA1
Rabbit A2 is Hungry
Rabbit A2 f is ready to mate
Lion A2 is Thirsty
Lion A2 drank water
Lion C4 is Thirsty
Lion C4 drank water
Lion C4 f is ready to mate
Lion B4 is Thirsty
Lion B4 drank water
Lion B4 m is ready to mate
Lion C5 is Thirsty
Lion C5 drank water
Lion C5 is Hungry
LionC5mis chasing: C5m
Lion C5 m is ready to mate
Lion B0 is Thirsty
Lion B0 drank water
Lion B0 m is ready to mate
Wolf B1m is running away from: LionC5
Wolf B1 is Hungry
Wolf B1m is chasing: A2f
Wolf B1 is Thirsty
Wolf B1drank water
Wolf B1 m is ready to mate
No Female Wolf Partner or Female Wolf Partner not ready yet!
Wolf C3m is running away from: LionC5
Wolf C3 is Thirsty
Wolf C3drank water
Wolf C3 m is ready to mate
No Female Wolf Partner or Female Wolf Partner not ready yet!
Wolf A1f is running away from: LionC5
Wolf A1 is Hungry
Wolf A1f is chasing: A2f
Wolf A1 is Thirsty
Wolf A1drank water
Wolf C5m is running away from: LionC5
Wolf C5 is Hungry
Wolf C5m is chasing: A2f
Wolf C5 m is ready to mate
No Female Wolf Partner or Female Wolf Partner not ready yet!
Wolf A2m is running away from: LionC5
Rabbit A2f is running away from: LionC5
Rabbit A2f is running away from: WolfC5
Rabbit A2 is Hungry
Rabbit A2f ate
Rabbit A2 f is ready to mate
Rabbit B1 is Thirsty
Rabbit B1 drank water
Rabbit B1f is running away from: LionC5
Rabbit B1f is running away from: WolfA1
Rabbit B1 is Hungry
Rabbit B1f ate
Rabbit B1 f is ready to mate
Rabbit A2f is running away from: LionC5
Rabbit A2f is running away from: WolfA1
Rabbit A2 is Hungry
Rabbit A2f ate
Rabbit A2 f is ready to mate
Lion C4 f is ready to mate
Lion B4 is Thirsty
Lion B4 drank water
Lion B4 m is ready to mate
Lion C5 is Thirsty
Lion C5 drank water
Lion C5 is Hungry
LionC5mis chasing: C5m
Lion C5 m is ready to mate
Lion B0 m is ready to mate
Wolf B1m is running away from: LionC5
Wolf B1 is Hungry
Wolf B1m is chasing: A2f
Wolf B1 is Thirsty
Wolf B1drank water
Wolf B1 m is ready to mate
No Female Wolf Partner or Female Wolf Partner not ready yet!
Wolf C3m is running away from: LionC5
Wolf C3 is Thirsty
Wolf C3drank water
Wolf C3 m is ready to mate
No Female Wolf Partner or Female Wolf Partner not ready yet!
Wolf A1f is running away from: LionC5
Wolf A1 is Hungry
Wolf A1f is chasing: A2f
Wolf A1 is Thirsty
Wolf A1drank water
Wolf C5m is running away from: LionC5
Wolf C5 is Hungry
Wolf C5m is chasing: A2f
Wolf C5 m is ready to mate
No Female Wolf Partner or Female Wolf Partner not ready yet!
Wolf A2m is running away from: LionC5
Rabbit A2f is running away from: LionC5
Rabbit A2f is running away from: WolfB1
Rabbit A2 is Hungry
Rabbit A2f ate
Rabbit A2 f is ready to mate
Rabbit B1 is Thirsty
Rabbit B1 drank water
Rabbit B1f is running away from: LionC5
Rabbit B1f is running away from: WolfA1
Rabbit B1 is Hungry
Rabbit B1 f is ready to mate
Rabbit A2f is running away from: LionC5
Rabbit A2f is running away from: WolfA1
Rabbit A2 is Hungry
Rabbit A2 f is ready to mate
Lion A2 is Hungry
LionA2fis chasing: C5m
Lion C4 f is ready to mate
Lion B4 is Thirsty
Lion B4 drank water
Lion B4 is Hungry
LionB4mis chasing: C5m
Lion B4 m is ready to mate
Lion C5 is Thirsty
Lion C5 drank water
Lion C5 is Hungry
LionC5mis chasing: C5m
Lion C5 m is ready to mate
Lion B0 is Hungry
LionB0mis chasing: C5m
Lion B0 m is ready to mate
Wolf B1m is running away from: LionC5
Wolf B1 is Hungry
Wolf B1m is chasing: A2f
Wolf B1 is Thirsty
Wolf B1drank water
Wolf B1 m is ready to mate
No Female Wolf Partner or Female Wolf Partner not ready yet!
Wolf C3m is running away from: LionC5
Wolf C3 is Thirsty
Wolf C3drank water
Wolf C3 m is ready to mate
No Female Wolf Partner or Female Wolf Partner not ready yet!
Wolf A1f is running away from: LionC5
Wolf A1 is Hungry
Wolf A1f is chasing: A2f
Wolf A1 is Thirsty
Wolf A1drank water
Wolf C5m is running away from: LionC5
Wolf C5 is Hungry
Wolf C5m is chasing: A2f
Wolf C5 m is ready to mate
No Female Wolf Partner or Female Wolf Partner not ready yet!
Wolf A2m is running away from: LionC5
Wolf A2 is Hungry
Wolf A2m is chasing: A2f
Wolf A2 is Thirsty
Wolf A2drank water
Rabbit A2f is running away from: LionC5
Rabbit A2f is running away from: WolfC5
Rabbit A2 is Hungry
Rabbit A2f ate
Rabbit A2 f is ready to mate
Rabbit B1 is Thirsty
Rabbit B1 drank water
Rabbit B1f is running away from: LionC5
Rabbit B1f is running away from: WolfA1
Rabbit B1 is Hungry
Rabbit B1f ate
Rabbit B1 f is ready to mate
Rabbit A2f is running away from: LionC5
Rabbit A2f is running away from: WolfA1
Rabbit A2 is Hungry
Rabbit A2 f is ready to mate
Lion A2 is Hungry
LionA2fis chasing: C5m
Lion C4 f is ready to mate
Lion B4 is Thirsty
Lion B4 drank water
Lion B4 is Hungry
LionB4mis chasing: B1f
Lion B4 m is ready to mate
Lion C5 is Thirsty
Lion C5 drank water
Lion C5 is Hungry
LionC5mis chasing: B1f
Lion C5 m is ready to mate
Lion B0 is Hungry
LionB0mis chasing: B1f
Lion B0 m is ready to mate
Wolf B1m is running away from: LionC5
Wolf B1 is Hungry
Wolf B1m is chasing: A2f
Wolf B1 is Thirsty
Wolf B1drank water
Wolf B1 m is ready to mate
No Female Wolf Partner or Female Wolf Partner not ready yet!
Wolf C3m is running away from: LionC5
Wolf C3 is Hungry
Wolf C3m is chasing: A2f
Wolf C3 is Thirsty
Wolf C3drank water
Wolf C3 m is ready to mate
No Female Wolf Partner or Female Wolf Partner not ready yet!
Wolf A1f is running away from: LionC5
Wolf A1 is Hungry
Wolf A1f is chasing: A2f
Wolf A1 is Thirsty
Wolf A1drank water
Wolf C5m is running away from: LionC5
Wolf C5 is Hungry
Wolf C5m is chasing: A2f
Wolf C5 m is ready to mate
No Female Wolf Partner or Female Wolf Partner not ready yet!
Wolf A2m is running away from: LionC5
Wolf A2 is Hungry
Wolf A2m is chasing: A2f
Wolf A2 is Thirsty
Wolf A2drank water
Rabbit A2f is running away from: LionC5
Rabbit A2f is running away from: WolfC5
Rabbit A2 is Hungry
Rabbit A2 f is ready to mate
Rabbit B1 is Thirsty
Rabbit B1 drank water
Rabbit B1f is running away from: LionC5
Rabbit B1f is running away from: WolfA1
Rabbit B1 is Hungry
Rabbit B1f ate
Rabbit B1 f is ready to mate
Rabbit A2f is running away from: LionC5
Rabbit A2f is running away from: WolfA1
Rabbit A2 is Hungry
Rabbit A2 f is ready to mate
Lion A2 is Hungry
LionA2fis chasing: B1f
Lion C4 f is ready to mate
Lion B4 is Thirsty
Lion B4 drank water
Lion B4 is Hungry
LionB4mis chasing: B1f
Lion B4 m is ready to mate
Lion C5 is Thirsty
Lion C5 drank water
Lion C5 is Hungry
LionC5mis chasing: B1f
Lion C5 m is ready to mate
Lion B0 is Hungry
LionB0mis chasing: B1f
Lion B0 m is ready to mate
Wolf B1m is running away from: LionC5
Wolf B1 is Hungry
Wolf B1m is chasing: A2f
Wolf B1 is Thirsty
Wolf B1drank water
Wolf B1 m is ready to mate
No Female Wolf Partner or Female Wolf Partner not ready yet!
Wolf C3m is running away from: LionC5
Wolf C3 is Hungry
Wolf C3m is chasing: A2f
Wolf C3 is Thirsty
Wolf C3drank water
Wolf C3 m is ready to mate
No Female Wolf Partner or Female Wolf Partner not ready yet!
Wolf A1f is running away from: LionC5
Wolf A1 is Hungry
Wolf A1f is chasing: A2f
Wolf A1 is Thirsty
Wolf A1drank water
Wolf C5m is running away from: LionC5
Wolf C5 is Hungry
Wolf C5m is chasing: A2f
Wolf C5 m is ready to mate
No Female Wolf Partner or Female Wolf Partner not ready yet!
Wolf A2m is running away from: LionC5
Wolf A2 is Hungry
Wolf A2m is chasing: A2f
Wolf A2 is Thirsty
Wolf A2drank water
Rabbit A2f is running away from: LionC5
Rabbit A2f is running away from: WolfC5
Rabbit A2 is Hungry
Rabbit A2f ate
Rabbit A2 f is ready to mate
Rabbit B1 is Thirsty
Rabbit B1 drank water
Rabbit B1f is running away from: LionC5
Rabbit B1f is running away from: WolfA1
Rabbit B1 is Hungry
Rabbit B1f ate
Rabbit B1 f is ready to mate
Rabbit A2f is running away from: LionC5
Rabbit A2f is running away from: WolfA1
Rabbit A2 is Hungry
Rabbit A2 f is ready to mate
Lion A2 is Hungry
LionA2fis chasing: B1f
Lion C4 f is ready to mate
Lion B4 is Thirsty
Lion B4 drank water
Lion B4 is Hungry
LionB4mis chasing: B1f
Lion B4 m is ready to mate
Lion C5 is Thirsty
Lion C5 drank water
Lion C5 is Hungry
LionC5mis chasing: B1f
Lion C5 m is ready to mate
Lion B0 is Hungry
LionB0mis chasing: B1f
Lion B0 m is ready to mate
Wolf B1m is running away from: LionC5
Wolf B1 is Hungry
Wolf B1m is chasing: A2f
Wolf B1 is Thirsty
Wolf B1drank water
Wolf B1 m is ready to mate
No Female Wolf Partner or Female Wolf Partner not ready yet!
Wolf C3m is running away from: LionC5
Wolf C3 is Hungry
Wolf C3m is chasing: A2f
Wolf C3 is Thirsty
Wolf C3drank water
Wolf C3 m is ready to mate
No Female Wolf Partner or Female Wolf Partner not ready yet!
Wolf A1f is running away from: LionC5
Wolf A1 is Hungry
Wolf A1f is chasing: A2f
Wolf A1 is Thirsty
Wolf A1drank water
Wolf C5m is running away from: LionC5
Wolf C5 is Hungry
Wolf C5m is chasing: A2f
Wolf C5 is Thirsty
Wolf C5drank water
Wolf C5 m is ready to mate
No Female Wolf Partner or Female Wolf Partner not ready yet!
Wolf A2m is running away from: LionC5
Wolf A2 is Hungry
Wolf A2m is chasing: A2f
Wolf A2 is Thirsty
Wolf A2drank water
Rabbit A2 is Thirsty
Rabbit A2 drank water
Rabbit A2f is running away from: LionC5
Rabbit A2f is running away from: WolfC5
Rabbit A2 is Hungry
Rabbit A2f ate
Rabbit A2 f is ready to mate
Rabbit B1 is Thirsty
Rabbit B1 drank water
Rabbit B1f is running away from: LionC5
Rabbit B1f is running away from: WolfC5
Rabbit B1 is Hungry
Rabbit B1f ate
Rabbit B1 f is ready to mate
Rabbit A2f is running away from: LionC5
Rabbit A2f is running away from: WolfB1
Rabbit A2 is Hungry
RabbitA2f died of hunger
Rabbit A2 f is ready to mate
Lion A2 is Hungry
LionA2fis chasing: B1f
Lion C4 f is ready to mate
Lion B4 is Thirsty
Lion B4 drank water
Lion B4 is Hungry
LionB4mis chasing: B1f
Lion B4 m is ready to mate
Lion C5 is Hungry
LionC5mis chasing: B1f
Lion C5 m is ready to mate
Lion B0 is Hungry
LionB0mis chasing: B1f
Lion B0 m is ready to mate
Wolf B1m is running away from: LionC5
Wolf B1 is Hungry
Wolf B1m is chasing: A2f
Wolf B1 is Thirsty
Wolf B1drank water
Wolf B1 m is ready to mate
No Female Wolf Partner or Female Wolf Partner not ready yet!
Wolf C3m is running away from: LionC5
Wolf C3 is Hungry
Wolf C3m is chasing: A2f
Wolf C3 is Thirsty
Wolf C3drank water
Wolf C3 m is ready to mate
No Female Wolf Partner or Female Wolf Partner not ready yet!
Wolf A1f is running away from: LionC5
Wolf A1 is Hungry
Wolf A1f is chasing: A2f
Wolf A1 is Thirsty
Wolf A1drank water
Wolf C5m is running away from: LionC5
Wolf C5 is Hungry
Wolf C5m is chasing: A2f
Wolf C5 is Thirsty
Wolf C5drank water
Wolf C5 m is ready to mate
No Female Wolf Partner or Female Wolf Partner not ready yet!
Wolf A2m is running away from: LionC5
Wolf A2 is Hungry
Wolf A2m is chasing: A2f
Wolf A2 is Thirsty
Wolf A2drank water
Rabbit A2 is Thirsty
Rabbit A2 drank water
Rabbit A2f is running away from: LionC5
Rabbit A2f is running away from: WolfC5
Rabbit A2 is Hungry
Rabbit A2f ate
Rabbit A2 f is ready to mate
Rabbit B1 is Thirsty
Rabbit B1 drank water
Rabbit B1f is running away from: LionC5
Rabbit B1f is running away from: WolfC5
Rabbit B1 is Hungry
Rabbit B1 f is ready to mate
Lion A2 is Hungry
LionA2fis chasing: B1f
Lion C4 is Hungry
LionC4fis chasing: B1f
Lion C4 f is ready to mate
Lion B4 is Hungry
LionB4mis chasing: B1f
Lion B4 m is ready to mate
Lion C5 is Hungry
LionC5mis chasing: B1f
Lion C5 m is ready to mate
Lion B0 is Hungry
LionB0mis chasing: B1f
Lion B0 m is ready to mate
Wolf B1m is running away from: LionC5
Wolf B1 is Hungry
Wolf B1m is chasing: A2f
Wolf B1 is Thirsty
Wolf B1drank water
Wolf B1 m is ready to mate
No Female Wolf Partner or Female Wolf Partner not ready yet!
Wolf C3m is running away from: LionC5
Wolf C3 is Hungry
Wolf C3m is chasing: A2f
Wolf C3 is Thirsty
Wolf C3drank water
Wolf C3 m is ready to mate
No Female Wolf Partner or Female Wolf Partner not ready yet!
Wolf A1f is running away from: LionC5
Wolf A1 is Hungry
Wolf A1f is chasing: A2f
Wolf A1 is Thirsty
Wolf A1drank water
Wolf C5m is running away from: LionC5
Wolf C5 is Hungry
Wolf C5m is chasing: A2f
Wolf C5 is Thirsty
Wolf C5drank water
Wolf C5 m is ready to mate
No Female Wolf Partner or Female Wolf Partner not ready yet!
Wolf A2m is running away from: LionC5
Wolf A2 is Hungry
Wolf A2m is chasing: A2f
Wolf A2 is Thirsty
Wolf A2drank water
Rabbit A2 is Thirsty
Rabbit A2 drank water
Rabbit A2f is running away from: LionC5
Rabbit A2f is running away from: WolfA2
Rabbit A2 is Hungry
Rabbit A2 f is ready to mate
Rabbit B1 is Thirsty
Rabbit B1 drank water
Rabbit B1f is running away from: LionC5
Rabbit B1f is running away from: WolfC5
Rabbit B1 is Hungry
Rabbit B1f ate
Rabbit B1 f is ready to mate
Lion A2 is Hungry
LionA2fis chasing: B1f
Lion C4 is Hungry
LionC4fis chasing: B1f
Lion C4 f is ready to mate
Lion B4 is Hungry
LionB4mis chasing: B1f
Lion B4 m is ready to mate
Lion C5 is Hungry
LionC5mis chasing: B1f
Lion C5 m is ready to mate
Lion B0 is Hungry
LionB0mis chasing: B1f
Lion B0 m is ready to mate
Lion A5 is Hungry
LionA5fis chasing: B1f
Wolf B1m is running away from: LionC5
Wolf B1 is Hungry
Wolf B1m is chasing: A2f
Wolf B1 is Thirsty
Wolf B1drank water
Wolf B1 m is ready to mate
No Female Wolf Partner or Female Wolf Partner not ready yet!
Wolf C3m is running away from: LionC5
Wolf C3 is Hungry
Wolf C3m is chasing: A2f
Wolf C3 is Thirsty
Wolf C3drank water
Wolf C3 m is ready to mate
No Female Wolf Partner or Female Wolf Partner not ready yet!
Wolf A1f is running away from: LionC5
Wolf A1 is Hungry
Wolf A1f is chasing: A2f
Wolf A1 is Thirsty
Wolf A1drank water
Wolf C5m is running away from: LionC5
Wolf C5 is Hungry
Wolf C5m is chasing: A2f
Wolf C5 is Thirsty
Wolf C5drank water
Wolf C5 m is ready to mate
No Female Wolf Partner or Female Wolf Partner not ready yet!
Wolf A2m is running away from: LionC5
Wolf A2 is Hungry
Wolf A2m is chasing: A2f
Wolf A2 is Thirsty
Wolf A2drank water
Rabbit A2 is Thirsty
Rabbit A2 drank water
Rabbit A2f is running away from: LionC5
Rabbit A2f is running away from: WolfA1
Rabbit A2 is Hungry
Rabbit A2 f is ready to mate
Rabbit B1 is Thirsty
Rabbit B1 drank water
Rabbit B1f is running away from: LionC5
Rabbit B1f is running away from: WolfC5
Rabbit B1 is Hungry
Rabbit B1f ate
Rabbit B1 f is ready to mate
Lion A2 is Hungry
LionA2fis chasing: B1f
Lion C4 is Hungry
LionC4fis chasing: B1f
Lion C4 f is ready to mate
Lion B4 is Hungry
LionB4mis chasing: B1f
Lion B4 m is ready to mate
Lion C5 is Hungry
LionC5mis chasing: B1f
Lion C5 m is ready to mate
Lion B0 is Hungry
LionB0mis chasing: B1f
Lion B0 m is ready to mate
Lion A5 is Hungry
LionA5fis chasing: B1f
Wolf B1m is running away from: LionC5
Wolf B1 is Hungry
Wolf B1m is chasing: A2f
Wolf B1 is Thirsty
Wolf B1drank water
Wolf B1 m is ready to mate
No Female Wolf Partner or Female Wolf Partner not ready yet!
Wolf C3m is running away from: LionC5
Wolf C3 is Hungry
Wolf C3m is chasing: A2f
Wolf C3 is Thirsty
Wolf C3drank water
Wolf C3 m is ready to mate
No Female Wolf Partner or Female Wolf Partner not ready yet!
Wolf A1f is running away from: LionC5
Wolf A1 is Hungry
Wolf A1f is chasing: A2f
Wolf A1 is Thirsty
Wolf A1drank water
Wolf C5m is running away from: LionC5
Wolf C5 is Hungry
Wolf C5m is chasing: A2f
Wolf C5m ate!
Wolf C5 is Thirsty
Wolf C5drank water
Wolf C5 m is ready to mate
No Female Wolf Partner or Female Wolf Partner not ready yet!
Wolf A2m is running away from: LionC5
Wolf A2 is Hungry
Wolf A2m is chasing: B1f
Wolf A2 is Thirsty
Wolf A2drank water
Rabbit B1 is Thirsty
Rabbit B1 drank water
Rabbit B1f is running away from: LionC5
Rabbit B1f is running away from: WolfC5
Rabbit B1 is Hungry
Rabbit B1f ate
Rabbit B1 f is ready to mate
Lion A2 is Hungry
LionA2fis chasing: B1f
Lion C4 is Hungry
LionC4fis chasing: B1f
Lion C4 f is ready to mate
Lion B4 is Hungry
LionB4mis chasing: B1f
Lion B4 m is ready to mate
Lion C5 is Hungry
LionC5mis chasing: B1f
Lion C5 m is ready to mate
Lion B0 is Hungry
LionB0mis chasing: B1f
Lion B0 m is ready to mate
Lion A5 is Hungry
LionA5fis chasing: B1f
Wolf B1m is running away from: LionC5
Wolf B1 is Hungry
Wolf B1m is chasing: B1f
Wolf B1 is Thirsty
Wolf B1drank water
Wolf B1 m is ready to mate
No Female Wolf Partner or Female Wolf Partner not ready yet!
Wolf C3m is running away from: LionC5
Wolf C3 is Hungry
Wolf C3m is chasing: B1f
Wolf C3 is Thirsty
Wolf C3drank water
Wolf C3 m is ready to mate
No Female Wolf Partner or Female Wolf Partner not ready yet!
Wolf A1f is running away from: LionC5
Wolf A1 is Hungry
Wolf A1f is chasing: B1f
Wolf A1 is Thirsty
Wolf A1drank water
Wolf C5m is running away from: LionC5
Wolf C5 is Thirsty
Wolf C5drank water
Wolf C5 m is ready to mate
No Female Wolf Partner or Female Wolf Partner not ready yet!
Wolf A2m is running away from: LionC5
Wolf A2 is Hungry
Wolf A2m is chasing: B1f
Wolf A2 is Thirsty
Wolf A2drank water
Rabbit B1 is Thirsty
Rabbit B1 drank water
Rabbit B1f is running away from: LionC5
Rabbit B1f is running away from: WolfC5
Rabbit B1 is Hungry
Rabbit B1f ate
Rabbit B1 f is ready to mate
Lion A2 is Hungry
LionA2fis chasing: B1f
Lion C4 is Hungry
LionC4fis chasing: B1f
Lion C4 f is ready to mate
Lion B4 is Hungry
LionB4mis chasing: B1f
Lion B4 m is ready to mate
Lion C5 is Hungry
LionC5mis chasing: B1f
Lion C5 m is ready to mate
Lion B0 is Hungry
LionB0mis chasing: B1f
Lion B0 m is ready to mate
Lion A5 is Hungry
LionA5fis chasing: B1f
Wolf B1m is running away from: LionA2
Wolf B1 is Hungry
Wolf B1m is chasing: B1f
Wolf B1 is Thirsty
Wolf B1drank water
Wolf B1 m is ready to mate
No Female Wolf Partner or Female Wolf Partner not ready yet!
Wolf C3m is running away from: LionA2
Wolf C3 is Hungry
Wolf C3m is chasing: B1f
Wolf C3 is Thirsty
Wolf C3drank water
Wolf C3 m is ready to mate
No Female Wolf Partner or Female Wolf Partner not ready yet!
Wolf A1f is running away from: LionA2
Wolf A1 is Hungry
Wolf A1f is chasing: B1f
Wolf A1 is Thirsty
Wolf A1drank water
Wolf C5m is running away from: LionA2
Wolf C5 is Thirsty
Wolf C5drank water
Wolf C5 m is ready to mate
No Female Wolf Partner or Female Wolf Partner not ready yet!
Wolf A2m is running away from: LionA2
Wolf A2 is Hungry
Wolf A2m is chasing: B1f
Wolf A2 is Thirsty
Wolf A2drank water
Rabbit B1 is Thirsty
Rabbit B1 drank water
Rabbit B1f is running away from: LionA2
Rabbit B1f is running away from: WolfC5
Rabbit B1 is Hungry
Rabbit B1 f is ready to mate
Lion A2 is Hungry
LionA2fis chasing: B1f
Lion C4 is Hungry
LionC4fis chasing: B1f
Lion C4 f is ready to mate
Lion B4 is Hungry
LionB4mis chasing: B1f
Lion B4 m is ready to mate
Lion C5 is Hungry
LionC5mis chasing: B1f
Lion C5 m is ready to mate
Lion B0 is Hungry
LionB0mis chasing: B1f
Lion B0 m is ready to mate
Lion A5 is Hungry
LionA5fis chasing: B1f
Wolf B1m is running away from: LionA2
Wolf B1 is Hungry
WolfB1m died of hunger
Wolf B1m is chasing: B1f
Wolf B1 is Thirsty
Wolf B1drank water
Wolf B1 m is ready to mate
No Female Wolf Partner or Female Wolf Partner not ready yet!
Wolf C3m is running away from: LionA2
Wolf C3 is Hungry
Wolf C3m is chasing: B1f
Wolf C3 is Thirsty
Wolf C3drank water
Wolf C3 m is ready to mate
No Female Wolf Partner or Female Wolf Partner not ready yet!
Wolf A1f is running away from: LionA2
Wolf A1 is Hungry
Wolf A1f is chasing: B1f
Wolf A1 is Thirsty
Wolf A1drank water
Wolf C5m is running away from: LionA2
Wolf C5 is Thirsty
Wolf C5drank water
Wolf C5 m is ready to mate
No Female Wolf Partner or Female Wolf Partner not ready yet!
Wolf A2m is running away from: LionA2
Wolf A2 is Hungry
Wolf A2m is chasing: B1f
Wolf A2 is Thirsty
Wolf A2drank water
Rabbit B1 is Thirsty
Rabbit B1 drank water
Rabbit B1f is running away from: LionA2
Rabbit B1f is running away from: WolfC5
Rabbit B1 is Hungry
Rabbit B1f ate
Rabbit B1 f is ready to mate
Lion A2 is Hungry
LionA2fis chasing: B1f
Lion C4 is Hungry
LionC4fis chasing: B1f
Lion C4 f is ready to mate
Lion B4 is Hungry
LionB4mis chasing: B1f
Lion B4 m is ready to mate
Lion B0 f was born!Father is B4 and Mother is C4
Lion C5 is Hungry
LionC5m died of hunger
LionC5mis chasing: B1f
Lion C5 m is ready to mate
No Female Lion Partner or Female Lion partners are not ready to mate Yet!
Lion B0 is Hungry
LionB0mis chasing: B1f
Lion B0 m is ready to mate
No Female Lion Partner or Female Lion partners are not ready to mate Yet!
Lion A5 is Hungry
LionA5fis chasing: B1f
Wolf C3m is running away from: LionA2
Wolf C3 is Hungry
Wolf C3m is chasing: B1f
Wolf C3 is Thirsty
Wolf C3drank water
Wolf C3 m is ready to mate
No Female Wolf Partner or Female Wolf Partner not ready yet!
Wolf A1f is running away from: LionA2
Wolf A1 is Hungry
Wolf A1f is chasing: B1f
Wolf A1 is Thirsty
Wolf A1drank water
Wolf C5m is running away from: LionA2
Wolf C5 is Thirsty
Wolf C5drank water
Wolf C5 m is ready to mate
No Female Wolf Partner or Female Wolf Partner not ready yet!
Wolf A2m is running away from: LionA2
Wolf A2 is Hungry
Wolf A2m is chasing: B1f
Wolf A2 is Thirsty
Wolf A2drank water
Rabbit B1 is Thirsty
Rabbit B1 drank water
Rabbit B1f is running away from: LionA2
Rabbit B1f is running away from: WolfA1
Rabbit B1 is Hungry
Rabbit B1f ate
Rabbit B1 f is ready to mate
Lion A2 is Hungry
LionA2fis chasing: B1f
Lion C4 is Hungry
LionC4fis chasing: B1f
Lion B4 is Hungry
LionB4mis chasing: B1f
Lion B4 m is ready to mate
No Female Lion Partner or Female Lion partners are not ready to mate Yet!
Lion B0 is Hungry
LionB0mis chasing: B1f
Lion B0 m is ready to mate
No Female Lion Partner or Female Lion partners are not ready to mate Yet!
Lion A5 is Hungry
LionA5fis chasing: B1f
Wolf C3m is running away from: LionA2
Wolf C3 is Hungry
Wolf C3m is chasing: B1f
Wolf C3 is Thirsty
Wolf C3drank water
Wolf C3 m is ready to mate
No Female Wolf Partner or Female Wolf Partner not ready yet!
Wolf A1f is running away from: LionA2
Wolf A1 is Hungry
Wolf A1f is chasing: B1f
Wolf A1 is Thirsty
Wolf A1drank water
Wolf C5m is running away from: LionA2
Wolf C5 is Thirsty
Wolf C5drank water
Wolf C5 m is ready to mate
No Female Wolf Partner or Female Wolf Partner not ready yet!
Wolf A2m is running away from: LionA2
Wolf A2 is Hungry
Wolf A2m is chasing: B1f
Wolf A2 is Thirsty
Wolf A2drank water
Rabbit B1 is Thirsty
Rabbit B1 drank water
Rabbit B1f is running away from: LionA2
Rabbit B1f is running away from: WolfA1
Rabbit B1 is Hungry
Rabbit B1f ate
Rabbit B1 f is ready to mate
Lion A2 is Hungry
LionA2fis chasing: B1f
Lion C4 is Hungry
LionC4fis chasing: B1f
Lion B4 is Hungry
LionB4mis chasing: B1f
Lion B4 m is ready to mate
No Female Lion Partner or Female Lion partners are not ready to mate Yet!
Lion B0 is Hungry
LionB0mis chasing: B1f
Lion B0 m is ready to mate
No Female Lion Partner or Female Lion partners are not ready to mate Yet!
Lion A5 is Hungry
LionA5fis chasing: B1f
Wolf C3m is running away from: LionA2
Wolf C3 is Hungry
Wolf C3m is chasing: B1f
Wolf C3 is Thirsty
Wolf C3drank water
Wolf C3 m is ready to mate
No Female Wolf Partner or Female Wolf Partner not ready yet!
Wolf A1f is running away from: LionA2
Wolf A1 is Hungry
WolfA1f died of hunger
Wolf A1f is chasing: B1f
Wolf A1 is Thirsty
Wolf A1drank water
Wolf C5m is running away from: LionC4
Wolf C5 is Thirsty
Wolf C5drank water
Wolf C5 m is ready to mate
No Female Wolf Partner or Female Wolf Partner not ready yet!
Wolf A2m is running away from: LionA2
Wolf A2 is Hungry
Wolf A2m is chasing: B1f
Wolf A2 is Thirsty
Wolf A2drank water
Rabbit B1 is Thirsty
Rabbit B1 drank water
Rabbit B1f is running away from: LionA2
Rabbit B1f is running away from: WolfC5
Rabbit B1 is Hungry
Rabbit B1f ate
Rabbit B1 f is ready to mate
Lion A2 is Hungry
LionA2fis chasing: B1f
Lion C4 is Hungry
LionC4fis chasing: B1f
Lion B4 is Hungry
LionB4mis chasing: B1f
Lion B4 m is ready to mate
No Female Lion Partner or Female Lion partners are not ready to mate Yet!
Lion B0 is Hungry
LionB0mis chasing: B1f
Lion B0 m is ready to mate
No Female Lion Partner or Female Lion partners are not ready to mate Yet!
Lion A5 is Hungry
LionA5fis chasing: B1f
Wolf C3m is running away from: LionA2
Wolf C3 is Hungry
Wolf C3m is chasing: B1f
Wolf C3 is Thirsty
Wolf C3drank water
Wolf C3 m is ready to mate
No Female Wolf Partner or Female Wolf Partner not ready yet!
Wolf C5m is running away from: LionA2
Wolf C5 is Thirsty
Wolf C5drank water
Wolf C5 m is ready to mate
No Female Wolf Partner or Female Wolf Partner not ready yet!
Wolf A2m is running away from: LionA2
Wolf A2 is Hungry
Wolf A2m is chasing: B1f
Wolf A2 is Thirsty
Wolf A2drank water
Rabbit B1 is Thirsty
Rabbit B1 drank water
Rabbit B1f is running away from: LionA2
Rabbit B1f is running away from: WolfC5
Rabbit B1 is Hungry
Rabbit B1 f is ready to mate
Lion A2 is Hungry
LionA2fis chasing: B1f
Lion A2f ate!
Lion C4 is Hungry
Lion B4 is Hungry
Lion B0 is Hungry
Lion A5 is Hungry
Wolf C3m is running away from: LionA2
Wolf C3 is Hungry
Wolf C5m is running away from: LionA2
Wolf C5 is Thirsty
Wolf C5drank water
Wolf C5 m is ready to mate
No Female Wolf Partner or Female Wolf Partner not ready yet!
Wolf A2m is running away from: LionA2
Wolf A2 is Hungry
Lion C4 is Hungry
Lion B4 is Hungry
Lion B0 is Hungry
Lion A5 is Thirsty
Lion A5 drank water
Lion A5 is Hungry
Wolf C3m is running away from: LionA2
Wolf C3 is Hungry
Wolf C5m is running away from: LionA2
Wolf C5 is Thirsty
Wolf C5drank water
Wolf C5 m is ready to mate
No Female Wolf Partner or Female Wolf Partner not ready yet!
Wolf A2m is running away from: LionA2
Wolf A2 is Hungry
Lion C4 is Hungry
Lion B4 is Hungry
Lion B0 is Hungry
Lion A5 is Thirsty
Lion A5 drank water
Lion A5 is Hungry
Wolf C3m is running away from: LionA2
Wolf C3 is Hungry
Wolf C5m is running away from: LionA2
Wolf C5 is Hungry
Wolf A2m is running away from: LionA2
Wolf A2 is Hungry
Lion A2 is Thirsty
Lion A2 drank water
Lion C4 is Thirsty
Lion C4 drank water
Lion C4 is Hungry
Lion B4 is Hungry
Lion B0 is Thirsty
Lion B0 drank water
Lion B0 is Hungry
Lion A5 is Thirsty
Lion A5 drank water
Lion A5 is Hungry
Wolf C3m is running away from: LionA2
Wolf C3 is Hungry
Wolf C5m is running away from: LionA2
Wolf C5 is Hungry
Wolf A2m is running away from: LionA2
Wolf A2 is Hungry
Lion A2 is Thirsty
Lion A2 drank water
Lion C4 is Thirsty
Lion C4 drank water
Lion C4 is Hungry
Lion B4 is Hungry
Lion B0 is Hungry
Lion A5 is Thirsty
Lion A5 drank water
Lion A5 is Hungry
Wolf C3m is running away from: LionA2
Wolf C3 is Hungry
Wolf C5m is running away from: LionC4
Wolf C5 is Hungry
Wolf A2m is running away from: LionA2
Wolf A2 is Hungry
Lion A2 is Thirsty
Lion A2 drank water
Lion C4 is Thirsty
Lion C4 drank water
Lion C4 is Hungry
Lion B4 is Hungry
Lion B0 is Hungry
Lion A5 is Thirsty
Lion A5 drank water
Lion A5 is Hungry
Wolf C3m is running away from: LionA2
Wolf C3 is Hungry
Wolf C5m is running away from: LionA2
Wolf C5 is Hungry
Wolf A2m is running away from: LionA2
Wolf A2 is Hungry
Lion A2 is Thirsty
Lion A2 drank water
Lion C4 is Thirsty
Lion C4 drank water
Lion C4 is Hungry
Lion B4 is Hungry
Lion B0 is Hungry
Lion A5 is Thirsty
Lion A5 drank water
Lion A5 is Hungry
Lion B0 is Hungry
Wolf C3m is running away from: LionA2
Wolf C3 is Hungry
Wolf C5m is running away from: LionA2
Wolf C5 is Hungry
Wolf A2m is running away from: LionA2
Wolf A2 is Hungry
Lion C4 is Thirsty
Lion C4 drank water
Lion C4 is Hungry
Lion B4 is Hungry
Lion B0 is Hungry
Lion A5 is Thirsty
Lion A5 drank water
Lion A5 is Hungry
Lion B0 is Hungry
Wolf C3m is running away from: LionA2
Wolf C3 is Hungry
Wolf C5m is running away from: LionA2
Wolf C5 is Hungry
Wolf A2m is running away from: LionA2
Wolf A2 is Hungry
Lion C4 is Hungry
Lion B4 is Hungry
Lion B0 is Hungry
Lion A5 is Hungry
Lion B0 is Hungry
Wolf C3m is running away from: LionB4
Wolf C3 is Hungry
Wolf C5m is running away from: LionB4
Wolf C5 is Hungry
Wolf A2m is running away from: LionB4
Wolf A2 is Hungry
Lion C4 is Hungry
Lion B4 is Thirsty
Lion B4 drank water
Lion B4 is Hungry
LionB4m died of hunger
Lion B0 is Hungry
LionB0m died of hunger
Lion A5 is Hungry
Lion B0 is Hungry
Wolf C3m is running away from: LionA2
Wolf C3 is Hungry
Wolf C5m is running away from: LionA2
Wolf C5 is Hungry
Wolf A2m is running away from: LionA2
Wolf A2 is Hungry
WolfA2m died of hunger
Lion A2 is Hungry
Lion C4 is Hungry
Lion A5 is Hungry
Lion B0 is Hungry
Wolf C3m is running away from: LionA2
Wolf C3 is Hungry
WolfC3m died of hunger
Wolf C5m is running away from: LionA2
Wolf C5 is Hungry
Lion A2 is Hungry
Lion C4 is Hungry
Lion A5 is Hungry
Lion B0 is Hungry
Wolf C5m is running away from: LionA2
Wolf C5 is Hungry
Lion A2 is Hungry
Lion C4 is Hungry
Lion A5 is Hungry
Lion B0 is Hungry
Wolf C5m is running away from: LionA2
Wolf C5 is Hungry
Lion A2 is Hungry
Lion C4 is Hungry
Lion A5 is Hungry
Lion B0 is Hungry
Wolf C5m is running away from: LionA2
Wolf C5 is Hungry
Lion A2 is Hungry
Lion C4 is Hungry
LionC4f died of hunger
Lion A5 is Hungry
Lion B0 is Hungry
Wolf C5m is running away from: LionA2
Wolf C5 is Hungry
Lion A2 is Hungry
Lion A5 is Hungry
LionA5f died of hunger
Lion B0 is Hungry
Wolf C5m is running away from: LionA2
Wolf C5 is Hungry
Lion A2 is Hungry
Lion B0 is Thirsty
Lion B0 drank water
Lion B0 is Hungry
Wolf C5m is running away from: LionA2
Wolf C5 is Hungry
Lion A2 is Hungry
Lion B0 is Thirsty
Lion B0 drank water
Lion B0 is Hungry
Wolf C5m is running away from: LionA2
Wolf C5 is Hungry
Lion A2 is Hungry
Lion B0 is Thirsty
Lion B0 drank water
Lion B0 is Hungry
Wolf C5m is running away from: LionA2
Wolf C5 is Hungry
Lion A2 is Hungry
Lion B0 is Thirsty
Lion B0 drank water
Lion B0 is Hungry
Wolf C5m is running away from: LionA2
Wolf C5 is Hungry
Lion A2 is Hungry
Lion B0 is Thirsty
Lion B0 drank water
Lion B0 is Hungry
Wolf C5m is running away from: LionA2
Wolf C5 is Hungry
Lion A2 is Hungry
Lion B0 is Thirsty
Lion B0 drank water
Lion B0 is Hungry
Wolf C5m is running away from: LionA2
Wolf C5 is Hungry
Lion A2 is Hungry
Lion B0 is Hungry
Wolf C5m is running away from: LionA2
Wolf C5 is Hungry
Lion A2 is Hungry
Lion B0 is Hungry
Wolf C5m is running away from: LionA2
Wolf C5 is Hungry
Lion A2 is Hungry
Lion B0 is Hungry
Wolf C5m is running away from: LionA2
Wolf C5 is Hungry
Lion A2 is Hungry
Lion B0 is Hungry
Wolf C5m is running away from: LionA2
Wolf C5 is Hungry
Lion A2 is Thirsty
Lion A2 drank water
Lion A2 is Hungry
Lion B0 is Hungry
Wolf C5m is running away from: LionA2
Wolf C5 is Hungry
WolfC5m died of hunger
Lion A2 is Hungry
Lion B0 is Hungry
Lion A2 is Hungry
Lion B0 is Hungry
Lion A2 is Hungry
Lion B0 is Hungry
Lion A2 is Hungry
Lion B0 is Hungry
LionB0f died of hunger
Lion A2 is Hungry
Lion A2 is Hungry
Lion A2 is Hungry
Lion A2 is Hungry
LionA2f died of hunger
