Wolf A4f is running away from: LionB1
Wolf B3f is running away from: LionB1
Wolf A2f is running away from: LionA4
Wolf B5f is running away from: LionA3
Wolf B3m is running away from: LionC4
Wolf A5m is running away from: LionB1
Wolf C1f is running away from: LionB1
Wolf C1m is running away from: LionB1
Rabbit A3f is running away from: LionB1
Rabbit A3f is running away from: WolfC1
Rabbit A3 is Hungry
Rabbit A3f ate
Rabbit A3 f is ready to mate
Rabbit C5m is running away from: LionB1
Rabbit C5m is running away from: WolfC1
Rabbit C5 is Hungry
Rabbit C5m ate
Rabbit C5 m is ready to mate
Rabbit C5 m is approaching partner: Rabbit A3f
Rabbit C3m is running away from: LionC4
Rabbit C3m is running away from: WolfA5
Rabbit C3 is Hungry
Rabbit C3m ate
Rabbit C3 m is ready to mate
Rabbit C3 m is approaching partner: Rabbit A3f
Rabbit B1m is running away from: LionA4
Rabbit B1m is running away from: WolfA2
Rabbit B1 is Hungry
Rabbit B1m ate
Rabbit B1 m is ready to mate
Rabbit B1 m is approaching partner: Rabbit A3f
Rabbit C3m is running away from: LionA4
Rabbit C3m is running away from: WolfA2
Rabbit C3 is Hungry
Rabbit C3m ate
Rabbit C3 m is ready to mate
Rabbit C3 m is approaching partner: Rabbit A3f
Rabbit C1m is running away from: LionB1
Rabbit C1m is running away from: WolfB3
Rabbit C1 is Hungry
Rabbit C1m ate
Rabbit C1 m is ready to mate
Rabbit C1 m is approaching partner: Rabbit A3f
Rabbit A0f is running away from: LionB1
Rabbit A0f is running away from: WolfA5
Rabbit A0 is Hungry
Rabbit A0f ate
Rabbit A0 f is ready to mate
Rabbit C1m is running away from: LionA3
Rabbit C1m is running away from: WolfC1
Rabbit C1 is Hungry
Rabbit C1m ate
Rabbit C1 m is ready to mate
Rabbit C1 m is approaching partner: Rabbit A3f
Rabbit A0m is running away from: LionA4
Rabbit A0m is running away from: WolfB5
Rabbit A0 is Hungry
Rabbit A0m ate
Rabbit A0 m is ready to mate
Rabbit A0 m is approaching partner: Rabbit A0f
Rabbit A3f is running away from: LionA3
Rabbit A3f is running away from: WolfB3
Rabbit A3 is Hungry
Rabbit A3f ate
Rabbit A3 f is ready to mate
Rabbit B5m is running away from: LionB1
Rabbit B5m is running away from: WolfC1
Rabbit B5 is Hungry
Rabbit B5m ate
Rabbit B5 m is ready to mate
Rabbit B5 m is approaching partner: Rabbit A0f
Rabbit C1m is running away from: LionA4
Rabbit C1m is running away from: WolfA2
Rabbit C1 is Hungry
Rabbit C1m ate
Rabbit C1 m is ready to mate
Rabbit C1 m is approaching partner: Rabbit A3f
Rabbit B1f is running away from: LionB1
Rabbit B1f is running away from: WolfC1
Rabbit B1 is Hungry
Rabbit B1f ate
Rabbit B1 f is ready to mate
Rabbit C2m is running away from: LionA4
Rabbit C2m is running away from: WolfB5
Rabbit C2 is Hungry
Rabbit C2m ate
Rabbit C2 m is ready to mate
Rabbit C2 m is approaching partner: Rabbit A3f
Rabbit B4f is running away from: LionC4
Rabbit B4f is running away from: WolfB3
Rabbit B4 is Hungry
Rabbit B4f ate
Rabbit B4 f is ready to mate
Rabbit B5m is running away from: LionA4
Rabbit B5m is running away from: WolfA2
Rabbit B5 is Hungry
Rabbit B5m ate
Rabbit B5 m is ready to mate
Rabbit B5 m is approaching partner: Rabbit A3f
Rabbit A4f is running away from: LionC4
Rabbit A4f is running away from: WolfB3
Rabbit A4 is Hungry
Rabbit A4f ate
Rabbit A4 f is ready to mate
Rabbit B0m is running away from: LionC4
Rabbit B0m is running away from: WolfB3
Rabbit B0 is Hungry
Rabbit B0m ate
Rabbit B0 m is ready to mate
Rabbit B0 m is approaching partner: Rabbit B4f
Rabbit C5m is running away from: LionB1
Rabbit C5m is running away from: WolfA5
Rabbit C5 is Hungry
Rabbit C5m ate
Rabbit C5 m is ready to mate
Rabbit C5 m is approaching partner: Rabbit A0f
Rabbit A5m is running away from: LionB1
Rabbit A5m is running away from: WolfA5
Rabbit A5 is Hungry
Rabbit A5m ate
Rabbit A5 m is ready to mate
Rabbit A5 m is approaching partner: Rabbit A4f
Wolf A4f is running away from: LionB1
Wolf B3f is running away from: LionB1
Wolf A2f is running away from: LionA4
Wolf B5f is running away from: LionA3
Wolf B3m is running away from: LionC4
Wolf A5m is running away from: LionB1
Wolf C1f is running away from: LionB1
Wolf C1m is running away from: LionB1
Wolf C1m ate!
Rabbit A3f is running away from: LionA4
Rabbit A3f is running away from: WolfC1
Rabbit A3 is Hungry
Rabbit A3f ate
Rabbit A3 f is ready to mate
Rabbit C3m is running away from: LionA4
Rabbit C3m is running away from: WolfA5
Rabbit C3 is Hungry
Rabbit C3m ate
Rabbit C3 m is ready to mate
Rabbit C3 m is approaching partner: Rabbit A4f
Rabbit B1m is running away from: LionA4
Rabbit B1m is running away from: WolfA2
Rabbit B1 is Hungry
Rabbit B1m ate
Rabbit B1 m is ready to mate
Rabbit B1 m is approaching partner: Rabbit A3f
Rabbit C3m is running away from: LionA4
Rabbit C3m is running away from: WolfA2
Rabbit C3 is Hungry
Rabbit C3 m is ready to mate
Rabbit C3 m is approaching partner: Rabbit A3f
Rabbit C1m is running away from: LionA3
Rabbit C1m is running away from: WolfB3
Rabbit C1 is Hungry
Rabbit C1m ate
Rabbit C1 m is ready to mate
Rabbit C1 m is approaching partner: Rabbit A3f
Rabbit A0f is running away from: LionA4
Rabbit A0f is running away from: WolfA5
Rabbit A0 is Hungry
Rabbit A0f ate
Rabbit A0 f is ready to mate
Rabbit C1m is running away from: LionA3
Rabbit C1m is running away from: WolfC1
Rabbit C1 is Hungry
Rabbit C1m ate
Rabbit C1 m is ready to mate
Rabbit C1 m is approaching partner: Rabbit A3f
Rabbit A0m is running away from: LionA4
Rabbit A0m is running away from: WolfA5
Rabbit A0 is Hungry
Rabbit A0m ate
Rabbit A0 m is ready to mate
Rabbit A0 m is approaching partner: Rabbit A0f
Rabbit A3f is running away from: LionB1
Rabbit A3f is running away from: WolfC1
Rabbit A3 is Hungry
Rabbit A3f ate
Rabbit A3 f is ready to mate
Rabbit B5m is running away from: LionB1
Rabbit B5m is running away from: WolfC1
Rabbit B5 is Hungry
Rabbit B5m ate
Rabbit B5 m is ready to mate
Rabbit B5 m is approaching partner: Rabbit A4f
Rabbit C1m is running away from: LionA4
Rabbit C1m is running away from: WolfA2
Rabbit C1 is Hungry
Rabbit C1m ate
Rabbit C1 m is ready to mate
Rabbit C1 m is approaching partner: Rabbit A3f
Rabbit B1f is running away from: LionB1
Rabbit B1f is running away from: WolfB3
Rabbit B1 is Hungry
Rabbit B1f ate
Rabbit B1 f is ready to mate
Rabbit C2m is running away from: LionA4
Rabbit C2m is running away from: WolfB5
Rabbit C2 is Hungry
Rabbit C2m ate
Rabbit C2 m is ready to mate
Rabbit C2 m is approaching partner: Rabbit A3f
Rabbit C5 m was born!Father is C2 and Mother is A3
Rabbit B4f is running away from: LionC4
Rabbit B4f is running away from: WolfB3
Rabbit B4 is Hungry
Rabbit B4f ate
Rabbit B4 f is ready to mate
Rabbit B5m is running away from: LionA4
Rabbit B5m is running away from: WolfA2
Rabbit B5 is Hungry
Rabbit B5m ate
Rabbit B5 m is ready to mate
Rabbit B5 m is approaching partner: Rabbit A3f
Rabbit A4f is running away from: LionC4
Rabbit A4f is running away from: WolfA5
Rabbit A4 is Hungry
Rabbit A4f ate
Rabbit A4 f is ready to mate
Rabbit B0m is running away from: LionC4
Rabbit B0m is running away from: WolfB3
Rabbit B0 is Hungry
Rabbit B0m ate
Rabbit B0 m is ready to mate
Rabbit B0 m is approaching partner: Rabbit B4f
Rabbit C5m is running away from: LionA4
Rabbit C5m is running away from: WolfA5
Rabbit C5 is Hungry
Rabbit C5m ate
Rabbit C5 m is ready to mate
Rabbit C5 m is approaching partner: Rabbit A0f
Rabbit A5m is running away from: LionC4
Rabbit A5m is running away from: WolfA5
Rabbit A5 is Hungry
Rabbit A5 m is ready to mate
Rabbit A5 m is approaching partner: Rabbit A4f
Wolf A4f is running away from: LionB1
Wolf B3f is running away from: LionB1
Wolf A2f is running away from: LionA4
Wolf B5f is running away from: LionA3
Wolf B3m is running away from: LionC4
Wolf A5m is running away from: LionA4
Wolf C1f is running away from: LionB1
Wolf C1m is running away from: LionB1
Rabbit A3f is running away from: LionA4
Rabbit A3f is running away from: WolfA2
Rabbit A3 is Hungry
Rabbit A3f ate
Rabbit A3 f is ready to mate
Rabbit C3m is running away from: LionC4
Rabbit C3m is running away from: WolfA5
Rabbit C3 is Hungry
Rabbit C3m ate
Rabbit C3 m is ready to mate
Rabbit C3 m is approaching partner: Rabbit A4f
Rabbit B1m is running away from: LionA4
Rabbit B1m is running away from: WolfA2
Rabbit B1 is Hungry
Rabbit B1m ate
Rabbit B1 m is ready to mate
Rabbit B1 m is approaching partner: Rabbit A3f
Rabbit C3m is running away from: LionA4
Rabbit C3m is running away from: WolfA2
Rabbit C3 is Hungry
Rabbit C3 m is ready to mate
Rabbit C3 m is approaching partner: Rabbit A3f
Rabbit C1m is running away from: LionA3
Rabbit C1m is running away from: WolfB3
Rabbit C1 is Hungry
Rabbit C1m ate
Rabbit C1 m is ready to mate
Rabbit C1 m is approaching partner: Rabbit B1f
Rabbit A0f is running away from: LionB1
Rabbit A0f is running away from: WolfA5
Rabbit A0 is Hungry
Rabbit A0 f is ready to mate
Rabbit C1m is running away from: LionB1
Rabbit C1m is running away from: WolfC1
Rabbit C1 is Hungry
Rabbit C1 m is ready to mate
Rabbit C1 m is approaching partner: Rabbit B1f
Rabbit A0m is running away from: LionA4
Rabbit A0m is running away from: WolfA5
Rabbit A0 is Hungry
Rabbit A0m ate
Rabbit A0 m is ready to mate
Rabbit A0 m is approaching partner: Rabbit A0f
Rabbit A3f is running away from: LionA3
Rabbit A3f is running away from: WolfC1
Rabbit A3 is Hungry
Rabbit B5m is running away from: LionB1
Rabbit B5m is running away from: WolfB3
Rabbit B5 is Hungry
Rabbit B5m ate
Rabbit B5 m is ready to mate
Rabbit B5 m is approaching partner: Rabbit A4f
Rabbit C1m is running away from: LionA4
Rabbit C1m is running away from: WolfA2
Rabbit C1 is Hungry
Rabbit C1m ate
Rabbit C1 m is ready to mate
Rabbit C1 m is approaching partner: Rabbit A3f
Rabbit B1f is running away from: LionB1
Rabbit B1f is running away from: WolfB3
Rabbit B1 is Hungry
Rabbit B1f ate
Rabbit B1 f is ready to mate
Rabbit C2m is running away from: LionA3
Rabbit C2m is running away from: WolfC1
Rabbit C2 is Hungry
Rabbit C2 m is ready to mate
Rabbit C2 m is approaching partner: Rabbit B1f
Rabbit B4f is running away from: LionC4
Rabbit B4f is running away from: WolfB3
Rabbit B4 is Hungry
Rabbit B4f ate
Rabbit B4 f is ready to mate
Rabbit B5m is running away from: LionA4
Rabbit B5m is running away from: WolfA2
Rabbit B5 is Hungry
Rabbit B5 m is ready to mate
Rabbit B5 m is approaching partner: Rabbit A3f
Rabbit A4f is running away from: LionC4
Rabbit A4f is running away from: WolfA5
Rabbit A4 is Hungry
Rabbit A4f ate
Rabbit A4 f is ready to mate
Rabbit B0m is running away from: LionC4
Rabbit B0m is running away from: WolfC1
Rabbit B0 is Hungry
Rabbit B0 m is ready to mate
Rabbit B0 m is approaching partner: Rabbit B4f
Rabbit C5m is running away from: LionB1
Rabbit C5m is running away from: WolfA5
Rabbit C5 is Hungry
Rabbit C5 m is ready to mate
Rabbit C5 m is approaching partner: Rabbit A0f
Rabbit A5m is running away from: LionC4
Rabbit A5m is running away from: WolfA5
Rabbit A5 is Hungry
Rabbit A5 m is ready to mate
Rabbit A5 m is approaching partner: Rabbit A4f
Rabbit C5m is running away from: LionA3
Rabbit C5m is running away from: WolfC1
Rabbit C5 is Hungry
Rabbit C5m ate
Wolf A4f is running away from: LionB1
Wolf B3f is running away from: LionB1
Wolf A2f is running away from: LionA4
Wolf A2f ate!
Wolf B5f is running away from: LionA3
Wolf B3m is running away from: LionC4
Wolf A5m is running away from: LionB1
Wolf C1f is running away from: LionB1
Wolf C1m is running away from: LionB1
Rabbit C3m is running away from: LionC4
Rabbit C3m is running away from: WolfA5
Rabbit C3 is Hungry
Rabbit C3m ate
Rabbit C3 m is ready to mate
Rabbit C3 m is approaching partner: Rabbit A4f
Rabbit B1m is running away from: LionA4
Rabbit B1m is running away from: WolfA2
Rabbit B1 is Hungry
Rabbit B1m ate
Rabbit B1 m is ready to mate
Rabbit B1 m is approaching partner: Rabbit B1f
Rabbit C3m is running away from: LionA4
Rabbit C3m is running away from: WolfA2
Rabbit C3 is Hungry
Rabbit C3m ate
Rabbit C3 m is ready to mate
Rabbit C3 m is approaching partner: Rabbit B1f
Rabbit C1m is running away from: LionB1
Rabbit C1m is running away from: WolfB3
Rabbit C1 is Hungry
Rabbit C1m ate
Rabbit C1 m is ready to mate
Rabbit C1 m is approaching partner: Rabbit B1f
Rabbit A0f is running away from: LionA4
Rabbit A0f is running away from: WolfA5
Rabbit A0 is Hungry
Rabbit A0f ate
Rabbit A0 f is ready to mate
Rabbit C1m is running away from: LionA3
Rabbit C1m is running away from: WolfC1
Rabbit C1 is Hungry
Rabbit C1m ate
Rabbit C1 m is ready to mate
Rabbit C1 m is approaching partner: Rabbit B1f
Rabbit A0m is running away from: LionA4
Rabbit A0m is running away from: WolfA5
Rabbit A0 is Hungry
Rabbit A0m ate
Rabbit A0 m is ready to mate
Rabbit A0 m is approaching partner: Rabbit A0f
Rabbit A3f is running away from: LionA3
Rabbit A3f is running away from: WolfC1
Rabbit A3 is Hungry
Rabbit A3f ate
Rabbit B5m is running away from: LionB1
Rabbit B5m is running away from: WolfB3
Rabbit B5 is Hungry
Rabbit B5m ate
Rabbit B5 m is ready to mate
Rabbit B5 m is approaching partner: Rabbit A4f
Rabbit B4 f was born!Father is B5 and Mother is A4
Rabbit C1m is running away from: LionA4
Rabbit C1m is running away from: WolfA2
Rabbit C1 is Hungry
Rabbit C1m ate
Rabbit C1 m is ready to mate
Rabbit C1 m is approaching partner: Rabbit B1f
Rabbit B1f is running away from: LionB1
Rabbit B1f is running away from: WolfC1
Rabbit B1 is Hungry
Rabbit B1f ate
Rabbit B1 f is ready to mate
Rabbit C2m is running away from: LionA3
Rabbit C2m is running away from: WolfC1
Rabbit C2 is Hungry
Rabbit C2 m is ready to mate
Rabbit C2 m is approaching partner: Rabbit B1f
Rabbit B4f is running away from: LionC4
Rabbit B4f is running away from: WolfC1
Rabbit B4 is Hungry
Rabbit B4f ate
Rabbit B4 f is ready to mate
Rabbit B5m is running away from: LionA4
Rabbit B5m is running away from: WolfA2
Rabbit B5 is Hungry
Rabbit B5m ate
Rabbit B5 m is ready to mate
Rabbit B5 m is approaching partner: Rabbit B1f
Rabbit A4f is running away from: LionB1
Rabbit A4f is running away from: WolfB3
Rabbit A4 is Hungry
Rabbit A4f ate
Rabbit B0m is running away from: LionC4
Rabbit B0m is running away from: WolfC1
Rabbit B0 is Hungry
Rabbit B0 m is ready to mate
Rabbit B0 m is approaching partner: Rabbit B4f
Rabbit C5m is running away from: LionA4
Rabbit C5m is running away from: WolfA5
Rabbit C5 is Hungry
Rabbit C5 m is ready to mate
Rabbit C5 m is approaching partner: Rabbit A0f
Rabbit A5m is running away from: LionB1
Rabbit A5m is running away from: WolfB3
Rabbit A5 is Hungry
Rabbit A5 m is ready to mate
Rabbit A5 m is approaching partner: Rabbit A0f
Rabbit C5m is running away from: LionA3
Rabbit C5m is running away from: WolfC1
Rabbit C5 is Hungry
Wolf A4f is running away from: LionB1
Wolf A4 f is ready to mate
Wolf B3f is running away from: LionB1
Wolf B3 f is ready to mate
Wolf A2f is running away from: LionA4
Wolf A2 f is ready to mate
Wolf B5f is running away from: LionA4
Wolf B5 f is ready to mate
Wolf B3m is running away from: LionC4
Wolf B3 m is ready to mate
Wolf A5m is running away from: LionB1
Wolf A5m ate!
Wolf A5 m is ready to mate
Wolf C1f is running away from: LionA4
Wolf C1 f is ready to mate
Wolf C1m is running away from: LionB1
Wolf C1 m is ready to mate
Rabbit C3m is running away from: LionC4
Rabbit C3m is running away from: WolfA5
Rabbit C3 is Hungry
Rabbit C3 m is ready to mate
Rabbit C3 m is approaching partner: Rabbit A0f
Rabbit B1m is running away from: LionA4
Rabbit B1m is running away from: WolfA2
Rabbit B1 is Hungry
Rabbit B1m ate
Rabbit B1 m is ready to mate
Rabbit B1 m is approaching partner: Rabbit B1f
Rabbit C3m is running away from: LionA4
Rabbit C3m is running away from: WolfA2
Rabbit C3 is Hungry
Rabbit C3m ate
Rabbit C3 m is ready to mate
Rabbit C3 m is approaching partner: Rabbit B1f
Rabbit C1m is running away from: LionB1
Rabbit C1m is running away from: WolfB3
Rabbit C1 is Hungry
Rabbit C1m ate
Rabbit C1 m is ready to mate
Rabbit C1 m is approaching partner: Rabbit B1f
Rabbit A0f is running away from: LionB1
Rabbit A0f is running away from: WolfA5
Rabbit A0 is Hungry
Rabbit A0 f is ready to mate
Rabbit C1m is running away from: LionB1
Rabbit C1m is running away from: WolfB3
Rabbit C1 is Hungry
Rabbit C1 m is ready to mate
Rabbit C1 m is approaching partner: Rabbit B1f
Rabbit A0m is running away from: LionA4
Rabbit A0m is running away from: WolfA5
Rabbit A0 is Hungry
Rabbit A0m ate
Rabbit A0 m is ready to mate
Rabbit A0 m is approaching partner: Rabbit A0f
Rabbit A3f is running away from: LionA3
Rabbit A3f is running away from: WolfB3
Rabbit A3 is Hungry
Rabbit A3 f is ready to mate
Rabbit B5m is running away from: LionC4
Rabbit B5m is running away from: WolfB3
Rabbit B5 is Hungry
Rabbit B5m ate
Rabbit B5 m is ready to mate
Rabbit B5 m is approaching partner: Rabbit A0f
Rabbit C1m is running away from: LionA4
Rabbit C1m is running away from: WolfA2
Rabbit C1 is Hungry
Rabbit C1m ate
Rabbit C1 m is ready to mate
Rabbit C1 m is approaching partner: Rabbit A3f
Rabbit B1f is running away from: LionA3
Rabbit B1f is running away from: WolfB3
Rabbit B1 is Hungry
Rabbit B1 f is ready to mate
Rabbit C2m is running away from: LionA3
Rabbit C2m is running away from: WolfB3
Rabbit C2 is Hungry
Rabbit C2 m is ready to mate
Rabbit C2 m is approaching partner: Rabbit B1f
Rabbit B4f is running away from: LionC4
Rabbit B4f is running away from: WolfC1
Rabbit B4 is Hungry
Rabbit B4 f is ready to mate
Rabbit B5m is running away from: LionA4
Rabbit B5m is running away from: WolfA2
Rabbit B5 is Hungry
Rabbit B5m ate
Rabbit B5 m is ready to mate
Rabbit B5 m is approaching partner: Rabbit B1f
Rabbit B0m is running away from: LionC4
Rabbit B0m is running away from: WolfC1
Rabbit B0 is Hungry
Rabbit B0 m is ready to mate
Rabbit B0 m is approaching partner: Rabbit B4f
Rabbit C5m is running away from: LionB1
Rabbit C5m is running away from: WolfA5
Rabbit C5 is Hungry
Rabbit C5 m is ready to mate
Rabbit C5 m is approaching partner: Rabbit A0f
Rabbit A5m is running away from: LionB1
Rabbit A5m is running away from: WolfA5
Rabbit A5 is Hungry
Rabbit A5 m is ready to mate
Rabbit A5 m is approaching partner: Rabbit A0f
Rabbit C5m is running away from: LionA3
Rabbit C5m is running away from: WolfB3
Rabbit C5 is Hungry
Rabbit C5 m is ready to mate
Rabbit C5 m is approaching partner: Rabbit A3f
Rabbit B4f is running away from: LionC4
Rabbit B4f is running away from: WolfA5
Rabbit B4 is Hungry
Lion B1 is Hungry
LionB1fis chasing: A0f
LionB1f ate: A0f
Lion C4 is Hungry
LionC4fis chasing: A5m
Lion B1 is Hungry
LionB1mis chasing: B3f
Lion A4 is Hungry
LionA4fis chasing: B5f
Lion A3 is Hungry
LionA3mis chasing: C1m
Wolf A4f is running away from: LionB1
Wolf A4 f is ready to mate
Wolf B3f is running away from: LionB1
Wolf B3 f is ready to mate
Wolf A2f is running away from: LionA4
Wolf A2 f is ready to mate
Wolf B5f is running away from: LionA4
Wolf B5 f is ready to mate
Wolf B3m is running away from: LionB1
Wolf B3 m is ready to mate
Wolf A5m is running away from: LionB1
Wolf A5 m is ready to mate
Wolf C1f is running away from: LionB1
Wolf C1 f is ready to mate
Wolf C1m is running away from: LionB1
Wolf C1 m is ready to mate
Rabbit C3m is running away from: LionC4
Rabbit C3m is running away from: WolfA5
Rabbit C3 is Hungry
Rabbit C3m ate
Rabbit C3 m is ready to mate
Rabbit C3 m is approaching partner: Rabbit B1f
Rabbit B1m is running away from: LionA4
Rabbit B1m is running away from: WolfA2
Rabbit B1 is Hungry
Rabbit B1m ate
Rabbit B1 m is ready to mate
Rabbit B1 m is approaching partner: Rabbit B1f
Rabbit C3m is running away from: LionA4
Rabbit C3m is running away from: WolfC1
Rabbit C3 is Hungry
Rabbit C3 m is ready to mate
Rabbit C3 m is approaching partner: Rabbit A3f
Rabbit C1m is running away from: LionA3
Rabbit C1m is running away from: WolfB3
Rabbit C1 is Hungry
Rabbit C1m ate
Rabbit C1 m is ready to mate
Rabbit C1 m is approaching partner: Rabbit B1f
Rabbit C1m is running away from: LionA3
Rabbit C1m is running away from: WolfB3
Rabbit C1 is Hungry
Rabbit C1m ate
Rabbit C1 m is ready to mate
Rabbit C1 m is approaching partner: Rabbit B1f
Rabbit A0m is running away from: LionA4
Rabbit A0m is running away from: WolfA5
Rabbit A0 is Hungry
Rabbit A0m ate
Rabbit A0 m is ready to mate
Rabbit A0 m is approaching partner: Rabbit B1f
Rabbit A3f is running away from: LionA3
Rabbit A3f is running away from: WolfB3
Rabbit A3 is Hungry
Rabbit A3f ate
Rabbit A3 f is ready to mate
Rabbit B5m is running away from: LionB1
Rabbit B5m is running away from: WolfA5
Rabbit B5 is Hungry
Rabbit B5 m is ready to mate
Rabbit B5 m is approaching partner: Rabbit B4f
Rabbit C1m is running away from: LionA4
Rabbit C1m is running away from: WolfA2
Rabbit C1 is Hungry
Rabbit C1m ate
Rabbit C1 m is ready to mate
Rabbit C1 m is approaching partner: Rabbit A3f
Rabbit B1f is running away from: LionA3
Rabbit B1f is running away from: WolfB3
Rabbit B1 is Hungry
Rabbit B1f ate
Rabbit B1 f is ready to mate
Rabbit C2m is running away from: LionA3
Rabbit C2m is running away from: WolfB3
Rabbit C2 is Hungry
Rabbit C2 m is ready to mate
Rabbit C2 m is approaching partner: Rabbit B1f
Rabbit B4f is running away from: LionC4
Rabbit B4f is running away from: WolfC1
Rabbit B4 is Hungry
Rabbit B4 f is ready to mate
Rabbit B5m is running away from: LionA4
Rabbit B5m is running away from: WolfA2
Rabbit B5 is Hungry
Rabbit B5m ate
Rabbit B5 m is ready to mate
Rabbit B5 m is approaching partner: Rabbit B1f
Rabbit B0m is running away from: LionC4
Rabbit B0m is running away from: WolfC1
Rabbit B0 is Hungry
Rabbit B0 m is ready to mate
Rabbit B0 m is approaching partner: Rabbit B4f
Rabbit C5m is running away from: LionB1
Rabbit C5m is running away from: WolfB5
Rabbit C5 is Hungry
Rabbit C5m ate
Rabbit C5 m is ready to mate
Rabbit C5 m is approaching partner: Rabbit B1f
Rabbit A5m is running away from: LionC4
Rabbit A5m is running away from: WolfA5
Rabbit A5 is Hungry
RabbitA5m died of hunger
Rabbit A5 m is ready to mate
Rabbit A5 m is approaching partner: Rabbit B4f
Rabbit C5m is running away from: LionA3
Rabbit C5m is running away from: WolfB3
Rabbit C5 is Hungry
Rabbit C5 m is ready to mate
Rabbit C5 m is approaching partner: Rabbit A3f
Rabbit B4f is running away from: LionB1
Rabbit B4f is running away from: WolfA5
Rabbit B4 is Hungry
Rabbit B4f ate
Lion C4 is Hungry
LionC4fis chasing: B4f
Lion B1 is Hungry
LionB1mis chasing: B3f
Lion A4 is Hungry
LionA4fis chasing: B5f
Lion A3 is Hungry
LionA3mis chasing: C1m
Wolf A4f is running away from: LionB1
Wolf A4 f is ready to mate
Wolf B3f is running away from: LionB1
Wolf B3 f is ready to mate
Wolf A2f is running away from: LionB1
Wolf A2 f is ready to mate
Wolf B5f is running away from: LionA4
Wolf B5 f is ready to mate
Wolf B3m is running away from: LionB1
Wolf B3 m is ready to mate
Wolf A5m is running away from: LionB1
Wolf A5 m is ready to mate
Wolf C1f is running away from: LionB1
Wolf C1 f is ready to mate
Wolf C1m is running away from: LionB1
Wolf C1 m is ready to mate
Rabbit C3m is running away from: LionB1
Rabbit C3m is running away from: WolfA5
Rabbit C3 is Hungry
Rabbit C3m ate
Rabbit C3 m is ready to mate
Rabbit C3 m is approaching partner: Rabbit B1f
Rabbit B1m is running away from: LionA4
Rabbit B1m is running away from: WolfA2
Rabbit B1 is Hungry
Rabbit B1m ate
Rabbit B1 m is ready to mate
Rabbit B1 m is approaching partner: Rabbit B1f
Rabbit C3m is running away from: LionB1
Rabbit C3m is running away from: WolfC1
Rabbit C3 is Hungry
Rabbit C3m ate
Rabbit C3 m is ready to mate
Rabbit C3 m is approaching partner: Rabbit B1f
Rabbit C1m is running away from: LionA3
Rabbit C1m is running away from: WolfB3
Rabbit C1 is Hungry
Rabbit C1 m is ready to mate
Rabbit C1 m is approaching partner: Rabbit A3f
Rabbit C1m is running away from: LionA3
Rabbit C1m is running away from: WolfB3
Rabbit C1 is Hungry
Rabbit C1 m is ready to mate
Rabbit C1 m is approaching partner: Rabbit B1f
Rabbit A0m is running away from: LionB1
Rabbit A0m is running away from: WolfA5
Rabbit A0 is Hungry
Rabbit A0 m is ready to mate
Rabbit A0 m is approaching partner: Rabbit B1f
Rabbit A3f is running away from: LionB1
Rabbit A3f is running away from: WolfB3
Rabbit A3 is Hungry
Rabbit A3f ate
Rabbit A3 f is ready to mate
Rabbit B5m is running away from: LionC4
Rabbit B5m is running away from: WolfB3
Rabbit B5 is Hungry
Rabbit B5 m is ready to mate
Rabbit B5 m is approaching partner: Rabbit B4f
Rabbit C1m is running away from: LionA4
Rabbit C1m is running away from: WolfA2
Rabbit C1 is Hungry
Rabbit C1 m is ready to mate
Rabbit C1 m is approaching partner: Rabbit A3f
Rabbit B1f is running away from: LionA4
Rabbit B1f is running away from: WolfA2
Rabbit B1 is Hungry
Rabbit B1f ate
Rabbit B1 f is ready to mate
Rabbit C2m is running away from: LionA4
Rabbit C2m is running away from: WolfA2
Rabbit C2 is Hungry
RabbitC2m died of hunger
Rabbit C2 m is ready to mate
Rabbit C2 m is approaching partner: Rabbit A3f
Rabbit B4f is running away from: LionC4
Rabbit B4f is running away from: WolfC1
Rabbit B4 is Hungry
Rabbit B4 f is ready to mate
Rabbit B5m is running away from: LionA4
Rabbit B5m is running away from: WolfA2
Rabbit B5 is Hungry
Rabbit B5m ate
Rabbit B5 m is ready to mate
Rabbit B5 m is approaching partner: Rabbit A3f
Rabbit B0m is running away from: LionC4
Rabbit B0m is running away from: WolfC1
Rabbit B0 is Hungry
RabbitB0m died of hunger
Rabbit B0 m is ready to mate
Rabbit B0 m is approaching partner: Rabbit B4f
Rabbit C5m is running away from: LionB1
Rabbit C5m is running away from: WolfB5
Rabbit C5 is Hungry
Rabbit C5m ate
Rabbit C5 m is ready to mate
Rabbit C5 m is approaching partner: Rabbit B1f
Rabbit C5m is running away from: LionB1
Rabbit C5m is running away from: WolfB3
Rabbit C5 is Hungry
Rabbit C5 m is ready to mate
Rabbit C5 m is approaching partner: Rabbit A3f
Rabbit B4f is running away from: LionC4
Rabbit B4f is running away from: WolfB3
Rabbit B4 is Hungry
Rabbit B4f ate
Rabbit B4 f is ready to mate
Lion C4 is Hungry
LionC4fis chasing: B4f
Lion B1 is Hungry
LionB1mis chasing: B3f
Lion A4 is Hungry
LionA4fis chasing: B5f
Lion A3 is Hungry
LionA3mis chasing: C1m
Wolf A4f is running away from: LionB1
Wolf A4 f is ready to mate
Wolf B3f is running away from: LionB1
Wolf B3 f is ready to mate
Wolf A2f is running away from: LionB1
Wolf A2 f is ready to mate
Wolf B5f is running away from: LionA4
Wolf B5 f is ready to mate
Wolf B3m is running away from: LionB1
Wolf B3 m is ready to mate
Wolf A5m is running away from: LionB1
Wolf A5 m is ready to mate
Wolf C1f is running away from: LionB1
Wolf C1 f is ready to mate
Wolf C1m is running away from: LionB1
Wolf C1 m is ready to mate
Rabbit C3m is running away from: LionB1
Rabbit C3m is running away from: WolfA5
Rabbit C3 is Hungry
Rabbit C3m ate
Rabbit C3 m is ready to mate
Rabbit C3 m is approaching partner: Rabbit B4f
Rabbit B1m is running away from: LionB1
Rabbit B1m is running away from: WolfA2
Rabbit B1 is Hungry
Rabbit B1m ate
Rabbit B1 m is ready to mate
Rabbit B1 m is approaching partner: Rabbit B1f
Rabbit B4 f was born!Father is B1 and Mother is B1
Rabbit C3m is running away from: LionB1
Rabbit C3m is running away from: WolfA2
Rabbit C3 is Hungry
Rabbit C3 m is ready to mate
Rabbit C3 m is approaching partner: Rabbit A3f
Rabbit C1m is running away from: LionA3
Rabbit C1m is running away from: WolfB3
Rabbit C1 is Hungry
Rabbit C1 m is ready to mate
Rabbit C1 m is approaching partner: Rabbit A3f
Rabbit C1m is running away from: LionB1
Rabbit C1m is running away from: WolfA2
Rabbit C1 is Hungry
Rabbit C1 m is ready to mate
Rabbit C1 m is approaching partner: Rabbit A3f
Rabbit A0m is running away from: LionA4
Rabbit A0m is running away from: WolfA5
Rabbit A0 is Hungry
Rabbit A0m ate
Rabbit A0 m is ready to mate
Rabbit A0 m is approaching partner: Rabbit A3f
Rabbit A3f is running away from: LionB1
Rabbit A3f is running away from: WolfB3
Rabbit A3 is Hungry
Rabbit A3f ate
Rabbit A3 f is ready to mate
Rabbit B5m is running away from: LionC4
Rabbit B5m is running away from: WolfB3
Rabbit B5 is Hungry
Rabbit B5m ate
Rabbit B5 m is ready to mate
Rabbit B5 m is approaching partner: Rabbit B4f
Rabbit C1m is running away from: LionB1
Rabbit C1m is running away from: WolfA2
Rabbit C1 is Hungry
Rabbit C1 m is ready to mate
Rabbit C1 m is approaching partner: Rabbit A3f
Rabbit B1f is running away from: LionB1
Rabbit B1f is running away from: WolfB3
Rabbit B1 is Hungry
Rabbit B1f ate
Rabbit B4f is running away from: LionB1
Rabbit B4f is running away from: WolfC1
Rabbit B4 is Hungry
Rabbit B4 f is ready to mate
Rabbit B5m is running away from: LionB1
Rabbit B5m is running away from: WolfA2
Rabbit B5 is Hungry
Rabbit B5m ate
Rabbit B5 m is ready to mate
Rabbit B5 m is approaching partner: Rabbit A3f
Rabbit C5m is running away from: LionA4
Rabbit C5m is running away from: WolfB5
Rabbit C5 is Hungry
Rabbit C5m ate
Rabbit C5 m is ready to mate
Rabbit C5 m is approaching partner: Rabbit B4f
Rabbit C5m is running away from: LionB1
Rabbit C5m is running away from: WolfB3
Rabbit C5 is Hungry
RabbitC5m died of hunger
Rabbit C5 m is ready to mate
Rabbit C5 m is approaching partner: Rabbit A3f
Rabbit B4f is running away from: LionC4
Rabbit B4f is running away from: WolfA5
Rabbit B4 is Hungry
Rabbit B4f ate
Rabbit B4 f is ready to mate
Lion C4 is Hungry
LionC4fis chasing: B4f
Lion B1 is Hungry
LionB1mis chasing: B3f
Lion A4 is Hungry
LionA4fis chasing: B5f
Lion A3 is Hungry
LionA3mis chasing: C1m
Wolf A4f is running away from: LionB1
Wolf A4 f is ready to mate
Wolf B3f is running away from: LionB1
Wolf B3 f is ready to mate
Wolf A2f is running away from: LionB1
Wolf A2 f is ready to mate
Wolf B5f is running away from: LionA4
Wolf B5 f is ready to mate
Wolf B3m is running away from: LionB1
Wolf B3 m is ready to mate
Wolf A5m is running away from: LionB1
Wolf A5 m is ready to mate
Wolf C1f is running away from: LionB1
Wolf C1 f is ready to mate
Wolf C1m is running away from: LionB1
Wolf C1 m is ready to mate
Rabbit C3m is running away from: LionB1
Rabbit C3m is running away from: WolfA5
Rabbit C3 is Hungry
Rabbit C3m ate
Rabbit C3 m is ready to mate
Rabbit C3 m is approaching partner: Rabbit B4f
Rabbit B1m is running away from: LionB1
Rabbit B1m is running away from: WolfB3
Rabbit B1 is Hungry
Rabbit B1m ate
Rabbit B1 m is ready to mate
Rabbit B1 m is approaching partner: Rabbit A3f
Rabbit C3m is running away from: LionB1
Rabbit C3m is running away from: WolfA2
Rabbit C3 is Hungry
Rabbit C3 m is ready to mate
Rabbit C3 m is approaching partner: Rabbit A3f
Rabbit C1m is running away from: LionA3
Rabbit C1m is running away from: WolfB3
Rabbit C1 is Hungry
Rabbit C1 m is ready to mate
Rabbit C1 m is approaching partner: Rabbit A3f
Rabbit C1m is running away from: LionB1
Rabbit C1m is running away from: WolfB3
Rabbit C1 is Hungry
Rabbit C1m ate
Rabbit C1 m is ready to mate
Rabbit C1 m is approaching partner: Rabbit A3f
Rabbit A0m is running away from: LionB1
Rabbit A0m is running away from: WolfA2
Rabbit A0 is Hungry
Rabbit A0m ate
Rabbit A0 m is ready to mate
Rabbit A0 m is approaching partner: Rabbit A3f
Rabbit A3f is running away from: LionB1
Rabbit A3f is running away from: WolfA2
Rabbit A3 is Hungry
Rabbit A3f ate
Rabbit A3 f is ready to mate
Rabbit B5m is running away from: LionB1
Rabbit B5m is running away from: WolfB3
Rabbit B5 is Hungry
Rabbit B5m ate
Rabbit B5 m is ready to mate
Rabbit B5 m is approaching partner: Rabbit B4f
Rabbit C1m is running away from: LionB1
Rabbit C1m is running away from: WolfA2
Rabbit C1 is Hungry
Rabbit C1m ate
Rabbit C1 m is ready to mate
Rabbit C1 m is approaching partner: Rabbit A3f
Rabbit B1f is running away from: LionB1
Rabbit B1f is running away from: WolfA2
Rabbit B1 is Hungry
Rabbit B4f is running away from: LionB1
Rabbit B4f is running away from: WolfC1
Rabbit B4 is Hungry
RabbitB4f died of hunger
Rabbit B4 f is ready to mate
Rabbit B5m is running away from: LionB1
Rabbit B5m is running away from: WolfA2
Rabbit B5 is Hungry
Rabbit B5 m is ready to mate
Rabbit B5 m is approaching partner: Rabbit A3f
Rabbit C5m is running away from: LionB1
Rabbit C5m is running away from: WolfA5
Rabbit C5 is Hungry
Rabbit C5m ate
Rabbit C5 m is ready to mate
Rabbit C5 m is approaching partner: Rabbit B4f
Rabbit B4f is running away from: LionC4
Rabbit B4f is running away from: WolfA5
Rabbit B4 is Hungry
Rabbit B4f ate
Rabbit B4 f is ready to mate
Rabbit B4f is running away from: LionB1
Rabbit B4f is running away from: WolfB3
Rabbit B4 is Hungry
Rabbit B4f ate
Lion C4 is Hungry
LionC4fis chasing: B4f
Lion B1 is Hungry
LionB1mis chasing: B3f
Lion A4 is Hungry
LionA4fis chasing: B5f
LionA4f ate: B5f
Lion A3 is Hungry
LionA3mis chasing: C1m
Wolf A4f is running away from: LionB1
Wolf A4 f is ready to mate
Wolf B3f is running away from: LionB1
Wolf B3 f is ready to mate
Wolf A2f is running away from: LionB1
Wolf A2 f is ready to mate
Wolf B3m is running away from: LionB1
Wolf B3 m is ready to mate
Wolf A5m is running away from: LionB1
Wolf A5 m is ready to mate
Wolf C1f is running away from: LionB1
Wolf C1 f is ready to mate
Wolf C1m is running away from: LionB1
Wolf C1 m is ready to mate
Rabbit C3 is Thirsty
Rabbit C3 drank water
Rabbit C3m is running away from: LionB1
Rabbit C3m is running away from: WolfA2
Rabbit C3 is Hungry
Rabbit C3 m is ready to mate
Rabbit C3 m is approaching partner: Rabbit B4f
Rabbit B1 is Thirsty
Rabbit B1 drank water
Rabbit B1m is running away from: LionB1
Rabbit B1m is running away from: WolfA2
Rabbit B1 is Hungry
Rabbit B1m ate
Rabbit B1 m is ready to mate
Rabbit B1 m is approaching partner: Rabbit A3f
Rabbit C3 is Thirsty
Rabbit C3 drank water
Rabbit C3m is running away from: LionB1
Rabbit C3m is running away from: WolfA2
Rabbit C3 is Hungry
Rabbit C3 m is ready to mate
Rabbit C3 m is approaching partner: Rabbit A3f
Rabbit C1 is Thirsty
Rabbit C1 drank water
Rabbit C1m is running away from: LionA3
Rabbit C1m is running away from: WolfB3
Rabbit C1 is Hungry
Rabbit C1 m is ready to mate
Rabbit C1 m is approaching partner: Rabbit A3f
Rabbit C1 is Thirsty
Rabbit C1 drank water
Rabbit C1m is running away from: LionB1
Rabbit C1m is running away from: WolfA2
Rabbit C1 is Hungry
Rabbit C1 m is ready to mate
Rabbit C1 m is approaching partner: Rabbit A3f
Rabbit A0 is Thirsty
Rabbit A0 drank water
Rabbit A0m is running away from: LionA4
Rabbit A0m is running away from: WolfA2
Rabbit A0 is Hungry
Rabbit A0 m is ready to mate
Rabbit A0 m is approaching partner: Rabbit A3f
Rabbit A3 is Thirsty
Rabbit A3 drank water
Rabbit A3f is running away from: LionB1
Rabbit A3f is running away from: WolfA2
Rabbit A3 is Hungry
Rabbit A3 f is ready to mate
Rabbit B5 is Thirsty
Rabbit B5 drank water
Rabbit B5m is running away from: LionB1
Rabbit B5m is running away from: WolfB3
Rabbit B5 is Hungry
Rabbit B5m ate
Rabbit B5 m is ready to mate
Rabbit B5 m is approaching partner: Rabbit B4f
Rabbit C1 is Thirsty
Rabbit C1 drank water
Rabbit C1m is running away from: LionB1
Rabbit C1m is running away from: WolfA2
Rabbit C1 is Hungry
Rabbit C1m ate
Rabbit C1 m is ready to mate
Rabbit C1 m is approaching partner: Rabbit A3f
Rabbit B1 is Thirsty
Rabbit B1 drank water
Rabbit B1f is running away from: LionA4
Rabbit B1f is running away from: WolfB3
Rabbit B1 is Hungry
Rabbit B1f ate
Rabbit B5 is Thirsty
Rabbit B5 drank water
Rabbit B5m is running away from: LionB1
Rabbit B5m is running away from: WolfA2
Rabbit B5 is Hungry
Rabbit B5 m is ready to mate
Rabbit B5 m is approaching partner: Rabbit A3f
Rabbit C5 is Thirsty
Rabbit C5 drank water
Rabbit C5m is running away from: LionB1
Rabbit C5m is running away from: WolfA5
Rabbit C5 is Hungry
Rabbit C5m ate
Rabbit C5 m is ready to mate
Rabbit C5 m is approaching partner: Rabbit B4f
Rabbit B4f is running away from: LionC4
Rabbit B4f is running away from: WolfA5
Rabbit B4 is Hungry
Rabbit B4 f is ready to mate
Rabbit B4f is running away from: LionB1
Rabbit B4f is running away from: WolfB3
Rabbit B4 is Hungry
Rabbit B4 f is ready to mate
Lion B1 is Thirsty
Lion B1 drank water
Lion B1 is Hungry
LionB1fis chasing: C5m
Lion B1 f is ready to mate
Lion C4 is Thirsty
Lion C4 drank water
Lion C4 is Hungry
LionC4fis chasing: B4f
Lion C4 f is ready to mate
Lion B1 is Thirsty
Lion B1 drank water
Lion B1 is Hungry
LionB1mis chasing: B3f
Lion B1 m is ready to mate
Lion A4 is Thirsty
Lion A4 drank water
Lion A4 f is ready to mate
Lion A3 is Thirsty
Lion A3 drank water
Lion A3 is Hungry
LionA3mis chasing: C1m
Lion A3 m is ready to mate
Wolf A4f is running away from: LionB1
Wolf A4 f is ready to mate
Wolf B3f is running away from: LionB1
Wolf B3 f is ready to mate
Wolf A2f is running away from: LionB1
Wolf A2 f is ready to mate
Wolf B3m is running away from: LionB1
Wolf B3 m is ready to mate
Wolf A5m is running away from: LionB1
Wolf A5 m is ready to mate
Wolf C1f is running away from: LionB1
Wolf C1 f is ready to mate
Wolf C1m is running away from: LionB1
Wolf C1 m is ready to mate
Rabbit C3 is Thirsty
Rabbit C3 drank water
Rabbit C3m is running away from: LionB1
Rabbit C3m is running away from: WolfA5
Rabbit C3 is Hungry
Rabbit C3 m is ready to mate
Rabbit C3 m is approaching partner: Rabbit B4f
Rabbit B1 is Thirsty
Rabbit B1 drank water
Rabbit B1m is running away from: LionB1
Rabbit B1m is running away from: WolfB3
Rabbit B1 is Hungry
Rabbit B1m ate
Rabbit B1 m is ready to mate
Rabbit B1 m is approaching partner: Rabbit A3f
Rabbit C3 is Thirsty
Rabbit C3 drank water
Rabbit C3m is running away from: LionB1
Rabbit C3m is running away from: WolfA2
Rabbit C3 is Hungry
Rabbit C3 m is ready to mate
Rabbit C3 m is approaching partner: Rabbit A3f
Rabbit C1 is Thirsty
Rabbit C1 drank water
Rabbit C1m is running away from: LionA3
Rabbit C1m is running away from: WolfB3
Rabbit C1 is Hungry
RabbitC1m died of hunger
Rabbit C1 m is ready to mate
Rabbit C1 m is approaching partner: Rabbit B4f
Rabbit C1 is Thirsty
Rabbit C1 drank water
Rabbit C1m is running away from: LionB1
Rabbit C1m is running away from: WolfB3
Rabbit C1 is Hungry
Rabbit C1m ate
Rabbit C1 m is ready to mate
Rabbit C1 m is approaching partner: Rabbit B4f
Rabbit A0 is Thirsty
Rabbit A0 drank water
Rabbit A0m is running away from: LionA4
Rabbit A0m is running away from: WolfA2
Rabbit A0 is Hungry
Rabbit A0 m is ready to mate
Rabbit A0 m is approaching partner: Rabbit B4f
Rabbit A3 is Thirsty
Rabbit A3 drank water
Rabbit A3f is running away from: LionB1
Rabbit A3f is running away from: WolfB3
Rabbit A3 is Hungry
Rabbit A3 f is ready to mate
Rabbit B5 is Thirsty
Rabbit B5 drank water
Rabbit B5m is running away from: LionC4
Rabbit B5m is running away from: WolfB3
Rabbit B5 is Hungry
Rabbit B5m ate
Rabbit B5 m is ready to mate
Rabbit B5 m is approaching partner: Rabbit B4f
Rabbit C1 is Thirsty
Rabbit C1 drank water
Rabbit C1m is running away from: LionB1
Rabbit C1m is running away from: WolfA2
Rabbit C1 is Hungry
Rabbit C1 m is ready to mate
Rabbit C1 m is approaching partner: Rabbit A3f
Rabbit B1 is Thirsty
Rabbit B1 drank water
Rabbit B1f is running away from: LionA4
Rabbit B1f is running away from: WolfA2
Rabbit B1 is Hungry
Rabbit B1f ate
Rabbit B1 f is ready to mate
Rabbit B5 is Thirsty
Rabbit B5 drank water
Rabbit B5m is running away from: LionB1
Rabbit B5m is running away from: WolfC1
Rabbit B5 is Hungry
Rabbit B5 m is ready to mate
Rabbit B5 m is approaching partner: Rabbit A3f
Rabbit C5 is Thirsty
Rabbit C5 drank water
Rabbit C5m is running away from: LionB1
Rabbit C5m is running away from: WolfA5
Rabbit C5 is Hungry
Rabbit C5m ate
Rabbit C5 m is ready to mate
Rabbit C5 m is approaching partner: Rabbit B4f
Rabbit B4f is running away from: LionC4
Rabbit B4f is running away from: WolfB3
Rabbit B4 is Hungry
Rabbit B4f ate
Rabbit B4 f is ready to mate
Rabbit B4f is running away from: LionB1
Rabbit B4f is running away from: WolfB3
Rabbit B4 is Hungry
Rabbit B4 f is ready to mate
Lion B1 is Thirsty
Lion B1 drank water
Lion B1 is Hungry
LionB1fis chasing: C5m
Lion B1 f is ready to mate
Lion C4 is Thirsty
Lion C4 drank water
Lion C4 is Hungry
LionC4fis chasing: B4f
Lion C4 f is ready to mate
Lion B1 is Thirsty
Lion B1 drank water
Lion B1 is Hungry
LionB1mis chasing: B3f
Lion B1 m is ready to mate
Lion A4 is Thirsty
Lion A4 drank water
Lion A4 f is ready to mate
Lion A3 is Thirsty
Lion A3 drank water
Lion A3 is Hungry
LionA3mis chasing: B3f
Lion A3 m is ready to mate
Wolf A4f is running away from: LionB1
Wolf A4 f is ready to mate
Wolf B3f is running away from: LionB1
Wolf B3 f is ready to mate
Wolf A2f is running away from: LionA3
Wolf A2 f is ready to mate
Wolf B3m is running away from: LionC4
Wolf B3 m is ready to mate
Wolf A5m is running away from: LionB1
Wolf A5 m is ready to mate
Wolf C1f is running away from: LionB1
Wolf C1 f is ready to mate
Wolf C1m is running away from: LionB1
Wolf C1 m is ready to mate
Rabbit C3 is Thirsty
Rabbit C3 drank water
Rabbit C3m is running away from: LionB1
Rabbit C3m is running away from: WolfA2
Rabbit C3 is Hungry
Rabbit C3m ate
Rabbit C3 m is ready to mate
Rabbit C3 m is approaching partner: Rabbit B4f
Rabbit B1 is Thirsty
Rabbit B1 drank water
Rabbit B1m is running away from: LionB1
Rabbit B1m is running away from: WolfB3
Rabbit B1 is Hungry
Rabbit B1m ate
Rabbit B1 m is ready to mate
Rabbit B1 m is approaching partner: Rabbit A3f
Rabbit C3 is Thirsty
Rabbit C3 drank water
Rabbit C3m is running away from: LionB1
Rabbit C3m is running away from: WolfC1
Rabbit C3 is Hungry
RabbitC3m died of hunger
Rabbit C3 m is ready to mate
Rabbit C3 m is approaching partner: Rabbit A3f
Rabbit C1 is Thirsty
Rabbit C1 drank water
Rabbit C1m is running away from: LionA3
Rabbit C1m is running away from: WolfB3
Rabbit C1 is Hungry
Rabbit C1 m is ready to mate
Rabbit C1 m is approaching partner: Rabbit A3f
Rabbit A0 is Thirsty
Rabbit A0 drank water
Rabbit A0m is running away from: LionB1
Rabbit A0m is running away from: WolfA2
Rabbit A0 is Hungry
Rabbit A0 m is ready to mate
Rabbit A0 m is approaching partner: Rabbit B4f
Rabbit A3 is Thirsty
Rabbit A3 drank water
Rabbit A3f is running away from: LionB1
Rabbit A3f is running away from: WolfB3
Rabbit A3 is Hungry
Rabbit A3 f is ready to mate
Rabbit B5m is running away from: LionC4
Rabbit B5m is running away from: WolfC1
Rabbit B5 is Hungry
Rabbit B5m ate
Rabbit B5 m is ready to mate
Rabbit B5 m is approaching partner: Rabbit B4f
Rabbit C1 is Thirsty
Rabbit C1 drank water
Rabbit C1m is running away from: LionB1
Rabbit C1m is running away from: WolfA2
Rabbit C1 is Hungry
Rabbit C1 m is ready to mate
Rabbit C1 m is approaching partner: Rabbit A3f
Rabbit B1 is Thirsty
Rabbit B1 drank water
Rabbit B1f is running away from: LionA3
Rabbit B1f is running away from: WolfA2
Rabbit B1 is Hungry
Rabbit B1f ate
Rabbit B1 f is ready to mate
Rabbit B5 is Thirsty
Rabbit B5 drank water
Rabbit B5m is running away from: LionB1
Rabbit B5m is running away from: WolfA2
Rabbit B5 is Hungry
Rabbit B5 m is ready to mate
Rabbit B5 m is approaching partner: Rabbit A3f
Rabbit C5m is running away from: LionA4
Rabbit C5m is running away from: WolfB3
Rabbit C5 is Hungry
Rabbit C5 m is ready to mate
Rabbit C5 m is approaching partner: Rabbit B4f
Rabbit B4f is running away from: LionC4
Rabbit B4f is running away from: WolfB3
Rabbit B4 is Hungry
Rabbit B4f ate
Rabbit B4 f is ready to mate
Rabbit B4f is running away from: LionA3
Rabbit B4f is running away from: WolfA2
Rabbit B4 is Hungry
Rabbit B4f ate
Rabbit B4 f is ready to mate
Lion B1 is Thirsty
Lion B1 drank water
Lion B1 is Hungry
LionB1fis chasing: C5m
Lion B1 f is ready to mate
Lion C4 is Thirsty
Lion C4 drank water
Lion C4 is Hungry
LionC4fis chasing: B4f
Lion C4 f is ready to mate
Lion B1 is Thirsty
Lion B1 drank water
Lion B1 is Hungry
LionB1mis chasing: B3f
Lion B1 m is ready to mate
Lion A4 is Thirsty
Lion A4 drank water
Lion A4f ate: C5m
Lion A4 f is ready to mate
Lion A3 is Thirsty
Lion A3 drank water
Lion A3 is Hungry
LionA3mis chasing: B3f
Lion A3 m is ready to mate
Wolf A4f is running away from: LionB1
Wolf A4 f is ready to mate
Wolf B3f is running away from: LionA3
Wolf B3 f is ready to mate
Wolf A2f is running away from: LionA3
Wolf A2 f is ready to mate
Wolf B3m is running away from: LionB1
Wolf B3 m is ready to mate
Wolf A5m is running away from: LionB1
Wolf A5 m is ready to mate
Wolf C1f is running away from: LionB1
Wolf C1 f is ready to mate
Wolf C1m is running away from: LionB1
Wolf C1 m is ready to mate
Rabbit C3 is Thirsty
Rabbit C3 drank water
Rabbit C3m is running away from: LionB1
Rabbit C3m is running away from: WolfA2
Rabbit C3 is Hungry
Rabbit C3m ate
Rabbit C3 m is ready to mate
Rabbit C3 m is approaching partner: Rabbit B4f
Rabbit B1 is Thirsty
Rabbit B1 drank water
Rabbit B1m is running away from: LionA3
Rabbit B1m is running away from: WolfB3
Rabbit B1 is Hungry
Rabbit B1m ate
Rabbit B1 m is ready to mate
Rabbit B1 m is approaching partner: Rabbit A3f
Rabbit C1 is Thirsty
Rabbit C1 drank water
Rabbit C1m is running away from: LionB1
Rabbit C1m is running away from: WolfB3
Rabbit C1 is Hungry
Rabbit C1 m is ready to mate
Rabbit C1 m is approaching partner: Rabbit A3f
Rabbit A0 is Thirsty
Rabbit A0 drank water
Rabbit A0m is running away from: LionB1
Rabbit A0m is running away from: WolfA2
Rabbit A0 is Hungry
Rabbit A0 m is ready to mate
Rabbit A0 m is approaching partner: Rabbit B4f
Rabbit A3 is Thirsty
Rabbit A3 drank water
Rabbit A3f is running away from: LionA3
Rabbit A3f is running away from: WolfB3
Rabbit A3 is Hungry
Rabbit A3 f is ready to mate
Rabbit B5m is running away from: LionC4
Rabbit B5m is running away from: WolfA5
Rabbit B5 is Hungry
Rabbit B5m ate
Rabbit B5 m is ready to mate
Rabbit B5 m is approaching partner: Rabbit B4f
Rabbit C1 is Thirsty
Rabbit C1 drank water
Rabbit C1m is running away from: LionA3
Rabbit C1m is running away from: WolfB3
Rabbit C1 is Hungry
Rabbit C1 m is ready to mate
Rabbit C1 m is approaching partner: Rabbit A3f
Rabbit B1 is Thirsty
Rabbit B1 drank water
Rabbit B1f is running away from: LionA3
Rabbit B1f is running away from: WolfA2
Rabbit B1 is Hungry
Rabbit B1f ate
Rabbit B1 f is ready to mate
Rabbit B5 is Thirsty
Rabbit B5 drank water
Rabbit B5m is running away from: LionA3
Rabbit B5m is running away from: WolfB3
Rabbit B5 is Hungry
RabbitB5m died of hunger
Rabbit B5 m is ready to mate
Rabbit B5 m is approaching partner: Rabbit A3f
Rabbit C5m is running away from: LionA4
Rabbit C5m is running away from: WolfA2
Rabbit C5 is Hungry
Rabbit C5 m is ready to mate
Rabbit C5 m is approaching partner: Rabbit B4f
Rabbit B4f is running away from: LionC4
Rabbit B4f is running away from: WolfB3
Rabbit B4 is Hungry
Rabbit B4f ate
Rabbit B4 f is ready to mate
Rabbit B4f is running away from: LionA3
Rabbit B4f is running away from: WolfA2
Rabbit B4 is Hungry
Rabbit B4 f is ready to mate
Lion B1 is Hungry
LionB1fis chasing: C5m
Lion B1 f is ready to mate
Lion C4 is Thirsty
Lion C4 drank water
Lion C4 is Hungry
LionC4fis chasing: B4f
Lion C4 f is ready to mate
Lion B1 is Thirsty
Lion B1 drank water
Lion B1 is Hungry
LionB1mis chasing: B3f
Lion B1 m is ready to mate
Lion A4 is Thirsty
Lion A4 drank water
Wolf C1m ate!
Lion A4 f is ready to mate
Lion A3 is Thirsty
Lion A3 drank water
Lion A3 is Hungry
LionA3mis chasing: B3f
Lion A3 m is ready to mate
Wolf A4f is running away from: LionB1
Wolf A4 f is ready to mate
Wolf B3f is running away from: LionA3
Wolf B3 f is ready to mate
Wolf A2f is running away from: LionA3
Wolf A2 f is ready to mate
Wolf B3m is running away from: LionC4
Wolf B3 m is ready to mate
Wolf A5m is running away from: LionC4
Wolf A5 m is ready to mate
Wolf C1f is running away from: LionB1
Wolf C1 f is ready to mate
Wolf C1m is running away from: LionB1
Wolf C1 m is ready to mate
Rabbit C3 is Thirsty
Rabbit C3 drank water
Rabbit C3m is running away from: LionB1
Rabbit C3m is running away from: WolfB3
Rabbit C3 is Hungry
Rabbit C3m ate
Rabbit C3 m is ready to mate
Rabbit C3 m is approaching partner: Rabbit B1f
Rabbit B1 is Thirsty
Rabbit B1 drank water
Rabbit B1m is running away from: LionA3
Rabbit B1m is running away from: WolfB3
Rabbit B1 is Hungry
Rabbit B1 m is ready to mate
Rabbit B1 m is approaching partner: Rabbit A3f
Rabbit C2 f was born!Father is B1 and Mother is A3
Rabbit C1 is Thirsty
Rabbit C1 drank water
Rabbit C1m is running away from: LionA3
Rabbit C1m is running away from: WolfB3
Rabbit C1 is Hungry
Rabbit C1 m is ready to mate
Rabbit C1 m is approaching partner: Rabbit B4f
Rabbit A0 is Thirsty
Rabbit A0 drank water
Rabbit A0m is running away from: LionB1
Rabbit A0m is running away from: WolfA2
Rabbit A0 is Hungry
RabbitA0m died of hunger
Rabbit A0m ate
Rabbit A0 m is ready to mate
Rabbit A0 m is approaching partner: Rabbit B1f
Rabbit A3 is Thirsty
Rabbit A3 drank water
Rabbit A3f is running away from: LionA3
Rabbit A3f is running away from: WolfB3
Rabbit A3 is Hungry
RabbitA3f died of hunger
Rabbit B5m is running away from: LionC4
Rabbit B5m is running away from: WolfC1
Rabbit B5 is Hungry
Rabbit B5m ate
Rabbit B5 m is ready to mate
Rabbit B5 m is approaching partner: Rabbit B4f
Rabbit C1 is Thirsty
Rabbit C1 drank water
Rabbit C1m is running away from: LionA3
Rabbit C1m is running away from: WolfB3
Rabbit C1 is Hungry
Rabbit C1 m is ready to mate
Rabbit C1 m is approaching partner: Rabbit B4f
Rabbit B1 is Thirsty
Rabbit B1 drank water
Rabbit B1f is running away from: LionA3
Rabbit B1f is running away from: WolfA2
Rabbit B1 is Hungry
Rabbit B1 f is ready to mate
Rabbit B4 is Thirsty
Rabbit B4 drank water
Rabbit B4f is running away from: LionC4
Rabbit B4f is running away from: WolfB3
Rabbit B4 is Hungry
Rabbit B4f ate
Rabbit B4 f is ready to mate
Rabbit B4f is running away from: LionA3
Rabbit B4f is running away from: WolfA2
Rabbit B4 is Hungry
Rabbit B4f ate
Rabbit B4 f is ready to mate
Lion B1 is Hungry
LionB1fis chasing: A5m
Lion B1 f is ready to mate
Lion C4 is Thirsty
Lion C4 drank water
Lion C4 is Hungry
LionC4fis chasing: B4f
Lion C4 f is ready to mate
Lion B1 is Thirsty
Lion B1 drank water
Lion B1 is Hungry
LionB1mis chasing: B3f
Lion B1 m is ready to mate
Lion A4 is Thirsty
Lion A4 drank water
Lion A4 f is ready to mate
Lion A3 is Thirsty
Lion A3 drank water
Lion A3 is Hungry
LionA3mis chasing: B4f
Lion A3 m is ready to mate
Wolf A4f is running away from: LionB1
Wolf A4 is Hungry
Wolf A4f is chasing: C1m
Wolf A4 f is ready to mate
Wolf B3f is running away from: LionB1
Wolf B3 is Hungry
Wolf B3f is chasing: B1m
Wolf B3 f is ready to mate
Wolf A2f is running away from: LionA3
Wolf A2 f is ready to mate
Wolf B3m is running away from: LionB1
Wolf B3 is Hungry
Wolf B3m is chasing: C3m
Wolf B3 m is ready to mate
Wolf A5m is running away from: LionB1
Wolf A5 m is ready to mate
Wolf C1f is running away from: LionB1
Wolf C1 is Hungry
Wolf C1f is chasing: C1m
Wolf C1 f is ready to mate
Wolf C1m is running away from: LionB1
Wolf C1 m is ready to mate
Rabbit C3 is Thirsty
Rabbit C3 drank water
Rabbit C3m is running away from: LionB1
Rabbit C3m is running away from: WolfA2
Rabbit C3 is Hungry
Rabbit C3m ate
Rabbit C3 m is ready to mate
Rabbit C3 m is approaching partner: Rabbit B1f
Rabbit B1 is Thirsty
Rabbit B1 drank water
Rabbit B1m is running away from: LionA3
Rabbit B1m is running away from: WolfB3
Rabbit B1 is Hungry
Rabbit B1m ate
Rabbit B1 m is ready to mate
Rabbit B1 m is approaching partner: Rabbit B4f
Rabbit C1 is Thirsty
Rabbit C1 drank water
Rabbit C1m is running away from: LionA3
Rabbit C1m is running away from: WolfB3
Rabbit C1 is Hungry
Rabbit C1 m is ready to mate
Rabbit C1 m is approaching partner: Rabbit B4f
Rabbit B5m is running away from: LionC4
Rabbit B5m is running away from: WolfC1
Rabbit B5 is Hungry
Rabbit B5m ate
Rabbit B5 m is ready to mate
Rabbit B5 m is approaching partner: Rabbit B4f
Rabbit C1 is Thirsty
Rabbit C1 drank water
Rabbit C1m is running away from: LionA3
Rabbit C1m is running away from: WolfB3
Rabbit C1 is Hungry
RabbitC1m died of hunger
Rabbit C1 m is ready to mate
Rabbit C1 m is approaching partner: Rabbit B4f
Rabbit B1f is running away from: LionA3
Rabbit B1f is running away from: WolfA2
Rabbit B1 is Hungry
Rabbit B1 f is ready to mate
Rabbit B4 is Thirsty
Rabbit B4 drank water
Rabbit B4f is running away from: LionC4
Rabbit B4f is running away from: WolfA5
Rabbit B4 is Hungry
Rabbit B4f ate
Rabbit B4 f is ready to mate
Rabbit B4f is running away from: LionA3
Rabbit B4f is running away from: WolfA2
Rabbit B4 is Hungry
Rabbit B4f ate
Rabbit B4 f is ready to mate
Rabbit C2f is running away from: LionA3
Rabbit C2f is running away from: WolfB3
Rabbit C2 is Hungry
Lion B1 is Hungry
LionB1fis chasing: B3m
Lion B1 f is ready to mate
Lion C4 is Thirsty
Lion C4 drank water
Lion C4 is Hungry
LionC4fis chasing: B4f
Lion C4 f is ready to mate
Lion B1 is Thirsty
Lion B1 drank water
Lion B1 is Hungry
LionB1mis chasing: B3f
Lion B1 m is ready to mate
Lion A4 is Thirsty
Lion A4 drank water
Lion A4 f is ready to mate
Lion A3 is Thirsty
Lion A3 drank water
Lion A3 is Hungry
LionA3mis chasing: B4f
Lion A3 m is ready to mate
Wolf A4f is running away from: LionB1
Wolf A4 is Hungry
Wolf A4f is chasing: B1m
Wolf A4 f is ready to mate
Wolf B3f is running away from: LionB1
Wolf B3 is Hungry
Wolf B3f is chasing: B1m
Wolf B3f ate!
Wolf B3 f is ready to mate
Wolf A2f is running away from: LionA3
Wolf A2 f is ready to mate
Wolf B3m is running away from: LionB1
Wolf B3 is Hungry
Wolf B3m is chasing: C3m
Wolf B3 m is ready to mate
Wolf A5m is running away from: LionB1
Wolf A5 m is ready to mate
Wolf C1f is running away from: LionB1
Wolf C1 is Hungry
Wolf C1f is chasing: C2f
Wolf C1 f is ready to mate
Wolf C1m is running away from: LionB1
Wolf C1 m is ready to mate
Rabbit C3 is Thirsty
Rabbit C3 drank water
Rabbit C3m is running away from: LionA3
Rabbit C3m is running away from: WolfA2
Rabbit C3 is Hungry
Rabbit C3m ate
Rabbit C3 m is ready to mate
Rabbit C3 m is approaching partner: Rabbit B1f
Rabbit C1 is Thirsty
Rabbit C1 drank water
Rabbit C1m is running away from: LionA3
Rabbit C1m is running away from: WolfB3
Rabbit C1 is Hungry
RabbitC1m died of hunger
Rabbit C1 m is ready to mate
Rabbit C1 m is approaching partner: Rabbit B4f
Rabbit B5m is running away from: LionC4
Rabbit B5m is running away from: WolfC1
Rabbit B5 is Hungry
Rabbit B5 m is ready to mate
Rabbit B5 m is approaching partner: Rabbit B4f
Rabbit B1f is running away from: LionA3
Rabbit B1f is running away from: WolfA2
Rabbit B1 is Hungry
Rabbit B1 f is ready to mate
Rabbit B4 is Thirsty
Rabbit B4 drank water
Rabbit B4f is running away from: LionC4
Rabbit B4f is running away from: WolfA5
Rabbit B4 is Hungry
Rabbit B4f ate
Rabbit B4 f is ready to mate
Rabbit B4f is running away from: LionA3
Rabbit B4f is running away from: WolfB3
Rabbit B4 is Hungry
Rabbit B4 f is ready to mate
Rabbit C2f is running away from: LionA3
Rabbit C2f is running away from: WolfB3
Rabbit C2 is Hungry
Lion B1 is Hungry
LionB1fis chasing: B3m
Lion B1 f is ready to mate
Lion C4 is Thirsty
Lion C4 drank water
Lion C4 is Hungry
LionC4fis chasing: B4f
Lion C4 f is ready to mate
Lion B1 is Thirsty
Lion B1 drank water
Lion B1 is Hungry
LionB1mis chasing: B3f
Lion B1 m is ready to mate
Lion A4 is Thirsty
Lion A4 drank water
Lion A4 f is ready to mate
Lion A3 is Thirsty
Lion A3 drank water
Lion A3 is Hungry
LionA3mis chasing: B4f
Lion A3m ate!
Lion A3 m is ready to mate
Wolf A4f is running away from: LionB1
Wolf A4 is Hungry
Wolf A4f is chasing: C2f
Wolf A4 f is ready to mate
Wolf B3f is running away from: LionB1
Wolf B3 f is ready to mate
Wolf A2f is running away from: LionA3
Wolf A2 f is ready to mate
Wolf B3m is running away from: LionB1
Wolf B3 is Hungry
Wolf B3m is chasing: C3m
Wolf B3 m is ready to mate
Wolf A5m is running away from: LionB1
Wolf A5 m is ready to mate
Wolf C1f is running away from: LionB1
Wolf C1 is Hungry
Wolf C1f is chasing: C2f
Wolf C1 f is ready to mate
Wolf C1m is running away from: LionB1
Wolf C1 is Hungry
Wolf C1m is chasing: B5m
Wolf C1 m is ready to mate
Rabbit C3 is Thirsty
Rabbit C3 drank water
Rabbit C3m is running away from: LionB1
Rabbit C3m is running away from: WolfA2
Rabbit C3 is Hungry
Rabbit C3 m is ready to mate
Rabbit C3 m is approaching partner: Rabbit B1f
Rabbit B5m is running away from: LionC4
Rabbit B5m is running away from: WolfC1
Rabbit B5 is Hungry
Rabbit B5m ate
Rabbit B5 m is ready to mate
Rabbit B5 m is approaching partner: Rabbit B4f
Rabbit B1f is running away from: LionA3
Rabbit B1f is running away from: WolfB3
Rabbit B1 is Hungry
Rabbit B1f ate
Rabbit B1 f is ready to mate
Rabbit B4 is Thirsty
Rabbit B4 drank water
Rabbit B4f is running away from: LionC4
Rabbit B4f is running away from: WolfC1
Rabbit B4 is Hungry
Rabbit B4f ate
Rabbit B4 f is ready to mate
Rabbit C2f is running away from: LionA3
Rabbit C2f is running away from: WolfB3
Rabbit C2 is Hungry
Lion B1 is Hungry
LionB1fis chasing: B3m
Lion B1 f is ready to mate
Lion C4 is Thirsty
Lion C4 drank water
Lion C4 is Hungry
LionC4f died of hunger
LionC4fis chasing: B4f
Lion C4 f is ready to mate
Lion B1 is Thirsty
Lion B1 drank water
Lion B1 is Hungry
LionB1m died of hunger
LionB1mis chasing: C2f
Lion B1 m is ready to mate
Lion A4 is Thirsty
Lion A4 drank water
Lion A4 f is ready to mate
Lion A3 is Thirsty
Lion A3 drank water
Lion A3 m is ready to mate
Wolf A4f is running away from: LionA3
Wolf A4 is Hungry
Wolf A4f is chasing: C2f
Wolf A4 f is ready to mate
Wolf B3f is running away from: LionA3
Wolf B3 f is ready to mate
Wolf A2f is running away from: LionA3
Wolf A2 f is ready to mate
Wolf B3m is running away from: LionB1
Wolf B3 is Hungry
Wolf B3m is chasing: C3m
Wolf B3 m is ready to mate
Wolf A5m is running away from: LionB1
Wolf A5 m is ready to mate
Wolf C1f is running away from: LionA3
Wolf C1 is Hungry
Wolf C1f is chasing: C2f
Wolf C1 f is ready to mate
Wolf C1m is running away from: LionB1
Wolf C1 is Hungry
Wolf C1m is chasing: B5m
Wolf C1 m is ready to mate
Rabbit C3 is Thirsty
Rabbit C3 drank water
Rabbit C3m is running away from: LionB1
Rabbit C3m is running away from: WolfB3
Rabbit C3 is Hungry
Rabbit C3 m is ready to mate
Rabbit C3 m is approaching partner: Rabbit B1f
Rabbit B5m is running away from: LionB1
Rabbit B5m is running away from: WolfC1
Rabbit B5 is Hungry
Rabbit B5m ate
Rabbit B5 m is ready to mate
Rabbit B5 m is approaching partner: Rabbit B4f
Rabbit B1f is running away from: LionA3
Rabbit B1f is running away from: WolfA2
Rabbit B1 is Hungry
Rabbit B1f ate
Rabbit B1 f is ready to mate
Rabbit B4 is Thirsty
Rabbit B4 drank water
Rabbit B4f is running away from: LionB1
Rabbit B4f is running away from: WolfC1
Rabbit B4 is Hungry
Rabbit B4 f is ready to mate
Rabbit C2f is running away from: LionA3
Rabbit C2f is running away from: WolfB3
Rabbit C2 is Hungry
Rabbit C2 f is ready to mate
Lion B1 is Hungry
LionB1fis chasing: B3m
Lion B1 f is ready to mate
Lion A4 is Thirsty
Lion A4 drank water
Lion A4 is Hungry
LionA4fis chasing: B3m
Lion A4 f is ready to mate
Lion A3 is Thirsty
Lion A3 drank water
Lion A3 m is ready to mate
Wolf A4f is running away from: LionA3
Wolf A4 is Hungry
Wolf A4f is chasing: C2f
Wolf A4 f is ready to mate
Wolf B3f is running away from: LionA3
Wolf B3 f is ready to mate
Wolf A2f is running away from: LionB1
Wolf A2 is Hungry
Wolf A2f is chasing: C3m
Wolf A2 f is ready to mate
Wolf B3m is running away from: LionB1
Wolf B3 is Hungry
Wolf B3m is chasing: C3m
Wolf B3 m is ready to mate
Wolf A5m is running away from: LionB1
Wolf A5 m is ready to mate
Wolf C1f is running away from: LionA3
Wolf C1 is Hungry
Wolf C1f is chasing: C2f
Wolf C1 f is ready to mate
Wolf C1m is running away from: LionB1
Wolf C1 is Hungry
Wolf C1m is chasing: B5m
Wolf C1 m is ready to mate
Rabbit C3 is Thirsty
Rabbit C3 drank water
Rabbit C3m is running away from: LionB1
Rabbit C3m is running away from: WolfB3
Rabbit C3 is Hungry
Rabbit C3 m is ready to mate
Rabbit C3 m is approaching partner: Rabbit B1f
Rabbit B5m is running away from: LionB1
Rabbit B5m is running away from: WolfC1
Rabbit B5 is Hungry
Rabbit B5 m is ready to mate
Rabbit B5 m is approaching partner: Rabbit B4f
Rabbit B1f is running away from: LionA3
Rabbit B1f is running away from: WolfA2
Rabbit B1 is Hungry
Rabbit B1 f is ready to mate
Rabbit B4 is Thirsty
Rabbit B4 drank water
Rabbit B4f is running away from: LionB1
Rabbit B4f is running away from: WolfC1
Rabbit B4 is Hungry
Rabbit B4 f is ready to mate
Rabbit C2f is running away from: LionA3
Rabbit C2f is running away from: WolfB3
Rabbit C2 is Hungry
RabbitC2f died of hunger
Rabbit C2 f is ready to mate
Lion B1 is Hungry
LionB1fis chasing: B3m
Lion B1 f is ready to mate
Lion A4 is Thirsty
Lion A4 drank water
Lion A4 is Hungry
LionA4fis chasing: C3m
Lion A4 f is ready to mate
Lion A3 is Thirsty
Lion A3 drank water
Lion A3 m is ready to mate
Wolf A4f is running away from: LionA3
Wolf A4 is Hungry
Wolf A4f is chasing: B1f
Wolf A4 is Thirsty
Wolf A4drank water
Wolf A4 f is ready to mate
Wolf B3f is running away from: LionA3
Wolf B3 is Thirsty
Wolf B3drank water
Wolf B3 f is ready to mate
Wolf A2f is running away from: LionB1
Wolf A2 is Hungry
Wolf A2f is chasing: C3m
Wolf A2 is Thirsty
Wolf A2drank water
Wolf A2 f is ready to mate
Wolf B3m is running away from: LionB1
Wolf B3 is Hungry
Wolf B3m is chasing: C3m
Wolf B3 is Thirsty
Wolf B3drank water
Wolf B3 m is ready to mate
Wolf A5m is running away from: LionB1
Wolf A5 is Hungry
Wolf A5m is chasing: B4f
Wolf A5 is Thirsty
Wolf A5drank water
Wolf A5 m is ready to mate
Wolf C1f is running away from: LionA3
Wolf C1 is Hungry
Wolf C1f is chasing: B1f
Wolf C1 is Thirsty
Wolf C1drank water
Wolf C1 f is ready to mate
Wolf C1m is running away from: LionB1
Wolf C1 is Hungry
Wolf C1m is chasing: B4f
Wolf C1 is Thirsty
Wolf C1drank water
Wolf C1 m is ready to mate
Rabbit C3 is Thirsty
Rabbit C3 drank water
Rabbit C3m is running away from: LionA3
Rabbit C3m is running away from: WolfB3
Rabbit C3 is Hungry
Rabbit C3 m is ready to mate
Rabbit C3 m is approaching partner: Rabbit B1f
Rabbit B5m is running away from: LionB1
Rabbit B5m is running away from: WolfC1
Rabbit B5 is Hungry
Rabbit B5 m is ready to mate
Rabbit B5 m is approaching partner: Rabbit B4f
Rabbit B1f is running away from: LionA3
Rabbit B1f is running away from: WolfA2
Rabbit B1 is Hungry
Rabbit B1 f is ready to mate
Rabbit B4 is Thirsty
Rabbit B4 drank water
Rabbit B4f is running away from: LionB1
Rabbit B4f is running away from: WolfC1
Rabbit B4 is Hungry
Rabbit B4 f is ready to mate
Lion B1 is Hungry
LionB1fis chasing: B3m
LionB1f ate: B3m
Lion B1 f is ready to mate
Lion A4 is Hungry
LionA4fis chasing: C3m
Lion A4 f is ready to mate
Lion A3 is Thirsty
Lion A3 drank water
Lion A3 m is ready to mate
Wolf A4f is running away from: LionA3
Wolf A4 is Hungry
Wolf A4f is chasing: B1f
Wolf A4 is Thirsty
Wolf A4drank water
Wolf A4 f is ready to mate
Wolf B3f is running away from: LionA3
Wolf B3 is Thirsty
Wolf B3drank water
Wolf B3 f is ready to mate
Wolf A2f is running away from: LionB1
Wolf A2 is Hungry
Wolf A2f is chasing: C3m
Wolf A2 is Thirsty
Wolf A2drank water
Wolf A2 f is ready to mate
Wolf A5m is running away from: LionB1
Wolf A5 is Hungry
Wolf A5m is chasing: B5m
Wolf A5 is Thirsty
Wolf A5drank water
Wolf A5 m is ready to mate
Wolf C1f is running away from: LionA3
Wolf C1 is Hungry
Wolf C1f is chasing: B1f
Wolf C1 is Thirsty
Wolf C1drank water
Wolf C1 f is ready to mate
Wolf C1m is running away from: LionB1
Wolf C1 is Hungry
Wolf C1m is chasing: B4f
Wolf C1 is Thirsty
Wolf C1drank water
Wolf C1 m is ready to mate
Rabbit C3 is Thirsty
Rabbit C3 drank water
Rabbit C3m is running away from: LionA3
Rabbit C3m is running away from: WolfA2
Rabbit C3 is Hungry
RabbitC3m died of hunger
Rabbit C3 m is ready to mate
Rabbit C3 m is approaching partner: Rabbit B1f
Rabbit B5 is Thirsty
Rabbit B5 drank water
Rabbit B5m is running away from: LionB1
Rabbit B5m is running away from: WolfC1
Rabbit B5 is Hungry
Rabbit B5 m is ready to mate
Rabbit B5 m is approaching partner: Rabbit B4f
Rabbit B1f is running away from: LionA3
Rabbit B1f is running away from: WolfA2
Rabbit B1 is Hungry
Rabbit B1f ate
Rabbit B1 f is ready to mate
Rabbit B4 is Thirsty
Rabbit B4 drank water
Rabbit B4f is running away from: LionB1
Rabbit B4f is running away from: WolfC1
Rabbit B4 is Hungry
Rabbit B4 f is ready to mate
Lion B1 f is ready to mate
Lion A4 is Hungry
LionA4fis chasing: A2f
Lion A4 f is ready to mate
Lion A3 is Thirsty
Lion A3 drank water
Lion A3 is Hungry
LionA3mis chasing: B1f
Lion A3 m is ready to mate
Wolf A4f is running away from: LionA3
Wolf A4 is Hungry
Wolf A4f is chasing: B1f
Wolf A4 is Thirsty
Wolf A4drank water
Wolf A4 f is ready to mate
Wolf B3f is running away from: LionA3
Wolf B3 is Thirsty
Wolf B3drank water
Wolf B3 f is ready to mate
Wolf A2f is running away from: LionB1
Wolf A2 is Hungry
Wolf A2f is chasing: B1f
Wolf A2 f is ready to mate
Wolf A5m is running away from: LionB1
Wolf A5 is Hungry
Wolf A5m is chasing: B5m
Wolf A5 is Thirsty
Wolf A5drank water
Wolf A5 m is ready to mate
Wolf C1f is running away from: LionA3
Wolf C1 is Hungry
Wolf C1f is chasing: B1f
Wolf C1 is Thirsty
Wolf C1drank water
Wolf C1 f is ready to mate
Wolf C1m is running away from: LionB1
Wolf C1 is Hungry
Wolf C1m is chasing: B5m
Wolf C1 m is ready to mate
Rabbit B5 is Thirsty
Rabbit B5 drank water
Rabbit B5m is running away from: LionB1
Rabbit B5m is running away from: WolfC1
Rabbit B5 is Hungry
Rabbit B5 m is ready to mate
Rabbit B5 m is approaching partner: Rabbit B4f
Rabbit C0 f was born!Father is B5 and Mother is B4
Rabbit B1f is running away from: LionA3
Rabbit B1f is running away from: WolfA2
Rabbit B1 is Hungry
Rabbit B1f ate
Rabbit B1 f is ready to mate
Rabbit B4 is Thirsty
Rabbit B4 drank water
Rabbit B4f is running away from: LionB1
Rabbit B4f is running away from: WolfC1
Rabbit B4 is Hungry
RabbitB4f died of hunger
Rabbit B4f ate
Lion B1 is Thirsty
Lion B1 drank water
Lion B1 f is ready to mate
Lion A4 is Hungry
LionA4fis chasing: A2f
Lion A4 f is ready to mate
Lion A3 is Thirsty
Lion A3 drank water
Lion A3 is Hungry
LionA3mis chasing: A2f
Lion A3 m is ready to mate
Wolf A4f is running away from: LionA3
Wolf A4 is Hungry
Wolf A4f is chasing: B1f
Wolf A4 is Thirsty
Wolf A4drank water
Wolf A4 f is ready to mate
Wolf B3f is running away from: LionA3
Wolf B3 is Thirsty
Wolf B3drank water
Wolf B3 f is ready to mate
Wolf A2f is running away from: LionA3
Wolf A2 is Hungry
Wolf A2f is chasing: B1f
Wolf A2 f is ready to mate
Wolf A5m is running away from: LionB1
Wolf A5 is Hungry
Wolf A5m is chasing: C0f
Wolf A5 is Thirsty
Wolf A5drank water
Wolf A5 m is ready to mate
Wolf C1f is running away from: LionA3
Wolf C1 is Hungry
Wolf C1f is chasing: B1f
Wolf C1 is Thirsty
Wolf C1drank water
Wolf C1 f is ready to mate
Wolf C1m is running away from: LionB1
Wolf C1 is Hungry
Wolf C1m is chasing: C0f
Wolf C1m ate!
Wolf C1 m is ready to mate
Rabbit B5 is Thirsty
Rabbit B5 drank water
Rabbit B5m is running away from: LionB1
Rabbit B5m is running away from: WolfC1
Rabbit B5 is Hungry
RabbitB5m died of hunger
Rabbit B5 m is ready to mate
Rabbit B5 m is approaching partner: Rabbit B1f
Rabbit B1f is running away from: LionA3
Rabbit B1f is running away from: WolfA2
Rabbit B1 is Hungry
Rabbit B1f ate
Rabbit B1 f is ready to mate
Lion B1 is Thirsty
Lion B1 drank water
Lion B1 f is ready to mate
Lion A4 is Hungry
LionA4fis chasing: A2f
Lion A4 f is ready to mate
Lion A3 is Thirsty
Lion A3 drank water
Lion A3 is Hungry
LionA3mis chasing: A2f
Lion A3 m is ready to mate
Wolf A4f is running away from: LionA3
Wolf A4 is Hungry
Wolf A4f is chasing: B1f
Wolf A4 is Thirsty
Wolf A4drank water
Wolf A4 f is ready to mate
Wolf B3f is running away from: LionA3
Wolf B3 is Thirsty
Wolf B3drank water
Wolf B3 f is ready to mate
Wolf A2f is running away from: LionA3
Wolf A2 is Hungry
Wolf A2f is chasing: B1f
Wolf A2 f is ready to mate
Wolf A5m is running away from: LionB1
Wolf A5 is Hungry
Wolf A5m is chasing: B1f
Wolf A5 is Thirsty
Wolf A5drank water
Wolf A5 m is ready to mate
Wolf C1f is running away from: LionA3
Wolf C1 is Hungry
Wolf C1f is chasing: B1f
Wolf C1 is Thirsty
Wolf C1drank water
Wolf C1 f is ready to mate
Wolf C1m is running away from: LionB1
Wolf C1 m is ready to mate
Rabbit B1 is Thirsty
Rabbit B1 drank water
Rabbit B1f is running away from: LionA3
Rabbit B1f is running away from: WolfA2
Rabbit B1 is Hungry
Rabbit B1 f is ready to mate
Lion B1 is Thirsty
Lion B1 drank water
Lion B1 f is ready to mate
Lion A4 is Hungry
LionA4fis chasing: A2f
Lion A4 f is ready to mate
Lion A3 is Thirsty
Lion A3 drank water
Lion A3 is Hungry
LionA3mis chasing: A2f
Lion A3 m is ready to mate
Wolf A4f is running away from: LionA3
Wolf A4 is Hungry
Wolf A4f is chasing: B1f
Wolf A4 is Thirsty
Wolf A4drank water
Wolf A4 f is ready to mate
Wolf B3f is running away from: LionA3
Wolf B3 is Thirsty
Wolf B3drank water
Wolf B3 f is ready to mate
Wolf A2f is running away from: LionA3
Wolf A2 is Hungry
Wolf A2f is chasing: B1f
Wolf A2f ate!
Wolf A2 f is ready to mate
Wolf A5m is running away from: LionB1
Wolf A5 is Hungry
Wolf C1f is running away from: LionA3
Wolf C1 is Hungry
Wolf C1m is running away from: LionB1
Wolf C1 m is ready to mate
Lion B1 is Thirsty
Lion B1 drank water
Lion B1 is Hungry
LionB1fis chasing: A5m
Lion B1 f is ready to mate
Lion A4 is Hungry
LionA4fis chasing: A2f
Lion A4 f is ready to mate
Lion A3 is Thirsty
Lion A3 drank water
Lion A3 is Hungry
LionA3mis chasing: A2f
Lion A3 m is ready to mate
Wolf A4f is running away from: LionA3
Wolf A4 is Hungry
Wolf B3f is running away from: LionA3
Wolf B3 is Thirsty
Wolf B3drank water
Wolf B3 f is ready to mate
Wolf A2f is running away from: LionA3
Wolf A2 f is ready to mate
Wolf A5m is running away from: LionB1
Wolf A5 is Hungry
Wolf C1f is running away from: LionA3
Wolf C1 is Hungry
Wolf C1m is running away from: LionB1
Wolf C1 m is ready to mate
Lion B1 is Thirsty
Lion B1 drank water
Lion B1 is Hungry
LionB1fis chasing: A5m
Lion B1 f is ready to mate
Lion A4 is Hungry
LionA4fis chasing: A2f
Lion A4 f is ready to mate
Lion A3 is Hungry
LionA3mis chasing: A2f
Lion A3 m is ready to mate
Wolf A4f is running away from: LionA4
Wolf A4 is Hungry
Wolf B3f is running away from: LionA4
Wolf B3 is Thirsty
Wolf B3drank water
Wolf B3 f is ready to mate
Wolf A2f is running away from: LionA4
Wolf A2 f is ready to mate
Wolf A5m is running away from: LionB1
Wolf A5 is Hungry
Wolf C1f is running away from: LionA4
Wolf C1 is Hungry
Wolf C1m is running away from: LionB1
Wolf C1 m is ready to mate
Lion B1 is Hungry
LionB1fis chasing: A5m
Lion B1 f is ready to mate
Lion A4 is Hungry
LionA4fis chasing: A2f
Lion A4 f is ready to mate
Lion A3 is Hungry
LionA3mis chasing: A2f
Lion A3 m is ready to mate
Wolf A4f is running away from: LionA3
Wolf A4 is Hungry
Wolf B3f is running away from: LionA3
Wolf B3 is Thirsty
Wolf B3drank water
Wolf B3 f is ready to mate
Wolf A2f is running away from: LionA3
Wolf A2 f is ready to mate
Wolf A5m is running away from: LionB1
Wolf A5 is Hungry
Wolf C1f is running away from: LionA3
Wolf C1 is Hungry
Wolf C1m is running away from: LionB1
Wolf C1 m is ready to mate
Lion B1 is Hungry
LionB1fis chasing: A5m
Lion B1 f is ready to mate
Lion A4 is Hungry
LionA4fis chasing: A2f
Lion A4 f is ready to mate
Lion A3 is Hungry
LionA3mis chasing: A2f
Lion A3 m is ready to mate
Wolf A4f is running away from: LionA3
Wolf A4 is Hungry
Wolf B3f is running away from: LionA3
Wolf B3 is Thirsty
Wolf B3drank water
Wolf B3 f is ready to mate
Wolf A2f is running away from: LionA3
Wolf A2 f is ready to mate
Wolf A5m is running away from: LionB1
Wolf A5 is Hungry
Wolf C1f is running away from: LionA3
Wolf C1 is Hungry
Wolf C1m is running away from: LionB1
Wolf C1 m is ready to mate
Lion B1 is Hungry
LionB1fis chasing: A5m
Lion B1 f is ready to mate
Lion A4 is Thirsty
Lion A4 drank water
Lion A4 is Hungry
LionA4fis chasing: A2f
Lion A4 f is ready to mate
Lion A3 is Hungry
LionA3mis chasing: A2f
Lion A3 m is ready to mate
Lion C4 m was born!Father is A3 and Mother is A4
Wolf A4f is running away from: LionA3
Wolf A4 is Hungry
Wolf B3f is running away from: LionA3
Wolf B3 is Thirsty
Wolf B3drank water
Wolf B3 f is ready to mate
Wolf A2f is running away from: LionA3
Wolf A2 f is ready to mate
Wolf A5m is running away from: LionB1
Wolf A5 is Hungry
Wolf C1f is running away from: LionA3
Wolf C1 is Hungry
Wolf C1m is running away from: LionB1
Wolf C1 m is ready to mate
Lion B1 is Hungry
LionB1fis chasing: A5m
Lion B1 f is ready to mate
Lion A4 is Thirsty
Lion A4 drank water
Lion A4 is Hungry
LionA4f died of hunger
LionA4fis chasing: A2f
Lion A3 is Hungry
LionA3mis chasing: A2f
Lion A3 m is ready to mate
Wolf A4f is running away from: LionA3
Wolf A4 is Hungry
Wolf B3f is running away from: LionA3
Wolf B3 is Hungry
Wolf A2f is running away from: LionA3
Wolf A2 f is ready to mate
Wolf A5m is running away from: LionB1
Wolf A5 is Hungry
Wolf C1f is running away from: LionA3
Wolf C1 is Hungry
Wolf C1m is running away from: LionB1
Wolf C1 m is ready to mate
Lion B1 is Hungry
LionB1fis chasing: A5m
Lion B1 f is ready to mate
Lion A3 is Hungry
LionA3mis chasing: A2f
Lion A3 m is ready to mate
Wolf A4f is running away from: LionA3
Wolf A4 is Hungry
Wolf B3f is running away from: LionA3
Wolf B3 is Hungry
Wolf A2f is running away from: LionA3
Wolf A2 f is ready to mate
Wolf A5m is running away from: LionB1
Wolf A5 is Hungry
Wolf C1f is running away from: LionA3
Wolf C1 is Hungry
Wolf C1m is running away from: LionB1
Wolf C1 m is ready to mate
Lion B1 is Hungry
LionB1fis chasing: A5m
Lion B1 f is ready to mate
Lion A3 is Hungry
LionA3mis chasing: A2f
Lion A3 m is ready to mate
Wolf A4f is running away from: LionA3
Wolf A4 is Hungry
Wolf B3f is running away from: LionA3
Wolf B3 is Hungry
Wolf A2f is running away from: LionA3
Wolf A2 f is ready to mate
Wolf A5m is running away from: LionB1
Wolf A5 is Hungry
Wolf C1f is running away from: LionA3
Wolf C1 is Hungry
Wolf C1m is running away from: LionB1
Wolf C1 m is ready to mate
Lion B1 is Hungry
LionB1fis chasing: A5m
Lion B1 f is ready to mate
Lion A3 is Hungry
LionA3m died of hunger
LionA3mis chasing: A2f
Lion A3 m is ready to mate
Wolf A4f is running away from: LionC4
Wolf A4 is Hungry
Wolf B3f is running away from: LionC4
Wolf B3 is Hungry
Wolf A2f is running away from: LionC4
Wolf A2 f is ready to mate
Wolf A5m is running away from: LionB1
Wolf A5 is Hungry
Wolf C1f is running away from: LionC4
Wolf C1 is Hungry
Wolf C1m is running away from: LionB1
Wolf C1 m is ready to mate
Lion B1 is Hungry
LionB1fis chasing: A5m
Lion B1 f is ready to mate
Lion C4 is Hungry
LionC4mis chasing: A2f
Wolf A4f is running away from: LionC4
Wolf A4 is Hungry
Wolf B3f is running away from: LionC4
Wolf B3 is Hungry
Wolf A2f is running away from: LionC4
Wolf A2 f is ready to mate
Wolf A5m is running away from: LionB1
Wolf A5 is Hungry
Wolf C1f is running away from: LionC4
Wolf C1 is Hungry
Wolf C1m is running away from: LionB1
Wolf C1 m is ready to mate
Lion B1 is Hungry
LionB1fis chasing: A5m
Lion B1 f is ready to mate
Lion C4 is Hungry
LionC4mis chasing: A2f
Wolf A4f is running away from: LionC4
Wolf A4 is Hungry
Wolf B3f is running away from: LionC4
Wolf B3 is Hungry
Wolf A2f is running away from: LionC4
Wolf A2 f is ready to mate
Wolf A5m is running away from: LionB1
Wolf A5 is Hungry
Wolf C1f is running away from: LionC4
Wolf C1 is Hungry
Wolf C1m is running away from: LionB1
Wolf C1 m is ready to mate
Lion B1 is Thirsty
Lion B1 drank water
Lion B1 is Hungry
LionB1fis chasing: A5m
Lion B1 f is ready to mate
Lion C4 is Hungry
LionC4mis chasing: A2f
Wolf A4f is running away from: LionC4
Wolf A4 is Hungry
Wolf B3f is running away from: LionC4
Wolf B3 is Hungry
Wolf A2f is running away from: LionC4
Wolf A2 f is ready to mate
Wolf A5m is running away from: LionB1
Wolf A5 is Hungry
Wolf C1f is running away from: LionC4
Wolf C1 is Hungry
Wolf C1m is running away from: LionB1
Wolf C1 m is ready to mate
Lion B1 is Thirsty
Lion B1 drank water
Lion B1 is Hungry
LionB1f died of hunger
LionB1fis chasing: A5m
Lion B1 f is ready to mate
Lion C4 is Hungry
LionC4mis chasing: A2f
Wolf A4f is running away from: LionC4
Wolf A4 is Hungry
Wolf B3f is running away from: LionC4
Wolf B3 is Hungry
Wolf A2f is running away from: LionC4
Wolf A2 f is ready to mate
Wolf A5m is running away from: LionC4
Wolf A5 is Hungry
Wolf C1f is running away from: LionC4
Wolf C1 is Hungry
Wolf C1m is running away from: LionC4
Wolf C1 is Hungry
Lion C4 is Hungry
LionC4mis chasing: A2f
Wolf A4f is running away from: LionC4
Wolf A4 is Hungry
Wolf B3f is running away from: LionC4
Wolf B3 is Hungry
Wolf A2f is running away from: LionC4
Wolf A2 f is ready to mate
Wolf A5m is running away from: LionC4
Wolf A5 is Hungry
Wolf C1f is running away from: LionC4
Wolf C1 is Hungry
Wolf C1m is running away from: LionC4
Wolf C1 is Hungry
Lion C4 is Thirsty
Lion C4 drank water
Lion C4 is Hungry
LionC4mis chasing: A2f
Wolf A4f is running away from: LionC4
Wolf A4 is Hungry
Wolf B3f is running away from: LionC4
Wolf B3 is Hungry
Wolf A2f is running away from: LionC4
Wolf A2 is Hungry
Wolf A5m is running away from: LionC4
Wolf A5 is Hungry
Wolf C1f is running away from: LionC4
Wolf C1 is Hungry
Wolf C1m is running away from: LionC4
Wolf C1 is Hungry
Lion C4 is Thirsty
Lion C4 drank water
Lion C4 is Hungry
LionC4mis chasing: A2f
Wolf A4f is running away from: LionC4
Wolf A4 is Hungry
Wolf B3f is running away from: LionC4
Wolf B3 is Hungry
Wolf A2f is running away from: LionC4
Wolf A2 is Hungry
Wolf A5m is running away from: LionC4
Wolf A5 is Hungry
Wolf C1f is running away from: LionC4
Wolf C1 is Hungry
Wolf C1m is running away from: LionC4
Wolf C1 is Hungry
Lion C4 is Thirsty
Lion C4 drank water
Lion C4 is Hungry
LionC4mis chasing: A2f
Wolf A4f is running away from: LionC4
Wolf A4 is Hungry
Wolf B3f is running away from: LionC4
Wolf B3 is Hungry
Wolf A2f is running away from: LionC4
Wolf A2 is Hungry
Wolf A5m is running away from: LionC4
Wolf A5 is Hungry
Wolf C1f is running away from: LionC4
Wolf C1 is Hungry
Wolf C1m is running away from: LionC4
Wolf C1 is Hungry
Lion C4 is Thirsty
Lion C4 drank water
Lion C4 is Hungry
LionC4mis chasing: A2f
Wolf A4f is running away from: LionC4
Wolf A4 is Hungry
Wolf B3f is running away from: LionC4
Wolf B3 is Hungry
Wolf A2f is running away from: LionC4
Wolf A2 is Hungry
Wolf A5m is running away from: LionC4
Wolf A5 is Hungry
Wolf C1f is running away from: LionC4
Wolf C1 is Hungry
Wolf C1m is running away from: LionC4
Wolf C1 is Hungry
Lion C4 is Thirsty
Lion C4 drank water
Lion C4 is Hungry
LionC4mis chasing: A2f
Wolf A4f is running away from: LionC4
Wolf A4 is Hungry
Wolf B3f is running away from: LionC4
Wolf B3 is Hungry
Wolf A2f is running away from: LionC4
Wolf A2 is Hungry
Wolf A5m is running away from: LionC4
Wolf A5 is Hungry
Wolf C1f is running away from: LionC4
Wolf C1 is Hungry
Wolf C1m is running away from: LionC4
Wolf C1 is Hungry
Lion C4 is Thirsty
Lion C4 drank water
Lion C4 is Hungry
LionC4mis chasing: A2f
Wolf A4f is running away from: LionC4
Wolf A4 is Hungry
Wolf B3f is running away from: LionC4
Wolf B3 is Hungry
Wolf A2f is running away from: LionC4
Wolf A2 is Hungry
Wolf A5m is running away from: LionC4
Wolf A5 is Hungry
Wolf C1f is running away from: LionC4
Wolf C1 is Hungry
Wolf C1m is running away from: LionC4
Wolf C1 is Hungry
Lion C4 is Thirsty
Lion C4 drank water
Lion C4 is Hungry
LionC4mis chasing: A4f
Wolf A4f is running away from: LionC4
Wolf A4 is Hungry
Wolf B3f is running away from: LionC4
Wolf B3 is Hungry
Wolf A2f is running away from: LionC4
Wolf A2 is Hungry
Wolf A5m is running away from: LionC4
Wolf A5 is Hungry
Wolf C1f is running away from: LionC4
Wolf C1 is Hungry
Wolf C1m is running away from: LionC4
Wolf C1 is Hungry
Lion C4 is Thirsty
Lion C4 drank water
Lion C4 is Hungry
LionC4m died of hunger
LionC4mis chasing: A4f
Wolf A4 is Hungry
Wolf B3 is Hungry
Wolf A2 is Hungry
Wolf A5 is Hungry
Wolf C1 is Hungry
Wolf C1 is Hungry
Wolf A4 is Hungry
Wolf B3 is Hungry
Wolf A2 is Hungry
Wolf A5 is Hungry
Wolf C1 is Hungry
Wolf C1 is Hungry
Wolf A4 is Hungry
Wolf B3 is Hungry
Wolf A2 is Hungry
Wolf A5 is Hungry
Wolf C1 is Hungry
Wolf C1 is Hungry
Wolf A4 is Hungry
WolfA4f died of hunger
Wolf B3 is Hungry
Wolf A2 is Hungry
Wolf A5 is Hungry
Wolf C1 is Hungry
WolfC1f died of hunger
Wolf C1 is Hungry
Wolf B3 is Hungry
Wolf A2 is Hungry
Wolf A5 is Hungry
Wolf C1 is Hungry
Wolf B3 is Hungry
Wolf A2 is Hungry
Wolf A5 is Hungry
Wolf C1 is Hungry
Wolf B3 is Hungry
Wolf A2 is Hungry
Wolf A5 is Hungry
Wolf C1 is Hungry
Wolf B3 is Hungry
Wolf A2 is Hungry
Wolf A5 is Hungry
Wolf C1 is Hungry
Wolf B3 is Hungry
Wolf A2 is Hungry
Wolf A5 is Hungry
WolfA5m died of hunger
Wolf C1 is Hungry
Wolf B3 is Hungry
Wolf A2 is Hungry
Wolf C1 is Hungry
Wolf B3 is Hungry
Wolf A2 is Hungry
Wolf C1 is Hungry
Wolf B3 is Hungry
Wolf A2 is Hungry
Wolf C1 is Hungry
Wolf B3 is Hungry
Wolf A2 is Hungry
Wolf C1 is Hungry
Wolf B3f Died of Old Age
Wolf B3 is Hungry
Wolf A2f Died of Old Age
Wolf A2 is Hungry
Wolf C1m Died of Old Age
Wolf C1 is Hungry
