Wolf C5f is running away from: LionB3
Rabbit A4f is running away from: WolfA4
Rabbit A0f is running away from: LionB5
Rabbit B0m is running away from: LionB3
Rabbit B0m is running away from: WolfC5
Wolf C5f is running away from: LionB3
Rabbit A0 is Hungry
Rabbit A0f ate
Rabbit A0 f is ready to mate
Rabbit B2 is Hungry
Rabbit B2f ate
Rabbit B2 f is ready to mate
Rabbit C2 is Hungry
Rabbit C2m ate
Rabbit C2 m is ready to mate
Rabbit C2 m is approaching partner: Rabbit A2f
Rabbit A3 is Hungry
Rabbit A3m ate
Rabbit A3 m is ready to mate
Rabbit A3 m is approaching partner: Rabbit A2f
Rabbit A1 is Hungry
Rabbit A1f ate
Rabbit A1 f is ready to mate
Rabbit B3 is Hungry
Rabbit B3f ate
Rabbit B3 f is ready to mate
Rabbit C4 is Hungry
Rabbit C4f ate
Rabbit C4 f is ready to mate
Rabbit C1 is Hungry
Rabbit C1f ate
Rabbit C1 f is ready to mate
Rabbit A4 is Hungry
Rabbit A4f ate
Rabbit A4 f is ready to mate
Rabbit B4 is Hungry
Rabbit B4m ate
Rabbit B4 m is ready to mate
Rabbit B4 m is approaching partner: Rabbit A4f
Rabbit A0 is Hungry
Rabbit A0f ate
Rabbit A0 f is ready to mate
Rabbit A2 is Hungry
Rabbit A2f ate
Rabbit A2 f is ready to mate
Rabbit B0m is running away from: WolfC5
Rabbit B0 is Hungry
Rabbit B0m ate
Rabbit B0 m is ready to mate
Rabbit B0 m is approaching partner: Rabbit A2f
Rabbit C4 is Hungry
Rabbit C4m ate
Rabbit C4 m is ready to mate
Rabbit C4 m is approaching partner: Rabbit A0f
Rabbit B1 is Hungry
Rabbit B1m ate
Rabbit B1 m is ready to mate
Rabbit B1 m is approaching partner: Rabbit A0f
Wolf C5 f is ready to mate
Wolf B5 m is ready to mate
Wolf A4 f is ready to mate
Wolf C5 f is ready to mate
Rabbit A0 f is ready to mate
Rabbit B2 f is ready to mate
Rabbit C2 m is ready to mate
Rabbit C2 m is approaching partner: Rabbit A2f
Rabbit A3m is running away from: LionC1
Rabbit A3 m is ready to mate
Rabbit A3 m is approaching partner: Rabbit A2f
Rabbit A1 f is ready to mate
Rabbit B3 f is ready to mate
Rabbit C4 f is ready to mate
Rabbit C1 f is ready to mate
Rabbit A4 f is ready to mate
Rabbit B4 m is ready to mate
Rabbit B4 m is approaching partner: Rabbit A4f
Rabbit A0f is running away from: LionB5
Rabbit A0 f is ready to mate
Rabbit A2 f is ready to mate
Rabbit B0 m is ready to mate
Rabbit B0 m is approaching partner: Rabbit A2f
Rabbit C4 m is ready to mate
Rabbit C4 m is approaching partner: Rabbit A0f
Rabbit B1 m is ready to mate
Rabbit B1 m is approaching partner: Rabbit A0f
Wolf C5 f is ready to mate
Wolf B5 m is ready to mate
Wolf A4 f is ready to mate
Wolf C5 f is ready to mate
Rabbit A0 is Hungry
Rabbit A0f ate
Rabbit A0 f is ready to mate
Rabbit B2 is Hungry
Rabbit B2f ate
Rabbit B2 f is ready to mate
Rabbit C2 is Hungry
Rabbit C2m ate
Rabbit C2 m is ready to mate
Rabbit C2 m is approaching partner: Rabbit A2f
Rabbit A3 is Hungry
Rabbit A3m ate
Rabbit A3 m is ready to mate
Rabbit A3 m is approaching partner: Rabbit A2f
Rabbit A1 is Hungry
Rabbit A1f ate
Rabbit A1 f is ready to mate
Rabbit B3 is Hungry
Rabbit B3f ate
Rabbit B3 f is ready to mate
Rabbit C4 is Hungry
Rabbit C4f ate
Rabbit C4 f is ready to mate
Rabbit C1 is Hungry
Rabbit C1f ate
Rabbit C1 f is ready to mate
Rabbit A4 is Hungry
Rabbit A4f ate
Rabbit A4 f is ready to mate
Rabbit B4 is Hungry
Rabbit B4m ate
Rabbit B4 m is ready to mate
Rabbit B4 m is approaching partner: Rabbit A4f
Rabbit A0 is Hungry
Rabbit A0 f is ready to mate
Rabbit A2 is Hungry
Rabbit A2f ate
Rabbit A2 f is ready to mate
Rabbit B0m is running away from: LionB3
Rabbit B0 is Hungry
Rabbit B0m ate
Rabbit B0 m is ready to mate
Rabbit B0 m is approaching partner: Rabbit A2f
Rabbit C4 is Hungry
Rabbit C4m ate
Rabbit C4 m is ready to mate
Rabbit C4 m is approaching partner: Rabbit B2f
Rabbit B1 is Hungry
Rabbit B1m ate
Rabbit B1 m is ready to mate
Rabbit B1 m is approaching partner: Rabbit A0f
Wolf C5f is running away from: LionB3
Wolf C5 f is ready to mate
Wolf B5 m is ready to mate
Wolf A4 f is ready to mate
Wolf C5 f is ready to mate
Rabbit A0 f is ready to mate
Rabbit B2 f is ready to mate
Rabbit C2 m is ready to mate
Rabbit C2 m is approaching partner: Rabbit A2f
Rabbit A2 f was born!Father is C2 and Mother is A2
Rabbit A3 m is ready to mate
Rabbit A3 m is approaching partner: Rabbit A4f
Rabbit A1 f is ready to mate
Rabbit B3 f is ready to mate
Rabbit C4 f is ready to mate
Rabbit C1 f is ready to mate
Rabbit A4 f is ready to mate
Rabbit B4 m is ready to mate
Rabbit B4 m is approaching partner: Rabbit A4f
Rabbit A0 is Hungry
Rabbit A0 f is ready to mate
Rabbit B0 m is ready to mate
Rabbit B0 m is approaching partner: Rabbit A4f
Rabbit C4 m is ready to mate
Rabbit C4 m is approaching partner: Rabbit B2f
Rabbit B1 m is ready to mate
Rabbit B1 m is approaching partner: Rabbit A0f
Wolf C5f is running away from: LionB3
Wolf C5 f is ready to mate
Wolf B5 m is ready to mate
Wolf A4 f is ready to mate
Wolf C5 f is ready to mate
Rabbit A0 is Hungry
Rabbit A0f ate
Rabbit A0 f is ready to mate
Rabbit B2 is Hungry
Rabbit B2f ate
Rabbit B2 f is ready to mate
Rabbit C2 is Hungry
Rabbit C2m ate
Rabbit C2 m is ready to mate
Rabbit C2 m is approaching partner: Rabbit B3f
Rabbit A3m is running away from: LionC1
Rabbit A3 is Hungry
Rabbit A3m ate
Rabbit A3 m is ready to mate
Rabbit A3 m is approaching partner: Rabbit A4f
Rabbit A1 is Hungry
Rabbit A1f ate
Rabbit A1 f is ready to mate
Rabbit B3 is Hungry
Rabbit B3f ate
Rabbit B3 f is ready to mate
Rabbit C4 is Hungry
Rabbit C4f ate
Rabbit C4 f is ready to mate
Rabbit C1 is Hungry
Rabbit C1 f is ready to mate
Rabbit A4 is Hungry
Rabbit A4f ate
Rabbit A4 f is ready to mate
Rabbit B4 is Hungry
Rabbit B4 m is ready to mate
Rabbit B4 m is approaching partner: Rabbit A4f
Rabbit A0f is running away from: LionB5
Rabbit A0 is Hungry
Rabbit A0f ate
Rabbit A0 f is ready to mate
Rabbit A2 is Hungry
Rabbit B0 is Hungry
Rabbit B0m ate
Rabbit B0 m is ready to mate
Rabbit B0 m is approaching partner: Rabbit A4f
Rabbit C4 is Hungry
Rabbit C4m ate
Rabbit C4 m is ready to mate
Rabbit C4 m is approaching partner: Rabbit B2f
Rabbit B1 is Hungry
Rabbit B1m ate
Rabbit B1 m is ready to mate
Rabbit B1 m is approaching partner: Rabbit A0f
Wolf C5 f is ready to mate
Wolf B5 m is ready to mate
Wolf A4 f is ready to mate
Wolf C5 f is ready to mate
Rabbit A0 is Thirsty
Rabbit A0 drank water
Rabbit A0 f is ready to mate
Rabbit B2 is Thirsty
Rabbit B2 drank water
Rabbit B2 f is ready to mate
Rabbit C2 is Thirsty
Rabbit C2 drank water
Rabbit C2 m is ready to mate
Rabbit C2 m is approaching partner: Rabbit B3f
Rabbit A3 is Thirsty
Rabbit A3 drank water
Rabbit A3 m is ready to mate
Rabbit A3 m is approaching partner: Rabbit A4f
Rabbit A1 is Thirsty
Rabbit A1 drank water
Rabbit A1 f is ready to mate
Rabbit B3 is Thirsty
Rabbit B3 drank water
Rabbit B3 f is ready to mate
Rabbit C4 is Thirsty
Rabbit C4 drank water
Rabbit C4 f is ready to mate
Rabbit C1 is Thirsty
Rabbit C1 drank water
Rabbit C1 is Hungry
Rabbit C1 f is ready to mate
Rabbit A4 is Thirsty
Rabbit A4 drank water
Rabbit A4 f is ready to mate
Rabbit B4 is Thirsty
Rabbit B4 drank water
Rabbit B4 is Hungry
Rabbit B4m ate
Rabbit B4 m is ready to mate
Rabbit B4 m is approaching partner: Rabbit A4f
Rabbit A0 is Thirsty
Rabbit A0 drank water
Rabbit A0 f is ready to mate
Rabbit A2 is Thirsty
Rabbit A2 drank water
Rabbit A2 is Hungry
Rabbit B0 is Thirsty
Rabbit B0 drank water
Rabbit B0 m is ready to mate
Rabbit B0 m is approaching partner: Rabbit A4f
Rabbit C4 is Thirsty
Rabbit C4 drank water
Rabbit C4 m is ready to mate
Rabbit C4 m is approaching partner: Rabbit B2f
Rabbit B1 is Thirsty
Rabbit B1 drank water
Rabbit B1 m is ready to mate
Rabbit B1 m is approaching partner: Rabbit A0f
Rabbit A2 is Hungry
Wolf C5 f is ready to mate
Wolf B5 m is ready to mate
Wolf A4 f is ready to mate
Wolf C5 f is ready to mate
Rabbit A0 is Thirsty
Rabbit A0 drank water
Rabbit A0 is Hungry
Rabbit A0f ate
Rabbit A0 f is ready to mate
Rabbit B2 is Thirsty
Rabbit B2 drank water
Rabbit B2 is Hungry
Rabbit B2f ate
Rabbit B2 f is ready to mate
Rabbit C2 is Thirsty
Rabbit C2 drank water
Rabbit C2 is Hungry
Rabbit C2m ate
Rabbit C2 m is ready to mate
Rabbit C2 m is approaching partner: Rabbit B3f
Rabbit A3 is Thirsty
Rabbit A3 drank water
Rabbit A3 is Hungry
Rabbit A3m ate
Rabbit A3 m is ready to mate
Rabbit A3 m is approaching partner: Rabbit A4f
Rabbit A1 is Thirsty
Rabbit A1 drank water
Rabbit A1 is Hungry
Rabbit A1f ate
Rabbit A1 f is ready to mate
Rabbit B3 is Thirsty
Rabbit B3 drank water
Rabbit B3 is Hungry
Rabbit B3f ate
Rabbit B3 f is ready to mate
Rabbit C4 is Thirsty
Rabbit C4 drank water
Rabbit C4 is Hungry
Rabbit C4f ate
Rabbit C4 f is ready to mate
Rabbit C1 is Thirsty
Rabbit C1 drank water
Rabbit C1 is Hungry
Rabbit C1 f is ready to mate
Rabbit A4 is Thirsty
Rabbit A4 drank water
Rabbit A4 is Hungry
Rabbit A4f ate
Rabbit A4 f is ready to mate
Rabbit B4 is Thirsty
Rabbit B4 drank water
Rabbit B4 m is ready to mate
Rabbit B4 m is approaching partner: Rabbit A4f
Rabbit A0 is Thirsty
Rabbit A0 drank water
Rabbit A0f is running away from: LionB5
Rabbit A0 is Hungry
Rabbit A0f ate
Rabbit A0 f is ready to mate
Rabbit A2 is Thirsty
Rabbit A2 drank water
Rabbit A2 is Hungry
Rabbit A2f ate
Rabbit B0 is Thirsty
Rabbit B0 drank water
Rabbit B0 is Hungry
Rabbit B0m ate
Rabbit B0 m is ready to mate
Rabbit B0 m is approaching partner: Rabbit A4f
Rabbit C4 is Thirsty
Rabbit C4 drank water
Rabbit C4 is Hungry
Rabbit C4m ate
Rabbit C4 m is ready to mate
Rabbit C4 m is approaching partner: Rabbit B2f
Rabbit B3 f was born!Father is C4 and Mother is B2
Rabbit B1 is Thirsty
Rabbit B1 drank water
Rabbit B1 is Hungry
Rabbit B1m ate
Rabbit B1 m is ready to mate
Rabbit B1 m is approaching partner: Rabbit A0f
Rabbit A2 is Hungry
Rabbit A2f ate
Wolf C5 f is ready to mate
Wolf B5 m is ready to mate
Wolf A4 f is ready to mate
Wolf C5 f is ready to mate
Rabbit A0 is Thirsty
Rabbit A0 drank water
Rabbit A0 f is ready to mate
Rabbit B2 is Thirsty
Rabbit B2 drank water
Rabbit C2 is Thirsty
Rabbit C2 drank water
Rabbit C2 m is ready to mate
Rabbit C2 m is approaching partner: Rabbit A4f
Rabbit A3 is Thirsty
Rabbit A3 drank water
Rabbit A3 m is ready to mate
Rabbit A3 m is approaching partner: Rabbit A4f
Rabbit B3 m was born!Father is A3 and Mother is A4
Rabbit A1 is Thirsty
Rabbit A1 drank water
Rabbit A1 f is ready to mate
Rabbit B3 is Thirsty
Rabbit B3 drank water
Rabbit B3 f is ready to mate
Rabbit C4 is Thirsty
Rabbit C4 drank water
Rabbit C4 f is ready to mate
Rabbit C1 is Thirsty
Rabbit C1 drank water
Rabbit C1 is Hungry
Rabbit C1f ate
Rabbit C1 f is ready to mate
Rabbit A4 is Thirsty
Rabbit A4 drank water
Rabbit B4 is Thirsty
Rabbit B4 drank water
Rabbit B4 is Hungry
Rabbit B4 m is ready to mate
Rabbit B4 m is approaching partner: Rabbit B3f
Rabbit A0 is Thirsty
Rabbit A0 drank water
Rabbit A0 f is ready to mate
Rabbit A2 is Thirsty
Rabbit A2 drank water
Rabbit B0 is Thirsty
Rabbit B0 drank water
Rabbit B0 m is ready to mate
Rabbit B0 m is approaching partner: Rabbit B3f
Rabbit C4 m is ready to mate
Rabbit C4 m is approaching partner: Rabbit A0f
Rabbit B1 is Thirsty
Rabbit B1 drank water
Rabbit B1 m is ready to mate
Rabbit B1 m is approaching partner: Rabbit A0f
Rabbit A1 f was born!Father is B1 and Mother is A0
Wolf C5 is Hungry
Wolf C5f is chasing: B3f
Wolf C5 is Thirsty
Wolf C5drank water
Wolf C5 f is ready to mate
Wolf B5 is Hungry
Wolf B5m is chasing: B4m
Wolf B5 is Thirsty
Wolf B5drank water
Wolf B5 m is ready to mate
Wolf A4 is Hungry
Wolf A4f is chasing: B3f
Wolf A4 is Thirsty
Wolf A4drank water
Wolf A4 f is ready to mate
Wolf C5 is Hungry
Wolf C5f is chasing: C4m
Wolf C5 is Thirsty
Wolf C5drank water
Wolf C5 f is ready to mate
Rabbit A0 is Thirsty
Rabbit A0 drank water
Rabbit A0 is Hungry
Rabbit A0f ate
Rabbit A0 f is ready to mate
Rabbit B2 is Thirsty
Rabbit B2 drank water
Rabbit B2 is Hungry
Rabbit B2f ate
Rabbit C2 is Thirsty
Rabbit C2 drank water
Rabbit C2 is Hungry
Rabbit C2m ate
Rabbit C2 m is ready to mate
Rabbit C2 m is approaching partner: Rabbit B3f
Rabbit A3 is Thirsty
Rabbit A3 drank water
Rabbit A3 is Hungry
Rabbit A3m ate
Rabbit A3 m is ready to mate
Rabbit A3 m is approaching partner: Rabbit B3f
Rabbit A1 is Thirsty
Rabbit A1 drank water
Rabbit A1 is Hungry
Rabbit A1f ate
Rabbit A1 f is ready to mate
Rabbit B3 is Thirsty
Rabbit B3 drank water
Rabbit B3f is running away from: WolfA4
Rabbit B3 is Hungry
Rabbit B3f ate
Rabbit B3 f is ready to mate
Rabbit C4 is Thirsty
Rabbit C4 drank water
Rabbit C4 is Hungry
Rabbit C4f ate
Rabbit C4 f is ready to mate
Rabbit C1 is Thirsty
Rabbit C1 drank water
Rabbit C1 f is ready to mate
Rabbit A4 is Thirsty
Rabbit A4 drank water
Rabbit A4 is Hungry
Rabbit A4f ate
Rabbit B4 is Thirsty
Rabbit B4 drank water
Rabbit B4 is Hungry
Rabbit B4 m is ready to mate
Rabbit B4 m is approaching partner: Rabbit B3f
Rabbit A0 is Thirsty
Rabbit A0 drank water
Rabbit A0 is Hungry
Rabbit A0f ate
Rabbit A2 is Thirsty
Rabbit A2 drank water
Rabbit A2 is Hungry
Rabbit A2 f is ready to mate
Rabbit B0 is Thirsty
Rabbit B0 drank water
Rabbit B0 is Hungry
Rabbit B0m ate
Rabbit B0 m is ready to mate
Rabbit B0 m is approaching partner: Rabbit A2f
Rabbit C4 is Hungry
Rabbit C4m ate
Rabbit C4 m is ready to mate
Rabbit C4 m is approaching partner: Rabbit A2f
Rabbit B1 is Thirsty
Rabbit B1 drank water
Rabbit B1 is Hungry
Rabbit B1 m is ready to mate
Rabbit B1 m is approaching partner: Rabbit A2f
Rabbit A2 is Hungry
Rabbit A2f ate
Rabbit A2 f is ready to mate
Rabbit B3 is Hungry
Rabbit B3f ate
Lion C1 is Hungry
LionC1fis chasing: A2f
Lion C1 f is ready to mate
Lion B3 is Hungry
LionB3fis chasing: C5f
Lion B3 f is ready to mate
Lion B5 is Hungry
LionB5fis chasing: A1f
LionB5f ate: A1f
Lion B5 f is ready to mate
Lion C0 is Hungry
LionC0mis chasing: A0f
Lion C0 m is ready to mate
Wolf C5 is Hungry
Wolf C5f is chasing: B3f
Wolf C5 is Thirsty
Wolf C5drank water
Wolf C5 f is ready to mate
Wolf B5 is Hungry
Wolf B5m is chasing: B4m
Wolf B5 is Thirsty
Wolf B5drank water
Wolf B5 m is ready to mate
Wolf A4 is Hungry
Wolf A4f is chasing: B3f
Wolf A4f ate!
Wolf A4 is Thirsty
Wolf A4drank water
Wolf A4 f is ready to mate
Wolf C5 is Hungry
Wolf C5f is chasing: C4m
Wolf C5 is Thirsty
Wolf C5drank water
Wolf C5 f is ready to mate
Rabbit A0 is Thirsty
Rabbit A0 drank water
Rabbit A0 f is ready to mate
Rabbit B2 is Thirsty
Rabbit B2 drank water
Rabbit B2f is running away from: WolfC5
Rabbit C2 is Thirsty
Rabbit C2 drank water
Rabbit C2 m is ready to mate
Rabbit C2 m is approaching partner: Rabbit A2f
Rabbit A3 m is ready to mate
Rabbit A3 m is approaching partner: Rabbit A2f
Rabbit A1 is Thirsty
Rabbit A1 drank water
Rabbit A1 f is ready to mate
Rabbit C4 is Thirsty
Rabbit C4 drank water
Rabbit C4 f is ready to mate
Rabbit C1 is Thirsty
Rabbit C1 drank water
Rabbit C1 is Hungry
Rabbit C1f ate
Rabbit C1 f is ready to mate
Rabbit A4 is Thirsty
Rabbit A4 drank water
Rabbit B4 is Thirsty
Rabbit B4 drank water
Rabbit B4 is Hungry
Rabbit B4 m is ready to mate
Rabbit B4 m is approaching partner: Rabbit A2f
Rabbit A0 is Thirsty
Rabbit A0 drank water
Rabbit A2 is Thirsty
Rabbit A2 drank water
Rabbit A2 is Hungry
Rabbit A2f ate
Rabbit A2 f is ready to mate
Rabbit B0 is Thirsty
Rabbit B0 drank water
Rabbit B0 m is ready to mate
Rabbit B0 m is approaching partner: Rabbit A2f
Rabbit C4m is running away from: WolfC5
Rabbit C4 m is ready to mate
Rabbit C4 m is approaching partner: Rabbit A2f
Rabbit B1 is Thirsty
Rabbit B1 drank water
Rabbit B1 is Hungry
Rabbit B1m ate
Rabbit B1 m is ready to mate
Rabbit B1 m is approaching partner: Rabbit A2f
Rabbit A2 f is ready to mate
Rabbit B3 is Hungry
Rabbit B3m ate
Lion C1 is Hungry
LionC1fis chasing: A2f
LionC1f ate: A2f
Lion C1 f is ready to mate
Lion B3 is Hungry
LionB3fis chasing: B5m
Lion B3 f is ready to mate
Lion B5 f is ready to mate
Lion C0 is Hungry
LionC0mis chasing: A0f
Lion C0 m is ready to mate
Wolf C5 is Hungry
Wolf C5f is chasing: B2f
Wolf C5 is Thirsty
Wolf C5drank water
Wolf C5 f is ready to mate
Wolf B5 is Hungry
Wolf B5m is chasing: B4m
Wolf B5 is Thirsty
Wolf B5drank water
Wolf B5 m is ready to mate
Wolf A4 is Thirsty
Wolf A4drank water
Wolf A4 f is ready to mate
Wolf C5 is Hungry
Wolf C5f is chasing: C4m
Wolf C5f ate!
Wolf C5 is Thirsty
Wolf C5drank water
Wolf C5 f is ready to mate
Rabbit A0 is Thirsty
Rabbit A0 drank water
Rabbit A0 is Hungry
Rabbit A0f ate
Rabbit A0 f is ready to mate
Rabbit B2 is Thirsty
Rabbit B2 drank water
Rabbit B2 is Hungry
Rabbit B2f ate
Rabbit C2 is Thirsty
Rabbit C2 drank water
Rabbit C2 is Hungry
Rabbit C2m ate
Rabbit C2 m is ready to mate
Rabbit C2 m is approaching partner: Rabbit A2f
Rabbit A3 is Hungry
Rabbit A3m ate
Rabbit A3 m is ready to mate
Rabbit A3 m is approaching partner: Rabbit A2f
Rabbit A1 is Thirsty
Rabbit A1 drank water
Rabbit A1 is Hungry
Rabbit A1f ate
Rabbit A1 f is ready to mate
Rabbit C4 is Thirsty
Rabbit C4 drank water
Rabbit C4 is Hungry
Rabbit C4f ate
Rabbit C4 f is ready to mate
Rabbit C1 is Thirsty
Rabbit C1 drank water
Rabbit C1 f is ready to mate
Rabbit A4 is Thirsty
Rabbit A4 drank water
Rabbit A4 is Hungry
Rabbit B4 is Thirsty
Rabbit B4 drank water
Rabbit B4 is Hungry
Rabbit B4m ate
Rabbit B4 m is ready to mate
Rabbit B4 m is approaching partner: Rabbit A2f
Rabbit A0 is Thirsty
Rabbit A0 drank water
Rabbit A0 is Hungry
Rabbit B0 is Thirsty
Rabbit B0 drank water
Rabbit B0 is Hungry
Rabbit B0 m is ready to mate
Rabbit B0 m is approaching partner: Rabbit A2f
Rabbit B1 is Thirsty
Rabbit B1 drank water
Rabbit B1 m is ready to mate
Rabbit B1 m is approaching partner: Rabbit A2f
Rabbit A2 is Thirsty
Rabbit A2 drank water
Rabbit A2 is Hungry
Rabbit A2f ate
Rabbit A2 f is ready to mate
Rabbit B3f is running away from: WolfC5
Rabbit B3 is Hungry
Rabbit B3f ate
Lion C1 f is ready to mate
Lion B3 is Hungry
LionB3fis chasing: C5f
Lion B3 f is ready to mate
Lion B5 f is ready to mate
Lion C0 is Hungry
LionC0mis chasing: A0f
Lion C0 m is ready to mate
Wolf C5f is running away from: LionB3
Wolf C5 is Hungry
Wolf C5f is chasing: B2f
Wolf C5f ate!
Wolf C5 is Thirsty
Wolf C5drank water
Wolf C5 f is ready to mate
Wolf B5 is Hungry
Wolf B5m is chasing: B4m
Wolf B5 is Thirsty
Wolf B5drank water
Wolf B5 m is ready to mate
Wolf A4 is Thirsty
Wolf A4drank water
Wolf A4 f is ready to mate
Wolf C5 is Thirsty
Wolf C5drank water
Wolf C5 f is ready to mate
Rabbit A0 is Thirsty
Rabbit A0 drank water
Rabbit A0 f is ready to mate
Rabbit C2 is Thirsty
Rabbit C2 drank water
Rabbit C2 m is ready to mate
Rabbit C2 m is approaching partner: Rabbit A2f
Rabbit A3 m is ready to mate
Rabbit A3 m is approaching partner: Rabbit A0f
Rabbit A1 is Thirsty
Rabbit A1 drank water
Rabbit A1 f is ready to mate
Rabbit C4 is Thirsty
Rabbit C4 drank water
Rabbit C4 f is ready to mate
Rabbit C1 is Thirsty
Rabbit C1 drank water
Rabbit C1 is Hungry
Rabbit C1f ate
Rabbit C1 f is ready to mate
Rabbit A4 is Thirsty
Rabbit A4 drank water
Rabbit A4 is Hungry
Rabbit B4 is Thirsty
Rabbit B4 drank water
Rabbit B4 m is ready to mate
Rabbit B4 m is approaching partner: Rabbit A2f
Rabbit A0 is Thirsty
Rabbit A0 drank water
Rabbit A0 is Hungry
Rabbit B0 is Thirsty
Rabbit B0 drank water
Rabbit B0 is Hungry
Rabbit B0 m is ready to mate
Rabbit B0 m is approaching partner: Rabbit A2f
Rabbit B1 is Thirsty
Rabbit B1 drank water
Rabbit B1 is Hungry
Rabbit B1 m is ready to mate
Rabbit B1 m is approaching partner: Rabbit A2f
Rabbit A2 is Thirsty
Rabbit A2 drank water
Rabbit A2 f is ready to mate
Rabbit B3f is running away from: WolfC5
Rabbit B3 f is ready to mate
Rabbit B3 is Hungry
Rabbit B3m ate
Lion C1 f is ready to mate
Lion B3 is Hungry
LionB3fis chasing: B5m
LionB3f ate: B5m
Lion B3 f is ready to mate
Lion B5 f is ready to mate
Lion C0 is Hungry
LionC0mis chasing: A0f
Lion C0 m is ready to mate
Wolf C5 is Thirsty
Wolf C5drank water
Wolf C5 f is ready to mate
Wolf A4 is Thirsty
Wolf A4drank water
Wolf A4 f is ready to mate
Wolf C5 f is ready to mate
Rabbit A0 is Thirsty
Rabbit A0 drank water
Rabbit A0 is Hungry
Rabbit A0f ate
Rabbit A0 f is ready to mate
Rabbit C2 is Thirsty
Rabbit C2 drank water
Rabbit C2 is Hungry
Rabbit C2m ate
Rabbit C2 m is ready to mate
Rabbit C2 m is approaching partner: Rabbit C4f
Rabbit A3 is Hungry
Rabbit A3m ate
Rabbit A3 m is ready to mate
Rabbit A3 m is approaching partner: Rabbit A2f
Rabbit A1 is Thirsty
Rabbit A1 drank water
Rabbit A1 is Hungry
Rabbit A1f ate
Rabbit A1 f is ready to mate
Rabbit C4 is Hungry
Rabbit C4f ate
Rabbit C4 f is ready to mate
Rabbit C1 is Thirsty
Rabbit C1 drank water
Rabbit C1 f is ready to mate
Rabbit A4 is Thirsty
Rabbit A4 drank water
Rabbit A4 is Hungry
Rabbit A4 f is ready to mate
Rabbit B4 is Hungry
Rabbit B4m ate
Rabbit B4 m is ready to mate
Rabbit B4 m is approaching partner: Rabbit A2f
Rabbit A0 is Thirsty
Rabbit A0 drank water
Rabbit A0 is Hungry
Rabbit A0 f is ready to mate
Rabbit B0 is Thirsty
Rabbit B0 drank water
Rabbit B0 is Hungry
Rabbit B0 m is ready to mate
Rabbit B0 m is approaching partner: Rabbit A4f
Rabbit B1 is Thirsty
Rabbit B1 drank water
Rabbit B1 is Hungry
Rabbit B1m ate
Rabbit B1 m is ready to mate
Rabbit B1 m is approaching partner: Rabbit A0f
Rabbit A2 is Thirsty
Rabbit A2 drank water
Rabbit A2f is running away from: LionC1
Rabbit A2 is Hungry
Rabbit A2 f is ready to mate
Rabbit B3 is Hungry
Rabbit B3 f is ready to mate
Rabbit B3 m is ready to mate
Rabbit B3 m is approaching partner: Rabbit A4f
Lion C1 f is ready to mate
Lion B3 f is ready to mate
Lion B5 f is ready to mate
Lion C0 is Hungry
LionC0mis chasing: A0f
Lion C0 m is ready to mate
Lion C0 m was born!Father is C0 and Mother is B5
Wolf C5 is Thirsty
Wolf C5drank water
Wolf C5 f is ready to mate
Wolf A4 is Thirsty
Wolf A4drank water
Wolf A4 f is ready to mate
Wolf C5 f is ready to mate
Rabbit A0 is Thirsty
Rabbit A0 drank water
Rabbit A0 f is ready to mate
Rabbit C2 m is ready to mate
Rabbit C2 m is approaching partner: Rabbit C4f
Rabbit A3 m is ready to mate
Rabbit A3 m is approaching partner: Rabbit A4f
Rabbit A1 is Thirsty
Rabbit A1 drank water
Rabbit A1 f is ready to mate
Rabbit C4 f is ready to mate
Rabbit C1 is Hungry
Rabbit C1 f is ready to mate
Rabbit A4 is Thirsty
Rabbit A4 drank water
Rabbit A4 is Hungry
Rabbit A4 f is ready to mate
Rabbit B4 m is ready to mate
Rabbit B4 m is approaching partner: Rabbit A2f
Rabbit A0 is Thirsty
Rabbit A0 drank water
Rabbit A0 is Hungry
Rabbit A0 f is ready to mate
Rabbit B0 is Thirsty
Rabbit B0 drank water
Rabbit B0 is Hungry
Rabbit B0m ate
Rabbit B0 m is ready to mate
Rabbit B0 m is approaching partner: Rabbit A4f
Rabbit B1 is Thirsty
Rabbit B1 drank water
Rabbit B1 m is ready to mate
Rabbit B1 m is approaching partner: Rabbit A0f
Rabbit A2 is Thirsty
Rabbit A2 drank water
Rabbit A2 is Hungry
Rabbit A2 f is ready to mate
Rabbit B3 is Thirsty
Rabbit B3 drank water
Rabbit B3 is Hungry
Rabbit B3f ate
Rabbit B3 f is ready to mate
Rabbit B3 is Hungry
Rabbit B3 m is ready to mate
Rabbit B3 m is approaching partner: Rabbit A4f
Lion C1 f is ready to mate
Lion B3 f is ready to mate
Lion C0 is Hungry
LionC0mis chasing: A0f
Lion C0 m is ready to mate
Wolf C5 f is ready to mate
Wolf A4 is Thirsty
Wolf A4drank water
Wolf A4 f is ready to mate
Wolf C5 f is ready to mate
Rabbit A0 is Thirsty
Rabbit A0 drank water
Rabbit A0 is Hungry
Rabbit A0 f is ready to mate
Rabbit C2 is Hungry
Rabbit C2m ate
Rabbit C2 m is ready to mate
Rabbit C2 m is approaching partner: Rabbit C4f
Rabbit A3 is Hungry
Rabbit A3m ate
Rabbit A3 m is ready to mate
Rabbit A3 m is approaching partner: Rabbit A4f
Rabbit A1 is Thirsty
Rabbit A1 drank water
Rabbit A1 is Hungry
Rabbit A1f ate
Rabbit A1 f is ready to mate
Rabbit C4 is Hungry
Rabbit C4f ate
Rabbit C4 f is ready to mate
Rabbit C1 is Hungry
Rabbit C1 f is ready to mate
Rabbit A4 is Thirsty
Rabbit A4 drank water
Rabbit A4 is Hungry
Rabbit A4 f is ready to mate
Rabbit B4 is Hungry
Rabbit B4m ate
Rabbit B4 m is ready to mate
Rabbit B4 m is approaching partner: Rabbit A2f
Rabbit A0 is Thirsty
Rabbit A0 drank water
Rabbit A0f is running away from: LionC0
Rabbit A0 is Hungry
Rabbit A0 f is ready to mate
Rabbit B0 m is ready to mate
Rabbit B0 m is approaching partner: Rabbit A4f
Rabbit B1 is Thirsty
Rabbit B1 drank water
Rabbit B1 is Hungry
Rabbit B1m ate
Rabbit B1 m is ready to mate
Rabbit B1 m is approaching partner: Rabbit A0f
Rabbit A2 is Thirsty
Rabbit A2 drank water
Rabbit A2 is Hungry
Rabbit A2 f is ready to mate
Rabbit B3 is Thirsty
Rabbit B3 drank water
Rabbit B3f is running away from: WolfC5
Rabbit B3 f is ready to mate
Rabbit B3 is Thirsty
Rabbit B3 drank water
Rabbit B3 is Hungry
Rabbit B3m ate
Rabbit B3 m is ready to mate
Rabbit B3 m is approaching partner: Rabbit A4f
Rabbit C2 f was born!Father is B3 and Mother is A4
Lion C1 f is ready to mate
Lion B3 f is ready to mate
Lion C0 is Hungry
LionC0mis chasing: A0f
LionC0m ate: A0f
Lion C0 m is ready to mate
Wolf C5 f is ready to mate
Wolf A4 is Thirsty
Wolf A4drank water
Wolf A4 f is ready to mate
Wolf C5 f is ready to mate
Rabbit A0 is Thirsty
Rabbit A0 drank water
Rabbit A0 is Hungry
Rabbit A0f ate
Rabbit A0 f is ready to mate
Rabbit C2 m is ready to mate
Rabbit C2 m is approaching partner: Rabbit C1f
Rabbit A3 is Thirsty
Rabbit A3 drank water
Rabbit A3 m is ready to mate
Rabbit A3 m is approaching partner: Rabbit A2f
Rabbit A1 is Thirsty
Rabbit A1 drank water
Rabbit A1 f is ready to mate
Rabbit C4 f is ready to mate
Rabbit C1 is Hungry
Rabbit C1f ate
Rabbit C1 f is ready to mate
Rabbit A4 is Thirsty
Rabbit A4 drank water
Rabbit A4 is Hungry
Rabbit A4f ate
Rabbit B4 m is ready to mate
Rabbit B4 m is approaching partner: Rabbit A2f
Rabbit B0 is Hungry
Rabbit B0 m is ready to mate
Rabbit B0 m is approaching partner: Rabbit A2f
Rabbit B1 is Thirsty
Rabbit B1 drank water
Rabbit B1 m is ready to mate
Rabbit B1 m is approaching partner: Rabbit B3f
Rabbit A2 is Thirsty
Rabbit A2 drank water
Rabbit A2 is Hungry
Rabbit A2f ate
Rabbit A2 f is ready to mate
Rabbit B3 is Thirsty
Rabbit B3 drank water
Rabbit B3 is Hungry
Rabbit B3f ate
Rabbit B3 f is ready to mate
Rabbit B3 is Thirsty
Rabbit B3 drank water
Rabbit B3 m is ready to mate
Rabbit B3 m is approaching partner: Rabbit A2f
Lion C1 f is ready to mate
Lion B3 f is ready to mate
Lion C0 m is ready to mate
Wolf C5 f is ready to mate
Wolf A4 is Thirsty
Wolf A4drank water
Wolf A4 f is ready to mate
Wolf C5 f is ready to mate
Rabbit A0 is Thirsty
Rabbit A0 drank water
Rabbit A0 f is ready to mate
Rabbit C2 is Hungry
Rabbit C2m ate
Rabbit C2 m is ready to mate
Rabbit C2 m is approaching partner: Rabbit C1f
Rabbit C3 f was born!Father is C2 and Mother is C1
Rabbit A3 is Hungry
Rabbit A3m ate
Rabbit A3 m is ready to mate
Rabbit A3 m is approaching partner: Rabbit A2f
Rabbit A1 is Thirsty
Rabbit A1 drank water
Rabbit A1 is Hungry
Rabbit A1f ate
Rabbit A1 f is ready to mate
Rabbit C4 is Hungry
Rabbit C4f ate
Rabbit C4 f is ready to mate
Rabbit A4 is Thirsty
Rabbit A4 drank water
Rabbit B4 is Hungry
Rabbit B4m ate
Rabbit B4 m is ready to mate
Rabbit B4 m is approaching partner: Rabbit A2f
Rabbit B0 is Hungry
Rabbit B0 m is ready to mate
Rabbit B0 m is approaching partner: Rabbit A2f
Rabbit B1 is Thirsty
Rabbit B1 drank water
Rabbit B1 is Hungry
Rabbit B1m ate
Rabbit B1 m is ready to mate
Rabbit B1 m is approaching partner: Rabbit B3f
Rabbit A2 is Thirsty
Rabbit A2 drank water
Rabbit A2 f is ready to mate
Rabbit B3 is Thirsty
Rabbit B3 drank water
Rabbit B3 f is ready to mate
Rabbit B3 is Thirsty
Rabbit B3 drank water
Rabbit B3 is Hungry
Rabbit B3 m is ready to mate
Rabbit B3 m is approaching partner: Rabbit A2f
Rabbit C2 is Hungry
Lion C1 f is ready to mate
Lion B3 f is ready to mate
Lion C0 m is ready to mate
Wolf C5 f is ready to mate
Wolf A4 is Thirsty
Wolf A4drank water
Wolf A4 f is ready to mate
Wolf C5 f is ready to mate
Rabbit A0 is Thirsty
Rabbit A0 drank water
Rabbit A0 is Hungry
Rabbit A0 f is ready to mate
Rabbit C2 m is ready to mate
Rabbit C2 m is approaching partner: Rabbit C4f
Rabbit A3 m is ready to mate
Rabbit A3 m is approaching partner: Rabbit A2f
Rabbit C2 m was born!Father is A3 and Mother is A2
Rabbit A1 is Thirsty
Rabbit A1 drank water
Rabbit A1 f is ready to mate
Rabbit C4 f is ready to mate
Rabbit C1 is Hungry
Rabbit A4 is Thirsty
Rabbit A4 drank water
Rabbit A4 is Hungry
Rabbit B4 m is ready to mate
Rabbit B4 m is approaching partner: Rabbit B3f
Rabbit B0 is Hungry
Rabbit B0m ate
Rabbit B0 m is ready to mate
Rabbit B0 m is approaching partner: Rabbit A0f
Rabbit B1 is Thirsty
Rabbit B1 drank water
Rabbit B1 m is ready to mate
Rabbit B1 m is approaching partner: Rabbit B3f
Rabbit A2 is Thirsty
Rabbit A2 drank water
Rabbit A2 is Hungry
Rabbit B3 is Thirsty
Rabbit B3 drank water
Rabbit B3 is Hungry
Rabbit B3f ate
Rabbit B3 f is ready to mate
Rabbit B3 is Thirsty
Rabbit B3 drank water
Rabbit B3 is Hungry
Rabbit B3 m is ready to mate
Rabbit B3 m is approaching partner: Rabbit A0f
Rabbit C2 is Hungry
Lion C1 f is ready to mate
Lion B3 f is ready to mate
Lion C0 m is ready to mate
Wolf C5 f is ready to mate
Wolf A4 is Thirsty
Wolf A4drank water
Wolf A4 f is ready to mate
Wolf C5 f is ready to mate
Rabbit A0 is Thirsty
Rabbit A0 drank water
Rabbit A0 is Hungry
Rabbit A0 f is ready to mate
Rabbit C2 is Hungry
Rabbit C2 m is ready to mate
Rabbit C2 m is approaching partner: Rabbit C4f
Rabbit A3 is Hungry
Rabbit A3 m is ready to mate
Rabbit A3 m is approaching partner: Rabbit A0f
Rabbit A1 is Thirsty
Rabbit A1 drank water
Rabbit A1 is Hungry
Rabbit A1 f is ready to mate
Rabbit C4 is Thirsty
Rabbit C4 drank water
Rabbit C4 is Hungry
Rabbit C4f ate
Rabbit C4 f is ready to mate
Rabbit C1 is Hungry
Rabbit A4 is Thirsty
Rabbit A4 drank water
Rabbit A4 is Hungry
Rabbit B4 is Thirsty
Rabbit B4 drank water
Rabbit B4 is Hungry
Rabbit B4m ate
Rabbit B4 m is ready to mate
Rabbit B4 m is approaching partner: Rabbit B3f
Rabbit B0 m is ready to mate
Rabbit B0 m is approaching partner: Rabbit A0f
Rabbit B1 is Hungry
Rabbit B1m ate
Rabbit B1 m is ready to mate
Rabbit B1 m is approaching partner: Rabbit B3f
Rabbit A2 is Thirsty
Rabbit A2 drank water
Rabbit A2 is Hungry
Rabbit B3 is Thirsty
Rabbit B3 drank water
Rabbit B3 f is ready to mate
Rabbit B3 is Thirsty
Rabbit B3 drank water
Rabbit B3 is Hungry
Rabbit B3m ate
Rabbit B3 m is ready to mate
Rabbit B3 m is approaching partner: Rabbit B3f
Rabbit C2 is Hungry
Rabbit C3 is Hungry
Lion C1 is Thirsty
Lion C1 drank water
Lion C1 f is ready to mate
Lion B3 is Thirsty
Lion B3 drank water
Lion B3 f is ready to mate
Lion B5 is Thirsty
Lion B5 drank water
Lion B5 is Hungry
LionB5fis chasing: B1m
Lion C0 is Thirsty
Lion C0 drank water
Lion C0 m is ready to mate
Wolf C5f is running away from: LionC0
Wolf C5 f is ready to mate
Wolf A4 is Hungry
Wolf A4f is chasing: B0m
Wolf A4 is Thirsty
Wolf A4drank water
Wolf A4 f is ready to mate
Wolf C5 f is ready to mate
Rabbit A0 is Thirsty
Rabbit A0 drank water
Rabbit A0 is Hungry
Rabbit A0f ate
Rabbit A0 f is ready to mate
Rabbit C2 is Thirsty
Rabbit C2 drank water
Rabbit C2 is Hungry
Rabbit C2 m is ready to mate
Rabbit C2 m is approaching partner: Rabbit C4f
Rabbit A3 is Hungry
Rabbit A3m ate
Rabbit A3 m is ready to mate
Rabbit A3 m is approaching partner: Rabbit A0f
Rabbit A1 is Thirsty
Rabbit A1 drank water
Rabbit A1 is Hungry
Rabbit A1 f is ready to mate
Rabbit C4 f is ready to mate
Rabbit C1 is Thirsty
Rabbit C1 drank water
Rabbit C1 is Hungry
Rabbit A4 is Thirsty
Rabbit A4 drank water
Rabbit A4 is Hungry
Rabbit B4 is Thirsty
Rabbit B4 drank water
Rabbit B4 m is ready to mate
Rabbit B4 m is approaching partner: Rabbit B3f
Rabbit B0 is Hungry
Rabbit B0m ate
Rabbit B0 m is ready to mate
Rabbit B0 m is approaching partner: Rabbit A0f
Rabbit B1 m is ready to mate
Rabbit B1 m is approaching partner: Rabbit B3f
Rabbit A2 is Thirsty
Rabbit A2 drank water
Rabbit A2 is Hungry
Rabbit B3 is Thirsty
Rabbit B3 drank water
Rabbit B3 is Hungry
Rabbit B3 f is ready to mate
Rabbit B3 is Thirsty
Rabbit B3 drank water
Rabbit B3 m is ready to mate
Rabbit B3 m is approaching partner: Rabbit B3f
Rabbit C2 is Hungry
Rabbit C3 is Hungry
Rabbit C2 is Hungry
Rabbit C2m ate
Lion C1 is Thirsty
Lion C1 drank water
Lion C1 is Hungry
LionC1fis chasing: C2m
Lion C1 f is ready to mate
Lion B3 is Thirsty
Lion B3 drank water
Lion B3 f is ready to mate
Lion B5 is Thirsty
Lion B5 drank water
Lion B5 is Hungry
LionB5fis chasing: B1m
Lion C0 is Thirsty
Lion C0 drank water
Lion C0 m is ready to mate
Wolf C5f is running away from: LionC0
Wolf C5 f is ready to mate
Wolf A4 is Hungry
Wolf A4f is chasing: B0m
Wolf A4 is Thirsty
Wolf A4drank water
Wolf A4 f is ready to mate
Wolf C5 is Hungry
Wolf C5f is chasing: B1m
Wolf C5 f is ready to mate
Rabbit A0 is Thirsty
Rabbit A0 drank water
Rabbit A0 f is ready to mate
Rabbit C2 is Hungry
Rabbit C2 m is ready to mate
Rabbit C2 m is approaching partner: Rabbit A1f
Rabbit A3 m is ready to mate
Rabbit A3 m is approaching partner: Rabbit A0f
Rabbit A1 is Thirsty
Rabbit A1 drank water
Rabbit A1 is Hungry
Rabbit A1 f is ready to mate
Rabbit C4 is Hungry
Rabbit C4f ate
Rabbit C4 f is ready to mate
Rabbit C1 is Hungry
Rabbit A4 is Thirsty
Rabbit A4 drank water
Rabbit A4 is Hungry
Rabbit A4 f is ready to mate
Rabbit B4 is Thirsty
Rabbit B4 drank water
Rabbit B4 is Hungry
Rabbit B4 m is ready to mate
Rabbit B4 m is approaching partner: Rabbit B3f
Rabbit B0 is Thirsty
Rabbit B0 drank water
Rabbit B0 m is ready to mate
Rabbit B0 m is approaching partner: Rabbit A4f
Rabbit B1 is Hungry
Rabbit B1m ate
Rabbit B1 m is ready to mate
Rabbit B1 m is approaching partner: Rabbit B3f
Rabbit A2 is Thirsty
Rabbit A2 drank water
Rabbit A2 is Hungry
Rabbit A2f ate
Rabbit B3 is Thirsty
Rabbit B3 drank water
Rabbit B3 is Hungry
Rabbit B3 f is ready to mate
Rabbit B3 is Hungry
Rabbit B3m ate
Rabbit B3 m is ready to mate
Rabbit B3 m is approaching partner: Rabbit A4f
Rabbit C2 is Hungry
Rabbit C2 f is ready to mate
Rabbit C3 is Hungry
Lion C1 is Thirsty
Lion C1 drank water
Lion C1 is Hungry
LionC1fis chasing: C2m
Lion C1 f is ready to mate
Lion B3 is Thirsty
Lion B3 drank water
Lion B3 f is ready to mate
Lion B5 is Thirsty
Lion B5 drank water
Lion B5 is Hungry
LionB5fis chasing: B1m
Lion C0 is Thirsty
Lion C0 drank water
Lion C0 m is ready to mate
Wolf C5f is running away from: LionC0
Wolf C5 is Hungry
Wolf C5f is chasing: B3f
Wolf C5 f is ready to mate
Wolf A4 is Hungry
Wolf A4f is chasing: A3m
Wolf A4f ate!
Wolf A4 is Thirsty
Wolf A4drank water
Wolf A4 f is ready to mate
Wolf C5 is Hungry
Wolf C5f is chasing: B1m
Wolf C5 is Thirsty
Wolf C5drank water
Wolf C5 f is ready to mate
Rabbit A0 is Thirsty
Rabbit A0 drank water
Rabbit A0 is Hungry
Rabbit A0 f is ready to mate
Rabbit C2 is Hungry
Rabbit C2m ate
Rabbit C2 m is ready to mate
Rabbit C2 m is approaching partner: Rabbit A0f
Rabbit C3 m was born!Father is C2 and Mother is A0
Rabbit A1 is Thirsty
Rabbit A1 drank water
Rabbit A1 is Hungry
Rabbit A1 f is ready to mate
Rabbit C4 f is ready to mate
Rabbit C1 is Hungry
Rabbit C1 f is ready to mate
Rabbit A4 is Thirsty
Rabbit A4 drank water
Rabbit A4 is Hungry
Rabbit A4 f is ready to mate
Rabbit B4 is Thirsty
Rabbit B4 drank water
Rabbit B4m is running away from: LionB3
Rabbit B4 is Hungry
Rabbit B4m ate
Rabbit B4 m is ready to mate
Rabbit B4 m is approaching partner: Rabbit B3f
Rabbit B0 is Thirsty
Rabbit B0 drank water
Rabbit B0 is Hungry
Rabbit B0 m is ready to mate
Rabbit B0 m is approaching partner: Rabbit C2f
Rabbit C4 m was born!Father is B0 and Mother is C2
Rabbit B1m is running away from: LionB5
Rabbit B1 m is ready to mate
Rabbit B1 m is approaching partner: Rabbit B3f
Rabbit A2 is Thirsty
Rabbit A2 drank water
Rabbit B3 is Thirsty
Rabbit B3 drank water
Rabbit B3 is Hungry
Rabbit B3 f is ready to mate
Rabbit B3 m is ready to mate
Rabbit B3 m is approaching partner: Rabbit A4f
Rabbit C2 is Thirsty
Rabbit C2 drank water
Rabbit C2 is Hungry
Rabbit C3 is Hungry
Rabbit C3 f is ready to mate
Rabbit C2m is running away from: LionC1
Rabbit C2 is Hungry
Rabbit C2m ate
Lion C1 is Thirsty
Lion C1 drank water
Lion C1 is Hungry
LionC1fis chasing: C2m
Lion C1 f is ready to mate
Lion B3 is Thirsty
Lion B3 drank water
Lion B3f ate: B4m
Lion B3 f is ready to mate
Lion B5 is Thirsty
Lion B5 drank water
Lion B5 is Hungry
LionB5fis chasing: C5f
Lion C0 is Thirsty
Lion C0 drank water
Lion C0m ate: B1m
Lion C0 m is ready to mate
Wolf C5 is Hungry
Wolf C5f is chasing: B3f
Wolf C5 f is ready to mate
Wolf A4 is Thirsty
Wolf A4drank water
Wolf A4 f is ready to mate
Wolf C5 is Hungry
Wolf C5f is chasing: B1m
Wolf C5f ate!
Wolf C5 f is ready to mate
Rabbit A0 is Thirsty
Rabbit A0 drank water
Rabbit A0 is Hungry
Rabbit C2 m is ready to mate
Rabbit C2 m is approaching partner: Rabbit A1f
Rabbit A1 is Hungry
Rabbit A1 f is ready to mate
Rabbit C4 is Hungry
Rabbit C4f ate
Rabbit C4 f is ready to mate
Rabbit C1 is Hungry
Rabbit C1 f is ready to mate
Rabbit A4 is Thirsty
Rabbit A4 drank water
Rabbit A4 is Hungry
Rabbit A4 f is ready to mate
Rabbit B4 is Thirsty
Rabbit B4 drank water
Rabbit B4 m is ready to mate
Rabbit B4 m is approaching partner: Rabbit B3f
Rabbit B0 is Hungry
Rabbit B0 m is ready to mate
Rabbit B0 m is approaching partner: Rabbit A4f
Rabbit A2 is Thirsty
Rabbit A2 drank water
Rabbit A2 is Hungry
Rabbit A2f ate
Rabbit A2 f is ready to mate
Rabbit B3 is Thirsty
Rabbit B3 drank water
Rabbit B3 is Hungry
Rabbit B3 f is ready to mate
Rabbit B3 is Hungry
Rabbit B3 m is ready to mate
Rabbit B3 m is approaching partner: Rabbit A2f
Rabbit C2 is Thirsty
Rabbit C2 drank water
Rabbit C2 is Hungry
Rabbit C3 is Hungry
Rabbit C3 f is ready to mate
Rabbit C2m is running away from: LionC1
Rabbit C2 m is ready to mate
Rabbit C2 m is approaching partner: Rabbit A2f
Lion C1 is Thirsty
Lion C1 drank water
Lion C1 is Hungry
LionC1fis chasing: A2f
LionC1f ate: A2f
Lion C1 f is ready to mate
Lion B3 is Thirsty
Lion B3 drank water
Lion B3 f is ready to mate
Lion B5 is Hungry
LionB5fis chasing: C5f
Lion C0 is Thirsty
Lion C0 drank water
Lion C0 m is ready to mate
Lion C0 is Hungry
LionC0mis chasing: C5f
Wolf C5f is running away from: LionC0
Wolf C5 is Hungry
Wolf C5f is chasing: B3f
Wolf C5 is Thirsty
Wolf C5drank water
Wolf C5 f is ready to mate
Wolf A4 is Thirsty
Wolf A4drank water
Wolf A4 f is ready to mate
Wolf C5 f is ready to mate
Rabbit A0 is Thirsty
Rabbit A0 drank water
Rabbit A0 is Hungry
Rabbit C2 is Hungry
Rabbit C2 m is ready to mate
Rabbit C2 m is approaching partner: Rabbit A1f
Rabbit A1 is Hungry
Rabbit A1 f is ready to mate
Rabbit C4 f is ready to mate
Rabbit C1 is Hungry
Rabbit C1 f is ready to mate
Rabbit A4 is Thirsty
Rabbit A4 drank water
Rabbit A4 is Hungry
Rabbit A4 f is ready to mate
Rabbit B4m is running away from: LionB3
Rabbit B4 is Hungry
Rabbit B4m ate
Rabbit B4 m is ready to mate
Rabbit B4 m is approaching partner: Rabbit B3f
Rabbit B0 is Hungry
Rabbit B0 m is ready to mate
Rabbit B0 m is approaching partner: Rabbit A4f
Rabbit B3 is Thirsty
Rabbit B3 drank water
Rabbit B3 is Hungry
Rabbit B3 f is ready to mate
Rabbit B3 is Hungry
Rabbit B3 m is ready to mate
Rabbit B3 m is approaching partner: Rabbit A4f
Rabbit C2 is Thirsty
Rabbit C2 drank water
Rabbit C2 is Hungry
Rabbit C3 is Thirsty
Rabbit C3 drank water
Rabbit C3 is Hungry
Rabbit C3f ate
Rabbit C3 f is ready to mate
Rabbit C2m is running away from: LionC1
Rabbit C2 is Hungry
Rabbit C2m ate
Rabbit C2 m is ready to mate
Rabbit C2 m is approaching partner: Rabbit A4f
Rabbit C3 is Hungry
Rabbit C4 is Hungry
Lion C1 is Thirsty
Lion C1 drank water
Lion C1 f is ready to mate
Lion B3 is Thirsty
Lion B3 drank water
Lion B3 f is ready to mate
Lion B5f ate: C5f
Lion C0 is Thirsty
Lion C0 drank water
Lion C0 m is ready to mate
Lion C0 is Hungry
LionC0mis chasing: C5f
Wolf C5f is running away from: LionC0
Wolf C5 is Hungry
Wolf C5f is chasing: B4m
Wolf C5 is Thirsty
Wolf C5drank water
Wolf C5 f is ready to mate
Wolf A4 is Thirsty
Wolf A4drank water
Wolf A4 f is ready to mate
Wolf C5f is running away from: LionB5
Wolf C5 f is ready to mate
Rabbit A0 is Thirsty
Rabbit A0 drank water
Rabbit A0 is Hungry
Rabbit C2 is Hungry
Rabbit C2 m is ready to mate
Rabbit C2 m is approaching partner: Rabbit A1f
Rabbit B4 f was born!Father is C2 and Mother is A1
Rabbit A1 is Hungry
Rabbit C4 is Hungry
Rabbit C4f ate
Rabbit C4 f is ready to mate
Rabbit C1 is Hungry
Rabbit C1 f is ready to mate
Rabbit A4 is Thirsty
Rabbit A4 drank water
Rabbit A4 is Hungry
Rabbit A4 f is ready to mate
Rabbit B4 m is ready to mate
Rabbit B4 m is approaching partner: Rabbit B3f
Rabbit B0 is Hungry
Rabbit B0 m is ready to mate
Rabbit B0 m is approaching partner: Rabbit A4f
Rabbit B3 is Thirsty
Rabbit B3 drank water
Rabbit B3 is Hungry
Rabbit B3 f is ready to mate
Rabbit B3 is Hungry
Rabbit B3 m is ready to mate
Rabbit B3 m is approaching partner: Rabbit A4f
Rabbit C2 is Thirsty
Rabbit C2 drank water
Rabbit C2 is Hungry
RabbitC2f died of hunger
Rabbit C2f ate
Rabbit C3 is Thirsty
Rabbit C3 drank water
Rabbit C3 f is ready to mate
Rabbit C2 is Thirsty
Rabbit C2 drank water
Rabbit C2 m is ready to mate
Rabbit C2 m is approaching partner: Rabbit A4f
Rabbit C3m is running away from: WolfA4
Rabbit C3 is Hungry
Rabbit C3m ate
Rabbit C4 is Hungry
Lion C1 is Thirsty
Lion C1 drank water
Lion C1 f is ready to mate
Lion B3 f is ready to mate
Lion C0 is Thirsty
Lion C0 drank water
Lion C0 m is ready to mate
Lion C0 is Hungry
LionC0mis chasing: C5f
Wolf C5f is running away from: LionC0
Wolf C5 is Hungry
Wolf C5f is chasing: B4m
Wolf C5f ate!
Wolf C5 is Thirsty
Wolf C5drank water
Wolf C5 f is ready to mate
Wolf A4 is Thirsty
Wolf A4drank water
Wolf A4 f is ready to mate
Wolf C5 f is ready to mate
Rabbit A0 is Hungry
Rabbit C2 is Hungry
Rabbit C2 m is ready to mate
Rabbit C2 m is approaching partner: Rabbit C3f
Rabbit B1 f was born!Father is C2 and Mother is C3
Rabbit A1 is Hungry
Rabbit C4 is Thirsty
Rabbit C4 drank water
Rabbit C4 f is ready to mate
Rabbit C1 is Hungry
RabbitC1f died of hunger
Rabbit C1f ate
Rabbit C1 f is ready to mate
Rabbit A4 is Thirsty
Rabbit A4 drank water
Rabbit A4 is Hungry
RabbitA4f died of hunger
Rabbit A4 f is ready to mate
Rabbit B0 is Hungry
Rabbit B0 m is ready to mate
Rabbit B0 m is approaching partner: Rabbit B3f
Rabbit B3 is Thirsty
Rabbit B3 drank water
Rabbit B3 is Hungry
Rabbit B3 f is ready to mate
Rabbit B3 is Hungry
Rabbit B3 m is ready to mate
Rabbit B3 m is approaching partner: Rabbit B3f
Rabbit C3 is Thirsty
Rabbit C3 drank water
Rabbit C3 is Hungry
Rabbit C2 is Thirsty
Rabbit C2 drank water
Rabbit C2 is Hungry
Rabbit C2 m is ready to mate
Rabbit C2 m is approaching partner: Rabbit B3f
Rabbit C3 m is ready to mate
Rabbit C3 m is approaching partner: Rabbit C4f
Rabbit C4 is Hungry
Lion C1 is Thirsty
Lion C1 drank water
Lion C1 f is ready to mate
Lion B3 f is ready to mate
Lion C0 is Thirsty
Lion C0 drank water
Lion C0 m is ready to mate
Lion C0 is Hungry
LionC0mis chasing: C5f
Wolf C5 is Thirsty
Wolf C5drank water
Wolf C5 f is ready to mate
Wolf A4 is Thirsty
Wolf A4drank water
Wolf A4 f is ready to mate
Wolf C5 f is ready to mate
Rabbit A0 is Hungry
Rabbit A0 f is ready to mate
Rabbit C2 is Thirsty
Rabbit C2 drank water
Rabbit C2m is running away from: WolfA4
Rabbit C2 is Hungry
Rabbit C2 m is ready to mate
Rabbit C2 m is approaching partner: Rabbit A0f
Rabbit B1 m was born!Father is C2 and Mother is A0
Rabbit A1 is Hungry
RabbitA1f died of hunger
Rabbit C4 is Thirsty
Rabbit C4 drank water
Rabbit C4 is Hungry
Rabbit C4f ate
Rabbit C4 f is ready to mate
Rabbit B0 is Hungry
Rabbit B0 m is ready to mate
Rabbit B0 m is approaching partner: Rabbit B3f
Rabbit B3 is Thirsty
Rabbit B3 drank water
Rabbit B3 is Hungry
Rabbit B3 f is ready to mate
Rabbit B3 is Thirsty
Rabbit B3 drank water
Rabbit B3 is Hungry
Rabbit B3 m is ready to mate
Rabbit B3 m is approaching partner: Rabbit B3f
Rabbit C3 is Thirsty
Rabbit C3 drank water
Rabbit C3 is Hungry
Rabbit C2 is Hungry
Rabbit C2 m is ready to mate
Rabbit C2 m is approaching partner: Rabbit B3f
Rabbit C3 is Hungry
Rabbit C3 m is ready to mate
Rabbit C3 m is approaching partner: Rabbit C4f
Rabbit C4 is Hungry
Rabbit C4 m is ready to mate
Rabbit C4 m is approaching partner: Rabbit B3f
Rabbit B4 is Hungry
Rabbit B4f ate
Lion C1 is Thirsty
Lion C1 drank water
Lion C1 f is ready to mate
Lion B3 f is ready to mate
Lion C0 is Thirsty
Lion C0 drank water
Lion C0m ate: C5f
Lion C0 m is ready to mate
Lion C0 is Hungry
LionC0mis chasing: C5f
Wolf C5 f is ready to mate
Wolf A4 is Thirsty
Wolf A4drank water
Wolf A4 f is ready to mate
Wolf C5f is running away from: LionC0
Wolf C5 f is ready to mate
Rabbit A0 is Hungry
Rabbit C2 is Thirsty
Rabbit C2 drank water
Rabbit C2 is Hungry
Rabbit C2 m is ready to mate
Rabbit C2 m is approaching partner: Rabbit C4f
Rabbit C4 is Thirsty
Rabbit C4 drank water
Rabbit C4 f is ready to mate
Rabbit B0 is Hungry
Rabbit B0m ate
Rabbit B0 m is ready to mate
Rabbit B0 m is approaching partner: Rabbit B3f
Rabbit B3 is Thirsty
Rabbit B3 drank water
Rabbit B3 is Hungry
RabbitB3f died of hunger
Rabbit B3 f is ready to mate
Rabbit B3 is Thirsty
Rabbit B3 drank water
Rabbit B3 is Hungry
Rabbit B3 m is ready to mate
Rabbit B3 m is approaching partner: Rabbit C4f
Rabbit C3 is Thirsty
Rabbit C3 drank water
Rabbit C3 is Hungry
Rabbit C2 is Hungry
Rabbit C2 m is ready to mate
Rabbit C2 m is approaching partner: Rabbit C4f
Rabbit C3 is Hungry
Rabbit C3 m is ready to mate
Rabbit C3 m is approaching partner: Rabbit C4f
Rabbit C4 is Hungry
Rabbit C4m ate
Rabbit C4 m is ready to mate
Rabbit C4 m is approaching partner: Rabbit C4f
Rabbit B1 is Hungry
Lion C1 is Thirsty
Lion C1 drank water
Lion C1 f is ready to mate
Lion B3 f is ready to mate
Lion C0 is Thirsty
Lion C0 drank water
Lion C0 m is ready to mate
Lion C0 is Hungry
LionC0mis chasing: C5f
Wolf C5 f is ready to mate
Wolf A4 f is ready to mate
Wolf C5f is running away from: LionC0
Wolf C5 f is ready to mate
Rabbit A0 is Hungry
Rabbit C2 is Hungry
Rabbit C2 m is ready to mate
Rabbit C2 m is approaching partner: Rabbit C4f
Rabbit C4 is Thirsty
Rabbit C4 drank water
Rabbit C4 is Hungry
Rabbit C4 f is ready to mate
Rabbit B0 is Thirsty
Rabbit B0 drank water
Rabbit B0 m is ready to mate
Rabbit B0 m is approaching partner: Rabbit C4f
Rabbit B3 is Thirsty
Rabbit B3 drank water
Rabbit B3 is Hungry
Rabbit B3 m is ready to mate
Rabbit B3 m is approaching partner: Rabbit C4f
Rabbit C3 is Hungry
Rabbit C2 is Hungry
Rabbit C2m ate
Rabbit C2 m is ready to mate
Rabbit C2 m is approaching partner: Rabbit C4f
Rabbit C3 is Thirsty
Rabbit C3 drank water
Rabbit C3 is Hungry
Rabbit C3m ate
Rabbit C3 m is ready to mate
Rabbit C3 m is approaching partner: Rabbit C4f
Rabbit C4 is Thirsty
Rabbit C4 drank water
Rabbit C4 m is ready to mate
Rabbit C4 m is approaching partner: Rabbit C4f
Rabbit B4 is Hungry
Rabbit B4 f is ready to mate
Rabbit B1 is Hungry
Rabbit B1f ate
Rabbit B1 is Hungry
Lion C1 is Thirsty
Lion C1 drank water
Lion C1 f is ready to mate
Lion B3 f is ready to mate
Lion C0 is Thirsty
Lion C0 drank water
Lion C0 m is ready to mate
Lion C0 is Hungry
LionC0mis chasing: C5f
Wolf C5 f is ready to mate
Wolf A4 f is ready to mate
Wolf C5f is running away from: LionC0
Wolf C5 f is ready to mate
Rabbit A0 is Hungry
RabbitA0f died of hunger
Rabbit C2 is Hungry
Rabbit C2 m is ready to mate
Rabbit C2 m is approaching partner: Rabbit B4f
Rabbit A2 m was born!Father is C2 and Mother is B4
Rabbit C4 is Thirsty
Rabbit C4 drank water
Rabbit C4 is Hungry
Rabbit C4f ate
Rabbit C4 f is ready to mate
Rabbit B0 is Thirsty
Rabbit B0 drank water
Rabbit B0 is Hungry
Rabbit B0 m is ready to mate
Rabbit B0 m is approaching partner: Rabbit C4f
Rabbit B3 is Thirsty
Rabbit B3 drank water
Rabbit B3 is Hungry
Rabbit B3 m is ready to mate
Rabbit B3 m is approaching partner: Rabbit C4f
Rabbit C3 is Hungry
Rabbit C2 m is ready to mate
Rabbit C2 m is approaching partner: Rabbit C4f
Rabbit C3 is Thirsty
Rabbit C3 drank water
Rabbit C3 m is ready to mate
Rabbit C3 m is approaching partner: Rabbit C4f
Rabbit C4 is Thirsty
Rabbit C4 drank water
Rabbit C4 is Hungry
Rabbit C4 m is ready to mate
Rabbit C4 m is approaching partner: Rabbit C4f
Rabbit B4 is Hungry
Rabbit B1 is Hungry
Lion C1 is Thirsty
Lion C1 drank water
Lion C1 f is ready to mate
Lion B3 f is ready to mate
Lion C0 is Thirsty
Lion C0 drank water
Lion C0 m is ready to mate
Lion C0 is Hungry
LionC0mis chasing: C5f
Wolf C5 f is ready to mate
Wolf A4 f is ready to mate
Wolf C5 f is ready to mate
Rabbit C2 is Hungry
Rabbit C2 m is ready to mate
Rabbit C2 m is approaching partner: Rabbit C4f
Rabbit C4 is Thirsty
Rabbit C4 drank water
Rabbit C4 f is ready to mate
Rabbit B0 is Thirsty
Rabbit B0 drank water
Rabbit B0 is Hungry
Rabbit B0 m is ready to mate
Rabbit B0 m is approaching partner: Rabbit C4f
Rabbit B3 is Thirsty
Rabbit B3 drank water
Rabbit B3m is running away from: LionC1
Rabbit B3 is Hungry
RabbitB3m died of hunger
Rabbit B3 m is ready to mate
Rabbit B3 m is approaching partner: Rabbit C4f
Rabbit C3 is Hungry
Rabbit C3 f is ready to mate
Rabbit C2 is Hungry
Rabbit C2m ate
Rabbit C2 m is ready to mate
Rabbit C2 m is approaching partner: Rabbit C3f
Rabbit C3 is Thirsty
Rabbit C3 drank water
Rabbit C3 is Hungry
Rabbit C3 m is ready to mate
Rabbit C3 m is approaching partner: Rabbit C3f
Rabbit C4 is Thirsty
Rabbit C4 drank water
Rabbit C4 is Hungry
Rabbit C4 m is ready to mate
Rabbit C4 m is approaching partner: Rabbit C3f
Rabbit B4 is Hungry
Rabbit B1f is running away from: WolfA4
Rabbit B1 is Hungry
Rabbit B1f ate
Rabbit B1 f is ready to mate
Rabbit B1 is Hungry
Lion C1 is Thirsty
Lion C1 drank water
Lion C1 f is ready to mate
Lion B3 f is ready to mate
Lion C0 m is ready to mate
Lion C0 is Hungry
LionC0mis chasing: C5f
Wolf C5 f is ready to mate
Wolf A4 is Hungry
Wolf A4f is chasing: C3f
Wolf A4f ate!
Wolf A4 f is ready to mate
Wolf C5f is running away from: LionC0
Wolf C5 is Thirsty
Wolf C5drank water
Wolf C5 f is ready to mate
Rabbit C2 is Hungry
RabbitC2m died of hunger
Rabbit C2 m is ready to mate
Rabbit C2 m is approaching partner: Rabbit C4f
Rabbit C4 is Thirsty
Rabbit C4 drank water
Rabbit C4 is Hungry
Rabbit C4 f is ready to mate
Rabbit B0 is Hungry
Rabbit B0 m is ready to mate
Rabbit B0 m is approaching partner: Rabbit B1f
Rabbit C2 m is ready to mate
Rabbit C2 m is approaching partner: Rabbit B1f
Rabbit C3 is Hungry
Rabbit C3 m is ready to mate
Rabbit C3 m is approaching partner: Rabbit C4f
Rabbit C4 is Thirsty
Rabbit C4 drank water
Rabbit C4m is running away from: LionC1
Rabbit C4 is Hungry
Rabbit C4 m is ready to mate
Rabbit C4 m is approaching partner: Rabbit B1f
Rabbit B4 is Thirsty
Rabbit B4 drank water
Rabbit B4 is Hungry
Rabbit B1 f is ready to mate
Rabbit B1 is Hungry
Rabbit B1 m is ready to mate
Rabbit B1 m is approaching partner: Rabbit B1f
Rabbit A2 is Hungry
Rabbit A2m ate
Lion C1 f is ready to mate
Lion B3 is Hungry
LionB3fis chasing: C5f
Lion B3 f is ready to mate
Lion C0 m is ready to mate
Lion C0m ate: C5f
Wolf C5 f is ready to mate
Wolf A4 f is ready to mate
Wolf C5f is running away from: LionC0
Wolf C5 is Hungry
Wolf C5f is chasing: C4m
Wolf C5 is Thirsty
Wolf C5drank water
Wolf C5 f is ready to mate
Rabbit C4 is Thirsty
Rabbit C4 drank water
Rabbit C4 is Hungry
Rabbit C4 f is ready to mate
Rabbit B0 is Hungry
Rabbit B0 m is ready to mate
Rabbit B0 m is approaching partner: Rabbit B1f
Rabbit C2 is Thirsty
Rabbit C2 drank water
Rabbit C2 is Hungry
Rabbit C2m ate
Rabbit C2 m is ready to mate
Rabbit C2 m is approaching partner: Rabbit B1f
Rabbit C3 is Hungry
Rabbit C3 m is ready to mate
Rabbit C3 m is approaching partner: Rabbit C4f
Rabbit C0 m was born!Father is C3 and Mother is C4
Rabbit C4 is Thirsty
Rabbit C4 drank water
Rabbit C4m is running away from: LionC1
Rabbit C4 is Hungry
Rabbit C4 m is ready to mate
Rabbit C4 m is approaching partner: Rabbit B1f
Rabbit B4 is Thirsty
Rabbit B4 drank water
Rabbit B4 is Hungry
Rabbit B1 is Thirsty
Rabbit B1 drank water
Rabbit B1 is Hungry
Rabbit B1f ate
Rabbit B1 f is ready to mate
Rabbit B1 is Hungry
Rabbit B1 m is ready to mate
Rabbit B1 m is approaching partner: Rabbit B1f
Lion C1 is Hungry
LionC1fis chasing: C4m
LionC1f ate: C4m
Lion C1 f is ready to mate
Lion B3 is Hungry
LionB3fis chasing: C5f
Lion B3 f is ready to mate
Lion C0 m is ready to mate
Lion C0 is Thirsty
Lion C0 drank water
Wolf C5 f is ready to mate
Wolf A4 f is ready to mate
Wolf C5 is Hungry
Wolf C5f is chasing: B0m
Wolf C5 is Thirsty
Wolf C5drank water
Wolf C5 f is ready to mate
Rabbit C4 is Thirsty
Rabbit C4 drank water
Rabbit C4 is Hungry
Rabbit C4f ate
Rabbit B0m is running away from: LionC1
Rabbit B0 is Hungry
Rabbit B0m ate
Rabbit B0 m is ready to mate
Rabbit B0 m is approaching partner: Rabbit B1f
Rabbit C2 is Thirsty
Rabbit C2 drank water
Rabbit C2 m is ready to mate
Rabbit C2 m is approaching partner: Rabbit B1f
Rabbit C3 is Hungry
Rabbit C3 m is ready to mate
Rabbit C3 m is approaching partner: Rabbit B1f
Rabbit B4 is Thirsty
Rabbit B4 drank water
Rabbit B4 is Hungry
Rabbit B1 is Thirsty
Rabbit B1 drank water
Rabbit B1f is running away from: WolfA4
Rabbit B1 f is ready to mate
Rabbit B1 is Thirsty
Rabbit B1 drank water
Rabbit B1 is Hungry
Rabbit B1m ate
Rabbit B1 m is ready to mate
Rabbit B1 m is approaching partner: Rabbit B1f
Rabbit B0 m was born!Father is B1 and Mother is B1
Rabbit A2 is Hungry
Rabbit A2m ate
Lion C1 f is ready to mate
Lion B3 is Hungry
LionB3fis chasing: C5f
Lion B3 f is ready to mate
Lion B5 is Hungry
LionB5fis chasing: C5f
Lion C0 m is ready to mate
Lion C0 is Thirsty
Lion C0 drank water
Wolf C5f is running away from: LionB3
Wolf C5 f is ready to mate
Wolf A4 f is ready to mate
Wolf C5f is running away from: LionC0
Wolf C5 is Hungry
Wolf C5f is chasing: B0m
Wolf C5 is Thirsty
Wolf C5drank water
Wolf C5 f is ready to mate
Rabbit C4 is Thirsty
Rabbit C4 drank water
Rabbit B0 m is ready to mate
Not enough female Rabbits or Female Rabbit partners are not ready yet!
Rabbit C2 is Thirsty
Rabbit C2 drank water
Rabbit C2 is Hungry
Rabbit C2 m is ready to mate
Not enough female Rabbits or Female Rabbit partners are not ready yet!
Rabbit C3 is Hungry
Rabbit C3m ate
Rabbit C3 m is ready to mate
Not enough female Rabbits or Female Rabbit partners are not ready yet!
Rabbit B4 is Thirsty
Rabbit B4 drank water
Rabbit B4 is Hungry
Rabbit B4 f is ready to mate
Rabbit B1 is Thirsty
Rabbit B1 drank water
Rabbit B1 is Hungry
Rabbit B1 is Thirsty
Rabbit B1 drank water
Rabbit B1 m is ready to mate
Rabbit B1 m is approaching partner: Rabbit B4f
Rabbit A2 m is ready to mate
Rabbit A2 m is approaching partner: Rabbit B4f
Rabbit C0 is Hungry
Lion C1 f is ready to mate
Lion B3 is Hungry
LionB3fis chasing: C5f
LionB3f ate: C5f
Lion B3 f is ready to mate
Lion B5 is Hungry
LionB5fis chasing: C5f
Lion C0 m is ready to mate
Lion C0 is Thirsty
Lion C0 drank water
Wolf A4f ate!
Wolf A4 f is ready to mate
Wolf C5f is running away from: LionC0
Wolf C5 is Hungry
Wolf C5f is chasing: C2m
Wolf C5 is Thirsty
Wolf C5drank water
Wolf C5 f is ready to mate
Rabbit C4 is Thirsty
Rabbit C4 drank water
Rabbit C4 is Hungry
Rabbit B0 is Hungry
Rabbit B0m ate
Rabbit B0 m is ready to mate
Not enough female Rabbits or Female Rabbit partners are not ready yet!
Rabbit C2 is Thirsty
Rabbit C2 drank water
Rabbit C2 is Hungry
Rabbit C2 m is ready to mate
Not enough female Rabbits or Female Rabbit partners are not ready yet!
Rabbit C3 m is ready to mate
Not enough female Rabbits or Female Rabbit partners are not ready yet!
Rabbit B1 is Thirsty
Rabbit B1 drank water
Rabbit B1f is running away from: WolfA4
Rabbit B1 is Hungry
Rabbit B1 is Thirsty
Rabbit B1 drank water
Rabbit B1 is Hungry
Rabbit B1 m is ready to mate
Not enough female Rabbits or Female Rabbit partners are not ready yet!
Rabbit A2 is Hungry
Rabbit A2m ate
Rabbit A2 m is ready to mate
Not enough female Rabbits or Female Rabbit partners are not ready yet!
Rabbit C0 is Hungry
Rabbit C0m ate
Rabbit B0 is Hungry
Lion C1 f is ready to mate
Lion B3 f is ready to mate
Lion B5 is Hungry
LionB5fis chasing: C5f
Lion C0 m is ready to mate
Lion C0 is Thirsty
Lion C0 drank water
Wolf A4 f is ready to mate
Wolf C5 is Hungry
Wolf C5f is chasing: C2m
Wolf C5 is Thirsty
Wolf C5drank water
Wolf C5 f is ready to mate
Rabbit C4 is Thirsty
Rabbit C4 drank water
Rabbit C4f is running away from: WolfA4
Rabbit C4 is Hungry
Rabbit B0m is running away from: LionC1
Rabbit B0 m is ready to mate
Not enough female Rabbits or Female Rabbit partners are not ready yet!
Rabbit C2 is Thirsty
Rabbit C2 drank water
Rabbit C2m is running away from: LionC1
Rabbit C2 is Hungry
Rabbit C2m ate
Rabbit C2 m is ready to mate
Not enough female Rabbits or Female Rabbit partners are not ready yet!
Rabbit C3 is Hungry
Rabbit C3 m is ready to mate
Not enough female Rabbits or Female Rabbit partners are not ready yet!
Rabbit B1 is Thirsty
Rabbit B1 drank water
Rabbit B1f is running away from: WolfA4
Rabbit B1 is Hungry
Rabbit B1 is Thirsty
Rabbit B1 drank water
Rabbit B1 is Hungry
Rabbit B1 m is ready to mate
Not enough female Rabbits or Female Rabbit partners are not ready yet!
Rabbit A2 is Thirsty
Rabbit A2 drank water
Rabbit A2 m is ready to mate
Not enough female Rabbits or Female Rabbit partners are not ready yet!
Rabbit B0 is Hungry
Lion C1 f is ready to mate
Lion B3 f is ready to mate
Lion B5 is Hungry
LionB5fis chasing: C5f
Lion C0 is Hungry
LionC0mis chasing: C5f
LionC0m ate: C5f
Lion C0 m is ready to mate
Lion B5 m was born!Father is C0 and Mother is B3
Lion C0 is Thirsty
Lion C0 drank water
Wolf A4 is Thirsty
Wolf A4drank water
Wolf A4 f is ready to mate
Rabbit C4 is Hungry
Rabbit B0 is Thirsty
Rabbit B0 drank water
Rabbit B0 is Hungry
Rabbit B0m ate
Rabbit B0 m is ready to mate
Not enough female Rabbits or Female Rabbit partners are not ready yet!
Rabbit C2 is Thirsty
Rabbit C2 drank water
Rabbit C2m is running away from: LionC1
Rabbit C2 m is ready to mate
Not enough female Rabbits or Female Rabbit partners are not ready yet!
Rabbit C3 is Thirsty
Rabbit C3 drank water
Rabbit C3 is Hungry
Rabbit C3 m is ready to mate
Not enough female Rabbits or Female Rabbit partners are not ready yet!
Rabbit B1 is Hungry
Rabbit B1 is Thirsty
Rabbit B1 drank water
Rabbit B1 is Hungry
Rabbit B1 m is ready to mate
Not enough female Rabbits or Female Rabbit partners are not ready yet!
Rabbit A2 is Thirsty
Rabbit A2 drank water
Rabbit A2 is Hungry
Rabbit A2m ate
Rabbit A2 m is ready to mate
Not enough female Rabbits or Female Rabbit partners are not ready yet!
Rabbit C0 is Hungry
Rabbit B0 is Hungry
Lion C1 f is ready to mate
Lion B5 is Hungry
LionB5fis chasing: C2m
Lion C0 m is ready to mate
Wolf A4 f is ready to mate
Rabbit C4 is Hungry
Rabbit C4 f is ready to mate
Rabbit B0 is Thirsty
Rabbit B0 drank water
Rabbit B0 m is ready to mate
Rabbit B0 m is approaching partner: Rabbit C4f
Rabbit C2 is Thirsty
Rabbit C2 drank water
Rabbit C2 is Hungry
Rabbit C2m ate
Rabbit C2 m is ready to mate
Rabbit C2 m is approaching partner: Rabbit C4f
Rabbit C3 is Thirsty
Rabbit C3 drank water
Rabbit C3 is Hungry
Rabbit C3 m is ready to mate
Rabbit C3 m is approaching partner: Rabbit C4f
Rabbit C5 m was born!Father is C3 and Mother is C4
Rabbit B1 is Hungry
Rabbit B1 is Hungry
Rabbit B1 m is ready to mate
Not enough female Rabbits or Female Rabbit partners are not ready yet!
Rabbit A2 m is ready to mate
Not enough female Rabbits or Female Rabbit partners are not ready yet!
Rabbit C0 is Hungry
Rabbit C0m ate
Rabbit C0 m is ready to mate
Not enough female Rabbits or Female Rabbit partners are not ready yet!
Rabbit B0 is Hungry
Rabbit B0 m is ready to mate
Not enough female Rabbits or Female Rabbit partners are not ready yet!
Lion C1 f is ready to mate
Lion B5 is Hungry
LionB5fis chasing: C2m
Lion C0 m is ready to mate
Wolf A4 f is ready to mate
Rabbit C4 is Hungry
Rabbit B0 is Thirsty
Rabbit B0 drank water
Rabbit B0m is running away from: LionC1
Rabbit B0 is Hungry
Rabbit B0m ate
Rabbit B0 m is ready to mate
Not enough female Rabbits or Female Rabbit partners are not ready yet!
Rabbit C2 is Thirsty
Rabbit C2 drank water
Rabbit C2 m is ready to mate
Not enough female Rabbits or Female Rabbit partners are not ready yet!
Rabbit C3 is Thirsty
Rabbit C3 drank water
Rabbit C3 is Hungry
Rabbit C3 m is ready to mate
Not enough female Rabbits or Female Rabbit partners are not ready yet!
Rabbit B1 is Hungry
Rabbit B1 f is ready to mate
Rabbit B1 is Hungry
Rabbit B1 m is ready to mate
Rabbit B1 m is approaching partner: Rabbit B1f
Rabbit C4 f was born!Father is B1 and Mother is B1
Rabbit A2 is Hungry
Rabbit A2 m is ready to mate
Not enough female Rabbits or Female Rabbit partners are not ready yet!
Rabbit C0 is Thirsty
Rabbit C0 drank water
Rabbit C0 m is ready to mate
Not enough female Rabbits or Female Rabbit partners are not ready yet!
Rabbit B0 is Hungry
Rabbit B0 m is ready to mate
Not enough female Rabbits or Female Rabbit partners are not ready yet!
Lion C1 f is ready to mate
Lion B5 is Hungry
LionB5fis chasing: C2m
Lion C0 m is ready to mate
Wolf A4 f is ready to mate
Rabbit C4 is Hungry
Rabbit B0 is Thirsty
Rabbit B0 drank water
Rabbit B0m is running away from: LionC1
Rabbit B0 m is ready to mate
Not enough female Rabbits or Female Rabbit partners are not ready yet!
Rabbit C2 is Thirsty
Rabbit C2 drank water
Rabbit C2 is Hungry
Rabbit C2 m is ready to mate
Not enough female Rabbits or Female Rabbit partners are not ready yet!
Rabbit C3 is Hungry
Rabbit C3 m is ready to mate
Not enough female Rabbits or Female Rabbit partners are not ready yet!
Rabbit B1 is Hungry
Rabbit B1 is Hungry
Rabbit B1 m is ready to mate
Not enough female Rabbits or Female Rabbit partners are not ready yet!
Rabbit A2 is Hungry
Rabbit A2 m is ready to mate
Not enough female Rabbits or Female Rabbit partners are not ready yet!
Rabbit C0 is Thirsty
Rabbit C0 drank water
Rabbit C0 is Hungry
Rabbit C0m ate
Rabbit C0 m is ready to mate
Not enough female Rabbits or Female Rabbit partners are not ready yet!
Rabbit B0 is Thirsty
Rabbit B0 drank water
Rabbit B0 is Hungry
Rabbit B0 m is ready to mate
Not enough female Rabbits or Female Rabbit partners are not ready yet!
Rabbit C5 is Hungry
Rabbit C4f is running away from: WolfA4
Lion C1 f is ready to mate
Lion B5 is Hungry
LionB5fis chasing: C2m
Lion C0 m is ready to mate
Wolf A4 f is ready to mate
Rabbit C4 is Hungry
Rabbit B0 is Thirsty
Rabbit B0 drank water
Rabbit B0m is running away from: LionC1
Rabbit B0 is Hungry
Rabbit B0 m is ready to mate
Not enough female Rabbits or Female Rabbit partners are not ready yet!
Rabbit C2 is Thirsty
Rabbit C2 drank water
Rabbit C2 is Hungry
Rabbit C2 m is ready to mate
Not enough female Rabbits or Female Rabbit partners are not ready yet!
Rabbit C3 is Hungry
Rabbit C3 m is ready to mate
Not enough female Rabbits or Female Rabbit partners are not ready yet!
Rabbit B1 is Hungry
Rabbit B1 is Hungry
Rabbit B1 m is ready to mate
Not enough female Rabbits or Female Rabbit partners are not ready yet!
Rabbit A2 is Hungry
Rabbit A2 m is ready to mate
Not enough female Rabbits or Female Rabbit partners are not ready yet!
Rabbit C0 is Thirsty
Rabbit C0 drank water
Rabbit C0 m is ready to mate
Not enough female Rabbits or Female Rabbit partners are not ready yet!
Rabbit B0 is Thirsty
Rabbit B0 drank water
Rabbit B0 is Hungry
Rabbit B0 m is ready to mate
Not enough female Rabbits or Female Rabbit partners are not ready yet!
Rabbit C5 is Hungry
Rabbit C5m ate
Rabbit C4 is Hungry
Lion C1 f is ready to mate
Lion B5 is Thirsty
Lion B5 drank water
Lion B5 is Hungry
LionB5fis chasing: C2m
Lion C0 m is ready to mate
Lion C0 is Hungry
LionC0mis chasing: C2m
Wolf A4 f is ready to mate
Rabbit C4 is Hungry
Rabbit B0 is Thirsty
Rabbit B0 drank water
Rabbit B0m is running away from: LionC1
Rabbit B0 is Hungry
Rabbit B0 m is ready to mate
Not enough female Rabbits or Female Rabbit partners are not ready yet!
Rabbit C2 is Thirsty
Rabbit C2 drank water
Rabbit C2 is Hungry
Rabbit C2 m is ready to mate
Not enough female Rabbits or Female Rabbit partners are not ready yet!
Rabbit C3 is Hungry
Rabbit C3 m is ready to mate
Not enough female Rabbits or Female Rabbit partners are not ready yet!
Rabbit B1 is Hungry
RabbitB1f died of hunger
Rabbit B1 is Hungry
Rabbit B1 m is ready to mate
Not enough female Rabbits or Female Rabbit partners are not ready yet!
Rabbit A2 is Hungry
Rabbit A2 m is ready to mate
Not enough female Rabbits or Female Rabbit partners are not ready yet!
Rabbit C0 is Thirsty
Rabbit C0 drank water
Rabbit C0 is Hungry
Rabbit C0 m is ready to mate
Not enough female Rabbits or Female Rabbit partners are not ready yet!
Rabbit B0 is Thirsty
Rabbit B0 drank water
Rabbit B0 is Hungry
Rabbit B0 m is ready to mate
Not enough female Rabbits or Female Rabbit partners are not ready yet!
Rabbit C4 is Hungry
Lion C1 is Hungry
LionC1fis chasing: B0m
LionC1f ate: B0m
Lion C1 f is ready to mate
Lion B5 is Thirsty
Lion B5 drank water
Lion B5 is Hungry
LionB5fis chasing: C2m
Lion C0 m is ready to mate
Lion C0 is Hungry
LionC0mis chasing: C2m
Wolf A4 f is ready to mate
Rabbit C4 is Thirsty
Rabbit C4 drank water
Rabbit C4 is Hungry
RabbitC4f died of hunger
Rabbit C2 is Hungry
Rabbit C2 m is ready to mate
Not enough female Rabbits or Female Rabbit partners are not ready yet!
Rabbit C3 is Hungry
Rabbit C3 m is ready to mate
Not enough female Rabbits or Female Rabbit partners are not ready yet!
Rabbit B1 is Hungry
RabbitB1m died of hunger
Rabbit B1 m is ready to mate
Not enough female Rabbits or Female Rabbit partners are not ready yet!
Rabbit A2 is Hungry
Rabbit A2 m is ready to mate
Not enough female Rabbits or Female Rabbit partners are not ready yet!
Rabbit C0 is Thirsty
Rabbit C0 drank water
Rabbit C0 is Hungry
Rabbit C0 m is ready to mate
Not enough female Rabbits or Female Rabbit partners are not ready yet!
Rabbit B0 is Thirsty
Rabbit B0 drank water
Rabbit B0 is Hungry
RabbitB0m died of hunger
Rabbit B0 m is ready to mate
Not enough female Rabbits or Female Rabbit partners are not ready yet!
Rabbit C5 is Hungry
Rabbit C4f is running away from: WolfA4
Rabbit C4 is Hungry
Lion C1 f is ready to mate
Lion B3 is Thirsty
Lion B3 drank water
Lion B5 is Thirsty
Lion B5 drank water
Lion B5 is Hungry
LionB5fis chasing: C2m
Lion C0 m is ready to mate
Lion C0 is Hungry
LionC0mis chasing: C2m
Wolf A4 f is ready to mate
Rabbit C2 is Hungry
Rabbit C2 m is ready to mate
Not enough female Rabbits or Female Rabbit partners are not ready yet!
Rabbit C3 is Hungry
RabbitC3m died of hunger
Rabbit C3 m is ready to mate
Not enough female Rabbits or Female Rabbit partners are not ready yet!
Rabbit A2 is Thirsty
Rabbit A2 drank water
Rabbit A2 is Hungry
Rabbit A2 m is ready to mate
Not enough female Rabbits or Female Rabbit partners are not ready yet!
Rabbit C0 is Hungry
Rabbit C0 m is ready to mate
Not enough female Rabbits or Female Rabbit partners are not ready yet!
Rabbit C5 is Hungry
Rabbit C5 m is ready to mate
Not enough female Rabbits or Female Rabbit partners are not ready yet!
Rabbit C4f is running away from: WolfA4
Rabbit C4 is Hungry
Lion C1 f is ready to mate
Lion B3 is Thirsty
Lion B3 drank water
Lion B3 is Hungry
LionB3fis chasing: C2m
Lion B5 is Thirsty
Lion B5 drank water
Lion B5 is Hungry
LionB5fis chasing: C2m
Lion C0 m is ready to mate
Lion C0 is Hungry
LionC0mis chasing: C2m
Wolf A4 is Hungry
Wolf A4f is chasing: A2m
Wolf A4 f is ready to mate
Rabbit C2 is Hungry
Rabbit C2 m is ready to mate
Not enough female Rabbits or Female Rabbit partners are not ready yet!
Rabbit A2m is running away from: WolfA4
Rabbit A2 is Hungry
Rabbit A2m ate
Rabbit A2 m is ready to mate
Not enough female Rabbits or Female Rabbit partners are not ready yet!
Rabbit C0m is running away from: WolfA4
Rabbit C0 is Hungry
Rabbit C0 m is ready to mate
Not enough female Rabbits or Female Rabbit partners are not ready yet!
Rabbit C5 is Thirsty
Rabbit C5 drank water
Rabbit C5 is Hungry
Rabbit C5 m is ready to mate
Not enough female Rabbits or Female Rabbit partners are not ready yet!
Rabbit C4f is running away from: WolfA4
Rabbit C4 is Hungry
Rabbit C4 f is ready to mate
Lion C1 f is ready to mate
Lion B3 is Thirsty
Lion B3 drank water
Lion B3 is Hungry
LionB3fis chasing: C2m
Lion B5 is Thirsty
Lion B5 drank water
Lion B5 is Hungry
LionB5fis chasing: C2m
Lion C0 m is ready to mate
Lion C0 is Hungry
LionC0mis chasing: C2m
Wolf A4 is Hungry
Wolf A4f is chasing: C0m
Wolf A4f ate!
Wolf A4 f is ready to mate
Rabbit C2 is Hungry
Rabbit C2 m is ready to mate
Rabbit C2 m is approaching partner: Rabbit C4f
Rabbit A2 m is ready to mate
Rabbit A2 m is approaching partner: Rabbit C4f
Rabbit C5 is Thirsty
Rabbit C5 drank water
Rabbit C5 is Hungry
Rabbit C5 m is ready to mate
Rabbit C5 m is approaching partner: Rabbit C4f
Rabbit C4 is Thirsty
Rabbit C4 drank water
Rabbit C4f is running away from: WolfA4
Rabbit C4 is Hungry
Rabbit C4 f is ready to mate
Lion C1 f is ready to mate
Lion B3 is Thirsty
Lion B3 drank water
Lion B3 is Hungry
LionB3fis chasing: C2m
Lion B5 is Thirsty
Lion B5 drank water
Lion B5 is Hungry
LionB5fis chasing: C2m
Lion C0 is Hungry
LionC0mis chasing: C2m
Lion C0 m is ready to mate
Lion C0 is Hungry
LionC0mis chasing: C2m
Lion B5 is Hungry
LionB5mis chasing: C2m
Wolf A4 is Thirsty
Wolf A4drank water
Wolf A4 f is ready to mate
Rabbit C2 is Hungry
Rabbit C2 m is ready to mate
Rabbit C2 m is approaching partner: Rabbit C4f
Rabbit A2 is Hungry
Rabbit A2 m is ready to mate
Rabbit A2 m is approaching partner: Rabbit C4f
Rabbit C5 is Thirsty
Rabbit C5 drank water
Rabbit C5m is running away from: WolfA4
Rabbit C5 is Hungry
Rabbit C5m ate
Rabbit C5 m is ready to mate
Rabbit C5 m is approaching partner: Rabbit C4f
Rabbit B4 m was born!Father is C5 and Mother is C4
Rabbit C4 is Thirsty
Rabbit C4 drank water
Rabbit C4f is running away from: WolfA4
Rabbit C4 is Hungry
Lion C1 f is ready to mate
Lion B3 is Thirsty
Lion B3 drank water
Lion B3 is Hungry
LionB3fis chasing: C2m
Lion B5 is Thirsty
Lion B5 drank water
Lion B5 is Hungry
LionB5fis chasing: C2m
Lion C0 is Hungry
LionC0mis chasing: C2m
Lion C0 m is ready to mate
Lion C0 is Hungry
LionC0mis chasing: C2m
Lion B5 is Hungry
LionB5mis chasing: C2m
Wolf A4 f is ready to mate
Rabbit C2 is Hungry
RabbitC2m died of hunger
Rabbit C2 m is ready to mate
Not enough female Rabbits or Female Rabbit partners are not ready yet!
Rabbit A2 is Hungry
Rabbit A2m ate
Rabbit A2 m is ready to mate
Not enough female Rabbits or Female Rabbit partners are not ready yet!
Rabbit C5 is Thirsty
Rabbit C5 drank water
Rabbit C5m is running away from: WolfA4
Rabbit C5 m is ready to mate
Not enough female Rabbits or Female Rabbit partners are not ready yet!
Rabbit C4 is Hungry
Lion C1 f is ready to mate
Lion B3 is Hungry
LionB3fis chasing: C4f
Lion B5 is Thirsty
Lion B5 drank water
Lion B5 is Hungry
LionB5fis chasing: C4f
Lion C0 is Hungry
LionC0mis chasing: C4f
Lion C0 m is ready to mate
Lion C0 is Hungry
LionC0mis chasing: C4f
Lion B5 is Hungry
LionB5mis chasing: C4f
Wolf A4 f is ready to mate
Rabbit A2 m is ready to mate
Not enough female Rabbits or Female Rabbit partners are not ready yet!
Rabbit C5 is Hungry
Rabbit C5 m is ready to mate
Not enough female Rabbits or Female Rabbit partners are not ready yet!
Rabbit C4 is Hungry
RabbitC4f died of hunger
Rabbit B4 is Hungry
Lion C1 f is ready to mate
Lion B3 is Hungry
LionB3fis chasing: B4m
Lion B5 is Hungry
LionB5fis chasing: B4m
Lion C0 is Thirsty
Lion C0 drank water
Lion C0 is Hungry
LionC0mis chasing: B4m
Lion C0 m is ready to mate
Lion C0 is Hungry
LionC0mis chasing: B4m
Lion B5 is Hungry
LionB5mis chasing: B4m
Wolf A4 f is ready to mate
Rabbit A2 is Hungry
Rabbit A2 m is ready to mate
Not enough female Rabbits or Female Rabbit partners are not ready yet!
Rabbit C5 is Hungry
Rabbit C5 m is ready to mate
Not enough female Rabbits or Female Rabbit partners are not ready yet!
Rabbit B4 is Hungry
Lion C1 is Thirsty
Lion C1 drank water
Lion C1 f is ready to mate
Lion B3 is Hungry
LionB3fis chasing: B4m
Lion B5 is Hungry
LionB5fis chasing: B4m
Lion C0 is Thirsty
Lion C0 drank water
Lion C0 is Hungry
LionC0mis chasing: B4m
Lion C0 m is ready to mate
Lion C0 is Hungry
LionC0mis chasing: B4m
Lion B5 is Hungry
LionB5mis chasing: B4m
Wolf A4 f is ready to mate
Rabbit A2 is Thirsty
Rabbit A2 drank water
Rabbit A2 is Hungry
Rabbit A2 m is ready to mate
Not enough female Rabbits or Female Rabbit partners are not ready yet!
Rabbit C5 is Hungry
Rabbit C5 m is ready to mate
Not enough female Rabbits or Female Rabbit partners are not ready yet!
Rabbit B4 is Hungry
Lion C1 is Thirsty
Lion C1 drank water
Lion C1 f is ready to mate
Lion B3 is Hungry
LionB3fis chasing: B4m
Lion B5 is Hungry
LionB5fis chasing: B4m
Lion C0 is Thirsty
Lion C0 drank water
Lion C0 is Hungry
LionC0mis chasing: B4m
Lion C0 m is ready to mate
Lion C0 is Hungry
LionC0mis chasing: B4m
Lion B5 is Hungry
LionB5mis chasing: B4m
Wolf A4 f is ready to mate
Rabbit A2 is Hungry
Rabbit A2 m is ready to mate
Not enough female Rabbits or Female Rabbit partners are not ready yet!
Rabbit C5 is Hungry
Rabbit C5 m is ready to mate
Not enough female Rabbits or Female Rabbit partners are not ready yet!
Rabbit B4 is Hungry
Lion C1 is Thirsty
Lion C1 drank water
Lion C1 is Hungry
LionC1fis chasing: B4m
Lion C1 f is ready to mate
Lion B3 is Hungry
LionB3fis chasing: B4m
Lion B5 is Hungry
LionB5fis chasing: B4m
Lion C0 is Thirsty
Lion C0 drank water
Lion C0 is Hungry
LionC0mis chasing: B4m
Lion C0 m is ready to mate
Lion C0 is Hungry
LionC0mis chasing: B4m
Lion B5 is Hungry
LionB5mis chasing: B4m
Wolf A4 f is ready to mate
Rabbit A2 is Hungry
Rabbit A2 m is ready to mate
Not enough female Rabbits or Female Rabbit partners are not ready yet!
Rabbit C5 is Hungry
Rabbit C5 m is ready to mate
Not enough female Rabbits or Female Rabbit partners are not ready yet!
Rabbit B4 is Hungry
Rabbit B4m ate
Lion C1 is Thirsty
Lion C1 drank water
Lion C1 is Hungry
LionC1fis chasing: B4m
Lion C1 f is ready to mate
Lion B3 is Hungry
LionB3fis chasing: B4m
Lion B5 is Hungry
LionB5fis chasing: B4m
Lion C0 is Thirsty
Lion C0 drank water
Lion C0 is Hungry
LionC0mis chasing: B4m
Lion C0 m is ready to mate
Lion C0 is Hungry
LionC0mis chasing: B4m
Lion B5 is Hungry
LionB5mis chasing: B4m
Wolf A4 f is ready to mate
Rabbit A2 is Hungry
Rabbit A2 m is ready to mate
Not enough female Rabbits or Female Rabbit partners are not ready yet!
Rabbit C5 is Hungry
Rabbit C5 m is ready to mate
Not enough female Rabbits or Female Rabbit partners are not ready yet!
Rabbit B4 is Thirsty
Rabbit B4 drank water
Rabbit B4 m is ready to mate
Not enough female Rabbits or Female Rabbit partners are not ready yet!
Lion C1 is Thirsty
Lion C1 drank water
Lion C1 is Hungry
LionC1fis chasing: B4m
Lion C1 f is ready to mate
Lion B3 is Hungry
LionB3fis chasing: B4m
Lion B5 is Hungry
LionB5fis chasing: B4m
Lion C0 is Thirsty
Lion C0 drank water
Lion C0 is Hungry
LionC0mis chasing: B4m
Lion C0 m is ready to mate
Lion C0 is Hungry
LionC0mis chasing: B4m
Lion B5 is Hungry
LionB5mis chasing: B4m
Wolf A4 f is ready to mate
Rabbit A2 is Hungry
Rabbit A2 m is ready to mate
Not enough female Rabbits or Female Rabbit partners are not ready yet!
Rabbit C5 is Thirsty
Rabbit C5 drank water
Rabbit C5 is Hungry
Rabbit C5 m is ready to mate
Not enough female Rabbits or Female Rabbit partners are not ready yet!
Rabbit B4 is Thirsty
Rabbit B4 drank water
Rabbit B4 is Hungry
Rabbit B4 m is ready to mate
Not enough female Rabbits or Female Rabbit partners are not ready yet!
Lion C1 is Thirsty
Lion C1 drank water
Lion C1 is Hungry
LionC1fis chasing: B4m
Lion C1 f is ready to mate
Lion B3 is Hungry
LionB3fis chasing: B4m
Lion B5 is Hungry
LionB5fis chasing: B4m
Lion C0 is Thirsty
Lion C0 drank water
Lion C0 is Hungry
LionC0mis chasing: B4m
Lion C0 m is ready to mate
Lion C0 is Hungry
LionC0mis chasing: B4m
Lion B5 is Hungry
LionB5mis chasing: B4m
Wolf A4 is Hungry
Wolf A4f is chasing: C5m
Wolf A4 f is ready to mate
Rabbit A2 is Hungry
Rabbit A2 m is ready to mate
Not enough female Rabbits or Female Rabbit partners are not ready yet!
Rabbit C5 is Hungry
Rabbit C5 m is ready to mate
Not enough female Rabbits or Female Rabbit partners are not ready yet!
Rabbit B4 is Thirsty
Rabbit B4 drank water
Rabbit B4 is Hungry
Rabbit B4 m is ready to mate
Not enough female Rabbits or Female Rabbit partners are not ready yet!
Lion C1 is Thirsty
Lion C1 drank water
Lion C1 is Hungry
LionC1fis chasing: B4m
Lion C1 f is ready to mate
Lion B3 is Hungry
LionB3fis chasing: B4m
Lion B5 is Hungry
LionB5fis chasing: B4m
Lion C0 is Thirsty
Lion C0 drank water
Lion C0 is Hungry
LionC0mis chasing: B4m
Lion C0 m is ready to mate
Lion C0 is Thirsty
Lion C0 drank water
Lion C0 is Hungry
LionC0mis chasing: B4m
Lion B5 is Thirsty
Lion B5 drank water
Lion B5 is Hungry
LionB5mis chasing: B4m
Wolf A4 is Hungry
Wolf A4f is chasing: C5m
Wolf A4 is Thirsty
Wolf A4drank water
Wolf A4 f is ready to mate
Rabbit A2 is Hungry
Rabbit A2 m is ready to mate
Not enough female Rabbits or Female Rabbit partners are not ready yet!
Rabbit C5m is running away from: WolfA4
Rabbit C5 is Hungry
RabbitC5m died of hunger
Rabbit C5 m is ready to mate
Not enough female Rabbits or Female Rabbit partners are not ready yet!
Rabbit B4 is Hungry
Rabbit B4 m is ready to mate
Not enough female Rabbits or Female Rabbit partners are not ready yet!
Lion C1 is Thirsty
Lion C1 drank water
Lion C1 is Hungry
LionC1fis chasing: A4f
Lion C1 f is ready to mate
Lion B3 is Hungry
LionB3fis chasing: B4m
Lion B5 is Hungry
LionB5fis chasing: B4m
Lion C0 is Thirsty
Lion C0 drank water
Lion C0 is Hungry
LionC0mis chasing: B4m
Lion C0 m is ready to mate
Lion C0 is Thirsty
Lion C0 drank water
Lion C0 is Hungry
LionC0mis chasing: B4m
Lion B5 is Thirsty
Lion B5 drank water
Lion B5 is Hungry
LionB5mis chasing: B4m
Wolf A4f Died of Old Age
Wolf A4 is Hungry
Wolf A4f is chasing: B4m
Wolf A4 is Thirsty
Wolf A4drank water
Wolf A4 f is ready to mate
Rabbit A2 is Thirsty
Rabbit A2 drank water
Rabbit A2 is Hungry
RabbitA2m died of hunger
Rabbit A2 m is ready to mate
Not enough female Rabbits or Female Rabbit partners are not ready yet!
Rabbit B4 is Hungry
Rabbit B4 m is ready to mate
Not enough female Rabbits or Female Rabbit partners are not ready yet!
Lion C1 is Thirsty
Lion C1 drank water
Lion C1 is Hungry
LionC1fis chasing: B4m
Lion C1 f is ready to mate
Lion B3 is Hungry
LionB3fis chasing: B4m
Lion B5 is Hungry
LionB5f died of hunger
Lion C0 is Thirsty
Lion C0 drank water
Lion C0 is Hungry
LionC0mis chasing: B4m
Lion C0 m is ready to mate
Lion C0 is Thirsty
Lion C0 drank water
Lion C0 is Hungry
LionC0mis chasing: B4m
Lion B5 is Thirsty
Lion B5 drank water
Lion B5 is Hungry
LionB5mis chasing: B4m
Rabbit B4 is Hungry
Rabbit B4 m is ready to mate
Not enough female Rabbits or Female Rabbit partners are not ready yet!
Lion C1 is Thirsty
Lion C1 drank water
Lion C1 is Hungry
LionC1fis chasing: B4m
Lion C1 f is ready to mate
Lion B3 is Hungry
LionB3fis chasing: B4m
Lion C0 is Thirsty
Lion C0 drank water
Lion C0 is Hungry
LionC0mis chasing: B4m
Lion C0 m is ready to mate
Lion C0 is Thirsty
Lion C0 drank water
Lion C0 is Hungry
LionC0mis chasing: B4m
Lion B5 is Thirsty
Lion B5 drank water
Lion B5 is Hungry
LionB5mis chasing: B4m
Rabbit B4 is Hungry
Rabbit B4 m is ready to mate
Not enough female Rabbits or Female Rabbit partners are not ready yet!
Lion C1 is Thirsty
Lion C1 drank water
Lion C1 is Hungry
LionC1fis chasing: B4m
Lion C1 f is ready to mate
Lion B3 is Hungry
LionB3fis chasing: B4m
Lion C0 is Thirsty
Lion C0 drank water
Lion C0 is Hungry
LionC0mis chasing: B4m
Lion C0 m is ready to mate
Lion C0 is Thirsty
Lion C0 drank water
Lion C0 is Hungry
LionC0mis chasing: B4m
Lion B5 is Thirsty
Lion B5 drank water
Lion B5 is Hungry
LionB5mis chasing: B4m
Rabbit B4 is Hungry
Rabbit B4 m is ready to mate
Not enough female Rabbits or Female Rabbit partners are not ready yet!
Lion C1 is Thirsty
Lion C1 drank water
Lion C1 is Hungry
LionC1fis chasing: B4m
Lion C1 f is ready to mate
Lion B3 is Hungry
LionB3fis chasing: B4m
Lion C0 is Thirsty
Lion C0 drank water
Lion C0 is Hungry
LionC0mis chasing: B4m
Lion C0 m is ready to mate
Lion C0 is Thirsty
Lion C0 drank water
Lion C0 is Hungry
LionC0mis chasing: B4m
Lion B5 is Thirsty
Lion B5 drank water
Lion B5 is Hungry
LionB5mis chasing: B4m
Rabbit B4 is Hungry
Rabbit B4 m is ready to mate
Not enough female Rabbits or Female Rabbit partners are not ready yet!
Lion C1 is Thirsty
Lion C1 drank water
Lion C1 is Hungry
LionC1fis chasing: B4m
Lion C1 f is ready to mate
Lion B3 is Hungry
LionB3fis chasing: B4m
Lion C0 is Thirsty
Lion C0 drank water
Lion C0 is Hungry
LionC0mis chasing: B4m
Lion C0 m is ready to mate
Lion C0 is Thirsty
Lion C0 drank water
Lion C0 is Hungry
LionC0mis chasing: B4m
Lion B5 is Thirsty
Lion B5 drank water
Lion B5 is Hungry
LionB5mis chasing: B4m
Rabbit B4 is Thirsty
Rabbit B4 drank water
Rabbit B4m is running away from: LionB3
Rabbit B4 is Hungry
RabbitB4m died of hunger
Rabbit B4 m is ready to mate
Not enough female Rabbits or Female Rabbit partners are not ready yet!
Lion C1 is Thirsty
Lion C1 drank water
Lion C1 is Hungry
LionC1f died of hunger
Lion C1 f is ready to mate
Lion B3 is Hungry
LionB3f died of hunger
Lion C0 is Thirsty
Lion C0 drank water
Lion C0 is Hungry
LionC0m died of hunger
Lion C0 m is ready to mate
No Female Lion Partner or Female Lion partners are not ready to mate Yet!
Lion C0 is Thirsty
Lion C0 drank water
Lion C0 is Hungry
LionC0m died of hunger
Lion B5 is Thirsty
Lion B5 drank water
Lion B5 is Hungry
LionB5m died of hunger
