Wolf C1f is running away from: LionA5
Wolf B2f is running away from: LionB5
Wolf A3m is running away from: LionC1
Wolf B3f is running away from: LionB0
Rabbit C4f is running away from: LionC1
Rabbit C4f is running away from: WolfA3
Rabbit B3m is running away from: LionC1
Rabbit B3m is running away from: WolfA3
Rabbit B0m is running away from: LionB5
Rabbit B0m is running away from: WolfB2
Rabbit B2f is running away from: LionB0
Rabbit B2f is running away from: WolfB3
Rabbit B1m is running away from: LionB0
Rabbit B1m is running away from: WolfB2
Rabbit C3f is running away from: LionB5
Rabbit C3f is running away from: WolfB3
Rabbit B4m is running away from: LionB5
Rabbit B4m is running away from: WolfB2
Rabbit A5f is running away from: LionC1
Rabbit A5f is running away from: WolfA3
Rabbit B4m is running away from: LionC1
Rabbit B4m is running away from: WolfA3
Rabbit C2m is running away from: LionA5
Rabbit C2m is running away from: WolfC1
Rabbit C3m is running away from: LionB0
Rabbit C3m is running away from: WolfB2
Rabbit C2m is running away from: LionB5
Rabbit C2m is running away from: WolfB2
Rabbit A1f is running away from: LionB5
Rabbit A1f is running away from: WolfB2
Rabbit B5m is running away from: LionB0
Rabbit B5m is running away from: WolfB2
Rabbit B2f is running away from: LionA5
Rabbit B2f is running away from: WolfB3
Wolf C1f is running away from: LionA5
Wolf B2f is running away from: LionB5
Wolf A3m is running away from: LionC1
Wolf B3f is running away from: LionB0
Rabbit C4f is running away from: LionA5
Rabbit C4f is running away from: WolfA3
Rabbit C4 is Hungry
Rabbit C4f ate
Rabbit C4 f is ready to mate
Rabbit B3m is running away from: LionC1
Rabbit B3m is running away from: WolfA3
Rabbit B3 is Hungry
Rabbit B3m ate
Rabbit B3 m is ready to mate
Rabbit B3 m is approaching partner: Rabbit C4f
Rabbit B0m is running away from: LionB5
Rabbit B0m is running away from: WolfB3
Rabbit B0 is Hungry
Rabbit B0m ate
Rabbit B0 m is ready to mate
Rabbit B0 m is approaching partner: Rabbit C3f
Rabbit B2f is running away from: LionB0
Rabbit B2f is running away from: WolfB3
Rabbit B2 is Hungry
Rabbit B2f ate
Rabbit B2 f is ready to mate
Rabbit B1m is running away from: LionB5
Rabbit B1m is running away from: WolfB2
Rabbit B1 is Hungry
Rabbit B1m ate
Rabbit B1 m is ready to mate
Rabbit B1 m is approaching partner: Rabbit A1f
Rabbit C3f is running away from: LionB5
Rabbit C3f is running away from: WolfB3
Rabbit C3 is Hungry
Rabbit C3f ate
Rabbit C3 f is ready to mate
Rabbit B4m is running away from: LionB5
Rabbit B4m is running away from: WolfB2
Rabbit B4 is Hungry
Rabbit B4m ate
Rabbit B4 m is ready to mate
Rabbit B4 m is approaching partner: Rabbit A1f
Rabbit A5f is running away from: LionC1
Rabbit A5f is running away from: WolfA3
Rabbit A5 is Hungry
Rabbit A5f ate
Rabbit A5 f is ready to mate
Rabbit B4m is running away from: LionC1
Rabbit B4m is running away from: WolfA3
Rabbit B4 is Hungry
Rabbit B4 m is ready to mate
Rabbit B4 m is approaching partner: Rabbit C4f
Rabbit C2m is running away from: LionA5
Rabbit C2m is running away from: WolfA3
Rabbit C2 is Hungry
Rabbit C2m ate
Rabbit C2 m is ready to mate
Rabbit C2 m is approaching partner: Rabbit B2f
Rabbit C3m is running away from: LionB5
Rabbit C3m is running away from: WolfB2
Rabbit C3 is Hungry
Rabbit C3m ate
Rabbit C3 m is ready to mate
Rabbit C3 m is approaching partner: Rabbit A1f
Rabbit C2m is running away from: LionB5
Rabbit C2m is running away from: WolfB2
Rabbit C2 is Hungry
Rabbit C2m ate
Rabbit C2 m is ready to mate
Rabbit C2 m is approaching partner: Rabbit A1f
Rabbit A1f is running away from: LionB0
Rabbit A1f is running away from: WolfB2
Rabbit A1 is Hungry
Rabbit A1f ate
Rabbit A1 f is ready to mate
Rabbit B5m is running away from: LionB0
Rabbit B5m is running away from: WolfB2
Rabbit B5 is Hungry
Rabbit B5m ate
Rabbit B5 m is ready to mate
Rabbit B5 m is approaching partner: Rabbit A1f
Rabbit B2f is running away from: LionA5
Rabbit B2f is running away from: WolfB3
Rabbit B2 is Hungry
Rabbit B2f ate
Rabbit B2 f is ready to mate
Wolf C1f is running away from: LionC1
Wolf B2f is running away from: LionB5
Wolf A3m is running away from: LionC1
Wolf B3f is running away from: LionA5
Rabbit C4f is running away from: LionA5
Rabbit C4f is running away from: WolfA3
Rabbit C4 f is ready to mate
Rabbit B3m is running away from: LionC1
Rabbit B3m is running away from: WolfA3
Rabbit B3 m is ready to mate
Rabbit B3 m is approaching partner: Rabbit C4f
Rabbit B0m is running away from: LionB5
Rabbit B0m is running away from: WolfB3
Rabbit B0 m is ready to mate
Rabbit B0 m is approaching partner: Rabbit C3f
Rabbit B2f is running away from: LionB0
Rabbit B2f is running away from: WolfC1
Rabbit B2 f is ready to mate
Rabbit B1m is running away from: LionB5
Rabbit B1m is running away from: WolfB2
Rabbit B1 m is ready to mate
Rabbit B1 m is approaching partner: Rabbit A1f
Rabbit C3f is running away from: LionB5
Rabbit C3f is running away from: WolfB3
Rabbit C3 f is ready to mate
Rabbit B4m is running away from: LionB5
Rabbit B4m is running away from: WolfB2
Rabbit B4 m is ready to mate
Rabbit B4 m is approaching partner: Rabbit A1f
Rabbit A5f is running away from: LionC1
Rabbit A5f is running away from: WolfA3
Rabbit A5 f is ready to mate
Rabbit B4m is running away from: LionA5
Rabbit B4m is running away from: WolfA3
Rabbit B4 is Hungry
Rabbit B4 m is ready to mate
Rabbit B4 m is approaching partner: Rabbit C4f
Rabbit C4 f was born!Father is B4 and Mother is C4
Rabbit C2m is running away from: LionA5
Rabbit C2m is running away from: WolfA3
Rabbit C2 m is ready to mate
Rabbit C2 m is approaching partner: Rabbit B2f
Rabbit B3 f was born!Father is C2 and Mother is B2
Rabbit C3m is running away from: LionB0
Rabbit C3m is running away from: WolfB2
Rabbit C3 m is ready to mate
Rabbit C3 m is approaching partner: Rabbit A1f
Rabbit C2m is running away from: LionB5
Rabbit C2m is running away from: WolfB2
Rabbit C2 m is ready to mate
Rabbit C2 m is approaching partner: Rabbit A1f
Rabbit A1f is running away from: LionB5
Rabbit A1f is running away from: WolfB2
Rabbit A1 f is ready to mate
Rabbit B5m is running away from: LionB0
Rabbit B5m is running away from: WolfB2
Rabbit B5 m is ready to mate
Rabbit B5 m is approaching partner: Rabbit A1f
Rabbit B2f is running away from: LionA5
Rabbit B2f is running away from: WolfA3
Wolf C1f is running away from: LionA5
Wolf B2f is running away from: LionB5
Wolf A3m is running away from: LionC1
Wolf B3f is running away from: LionB0
Wolf B3f ate!
Rabbit C4f is running away from: LionA5
Rabbit C4f is running away from: WolfC1
Rabbit C4 is Hungry
Rabbit C4f ate
Rabbit B3m is running away from: LionA5
Rabbit B3m is running away from: WolfA3
Rabbit B3 is Hungry
Rabbit B3m ate
Rabbit B3 m is ready to mate
Rabbit B3 m is approaching partner: Rabbit B2f
Rabbit B0m is running away from: LionB5
Rabbit B0m is running away from: WolfB3
Rabbit B0 is Hungry
Rabbit B0m ate
Rabbit B0 m is ready to mate
Rabbit B0 m is approaching partner: Rabbit A1f
Rabbit B2f is running away from: LionB0
Rabbit B2f is running away from: WolfC1
Rabbit B2 is Hungry
Rabbit B2f ate
Rabbit B2 f is ready to mate
Rabbit B1m is running away from: LionB0
Rabbit B1m is running away from: WolfB2
Rabbit B1 is Hungry
Rabbit B1 m is ready to mate
Rabbit B1 m is approaching partner: Rabbit A1f
Rabbit B4m is running away from: LionB5
Rabbit B4m is running away from: WolfB2
Rabbit B4 is Hungry
Rabbit B4m ate
Rabbit B4 m is ready to mate
Rabbit B4 m is approaching partner: Rabbit A1f
Rabbit A5f is running away from: LionC1
Rabbit A5f is running away from: WolfA3
Rabbit A5 is Hungry
Rabbit A5 f is ready to mate
Rabbit B4m is running away from: LionA5
Rabbit B4m is running away from: WolfC1
Rabbit B4 is Hungry
Rabbit B4m ate
Rabbit B4 m is ready to mate
Rabbit B4 m is approaching partner: Rabbit B2f
Rabbit C2m is running away from: LionA5
Rabbit C2m is running away from: WolfA3
Rabbit C2 is Hungry
Rabbit C2m ate
Rabbit C2 m is ready to mate
Rabbit C2 m is approaching partner: Rabbit B2f
Rabbit C3m is running away from: LionB5
Rabbit C3m is running away from: WolfB2
Rabbit C3 is Hungry
Rabbit C3 m is ready to mate
Rabbit C3 m is approaching partner: Rabbit A1f
Rabbit C2m is running away from: LionB5
Rabbit C2m is running away from: WolfB2
Rabbit C2 is Hungry
Rabbit C2m ate
Rabbit C2 m is ready to mate
Rabbit C2 m is approaching partner: Rabbit A1f
Rabbit A1f is running away from: LionB0
Rabbit A1f is running away from: WolfB2
Rabbit A1 is Hungry
Rabbit A1f ate
Rabbit A1 f is ready to mate
Rabbit B5m is running away from: LionB5
Rabbit B5m is running away from: WolfB2
Rabbit B5 is Hungry
Rabbit B5m ate
Rabbit B5 m is ready to mate
Rabbit B5 m is approaching partner: Rabbit A1f
Rabbit B2f is running away from: LionA5
Rabbit B2f is running away from: WolfA3
Rabbit B2 is Hungry
Rabbit B2f ate
Rabbit C4f is running away from: LionC1
Rabbit C4f is running away from: WolfC1
Rabbit B3f is running away from: LionA5
Rabbit B3f is running away from: WolfC1
Lion B0 m is ready to mate
No Female Lion Partner or Female Lion partners are not ready to mate Yet!
Lion A5 m is ready to mate
No Female Lion Partner or Female Lion partners are not ready to mate Yet!
Lion C1 m is ready to mate
No Female Lion Partner or Female Lion partners are not ready to mate Yet!
Lion B5 m is ready to mate
No Female Lion Partner or Female Lion partners are not ready to mate Yet!
Wolf C1f is running away from: LionA5
Wolf C1 is Hungry
Wolf C1f is chasing: C4f
Wolf C1f ate!
Wolf C1 f is ready to mate
Wolf B2f is running away from: LionB5
Wolf B2 is Hungry
Wolf B2f is chasing: B4m
Wolf B2 f is ready to mate
Wolf A3m is running away from: LionC1
Wolf A3 is Hungry
Wolf A3m is chasing: B4m
Wolf A3 m is ready to mate
Wolf B3f is running away from: LionB0
Wolf B3 f is ready to mate
Rabbit C4f is running away from: LionC1
Rabbit C4f is running away from: WolfC1
Rabbit B3m is running away from: LionA5
Rabbit B3m is running away from: WolfA3
Rabbit B3 m is ready to mate
Rabbit B3 m is approaching partner: Rabbit B2f
Rabbit B0m is running away from: LionB5
Rabbit B0m is running away from: WolfB3
Rabbit B0 m is ready to mate
Rabbit B0 m is approaching partner: Rabbit A1f
Rabbit B2f is running away from: LionB0
Rabbit B2f is running away from: WolfC1
Rabbit B2 f is ready to mate
Rabbit B1m is running away from: LionB5
Rabbit B1m is running away from: WolfB2
Rabbit B1 is Hungry
Rabbit B1 m is ready to mate
Rabbit B1 m is approaching partner: Rabbit A1f
Rabbit B4m is running away from: LionB5
Rabbit B4m is running away from: WolfB2
Rabbit B4 m is ready to mate
Rabbit B4 m is approaching partner: Rabbit A1f
Rabbit A5f is running away from: LionC1
Rabbit A5f is running away from: WolfA3
Rabbit A5 is Hungry
Rabbit A5 f is ready to mate
Rabbit B4m is running away from: LionC1
Rabbit B4m is running away from: WolfC1
Rabbit B4 m is ready to mate
Rabbit B4 m is approaching partner: Rabbit B2f
Rabbit C2m is running away from: LionA5
Rabbit C2m is running away from: WolfA3
Rabbit C2 m is ready to mate
Rabbit C2 m is approaching partner: Rabbit B2f
Rabbit C3m is running away from: LionB0
Rabbit C3m is running away from: WolfB2
Rabbit C3 is Hungry
Rabbit C3 m is ready to mate
Rabbit C3 m is approaching partner: Rabbit A1f
Rabbit C2m is running away from: LionB0
Rabbit C2m is running away from: WolfB2
Rabbit C2 m is ready to mate
Rabbit C2 m is approaching partner: Rabbit A1f
Rabbit A1f is running away from: LionB0
Rabbit A1f is running away from: WolfB2
Rabbit A1 f is ready to mate
Rabbit B5m is running away from: LionB0
Rabbit B5m is running away from: WolfB2
Rabbit B5 m is ready to mate
Rabbit B5 m is approaching partner: Rabbit A1f
Rabbit B2f is running away from: LionA5
Rabbit B2f is running away from: WolfA3
Rabbit B3f is running away from: LionA5
Rabbit B3f is running away from: WolfA3
Rabbit B3 is Hungry
Rabbit B3f ate
Lion B0 is Hungry
LionB0mis chasing: B0m
Lion B0 m is ready to mate
No Female Lion Partner or Female Lion partners are not ready to mate Yet!
Lion A5 is Hungry
LionA5mis chasing: C2m
Lion A5 m is ready to mate
No Female Lion Partner or Female Lion partners are not ready to mate Yet!
Lion C1 is Hungry
LionC1mis chasing: A5f
Lion C1 m is ready to mate
No Female Lion Partner or Female Lion partners are not ready to mate Yet!
Lion B5 is Hungry
LionB5mis chasing: B2f
Lion B5 m is ready to mate
No Female Lion Partner or Female Lion partners are not ready to mate Yet!
Wolf C1f is running away from: LionA5
Wolf C1f ate!
Wolf C1 f is ready to mate
Wolf B2f is running away from: LionB5
Wolf B2 is Hungry
Wolf B2f is chasing: C2m
Wolf B2 f is ready to mate
Wolf A3m is running away from: LionC1
Wolf A3 is Hungry
Wolf A3m is chasing: B3m
Wolf A3 m is ready to mate
Wolf B3f is running away from: LionB5
Wolf B3 f is ready to mate
Rabbit B3m is running away from: LionA5
Rabbit B3m is running away from: WolfA3
Rabbit B3 is Hungry
Rabbit B3m ate
Rabbit B3 m is ready to mate
Rabbit B3 m is approaching partner: Rabbit B2f
Rabbit B0m is running away from: LionB0
Rabbit B0m is running away from: WolfB3
Rabbit B0 is Hungry
Rabbit B0m ate
Rabbit B0 m is ready to mate
Rabbit B0 m is approaching partner: Rabbit A1f
Rabbit B2f is running away from: LionB0
Rabbit B2f is running away from: WolfC1
Rabbit B2 is Hungry
Rabbit B2f ate
Rabbit B2 f is ready to mate
Rabbit B1m is running away from: LionB5
Rabbit B1m is running away from: WolfB2
Rabbit B1 is Hungry
Rabbit B1m ate
Rabbit B1 m is ready to mate
Rabbit B1 m is approaching partner: Rabbit A1f
Rabbit C3 f was born!Father is B1 and Mother is A1
Rabbit B4m is running away from: LionB5
Rabbit B4m is running away from: WolfB2
Rabbit B4 is Hungry
Rabbit B4 m is ready to mate
Rabbit B4 m is approaching partner: Rabbit B2f
Rabbit A5f is running away from: LionC1
Rabbit A5f is running away from: WolfA3
Rabbit A5 is Hungry
Rabbit A5 f is ready to mate
Rabbit B4m is running away from: LionA5
Rabbit B4m is running away from: WolfC1
Rabbit B4 is Hungry
Rabbit B4m ate
Rabbit B4 m is ready to mate
Rabbit B4 m is approaching partner: Rabbit B2f
Rabbit C2m is running away from: LionA5
Rabbit C2m is running away from: WolfA3
Rabbit C2 is Hungry
Rabbit C2m ate
Rabbit C2 m is ready to mate
Rabbit C2 m is approaching partner: Rabbit B2f
Rabbit C3m is running away from: LionB0
Rabbit C3m is running away from: WolfB2
Rabbit C3 is Hungry
Rabbit C3m ate
Rabbit C3 m is ready to mate
Rabbit C3 m is approaching partner: Rabbit B2f
Rabbit C2m is running away from: LionB5
Rabbit C2m is running away from: WolfB2
Rabbit C2 is Hungry
Rabbit C2 m is ready to mate
Rabbit C2 m is approaching partner: Rabbit B2f
Rabbit A1f is running away from: LionB5
Rabbit A1f is running away from: WolfB2
Rabbit A1 is Hungry
Rabbit B5m is running away from: LionB5
Rabbit B5m is running away from: WolfB2
Rabbit B5 is Hungry
Rabbit B5 m is ready to mate
Rabbit B5 m is approaching partner: Rabbit B2f
Rabbit B2f is running away from: LionA5
Rabbit B2f is running away from: WolfA3
Rabbit B2 is Hungry
Rabbit B3f is running away from: LionA5
Rabbit B3f is running away from: WolfA3
Lion B0 is Hungry
LionB0mis chasing: B0m
Lion B0 m is ready to mate
No Female Lion Partner or Female Lion partners are not ready to mate Yet!
Lion A5 is Hungry
LionA5mis chasing: C2m
Lion A5 m is ready to mate
No Female Lion Partner or Female Lion partners are not ready to mate Yet!
Lion C1 is Hungry
LionC1mis chasing: A5f
Lion C1 m is ready to mate
No Female Lion Partner or Female Lion partners are not ready to mate Yet!
Lion B5 is Hungry
LionB5mis chasing: B2f
Lion B5 m is ready to mate
No Female Lion Partner or Female Lion partners are not ready to mate Yet!
Wolf C1f is running away from: LionA5
Wolf C1 f is ready to mate
Wolf B2f is running away from: LionB5
Wolf B2 is Hungry
Wolf B2f is chasing: C3f
Wolf B2 f is ready to mate
Wolf A3m is running away from: LionA5
Wolf A3 is Hungry
Wolf A3m is chasing: B3m
Wolf A3 m is ready to mate
Wolf B3f is running away from: LionB0
Wolf B3 f is ready to mate
Rabbit B3m is running away from: LionA5
Rabbit B3m is running away from: WolfA3
Rabbit B3 m is ready to mate
Rabbit B3 m is approaching partner: Rabbit B2f
Rabbit B0m is running away from: LionB0
Rabbit B0m is running away from: WolfB3
Rabbit B0 m is ready to mate
Rabbit B0 m is approaching partner: Rabbit B2f
Rabbit B2f is running away from: LionA5
Rabbit B2f is running away from: WolfB2
Rabbit B2 f is ready to mate
Rabbit B1m is running away from: LionB0
Rabbit B1m is running away from: WolfB2
Rabbit B1 m is ready to mate
Rabbit B1 m is approaching partner: Rabbit B2f
Rabbit B4m is running away from: LionB0
Rabbit B4m is running away from: WolfB2
Rabbit B4 is Hungry
Rabbit B4m ate
Rabbit B4 m is ready to mate
Rabbit B4 m is approaching partner: Rabbit B2f
Rabbit B2 m was born!Father is B4 and Mother is B2
Rabbit A5f is running away from: LionC1
Rabbit A5f is running away from: WolfA3
Rabbit A5 is Hungry
Rabbit A5 f is ready to mate
Rabbit B4m is running away from: LionA5
Rabbit B4m is running away from: WolfC1
Rabbit B4 m is ready to mate
Rabbit B4 m is approaching partner: Rabbit A5f
Rabbit C2m is running away from: LionA5
Rabbit C2m is running away from: WolfA3
Rabbit C2 m is ready to mate
Rabbit C2 m is approaching partner: Rabbit A5f
Rabbit C3m is running away from: LionB0
Rabbit C3m is running away from: WolfB2
Rabbit C3 m is ready to mate
Rabbit C3 m is approaching partner: Rabbit A5f
Rabbit C2m is running away from: LionB0
Rabbit C2m is running away from: WolfB2
Rabbit C2 is Hungry
Rabbit C2 m is ready to mate
Rabbit C2 m is approaching partner: Rabbit A5f
Rabbit A1f is running away from: LionB0
Rabbit A1f is running away from: WolfB2
Rabbit A1 is Hungry
Rabbit A1f ate
Rabbit B5m is running away from: LionB0
Rabbit B5m is running away from: WolfB2
Rabbit B5 is Hungry
Rabbit B5 m is ready to mate
Rabbit B5 m is approaching partner: Rabbit A5f
Rabbit B2f is running away from: LionA5
Rabbit B2f is running away from: WolfA3
Rabbit B2 is Hungry
Rabbit B2 f is ready to mate
Rabbit B3f is running away from: LionA5
Rabbit B3f is running away from: WolfA3
Rabbit B3 is Hungry
Rabbit B3f ate
Rabbit B3 f is ready to mate
Rabbit C3f is running away from: LionB5
Rabbit C3f is running away from: WolfB2
Lion B0 is Hungry
LionB0mis chasing: B0m
Lion B0 m is ready to mate
No Female Lion Partner or Female Lion partners are not ready to mate Yet!
Lion A5 is Hungry
LionA5mis chasing: B2f
Lion A5 m is ready to mate
No Female Lion Partner or Female Lion partners are not ready to mate Yet!
Lion C1 is Hungry
LionC1mis chasing: A5f
Lion C1 m is ready to mate
No Female Lion Partner or Female Lion partners are not ready to mate Yet!
Lion B5 is Hungry
LionB5mis chasing: B3f
Lion B5 m is ready to mate
No Female Lion Partner or Female Lion partners are not ready to mate Yet!
Wolf C1f is running away from: LionA5
Wolf C1 f is ready to mate
Wolf B2f is running away from: LionB5
Wolf B2 is Hungry
Wolf B2f is chasing: C3f
Wolf B2 f is ready to mate
Wolf A3m is running away from: LionA5
Wolf A3 is Hungry
Wolf A3m is chasing: B4m
Wolf A3 m is ready to mate
Wolf B3f is running away from: LionB5
Wolf B3 f is ready to mate
Rabbit B3m is running away from: LionA5
Rabbit B3m is running away from: WolfA3
Rabbit B3 is Hungry
Rabbit B3m ate
Rabbit B3 m is ready to mate
Rabbit B3 m is approaching partner: Rabbit B3f
Rabbit B0m is running away from: LionB0
Rabbit B0m is running away from: WolfB3
Rabbit B0 is Hungry
Rabbit B0m ate
Rabbit B0 m is ready to mate
Rabbit B0 m is approaching partner: Rabbit B2f
Rabbit B2f is running away from: LionB0
Rabbit B2f is running away from: WolfB2
Rabbit B2 is Hungry
Rabbit B2f ate
Rabbit B1m is running away from: LionB0
Rabbit B1m is running away from: WolfB2
Rabbit B1 is Hungry
Rabbit B1m ate
Rabbit B1 m is ready to mate
Rabbit B1 m is approaching partner: Rabbit B2f
Rabbit B4m is running away from: LionB0
Rabbit B4m is running away from: WolfB2
Rabbit B4 m is ready to mate
Rabbit B4 m is approaching partner: Rabbit B3f
Rabbit A5f is running away from: LionC1
Rabbit A5f is running away from: WolfA3
Rabbit A5 is Hungry
Rabbit A5 f is ready to mate
Rabbit B4m is running away from: LionA5
Rabbit B4m is running away from: WolfC1
Rabbit B4 is Hungry
Rabbit B4m ate
Rabbit B4 m is ready to mate
Rabbit B4 m is approaching partner: Rabbit B3f
Rabbit C2m is running away from: LionA5
Rabbit C2m is running away from: WolfA3
Rabbit C2 is Hungry
Rabbit C2 m is ready to mate
Rabbit C2 m is approaching partner: Rabbit B2f
Rabbit C3m is running away from: LionB0
Rabbit C3m is running away from: WolfB2
Rabbit C3 is Hungry
Rabbit C3m ate
Rabbit C3 m is ready to mate
Rabbit C3 m is approaching partner: Rabbit B2f
Rabbit C2m is running away from: LionB0
Rabbit C2m is running away from: WolfB2
Rabbit C2 is Hungry
Rabbit C2 m is ready to mate
Rabbit C2 m is approaching partner: Rabbit B2f
Rabbit A1f is running away from: LionB0
Rabbit A1f is running away from: WolfB2
Rabbit B5m is running away from: LionB0
Rabbit B5m is running away from: WolfB2
Rabbit B5 is Hungry
Rabbit B5 m is ready to mate
Rabbit B5 m is approaching partner: Rabbit B2f
Rabbit B2f is running away from: LionA5
Rabbit B2f is running away from: WolfA3
Rabbit B2 is Hungry
Rabbit B2 f is ready to mate
Rabbit B3f is running away from: LionA5
Rabbit B3f is running away from: WolfA3
Rabbit B3 f is ready to mate
Rabbit C3f is running away from: LionB5
Rabbit C3f is running away from: WolfB2
Rabbit C3 is Hungry
Rabbit B2m is running away from: LionB0
Rabbit B2m is running away from: WolfB2
Lion B0 is Hungry
LionB0mis chasing: B0m
Lion B0 m is ready to mate
No Female Lion Partner or Female Lion partners are not ready to mate Yet!
Lion A5m ate: B2f
Lion A5 m is ready to mate
No Female Lion Partner or Female Lion partners are not ready to mate Yet!
Lion C1 is Hungry
LionC1mis chasing: A5f
Lion C1 m is ready to mate
No Female Lion Partner or Female Lion partners are not ready to mate Yet!
Lion B5 is Hungry
LionB5mis chasing: B3f
Lion B5 m is ready to mate
No Female Lion Partner or Female Lion partners are not ready to mate Yet!
Wolf C1f is running away from: LionC1
Wolf C1 f is ready to mate
Wolf B2f is running away from: LionB5
Wolf B2 is Hungry
Wolf B2f is chasing: C3f
Wolf B2 f is ready to mate
Wolf A3m is running away from: LionA5
Wolf A3 is Hungry
Wolf A3m is chasing: B4m
Wolf A3 m is ready to mate
Wolf B5 m was born! Father is A3 and Mother is C1
Wolf B3f is running away from: LionB5
Wolf B3 is Hungry
Wolf B3f is chasing: B0m
Wolf B3 f is ready to mate
Rabbit B3m is running away from: LionA5
Rabbit B3m is running away from: WolfA3
Rabbit B3 m is ready to mate
Rabbit B3 m is approaching partner: Rabbit B3f
Rabbit B0m is running away from: LionB0
Rabbit B0m is running away from: WolfB3
Rabbit B0 m is ready to mate
Rabbit B0 m is approaching partner: Rabbit B2f
Rabbit B2f is running away from: LionA5
Rabbit B2f is running away from: WolfB2
Rabbit B1m is running away from: LionB0
Rabbit B1m is running away from: WolfB2
Rabbit B1 m is ready to mate
Rabbit B1 m is approaching partner: Rabbit B2f
Rabbit B4m is running away from: LionA5
Rabbit B4m is running away from: WolfB2
Rabbit B4 is Hungry
Rabbit B4m ate
Rabbit B4 m is ready to mate
Rabbit B4 m is approaching partner: Rabbit B3f
Rabbit A5f is running away from: LionC1
Rabbit A5f is running away from: WolfB5
Rabbit A5 is Hungry
Rabbit A5 f is ready to mate
Rabbit B4m is running away from: LionA5
Rabbit B4m is running away from: WolfC1
Rabbit B4 m is ready to mate
Rabbit B4 m is approaching partner: Rabbit B3f
Rabbit C2m is running away from: LionA5
Rabbit C2m is running away from: WolfB3
Rabbit C2 is Hungry
Rabbit C2 m is ready to mate
Rabbit C2 m is approaching partner: Rabbit B2f
Rabbit C3m is running away from: LionB0
Rabbit C3m is running away from: WolfB2
Rabbit C3 m is ready to mate
Rabbit C3 m is approaching partner: Rabbit B2f
Rabbit C2m is running away from: LionB0
Rabbit C2m is running away from: WolfB2
Rabbit C2 is Hungry
Rabbit C2 m is ready to mate
Rabbit C2 m is approaching partner: Rabbit B2f
Rabbit A1f is running away from: LionB0
Rabbit A1f is running away from: WolfB2
Rabbit A1 is Hungry
Rabbit A1f ate
Rabbit B5m is running away from: LionB0
Rabbit B5m is running away from: WolfB2
Rabbit B5 is Hungry
Rabbit B5m ate
Rabbit B5 m is ready to mate
Rabbit B5 m is approaching partner: Rabbit B3f
Rabbit B2f is running away from: LionA5
Rabbit B2f is running away from: WolfB3
Rabbit B2 is Hungry
Rabbit B2 f is ready to mate
Rabbit B3f is running away from: LionA5
Rabbit B3f is running away from: WolfA3
Rabbit B3 is Hungry
Rabbit B3f ate
Rabbit B3 f is ready to mate
Rabbit C3f is running away from: LionB0
Rabbit C3f is running away from: WolfB2
Rabbit C3 is Hungry
Rabbit C3 f is ready to mate
Rabbit B2m is running away from: LionA5
Rabbit B2m is running away from: WolfB2
Rabbit B2 is Hungry
Lion B0 is Hungry
LionB0mis chasing: B0m
Lion B0 m is ready to mate
No Female Lion Partner or Female Lion partners are not ready to mate Yet!
Lion A5 m is ready to mate
No Female Lion Partner or Female Lion partners are not ready to mate Yet!
Lion C1 is Hungry
LionC1mis chasing: A5f
Lion C1 m is ready to mate
No Female Lion Partner or Female Lion partners are not ready to mate Yet!
Lion B5 is Hungry
LionB5mis chasing: B3f
Lion B5 m is ready to mate
No Female Lion Partner or Female Lion partners are not ready to mate Yet!
Wolf C1f is running away from: LionC1
Wolf C1 is Thirsty
Wolf C1drank water
Wolf B2f is running away from: LionB0
Wolf B2 is Hungry
Wolf B2f is chasing: C3f
Wolf B2 is Thirsty
Wolf B2drank water
Wolf B2 f is ready to mate
Wolf A3m is running away from: LionC1
Wolf A3 is Hungry
Wolf A3m is chasing: B4m
Wolf A3 is Thirsty
Wolf A3drank water
Wolf A3 m is ready to mate
Wolf B3f is running away from: LionB0
Wolf B3 is Hungry
Wolf B3f is chasing: B0m
Wolf B3 is Thirsty
Wolf B3drank water
Wolf B3 f is ready to mate
Wolf B5m is running away from: LionC1
Rabbit B3m is running away from: LionA5
Rabbit B3m is running away from: WolfA3
Rabbit B3 is Hungry
Rabbit B3m ate
Rabbit B3 m is ready to mate
Rabbit B3 m is approaching partner: Rabbit B3f
Rabbit B0m is running away from: LionB0
Rabbit B0m is running away from: WolfB3
Rabbit B0 is Hungry
Rabbit B0m ate
Rabbit B0 m is ready to mate
Rabbit B0 m is approaching partner: Rabbit B2f
Rabbit B2f is running away from: LionA5
Rabbit B2f is running away from: WolfA3
Rabbit B2 is Hungry
Rabbit B1m is running away from: LionB0
Rabbit B1m is running away from: WolfB2
Rabbit B1 is Hungry
Rabbit B1 m is ready to mate
Rabbit B1 m is approaching partner: Rabbit C3f
Rabbit B4m is running away from: LionA5
Rabbit B4m is running away from: WolfA3
Rabbit B4 m is ready to mate
Rabbit B4 m is approaching partner: Rabbit B3f
Rabbit A5f is running away from: LionC1
Rabbit A5f is running away from: WolfB5
Rabbit A5 is Hungry
RabbitA5f died of hunger
Rabbit A5 f is ready to mate
Rabbit B4m is running away from: LionA5
Rabbit B4m is running away from: WolfA3
Rabbit B4 is Hungry
Rabbit B4m ate
Rabbit B4 m is ready to mate
Rabbit B4 m is approaching partner: Rabbit B3f
Rabbit C2m is running away from: LionA5
Rabbit C2m is running away from: WolfA3
Rabbit C2 is Hungry
Rabbit C2 m is ready to mate
Rabbit C2 m is approaching partner: Rabbit B2f
Rabbit C3m is running away from: LionA5
Rabbit C3m is running away from: WolfB2
Rabbit C3 is Hungry
Rabbit C3 m is ready to mate
Rabbit C3 m is approaching partner: Rabbit C3f
Rabbit C2m is running away from: LionB0
Rabbit C2m is running away from: WolfB2
Rabbit C2 is Hungry
Rabbit C2 m is ready to mate
Rabbit C2 m is approaching partner: Rabbit C3f
Rabbit A1f is running away from: LionB0
Rabbit A1f is running away from: WolfB2
Rabbit A1 f is ready to mate
Rabbit B5m is running away from: LionA5
Rabbit B5m is running away from: WolfB2
Rabbit B5 m is ready to mate
Rabbit B5 m is approaching partner: Rabbit A1f
Rabbit B2f is running away from: LionA5
Rabbit B2f is running away from: WolfA3
Rabbit B2 is Hungry
Rabbit B2 f is ready to mate
Rabbit B3f is running away from: LionA5
Rabbit B3f is running away from: WolfA3
Rabbit B3 f is ready to mate
Rabbit C3f is running away from: LionB0
Rabbit C3f is running away from: WolfB2
Rabbit C3 is Hungry
Rabbit C3 f is ready to mate
Rabbit B2m is running away from: LionA5
Rabbit B2m is running away from: WolfA3
Rabbit B2 is Hungry
Rabbit B2m ate
Rabbit B2 m is ready to mate
Rabbit B2 m is approaching partner: Rabbit A1f
Lion B0 is Hungry
LionB0mis chasing: B3f
Lion B0 m is ready to mate
No Female Lion Partner or Female Lion partners are not ready to mate Yet!
Lion A5 m is ready to mate
No Female Lion Partner or Female Lion partners are not ready to mate Yet!
Lion C1 is Hungry
LionC1mis chasing: B5m
Lion C1 m is ready to mate
No Female Lion Partner or Female Lion partners are not ready to mate Yet!
Lion B5 is Hungry
LionB5mis chasing: B3f
Lion B5 m is ready to mate
No Female Lion Partner or Female Lion partners are not ready to mate Yet!
Wolf C1f is running away from: LionC1
Wolf C1 is Hungry
Wolf C1f is chasing: B4m
Wolf C1 is Thirsty
Wolf C1drank water
Wolf B2f is running away from: LionB0
Wolf B2 is Hungry
Wolf B2f is chasing: C3f
Wolf B2 is Thirsty
Wolf B2drank water
Wolf B2 f is ready to mate
Wolf A3m is running away from: LionA5
Wolf A3 is Hungry
Wolf A3m is chasing: B4m
Wolf A3 is Thirsty
Wolf A3drank water
Wolf A3 m is ready to mate
Wolf B3f is running away from: LionB0
Wolf B3 is Hungry
Wolf B3f is chasing: B0m
Wolf B3 is Thirsty
Wolf B3drank water
Wolf B3 f is ready to mate
Wolf B5m is running away from: LionC1
Rabbit B3m is running away from: LionA5
Rabbit B3m is running away from: WolfA3
Rabbit B3 m is ready to mate
Rabbit B3 m is approaching partner: Rabbit B3f
Rabbit B0m is running away from: LionB0
Rabbit B0m is running away from: WolfB3
Rabbit B0 m is ready to mate
Rabbit B0 m is approaching partner: Rabbit B2f
Rabbit B2f is running away from: LionA5
Rabbit B2f is running away from: WolfA3
Rabbit B2 is Hungry
Rabbit B2 f is ready to mate
Rabbit B1m is running away from: LionB0
Rabbit B1m is running away from: WolfB2
Rabbit B1 is Hungry
Rabbit B1 m is ready to mate
Rabbit B1 m is approaching partner: Rabbit B2f
Rabbit B4m is running away from: LionA5
Rabbit B4m is running away from: WolfA3
Rabbit B4 is Hungry
Rabbit B4m ate
Rabbit B4 m is ready to mate
Rabbit B4 m is approaching partner: Rabbit B2f
Rabbit B4m is running away from: LionA5
Rabbit B4m is running away from: WolfB5
Rabbit B4 m is ready to mate
Rabbit B4 m is approaching partner: Rabbit B2f
Rabbit C2m is running away from: LionA5
Rabbit C2m is running away from: WolfA3
Rabbit C2 is Hungry
Rabbit C2 m is ready to mate
Rabbit C2 m is approaching partner: Rabbit B2f
Rabbit C3m is running away from: LionB0
Rabbit C3m is running away from: WolfB2
Rabbit C3 is Hungry
Rabbit C3 m is ready to mate
Rabbit C3 m is approaching partner: Rabbit A1f
Rabbit A3 f was born!Father is C3 and Mother is A1
Rabbit C2m is running away from: LionB0
Rabbit C2m is running away from: WolfB2
Rabbit C2 is Hungry
Rabbit C2 m is ready to mate
Rabbit C2 m is approaching partner: Rabbit B2f
Rabbit A1 f was born!Father is C2 and Mother is B2
Rabbit A1f is running away from: LionB0
Rabbit A1f is running away from: WolfB2
Rabbit A1 is Hungry
Rabbit B5m is running away from: LionB0
Rabbit B5m is running away from: WolfB2
Rabbit B5 is Hungry
Rabbit B5 m is ready to mate
Rabbit B5 m is approaching partner: Rabbit B3f
Rabbit B2f is running away from: LionA5
Rabbit B2f is running away from: WolfA3
Rabbit B2 is Hungry
Rabbit B2f ate
Rabbit B2 f is ready to mate
Rabbit B3f is running away from: LionA5
Rabbit B3f is running away from: WolfA3
Rabbit B3 is Hungry
Rabbit B3f ate
Rabbit B3 f is ready to mate
Rabbit C3f is running away from: LionB5
Rabbit C3f is running away from: WolfB2
Rabbit C3 is Hungry
Rabbit C3 f is ready to mate
Rabbit B2m is running away from: LionA5
Rabbit B2m is running away from: WolfA3
Rabbit B2 m is ready to mate
Rabbit B2 m is approaching partner: Rabbit B2f
Lion B0 is Hungry
LionB0mis chasing: B3f
Lion B0 m is ready to mate
No Female Lion Partner or Female Lion partners are not ready to mate Yet!
Lion A5 m is ready to mate
No Female Lion Partner or Female Lion partners are not ready to mate Yet!
Lion C1 is Hungry
LionC1mis chasing: C1f
Lion C1 m is ready to mate
No Female Lion Partner or Female Lion partners are not ready to mate Yet!
Lion B5 is Hungry
LionB5mis chasing: B3f
LionB5m ate: B3f
Lion B5 m is ready to mate
No Female Lion Partner or Female Lion partners are not ready to mate Yet!
Wolf C1f is running away from: LionC1
Wolf C1 is Hungry
Wolf C1f is chasing: B4m
Wolf C1 is Thirsty
Wolf C1drank water
Wolf B2f is running away from: LionB0
Wolf B2 is Hungry
Wolf B2f is chasing: C3f
Wolf B2 is Thirsty
Wolf B2drank water
Wolf B2 f is ready to mate
Wolf A3m is running away from: LionA5
Wolf A3 is Hungry
Wolf A3m is chasing: B4m
Wolf A3 is Thirsty
Wolf A3drank water
Wolf A3 m is ready to mate
Wolf B5m is running away from: LionC1
Rabbit B3m is running away from: LionA5
Rabbit B3m is running away from: WolfA3
Rabbit B3 is Hungry
Rabbit B3 m is ready to mate
Rabbit B3 m is approaching partner: Rabbit B3f
Rabbit B0m is running away from: LionA5
Rabbit B0m is running away from: WolfB2
Rabbit B0 is Hungry
Rabbit B0m ate
Rabbit B0 m is ready to mate
Rabbit B0 m is approaching partner: Rabbit B2f
Rabbit B2f is running away from: LionA5
Rabbit B2f is running away from: WolfC1
Rabbit B2 is Hungry
Rabbit B1m is running away from: LionA5
Rabbit B1m is running away from: WolfC1
Rabbit B1 is Hungry
Rabbit B1 m is ready to mate
Rabbit B1 m is approaching partner: Rabbit B2f
Rabbit B4m is running away from: LionA5
Rabbit B4m is running away from: WolfC1
Rabbit B4 m is ready to mate
Rabbit B4 m is approaching partner: Rabbit B2f
Rabbit B4m is running away from: LionA5
Rabbit B4m is running away from: WolfC1
Rabbit B4 is Hungry
Rabbit B4m ate
Rabbit B4 m is ready to mate
Rabbit B4 m is approaching partner: Rabbit B3f
Rabbit C2m is running away from: LionA5
Rabbit C2m is running away from: WolfA3
Rabbit C2 is Hungry
Rabbit C2 m is ready to mate
Rabbit C2 m is approaching partner: Rabbit B2f
Rabbit C3m is running away from: LionB0
Rabbit C3m is running away from: WolfB2
Rabbit C3 is Hungry
Rabbit C3 m is ready to mate
Rabbit C3 m is approaching partner: Rabbit B2f
Rabbit C2m is running away from: LionA5
Rabbit C2m is running away from: WolfC1
Rabbit C2 is Hungry
RabbitC2m died of hunger
Rabbit C2 m is ready to mate
Rabbit C2 m is approaching partner: Rabbit B2f
Rabbit A1f is running away from: LionB0
Rabbit A1f is running away from: WolfB2
Rabbit A1 is Hungry
Rabbit B5m is running away from: LionA5
Rabbit B5m is running away from: WolfC1
Rabbit B5 is Hungry
Rabbit B5 m is ready to mate
Rabbit B5 m is approaching partner: Rabbit B2f
Rabbit B2f is running away from: LionA5
Rabbit B2f is running away from: WolfA3
Rabbit B2 f is ready to mate
Rabbit B3f is running away from: LionA5
Rabbit B3f is running away from: WolfA3
Rabbit B3 f is ready to mate
Rabbit C3f is running away from: LionB5
Rabbit C3f is running away from: WolfB2
Rabbit C3 is Hungry
Rabbit C3 f is ready to mate
Rabbit B2m is running away from: LionA5
Rabbit B2m is running away from: WolfC1
Rabbit B2 is Hungry
Rabbit B2 m is ready to mate
Rabbit B2 m is approaching partner: Rabbit B3f
Rabbit A3f is running away from: LionB0
Rabbit A3f is running away from: WolfB2
Rabbit A1f is running away from: LionA5
Rabbit A1f is running away from: WolfC1
Lion B0 is Hungry
LionB0mis chasing: B0m
Lion B0 m is ready to mate
No Female Lion Partner or Female Lion partners are not ready to mate Yet!
Lion A5 m is ready to mate
No Female Lion Partner or Female Lion partners are not ready to mate Yet!
Lion C1 is Hungry
LionC1mis chasing: B5m
Lion C1 m is ready to mate
No Female Lion Partner or Female Lion partners are not ready to mate Yet!
Lion B5 m is ready to mate
No Female Lion Partner or Female Lion partners are not ready to mate Yet!
Wolf C1f is running away from: LionA5
Wolf C1 is Hungry
Wolf C1f is chasing: B4m
Wolf C1 is Thirsty
Wolf C1drank water
Wolf B2f is running away from: LionB5
Wolf B2 is Hungry
Wolf B2f is chasing: C3f
Wolf B2 is Thirsty
Wolf B2drank water
Wolf B2 f is ready to mate
Wolf A3m is running away from: LionA5
Wolf A3 is Hungry
Wolf A3m is chasing: B4m
Wolf A3 is Thirsty
Wolf A3drank water
Wolf A3 m is ready to mate
Wolf B5m is running away from: LionC1
Rabbit B3m is running away from: LionA5
Rabbit B3m is running away from: WolfA3
Rabbit B3 is Hungry
Rabbit B3m ate
Rabbit B3 m is ready to mate
Rabbit B3 m is approaching partner: Rabbit B3f
Rabbit B0m is running away from: LionA5
Rabbit B0m is running away from: WolfB2
Rabbit B0 m is ready to mate
Rabbit B0 m is approaching partner: Rabbit B2f
Rabbit B2f is running away from: LionA5
Rabbit B2f is running away from: WolfB5
Rabbit B2 is Hungry
Rabbit B1m is running away from: LionA5
Rabbit B1m is running away from: WolfB5
Rabbit B1 is Hungry
Rabbit B1 m is ready to mate
Rabbit B1 m is approaching partner: Rabbit B3f
Rabbit B4m is running away from: LionA5
Rabbit B4m is running away from: WolfB5
Rabbit B4 is Hungry
Rabbit B4 m is ready to mate
Rabbit B4 m is approaching partner: Rabbit B3f
Rabbit B4m is running away from: LionA5
Rabbit B4m is running away from: WolfB5
Rabbit B4 m is ready to mate
Rabbit B4 m is approaching partner: Rabbit B3f
Rabbit C2m is running away from: LionA5
Rabbit C2m is running away from: WolfA3
Rabbit C2 is Hungry
Rabbit C2 m is ready to mate
Rabbit C2 m is approaching partner: Rabbit B2f
Rabbit C3m is running away from: LionA5
Rabbit C3m is running away from: WolfB5
Rabbit C3 is Hungry
Rabbit C3 m is ready to mate
Rabbit C3 m is approaching partner: Rabbit B3f
Rabbit A1f is running away from: LionA5
Rabbit A1f is running away from: WolfB5
Rabbit A1 is Hungry
Rabbit B5m is running away from: LionA5
Rabbit B5m is running away from: WolfB5
Rabbit B5 is Hungry
Rabbit B5 m is ready to mate
Rabbit B5 m is approaching partner: Rabbit B3f
Rabbit B2f is running away from: LionA5
Rabbit B2f is running away from: WolfA3
Rabbit B2 is Hungry
Rabbit B2f ate
Rabbit B2 f is ready to mate
Rabbit B3f is running away from: LionA5
Rabbit B3f is running away from: WolfA3
Rabbit B3 is Hungry
Rabbit B3 f is ready to mate
Rabbit C3f is running away from: LionB5
Rabbit C3f is running away from: WolfB2
Rabbit C3 is Hungry
Rabbit C3 f is ready to mate
Rabbit B2m is running away from: LionA5
Rabbit B2m is running away from: WolfB5
Rabbit B2 is Hungry
Rabbit B2 m is ready to mate
Rabbit B2 m is approaching partner: Rabbit B2f
Rabbit A3f is running away from: LionB0
Rabbit A3f is running away from: WolfB5
Rabbit A3 is Hungry
Rabbit A1f is running away from: LionA5
Rabbit A1f is running away from: WolfB5
Rabbit A1 is Hungry
Lion B0 is Hungry
LionB0mis chasing: B0m
Lion B0 m is ready to mate
No Female Lion Partner or Female Lion partners are not ready to mate Yet!
Lion A5m ate: B0m
Lion A5 m is ready to mate
No Female Lion Partner or Female Lion partners are not ready to mate Yet!
Lion C1 is Hungry
LionC1mis chasing: C1f
Lion C1 m is ready to mate
No Female Lion Partner or Female Lion partners are not ready to mate Yet!
Lion B5 m is ready to mate
No Female Lion Partner or Female Lion partners are not ready to mate Yet!
Wolf C1f is running away from: LionC1
Wolf C1 is Hungry
Wolf C1f is chasing: B4m
Wolf C1 is Thirsty
Wolf C1drank water
Wolf B2f is running away from: LionB5
Wolf B2 is Hungry
Wolf B2f is chasing: C3f
Wolf B2 is Thirsty
Wolf B2drank water
Wolf B2 f is ready to mate
Wolf A3m is running away from: LionC1
Wolf A3 is Hungry
Wolf A3m is chasing: B4m
Wolf A3m ate!
Wolf A3 is Thirsty
Wolf A3drank water
Wolf A3 m is ready to mate
Wolf B5m is running away from: LionC1
Wolf B5 is Hungry
Wolf B5m is chasing: B1m
Rabbit B3m is running away from: LionA5
Rabbit B3m is running away from: WolfA3
Rabbit B3 m is ready to mate
Rabbit B3 m is approaching partner: Rabbit B3f
Rabbit B0m is running away from: LionA5
Rabbit B0m is running away from: WolfA3
Rabbit B0 is Hungry
Rabbit B0m ate
Rabbit B0 m is ready to mate
Rabbit B0 m is approaching partner: Rabbit B2f
Rabbit B2f is running away from: LionA5
Rabbit B2f is running away from: WolfA3
Rabbit B2 is Hungry
Rabbit B1m is running away from: LionA5
Rabbit B1m is running away from: WolfB5
Rabbit B1 is Hungry
Rabbit B1m ate
Rabbit B1 m is ready to mate
Rabbit B1 m is approaching partner: Rabbit B3f
Rabbit B4m is running away from: LionA5
Rabbit B4m is running away from: WolfB5
Rabbit B4 is Hungry
Rabbit B4 m is ready to mate
Rabbit B4 m is approaching partner: Rabbit B3f
Rabbit C2m is running away from: LionA5
Rabbit C2m is running away from: WolfA3
Rabbit C2 is Hungry
RabbitC2m died of hunger
Rabbit C2 m is ready to mate
Rabbit C2 m is approaching partner: Rabbit B2f
Rabbit C3m is running away from: LionA5
Rabbit C3m is running away from: WolfA3
Rabbit C3 is Hungry
Rabbit C3 m is ready to mate
Rabbit C3 m is approaching partner: Rabbit B2f
Rabbit A1f is running away from: LionA5
Rabbit A1f is running away from: WolfA3
Rabbit A1 is Hungry
Rabbit B5m is running away from: LionA5
Rabbit B5m is running away from: WolfB5
Rabbit B5 is Hungry
Rabbit B5 m is ready to mate
Rabbit B5 m is approaching partner: Rabbit B3f
Rabbit B2f is running away from: LionA5
Rabbit B2f is running away from: WolfA3
Rabbit B2 f is ready to mate
Rabbit B3f is running away from: LionA5
Rabbit B3f is running away from: WolfC1
Rabbit B3 is Hungry
Rabbit B3f ate
Rabbit B3 f is ready to mate
Rabbit C3f is running away from: LionB5
Rabbit C3f is running away from: WolfB2
Rabbit C3 is Hungry
RabbitC3f died of hunger
Rabbit C3 f is ready to mate
Rabbit B2m is running away from: LionA5
Rabbit B2m is running away from: WolfA3
Rabbit B2 is Hungry
Rabbit B2 m is ready to mate
Rabbit B2 m is approaching partner: Rabbit B3f
Rabbit A3f is running away from: LionB0
Rabbit A3f is running away from: WolfB2
Rabbit A3 is Hungry
Rabbit A3 f is ready to mate
Rabbit A1f is running away from: LionA5
Rabbit A1f is running away from: WolfA3
Rabbit A1 is Hungry
Rabbit A1 f is ready to mate
Lion B0 is Hungry
LionB0mis chasing: B0m
Lion B0 m is ready to mate
No Female Lion Partner or Female Lion partners are not ready to mate Yet!
Lion A5m ate: B0m
Lion A5 m is ready to mate
No Female Lion Partner or Female Lion partners are not ready to mate Yet!
Lion C1 is Hungry
LionC1mis chasing: C1f
Lion C1 m is ready to mate
No Female Lion Partner or Female Lion partners are not ready to mate Yet!
Lion B5 m is ready to mate
No Female Lion Partner or Female Lion partners are not ready to mate Yet!
Wolf C1f is running away from: LionC1
Wolf C1 is Hungry
Wolf C1f is chasing: B1m
Wolf C1 is Thirsty
Wolf C1drank water
Wolf B2f is running away from: LionB5
Wolf B2 is Hungry
Wolf B2f is chasing: A1f
Wolf B2 is Thirsty
Wolf B2drank water
Wolf B2 f is ready to mate
Wolf A3m is running away from: LionA5
Wolf A3 is Thirsty
Wolf A3drank water
Wolf A3 m is ready to mate
Wolf B5m is running away from: LionC1
Wolf B5 is Hungry
Wolf B5m is chasing: B1m
Rabbit B3m is running away from: LionA5
Rabbit B3m is running away from: WolfA3
Rabbit B3 is Hungry
Rabbit B3m ate
Rabbit B3 m is ready to mate
Rabbit B3 m is approaching partner: Rabbit B3f
Rabbit B4 m was born!Father is B3 and Mother is B3
Rabbit B0m is running away from: LionA5
Rabbit B0m is running away from: WolfC1
Rabbit B0 m is ready to mate
Rabbit B0 m is approaching partner: Rabbit B2f
Rabbit B2f is running away from: LionA5
Rabbit B2f is running away from: WolfB5
Rabbit B2 is Hungry
Rabbit B2 f is ready to mate
Rabbit B1m is running away from: LionA5
Rabbit B1m is running away from: WolfB5
Rabbit B1 m is ready to mate
Rabbit B1 m is approaching partner: Rabbit B2f
Rabbit B4m is running away from: LionA5
Rabbit B4m is running away from: WolfB5
Rabbit B4 is Hungry
Rabbit B4m ate
Rabbit B4 m is ready to mate
Rabbit B4 m is approaching partner: Rabbit B2f
Rabbit C3m is running away from: LionA5
Rabbit C3m is running away from: WolfB5
Rabbit C3 is Hungry
Rabbit C3 m is ready to mate
Rabbit C3 m is approaching partner: Rabbit B2f
Rabbit A1f is running away from: LionB0
Rabbit A1f is running away from: WolfB5
Rabbit A1 is Hungry
Rabbit A1 f is ready to mate
Rabbit B5m is running away from: LionA5
Rabbit B5m is running away from: WolfB5
Rabbit B5 is Hungry
Rabbit B5 m is ready to mate
Rabbit B5 m is approaching partner: Rabbit B2f
Rabbit B2f is running away from: LionA5
Rabbit B2f is running away from: WolfA3
Rabbit B2 is Hungry
Rabbit B2 f is ready to mate
Rabbit B3f is running away from: LionA5
Rabbit B3f is running away from: WolfA3
Rabbit B2m is running away from: LionA5
Rabbit B2m is running away from: WolfB5
Rabbit B2 is Hungry
Rabbit B2 m is ready to mate
Rabbit B2 m is approaching partner: Rabbit B2f
Rabbit A3f is running away from: LionA5
Rabbit A3f is running away from: WolfB5
Rabbit A3 is Hungry
Rabbit A3 f is ready to mate
Rabbit A1f is running away from: LionB0
Rabbit A1f is running away from: WolfB5
Rabbit A1 is Hungry
Rabbit A1 f is ready to mate
Lion B0 is Hungry
LionB0m died of hunger
LionB0mis chasing: B0m
Lion B0 m is ready to mate
No Female Lion Partner or Female Lion partners are not ready to mate Yet!
Lion A5 m is ready to mate
No Female Lion Partner or Female Lion partners are not ready to mate Yet!
Lion C1 is Hungry
LionC1m died of hunger
LionC1mis chasing: A3m
Lion C1 m is ready to mate
No Female Lion Partner or Female Lion partners are not ready to mate Yet!
Lion B5 m is ready to mate
No Female Lion Partner or Female Lion partners are not ready to mate Yet!
Wolf C1f is running away from: LionA5
Wolf C1 is Hungry
Wolf C1f is chasing: B1m
Wolf C1 is Thirsty
Wolf C1drank water
Wolf B2f is running away from: LionB5
Wolf B2 is Hungry
Wolf B2f is chasing: A1f
Wolf B2 is Thirsty
Wolf B2drank water
Wolf B2 f is ready to mate
Wolf A3m is running away from: LionA5
Wolf A3 is Thirsty
Wolf A3drank water
Wolf A3 m is ready to mate
Wolf B5m is running away from: LionA5
Wolf B5 is Hungry
Wolf B5m is chasing: B1m
Rabbit B3m is running away from: LionA5
Rabbit B3m is running away from: WolfA3
Rabbit B3 m is ready to mate
Rabbit B3 m is approaching partner: Rabbit B2f
Rabbit B0m is running away from: LionA5
Rabbit B0m is running away from: WolfB2
Rabbit B0 is Hungry
Rabbit B0m ate
Rabbit B0 m is ready to mate
Rabbit B0 m is approaching partner: Rabbit B2f
Rabbit A5 f was born!Father is B0 and Mother is B2
Rabbit B2f is running away from: LionA5
Rabbit B2f is running away from: WolfB5
Rabbit B2 is Hungry
RabbitB2f died of hunger
Rabbit B2 f is ready to mate
Rabbit B1m is running away from: LionA5
Rabbit B1m is running away from: WolfB5
Rabbit B1 is Hungry
Rabbit B1 m is ready to mate
Rabbit B1 m is approaching partner: Rabbit A3f
Rabbit B4m is running away from: LionA5
Rabbit B4m is running away from: WolfB5
Rabbit B4 m is ready to mate
Rabbit B4 m is approaching partner: Rabbit A3f
Rabbit C3m is running away from: LionA5
Rabbit C3m is running away from: WolfB5
Rabbit C3 is Hungry
RabbitC3m died of hunger
Rabbit C3 m is ready to mate
Rabbit C3 m is approaching partner: Rabbit A3f
Rabbit A1f is running away from: LionA5
Rabbit A1f is running away from: WolfB2
Rabbit A1 is Hungry
Rabbit A1f ate
Rabbit A1 f is ready to mate
Rabbit B5m is running away from: LionA5
Rabbit B5m is running away from: WolfB5
Rabbit B5 is Hungry
Rabbit B5 m is ready to mate
Rabbit B5 m is approaching partner: Rabbit A3f
Rabbit B2f is running away from: LionA5
Rabbit B2f is running away from: WolfA3
Rabbit B2 is Hungry
Rabbit B3f is running away from: LionA5
Rabbit B3f is running away from: WolfA3
Rabbit B3 is Hungry
Rabbit B3f ate
Rabbit B2m is running away from: LionA5
Rabbit B2m is running away from: WolfB5
Rabbit B2 is Hungry
Rabbit B2 m is ready to mate
Rabbit B2 m is approaching partner: Rabbit A3f
Rabbit A3f is running away from: LionA5
Rabbit A3f is running away from: WolfB5
Rabbit A3 is Hungry
Rabbit A3 f is ready to mate
Rabbit A1f is running away from: LionA5
Rabbit A1f is running away from: WolfB2
Rabbit A1 is Hungry
Rabbit A1 f is ready to mate
Rabbit B4m is running away from: LionA5
Rabbit B4m is running away from: WolfA3
Lion A5 m is ready to mate
No Female Lion Partner or Female Lion partners are not ready to mate Yet!
Lion B5 is Hungry
LionB5mis chasing: B2f
Lion B5 m is ready to mate
No Female Lion Partner or Female Lion partners are not ready to mate Yet!
Wolf C1f is running away from: LionA5
Wolf C1 is Hungry
Wolf C1f is chasing: B2m
Wolf C1 is Thirsty
Wolf C1drank water
Wolf B2f is running away from: LionB5
Wolf B2 is Hungry
WolfB2f died of hunger
Wolf B2f is chasing: A1f
Wolf B2 is Thirsty
Wolf B2drank water
Wolf B2 f is ready to mate
Wolf A3m is running away from: LionA5
Wolf A3 is Thirsty
Wolf A3drank water
Wolf A3 m is ready to mate
No Female Wolf Partner or Female Wolf Partner not ready yet!
Wolf B5m is running away from: LionA5
Wolf B5 is Hungry
Wolf B5m is chasing: B4m
Rabbit B3m is running away from: LionA5
Rabbit B3m is running away from: WolfA3
Rabbit B3 is Hungry
Rabbit B3m ate
Rabbit B3 m is ready to mate
Rabbit B3 m is approaching partner: Rabbit A3f
Rabbit B0m is running away from: LionA5
Rabbit B0m is running away from: WolfB5
Rabbit B0 m is ready to mate
Rabbit B0 m is approaching partner: Rabbit A3f
Rabbit B1m is running away from: LionA5
Rabbit B1m is running away from: WolfB5
Rabbit B1 is Hungry
Rabbit B1 m is ready to mate
Rabbit B1 m is approaching partner: Rabbit A3f
Rabbit B4m is running away from: LionA5
Rabbit B4m is running away from: WolfB5
Rabbit B4 is Hungry
Rabbit B4 m is ready to mate
Rabbit B4 m is approaching partner: Rabbit A3f
Rabbit A1f is running away from: LionA5
Rabbit A1f is running away from: WolfB5
Rabbit A1 f is ready to mate
Rabbit B5m is running away from: LionA5
Rabbit B5m is running away from: WolfB5
Rabbit B5 is Hungry
RabbitB5m died of hunger
Rabbit B5 m is ready to mate
Rabbit B5 m is approaching partner: Rabbit A3f
Rabbit B2f is running away from: LionA5
Rabbit B2f is running away from: WolfB5
Rabbit B2 is Hungry
Rabbit B3f is running away from: LionA5
Rabbit B3f is running away from: WolfA3
Rabbit B2m is running away from: LionA5
Rabbit B2m is running away from: WolfB5
Rabbit B2 is Hungry
Rabbit B2 m is ready to mate
Rabbit B2 m is approaching partner: Rabbit A3f
Rabbit A3f is running away from: LionA5
Rabbit A3f is running away from: WolfB5
Rabbit A3 is Hungry
Rabbit A3 f is ready to mate
Rabbit A1f is running away from: LionA5
Rabbit A1f is running away from: WolfB5
Rabbit A1 is Hungry
Rabbit A1 f is ready to mate
Rabbit B4m is running away from: LionA5
Rabbit B4m is running away from: WolfA3
Rabbit B4 is Hungry
Rabbit A5f is running away from: LionA5
Rabbit A5f is running away from: WolfB5
Lion A5 m is ready to mate
No Female Lion Partner or Female Lion partners are not ready to mate Yet!
Lion B5 is Hungry
LionB5mis chasing: A1f
Lion B5 m is ready to mate
No Female Lion Partner or Female Lion partners are not ready to mate Yet!
Wolf C1f is running away from: LionA5
Wolf C1 is Hungry
Wolf C1f is chasing: B4m
Wolf C1 is Thirsty
Wolf C1drank water
Wolf A3m is running away from: LionA5
Wolf A3 is Thirsty
Wolf A3drank water
Wolf A3 m is ready to mate
No Female Wolf Partner or Female Wolf Partner not ready yet!
Wolf B5m is running away from: LionA5
Wolf B5 is Hungry
Wolf B5m is chasing: B4m
Rabbit B3m is running away from: LionA5
Rabbit B3m is running away from: WolfA3
Rabbit B3 m is ready to mate
Rabbit B3 m is approaching partner: Rabbit A3f
Rabbit B0m is running away from: LionA5
Rabbit B0m is running away from: WolfB5
Rabbit B0 is Hungry
Rabbit B0 m is ready to mate
Rabbit B0 m is approaching partner: Rabbit A3f
Rabbit B1m is running away from: LionA5
Rabbit B1m is running away from: WolfB5
Rabbit B1 is Hungry
Rabbit B1 m is ready to mate
Rabbit B1 m is approaching partner: Rabbit A3f
Rabbit B4m is running away from: LionA5
Rabbit B4m is running away from: WolfB5
Rabbit B4 is Hungry
Rabbit B4 m is ready to mate
Rabbit B4 m is approaching partner: Rabbit A3f
Rabbit B2 f was born!Father is B4 and Mother is A3
Rabbit A1f is running away from: LionB5
Rabbit A1f is running away from: WolfB5
Rabbit A1 is Hungry
Rabbit A1 f is ready to mate
Rabbit B2f is running away from: LionA5
Rabbit B2f is running away from: WolfB5
Rabbit B2 is Hungry
Rabbit B2f ate
Rabbit B3f is running away from: LionA5
Rabbit B3f is running away from: WolfA3
Rabbit B3 is Hungry
Rabbit B3f ate
Rabbit B2m is running away from: LionA5
Rabbit B2m is running away from: WolfB5
Rabbit B2 is Hungry
RabbitB2m died of hunger
Rabbit B2 m is ready to mate
Rabbit B2 m is approaching partner: Rabbit A1f
Rabbit A3f is running away from: LionA5
Rabbit A3f is running away from: WolfB5
Rabbit A3 is Hungry
Rabbit A1f is running away from: LionB5
Rabbit A1f is running away from: WolfB5
Rabbit A1 is Hungry
Rabbit A1 f is ready to mate
Rabbit B4m is running away from: LionA5
Rabbit B4m is running away from: WolfA3
Rabbit B4 is Hungry
Rabbit B4m ate
Rabbit A5f is running away from: LionA5
Rabbit A5f is running away from: WolfB5
Rabbit A5 is Hungry
Lion A5 m is ready to mate
No Female Lion Partner or Female Lion partners are not ready to mate Yet!
Lion B5 is Hungry
LionB5mis chasing: A1f
Lion B5 m is ready to mate
No Female Lion Partner or Female Lion partners are not ready to mate Yet!
Wolf C1f is running away from: LionA5
Wolf C1 is Hungry
Wolf C1f is chasing: B3f
Wolf C1 is Thirsty
Wolf C1drank water
Wolf A3m is running away from: LionA5
Wolf A3 is Hungry
Wolf A3m is chasing: B3f
Wolf A3 is Thirsty
Wolf A3drank water
Wolf A3 m is ready to mate
No Female Wolf Partner or Female Wolf Partner not ready yet!
Wolf B5m is running away from: LionA5
Wolf B5 is Hungry
Wolf B5m is chasing: B4m
Wolf B5 is Thirsty
Wolf B5drank water
Rabbit B3m is running away from: LionA5
Rabbit B3m is running away from: WolfB5
Rabbit B3 is Hungry
Rabbit B3 m is ready to mate
Rabbit B3 m is approaching partner: Rabbit A1f
Rabbit B0m is running away from: LionA5
Rabbit B0m is running away from: WolfB5
Rabbit B0 is Hungry
Rabbit B0m ate
Rabbit B0 m is ready to mate
Rabbit B0 m is approaching partner: Rabbit A1f
Rabbit B1m is running away from: LionA5
Rabbit B1m is running away from: WolfB5
Rabbit B1 is Hungry
Rabbit B1 m is ready to mate
Rabbit B1 m is approaching partner: Rabbit A1f
Rabbit B4m is running away from: LionA5
Rabbit B4m is running away from: WolfB5
Rabbit B4 is Hungry
Rabbit B4 m is ready to mate
Rabbit B4 m is approaching partner: Rabbit A1f
Rabbit A1f is running away from: LionB5
Rabbit A1f is running away from: WolfB5
Rabbit A1 is Hungry
Rabbit A1f ate
Rabbit A1 f is ready to mate
Rabbit B2f is running away from: LionA5
Rabbit B2f is running away from: WolfB5
Rabbit B3f is running away from: LionA5
Rabbit B3f is running away from: WolfC1
Rabbit B3 f is ready to mate
Rabbit A3f is running away from: LionA5
Rabbit A3f is running away from: WolfB5
Rabbit A3 is Hungry
RabbitA3f died of hunger
Rabbit A1f is running away from: LionB5
Rabbit A1f is running away from: WolfB5
Rabbit A1 is Hungry
RabbitA1f died of hunger
Rabbit A1 f is ready to mate
Rabbit B4m is running away from: LionA5
Rabbit B4m is running away from: WolfA3
Rabbit B4 m is ready to mate
Rabbit B4 m is approaching partner: Rabbit B3f
Rabbit A5f is running away from: LionA5
Rabbit A5f is running away from: WolfB5
Rabbit A5 is Hungry
Rabbit B2f is running away from: LionA5
Rabbit B2f is running away from: WolfB5
Lion A5 is Hungry
LionA5mis chasing: A5f
LionA5m ate: A5f
Lion A5 m is ready to mate
No Female Lion Partner or Female Lion partners are not ready to mate Yet!
Lion B5 is Hungry
LionB5mis chasing: A1f
Lion B5 m is ready to mate
No Female Lion Partner or Female Lion partners are not ready to mate Yet!
Wolf C1f is running away from: LionA5
Wolf C1 is Hungry
Wolf C1f is chasing: B3f
Wolf C1 is Thirsty
Wolf C1drank water
Wolf A3m is running away from: LionA5
Wolf A3 is Hungry
Wolf A3m is chasing: B3f
Wolf A3 is Thirsty
Wolf A3drank water
Wolf A3 m is ready to mate
No Female Wolf Partner or Female Wolf Partner not ready yet!
Wolf B5m is running away from: LionA5
Wolf B5 is Hungry
Wolf B5m is chasing: B2f
Wolf B5 is Thirsty
Wolf B5drank water
Rabbit B3 is Thirsty
Rabbit B3 drank water
Rabbit B3m is running away from: LionA5
Rabbit B3m is running away from: WolfB5
Rabbit B3 is Hungry
Rabbit B3m ate
Rabbit B3 m is ready to mate
Rabbit B3 m is approaching partner: Rabbit B3f
Rabbit B0 is Thirsty
Rabbit B0 drank water
Rabbit B0m is running away from: LionA5
Rabbit B0m is running away from: WolfB5
Rabbit B0 m is ready to mate
Rabbit B0 m is approaching partner: Rabbit A1f
Rabbit B1 is Thirsty
Rabbit B1 drank water
Rabbit B1m is running away from: LionB5
Rabbit B1m is running away from: WolfB5
Rabbit B1 is Hungry
Rabbit B1 m is ready to mate
Rabbit B1 m is approaching partner: Rabbit A1f
Rabbit B4 is Thirsty
Rabbit B4 drank water
Rabbit B4m is running away from: LionB5
Rabbit B4m is running away from: WolfB5
Rabbit B4 is Hungry
Rabbit B4 m is ready to mate
Rabbit B4 m is approaching partner: Rabbit A1f
Rabbit A1 is Thirsty
Rabbit A1 drank water
Rabbit A1f is running away from: LionB5
Rabbit A1f is running away from: WolfB5
Rabbit A1 f is ready to mate
Rabbit B2 is Thirsty
Rabbit B2 drank water
Rabbit B2f is running away from: LionA5
Rabbit B2f is running away from: WolfB5
Rabbit B2 is Hungry
Rabbit B2f ate
Rabbit B3f is running away from: LionA5
Rabbit B3f is running away from: WolfC1
Rabbit B3 is Hungry
Rabbit B3f ate
Rabbit B3 f is ready to mate
Rabbit B4m is running away from: LionA5
Rabbit B4m is running away from: WolfB5
Rabbit B4 is Hungry
Rabbit B4m ate
Rabbit B4 m is ready to mate
Rabbit B4 m is approaching partner: Rabbit B3f
Rabbit B2f is running away from: LionA5
Rabbit B2f is running away from: WolfB5
Rabbit B2 is Hungry
Lion A5 is Thirsty
Lion A5 drank water
Lion A5 m is ready to mate
No Female Lion Partner or Female Lion partners are not ready to mate Yet!
Lion B5 is Thirsty
Lion B5 drank water
Lion B5 is Hungry
LionB5mis chasing: B0m
Lion B5 m is ready to mate
No Female Lion Partner or Female Lion partners are not ready to mate Yet!
Wolf C1f is running away from: LionA5
Wolf C1 is Hungry
Wolf C1f is chasing: B3f
Wolf C1 is Thirsty
Wolf C1drank water
Wolf A3m is running away from: LionA5
Wolf A3 is Hungry
Wolf A3m is chasing: B3f
Wolf A3 is Thirsty
Wolf A3drank water
Wolf A3 m is ready to mate
No Female Wolf Partner or Female Wolf Partner not ready yet!
Wolf B5m is running away from: LionA5
Wolf B5 is Hungry
Wolf B5m is chasing: B2f
Wolf B5 is Thirsty
Wolf B5drank water
Rabbit B3 is Thirsty
Rabbit B3 drank water
Rabbit B3m is running away from: LionA5
Rabbit B3m is running away from: WolfB5
Rabbit B3 m is ready to mate
Rabbit B3 m is approaching partner: Rabbit B3f
Rabbit B0 is Thirsty
Rabbit B0 drank water
Rabbit B0m is running away from: LionB5
Rabbit B0m is running away from: WolfB5
Rabbit B0 is Hungry
Rabbit B0m ate
Rabbit B0 m is ready to mate
Rabbit B0 m is approaching partner: Rabbit A1f
Rabbit B1 is Thirsty
Rabbit B1 drank water
Rabbit B1m is running away from: LionB5
Rabbit B1m is running away from: WolfB5
Rabbit B1 is Hungry
Rabbit B1m ate
Rabbit B1 m is ready to mate
Rabbit B1 m is approaching partner: Rabbit A1f
Rabbit B4 is Thirsty
Rabbit B4 drank water
Rabbit B4m is running away from: LionB5
Rabbit B4m is running away from: WolfB5
Rabbit B4 is Hungry
Rabbit B4 m is ready to mate
Rabbit B4 m is approaching partner: Rabbit A1f
Rabbit A1 is Thirsty
Rabbit A1 drank water
Rabbit A1f is running away from: LionB5
Rabbit A1f is running away from: WolfB5
Rabbit A1 is Hungry
Rabbit A1 f is ready to mate
Rabbit B2 is Thirsty
Rabbit B2 drank water
Rabbit B2f is running away from: LionA5
Rabbit B2f is running away from: WolfB5
Rabbit B2 f is ready to mate
Rabbit B3f is running away from: LionA5
Rabbit B3f is running away from: WolfC1
Rabbit B3 f is ready to mate
Rabbit B4m is running away from: LionA5
Rabbit B4m is running away from: WolfA3
Rabbit B4 m is ready to mate
Rabbit B4 m is approaching partner: Rabbit B2f
Rabbit B2f is running away from: LionA5
Rabbit B2f is running away from: WolfB5
Rabbit B2 is Hungry
Lion A5 is Thirsty
Lion A5 drank water
Lion A5 m is ready to mate
No Female Lion Partner or Female Lion partners are not ready to mate Yet!
Lion B5 is Thirsty
Lion B5 drank water
Lion B5 is Hungry
LionB5mis chasing: B0m
Lion B5 m is ready to mate
No Female Lion Partner or Female Lion partners are not ready to mate Yet!
Wolf C1f is running away from: LionA5
Wolf C1 is Hungry
Wolf C1f is chasing: B3f
Wolf C1 is Thirsty
Wolf C1drank water
Wolf A3m is running away from: LionA5
Wolf A3 is Hungry
Wolf A3m is chasing: B3f
Wolf A3 is Thirsty
Wolf A3drank water
Wolf A3 m is ready to mate
No Female Wolf Partner or Female Wolf Partner not ready yet!
Wolf B5m is running away from: LionA5
Wolf B5 is Hungry
Wolf B5m is chasing: B3f
Wolf B5 is Thirsty
Wolf B5drank water
Rabbit B3m is running away from: LionA5
Rabbit B3m is running away from: WolfB5
Rabbit B3 is Hungry
Rabbit B3m ate
Rabbit B3 m is ready to mate
Rabbit B3 m is approaching partner: Rabbit B2f
Rabbit B0 is Thirsty
Rabbit B0 drank water
Rabbit B0m is running away from: LionB5
Rabbit B0m is running away from: WolfB5
Rabbit B0 m is ready to mate
Rabbit B0 m is approaching partner: Rabbit A1f
Rabbit B1 is Thirsty
Rabbit B1 drank water
Rabbit B1m is running away from: LionB5
Rabbit B1m is running away from: WolfB5
Rabbit B1 m is ready to mate
Rabbit B1 m is approaching partner: Rabbit A1f
Rabbit B4 is Thirsty
Rabbit B4 drank water
Rabbit B4m is running away from: LionA5
Rabbit B4m is running away from: WolfB5
Rabbit B4 is Hungry
Rabbit B4 m is ready to mate
Rabbit B4 m is approaching partner: Rabbit A1f
Rabbit A1f is running away from: LionB5
Rabbit A1f is running away from: WolfB5
Rabbit A1 is Hungry
Rabbit A1 f is ready to mate
Rabbit B2 is Thirsty
Rabbit B2 drank water
Rabbit B2f is running away from: LionA5
Rabbit B2f is running away from: WolfB5
Rabbit B2 is Hungry
Rabbit B2 f is ready to mate
Rabbit B3f is running away from: LionA5
Rabbit B3f is running away from: WolfB5
Rabbit B3 is Hungry
Rabbit B3f ate
Rabbit B3 f is ready to mate
Rabbit B4m is running away from: LionA5
Rabbit B4m is running away from: WolfC1
Rabbit B4 is Hungry
Rabbit B4 m is ready to mate
Rabbit B4 m is approaching partner: Rabbit B2f
Rabbit B2f is running away from: LionA5
Rabbit B2f is running away from: WolfB5
Rabbit B2 is Hungry
Lion A5 is Thirsty
Lion A5 drank water
Lion A5 m is ready to mate
No Female Lion Partner or Female Lion partners are not ready to mate Yet!
Lion B5 is Thirsty
Lion B5 drank water
Lion B5 is Hungry
LionB5mis chasing: B0m
Lion B5 m is ready to mate
No Female Lion Partner or Female Lion partners are not ready to mate Yet!
Wolf C1f is running away from: LionA5
Wolf C1 is Hungry
WolfC1f died of hunger
Wolf C1f is chasing: B3f
Wolf C1 is Thirsty
Wolf C1drank water
Wolf A3m is running away from: LionA5
Wolf A3 is Hungry
Wolf A3m is chasing: B3f
Wolf A3 is Thirsty
Wolf A3drank water
Wolf A3 m is ready to mate
No Female Wolf Partner or Female Wolf Partner not ready yet!
Wolf B5m is running away from: LionA5
Wolf B5 is Hungry
Wolf B5m is chasing: B3f
Wolf B5 is Thirsty
Wolf B5drank water
Rabbit B3m is running away from: LionA5
Rabbit B3m is running away from: WolfB5
Rabbit B3 m is ready to mate
Rabbit B3 m is approaching partner: Rabbit B2f
Rabbit B0 is Thirsty
Rabbit B0 drank water
Rabbit B0m is running away from: LionB5
Rabbit B0m is running away from: WolfB5
Rabbit B0 is Hungry
Rabbit B0m ate
Rabbit B0 m is ready to mate
Rabbit B0 m is approaching partner: Rabbit A1f
Rabbit B1 is Thirsty
Rabbit B1 drank water
Rabbit B1m is running away from: LionB5
Rabbit B1m is running away from: WolfB5
Rabbit B1 is Hungry
Rabbit B1 m is ready to mate
Rabbit B1 m is approaching partner: Rabbit A1f
Rabbit B4 is Thirsty
Rabbit B4 drank water
Rabbit B4m is running away from: LionB5
Rabbit B4m is running away from: WolfB5
Rabbit B4 is Hungry
RabbitB4m died of hunger
Rabbit B4 m is ready to mate
Rabbit B4 m is approaching partner: Rabbit A1f
Rabbit A1f is running away from: LionB5
Rabbit A1f is running away from: WolfB5
Rabbit A1 is Hungry
Rabbit A1 f is ready to mate
Rabbit B2 is Thirsty
Rabbit B2 drank water
Rabbit B2f is running away from: LionA5
Rabbit B2f is running away from: WolfB5
Rabbit B2 is Hungry
Rabbit B2 f is ready to mate
Rabbit B3 is Thirsty
Rabbit B3 drank water
Rabbit B3f is running away from: LionA5
Rabbit B3f is running away from: WolfB5
Rabbit B3 f is ready to mate
Rabbit B4m is running away from: LionA5
Rabbit B4m is running away from: WolfB5
Rabbit B4 is Hungry
Rabbit B4m ate
Rabbit B4 m is ready to mate
Rabbit B4 m is approaching partner: Rabbit B2f
Rabbit B2f is running away from: LionB5
Rabbit B2f is running away from: WolfB5
Rabbit B2 is Hungry
Rabbit B2 f is ready to mate
Lion A5 is Thirsty
Lion A5 drank water
Lion A5 m is ready to mate
No Female Lion Partner or Female Lion partners are not ready to mate Yet!
Lion B5 is Thirsty
Lion B5 drank water
Lion B5 is Hungry
LionB5mis chasing: B0m
Lion B5 m is ready to mate
No Female Lion Partner or Female Lion partners are not ready to mate Yet!
Wolf A3m is running away from: LionA5
Wolf A3 is Hungry
Wolf A3m is chasing: B3f
Wolf A3 is Thirsty
Wolf A3drank water
Wolf A3 m is ready to mate
No Female Wolf Partner or Female Wolf Partner not ready yet!
Wolf B5m is running away from: LionA5
Wolf B5 is Hungry
Wolf B5m is chasing: B3f
Wolf B5 is Thirsty
Wolf B5drank water
Rabbit B3m is running away from: LionA5
Rabbit B3m is running away from: WolfB5
Rabbit B3 is Hungry
Rabbit B3m ate
Rabbit B3 m is ready to mate
Rabbit B3 m is approaching partner: Rabbit B2f
Rabbit A2 m was born!Father is B3 and Mother is B2
Rabbit B0 is Thirsty
Rabbit B0 drank water
Rabbit B0m is running away from: LionB5
Rabbit B0m is running away from: WolfB5
Rabbit B0 m is ready to mate
Rabbit B0 m is approaching partner: Rabbit A1f
Rabbit B1 is Thirsty
Rabbit B1 drank water
Rabbit B1m is running away from: LionB5
Rabbit B1m is running away from: WolfB5
Rabbit B1 is Hungry
Rabbit B1 m is ready to mate
Rabbit B1 m is approaching partner: Rabbit B2f
Rabbit C3 m was born!Father is B1 and Mother is B2
Rabbit A1f is running away from: LionB5
Rabbit A1f is running away from: WolfB5
Rabbit A1 is Hungry
Rabbit A1 f is ready to mate
Rabbit B2 is Thirsty
Rabbit B2 drank water
Rabbit B2f is running away from: LionA5
Rabbit B2f is running away from: WolfB5
Rabbit B2 is Hungry
Rabbit B2f ate
Rabbit B3 is Thirsty
Rabbit B3 drank water
Rabbit B3f is running away from: LionA5
Rabbit B3f is running away from: WolfA3
Rabbit B3 is Hungry
Rabbit B3f ate
Rabbit B3 f is ready to mate
Rabbit B4m is running away from: LionA5
Rabbit B4m is running away from: WolfB5
Rabbit B4 m is ready to mate
Rabbit B4 m is approaching partner: Rabbit B3f
Rabbit B2f is running away from: LionB5
Rabbit B2f is running away from: WolfB5
Rabbit B2 is Hungry
Lion A5 is Thirsty
Lion A5 drank water
Lion A5 is Hungry
LionA5mis chasing: B2f
Lion A5 m is ready to mate
No Female Lion Partner or Female Lion partners are not ready to mate Yet!
Lion B5 is Thirsty
Lion B5 drank water
Lion B5m ate: B0m
Lion B5 m is ready to mate
No Female Lion Partner or Female Lion partners are not ready to mate Yet!
Wolf A3m is running away from: LionA5
Wolf A3 is Hungry
Wolf A3m is chasing: B3f
Wolf A3 m is ready to mate
No Female Wolf Partner or Female Wolf Partner not ready yet!
Wolf B5m is running away from: LionA5
Wolf B5 is Hungry
Wolf B5m is chasing: B3f
Wolf B5 is Thirsty
Wolf B5drank water
Rabbit B3m is running away from: LionA5
Rabbit B3m is running away from: WolfB5
Rabbit B3 m is ready to mate
Rabbit B3 m is approaching partner: Rabbit A1f
Rabbit B0m is running away from: LionB5
Rabbit B0m is running away from: WolfB5
Rabbit B0 is Hungry
Rabbit B0m ate
Rabbit B0 m is ready to mate
Rabbit B0 m is approaching partner: Rabbit A1f
Rabbit B1 is Thirsty
Rabbit B1 drank water
Rabbit B1m is running away from: LionA5
Rabbit B1m is running away from: WolfB5
Rabbit B1 is Hungry
Rabbit B1 m is ready to mate
Rabbit B1 m is approaching partner: Rabbit A1f
Rabbit A1f is running away from: LionB5
Rabbit A1f is running away from: WolfB5
Rabbit A1 is Hungry
Rabbit A1 f is ready to mate
Rabbit B2 is Thirsty
Rabbit B2 drank water
Rabbit B2f is running away from: LionA5
Rabbit B2f is running away from: WolfB5
Rabbit B3 is Thirsty
Rabbit B3 drank water
Rabbit B3f is running away from: LionA5
Rabbit B3f is running away from: WolfA3
Rabbit B3 f is ready to mate
Rabbit B4m is running away from: LionA5
Rabbit B4m is running away from: WolfB5
Rabbit B4 is Hungry
Rabbit B4m ate
Rabbit B4 m is ready to mate
Rabbit B4 m is approaching partner: Rabbit B3f
Rabbit B2f is running away from: LionA5
Rabbit B2f is running away from: WolfB5
Rabbit B2 is Hungry
Rabbit A2m is running away from: LionA5
Rabbit A2m is running away from: WolfB5
Rabbit C3m is running away from: LionA5
Rabbit C3m is running away from: WolfB5
Lion A5 is Thirsty
Lion A5 drank water
Lion A5 is Hungry
LionA5mis chasing: B2f
Lion A5 m is ready to mate
No Female Lion Partner or Female Lion partners are not ready to mate Yet!
Lion B5 m is ready to mate
No Female Lion Partner or Female Lion partners are not ready to mate Yet!
Wolf A3m is running away from: LionA5
Wolf A3m ate!
Wolf A3 m is ready to mate
No Female Wolf Partner or Female Wolf Partner not ready yet!
Wolf B5m is running away from: LionA5
Wolf B5 is Hungry
WolfB5m died of hunger
Wolf B5m is chasing: B4m
Wolf B5 is Thirsty
Wolf B5drank water
Rabbit B3m is running away from: LionA5
Rabbit B3m is running away from: WolfA3
Rabbit B3 is Hungry
Rabbit B3 m is ready to mate
Rabbit B3 m is approaching partner: Rabbit A1f
Rabbit B0m is running away from: LionB5
Rabbit B0m is running away from: WolfA3
Rabbit B0 m is ready to mate
Rabbit B0 m is approaching partner: Rabbit A1f
Rabbit B1 is Thirsty
Rabbit B1 drank water
Rabbit B1m is running away from: LionA5
Rabbit B1m is running away from: WolfA3
Rabbit B1 is Hungry
Rabbit B1 m is ready to mate
Rabbit B1 m is approaching partner: Rabbit A1f
Rabbit A1f is running away from: LionB5
Rabbit A1f is running away from: WolfA3
Rabbit A1 is Hungry
Rabbit A1 f is ready to mate
Rabbit B2 is Thirsty
Rabbit B2 drank water
Rabbit B2f is running away from: LionA5
Rabbit B2f is running away from: WolfA3
Rabbit B2 is Hungry
Rabbit B2f ate
Rabbit B4m is running away from: LionA5
Rabbit B4m is running away from: WolfA3
Rabbit B4 m is ready to mate
Rabbit B4 m is approaching partner: Rabbit A1f
Rabbit B2f is running away from: LionA5
Rabbit B2f is running away from: WolfA3
Rabbit B2 is Hungry
RabbitB2f died of hunger
Rabbit A2m is running away from: LionA5
Rabbit A2m is running away from: WolfA3
Rabbit A2 is Hungry
Rabbit C3m is running away from: LionA5
Rabbit C3m is running away from: WolfA3
Rabbit C3 is Hungry
Lion A5 is Thirsty
Lion A5 drank water
Lion A5 is Hungry
LionA5mis chasing: B2f
Lion A5 m is ready to mate
No Female Lion Partner or Female Lion partners are not ready to mate Yet!
Lion B5 m is ready to mate
No Female Lion Partner or Female Lion partners are not ready to mate Yet!
Wolf A3m is running away from: LionA5
Wolf A3 m is ready to mate
No Female Wolf Partner or Female Wolf Partner not ready yet!
Rabbit B3m is running away from: LionA5
Rabbit B3m is running away from: WolfA3
Rabbit B3 is Hungry
Rabbit B3 m is ready to mate
Rabbit B3 m is approaching partner: Rabbit A1f
Rabbit B0m is running away from: LionB5
Rabbit B0m is running away from: WolfA3
Rabbit B0 is Hungry
Rabbit B0 m is ready to mate
Rabbit B0 m is approaching partner: Rabbit A1f
Rabbit B1 is Thirsty
Rabbit B1 drank water
Rabbit B1m is running away from: LionA5
Rabbit B1m is running away from: WolfA3
Rabbit B1 is Hungry
Rabbit B1 m is ready to mate
Rabbit B1 m is approaching partner: Rabbit A1f
Rabbit A1f is running away from: LionB5
Rabbit A1f is running away from: WolfA3
Rabbit A1 is Hungry
RabbitA1f died of hunger
Rabbit A1 f is ready to mate
Rabbit B2 is Thirsty
Rabbit B2 drank water
Rabbit B2f is running away from: LionA5
Rabbit B2f is running away from: WolfA3
Rabbit B4m is running away from: LionA5
Rabbit B4m is running away from: WolfA3
Rabbit B4 is Hungry
Rabbit B4 m is ready to mate
Not enough female Rabbits or Female Rabbit partners are not ready yet!
Rabbit A2m is running away from: LionA5
Rabbit A2m is running away from: WolfA3
Rabbit A2 is Hungry
Rabbit C3m is running away from: LionA5
Rabbit C3m is running away from: WolfA3
Rabbit C3 is Hungry
Lion A5 is Thirsty
Lion A5 drank water
Lion A5 is Hungry
LionA5mis chasing: B2f
Lion A5 m is ready to mate
No Female Lion Partner or Female Lion partners are not ready to mate Yet!
Lion B5 m is ready to mate
No Female Lion Partner or Female Lion partners are not ready to mate Yet!
Wolf A3m is running away from: LionA5
Wolf A3 m is ready to mate
No Female Wolf Partner or Female Wolf Partner not ready yet!
Rabbit B3m is running away from: LionA5
Rabbit B3m is running away from: WolfA3
Rabbit B3 is Hungry
Rabbit B3m ate
Rabbit B3 m is ready to mate
Not enough female Rabbits or Female Rabbit partners are not ready yet!
Rabbit B0m is running away from: LionB5
Rabbit B0m is running away from: WolfA3
Rabbit B0 is Hungry
Rabbit B0 m is ready to mate
Not enough female Rabbits or Female Rabbit partners are not ready yet!
Rabbit B1 is Thirsty
Rabbit B1 drank water
Rabbit B1m is running away from: LionA5
Rabbit B1m is running away from: WolfA3
Rabbit B1 is Hungry
Rabbit B1 m is ready to mate
Not enough female Rabbits or Female Rabbit partners are not ready yet!
Rabbit B2 is Thirsty
Rabbit B2 drank water
Rabbit B2f is running away from: LionA5
Rabbit B2f is running away from: WolfA3
Rabbit B2 is Hungry
Rabbit B2f ate
Rabbit B4m is running away from: LionA5
Rabbit B4m is running away from: WolfA3
Rabbit B4 is Hungry
Rabbit B4 m is ready to mate
Not enough female Rabbits or Female Rabbit partners are not ready yet!
Rabbit A2m is running away from: LionA5
Rabbit A2m is running away from: WolfA3
Rabbit A2 is Hungry
Rabbit C3m is running away from: LionA5
Rabbit C3m is running away from: WolfA3
Rabbit C3 is Hungry
Lion A5 is Thirsty
Lion A5 drank water
Lion A5 is Hungry
LionA5mis chasing: B2f
LionA5m ate: B2f
Lion A5 m is ready to mate
No Female Lion Partner or Female Lion partners are not ready to mate Yet!
Lion B5 m is ready to mate
No Female Lion Partner or Female Lion partners are not ready to mate Yet!
Wolf A3m is running away from: LionA5
Wolf A3 m is ready to mate
No Female Wolf Partner or Female Wolf Partner not ready yet!
Rabbit B3m is running away from: LionA5
Rabbit B3m is running away from: WolfA3
Rabbit B3 m is ready to mate
Not enough female Rabbits or Female Rabbit partners are not ready yet!
Rabbit B0m is running away from: LionB5
Rabbit B0m is running away from: WolfA3
Rabbit B0 is Hungry
Rabbit B0 m is ready to mate
Not enough female Rabbits or Female Rabbit partners are not ready yet!
Rabbit B1 is Thirsty
Rabbit B1 drank water
Rabbit B1m is running away from: LionA5
Rabbit B1m is running away from: WolfA3
Rabbit B1 is Hungry
RabbitB1m died of hunger
Rabbit B1 m is ready to mate
Not enough female Rabbits or Female Rabbit partners are not ready yet!
Rabbit B4m is running away from: LionA5
Rabbit B4m is running away from: WolfA3
Rabbit B4 is Hungry
Rabbit B4 m is ready to mate
Not enough female Rabbits or Female Rabbit partners are not ready yet!
Rabbit A2m is running away from: LionA5
Rabbit A2m is running away from: WolfA3
Rabbit A2 is Hungry
Rabbit A2 m is ready to mate
Not enough female Rabbits or Female Rabbit partners are not ready yet!
Rabbit C3m is running away from: LionA5
Rabbit C3m is running away from: WolfA3
Rabbit C3 is Hungry
Rabbit C3 m is ready to mate
Not enough female Rabbits or Female Rabbit partners are not ready yet!
Lion A5 is Thirsty
Lion A5 drank water
Lion A5 m is ready to mate
No Female Lion Partner or Female Lion partners are not ready to mate Yet!
Lion B5 is Hungry
LionB5mis chasing: B0m
Lion B5 m is ready to mate
No Female Lion Partner or Female Lion partners are not ready to mate Yet!
Wolf A3m is running away from: LionA5
Wolf A3 m is ready to mate
No Female Wolf Partner or Female Wolf Partner not ready yet!
Rabbit B3m is running away from: LionA5
Rabbit B3m is running away from: WolfA3
Rabbit B3 is Hungry
Rabbit B3 m is ready to mate
Not enough female Rabbits or Female Rabbit partners are not ready yet!
Rabbit B0m is running away from: LionB5
Rabbit B0m is running away from: WolfA3
Rabbit B0 is Hungry
Rabbit B0 m is ready to mate
Not enough female Rabbits or Female Rabbit partners are not ready yet!
Rabbit B4m is running away from: LionA5
Rabbit B4m is running away from: WolfA3
Rabbit B4 is Hungry
Rabbit B4 m is ready to mate
Not enough female Rabbits or Female Rabbit partners are not ready yet!
Rabbit A2m is running away from: LionA5
Rabbit A2m is running away from: WolfA3
Rabbit A2 is Hungry
Rabbit A2 m is ready to mate
Not enough female Rabbits or Female Rabbit partners are not ready yet!
Rabbit C3m is running away from: LionA5
Rabbit C3m is running away from: WolfA3
Rabbit C3 is Hungry
Rabbit C3 m is ready to mate
Not enough female Rabbits or Female Rabbit partners are not ready yet!
Lion A5 is Thirsty
Lion A5 drank water
Lion A5 m is ready to mate
No Female Lion Partner or Female Lion partners are not ready to mate Yet!
Lion B5 is Hungry
LionB5mis chasing: B0m
LionB5m ate: B0m
Lion B5 m is ready to mate
No Female Lion Partner or Female Lion partners are not ready to mate Yet!
Wolf A3m is running away from: LionA5
Wolf A3 is Hungry
Wolf A3m is chasing: B4m
Wolf A3 m is ready to mate
No Female Wolf Partner or Female Wolf Partner not ready yet!
Rabbit B3m is running away from: LionA5
Rabbit B3m is running away from: WolfA3
Rabbit B3 is Hungry
Rabbit B3 m is ready to mate
Not enough female Rabbits or Female Rabbit partners are not ready yet!
Rabbit B4m is running away from: LionA5
Rabbit B4m is running away from: WolfA3
Rabbit B4 is Hungry
Rabbit B4 m is ready to mate
Not enough female Rabbits or Female Rabbit partners are not ready yet!
Rabbit A2m is running away from: LionA5
Rabbit A2m is running away from: WolfA3
Rabbit A2 is Hungry
Rabbit A2 m is ready to mate
Not enough female Rabbits or Female Rabbit partners are not ready yet!
Rabbit C3m is running away from: LionA5
Rabbit C3m is running away from: WolfA3
Rabbit C3 is Hungry
Rabbit C3 m is ready to mate
Not enough female Rabbits or Female Rabbit partners are not ready yet!
Lion A5 is Thirsty
Lion A5 drank water
Lion A5 m is ready to mate
No Female Lion Partner or Female Lion partners are not ready to mate Yet!
Lion B5 m is ready to mate
No Female Lion Partner or Female Lion partners are not ready to mate Yet!
Wolf A3m is running away from: LionA5
Wolf A3 is Hungry
Wolf A3m is chasing: B4m
Wolf A3 m is ready to mate
No Female Wolf Partner or Female Wolf Partner not ready yet!
Rabbit B3m is running away from: LionA5
Rabbit B3m is running away from: WolfA3
Rabbit B3 is Hungry
Rabbit B3 m is ready to mate
Not enough female Rabbits or Female Rabbit partners are not ready yet!
Rabbit B4m is running away from: LionA5
Rabbit B4m is running away from: WolfA3
Rabbit B4 is Hungry
Rabbit B4 m is ready to mate
Not enough female Rabbits or Female Rabbit partners are not ready yet!
Rabbit A2m is running away from: LionA5
Rabbit A2m is running away from: WolfA3
Rabbit A2 is Hungry
RabbitA2m died of hunger
Rabbit A2 m is ready to mate
Not enough female Rabbits or Female Rabbit partners are not ready yet!
Rabbit C3m is running away from: LionA5
Rabbit C3m is running away from: WolfA3
Rabbit C3 is Hungry
RabbitC3m died of hunger
Rabbit C3 m is ready to mate
Not enough female Rabbits or Female Rabbit partners are not ready yet!
Lion A5 is Thirsty
Lion A5 drank water
Lion A5 m is ready to mate
No Female Lion Partner or Female Lion partners are not ready to mate Yet!
Lion B5 m is ready to mate
No Female Lion Partner or Female Lion partners are not ready to mate Yet!
Wolf A3m is running away from: LionA5
Wolf A3 is Hungry
Wolf A3m is chasing: B4m
Wolf A3 m is ready to mate
No Female Wolf Partner or Female Wolf Partner not ready yet!
Rabbit B3m is running away from: LionA5
Rabbit B3m is running away from: WolfA3
Rabbit B3 is Hungry
Rabbit B3 m is ready to mate
Not enough female Rabbits or Female Rabbit partners are not ready yet!
Rabbit B4m is running away from: LionA5
Rabbit B4m is running away from: WolfA3
Rabbit B4 is Hungry
RabbitB4m died of hunger
Rabbit B4 m is ready to mate
Not enough female Rabbits or Female Rabbit partners are not ready yet!
Lion A5 is Hungry
LionA5mis chasing: B3m
Lion A5 m is ready to mate
No Female Lion Partner or Female Lion partners are not ready to mate Yet!
Lion B5 m is ready to mate
No Female Lion Partner or Female Lion partners are not ready to mate Yet!
Wolf A3m is running away from: LionA5
Wolf A3 is Hungry
Wolf A3m is chasing: B3m
Wolf A3 is Thirsty
Wolf A3drank water
Wolf A3 m is ready to mate
No Female Wolf Partner or Female Wolf Partner not ready yet!
Rabbit B3m is running away from: LionA5
Rabbit B3m is running away from: WolfA3
Rabbit B3 is Hungry
Rabbit B3 m is ready to mate
Not enough female Rabbits or Female Rabbit partners are not ready yet!
Lion A5 is Hungry
LionA5mis chasing: B3m
Lion A5 m is ready to mate
No Female Lion Partner or Female Lion partners are not ready to mate Yet!
Lion B5 m is ready to mate
No Female Lion Partner or Female Lion partners are not ready to mate Yet!
Wolf A3m is running away from: LionA5
Wolf A3 is Hungry
Wolf A3m is chasing: B3m
Wolf A3 is Thirsty
Wolf A3drank water
Wolf A3 m is ready to mate
No Female Wolf Partner or Female Wolf Partner not ready yet!
Rabbit B3m is running away from: LionA5
Rabbit B3m is running away from: WolfA3
Rabbit B3 is Hungry
Rabbit B3 m is ready to mate
Not enough female Rabbits or Female Rabbit partners are not ready yet!
Lion A5 is Hungry
LionA5mis chasing: B3m
Lion A5 m is ready to mate
No Female Lion Partner or Female Lion partners are not ready to mate Yet!
Lion B5 is Hungry
LionB5mis chasing: B3m
Lion B5 m is ready to mate
No Female Lion Partner or Female Lion partners are not ready to mate Yet!
Wolf A3m is running away from: LionA5
Wolf A3 is Hungry
Wolf A3m is chasing: B3m
Wolf A3 is Thirsty
Wolf A3drank water
Wolf A3 m is ready to mate
No Female Wolf Partner or Female Wolf Partner not ready yet!
Rabbit B3m is running away from: LionA5
Rabbit B3m is running away from: WolfA3
Rabbit B3 is Hungry
RabbitB3m died of hunger
Rabbit B3 m is ready to mate
Not enough female Rabbits or Female Rabbit partners are not ready yet!
Lion A5 is Hungry
LionA5mis chasing: A3m
Lion A5 m is ready to mate
No Female Lion Partner or Female Lion partners are not ready to mate Yet!
Lion B5 is Hungry
LionB5mis chasing: A3m
Lion B5 m is ready to mate
No Female Lion Partner or Female Lion partners are not ready to mate Yet!
Wolf A3m is running away from: LionA5
Wolf A3 is Hungry
Lion A5 is Hungry
LionA5mis chasing: A3m
Lion A5 m is ready to mate
No Female Lion Partner or Female Lion partners are not ready to mate Yet!
Lion B5 is Hungry
LionB5mis chasing: A3m
Lion B5 m is ready to mate
No Female Lion Partner or Female Lion partners are not ready to mate Yet!
Wolf A3m is running away from: LionA5
Wolf A3 is Hungry
Lion A5 is Hungry
LionA5mis chasing: A3m
Lion A5 m is ready to mate
No Female Lion Partner or Female Lion partners are not ready to mate Yet!
Lion B5 is Hungry
LionB5mis chasing: A3m
Lion B5 m is ready to mate
No Female Lion Partner or Female Lion partners are not ready to mate Yet!
Wolf A3m is running away from: LionA5
Wolf A3 is Hungry
Lion A5 is Hungry
LionA5mis chasing: A3m
Lion A5 m is ready to mate
No Female Lion Partner or Female Lion partners are not ready to mate Yet!
Lion B5 is Hungry
LionB5mis chasing: A3m
Lion B5 m is ready to mate
No Female Lion Partner or Female Lion partners are not ready to mate Yet!
Wolf A3m is running away from: LionA5
Wolf A3 is Hungry
Lion A5 is Hungry
LionA5mis chasing: A3m
Lion A5 m is ready to mate
No Female Lion Partner or Female Lion partners are not ready to mate Yet!
Lion B5 is Hungry
LionB5mis chasing: A3m
Lion B5 m is ready to mate
No Female Lion Partner or Female Lion partners are not ready to mate Yet!
Wolf A3m is running away from: LionA5
Wolf A3 is Hungry
Lion A5 is Hungry
LionA5mis chasing: A3m
Lion A5 m is ready to mate
No Female Lion Partner or Female Lion partners are not ready to mate Yet!
Lion B5 is Hungry
LionB5mis chasing: A3m
Lion B5 m is ready to mate
No Female Lion Partner or Female Lion partners are not ready to mate Yet!
Wolf A3m is running away from: LionA5
Wolf A3 is Hungry
Lion A5 is Hungry
LionA5mis chasing: A3m
Lion A5 m is ready to mate
No Female Lion Partner or Female Lion partners are not ready to mate Yet!
Lion B5 is Hungry
LionB5mis chasing: A3m
Lion B5 m is ready to mate
No Female Lion Partner or Female Lion partners are not ready to mate Yet!
Wolf A3m is running away from: LionA5
Wolf A3 is Hungry
WolfA3m died of hunger
Lion A5 is Hungry
LionA5m died of hunger
Lion B5 is Hungry
Lion B5 is Thirsty
Lion B5 drank water
Lion B5 is Hungry
Lion B5 is Thirsty
Lion B5 drank water
Lion B5 is Hungry
LionB5m died of hunger
