Wolf C0m is running away from: LionB3
Wolf A2f is running away from: LionB3
Wolf B3m is running away from: LionB3
Rabbit B3m is running away from: LionA3
Rabbit B3m is running away from: WolfC0
Rabbit C4f is running away from: LionB5
Rabbit C4f is running away from: WolfC0
Rabbit C3m is running away from: LionB5
Rabbit C3m is running away from: WolfA2
Rabbit B0m is running away from: LionB3
Rabbit B0m is running away from: WolfB3
Rabbit C2f is running away from: LionA3
Rabbit C2f is running away from: WolfA2
Rabbit A2m is running away from: LionB5
Rabbit A2m is running away from: WolfA2
Rabbit B1m is running away from: LionB3
Rabbit B1m is running away from: WolfB3
Rabbit B0f is running away from: LionB5
Rabbit B0f is running away from: WolfA2
Rabbit A1f is running away from: LionA3
Rabbit A1f is running away from: WolfA2
Rabbit C5m is running away from: LionB5
Rabbit C5m is running away from: WolfC0
Wolf C0m is running away from: LionB5
Wolf A2f is running away from: LionB3
Wolf B3m is running away from: LionB3
Rabbit B3m is running away from: LionA3
Rabbit B3m is running away from: WolfC0
Rabbit B3 is Hungry
Rabbit B3m ate
Rabbit B3 m is ready to mate
Rabbit B3 m is approaching partner: Rabbit C4f
Rabbit C4f is running away from: LionB5
Rabbit C4f is running away from: WolfC0
Rabbit C4 is Hungry
Rabbit C4f ate
Rabbit C4 f is ready to mate
Rabbit C3m is running away from: LionA3
Rabbit C3m is running away from: WolfA2
Rabbit C3 is Hungry
Rabbit C3m ate
Rabbit C3 m is ready to mate
Rabbit C3 m is approaching partner: Rabbit A1f
Rabbit B0m is running away from: LionB3
Rabbit B0m is running away from: WolfB3
Rabbit B0 is Hungry
Rabbit B0m ate
Rabbit B0 m is ready to mate
Rabbit B0 m is approaching partner: Rabbit B0f
Rabbit C2f is running away from: LionA3
Rabbit C2f is running away from: WolfA2
Rabbit C2 is Hungry
Rabbit C2f ate
Rabbit C2 f is ready to mate
Rabbit A2m is running away from: LionB5
Rabbit A2m is running away from: WolfA2
Rabbit A2 is Hungry
Rabbit A2m ate
Rabbit A2 m is ready to mate
Rabbit A2 m is approaching partner: Rabbit B0f
Rabbit B1m is running away from: LionB3
Rabbit B1m is running away from: WolfB3
Rabbit B1 is Hungry
Rabbit B1m ate
Rabbit B1 m is ready to mate
Rabbit B1 m is approaching partner: Rabbit B0f
Rabbit B0f is running away from: LionB5
Rabbit B0f is running away from: WolfA2
Rabbit B0 is Hungry
Rabbit B0f ate
Rabbit B0 f is ready to mate
Rabbit A1f is running away from: LionA3
Rabbit A1f is running away from: WolfA2
Rabbit A1 is Hungry
Rabbit A1f ate
Rabbit A1 f is ready to mate
Rabbit C5m is running away from: LionA3
Rabbit C5m is running away from: WolfA2
Rabbit C5 is Hungry
Rabbit C5m ate
Rabbit C5 m is ready to mate
Rabbit C5 m is approaching partner: Rabbit C4f
Wolf C0m is running away from: LionB3
Wolf A2f is running away from: LionB3
Wolf B3m is running away from: LionB3
Rabbit B3m is running away from: LionA3
Rabbit B3m is running away from: WolfC0
Rabbit B3 m is ready to mate
Rabbit B3 m is approaching partner: Rabbit C4f
Rabbit C4f is running away from: LionB5
Rabbit C4f is running away from: WolfC0
Rabbit C4 f is ready to mate
Rabbit C3m is running away from: LionA3
Rabbit C3m is running away from: WolfA2
Rabbit C3 m is ready to mate
Rabbit C3 m is approaching partner: Rabbit A1f
Rabbit B0m is running away from: LionB3
Rabbit B0m is running away from: WolfC0
Rabbit B0 m is ready to mate
Rabbit B0 m is approaching partner: Rabbit B0f
Rabbit C2f is running away from: LionA3
Rabbit C2f is running away from: WolfA2
Rabbit C2 f is ready to mate
Rabbit A2m is running away from: LionB5
Rabbit A2m is running away from: WolfA2
Rabbit A2 m is ready to mate
Rabbit A2 m is approaching partner: Rabbit B0f
Rabbit B1m is running away from: LionB3
Rabbit B1m is running away from: WolfB3
Rabbit B1 m is ready to mate
Rabbit B1 m is approaching partner: Rabbit B0f
Rabbit B0f is running away from: LionB5
Rabbit B0f is running away from: WolfA2
Rabbit B0 f is ready to mate
Rabbit A1f is running away from: LionA3
Rabbit A1f is running away from: WolfA2
Rabbit A1 f is ready to mate
Rabbit C5m is running away from: LionA3
Rabbit C5m is running away from: WolfC0
Rabbit C5 m is ready to mate
Rabbit C5 m is approaching partner: Rabbit C4f
Wolf C0m is running away from: LionB5
Wolf C0 m is ready to mate
Wolf A2f is running away from: LionB3
Wolf A2 f is ready to mate
Wolf B3m is running away from: LionB3
Wolf B3 m is ready to mate
Rabbit B3m is running away from: LionB5
Rabbit B3m is running away from: WolfC0
Rabbit B3 is Hungry
Rabbit B3m ate
Rabbit B3 m is ready to mate
Rabbit B3 m is approaching partner: Rabbit C4f
Rabbit C4f is running away from: LionB5
Rabbit C4f is running away from: WolfC0
Rabbit C4 is Hungry
Rabbit C4 f is ready to mate
Rabbit C3m is running away from: LionA3
Rabbit C3m is running away from: WolfA2
Rabbit C3 is Hungry
Rabbit C3m ate
Rabbit C3 m is ready to mate
Rabbit C3 m is approaching partner: Rabbit B0f
Rabbit B0m is running away from: LionB3
Rabbit B0m is running away from: WolfC0
Rabbit B0 is Hungry
Rabbit B0m ate
Rabbit B0 m is ready to mate
Rabbit B0 m is approaching partner: Rabbit B0f
Rabbit C2f is running away from: LionA3
Rabbit C2f is running away from: WolfA2
Rabbit C2 is Hungry
Rabbit C2 f is ready to mate
Rabbit A2m is running away from: LionB5
Rabbit A2m is running away from: WolfA2
Rabbit A2 is Hungry
Rabbit A2m ate
Rabbit A2 m is ready to mate
Rabbit A2 m is approaching partner: Rabbit B0f
Rabbit B1m is running away from: LionB3
Rabbit B1m is running away from: WolfB3
Rabbit B1 is Hungry
Rabbit B1m ate
Rabbit B1 m is ready to mate
Rabbit B1 m is approaching partner: Rabbit B0f
Rabbit B0f is running away from: LionA3
Rabbit B0f is running away from: WolfA2
Rabbit B0 is Hungry
Rabbit B0f ate
Rabbit B0 f is ready to mate
Rabbit A1f is running away from: LionA3
Rabbit A1f is running away from: WolfA2
Rabbit A1 is Hungry
Rabbit A1f ate
Rabbit A1 f is ready to mate
Rabbit C5m is running away from: LionA3
Rabbit C5m is running away from: WolfC0
Rabbit C5 is Hungry
Rabbit C5m ate
Rabbit C5 m is ready to mate
Rabbit C5 m is approaching partner: Rabbit C4f
Wolf C0m is running away from: LionB3
Wolf C0 m is ready to mate
Wolf A2f is running away from: LionB3
Wolf A2 f is ready to mate
Wolf B3m is running away from: LionB3
Wolf B3 m is ready to mate
Rabbit B3m is running away from: LionB5
Rabbit B3m is running away from: WolfC0
Rabbit B3 m is ready to mate
Rabbit B3 m is approaching partner: Rabbit C4f
Rabbit C4f is running away from: LionB5
Rabbit C4f is running away from: WolfC0
Rabbit C4 is Hungry
Rabbit C4 f is ready to mate
Rabbit C3m is running away from: LionA3
Rabbit C3m is running away from: WolfA2
Rabbit C3 m is ready to mate
Rabbit C3 m is approaching partner: Rabbit B0f
Rabbit B0m is running away from: LionB3
Rabbit B0m is running away from: WolfC0
Rabbit B0 m is ready to mate
Rabbit B0 m is approaching partner: Rabbit B0f
Rabbit C2f is running away from: LionA3
Rabbit C2f is running away from: WolfA2
Rabbit C2 is Hungry
Rabbit C2 f is ready to mate
Rabbit A2m is running away from: LionA3
Rabbit A2m is running away from: WolfA2
Rabbit A2 m is ready to mate
Rabbit A2 m is approaching partner: Rabbit B0f
Rabbit B1m is running away from: LionB3
Rabbit B1m is running away from: WolfB3
Rabbit B1 m is ready to mate
Rabbit B1 m is approaching partner: Rabbit B0f
Rabbit B0f is running away from: LionA3
Rabbit B0f is running away from: WolfA2
Rabbit B0 f is ready to mate
Rabbit A1f is running away from: LionA3
Rabbit A1f is running away from: WolfA2
Rabbit A1 f is ready to mate
Rabbit C5m is running away from: LionA3
Rabbit C5m is running away from: WolfC0
Rabbit C5 m is ready to mate
Rabbit C5 m is approaching partner: Rabbit C4f
Wolf C0m is running away from: LionB3
Wolf C0 is Hungry
Wolf C0m is chasing: B0m
Wolf C0 m is ready to mate
Wolf A2f is running away from: LionB3
Wolf A2 is Hungry
Wolf A2f is chasing: B0m
Wolf A2 f is ready to mate
Wolf B3m is running away from: LionB3
Wolf B3 is Hungry
Wolf B3m is chasing: B0m
Wolf B3 m is ready to mate
Rabbit B3m is running away from: LionB5
Rabbit B3m is running away from: WolfC0
Rabbit B3 is Hungry
Rabbit B3 m is ready to mate
Rabbit B3 m is approaching partner: Rabbit C4f
Rabbit C4f is running away from: LionB5
Rabbit C4f is running away from: WolfC0
Rabbit C4 is Hungry
Rabbit C4 f is ready to mate
Rabbit C3m is running away from: LionA3
Rabbit C3m is running away from: WolfA2
Rabbit C3 is Hungry
Rabbit C3m ate
Rabbit C3 m is ready to mate
Rabbit C3 m is approaching partner: Rabbit A1f
Rabbit B0m is running away from: LionB3
Rabbit B0m is running away from: WolfC0
Rabbit B0 is Hungry
Rabbit B0m ate
Rabbit B0 m is ready to mate
Rabbit B0 m is approaching partner: Rabbit B0f
Rabbit C2f is running away from: LionA3
Rabbit C2f is running away from: WolfA2
Rabbit C2 is Hungry
Rabbit C2 f is ready to mate
Rabbit A2m is running away from: LionA3
Rabbit A2m is running away from: WolfA2
Rabbit A2 is Hungry
Rabbit A2m ate
Rabbit A2 m is ready to mate
Rabbit A2 m is approaching partner: Rabbit B0f
Rabbit B1m is running away from: LionB3
Rabbit B1m is running away from: WolfB3
Rabbit B1 is Hungry
Rabbit B1m ate
Rabbit B1 m is ready to mate
Rabbit B1 m is approaching partner: Rabbit B0f
Rabbit B0f is running away from: LionA3
Rabbit B0f is running away from: WolfA2
Rabbit B0 is Hungry
Rabbit B0f ate
Rabbit B0 f is ready to mate
Rabbit A1f is running away from: LionA3
Rabbit A1f is running away from: WolfA2
Rabbit A1 is Hungry
Rabbit A1 f is ready to mate
Rabbit C5m is running away from: LionB5
Rabbit C5m is running away from: WolfC0
Rabbit C5 is Hungry
Rabbit C5m ate
Rabbit C5 m is ready to mate
Rabbit C5 m is approaching partner: Rabbit C4f
Wolf C0m is running away from: LionB3
Wolf C0 is Hungry
Wolf C0m is chasing: B0m
Wolf C0 m is ready to mate
Wolf A2f is running away from: LionB3
Wolf A2 is Hungry
Wolf A2f is chasing: B0m
Wolf A2 f is ready to mate
Wolf B3m is running away from: LionB3
Wolf B3 is Hungry
Wolf B3m is chasing: B0m
Wolf B3 m is ready to mate
Rabbit B3 is Thirsty
Rabbit B3 drank water
Rabbit B3m is running away from: LionB5
Rabbit B3m is running away from: WolfA2
Rabbit B3 is Hungry
Rabbit B3 m is ready to mate
Rabbit B3 m is approaching partner: Rabbit C4f
Rabbit C4 is Thirsty
Rabbit C4 drank water
Rabbit C4f is running away from: LionB5
Rabbit C4f is running away from: WolfC0
Rabbit C4 is Hungry
Rabbit C4 f is ready to mate
Rabbit C3 is Thirsty
Rabbit C3 drank water
Rabbit C3m is running away from: LionA3
Rabbit C3m is running away from: WolfA2
Rabbit C3 m is ready to mate
Rabbit C3 m is approaching partner: Rabbit A1f
Rabbit B0 is Thirsty
Rabbit B0 drank water
Rabbit B0m is running away from: LionB3
Rabbit B0m is running away from: WolfC0
Rabbit B0 m is ready to mate
Rabbit B0 m is approaching partner: Rabbit B0f
Rabbit C2 is Thirsty
Rabbit C2 drank water
Rabbit C2f is running away from: LionA3
Rabbit C2f is running away from: WolfA2
Rabbit C2 is Hungry
Rabbit C2 f is ready to mate
Rabbit A2 is Thirsty
Rabbit A2 drank water
Rabbit A2m is running away from: LionA3
Rabbit A2m is running away from: WolfA2
Rabbit A2 m is ready to mate
Rabbit A2 m is approaching partner: Rabbit B0f
Rabbit B1 is Thirsty
Rabbit B1 drank water
Rabbit B1m is running away from: LionB3
Rabbit B1m is running away from: WolfB3
Rabbit B1 m is ready to mate
Rabbit B1 m is approaching partner: Rabbit B0f
Rabbit B0 is Thirsty
Rabbit B0 drank water
Rabbit B0f is running away from: LionB5
Rabbit B0f is running away from: WolfA2
Rabbit B0 f is ready to mate
Rabbit A1 is Thirsty
Rabbit A1 drank water
Rabbit A1f is running away from: LionA3
Rabbit A1f is running away from: WolfA2
Rabbit A1 is Hungry
Rabbit A1 f is ready to mate
Rabbit C5 is Thirsty
Rabbit C5 drank water
Rabbit C5m is running away from: LionB5
Rabbit C5m is running away from: WolfC0
Rabbit C5 m is ready to mate
Rabbit C5 m is approaching partner: Rabbit C4f
Lion A3 m is ready to mate
Lion B5 m is ready to mate
Lion B3 f is ready to mate
Wolf C0m is running away from: LionB3
Wolf C0 is Hungry
Wolf C0m is chasing: B0m
Wolf C0 m is ready to mate
Wolf A2f is running away from: LionB3
Wolf A2 is Hungry
Wolf A2f is chasing: B0m
Wolf A2 f is ready to mate
Wolf B3m is running away from: LionB3
Wolf B3 is Hungry
Wolf B3m is chasing: B0m
Wolf B3 m is ready to mate
Rabbit B3 is Thirsty
Rabbit B3 drank water
Rabbit B3m is running away from: LionA3
Rabbit B3m is running away from: WolfC0
Rabbit B3 is Hungry
Rabbit B3 m is ready to mate
Rabbit B3 m is approaching partner: Rabbit C4f
Rabbit C4 is Thirsty
Rabbit C4 drank water
Rabbit C4f is running away from: LionB5
Rabbit C4f is running away from: WolfC0
Rabbit C4 is Hungry
Rabbit C4 f is ready to mate
Rabbit C3 is Thirsty
Rabbit C3 drank water
Rabbit C3m is running away from: LionA3
Rabbit C3m is running away from: WolfA2
Rabbit C3 is Hungry
Rabbit C3m ate
Rabbit C3 m is ready to mate
Rabbit C3 m is approaching partner: Rabbit C2f
Rabbit B0 is Thirsty
Rabbit B0 drank water
Rabbit B0m is running away from: LionB3
Rabbit B0m is running away from: WolfC0
Rabbit B0 is Hungry
Rabbit B0m ate
Rabbit B0 m is ready to mate
Rabbit B0 m is approaching partner: Rabbit B0f
Rabbit C2 is Thirsty
Rabbit C2 drank water
Rabbit C2f is running away from: LionA3
Rabbit C2f is running away from: WolfA2
Rabbit C2 is Hungry
Rabbit C2 f is ready to mate
Rabbit A2 is Thirsty
Rabbit A2 drank water
Rabbit A2m is running away from: LionA3
Rabbit A2m is running away from: WolfA2
Rabbit A2 is Hungry
Rabbit A2m ate
Rabbit A2 m is ready to mate
Rabbit A2 m is approaching partner: Rabbit B0f
Rabbit B1 is Thirsty
Rabbit B1 drank water
Rabbit B1m is running away from: LionB3
Rabbit B1m is running away from: WolfB3
Rabbit B1 is Hungry
Rabbit B1m ate
Rabbit B1 m is ready to mate
Rabbit B1 m is approaching partner: Rabbit B0f
Rabbit B0 is Thirsty
Rabbit B0 drank water
Rabbit B0f is running away from: LionB5
Rabbit B0f is running away from: WolfC0
Rabbit B0 is Hungry
Rabbit B0f ate
Rabbit B0 f is ready to mate
Rabbit A1 is Thirsty
Rabbit A1 drank water
Rabbit A1f is running away from: LionA3
Rabbit A1f is running away from: WolfA2
Rabbit A1 is Hungry
Rabbit A1 f is ready to mate
Rabbit C5 is Thirsty
Rabbit C5 drank water
Rabbit C5m is running away from: LionA3
Rabbit C5m is running away from: WolfC0
Rabbit C5 is Hungry
Rabbit C5 m is ready to mate
Rabbit C5 m is approaching partner: Rabbit C4f
Lion A3 m is ready to mate
Lion B5 m is ready to mate
Lion B3 f is ready to mate
Wolf C0m is running away from: LionB5
Wolf C0 is Hungry
Wolf C0m is chasing: B0m
Wolf C0 m is ready to mate
Wolf A2f is running away from: LionB3
Wolf A2 is Hungry
Wolf A2f is chasing: B0m
Wolf A2 f is ready to mate
Wolf B3m is running away from: LionB3
Wolf B3 is Hungry
Wolf B3m is chasing: B0m
Wolf B3 m is ready to mate
Rabbit B3 is Thirsty
Rabbit B3 drank water
Rabbit B3m is running away from: LionA3
Rabbit B3m is running away from: WolfC0
Rabbit B3 is Hungry
Rabbit B3 m is ready to mate
Rabbit B3 m is approaching partner: Rabbit C4f
Rabbit C4 is Thirsty
Rabbit C4 drank water
Rabbit C4f is running away from: LionB5
Rabbit C4f is running away from: WolfC0
Rabbit C4 is Hungry
Rabbit C4 f is ready to mate
Rabbit C3 is Thirsty
Rabbit C3 drank water
Rabbit C3m is running away from: LionA3
Rabbit C3m is running away from: WolfA2
Rabbit C3 m is ready to mate
Rabbit C3 m is approaching partner: Rabbit C2f
Rabbit B0 is Thirsty
Rabbit B0 drank water
Rabbit B0m is running away from: LionB3
Rabbit B0m is running away from: WolfC0
Rabbit B0 m is ready to mate
Rabbit B0 m is approaching partner: Rabbit B0f
Rabbit C2 is Thirsty
Rabbit C2 drank water
Rabbit C2f is running away from: LionA3
Rabbit C2f is running away from: WolfA2
Rabbit C2 is Hungry
Rabbit C2 f is ready to mate
Rabbit A2 is Thirsty
Rabbit A2 drank water
Rabbit A2m is running away from: LionB5
Rabbit A2m is running away from: WolfC0
Rabbit A2 m is ready to mate
Rabbit A2 m is approaching partner: Rabbit B0f
Rabbit B1 is Thirsty
Rabbit B1 drank water
Rabbit B1m is running away from: LionB3
Rabbit B1m is running away from: WolfB3
Rabbit B1 m is ready to mate
Rabbit B1 m is approaching partner: Rabbit B0f
Rabbit B0 is Thirsty
Rabbit B0 drank water
Rabbit B0f is running away from: LionB5
Rabbit B0f is running away from: WolfC0
Rabbit B0 f is ready to mate
Rabbit A1 is Thirsty
Rabbit A1 drank water
Rabbit A1f is running away from: LionA3
Rabbit A1f is running away from: WolfA2
Rabbit A1 is Hungry
Rabbit A1 f is ready to mate
Rabbit C5 is Thirsty
Rabbit C5 drank water
Rabbit C5m is running away from: LionA3
Rabbit C5m is running away from: WolfC0
Rabbit C5 is Hungry
Rabbit C5 m is ready to mate
Rabbit C5 m is approaching partner: Rabbit C4f
Lion A3 m is ready to mate
Lion B5 m is ready to mate
Lion B3 f is ready to mate
Wolf C0m is running away from: LionB3
Wolf C0 is Hungry
Wolf C0m is chasing: B0m
Wolf C0 m is ready to mate
Wolf A2f is running away from: LionB3
Wolf A2 is Hungry
Wolf A2f is chasing: B0m
Wolf A2 f is ready to mate
Wolf B3m is running away from: LionB3
Wolf B3 is Hungry
Wolf B3m is chasing: B0m
Wolf B3 m is ready to mate
Rabbit B3 is Thirsty
Rabbit B3 drank water
Rabbit B3m is running away from: LionA3
Rabbit B3m is running away from: WolfC0
Rabbit B3 is Hungry
Rabbit B3 m is ready to mate
Rabbit B3 m is approaching partner: Rabbit C4f
Rabbit C4 is Thirsty
Rabbit C4 drank water
Rabbit C4f is running away from: LionA3
Rabbit C4f is running away from: WolfC0
Rabbit C4 is Hungry
Rabbit C4 f is ready to mate
Rabbit C3 is Thirsty
Rabbit C3 drank water
Rabbit C3m is running away from: LionA3
Rabbit C3m is running away from: WolfA2
Rabbit C3 is Hungry
Rabbit C3 m is ready to mate
Rabbit C3 m is approaching partner: Rabbit A1f
Rabbit B0 is Thirsty
Rabbit B0 drank water
Rabbit B0m is running away from: LionB3
Rabbit B0m is running away from: WolfC0
Rabbit B0 is Hungry
Rabbit B0 m is ready to mate
Rabbit B0 m is approaching partner: Rabbit B0f
Rabbit C2 is Thirsty
Rabbit C2 drank water
Rabbit C2f is running away from: LionA3
Rabbit C2f is running away from: WolfA2
Rabbit C2 is Hungry
Rabbit C2 f is ready to mate
Rabbit A2 is Thirsty
Rabbit A2 drank water
Rabbit A2m is running away from: LionA3
Rabbit A2m is running away from: WolfA2
Rabbit A2 is Hungry
Rabbit A2m ate
Rabbit A2 m is ready to mate
Rabbit A2 m is approaching partner: Rabbit B0f
Rabbit B1 is Thirsty
Rabbit B1 drank water
Rabbit B1m is running away from: LionB3
Rabbit B1m is running away from: WolfB3
Rabbit B1 is Hungry
Rabbit B1 m is ready to mate
Rabbit B1 m is approaching partner: Rabbit B0f
Rabbit B0 is Thirsty
Rabbit B0 drank water
Rabbit B0f is running away from: LionB5
Rabbit B0f is running away from: WolfC0
Rabbit B0 is Hungry
Rabbit B0f ate
Rabbit B0 f is ready to mate
Rabbit A1 is Thirsty
Rabbit A1 drank water
Rabbit A1f is running away from: LionA3
Rabbit A1f is running away from: WolfA2
Rabbit A1 is Hungry
Rabbit A1 f is ready to mate
Rabbit C5 is Thirsty
Rabbit C5 drank water
Rabbit C5m is running away from: LionA3
Rabbit C5m is running away from: WolfC0
Rabbit C5 is Hungry
Rabbit C5 m is ready to mate
Rabbit C5 m is approaching partner: Rabbit C4f
Lion A3 is Hungry
LionA3mis chasing: A2m
Lion A3 m is ready to mate
Lion B5m ate: B0f
Lion B5 m is ready to mate
Lion B3 is Hungry
LionB3fis chasing: B0m
Lion B3 f is ready to mate
Wolf C0m is running away from: LionB3
Wolf C0 is Hungry
Wolf C0m is chasing: B0m
Wolf C0 m is ready to mate
Wolf A2f is running away from: LionB3
Wolf A2 is Hungry
Wolf A2f is chasing: B0m
Wolf A2 f is ready to mate
Wolf B3m is running away from: LionB3
Wolf B3 is Hungry
Wolf B3m is chasing: B0m
Wolf B3 m is ready to mate
Rabbit B3 is Thirsty
Rabbit B3 drank water
Rabbit B3m is running away from: LionA3
Rabbit B3m is running away from: WolfC0
Rabbit B3 is Hungry
Rabbit B3 m is ready to mate
Rabbit B3 m is approaching partner: Rabbit C4f
Rabbit C4 is Thirsty
Rabbit C4 drank water
Rabbit C4f is running away from: LionA3
Rabbit C4f is running away from: WolfC0
Rabbit C4 is Hungry
Rabbit C4 f is ready to mate
Rabbit C3 is Thirsty
Rabbit C3 drank water
Rabbit C3m is running away from: LionA3
Rabbit C3m is running away from: WolfA2
Rabbit C3 is Hungry
Rabbit C3 m is ready to mate
Rabbit C3 m is approaching partner: Rabbit A1f
Rabbit B0 is Thirsty
Rabbit B0 drank water
Rabbit B0m is running away from: LionB3
Rabbit B0m is running away from: WolfC0
Rabbit B0 is Hungry
Rabbit B0 m is ready to mate
Rabbit B0 m is approaching partner: Rabbit B0f
Rabbit C2 is Thirsty
Rabbit C2 drank water
Rabbit C2f is running away from: LionA3
Rabbit C2f is running away from: WolfA2
Rabbit C2 is Hungry
Rabbit C2 f is ready to mate
Rabbit A2 is Thirsty
Rabbit A2 drank water
Rabbit A2m is running away from: LionB5
Rabbit A2m is running away from: WolfC0
Rabbit A2 m is ready to mate
Rabbit A2 m is approaching partner: Rabbit B0f
Rabbit B1 is Thirsty
Rabbit B1 drank water
Rabbit B1m is running away from: LionB3
Rabbit B1m is running away from: WolfA2
Rabbit B1 is Hungry
Rabbit B1 m is ready to mate
Rabbit B1 m is approaching partner: Rabbit B0f
Rabbit B0 is Thirsty
Rabbit B0 drank water
Rabbit B0f is running away from: LionB5
Rabbit B0f is running away from: WolfC0
Rabbit B0 f is ready to mate
Rabbit A1 is Thirsty
Rabbit A1 drank water
Rabbit A1f is running away from: LionA3
Rabbit A1f is running away from: WolfA2
Rabbit A1 is Hungry
Rabbit A1 f is ready to mate
Rabbit C5 is Thirsty
Rabbit C5 drank water
Rabbit C5m is running away from: LionA3
Rabbit C5m is running away from: WolfC0
Rabbit C5 is Hungry
Rabbit C5 m is ready to mate
Rabbit C5 m is approaching partner: Rabbit C4f
Lion A3 is Hungry
LionA3mis chasing: A2m
Lion A3 m is ready to mate
Lion B5 m is ready to mate
Lion B3 is Hungry
LionB3fis chasing: B0m
Lion B3 f is ready to mate
Wolf C0m is running away from: LionB3
Wolf C0 is Hungry
Wolf C0m is chasing: B0m
Wolf C0 m is ready to mate
Wolf A2f is running away from: LionB3
Wolf A2 is Hungry
Wolf A2f is chasing: B0m
Wolf A2 f is ready to mate
Wolf B3m is running away from: LionB3
Wolf B3 is Hungry
Wolf B3m is chasing: B0m
Wolf B3 m is ready to mate
Rabbit B3 is Thirsty
Rabbit B3 drank water
Rabbit B3m is running away from: LionA3
Rabbit B3m is running away from: WolfC0
Rabbit B3 is Hungry
Rabbit B3 m is ready to mate
Rabbit B3 m is approaching partner: Rabbit C4f
Rabbit C4 is Thirsty
Rabbit C4 drank water
Rabbit C4f is running away from: LionA3
Rabbit C4f is running away from: WolfC0
Rabbit C4 is Hungry
RabbitC4f died of hunger
Rabbit C4 f is ready to mate
Rabbit C3 is Thirsty
Rabbit C3 drank water
Rabbit C3m is running away from: LionA3
Rabbit C3m is running away from: WolfA2
Rabbit C3 is Hungry
Rabbit C3 m is ready to mate
Rabbit C3 m is approaching partner: Rabbit C2f
Rabbit B0 is Thirsty
Rabbit B0 drank water
Rabbit B0m is running away from: LionB3
Rabbit B0m is running away from: WolfC0
Rabbit B0 is Hungry
Rabbit B0 m is ready to mate
Rabbit B0 m is approaching partner: Rabbit B0f
Rabbit C2 is Thirsty
Rabbit C2 drank water
Rabbit C2f is running away from: LionA3
Rabbit C2f is running away from: WolfA2
Rabbit C2 is Hungry
RabbitC2f died of hunger
Rabbit C2 f is ready to mate
Rabbit A2 is Thirsty
Rabbit A2 drank water
Rabbit A2m is running away from: LionA3
Rabbit A2m is running away from: WolfC0
Rabbit A2 is Hungry
Rabbit A2 m is ready to mate
Rabbit A2 m is approaching partner: Rabbit B0f
Rabbit B1 is Thirsty
Rabbit B1 drank water
Rabbit B1m is running away from: LionB3
Rabbit B1m is running away from: WolfA2
Rabbit B1 is Hungry
Rabbit B1 m is ready to mate
Rabbit B1 m is approaching partner: Rabbit B0f
Rabbit B0 is Thirsty
Rabbit B0 drank water
Rabbit B0f is running away from: LionB5
Rabbit B0f is running away from: WolfC0
Rabbit B0 is Hungry
Rabbit B0f ate
Rabbit B0 f is ready to mate
Rabbit A1 is Thirsty
Rabbit A1 drank water
Rabbit A1f is running away from: LionA3
Rabbit A1f is running away from: WolfA2
Rabbit A1 is Hungry
Rabbit A1 f is ready to mate
Rabbit C5 is Thirsty
Rabbit C5 drank water
Rabbit C5m is running away from: LionA3
Rabbit C5m is running away from: WolfC0
Rabbit C5 is Hungry
Rabbit C5 m is ready to mate
Rabbit C5 m is approaching partner: Rabbit B0f
Lion A3 is Hungry
LionA3mis chasing: A2m
Lion A3 m is ready to mate
Lion B5 m is ready to mate
Lion B3 is Hungry
LionB3fis chasing: B0m
Lion B3 f is ready to mate
Wolf C0m is running away from: LionB3
Wolf C0 is Hungry
Wolf C0m is chasing: B0m
Wolf C0 m is ready to mate
Wolf A2f is running away from: LionB3
Wolf A2 is Hungry
Wolf A2f is chasing: B0m
Wolf A2 f is ready to mate
Wolf B3m is running away from: LionB3
Wolf B3 is Hungry
Wolf B3m is chasing: B0m
Wolf B3 m is ready to mate
Rabbit B3 is Thirsty
Rabbit B3 drank water
Rabbit B3m is running away from: LionA3
Rabbit B3m is running away from: WolfC0
Rabbit B3 is Hungry
Rabbit B3 m is ready to mate
Rabbit B3 m is approaching partner: Rabbit B0f
Rabbit C3 is Thirsty
Rabbit C3 drank water
Rabbit C3m is running away from: LionA3
Rabbit C3m is running away from: WolfA2
Rabbit C3 is Hungry
Rabbit C3 m is ready to mate
Rabbit C3 m is approaching partner: Rabbit A1f
Rabbit B0 is Thirsty
Rabbit B0 drank water
Rabbit B0m is running away from: LionB3
Rabbit B0m is running away from: WolfC0
Rabbit B0 is Hungry
Rabbit B0 m is ready to mate
Rabbit B0 m is approaching partner: Rabbit B0f
Rabbit A2 is Thirsty
Rabbit A2 drank water
Rabbit A2m is running away from: LionB5
Rabbit A2m is running away from: WolfC0
Rabbit A2 is Hungry
Rabbit A2m ate
Rabbit A2 m is ready to mate
Rabbit A2 m is approaching partner: Rabbit B0f
Rabbit B1 is Thirsty
Rabbit B1 drank water
Rabbit B1m is running away from: LionB3
Rabbit B1m is running away from: WolfA2
Rabbit B1 is Hungry
Rabbit B1 m is ready to mate
Rabbit B1 m is approaching partner: Rabbit B0f
Rabbit B0 is Thirsty
Rabbit B0 drank water
Rabbit B0f is running away from: LionB5
Rabbit B0f is running away from: WolfC0
Rabbit B0 f is ready to mate
Rabbit A1 is Thirsty
Rabbit A1 drank water
Rabbit A1f is running away from: LionA3
Rabbit A1f is running away from: WolfA2
Rabbit A1 is Hungry
Rabbit A1 f is ready to mate
Rabbit C5 is Thirsty
Rabbit C5 drank water
Rabbit C5m is running away from: LionA3
Rabbit C5m is running away from: WolfC0
Rabbit C5 is Hungry
Rabbit C5 m is ready to mate
Rabbit C5 m is approaching partner: Rabbit B0f
Lion A3 is Hungry
LionA3mis chasing: A2m
Lion A3 m is ready to mate
Lion B5 m is ready to mate
Lion B3 is Hungry
LionB3fis chasing: B0m
Lion B3 f is ready to mate
Wolf C0m is running away from: LionB3
Wolf C0 is Hungry
Wolf C0m is chasing: B0m
Wolf C0 m is ready to mate
Wolf A2f is running away from: LionB3
Wolf A2 is Hungry
Wolf A2f is chasing: B0m
Wolf A2 f is ready to mate
Wolf B3m is running away from: LionB3
Wolf B3 is Hungry
Wolf B3m is chasing: B0m
Wolf B3 m is ready to mate
Rabbit B3 is Thirsty
Rabbit B3 drank water
Rabbit B3m is running away from: LionA3
Rabbit B3m is running away from: WolfC0
Rabbit B3 is Hungry
RabbitB3m died of hunger
Rabbit B3 m is ready to mate
Rabbit B3 m is approaching partner: Rabbit B0f
Rabbit C3 is Thirsty
Rabbit C3 drank water
Rabbit C3m is running away from: LionA3
Rabbit C3m is running away from: WolfA2
Rabbit C3 is Hungry
Rabbit C3m ate
Rabbit C3 m is ready to mate
Rabbit C3 m is approaching partner: Rabbit A1f
Rabbit B0 is Thirsty
Rabbit B0 drank water
Rabbit B0m is running away from: LionB3
Rabbit B0m is running away from: WolfC0
Rabbit B0 is Hungry
Rabbit B0 m is ready to mate
Rabbit B0 m is approaching partner: Rabbit B0f
Rabbit A2 is Thirsty
Rabbit A2 drank water
Rabbit A2m is running away from: LionA3
Rabbit A2m is running away from: WolfC0
Rabbit A2 m is ready to mate
Rabbit A2 m is approaching partner: Rabbit B0f
Rabbit B1 is Thirsty
Rabbit B1 drank water
Rabbit B1m is running away from: LionB3
Rabbit B1m is running away from: WolfA2
Rabbit B1 is Hungry
Rabbit B1 m is ready to mate
Rabbit B1 m is approaching partner: Rabbit B0f
Rabbit B0 is Thirsty
Rabbit B0 drank water
Rabbit B0f is running away from: LionA3
Rabbit B0f is running away from: WolfC0
Rabbit B0 is Hungry
Rabbit B0f ate
Rabbit B0 f is ready to mate
Rabbit A1 is Thirsty
Rabbit A1 drank water
Rabbit A1f is running away from: LionA3
Rabbit A1f is running away from: WolfA2
Rabbit A1 is Hungry
RabbitA1f died of hunger
Rabbit A1 f is ready to mate
Rabbit C5 is Thirsty
Rabbit C5 drank water
Rabbit C5m is running away from: LionA3
Rabbit C5m is running away from: WolfC0
Rabbit C5 is Hungry
Rabbit C5m ate
Rabbit C5 m is ready to mate
Rabbit C5 m is approaching partner: Rabbit B0f
Lion A3 is Hungry
LionA3mis chasing: A2m
Lion A3 m is ready to mate
Lion B5 m is ready to mate
Lion B3 is Hungry
LionB3fis chasing: B0m
Lion B3 f is ready to mate
Wolf C0m is running away from: LionB3
Wolf C0 is Hungry
Wolf C0m is chasing: B0m
Wolf C0 m is ready to mate
Wolf A2f is running away from: LionB5
Wolf A2 is Hungry
Wolf A2f is chasing: B0m
Wolf A2 f is ready to mate
Wolf B3m is running away from: LionB5
Wolf B3 is Hungry
Wolf B3m is chasing: B0m
Wolf B3 m is ready to mate
Rabbit C3 is Thirsty
Rabbit C3 drank water
Rabbit C3m is running away from: LionA3
Rabbit C3m is running away from: WolfA2
Rabbit C3 m is ready to mate
Rabbit C3 m is approaching partner: Rabbit B0f
Rabbit B0 is Thirsty
Rabbit B0 drank water
Rabbit B0m is running away from: LionB3
Rabbit B0m is running away from: WolfC0
Rabbit B0 is Hungry
Rabbit B0 m is ready to mate
Rabbit B0 m is approaching partner: Rabbit B0f
Rabbit A2 is Thirsty
Rabbit A2 drank water
Rabbit A2m is running away from: LionA3
Rabbit A2m is running away from: WolfC0
Rabbit A2 is Hungry
Rabbit A2m ate
Rabbit A2 m is ready to mate
Rabbit A2 m is approaching partner: Rabbit B0f
Rabbit B1 f was born!Father is A2 and Mother is B0
Rabbit B1 is Thirsty
Rabbit B1 drank water
Rabbit B1m is running away from: LionB3
Rabbit B1m is running away from: WolfA2
Rabbit B1 is Hungry
Rabbit B1m ate
Rabbit B1 m is ready to mate
Not enough female Rabbits or Female Rabbit partners are not ready yet!
Rabbit B0 is Thirsty
Rabbit B0 drank water
Rabbit B0f is running away from: LionA3
Rabbit B0f is running away from: WolfC0
Rabbit C5 is Thirsty
Rabbit C5 drank water
Rabbit C5m is running away from: LionA3
Rabbit C5m is running away from: WolfC0
Rabbit C5 m is ready to mate
Not enough female Rabbits or Female Rabbit partners are not ready yet!
Lion A3 is Hungry
LionA3mis chasing: A2m
Lion A3 m is ready to mate
Lion B5 m is ready to mate
Lion B3 is Hungry
LionB3fis chasing: B0m
Lion B3 f is ready to mate
Wolf C0m is running away from: LionB3
Wolf C0 is Hungry
Wolf C0m is chasing: B0m
Wolf C0 m is ready to mate
Wolf A2f is running away from: LionB3
Wolf A2 is Hungry
Wolf A2f is chasing: B1m
Wolf A2 f is ready to mate
Wolf B3m is running away from: LionB3
Wolf B3 is Hungry
Wolf B3m is chasing: B1m
Wolf B3 m is ready to mate
Rabbit C3 is Thirsty
Rabbit C3 drank water
Rabbit C3m is running away from: LionA3
Rabbit C3m is running away from: WolfA2
Rabbit C3 is Hungry
Rabbit C3m ate
Rabbit C3 m is ready to mate
Not enough female Rabbits or Female Rabbit partners are not ready yet!
Rabbit B0 is Thirsty
Rabbit B0 drank water
Rabbit B0m is running away from: LionB3
Rabbit B0m is running away from: WolfC0
Rabbit B0 is Hungry
Rabbit B0 m is ready to mate
Not enough female Rabbits or Female Rabbit partners are not ready yet!
Rabbit A2 is Thirsty
Rabbit A2 drank water
Rabbit A2m is running away from: LionA3
Rabbit A2m is running away from: WolfC0
Rabbit A2 m is ready to mate
Not enough female Rabbits or Female Rabbit partners are not ready yet!
Rabbit B1 is Thirsty
Rabbit B1 drank water
Rabbit B1m is running away from: LionB3
Rabbit B1m is running away from: WolfA2
Rabbit B1 m is ready to mate
Not enough female Rabbits or Female Rabbit partners are not ready yet!
Rabbit B0 is Thirsty
Rabbit B0 drank water
Rabbit B0f is running away from: LionA3
Rabbit B0f is running away from: WolfC0
Rabbit B0 is Hungry
Rabbit B0f ate
Rabbit C5 is Thirsty
Rabbit C5 drank water
Rabbit C5m is running away from: LionA3
Rabbit C5m is running away from: WolfC0
Rabbit C5 is Hungry
Rabbit C5m ate
Rabbit C5 m is ready to mate
Not enough female Rabbits or Female Rabbit partners are not ready yet!
Rabbit B1f is running away from: LionA3
Rabbit B1f is running away from: WolfC0
Lion A3 is Hungry
LionA3mis chasing: A2m
Lion A3 m is ready to mate
Lion B5 m is ready to mate
Lion B3 is Hungry
LionB3fis chasing: B0m
Lion B3 f is ready to mate
Wolf C0m is running away from: LionB3
Wolf C0 is Hungry
Wolf C0m is chasing: B0m
Wolf C0 m is ready to mate
Wolf A2f is running away from: LionB3
Wolf A2 is Hungry
Wolf A2f is chasing: B0m
Wolf A2 f is ready to mate
Wolf B3m is running away from: LionB3
Wolf B3 is Hungry
Wolf B3m is chasing: B0m
Wolf B3 m is ready to mate
Rabbit C3 is Thirsty
Rabbit C3 drank water
Rabbit C3m is running away from: LionA3
Rabbit C3m is running away from: WolfA2
Rabbit C3 m is ready to mate
Not enough female Rabbits or Female Rabbit partners are not ready yet!
Rabbit B0 is Thirsty
Rabbit B0 drank water
Rabbit B0m is running away from: LionB3
Rabbit B0m is running away from: WolfC0
Rabbit B0 is Hungry
Rabbit B0 m is ready to mate
Not enough female Rabbits or Female Rabbit partners are not ready yet!
Rabbit A2 is Thirsty
Rabbit A2 drank water
Rabbit A2m is running away from: LionA3
Rabbit A2m is running away from: WolfC0
Rabbit A2 is Hungry
Rabbit A2m ate
Rabbit A2 m is ready to mate
Not enough female Rabbits or Female Rabbit partners are not ready yet!
Rabbit B1 is Thirsty
Rabbit B1 drank water
Rabbit B1m is running away from: LionB3
Rabbit B1m is running away from: WolfA2
Rabbit B1 is Hungry
Rabbit B1 m is ready to mate
Not enough female Rabbits or Female Rabbit partners are not ready yet!
Rabbit B0f is running away from: LionA3
Rabbit B0f is running away from: WolfA2
Rabbit C5 is Thirsty
Rabbit C5 drank water
Rabbit C5m is running away from: LionA3
Rabbit C5m is running away from: WolfA2
Rabbit C5 m is ready to mate
Not enough female Rabbits or Female Rabbit partners are not ready yet!
Rabbit B1f is running away from: LionA3
Rabbit B1f is running away from: WolfC0
Rabbit B1 is Hungry
Rabbit B1f ate
Lion A3 is Hungry
LionA3mis chasing: A2m
Lion A3 m is ready to mate
Lion B5 m is ready to mate
Lion B3 is Hungry
LionB3fis chasing: B0m
LionB3f ate: B0m
Lion B3 f is ready to mate
Wolf C0m is running away from: LionB3
Wolf C0 is Hungry
Wolf C0m is chasing: A2m
Wolf C0 m is ready to mate
Wolf A2f is running away from: LionB3
Wolf A2 is Hungry
Wolf A2f is chasing: B1m
Wolf A2 f is ready to mate
Wolf B3m is running away from: LionB3
Wolf B3 is Hungry
Wolf B3m is chasing: B1m
Wolf B3 m is ready to mate
Rabbit C3 is Thirsty
Rabbit C3 drank water
Rabbit C3m is running away from: LionA3
Rabbit C3m is running away from: WolfA2
Rabbit C3 is Hungry
Rabbit C3 m is ready to mate
Not enough female Rabbits or Female Rabbit partners are not ready yet!
Rabbit A2m is running away from: LionA3
Rabbit A2m is running away from: WolfC0
Rabbit A2 m is ready to mate
Not enough female Rabbits or Female Rabbit partners are not ready yet!
Rabbit B1 is Thirsty
Rabbit B1 drank water
Rabbit B1m is running away from: LionB3
Rabbit B1m is running away from: WolfA2
Rabbit B1 is Hungry
Rabbit B1 m is ready to mate
Not enough female Rabbits or Female Rabbit partners are not ready yet!
Rabbit B0f is running away from: LionA3
Rabbit B0f is running away from: WolfC0
Rabbit B0 is Hungry
Rabbit B0f ate
Rabbit C5 is Thirsty
Rabbit C5 drank water
Rabbit C5m is running away from: LionA3
Rabbit C5m is running away from: WolfC0
Rabbit C5 is Hungry
Rabbit C5 m is ready to mate
Not enough female Rabbits or Female Rabbit partners are not ready yet!
Rabbit B1f is running away from: LionA3
Rabbit B1f is running away from: WolfC0
Lion A3 is Hungry
LionA3mis chasing: A2m
Lion A3 m is ready to mate
Lion B5 m is ready to mate
Lion B3 f is ready to mate
Wolf C0m is running away from: LionB3
Wolf C0 is Hungry
Wolf C0m is chasing: B1m
Wolf C0 m is ready to mate
Wolf A2f is running away from: LionB3
Wolf A2 is Hungry
Wolf A2f is chasing: B1m
Wolf A2 f is ready to mate
Wolf B3m is running away from: LionB3
Wolf B3 is Hungry
Wolf B3m is chasing: B1m
Wolf B3 m is ready to mate
Rabbit C3 is Thirsty
Rabbit C3 drank water
Rabbit C3m is running away from: LionA3
Rabbit C3m is running away from: WolfA2
Rabbit C3 is Hungry
Rabbit C3 m is ready to mate
Not enough female Rabbits or Female Rabbit partners are not ready yet!
Rabbit A2m is running away from: LionA3
Rabbit A2m is running away from: WolfC0
Rabbit A2 is Hungry
Rabbit A2m ate
Rabbit A2 m is ready to mate
Not enough female Rabbits or Female Rabbit partners are not ready yet!
Rabbit B1 is Thirsty
Rabbit B1 drank water
Rabbit B1m is running away from: LionB3
Rabbit B1m is running away from: WolfA2
Rabbit B1 is Hungry
Rabbit B1 m is ready to mate
Not enough female Rabbits or Female Rabbit partners are not ready yet!
Rabbit B0f is running away from: LionA3
Rabbit B0f is running away from: WolfC0
Rabbit C5 is Thirsty
Rabbit C5 drank water
Rabbit C5m is running away from: LionA3
Rabbit C5m is running away from: WolfC0
Rabbit C5 is Hungry
Rabbit C5 m is ready to mate
Not enough female Rabbits or Female Rabbit partners are not ready yet!
Rabbit B1f is running away from: LionA3
Rabbit B1f is running away from: WolfC0
Rabbit B1 is Hungry
Rabbit B1f ate
Lion A3 is Hungry
LionA3mis chasing: A2m
Lion A3 m is ready to mate
Lion B5 m is ready to mate
Lion B3 f is ready to mate
Wolf C0m is running away from: LionB3
Wolf C0 is Hungry
WolfC0m died of hunger
Wolf C0m is chasing: B1m
Wolf C0 is Thirsty
Wolf C0drank water
Wolf C0 m is ready to mate
Wolf A2f is running away from: LionB3
Wolf A2 is Hungry
WolfA2f died of hunger
Wolf A2f is chasing: B1m
Wolf A2 is Thirsty
Wolf A2drank water
Wolf A2 f is ready to mate
Wolf B3m is running away from: LionB3
Wolf B3 is Hungry
WolfB3m died of hunger
Wolf B3m is chasing: B1m
Wolf B3 is Thirsty
Wolf B3drank water
Wolf B3 m is ready to mate
No Female Wolf Partner or Female Wolf Partner not ready yet!
Rabbit C3 is Thirsty
Rabbit C3 drank water
Rabbit C3m is running away from: LionA3
Rabbit C3 is Hungry
Rabbit C3 m is ready to mate
Not enough female Rabbits or Female Rabbit partners are not ready yet!
Rabbit A2m is running away from: LionA3
Rabbit A2 m is ready to mate
Not enough female Rabbits or Female Rabbit partners are not ready yet!
Rabbit B1 is Thirsty
Rabbit B1 drank water
Rabbit B1m is running away from: LionB3
Rabbit B1 is Hungry
Rabbit B1 m is ready to mate
Not enough female Rabbits or Female Rabbit partners are not ready yet!
Rabbit B0f is running away from: LionA3
Rabbit B0 is Hungry
Rabbit B0f ate
Rabbit B0 f is ready to mate
Rabbit C5 is Thirsty
Rabbit C5 drank water
Rabbit C5m is running away from: LionA3
Rabbit C5 is Hungry
Rabbit C5 m is ready to mate
Rabbit C5 m is approaching partner: Rabbit B0f
Rabbit A0 m was born!Father is C5 and Mother is B0
Rabbit B1f is running away from: LionA3
Rabbit B1 f is ready to mate
Lion A3 is Thirsty
Lion A3 drank water
Lion A3 is Hungry
LionA3mis chasing: A2m
Lion A3 m is ready to mate
Lion B5 is Thirsty
Lion B5 drank water
Lion B5 is Hungry
LionB5mis chasing: A2m
Lion B5 m is ready to mate
Lion B3 is Thirsty
Lion B3 drank water
Lion B3 f is ready to mate
Rabbit C3 is Thirsty
Rabbit C3 drank water
Rabbit C3m is running away from: LionA3
Rabbit C3 is Hungry
Rabbit C3 m is ready to mate
Rabbit C3 m is approaching partner: Rabbit B1f
Rabbit A2m is running away from: LionA3
Rabbit A2 is Hungry
Rabbit A2 m is ready to mate
Rabbit A2 m is approaching partner: Rabbit B1f
Rabbit B1 is Thirsty
Rabbit B1 drank water
Rabbit B1m is running away from: LionB3
Rabbit B1 is Hungry
Rabbit B1 m is ready to mate
Rabbit B1 m is approaching partner: Rabbit B1f
Rabbit B0f is running away from: LionA3
Rabbit C5 is Thirsty
Rabbit C5 drank water
Rabbit C5m is running away from: LionA3
Rabbit C5 is Hungry
Rabbit C5m ate
Rabbit C5 m is ready to mate
Rabbit C5 m is approaching partner: Rabbit B1f
Rabbit B1f is running away from: LionA3
Rabbit B1 is Hungry
Rabbit B1f ate
Rabbit B1 f is ready to mate
Rabbit A0m is running away from: LionA3
Lion A3 is Thirsty
Lion A3 drank water
Lion A3 is Hungry
LionA3mis chasing: C5m
Lion A3 m is ready to mate
Lion B5 is Thirsty
Lion B5 drank water
Lion B5 is Hungry
LionB5mis chasing: C5m
Lion B5 m is ready to mate
Lion B3 is Thirsty
Lion B3 drank water
Lion B3 f is ready to mate
Rabbit C3 is Thirsty
Rabbit C3 drank water
Rabbit C3m is running away from: LionA3
Rabbit C3 is Hungry
Rabbit C3 m is ready to mate
Rabbit C3 m is approaching partner: Rabbit B1f
Rabbit A2m is running away from: LionA3
Rabbit A2 is Hungry
Rabbit A2 m is ready to mate
Rabbit A2 m is approaching partner: Rabbit B1f
Rabbit B1 is Thirsty
Rabbit B1 drank water
Rabbit B1m is running away from: LionB3
Rabbit B1 is Hungry
Rabbit B1m ate
Rabbit B1 m is ready to mate
Rabbit B1 m is approaching partner: Rabbit B1f
Rabbit B0f is running away from: LionA3
Rabbit B0 is Hungry
Rabbit C5 is Thirsty
Rabbit C5 drank water
Rabbit C5m is running away from: LionA3
Rabbit C5 m is ready to mate
Rabbit C5 m is approaching partner: Rabbit B1f
Rabbit B1 is Thirsty
Rabbit B1 drank water
Rabbit B1f is running away from: LionA3
Rabbit B1 f is ready to mate
Rabbit A0m is running away from: LionA3
Rabbit A0 is Hungry
Rabbit A0m ate
Lion A3 is Thirsty
Lion A3 drank water
Lion A3 is Hungry
LionA3mis chasing: A2m
Lion A3 m is ready to mate
Lion B5 is Thirsty
Lion B5 drank water
Lion B5 is Hungry
LionB5mis chasing: A2m
Lion B5 m is ready to mate
Lion B3 is Thirsty
Lion B3 drank water
Lion B3 f is ready to mate
Rabbit C3 is Thirsty
Rabbit C3 drank water
Rabbit C3m is running away from: LionA3
Rabbit C3 is Hungry
Rabbit C3m ate
Rabbit C3 m is ready to mate
Rabbit C3 m is approaching partner: Rabbit B1f
Rabbit A2m is running away from: LionA3
Rabbit A2 is Hungry
Rabbit A2 m is ready to mate
Rabbit A2 m is approaching partner: Rabbit B1f
Rabbit B1 is Thirsty
Rabbit B1 drank water
Rabbit B1m is running away from: LionB3
Rabbit B1 m is ready to mate
Rabbit B1 m is approaching partner: Rabbit B1f
Rabbit B0 is Thirsty
Rabbit B0 drank water
Rabbit B0f is running away from: LionA3
Rabbit B0 is Hungry
Rabbit C5 is Thirsty
Rabbit C5 drank water
Rabbit C5m is running away from: LionA3
Rabbit C5 is Hungry
Rabbit C5m ate
Rabbit C5 m is ready to mate
Rabbit C5 m is approaching partner: Rabbit B1f
Rabbit B1 is Thirsty
Rabbit B1 drank water
Rabbit B1f is running away from: LionA3
Rabbit B1 is Hungry
Rabbit B1 f is ready to mate
Rabbit A0m is running away from: LionA3
Lion A3 is Thirsty
Lion A3 drank water
Lion A3 is Hungry
LionA3mis chasing: B0f
Lion A3 m is ready to mate
Lion B5 is Thirsty
Lion B5 drank water
Lion B5 is Hungry
LionB5mis chasing: B0f
Lion B5 m is ready to mate
Lion B3 is Thirsty
Lion B3 drank water
Lion B3 f is ready to mate
Rabbit C3 is Thirsty
Rabbit C3 drank water
Rabbit C3m is running away from: LionA3
Rabbit C3 m is ready to mate
Rabbit C3 m is approaching partner: Rabbit B1f
Rabbit A2 is Thirsty
Rabbit A2 drank water
Rabbit A2m is running away from: LionA3
Rabbit A2 is Hungry
Rabbit A2 m is ready to mate
Rabbit A2 m is approaching partner: Rabbit B1f
Rabbit B1 is Thirsty
Rabbit B1 drank water
Rabbit B1m is running away from: LionB3
Rabbit B1 is Hungry
Rabbit B1m ate
Rabbit B1 m is ready to mate
Rabbit B1 m is approaching partner: Rabbit B1f
Rabbit B0 is Thirsty
Rabbit B0 drank water
Rabbit B0f is running away from: LionA3
Rabbit B0 is Hungry
Rabbit B0f ate
Rabbit C5 is Thirsty
Rabbit C5 drank water
Rabbit C5m is running away from: LionA3
Rabbit C5 m is ready to mate
Rabbit C5 m is approaching partner: Rabbit B1f
Rabbit B1 is Thirsty
Rabbit B1 drank water
Rabbit B1f is running away from: LionA3
Rabbit B1 is Hungry
Rabbit B1 f is ready to mate
Rabbit A0m is running away from: LionA3
Rabbit A0 is Hungry
Lion A3 is Thirsty
Lion A3 drank water
Lion A3 is Hungry
LionA3mis chasing: A2m
Lion A3 m is ready to mate
Lion B5 is Hungry
LionB5mis chasing: A0m
Lion B5 m is ready to mate
Lion B3 is Thirsty
Lion B3 drank water
Lion B3 f is ready to mate
Rabbit C3 is Thirsty
Rabbit C3 drank water
Rabbit C3m is running away from: LionA3
Rabbit C3 is Hungry
Rabbit C3 m is ready to mate
Rabbit C3 m is approaching partner: Rabbit B1f
Rabbit A2 is Thirsty
Rabbit A2 drank water
Rabbit A2m is running away from: LionA3
Rabbit A2 is Hungry
Rabbit A2 m is ready to mate
Rabbit A2 m is approaching partner: Rabbit B1f
Rabbit B1 is Thirsty
Rabbit B1 drank water
Rabbit B1m is running away from: LionB3
Rabbit B1 m is ready to mate
Rabbit B1 m is approaching partner: Rabbit B1f
Rabbit B0 is Thirsty
Rabbit B0 drank water
Rabbit B0f is running away from: LionA3
Rabbit C5 is Thirsty
Rabbit C5 drank water
Rabbit C5m is running away from: LionA3
Rabbit C5 is Hungry
Rabbit C5 m is ready to mate
Rabbit C5 m is approaching partner: Rabbit B1f
Rabbit B1 is Thirsty
Rabbit B1 drank water
Rabbit B1f is running away from: LionA3
Rabbit B1 is Hungry
Rabbit B1 f is ready to mate
Rabbit A0m is running away from: LionA3
Rabbit A0 is Hungry
Lion A3 is Thirsty
Lion A3 drank water
Lion A3 is Hungry
LionA3mis chasing: C3m
Lion A3 m is ready to mate
Lion B5 is Hungry
LionB5mis chasing: B1m
Lion B5 m is ready to mate
Lion B3 is Thirsty
Lion B3 drank water
Lion B3 f is ready to mate
Rabbit C3 is Thirsty
Rabbit C3 drank water
Rabbit C3m is running away from: LionA3
Rabbit C3 is Hungry
Rabbit C3 m is ready to mate
Rabbit C3 m is approaching partner: Rabbit B1f
Rabbit A2 is Thirsty
Rabbit A2 drank water
Rabbit A2m is running away from: LionA3
Rabbit A2 is Hungry
Rabbit A2 m is ready to mate
Rabbit A2 m is approaching partner: Rabbit B1f
Rabbit B1 is Thirsty
Rabbit B1 drank water
Rabbit B1m is running away from: LionB3
Rabbit B1 is Hungry
Rabbit B1m ate
Rabbit B1 m is ready to mate
Rabbit B1 m is approaching partner: Rabbit B1f
Rabbit B0 is Thirsty
Rabbit B0 drank water
Rabbit B0f is running away from: LionA3
Rabbit B0 is Hungry
Rabbit C5 is Thirsty
Rabbit C5 drank water
Rabbit C5m is running away from: LionA3
Rabbit C5 is Hungry
Rabbit C5 m is ready to mate
Rabbit C5 m is approaching partner: Rabbit B1f
Rabbit B1 is Thirsty
Rabbit B1 drank water
Rabbit B1f is running away from: LionA3
Rabbit B1 is Hungry
Rabbit B1 f is ready to mate
Rabbit A0m is running away from: LionA3
Rabbit A0 is Hungry
Rabbit A0 m is ready to mate
Rabbit A0 m is approaching partner: Rabbit B1f
Rabbit A0 f was born!Father is A0 and Mother is B1
Lion A3 is Thirsty
Lion A3 drank water
Lion A3 is Hungry
LionA3mis chasing: A0f
Lion A3 m is ready to mate
Lion B5 is Hungry
LionB5mis chasing: B1m
Lion B5 m is ready to mate
Lion B3 is Thirsty
Lion B3 drank water
Lion B3 f is ready to mate
Rabbit C3 is Thirsty
Rabbit C3 drank water
Rabbit C3m is running away from: LionA3
Rabbit C3 is Hungry
Rabbit C3 m is ready to mate
Not enough female Rabbits or Female Rabbit partners are not ready yet!
Rabbit A2 is Thirsty
Rabbit A2 drank water
Rabbit A2m is running away from: LionA3
Rabbit A2 is Hungry
Rabbit A2 m is ready to mate
Not enough female Rabbits or Female Rabbit partners are not ready yet!
Rabbit B1 is Thirsty
Rabbit B1 drank water
Rabbit B1m is running away from: LionB3
Rabbit B1 m is ready to mate
Not enough female Rabbits or Female Rabbit partners are not ready yet!
Rabbit B0 is Thirsty
Rabbit B0 drank water
Rabbit B0f is running away from: LionA3
Rabbit B0 is Hungry
Rabbit B0 f is ready to mate
Rabbit C5 is Thirsty
Rabbit C5 drank water
Rabbit C5m is running away from: LionA3
Rabbit C5 is Hungry
Rabbit C5 m is ready to mate
Rabbit C5 m is approaching partner: Rabbit B0f
Rabbit B1 is Thirsty
Rabbit B1 drank water
Rabbit B1f is running away from: LionA3
Rabbit B1 is Hungry
Rabbit B1f ate
Rabbit A0 is Thirsty
Rabbit A0 drank water
Rabbit A0m is running away from: LionA3
Rabbit A0 is Hungry
Rabbit A0 m is ready to mate
Rabbit A0 m is approaching partner: Rabbit B0f
Rabbit B2 f was born!Father is A0 and Mother is B0
Rabbit A0f is running away from: LionA3
Lion A3 is Thirsty
Lion A3 drank water
Lion A3 is Hungry
LionA3mis chasing: B2f
Lion A3 m is ready to mate
Lion B5 is Hungry
LionB5mis chasing: B1m
Lion B5 m is ready to mate
Lion B3 is Thirsty
Lion B3 drank water
Lion B3 is Hungry
LionB3fis chasing: B1m
Lion B3 f is ready to mate
Rabbit C3 is Thirsty
Rabbit C3 drank water
Rabbit C3m is running away from: LionA3
Rabbit C3 is Hungry
Rabbit C3 m is ready to mate
Not enough female Rabbits or Female Rabbit partners are not ready yet!
Rabbit A2 is Thirsty
Rabbit A2 drank water
Rabbit A2m is running away from: LionA3
Rabbit A2 is Hungry
Rabbit A2 m is ready to mate
Not enough female Rabbits or Female Rabbit partners are not ready yet!
Rabbit B1m is running away from: LionB3
Rabbit B1 is Hungry
Rabbit B1m ate
Rabbit B1 m is ready to mate
Not enough female Rabbits or Female Rabbit partners are not ready yet!
Rabbit B0 is Thirsty
Rabbit B0 drank water
Rabbit B0f is running away from: LionA3
Rabbit B0 is Hungry
Rabbit C5 is Thirsty
Rabbit C5 drank water
Rabbit C5m is running away from: LionA3
Rabbit C5 is Hungry
Rabbit C5 m is ready to mate
Not enough female Rabbits or Female Rabbit partners are not ready yet!
Rabbit B1 is Thirsty
Rabbit B1 drank water
Rabbit B1f is running away from: LionA3
Rabbit A0 is Thirsty
Rabbit A0 drank water
Rabbit A0m is running away from: LionA3
Rabbit A0 is Hungry
Rabbit A0 m is ready to mate
Not enough female Rabbits or Female Rabbit partners are not ready yet!
Rabbit A0f is running away from: LionA3
Rabbit A0 is Hungry
Rabbit B2f is running away from: LionA3
Lion A3 is Thirsty
Lion A3 drank water
Lion A3 is Hungry
LionA3mis chasing: C3m
Lion A3 m is ready to mate
Lion B5 is Hungry
LionB5mis chasing: B1m
Lion B5 m is ready to mate
Lion B3 is Thirsty
Lion B3 drank water
Lion B3 is Hungry
LionB3fis chasing: B1m
Lion B3 f is ready to mate
Rabbit C3 is Thirsty
Rabbit C3 drank water
Rabbit C3m is running away from: LionA3
Rabbit C3 is Hungry
Rabbit C3 m is ready to mate
Not enough female Rabbits or Female Rabbit partners are not ready yet!
Rabbit A2 is Thirsty
Rabbit A2 drank water
Rabbit A2m is running away from: LionA3
Rabbit A2 is Hungry
RabbitA2m died of hunger
Rabbit A2 m is ready to mate
Not enough female Rabbits or Female Rabbit partners are not ready yet!
Rabbit B1m is running away from: LionB3
Rabbit B1 m is ready to mate
Not enough female Rabbits or Female Rabbit partners are not ready yet!
Rabbit B0 is Thirsty
Rabbit B0 drank water
Rabbit B0f is running away from: LionA3
Rabbit B0 is Hungry
Rabbit C5 is Thirsty
Rabbit C5 drank water
Rabbit C5m is running away from: LionA3
Rabbit C5 is Hungry
Rabbit C5 m is ready to mate
Not enough female Rabbits or Female Rabbit partners are not ready yet!
Rabbit B1 is Thirsty
Rabbit B1 drank water
Rabbit B1f is running away from: LionA3
Rabbit B1 is Hungry
Rabbit A0 is Thirsty
Rabbit A0 drank water
Rabbit A0m is running away from: LionA3
Rabbit A0 is Hungry
Rabbit A0 m is ready to mate
Not enough female Rabbits or Female Rabbit partners are not ready yet!
Rabbit A0f is running away from: LionA3
Rabbit A0 is Hungry
Rabbit B2f is running away from: LionA3
Rabbit B2 is Hungry
Lion A3 is Thirsty
Lion A3 drank water
Lion A3 is Hungry
LionA3mis chasing: C3m
Lion A3 m is ready to mate
Lion B5 is Hungry
LionB5mis chasing: B1m
Lion B5 m is ready to mate
Lion B3 is Thirsty
Lion B3 drank water
Lion B3 is Hungry
LionB3fis chasing: B1m
Lion B3 f is ready to mate
Rabbit C3 is Thirsty
Rabbit C3 drank water
Rabbit C3m is running away from: LionA3
Rabbit C3 is Hungry
Rabbit C3 m is ready to mate
Not enough female Rabbits or Female Rabbit partners are not ready yet!
Rabbit B1m is running away from: LionB3
Rabbit B1 is Hungry
Rabbit B1m ate
Rabbit B1 m is ready to mate
Not enough female Rabbits or Female Rabbit partners are not ready yet!
Rabbit B0 is Thirsty
Rabbit B0 drank water
Rabbit B0f is running away from: LionA3
Rabbit B0 is Hungry
Rabbit B0f ate
Rabbit C5 is Thirsty
Rabbit C5 drank water
Rabbit C5m is running away from: LionA3
Rabbit C5 is Hungry
Rabbit C5 m is ready to mate
Not enough female Rabbits or Female Rabbit partners are not ready yet!
Rabbit B1 is Thirsty
Rabbit B1 drank water
Rabbit B1f is running away from: LionA3
Rabbit B1 is Hungry
Rabbit A0 is Thirsty
Rabbit A0 drank water
Rabbit A0m is running away from: LionA3
Rabbit A0 is Hungry
Rabbit A0 m is ready to mate
Not enough female Rabbits or Female Rabbit partners are not ready yet!
Rabbit A0f is running away from: LionA3
Rabbit A0 is Hungry
Rabbit B2f is running away from: LionA3
Rabbit B2 is Hungry
Lion A3 is Thirsty
Lion A3 drank water
Lion A3 is Hungry
LionA3mis chasing: B0f
Lion A3 m is ready to mate
Lion B5 is Hungry
LionB5mis chasing: B1m
Lion B5 m is ready to mate
Lion B3 is Thirsty
Lion B3 drank water
Lion B3 is Hungry
LionB3fis chasing: B1m
Lion B3 f is ready to mate
Rabbit C3 is Thirsty
Rabbit C3 drank water
Rabbit C3m is running away from: LionA3
Rabbit C3 is Hungry
Rabbit C3 m is ready to mate
Not enough female Rabbits or Female Rabbit partners are not ready yet!
Rabbit B1m is running away from: LionB3
Rabbit B1 m is ready to mate
Not enough female Rabbits or Female Rabbit partners are not ready yet!
Rabbit B0 is Thirsty
Rabbit B0 drank water
Rabbit B0f is running away from: LionA3
Rabbit C5 is Thirsty
Rabbit C5 drank water
Rabbit C5m is running away from: LionA3
Rabbit C5 is Hungry
Rabbit C5 m is ready to mate
Not enough female Rabbits or Female Rabbit partners are not ready yet!
Rabbit B1 is Thirsty
Rabbit B1 drank water
Rabbit B1f is running away from: LionA3
Rabbit B1 is Hungry
Rabbit A0 is Thirsty
Rabbit A0 drank water
Rabbit A0m is running away from: LionA3
Rabbit A0 is Hungry
Rabbit A0 m is ready to mate
Not enough female Rabbits or Female Rabbit partners are not ready yet!
Rabbit A0f is running away from: LionA3
Rabbit A0 is Hungry
Rabbit B2f is running away from: LionA3
Rabbit B2 is Hungry
Lion A3 is Thirsty
Lion A3 drank water
Lion A3 is Hungry
LionA3mis chasing: B0f
Lion A3 m is ready to mate
Lion B5 is Hungry
LionB5mis chasing: B1m
Lion B5 m is ready to mate
Lion B3 is Thirsty
Lion B3 drank water
Lion B3 is Hungry
LionB3fis chasing: B1m
Lion B3 f is ready to mate
Rabbit C3 is Thirsty
Rabbit C3 drank water
Rabbit C3m is running away from: LionA3
Rabbit C3 is Hungry
Rabbit C3 m is ready to mate
Not enough female Rabbits or Female Rabbit partners are not ready yet!
Rabbit B1m is running away from: LionB3
Rabbit B1 is Hungry
Rabbit B1m ate
Rabbit B1 m is ready to mate
Not enough female Rabbits or Female Rabbit partners are not ready yet!
Rabbit B0 is Thirsty
Rabbit B0 drank water
Rabbit B0f is running away from: LionA3
Rabbit B0 is Hungry
Rabbit C5 is Thirsty
Rabbit C5 drank water
Rabbit C5m is running away from: LionA3
Rabbit C5 is Hungry
Rabbit C5 m is ready to mate
Not enough female Rabbits or Female Rabbit partners are not ready yet!
Rabbit B1 is Thirsty
Rabbit B1 drank water
Rabbit B1f is running away from: LionA3
Rabbit B1 is Hungry
Rabbit B1 f is ready to mate
Rabbit A0 is Thirsty
Rabbit A0 drank water
Rabbit A0m is running away from: LionA3
Rabbit A0 is Hungry
RabbitA0m died of hunger
Rabbit A0 m is ready to mate
Rabbit A0 m is approaching partner: Rabbit B1f
Rabbit A0f is running away from: LionA3
Rabbit A0 is Hungry
Rabbit A0 f is ready to mate
Rabbit B2f is running away from: LionA3
Rabbit B2 is Hungry
Rabbit B2 f is ready to mate
Lion A3 is Thirsty
Lion A3 drank water
Lion A3 is Hungry
LionA3mis chasing: B0f
Lion A3 m is ready to mate
Lion B5 is Hungry
LionB5mis chasing: B1m
Lion B5 m is ready to mate
Lion B3 is Hungry
LionB3fis chasing: B1m
Lion B3 f is ready to mate
Rabbit C3 is Thirsty
Rabbit C3 drank water
Rabbit C3m is running away from: LionA3
Rabbit C3 is Hungry
RabbitC3m died of hunger
Rabbit C3 m is ready to mate
Rabbit C3 m is approaching partner: Rabbit B1f
Rabbit B1m is running away from: LionB3
Rabbit B1 m is ready to mate
Rabbit B1 m is approaching partner: Rabbit A0f
Rabbit B0 is Thirsty
Rabbit B0 drank water
Rabbit B0f is running away from: LionA3
Rabbit B0 is Hungry
Rabbit B0 f is ready to mate
Rabbit C5 is Thirsty
Rabbit C5 drank water
Rabbit C5m is running away from: LionA3
Rabbit C5 is Hungry
RabbitC5m died of hunger
Rabbit C5 m is ready to mate
Rabbit C5 m is approaching partner: Rabbit B1f
Rabbit B1 is Thirsty
Rabbit B1 drank water
Rabbit B1f is running away from: LionA3
Rabbit B1 is Hungry
Rabbit B1 f is ready to mate
Rabbit A0 is Thirsty
Rabbit A0 drank water
Rabbit A0f is running away from: LionA3
Rabbit A0 is Hungry
Rabbit A0 f is ready to mate
Rabbit B2f is running away from: LionA3
Rabbit B2 is Hungry
Rabbit B2 f is ready to mate
Lion A3 is Hungry
LionA3mis chasing: B0f
Lion A3 m is ready to mate
Lion B5 is Hungry
LionB5mis chasing: B1m
Lion B5 m is ready to mate
Lion B3 is Hungry
LionB3fis chasing: B1m
Lion B3 f is ready to mate
Rabbit B1 is Thirsty
Rabbit B1 drank water
Rabbit B1m is running away from: LionB3
Rabbit B1 is Hungry
Rabbit B1 m is ready to mate
Rabbit B1 m is approaching partner: Rabbit B0f
Rabbit B0 is Thirsty
Rabbit B0 drank water
Rabbit B0f is running away from: LionA3
Rabbit B0 is Hungry
Rabbit B0 f is ready to mate
Rabbit B1 is Thirsty
Rabbit B1 drank water
Rabbit B1f is running away from: LionA3
Rabbit B1 is Hungry
Rabbit B1 f is ready to mate
Rabbit A0 is Thirsty
Rabbit A0 drank water
Rabbit A0f is running away from: LionA3
Rabbit A0 is Hungry
Rabbit A0 f is ready to mate
Rabbit B2 is Thirsty
Rabbit B2 drank water
Rabbit B2f is running away from: LionA3
Rabbit B2 is Hungry
Rabbit B2 f is ready to mate
Lion A3 is Hungry
LionA3m died of hunger
LionA3mis chasing: B0f
Lion A3 m is ready to mate
Lion B5 is Hungry
LionB5mis chasing: B1m
Lion B5 m is ready to mate
Lion B3 is Hungry
LionB3fis chasing: B1m
Lion B3 f is ready to mate
Rabbit B1 is Thirsty
Rabbit B1 drank water
Rabbit B1m is running away from: LionB3
Rabbit B1 is Hungry
Rabbit B1m ate
Rabbit B1 m is ready to mate
Rabbit B1 m is approaching partner: Rabbit B0f
Rabbit B0 is Thirsty
Rabbit B0 drank water
Rabbit B0f is running away from: LionB5
Rabbit B0 is Hungry
Rabbit B0 f is ready to mate
Rabbit B1 is Thirsty
Rabbit B1 drank water
Rabbit B1f is running away from: LionB5
Rabbit B1 is Hungry
Rabbit B1f ate
Rabbit B1 f is ready to mate
Rabbit A0 is Thirsty
Rabbit A0 drank water
Rabbit A0f is running away from: LionB5
Rabbit A0 is Hungry
Rabbit A0 f is ready to mate
Rabbit B2 is Thirsty
Rabbit B2 drank water
Rabbit B2f is running away from: LionB5
Rabbit B2 is Hungry
Rabbit B2 f is ready to mate
Lion B5 is Hungry
LionB5mis chasing: B1m
Lion B5 m is ready to mate
Lion B3 is Hungry
LionB3fis chasing: B1m
Lion B3 f is ready to mate
Rabbit B1 is Thirsty
Rabbit B1 drank water
Rabbit B1m is running away from: LionB3
Rabbit B1 m is ready to mate
Rabbit B1 m is approaching partner: Rabbit B1f
Rabbit B0 is Thirsty
Rabbit B0 drank water
Rabbit B0f is running away from: LionB5
Rabbit B0 is Hungry
Rabbit B0 f is ready to mate
Rabbit B1 is Thirsty
Rabbit B1 drank water
Rabbit B1f is running away from: LionB5
Rabbit B1 f is ready to mate
Rabbit A0 is Thirsty
Rabbit A0 drank water
Rabbit A0f is running away from: LionB5
Rabbit A0 is Hungry
RabbitA0f died of hunger
Rabbit A0 f is ready to mate
Rabbit B2 is Thirsty
Rabbit B2 drank water
Rabbit B2f is running away from: LionB5
Rabbit B2 is Hungry
Rabbit B2 f is ready to mate
Lion B5 is Hungry
LionB5mis chasing: B1m
Lion B5 m is ready to mate
Lion B3 is Hungry
LionB3fis chasing: B1m
Lion B3 f is ready to mate
Rabbit B1 is Thirsty
Rabbit B1 drank water
Rabbit B1m is running away from: LionB3
Rabbit B1 is Hungry
Rabbit B1m ate
Rabbit B1 m is ready to mate
Rabbit B1 m is approaching partner: Rabbit B1f
Rabbit B0 is Thirsty
Rabbit B0 drank water
Rabbit B0f is running away from: LionB5
Rabbit B0 is Hungry
Rabbit B0 f is ready to mate
Rabbit B1 is Thirsty
Rabbit B1 drank water
Rabbit B1f is running away from: LionB5
Rabbit B1 is Hungry
Rabbit B1f ate
Rabbit B1 f is ready to mate
Rabbit B2 is Thirsty
Rabbit B2 drank water
Rabbit B2f is running away from: LionB5
Rabbit B2 is Hungry
RabbitB2f died of hunger
Rabbit B2 f is ready to mate
Lion B5 is Hungry
LionB5mis chasing: B1m
Lion B5 m is ready to mate
Lion B3 f was born!Father is B5 and Mother is B3
Lion B3 is Hungry
LionB3fis chasing: B1m
Lion B3f ate!
Rabbit B0 is Thirsty
Rabbit B0 drank water
Rabbit B0f is running away from: LionB5
Rabbit B0 is Hungry
Rabbit B0 f is ready to mate
Rabbit B1f is running away from: LionB5
Rabbit B1 f is ready to mate
Lion B5 is Hungry
LionB5mis chasing: B0f
Lion B5 m is ready to mate
No Female Lion Partner or Female Lion partners are not ready to mate Yet!
Rabbit B0 is Thirsty
Rabbit B0 drank water
Rabbit B0f is running away from: LionB5
Rabbit B0 is Hungry
Rabbit B0 f is ready to mate
Rabbit B1f is running away from: LionB5
Rabbit B1 is Hungry
Rabbit B1f ate
Rabbit B1 f is ready to mate
Lion B5 is Hungry
LionB5mis chasing: B0f
Lion B5 m is ready to mate
No Female Lion Partner or Female Lion partners are not ready to mate Yet!
Rabbit B0 is Thirsty
Rabbit B0 drank water
Rabbit B0f is running away from: LionB5
Rabbit B0 is Hungry
RabbitB0f died of hunger
Rabbit B0 f is ready to mate
Rabbit B1f is running away from: LionB5
Rabbit B1 f is ready to mate
Lion B5 is Hungry
LionB5mis chasing: B1f
Lion B5 m is ready to mate
No Female Lion Partner or Female Lion partners are not ready to mate Yet!
Rabbit B1f is running away from: LionB5
Rabbit B1 is Hungry
Rabbit B1 f is ready to mate
Lion B5 is Hungry
LionB5mis chasing: B1f
Lion B5 m is ready to mate
No Female Lion Partner or Female Lion partners are not ready to mate Yet!
Rabbit B1f is running away from: LionB5
Rabbit B1 is Hungry
Rabbit B1 f is ready to mate
Lion B5 is Hungry
LionB5mis chasing: B1f
Lion B5 m is ready to mate
No Female Lion Partner or Female Lion partners are not ready to mate Yet!
Rabbit B1f is running away from: LionB5
Rabbit B1 is Hungry
Rabbit B1 f is ready to mate
Lion B5 is Thirsty
Lion B5 drank water
Lion B5 is Hungry
LionB5mis chasing: B1f
Lion B5 m is ready to mate
No Female Lion Partner or Female Lion partners are not ready to mate Yet!
Rabbit B1 is Thirsty
Rabbit B1 drank water
Rabbit B1f is running away from: LionB5
Rabbit B1 is Hungry
Rabbit B1f ate
Rabbit B1 f is ready to mate
Lion B5 is Thirsty
Lion B5 drank water
Lion B5 is Hungry
LionB5m died of hunger
LionB5mis chasing: B1f
Lion B5 m is ready to mate
No Female Lion Partner or Female Lion partners are not ready to mate Yet!
Rabbit B1 is Thirsty
Rabbit B1 drank water
Rabbit B1f is running away from: LionB3
Rabbit B1 f is ready to mate
Rabbit B1 is Thirsty
Rabbit B1 drank water
Rabbit B1f is running away from: LionB3
Rabbit B1 is Hungry
Rabbit B1 f is ready to mate
Rabbit B1 is Thirsty
Rabbit B1 drank water
Rabbit B1f is running away from: LionB3
Rabbit B1 is Hungry
Rabbit B1f ate
Rabbit B1 f is ready to mate
Lion B3 is Hungry
LionB3fis chasing: B1f
Lion B3 is Hungry
LionB3fis chasing: B1f
Rabbit B1 is Thirsty
Rabbit B1 drank water
Rabbit B1f is running away from: LionB3
Rabbit B1 f is ready to mate
Lion B3 is Hungry
LionB3fis chasing: B1f
Lion B3 is Hungry
LionB3fis chasing: B1f
Rabbit B1 is Thirsty
Rabbit B1 drank water
Rabbit B1f is running away from: LionB3
Rabbit B1 is Hungry
Rabbit B1f ate
Rabbit B1 f is ready to mate
Lion B3 is Hungry
Lion B3 is Hungry
Rabbit B1 is Thirsty
Rabbit B1 drank water
Rabbit B1f is running away from: LionB3
Rabbit B1 f is ready to mate
Lion B3 is Hungry
Lion B3 is Hungry
Rabbit B1 is Thirsty
Rabbit B1 drank water
Rabbit B1f is running away from: LionB3
Rabbit B1 is Hungry
Rabbit B1 f is ready to mate
Lion B3 is Thirsty
Lion B3 drank water
Lion B3 is Hungry
Lion B3 is Hungry
Rabbit B1 is Thirsty
Rabbit B1 drank water
Rabbit B1f is running away from: LionB3
Rabbit B1 is Hungry
Rabbit B1 f is ready to mate
Lion B3 is Thirsty
Lion B3 drank water
Lion B3 is Hungry
LionB3fis chasing: B1f
Lion B3 is Hungry
LionB3fis chasing: B1f
Rabbit B1 is Thirsty
Rabbit B1 drank water
Rabbit B1f is running away from: LionB3
Rabbit B1 is Hungry
Rabbit B1 f is ready to mate
Lion B3 is Hungry
Lion B3 is Hungry
LionB3fis chasing: B1f
Rabbit B1 is Thirsty
Rabbit B1 drank water
Rabbit B1f is running away from: LionB3
Rabbit B1 is Hungry
Rabbit B1 f is ready to mate
Lion B3 is Hungry
Lion B3 is Hungry
LionB3fis chasing: B1f
Rabbit B1 is Thirsty
Rabbit B1 drank water
Rabbit B1f is running away from: LionB3
Rabbit B1 is Hungry
Rabbit B1 f is ready to mate
Lion B3 is Hungry
LionB3fis chasing: B1f
Lion B3 is Hungry
LionB3fis chasing: B1f
Rabbit B1 is Thirsty
Rabbit B1 drank water
Rabbit B1f is running away from: LionB3
Rabbit B1 is Hungry
Rabbit B1 f is ready to mate
Lion B3 is Hungry
LionB3fis chasing: B1f
Lion B3 is Hungry
LionB3fis chasing: B1f
Rabbit B1 is Thirsty
Rabbit B1 drank water
Rabbit B1f is running away from: LionB3
Rabbit B1 is Hungry
Rabbit B1 f is ready to mate
Lion B3 is Hungry
LionB3fis chasing: B1f
Lion B3 is Thirsty
Lion B3 drank water
Lion B3 is Hungry
LionB3fis chasing: B1f
Rabbit B1 is Thirsty
Rabbit B1 drank water
Rabbit B1f is running away from: LionB3
Rabbit B1 is Hungry
Rabbit B1f ate
Rabbit B1 f is ready to mate
Lion B3 is Hungry
LionB3fis chasing: B1f
Lion B3 is Thirsty
Lion B3 drank water
Lion B3 is Hungry
LionB3fis chasing: B1f
Rabbit B1 is Thirsty
Rabbit B1 drank water
Rabbit B1f is running away from: LionB3
Rabbit B1 f is ready to mate
Lion B3 is Hungry
LionB3fis chasing: B1f
Lion B3 is Thirsty
Lion B3 drank water
Lion B3 is Hungry
LionB3fis chasing: B1f
Rabbit B1 is Thirsty
Rabbit B1 drank water
Rabbit B1f is running away from: LionB3
Rabbit B1 is Hungry
Rabbit B1f ate
Rabbit B1 f is ready to mate
Lion B3 is Hungry
LionB3fis chasing: B1f
Lion B3 is Thirsty
Lion B3 drank water
Lion B3 is Hungry
LionB3fis chasing: B1f
Rabbit B1 is Thirsty
Rabbit B1 drank water
Rabbit B1f is running away from: LionB3
Rabbit B1 f is ready to mate
Lion B3 is Hungry
LionB3fis chasing: B1f
Lion B3 is Thirsty
Lion B3 drank water
Lion B3 is Hungry
LionB3fis chasing: B1f
Rabbit B1 is Thirsty
Rabbit B1 drank water
Rabbit B1f is running away from: LionB3
Rabbit B1 is Hungry
Rabbit B1 f is ready to mate
Lion B3 is Hungry
LionB3fis chasing: B1f
Lion B3 is Thirsty
Lion B3 drank water
Lion B3 is Hungry
LionB3fis chasing: B1f
Rabbit B1 is Thirsty
Rabbit B1 drank water
Rabbit B1f is running away from: LionB3
Rabbit B1 is Hungry
Rabbit B1f ate
Rabbit B1 f is ready to mate
Lion B3 is Hungry
LionB3fis chasing: B1f
Lion B3 is Thirsty
Lion B3 drank water
Lion B3 is Hungry
LionB3fis chasing: B1f
Rabbit B1 is Thirsty
Rabbit B1 drank water
Rabbit B1f is running away from: LionB3
Rabbit B1 f is ready to mate
Lion B3 is Hungry
LionB3fis chasing: B1f
Lion B3 is Thirsty
Lion B3 drank water
Lion B3 is Hungry
LionB3fis chasing: B1f
rabbit B1f Died of Old Age
Rabbit B1 is Thirsty
Rabbit B1 drank water
Rabbit B1f is running away from: LionB3
Rabbit B1 is Hungry
Rabbit B1f ate
Rabbit B1 f is ready to mate
Lion B3 is Hungry
Lion B3 is Thirsty
Lion B3 drank water
Lion B3 is Hungry
Lion B3 is Hungry
Lion B3 is Thirsty
Lion B3 drank water
Lion B3 is Hungry
Lion B3 is Hungry
Lion B3 is Thirsty
Lion B3 drank water
Lion B3 is Hungry
Lion B3 is Hungry
Lion B3 is Thirsty
Lion B3 drank water
Lion B3 is Hungry
Lion B3 is Hungry
Lion B3 is Thirsty
Lion B3 drank water
Lion B3 is Hungry
Lion B3 is Hungry
Lion B3 is Thirsty
Lion B3 drank water
Lion B3 is Hungry
Lion B3 is Hungry
LionB3f died of hunger
Lion B3 is Hungry
LionB3f died of hunger
