Wolf B4f is running away from: LionB5
Wolf C4f is running away from: LionB0
Wolf C2f is running away from: LionB1
Wolf A1f is running away from: LionB5
Wolf B2f is running away from: LionB5
Wolf C0f is running away from: LionA0
Wolf A2m is running away from: LionB0
Wolf A4m is running away from: LionB5
Rabbit B1m is running away from: LionC3
Rabbit B1m is running away from: WolfC4
Rabbit B5m is running away from: LionA0
Rabbit B5m is running away from: WolfA4
Rabbit A1f is running away from: LionA0
Rabbit A1f is running away from: WolfA1
Rabbit B4m is running away from: LionC3
Rabbit B4m is running away from: WolfC2
Rabbit B0f is running away from: LionB0
Rabbit B0f is running away from: WolfC2
Rabbit C4m is running away from: LionB0
Rabbit C4m is running away from: WolfC2
Rabbit A3m is running away from: LionA0
Rabbit A3m is running away from: WolfC0
Rabbit B1m is running away from: LionA0
Rabbit B1m is running away from: WolfC4
Rabbit B1f is running away from: LionB5
Rabbit B1f is running away from: WolfB4
Rabbit A3m is running away from: LionB1
Rabbit A3m is running away from: WolfC2
Rabbit A2m is running away from: LionA0
Rabbit A2m is running away from: WolfC4
Rabbit A1f is running away from: LionC3
Rabbit A1f is running away from: WolfC2
Rabbit A1f is running away from: LionB0
Rabbit A1f is running away from: WolfA2
Rabbit A0m is running away from: LionA0
Rabbit A0m is running away from: WolfC0
Rabbit A1m is running away from: LionA0
Rabbit A1m is running away from: WolfC4
Rabbit B0m is running away from: LionA0
Rabbit B0m is running away from: WolfC0
Rabbit A2m is running away from: LionB5
Rabbit A2m is running away from: WolfB4
Rabbit C2f is running away from: LionA0
Rabbit C2f is running away from: WolfC4
Rabbit A4m is running away from: LionB0
Rabbit A4m is running away from: WolfC4
Rabbit B5f is running away from: LionB1
Rabbit B5f is running away from: WolfC2
Wolf B4f is running away from: LionB5
Wolf C4f is running away from: LionB0
Wolf C2f is running away from: LionB1
Wolf A1f is running away from: LionB5
Wolf B2f is running away from: LionB5
Wolf C0f is running away from: LionA0
Wolf A2m is running away from: LionB0
Wolf A4m is running away from: LionB5
Rabbit B1m is running away from: LionB0
Rabbit B1m is running away from: WolfC4
Rabbit B1 m is ready to mate
Rabbit B1 m is approaching partner: Rabbit A1f
Rabbit B5m is running away from: LionB5
Rabbit B5m is running away from: WolfB4
Rabbit B5 m is ready to mate
Rabbit B5 m is approaching partner: Rabbit A1f
Rabbit A1f is running away from: LionA0
Rabbit A1f is running away from: WolfA4
Rabbit A1 f is ready to mate
Rabbit B4m is running away from: LionB1
Rabbit B4m is running away from: WolfC2
Rabbit B4 m is ready to mate
Rabbit B4 m is approaching partner: Rabbit A1f
Rabbit B0f is running away from: LionB0
Rabbit B0f is running away from: WolfC2
Rabbit B0 f is ready to mate
Rabbit C4m is running away from: LionB0
Rabbit C4m is running away from: WolfC2
Rabbit C4 m is ready to mate
Rabbit C4 m is approaching partner: Rabbit B5f
Rabbit A3m is running away from: LionA0
Rabbit A3m is running away from: WolfC0
Rabbit A3 m is ready to mate
Rabbit A3 m is approaching partner: Rabbit A1f
Rabbit B1m is running away from: LionA0
Rabbit B1m is running away from: WolfC4
Rabbit B1 m is ready to mate
Rabbit B1 m is approaching partner: Rabbit A1f
Rabbit B1f is running away from: LionB5
Rabbit B1f is running away from: WolfC0
Rabbit B1 f is ready to mate
Rabbit A3m is running away from: LionB1
Rabbit A3m is running away from: WolfC2
Rabbit A3 m is ready to mate
Rabbit A3 m is approaching partner: Rabbit B5f
Rabbit B0 f was born!Father is A3 and Mother is B5
Rabbit A2m is running away from: LionA0
Rabbit A2m is running away from: WolfC4
Rabbit A2 m is ready to mate
Rabbit A2 m is approaching partner: Rabbit A1f
Rabbit A1f is running away from: LionC3
Rabbit A1f is running away from: WolfC2
Rabbit A1 f is ready to mate
Rabbit A1f is running away from: LionB0
Rabbit A1f is running away from: WolfA2
Rabbit A1 f is ready to mate
Rabbit A0m is running away from: LionA0
Rabbit A0m is running away from: WolfC0
Rabbit A0 m is ready to mate
Rabbit A0 m is approaching partner: Rabbit A1f
Rabbit A1m is running away from: LionB5
Rabbit A1m is running away from: WolfC4
Rabbit A1 m is ready to mate
Rabbit A1 m is approaching partner: Rabbit C2f
Rabbit B0m is running away from: LionA0
Rabbit B0m is running away from: WolfC0
Rabbit B0 m is ready to mate
Rabbit B0 m is approaching partner: Rabbit B1f
Rabbit A2m is running away from: LionB5
Rabbit A2m is running away from: WolfB4
Rabbit A2 m is ready to mate
Rabbit A2 m is approaching partner: Rabbit B1f
Rabbit C2f is running away from: LionA0
Rabbit C2f is running away from: WolfC4
Rabbit C2 f is ready to mate
Rabbit A4m is running away from: LionB0
Rabbit A4m is running away from: WolfC4
Rabbit A4 m is ready to mate
Rabbit A4 m is approaching partner: Rabbit C2f
Rabbit B5f is running away from: LionB0
Rabbit B5f is running away from: WolfC2
Lion C3f ate: A1f
Wolf B4f is running away from: LionB5
Wolf C4f is running away from: LionB0
Wolf C2f is running away from: LionB1
Wolf A1f is running away from: LionB5
Wolf B2f is running away from: LionB5
Wolf C0f is running away from: LionA0
Wolf A2m is running away from: LionB0
Wolf A4m is running away from: LionA0
Rabbit B1m is running away from: LionB1
Rabbit B1m is running away from: WolfC4
Rabbit B1 is Hungry
Rabbit B1m ate
Rabbit B1 m is ready to mate
Rabbit B1 m is approaching partner: Rabbit A1f
Rabbit B5m is running away from: LionB5
Rabbit B5m is running away from: WolfA1
Rabbit B5 is Hungry
Rabbit B5m ate
Rabbit B5 m is ready to mate
Rabbit B5 m is approaching partner: Rabbit A1f
Rabbit A1f is running away from: LionA0
Rabbit A1f is running away from: WolfA1
Rabbit A1 is Hungry
Rabbit A1f ate
Rabbit A1 f is ready to mate
Rabbit B4m is running away from: LionB1
Rabbit B4m is running away from: WolfC4
Rabbit B4 is Hungry
Rabbit B4m ate
Rabbit B4 m is ready to mate
Rabbit B4 m is approaching partner: Rabbit A1f
Rabbit B0f is running away from: LionB0
Rabbit B0f is running away from: WolfA2
Rabbit B0 is Hungry
Rabbit B0f ate
Rabbit B0 f is ready to mate
Rabbit C4m is running away from: LionB0
Rabbit C4m is running away from: WolfC2
Rabbit C4 is Hungry
Rabbit C4m ate
Rabbit C4 m is ready to mate
Rabbit C4 m is approaching partner: Rabbit B0f
Rabbit A3m is running away from: LionA0
Rabbit A3m is running away from: WolfA4
Rabbit A3 is Hungry
Rabbit A3m ate
Rabbit A3 m is ready to mate
Rabbit A3 m is approaching partner: Rabbit A1f
Rabbit B1m is running away from: LionA0
Rabbit B1m is running away from: WolfC4
Rabbit B1 is Hungry
Rabbit B1m ate
Rabbit B1 m is ready to mate
Rabbit B1 m is approaching partner: Rabbit A1f
Rabbit B1f is running away from: LionB5
Rabbit B1f is running away from: WolfC4
Rabbit B1 is Hungry
Rabbit B1f ate
Rabbit B1 f is ready to mate
Rabbit A3m is running away from: LionB0
Rabbit A3m is running away from: WolfC2
Rabbit A3 is Hungry
Rabbit A3 m is ready to mate
Rabbit A3 m is approaching partner: Rabbit B0f
Rabbit A2m is running away from: LionA0
Rabbit A2m is running away from: WolfC4
Rabbit A2 is Hungry
Rabbit A2m ate
Rabbit A2 m is ready to mate
Rabbit A2 m is approaching partner: Rabbit A1f
Rabbit A1f is running away from: LionC3
Rabbit A1f is running away from: WolfC2
Rabbit A1 is Hungry
Rabbit A1f ate
Rabbit A1 f is ready to mate
Rabbit A1f is running away from: LionB0
Rabbit A1f is running away from: WolfA2
Rabbit A1 is Hungry
Rabbit A1f ate
Rabbit A1 f is ready to mate
Rabbit A0m is running away from: LionA0
Rabbit A0m is running away from: WolfA4
Rabbit A0 is Hungry
Rabbit A0 m is ready to mate
Rabbit A0 m is approaching partner: Rabbit A1f
Rabbit A1m is running away from: LionA0
Rabbit A1m is running away from: WolfC4
Rabbit A1 is Hungry
Rabbit A1m ate
Rabbit A1 m is ready to mate
Rabbit A1 m is approaching partner: Rabbit C2f
Rabbit B0m is running away from: LionA0
Rabbit B0m is running away from: WolfC0
Rabbit B0 is Hungry
Rabbit B0m ate
Rabbit B0 m is ready to mate
Rabbit B0 m is approaching partner: Rabbit B1f
Rabbit A2m is running away from: LionB5
Rabbit A2m is running away from: WolfB4
Rabbit A2 is Hungry
Rabbit A2m ate
Rabbit A2 m is ready to mate
Rabbit A2 m is approaching partner: Rabbit B1f
Rabbit C2f is running away from: LionB0
Rabbit C2f is running away from: WolfC4
Rabbit C2 is Hungry
Rabbit C2f ate
Rabbit C2 f is ready to mate
Rabbit A4m is running away from: LionB0
Rabbit A4m is running away from: WolfC4
Rabbit A4 is Hungry
Rabbit A4m ate
Rabbit A4 m is ready to mate
Rabbit A4 m is approaching partner: Rabbit C2f
Rabbit B5f is running away from: LionB0
Rabbit B5f is running away from: WolfC2
Rabbit B5 is Hungry
Rabbit B5f ate
Rabbit B0f is running away from: LionB0
Rabbit B0f is running away from: WolfC2
Wolf B4f is running away from: LionB5
Wolf B4 f is ready to mate
Wolf C4f is running away from: LionC3
Wolf C4 f is ready to mate
Wolf C2f is running away from: LionB1
Wolf C2 f is ready to mate
Wolf A1f is running away from: LionB5
Wolf A1 f is ready to mate
Wolf B2f is running away from: LionB5
Wolf B2 f is ready to mate
Wolf C0f is running away from: LionA0
Wolf C0f ate!
Wolf C0 f is ready to mate
Wolf A2m is running away from: LionB0
Wolf A2 m is ready to mate
Wolf A4m is running away from: LionA0
Wolf A4 m is ready to mate
Rabbit B1m is running away from: LionC3
Rabbit B1m is running away from: WolfC4
Rabbit B1 m is ready to mate
Rabbit B1 m is approaching partner: Rabbit A1f
Rabbit B5m is running away from: LionA0
Rabbit B5m is running away from: WolfA1
Rabbit B5 m is ready to mate
Rabbit B5 m is approaching partner: Rabbit A1f
Rabbit A1f is running away from: LionA0
Rabbit A1f is running away from: WolfA1
Rabbit A1 f is ready to mate
Rabbit B4m is running away from: LionC3
Rabbit B4m is running away from: WolfC4
Rabbit B4 m is ready to mate
Rabbit B4 m is approaching partner: Rabbit A1f
Rabbit B0f is running away from: LionB0
Rabbit B0f is running away from: WolfC2
Rabbit B0 f is ready to mate
Rabbit C4m is running away from: LionB0
Rabbit C4m is running away from: WolfC2
Rabbit C4 m is ready to mate
Rabbit C4 m is approaching partner: Rabbit B0f
Rabbit A3m is running away from: LionA0
Rabbit A3m is running away from: WolfA4
Rabbit A3 m is ready to mate
Rabbit A3 m is approaching partner: Rabbit A1f
Rabbit B1m is running away from: LionC3
Rabbit B1m is running away from: WolfC4
Rabbit B1 m is ready to mate
Rabbit B1 m is approaching partner: Rabbit A1f
Rabbit B1f is running away from: LionB5
Rabbit B1f is running away from: WolfC4
Rabbit B1 f is ready to mate
Rabbit A3m is running away from: LionB0
Rabbit A3m is running away from: WolfC2
Rabbit A3 is Hungry
Rabbit A3m ate
Rabbit A3 m is ready to mate
Rabbit A3 m is approaching partner: Rabbit B0f
Rabbit A2m is running away from: LionC3
Rabbit A2m is running away from: WolfC0
Rabbit A2 m is ready to mate
Rabbit A2 m is approaching partner: Rabbit A1f
Rabbit A1f is running away from: LionC3
Rabbit A1f is running away from: WolfC4
Rabbit A1 f is ready to mate
Rabbit A1f is running away from: LionB0
Rabbit A1f is running away from: WolfA2
Rabbit A1 f is ready to mate
Rabbit A0m is running away from: LionA0
Rabbit A0m is running away from: WolfA4
Rabbit A0 is Hungry
Rabbit A0m ate
Rabbit A0 m is ready to mate
Rabbit A0 m is approaching partner: Rabbit A1f
Rabbit A1m is running away from: LionA0
Rabbit A1m is running away from: WolfC4
Rabbit A1 m is ready to mate
Rabbit A1 m is approaching partner: Rabbit C2f
Rabbit A2m is running away from: LionB5
Rabbit A2m is running away from: WolfA4
Rabbit A2 m is ready to mate
Rabbit A2 m is approaching partner: Rabbit B1f
Rabbit C2f is running away from: LionB5
Rabbit C2f is running away from: WolfC4
Rabbit C2 f is ready to mate
Rabbit A4m is running away from: LionB0
Rabbit A4m is running away from: WolfC4
Rabbit A4 m is ready to mate
Rabbit A4 m is approaching partner: Rabbit C2f
Rabbit B5f is running away from: LionB1
Rabbit B5f is running away from: WolfC2
Rabbit B0f is running away from: LionB0
Rabbit B0f is running away from: WolfC2
Wolf B4f is running away from: LionB5
Wolf B4 f is ready to mate
Wolf C4f is running away from: LionB0
Wolf C4 f is ready to mate
Wolf C2f is running away from: LionB1
Wolf C2 f is ready to mate
Wolf A1f is running away from: LionB5
Wolf A1 f is ready to mate
Wolf B2f is running away from: LionB5
Wolf B2 f is ready to mate
Wolf C0f is running away from: LionA0
Wolf C0 f is ready to mate
Wolf A2m is running away from: LionB0
Wolf A2 m is ready to mate
Wolf A4m is running away from: LionA0
Wolf A4 m is ready to mate
Rabbit B1m is running away from: LionC3
Rabbit B1m is running away from: WolfC4
Rabbit B1 m is ready to mate
Rabbit B1 m is approaching partner: Rabbit A1f
Rabbit B5m is running away from: LionA0
Rabbit B5m is running away from: WolfA1
Rabbit B5 m is ready to mate
Rabbit B5 m is approaching partner: Rabbit A1f
Rabbit A1f is running away from: LionA0
Rabbit A1f is running away from: WolfA1
Rabbit A1 f is ready to mate
Rabbit B4m is running away from: LionC3
Rabbit B4m is running away from: WolfC4
Rabbit B4 m is ready to mate
Rabbit B4 m is approaching partner: Rabbit A1f
Rabbit B0f is running away from: LionB0
Rabbit B0f is running away from: WolfC2
Rabbit B0 f is ready to mate
Rabbit C4m is running away from: LionB0
Rabbit C4m is running away from: WolfC2
Rabbit C4 m is ready to mate
Rabbit C4 m is approaching partner: Rabbit B0f
Rabbit A3m is running away from: LionA0
Rabbit A3m is running away from: WolfA4
Rabbit A3 m is ready to mate
Rabbit A3 m is approaching partner: Rabbit A1f
Rabbit B1m is running away from: LionC3
Rabbit B1m is running away from: WolfC4
Rabbit B1 m is ready to mate
Rabbit B1 m is approaching partner: Rabbit A1f
Rabbit B1f is running away from: LionB5
Rabbit B1f is running away from: WolfC4
Rabbit B1 f is ready to mate
Rabbit A3m is running away from: LionB0
Rabbit A3m is running away from: WolfC2
Rabbit A3 m is ready to mate
Rabbit A3 m is approaching partner: Rabbit B0f
Rabbit A2m is running away from: LionC3
Rabbit A2m is running away from: WolfC4
Rabbit A2 m is ready to mate
Rabbit A2 m is approaching partner: Rabbit A1f
Rabbit A1f is running away from: LionC3
Rabbit A1f is running away from: WolfC4
Rabbit A1 f is ready to mate
Rabbit A1f is running away from: LionB0
Rabbit A1f is running away from: WolfA2
Rabbit A1 f is ready to mate
Rabbit A0m is running away from: LionA0
Rabbit A0m is running away from: WolfA4
Rabbit A0 m is ready to mate
Rabbit A0 m is approaching partner: Rabbit A1f
Rabbit A1m is running away from: LionA0
Rabbit A1m is running away from: WolfC4
Rabbit A1 m is ready to mate
Rabbit A1 m is approaching partner: Rabbit C2f
Rabbit A2m is running away from: LionB5
Rabbit A2m is running away from: WolfA4
Rabbit A2 m is ready to mate
Rabbit A2 m is approaching partner: Rabbit B1f
Rabbit C2f is running away from: LionB5
Rabbit C2f is running away from: WolfC4
Rabbit C2 f is ready to mate
Rabbit A4m is running away from: LionB0
Rabbit A4m is running away from: WolfC4
Rabbit A4 m is ready to mate
Rabbit A4 m is approaching partner: Rabbit C2f
Rabbit B5f is running away from: LionB0
Rabbit B5f is running away from: WolfC2
Rabbit B5 f is ready to mate
Rabbit B0f is running away from: LionB0
Rabbit B0f is running away from: WolfC2
Rabbit B0 is Hungry
Rabbit B0 f is ready to mate
Lion C3f ate: B1m
Wolf B4f is running away from: LionB5
Wolf B4 f is ready to mate
Wolf C4f is running away from: LionC3
Wolf C4 f is ready to mate
Wolf C2f is running away from: LionB1
Wolf C2 f is ready to mate
Wolf A1f is running away from: LionB5
Wolf A1 f is ready to mate
Wolf B2f is running away from: LionB5
Wolf B2 f is ready to mate
Wolf C0f is running away from: LionA0
Wolf C0 f is ready to mate
Wolf A2m is running away from: LionB0
Wolf A2 m is ready to mate
Wolf A4m is running away from: LionA0
Wolf A4 m is ready to mate
Wolf C4 f was born! Father is A4 and Mother is B4
Rabbit B1m is running away from: LionB1
Rabbit B1m is running away from: WolfC4
Rabbit B1 is Hungry
Rabbit B1m ate
Rabbit B1 m is ready to mate
Rabbit B1 m is approaching partner: Rabbit A1f
Rabbit B5m is running away from: LionA0
Rabbit B5m is running away from: WolfC4
Rabbit B5 is Hungry
Rabbit B5 m is ready to mate
Rabbit B5 m is approaching partner: Rabbit A1f
Rabbit A1f is running away from: LionA0
Rabbit A1f is running away from: WolfC4
Rabbit A1 is Hungry
Rabbit A1 f is ready to mate
Rabbit B4m is running away from: LionB1
Rabbit B4m is running away from: WolfC4
Rabbit B4 is Hungry
Rabbit B4 m is ready to mate
Rabbit B4 m is approaching partner: Rabbit A1f
Rabbit B0f is running away from: LionB0
Rabbit B0f is running away from: WolfC2
Rabbit B0 is Hungry
Rabbit B0 f is ready to mate
Rabbit C4m is running away from: LionB0
Rabbit C4m is running away from: WolfC2
Rabbit C4 is Hungry
Rabbit C4 m is ready to mate
Rabbit C4 m is approaching partner: Rabbit B0f
Rabbit A3m is running away from: LionA0
Rabbit A3m is running away from: WolfC0
Rabbit A3 is Hungry
Rabbit A3m ate
Rabbit A3 m is ready to mate
Rabbit A3 m is approaching partner: Rabbit A1f
Rabbit B1m is running away from: LionC3
Rabbit B1m is running away from: WolfC4
Rabbit B1 is Hungry
Rabbit B1 m is ready to mate
Rabbit B1 m is approaching partner: Rabbit A1f
Rabbit B1f is running away from: LionB5
Rabbit B1f is running away from: WolfC4
Rabbit B1 is Hungry
Rabbit B1 f is ready to mate
Rabbit A3m is running away from: LionB0
Rabbit A3m is running away from: WolfC2
Rabbit A3 m is ready to mate
Rabbit A3 m is approaching partner: Rabbit B5f
Rabbit A2m is running away from: LionC3
Rabbit A2m is running away from: WolfC4
Rabbit A2 is Hungry
Rabbit A2m ate
Rabbit A2 m is ready to mate
Rabbit A2 m is approaching partner: Rabbit A1f
Rabbit A1f is running away from: LionC3
Rabbit A1f is running away from: WolfC4
Rabbit A1 is Hungry
Rabbit A1 f is ready to mate
Rabbit A1f is running away from: LionB0
Rabbit A1f is running away from: WolfA2
Rabbit A1 is Hungry
Rabbit A1 f is ready to mate
Rabbit A0m is running away from: LionA0
Rabbit A0m is running away from: WolfC0
Rabbit A0 m is ready to mate
Rabbit A0 m is approaching partner: Rabbit A1f
Rabbit A1m is running away from: LionB0
Rabbit A1m is running away from: WolfC4
Rabbit A1 is Hungry
Rabbit A1m ate
Rabbit A1 m is ready to mate
Rabbit A1 m is approaching partner: Rabbit C2f
Rabbit A2m is running away from: LionB5
Rabbit A2m is running away from: WolfC0
Rabbit A2 is Hungry
Rabbit A2m ate
Rabbit A2 m is ready to mate
Rabbit A2 m is approaching partner: Rabbit B1f
Rabbit C2f is running away from: LionB0
Rabbit C2f is running away from: WolfC4
Rabbit C2 is Hungry
Rabbit C2 f is ready to mate
Rabbit A4m is running away from: LionB0
Rabbit A4m is running away from: WolfC4
Rabbit A4 is Hungry
Rabbit A4m ate
Rabbit A4 m is ready to mate
Rabbit A4 m is approaching partner: Rabbit C2f
Rabbit B5f is running away from: LionB0
Rabbit B5f is running away from: WolfC2
Rabbit B5 is Hungry
Rabbit B5 f is ready to mate
Rabbit B0f is running away from: LionB0
Rabbit B0f is running away from: WolfC2
Rabbit B0 is Hungry
Rabbit B0 f is ready to mate
Wolf B4f is running away from: LionB5
Wolf C4f is running away from: LionC3
Wolf C4 f is ready to mate
Wolf C2f is running away from: LionB1
Wolf C2 f is ready to mate
Wolf A1f is running away from: LionB5
Wolf A1 f is ready to mate
Wolf B2f is running away from: LionB5
Wolf B2 f is ready to mate
Wolf C0f is running away from: LionA0
Wolf C0 f is ready to mate
Wolf A2m is running away from: LionB0
Wolf A2 m is ready to mate
Wolf A4m is running away from: LionB5
Wolf A4 m is ready to mate
Wolf C4f is running away from: LionB5
Rabbit B1m is running away from: LionC3
Rabbit B1m is running away from: WolfC4
Rabbit B1 m is ready to mate
Rabbit B1 m is approaching partner: Rabbit A1f
Rabbit B5m is running away from: LionA0
Rabbit B5m is running away from: WolfC4
Rabbit B5 is Hungry
Rabbit B5 m is ready to mate
Rabbit B5 m is approaching partner: Rabbit A1f
Rabbit A1f is running away from: LionA0
Rabbit A1f is running away from: WolfC4
Rabbit A1 is Hungry
Rabbit A1 f is ready to mate
Rabbit B4m is running away from: LionC3
Rabbit B4m is running away from: WolfC4
Rabbit B4 is Hungry
Rabbit B4 m is ready to mate
Rabbit B4 m is approaching partner: Rabbit A1f
Rabbit B0f is running away from: LionB0
Rabbit B0f is running away from: WolfC2
Rabbit B0 is Hungry
Rabbit B0f ate
Rabbit B0 f is ready to mate
Rabbit C4m is running away from: LionB0
Rabbit C4m is running away from: WolfC2
Rabbit C4 is Hungry
Rabbit C4 m is ready to mate
Rabbit C4 m is approaching partner: Rabbit B0f
Rabbit A3m is running away from: LionA0
Rabbit A3m is running away from: WolfC4
Rabbit A3 m is ready to mate
Rabbit A3 m is approaching partner: Rabbit A1f
Rabbit B1m is running away from: LionC3
Rabbit B1m is running away from: WolfC4
Rabbit B1 is Hungry
Rabbit B1m ate
Rabbit B1 m is ready to mate
Rabbit B1 m is approaching partner: Rabbit A1f
Rabbit B1f is running away from: LionB5
Rabbit B1f is running away from: WolfC4
Rabbit B1 is Hungry
Rabbit B1 f is ready to mate
Rabbit A3m is running away from: LionB0
Rabbit A3m is running away from: WolfC2
Rabbit A3 is Hungry
Rabbit A3 m is ready to mate
Rabbit A3 m is approaching partner: Rabbit B0f
Rabbit A2m is running away from: LionA0
Rabbit A2m is running away from: WolfC4
Rabbit A2 m is ready to mate
Rabbit A2 m is approaching partner: Rabbit A1f
Rabbit A1f is running away from: LionC3
Rabbit A1f is running away from: WolfC4
Rabbit A1 is Hungry
Rabbit A1 f is ready to mate
Rabbit A1f is running away from: LionB0
Rabbit A1f is running away from: WolfC2
Rabbit A1 is Hungry
Rabbit A1 f is ready to mate
Rabbit A0m is running away from: LionA0
Rabbit A0m is running away from: WolfC0
Rabbit A0 is Hungry
Rabbit A0m ate
Rabbit A0 m is ready to mate
Rabbit A0 m is approaching partner: Rabbit A1f
Rabbit A1m is running away from: LionB5
Rabbit A1m is running away from: WolfC4
Rabbit A1 m is ready to mate
Rabbit A1 m is approaching partner: Rabbit C2f
Rabbit A2m is running away from: LionB5
Rabbit A2m is running away from: WolfC0
Rabbit A2 m is ready to mate
Rabbit A2 m is approaching partner: Rabbit B1f
Rabbit C2 m was born!Father is A2 and Mother is B1
Rabbit C2f is running away from: LionB5
Rabbit C2f is running away from: WolfC4
Rabbit C2 is Hungry
Rabbit C2 f is ready to mate
Rabbit A4m is running away from: LionB0
Rabbit A4m is running away from: WolfC4
Rabbit A4 m is ready to mate
Rabbit A4 m is approaching partner: Rabbit C2f
Rabbit B5f is running away from: LionB0
Rabbit B5f is running away from: WolfC2
Rabbit B5 is Hungry
Rabbit B5f ate
Rabbit B5 f is ready to mate
Rabbit B0f is running away from: LionB0
Rabbit B0f is running away from: WolfC2
Rabbit B0 is Hungry
RabbitB0f died of hunger
Rabbit B0 f is ready to mate
Lion C3f ate: A1f
Wolf B4f is running away from: LionB5
Wolf C4f is running away from: LionA0
Wolf C4 f is ready to mate
Wolf C2f is running away from: LionB1
Wolf C2 f is ready to mate
Wolf A1f is running away from: LionB5
Wolf A1 f is ready to mate
Wolf B2f is running away from: LionB5
Wolf B2 f is ready to mate
Wolf C0f is running away from: LionA0
Wolf C0 f is ready to mate
Wolf A2m is running away from: LionB0
Wolf A2 m is ready to mate
Wolf A4m is running away from: LionB5
Wolf A4 m is ready to mate
Wolf C4f is running away from: LionB5
Rabbit B1m is running away from: LionC3
Rabbit B1m is running away from: WolfC4
Rabbit B1 m is ready to mate
Rabbit B1 m is approaching partner: Rabbit A1f
Rabbit B5m is running away from: LionA0
Rabbit B5m is running away from: WolfB4
Rabbit B5 is Hungry
RabbitB5m died of hunger
Rabbit B5 m is ready to mate
Rabbit B5 m is approaching partner: Rabbit A1f
Rabbit A1f is running away from: LionA0
Rabbit A1f is running away from: WolfB4
Rabbit A1 is Hungry
RabbitA1f died of hunger
Rabbit A1 f is ready to mate
Rabbit B4m is running away from: LionC3
Rabbit B4m is running away from: WolfC4
Rabbit B4 is Hungry
RabbitB4m died of hunger
Rabbit B4m ate
Rabbit B4 m is ready to mate
Rabbit B4 m is approaching partner: Rabbit A1f
Rabbit B0f is running away from: LionB0
Rabbit B0f is running away from: WolfC2
Rabbit B0 f is ready to mate
Rabbit C4m is running away from: LionB0
Rabbit C4m is running away from: WolfC2
Rabbit C4 is Hungry
RabbitC4m died of hunger
Rabbit C4 m is ready to mate
Rabbit C4 m is approaching partner: Rabbit A1f
Rabbit A3m is running away from: LionA0
Rabbit A3m is running away from: WolfC4
Rabbit A3 m is ready to mate
Rabbit A3 m is approaching partner: Rabbit A1f
Rabbit B1m is running away from: LionA0
Rabbit B1m is running away from: WolfC4
Rabbit B1 m is ready to mate
Rabbit B1 m is approaching partner: Rabbit A1f
Rabbit B1f is running away from: LionB5
Rabbit B1f is running away from: WolfC4
Rabbit B1 is Hungry
RabbitB1f died of hunger
Rabbit B1f ate
Rabbit A3m is running away from: LionB0
Rabbit A3m is running away from: WolfC2
Rabbit A3 is Hungry
Rabbit A3 m is ready to mate
Rabbit A3 m is approaching partner: Rabbit B5f
Rabbit A2m is running away from: LionC3
Rabbit A2m is running away from: WolfC4
Rabbit A2 m is ready to mate
Rabbit A2 m is approaching partner: Rabbit A1f
Rabbit A1f is running away from: LionC3
Rabbit A1f is running away from: WolfC4
Rabbit A1 is Hungry
RabbitA1f died of hunger
Rabbit A1 f is ready to mate
Rabbit A1f is running away from: LionB0
Rabbit A1f is running away from: WolfC2
Rabbit A1 is Hungry
RabbitA1f died of hunger
Rabbit A1 f is ready to mate
Rabbit A0m is running away from: LionA0
Rabbit A0m is running away from: WolfC4
Rabbit A0 m is ready to mate
Rabbit A0 m is approaching partner: Rabbit C2f
Rabbit A1m is running away from: LionB5
Rabbit A1m is running away from: WolfC4
Rabbit A1 m is ready to mate
Rabbit A1 m is approaching partner: Rabbit C2f
Rabbit A2m is running away from: LionB5
Rabbit A2m is running away from: WolfC4
Rabbit A2 m is ready to mate
Rabbit A2 m is approaching partner: Rabbit C2f
Rabbit C2f is running away from: LionB5
Rabbit C2f is running away from: WolfC4
Rabbit C2 is Hungry
RabbitC2f died of hunger
Rabbit C2 f is ready to mate
Rabbit A4m is running away from: LionB0
Rabbit A4m is running away from: WolfC4
Rabbit A4 m is ready to mate
Rabbit A4 m is approaching partner: Rabbit B0f
Rabbit B5f is running away from: LionB0
Rabbit B5f is running away from: WolfC2
Rabbit B5 f is ready to mate
Rabbit C2m is running away from: LionB5
Rabbit C2m is running away from: WolfC4
Wolf B4f is running away from: LionB5
Wolf C4f is running away from: LionA0
Wolf C4 f is ready to mate
Wolf C2f is running away from: LionB1
Wolf C2 f is ready to mate
Wolf A1f is running away from: LionB5
Wolf A1 f is ready to mate
Wolf B2f is running away from: LionB5
Wolf B2 f is ready to mate
Wolf C0f is running away from: LionA0
Wolf C0 f is ready to mate
Wolf A2m is running away from: LionB0
Wolf A2 m is ready to mate
Wolf A4m is running away from: LionB5
Wolf A4 m is ready to mate
Wolf C4f is running away from: LionB5
Rabbit B1m is running away from: LionC3
Rabbit B1m is running away from: WolfC4
Rabbit B1 is Hungry
Rabbit B1m ate
Rabbit B1 m is ready to mate
Rabbit B1 m is approaching partner: Rabbit B5f
Rabbit B0f is running away from: LionB0
Rabbit B0f is running away from: WolfC2
Rabbit B0 f is ready to mate
Rabbit A3m is running away from: LionA0
Rabbit A3m is running away from: WolfC4
Rabbit A3 is Hungry
Rabbit A3m ate
Rabbit A3 m is ready to mate
Rabbit A3 m is approaching partner: Rabbit B5f
Rabbit B1m is running away from: LionA0
Rabbit B1m is running away from: WolfC4
Rabbit B1 m is ready to mate
Rabbit B1 m is approaching partner: Rabbit B5f
Rabbit A3m is running away from: LionB0
Rabbit A3m is running away from: WolfC2
Rabbit A3 is Hungry
RabbitA3m died of hunger
Rabbit A3 m is ready to mate
Rabbit A3 m is approaching partner: Rabbit B5f
Rabbit A2m is running away from: LionA0
Rabbit A2m is running away from: WolfC4
Rabbit A2 is Hungry
Rabbit A2m ate
Rabbit A2 m is ready to mate
Rabbit A2 m is approaching partner: Rabbit B5f
Rabbit A0m is running away from: LionA0
Rabbit A0m is running away from: WolfC4
Rabbit A0 m is ready to mate
Rabbit A0 m is approaching partner: Rabbit B5f
Rabbit A1m is running away from: LionB5
Rabbit A1m is running away from: WolfC4
Rabbit A1 is Hungry
Rabbit A1 m is ready to mate
Rabbit A1 m is approaching partner: Rabbit B0f
Rabbit A2m is running away from: LionB5
Rabbit A2m is running away from: WolfC4
Rabbit A2 is Hungry
Rabbit A2m ate
Rabbit A2 m is ready to mate
Rabbit A2 m is approaching partner: Rabbit B5f
Rabbit A4m is running away from: LionB0
Rabbit A4m is running away from: WolfC4
Rabbit A4 is Hungry
Rabbit A4 m is ready to mate
Rabbit A4 m is approaching partner: Rabbit B0f
Rabbit B5f is running away from: LionB0
Rabbit B5f is running away from: WolfC2
Rabbit B5 f is ready to mate
Rabbit C2m is running away from: LionB5
Rabbit C2m is running away from: WolfC4
Lion B1m ate: B1m
Wolf B4f is running away from: LionB5
Wolf C4f is running away from: LionB0
Wolf C4 f is ready to mate
Wolf C2f is running away from: LionB1
Wolf C2 f is ready to mate
Wolf A1f is running away from: LionB5
Wolf A1 f is ready to mate
Wolf B2f is running away from: LionB5
Wolf B2 f is ready to mate
Wolf C0f is running away from: LionA0
Wolf C0 f is ready to mate
Wolf A2m is running away from: LionB0
Wolf A2 m is ready to mate
Wolf A4m is running away from: LionB5
Wolf A4 m is ready to mate
Wolf C4f is running away from: LionB5
Rabbit B1m is running away from: LionB1
Rabbit B1m is running away from: WolfC4
Rabbit B1 m is ready to mate
Rabbit B1 m is approaching partner: Rabbit B5f
Rabbit B0f is running away from: LionB0
Rabbit B0f is running away from: WolfC2
Rabbit B0 is Hungry
Rabbit B0f ate
Rabbit B0 f is ready to mate
Rabbit A3m is running away from: LionA0
Rabbit A3m is running away from: WolfC0
Rabbit A3 m is ready to mate
Rabbit A3 m is approaching partner: Rabbit B5f
Rabbit B1m is running away from: LionA0
Rabbit B1m is running away from: WolfC4
Rabbit B1 is Hungry
Rabbit B1m ate
Rabbit B1 m is ready to mate
Rabbit B1 m is approaching partner: Rabbit B5f
Rabbit A2m is running away from: LionA0
Rabbit A2m is running away from: WolfC4
Rabbit A2 m is ready to mate
Rabbit A2 m is approaching partner: Rabbit B5f
Rabbit A0m is running away from: LionA0
Rabbit A0m is running away from: WolfC0
Rabbit A0 is Hungry
Rabbit A0 m is ready to mate
Rabbit A0 m is approaching partner: Rabbit B5f
Rabbit A1m is running away from: LionB0
Rabbit A1m is running away from: WolfC4
Rabbit A1 is Hungry
Rabbit A1m ate
Rabbit A1 m is ready to mate
Rabbit A1 m is approaching partner: Rabbit B5f
Rabbit A2m is running away from: LionB5
Rabbit A2m is running away from: WolfC4
Rabbit A2 m is ready to mate
Rabbit A2 m is approaching partner: Rabbit B5f
Rabbit A4m is running away from: LionB0
Rabbit A4m is running away from: WolfC4
Rabbit A4 is Hungry
Rabbit A4 m is ready to mate
Rabbit A4 m is approaching partner: Rabbit B5f
Rabbit B5f is running away from: LionB0
Rabbit B5f is running away from: WolfC2
Rabbit B5 is Hungry
Rabbit B5 f is ready to mate
Rabbit C2m is running away from: LionB5
Rabbit C2m is running away from: WolfC4
Rabbit C2 is Hungry
Lion B1 m is ready to mate
Lion A0 f is ready to mate
Lion B5 f is ready to mate
Lion B0 m is ready to mate
Lion C3 f is ready to mate
Wolf B4f is running away from: LionB5
Wolf C4f is running away from: LionA0
Wolf C4 f is ready to mate
Wolf C2f is running away from: LionB0
Wolf C2 f is ready to mate
Wolf A1f is running away from: LionB5
Wolf A1 f is ready to mate
Wolf B2f is running away from: LionB5
Wolf B2 f is ready to mate
Wolf C0f is running away from: LionA0
Wolf C0 f is ready to mate
Wolf A2m is running away from: LionB0
Wolf A2 m is ready to mate
Wolf A4m is running away from: LionB5
Wolf A4 m is ready to mate
Wolf C4f is running away from: LionB5
Rabbit B1m is running away from: LionB1
Rabbit B1m is running away from: WolfC2
Rabbit B1 m is ready to mate
Rabbit B1 m is approaching partner: Rabbit B5f
Rabbit B0f is running away from: LionB0
Rabbit B0f is running away from: WolfC2
Rabbit B0 f is ready to mate
Rabbit A3m is running away from: LionB5
Rabbit A3m is running away from: WolfC0
Rabbit A3 m is ready to mate
Rabbit A3 m is approaching partner: Rabbit B5f
Rabbit B1m is running away from: LionA0
Rabbit B1m is running away from: WolfC4
Rabbit B1 m is ready to mate
Rabbit B1 m is approaching partner: Rabbit B5f
Rabbit A2m is running away from: LionB1
Rabbit A2m is running away from: WolfC4
Rabbit A2 m is ready to mate
Rabbit A2 m is approaching partner: Rabbit B5f
Rabbit A0m is running away from: LionA0
Rabbit A0m is running away from: WolfC0
Rabbit A0 is Hungry
Rabbit A0m ate
Rabbit A0 m is ready to mate
Rabbit A0 m is approaching partner: Rabbit B5f
Rabbit A1m is running away from: LionB5
Rabbit A1m is running away from: WolfC4
Rabbit A1 m is ready to mate
Rabbit A1 m is approaching partner: Rabbit B0f
Rabbit A2m is running away from: LionB5
Rabbit A2m is running away from: WolfC4
Rabbit A2 m is ready to mate
Rabbit A2 m is approaching partner: Rabbit B0f
Rabbit A4m is running away from: LionB5
Rabbit A4m is running away from: WolfC4
Rabbit A4 is Hungry
RabbitA4m died of hunger
Rabbit A4m ate
Rabbit A4 m is ready to mate
Rabbit A4 m is approaching partner: Rabbit B0f
Rabbit B5f is running away from: LionB0
Rabbit B5f is running away from: WolfC2
Rabbit B5 is Hungry
Rabbit B5 f is ready to mate
Rabbit C2m is running away from: LionB5
Rabbit C2m is running away from: WolfC4
Rabbit C2 is Hungry
Rabbit C2 m is ready to mate
Rabbit C2 m is approaching partner: Rabbit B0f
Lion B1 m is ready to mate
Lion A0 f is ready to mate
Lion B5 f is ready to mate
Lion B0 m is ready to mate
Lion C3 f is ready to mate
Wolf B4f is running away from: LionB5
Wolf C4f is running away from: LionB0
Wolf C4 f is ready to mate
Wolf C2f is running away from: LionB0
Wolf C2 f is ready to mate
Wolf A1f is running away from: LionB5
Wolf A1 f is ready to mate
Wolf B2f is running away from: LionB5
Wolf B2 f is ready to mate
Wolf C0f is running away from: LionA0
Wolf C0 f is ready to mate
Wolf A2m is running away from: LionB0
Wolf A2 m is ready to mate
Wolf A4m is running away from: LionB5
Wolf A4 m is ready to mate
Wolf C4f is running away from: LionB5
Rabbit B1m is running away from: LionB1
Rabbit B1m is running away from: WolfC2
Rabbit B1 is Hungry
Rabbit B1m ate
Rabbit B1 m is ready to mate
Rabbit B1 m is approaching partner: Rabbit B5f
Rabbit B0f is running away from: LionB0
Rabbit B0f is running away from: WolfA2
Rabbit B0 f is ready to mate
Rabbit A3m is running away from: LionA0
Rabbit A3m is running away from: WolfC4
Rabbit A3 is Hungry
Rabbit A3 m is ready to mate
Rabbit A3 m is approaching partner: Rabbit B5f
Rabbit B1m is running away from: LionC3
Rabbit B1m is running away from: WolfC4
Rabbit B1 m is ready to mate
Rabbit B1 m is approaching partner: Rabbit B5f
Rabbit A2m is running away from: LionC3
Rabbit A2m is running away from: WolfC4
Rabbit A2 is Hungry
Rabbit A2m ate
Rabbit A2 m is ready to mate
Rabbit A2 m is approaching partner: Rabbit B5f
Rabbit A0m is running away from: LionA0
Rabbit A0m is running away from: WolfC4
Rabbit A0 m is ready to mate
Rabbit A0 m is approaching partner: Rabbit B5f
Rabbit A1m is running away from: LionB0
Rabbit A1m is running away from: WolfC4
Rabbit A1 m is ready to mate
Rabbit A1 m is approaching partner: Rabbit B0f
Rabbit A2m is running away from: LionB5
Rabbit A2m is running away from: WolfC4
Rabbit A2 is Hungry
Rabbit A2m ate
Rabbit A2 m is ready to mate
Rabbit A2 m is approaching partner: Rabbit B0f
Rabbit B5f is running away from: LionB0
Rabbit B5f is running away from: WolfC2
Rabbit B5 is Hungry
RabbitB5f died of hunger
Rabbit B5 f is ready to mate
Rabbit C2m is running away from: LionB5
Rabbit C2m is running away from: WolfC4
Rabbit C2 is Hungry
RabbitC2m died of hunger
Rabbit C2m ate
Rabbit C2 m is ready to mate
Rabbit C2 m is approaching partner: Rabbit B0f
Lion B1 m is ready to mate
Lion A0 f is ready to mate
Lion B5 f is ready to mate
Lion B0 m is ready to mate
Lion C3 f is ready to mate
Wolf B4f is running away from: LionB5
Wolf B4 is Hungry
Wolf B4f is chasing: A3m
Wolf C4f is running away from: LionB0
Wolf C4 is Hungry
Wolf C4f is chasing: A2m
Wolf C4 f is ready to mate
Wolf C2f is running away from: LionC3
Wolf C2 is Hungry
Wolf C2f is chasing: B0f
Wolf C2 f is ready to mate
Wolf A1f is running away from: LionB5
Wolf A1 is Hungry
Wolf A1f is chasing: A3m
Wolf A1 f is ready to mate
Wolf B2f is running away from: LionB5
Wolf B2 is Hungry
Wolf B2f is chasing: A3m
Wolf B2 f is ready to mate
Wolf C0f is running away from: LionA0
Wolf C0 f is ready to mate
Wolf A2m is running away from: LionB0
Wolf A2 is Hungry
Wolf A2m is chasing: B0f
Wolf A2 m is ready to mate
Wolf A4m is running away from: LionB5
Wolf A4 is Hungry
Wolf A4m is chasing: A3m
Wolf A4 m is ready to mate
Wolf C4f is running away from: LionB5
Rabbit B1m is running away from: LionC3
Rabbit B1m is running away from: WolfC2
Rabbit B1 m is ready to mate
Rabbit B1 m is approaching partner: Rabbit B0f
Rabbit B0f is running away from: LionB0
Rabbit B0f is running away from: WolfA2
Rabbit B0 is Hungry
Rabbit B0f ate
Rabbit B0 f is ready to mate
Rabbit A3m is running away from: LionA0
Rabbit A3m is running away from: WolfB4
Rabbit A3 is Hungry
Rabbit A3 m is ready to mate
Rabbit A3 m is approaching partner: Rabbit B0f
Rabbit B1m is running away from: LionB1
Rabbit B1m is running away from: WolfC4
Rabbit B1 is Hungry
Rabbit B1 m is ready to mate
Rabbit B1 m is approaching partner: Rabbit B0f
Rabbit A2m is running away from: LionB1
Rabbit A2m is running away from: WolfC4
Rabbit A2 m is ready to mate
Rabbit A2 m is approaching partner: Rabbit B0f
Rabbit A0m is running away from: LionA0
Rabbit A0m is running away from: WolfC0
Rabbit A0 m is ready to mate
Rabbit A0 m is approaching partner: Rabbit B0f
Rabbit A1m is running away from: LionB5
Rabbit A1m is running away from: WolfC4
Rabbit A1 is Hungry
Rabbit A1m ate
Rabbit A1 m is ready to mate
Rabbit A1 m is approaching partner: Rabbit B0f
Rabbit A2m is running away from: LionA0
Rabbit A2m is running away from: WolfC4
Rabbit A2 m is ready to mate
Rabbit A2 m is approaching partner: Rabbit B0f
Lion B1 m is ready to mate
Lion A0 f is ready to mate
Lion B5 f is ready to mate
Lion B0 m is ready to mate
Lion C3 f is ready to mate
Wolf B4f is running away from: LionB5
Wolf B4 is Hungry
Wolf B4f is chasing: A0m
Wolf C4f is running away from: LionA0
Wolf C4 is Hungry
Wolf C4f is chasing: A1m
Wolf C4 f is ready to mate
Wolf C2f is running away from: LionB0
Wolf C2 is Hungry
Wolf C2f is chasing: B0f
Wolf C2 f is ready to mate
Wolf A1f is running away from: LionB5
Wolf A1 is Hungry
Wolf A1f is chasing: A0m
Wolf A1 f is ready to mate
Wolf B2f is running away from: LionB5
Wolf B2 is Hungry
Wolf B2f is chasing: A0m
Wolf B2 f is ready to mate
Wolf C0f is running away from: LionA0
Wolf C0 f is ready to mate
Wolf A2m is running away from: LionB0
Wolf A2 is Hungry
Wolf A2m is chasing: B0f
Wolf A2 m is ready to mate
Wolf A4m is running away from: LionB5
Wolf A4 is Hungry
Wolf A4m is chasing: A0m
Wolf A4 m is ready to mate
Wolf C4f is running away from: LionB5
Rabbit B1m is running away from: LionB1
Rabbit B1m is running away from: WolfC2
Rabbit B1 m is ready to mate
Rabbit B1 m is approaching partner: Rabbit B0f
Rabbit B0f is running away from: LionB0
Rabbit B0f is running away from: WolfA2
Rabbit B0 f is ready to mate
Rabbit A3m is running away from: LionA0
Rabbit A3m is running away from: WolfC0
Rabbit A3 is Hungry
RabbitA3m died of hunger
Rabbit A3 m is ready to mate
Rabbit A3 m is approaching partner: Rabbit B0f
Rabbit B1m is running away from: LionB1
Rabbit B1m is running away from: WolfC4
Rabbit B1 is Hungry
Rabbit B1m ate
Rabbit B1 m is ready to mate
Rabbit B1 m is approaching partner: Rabbit B0f
Rabbit A2m is running away from: LionB1
Rabbit A2m is running away from: WolfC4
Rabbit A2 m is ready to mate
Rabbit A2 m is approaching partner: Rabbit B0f
Rabbit A0m is running away from: LionA0
Rabbit A0m is running away from: WolfB4
Rabbit A0 is Hungry
Rabbit A0 m is ready to mate
Rabbit A0 m is approaching partner: Rabbit B0f
Rabbit A1m is running away from: LionB0
Rabbit A1m is running away from: WolfC4
Rabbit A1 m is ready to mate
Rabbit A1 m is approaching partner: Rabbit B0f
Rabbit A2m is running away from: LionB5
Rabbit A2m is running away from: WolfC4
Rabbit A2 m is ready to mate
Rabbit A2 m is approaching partner: Rabbit B0f
Lion B1m ate: B1m
Lion B1 m is ready to mate
Lion A0 f is ready to mate
Lion B5 f is ready to mate
Lion B0 m is ready to mate
Lion C3f ate: B1m
Lion C3 f is ready to mate
Wolf B4f is running away from: LionB5
Wolf B4 is Hungry
Wolf B4f is chasing: A0m
Wolf C4f is running away from: LionA0
Wolf C4 is Hungry
Wolf C4f is chasing: A1m
Wolf C4 f is ready to mate
Wolf C2f is running away from: LionB0
Wolf C2 is Hungry
Wolf C2f is chasing: B0f
Wolf C2f ate!
Wolf C2 f is ready to mate
Wolf A1f is running away from: LionB5
Wolf A1 is Hungry
Wolf A1f is chasing: A0m
Wolf A1 f is ready to mate
Wolf B2f is running away from: LionB5
Wolf B2 is Hungry
Wolf B2f is chasing: A0m
Wolf B2 f is ready to mate
Wolf C0f is running away from: LionA0
Wolf C0 f is ready to mate
Wolf A2m is running away from: LionB0
Wolf A2 is Hungry
Wolf A2m is chasing: B1m
Wolf A2 m is ready to mate
Wolf A4m is running away from: LionB5
Wolf A4 is Hungry
Wolf A4m is chasing: A0m
Wolf A4 m is ready to mate
Wolf C4f is running away from: LionB5
Rabbit B1m is running away from: LionB1
Rabbit B1m is running away from: WolfC2
Rabbit B1 is Hungry
Rabbit B1m ate
Rabbit B1 m is ready to mate
Not enough female Rabbits or Female Rabbit partners are not ready yet!
Rabbit B1m is running away from: LionB1
Rabbit B1m is running away from: WolfC4
Rabbit B1 m is ready to mate
Not enough female Rabbits or Female Rabbit partners are not ready yet!
Rabbit A2m is running away from: LionC3
Rabbit A2m is running away from: WolfC4
Rabbit A2 is Hungry
Rabbit A2m ate
Rabbit A2 m is ready to mate
Not enough female Rabbits or Female Rabbit partners are not ready yet!
Rabbit A0m is running away from: LionB5
Rabbit A0m is running away from: WolfC0
Rabbit A0 is Hungry
Rabbit A0 m is ready to mate
Not enough female Rabbits or Female Rabbit partners are not ready yet!
Rabbit A1m is running away from: LionA0
Rabbit A1m is running away from: WolfC4
Rabbit A1 m is ready to mate
Not enough female Rabbits or Female Rabbit partners are not ready yet!
Rabbit A2m is running away from: LionA0
Rabbit A2m is running away from: WolfC4
Rabbit A2 is Hungry
Rabbit A2m ate
Rabbit A2 m is ready to mate
Not enough female Rabbits or Female Rabbit partners are not ready yet!
Lion B1 m is ready to mate
Lion A0 f is ready to mate
Lion B5 f is ready to mate
Lion B0 m is ready to mate
Lion C3 f is ready to mate
Wolf B4f is running away from: LionB5
Wolf B4 is Hungry
Wolf B4f is chasing: A0m
Wolf C4f is running away from: LionA0
Wolf C4 is Hungry
Wolf C4f is chasing: A1m
Wolf C4 f is ready to mate
Wolf C2f is running away from: LionB0
Wolf C2 f is ready to mate
Wolf A1f is running away from: LionB5
Wolf A1 is Hungry
Wolf A1f is chasing: A0m
Wolf A1 f is ready to mate
Wolf B2f is running away from: LionB5
Wolf B2 is Hungry
Wolf B2f is chasing: A0m
Wolf B2 f is ready to mate
Wolf C0f is running away from: LionA0
Wolf C0 f is ready to mate
Wolf A2m is running away from: LionB0
Wolf A2 is Hungry
Wolf A2m is chasing: B1m
Wolf A2 m is ready to mate
Wolf A4m is running away from: LionB5
Wolf A4 is Hungry
Wolf A4m is chasing: A0m
Wolf A4 m is ready to mate
Wolf C4f is running away from: LionB5
Rabbit B1m is running away from: LionC3
Rabbit B1m is running away from: WolfC2
Rabbit B1 m is ready to mate
Not enough female Rabbits or Female Rabbit partners are not ready yet!
Rabbit B1m is running away from: LionC3
Rabbit B1m is running away from: WolfC2
Rabbit B1 m is ready to mate
Not enough female Rabbits or Female Rabbit partners are not ready yet!
Rabbit A2m is running away from: LionB1
Rabbit A2m is running away from: WolfC4
Rabbit A2 m is ready to mate
Not enough female Rabbits or Female Rabbit partners are not ready yet!
Rabbit A0m is running away from: LionA0
Rabbit A0m is running away from: WolfB2
Rabbit A0 is Hungry
RabbitA0m died of hunger
Rabbit A0 m is ready to mate
Not enough female Rabbits or Female Rabbit partners are not ready yet!
Rabbit A1m is running away from: LionB0
Rabbit A1m is running away from: WolfC4
Rabbit A1 is Hungry
Rabbit A1m ate
Rabbit A1 m is ready to mate
Not enough female Rabbits or Female Rabbit partners are not ready yet!
Rabbit A2m is running away from: LionB5
Rabbit A2m is running away from: WolfC4
Rabbit A2 m is ready to mate
Not enough female Rabbits or Female Rabbit partners are not ready yet!
Lion B1m ate: A2m
Lion B1 m is ready to mate
Lion B2 m was born!Father is B1 and Mother is C3
Lion A0 f is ready to mate
Lion B5 f is ready to mate
Lion B0 m is ready to mate
Wolf B4f is running away from: LionB5
Wolf B4 is Hungry
Wolf B4f is chasing: A2m
Wolf C4f is running away from: LionB0
Wolf C4 is Hungry
Wolf C4f is chasing: A1m
Wolf C4f ate!
Wolf C4 f is ready to mate
Wolf C2f is running away from: LionB1
Wolf C2 f is ready to mate
Wolf A1f is running away from: LionB5
Wolf A1 is Hungry
Wolf A1f is chasing: A2m
Wolf A1 f is ready to mate
Wolf B2f is running away from: LionB5
Wolf B2 is Hungry
Wolf B2f is chasing: A2m
Wolf B2 f is ready to mate
Wolf C0f is running away from: LionB5
Wolf C0 is Hungry
Wolf C0f is chasing: A2m
Wolf C0 f is ready to mate
Wolf A2m is running away from: LionB1
Wolf A2 is Hungry
Wolf A2m is chasing: B1m
Wolf A2 m is ready to mate
Wolf A4m is running away from: LionB5
Wolf A4 is Hungry
Wolf A4m is chasing: A2m
Wolf A4 m is ready to mate
Wolf C4f is running away from: LionB5
Rabbit B1m is running away from: LionB1
Rabbit B1m is running away from: WolfC2
Rabbit B1 m is ready to mate
Not enough female Rabbits or Female Rabbit partners are not ready yet!
Rabbit B1m is running away from: LionB1
Rabbit B1m is running away from: WolfC2
Rabbit B1 is Hungry
Rabbit B1m ate
Rabbit B1 m is ready to mate
Not enough female Rabbits or Female Rabbit partners are not ready yet!
Rabbit A2m is running away from: LionB1
Rabbit A2m is running away from: WolfC2
Rabbit A2 m is ready to mate
Not enough female Rabbits or Female Rabbit partners are not ready yet!
Rabbit A2m is running away from: LionA0
Rabbit A2m is running away from: WolfC4
Rabbit A2 m is ready to mate
Not enough female Rabbits or Female Rabbit partners are not ready yet!
Lion B1 m is ready to mate
Lion A0 is Hungry
LionA0fis chasing: A2m
Lion A0 f is ready to mate
Lion B5 is Hungry
LionB5fis chasing: A2m
Lion B5 f is ready to mate
Lion B0 is Hungry
LionB0mis chasing: A2m
Lion B0 m is ready to mate
Wolf B4f is running away from: LionB5
Wolf B4 is Hungry
Wolf B4f is chasing: A2m
Wolf C4f is running away from: LionB5
Wolf C4 f is ready to mate
Wolf C2f is running away from: LionB1
Wolf C2 f is ready to mate
Wolf A1f is running away from: LionB5
Wolf A1 is Hungry
Wolf A1f is chasing: A2m
Wolf A1 f is ready to mate
Wolf B2f is running away from: LionB5
Wolf B2 is Hungry
Wolf B2f is chasing: A2m
Wolf B2 f is ready to mate
Wolf C0f is running away from: LionB5
Wolf C0 is Hungry
Wolf C0f is chasing: A2m
Wolf C0 f is ready to mate
Wolf A2m is running away from: LionB1
Wolf A2 is Hungry
Wolf A2m is chasing: B1m
Wolf A2 m is ready to mate
Wolf A4m is running away from: LionB5
Wolf A4 is Hungry
Wolf A4m is chasing: A2m
Wolf A4 m is ready to mate
Wolf C4f is running away from: LionB5
Rabbit B1m is running away from: LionB1
Rabbit B1m is running away from: WolfC2
Rabbit B1 is Hungry
Rabbit B1 m is ready to mate
Not enough female Rabbits or Female Rabbit partners are not ready yet!
Rabbit B1m is running away from: LionB1
Rabbit B1m is running away from: WolfC2
Rabbit B1 m is ready to mate
Not enough female Rabbits or Female Rabbit partners are not ready yet!
Rabbit A2m is running away from: LionB0
Rabbit A2m is running away from: WolfC2
Rabbit A2 is Hungry
Rabbit A2 m is ready to mate
Not enough female Rabbits or Female Rabbit partners are not ready yet!
Rabbit A2m is running away from: LionB5
Rabbit A2m is running away from: WolfC0
Rabbit A2 is Hungry
Rabbit A2m ate
Rabbit A2 m is ready to mate
Not enough female Rabbits or Female Rabbit partners are not ready yet!
Lion B1 m is ready to mate
Lion A0 is Hungry
LionA0fis chasing: A2m
Lion A0 f is ready to mate
Lion B5 is Hungry
LionB5fis chasing: A2m
Lion B5 f is ready to mate
Lion B0 is Hungry
LionB0mis chasing: A2m
Lion B0 m is ready to mate
Wolf B4f is running away from: LionB5
Wolf B4 is Hungry
Wolf B4f is chasing: A2m
Wolf C4f is running away from: LionB5
Wolf C4 f is ready to mate
Wolf C2f is running away from: LionC3
Wolf C2 f is ready to mate
Wolf A1f is running away from: LionB5
Wolf A1 is Hungry
Wolf A1f is chasing: A2m
Wolf A1 f is ready to mate
Wolf B2f is running away from: LionB5
Wolf B2 is Hungry
Wolf B2f is chasing: A2m
Wolf B2 f is ready to mate
Wolf C0f is running away from: LionB5
Wolf C0 is Hungry
Wolf C0f is chasing: A2m
Wolf C0 f is ready to mate
Wolf A2m is running away from: LionC3
Wolf A2 is Hungry
Wolf A2m is chasing: B1m
Wolf A2 m is ready to mate
Wolf A4m is running away from: LionB5
Wolf A4 is Hungry
Wolf A4m is chasing: A2m
Wolf A4 m is ready to mate
Wolf C4f is running away from: LionB5
Wolf C4 is Hungry
Wolf C4f is chasing: A2m
Rabbit B1m is running away from: LionC3
Rabbit B1m is running away from: WolfA2
Rabbit B1 is Hungry
Rabbit B1 m is ready to mate
Not enough female Rabbits or Female Rabbit partners are not ready yet!
Rabbit B1m is running away from: LionC3
Rabbit B1m is running away from: WolfA2
Rabbit B1 m is ready to mate
Not enough female Rabbits or Female Rabbit partners are not ready yet!
Rabbit A2m is running away from: LionB1
Rabbit A2m is running away from: WolfC4
Rabbit A2 is Hungry
Rabbit A2 m is ready to mate
Not enough female Rabbits or Female Rabbit partners are not ready yet!
Rabbit A2m is running away from: LionB5
Rabbit A2m is running away from: WolfC4
Rabbit A2 m is ready to mate
Not enough female Rabbits or Female Rabbit partners are not ready yet!
Lion B1 m is ready to mate
Lion A0 is Hungry
LionA0fis chasing: A2m
Lion A0 f is ready to mate
Lion B5 is Hungry
LionB5fis chasing: A2m
Lion B5 f is ready to mate
Lion B0 is Hungry
LionB0mis chasing: A2m
Lion B0 m is ready to mate
Wolf B4f is running away from: LionB5
Wolf B4 is Hungry
Wolf B4f is chasing: A2m
Wolf B4 is Thirsty
Wolf B4drank water
Wolf C4f is running away from: LionB2
Wolf C4 is Thirsty
Wolf C4drank water
Wolf C4 f is ready to mate
Wolf C2f is running away from: LionC3
Wolf C2 is Thirsty
Wolf C2drank water
Wolf C2 f is ready to mate
Wolf A1f is running away from: LionB5
Wolf A1 is Hungry
Wolf A1f is chasing: A2m
Wolf A1 is Thirsty
Wolf A1drank water
Wolf A1 f is ready to mate
Wolf B2f is running away from: LionB5
Wolf B2 is Hungry
Wolf B2f is chasing: A2m
Wolf B2 is Thirsty
Wolf B2drank water
Wolf B2 f is ready to mate
Wolf C0f is running away from: LionB5
Wolf C0 is Hungry
Wolf C0f is chasing: A2m
Wolf C0 is Thirsty
Wolf C0drank water
Wolf C0 f is ready to mate
Wolf A2m is running away from: LionC3
Wolf A2 is Hungry
Wolf A2m is chasing: B1m
Wolf A2 is Thirsty
Wolf A2drank water
Wolf A2 m is ready to mate
Wolf B0 m was born! Father is A2 and Mother is C2
Wolf A4m is running away from: LionB5
Wolf A4 is Hungry
Wolf A4m is chasing: A2m
Wolf A4 is Thirsty
Wolf A4drank water
Wolf A4 m is ready to mate
Wolf C4f is running away from: LionB5
Wolf C4 is Hungry
Wolf C4f is chasing: A2m
Rabbit B1 is Thirsty
Rabbit B1 drank water
Rabbit B1m is running away from: LionC3
Rabbit B1m is running away from: WolfA2
Rabbit B1 is Hungry
RabbitB1m died of hunger
Rabbit B1 m is ready to mate
Not enough female Rabbits or Female Rabbit partners are not ready yet!
Rabbit B1 is Thirsty
Rabbit B1 drank water
Rabbit B1m is running away from: LionC3
Rabbit B1m is running away from: WolfA2
Rabbit B1 is Hungry
Rabbit B1 m is ready to mate
Not enough female Rabbits or Female Rabbit partners are not ready yet!
Rabbit A2 is Thirsty
Rabbit A2 drank water
Rabbit A2m is running away from: LionB1
Rabbit A2m is running away from: WolfC4
Rabbit A2 is Hungry
RabbitA2m died of hunger
Rabbit A2 m is ready to mate
Not enough female Rabbits or Female Rabbit partners are not ready yet!
Rabbit A2 is Thirsty
Rabbit A2 drank water
Rabbit A2m is running away from: LionB5
Rabbit A2m is running away from: WolfC0
Rabbit A2 m is ready to mate
Not enough female Rabbits or Female Rabbit partners are not ready yet!
Lion B1 is Thirsty
Lion B1 drank water
Lion B1 m is ready to mate
Lion A0 is Thirsty
Lion A0 drank water
Lion A0 is Hungry
LionA0fis chasing: B1m
Lion A0 f is ready to mate
Lion B5 is Thirsty
Lion B5 drank water
Lion B5 is Hungry
LionB5fis chasing: A2m
Lion B5 f is ready to mate
Lion B0 is Thirsty
Lion B0 drank water
Lion B0 is Hungry
LionB0mis chasing: B1m
Lion B0 m is ready to mate
Lion C3 is Thirsty
Lion C3 drank water
Wolf B4f is running away from: LionB5
Wolf B4 is Hungry
Wolf B4f is chasing: A2m
Wolf B4 is Thirsty
Wolf B4drank water
Wolf C4f is running away from: LionB2
Wolf C4 is Thirsty
Wolf C4drank water
Wolf C4 f is ready to mate
Wolf C2f is running away from: LionC3
Wolf C2 is Thirsty
Wolf C2drank water
Wolf A1f is running away from: LionB5
Wolf A1 is Hungry
Wolf A1f is chasing: A2m
Wolf A1 is Thirsty
Wolf A1drank water
Wolf A1 f is ready to mate
Wolf B2f is running away from: LionB5
Wolf B2 is Hungry
Wolf B2f is chasing: A2m
Wolf B2 is Thirsty
Wolf B2drank water
Wolf B2 f is ready to mate
Wolf C0f is running away from: LionB5
Wolf C0 is Hungry
Wolf C0f is chasing: A2m
Wolf C0 is Thirsty
Wolf C0drank water
Wolf C0 f is ready to mate
Wolf A2m is running away from: LionC3
Wolf A2 is Hungry
Wolf A2m is chasing: B1m
Wolf A2 is Thirsty
Wolf A2drank water
Wolf A2 m is ready to mate
Wolf A4m is running away from: LionB5
Wolf A4 is Hungry
Wolf A4m is chasing: A2m
Wolf A4 is Thirsty
Wolf A4drank water
Wolf A4 m is ready to mate
Wolf A4 f was born! Father is A4 and Mother is C0
Wolf C4f is running away from: LionB5
Wolf C4 is Hungry
Wolf C4f is chasing: A2m
Wolf B0m is running away from: LionC3
Rabbit B1 is Thirsty
Rabbit B1 drank water
Rabbit B1m is running away from: LionC3
Rabbit B1m is running away from: WolfA2
Rabbit B1 is Hungry
Rabbit B1m ate
Rabbit B1 m is ready to mate
Not enough female Rabbits or Female Rabbit partners are not ready yet!
Rabbit A2 is Thirsty
Rabbit A2 drank water
Rabbit A2m is running away from: LionB5
Rabbit A2m is running away from: WolfC4
Rabbit A2 is Hungry
Rabbit A2m ate
Rabbit A2 m is ready to mate
Not enough female Rabbits or Female Rabbit partners are not ready yet!
Lion B1 is Thirsty
Lion B1 drank water
Lion B1 m is ready to mate
Lion A0 is Thirsty
Lion A0 drank water
Lion A0 is Hungry
LionA0fis chasing: B1m
Lion A0 f is ready to mate
Lion B5 is Thirsty
Lion B5 drank water
Lion B5 is Hungry
LionB5fis chasing: A2m
Lion B5 f is ready to mate
Lion B0 is Thirsty
Lion B0 drank water
Lion B0 is Hungry
LionB0mis chasing: B1m
Lion B0 m is ready to mate
Lion C3 is Thirsty
Lion C3 drank water
Wolf B4f is running away from: LionB5
Wolf B4 is Hungry
Wolf B4f is chasing: A2m
Wolf B4 is Thirsty
Wolf B4drank water
Wolf C4f is running away from: LionC3
Wolf C4 is Thirsty
Wolf C4drank water
Wolf C4 f is ready to mate
Wolf C2f is running away from: LionC3
Wolf C2 is Thirsty
Wolf C2drank water
Wolf A1f is running away from: LionB5
Wolf A1 is Hungry
Wolf A1f is chasing: A2m
Wolf A1 is Thirsty
Wolf A1drank water
Wolf A1 f is ready to mate
Wolf B2f is running away from: LionB5
Wolf B2 is Hungry
Wolf B2f is chasing: A2m
Wolf B2 is Thirsty
Wolf B2drank water
Wolf B2 f is ready to mate
Wolf C0f is running away from: LionB5
Wolf C0 is Hungry
Wolf C0f is chasing: A2m
Wolf A2m is running away from: LionC3
Wolf A2 is Hungry
Wolf A2m is chasing: B1m
Wolf A2 is Thirsty
Wolf A2drank water
Wolf A2 m is ready to mate
Wolf A4m is running away from: LionB5
Wolf A4 is Hungry
Wolf A4m is chasing: A2m
Wolf A4 m is ready to mate
Wolf C3 m was born! Father is A4 and Mother is A1
Wolf C4f is running away from: LionB5
Wolf C4 is Hungry
Wolf C4f is chasing: A2m
Wolf B0m is running away from: LionC3
Wolf A4f is running away from: LionB5
Rabbit B1 is Thirsty
Rabbit B1 drank water
Rabbit B1m is running away from: LionC3
Rabbit B1m is running away from: WolfA2
Rabbit B1 m is ready to mate
Not enough female Rabbits or Female Rabbit partners are not ready yet!
Rabbit A2 is Thirsty
Rabbit A2 drank water
Rabbit A2m is running away from: LionB5
Rabbit A2m is running away from: WolfA4
Rabbit A2 m is ready to mate
Not enough female Rabbits or Female Rabbit partners are not ready yet!
Lion B1 is Thirsty
Lion B1 drank water
Lion B1 m is ready to mate
Lion A0 is Thirsty
Lion A0 drank water
Lion A0 is Hungry
LionA0fis chasing: A2m
Lion A0 f is ready to mate
Lion B5 is Thirsty
Lion B5 drank water
Lion B5 is Hungry
LionB5fis chasing: A2m
Lion B5 f is ready to mate
Lion B0 is Hungry
LionB0mis chasing: B1m
Lion B0 m is ready to mate
Lion C3 is Thirsty
Lion C3 drank water
Wolf B4f is running away from: LionB5
Wolf B4 is Hungry
Wolf B4f is chasing: A2m
Wolf B4 is Thirsty
Wolf B4drank water
Wolf C4f is running away from: LionC3
Wolf C4 is Thirsty
Wolf C4drank water
Wolf C4 f is ready to mate
Wolf C2f is running away from: LionC3
Wolf C2 is Thirsty
Wolf C2drank water
Wolf A1f is running away from: LionB5
Wolf A1 is Hungry
Wolf A1f is chasing: A2m
Wolf A1 is Thirsty
Wolf A1drank water
Wolf B2f is running away from: LionB5
Wolf B2 is Hungry
Wolf B2f is chasing: A2m
Wolf B2 is Thirsty
Wolf B2drank water
Wolf B2 f is ready to mate
Wolf C0f is running away from: LionB5
Wolf C0 is Hungry
Wolf C0f is chasing: A2m
Wolf A2m is running away from: LionC3
Wolf A2 is Hungry
Wolf A2m is chasing: B1m
Wolf A2 is Thirsty
Wolf A2drank water
Wolf A2 m is ready to mate
Wolf A4m is running away from: LionB5
Wolf A4 is Hungry
Wolf A4m is chasing: A2m
Wolf A4 m is ready to mate
Wolf C4f is running away from: LionB5
Wolf C4 is Hungry
Wolf C4f is chasing: A2m
Wolf B0m is running away from: LionC3
Wolf A4f is running away from: LionB5
Wolf C3m is running away from: LionB5
Rabbit B1 is Thirsty
Rabbit B1 drank water
Rabbit B1m is running away from: LionC3
Rabbit B1m is running away from: WolfA2
Rabbit B1 m is ready to mate
Not enough female Rabbits or Female Rabbit partners are not ready yet!
Rabbit A2 is Thirsty
Rabbit A2 drank water
Rabbit A2m is running away from: LionA0
Rabbit A2m is running away from: WolfC4
Rabbit A2 m is ready to mate
Not enough female Rabbits or Female Rabbit partners are not ready yet!
Lion B1 is Thirsty
Lion B1 drank water
Lion B1 m is ready to mate
Lion A0 is Thirsty
Lion A0 drank water
Lion A0 is Hungry
LionA0fis chasing: C4f
Lion A0 f is ready to mate
Lion B5 is Thirsty
Lion B5 drank water
Lion B5 is Hungry
LionB5fis chasing: A2m
Lion B5 f is ready to mate
Lion B0 is Hungry
LionB0mis chasing: B1m
Lion B0 m is ready to mate
Lion C3 is Thirsty
Lion C3 drank water
Wolf B4f is running away from: LionB5
Wolf B4 is Hungry
Wolf B4f is chasing: A2m
Wolf C4f is running away from: LionA0
Wolf C4 is Thirsty
Wolf C4drank water
Wolf C4 f is ready to mate
Wolf C2f is running away from: LionC3
Wolf C2 is Thirsty
Wolf C2drank water
Wolf A1f is running away from: LionB5
Wolf A1 is Hungry
Wolf A1f is chasing: A2m
Wolf B2f is running away from: LionB5
Wolf B2 is Hungry
Wolf B2f is chasing: A2m
Wolf B2 is Thirsty
Wolf B2drank water
Wolf B2 f is ready to mate
Wolf C0f is running away from: LionB5
Wolf C0 is Hungry
Wolf C0f is chasing: A2m
Wolf A2m is running away from: LionC3
Wolf A2 is Hungry
Wolf A2m is chasing: B1m
Wolf A2 is Thirsty
Wolf A2drank water
Wolf A2 m is ready to mate
Wolf A4m is running away from: LionB5
Wolf A4 is Hungry
Wolf A4m is chasing: A2m
Wolf A4 m is ready to mate
Wolf C4f is running away from: LionB5
Wolf C4 is Hungry
Wolf C4f is chasing: A2m
Wolf B0m is running away from: LionC3
Wolf A4f is running away from: LionB5
Wolf C3m is running away from: LionB5
Rabbit B1 is Thirsty
Rabbit B1 drank water
Rabbit B1m is running away from: LionB1
Rabbit B1m is running away from: WolfA2
Rabbit B1 is Hungry
Rabbit B1m ate
Rabbit B1 m is ready to mate
Not enough female Rabbits or Female Rabbit partners are not ready yet!
Rabbit A2 is Thirsty
Rabbit A2 drank water
Rabbit A2m is running away from: LionB5
Rabbit A2m is running away from: WolfC4
Rabbit A2 is Hungry
Rabbit A2m ate
Rabbit A2 m is ready to mate
Not enough female Rabbits or Female Rabbit partners are not ready yet!
Lion B1 m is ready to mate
Lion A0 is Thirsty
Lion A0 drank water
Lion A0 is Hungry
LionA0fis chasing: C4f
Lion A0 f is ready to mate
Lion B5 is Thirsty
Lion B5 drank water
Lion B5 is Hungry
LionB5fis chasing: A2m
Lion B5 f is ready to mate
Lion B0 is Hungry
LionB0mis chasing: B1m
Lion B0 m is ready to mate
Lion C3 is Thirsty
Lion C3 drank water
Wolf B4f is running away from: LionB5
Wolf B4 is Hungry
WolfB4f died of hunger
Wolf B4f is chasing: A2m
Wolf C4f is running away from: LionA0
Wolf C4 is Thirsty
Wolf C4drank water
Wolf C4 f is ready to mate
Wolf C2f is running away from: LionC3
Wolf C2 is Thirsty
Wolf C2drank water
Wolf A1f is running away from: LionB5
Wolf A1 is Hungry
WolfA1f died of hunger
Wolf A1f is chasing: A2m
Wolf B2f is running away from: LionB5
Wolf B2 is Hungry
WolfB2f died of hunger
Wolf B2f is chasing: A2m
Wolf B2 is Thirsty
Wolf B2drank water
Wolf B2 f is ready to mate
Wolf C0f is running away from: LionB5
Wolf C0 is Hungry
Wolf C0f is chasing: A2m
Wolf A2m is running away from: LionC3
Wolf A2 is Hungry
WolfA2m died of hunger
Wolf A2m is chasing: B1m
Wolf A2 is Thirsty
Wolf A2drank water
Wolf A2 m is ready to mate
Wolf A4m is running away from: LionB5
Wolf A4 is Hungry
WolfA4m died of hunger
Wolf A4m is chasing: A2m
Wolf A4 m is ready to mate
Wolf C4f is running away from: LionB5
Wolf C4 is Hungry
Wolf C4f is chasing: A2m
Wolf B0m is running away from: LionC3
Wolf A4f is running away from: LionB5
Wolf C3m is running away from: LionB5
Rabbit B1 is Thirsty
Rabbit B1 drank water
Rabbit B1m is running away from: LionB2
Rabbit B1m is running away from: WolfC2
Rabbit B1 m is ready to mate
Not enough female Rabbits or Female Rabbit partners are not ready yet!
Rabbit A2 is Thirsty
Rabbit A2 drank water
Rabbit A2m is running away from: LionB5
Rabbit A2m is running away from: WolfC0
Rabbit A2 m is ready to mate
Not enough female Rabbits or Female Rabbit partners are not ready yet!
Lion B1 m is ready to mate
Lion A0 is Hungry
LionA0fis chasing: C4f
Lion A0 f is ready to mate
Lion B5 is Thirsty
Lion B5 drank water
Lion B5 is Hungry
LionB5fis chasing: A2m
Lion B5 f is ready to mate
Lion B0 is Hungry
LionB0mis chasing: B1m
Lion B0 m is ready to mate
Lion C3 is Thirsty
Lion C3 drank water
Wolf C4f is running away from: LionA0
Wolf C4 is Thirsty
Wolf C4drank water
Wolf C4 f is ready to mate
Wolf C2f is running away from: LionC3
Wolf C2 is Thirsty
Wolf C2drank water
Wolf C0f is running away from: LionB5
Wolf C0 is Hungry
Wolf C0f is chasing: A2m
Wolf C4f is running away from: LionB5
Wolf C4 is Hungry
Wolf C4f is chasing: A2m
Wolf C4 is Thirsty
Wolf C4drank water
Wolf B0m is running away from: LionC3
Wolf A4f is running away from: LionB5
Wolf C3m is running away from: LionB5
Rabbit B1 is Thirsty
Rabbit B1 drank water
Rabbit B1m is running away from: LionB1
Rabbit B1m is running away from: WolfC2
Rabbit B1 m is ready to mate
Not enough female Rabbits or Female Rabbit partners are not ready yet!
Rabbit A2 is Thirsty
Rabbit A2 drank water
Rabbit A2m is running away from: LionB5
Rabbit A2m is running away from: WolfC4
Rabbit A2 m is ready to mate
Not enough female Rabbits or Female Rabbit partners are not ready yet!
Lion B1 m is ready to mate
Lion A0 is Hungry
LionA0fis chasing: C4f
Lion A0 f is ready to mate
Lion B5 is Thirsty
Lion B5 drank water
Lion B5 is Hungry
LionB5fis chasing: A2m
Lion B5 f is ready to mate
Lion B0 is Hungry
LionB0mis chasing: B1m
Lion B0 m is ready to mate
Lion C3 is Thirsty
Lion C3 drank water
Wolf C4f is running away from: LionA0
Wolf C4 is Thirsty
Wolf C4drank water
Wolf C4 f is ready to mate
Wolf C2f is running away from: LionC3
Wolf C2 is Thirsty
Wolf C2drank water
Wolf C0f is running away from: LionB5
Wolf C0 is Hungry
Wolf C0f is chasing: A2m
Wolf C4f is running away from: LionB5
Wolf C4 is Hungry
Wolf C4f is chasing: A2m
Wolf C4 is Thirsty
Wolf C4drank water
Wolf B0m is running away from: LionC3
Wolf A4f is running away from: LionB5
Wolf C3m is running away from: LionB5
Rabbit B1 is Thirsty
Rabbit B1 drank water
Rabbit B1m is running away from: LionB1
Rabbit B1m is running away from: WolfC4
Rabbit B1 is Hungry
Rabbit B1m ate
Rabbit B1 m is ready to mate
Not enough female Rabbits or Female Rabbit partners are not ready yet!
Rabbit A2 is Thirsty
Rabbit A2 drank water
Rabbit A2m is running away from: LionB5
Rabbit A2m is running away from: WolfC0
Rabbit A2 is Hungry
Rabbit A2m ate
Rabbit A2 m is ready to mate
Not enough female Rabbits or Female Rabbit partners are not ready yet!
Lion B1 m is ready to mate
Lion A0 is Hungry
LionA0fis chasing: C4f
Lion A0 f is ready to mate
Lion B5 is Thirsty
Lion B5 drank water
Lion B5 is Hungry
LionB5fis chasing: A2m
Lion B5 f is ready to mate
Lion B0 is Hungry
LionB0mis chasing: B1m
Lion B0 m is ready to mate
Lion C3 is Thirsty
Lion C3 drank water
Wolf C4f is running away from: LionA0
Wolf C4 is Thirsty
Wolf C4drank water
Wolf C4 f is ready to mate
Wolf C2f is running away from: LionC3
Wolf C2 is Hungry
Wolf C2f is chasing: B1m
Wolf C2 is Thirsty
Wolf C2drank water
Wolf C0f is running away from: LionB5
Wolf C0 is Hungry
Wolf C0f is chasing: A2m
Wolf C4f is running away from: LionB5
Wolf C4 is Hungry
Wolf C4f is chasing: A2m
Wolf C4 is Thirsty
Wolf C4drank water
Wolf B0m is running away from: LionC3
Wolf A4f is running away from: LionB5
Wolf C3m is running away from: LionB5
Rabbit B1 is Thirsty
Rabbit B1 drank water
Rabbit B1m is running away from: LionB1
Rabbit B1m is running away from: WolfC2
Rabbit B1 m is ready to mate
Not enough female Rabbits or Female Rabbit partners are not ready yet!
Rabbit A2 is Thirsty
Rabbit A2 drank water
Rabbit A2m is running away from: LionB5
Rabbit A2m is running away from: WolfC4
Rabbit A2 m is ready to mate
Not enough female Rabbits or Female Rabbit partners are not ready yet!
Lion B1 m is ready to mate
Lion A0 is Hungry
LionA0fis chasing: C4f
Lion A0 f is ready to mate
Lion B5 is Thirsty
Lion B5 drank water
Lion B5 is Hungry
LionB5fis chasing: A2m
Lion B5 f is ready to mate
Lion B0 is Hungry
LionB0mis chasing: B1m
Lion B0 m is ready to mate
Lion C3 is Thirsty
Lion C3 drank water
Wolf C4f is running away from: LionA0
Wolf C4 is Thirsty
Wolf C4drank water
Wolf C4 f is ready to mate
Wolf C2f is running away from: LionC3
Wolf C2 is Hungry
Wolf C2f is chasing: B1m
Wolf C2 is Thirsty
Wolf C2drank water
Wolf C0f is running away from: LionB5
Wolf C0 is Hungry
WolfC0f died of hunger
Wolf C0f is chasing: A2m
Wolf C4f is running away from: LionB5
Wolf C4 is Hungry
Wolf C4f is chasing: A2m
Wolf C4 is Thirsty
Wolf C4drank water
Wolf B0m is running away from: LionC3
Wolf A4f is running away from: LionB5
Wolf C3m is running away from: LionB5
Rabbit B1 is Thirsty
Rabbit B1 drank water
Rabbit B1m is running away from: LionB1
Rabbit B1m is running away from: WolfC4
Rabbit B1 m is ready to mate
Not enough female Rabbits or Female Rabbit partners are not ready yet!
Rabbit A2 is Thirsty
Rabbit A2 drank water
Rabbit A2m is running away from: LionB5
Rabbit A2m is running away from: WolfC4
Rabbit A2 m is ready to mate
Not enough female Rabbits or Female Rabbit partners are not ready yet!
Lion B1 m is ready to mate
Lion A0 is Hungry
LionA0fis chasing: C4f
Lion A0 f is ready to mate
Lion B5 is Thirsty
Lion B5 drank water
Lion B5 is Hungry
LionB5fis chasing: A2m
Lion B5 f is ready to mate
Lion B0 is Hungry
LionB0mis chasing: B1m
Lion B0 m is ready to mate
Wolf C4f is running away from: LionA0
Wolf C4 is Hungry
Wolf C4f is chasing: A2m
Wolf C4 is Thirsty
Wolf C4drank water
Wolf C4 f is ready to mate
Wolf C2f is running away from: LionC3
Wolf C2 is Hungry
Wolf C2f is chasing: B1m
Wolf C2 is Thirsty
Wolf C2drank water
Wolf C4f is running away from: LionB5
Wolf C4 is Hungry
Wolf C4f is chasing: A2m
Wolf C4 is Thirsty
Wolf C4drank water
Wolf B0m is running away from: LionC3
Wolf A4f is running away from: LionB5
Wolf C3m is running away from: LionB5
Rabbit B1 is Thirsty
Rabbit B1 drank water
Rabbit B1m is running away from: LionB1
Rabbit B1m is running away from: WolfC2
Rabbit B1 is Hungry
Rabbit B1m ate
Rabbit B1 m is ready to mate
Not enough female Rabbits or Female Rabbit partners are not ready yet!
Rabbit A2 is Thirsty
Rabbit A2 drank water
Rabbit A2m is running away from: LionB5
Rabbit A2m is running away from: WolfC4
Rabbit A2 is Hungry
Rabbit A2m ate
Rabbit A2 m is ready to mate
Not enough female Rabbits or Female Rabbit partners are not ready yet!
Lion B1 m is ready to mate
Lion A0 is Hungry
LionA0fis chasing: C4f
Lion A0 f is ready to mate
Lion B5 is Thirsty
Lion B5 drank water
Lion B5 is Hungry
LionB5fis chasing: A2m
Lion B5 f is ready to mate
Lion B0 is Hungry
LionB0mis chasing: B1m
Lion B0 m is ready to mate
Wolf C4f is running away from: LionA0
Wolf C4 is Hungry
Wolf C4f is chasing: A2m
Wolf C4 is Thirsty
Wolf C4drank water
Wolf C4 f is ready to mate
Wolf C2f is running away from: LionC3
Wolf C2 is Hungry
Wolf C2f is chasing: B1m
Wolf C2 is Thirsty
Wolf C2drank water
Wolf C4f is running away from: LionB5
Wolf C4 is Hungry
WolfC4f died of hunger
Wolf C4f is chasing: A2m
Wolf C4 is Thirsty
Wolf C4drank water
Wolf C4 f is ready to mate
Wolf B0m is running away from: LionC3
Wolf A4f is running away from: LionB5
Wolf C3m is running away from: LionB5
Rabbit B1 is Thirsty
Rabbit B1 drank water
Rabbit B1m is running away from: LionB0
Rabbit B1m is running away from: WolfC2
Rabbit B1 m is ready to mate
Not enough female Rabbits or Female Rabbit partners are not ready yet!
Rabbit A2 is Thirsty
Rabbit A2 drank water
Rabbit A2m is running away from: LionB5
Rabbit A2m is running away from: WolfC4
Rabbit A2 m is ready to mate
Not enough female Rabbits or Female Rabbit partners are not ready yet!
Lion B1 m is ready to mate
Lion A0 is Hungry
LionA0fis chasing: C4f
Lion A0 f is ready to mate
Lion B5 is Thirsty
Lion B5 drank water
Lion B5 is Hungry
LionB5fis chasing: A2m
Lion B5 f is ready to mate
Lion B0 is Hungry
LionB0mis chasing: B1m
Lion B0 m is ready to mate
Lion C3 is Hungry
LionC3fis chasing: C2f
Wolf C4f is running away from: LionA0
Wolf C4 is Hungry
Wolf C4f is chasing: A2m
Wolf C4 is Thirsty
Wolf C4drank water
Wolf C4 f is ready to mate
Wolf C2f is running away from: LionC3
Wolf C2 is Hungry
Wolf C2f is chasing: B1m
Wolf C2 is Thirsty
Wolf C2drank water
Wolf B0m is running away from: LionC3
Wolf A4f is running away from: LionB5
Wolf C3m is running away from: LionB5
Rabbit B1 is Thirsty
Rabbit B1 drank water
Rabbit B1m is running away from: LionB0
Rabbit B1m is running away from: WolfC2
Rabbit B1 m is ready to mate
Not enough female Rabbits or Female Rabbit partners are not ready yet!
Rabbit A2 is Thirsty
Rabbit A2 drank water
Rabbit A2m is running away from: LionB5
Rabbit A2m is running away from: WolfC4
Rabbit A2 m is ready to mate
Not enough female Rabbits or Female Rabbit partners are not ready yet!
Lion B1 m is ready to mate
Lion A0 is Hungry
LionA0fis chasing: C4f
Lion A0 f is ready to mate
Lion B5 is Thirsty
Lion B5 drank water
Lion B5 is Hungry
LionB5fis chasing: A2m
Lion B5 f is ready to mate
Lion B0 is Hungry
LionB0mis chasing: B1m
Lion B0 m is ready to mate
Lion C3 is Hungry
LionC3fis chasing: C2f
Wolf C4f is running away from: LionA0
Wolf C4 is Hungry
Wolf C4f is chasing: A2m
Wolf C4 is Thirsty
Wolf C4drank water
Wolf C4 f is ready to mate
Wolf C2f is running away from: LionC3
Wolf C2 is Hungry
Wolf C2f is chasing: B1m
Wolf B0m is running away from: LionC3
Wolf B0 is Hungry
Wolf B0m is chasing: B1m
Wolf A4f is running away from: LionB5
Wolf C3m is running away from: LionB5
Rabbit B1 is Thirsty
Rabbit B1 drank water
Rabbit B1m is running away from: LionB0
Rabbit B1m is running away from: WolfC2
Rabbit B1 is Hungry
Rabbit B1 m is ready to mate
Not enough female Rabbits or Female Rabbit partners are not ready yet!
Rabbit A2 is Thirsty
Rabbit A2 drank water
Rabbit A2m is running away from: LionB5
Rabbit A2m is running away from: WolfC4
Rabbit A2 is Hungry
Rabbit A2m ate
Rabbit A2 m is ready to mate
Not enough female Rabbits or Female Rabbit partners are not ready yet!
Lion B1 is Hungry
LionB1mis chasing: B1m
Lion B1 m is ready to mate
Lion A0 is Hungry
LionA0fis chasing: C4f
Lion A0 f is ready to mate
Lion B5 is Thirsty
Lion B5 drank water
Lion B5 is Hungry
LionB5fis chasing: A2m
Lion B5 f is ready to mate
Lion B0 is Hungry
LionB0mis chasing: B1m
Lion B0 m is ready to mate
Lion C3 is Hungry
LionC3fis chasing: C2f
Lion B2 is Hungry
LionB2mis chasing: C4f
Wolf C4f is running away from: LionA0
Wolf C4 is Hungry
Wolf C4f is chasing: A2m
Wolf C4 is Thirsty
Wolf C4drank water
Wolf C4 f is ready to mate
Wolf C2f is running away from: LionC3
Wolf C2 is Hungry
Wolf C2f is chasing: B1m
Wolf B0m is running away from: LionC3
Wolf B0 is Hungry
Wolf B0m is chasing: B1m
Wolf A4f is running away from: LionB5
Wolf A4 is Hungry
Wolf A4f is chasing: A2m
Wolf C3m is running away from: LionB5
Rabbit B1 is Thirsty
Rabbit B1 drank water
Rabbit B1m is running away from: LionB0
Rabbit B1m is running away from: WolfC2
Rabbit B1 is Hungry
Rabbit B1 m is ready to mate
Not enough female Rabbits or Female Rabbit partners are not ready yet!
Rabbit A2 is Thirsty
Rabbit A2 drank water
Rabbit A2m is running away from: LionB5
Rabbit A2m is running away from: WolfC4
Rabbit A2 m is ready to mate
Not enough female Rabbits or Female Rabbit partners are not ready yet!
Lion B1 is Hungry
LionB1mis chasing: C4f
Lion B1 m is ready to mate
Lion A0 is Hungry
LionA0f died of hunger
LionA0fis chasing: C4f
Lion A0 f is ready to mate
Lion B5 is Thirsty
Lion B5 drank water
Lion B5 is Hungry
LionB5f died of hunger
LionB5fis chasing: A2m
Lion B5 f is ready to mate
Lion B0 is Hungry
LionB0m died of hunger
LionB0mis chasing: B1m
Lion B0 m is ready to mate
No Female Lion Partner or Female Lion partners are not ready to mate Yet!
Lion C3 is Hungry
LionC3fis chasing: C2f
Lion B2 is Hungry
LionB2mis chasing: C4f
Wolf C4f is running away from: LionB2
Wolf C4 is Hungry
Wolf C4f is chasing: A2m
Wolf C4 f is ready to mate
Wolf C2f is running away from: LionC3
Wolf C2 is Hungry
Wolf C2f is chasing: B1m
Wolf B0m is running away from: LionC3
Wolf B0 is Hungry
Wolf B0m is chasing: B1m
Wolf A4f is running away from: LionB2
Wolf A4 is Hungry
Wolf A4f is chasing: A2m
Wolf C3m is running away from: LionB2
Wolf C3 is Hungry
Wolf C3m is chasing: A2m
Rabbit B1 is Thirsty
Rabbit B1 drank water
Rabbit B1m is running away from: LionB1
Rabbit B1m is running away from: WolfC2
Rabbit B1 is Hungry
RabbitB1m died of hunger
Rabbit B1 m is ready to mate
Not enough female Rabbits or Female Rabbit partners are not ready yet!
Rabbit A2 is Thirsty
Rabbit A2 drank water
Rabbit A2m is running away from: LionB2
Rabbit A2m is running away from: WolfC4
Rabbit A2 m is ready to mate
Not enough female Rabbits or Female Rabbit partners are not ready yet!
Lion B1 is Hungry
LionB1mis chasing: C4f
Lion B1 m is ready to mate
No Female Lion Partner or Female Lion partners are not ready to mate Yet!
Lion C3 is Hungry
LionC3fis chasing: C2f
Lion B2 is Hungry
LionB2mis chasing: C4f
Wolf C4f is running away from: LionB2
Wolf C4 is Hungry
Wolf C4f is chasing: A2m
Wolf C4 f is ready to mate
Wolf C2f is running away from: LionC3
Wolf C2 is Hungry
Wolf C2f is chasing: A2m
Wolf B0m is running away from: LionC3
Wolf B0 is Hungry
Wolf B0m is chasing: A2m
Wolf A4f is running away from: LionB2
Wolf A4 is Hungry
Wolf A4f is chasing: A2m
Wolf C3m is running away from: LionB2
Wolf C3 is Hungry
Wolf C3m is chasing: A2m
Rabbit A2 is Thirsty
Rabbit A2 drank water
Rabbit A2m is running away from: LionB2
Rabbit A2m is running away from: WolfC4
Rabbit A2 is Hungry
Rabbit A2m ate
Rabbit A2 m is ready to mate
Not enough female Rabbits or Female Rabbit partners are not ready yet!
Lion B1 is Hungry
LionB1mis chasing: C4f
Lion B1 m is ready to mate
No Female Lion Partner or Female Lion partners are not ready to mate Yet!
Lion C3 is Hungry
LionC3fis chasing: C2f
Lion B2 is Thirsty
Lion B2 drank water
Lion B2 is Hungry
LionB2mis chasing: C4f
Wolf C4f is running away from: LionB2
Wolf C4 is Hungry
Wolf C4f is chasing: A2m
Wolf C4 f is ready to mate
Wolf C2f is running away from: LionC3
Wolf C2 is Hungry
Wolf C2f is chasing: A2m
Wolf B0m is running away from: LionC3
Wolf B0 is Hungry
Wolf B0m is chasing: A2m
Wolf A4f is running away from: LionB2
Wolf A4 is Hungry
Wolf A4f is chasing: A2m
Wolf C3m is running away from: LionB2
Wolf C3 is Hungry
Wolf C3m is chasing: A2m
Rabbit A2 is Thirsty
Rabbit A2 drank water
Rabbit A2m is running away from: LionB2
Rabbit A2m is running away from: WolfC4
Rabbit A2 m is ready to mate
Not enough female Rabbits or Female Rabbit partners are not ready yet!
Lion B1 is Hungry
LionB1mis chasing: C4f
Lion B1 m is ready to mate
No Female Lion Partner or Female Lion partners are not ready to mate Yet!
Lion C3 is Hungry
LionC3fis chasing: C2f
Lion B2 is Thirsty
Lion B2 drank water
Lion B2 is Hungry
LionB2mis chasing: C4f
Wolf C4f is running away from: LionB2
Wolf C4 is Hungry
Wolf C4f is chasing: A2m
Wolf C4 f is ready to mate
Wolf C2f is running away from: LionC3
Wolf C2 is Hungry
Wolf C2f is chasing: A2m
Wolf B0m is running away from: LionC3
Wolf B0 is Hungry
Wolf B0m is chasing: A2m
Wolf A4f is running away from: LionB2
Wolf A4 is Hungry
Wolf A4f is chasing: A2m
Wolf C3m is running away from: LionB2
Wolf C3 is Hungry
Wolf C3m is chasing: A2m
Rabbit A2 is Thirsty
Rabbit A2 drank water
Rabbit A2m is running away from: LionB2
Rabbit A2m is running away from: WolfC4
Rabbit A2 m is ready to mate
Not enough female Rabbits or Female Rabbit partners are not ready yet!
Lion B1 is Hungry
LionB1mis chasing: C4f
Lion B1 m is ready to mate
No Female Lion Partner or Female Lion partners are not ready to mate Yet!
Lion C3 is Hungry
LionC3fis chasing: C2f
Lion B2 is Hungry
LionB2mis chasing: C4f
Wolf C4f is running away from: LionB2
Wolf C4 is Hungry
Wolf C4f is chasing: A2m
Wolf C4 f is ready to mate
Wolf C2f is running away from: LionC3
Wolf C2 is Hungry
Wolf C2f is chasing: A2m
Wolf B0m is running away from: LionC3
Wolf B0 is Hungry
Wolf B0m is chasing: A2m
Wolf A4f is running away from: LionB2
Wolf A4 is Hungry
Wolf A4f is chasing: A2m
Wolf C3m is running away from: LionB2
Wolf C3 is Hungry
Wolf C3m is chasing: A2m
Rabbit A2 is Thirsty
Rabbit A2 drank water
Rabbit A2m is running away from: LionB2
Rabbit A2m is running away from: WolfC4
Rabbit A2 is Hungry
Rabbit A2m ate
Rabbit A2 m is ready to mate
Not enough female Rabbits or Female Rabbit partners are not ready yet!
Lion B1 is Hungry
LionB1mis chasing: C4f
Lion B1 m is ready to mate
No Female Lion Partner or Female Lion partners are not ready to mate Yet!
Lion C3 is Hungry
LionC3fis chasing: C2f
Lion B2 is Hungry
LionB2mis chasing: C4f
Wolf C4f is running away from: LionB2
Wolf C4 is Hungry
Wolf C4f is chasing: A2m
Wolf C4 f is ready to mate
Wolf C2f is running away from: LionC3
Wolf C2 is Hungry
WolfC2f died of hunger
Wolf C2f is chasing: A2m
Wolf B0m is running away from: LionC3
Wolf B0 is Hungry
Wolf B0m is chasing: A2m
Wolf B0 is Thirsty
Wolf B0drank water
Wolf A4f is running away from: LionB2
Wolf A4 is Hungry
Wolf A4f is chasing: A2m
Wolf C3m is running away from: LionB2
Wolf C3 is Hungry
Wolf C3m is chasing: A2m
Rabbit A2 is Thirsty
Rabbit A2 drank water
Rabbit A2m is running away from: LionB2
Rabbit A2m is running away from: WolfC4
Rabbit A2 m is ready to mate
Not enough female Rabbits or Female Rabbit partners are not ready yet!
Lion B1 is Hungry
LionB1mis chasing: C4f
Lion B1 m is ready to mate
No Female Lion Partner or Female Lion partners are not ready to mate Yet!
Lion C3 is Hungry
LionC3fis chasing: B0m
Lion B2 is Hungry
LionB2mis chasing: C4f
Wolf C4f is running away from: LionB2
Wolf C4 is Hungry
Wolf C4f is chasing: A2m
Wolf C4 f is ready to mate
Wolf B0m is running away from: LionC3
Wolf B0 is Hungry
Wolf B0m is chasing: A2m
Wolf B0 is Thirsty
Wolf B0drank water
Wolf A4f is running away from: LionB2
Wolf A4 is Hungry
Wolf A4f is chasing: A2m
Wolf A4 is Thirsty
Wolf A4drank water
Wolf C3m is running away from: LionB2
Wolf C3 is Hungry
Wolf C3m is chasing: A2m
Rabbit A2 is Thirsty
Rabbit A2 drank water
Rabbit A2m is running away from: LionB2
Rabbit A2m is running away from: WolfC4
Rabbit A2 m is ready to mate
Not enough female Rabbits or Female Rabbit partners are not ready yet!
Lion B1 is Hungry
LionB1mis chasing: C4f
Lion B1 m is ready to mate
No Female Lion Partner or Female Lion partners are not ready to mate Yet!
Lion C3 is Hungry
LionC3fis chasing: B0m
Lion B2 is Hungry
LionB2mis chasing: C4f
Wolf C4f is running away from: LionB2
Wolf C4 is Hungry
WolfC4f died of hunger
Wolf C4f is chasing: A2m
Wolf C4 f is ready to mate
Wolf B0m is running away from: LionC3
Wolf B0 is Hungry
Wolf B0m is chasing: A2m
Wolf B0 is Thirsty
Wolf B0drank water
Wolf A4f is running away from: LionB2
Wolf A4 is Hungry
Wolf A4f is chasing: A2m
Wolf A4 is Thirsty
Wolf A4drank water
Wolf C3m is running away from: LionB2
Wolf C3 is Hungry
Wolf C3m is chasing: A2m
Wolf C3 is Thirsty
Wolf C3drank water
Rabbit A2m is running away from: LionB2
Rabbit A2m is running away from: WolfA4
Rabbit A2 is Hungry
Rabbit A2m ate
Rabbit A2 m is ready to mate
Not enough female Rabbits or Female Rabbit partners are not ready yet!
Lion B1 is Hungry
LionB1mis chasing: A2m
Lion B1 m is ready to mate
No Female Lion Partner or Female Lion partners are not ready to mate Yet!
Lion C3 is Hungry
LionC3fis chasing: B0m
Lion B2 is Hungry
LionB2mis chasing: A2m
Wolf B0m is running away from: LionC3
Wolf B0 is Hungry
Wolf B0m is chasing: A2m
Wolf B0 is Thirsty
Wolf B0drank water
Wolf A4f is running away from: LionB2
Wolf A4 is Hungry
Wolf A4f is chasing: A2m
Wolf A4 is Thirsty
Wolf A4drank water
Wolf C3m is running away from: LionB2
Wolf C3 is Hungry
Wolf C3m is chasing: A2m
Wolf C3 is Thirsty
Wolf C3drank water
Rabbit A2m is running away from: LionB2
Rabbit A2m is running away from: WolfA4
Rabbit A2 m is ready to mate
Not enough female Rabbits or Female Rabbit partners are not ready yet!
Lion B1 is Thirsty
Lion B1 drank water
Lion B1 is Hungry
LionB1mis chasing: A2m
Lion B1 m is ready to mate
No Female Lion Partner or Female Lion partners are not ready to mate Yet!
Lion C3 is Hungry
LionC3fis chasing: B0m
LionC3f ate: B0m
Lion B2 is Hungry
LionB2mis chasing: A2m
Wolf A4f is running away from: LionB2
Wolf A4 is Hungry
Wolf A4f is chasing: A2m
Wolf A4 is Thirsty
Wolf A4drank water
Wolf C3m is running away from: LionB2
Wolf C3 is Hungry
Wolf C3m is chasing: A2m
Wolf C3 is Thirsty
Wolf C3drank water
Rabbit A2m is running away from: LionB2
Rabbit A2m is running away from: WolfA4
Rabbit A2 m is ready to mate
Not enough female Rabbits or Female Rabbit partners are not ready yet!
Lion B1 is Thirsty
Lion B1 drank water
Lion B1 is Hungry
LionB1mis chasing: A2m
Lion B1 m is ready to mate
No Female Lion Partner or Female Lion partners are not ready to mate Yet!
Lion B2 is Hungry
LionB2mis chasing: A2m
Wolf A4f is running away from: LionB2
Wolf A4 is Hungry
Wolf A4f is chasing: A2m
Wolf A4 is Thirsty
Wolf A4drank water
Wolf C3m is running away from: LionB2
Wolf C3 is Hungry
Wolf C3m is chasing: A2m
Wolf C3 is Thirsty
Wolf C3drank water
Rabbit A2m is running away from: LionB2
Rabbit A2m is running away from: WolfA4
Rabbit A2 is Hungry
Rabbit A2 m is ready to mate
Not enough female Rabbits or Female Rabbit partners are not ready yet!
Lion B1 is Thirsty
Lion B1 drank water
Lion B1 is Hungry
LionB1mis chasing: A2m
Lion B1 m is ready to mate
No Female Lion Partner or Female Lion partners are not ready to mate Yet!
Lion B2 is Hungry
LionB2mis chasing: A2m
Wolf A4f is running away from: LionB2
Wolf A4 is Hungry
WolfA4f died of hunger
Wolf A4f is chasing: A2m
Wolf A4 is Thirsty
Wolf A4drank water
Wolf C3m is running away from: LionB2
Wolf C3 is Hungry
Wolf C3m is chasing: A2m
Wolf C3 is Thirsty
Wolf C3drank water
Rabbit A2m is running away from: LionB2
Rabbit A2m is running away from: WolfC3
Rabbit A2 is Hungry
Rabbit A2 m is ready to mate
Not enough female Rabbits or Female Rabbit partners are not ready yet!
Lion B1 is Thirsty
Lion B1 drank water
Lion B1 is Hungry
LionB1mis chasing: A2m
Lion B1 m is ready to mate
No Female Lion Partner or Female Lion partners are not ready to mate Yet!
Lion B2 is Hungry
LionB2mis chasing: A2m
Wolf C3m is running away from: LionB2
Wolf C3 is Hungry
WolfC3m died of hunger
Wolf C3m is chasing: A2m
Wolf C3 is Thirsty
Wolf C3drank water
Rabbit A2m is running away from: LionB2
Rabbit A2 is Hungry
RabbitA2m died of hunger
Rabbit A2m ate
Rabbit A2 m is ready to mate
Not enough female Rabbits or Female Rabbit partners are not ready yet!
Lion B1 is Thirsty
Lion B1 drank water
Lion B1 is Hungry
Lion B2 is Hungry
Lion B1 is Thirsty
Lion B1 drank water
Lion B1 is Hungry
Lion C3 is Thirsty
Lion C3 drank water
Lion B2 is Hungry
Lion B1 is Thirsty
Lion B1 drank water
Lion B1 is Hungry
Lion C3 is Thirsty
Lion C3 drank water
Lion B2 is Hungry
Lion B1 is Thirsty
Lion B1 drank water
Lion B1 is Hungry
LionB1m died of hunger
Lion C3 is Thirsty
Lion C3 drank water
Lion B2 is Hungry
LionB2m died of hunger
Lion C3 is Hungry
Lion C3 is Hungry
Lion C3 is Hungry
Lion C3 is Hungry
Lion C3 is Hungry
Lion C3 is Hungry
