Wolf B4f is running away from: LionB0
Wolf A3f is running away from: LionA2
Wolf B5m is running away from: LionA2
Wolf B5m ate!
Wolf A5m is running away from: LionB5
Wolf C0f is running away from: LionA5
Wolf C4f is running away from: LionA5
Wolf C4f ate!
Wolf C4f is running away from: LionB5
Wolf A3m is running away from: LionB5
Rabbit A2f is running away from: LionA2
Rabbit A2f is running away from: WolfA3
Rabbit A2 f is ready to mate
Rabbit C1f is running away from: LionA5
Rabbit C1f is running away from: WolfC4
Rabbit C1 f is ready to mate
Rabbit C2f is running away from: LionA2
Rabbit C2f is running away from: WolfB5
Rabbit C2 f is ready to mate
Rabbit A3f is running away from: LionA2
Rabbit A3f is running away from: WolfB5
Rabbit A3 f is ready to mate
Rabbit A4f is running away from: LionA5
Rabbit A4f is running away from: WolfC4
Rabbit A4 f is ready to mate
Rabbit A5m is running away from: LionA5
Rabbit A5m is running away from: WolfC0
Rabbit A5 m is ready to mate
Rabbit A5 m is approaching partner: Rabbit A4f
Rabbit C5f is running away from: LionB0
Rabbit C5f is running away from: WolfB4
Rabbit C5 f is ready to mate
Rabbit C3m is running away from: LionA5
Rabbit C3m is running away from: WolfA3
Rabbit C3 m is ready to mate
Rabbit C3 m is approaching partner: Rabbit C1f
Rabbit A1f is running away from: LionA5
Rabbit A1f is running away from: WolfC4
Rabbit A1 f is ready to mate
Rabbit B0f is running away from: LionB0
Rabbit B0f is running away from: WolfB4
Rabbit B0 f is ready to mate
Rabbit C0m is running away from: LionA5
Rabbit C0m is running away from: WolfA3
Rabbit C0 m is ready to mate
Rabbit C0 m is approaching partner: Rabbit C1f
Rabbit A5m is running away from: LionA2
Rabbit A5m is running away from: WolfB5
Rabbit A5 m is ready to mate
Rabbit A5 m is approaching partner: Rabbit A2f
Rabbit B4m is running away from: LionB5
Rabbit B4m is running away from: WolfA3
Rabbit B4 m is ready to mate
Rabbit B4 m is approaching partner: Rabbit A4f
Rabbit A0m is running away from: LionB0
Rabbit A0m is running away from: WolfB4
Rabbit A0 m is ready to mate
Rabbit A0 m is approaching partner: Rabbit B0f
Rabbit C5f is running away from: LionB5
Rabbit C5f is running away from: WolfA5
Rabbit C5 f is ready to mate
Rabbit C1f is running away from: LionA2
Rabbit C1f is running away from: WolfB5
Rabbit C1 f is ready to mate
Rabbit A0f is running away from: LionA2
Rabbit A0f is running away from: WolfB5
Rabbit A0 f is ready to mate
Rabbit B1m is running away from: LionA2
Rabbit B1m is running away from: WolfA5
Rabbit B1 m is ready to mate
Rabbit B1 m is approaching partner: Rabbit A0f
Wolf B4f is running away from: LionB0
Wolf A3f is running away from: LionB4
Wolf B5m is running away from: LionB4
Wolf A5m is running away from: LionB4
Wolf C0f is running away from: LionA5
Wolf C4f is running away from: LionA5
Wolf C4f is running away from: LionB0
Wolf A3m is running away from: LionB5
Rabbit A2f is running away from: LionB4
Rabbit A2f is running away from: WolfB5
Rabbit A2 is Hungry
Rabbit A2f ate
Rabbit A2 f is ready to mate
Rabbit C1f is running away from: LionA5
Rabbit C1f is running away from: WolfA3
Rabbit C1 is Hungry
Rabbit C1f ate
Rabbit C1 f is ready to mate
Rabbit C2f is running away from: LionA2
Rabbit C2f is running away from: WolfB5
Rabbit C2 is Hungry
Rabbit C2f ate
Rabbit C2 f is ready to mate
Rabbit A3f is running away from: LionA2
Rabbit A3f is running away from: WolfB5
Rabbit A3 is Hungry
Rabbit A3f ate
Rabbit A3 f is ready to mate
Rabbit A4f is running away from: LionB0
Rabbit A4f is running away from: WolfC4
Rabbit A4 is Hungry
Rabbit A4f ate
Rabbit A4 f is ready to mate
Rabbit A5m is running away from: LionA5
Rabbit A5m is running away from: WolfC0
Rabbit A5 is Hungry
Rabbit A5m ate
Rabbit A5 m is ready to mate
Rabbit A5 m is approaching partner: Rabbit C5f
Rabbit C5f is running away from: LionA5
Rabbit C5f is running away from: WolfB4
Rabbit C5 is Hungry
Rabbit C5f ate
Rabbit C5 f is ready to mate
Rabbit C3m is running away from: LionA5
Rabbit C3m is running away from: WolfA3
Rabbit C3 is Hungry
Rabbit C3 m is ready to mate
Rabbit C3 m is approaching partner: Rabbit C1f
Rabbit A1f is running away from: LionA5
Rabbit A1f is running away from: WolfC4
Rabbit A1 is Hungry
Rabbit A1f ate
Rabbit A1 f is ready to mate
Rabbit B0f is running away from: LionB0
Rabbit B0f is running away from: WolfB4
Rabbit B0 is Hungry
Rabbit B0f ate
Rabbit B0 f is ready to mate
Rabbit C0m is running away from: LionA5
Rabbit C0m is running away from: WolfA3
Rabbit C0 is Hungry
Rabbit C0m ate
Rabbit C0 m is ready to mate
Rabbit C0 m is approaching partner: Rabbit C1f
Rabbit A5m is running away from: LionA2
Rabbit A5m is running away from: WolfB5
Rabbit A5 is Hungry
Rabbit A5m ate
Rabbit A5 m is ready to mate
Rabbit A5 m is approaching partner: Rabbit C1f
Rabbit B4m is running away from: LionB5
Rabbit B4m is running away from: WolfC4
Rabbit B4 is Hungry
Rabbit B4m ate
Rabbit B4 m is ready to mate
Rabbit B4 m is approaching partner: Rabbit A4f
Rabbit A0m is running away from: LionB0
Rabbit A0m is running away from: WolfB4
Rabbit A0 is Hungry
Rabbit A0m ate
Rabbit A0 m is ready to mate
Rabbit A0 m is approaching partner: Rabbit B0f
Rabbit C5f is running away from: LionA5
Rabbit C5f is running away from: WolfA5
Rabbit C5 is Hungry
Rabbit C5f ate
Rabbit C5 f is ready to mate
Rabbit C1f is running away from: LionA2
Rabbit C1f is running away from: WolfB5
Rabbit C1 is Hungry
Rabbit C1f ate
Rabbit C1 f is ready to mate
Rabbit A0f is running away from: LionB4
Rabbit A0f is running away from: WolfB5
Rabbit A0 is Hungry
Rabbit A0f ate
Rabbit A0 f is ready to mate
Rabbit B1m is running away from: LionB4
Rabbit B1m is running away from: WolfA5
Rabbit B1 is Hungry
Rabbit B1m ate
Rabbit B1 m is ready to mate
Rabbit B1 m is approaching partner: Rabbit A0f
Wolf B4f is running away from: LionA5
Wolf B4f ate!
Wolf A3f is running away from: LionB4
Wolf B5m is running away from: LionB4
Wolf A5m is running away from: LionB5
Wolf C0f is running away from: LionA5
Wolf C4f is running away from: LionA5
Wolf C4f is running away from: LionB0
Wolf A3m is running away from: LionB5
Rabbit A2f is running away from: LionB4
Rabbit A2f is running away from: WolfB5
Rabbit A2 f is ready to mate
Rabbit C1f is running away from: LionA5
Rabbit C1f is running away from: WolfA3
Rabbit C1 f is ready to mate
Rabbit C2f is running away from: LionB4
Rabbit C2f is running away from: WolfB5
Rabbit C2 f is ready to mate
Rabbit A3f is running away from: LionB4
Rabbit A3f is running away from: WolfB5
Rabbit A3 f is ready to mate
Rabbit A4f is running away from: LionB5
Rabbit A4f is running away from: WolfC4
Rabbit A4 f is ready to mate
Rabbit A5m is running away from: LionA5
Rabbit A5m is running away from: WolfC0
Rabbit A5 m is ready to mate
Rabbit A5 m is approaching partner: Rabbit C5f
Rabbit C5f is running away from: LionA5
Rabbit C5f is running away from: WolfC0
Rabbit C5 f is ready to mate
Rabbit C3m is running away from: LionA5
Rabbit C3m is running away from: WolfA3
Rabbit C3 is Hungry
Rabbit C3m ate
Rabbit C3 m is ready to mate
Rabbit C3 m is approaching partner: Rabbit C1f
Rabbit A1f is running away from: LionA5
Rabbit A1f is running away from: WolfC4
Rabbit A1 f is ready to mate
Rabbit C0m is running away from: LionA5
Rabbit C0m is running away from: WolfA3
Rabbit C0 m is ready to mate
Rabbit C0 m is approaching partner: Rabbit C1f
Rabbit A5m is running away from: LionB4
Rabbit A5m is running away from: WolfB5
Rabbit A5 m is ready to mate
Rabbit A5 m is approaching partner: Rabbit C1f
Rabbit B4m is running away from: LionB5
Rabbit B4m is running away from: WolfC4
Rabbit B4 m is ready to mate
Rabbit B4 m is approaching partner: Rabbit A4f
Rabbit A0m is running away from: LionB0
Rabbit A0m is running away from: WolfB4
Rabbit A0 m is ready to mate
Rabbit A0 m is approaching partner: Rabbit C5f
Rabbit C5f is running away from: LionB5
Rabbit C5f is running away from: WolfA3
Rabbit C5 f is ready to mate
Rabbit C1f is running away from: LionA2
Rabbit C1f is running away from: WolfB5
Rabbit C1 f is ready to mate
Rabbit A0f is running away from: LionB4
Rabbit A0f is running away from: WolfB5
Rabbit A0 f is ready to mate
Rabbit B1m is running away from: LionA2
Rabbit B1m is running away from: WolfA5
Rabbit B1 m is ready to mate
Rabbit B1 m is approaching partner: Rabbit A0f
Wolf B4f is running away from: LionB0
Wolf A3f is running away from: LionA5
Wolf B5m is running away from: LionB4
Wolf A5m is running away from: LionB5
Wolf C0f is running away from: LionA5
Wolf C4f is running away from: LionA5
Wolf C4f is running away from: LionB0
Wolf A3m is running away from: LionB5
Rabbit A2f is running away from: LionB4
Rabbit A2f is running away from: WolfB5
Rabbit A2 is Hungry
Rabbit A2f ate
Rabbit A2 f is ready to mate
Rabbit C1f is running away from: LionA5
Rabbit C1f is running away from: WolfA3
Rabbit C1 is Hungry
Rabbit C1f ate
Rabbit C1 f is ready to mate
Rabbit C2f is running away from: LionB4
Rabbit C2f is running away from: WolfB5
Rabbit C2 is Hungry
Rabbit C2f ate
Rabbit C2 f is ready to mate
Rabbit A3f is running away from: LionB4
Rabbit A3f is running away from: WolfB5
Rabbit A3 is Hungry
Rabbit A3f ate
Rabbit A3 f is ready to mate
Rabbit A4f is running away from: LionA5
Rabbit A4f is running away from: WolfC4
Rabbit A4 is Hungry
Rabbit A4f ate
Rabbit A4 f is ready to mate
Rabbit A5m is running away from: LionA5
Rabbit A5m is running away from: WolfC0
Rabbit A5 is Hungry
Rabbit A5m ate
Rabbit A5 m is ready to mate
Rabbit A5 m is approaching partner: Rabbit C5f
Rabbit C5f is running away from: LionA5
Rabbit C5f is running away from: WolfC0
Rabbit C5 is Hungry
Rabbit C5f ate
Rabbit C5 f is ready to mate
Rabbit C3m is running away from: LionA5
Rabbit C3m is running away from: WolfA3
Rabbit C3 m is ready to mate
Rabbit C3 m is approaching partner: Rabbit C1f
Rabbit A1f is running away from: LionA5
Rabbit A1f is running away from: WolfA3
Rabbit A1 is Hungry
Rabbit A1f ate
Rabbit A1 f is ready to mate
Rabbit C0m is running away from: LionA5
Rabbit C0m is running away from: WolfA3
Rabbit C0 is Hungry
Rabbit C0m ate
Rabbit C0 m is ready to mate
Rabbit C0 m is approaching partner: Rabbit C1f
Rabbit A5m is running away from: LionB4
Rabbit A5m is running away from: WolfB5
Rabbit A5 is Hungry
Rabbit A5m ate
Rabbit A5 m is ready to mate
Rabbit A5 m is approaching partner: Rabbit C1f
Rabbit B4m is running away from: LionA5
Rabbit B4m is running away from: WolfC4
Rabbit B4 is Hungry
Rabbit B4 m is ready to mate
Rabbit B4 m is approaching partner: Rabbit A4f
Rabbit A0m is running away from: LionB0
Rabbit A0m is running away from: WolfB4
Rabbit A0 is Hungry
Rabbit A0m ate
Rabbit A0 m is ready to mate
Rabbit A0 m is approaching partner: Rabbit C5f
Rabbit C5f is running away from: LionA5
Rabbit C5f is running away from: WolfA3
Rabbit C5 is Hungry
Rabbit C5f ate
Rabbit C5 f is ready to mate
Rabbit C1f is running away from: LionB4
Rabbit C1f is running away from: WolfB5
Rabbit C1 is Hungry
Rabbit C1f ate
Rabbit C1 f is ready to mate
Rabbit A0f is running away from: LionB4
Rabbit A0f is running away from: WolfB5
Rabbit A0 is Hungry
Rabbit A0f ate
Rabbit A0 f is ready to mate
Rabbit B1m is running away from: LionA2
Rabbit B1m is running away from: WolfA5
Rabbit B1 is Hungry
Rabbit B1m ate
Rabbit B1 m is ready to mate
Rabbit B1 m is approaching partner: Rabbit A0f
Wolf B4f is running away from: LionB0
Wolf A3f is running away from: LionA2
Wolf B5m is running away from: LionB4
Wolf A5m is running away from: LionB5
Wolf C0f is running away from: LionA5
Wolf C4f is running away from: LionA5
Wolf C4f is running away from: LionB0
Wolf A3m is running away from: LionB5
Rabbit A2f is running away from: LionB4
Rabbit A2f is running away from: WolfB5
Rabbit A2 f is ready to mate
Rabbit C1f is running away from: LionA5
Rabbit C1f is running away from: WolfA3
Rabbit C1 f is ready to mate
Rabbit C2f is running away from: LionB4
Rabbit C2f is running away from: WolfB5
Rabbit C2 f is ready to mate
Rabbit A3f is running away from: LionB4
Rabbit A3f is running away from: WolfB5
Rabbit A3 f is ready to mate
Rabbit A4f is running away from: LionA5
Rabbit A4f is running away from: WolfC4
Rabbit A4 f is ready to mate
Rabbit A5m is running away from: LionA5
Rabbit A5m is running away from: WolfC0
Rabbit A5 m is ready to mate
Rabbit A5 m is approaching partner: Rabbit C5f
Rabbit C5f is running away from: LionA5
Rabbit C5f is running away from: WolfC0
Rabbit C5 f is ready to mate
Rabbit C3m is running away from: LionA5
Rabbit C3m is running away from: WolfA3
Rabbit C3 is Hungry
Rabbit C3 m is ready to mate
Rabbit C3 m is approaching partner: Rabbit C1f
Rabbit A1f is running away from: LionA5
Rabbit A1f is running away from: WolfA3
Rabbit A1 f is ready to mate
Rabbit C0m is running away from: LionA5
Rabbit C0m is running away from: WolfA3
Rabbit C0 m is ready to mate
Rabbit C0 m is approaching partner: Rabbit C1f
Rabbit A5m is running away from: LionB4
Rabbit A5m is running away from: WolfB5
Rabbit A5 m is ready to mate
Rabbit A5 m is approaching partner: Rabbit C2f
Rabbit B4m is running away from: LionA5
Rabbit B4m is running away from: WolfC4
Rabbit B4 is Hungry
Rabbit B4m ate
Rabbit B4 m is ready to mate
Rabbit B4 m is approaching partner: Rabbit A4f
Rabbit A0m is running away from: LionB0
Rabbit A0m is running away from: WolfB4
Rabbit A0 m is ready to mate
Rabbit A0 m is approaching partner: Rabbit C5f
Rabbit C5f is running away from: LionA5
Rabbit C5f is running away from: WolfA5
Rabbit C5 f is ready to mate
Rabbit C1f is running away from: LionB4
Rabbit C1f is running away from: WolfB5
Rabbit C1 f is ready to mate
Rabbit A0f is running away from: LionB4
Rabbit A0f is running away from: WolfB5
Rabbit A0 f is ready to mate
Rabbit B1m is running away from: LionB4
Rabbit B1m is running away from: WolfA5
Rabbit B1 m is ready to mate
Rabbit B1 m is approaching partner: Rabbit A0f
Rabbit B4 f was born!Father is B1 and Mother is A0
Wolf B4f is running away from: LionB0
Wolf A3f is running away from: LionA5
Wolf A3 is Hungry
Wolf A3f is chasing: C0m
Wolf B5m is running away from: LionA2
Wolf A5m is running away from: LionB5
Wolf A5 is Hungry
Wolf A5m is chasing: C0m
Wolf C0f is running away from: LionA5
Wolf C0 is Hungry
Wolf C0f is chasing: C5f
Wolf C4f is running away from: LionA5
Wolf C4f is running away from: LionB5
Wolf C4 is Hungry
Wolf C4f is chasing: A4f
Wolf A3m is running away from: LionB5
Wolf A3 is Hungry
Wolf A3m is chasing: C0m
Rabbit A2f is running away from: LionA2
Rabbit A2f is running away from: WolfB5
Rabbit A2 is Hungry
Rabbit A2f ate
Rabbit A2 f is ready to mate
Rabbit C1f is running away from: LionA5
Rabbit C1f is running away from: WolfA3
Rabbit C1 is Hungry
Rabbit C1f ate
Rabbit C1 f is ready to mate
Rabbit C2f is running away from: LionA2
Rabbit C2f is running away from: WolfB5
Rabbit C2 is Hungry
Rabbit C2 f is ready to mate
Rabbit A3f is running away from: LionA2
Rabbit A3f is running away from: WolfB5
Rabbit A3 is Hungry
Rabbit A3f ate
Rabbit A3 f is ready to mate
Rabbit A4f is running away from: LionA5
Rabbit A4f is running away from: WolfC4
Rabbit A4 is Hungry
Rabbit A4f ate
Rabbit A4 f is ready to mate
Rabbit A5m is running away from: LionA5
Rabbit A5m is running away from: WolfC4
Rabbit A5 is Hungry
Rabbit A5 m is ready to mate
Rabbit A5 m is approaching partner: Rabbit C5f
Rabbit C5f is running away from: LionA5
Rabbit C5f is running away from: WolfC0
Rabbit C5 is Hungry
Rabbit C5 f is ready to mate
Rabbit C3m is running away from: LionA5
Rabbit C3m is running away from: WolfA3
Rabbit C3 is Hungry
Rabbit C3 m is ready to mate
Rabbit C3 m is approaching partner: Rabbit C1f
Rabbit A1f is running away from: LionA5
Rabbit A1f is running away from: WolfA3
Rabbit A1 is Hungry
Rabbit A1f ate
Rabbit A1 f is ready to mate
Rabbit C0m is running away from: LionA5
Rabbit C0m is running away from: WolfA3
Rabbit C0 is Hungry
Rabbit C0m ate
Rabbit C0 m is ready to mate
Rabbit C0 m is approaching partner: Rabbit C1f
Rabbit A5m is running away from: LionA2
Rabbit A5m is running away from: WolfB5
Rabbit A5 is Hungry
Rabbit A5m ate
Rabbit A5 m is ready to mate
Rabbit A5 m is approaching partner: Rabbit C2f
Rabbit B4m is running away from: LionA5
Rabbit B4m is running away from: WolfC4
Rabbit B4 m is ready to mate
Rabbit B4 m is approaching partner: Rabbit A4f
Rabbit A0m is running away from: LionB0
Rabbit A0m is running away from: WolfB4
Rabbit A0 is Hungry
Rabbit A0m ate
Rabbit A0 m is ready to mate
Rabbit A0 m is approaching partner: Rabbit C5f
Rabbit C5f is running away from: LionA5
Rabbit C5f is running away from: WolfA5
Rabbit C5 is Hungry
Rabbit C5f ate
Rabbit C5 f is ready to mate
Rabbit C1f is running away from: LionA2
Rabbit C1f is running away from: WolfB5
Rabbit C1 is Hungry
Rabbit C1f ate
Rabbit C1 f is ready to mate
Rabbit A0f is running away from: LionA2
Rabbit A0f is running away from: WolfB5
Rabbit A0 is Hungry
Rabbit A0f ate
Rabbit B1m is running away from: LionA2
Rabbit B1m is running away from: WolfA3
Rabbit B1 is Hungry
Rabbit B1m ate
Rabbit B1 m is ready to mate
Rabbit B1 m is approaching partner: Rabbit C1f
Rabbit B4f is running away from: LionA2
Rabbit B4f is running away from: WolfB5
Wolf B4f is running away from: LionB0
Wolf A3f is running away from: LionA5
Wolf A3 is Hungry
Wolf A3f is chasing: C1f
Wolf B5m is running away from: LionB4
Wolf B5 is Hungry
Wolf B5m is chasing: A0f
Wolf A5m is running away from: LionB4
Wolf A5 is Hungry
Wolf A5m is chasing: B4m
Wolf C0f is running away from: LionB0
Wolf C0 is Hungry
Wolf C0f is chasing: A5m
Wolf C4f is running away from: LionA5
Wolf C4 is Hungry
Wolf C4f is chasing: A5m
Wolf C4f ate!
Wolf C4f is running away from: LionB5
Wolf C4 is Hungry
Wolf C4f is chasing: A4f
Wolf A3m is running away from: LionB4
Wolf A3 is Hungry
Wolf A3m is chasing: B4m
Rabbit A2f is running away from: LionB4
Rabbit A2f is running away from: WolfB5
Rabbit A2 f is ready to mate
Rabbit C1f is running away from: LionA5
Rabbit C1f is running away from: WolfA3
Rabbit C1 f is ready to mate
Rabbit C2f is running away from: LionB4
Rabbit C2f is running away from: WolfB5
Rabbit C2 is Hungry
Rabbit C2f ate
Rabbit C2 f is ready to mate
Rabbit A3f is running away from: LionB4
Rabbit A3f is running away from: WolfB5
Rabbit A3 f is ready to mate
Rabbit A4f is running away from: LionA5
Rabbit A4f is running away from: WolfA3
Rabbit A4 f is ready to mate
Rabbit C5f is running away from: LionB0
Rabbit C5f is running away from: WolfB4
Rabbit C5 is Hungry
Rabbit C5f ate
Rabbit C5 f is ready to mate
Rabbit C3m is running away from: LionA5
Rabbit C3m is running away from: WolfA3
Rabbit C3 is Hungry
RabbitC3m died of hunger
Rabbit C3m ate
Rabbit C3 m is ready to mate
Rabbit C3 m is approaching partner: Rabbit C1f
Rabbit A1f is running away from: LionA5
Rabbit A1f is running away from: WolfA3
Rabbit A1 f is ready to mate
Rabbit C0m is running away from: LionA5
Rabbit C0m is running away from: WolfA3
Rabbit C0 m is ready to mate
Rabbit C0 m is approaching partner: Rabbit C1f
Rabbit A5m is running away from: LionB4
Rabbit A5m is running away from: WolfB5
Rabbit A5 m is ready to mate
Rabbit A5 m is approaching partner: Rabbit C2f
Rabbit B4m is running away from: LionA5
Rabbit B4m is running away from: WolfA3
Rabbit B4 is Hungry
Rabbit B4m ate
Rabbit B4 m is ready to mate
Rabbit B4 m is approaching partner: Rabbit A4f
Rabbit A0m is running away from: LionB0
Rabbit A0m is running away from: WolfB4
Rabbit A0 m is ready to mate
Rabbit A0 m is approaching partner: Rabbit C5f
Rabbit C5f is running away from: LionA5
Rabbit C5f is running away from: WolfA3
Rabbit C5 f is ready to mate
Rabbit C1f is running away from: LionA2
Rabbit C1f is running away from: WolfB5
Rabbit C1 f is ready to mate
Rabbit A0f is running away from: LionB4
Rabbit A0f is running away from: WolfB5
Rabbit B1m is running away from: LionA2
Rabbit B1m is running away from: WolfB5
Rabbit B1 m is ready to mate
Rabbit B1 m is approaching partner: Rabbit C1f
Rabbit B4f is running away from: LionA2
Rabbit B4f is running away from: WolfB5
Rabbit B4 is Hungry
Rabbit B4f ate
Wolf B4f is running away from: LionB0
Wolf A3f is running away from: LionA5
Wolf A3 is Hungry
Wolf A3f is chasing: C1f
Wolf B5m is running away from: LionB4
Wolf B5 is Hungry
Wolf B5m is chasing: A2f
Wolf A5m is running away from: LionB5
Wolf A5 is Hungry
Wolf A5m is chasing: B4m
Wolf C0f is running away from: LionA5
Wolf C0 is Hungry
Wolf C0f is chasing: C5f
Wolf C0f ate!
Wolf C4f is running away from: LionA5
Wolf C4f is running away from: LionB5
Wolf C4 is Hungry
Wolf C4f is chasing: A4f
Wolf A3m is running away from: LionB5
Wolf A3 is Hungry
Wolf A3m is chasing: B4m
Rabbit A2f is running away from: LionB4
Rabbit A2f is running away from: WolfB5
Rabbit A2 is Hungry
Rabbit A2 f is ready to mate
Rabbit C1f is running away from: LionA5
Rabbit C1f is running away from: WolfA3
Rabbit C1 is Hungry
Rabbit C1 f is ready to mate
Rabbit C2f is running away from: LionB4
Rabbit C2f is running away from: WolfB5
Rabbit C2 f is ready to mate
Rabbit A3f is running away from: LionB4
Rabbit A3f is running away from: WolfB5
Rabbit A3 is Hungry
Rabbit A3 f is ready to mate
Rabbit A4f is running away from: LionB5
Rabbit A4f is running away from: WolfA3
Rabbit A4 is Hungry
Rabbit A4f ate
Rabbit A4 f is ready to mate
Rabbit A1f is running away from: LionA5
Rabbit A1f is running away from: WolfA3
Rabbit A1 is Hungry
Rabbit A1f ate
Rabbit A1 f is ready to mate
Rabbit C0m is running away from: LionA5
Rabbit C0m is running away from: WolfA3
Rabbit C0 is Hungry
Rabbit C0 m is ready to mate
Rabbit C0 m is approaching partner: Rabbit C1f
Rabbit A5m is running away from: LionB4
Rabbit A5m is running away from: WolfB5
Rabbit A5 is Hungry
Rabbit A5 m is ready to mate
Rabbit A5 m is approaching partner: Rabbit C2f
Rabbit B4m is running away from: LionB5
Rabbit B4m is running away from: WolfA3
Rabbit B4 m is ready to mate
Rabbit B4 m is approaching partner: Rabbit A4f
Rabbit B3 m was born!Father is B4 and Mother is A4
Rabbit A0m is running away from: LionB0
Rabbit A0m is running away from: WolfB4
Rabbit A0 is Hungry
Rabbit A0m ate
Rabbit A0 m is ready to mate
Rabbit A0 m is approaching partner: Rabbit C5f
Rabbit C5f is running away from: LionA5
Rabbit C5f is running away from: WolfA3
Rabbit C5 is Hungry
Rabbit C5f ate
Rabbit C5 f is ready to mate
Rabbit C1f is running away from: LionB4
Rabbit C1f is running away from: WolfB5
Rabbit C1 is Hungry
Rabbit C1 f is ready to mate
Rabbit A0f is running away from: LionB4
Rabbit A0f is running away from: WolfA5
Rabbit A0 is Hungry
Rabbit A0f ate
Rabbit B1m is running away from: LionB4
Rabbit B1m is running away from: WolfB5
Rabbit B1 is Hungry
Rabbit B1m ate
Rabbit B1 m is ready to mate
Rabbit B1 m is approaching partner: Rabbit C1f
Rabbit B4f is running away from: LionB4
Rabbit B4f is running away from: WolfB5
Rabbit B4 f is ready to mate
Wolf B4f is running away from: LionB0
Wolf B4 is Hungry
Wolf B4f is chasing: A0m
Wolf A3f is running away from: LionA5
Wolf A3 is Hungry
Wolf A3f is chasing: C1f
Wolf B5m is running away from: LionB4
Wolf B5 is Hungry
Wolf B5m is chasing: A3f
Wolf A5m is running away from: LionA5
Wolf A5 is Hungry
Wolf A5m is chasing: C1f
Wolf C0f is running away from: LionA5
Wolf C4f is running away from: LionA5
Wolf C4f is running away from: LionB5
Wolf C4 is Hungry
Wolf C4f is chasing: A4f
Wolf A3m is running away from: LionB5
Wolf A3 is Hungry
Wolf A3m is chasing: B4m
Rabbit A2f is running away from: LionB4
Rabbit A2f is running away from: WolfB5
Rabbit A2 is Hungry
Rabbit A2 f is ready to mate
Rabbit C1f is running away from: LionA5
Rabbit C1f is running away from: WolfA3
Rabbit C1 is Hungry
Rabbit C1 f is ready to mate
Rabbit C2f is running away from: LionB4
Rabbit C2f is running away from: WolfB5
Rabbit C2 is Hungry
Rabbit C2 f is ready to mate
Rabbit A3f is running away from: LionB4
Rabbit A3f is running away from: WolfB5
Rabbit A3 is Hungry
Rabbit A3 f is ready to mate
Rabbit A4f is running away from: LionA5
Rabbit A4f is running away from: WolfC4
Rabbit A1f is running away from: LionA5
Rabbit A1f is running away from: WolfA3
Rabbit A1 f is ready to mate
Rabbit C0m is running away from: LionA5
Rabbit C0m is running away from: WolfA3
Rabbit C0 is Hungry
Rabbit C0 m is ready to mate
Rabbit C0 m is approaching partner: Rabbit C1f
Rabbit A5m is running away from: LionB4
Rabbit A5m is running away from: WolfB5
Rabbit A5 is Hungry
Rabbit A5 m is ready to mate
Rabbit A5 m is approaching partner: Rabbit C2f
Rabbit B4m is running away from: LionA5
Rabbit B4m is running away from: WolfA3
Rabbit B4 is Hungry
Rabbit B4 m is ready to mate
Rabbit B4 m is approaching partner: Rabbit C1f
Rabbit A0m is running away from: LionB0
Rabbit A0m is running away from: WolfB4
Rabbit A0 m is ready to mate
Rabbit A0 m is approaching partner: Rabbit C5f
Rabbit C5f is running away from: LionA5
Rabbit C5f is running away from: WolfA5
Rabbit C5 f is ready to mate
Rabbit C1f is running away from: LionB4
Rabbit C1f is running away from: WolfB5
Rabbit C1 is Hungry
Rabbit C1 f is ready to mate
Rabbit A0f is running away from: LionB4
Rabbit A0f is running away from: WolfA3
Rabbit A0 f is ready to mate
Rabbit B1m is running away from: LionB4
Rabbit B1m is running away from: WolfB5
Rabbit B1 m is ready to mate
Rabbit B1 m is approaching partner: Rabbit B4f
Rabbit A2 m was born!Father is B1 and Mother is B4
Rabbit B4f is running away from: LionB4
Rabbit B4f is running away from: WolfB5
Rabbit B4 is Hungry
Rabbit B4f ate
Rabbit B3m is running away from: LionA5
Rabbit B3m is running away from: WolfA3
Wolf B4f is running away from: LionB0
Wolf B4 is Hungry
Wolf B4f is chasing: A0m
Wolf A3f is running away from: LionA5
Wolf A3 is Hungry
Wolf A3f is chasing: C1f
Wolf B5m is running away from: LionB4
Wolf B5 is Hungry
Wolf B5m is chasing: A3f
Wolf A5m is running away from: LionB5
Wolf A5 is Hungry
Wolf A5m is chasing: C1f
Wolf C0f is running away from: LionA5
Wolf C4f is running away from: LionA5
Wolf C4f is running away from: LionB5
Wolf C4 is Hungry
Wolf C4f is chasing: B3m
Wolf A3m is running away from: LionB5
Wolf A3 is Hungry
Wolf A3m is chasing: B4m
Rabbit A2 is Thirsty
Rabbit A2 drank water
Rabbit A2f is running away from: LionB4
Rabbit A2f is running away from: WolfB5
Rabbit A2 is Hungry
RabbitA2f died of hunger
Rabbit A2 f is ready to mate
Rabbit C1 is Thirsty
Rabbit C1 drank water
Rabbit C1f is running away from: LionA5
Rabbit C1f is running away from: WolfA5
Rabbit C1 is Hungry
RabbitC1f died of hunger
Rabbit C1f ate
Rabbit C1 f is ready to mate
Rabbit C2 is Thirsty
Rabbit C2 drank water
Rabbit C2f is running away from: LionB4
Rabbit C2f is running away from: WolfB5
Rabbit C2 is Hungry
Rabbit C2 f is ready to mate
Rabbit A3 is Thirsty
Rabbit A3 drank water
Rabbit A3f is running away from: LionB4
Rabbit A3f is running away from: WolfB5
Rabbit A3 is Hungry
RabbitA3f died of hunger
Rabbit A3 f is ready to mate
Rabbit A4 is Thirsty
Rabbit A4 drank water
Rabbit A4f is running away from: LionB5
Rabbit A4f is running away from: WolfA3
Rabbit A4 is Hungry
Rabbit A4f ate
Rabbit A1 is Thirsty
Rabbit A1 drank water
Rabbit A1f is running away from: LionA5
Rabbit A1f is running away from: WolfA3
Rabbit A1 is Hungry
Rabbit A1 f is ready to mate
Rabbit C0 is Thirsty
Rabbit C0 drank water
Rabbit C0m is running away from: LionA5
Rabbit C0m is running away from: WolfA5
Rabbit C0 is Hungry
RabbitC0m died of hunger
Rabbit C0 m is ready to mate
Rabbit C0 m is approaching partner: Rabbit C5f
Rabbit A5 is Thirsty
Rabbit A5 drank water
Rabbit A5m is running away from: LionB4
Rabbit A5m is running away from: WolfB5
Rabbit A5 is Hungry
RabbitA5m died of hunger
Rabbit A5 m is ready to mate
Rabbit A5 m is approaching partner: Rabbit C2f
Rabbit B4 is Thirsty
Rabbit B4 drank water
Rabbit B4m is running away from: LionB5
Rabbit B4m is running away from: WolfA3
Rabbit B4 is Hungry
Rabbit B4m ate
Rabbit B4 m is ready to mate
Rabbit B4 m is approaching partner: Rabbit C5f
Rabbit A0 is Thirsty
Rabbit A0 drank water
Rabbit A0m is running away from: LionB0
Rabbit A0m is running away from: WolfB4
Rabbit A0 is Hungry
Rabbit A0m ate
Rabbit A0 m is ready to mate
Rabbit A0 m is approaching partner: Rabbit C5f
Rabbit C5 is Thirsty
Rabbit C5 drank water
Rabbit C5f is running away from: LionA5
Rabbit C5f is running away from: WolfA3
Rabbit C5 is Hungry
Rabbit C5f ate
Rabbit C5 f is ready to mate
Rabbit C1 is Thirsty
Rabbit C1 drank water
Rabbit C1f is running away from: LionB4
Rabbit C1f is running away from: WolfB5
Rabbit C1 is Hungry
RabbitC1f died of hunger
Rabbit C1 f is ready to mate
Rabbit A0 is Thirsty
Rabbit A0 drank water
Rabbit A0f is running away from: LionB4
Rabbit A0f is running away from: WolfA3
Rabbit A0 is Hungry
Rabbit A0f ate
Rabbit A0 f is ready to mate
Rabbit B1 is Thirsty
Rabbit B1 drank water
Rabbit B1m is running away from: LionB4
Rabbit B1m is running away from: WolfB5
Rabbit B1 is Hungry
Rabbit B1m ate
Rabbit B1 m is ready to mate
Rabbit B1 m is approaching partner: Rabbit A0f
Rabbit B4f is running away from: LionB4
Rabbit B4f is running away from: WolfB5
Rabbit B3m is running away from: LionA5
Rabbit B3m is running away from: WolfC4
Rabbit B3 is Hungry
Rabbit A2m is running away from: LionB4
Rabbit A2m is running away from: WolfB5
Wolf B4f is running away from: LionA5
Wolf B4 is Hungry
Wolf B4f is chasing: A0m
Wolf A3f is running away from: LionA5
Wolf A3 is Hungry
Wolf A3f is chasing: A1f
Wolf B5m is running away from: LionA2
Wolf B5 is Hungry
Wolf B5m is chasing: C2f
Wolf A5m is running away from: LionA5
Wolf A5 is Hungry
Wolf A5m is chasing: B3m
Wolf C0f is running away from: LionA5
Wolf C4f is running away from: LionA5
Wolf C4f is running away from: LionB5
Wolf C4 is Hungry
Wolf C4f is chasing: A4f
Wolf A3m is running away from: LionB5
Wolf A3 is Hungry
Wolf A3m is chasing: B3m
Rabbit C2 is Thirsty
Rabbit C2 drank water
Rabbit C2f is running away from: LionA2
Rabbit C2f is running away from: WolfB5
Rabbit C2 is Hungry
RabbitC2f died of hunger
Rabbit C2 f is ready to mate
Rabbit A4 is Thirsty
Rabbit A4 drank water
Rabbit A4f is running away from: LionA5
Rabbit A4f is running away from: WolfA3
Rabbit A1 is Thirsty
Rabbit A1 drank water
Rabbit A1f is running away from: LionA5
Rabbit A1f is running away from: WolfA3
Rabbit A1 is Hungry
Rabbit A1 f is ready to mate
Rabbit B4 is Thirsty
Rabbit B4 drank water
Rabbit B4m is running away from: LionA5
Rabbit B4m is running away from: WolfA3
Rabbit B4 m is ready to mate
Rabbit B4 m is approaching partner: Rabbit C5f
Rabbit A0 is Thirsty
Rabbit A0 drank water
Rabbit A0m is running away from: LionB0
Rabbit A0m is running away from: WolfB4
Rabbit A0 m is ready to mate
Rabbit A0 m is approaching partner: Rabbit C5f
Rabbit C5 is Thirsty
Rabbit C5 drank water
Rabbit C5f is running away from: LionA5
Rabbit C5f is running away from: WolfA5
Rabbit C5 f is ready to mate
Rabbit A0 is Thirsty
Rabbit A0 drank water
Rabbit A0f is running away from: LionA2
Rabbit A0f is running away from: WolfB5
Rabbit A0 f is ready to mate
Rabbit B1 is Thirsty
Rabbit B1 drank water
Rabbit B1m is running away from: LionA2
Rabbit B1m is running away from: WolfB5
Rabbit B1 m is ready to mate
Rabbit B1 m is approaching partner: Rabbit A0f
Rabbit B4f is running away from: LionA2
Rabbit B4f is running away from: WolfB5
Rabbit B4 is Hungry
Rabbit B3m is running away from: LionB5
Rabbit B3m is running away from: WolfA3
Rabbit B3 is Hungry
Rabbit B3m ate
Rabbit A2m is running away from: LionA2
Rabbit A2m is running away from: WolfB5
Rabbit A2 is Hungry
Rabbit A2m ate
Wolf B4f is running away from: LionA5
Wolf B4 is Hungry
Wolf B4f is chasing: A0m
Wolf A3f is running away from: LionA5
Wolf A3 is Hungry
WolfA3f died of hunger
Wolf A3f is chasing: A1f
Wolf B5m is running away from: LionA2
Wolf B5 is Hungry
Wolf B5m is chasing: B1m
Wolf A5m is running away from: LionA5
Wolf A5 is Hungry
WolfA5m died of hunger
Wolf A5m is chasing: B3m
Wolf C0f is running away from: LionA5
Wolf C4f is running away from: LionA5
Wolf C4f is running away from: LionB5
Wolf C4 is Hungry
WolfC4f died of hunger
Wolf C4f is chasing: A4f
Wolf A3m is running away from: LionB5
Wolf A3 is Hungry
WolfA3m died of hunger
Wolf A3m is chasing: B3m
Rabbit A4 is Thirsty
Rabbit A4 drank water
Rabbit A4f is running away from: LionA5
Rabbit A4f is running away from: WolfB4
Rabbit A4 is Hungry
Rabbit A4f ate
Rabbit A4 f is ready to mate
Rabbit A1 is Thirsty
Rabbit A1 drank water
Rabbit A1f is running away from: LionA5
Rabbit A1f is running away from: WolfC0
Rabbit A1 is Hungry
RabbitA1f died of hunger
Rabbit A1f ate
Rabbit A1 f is ready to mate
Rabbit B4 is Thirsty
Rabbit B4 drank water
Rabbit B4m is running away from: LionA5
Rabbit B4m is running away from: WolfB4
Rabbit B4 is Hungry
Rabbit B4m ate
Rabbit B4 m is ready to mate
Rabbit B4 m is approaching partner: Rabbit C5f
Rabbit A0 is Thirsty
Rabbit A0 drank water
Rabbit A0m is running away from: LionA5
Rabbit A0m is running away from: WolfB4
Rabbit A0 is Hungry
Rabbit A0m ate
Rabbit A0 m is ready to mate
Rabbit A0 m is approaching partner: Rabbit C5f
Rabbit C5 is Thirsty
Rabbit C5 drank water
Rabbit C5f is running away from: LionA5
Rabbit C5f is running away from: WolfB4
Rabbit C5 is Hungry
Rabbit C5 f is ready to mate
Rabbit A0 is Thirsty
Rabbit A0 drank water
Rabbit A0f is running away from: LionA2
Rabbit A0f is running away from: WolfB5
Rabbit A0 is Hungry
Rabbit A0 f is ready to mate
Rabbit B1 is Thirsty
Rabbit B1 drank water
Rabbit B1m is running away from: LionA2
Rabbit B1m is running away from: WolfB5
Rabbit B1 is Hungry
Rabbit B1 m is ready to mate
Rabbit B1 m is approaching partner: Rabbit A0f
Rabbit B4f is running away from: LionA2
Rabbit B4f is running away from: WolfB5
Rabbit B4 is Hungry
Rabbit B3m is running away from: LionA5
Rabbit B3m is running away from: WolfB4
Rabbit B3 m is ready to mate
Rabbit B3 m is approaching partner: Rabbit A4f
Rabbit A2m is running away from: LionA2
Rabbit A2m is running away from: WolfB5
Wolf B4f is running away from: LionA5
Wolf B4 is Hungry
Wolf B4f is chasing: A0m
Wolf B5m is running away from: LionA2
Wolf B5 is Hungry
WolfB5m died of hunger
Wolf B5m is chasing: B1m
Wolf C0f is running away from: LionA5
Wolf C4f is running away from: LionA5
Wolf C4 is Hungry
Wolf C4f is chasing: A0m
Rabbit A4 is Thirsty
Rabbit A4 drank water
Rabbit A4f is running away from: LionA5
Rabbit A4f is running away from: WolfB4
Rabbit A4 f is ready to mate
Rabbit B4 is Thirsty
Rabbit B4 drank water
Rabbit B4m is running away from: LionA5
Rabbit B4m is running away from: WolfB4
Rabbit B4 m is ready to mate
Rabbit B4 m is approaching partner: Rabbit C5f
Rabbit B4 f was born!Father is B4 and Mother is C5
Rabbit A0 is Thirsty
Rabbit A0 drank water
Rabbit A0m is running away from: LionA5
Rabbit A0m is running away from: WolfB4
Rabbit A0 m is ready to mate
Rabbit A0 m is approaching partner: Rabbit A4f
Rabbit C5 is Thirsty
Rabbit C5 drank water
Rabbit C5f is running away from: LionA5
Rabbit C5f is running away from: WolfB4
Rabbit C5 is Hungry
Rabbit C5f ate
Rabbit A0 is Thirsty
Rabbit A0 drank water
Rabbit A0f is running away from: LionA2
Rabbit A0f is running away from: WolfB4
Rabbit A0 is Hungry
Rabbit A0 f is ready to mate
Rabbit B1 is Thirsty
Rabbit B1 drank water
Rabbit B1m is running away from: LionA2
Rabbit B1m is running away from: WolfB4
Rabbit B1 is Hungry
Rabbit B1 m is ready to mate
Rabbit B1 m is approaching partner: Rabbit A0f
Rabbit B4f is running away from: LionA2
Rabbit B4f is running away from: WolfB4
Rabbit B4 is Hungry
RabbitB4f died of hunger
Rabbit B4 f is ready to mate
Rabbit B3m is running away from: LionB5
Rabbit B3m is running away from: WolfB4
Rabbit B3 is Hungry
Rabbit B3m ate
Rabbit B3 m is ready to mate
Rabbit B3 m is approaching partner: Rabbit A4f
Rabbit A2m is running away from: LionA2
Rabbit A2m is running away from: WolfB4
Rabbit A2 is Hungry
Rabbit A2 m is ready to mate
Rabbit A2 m is approaching partner: Rabbit A0f
Wolf B4f is running away from: LionA5
Wolf B4 is Hungry
Wolf B4f is chasing: A0m
Wolf C0f is running away from: LionA5
Wolf C0 is Hungry
Wolf C0f is chasing: A0m
Wolf C4f is running away from: LionA5
Wolf C4 is Hungry
Wolf C4f is chasing: A0m
Rabbit A4 is Thirsty
Rabbit A4 drank water
Rabbit A4f is running away from: LionA5
Rabbit A4f is running away from: WolfB4
Rabbit A4 is Hungry
Rabbit A4 f is ready to mate
Rabbit B4 is Thirsty
Rabbit B4 drank water
Rabbit B4m is running away from: LionA5
Rabbit B4m is running away from: WolfB4
Rabbit B4 is Hungry
Rabbit B4m ate
Rabbit B4 m is ready to mate
Rabbit B4 m is approaching partner: Rabbit A4f
Rabbit A0 is Thirsty
Rabbit A0 drank water
Rabbit A0m is running away from: LionA5
Rabbit A0m is running away from: WolfB4
Rabbit A0 is Hungry
Rabbit A0m ate
Rabbit A0 m is ready to mate
Rabbit A0 m is approaching partner: Rabbit A4f
Rabbit C5 is Thirsty
Rabbit C5 drank water
Rabbit C5f is running away from: LionA5
Rabbit C5f is running away from: WolfB4
Rabbit A0 is Thirsty
Rabbit A0 drank water
Rabbit A0f is running away from: LionA2
Rabbit A0f is running away from: WolfB4
Rabbit A0 is Hungry
RabbitA0f died of hunger
Rabbit A0 f is ready to mate
Rabbit B1 is Thirsty
Rabbit B1 drank water
Rabbit B1m is running away from: LionA2
Rabbit B1m is running away from: WolfB4
Rabbit B1 is Hungry
RabbitB1m died of hunger
Rabbit B1 m is ready to mate
Rabbit B1 m is approaching partner: Rabbit A4f
Rabbit B3m is running away from: LionB5
Rabbit B3m is running away from: WolfB4
Rabbit B3 m is ready to mate
Rabbit B3 m is approaching partner: Rabbit A4f
Rabbit A2m is running away from: LionA2
Rabbit A2m is running away from: WolfB4
Rabbit A2 is Hungry
Rabbit A2 m is ready to mate
Rabbit A2 m is approaching partner: Rabbit A4f
Rabbit B4f is running away from: LionA5
Rabbit B4f is running away from: WolfB4
Wolf B4f is running away from: LionA5
Wolf B4 is Hungry
WolfB4f died of hunger
Wolf B4f is chasing: A0m
Wolf B4 f is ready to mate
Wolf C0f is running away from: LionA5
Wolf C0 is Hungry
Wolf C0f is chasing: A0m
Wolf C0 f is ready to mate
Wolf C4f is running away from: LionA5
Wolf C4 is Hungry
Wolf C4f is chasing: A0m
Wolf C4 f is ready to mate
Rabbit A4 is Thirsty
Rabbit A4 drank water
Rabbit A4f is running away from: LionA5
Rabbit A4f is running away from: WolfC4
Rabbit A4 is Hungry
Rabbit A4f ate
Rabbit A4 f is ready to mate
Rabbit B4 is Thirsty
Rabbit B4 drank water
Rabbit B4m is running away from: LionA5
Rabbit B4m is running away from: WolfC4
Rabbit B4 m is ready to mate
Rabbit B4 m is approaching partner: Rabbit A4f
Rabbit A0m is running away from: LionA5
Rabbit A0m is running away from: WolfC4
Rabbit A0 m is ready to mate
Rabbit A0 m is approaching partner: Rabbit A4f
Rabbit C5 is Thirsty
Rabbit C5 drank water
Rabbit C5f is running away from: LionA5
Rabbit C5f is running away from: WolfC4
Rabbit C5 is Hungry
Rabbit C5f ate
Rabbit B3m is running away from: LionB5
Rabbit B3m is running away from: WolfC4
Rabbit B3 is Hungry
Rabbit B3m ate
Rabbit B3 m is ready to mate
Rabbit B3 m is approaching partner: Rabbit A4f
Rabbit A2m is running away from: LionA2
Rabbit A2m is running away from: WolfC4
Rabbit A2 is Hungry
RabbitA2m died of hunger
Rabbit A2 m is ready to mate
Rabbit A2 m is approaching partner: Rabbit A4f
Rabbit B4f is running away from: LionA5
Rabbit B4f is running away from: WolfC4
Rabbit B4 is Hungry
Rabbit B4f ate
Wolf C0f is running away from: LionA5
Wolf C0 is Hungry
Wolf C0f is chasing: A0m
Wolf C0 f is ready to mate
Wolf C4f is running away from: LionA5
Wolf C4 is Hungry
Wolf C4f is chasing: A0m
Wolf C4 f is ready to mate
Rabbit A4 is Thirsty
Rabbit A4 drank water
Rabbit A4f is running away from: LionA5
Rabbit A4f is running away from: WolfC4
Rabbit A4 f is ready to mate
Rabbit B4 is Thirsty
Rabbit B4 drank water
Rabbit B4m is running away from: LionA5
Rabbit B4m is running away from: WolfC4
Rabbit B4 is Hungry
Rabbit B4 m is ready to mate
Rabbit B4 m is approaching partner: Rabbit A4f
Rabbit A0m is running away from: LionA5
Rabbit A0m is running away from: WolfC4
Rabbit A0 is Hungry
Rabbit A0m ate
Rabbit A0 m is ready to mate
Rabbit A0 m is approaching partner: Rabbit A4f
Rabbit C5 is Thirsty
Rabbit C5 drank water
Rabbit C5f is running away from: LionA5
Rabbit C5f is running away from: WolfC4
Rabbit B3m is running away from: LionB5
Rabbit B3m is running away from: WolfC4
Rabbit B3 m is ready to mate
Rabbit B3 m is approaching partner: Rabbit A4f
Rabbit B0 f was born!Father is B3 and Mother is A4
Rabbit B4f is running away from: LionA5
Rabbit B4f is running away from: WolfC4
Wolf C0f is running away from: LionB0
Wolf C0 is Hungry
Wolf C0f is chasing: A0m
Wolf C0 f is ready to mate
Wolf C4f is running away from: LionA5
Wolf C4 is Hungry
Wolf C4f is chasing: A0m
Wolf C4 f is ready to mate
Rabbit A4 is Thirsty
Rabbit A4 drank water
Rabbit A4f is running away from: LionA5
Rabbit A4f is running away from: WolfC4
Rabbit A4 is Hungry
Rabbit A4f ate
Rabbit B4 is Thirsty
Rabbit B4 drank water
Rabbit B4m is running away from: LionA5
Rabbit B4m is running away from: WolfC4
Rabbit B4 is Hungry
Rabbit B4 m is ready to mate
Not enough female Rabbits or Female Rabbit partners are not ready yet!
Rabbit A0m is running away from: LionA5
Rabbit A0m is running away from: WolfC4
Rabbit A0 m is ready to mate
Not enough female Rabbits or Female Rabbit partners are not ready yet!
Rabbit C5 is Thirsty
Rabbit C5 drank water
Rabbit C5f is running away from: LionA5
Rabbit C5f is running away from: WolfC4
Rabbit C5 is Hungry
Rabbit C5f ate
Rabbit B3m is running away from: LionA5
Rabbit B3m is running away from: WolfC4
Rabbit B3 is Hungry
Rabbit B3m ate
Rabbit B3 m is ready to mate
Not enough female Rabbits or Female Rabbit partners are not ready yet!
Rabbit B4f is running away from: LionA5
Rabbit B4f is running away from: WolfC4
Rabbit B4 is Hungry
Rabbit B0f is running away from: LionA5
Rabbit B0f is running away from: WolfC4
Wolf C0f is running away from: LionA5
Wolf C0 is Hungry
Wolf C0f is chasing: A0m
Wolf C0 f is ready to mate
Wolf C4f is running away from: LionA5
Wolf C4 is Hungry
Wolf C4f is chasing: A0m
Wolf C4 f is ready to mate
Rabbit A4 is Thirsty
Rabbit A4 drank water
Rabbit A4f is running away from: LionA5
Rabbit A4f is running away from: WolfC4
Rabbit B4 is Thirsty
Rabbit B4 drank water
Rabbit B4m is running away from: LionA5
Rabbit B4m is running away from: WolfC4
Rabbit B4 is Hungry
RabbitB4m died of hunger
Rabbit B4 m is ready to mate
Not enough female Rabbits or Female Rabbit partners are not ready yet!
Rabbit A0m is running away from: LionA5
Rabbit A0m is running away from: WolfC4
Rabbit A0 is Hungry
Rabbit A0m ate
Rabbit A0 m is ready to mate
Not enough female Rabbits or Female Rabbit partners are not ready yet!
Rabbit C5 is Thirsty
Rabbit C5 drank water
Rabbit C5f is running away from: LionA5
Rabbit C5f is running away from: WolfC4
Rabbit B3 is Thirsty
Rabbit B3 drank water
Rabbit B3m is running away from: LionB4
Rabbit B3m is running away from: WolfC4
Rabbit B3 m is ready to mate
Not enough female Rabbits or Female Rabbit partners are not ready yet!
Rabbit B4f is running away from: LionA5
Rabbit B4f is running away from: WolfC4
Rabbit B4 is Hungry
Rabbit B4f ate
Rabbit B4 f is ready to mate
Rabbit B0f is running away from: LionA5
Rabbit B0f is running away from: WolfC4
Rabbit B0 is Hungry
Rabbit B0f ate
Wolf C0f is running away from: LionA5
Wolf C0 is Hungry
Wolf C0f is chasing: A0m
Wolf C0 f is ready to mate
Wolf C4f is running away from: LionA5
Wolf C4 is Hungry
WolfC4f died of hunger
Wolf C4f is chasing: A0m
Wolf C4 f is ready to mate
Rabbit A4 is Thirsty
Rabbit A4 drank water
Rabbit A4f is running away from: LionA5
Rabbit A4f is running away from: WolfC0
Rabbit A4 is Hungry
Rabbit A4f ate
Rabbit A0m is running away from: LionA5
Rabbit A0m is running away from: WolfC0
Rabbit A0 m is ready to mate
Rabbit A0 m is approaching partner: Rabbit B4f
Rabbit C5 is Thirsty
Rabbit C5 drank water
Rabbit C5f is running away from: LionA5
Rabbit C5f is running away from: WolfC0
Rabbit C5 is Hungry
Rabbit C5f ate
Rabbit C5 f is ready to mate
Rabbit B3 is Thirsty
Rabbit B3 drank water
Rabbit B3m is running away from: LionA2
Rabbit B3m is running away from: WolfC0
Rabbit B3 is Hungry
Rabbit B3m ate
Rabbit B3 m is ready to mate
Rabbit B3 m is approaching partner: Rabbit C5f
Rabbit B4f is running away from: LionA2
Rabbit B4f is running away from: WolfC0
Rabbit B4 f is ready to mate
Rabbit B0f is running away from: LionA2
Rabbit B0f is running away from: WolfC0
Wolf C0f is running away from: LionA5
Wolf C0 is Hungry
WolfC0f died of hunger
Wolf C0f is chasing: A0m
Wolf C0 is Thirsty
Wolf C0drank water
Wolf C0 f is ready to mate
Rabbit A4 is Thirsty
Rabbit A4 drank water
Rabbit A4f is running away from: LionA5
Rabbit A0m is running away from: LionA5
Rabbit A0 is Hungry
Rabbit A0 m is ready to mate
Rabbit A0 m is approaching partner: Rabbit C5f
Rabbit C5 is Thirsty
Rabbit C5 drank water
Rabbit C5f is running away from: LionA5
Rabbit C5 f is ready to mate
Rabbit B3 is Thirsty
Rabbit B3 drank water
Rabbit B3m is running away from: LionB4
Rabbit B3 m is ready to mate
Rabbit B3 m is approaching partner: Rabbit C5f
Rabbit B4f is running away from: LionA2
Rabbit B4 is Hungry
Rabbit B4f ate
Rabbit B4 f is ready to mate
Rabbit B0f is running away from: LionA2
Rabbit B0 is Hungry
Lion A2 is Thirsty
Lion A2 drank water
Lion A2 m is ready to mate
No Female Lion Partner or Female Lion partners are not ready to mate Yet!
Lion B5 is Thirsty
Lion B5 drank water
Lion B5 m is ready to mate
No Female Lion Partner or Female Lion partners are not ready to mate Yet!
Lion B4 is Thirsty
Lion B4 drank water
Lion B4 m is ready to mate
No Female Lion Partner or Female Lion partners are not ready to mate Yet!
Lion A5 is Thirsty
Lion A5 drank water
Lion A5 m is ready to mate
No Female Lion Partner or Female Lion partners are not ready to mate Yet!
Lion B0 is Thirsty
Lion B0 drank water
Lion B0 m is ready to mate
No Female Lion Partner or Female Lion partners are not ready to mate Yet!
Rabbit A4 is Thirsty
Rabbit A4 drank water
Rabbit A4f is running away from: LionA5
Rabbit A4 is Hungry
Rabbit A4f ate
Rabbit A0m is running away from: LionA5
Rabbit A0 is Hungry
Rabbit A0m ate
Rabbit A0 m is ready to mate
Rabbit A0 m is approaching partner: Rabbit C5f
Rabbit C5 is Thirsty
Rabbit C5 drank water
Rabbit C5f is running away from: LionA5
Rabbit C5 is Hungry
Rabbit C5 f is ready to mate
Rabbit B3 is Thirsty
Rabbit B3 drank water
Rabbit B3m is running away from: LionA2
Rabbit B3 is Hungry
Rabbit B3 m is ready to mate
Rabbit B3 m is approaching partner: Rabbit C5f
Rabbit B4f is running away from: LionA2
Rabbit B4 f is ready to mate
Rabbit B0f is running away from: LionA5
Rabbit B0 is Hungry
Rabbit B0f ate
Lion A2 is Thirsty
Lion A2 drank water
Lion A2 m is ready to mate
No Female Lion Partner or Female Lion partners are not ready to mate Yet!
Lion B5 is Thirsty
Lion B5 drank water
Lion B5 m is ready to mate
No Female Lion Partner or Female Lion partners are not ready to mate Yet!
Lion B4 is Thirsty
Lion B4 drank water
Lion B4 m is ready to mate
No Female Lion Partner or Female Lion partners are not ready to mate Yet!
Lion A5 is Thirsty
Lion A5 drank water
Lion A5 m is ready to mate
No Female Lion Partner or Female Lion partners are not ready to mate Yet!
Lion B0 is Thirsty
Lion B0 drank water
Lion B0 m is ready to mate
No Female Lion Partner or Female Lion partners are not ready to mate Yet!
Rabbit A4 is Thirsty
Rabbit A4 drank water
Rabbit A4f is running away from: LionA5
Rabbit A0m is running away from: LionA5
Rabbit A0 m is ready to mate
Rabbit A0 m is approaching partner: Rabbit C5f
Rabbit C5 is Thirsty
Rabbit C5 drank water
Rabbit C5f is running away from: LionA5
Rabbit C5 is Hungry
Rabbit C5f ate
Rabbit C5 f is ready to mate
Rabbit B3 is Thirsty
Rabbit B3 drank water
Rabbit B3m is running away from: LionA2
Rabbit B3 is Hungry
Rabbit B3m ate
Rabbit B3 m is ready to mate
Rabbit B3 m is approaching partner: Rabbit C5f
Rabbit B4f is running away from: LionA2
Rabbit B4 is Hungry
Rabbit B4 f is ready to mate
Rabbit B0f is running away from: LionA5
Lion A2 is Thirsty
Lion A2 drank water
Lion A2 m is ready to mate
No Female Lion Partner or Female Lion partners are not ready to mate Yet!
Lion B5 is Thirsty
Lion B5 drank water
Lion B5 m is ready to mate
No Female Lion Partner or Female Lion partners are not ready to mate Yet!
Lion B4 is Thirsty
Lion B4 drank water
Lion B4 m is ready to mate
No Female Lion Partner or Female Lion partners are not ready to mate Yet!
Lion A5 is Thirsty
Lion A5 drank water
Lion A5 m is ready to mate
No Female Lion Partner or Female Lion partners are not ready to mate Yet!
Lion B0 is Thirsty
Lion B0 drank water
Lion B0 m is ready to mate
No Female Lion Partner or Female Lion partners are not ready to mate Yet!
Rabbit A4 is Thirsty
Rabbit A4 drank water
Rabbit A4f is running away from: LionA5
Rabbit A4 is Hungry
Rabbit A4f ate
Rabbit A4 f is ready to mate
Rabbit A0m is running away from: LionA5
Rabbit A0 is Hungry
Rabbit A0m ate
Rabbit A0 m is ready to mate
Rabbit A0 m is approaching partner: Rabbit A4f
Rabbit C5 is Thirsty
Rabbit C5 drank water
Rabbit C5f is running away from: LionA5
Rabbit C5 f is ready to mate
Rabbit B3 is Thirsty
Rabbit B3 drank water
Rabbit B3m is running away from: LionA2
Rabbit B3 m is ready to mate
Rabbit B3 m is approaching partner: Rabbit C5f
Rabbit B4 is Thirsty
Rabbit B4 drank water
Rabbit B4f is running away from: LionA2
Rabbit B4 is Hungry
Rabbit B4f ate
Rabbit B4 f is ready to mate
Rabbit B0f is running away from: LionA2
Rabbit B0 is Hungry
Rabbit B0f ate
Rabbit B0 f is ready to mate
Lion A2 is Thirsty
Lion A2 drank water
Lion A2 m is ready to mate
No Female Lion Partner or Female Lion partners are not ready to mate Yet!
Lion B5 is Thirsty
Lion B5 drank water
Lion B5 m is ready to mate
No Female Lion Partner or Female Lion partners are not ready to mate Yet!
Lion B4 is Thirsty
Lion B4 drank water
Lion B4 m is ready to mate
No Female Lion Partner or Female Lion partners are not ready to mate Yet!
Lion A5 is Thirsty
Lion A5 drank water
Lion A5 m is ready to mate
No Female Lion Partner or Female Lion partners are not ready to mate Yet!
Lion B0 is Thirsty
Lion B0 drank water
Lion B0 m is ready to mate
No Female Lion Partner or Female Lion partners are not ready to mate Yet!
Rabbit A4 is Thirsty
Rabbit A4 drank water
Rabbit A4f is running away from: LionA5
Rabbit A4 f is ready to mate
Rabbit A0 is Thirsty
Rabbit A0 drank water
Rabbit A0m is running away from: LionA5
Rabbit A0 m is ready to mate
Rabbit A0 m is approaching partner: Rabbit A4f
Rabbit C5 is Thirsty
Rabbit C5 drank water
Rabbit C5f is running away from: LionA5
Rabbit C5 is Hungry
Rabbit C5f ate
Rabbit C5 f is ready to mate
Rabbit B3 is Thirsty
Rabbit B3 drank water
Rabbit B3m is running away from: LionA2
Rabbit B3 is Hungry
Rabbit B3m ate
Rabbit B3 m is ready to mate
Rabbit B3 m is approaching partner: Rabbit B0f
Rabbit B4 is Thirsty
Rabbit B4 drank water
Rabbit B4f is running away from: LionA2
Rabbit B4 f is ready to mate
Rabbit B0f is running away from: LionA5
Rabbit B0 f is ready to mate
Lion A2 is Thirsty
Lion A2 drank water
Lion A2 m is ready to mate
No Female Lion Partner or Female Lion partners are not ready to mate Yet!
Lion B5 is Thirsty
Lion B5 drank water
Lion B5 m is ready to mate
No Female Lion Partner or Female Lion partners are not ready to mate Yet!
Lion B4 is Thirsty
Lion B4 drank water
Lion B4 m is ready to mate
No Female Lion Partner or Female Lion partners are not ready to mate Yet!
Lion A5 is Thirsty
Lion A5 drank water
Lion A5 m is ready to mate
No Female Lion Partner or Female Lion partners are not ready to mate Yet!
Lion B0 is Thirsty
Lion B0 drank water
Lion B0 m is ready to mate
No Female Lion Partner or Female Lion partners are not ready to mate Yet!
Rabbit A4 is Thirsty
Rabbit A4 drank water
Rabbit A4f is running away from: LionA5
Rabbit A4 is Hungry
Rabbit A4 f is ready to mate
Rabbit A0m is running away from: LionA5
Rabbit A0 is Hungry
Rabbit A0 m is ready to mate
Rabbit A0 m is approaching partner: Rabbit A4f
Rabbit C5 is Thirsty
Rabbit C5 drank water
Rabbit C5f is running away from: LionA5
Rabbit C5 f is ready to mate
Rabbit B3 is Thirsty
Rabbit B3 drank water
Rabbit B3m is running away from: LionA2
Rabbit B3 m is ready to mate
Rabbit B3 m is approaching partner: Rabbit B0f
Rabbit A5 m was born!Father is B3 and Mother is B0
Rabbit B4 is Thirsty
Rabbit B4 drank water
Rabbit B4f is running away from: LionA2
Rabbit B4 is Hungry
Rabbit B4f ate
Rabbit B4 f is ready to mate
Rabbit B0f is running away from: LionA2
Rabbit B0 is Hungry
Lion A2 is Thirsty
Lion A2 drank water
Lion A2 m is ready to mate
No Female Lion Partner or Female Lion partners are not ready to mate Yet!
Lion B5 is Thirsty
Lion B5 drank water
Lion B5 m is ready to mate
No Female Lion Partner or Female Lion partners are not ready to mate Yet!
Lion B4 is Thirsty
Lion B4 drank water
Lion B4 m is ready to mate
No Female Lion Partner or Female Lion partners are not ready to mate Yet!
Lion A5 is Thirsty
Lion A5 drank water
Lion A5 m is ready to mate
No Female Lion Partner or Female Lion partners are not ready to mate Yet!
Lion B0 is Thirsty
Lion B0 drank water
Lion B0 m is ready to mate
No Female Lion Partner or Female Lion partners are not ready to mate Yet!
Rabbit A4 is Thirsty
Rabbit A4 drank water
Rabbit A4f is running away from: LionA5
Rabbit A4 is Hungry
Rabbit A4 f is ready to mate
Rabbit A0m is running away from: LionA5
Rabbit A0 is Hungry
Rabbit A0 m is ready to mate
Rabbit A0 m is approaching partner: Rabbit A4f
Rabbit C5 is Thirsty
Rabbit C5 drank water
Rabbit C5f is running away from: LionA5
Rabbit C5 is Hungry
Rabbit C5f ate
Rabbit C5 f is ready to mate
Rabbit B3 is Thirsty
Rabbit B3 drank water
Rabbit B3m is running away from: LionA2
Rabbit B3 is Hungry
Rabbit B3m ate
Rabbit B3 m is ready to mate
Rabbit B3 m is approaching partner: Rabbit C5f
Rabbit B4 is Thirsty
Rabbit B4 drank water
Rabbit B4f is running away from: LionA2
Rabbit B4 f is ready to mate
Rabbit B0 is Thirsty
Rabbit B0 drank water
Rabbit B0f is running away from: LionA5
Rabbit B0 is Hungry
Rabbit A5m is running away from: LionA2
Lion A2 is Thirsty
Lion A2 drank water
Lion A2 m is ready to mate
No Female Lion Partner or Female Lion partners are not ready to mate Yet!
Lion B5 is Thirsty
Lion B5 drank water
Lion B5 m is ready to mate
No Female Lion Partner or Female Lion partners are not ready to mate Yet!
Lion B4 is Thirsty
Lion B4 drank water
Lion B4 m is ready to mate
No Female Lion Partner or Female Lion partners are not ready to mate Yet!
Lion A5 is Thirsty
Lion A5 drank water
Lion A5 m is ready to mate
No Female Lion Partner or Female Lion partners are not ready to mate Yet!
Lion B0 is Thirsty
Lion B0 drank water
Lion B0 m is ready to mate
No Female Lion Partner or Female Lion partners are not ready to mate Yet!
Rabbit A4 is Thirsty
Rabbit A4 drank water
Rabbit A4f is running away from: LionA5
Rabbit A4 is Hungry
RabbitA4f died of hunger
Rabbit A4 f is ready to mate
Rabbit A0m is running away from: LionA5
Rabbit A0 is Hungry
RabbitA0m died of hunger
Rabbit A0 m is ready to mate
Rabbit A0 m is approaching partner: Rabbit C5f
Rabbit C5 is Thirsty
Rabbit C5 drank water
Rabbit C5f is running away from: LionA5
Rabbit C5 f is ready to mate
Rabbit B3m is running away from: LionA5
Rabbit B3 m is ready to mate
Rabbit B3 m is approaching partner: Rabbit C5f
Rabbit A0 f was born!Father is B3 and Mother is C5
Rabbit B4 is Thirsty
Rabbit B4 drank water
Rabbit B4f is running away from: LionA2
Rabbit B4 is Hungry
Rabbit B4f ate
Rabbit B4 f is ready to mate
Rabbit B0 is Thirsty
Rabbit B0 drank water
Rabbit B0f is running away from: LionA2
Rabbit B0 is Hungry
RabbitB0f died of hunger
Rabbit A5m is running away from: LionA5
Rabbit A5 is Hungry
Lion A2 is Thirsty
Lion A2 drank water
Lion A2 m is ready to mate
No Female Lion Partner or Female Lion partners are not ready to mate Yet!
Lion B5 is Thirsty
Lion B5 drank water
Lion B5 m is ready to mate
No Female Lion Partner or Female Lion partners are not ready to mate Yet!
Lion B4 is Thirsty
Lion B4 drank water
Lion B4 m is ready to mate
No Female Lion Partner or Female Lion partners are not ready to mate Yet!
Lion A5 is Thirsty
Lion A5 drank water
Lion A5 m is ready to mate
No Female Lion Partner or Female Lion partners are not ready to mate Yet!
Lion B0 is Thirsty
Lion B0 drank water
Lion B0 m is ready to mate
No Female Lion Partner or Female Lion partners are not ready to mate Yet!
Rabbit C5 is Thirsty
Rabbit C5 drank water
Rabbit C5f is running away from: LionA5
Rabbit C5 is Hungry
Rabbit C5f ate
Rabbit B3m is running away from: LionA5
Rabbit B3 is Hungry
Rabbit B3m ate
Rabbit B3 m is ready to mate
Rabbit B3 m is approaching partner: Rabbit B4f
Rabbit B4 is Thirsty
Rabbit B4 drank water
Rabbit B4f is running away from: LionA2
Rabbit B4 f is ready to mate
Rabbit A5m is running away from: LionA5
Rabbit A5 is Hungry
Rabbit A5m ate
Rabbit A0f is running away from: LionA5
Lion A2 is Thirsty
Lion A2 drank water
Lion A2 m is ready to mate
No Female Lion Partner or Female Lion partners are not ready to mate Yet!
Lion B5 is Thirsty
Lion B5 drank water
Lion B5 m is ready to mate
No Female Lion Partner or Female Lion partners are not ready to mate Yet!
Lion B4 is Thirsty
Lion B4 drank water
Lion B4 m is ready to mate
No Female Lion Partner or Female Lion partners are not ready to mate Yet!
Lion A5 is Thirsty
Lion A5 drank water
Lion A5 m is ready to mate
No Female Lion Partner or Female Lion partners are not ready to mate Yet!
Lion B0 is Thirsty
Lion B0 drank water
Lion B0 m is ready to mate
No Female Lion Partner or Female Lion partners are not ready to mate Yet!
Rabbit C5 is Thirsty
Rabbit C5 drank water
Rabbit C5f is running away from: LionB5
Rabbit B3m is running away from: LionA2
Rabbit B3 m is ready to mate
Rabbit B3 m is approaching partner: Rabbit B4f
Rabbit C2 m was born!Father is B3 and Mother is B4
Rabbit B4 is Thirsty
Rabbit B4 drank water
Rabbit B4f is running away from: LionA5
Rabbit B4 is Hungry
Rabbit A5m is running away from: LionA5
Rabbit A0f is running away from: LionA5
Rabbit A0 is Hungry
Lion A2 is Thirsty
Lion A2 drank water
Lion A2 m is ready to mate
No Female Lion Partner or Female Lion partners are not ready to mate Yet!
Lion B5 is Thirsty
Lion B5 drank water
Lion B5 m is ready to mate
No Female Lion Partner or Female Lion partners are not ready to mate Yet!
Lion B4 is Thirsty
Lion B4 drank water
Lion B4 m is ready to mate
No Female Lion Partner or Female Lion partners are not ready to mate Yet!
Lion A5 m is ready to mate
No Female Lion Partner or Female Lion partners are not ready to mate Yet!
Lion B0 is Thirsty
Lion B0 drank water
Lion B0 m is ready to mate
No Female Lion Partner or Female Lion partners are not ready to mate Yet!
Rabbit C5 is Thirsty
Rabbit C5 drank water
Rabbit C5f is running away from: LionA5
Rabbit C5 is Hungry
Rabbit B3m is running away from: LionA5
Rabbit B3 is Hungry
Rabbit B3 m is ready to mate
Not enough female Rabbits or Female Rabbit partners are not ready yet!
Rabbit B4 is Thirsty
Rabbit B4 drank water
Rabbit B4f is running away from: LionA2
Rabbit B4 is Hungry
Rabbit A5m is running away from: LionB5
Rabbit A5 is Hungry
Rabbit A0f is running away from: LionB5
Rabbit A0 is Hungry
Rabbit C2m is running away from: LionA5
Lion A2 is Thirsty
Lion A2 drank water
Lion A2 m is ready to mate
No Female Lion Partner or Female Lion partners are not ready to mate Yet!
Lion B5 is Thirsty
Lion B5 drank water
Lion B5 m is ready to mate
No Female Lion Partner or Female Lion partners are not ready to mate Yet!
Lion B4 is Thirsty
Lion B4 drank water
Lion B4 m is ready to mate
No Female Lion Partner or Female Lion partners are not ready to mate Yet!
Lion A5 m is ready to mate
No Female Lion Partner or Female Lion partners are not ready to mate Yet!
Lion B0 is Thirsty
Lion B0 drank water
Lion B0 m is ready to mate
No Female Lion Partner or Female Lion partners are not ready to mate Yet!
Rabbit C5 is Thirsty
Rabbit C5 drank water
Rabbit C5f is running away from: LionB5
Rabbit C5 is Hungry
Rabbit C5f ate
Rabbit B3m is running away from: LionA5
Rabbit B3 is Hungry
Rabbit B3 m is ready to mate
Not enough female Rabbits or Female Rabbit partners are not ready yet!
Rabbit B4 is Thirsty
Rabbit B4 drank water
Rabbit B4f is running away from: LionA2
Rabbit B4 is Hungry
RabbitB4f died of hunger
Rabbit A5m is running away from: LionA5
Rabbit A5 is Hungry
Rabbit A5m ate
Rabbit A5 m is ready to mate
Not enough female Rabbits or Female Rabbit partners are not ready yet!
Rabbit A0f is running away from: LionA2
Rabbit A0 is Hungry
RabbitA0f died of hunger
Rabbit C2m is running away from: LionA2
Rabbit C2 is Hungry
Lion A2 is Thirsty
Lion A2 drank water
Lion A2 m is ready to mate
No Female Lion Partner or Female Lion partners are not ready to mate Yet!
Lion B5 is Thirsty
Lion B5 drank water
Lion B5 m is ready to mate
No Female Lion Partner or Female Lion partners are not ready to mate Yet!
Lion B4 is Thirsty
Lion B4 drank water
Lion B4 m is ready to mate
No Female Lion Partner or Female Lion partners are not ready to mate Yet!
Lion A5 m is ready to mate
No Female Lion Partner or Female Lion partners are not ready to mate Yet!
Lion B0 is Thirsty
Lion B0 drank water
Lion B0 m is ready to mate
No Female Lion Partner or Female Lion partners are not ready to mate Yet!
Rabbit C5 is Thirsty
Rabbit C5 drank water
Rabbit C5f is running away from: LionB5
Rabbit B3m is running away from: LionA2
Rabbit B3 is Hungry
RabbitB3m died of hunger
Rabbit B3 m is ready to mate
Not enough female Rabbits or Female Rabbit partners are not ready yet!
Rabbit A5m is running away from: LionA2
Rabbit A5 m is ready to mate
Not enough female Rabbits or Female Rabbit partners are not ready yet!
Rabbit C2m is running away from: LionA5
Rabbit C2 is Hungry
Lion A2 is Thirsty
Lion A2 drank water
Lion A2 m is ready to mate
No Female Lion Partner or Female Lion partners are not ready to mate Yet!
Lion B5 is Thirsty
Lion B5 drank water
Lion B5 m is ready to mate
No Female Lion Partner or Female Lion partners are not ready to mate Yet!
Lion B4 is Thirsty
Lion B4 drank water
Lion B4 m is ready to mate
No Female Lion Partner or Female Lion partners are not ready to mate Yet!
Lion A5 m is ready to mate
No Female Lion Partner or Female Lion partners are not ready to mate Yet!
Lion B0 is Thirsty
Lion B0 drank water
Lion B0 m is ready to mate
No Female Lion Partner or Female Lion partners are not ready to mate Yet!
Rabbit C5 is Thirsty
Rabbit C5 drank water
Rabbit C5f is running away from: LionB5
Rabbit C5 is Hungry
Rabbit C5f ate
Rabbit C5 f is ready to mate
Rabbit A5m is running away from: LionB5
Rabbit A5 is Hungry
Rabbit A5 m is ready to mate
Rabbit A5 m is approaching partner: Rabbit C5f
Rabbit C2m is running away from: LionA5
Rabbit C2 is Hungry
RabbitC2m died of hunger
Lion A2 is Thirsty
Lion A2 drank water
Lion A2 m is ready to mate
No Female Lion Partner or Female Lion partners are not ready to mate Yet!
Lion B5 is Thirsty
Lion B5 drank water
Lion B5 m is ready to mate
No Female Lion Partner or Female Lion partners are not ready to mate Yet!
Lion B4 is Thirsty
Lion B4 drank water
Lion B4 m is ready to mate
No Female Lion Partner or Female Lion partners are not ready to mate Yet!
Lion A5 m is ready to mate
No Female Lion Partner or Female Lion partners are not ready to mate Yet!
Lion B0 is Thirsty
Lion B0 drank water
Lion B0 m is ready to mate
No Female Lion Partner or Female Lion partners are not ready to mate Yet!
Rabbit C5 is Thirsty
Rabbit C5 drank water
Rabbit C5f is running away from: LionB5
Rabbit C5 f is ready to mate
Rabbit A5m is running away from: LionB5
Rabbit A5 is Hungry
Rabbit A5 m is ready to mate
Rabbit A5 m is approaching partner: Rabbit C5f
Lion A2 is Thirsty
Lion A2 drank water
Lion A2 m is ready to mate
No Female Lion Partner or Female Lion partners are not ready to mate Yet!
Lion B5 is Thirsty
Lion B5 drank water
Lion B5 m is ready to mate
No Female Lion Partner or Female Lion partners are not ready to mate Yet!
Lion B4 is Thirsty
Lion B4 drank water
Lion B4 m is ready to mate
No Female Lion Partner or Female Lion partners are not ready to mate Yet!
Lion A5 m is ready to mate
No Female Lion Partner or Female Lion partners are not ready to mate Yet!
Lion B0 is Thirsty
Lion B0 drank water
Lion B0 m is ready to mate
No Female Lion Partner or Female Lion partners are not ready to mate Yet!
Rabbit C5 is Thirsty
Rabbit C5 drank water
Rabbit C5f is running away from: LionA2
Rabbit C5 is Hungry
Rabbit C5 f is ready to mate
Rabbit A5 is Thirsty
Rabbit A5 drank water
Rabbit A5m is running away from: LionB5
Rabbit A5 is Hungry
RabbitA5m died of hunger
Rabbit A5 m is ready to mate
Rabbit A5 m is approaching partner: Rabbit C5f
Lion A2 is Thirsty
Lion A2 drank water
Lion A2 m is ready to mate
No Female Lion Partner or Female Lion partners are not ready to mate Yet!
Lion B5 is Thirsty
Lion B5 drank water
Lion B5 m is ready to mate
No Female Lion Partner or Female Lion partners are not ready to mate Yet!
Lion B4 is Thirsty
Lion B4 drank water
Lion B4 m is ready to mate
No Female Lion Partner or Female Lion partners are not ready to mate Yet!
Lion A5 m is ready to mate
No Female Lion Partner or Female Lion partners are not ready to mate Yet!
Lion B0 m is ready to mate
No Female Lion Partner or Female Lion partners are not ready to mate Yet!
Rabbit C5 is Thirsty
Rabbit C5 drank water
Rabbit C5f is running away from: LionA2
Rabbit C5 is Hungry
Rabbit C5f ate
Rabbit C5 f is ready to mate
Lion A2 is Thirsty
Lion A2 drank water
Lion A2 m is ready to mate
No Female Lion Partner or Female Lion partners are not ready to mate Yet!
Lion B5 is Thirsty
Lion B5 drank water
Lion B5 m is ready to mate
No Female Lion Partner or Female Lion partners are not ready to mate Yet!
Lion B4 is Thirsty
Lion B4 drank water
Lion B4 m is ready to mate
No Female Lion Partner or Female Lion partners are not ready to mate Yet!
Lion A5 m is ready to mate
No Female Lion Partner or Female Lion partners are not ready to mate Yet!
Lion B0 m is ready to mate
No Female Lion Partner or Female Lion partners are not ready to mate Yet!
Rabbit C5 is Thirsty
Rabbit C5 drank water
Rabbit C5f is running away from: LionB5
Rabbit C5 f is ready to mate
Lion A2 is Thirsty
Lion A2 drank water
Lion A2 m is ready to mate
No Female Lion Partner or Female Lion partners are not ready to mate Yet!
Lion B5 m is ready to mate
No Female Lion Partner or Female Lion partners are not ready to mate Yet!
Lion B4 is Thirsty
Lion B4 drank water
Lion B4 m is ready to mate
No Female Lion Partner or Female Lion partners are not ready to mate Yet!
Lion A5 m is ready to mate
No Female Lion Partner or Female Lion partners are not ready to mate Yet!
Lion B0 m is ready to mate
No Female Lion Partner or Female Lion partners are not ready to mate Yet!
Rabbit C5 is Thirsty
Rabbit C5 drank water
Rabbit C5f is running away from: LionB5
Rabbit C5 is Hungry
Rabbit C5f ate
Rabbit C5 f is ready to mate
Lion A2 is Thirsty
Lion A2 drank water
Lion A2 m is ready to mate
No Female Lion Partner or Female Lion partners are not ready to mate Yet!
Lion B5 m is ready to mate
No Female Lion Partner or Female Lion partners are not ready to mate Yet!
Lion B4 is Thirsty
Lion B4 drank water
Lion B4 m is ready to mate
No Female Lion Partner or Female Lion partners are not ready to mate Yet!
Lion A5 m is ready to mate
No Female Lion Partner or Female Lion partners are not ready to mate Yet!
Lion B0 m is ready to mate
No Female Lion Partner or Female Lion partners are not ready to mate Yet!
Rabbit C5 is Thirsty
Rabbit C5 drank water
Rabbit C5f is running away from: LionA2
Rabbit C5 f is ready to mate
Lion A2 is Thirsty
Lion A2 drank water
Lion A2 m is ready to mate
No Female Lion Partner or Female Lion partners are not ready to mate Yet!
Lion B5 m is ready to mate
No Female Lion Partner or Female Lion partners are not ready to mate Yet!
Lion B4 is Thirsty
Lion B4 drank water
Lion B4 m is ready to mate
No Female Lion Partner or Female Lion partners are not ready to mate Yet!
Lion A5 m is ready to mate
No Female Lion Partner or Female Lion partners are not ready to mate Yet!
Lion B0 m is ready to mate
No Female Lion Partner or Female Lion partners are not ready to mate Yet!
Rabbit C5 is Thirsty
Rabbit C5 drank water
Rabbit C5f is running away from: LionB5
Rabbit C5 is Hungry
Rabbit C5f ate
Rabbit C5 f is ready to mate
Lion A2 is Thirsty
Lion A2 drank water
Lion A2 m is ready to mate
No Female Lion Partner or Female Lion partners are not ready to mate Yet!
Lion B5 m is ready to mate
No Female Lion Partner or Female Lion partners are not ready to mate Yet!
Lion B4 is Thirsty
Lion B4 drank water
Lion B4 m is ready to mate
No Female Lion Partner or Female Lion partners are not ready to mate Yet!
Lion A5 m is ready to mate
No Female Lion Partner or Female Lion partners are not ready to mate Yet!
Lion B0 m is ready to mate
No Female Lion Partner or Female Lion partners are not ready to mate Yet!
Rabbit C5f is running away from: LionA2
Rabbit C5 f is ready to mate
Lion A2 is Thirsty
Lion A2 drank water
Lion A2 m is ready to mate
No Female Lion Partner or Female Lion partners are not ready to mate Yet!
Lion B5 m is ready to mate
No Female Lion Partner or Female Lion partners are not ready to mate Yet!
Lion B4 is Thirsty
Lion B4 drank water
Lion B4 m is ready to mate
No Female Lion Partner or Female Lion partners are not ready to mate Yet!
Lion A5 m is ready to mate
No Female Lion Partner or Female Lion partners are not ready to mate Yet!
Lion B0 m is ready to mate
No Female Lion Partner or Female Lion partners are not ready to mate Yet!
Rabbit C5f is running away from: LionA2
Rabbit C5 is Hungry
Rabbit C5f ate
Rabbit C5 f is ready to mate
Lion A2 is Thirsty
Lion A2 drank water
Lion A2 m is ready to mate
No Female Lion Partner or Female Lion partners are not ready to mate Yet!
Lion B5 m is ready to mate
No Female Lion Partner or Female Lion partners are not ready to mate Yet!
Lion B4 is Thirsty
Lion B4 drank water
Lion B4 m is ready to mate
No Female Lion Partner or Female Lion partners are not ready to mate Yet!
Lion A5 m is ready to mate
No Female Lion Partner or Female Lion partners are not ready to mate Yet!
Lion B0 m is ready to mate
No Female Lion Partner or Female Lion partners are not ready to mate Yet!
Rabbit C5f is running away from: LionA2
Rabbit C5 f is ready to mate
Lion A2 is Thirsty
Lion A2 drank water
Lion A2 m is ready to mate
No Female Lion Partner or Female Lion partners are not ready to mate Yet!
Lion B5 m is ready to mate
No Female Lion Partner or Female Lion partners are not ready to mate Yet!
Lion B4 is Thirsty
Lion B4 drank water
Lion B4 m is ready to mate
No Female Lion Partner or Female Lion partners are not ready to mate Yet!
Lion A5 m is ready to mate
No Female Lion Partner or Female Lion partners are not ready to mate Yet!
Lion B0 m is ready to mate
No Female Lion Partner or Female Lion partners are not ready to mate Yet!
Rabbit C5f is running away from: LionA2
Rabbit C5 is Hungry
Rabbit C5f ate
Rabbit C5 f is ready to mate
Lion A2 is Thirsty
Lion A2 drank water
Lion A2 m is ready to mate
No Female Lion Partner or Female Lion partners are not ready to mate Yet!
Lion B5 m is ready to mate
No Female Lion Partner or Female Lion partners are not ready to mate Yet!
Lion B4 is Thirsty
Lion B4 drank water
Lion B4 m is ready to mate
No Female Lion Partner or Female Lion partners are not ready to mate Yet!
Lion A5 m is ready to mate
No Female Lion Partner or Female Lion partners are not ready to mate Yet!
Lion B0 m is ready to mate
No Female Lion Partner or Female Lion partners are not ready to mate Yet!
Rabbit C5f is running away from: LionA2
Rabbit C5 f is ready to mate
Lion A2 is Thirsty
Lion A2 drank water
Lion A2 m is ready to mate
No Female Lion Partner or Female Lion partners are not ready to mate Yet!
Lion B5 m is ready to mate
No Female Lion Partner or Female Lion partners are not ready to mate Yet!
Lion B4 is Thirsty
Lion B4 drank water
Lion B4 m is ready to mate
No Female Lion Partner or Female Lion partners are not ready to mate Yet!
Lion A5 m is ready to mate
No Female Lion Partner or Female Lion partners are not ready to mate Yet!
Lion B0 m is ready to mate
No Female Lion Partner or Female Lion partners are not ready to mate Yet!
Rabbit C5f is running away from: LionA2
Rabbit C5 is Hungry
Rabbit C5f ate
Rabbit C5 f is ready to mate
Lion A2 is Thirsty
Lion A2 drank water
Lion A2 m is ready to mate
No Female Lion Partner or Female Lion partners are not ready to mate Yet!
Lion B5 m is ready to mate
No Female Lion Partner or Female Lion partners are not ready to mate Yet!
Lion B4 is Thirsty
Lion B4 drank water
Lion B4 m is ready to mate
No Female Lion Partner or Female Lion partners are not ready to mate Yet!
Lion A5 m is ready to mate
No Female Lion Partner or Female Lion partners are not ready to mate Yet!
Lion B0 m is ready to mate
No Female Lion Partner or Female Lion partners are not ready to mate Yet!
Rabbit C5f is running away from: LionA2
Rabbit C5 f is ready to mate
Lion A2 is Thirsty
Lion A2 drank water
Lion A2 m is ready to mate
No Female Lion Partner or Female Lion partners are not ready to mate Yet!
Lion B5 m is ready to mate
No Female Lion Partner or Female Lion partners are not ready to mate Yet!
Lion B4 is Thirsty
Lion B4 drank water
Lion B4 m is ready to mate
No Female Lion Partner or Female Lion partners are not ready to mate Yet!
Lion A5 m is ready to mate
No Female Lion Partner or Female Lion partners are not ready to mate Yet!
Lion B0 m is ready to mate
No Female Lion Partner or Female Lion partners are not ready to mate Yet!
Rabbit C5f is running away from: LionA2
Rabbit C5 is Hungry
Rabbit C5 f is ready to mate
Lion A2 is Thirsty
Lion A2 drank water
Lion A2 m is ready to mate
No Female Lion Partner or Female Lion partners are not ready to mate Yet!
Lion B5 m is ready to mate
No Female Lion Partner or Female Lion partners are not ready to mate Yet!
Lion B4 is Thirsty
Lion B4 drank water
Lion B4 m is ready to mate
No Female Lion Partner or Female Lion partners are not ready to mate Yet!
Lion A5 is Thirsty
Lion A5 drank water
Lion A5 m is ready to mate
No Female Lion Partner or Female Lion partners are not ready to mate Yet!
Lion B0 m is ready to mate
No Female Lion Partner or Female Lion partners are not ready to mate Yet!
Rabbit C5f is running away from: LionB5
Rabbit C5 is Hungry
Rabbit C5 f is ready to mate
Lion A2 is Thirsty
Lion A2 drank water
Lion A2 m is ready to mate
No Female Lion Partner or Female Lion partners are not ready to mate Yet!
Lion B5 m is ready to mate
No Female Lion Partner or Female Lion partners are not ready to mate Yet!
Lion B4 is Thirsty
Lion B4 drank water
Lion B4 m is ready to mate
No Female Lion Partner or Female Lion partners are not ready to mate Yet!
Lion A5 m is ready to mate
No Female Lion Partner or Female Lion partners are not ready to mate Yet!
Lion B0 m is ready to mate
No Female Lion Partner or Female Lion partners are not ready to mate Yet!
Rabbit C5 is Thirsty
Rabbit C5 drank water
Rabbit C5f is running away from: LionA2
Rabbit C5 is Hungry
RabbitC5f died of hunger
Rabbit C5 f is ready to mate
Lion A2 is Thirsty
Lion A2 drank water
Lion A2 is Hungry
Lion B5 is Hungry
Lion B4 is Thirsty
Lion B4 drank water
Lion B4 is Hungry
Lion A5 is Hungry
Lion B0 is Hungry
Lion A2 is Thirsty
Lion A2 drank water
Lion A2 is Hungry
Lion B5 is Hungry
Lion B4 is Thirsty
Lion B4 drank water
Lion B4 is Hungry
Lion A5 is Hungry
Lion B0 is Hungry
Lion A2 is Thirsty
Lion A2 drank water
Lion A2 is Hungry
Lion B5 is Hungry
Lion B4 is Thirsty
Lion B4 drank water
Lion B4 is Hungry
Lion A5 is Hungry
Lion B0 is Hungry
Lion A2 is Thirsty
Lion A2 drank water
Lion A2 is Hungry
Lion B5 is Hungry
Lion B4 is Thirsty
Lion B4 drank water
Lion B4 is Hungry
Lion A5 is Hungry
Lion B0 is Hungry
Lion A2 is Thirsty
Lion A2 drank water
Lion A2 is Hungry
Lion B5 is Hungry
Lion B4 is Thirsty
Lion B4 drank water
Lion B4 is Hungry
Lion A5 is Hungry
Lion B0 is Thirsty
Lion B0 drank water
Lion B0 is Hungry
Lion A2 is Thirsty
Lion A2 drank water
Lion A2 is Hungry
Lion B5 is Hungry
Lion B4 is Thirsty
Lion B4 drank water
Lion B4 is Hungry
Lion A5 is Hungry
Lion B0 is Hungry
Lion A2 is Thirsty
Lion A2 drank water
Lion A2 is Hungry
Lion B5 is Thirsty
Lion B5 drank water
Lion B5 is Hungry
Lion B4 is Thirsty
Lion B4 drank water
Lion B4 is Hungry
Lion A5 is Hungry
Lion B0 is Hungry
Lion A2 is Thirsty
Lion A2 drank water
Lion A2 is Hungry
Lion B5 is Hungry
Lion B4 is Thirsty
Lion B4 drank water
Lion B4 is Hungry
Lion A5 is Hungry
Lion B0 is Hungry
Lion A2 is Thirsty
Lion A2 drank water
Lion A2 is Hungry
Lion B5 is Hungry
Lion B4 is Thirsty
Lion B4 drank water
Lion B4 is Hungry
Lion A5 is Hungry
Lion B0 is Hungry
Lion A2 is Thirsty
Lion A2 drank water
Lion A2 is Hungry
Lion B5 is Hungry
Lion B4 is Thirsty
Lion B4 drank water
Lion B4 is Hungry
Lion A5 is Hungry
Lion B0 is Hungry
Lion A2 is Thirsty
Lion A2 drank water
Lion A2 is Hungry
Lion B5 is Hungry
Lion B4 is Thirsty
Lion B4 drank water
Lion B4 is Hungry
Lion A5 is Hungry
Lion B0 is Hungry
Lion A2 is Thirsty
Lion A2 drank water
Lion A2 is Hungry
Lion B5 is Hungry
Lion B4 is Thirsty
Lion B4 drank water
Lion B4 is Hungry
Lion A5 is Hungry
Lion B0 is Hungry
Lion A2 is Thirsty
Lion A2 drank water
Lion A2 is Hungry
Lion B5 is Hungry
Lion B4 is Thirsty
Lion B4 drank water
Lion B4 is Hungry
Lion A5 is Hungry
Lion B0 is Hungry
Lion A2 is Thirsty
Lion A2 drank water
Lion A2 is Hungry
Lion B5 is Hungry
Lion B4 is Thirsty
Lion B4 drank water
Lion B4 is Hungry
Lion A5 is Hungry
Lion B0 is Hungry
Lion A2 is Thirsty
Lion A2 drank water
Lion A2 is Hungry
Lion B5 is Hungry
Lion B4 is Thirsty
Lion B4 drank water
Lion B4 is Hungry
Lion A5 is Hungry
Lion B0 is Hungry
Lion A2 is Thirsty
Lion A2 drank water
Lion A2 is Hungry
Lion B5 is Hungry
Lion B4 is Thirsty
Lion B4 drank water
Lion B4 is Hungry
Lion A5 is Hungry
Lion B0 is Hungry
Lion A2 is Thirsty
Lion A2 drank water
Lion A2 is Hungry
Lion B5 is Hungry
Lion B4 is Thirsty
Lion B4 drank water
Lion B4 is Hungry
Lion A5 is Hungry
Lion B0 is Hungry
Lion A2 is Thirsty
Lion A2 drank water
Lion A2 is Hungry
Lion B5 is Hungry
Lion B4 is Thirsty
Lion B4 drank water
Lion B4 is Hungry
Lion A5 is Hungry
Lion B0 is Hungry
Lion A2 is Thirsty
Lion A2 drank water
Lion A2 is Hungry
Lion B5 is Hungry
Lion B4 is Thirsty
Lion B4 drank water
Lion B4 is Hungry
Lion A5 is Thirsty
Lion A5 drank water
Lion A5 is Hungry
Lion B0 is Hungry
Lion A2 is Thirsty
Lion A2 drank water
Lion A2 is Hungry
Lion B5 is Hungry
Lion B4 is Thirsty
Lion B4 drank water
Lion B4 is Hungry
Lion A5 is Hungry
Lion B0 is Hungry
Lion A2 is Thirsty
Lion A2 drank water
Lion A2 is Hungry
Lion B5 is Hungry
Lion B4 is Thirsty
Lion B4 drank water
Lion B4 is Hungry
Lion A5 is Hungry
Lion B0 is Hungry
Lion A2 is Thirsty
Lion A2 drank water
Lion A2 is Hungry
Lion B5 is Hungry
Lion B4 is Thirsty
Lion B4 drank water
Lion B4 is Hungry
Lion A5 is Hungry
Lion B0 is Hungry
Lion A2 is Thirsty
Lion A2 drank water
Lion A2 is Hungry
Lion B5 is Hungry
Lion B4 is Thirsty
Lion B4 drank water
Lion B4 is Hungry
Lion A5 is Hungry
Lion B0 is Hungry
Lion A2 is Thirsty
Lion A2 drank water
Lion A2 is Hungry
Lion B5 is Hungry
Lion B4 is Thirsty
Lion B4 drank water
Lion B4 is Hungry
Lion A5 is Hungry
Lion B0 is Hungry
Lion A2 is Thirsty
Lion A2 drank water
Lion A2 is Hungry
Lion B5 is Hungry
Lion B4 is Thirsty
Lion B4 drank water
Lion B4 is Hungry
Lion A5 is Hungry
Lion B0 is Thirsty
Lion B0 drank water
Lion B0 is Hungry
Lion A2 is Thirsty
Lion A2 drank water
Lion A2 is Hungry
Lion B5 is Hungry
Lion B4 is Thirsty
Lion B4 drank water
Lion B4 is Hungry
Lion A5 is Hungry
Lion B0 is Hungry
Lion A2 is Thirsty
Lion A2 drank water
Lion A2 is Hungry
Lion B5 is Thirsty
Lion B5 drank water
Lion B5 is Hungry
Lion B4 is Thirsty
Lion B4 drank water
Lion B4 is Hungry
Lion A5 is Hungry
Lion B0 is Hungry
Lion A2 is Thirsty
Lion A2 drank water
Lion A2 is Hungry
Lion B5 is Hungry
Lion B4 is Thirsty
Lion B4 drank water
Lion B4 is Hungry
Lion A5 is Hungry
Lion B0 is Hungry
Lion A2 is Thirsty
Lion A2 drank water
Lion A2 is Hungry
Lion B5 is Hungry
Lion B4 is Thirsty
Lion B4 drank water
Lion B4 is Hungry
Lion A5 is Hungry
Lion B0 is Hungry
Lion A2 is Thirsty
Lion A2 drank water
Lion A2 is Hungry
Lion B5 is Hungry
Lion B4 is Thirsty
Lion B4 drank water
Lion B4 is Hungry
Lion A5 is Hungry
Lion B0 is Hungry
Lion A2 is Thirsty
Lion A2 drank water
Lion A2 is Hungry
Lion B5 is Hungry
Lion B4 is Thirsty
Lion B4 drank water
Lion B4 is Hungry
Lion A5 is Hungry
Lion B0 is Hungry
Lion A2 is Thirsty
Lion A2 drank water
Lion A2 is Hungry
Lion B5 is Hungry
Lion B4 is Thirsty
Lion B4 drank water
Lion B4 is Hungry
Lion A5 is Hungry
Lion B0 is Hungry
Lion A2 is Thirsty
Lion A2 drank water
Lion A2 is Hungry
Lion B5 is Hungry
Lion B4 is Thirsty
Lion B4 drank water
Lion B4 is Hungry
Lion A5 is Hungry
Lion B0 is Hungry
Lion A2 is Thirsty
Lion A2 drank water
Lion A2 is Hungry
Lion B5 is Hungry
Lion B4 is Thirsty
Lion B4 drank water
Lion B4 is Hungry
Lion A5 is Hungry
Lion B0 is Hungry
Lion A2 is Thirsty
Lion A2 drank water
Lion A2 is Hungry
Lion B5 is Hungry
Lion B4 is Thirsty
Lion B4 drank water
Lion B4 is Hungry
Lion A5 is Hungry
Lion B0 is Hungry
Lion A2 is Thirsty
Lion A2 drank water
Lion A2 is Hungry
Lion B5 is Hungry
Lion B4 is Thirsty
Lion B4 drank water
Lion B4 is Hungry
Lion A5 is Hungry
Lion B0 is Hungry
Lion A2 is Thirsty
Lion A2 drank water
Lion A2 is Hungry
Lion B5 is Hungry
Lion B4 is Thirsty
Lion B4 drank water
Lion B4 is Hungry
Lion A5 is Hungry
Lion B0 is Hungry
Lion A2 is Thirsty
Lion A2 drank water
Lion A2 is Hungry
Lion B5 is Hungry
Lion B4 is Thirsty
Lion B4 drank water
Lion B4 is Hungry
Lion A5 is Hungry
Lion B0 is Hungry
Lion A2 is Thirsty
Lion A2 drank water
Lion A2 is Hungry
Lion B5 is Hungry
Lion B4 is Thirsty
Lion B4 drank water
Lion B4 is Hungry
Lion A5 is Thirsty
Lion A5 drank water
Lion A5 is Hungry
Lion B0 is Hungry
Lion A2 is Thirsty
Lion A2 drank water
Lion A2 is Hungry
Lion B5 is Hungry
Lion B4 is Thirsty
Lion B4 drank water
Lion B4 is Hungry
Lion A5 is Hungry
Lion B0 is Hungry
Lion A2 is Thirsty
Lion A2 drank water
Lion A2 is Hungry
Lion B5 is Hungry
Lion B4 is Thirsty
Lion B4 drank water
Lion B4 is Hungry
Lion A5 is Hungry
Lion B0 is Hungry
Lion A2 is Thirsty
Lion A2 drank water
Lion A2 is Hungry
Lion B5 is Hungry
Lion B4 is Thirsty
Lion B4 drank water
Lion B4 is Hungry
Lion A5 is Hungry
Lion B0 is Hungry
Lion A2 is Thirsty
Lion A2 drank water
Lion A2 is Hungry
Lion B5 is Hungry
Lion B4 is Thirsty
Lion B4 drank water
Lion B4 is Hungry
Lion A5 is Hungry
Lion B0 is Hungry
Lion A2 is Thirsty
Lion A2 drank water
Lion A2 is Hungry
Lion B5 is Hungry
Lion B4 is Thirsty
Lion B4 drank water
Lion B4 is Hungry
Lion A5 is Hungry
Lion B0 is Hungry
Lion A2 is Thirsty
Lion A2 drank water
Lion A2 is Hungry
Lion B5 is Hungry
Lion B4 is Thirsty
Lion B4 drank water
Lion B4 is Hungry
Lion A5 is Hungry
Lion B0 is Thirsty
Lion B0 drank water
Lion B0 is Hungry
Lion A2 is Thirsty
Lion A2 drank water
Lion A2 is Hungry
Lion B5 is Hungry
Lion B4 is Thirsty
Lion B4 drank water
Lion B4 is Hungry
Lion A5 is Hungry
Lion B0 is Hungry
Lion A2 is Thirsty
Lion A2 drank water
Lion A2 is Hungry
Lion B5 is Thirsty
Lion B5 drank water
Lion B5 is Hungry
Lion B4 is Thirsty
Lion B4 drank water
Lion B4 is Hungry
Lion A5 is Hungry
Lion B0 is Hungry
Lion A2 is Thirsty
Lion A2 drank water
Lion A2 is Hungry
Lion B5 is Hungry
Lion B4 is Thirsty
Lion B4 drank water
Lion B4 is Hungry
Lion A5 is Hungry
Lion B0 is Hungry
Lion A2 is Thirsty
Lion A2 drank water
Lion A2 is Hungry
Lion B5 is Hungry
Lion B4 is Thirsty
Lion B4 drank water
Lion B4 is Hungry
Lion A5 is Hungry
Lion B0 is Hungry
Lion A2 is Thirsty
Lion A2 drank water
Lion A2 is Hungry
Lion B5 is Hungry
Lion B4 is Thirsty
Lion B4 drank water
Lion B4 is Hungry
Lion A5 is Hungry
Lion B0 is Hungry
Lion A2 is Thirsty
Lion A2 drank water
Lion A2 is Hungry
LionA2m died of hunger
Lion B5 is Hungry
LionB5m died of hunger
Lion B4 is Thirsty
Lion B4 drank water
Lion B4 is Hungry
LionB4m died of hunger
Lion A5 is Hungry
LionA5m died of hunger
Lion B0 is Hungry
LionB0m died of hunger
