Wolf C4f is running away from: LionB0
Wolf C4f ate!
Wolf B2f is running away from: LionB3
Wolf A1f is running away from: LionB3
Wolf B3f is running away from: LionC5
Wolf B2f is running away from: LionA3
Wolf A3f is running away from: LionC5
Wolf A2m is running away from: LionB3
Wolf B5m is running away from: LionB3
Rabbit B4m is running away from: LionB3
Rabbit B4m is running away from: WolfA2
Rabbit B4f is running away from: LionA3
Rabbit B4f is running away from: WolfC4
Rabbit B2m is running away from: LionB3
Rabbit B2m is running away from: WolfA3
Rabbit C0f is running away from: LionA3
Rabbit C0f is running away from: WolfB2
Rabbit C1f is running away from: LionA3
Rabbit C1f is running away from: WolfC4
Rabbit A5f is running away from: LionB3
Rabbit A5f is running away from: WolfA2
Rabbit C4f is running away from: LionC5
Rabbit C4f is running away from: WolfA2
Rabbit A1m is running away from: LionC5
Rabbit A1m is running away from: WolfB2
Rabbit C3m is running away from: LionA3
Rabbit C3m is running away from: WolfB2
Rabbit C5f is running away from: LionA3
Rabbit C5f is running away from: WolfB2
Rabbit A0m is running away from: LionA3
Rabbit A0m is running away from: WolfB2
Rabbit A3m is running away from: LionB3
Rabbit A3m is running away from: WolfB2
Rabbit A0m is running away from: LionC5
Rabbit A0m is running away from: WolfA3
Rabbit C5f is running away from: LionB0
Rabbit C5f is running away from: WolfC4
Rabbit A1f is running away from: LionA3
Rabbit A1f is running away from: WolfB2
Rabbit B1m is running away from: LionB0
Rabbit B1m is running away from: WolfC4
Rabbit B5m is running away from: LionB3
Rabbit B5m is running away from: WolfA2
Rabbit C2f is running away from: LionB3
Rabbit C2f is running away from: WolfA2
Rabbit C5f is running away from: LionB3
Rabbit C5f is running away from: WolfA2
Wolf C4f is running away from: LionA3
Wolf B2f is running away from: LionB0
Wolf A1f is running away from: LionB0
Wolf B3f is running away from: LionC5
Wolf B2f is running away from: LionA3
Wolf A3f is running away from: LionC5
Wolf A2m is running away from: LionB3
Wolf B5m is running away from: LionB3
Rabbit B4m is running away from: LionB3
Rabbit B4m is running away from: WolfA2
Rabbit B4 is Hungry
Rabbit B4m ate
Rabbit B4 m is ready to mate
Rabbit B4 m is approaching partner: Rabbit C5f
Rabbit B4f is running away from: LionA3
Rabbit B4f is running away from: WolfC4
Rabbit B4 is Hungry
Rabbit B4f ate
Rabbit B4 f is ready to mate
Rabbit B2m is running away from: LionB3
Rabbit B2m is running away from: WolfA2
Rabbit B2 is Hungry
Rabbit B2m ate
Rabbit B2 m is ready to mate
Rabbit B2 m is approaching partner: Rabbit C4f
Rabbit C0f is running away from: LionA3
Rabbit C0f is running away from: WolfB2
Rabbit C0 is Hungry
Rabbit C0f ate
Rabbit C0 f is ready to mate
Rabbit C1f is running away from: LionA3
Rabbit C1f is running away from: WolfB2
Rabbit C1 is Hungry
Rabbit C1f ate
Rabbit C1 f is ready to mate
Rabbit A5f is running away from: LionB3
Rabbit A5f is running away from: WolfA2
Rabbit A5 is Hungry
Rabbit A5f ate
Rabbit A5 f is ready to mate
Rabbit C4f is running away from: LionC5
Rabbit C4f is running away from: WolfA2
Rabbit C4 is Hungry
Rabbit C4f ate
Rabbit C4 f is ready to mate
Rabbit A1m is running away from: LionB3
Rabbit A1m is running away from: WolfB2
Rabbit A1 is Hungry
Rabbit A1m ate
Rabbit A1 m is ready to mate
Rabbit A1 m is approaching partner: Rabbit C4f
Rabbit C3m is running away from: LionA3
Rabbit C3m is running away from: WolfB2
Rabbit C3 is Hungry
Rabbit C3 m is ready to mate
Rabbit C3 m is approaching partner: Rabbit C0f
Rabbit C5f is running away from: LionA3
Rabbit C5f is running away from: WolfB2
Rabbit C5 is Hungry
Rabbit C5f ate
Rabbit C5 f is ready to mate
Rabbit A0m is running away from: LionA3
Rabbit A0m is running away from: WolfB2
Rabbit A0 is Hungry
Rabbit A0m ate
Rabbit A0 m is ready to mate
Rabbit A0 m is approaching partner: Rabbit C0f
Rabbit C2 m was born!Father is A0 and Mother is C0
Rabbit A3m is running away from: LionB3
Rabbit A3m is running away from: WolfB2
Rabbit A3 is Hungry
Rabbit A3m ate
Rabbit A3 m is ready to mate
Rabbit A3 m is approaching partner: Rabbit A1f
Rabbit A0m is running away from: LionC5
Rabbit A0m is running away from: WolfA3
Rabbit A0 is Hungry
Rabbit A0m ate
Rabbit A0 m is ready to mate
Rabbit A0 m is approaching partner: Rabbit A1f
Rabbit C5f is running away from: LionB0
Rabbit C5f is running away from: WolfC4
Rabbit C5 is Hungry
Rabbit C5f ate
Rabbit C5 f is ready to mate
Rabbit A1f is running away from: LionA3
Rabbit A1f is running away from: WolfB2
Rabbit A1 is Hungry
Rabbit A1f ate
Rabbit A1 f is ready to mate
Rabbit B1m is running away from: LionB0
Rabbit B1m is running away from: WolfC4
Rabbit B1 is Hungry
Rabbit B1m ate
Rabbit B1 m is ready to mate
Rabbit B1 m is approaching partner: Rabbit C1f
Rabbit B5m is running away from: LionB3
Rabbit B5m is running away from: WolfA2
Rabbit B5 is Hungry
Rabbit B5m ate
Rabbit B5 m is ready to mate
Rabbit B5 m is approaching partner: Rabbit C5f
Rabbit C2 f was born!Father is B5 and Mother is C5
Rabbit C2f is running away from: LionB3
Rabbit C2f is running away from: WolfA2
Rabbit C2 is Hungry
Rabbit C2f ate
Rabbit C2 f is ready to mate
Rabbit C5f is running away from: LionB3
Rabbit C5f is running away from: WolfA2
Rabbit C5 is Hungry
Rabbit C5f ate
Wolf C4f is running away from: LionA3
Wolf B2f is running away from: LionB3
Wolf B2f ate!
Wolf A1f is running away from: LionB0
Wolf B3f is running away from: LionC5
Wolf B2f is running away from: LionA3
Wolf A3f is running away from: LionC5
Wolf A2m is running away from: LionC5
Wolf B5m is running away from: LionB3
Rabbit B4m is running away from: LionB3
Rabbit B4m is running away from: WolfA2
Rabbit B4 m is ready to mate
Rabbit B4 m is approaching partner: Rabbit A5f
Rabbit B4f is running away from: LionA3
Rabbit B4f is running away from: WolfC4
Rabbit B4 f is ready to mate
Rabbit B2m is running away from: LionC5
Rabbit B2m is running away from: WolfA2
Rabbit B2 m is ready to mate
Rabbit B2 m is approaching partner: Rabbit C4f
Rabbit C0f is running away from: LionA3
Rabbit C0f is running away from: WolfB2
Rabbit C1f is running away from: LionA3
Rabbit C1f is running away from: WolfB2
Rabbit C1 f is ready to mate
Rabbit A5f is running away from: LionB3
Rabbit A5f is running away from: WolfA2
Rabbit A5 f is ready to mate
Rabbit C4f is running away from: LionC5
Rabbit C4f is running away from: WolfA2
Rabbit C4 f is ready to mate
Rabbit A1m is running away from: LionC5
Rabbit A1m is running away from: WolfB2
Rabbit A1 m is ready to mate
Rabbit A1 m is approaching partner: Rabbit C4f
Rabbit C3m is running away from: LionA3
Rabbit C3m is running away from: WolfB2
Rabbit C3 is Hungry
Rabbit C3m ate
Rabbit C3 m is ready to mate
Rabbit C3 m is approaching partner: Rabbit C5f
Rabbit C5f is running away from: LionA3
Rabbit C5f is running away from: WolfB2
Rabbit C5 f is ready to mate
Rabbit A0m is running away from: LionA3
Rabbit A0m is running away from: WolfB2
Rabbit A0 m is ready to mate
Rabbit A0 m is approaching partner: Rabbit C5f
Rabbit A0m is running away from: LionA3
Rabbit A0m is running away from: WolfA3
Rabbit A0 m is ready to mate
Rabbit A0 m is approaching partner: Rabbit A1f
Rabbit C5f is running away from: LionB0
Rabbit C5f is running away from: WolfC4
Rabbit C5 f is ready to mate
Rabbit A1f is running away from: LionA3
Rabbit A1f is running away from: WolfB2
Rabbit A1 f is ready to mate
Rabbit B1m is running away from: LionB0
Rabbit B1m is running away from: WolfB2
Rabbit B1 m is ready to mate
Rabbit B1 m is approaching partner: Rabbit C1f
Rabbit B5m is running away from: LionB3
Rabbit B5m is running away from: WolfA2
Rabbit B5 m is ready to mate
Rabbit B5 m is approaching partner: Rabbit A5f
Rabbit C2f is running away from: LionB3
Rabbit C2f is running away from: WolfA2
Rabbit C2 f is ready to mate
Rabbit C5f is running away from: LionB3
Rabbit C5f is running away from: WolfA2
Rabbit C2m is running away from: LionA3
Rabbit C2m is running away from: WolfB2
Rabbit C2f is running away from: LionB3
Rabbit C2f is running away from: WolfA2
Wolf C4f is running away from: LionA3
Wolf B2f is running away from: LionB3
Wolf A1f is running away from: LionB3
Wolf B3f is running away from: LionC5
Wolf B2f is running away from: LionA3
Wolf A3f is running away from: LionC5
Wolf A2m is running away from: LionB3
Wolf B5m is running away from: LionB3
Rabbit B4m is running away from: LionB3
Rabbit B4m is running away from: WolfA2
Rabbit B4 is Hungry
Rabbit B4 m is ready to mate
Rabbit B4 m is approaching partner: Rabbit A5f
Rabbit B4f is running away from: LionA3
Rabbit B4f is running away from: WolfC4
Rabbit B4 is Hungry
Rabbit B4f ate
Rabbit B4 f is ready to mate
Rabbit B2m is running away from: LionC5
Rabbit B2m is running away from: WolfA2
Rabbit B2 is Hungry
Rabbit B2m ate
Rabbit B2 m is ready to mate
Rabbit B2 m is approaching partner: Rabbit C4f
Rabbit C5 f was born!Father is B2 and Mother is C4
Rabbit C0f is running away from: LionA3
Rabbit C0f is running away from: WolfA1
Rabbit C0 is Hungry
Rabbit C1f is running away from: LionA3
Rabbit C1f is running away from: WolfB2
Rabbit C1 is Hungry
Rabbit C1f ate
Rabbit C1 f is ready to mate
Rabbit A5f is running away from: LionB3
Rabbit A5f is running away from: WolfA2
Rabbit A5 is Hungry
Rabbit A5f ate
Rabbit A5 f is ready to mate
Rabbit C4f is running away from: LionC5
Rabbit C4f is running away from: WolfB2
Rabbit C4 is Hungry
Rabbit C4f ate
Rabbit A1m is running away from: LionC5
Rabbit A1m is running away from: WolfB2
Rabbit A1 is Hungry
Rabbit A1m ate
Rabbit A1 m is ready to mate
Rabbit A1 m is approaching partner: Rabbit A1f
Rabbit C3m is running away from: LionA3
Rabbit C3m is running away from: WolfA1
Rabbit C3 m is ready to mate
Rabbit C3 m is approaching partner: Rabbit C5f
Rabbit C5f is running away from: LionA3
Rabbit C5f is running away from: WolfA1
Rabbit C5 is Hungry
Rabbit C5f ate
Rabbit C5 f is ready to mate
Rabbit A0m is running away from: LionA3
Rabbit A0m is running away from: WolfA1
Rabbit A0 is Hungry
Rabbit A0 m is ready to mate
Rabbit A0 m is approaching partner: Rabbit C5f
Rabbit A0m is running away from: LionA3
Rabbit A0m is running away from: WolfA3
Rabbit A0 is Hungry
Rabbit A0m ate
Rabbit A0 m is ready to mate
Rabbit A0 m is approaching partner: Rabbit A1f
Rabbit A2 m was born!Father is A0 and Mother is A1
Rabbit C5f is running away from: LionB0
Rabbit C5f is running away from: WolfC4
Rabbit C5 is Hungry
Rabbit C5 f is ready to mate
Rabbit A1f is running away from: LionA3
Rabbit A1f is running away from: WolfA3
Rabbit A1 is Hungry
Rabbit A1f ate
Rabbit B1m is running away from: LionA3
Rabbit B1m is running away from: WolfB2
Rabbit B1 is Hungry
Rabbit B1m ate
Rabbit B1 m is ready to mate
Rabbit B1 m is approaching partner: Rabbit C1f
Rabbit B5m is running away from: LionB3
Rabbit B5m is running away from: WolfA2
Rabbit B5 is Hungry
Rabbit B5 m is ready to mate
Rabbit B5 m is approaching partner: Rabbit A5f
Rabbit C2f is running away from: LionB3
Rabbit C2f is running away from: WolfA2
Rabbit C2 is Hungry
Rabbit C2 f is ready to mate
Rabbit C5f is running away from: LionB3
Rabbit C5f is running away from: WolfA2
Rabbit C5 is Hungry
Rabbit C2m is running away from: LionA3
Rabbit C2m is running away from: WolfA1
Rabbit C2 is Hungry
Rabbit C2f is running away from: LionB3
Rabbit C2f is running away from: WolfA2
Rabbit C2 is Hungry
Wolf C4f is running away from: LionA3
Wolf B2f is running away from: LionB3
Wolf A1f is running away from: LionB3
Wolf B3f is running away from: LionC5
Wolf B2f is running away from: LionA3
Wolf A3f is running away from: LionB3
Wolf A2m is running away from: LionC5
Wolf B5m is running away from: LionB3
Rabbit B4m is running away from: LionB3
Rabbit B4m is running away from: WolfA2
Rabbit B4 is Hungry
Rabbit B4 m is ready to mate
Rabbit B4 m is approaching partner: Rabbit A5f
Rabbit B4f is running away from: LionA3
Rabbit B4f is running away from: WolfC4
Rabbit B4 f is ready to mate
Rabbit B2m is running away from: LionC5
Rabbit B2m is running away from: WolfA3
Rabbit B2 m is ready to mate
Rabbit B2 m is approaching partner: Rabbit C5f
Rabbit C0f is running away from: LionA3
Rabbit C0f is running away from: WolfA1
Rabbit C0 is Hungry
Rabbit C1f is running away from: LionB0
Rabbit C1f is running away from: WolfB2
Rabbit C1 f is ready to mate
Rabbit A5f is running away from: LionB3
Rabbit A5f is running away from: WolfA2
Rabbit A5 f is ready to mate
Rabbit C4f is running away from: LionC5
Rabbit C4f is running away from: WolfA3
Rabbit A1m is running away from: LionC5
Rabbit A1m is running away from: WolfB2
Rabbit A1 m is ready to mate
Rabbit A1 m is approaching partner: Rabbit C5f
Rabbit C3m is running away from: LionA3
Rabbit C3m is running away from: WolfA1
Rabbit C3 is Hungry
Rabbit C3 m is ready to mate
Rabbit C3 m is approaching partner: Rabbit C5f
Rabbit C5f is running away from: LionA3
Rabbit C5f is running away from: WolfA1
Rabbit C5 f is ready to mate
Rabbit A0m is running away from: LionA3
Rabbit A0m is running away from: WolfA1
Rabbit A0 is Hungry
Rabbit A0 m is ready to mate
Rabbit A0 m is approaching partner: Rabbit C5f
Rabbit A0m is running away from: LionB3
Rabbit A0m is running away from: WolfB2
Rabbit A0 m is ready to mate
Rabbit A0 m is approaching partner: Rabbit C5f
Rabbit C5f is running away from: LionB0
Rabbit C5f is running away from: WolfC4
Rabbit C5 is Hungry
Rabbit C5 f is ready to mate
Rabbit A1f is running away from: LionA3
Rabbit A1f is running away from: WolfA3
Rabbit B1m is running away from: LionB0
Rabbit B1m is running away from: WolfB2
Rabbit B1 m is ready to mate
Rabbit B1 m is approaching partner: Rabbit C1f
Rabbit B5m is running away from: LionB3
Rabbit B5m is running away from: WolfA2
Rabbit B5 is Hungry
Rabbit B5 m is ready to mate
Rabbit B5 m is approaching partner: Rabbit A5f
Rabbit C2f is running away from: LionB3
Rabbit C2f is running away from: WolfA2
Rabbit C2 is Hungry
Rabbit C2 f is ready to mate
Rabbit C5f is running away from: LionB3
Rabbit C5f is running away from: WolfA2
Rabbit C5 is Hungry
Rabbit C2m is running away from: LionA3
Rabbit C2m is running away from: WolfA1
Rabbit C2 is Hungry
Rabbit C2 m is ready to mate
Rabbit C2 m is approaching partner: Rabbit C5f
Rabbit C2f is running away from: LionB3
Rabbit C2f is running away from: WolfA2
Rabbit C2 is Hungry
Rabbit C2 f is ready to mate
Rabbit C5f is running away from: LionC5
Rabbit C5f is running away from: WolfA2
Rabbit A2m is running away from: LionA3
Rabbit A2m is running away from: WolfB2
Lion A3 m is ready to mate
Lion C5 m is ready to mate
Lion B3 f is ready to mate
Lion B3 m is ready to mate
Lion B0 m is ready to mate
Wolf C4f is running away from: LionA3
Wolf B2f is running away from: LionB3
Wolf A1f is running away from: LionB3
Wolf A1 is Hungry
Wolf A1f is chasing: A2m
Wolf B3f is running away from: LionB3
Wolf B3 is Hungry
Wolf B3f is chasing: A1m
Wolf B2f is running away from: LionA3
Wolf B2 is Hungry
Wolf B2f is chasing: C1f
Wolf A3f is running away from: LionB3
Wolf A3 is Hungry
Wolf A3f is chasing: B2m
Wolf A2m is running away from: LionB3
Wolf A2 is Hungry
Wolf A2m is chasing: C4f
Wolf B5m is running away from: LionB0
Wolf B5 is Hungry
Wolf B5m is chasing: A2m
Rabbit B4m is running away from: LionB3
Rabbit B4m is running away from: WolfA2
Rabbit B4 is Hungry
Rabbit B4 m is ready to mate
Rabbit B4 m is approaching partner: Rabbit C2f
Rabbit B4f is running away from: LionA3
Rabbit B4f is running away from: WolfC4
Rabbit B4 is Hungry
Rabbit B4 f is ready to mate
Rabbit B2m is running away from: LionC5
Rabbit B2m is running away from: WolfA3
Rabbit B2 is Hungry
Rabbit B2m ate
Rabbit B2 m is ready to mate
Rabbit B2 m is approaching partner: Rabbit C5f
Rabbit C0f is running away from: LionA3
Rabbit C0f is running away from: WolfA1
Rabbit C0 is Hungry
Rabbit C0 f is ready to mate
Rabbit C1f is running away from: LionA3
Rabbit C1f is running away from: WolfB2
Rabbit C1 is Hungry
Rabbit C1f ate
Rabbit C1 f is ready to mate
Rabbit A5f is running away from: LionB3
Rabbit A5f is running away from: WolfA2
Rabbit A5 is Hungry
Rabbit A5 f is ready to mate
Rabbit C4f is running away from: LionC5
Rabbit C4f is running away from: WolfA3
Rabbit C4 is Hungry
Rabbit A1m is running away from: LionB3
Rabbit A1m is running away from: WolfB2
Rabbit A1 is Hungry
Rabbit A1m ate
Rabbit A1 m is ready to mate
Rabbit A1 m is approaching partner: Rabbit C0f
Rabbit C3m is running away from: LionA3
Rabbit C3m is running away from: WolfA1
Rabbit C3 is Hungry
Rabbit C3 m is ready to mate
Rabbit C3 m is approaching partner: Rabbit C5f
Rabbit C5f is running away from: LionA3
Rabbit C5f is running away from: WolfA1
Rabbit C5 is Hungry
Rabbit C5 f is ready to mate
Rabbit A0m is running away from: LionA3
Rabbit A0m is running away from: WolfA1
Rabbit A0 is Hungry
Rabbit A0 m is ready to mate
Rabbit A0 m is approaching partner: Rabbit C5f
Rabbit A0m is running away from: LionA3
Rabbit A0m is running away from: WolfA1
Rabbit A0 is Hungry
Rabbit A0 m is ready to mate
Rabbit A0 m is approaching partner: Rabbit C0f
Rabbit C5f is running away from: LionA3
Rabbit C5f is running away from: WolfC4
Rabbit C5 is Hungry
Rabbit C5 f is ready to mate
Rabbit A1f is running away from: LionA3
Rabbit A1f is running away from: WolfA1
Rabbit A1 is Hungry
Rabbit B1m is running away from: LionA3
Rabbit B1m is running away from: WolfB2
Rabbit B1 is Hungry
Rabbit B1 m is ready to mate
Rabbit B1 m is approaching partner: Rabbit C1f
Rabbit B5m is running away from: LionB3
Rabbit B5m is running away from: WolfA2
Rabbit B5 is Hungry
Rabbit B5 m is ready to mate
Rabbit B5 m is approaching partner: Rabbit C2f
Rabbit C2f is running away from: LionB3
Rabbit C2f is running away from: WolfA2
Rabbit C2 is Hungry
Rabbit C2 f is ready to mate
Rabbit C5f is running away from: LionB3
Rabbit C5f is running away from: WolfA2
Rabbit C5 is Hungry
Rabbit C5 f is ready to mate
Rabbit C2m is running away from: LionA3
Rabbit C2m is running away from: WolfA1
Rabbit C2 is Hungry
Rabbit C2 m is ready to mate
Rabbit C2 m is approaching partner: Rabbit C0f
Rabbit C2f is running away from: LionB3
Rabbit C2f is running away from: WolfA2
Rabbit C2 is Hungry
Rabbit C2 f is ready to mate
Rabbit C5f is running away from: LionB3
Rabbit C5f is running away from: WolfA3
Rabbit C5 is Hungry
Rabbit C5 f is ready to mate
Rabbit A2m is running away from: LionA3
Rabbit A2m is running away from: WolfA1
Rabbit A2 is Hungry
Lion A3 m is ready to mate
Lion C5 m is ready to mate
Lion B3 f is ready to mate
Lion B3 m is ready to mate
Lion B0 m is ready to mate
Wolf C4f is running away from: LionA3
Wolf C4 is Hungry
Wolf C4f is chasing: C5f
Wolf B2f is running away from: LionB3
Wolf A1f is running away from: LionA3
Wolf A1 is Hungry
Wolf A1f is chasing: A0m
Wolf A1f ate!
Wolf B3f is running away from: LionB3
Wolf B3 is Hungry
Wolf B3f is chasing: C5f
Wolf B2f is running away from: LionB0
Wolf B2 is Hungry
Wolf B2f is chasing: C1f
Wolf A3f is running away from: LionC5
Wolf A3 is Hungry
Wolf A3f is chasing: B2m
Wolf A2m is running away from: LionC5
Wolf A2 is Hungry
Wolf A2m is chasing: C4f
Wolf B5m is running away from: LionB0
Wolf B5 is Hungry
Wolf B5m is chasing: C0f
Rabbit B4m is running away from: LionB3
Rabbit B4m is running away from: WolfA2
Rabbit B4 is Hungry
Rabbit B4 m is ready to mate
Rabbit B4 m is approaching partner: Rabbit C5f
Rabbit B4f is running away from: LionA3
Rabbit B4f is running away from: WolfC4
Rabbit B4 is Hungry
Rabbit B4 f is ready to mate
Rabbit B2m is running away from: LionC5
Rabbit B2m is running away from: WolfA3
Rabbit B2 m is ready to mate
Rabbit B2 m is approaching partner: Rabbit C5f
Rabbit C0f is running away from: LionA3
Rabbit C0f is running away from: WolfA1
Rabbit C0 is Hungry
Rabbit C0 f is ready to mate
Rabbit C1f is running away from: LionA3
Rabbit C1f is running away from: WolfB2
Rabbit C1 f is ready to mate
Rabbit A5f is running away from: LionB3
Rabbit A5f is running away from: WolfA2
Rabbit A5 is Hungry
Rabbit A5 f is ready to mate
Rabbit C4f is running away from: LionC5
Rabbit C4f is running away from: WolfA2
Rabbit C4 is Hungry
Rabbit C4f ate
Rabbit C4 f is ready to mate
Rabbit A1m is running away from: LionC5
Rabbit A1m is running away from: WolfA3
Rabbit A1 m is ready to mate
Rabbit A1 m is approaching partner: Rabbit C5f
Rabbit C3m is running away from: LionA3
Rabbit C3m is running away from: WolfA1
Rabbit C3 is Hungry
Rabbit C3 m is ready to mate
Rabbit C3 m is approaching partner: Rabbit C0f
Rabbit C5f is running away from: LionA3
Rabbit C5f is running away from: WolfA1
Rabbit C5 is Hungry
Rabbit C5 f is ready to mate
Rabbit A0m is running away from: LionA3
Rabbit A0m is running away from: WolfA1
Rabbit A0 is Hungry
Rabbit A0 m is ready to mate
Rabbit A0 m is approaching partner: Rabbit C5f
Rabbit C5f is running away from: LionA3
Rabbit C5f is running away from: WolfC4
Rabbit C5 is Hungry
Rabbit C5 f is ready to mate
Rabbit A1f is running away from: LionB3
Rabbit A1f is running away from: WolfA1
Rabbit A1 is Hungry
Rabbit A1 f is ready to mate
Rabbit B1m is running away from: LionA3
Rabbit B1m is running away from: WolfB2
Rabbit B1 is Hungry
Rabbit B1m ate
Rabbit B1 m is ready to mate
Rabbit B1 m is approaching partner: Rabbit C1f
Rabbit B5m is running away from: LionB3
Rabbit B5m is running away from: WolfA2
Rabbit B5 is Hungry
Rabbit B5 m is ready to mate
Rabbit B5 m is approaching partner: Rabbit C5f
Rabbit C2f is running away from: LionB3
Rabbit C2f is running away from: WolfA2
Rabbit C2 is Hungry
Rabbit C2 f is ready to mate
Rabbit C5f is running away from: LionB3
Rabbit C5f is running away from: WolfA2
Rabbit C5 is Hungry
Rabbit C5 f is ready to mate
Rabbit C2m is running away from: LionA3
Rabbit C2m is running away from: WolfA1
Rabbit C2 is Hungry
Rabbit C2 m is ready to mate
Rabbit C2 m is approaching partner: Rabbit C0f
Rabbit C2f is running away from: LionB3
Rabbit C2f is running away from: WolfA2
Rabbit C2 is Hungry
Rabbit C2 f is ready to mate
Rabbit C5f is running away from: LionC5
Rabbit C5f is running away from: WolfA3
Rabbit C5 is Hungry
Rabbit C5 f is ready to mate
Rabbit A2m is running away from: LionA3
Rabbit A2m is running away from: WolfA1
Rabbit A2 is Hungry
Rabbit A2 m is ready to mate
Rabbit A2 m is approaching partner: Rabbit A1f
Lion A3 m is ready to mate
Lion C5 m is ready to mate
Lion B3 f is ready to mate
Lion B3 m is ready to mate
Lion B0 m is ready to mate
Wolf C4f is running away from: LionA3
Wolf C4 is Hungry
Wolf C4f is chasing: C5f
Wolf C4f ate!
Wolf C4 f is ready to mate
Wolf B2f is running away from: LionB3
Wolf B2 f is ready to mate
Wolf A1f is running away from: LionA3
Wolf A1 f is ready to mate
Wolf B3f is running away from: LionC5
Wolf B3 is Hungry
Wolf B3f is chasing: C5f
Wolf B3f ate!
Wolf B3 f is ready to mate
Wolf B2f is running away from: LionA3
Wolf B2 is Hungry
Wolf B2f is chasing: C1f
Wolf B2 f is ready to mate
Wolf A3f is running away from: LionC5
Wolf A3 is Hungry
Wolf A3f is chasing: A1m
Wolf A3 f is ready to mate
Wolf A2m is running away from: LionC5
Wolf A2 is Hungry
Wolf A2m is chasing: C4f
Wolf A2 m is ready to mate
Wolf B5m is running away from: LionB0
Wolf B5 is Hungry
Wolf B5m is chasing: C0f
Wolf B5 m is ready to mate
Rabbit B4m is running away from: LionB3
Rabbit B4m is running away from: WolfA2
Rabbit B4 is Hungry
Rabbit B4 m is ready to mate
Rabbit B4 m is approaching partner: Rabbit C5f
Rabbit B4f is running away from: LionA3
Rabbit B4f is running away from: WolfC4
Rabbit B4 is Hungry
Rabbit B4 f is ready to mate
Rabbit B2m is running away from: LionB3
Rabbit B2m is running away from: WolfA3
Rabbit B2 is Hungry
Rabbit B2m ate
Rabbit B2 m is ready to mate
Rabbit B2 m is approaching partner: Rabbit C4f
Rabbit C0f is running away from: LionA3
Rabbit C0f is running away from: WolfA1
Rabbit C0 is Hungry
Rabbit C0 f is ready to mate
Rabbit C1f is running away from: LionA3
Rabbit C1f is running away from: WolfC4
Rabbit C1 is Hungry
Rabbit C1f ate
Rabbit C1 f is ready to mate
Rabbit A5f is running away from: LionB3
Rabbit A5f is running away from: WolfA2
Rabbit A5 is Hungry
Rabbit A5 f is ready to mate
Rabbit C4f is running away from: LionC5
Rabbit C4f is running away from: WolfA2
Rabbit C4 f is ready to mate
Rabbit A1m is running away from: LionB3
Rabbit A1m is running away from: WolfA3
Rabbit A1 is Hungry
Rabbit A1m ate
Rabbit A1 m is ready to mate
Rabbit A1 m is approaching partner: Rabbit C4f
Rabbit C3m is running away from: LionA3
Rabbit C3m is running away from: WolfA1
Rabbit C3 is Hungry
Rabbit C3 m is ready to mate
Rabbit C3 m is approaching partner: Rabbit C0f
Rabbit C5f is running away from: LionA3
Rabbit C5f is running away from: WolfA1
Rabbit C5 is Hungry
Rabbit C5 f is ready to mate
Rabbit A0m is running away from: LionA3
Rabbit A0m is running away from: WolfA1
Rabbit A0 is Hungry
Rabbit A0 m is ready to mate
Rabbit A0 m is approaching partner: Rabbit C0f
Rabbit A1f is running away from: LionA3
Rabbit A1f is running away from: WolfA3
Rabbit A1 is Hungry
Rabbit A1 f is ready to mate
Rabbit B1m is running away from: LionA3
Rabbit B1m is running away from: WolfC4
Rabbit B1 m is ready to mate
Rabbit B1 m is approaching partner: Rabbit C1f
Rabbit B5m is running away from: LionB3
Rabbit B5m is running away from: WolfA2
Rabbit B5 is Hungry
Rabbit B5 m is ready to mate
Rabbit B5 m is approaching partner: Rabbit C5f
Rabbit C2f is running away from: LionB3
Rabbit C2f is running away from: WolfA2
Rabbit C2 is Hungry
Rabbit C2 f is ready to mate
Rabbit C5f is running away from: LionB3
Rabbit C5f is running away from: WolfA2
Rabbit C5 is Hungry
Rabbit C5 f is ready to mate
Rabbit C2m is running away from: LionA3
Rabbit C2m is running away from: WolfA1
Rabbit C2 is Hungry
Rabbit C2 m is ready to mate
Rabbit C2 m is approaching partner: Rabbit C0f
Rabbit C2f is running away from: LionB3
Rabbit C2f is running away from: WolfA2
Rabbit C2 is Hungry
Rabbit C2 f is ready to mate
Rabbit A2m is running away from: LionB3
Rabbit A2m is running away from: WolfA1
Rabbit A2 is Hungry
Rabbit A2 m is ready to mate
Rabbit A2 m is approaching partner: Rabbit A1f
Lion A3 m is ready to mate
Lion C5 m is ready to mate
Lion B3 f is ready to mate
Lion B3 m is ready to mate
Lion B0 m is ready to mate
Wolf C4f is running away from: LionA3
Wolf C4 f is ready to mate
Wolf B2f is running away from: LionB3
Wolf B2 is Hungry
Wolf B2f is chasing: A1f
Wolf B2 f is ready to mate
Wolf A1f is running away from: LionA3
Wolf A1f ate!
Wolf A1 f is ready to mate
Wolf B3f is running away from: LionC5
Wolf B3f ate!
Wolf B3 f is ready to mate
Wolf B2f is running away from: LionA3
Wolf B2 is Hungry
Wolf B2f is chasing: B1m
Wolf B2 f is ready to mate
Wolf A3f is running away from: LionB3
Wolf A3 is Hungry
Wolf A3f is chasing: A1m
Wolf A3 f is ready to mate
Wolf A2m is running away from: LionB3
Wolf A2m ate!
Wolf A2 m is ready to mate
Wolf B5m is running away from: LionA3
Wolf B5 is Hungry
Wolf B5m is chasing: C5f
Wolf B5 m is ready to mate
Rabbit B4m is running away from: LionB3
Rabbit B4m is running away from: WolfA2
Rabbit B4 is Hungry
Rabbit B4 m is ready to mate
Rabbit B4 m is approaching partner: Rabbit C5f
Rabbit B4f is running away from: LionA3
Rabbit B4f is running away from: WolfC4
Rabbit B4 is Hungry
Rabbit B4f ate
Rabbit B4 f is ready to mate
Rabbit C0f is running away from: LionA3
Rabbit C0f is running away from: WolfB5
Rabbit C0 is Hungry
Rabbit C0 f is ready to mate
Rabbit C1f is running away from: LionA3
Rabbit C1f is running away from: WolfC4
Rabbit C1 f is ready to mate
Rabbit A5f is running away from: LionB3
Rabbit A5f is running away from: WolfA2
Rabbit A5 is Hungry
Rabbit A5 f is ready to mate
Rabbit A1m is running away from: LionC5
Rabbit A1m is running away from: WolfA2
Rabbit A1 m is ready to mate
Rabbit A1 m is approaching partner: Rabbit C5f
Rabbit C3m is running away from: LionA3
Rabbit C3m is running away from: WolfB5
Rabbit C3 is Hungry
Rabbit C3 m is ready to mate
Rabbit C3 m is approaching partner: Rabbit C0f
Rabbit C5f is running away from: LionA3
Rabbit C5f is running away from: WolfB5
Rabbit C5 is Hungry
Rabbit C5 f is ready to mate
Rabbit A0m is running away from: LionA3
Rabbit A0m is running away from: WolfB5
Rabbit A0 is Hungry
Rabbit A0 m is ready to mate
Rabbit A0 m is approaching partner: Rabbit C0f
Rabbit B1m is running away from: LionA3
Rabbit B1m is running away from: WolfC4
Rabbit B1 is Hungry
Rabbit B1 m is ready to mate
Rabbit B1 m is approaching partner: Rabbit C1f
Rabbit B5m is running away from: LionB3
Rabbit B5m is running away from: WolfA2
Rabbit B5 is Hungry
Rabbit B5 m is ready to mate
Rabbit B5 m is approaching partner: Rabbit C5f
Rabbit C2f is running away from: LionB3
Rabbit C2f is running away from: WolfA2
Rabbit C2 is Hungry
Rabbit C2 f is ready to mate
Rabbit C5f is running away from: LionB3
Rabbit C5f is running away from: WolfA2
Rabbit C5 is Hungry
Rabbit C5 f is ready to mate
Rabbit C2m is running away from: LionA3
Rabbit C2m is running away from: WolfB5
Rabbit C2 is Hungry
Rabbit C2 m is ready to mate
Rabbit C2 m is approaching partner: Rabbit C0f
Rabbit C2f is running away from: LionB3
Rabbit C2f is running away from: WolfA2
Rabbit C2 is Hungry
Rabbit C2 f is ready to mate
Rabbit A2m is running away from: LionB3
Rabbit A2m is running away from: WolfA1
Rabbit A2 is Hungry
Rabbit A2m ate
Rabbit A2 m is ready to mate
Rabbit A2 m is approaching partner: Rabbit C5f
Lion A3 m is ready to mate
Lion C5 m is ready to mate
Lion B3 f is ready to mate
Lion B3 m is ready to mate
Lion B0 m is ready to mate
Wolf C4f is running away from: LionA3
Wolf C4 f is ready to mate
Wolf B2f is running away from: LionB3
Wolf B2 is Hungry
Wolf B2f is chasing: A2m
Wolf B2 f is ready to mate
Wolf A1f is running away from: LionA3
Wolf A1 f is ready to mate
Wolf B3f is running away from: LionC5
Wolf B3 f is ready to mate
Wolf B2f is running away from: LionA3
Wolf B2 is Hungry
Wolf B2f is chasing: B1m
Wolf B2 f is ready to mate
Wolf A3f is running away from: LionC5
Wolf A3 is Hungry
Wolf A3f is chasing: A1m
Wolf A3f ate!
Wolf A3 f is ready to mate
Wolf A2m is running away from: LionC5
Wolf A2 m is ready to mate
Wolf B5m is running away from: LionA3
Wolf B5m ate!
Wolf B5 m is ready to mate
Wolf C4 m was born! Father is B5 and Mother is A1
Rabbit B4m is running away from: LionB3
Rabbit B4m is running away from: WolfA2
Rabbit B4 is Hungry
Rabbit B4 m is ready to mate
Rabbit B4 m is approaching partner: Rabbit C5f
Rabbit B4f is running away from: LionA3
Rabbit B4f is running away from: WolfC4
Rabbit B4 f is ready to mate
Rabbit C0f is running away from: LionA3
Rabbit C0f is running away from: WolfB5
Rabbit C0 is Hungry
Rabbit C0 f is ready to mate
Rabbit C1f is running away from: LionA3
Rabbit C1f is running away from: WolfC4
Rabbit C1 is Hungry
Rabbit C1f ate
Rabbit C1 f is ready to mate
Rabbit A5f is running away from: LionB3
Rabbit A5f is running away from: WolfA2
Rabbit A5 is Hungry
Rabbit A5 f is ready to mate
Rabbit C3m is running away from: LionA3
Rabbit C3m is running away from: WolfB5
Rabbit C3 is Hungry
Rabbit C3 m is ready to mate
Rabbit C3 m is approaching partner: Rabbit C0f
Rabbit C5f is running away from: LionA3
Rabbit C5f is running away from: WolfB5
Rabbit C5 is Hungry
Rabbit C5 f is ready to mate
Rabbit A0m is running away from: LionA3
Rabbit A0m is running away from: WolfB5
Rabbit A0 is Hungry
Rabbit A0 m is ready to mate
Rabbit A0 m is approaching partner: Rabbit C5f
Rabbit B1m is running away from: LionA3
Rabbit B1m is running away from: WolfB2
Rabbit B1 is Hungry
Rabbit B1 m is ready to mate
Rabbit B1 m is approaching partner: Rabbit C1f
Rabbit B5m is running away from: LionB3
Rabbit B5m is running away from: WolfA2
Rabbit B5 is Hungry
Rabbit B5 m is ready to mate
Rabbit B5 m is approaching partner: Rabbit C5f
Rabbit C2f is running away from: LionB3
Rabbit C2f is running away from: WolfA2
Rabbit C2 is Hungry
Rabbit C2 f is ready to mate
Rabbit C5f is running away from: LionB3
Rabbit C5f is running away from: WolfA2
Rabbit C5 is Hungry
Rabbit C5 f is ready to mate
Rabbit C2m is running away from: LionA3
Rabbit C2m is running away from: WolfB5
Rabbit C2 is Hungry
Rabbit C2 m is ready to mate
Rabbit C2 m is approaching partner: Rabbit C5f
Rabbit C2f is running away from: LionB3
Rabbit C2f is running away from: WolfA2
Rabbit C2 is Hungry
Rabbit C2 f is ready to mate
Lion A3 is Thirsty
Lion A3 drank water
Lion A3 m is ready to mate
Lion C5 is Thirsty
Lion C5 drank water
Lion C5 m is ready to mate
Lion B3 is Thirsty
Lion B3 drank water
Lion B3 f is ready to mate
Lion B3 is Thirsty
Lion B3 drank water
Lion B3 m is ready to mate
Lion B0 is Thirsty
Lion B0 drank water
Lion B0 m is ready to mate
Wolf C4f is running away from: LionA3
Wolf C4 f is ready to mate
Wolf B2f is running away from: LionA3
Wolf B2 is Hungry
Wolf B2f is chasing: C5f
Wolf B2 f is ready to mate
Wolf A1f is running away from: LionA3
Wolf B3f is running away from: LionC5
Wolf B3 f is ready to mate
Wolf B2f is running away from: LionA3
Wolf B2 is Hungry
Wolf B2f is chasing: C1f
Wolf B2 f is ready to mate
Wolf A3f is running away from: LionC5
Wolf A3 f is ready to mate
Wolf A2m is running away from: LionC5
Wolf A2 m is ready to mate
Wolf B5m is running away from: LionA3
Wolf B5 m is ready to mate
Wolf C4m is running away from: LionA3
Rabbit B4m is running away from: LionB3
Rabbit B4m is running away from: WolfA2
Rabbit B4 is Hungry
Rabbit B4 m is ready to mate
Rabbit B4 m is approaching partner: Rabbit C2f
Rabbit B4f is running away from: LionA3
Rabbit B4f is running away from: WolfC4
Rabbit B4 is Hungry
Rabbit B4f ate
Rabbit B4 f is ready to mate
Rabbit C0f is running away from: LionA3
Rabbit C0f is running away from: WolfB2
Rabbit C0 is Hungry
Rabbit C0 f is ready to mate
Rabbit C1f is running away from: LionA3
Rabbit C1f is running away from: WolfC4
Rabbit C1 f is ready to mate
Rabbit A5f is running away from: LionB3
Rabbit A5f is running away from: WolfA2
Rabbit A5 is Hungry
Rabbit A5 f is ready to mate
Rabbit C3m is running away from: LionA3
Rabbit C3m is running away from: WolfB2
Rabbit C3 is Hungry
Rabbit C3 m is ready to mate
Rabbit C3 m is approaching partner: Rabbit C0f
Rabbit C5f is running away from: LionA3
Rabbit C5f is running away from: WolfB5
Rabbit C5 is Hungry
Rabbit C5 f is ready to mate
Rabbit A0m is running away from: LionA3
Rabbit A0m is running away from: WolfB2
Rabbit A0 is Hungry
Rabbit A0 m is ready to mate
Rabbit A0 m is approaching partner: Rabbit C0f
Rabbit B1m is running away from: LionA3
Rabbit B1m is running away from: WolfC4
Rabbit B1 is Hungry
Rabbit B1 m is ready to mate
Rabbit B1 m is approaching partner: Rabbit C1f
Rabbit B5m is running away from: LionB3
Rabbit B5m is running away from: WolfA2
Rabbit B5 is Hungry
Rabbit B5 m is ready to mate
Rabbit B5 m is approaching partner: Rabbit C2f
Rabbit C2f is running away from: LionB3
Rabbit C2f is running away from: WolfA2
Rabbit C2 is Hungry
Rabbit C2 f is ready to mate
Rabbit C5f is running away from: LionB3
Rabbit C5f is running away from: WolfA2
Rabbit C5 is Hungry
Rabbit C5 f is ready to mate
Rabbit C2m is running away from: LionA3
Rabbit C2m is running away from: WolfB2
Rabbit C2 is Hungry
Rabbit C2 m is ready to mate
Rabbit C2 m is approaching partner: Rabbit C0f
Rabbit C2f is running away from: LionB3
Rabbit C2f is running away from: WolfA2
Rabbit C2 is Hungry
Rabbit C2 f is ready to mate
Lion A3 is Thirsty
Lion A3 drank water
Lion A3 m is ready to mate
Lion C5 is Thirsty
Lion C5 drank water
Lion C5 m is ready to mate
Lion B3 is Thirsty
Lion B3 drank water
Lion B3 f is ready to mate
Lion B3 is Thirsty
Lion B3 drank water
Lion B3 m is ready to mate
Lion B0 is Thirsty
Lion B0 drank water
Lion B0 m is ready to mate
Lion A5 f was born!Father is B0 and Mother is B3
Wolf C4f is running away from: LionA3
Wolf C4 f is ready to mate
Wolf B2f is running away from: LionB0
Wolf B2 is Hungry
Wolf B2f is chasing: C5f
Wolf B2 f is ready to mate
Wolf A1f is running away from: LionB3
Wolf B3f is running away from: LionB3
Wolf B3 f is ready to mate
Wolf B2f is running away from: LionA3
Wolf B2 is Hungry
Wolf B2f is chasing: C1f
Wolf B2 f is ready to mate
Wolf A3f is running away from: LionB3
Wolf A3 f is ready to mate
Wolf A2m is running away from: LionC5
Wolf A2 m is ready to mate
Wolf B5m is running away from: LionB0
Wolf B5 m is ready to mate
Wolf C4m is running away from: LionB3
Rabbit B4m is running away from: LionB3
Rabbit B4m is running away from: WolfA2
Rabbit B4 is Hungry
RabbitB4m died of hunger
Rabbit B4 m is ready to mate
Rabbit B4 m is approaching partner: Rabbit C5f
Rabbit B4f is running away from: LionA3
Rabbit B4f is running away from: WolfB2
Rabbit B4 f is ready to mate
Rabbit C0f is running away from: LionA3
Rabbit C0f is running away from: WolfB2
Rabbit C0 is Hungry
RabbitC0f died of hunger
Rabbit C0 f is ready to mate
Rabbit C1f is running away from: LionA3
Rabbit C1f is running away from: WolfC4
Rabbit C1 is Hungry
Rabbit C1 f is ready to mate
Rabbit A5f is running away from: LionB3
Rabbit A5f is running away from: WolfA2
Rabbit A5 is Hungry
Rabbit A5 f is ready to mate
Rabbit C3m is running away from: LionA3
Rabbit C3m is running away from: WolfB2
Rabbit C3 is Hungry
Rabbit C3 m is ready to mate
Rabbit C3 m is approaching partner: Rabbit C5f
Rabbit C5f is running away from: LionA3
Rabbit C5f is running away from: WolfB2
Rabbit C5 is Hungry
Rabbit C5f ate
Rabbit C5 f is ready to mate
Rabbit A0m is running away from: LionA3
Rabbit A0m is running away from: WolfB2
Rabbit A0 is Hungry
RabbitA0m died of hunger
Rabbit A0 m is ready to mate
Rabbit A0 m is approaching partner: Rabbit C5f
Rabbit B1m is running away from: LionA3
Rabbit B1m is running away from: WolfC4
Rabbit B1 is Hungry
Rabbit B1 m is ready to mate
Rabbit B1 m is approaching partner: Rabbit C1f
Rabbit B5m is running away from: LionB3
Rabbit B5m is running away from: WolfA2
Rabbit B5 is Hungry
RabbitB5m died of hunger
Rabbit B5 m is ready to mate
Rabbit B5 m is approaching partner: Rabbit C5f
Rabbit C2f is running away from: LionB3
Rabbit C2f is running away from: WolfA2
Rabbit C2 is Hungry
RabbitC2f died of hunger
Rabbit C2 f is ready to mate
Rabbit C5f is running away from: LionB3
Rabbit C5f is running away from: WolfA2
Rabbit C5 is Hungry
RabbitC5f died of hunger
Rabbit C5 f is ready to mate
Rabbit C2m is running away from: LionA3
Rabbit C2m is running away from: WolfB2
Rabbit C2 is Hungry
RabbitC2m died of hunger
Rabbit C2 m is ready to mate
Rabbit C2 m is approaching partner: Rabbit C5f
Rabbit C2f is running away from: LionB3
Rabbit C2f is running away from: WolfA2
Rabbit C2 is Hungry
RabbitC2f died of hunger
Rabbit C2 f is ready to mate
Lion A3 is Thirsty
Lion A3 drank water
Lion A3 m is ready to mate
No Female Lion Partner or Female Lion partners are not ready to mate Yet!
Lion C5 is Thirsty
Lion C5 drank water
Lion C5 m is ready to mate
No Female Lion Partner or Female Lion partners are not ready to mate Yet!
Lion B3 is Thirsty
Lion B3 drank water
Lion B3 m is ready to mate
No Female Lion Partner or Female Lion partners are not ready to mate Yet!
Lion B0 is Thirsty
Lion B0 drank water
Lion B0 m is ready to mate
No Female Lion Partner or Female Lion partners are not ready to mate Yet!
Wolf C4f is running away from: LionA3
Wolf C4 f is ready to mate
Wolf B2f is running away from: LionB0
Wolf B2f ate!
Wolf B2 f is ready to mate
Wolf A1f is running away from: LionB3
Wolf B3f is running away from: LionB3
Wolf B3 f is ready to mate
Wolf B2f is running away from: LionA3
Wolf B2 is Hungry
Wolf B2f is chasing: C1f
Wolf B2 f is ready to mate
Wolf A3f is running away from: LionB3
Wolf A3 f is ready to mate
Wolf A2m is running away from: LionC5
Wolf A2 m is ready to mate
Wolf B5m is running away from: LionB0
Wolf B5 m is ready to mate
Wolf C4m is running away from: LionB3
Rabbit B4f is running away from: LionA3
Rabbit B4f is running away from: WolfB2
Rabbit B4 is Hungry
Rabbit B4 f is ready to mate
Rabbit C1f is running away from: LionA3
Rabbit C1f is running away from: WolfC4
Rabbit C1 is Hungry
Rabbit C1f ate
Rabbit C1 f is ready to mate
Rabbit A5f is running away from: LionB3
Rabbit A5f is running away from: WolfA2
Rabbit A5 is Hungry
Rabbit A5 f is ready to mate
Rabbit C3m is running away from: LionA3
Rabbit C3m is running away from: WolfB2
Rabbit C3 is Hungry
RabbitC3m died of hunger
Rabbit C3m ate
Rabbit C3 m is ready to mate
Rabbit C3 m is approaching partner: Rabbit B4f
Rabbit B1m is running away from: LionA3
Rabbit B1m is running away from: WolfC4
Rabbit B1 is Hungry
Rabbit B1 m is ready to mate
Rabbit B1 m is approaching partner: Rabbit C1f
Lion A3 is Thirsty
Lion A3 drank water
Lion A3 m is ready to mate
No Female Lion Partner or Female Lion partners are not ready to mate Yet!
Lion C5 is Thirsty
Lion C5 drank water
Lion C5 m is ready to mate
No Female Lion Partner or Female Lion partners are not ready to mate Yet!
Lion B3 m is ready to mate
No Female Lion Partner or Female Lion partners are not ready to mate Yet!
Lion B0 m is ready to mate
No Female Lion Partner or Female Lion partners are not ready to mate Yet!
Wolf C4f is running away from: LionA3
Wolf C4 is Hungry
Wolf C4f is chasing: C1f
Wolf C4 f is ready to mate
Wolf B2f is running away from: LionB0
Wolf B2 f is ready to mate
Wolf A1f is running away from: LionB3
Wolf B3f is running away from: LionB3
Wolf B3 f is ready to mate
Wolf B2f is running away from: LionA3
Wolf B2 is Hungry
Wolf B2f is chasing: C1f
Wolf B2f ate!
Wolf B2 f is ready to mate
Wolf A3f is running away from: LionC5
Wolf A3 f is ready to mate
Wolf A2m is running away from: LionC5
Wolf A2 m is ready to mate
Wolf B5m is running away from: LionB0
Wolf B5 m is ready to mate
Wolf C4m is running away from: LionB3
Rabbit B4f is running away from: LionA3
Rabbit B4f is running away from: WolfC4
Rabbit B4 is Hungry
Rabbit B4f ate
Rabbit B4 f is ready to mate
Rabbit A5f is running away from: LionB3
Rabbit A5f is running away from: WolfA2
Rabbit A5 is Hungry
RabbitA5f died of hunger
Rabbit A5 f is ready to mate
Rabbit B1m is running away from: LionA3
Rabbit B1m is running away from: WolfC4
Rabbit B1 is Hungry
Rabbit B1m ate
Rabbit B1 m is ready to mate
Rabbit B1 m is approaching partner: Rabbit B4f
Lion A3 m is ready to mate
No Female Lion Partner or Female Lion partners are not ready to mate Yet!
Lion C5 is Thirsty
Lion C5 drank water
Lion C5 m is ready to mate
No Female Lion Partner or Female Lion partners are not ready to mate Yet!
Lion B3 m is ready to mate
No Female Lion Partner or Female Lion partners are not ready to mate Yet!
Lion B0 m is ready to mate
No Female Lion Partner or Female Lion partners are not ready to mate Yet!
Wolf C4f is running away from: LionA3
Wolf C4 is Hungry
Wolf C4f is chasing: B1m
Wolf C4 f is ready to mate
Wolf B2f is running away from: LionB0
Wolf B2 f is ready to mate
Wolf A1f is running away from: LionB3
Wolf A1 is Hungry
Wolf A1f is chasing: B4f
Wolf B3f is running away from: LionC5
Wolf B3 is Hungry
Wolf B3f is chasing: B4f
Wolf B3 f is ready to mate
Wolf B2f is running away from: LionA3
Wolf B2 f is ready to mate
Wolf A3f is running away from: LionC5
Wolf A3 f is ready to mate
Wolf A2m is running away from: LionC5
Wolf A2 is Hungry
Wolf A2m is chasing: B1m
Wolf A2 m is ready to mate
Wolf B5m is running away from: LionB0
Wolf B5 m is ready to mate
Wolf C4m is running away from: LionC5
Rabbit B4f is running away from: LionA3
Rabbit B4f is running away from: WolfB2
Rabbit B4 f is ready to mate
Rabbit B1m is running away from: LionA3
Rabbit B1m is running away from: WolfC4
Rabbit B1 m is ready to mate
Rabbit B1 m is approaching partner: Rabbit B4f
Lion A3 m is ready to mate
No Female Lion Partner or Female Lion partners are not ready to mate Yet!
Lion C5 is Thirsty
Lion C5 drank water
Lion C5 m is ready to mate
No Female Lion Partner or Female Lion partners are not ready to mate Yet!
Lion B3 m is ready to mate
No Female Lion Partner or Female Lion partners are not ready to mate Yet!
Lion B0 m is ready to mate
No Female Lion Partner or Female Lion partners are not ready to mate Yet!
Wolf C4f is running away from: LionA3
Wolf C4f ate!
Wolf C4 f is ready to mate
Wolf B2f is running away from: LionB0
Wolf B2 f is ready to mate
Wolf A1f is running away from: LionC5
Wolf A1 is Hungry
Wolf A1f is chasing: B4f
Wolf B3f is running away from: LionC5
Wolf B3 is Hungry
Wolf B3f is chasing: B4f
Wolf B3 f is ready to mate
Wolf B2f is running away from: LionA3
Wolf B2 f is ready to mate
Wolf A3f is running away from: LionC5
Wolf A3 is Hungry
Wolf A3f is chasing: B4f
Wolf A3 f is ready to mate
Wolf A2m is running away from: LionC5
Wolf A2 is Hungry
Wolf A2m is chasing: B4f
Wolf A2 m is ready to mate
Wolf B5m is running away from: LionB0
Wolf B5 is Hungry
Wolf B5m is chasing: B4f
Wolf B5 m is ready to mate
Wolf C4m is running away from: LionC5
Wolf C4 is Hungry
Wolf C4m is chasing: B4f
Rabbit B4f is running away from: LionA3
Rabbit B4f is running away from: WolfB2
Rabbit B4 is Hungry
Rabbit B4 f is ready to mate
Lion A3 m is ready to mate
No Female Lion Partner or Female Lion partners are not ready to mate Yet!
Lion C5 is Thirsty
Lion C5 drank water
Lion C5 m is ready to mate
No Female Lion Partner or Female Lion partners are not ready to mate Yet!
Lion B3 m is ready to mate
No Female Lion Partner or Female Lion partners are not ready to mate Yet!
Lion B0 m is ready to mate
No Female Lion Partner or Female Lion partners are not ready to mate Yet!
Wolf C4f is running away from: LionA3
Wolf C4 f is ready to mate
Wolf B2f is running away from: LionB3
Wolf B2 f is ready to mate
Wolf A1f is running away from: LionB3
Wolf A1 is Hungry
Wolf A1f is chasing: B4f
Wolf B3f is running away from: LionB3
Wolf B3 is Hungry
Wolf B3f is chasing: B4f
Wolf B3 f is ready to mate
Wolf B2f is running away from: LionA3
Wolf B2 f is ready to mate
Wolf A3f is running away from: LionC5
Wolf A3 is Hungry
Wolf A3f is chasing: B4f
Wolf A3 f is ready to mate
Wolf A2m is running away from: LionC5
Wolf A2 is Hungry
Wolf A2m is chasing: B4f
Wolf A2 m is ready to mate
Wolf B5m is running away from: LionB3
Wolf B5 is Hungry
Wolf B5m is chasing: B4f
Wolf B5 m is ready to mate
Wolf C4m is running away from: LionC5
Wolf C4 is Hungry
Wolf C4m is chasing: B4f
Rabbit B4f is running away from: LionA3
Rabbit B4f is running away from: WolfB2
Rabbit B4 is Hungry
Rabbit B4 f is ready to mate
Lion A3 m is ready to mate
No Female Lion Partner or Female Lion partners are not ready to mate Yet!
Lion C5 is Thirsty
Lion C5 drank water
Lion C5 m is ready to mate
No Female Lion Partner or Female Lion partners are not ready to mate Yet!
Lion B3 m is ready to mate
No Female Lion Partner or Female Lion partners are not ready to mate Yet!
Lion B0 m is ready to mate
No Female Lion Partner or Female Lion partners are not ready to mate Yet!
Wolf C4f is running away from: LionA3
Wolf C4 f is ready to mate
Wolf B2f is running away from: LionA3
Wolf B2 f is ready to mate
Wolf A1f is running away from: LionB3
Wolf A1 is Hungry
Wolf A1f is chasing: B4f
Wolf B3f is running away from: LionB3
Wolf B3 is Hungry
Wolf B3f is chasing: B4f
Wolf B3 f is ready to mate
Wolf B2f is running away from: LionA3
Wolf B2 f is ready to mate
Wolf A3f is running away from: LionC5
Wolf A3 is Hungry
Wolf A3f is chasing: B4f
Wolf A3 f is ready to mate
Wolf A2m is running away from: LionC5
Wolf A2 is Hungry
Wolf A2m is chasing: B4f
Wolf A2 m is ready to mate
Wolf C4 f was born! Father is A2 and Mother is A3
Wolf B5m is running away from: LionA3
Wolf B5 is Hungry
Wolf B5m is chasing: B4f
Wolf B5 m is ready to mate
Wolf C4m is running away from: LionC5
Wolf C4 is Hungry
Wolf C4m is chasing: B4f
Rabbit B4f is running away from: LionA3
Rabbit B4f is running away from: WolfB2
Rabbit B4 is Hungry
Rabbit B4 f is ready to mate
Lion A3 m is ready to mate
No Female Lion Partner or Female Lion partners are not ready to mate Yet!
Lion C5 is Thirsty
Lion C5 drank water
Lion C5 m is ready to mate
No Female Lion Partner or Female Lion partners are not ready to mate Yet!
Lion B3 m is ready to mate
No Female Lion Partner or Female Lion partners are not ready to mate Yet!
Lion B0 m is ready to mate
No Female Lion Partner or Female Lion partners are not ready to mate Yet!
Wolf C4f is running away from: LionA3
Wolf C4 f is ready to mate
Wolf B2f is running away from: LionA3
Wolf B2 is Hungry
Wolf B2f is chasing: B4f
Wolf B2 f is ready to mate
Wolf A1f is running away from: LionB3
Wolf A1 is Hungry
Wolf A1f is chasing: B4f
Wolf B3f is running away from: LionC5
Wolf B3 is Hungry
Wolf B3f is chasing: B4f
Wolf B3 f is ready to mate
Wolf B2f is running away from: LionA3
Wolf B2 f is ready to mate
Wolf A3f is running away from: LionC5
Wolf A3 is Hungry
Wolf A3f is chasing: B4f
Wolf A2m is running away from: LionC5
Wolf A2 is Hungry
Wolf A2m is chasing: B4f
Wolf A2 m is ready to mate
Wolf B5m is running away from: LionA3
Wolf B5 is Hungry
Wolf B5m is chasing: B4f
Wolf B5 m is ready to mate
Wolf C4m is running away from: LionB3
Wolf C4 is Hungry
Wolf C4m is chasing: B4f
Wolf C4f is running away from: LionC5
Rabbit B4f is running away from: LionA3
Rabbit B4f is running away from: WolfB5
Rabbit B4 is Hungry
Rabbit B4 f is ready to mate
Lion A3 m is ready to mate
No Female Lion Partner or Female Lion partners are not ready to mate Yet!
Lion C5 is Thirsty
Lion C5 drank water
Lion C5 m is ready to mate
No Female Lion Partner or Female Lion partners are not ready to mate Yet!
Lion B3 m is ready to mate
No Female Lion Partner or Female Lion partners are not ready to mate Yet!
Lion B0 m is ready to mate
No Female Lion Partner or Female Lion partners are not ready to mate Yet!
Wolf C4f is running away from: LionA3
Wolf C4 is Thirsty
Wolf C4drank water
Wolf C4 f is ready to mate
Wolf B2f is running away from: LionA3
Wolf B2 is Hungry
Wolf B2f is chasing: B4f
Wolf B2 is Thirsty
Wolf B2drank water
Wolf B2 f is ready to mate
Wolf A1f is running away from: LionB0
Wolf A1 is Hungry
Wolf A1f is chasing: B4f
Wolf A1 is Thirsty
Wolf A1drank water
Wolf B3f is running away from: LionC5
Wolf B3 is Hungry
Wolf B3f is chasing: B4f
Wolf B3 is Thirsty
Wolf B3drank water
Wolf B3 f is ready to mate
Wolf B2f is running away from: LionA3
Wolf B2 is Hungry
Wolf B2f is chasing: B4f
Wolf B2 is Thirsty
Wolf B2drank water
Wolf B2 f is ready to mate
Wolf A3f is running away from: LionC5
Wolf A3 is Hungry
Wolf A3f is chasing: B4f
Wolf A3 is Thirsty
Wolf A3drank water
Wolf A2m is running away from: LionC5
Wolf A2 is Hungry
Wolf A2m is chasing: B4f
Wolf A2 is Thirsty
Wolf A2drank water
Wolf A2 m is ready to mate
Wolf B5m is running away from: LionA3
Wolf B5 is Hungry
Wolf B5m is chasing: B4f
Wolf B5 is Thirsty
Wolf B5drank water
Wolf B5 m is ready to mate
Wolf C4m is running away from: LionB0
Wolf C4 is Hungry
Wolf C4m is chasing: B4f
Wolf C4f is running away from: LionC5
Rabbit B4 is Thirsty
Rabbit B4 drank water
Rabbit B4f is running away from: LionA3
Rabbit B4f is running away from: WolfB5
Rabbit B4 is Hungry
Rabbit B4 f is ready to mate
Lion A3 m is ready to mate
No Female Lion Partner or Female Lion partners are not ready to mate Yet!
Lion C5 is Thirsty
Lion C5 drank water
Lion C5 m is ready to mate
No Female Lion Partner or Female Lion partners are not ready to mate Yet!
Lion B3 m is ready to mate
No Female Lion Partner or Female Lion partners are not ready to mate Yet!
Lion B0 m is ready to mate
No Female Lion Partner or Female Lion partners are not ready to mate Yet!
Wolf C4f is running away from: LionA3
Wolf C4 is Thirsty
Wolf C4drank water
Wolf C4 f is ready to mate
Wolf B2f is running away from: LionA3
Wolf B2 is Hungry
Wolf B2f is chasing: B4f
Wolf B2 is Thirsty
Wolf B2drank water
Wolf B2 f is ready to mate
Wolf A1f is running away from: LionB0
Wolf A1 is Hungry
Wolf A1f is chasing: B4f
Wolf A1 is Thirsty
Wolf A1drank water
Wolf B3f is running away from: LionB0
Wolf B3 is Hungry
Wolf B3f is chasing: B4f
Wolf B3 is Thirsty
Wolf B3drank water
Wolf B3 f is ready to mate
Wolf B2f is running away from: LionA3
Wolf B2 is Hungry
Wolf B2f is chasing: B4f
Wolf B2 is Thirsty
Wolf B2drank water
Wolf B2 f is ready to mate
Wolf A3f is running away from: LionC5
Wolf A3 is Hungry
Wolf A3f is chasing: B4f
Wolf A3 is Thirsty
Wolf A3drank water
Wolf A2m is running away from: LionC5
Wolf A2 is Hungry
Wolf A2m is chasing: B4f
Wolf A2 is Thirsty
Wolf A2drank water
Wolf A2 m is ready to mate
Wolf B5m is running away from: LionA3
Wolf B5 is Hungry
Wolf B5m is chasing: B4f
Wolf B5 is Thirsty
Wolf B5drank water
Wolf B5 m is ready to mate
Wolf A2 f was born! Father is B5 and Mother is B2
Wolf C4m is running away from: LionB0
Wolf C4 is Hungry
Wolf C4m is chasing: B4f
Wolf C4f is running away from: LionC5
Rabbit B4 is Thirsty
Rabbit B4 drank water
Rabbit B4f is running away from: LionA3
Rabbit B4f is running away from: WolfB5
Rabbit B4 is Hungry
Rabbit B4 f is ready to mate
Lion A3 m is ready to mate
No Female Lion Partner or Female Lion partners are not ready to mate Yet!
Lion C5 is Thirsty
Lion C5 drank water
Lion C5 m is ready to mate
No Female Lion Partner or Female Lion partners are not ready to mate Yet!
Lion B3 is Thirsty
Lion B3 drank water
Lion B3 m is ready to mate
No Female Lion Partner or Female Lion partners are not ready to mate Yet!
Lion B0 m is ready to mate
No Female Lion Partner or Female Lion partners are not ready to mate Yet!
Lion A5 is Thirsty
Lion A5 drank water
Wolf C4f is running away from: LionA3
Wolf C4 is Hungry
Wolf C4f is chasing: B4f
Wolf C4 is Thirsty
Wolf C4drank water
Wolf C4 f is ready to mate
Wolf B2f is running away from: LionA3
Wolf B2 is Hungry
Wolf B2f is chasing: B4f
Wolf B2 is Thirsty
Wolf B2drank water
Wolf A1f is running away from: LionB0
Wolf A1 is Hungry
Wolf A1f is chasing: B4f
Wolf A1 is Thirsty
Wolf A1drank water
Wolf B3f is running away from: LionB0
Wolf B3 is Hungry
Wolf B3f is chasing: B4f
Wolf B3 is Thirsty
Wolf B3drank water
Wolf B3 f is ready to mate
Wolf B2f is running away from: LionA3
Wolf B2 is Hungry
Wolf B2f is chasing: B4f
Wolf B2 is Thirsty
Wolf B2drank water
Wolf B2 f is ready to mate
Wolf A3f is running away from: LionC5
Wolf A3 is Hungry
Wolf A3f is chasing: B4f
Wolf A3 is Thirsty
Wolf A3drank water
Wolf A2m is running away from: LionC5
Wolf A2 is Hungry
Wolf A2m is chasing: B4f
Wolf A2 is Thirsty
Wolf A2drank water
Wolf A2 m is ready to mate
Wolf B5m is running away from: LionA3
Wolf B5 is Hungry
Wolf B5m is chasing: B4f
Wolf B5 is Thirsty
Wolf B5drank water
Wolf B5 m is ready to mate
Wolf C4m is running away from: LionB0
Wolf C4 is Hungry
Wolf C4m is chasing: B4f
Wolf C4f is running away from: LionC5
Wolf A2f is running away from: LionA3
Rabbit B4 is Thirsty
Rabbit B4 drank water
Rabbit B4f is running away from: LionA3
Rabbit B4f is running away from: WolfB5
Rabbit B4 is Hungry
Rabbit B4 f is ready to mate
Lion A3 m is ready to mate
No Female Lion Partner or Female Lion partners are not ready to mate Yet!
Lion C5 m is ready to mate
No Female Lion Partner or Female Lion partners are not ready to mate Yet!
Lion B3 is Thirsty
Lion B3 drank water
Lion B3 m is ready to mate
No Female Lion Partner or Female Lion partners are not ready to mate Yet!
Lion B0 is Thirsty
Lion B0 drank water
Lion B0 m is ready to mate
No Female Lion Partner or Female Lion partners are not ready to mate Yet!
Lion A5 is Thirsty
Lion A5 drank water
Wolf C4f is running away from: LionA3
Wolf C4 is Hungry
Wolf C4f is chasing: B4f
Wolf C4 is Thirsty
Wolf C4drank water
Wolf C4 f is ready to mate
Wolf B2f is running away from: LionA3
Wolf B2 is Hungry
Wolf B2f is chasing: B4f
Wolf B2 is Thirsty
Wolf B2drank water
Wolf A1f is running away from: LionA5
Wolf A1 is Hungry
Wolf A1f is chasing: B4f
Wolf A1 is Thirsty
Wolf A1drank water
Wolf B3f is running away from: LionB0
Wolf B3 is Hungry
Wolf B3f is chasing: B4f
Wolf B3 is Thirsty
Wolf B3drank water
Wolf B3 f is ready to mate
Wolf B2f is running away from: LionA3
Wolf B2 is Hungry
Wolf B2f is chasing: B4f
Wolf B2 is Thirsty
Wolf B2drank water
Wolf B2 f is ready to mate
Wolf A3f is running away from: LionC5
Wolf A3 is Hungry
Wolf A3f is chasing: B4f
Wolf A3 is Thirsty
Wolf A3drank water
Wolf A2m is running away from: LionC5
Wolf A2 is Hungry
Wolf A2m is chasing: B4f
Wolf A2 is Thirsty
Wolf A2drank water
Wolf A2 m is ready to mate
Wolf B5m is running away from: LionA3
Wolf B5 is Hungry
Wolf B5m is chasing: B4f
Wolf B5m ate!
Wolf B5 is Thirsty
Wolf B5drank water
Wolf B5 m is ready to mate
Wolf C4m is running away from: LionA5
Wolf C4 is Hungry
Wolf C4f is running away from: LionC5
Wolf A2f is running away from: LionA3
Lion A3 is Thirsty
Lion A3 drank water
Lion A3 m is ready to mate
No Female Lion Partner or Female Lion partners are not ready to mate Yet!
Lion C5 m is ready to mate
No Female Lion Partner or Female Lion partners are not ready to mate Yet!
Lion B3 m is ready to mate
No Female Lion Partner or Female Lion partners are not ready to mate Yet!
Lion B0 m is ready to mate
No Female Lion Partner or Female Lion partners are not ready to mate Yet!
Lion A5 is Thirsty
Lion A5 drank water
Wolf C4f is running away from: LionA3
Wolf C4 is Hungry
Wolf B2f is running away from: LionA3
Wolf B2 is Hungry
Wolf A1f is running away from: LionA5
Wolf A1 is Hungry
Wolf B3f is running away from: LionB0
Wolf B3 is Hungry
Wolf B2f is running away from: LionA3
Wolf B2 is Hungry
Wolf A3f is running away from: LionC5
Wolf A3 is Hungry
Wolf A2m is running away from: LionC5
Wolf A2 is Hungry
Wolf B5m is running away from: LionA3
Wolf B5 is Thirsty
Wolf B5drank water
Wolf B5 m is ready to mate
Wolf C4m is running away from: LionA5
Wolf C4 is Hungry
Wolf C4f is running away from: LionC5
Wolf C4 is Hungry
Wolf A2f is running away from: LionA3
Lion A3 m is ready to mate
No Female Lion Partner or Female Lion partners are not ready to mate Yet!
Lion C5 m is ready to mate
No Female Lion Partner or Female Lion partners are not ready to mate Yet!
Lion B3 m is ready to mate
No Female Lion Partner or Female Lion partners are not ready to mate Yet!
Lion B0 m is ready to mate
No Female Lion Partner or Female Lion partners are not ready to mate Yet!
Wolf C4f is running away from: LionA3
Wolf C4 is Hungry
Wolf B2f is running away from: LionA3
Wolf B2 is Hungry
Wolf A1f is running away from: LionA5
Wolf A1 is Hungry
Wolf B3f is running away from: LionB0
Wolf B3 is Hungry
Wolf B2f is running away from: LionA3
Wolf B2 is Hungry
Wolf A3f is running away from: LionC5
Wolf A3 is Hungry
Wolf A2m is running away from: LionC5
Wolf A2 is Hungry
Wolf B5m is running away from: LionA3
Wolf B5 is Thirsty
Wolf B5drank water
Wolf B5 m is ready to mate
Wolf C4m is running away from: LionA3
Wolf C4 is Hungry
Wolf C4f is running away from: LionC5
Wolf C4 is Hungry
Wolf A2f is running away from: LionA3
Lion A3 m is ready to mate
No Female Lion Partner or Female Lion partners are not ready to mate Yet!
Lion C5 m is ready to mate
No Female Lion Partner or Female Lion partners are not ready to mate Yet!
Lion B3 m is ready to mate
No Female Lion Partner or Female Lion partners are not ready to mate Yet!
Lion B0 m is ready to mate
No Female Lion Partner or Female Lion partners are not ready to mate Yet!
Wolf C4f is running away from: LionA3
Wolf C4 is Hungry
Wolf B2f is running away from: LionA3
Wolf B2 is Hungry
Wolf A1f is running away from: LionB0
Wolf A1 is Hungry
Wolf B3f is running away from: LionB0
Wolf B3 is Hungry
Wolf B2f is running away from: LionA3
Wolf B2 is Hungry
Wolf A3f is running away from: LionC5
Wolf A3 is Hungry
Wolf A2m is running away from: LionC5
Wolf A2 is Hungry
Wolf B5m is running away from: LionA3
Wolf B5 is Thirsty
Wolf B5drank water
Wolf B5 m is ready to mate
Wolf C4m is running away from: LionA3
Wolf C4 is Hungry
Wolf C4f is running away from: LionC5
Wolf C4 is Hungry
Wolf A2f is running away from: LionA3
Lion A3 m is ready to mate
No Female Lion Partner or Female Lion partners are not ready to mate Yet!
Lion C5 m is ready to mate
No Female Lion Partner or Female Lion partners are not ready to mate Yet!
Lion B3 m is ready to mate
No Female Lion Partner or Female Lion partners are not ready to mate Yet!
Lion B0 m is ready to mate
No Female Lion Partner or Female Lion partners are not ready to mate Yet!
Wolf C4f is running away from: LionA3
Wolf C4 is Hungry
Wolf B2f is running away from: LionA3
Wolf B2 is Hungry
Wolf A1f is running away from: LionB0
Wolf A1 is Hungry
Wolf B3f is running away from: LionB0
Wolf B3 is Hungry
Wolf B2f is running away from: LionA3
Wolf B2 is Hungry
Wolf A3f is running away from: LionC5
Wolf A3 is Hungry
Wolf A2m is running away from: LionC5
Wolf A2 is Hungry
Wolf B5m is running away from: LionA3
Wolf B5 is Thirsty
Wolf B5drank water
Wolf B5 m is ready to mate
Wolf C0 m was born! Father is B5 and Mother is B2
Wolf C4m is running away from: LionA3
Wolf C4 is Hungry
Wolf C4f is running away from: LionC5
Wolf C4 is Hungry
Wolf A2f is running away from: LionA3
Wolf A2 is Hungry
Lion A3 m is ready to mate
No Female Lion Partner or Female Lion partners are not ready to mate Yet!
Lion C5 m is ready to mate
No Female Lion Partner or Female Lion partners are not ready to mate Yet!
Lion B3 m is ready to mate
No Female Lion Partner or Female Lion partners are not ready to mate Yet!
Lion B0 m is ready to mate
No Female Lion Partner or Female Lion partners are not ready to mate Yet!
Wolf C4f is running away from: LionA3
Wolf C4 is Hungry
Wolf B2f is running away from: LionA3
Wolf B2 is Hungry
Wolf A1f is running away from: LionA3
Wolf A1 is Hungry
Wolf B3f is running away from: LionB0
Wolf B3 is Hungry
Wolf B2f is running away from: LionA3
Wolf B2 is Hungry
Wolf A3f is running away from: LionC5
Wolf A3 is Hungry
Wolf A2m is running away from: LionC5
Wolf A2 is Hungry
Wolf B5m is running away from: LionA3
Wolf B5 is Thirsty
Wolf B5drank water
Wolf B5 m is ready to mate
Wolf C4m is running away from: LionA3
Wolf C4 is Hungry
Wolf C4f is running away from: LionC5
Wolf C4 is Hungry
Wolf A2f is running away from: LionA3
Wolf A2 is Hungry
Wolf C0m is running away from: LionA3
Lion A3 m is ready to mate
No Female Lion Partner or Female Lion partners are not ready to mate Yet!
Lion C5 m is ready to mate
No Female Lion Partner or Female Lion partners are not ready to mate Yet!
Lion B3 m is ready to mate
No Female Lion Partner or Female Lion partners are not ready to mate Yet!
Lion B0 m is ready to mate
No Female Lion Partner or Female Lion partners are not ready to mate Yet!
Wolf C4f is running away from: LionA3
Wolf C4 is Hungry
Wolf B2f is running away from: LionA3
Wolf B2 is Hungry
Wolf A1f is running away from: LionA3
Wolf A1 is Hungry
WolfA1f died of hunger
Wolf B3f is running away from: LionB0
Wolf B3 is Hungry
WolfB3f died of hunger
Wolf B2f is running away from: LionA3
Wolf B2 is Hungry
Wolf A3f is running away from: LionC5
Wolf A3 is Hungry
Wolf A2m is running away from: LionC5
Wolf A2 is Hungry
WolfA2m died of hunger
Wolf B5m is running away from: LionA3
Wolf B5 is Hungry
Wolf C4m is running away from: LionA3
Wolf C4 is Hungry
Wolf C4f is running away from: LionC5
Wolf C4 is Hungry
Wolf A2f is running away from: LionA3
Wolf A2 is Hungry
Wolf C0m is running away from: LionA3
Lion A3 m is ready to mate
No Female Lion Partner or Female Lion partners are not ready to mate Yet!
Lion C5 m is ready to mate
No Female Lion Partner or Female Lion partners are not ready to mate Yet!
Lion B3 m is ready to mate
No Female Lion Partner or Female Lion partners are not ready to mate Yet!
Lion B0 m is ready to mate
No Female Lion Partner or Female Lion partners are not ready to mate Yet!
Wolf C4f is running away from: LionA3
Wolf C4 is Hungry
Wolf B2f is running away from: LionA3
Wolf B2 is Hungry
Wolf B2f is running away from: LionA3
Wolf B2 is Hungry
Wolf A3f is running away from: LionC5
Wolf A3 is Hungry
WolfA3f died of hunger
Wolf B5m is running away from: LionA3
Wolf B5 is Hungry
Wolf C4m is running away from: LionA3
Wolf C4 is Hungry
WolfC4m died of hunger
Wolf C4f is running away from: LionC5
Wolf C4 is Hungry
Wolf A2f is running away from: LionA3
Wolf A2 is Hungry
Wolf C0m is running away from: LionA3
Lion A3 is Hungry
LionA3mis chasing: C4f
Lion A3 m is ready to mate
No Female Lion Partner or Female Lion partners are not ready to mate Yet!
Lion C5 is Hungry
LionC5mis chasing: C4f
Lion C5 m is ready to mate
No Female Lion Partner or Female Lion partners are not ready to mate Yet!
Lion B3 is Hungry
LionB3fis chasing: C4f
Lion B3 is Hungry
LionB3mis chasing: C4f
Lion B3 m is ready to mate
No Female Lion Partner or Female Lion partners are not ready to mate Yet!
Lion B0 is Hungry
LionB0mis chasing: C4f
Lion B0 m is ready to mate
No Female Lion Partner or Female Lion partners are not ready to mate Yet!
Wolf C4f is running away from: LionA3
Wolf C4 is Hungry
Wolf B2f is running away from: LionA3
Wolf B2 is Hungry
Wolf B2f is running away from: LionA3
Wolf B2 is Hungry
Wolf B5m is running away from: LionA3
Wolf B5 is Hungry
Wolf C4f is running away from: LionC5
Wolf C4 is Hungry
Wolf A2f is running away from: LionA3
Wolf A2 is Hungry
Wolf C0m is running away from: LionA3
Lion A3 is Hungry
LionA3mis chasing: C4f
Lion A3 m is ready to mate
No Female Lion Partner or Female Lion partners are not ready to mate Yet!
Lion C5 is Thirsty
Lion C5 drank water
Lion C5 is Hungry
LionC5mis chasing: C4f
Lion C5 m is ready to mate
No Female Lion Partner or Female Lion partners are not ready to mate Yet!
Lion B3 is Hungry
LionB3fis chasing: C4f
Lion B3 is Thirsty
Lion B3 drank water
Lion B3 is Hungry
LionB3mis chasing: C4f
Lion B3 m is ready to mate
No Female Lion Partner or Female Lion partners are not ready to mate Yet!
Lion B0 is Hungry
LionB0mis chasing: C4f
Lion B0 m is ready to mate
No Female Lion Partner or Female Lion partners are not ready to mate Yet!
Wolf C4f is running away from: LionA3
Wolf C4 is Hungry
Wolf B2f is running away from: LionA3
Wolf B2 is Hungry
Wolf B2f is running away from: LionA3
Wolf B2 is Hungry
Wolf B5m is running away from: LionA3
Wolf B5 is Hungry
Wolf C4f is running away from: LionC5
Wolf C4 is Hungry
Wolf A2f is running away from: LionA3
Wolf A2 is Hungry
Wolf C0m is running away from: LionA3
Lion A3 is Hungry
LionA3mis chasing: C4f
Lion A3 m is ready to mate
No Female Lion Partner or Female Lion partners are not ready to mate Yet!
Lion C5 is Hungry
LionC5mis chasing: C4f
Lion C5 m is ready to mate
No Female Lion Partner or Female Lion partners are not ready to mate Yet!
Lion B3 is Thirsty
Lion B3 drank water
Lion B3 is Hungry
LionB3fis chasing: C4f
Lion B3 is Hungry
LionB3mis chasing: C4f
Lion B3 m is ready to mate
No Female Lion Partner or Female Lion partners are not ready to mate Yet!
Lion B0 is Thirsty
Lion B0 drank water
Lion B0 is Hungry
LionB0mis chasing: C4f
Lion B0 m is ready to mate
No Female Lion Partner or Female Lion partners are not ready to mate Yet!
Wolf C4f is running away from: LionA3
Wolf C4 is Hungry
Wolf B2f is running away from: LionA3
Wolf B2 is Hungry
WolfB2f died of hunger
Wolf B2f is running away from: LionA3
Wolf B2 is Hungry
Wolf B5m is running away from: LionA3
Wolf B5 is Hungry
Wolf C4f is running away from: LionB3
Wolf C4 is Hungry
Wolf A2f is running away from: LionA3
Wolf A2 is Hungry
Wolf C0m is running away from: LionA3
Wolf C0 is Hungry
Lion A3 is Thirsty
Lion A3 drank water
Lion A3 is Hungry
LionA3mis chasing: C4f
Lion A3 m is ready to mate
No Female Lion Partner or Female Lion partners are not ready to mate Yet!
Lion C5 is Hungry
LionC5mis chasing: C4f
Lion C5 m is ready to mate
No Female Lion Partner or Female Lion partners are not ready to mate Yet!
Lion B3 is Hungry
LionB3fis chasing: C4f
Lion B3 is Hungry
LionB3mis chasing: C4f
Lion B3 m is ready to mate
No Female Lion Partner or Female Lion partners are not ready to mate Yet!
Lion B0 is Thirsty
Lion B0 drank water
Lion B0 is Hungry
LionB0mis chasing: C4f
Lion B0 m is ready to mate
No Female Lion Partner or Female Lion partners are not ready to mate Yet!
Lion A5 is Thirsty
Lion A5 drank water
Wolf C4f is running away from: LionA3
Wolf C4 is Hungry
Wolf B2f is running away from: LionA3
Wolf B2 is Hungry
WolfB2f died of hunger
Wolf B5m is running away from: LionA3
Wolf B5 is Hungry
Wolf C4f is running away from: LionB3
Wolf C4 is Hungry
Wolf A2f is running away from: LionA3
Wolf A2 is Hungry
Wolf C0m is running away from: LionA3
Wolf C0 is Hungry
Lion A3 is Thirsty
Lion A3 drank water
Lion A3 is Hungry
LionA3mis chasing: C4f
Lion A3 m is ready to mate
No Female Lion Partner or Female Lion partners are not ready to mate Yet!
Lion C5 is Hungry
LionC5mis chasing: C4f
Lion C5 m is ready to mate
No Female Lion Partner or Female Lion partners are not ready to mate Yet!
Lion B3 is Hungry
LionB3fis chasing: C4f
Lion B3 is Hungry
LionB3mis chasing: C4f
Lion B3 m is ready to mate
No Female Lion Partner or Female Lion partners are not ready to mate Yet!
Lion B0 is Thirsty
Lion B0 drank water
Lion B0 is Hungry
LionB0mis chasing: C4f
Lion B0 m is ready to mate
No Female Lion Partner or Female Lion partners are not ready to mate Yet!
Wolf C4f is running away from: LionA3
Wolf C4 is Hungry
Wolf B5m is running away from: LionA3
Wolf B5 is Hungry
Wolf C4f is running away from: LionB3
Wolf C4 is Hungry
Wolf A2f is running away from: LionA3
Wolf A2 is Hungry
Wolf C0m is running away from: LionA3
Wolf C0 is Hungry
Lion A3 is Thirsty
Lion A3 drank water
Lion A3 is Hungry
LionA3mis chasing: C4f
Lion A3 m is ready to mate
No Female Lion Partner or Female Lion partners are not ready to mate Yet!
Lion C5 is Hungry
LionC5mis chasing: C4f
Lion C5 m is ready to mate
No Female Lion Partner or Female Lion partners are not ready to mate Yet!
Lion B3 is Hungry
LionB3fis chasing: C4f
Lion B3 is Hungry
LionB3mis chasing: C4f
Lion B3 m is ready to mate
No Female Lion Partner or Female Lion partners are not ready to mate Yet!
Lion B0 is Thirsty
Lion B0 drank water
Lion B0 is Hungry
LionB0mis chasing: C4f
Lion B0 m is ready to mate
No Female Lion Partner or Female Lion partners are not ready to mate Yet!
Wolf C4f is running away from: LionA3
Wolf C4 is Hungry
WolfC4f died of hunger
Wolf B5m is running away from: LionA3
Wolf B5 is Hungry
Wolf C4f is running away from: LionB3
Wolf C4 is Hungry
Wolf A2f is running away from: LionA3
Wolf A2 is Hungry
Wolf C0m is running away from: LionA3
Wolf C0 is Hungry
Lion A3 is Thirsty
Lion A3 drank water
Lion A3 is Hungry
Lion C5 is Hungry
LionC5mis chasing: C4f
Lion C5 m is ready to mate
No Female Lion Partner or Female Lion partners are not ready to mate Yet!
Lion B3 is Hungry
Lion B3 is Hungry
LionB3mis chasing: C4f
Lion B3 m is ready to mate
No Female Lion Partner or Female Lion partners are not ready to mate Yet!
Lion B0 is Thirsty
Lion B0 drank water
Lion B0 is Hungry
Wolf B5m is running away from: LionA3
Wolf B5 is Hungry
Wolf C4f is running away from: LionB3
Wolf C4 is Hungry
Wolf A2f is running away from: LionA3
Wolf A2 is Hungry
Wolf C0m is running away from: LionA3
Wolf C0 is Hungry
Lion A3 is Thirsty
Lion A3 drank water
Lion A3 is Hungry
Lion C5 is Hungry
LionC5mis chasing: C4f
Lion C5 m is ready to mate
No Female Lion Partner or Female Lion partners are not ready to mate Yet!
Lion B3 is Hungry
Lion B3 is Hungry
LionB3mis chasing: C4f
Lion B3 m is ready to mate
No Female Lion Partner or Female Lion partners are not ready to mate Yet!
Lion B0 is Thirsty
Lion B0 drank water
Lion B0 is Hungry
Wolf B5m is running away from: LionA3
Wolf B5 is Hungry
Wolf C4f is running away from: LionB3
Wolf C4 is Hungry
WolfC4f died of hunger
Wolf A2f is running away from: LionA3
Wolf A2 is Hungry
Wolf C0m is running away from: LionA3
Wolf C0 is Hungry
Lion A3 is Hungry
Lion C5 is Hungry
LionC5mis chasing: B5m
Lion C5 m is ready to mate
No Female Lion Partner or Female Lion partners are not ready to mate Yet!
Lion B3 is Hungry
Lion B3 is Hungry
LionB3mis chasing: B5m
Lion B3 m is ready to mate
No Female Lion Partner or Female Lion partners are not ready to mate Yet!
Lion B0 is Hungry
Wolf B5m is running away from: LionA3
Wolf B5 is Hungry
Wolf A2f is running away from: LionA3
Wolf A2 is Hungry
Wolf C0m is running away from: LionA3
Wolf C0 is Hungry
Lion A3 is Hungry
Lion C5 is Hungry
LionC5mis chasing: B5m
Lion C5 m is ready to mate
No Female Lion Partner or Female Lion partners are not ready to mate Yet!
Lion B3 is Hungry
Lion B3 is Hungry
LionB3mis chasing: B5m
Lion B3 m is ready to mate
No Female Lion Partner or Female Lion partners are not ready to mate Yet!
Lion B0 is Hungry
Wolf B5m is running away from: LionA3
Wolf B5 is Hungry
Wolf A2f is running away from: LionA3
Wolf A2 is Hungry
Wolf C0m is running away from: LionA3
Wolf C0 is Hungry
Lion A3 is Hungry
Lion C5 is Hungry
LionC5mis chasing: B5m
Lion C5 m is ready to mate
No Female Lion Partner or Female Lion partners are not ready to mate Yet!
Lion B3 is Hungry
Lion B3 is Hungry
LionB3mis chasing: B5m
Lion B3 m is ready to mate
No Female Lion Partner or Female Lion partners are not ready to mate Yet!
Lion B0 is Hungry
Wolf B5m is running away from: LionA3
Wolf B5 is Hungry
Wolf A2f is running away from: LionA3
Wolf A2 is Hungry
WolfA2f died of hunger
Wolf C0m is running away from: LionA3
Wolf C0 is Hungry
Lion A3 is Hungry
Lion C5 is Thirsty
Lion C5 drank water
Lion C5 is Hungry
LionC5mis chasing: B5m
Lion C5 m is ready to mate
No Female Lion Partner or Female Lion partners are not ready to mate Yet!
Lion B3 is Hungry
Lion B3 is Thirsty
Lion B3 drank water
Lion B3 is Hungry
LionB3mis chasing: B5m
Lion B3 m is ready to mate
No Female Lion Partner or Female Lion partners are not ready to mate Yet!
Lion B0 is Hungry
Lion A5 is Hungry
Wolf B5m is running away from: LionA3
Wolf B5 is Hungry
Wolf C0m is running away from: LionA3
Wolf C0 is Hungry
Lion A3 is Hungry
Lion C5 is Thirsty
Lion C5 drank water
Lion C5 is Hungry
LionC5mis chasing: B5m
Lion C5 m is ready to mate
No Female Lion Partner or Female Lion partners are not ready to mate Yet!
Lion B3 is Thirsty
Lion B3 drank water
Lion B3 is Hungry
Lion B3 is Thirsty
Lion B3 drank water
Lion B3 is Hungry
LionB3mis chasing: B5m
Lion B3 m is ready to mate
No Female Lion Partner or Female Lion partners are not ready to mate Yet!
Lion B0 is Hungry
Lion A5 is Hungry
Wolf B5m is running away from: LionA3
Wolf B5 is Hungry
WolfB5m died of hunger
Wolf C0m is running away from: LionA3
Wolf C0 is Hungry
Lion A3 is Hungry
Lion C5 is Thirsty
Lion C5 drank water
Lion C5 is Hungry
LionC5mis chasing: C0m
Lion C5 m is ready to mate
No Female Lion Partner or Female Lion partners are not ready to mate Yet!
Lion B3 is Thirsty
Lion B3 drank water
Lion B3 is Hungry
Lion B3 is Thirsty
Lion B3 drank water
Lion B3 is Hungry
LionB3mis chasing: C0m
Lion B3 m is ready to mate
No Female Lion Partner or Female Lion partners are not ready to mate Yet!
Lion B0 is Hungry
Lion A5 is Thirsty
Lion A5 drank water
Lion A5 is Hungry
Wolf C0m is running away from: LionA3
Wolf C0 is Hungry
Lion A3 is Hungry
Lion C5 is Thirsty
Lion C5 drank water
Lion C5 is Hungry
LionC5mis chasing: C0m
Lion C5 m is ready to mate
No Female Lion Partner or Female Lion partners are not ready to mate Yet!
Lion B3 is Thirsty
Lion B3 drank water
Lion B3 is Hungry
Lion B3 is Thirsty
Lion B3 drank water
Lion B3 is Hungry
LionB3mis chasing: C0m
Lion B3 m is ready to mate
No Female Lion Partner or Female Lion partners are not ready to mate Yet!
Lion B0 is Hungry
Lion A5 is Thirsty
Lion A5 drank water
Lion A5 is Hungry
Wolf C0m is running away from: LionA3
Wolf C0 is Hungry
Lion A3 is Hungry
Lion C5 is Thirsty
Lion C5 drank water
Lion C5 is Hungry
LionC5mis chasing: C0m
Lion C5 m is ready to mate
No Female Lion Partner or Female Lion partners are not ready to mate Yet!
Lion B3 is Thirsty
Lion B3 drank water
Lion B3 is Hungry
Lion B3 is Thirsty
Lion B3 drank water
Lion B3 is Hungry
LionB3mis chasing: C0m
Lion B3 m is ready to mate
No Female Lion Partner or Female Lion partners are not ready to mate Yet!
Lion B0 is Hungry
Lion A5 is Thirsty
Lion A5 drank water
Lion A5 is Hungry
Wolf C0m is running away from: LionA3
Wolf C0 is Hungry
Lion A3 is Hungry
Lion C5 is Thirsty
Lion C5 drank water
Lion C5 is Hungry
LionC5mis chasing: C0m
Lion C5 m is ready to mate
No Female Lion Partner or Female Lion partners are not ready to mate Yet!
Lion B3 is Hungry
Lion B3 is Thirsty
Lion B3 drank water
Lion B3 is Hungry
LionB3mis chasing: C0m
Lion B3 m is ready to mate
No Female Lion Partner or Female Lion partners are not ready to mate Yet!
Lion B0 is Hungry
Lion A5 is Thirsty
Lion A5 drank water
Lion A5 is Hungry
Wolf C0m is running away from: LionA3
Wolf C0 is Hungry
WolfC0m died of hunger
Lion A3 is Thirsty
Lion A3 drank water
Lion A3 is Hungry
Lion C5 is Thirsty
Lion C5 drank water
Lion C5 is Hungry
Lion B3 is Hungry
Lion B3 is Thirsty
Lion B3 drank water
Lion B3 is Hungry
Lion B0 is Thirsty
Lion B0 drank water
Lion B0 is Hungry
Lion A5 is Thirsty
Lion A5 drank water
Lion A5 is Hungry
Lion A3 is Hungry
Lion C5 is Thirsty
Lion C5 drank water
Lion C5 is Hungry
Lion B3 is Hungry
Lion B3 is Thirsty
Lion B3 drank water
Lion B3 is Hungry
Lion B0 is Hungry
Lion A5 is Hungry
Lion A3 is Hungry
Lion C5 is Thirsty
Lion C5 drank water
Lion C5 is Hungry
Lion B3 is Hungry
Lion B3 is Thirsty
Lion B3 drank water
Lion B3 is Hungry
Lion B0 is Hungry
Lion A5 is Hungry
Lion A3 is Hungry
Lion C5 is Thirsty
Lion C5 drank water
Lion C5 is Hungry
Lion B3 is Hungry
Lion B3 is Thirsty
Lion B3 drank water
Lion B3 is Hungry
Lion B0 is Hungry
Lion A5 is Hungry
Lion A3 is Hungry
Lion C5 is Thirsty
Lion C5 drank water
Lion C5 is Hungry
Lion B3 is Hungry
Lion B3 is Thirsty
Lion B3 drank water
Lion B3 is Hungry
Lion B0 is Hungry
Lion A5 is Hungry
Lion A3 is Hungry
Lion C5 is Thirsty
Lion C5 drank water
Lion C5 is Hungry
Lion B3 is Hungry
Lion B3 is Thirsty
Lion B3 drank water
Lion B3 is Hungry
Lion B0 is Hungry
Lion A5 is Hungry
Lion A3 is Hungry
Lion C5 is Thirsty
Lion C5 drank water
Lion C5 is Hungry
Lion B3 is Hungry
Lion B3 is Thirsty
Lion B3 drank water
Lion B3 is Hungry
Lion B0 is Hungry
Lion A5 is Hungry
Lion A3 is Hungry
Lion C5 is Thirsty
Lion C5 drank water
Lion C5 is Hungry
Lion B3 is Hungry
Lion B3 is Thirsty
Lion B3 drank water
Lion B3 is Hungry
Lion B0 is Hungry
Lion A5 is Hungry
Lion A3 is Hungry
Lion C5 is Thirsty
Lion C5 drank water
Lion C5 is Hungry
Lion B3 is Thirsty
Lion B3 drank water
Lion B3 is Hungry
Lion B3 is Thirsty
Lion B3 drank water
Lion B3 is Hungry
Lion B0 is Hungry
Lion A5 is Hungry
Lion A3 is Hungry
Lion C5 is Thirsty
Lion C5 drank water
Lion C5 is Hungry
Lion B3 is Hungry
Lion B3 is Thirsty
Lion B3 drank water
Lion B3 is Hungry
Lion B0 is Hungry
Lion A5 is Hungry
Lion A3 is Thirsty
Lion A3 drank water
Lion A3 is Hungry
Lion C5 is Thirsty
Lion C5 drank water
Lion C5 is Hungry
Lion B3 is Hungry
Lion B3 is Thirsty
Lion B3 drank water
Lion B3 is Hungry
Lion B0 is Thirsty
Lion B0 drank water
Lion B0 is Hungry
Lion A5 is Thirsty
Lion A5 drank water
Lion A5 is Hungry
Lion A3 is Hungry
Lion C5 is Thirsty
Lion C5 drank water
Lion C5 is Hungry
Lion B3 is Hungry
Lion B3 is Thirsty
Lion B3 drank water
Lion B3 is Hungry
Lion B0 is Hungry
Lion A5 is Hungry
Lion A3 is Hungry
Lion C5 is Thirsty
Lion C5 drank water
Lion C5 is Hungry
Lion B3 is Hungry
Lion B3 is Thirsty
Lion B3 drank water
Lion B3 is Hungry
Lion B0 is Hungry
Lion A5 is Hungry
Lion A3 is Hungry
Lion C5 is Thirsty
Lion C5 drank water
Lion C5 is Hungry
Lion B3 is Hungry
Lion B3 is Thirsty
Lion B3 drank water
Lion B3 is Hungry
Lion B0 is Hungry
Lion A5 is Hungry
Lion A3 is Hungry
Lion C5 is Thirsty
Lion C5 drank water
Lion C5 is Hungry
Lion B3 is Hungry
Lion B3 is Thirsty
Lion B3 drank water
Lion B3 is Hungry
Lion B0 is Hungry
Lion A5 is Hungry
Lion A3 is Hungry
Lion C5 is Thirsty
Lion C5 drank water
Lion C5 is Hungry
Lion B3 is Hungry
Lion B3 is Thirsty
Lion B3 drank water
Lion B3 is Hungry
Lion B0 is Hungry
Lion A5 is Hungry
Lion A3 is Hungry
Lion C5 is Thirsty
Lion C5 drank water
Lion C5 is Hungry
Lion B3 is Hungry
Lion B3 is Thirsty
Lion B3 drank water
Lion B3 is Hungry
Lion B0 is Hungry
Lion A5 is Hungry
Lion A3 is Hungry
Lion C5 is Thirsty
Lion C5 drank water
Lion C5 is Hungry
Lion B3 is Hungry
Lion B3 is Thirsty
Lion B3 drank water
Lion B3 is Hungry
Lion B0 is Hungry
Lion A5 is Hungry
Lion A3 is Hungry
Lion C5 is Thirsty
Lion C5 drank water
Lion C5 is Hungry
Lion B3 is Thirsty
Lion B3 drank water
Lion B3 is Hungry
Lion B3 is Thirsty
Lion B3 drank water
Lion B3 is Hungry
Lion B0 is Hungry
Lion A5 is Hungry
Lion A3 is Hungry
Lion C5 is Thirsty
Lion C5 drank water
Lion C5 is Hungry
Lion B3 is Hungry
Lion B3 is Thirsty
Lion B3 drank water
Lion B3 is Hungry
Lion B0 is Hungry
Lion A5 is Hungry
Lion A3 is Thirsty
Lion A3 drank water
Lion A3 is Hungry
Lion C5 is Thirsty
Lion C5 drank water
Lion C5 is Hungry
Lion B3 is Hungry
Lion B3 is Thirsty
Lion B3 drank water
Lion B3 is Hungry
Lion B0 is Thirsty
Lion B0 drank water
Lion B0 is Hungry
Lion A5 is Thirsty
Lion A5 drank water
Lion A5 is Hungry
Lion A3 is Hungry
Lion C5 is Thirsty
Lion C5 drank water
Lion C5 is Hungry
Lion B3 is Hungry
Lion B3 is Thirsty
Lion B3 drank water
Lion B3 is Hungry
Lion B0 is Hungry
Lion A5 is Hungry
