Wolf C1m is running away from: LionC3
Wolf C5f is running away from: LionB0
Wolf B5f is running away from: LionB0
Wolf A3f is running away from: LionB0
Wolf B4f is running away from: LionB0
Wolf A4f is running away from: LionB0
Wolf C0f is running away from: LionB0
Wolf A3m is running away from: LionB0
Rabbit C2f is running away from: LionC0
Rabbit C2f is running away from: WolfC1
Rabbit C2 f is ready to mate
Rabbit C5f is running away from: LionB0
Rabbit C5f is running away from: WolfC1
Rabbit C5 f is ready to mate
Rabbit B2m is running away from: LionA5
Rabbit B2m is running away from: WolfB4
Rabbit B2 m is ready to mate
Rabbit B2 m is approaching partner: Rabbit C5f
Rabbit B0m is running away from: LionB0
Rabbit B0m is running away from: WolfB4
Rabbit B0 m is ready to mate
Rabbit B0 m is approaching partner: Rabbit C2f
Rabbit B1 m was born!Father is B0 and Mother is C2
Rabbit C5f is running away from: LionC0
Rabbit C5f is running away from: WolfB5
Rabbit C5 f is ready to mate
Rabbit C4m is running away from: LionB0
Rabbit C4m is running away from: WolfA4
Rabbit C4 m is ready to mate
Rabbit C4 m is approaching partner: Rabbit C5f
Rabbit A0f is running away from: LionA5
Rabbit A0f is running away from: WolfB4
Rabbit A0 f is ready to mate
Rabbit B0m is running away from: LionA5
Rabbit B0m is running away from: WolfB4
Rabbit B0 m is ready to mate
Rabbit B0 m is approaching partner: Rabbit A0f
Rabbit B0f is running away from: LionB0
Rabbit B0f is running away from: WolfC5
Rabbit B0 f is ready to mate
Rabbit A5m is running away from: LionB0
Rabbit A5m is running away from: WolfB5
Rabbit A5 m is ready to mate
Rabbit A5 m is approaching partner: Rabbit C5f
Rabbit C5f is running away from: LionB0
Rabbit C5f is running away from: WolfB4
Rabbit C5 f is ready to mate
Rabbit C5f is running away from: LionC3
Rabbit C5f is running away from: WolfC1
Rabbit C5 f is ready to mate
Rabbit C1m is running away from: LionA5
Rabbit C1m is running away from: WolfB4
Rabbit C1 m is ready to mate
Rabbit C1 m is approaching partner: Rabbit A0f
Rabbit A3f is running away from: LionC0
Rabbit A3f is running away from: WolfB5
Rabbit A3 f is ready to mate
Rabbit C0f is running away from: LionA5
Rabbit C0f is running away from: WolfB4
Rabbit C0 f is ready to mate
Rabbit A0m is running away from: LionC0
Rabbit A0m is running away from: WolfC1
Rabbit A0 m is ready to mate
Rabbit A0 m is approaching partner: Rabbit C5f
Rabbit A5f is running away from: LionA5
Rabbit A5f is running away from: WolfB4
Rabbit A5 f is ready to mate
Rabbit C0f is running away from: LionB0
Rabbit C0f is running away from: WolfC5
Rabbit C0 f is ready to mate
Rabbit A4m is running away from: LionB0
Rabbit A4m is running away from: WolfB4
Rabbit A4 m is ready to mate
Rabbit A4 m is approaching partner: Rabbit C5f
Rabbit B1f is running away from: LionB0
Rabbit B1f is running away from: WolfB4
Rabbit B1 f is ready to mate
Wolf C1m is running away from: LionC3
Wolf C5f is running away from: LionB0
Wolf B5f is running away from: LionB0
Wolf A3f is running away from: LionB0
Wolf B4f is running away from: LionB0
Wolf A4f is running away from: LionB0
Wolf C0f is running away from: LionB0
Wolf A3m is running away from: LionB0
Rabbit C2f is running away from: LionB0
Rabbit C2f is running away from: WolfC1
Rabbit C5f is running away from: LionB0
Rabbit C5f is running away from: WolfC1
Rabbit C5 f is ready to mate
Rabbit B2m is running away from: LionA5
Rabbit B2m is running away from: WolfB4
Rabbit B2 m is ready to mate
Rabbit B2 m is approaching partner: Rabbit C0f
Rabbit B0m is running away from: LionC3
Rabbit B0m is running away from: WolfC1
Rabbit B0 m is ready to mate
Rabbit B0 m is approaching partner: Rabbit C5f
Rabbit A0 m was born!Father is B0 and Mother is C5
Rabbit C5f is running away from: LionC0
Rabbit C5f is running away from: WolfB5
Rabbit C5 f is ready to mate
Rabbit C4m is running away from: LionB0
Rabbit C4m is running away from: WolfB5
Rabbit C4 m is ready to mate
Rabbit C4 m is approaching partner: Rabbit C5f
Rabbit A0f is running away from: LionA5
Rabbit A0f is running away from: WolfB4
Rabbit A0 f is ready to mate
Rabbit B0m is running away from: LionB0
Rabbit B0m is running away from: WolfB4
Rabbit B0 m is ready to mate
Rabbit B0 m is approaching partner: Rabbit B1f
Rabbit B0f is running away from: LionB0
Rabbit B0f is running away from: WolfC5
Rabbit B0 f is ready to mate
Rabbit A5m is running away from: LionC0
Rabbit A5m is running away from: WolfB5
Rabbit A5 m is ready to mate
Rabbit A5 m is approaching partner: Rabbit C5f
Rabbit C5f is running away from: LionB0
Rabbit C5f is running away from: WolfB4
Rabbit C5 f is ready to mate
Rabbit C5f is running away from: LionC3
Rabbit C5f is running away from: WolfC1
Rabbit C1m is running away from: LionA5
Rabbit C1m is running away from: WolfB4
Rabbit C1 m is ready to mate
Rabbit C1 m is approaching partner: Rabbit A0f
Rabbit B0 m was born!Father is C1 and Mother is A0
Rabbit A3f is running away from: LionC0
Rabbit A3f is running away from: WolfB5
Rabbit A3 f is ready to mate
Rabbit C0f is running away from: LionA5
Rabbit C0f is running away from: WolfB4
Rabbit C0 f is ready to mate
Rabbit A0m is running away from: LionC3
Rabbit A0m is running away from: WolfC1
Rabbit A0 m is ready to mate
Rabbit A0 m is approaching partner: Rabbit B0f
Rabbit A5f is running away from: LionA5
Rabbit A5f is running away from: WolfB4
Rabbit A5 f is ready to mate
Rabbit C0f is running away from: LionB0
Rabbit C0f is running away from: WolfC5
Rabbit C0 f is ready to mate
Rabbit A4m is running away from: LionC3
Rabbit A4m is running away from: WolfB4
Rabbit A4 m is ready to mate
Rabbit A4 m is approaching partner: Rabbit C5f
Rabbit B1f is running away from: LionB0
Rabbit B1f is running away from: WolfB4
Rabbit B1 f is ready to mate
Rabbit B1m is running away from: LionB0
Rabbit B1m is running away from: WolfC1
Wolf C1m is running away from: LionC3
Wolf C5f is running away from: LionB0
Wolf B5f is running away from: LionB0
Wolf A3f is running away from: LionB0
Wolf B4f is running away from: LionB0
Wolf A4f is running away from: LionB0
Wolf C0f is running away from: LionB0
Wolf A3m is running away from: LionB0
Rabbit C2f is running away from: LionC3
Rabbit C2f is running away from: WolfC1
Rabbit C2 is Hungry
Rabbit C2f ate
Rabbit C5f is running away from: LionC3
Rabbit C5f is running away from: WolfB4
Rabbit C5 is Hungry
Rabbit C5f ate
Rabbit C5 f is ready to mate
Rabbit B2m is running away from: LionA5
Rabbit B2m is running away from: WolfB4
Rabbit B2 is Hungry
Rabbit B2m ate
Rabbit B2 m is ready to mate
Rabbit B2 m is approaching partner: Rabbit C0f
Rabbit B0m is running away from: LionB0
Rabbit B0m is running away from: WolfC1
Rabbit B0 is Hungry
Rabbit B0m ate
Rabbit B0 m is ready to mate
Rabbit B0 m is approaching partner: Rabbit B0f
Rabbit C5f is running away from: LionC0
Rabbit C5f is running away from: WolfC5
Rabbit C5 is Hungry
Rabbit C5f ate
Rabbit C5 f is ready to mate
Rabbit C4m is running away from: LionC0
Rabbit C4m is running away from: WolfB5
Rabbit C4 is Hungry
Rabbit C4m ate
Rabbit C4 m is ready to mate
Rabbit C4 m is approaching partner: Rabbit C5f
Rabbit A0f is running away from: LionA5
Rabbit A0f is running away from: WolfB4
Rabbit A0 is Hungry
Rabbit A0f ate
Rabbit B0m is running away from: LionB0
Rabbit B0m is running away from: WolfB4
Rabbit B0 is Hungry
Rabbit B0m ate
Rabbit B0 m is ready to mate
Rabbit B0 m is approaching partner: Rabbit B1f
Rabbit B0f is running away from: LionB0
Rabbit B0f is running away from: WolfC1
Rabbit B0 is Hungry
Rabbit B0f ate
Rabbit B0 f is ready to mate
Rabbit A5m is running away from: LionC0
Rabbit A5m is running away from: WolfC5
Rabbit A5 is Hungry
Rabbit A5m ate
Rabbit A5 m is ready to mate
Rabbit A5 m is approaching partner: Rabbit C5f
Rabbit C5f is running away from: LionB0
Rabbit C5f is running away from: WolfB4
Rabbit C5 is Hungry
Rabbit C5f ate
Rabbit C5 f is ready to mate
Rabbit C5f is running away from: LionB0
Rabbit C5f is running away from: WolfC5
Rabbit C5 is Hungry
Rabbit C5f ate
Rabbit C1m is running away from: LionA5
Rabbit C1m is running away from: WolfB4
Rabbit C1 is Hungry
Rabbit C1m ate
Rabbit C1 m is ready to mate
Rabbit C1 m is approaching partner: Rabbit C0f
Rabbit A3f is running away from: LionC0
Rabbit A3f is running away from: WolfC5
Rabbit A3 is Hungry
Rabbit A3 f is ready to mate
Rabbit C0f is running away from: LionA5
Rabbit C0f is running away from: WolfB4
Rabbit C0 is Hungry
Rabbit C0f ate
Rabbit C0 f is ready to mate
Rabbit A0m is running away from: LionC0
Rabbit A0m is running away from: WolfC1
Rabbit A0 is Hungry
Rabbit A0m ate
Rabbit A0 m is ready to mate
Rabbit A0 m is approaching partner: Rabbit B0f
Rabbit A5f is running away from: LionA5
Rabbit A5f is running away from: WolfB4
Rabbit A5 is Hungry
Rabbit A5f ate
Rabbit A5 f is ready to mate
Rabbit C0f is running away from: LionB0
Rabbit C0f is running away from: WolfC5
Rabbit C0 is Hungry
Rabbit C0f ate
Rabbit C0 f is ready to mate
Rabbit A4m is running away from: LionB0
Rabbit A4m is running away from: WolfB4
Rabbit A4 is Hungry
Rabbit A4m ate
Rabbit A4 m is ready to mate
Rabbit A4 m is approaching partner: Rabbit C5f
Rabbit B1f is running away from: LionB0
Rabbit B1f is running away from: WolfB4
Rabbit B1 is Hungry
Rabbit B1 f is ready to mate
Rabbit B1m is running away from: LionB0
Rabbit B1m is running away from: WolfC1
Rabbit A0m is running away from: LionB0
Rabbit A0m is running away from: WolfC1
Rabbit B0m is running away from: LionA5
Rabbit B0m is running away from: WolfB4
Wolf C1m is running away from: LionC3
Wolf C1 is Hungry
Wolf C1m is chasing: B1m
Wolf C5f is running away from: LionB0
Wolf C5 is Hungry
Wolf C5f is chasing: B0f
Wolf B5f is running away from: LionB0
Wolf B5 is Hungry
Wolf B5f is chasing: A5m
Wolf A3f is running away from: LionB0
Wolf A3 is Hungry
Wolf A3f is chasing: A5m
Wolf B4f is running away from: LionB0
Wolf B4 is Hungry
Wolf B4f is chasing: C5f
Wolf A4f is running away from: LionB0
Wolf A4 is Hungry
Wolf A4f is chasing: A5m
Wolf C0f is running away from: LionB0
Wolf C0 is Hungry
Wolf C0f is chasing: A5m
Wolf A3m is running away from: LionB0
Wolf A3 is Hungry
Wolf A3m is chasing: A5m
Rabbit C2f is running away from: LionB0
Rabbit C2f is running away from: WolfC1
Rabbit C5f is running away from: LionB0
Rabbit C5f is running away from: WolfB4
Rabbit C5 f is ready to mate
Rabbit B2m is running away from: LionA5
Rabbit B2m is running away from: WolfB4
Rabbit B2 m is ready to mate
Rabbit B2 m is approaching partner: Rabbit C0f
Rabbit B0m is running away from: LionB0
Rabbit B0m is running away from: WolfC1
Rabbit B0 m is ready to mate
Rabbit B0 m is approaching partner: Rabbit C0f
Rabbit C5f is running away from: LionC0
Rabbit C5f is running away from: WolfC5
Rabbit C5 f is ready to mate
Rabbit C4m is running away from: LionC0
Rabbit C4m is running away from: WolfC0
Rabbit C4 m is ready to mate
Rabbit C4 m is approaching partner: Rabbit C5f
Rabbit A0f is running away from: LionA5
Rabbit A0f is running away from: WolfB4
Rabbit B0m is running away from: LionB0
Rabbit B0m is running away from: WolfB4
Rabbit B0 m is ready to mate
Rabbit B0 m is approaching partner: Rabbit B1f
Rabbit B0f is running away from: LionB0
Rabbit B0f is running away from: WolfC1
Rabbit B0 f is ready to mate
Rabbit A5m is running away from: LionC0
Rabbit A5m is running away from: WolfC5
Rabbit A5 m is ready to mate
Rabbit A5 m is approaching partner: Rabbit C5f
Rabbit C5f is running away from: LionB0
Rabbit C5f is running away from: WolfB4
Rabbit C5 f is ready to mate
Rabbit C5f is running away from: LionB0
Rabbit C5f is running away from: WolfB4
Rabbit C1m is running away from: LionA5
Rabbit C1m is running away from: WolfB4
Rabbit C1 m is ready to mate
Rabbit C1 m is approaching partner: Rabbit C0f
Rabbit A3f is running away from: LionC0
Rabbit A3f is running away from: WolfC5
Rabbit A3 is Hungry
Rabbit A3f ate
Rabbit A3 f is ready to mate
Rabbit C0f is running away from: LionA5
Rabbit C0f is running away from: WolfB4
Rabbit C0 f is ready to mate
Rabbit A0m is running away from: LionC3
Rabbit A0m is running away from: WolfC1
Rabbit A0 m is ready to mate
Rabbit A0 m is approaching partner: Rabbit B0f
Rabbit A5f is running away from: LionB0
Rabbit A5f is running away from: WolfB4
Rabbit A5 f is ready to mate
Rabbit C0f is running away from: LionB0
Rabbit C0f is running away from: WolfC1
Rabbit C0 f is ready to mate
Rabbit A4m is running away from: LionB0
Rabbit A4m is running away from: WolfB4
Rabbit A4 m is ready to mate
Rabbit A4 m is approaching partner: Rabbit C5f
Rabbit B1f is running away from: LionB0
Rabbit B1f is running away from: WolfB4
Rabbit B1 is Hungry
Rabbit B1 f is ready to mate
Rabbit B1m is running away from: LionB0
Rabbit B1m is running away from: WolfC1
Rabbit B1 is Hungry
Rabbit B1m ate
Rabbit B1 m is ready to mate
Rabbit B1 m is approaching partner: Rabbit B0f
Rabbit A0m is running away from: LionB0
Rabbit A0m is running away from: WolfC1
Rabbit B0m is running away from: LionA5
Rabbit B0m is running away from: WolfB4
Wolf C1m is running away from: LionC3
Wolf C1 is Hungry
Wolf C1m is chasing: B0f
Wolf C1m ate!
Wolf C5f is running away from: LionB0
Wolf C5 is Hungry
Wolf C5f is chasing: C2f
Wolf B5f is running away from: LionB0
Wolf B5 is Hungry
Wolf B5f is chasing: C4m
Wolf A3f is running away from: LionB0
Wolf A3 is Hungry
Wolf A3f is chasing: C4m
Wolf B4f is running away from: LionC3
Wolf B4 is Hungry
Wolf B4f is chasing: C5f
Wolf A4f is running away from: LionB0
Wolf A4 is Hungry
Wolf A4f is chasing: C4m
Wolf C0f is running away from: LionB0
Wolf C0 is Hungry
Wolf C0f is chasing: C4m
Wolf A3m is running away from: LionB0
Wolf A3 is Hungry
Wolf A3m is chasing: C4m
Rabbit C2f is running away from: LionB0
Rabbit C2f is running away from: WolfC1
Rabbit C2 f is ready to mate
Rabbit C5f is running away from: LionB0
Rabbit C5f is running away from: WolfB4
Rabbit C5 f is ready to mate
Rabbit B2m is running away from: LionA5
Rabbit B2m is running away from: WolfB4
Rabbit B2 m is ready to mate
Rabbit B2 m is approaching partner: Rabbit C0f
Rabbit B0m is running away from: LionB0
Rabbit B0m is running away from: WolfC1
Rabbit B0 m is ready to mate
Rabbit B0 m is approaching partner: Rabbit C0f
Rabbit C5f is running away from: LionC0
Rabbit C5f is running away from: WolfC0
Rabbit C5 f is ready to mate
Rabbit C4m is running away from: LionC0
Rabbit C4m is running away from: WolfC0
Rabbit C4 m is ready to mate
Rabbit C4 m is approaching partner: Rabbit A3f
Rabbit A0f is running away from: LionA5
Rabbit A0f is running away from: WolfB4
Rabbit B0m is running away from: LionB0
Rabbit B0m is running away from: WolfB4
Rabbit B0 m is ready to mate
Rabbit B0 m is approaching partner: Rabbit C5f
Rabbit A5m is running away from: LionC0
Rabbit A5m is running away from: WolfC0
Rabbit A5 m is ready to mate
Rabbit A5 m is approaching partner: Rabbit C5f
Rabbit C5f is running away from: LionB0
Rabbit C5f is running away from: WolfB4
Rabbit C5 f is ready to mate
Rabbit C5f is running away from: LionB0
Rabbit C5f is running away from: WolfC1
Rabbit C5 f is ready to mate
Rabbit C1m is running away from: LionA5
Rabbit C1m is running away from: WolfB4
Rabbit C1 m is ready to mate
Rabbit C1 m is approaching partner: Rabbit C0f
Rabbit A3f is running away from: LionC0
Rabbit A3f is running away from: WolfC0
Rabbit A3 f is ready to mate
Rabbit C0f is running away from: LionA5
Rabbit C0f is running away from: WolfB4
Rabbit C0 f is ready to mate
Rabbit A0m is running away from: LionC0
Rabbit A0m is running away from: WolfC1
Rabbit A0 m is ready to mate
Rabbit A0 m is approaching partner: Rabbit C5f
Rabbit A5f is running away from: LionB0
Rabbit A5f is running away from: WolfB4
Rabbit A5 f is ready to mate
Rabbit C0f is running away from: LionC3
Rabbit C0f is running away from: WolfC1
Rabbit C0 f is ready to mate
Rabbit A4m is running away from: LionB0
Rabbit A4m is running away from: WolfB4
Rabbit A4 m is ready to mate
Rabbit A4 m is approaching partner: Rabbit A5f
Rabbit B1f is running away from: LionB0
Rabbit B1f is running away from: WolfB4
Rabbit B1 is Hungry
Rabbit B1 f is ready to mate
Rabbit B1m is running away from: LionC3
Rabbit B1m is running away from: WolfC1
Rabbit B1 m is ready to mate
Rabbit B1 m is approaching partner: Rabbit C2f
Rabbit A0m is running away from: LionC3
Rabbit A0m is running away from: WolfC1
Rabbit A0 is Hungry
Rabbit A0m ate
Rabbit A0 m is ready to mate
Rabbit A0 m is approaching partner: Rabbit C2f
Rabbit B0m is running away from: LionA5
Rabbit B0m is running away from: WolfB4
Rabbit B0 is Hungry
Rabbit B0m ate
Rabbit B0 m is ready to mate
Rabbit B0 m is approaching partner: Rabbit C0f
Wolf C1m is running away from: LionC3
Wolf C5f is running away from: LionB0
Wolf C5 is Hungry
Wolf C5f is chasing: B1m
Wolf B5f is running away from: LionB0
Wolf B5 is Hungry
Wolf B5f is chasing: C4m
Wolf A3f is running away from: LionB0
Wolf A3 is Hungry
Wolf A3f is chasing: C4m
Wolf B4f is running away from: LionC3
Wolf B4 is Hungry
Wolf B4f is chasing: C5f
Wolf A4f is running away from: LionB0
Wolf A4 is Hungry
Wolf A4f is chasing: C4m
Wolf C0f is running away from: LionB0
Wolf C0 is Hungry
Wolf C0f is chasing: C4m
Wolf A3m is running away from: LionB0
Wolf A3 is Hungry
Wolf A3m is chasing: C4m
Rabbit C2f is running away from: LionB0
Rabbit C2f is running away from: WolfC1
Rabbit C2 is Hungry
Rabbit C2f ate
Rabbit C2 f is ready to mate
Rabbit C5f is running away from: LionB0
Rabbit C5f is running away from: WolfB4
Rabbit C5 is Hungry
Rabbit C5f ate
Rabbit C5 f is ready to mate
Rabbit B2m is running away from: LionA5
Rabbit B2m is running away from: WolfB4
Rabbit B2 is Hungry
Rabbit B2 m is ready to mate
Rabbit B2 m is approaching partner: Rabbit C0f
Rabbit B0m is running away from: LionC3
Rabbit B0m is running away from: WolfC1
Rabbit B0 is Hungry
Rabbit B0m ate
Rabbit B0 m is ready to mate
Rabbit B0 m is approaching partner: Rabbit C0f
Rabbit C5f is running away from: LionC0
Rabbit C5f is running away from: WolfC0
Rabbit C5 is Hungry
Rabbit C5 f is ready to mate
Rabbit C4m is running away from: LionC0
Rabbit C4m is running away from: WolfC0
Rabbit C4 is Hungry
Rabbit C4 m is ready to mate
Rabbit C4 m is approaching partner: Rabbit A3f
Rabbit A0f is running away from: LionA5
Rabbit A0f is running away from: WolfB4
Rabbit A0 is Hungry
Rabbit A0f ate
Rabbit A0 f is ready to mate
Rabbit B0m is running away from: LionA5
Rabbit B0m is running away from: WolfB4
Rabbit B0 is Hungry
Rabbit B0 m is ready to mate
Rabbit B0 m is approaching partner: Rabbit C5f
Rabbit A5m is running away from: LionC0
Rabbit A5m is running away from: WolfC0
Rabbit A5 is Hungry
Rabbit A5 m is ready to mate
Rabbit A5 m is approaching partner: Rabbit C5f
Rabbit C5f is running away from: LionA5
Rabbit C5f is running away from: WolfB4
Rabbit C5 is Hungry
Rabbit C5 f is ready to mate
Rabbit C5f is running away from: LionC3
Rabbit C5f is running away from: WolfC5
Rabbit C5 is Hungry
Rabbit C5 f is ready to mate
Rabbit C1m is running away from: LionA5
Rabbit C1m is running away from: WolfB4
Rabbit C1 is Hungry
Rabbit C1 m is ready to mate
Rabbit C1 m is approaching partner: Rabbit A0f
Rabbit A3f is running away from: LionC0
Rabbit A3f is running away from: WolfC0
Rabbit A3 f is ready to mate
Rabbit C0f is running away from: LionB0
Rabbit C0f is running away from: WolfB4
Rabbit C0 is Hungry
Rabbit C0f ate
Rabbit C0 f is ready to mate
Rabbit A0m is running away from: LionC0
Rabbit A0m is running away from: WolfC1
Rabbit A0 is Hungry
Rabbit A0m ate
Rabbit A0 m is ready to mate
Rabbit A0 m is approaching partner: Rabbit C5f
Rabbit A5f is running away from: LionA5
Rabbit A5f is running away from: WolfB4
Rabbit A5 is Hungry
Rabbit A5 f is ready to mate
Rabbit C0f is running away from: LionC3
Rabbit C0f is running away from: WolfC1
Rabbit C0 is Hungry
Rabbit C0 f is ready to mate
Rabbit A4m is running away from: LionB0
Rabbit A4m is running away from: WolfB4
Rabbit A4 is Hungry
Rabbit A4m ate
Rabbit A4 m is ready to mate
Rabbit A4 m is approaching partner: Rabbit A5f
Rabbit B1f is running away from: LionA5
Rabbit B1f is running away from: WolfB4
Rabbit B1 is Hungry
RabbitB1f died of hunger
Rabbit B1 f is ready to mate
Rabbit B1m is running away from: LionB0
Rabbit B1m is running away from: WolfC1
Rabbit B1 m is ready to mate
Rabbit B1 m is approaching partner: Rabbit C2f
Rabbit A0m is running away from: LionB0
Rabbit A0m is running away from: WolfC1
Rabbit A0 m is ready to mate
Rabbit A0 m is approaching partner: Rabbit C2f
Rabbit B0m is running away from: LionA5
Rabbit B0m is running away from: WolfB4
Rabbit B0 m is ready to mate
Rabbit B0 m is approaching partner: Rabbit C0f
Wolf C1m is running away from: LionC3
Wolf C5f is running away from: LionB0
Wolf C5 is Hungry
WolfC5f died of hunger
Wolf C5f is chasing: B1m
Wolf B5f is running away from: LionB0
Wolf B5 is Hungry
WolfB5f died of hunger
Wolf B5f is chasing: A3f
Wolf A3f is running away from: LionB0
Wolf A3 is Hungry
WolfA3f died of hunger
Wolf A3f is chasing: A3f
Wolf B4f is running away from: LionB0
Wolf B4 is Hungry
WolfB4f died of hunger
Wolf B4f is chasing: C5f
Wolf A4f is running away from: LionB0
Wolf A4 is Hungry
WolfA4f died of hunger
Wolf A4f is chasing: A3f
Wolf C0f is running away from: LionB0
Wolf C0 is Hungry
WolfC0f died of hunger
Wolf C0f is chasing: A3f
Wolf A3m is running away from: LionB0
Wolf A3 is Hungry
WolfA3m died of hunger
Wolf A3m is chasing: A3f
Rabbit C2f is running away from: LionC3
Rabbit C2f is running away from: WolfC1
Rabbit C2 f is ready to mate
Rabbit C5f is running away from: LionB0
Rabbit C5f is running away from: WolfC1
Rabbit C5 f is ready to mate
Rabbit B2m is running away from: LionA5
Rabbit B2m is running away from: WolfC1
Rabbit B2 is Hungry
Rabbit B2 m is ready to mate
Rabbit B2 m is approaching partner: Rabbit C0f
Rabbit B0m is running away from: LionC3
Rabbit B0m is running away from: WolfC1
Rabbit B0 m is ready to mate
Rabbit B0 m is approaching partner: Rabbit C5f
Rabbit C5f is running away from: LionC0
Rabbit C5f is running away from: WolfC1
Rabbit C5 is Hungry
Rabbit C5 f is ready to mate
Rabbit C4m is running away from: LionC0
Rabbit C4m is running away from: WolfC1
Rabbit C4 is Hungry
Rabbit C4 m is ready to mate
Rabbit C4 m is approaching partner: Rabbit A3f
Rabbit A0f is running away from: LionA5
Rabbit A0f is running away from: WolfC1
Rabbit A0 f is ready to mate
Rabbit B0m is running away from: LionA5
Rabbit B0m is running away from: WolfC1
Rabbit B0 is Hungry
Rabbit B0 m is ready to mate
Rabbit B0 m is approaching partner: Rabbit C5f
Rabbit A5m is running away from: LionC0
Rabbit A5m is running away from: WolfC1
Rabbit A5 is Hungry
Rabbit A5 m is ready to mate
Rabbit A5 m is approaching partner: Rabbit C5f
Rabbit C5f is running away from: LionA5
Rabbit C5f is running away from: WolfC1
Rabbit C5 is Hungry
Rabbit C5 f is ready to mate
Rabbit C5f is running away from: LionC3
Rabbit C5f is running away from: WolfC1
Rabbit C5 is Hungry
Rabbit C5 f is ready to mate
Rabbit C1m is running away from: LionA5
Rabbit C1m is running away from: WolfC1
Rabbit C1 is Hungry
Rabbit C1 m is ready to mate
Rabbit C1 m is approaching partner: Rabbit A0f
Rabbit A3f is running away from: LionC0
Rabbit A3f is running away from: WolfC1
Rabbit A3 is Hungry
Rabbit A3f ate
Rabbit A3 f is ready to mate
Rabbit C0f is running away from: LionA5
Rabbit C0f is running away from: WolfC1
Rabbit C0 f is ready to mate
Rabbit A0m is running away from: LionC0
Rabbit A0m is running away from: WolfC1
Rabbit A0 m is ready to mate
Rabbit A0 m is approaching partner: Rabbit C5f
Rabbit A5f is running away from: LionA5
Rabbit A5f is running away from: WolfC1
Rabbit A5 is Hungry
Rabbit A5 f is ready to mate
Rabbit C0f is running away from: LionC3
Rabbit C0f is running away from: WolfC1
Rabbit C0 is Hungry
Rabbit C0f ate
Rabbit C0 f is ready to mate
Rabbit A4m is running away from: LionB0
Rabbit A4m is running away from: WolfC1
Rabbit A4 m is ready to mate
Rabbit A4 m is approaching partner: Rabbit C5f
Rabbit B1m is running away from: LionB0
Rabbit B1m is running away from: WolfC1
Rabbit B1 is Hungry
Rabbit B1 m is ready to mate
Rabbit B1 m is approaching partner: Rabbit C5f
Rabbit A0m is running away from: LionC3
Rabbit A0m is running away from: WolfC1
Rabbit A0 m is ready to mate
Rabbit A0 m is approaching partner: Rabbit C5f
Rabbit B0m is running away from: LionA5
Rabbit B0m is running away from: WolfC1
Rabbit B0 m is ready to mate
Rabbit B0 m is approaching partner: Rabbit C0f
Wolf C1m is running away from: LionB0
Rabbit C2f is running away from: LionC3
Rabbit C2f is running away from: WolfC1
Rabbit C2 f is ready to mate
Rabbit C5f is running away from: LionB0
Rabbit C5f is running away from: WolfC1
Rabbit C5 f is ready to mate
Rabbit B2m is running away from: LionA5
Rabbit B2m is running away from: WolfC1
Rabbit B2 is Hungry
Rabbit B2m ate
Rabbit B2 m is ready to mate
Rabbit B2 m is approaching partner: Rabbit C0f
Rabbit B0m is running away from: LionC3
Rabbit B0m is running away from: WolfC1
Rabbit B0 m is ready to mate
Rabbit B0 m is approaching partner: Rabbit C5f
Rabbit C5f is running away from: LionC0
Rabbit C5f is running away from: WolfC1
Rabbit C5 is Hungry
Rabbit C5f ate
Rabbit C5 f is ready to mate
Rabbit C4m is running away from: LionC0
Rabbit C4m is running away from: WolfC1
Rabbit C4 is Hungry
Rabbit C4 m is ready to mate
Rabbit C4 m is approaching partner: Rabbit C5f
Rabbit B1 m was born!Father is C4 and Mother is C5
Rabbit A0f is running away from: LionA5
Rabbit A0f is running away from: WolfC1
Rabbit A0 f is ready to mate
Rabbit B0m is running away from: LionA5
Rabbit B0m is running away from: WolfC1
Rabbit B0 is Hungry
Rabbit B0 m is ready to mate
Rabbit B0 m is approaching partner: Rabbit C5f
Rabbit A5m is running away from: LionC0
Rabbit A5m is running away from: WolfC1
Rabbit A5 is Hungry
Rabbit A5 m is ready to mate
Rabbit A5 m is approaching partner: Rabbit A3f
Rabbit C5f is running away from: LionA5
Rabbit C5f is running away from: WolfC1
Rabbit C5 is Hungry
Rabbit C5 f is ready to mate
Rabbit C5f is running away from: LionB0
Rabbit C5f is running away from: WolfC1
Rabbit C5 is Hungry
Rabbit C5 f is ready to mate
Rabbit C1m is running away from: LionA5
Rabbit C1m is running away from: WolfC1
Rabbit C1 is Hungry
Rabbit C1 m is ready to mate
Rabbit C1 m is approaching partner: Rabbit A0f
Rabbit A3f is running away from: LionC0
Rabbit A3f is running away from: WolfC1
Rabbit A3 f is ready to mate
Rabbit C0f is running away from: LionA5
Rabbit C0f is running away from: WolfC1
Rabbit C0 f is ready to mate
Rabbit A0m is running away from: LionC0
Rabbit A0m is running away from: WolfC1
Rabbit A0 m is ready to mate
Rabbit A0 m is approaching partner: Rabbit A3f
Rabbit A5f is running away from: LionA5
Rabbit A5f is running away from: WolfC1
Rabbit A5 is Hungry
Rabbit A5 f is ready to mate
Rabbit C0f is running away from: LionC3
Rabbit C0f is running away from: WolfC1
Rabbit C0 f is ready to mate
Rabbit A4m is running away from: LionB0
Rabbit A4m is running away from: WolfC1
Rabbit A4 m is ready to mate
Rabbit A4 m is approaching partner: Rabbit A5f
Rabbit B1m is running away from: LionC3
Rabbit B1m is running away from: WolfC1
Rabbit B1 is Hungry
Rabbit B1 m is ready to mate
Rabbit B1 m is approaching partner: Rabbit C2f
Rabbit A0m is running away from: LionB0
Rabbit A0m is running away from: WolfC1
Rabbit A0 is Hungry
Rabbit A0 m is ready to mate
Rabbit A0 m is approaching partner: Rabbit C2f
Rabbit B0m is running away from: LionA5
Rabbit B0m is running away from: WolfC1
Rabbit B0 is Hungry
Rabbit B0m ate
Rabbit B0 m is ready to mate
Rabbit B0 m is approaching partner: Rabbit C0f
Wolf C1m is running away from: LionC3
Wolf C1 is Hungry
Wolf C1m is chasing: C2f
Rabbit C2f is running away from: LionC3
Rabbit C2f is running away from: WolfC1
Rabbit C2 is Hungry
Rabbit C2 f is ready to mate
Rabbit C5f is running away from: LionB0
Rabbit C5f is running away from: WolfC1
Rabbit C5 is Hungry
Rabbit C5f ate
Rabbit C5 f is ready to mate
Rabbit B2m is running away from: LionA5
Rabbit B2m is running away from: WolfC1
Rabbit B2 m is ready to mate
Rabbit B2 m is approaching partner: Rabbit C0f
Rabbit B0m is running away from: LionC3
Rabbit B0m is running away from: WolfC1
Rabbit B0 is Hungry
Rabbit B0 m is ready to mate
Rabbit B0 m is approaching partner: Rabbit C5f
Rabbit C5f is running away from: LionC0
Rabbit C5f is running away from: WolfC1
Rabbit C4m is running away from: LionC0
Rabbit C4m is running away from: WolfC1
Rabbit C4 is Hungry
RabbitC4m died of hunger
Rabbit C4 m is ready to mate
Rabbit C4 m is approaching partner: Rabbit A3f
Rabbit B3 f was born!Father is C4 and Mother is A3
Rabbit A0f is running away from: LionA5
Rabbit A0f is running away from: WolfC1
Rabbit A0 is Hungry
Rabbit A0 f is ready to mate
Rabbit B0m is running away from: LionB0
Rabbit B0m is running away from: WolfC1
Rabbit B0 is Hungry
RabbitB0m died of hunger
Rabbit B0 m is ready to mate
Rabbit B0 m is approaching partner: Rabbit A5f
Rabbit A5m is running away from: LionC0
Rabbit A5m is running away from: WolfC1
Rabbit A5 is Hungry
RabbitA5m died of hunger
Rabbit A5 m is ready to mate
Rabbit A5 m is approaching partner: Rabbit C2f
Rabbit C5f is running away from: LionB0
Rabbit C5f is running away from: WolfC1
Rabbit C5 is Hungry
RabbitC5f died of hunger
Rabbit C5 f is ready to mate
Rabbit C5f is running away from: LionC3
Rabbit C5f is running away from: WolfC1
Rabbit C5 is Hungry
RabbitC5f died of hunger
Rabbit C5f ate
Rabbit C5 f is ready to mate
Rabbit C1m is running away from: LionA5
Rabbit C1m is running away from: WolfC1
Rabbit C1 is Hungry
RabbitC1m died of hunger
Rabbit C1 m is ready to mate
Rabbit C1 m is approaching partner: Rabbit A0f
Rabbit A3f is running away from: LionC0
Rabbit A3f is running away from: WolfC1
Rabbit C0f is running away from: LionA5
Rabbit C0f is running away from: WolfC1
Rabbit C0 is Hungry
Rabbit C0 f is ready to mate
Rabbit A0m is running away from: LionC0
Rabbit A0m is running away from: WolfC1
Rabbit A0 is Hungry
Rabbit A0m ate
Rabbit A0 m is ready to mate
Rabbit A0 m is approaching partner: Rabbit C2f
Rabbit A5f is running away from: LionB0
Rabbit A5f is running away from: WolfC1
Rabbit A5 is Hungry
RabbitA5f died of hunger
Rabbit A5 f is ready to mate
Rabbit C0f is running away from: LionC3
Rabbit C0f is running away from: WolfC1
Rabbit C0 f is ready to mate
Rabbit A4m is running away from: LionB0
Rabbit A4m is running away from: WolfC1
Rabbit A4 is Hungry
Rabbit A4 m is ready to mate
Rabbit A4 m is approaching partner: Rabbit C5f
Rabbit B1m is running away from: LionC3
Rabbit B1m is running away from: WolfC1
Rabbit B1 is Hungry
Rabbit B1 m is ready to mate
Rabbit B1 m is approaching partner: Rabbit C0f
Rabbit A0m is running away from: LionC3
Rabbit A0m is running away from: WolfC1
Rabbit A0 is Hungry
Rabbit A0 m is ready to mate
Rabbit A0 m is approaching partner: Rabbit C0f
Rabbit B0m is running away from: LionA5
Rabbit B0m is running away from: WolfC1
Rabbit B0 m is ready to mate
Rabbit B0 m is approaching partner: Rabbit C0f
Rabbit B1m is running away from: LionC0
Rabbit B1m is running away from: WolfC1
Wolf C1m is running away from: LionB0
Wolf C1 is Hungry
Wolf C1m is chasing: C2f
Wolf C1 is Thirsty
Wolf C1drank water
Rabbit C2 is Thirsty
Rabbit C2 drank water
Rabbit C2f is running away from: LionB0
Rabbit C2f is running away from: WolfC1
Rabbit C2 is Hungry
Rabbit C2 f is ready to mate
Rabbit C5 is Thirsty
Rabbit C5 drank water
Rabbit C5f is running away from: LionB0
Rabbit C5f is running away from: WolfC1
Rabbit C5 f is ready to mate
Rabbit B2 is Thirsty
Rabbit B2 drank water
Rabbit B2m is running away from: LionA5
Rabbit B2m is running away from: WolfC1
Rabbit B2 m is ready to mate
Rabbit B2 m is approaching partner: Rabbit C0f
Rabbit A4 f was born!Father is B2 and Mother is C0
Rabbit B0 is Thirsty
Rabbit B0 drank water
Rabbit B0m is running away from: LionC3
Rabbit B0m is running away from: WolfC1
Rabbit B0 is Hungry
Rabbit B0 m is ready to mate
Rabbit B0 m is approaching partner: Rabbit C2f
Rabbit C5 is Thirsty
Rabbit C5 drank water
Rabbit C5f is running away from: LionC0
Rabbit C5f is running away from: WolfC1
Rabbit A0 is Thirsty
Rabbit A0 drank water
Rabbit A0f is running away from: LionA5
Rabbit A0f is running away from: WolfC1
Rabbit A0 is Hungry
Rabbit A0 f is ready to mate
Rabbit A3 is Thirsty
Rabbit A3 drank water
Rabbit A3f is running away from: LionC0
Rabbit A3f is running away from: WolfC1
Rabbit A3 is Hungry
Rabbit C0 is Thirsty
Rabbit C0 drank water
Rabbit C0f is running away from: LionA5
Rabbit C0f is running away from: WolfC1
Rabbit C0 is Hungry
Rabbit A0 is Thirsty
Rabbit A0 drank water
Rabbit A0m is running away from: LionC0
Rabbit A0m is running away from: WolfC1
Rabbit A0 m is ready to mate
Rabbit A0 m is approaching partner: Rabbit C0f
Rabbit C0 is Thirsty
Rabbit C0 drank water
Rabbit C0f is running away from: LionB0
Rabbit C0f is running away from: WolfC1
Rabbit C0 is Hungry
Rabbit C0 f is ready to mate
Rabbit A4 is Thirsty
Rabbit A4 drank water
Rabbit A4m is running away from: LionB0
Rabbit A4m is running away from: WolfC1
Rabbit A4 is Hungry
Rabbit A4 m is ready to mate
Rabbit A4 m is approaching partner: Rabbit C5f
Rabbit B1m is running away from: LionB0
Rabbit B1m is running away from: WolfC1
Rabbit B1 is Hungry
RabbitB1m died of hunger
Rabbit B1 m is ready to mate
Rabbit B1 m is approaching partner: Rabbit C2f
Rabbit A0m is running away from: LionB0
Rabbit A0m is running away from: WolfC1
Rabbit A0 is Hungry
Rabbit A0 m is ready to mate
Rabbit A0 m is approaching partner: Rabbit C2f
Rabbit B0m is running away from: LionA5
Rabbit B0m is running away from: WolfC1
Rabbit B0 m is ready to mate
Rabbit B0 m is approaching partner: Rabbit C2f
Rabbit B1m is running away from: LionC0
Rabbit B1m is running away from: WolfC1
Rabbit B3f is running away from: LionC0
Rabbit B3f is running away from: WolfC1
Lion C0 f is ready to mate
Lion A5 f is ready to mate
Lion B0 m is ready to mate
Lion B0 m is ready to mate
Lion C3 m is ready to mate
Wolf C1m is running away from: LionC3
Wolf C1 is Hungry
Wolf C1m is chasing: C0f
Wolf C1 is Thirsty
Wolf C1drank water
Rabbit C2 is Thirsty
Rabbit C2 drank water
Rabbit C2f is running away from: LionB0
Rabbit C2f is running away from: WolfC1
Rabbit C2 is Hungry
Rabbit C2 f is ready to mate
Rabbit C5 is Thirsty
Rabbit C5 drank water
Rabbit C5f is running away from: LionB0
Rabbit C5f is running away from: WolfC1
Rabbit C5 f is ready to mate
Rabbit B2 is Thirsty
Rabbit B2 drank water
Rabbit B2m is running away from: LionA5
Rabbit B2m is running away from: WolfC1
Rabbit B2 is Hungry
Rabbit B2 m is ready to mate
Rabbit B2 m is approaching partner: Rabbit C2f
Rabbit B0 is Thirsty
Rabbit B0 drank water
Rabbit B0m is running away from: LionC3
Rabbit B0m is running away from: WolfC1
Rabbit B0 is Hungry
Rabbit B0m ate
Rabbit B0 m is ready to mate
Rabbit B0 m is approaching partner: Rabbit C2f
Rabbit C1 f was born!Father is B0 and Mother is C2
Rabbit C5 is Thirsty
Rabbit C5 drank water
Rabbit C5f is running away from: LionC0
Rabbit C5f is running away from: WolfC1
Rabbit C5 is Hungry
Rabbit C5 f is ready to mate
Rabbit A0 is Thirsty
Rabbit A0 drank water
Rabbit A0f is running away from: LionA5
Rabbit A0f is running away from: WolfC1
Rabbit A0 is Hungry
Rabbit A0 f is ready to mate
Rabbit A3 is Thirsty
Rabbit A3 drank water
Rabbit A3f is running away from: LionC0
Rabbit A3f is running away from: WolfC1
Rabbit A3 is Hungry
Rabbit C0 is Thirsty
Rabbit C0 drank water
Rabbit C0f is running away from: LionA5
Rabbit C0f is running away from: WolfC1
Rabbit C0 is Hungry
Rabbit A0 is Thirsty
Rabbit A0 drank water
Rabbit A0m is running away from: LionC0
Rabbit A0m is running away from: WolfC1
Rabbit A0 m is ready to mate
Rabbit A0 m is approaching partner: Rabbit C5f
Rabbit C0 is Thirsty
Rabbit C0 drank water
Rabbit C0f is running away from: LionB0
Rabbit C0f is running away from: WolfC1
Rabbit C0 is Hungry
Rabbit C0 f is ready to mate
Rabbit A4 is Thirsty
Rabbit A4 drank water
Rabbit A4m is running away from: LionB0
Rabbit A4m is running away from: WolfC1
Rabbit A4 is Hungry
Rabbit A4 m is ready to mate
Rabbit A4 m is approaching partner: Rabbit C5f
Rabbit A0m is running away from: LionB0
Rabbit A0m is running away from: WolfC1
Rabbit A0 is Hungry
RabbitA0m died of hunger
Rabbit A0 m is ready to mate
Rabbit A0 m is approaching partner: Rabbit C0f
Rabbit B1 f was born!Father is A0 and Mother is C0
Rabbit B0m is running away from: LionA5
Rabbit B0m is running away from: WolfC1
Rabbit B0 is Hungry
Rabbit B0 m is ready to mate
Rabbit B0 m is approaching partner: Rabbit C5f
Rabbit B1m is running away from: LionC0
Rabbit B1m is running away from: WolfC1
Rabbit B1 is Hungry
Rabbit B1 m is ready to mate
Rabbit B1 m is approaching partner: Rabbit C5f
Rabbit B3f is running away from: LionC0
Rabbit B3f is running away from: WolfC1
Rabbit A4f is running away from: LionA5
Rabbit A4f is running away from: WolfC1
Lion C0 f is ready to mate
Lion A5 f is ready to mate
Lion B0 m is ready to mate
Lion B0 m is ready to mate
Lion C3 m is ready to mate
Wolf C1m is running away from: LionB0
Wolf C1 is Hungry
WolfC1m died of hunger
Wolf C1m is chasing: C0f
Wolf C1 is Thirsty
Wolf C1drank water
Rabbit C2 is Thirsty
Rabbit C2 drank water
Rabbit C2f is running away from: LionB0
Rabbit C2 is Hungry
RabbitC2f died of hunger
Rabbit C5f is running away from: LionB0
Rabbit C5 is Hungry
Rabbit C5f ate
Rabbit C5 f is ready to mate
Rabbit B2 is Thirsty
Rabbit B2 drank water
Rabbit B2m is running away from: LionA5
Rabbit B2 is Hungry
Rabbit B2 m is ready to mate
Rabbit B2 m is approaching partner: Rabbit C5f
Rabbit B0 is Thirsty
Rabbit B0 drank water
Rabbit B0m is running away from: LionA5
Rabbit B0 m is ready to mate
Rabbit B0 m is approaching partner: Rabbit C5f
Rabbit C5 is Thirsty
Rabbit C5 drank water
Rabbit C5f is running away from: LionC0
Rabbit C5 is Hungry
Rabbit C5 f is ready to mate
Rabbit A0 is Thirsty
Rabbit A0 drank water
Rabbit A0f is running away from: LionA5
Rabbit A0 is Hungry
RabbitA0f died of hunger
Rabbit A0 f is ready to mate
Rabbit A3 is Thirsty
Rabbit A3 drank water
Rabbit A3f is running away from: LionC0
Rabbit A3 is Hungry
Rabbit A3 f is ready to mate
Rabbit C0 is Thirsty
Rabbit C0 drank water
Rabbit C0f is running away from: LionA5
Rabbit C0 is Hungry
RabbitC0f died of hunger
Rabbit C0f ate
Rabbit A0 is Thirsty
Rabbit A0 drank water
Rabbit A0m is running away from: LionC0
Rabbit A0 is Hungry
Rabbit A0m ate
Rabbit A0 m is ready to mate
Rabbit A0 m is approaching partner: Rabbit C5f
Rabbit C0 is Thirsty
Rabbit C0 drank water
Rabbit C0f is running away from: LionB0
Rabbit C0 is Hungry
Rabbit C0f ate
Rabbit A4 is Thirsty
Rabbit A4 drank water
Rabbit A4m is running away from: LionB0
Rabbit A4 is Hungry
RabbitA4m died of hunger
Rabbit A4m ate
Rabbit A4 m is ready to mate
Rabbit A4 m is approaching partner: Rabbit C5f
Rabbit B0 is Thirsty
Rabbit B0 drank water
Rabbit B0m is running away from: LionA5
Rabbit B0 is Hungry
Rabbit B0 m is ready to mate
Rabbit B0 m is approaching partner: Rabbit C5f
Rabbit B1m is running away from: LionC0
Rabbit B1 is Hungry
Rabbit B1 m is ready to mate
Rabbit B1 m is approaching partner: Rabbit A3f
Rabbit B3f is running away from: LionC0
Rabbit B3 is Hungry
Rabbit B3 f is ready to mate
Rabbit A4f is running away from: LionA5
Rabbit C1f is running away from: LionB0
Rabbit B1f is running away from: LionB0
Lion C0 f is ready to mate
Lion A5 f is ready to mate
Lion B0 m is ready to mate
Lion B0 m is ready to mate
Lion C3 m is ready to mate
Rabbit C5f is running away from: LionC3
Rabbit C5 f is ready to mate
Rabbit B2 is Thirsty
Rabbit B2 drank water
Rabbit B2m is running away from: LionA5
Rabbit B2 is Hungry
Rabbit B2m ate
Rabbit B2 m is ready to mate
Rabbit B2 m is approaching partner: Rabbit C5f
Rabbit B0 is Thirsty
Rabbit B0 drank water
Rabbit B0m is running away from: LionB0
Rabbit B0 m is ready to mate
Rabbit B0 m is approaching partner: Rabbit C5f
Rabbit C5 is Thirsty
Rabbit C5 drank water
Rabbit C5f is running away from: LionC0
Rabbit C5 is Hungry
Rabbit C5f ate
Rabbit C5 f is ready to mate
Rabbit A3 is Thirsty
Rabbit A3 drank water
Rabbit A3f is running away from: LionC0
Rabbit A3 is Hungry
RabbitA3f died of hunger
Rabbit A3 f is ready to mate
Rabbit A0 is Thirsty
Rabbit A0 drank water
Rabbit A0m is running away from: LionC0
Rabbit A0 m is ready to mate
Rabbit A0 m is approaching partner: Rabbit C5f
Rabbit C0 is Thirsty
Rabbit C0 drank water
Rabbit C0f is running away from: LionB0
Rabbit B0 is Thirsty
Rabbit B0 drank water
Rabbit B0m is running away from: LionA5
Rabbit B0 is Hungry
Rabbit B0 m is ready to mate
Rabbit B0 m is approaching partner: Rabbit C5f
Rabbit B1m is running away from: LionC0
Rabbit B1 is Hungry
Rabbit B1 m is ready to mate
Rabbit B1 m is approaching partner: Rabbit C5f
Rabbit B3f is running away from: LionC0
Rabbit B3 is Hungry
Rabbit B3 f is ready to mate
Rabbit A4f is running away from: LionA5
Rabbit A4 is Hungry
Rabbit A4f ate
Rabbit A4 f is ready to mate
Rabbit C1f is running away from: LionA5
Rabbit B1f is running away from: LionB0
Lion C0 is Hungry
LionC0fis chasing: A0m
Lion C0 f is ready to mate
Lion A5 is Hungry
LionA5fis chasing: B2m
Lion A5 f is ready to mate
Lion B0 is Hungry
LionB0mis chasing: B2m
Lion B0 m is ready to mate
Lion B0 is Hungry
LionB0mis chasing: C0f
Lion B0 m is ready to mate
Lion C3 is Hungry
LionC3mis chasing: C5f
Lion C3 m is ready to mate
Rabbit C5f is running away from: LionC3
Rabbit C5 f is ready to mate
Rabbit B2 is Thirsty
Rabbit B2 drank water
Rabbit B2m is running away from: LionA5
Rabbit B2 m is ready to mate
Rabbit B2 m is approaching partner: Rabbit A4f
Rabbit B0m is running away from: LionA5
Rabbit B0 is Hungry
Rabbit B0m ate
Rabbit B0 m is ready to mate
Rabbit B0 m is approaching partner: Rabbit A4f
Rabbit C5 is Thirsty
Rabbit C5 drank water
Rabbit C5f is running away from: LionC0
Rabbit C5 f is ready to mate
Rabbit A0m is running away from: LionC0
Rabbit A0 m is ready to mate
Rabbit A0 m is approaching partner: Rabbit C5f
Rabbit C0 is Thirsty
Rabbit C0 drank water
Rabbit C0f is running away from: LionB0
Rabbit B0 is Thirsty
Rabbit B0 drank water
Rabbit B0m is running away from: LionA5
Rabbit B0 is Hungry
RabbitB0m died of hunger
Rabbit B0m ate
Rabbit B0 m is ready to mate
Rabbit B0 m is approaching partner: Rabbit A4f
Rabbit B1m is running away from: LionC0
Rabbit B1 is Hungry
RabbitB1m died of hunger
Rabbit B1 m is ready to mate
Rabbit B1 m is approaching partner: Rabbit B3f
Rabbit B3f is running away from: LionC0
Rabbit B3 is Hungry
Rabbit B3 f is ready to mate
Rabbit A4f is running away from: LionA5
Rabbit A4 f is ready to mate
Rabbit C1f is running away from: LionA5
Rabbit C1 is Hungry
Rabbit B1f is running away from: LionA5
Rabbit B1 is Hungry
Lion C0 is Hungry
LionC0fis chasing: A0m
Lion C0 f is ready to mate
Lion A5 is Hungry
LionA5fis chasing: B2m
Lion A5 f is ready to mate
Lion B0 is Hungry
LionB0mis chasing: B2m
Lion B0 m is ready to mate
Lion C2 m was born!Father is B0 and Mother is A5
Lion B0 is Hungry
LionB0mis chasing: B1f
Lion B0 m is ready to mate
Lion C3 is Hungry
LionC3mis chasing: C5f
Lion C3 m is ready to mate
Rabbit C5f is running away from: LionC3
Rabbit C5 is Hungry
Rabbit C5f ate
Rabbit C5 f is ready to mate
Rabbit B2 is Thirsty
Rabbit B2 drank water
Rabbit B2m is running away from: LionA5
Rabbit B2 m is ready to mate
Rabbit B2 m is approaching partner: Rabbit A4f
Rabbit B0m is running away from: LionA5
Rabbit B0 m is ready to mate
Rabbit B0 m is approaching partner: Rabbit A4f
Rabbit C5 is Thirsty
Rabbit C5 drank water
Rabbit C5f is running away from: LionC0
Rabbit C5 f is ready to mate
Rabbit A0m is running away from: LionC0
Rabbit A0 is Hungry
Rabbit A0m ate
Rabbit A0 m is ready to mate
Rabbit A0 m is approaching partner: Rabbit C5f
Rabbit C0 is Thirsty
Rabbit C0 drank water
Rabbit C0f is running away from: LionB0
Rabbit C0 is Hungry
Rabbit C0 f is ready to mate
Rabbit B3f is running away from: LionC0
Rabbit B3 is Hungry
RabbitB3f died of hunger
Rabbit B3 f is ready to mate
Rabbit A4f is running away from: LionA5
Rabbit A4 f is ready to mate
Rabbit C1f is running away from: LionA5
Rabbit C1 is Hungry
Rabbit C1 f is ready to mate
Rabbit B1f is running away from: LionA5
Rabbit B1 is Hungry
Rabbit B1 f is ready to mate
Lion C0 is Hungry
LionC0fis chasing: A0m
Lion C0 f is ready to mate
Lion A5 is Hungry
LionA5fis chasing: B2m
Lion B0 is Hungry
LionB0mis chasing: B2m
Lion B0 m is ready to mate
Lion B0 is Hungry
LionB0mis chasing: C1f
Lion B0 m is ready to mate
Lion C3 is Hungry
LionC3mis chasing: C5f
Lion C3 m is ready to mate
Rabbit C5f is running away from: LionC3
Rabbit C5 f is ready to mate
Rabbit B2 is Thirsty
Rabbit B2 drank water
Rabbit B2m is running away from: LionB0
Rabbit B2 is Hungry
Rabbit B2m ate
Rabbit B2 m is ready to mate
Rabbit B2 m is approaching partner: Rabbit A4f
Rabbit B0m is running away from: LionB0
Rabbit B0 m is ready to mate
Rabbit B0 m is approaching partner: Rabbit C0f
Rabbit C5 is Thirsty
Rabbit C5 drank water
Rabbit C5f is running away from: LionC0
Rabbit C5 is Hungry
Rabbit C5 f is ready to mate
Rabbit A0m is running away from: LionC0
Rabbit A0 m is ready to mate
Rabbit A0 m is approaching partner: Rabbit C5f
Rabbit C0 is Thirsty
Rabbit C0 drank water
Rabbit C0f is running away from: LionB0
Rabbit C0 is Hungry
Rabbit C0f ate
Rabbit C0 f is ready to mate
Rabbit A4f is running away from: LionB0
Rabbit A4 is Hungry
Rabbit A4 f is ready to mate
Rabbit C1f is running away from: LionB0
Rabbit C1 is Hungry
Rabbit C1f ate
Rabbit C1 f is ready to mate
Rabbit B1f is running away from: LionB0
Rabbit B1 is Hungry
Rabbit B1 f is ready to mate
Lion C0 is Hungry
LionC0fis chasing: A0m
Lion C0 f is ready to mate
Lion A5 is Hungry
LionA5fis chasing: B2m
Lion B0 is Hungry
LionB0mis chasing: B2m
Lion B0 m is ready to mate
Lion B0 is Hungry
LionB0mis chasing: C0f
Lion B0 m is ready to mate
Lion C3 is Hungry
LionC3mis chasing: C5f
Lion C3 m is ready to mate
Rabbit C5f is running away from: LionC3
Rabbit C5 f is ready to mate
Rabbit B2 is Thirsty
Rabbit B2 drank water
Rabbit B2m is running away from: LionB0
Rabbit B2 m is ready to mate
Rabbit B2 m is approaching partner: Rabbit A4f
Rabbit B0m is running away from: LionA5
Rabbit B0 is Hungry
Rabbit B0 m is ready to mate
Rabbit B0 m is approaching partner: Rabbit C1f
Rabbit C5 is Thirsty
Rabbit C5 drank water
Rabbit C5f is running away from: LionC0
Rabbit C5 is Hungry
Rabbit C5 f is ready to mate
Rabbit A0m is running away from: LionC0
Rabbit A0 m is ready to mate
Rabbit A0 m is approaching partner: Rabbit C5f
Rabbit C0 is Thirsty
Rabbit C0 drank water
Rabbit C0f is running away from: LionB0
Rabbit C0 f is ready to mate
Rabbit A4f is running away from: LionA5
Rabbit A4 is Hungry
Rabbit A4 f is ready to mate
Rabbit C1f is running away from: LionA5
Rabbit C1 f is ready to mate
Rabbit B1f is running away from: LionA5
Rabbit B1 is Hungry
RabbitB1f died of hunger
Rabbit B1 f is ready to mate
Lion C0 is Hungry
LionC0fis chasing: A0m
Lion C0 f is ready to mate
Lion A5 is Hungry
LionA5fis chasing: B2m
Lion B0 is Hungry
LionB0mis chasing: B2m
Lion B0 m is ready to mate
Lion B0 is Hungry
LionB0mis chasing: C0f
Lion B0 m is ready to mate
Lion C3 is Hungry
LionC3mis chasing: C5f
Lion C3 m is ready to mate
Rabbit C5f is running away from: LionC3
Rabbit C5 is Hungry
Rabbit C5f ate
Rabbit C5 f is ready to mate
Rabbit B2 is Thirsty
Rabbit B2 drank water
Rabbit B2m is running away from: LionB0
Rabbit B2 m is ready to mate
Rabbit B2 m is approaching partner: Rabbit C0f
Rabbit B0m is running away from: LionB0
Rabbit B0 is Hungry
Rabbit B0 m is ready to mate
Rabbit B0 m is approaching partner: Rabbit C1f
Rabbit C5 is Thirsty
Rabbit C5 drank water
Rabbit C5f is running away from: LionC0
Rabbit C5 is Hungry
Rabbit C5f ate
Rabbit C5 f is ready to mate
Rabbit A0m is running away from: LionC0
Rabbit A0 is Hungry
Rabbit A0 m is ready to mate
Rabbit A0 m is approaching partner: Rabbit C5f
Rabbit B4 m was born!Father is A0 and Mother is C5
Rabbit C0 is Thirsty
Rabbit C0 drank water
Rabbit C0f is running away from: LionB0
Rabbit C0 f is ready to mate
Rabbit A4f is running away from: LionB0
Rabbit A4 is Hungry
Rabbit A4 f is ready to mate
Rabbit C1f is running away from: LionB0
Rabbit C1 f is ready to mate
Lion C0 is Hungry
LionC0fis chasing: A0m
Lion C0 f is ready to mate
Lion A5 is Hungry
LionA5fis chasing: B2m
Lion B0 is Hungry
LionB0mis chasing: B2m
Lion B0 m is ready to mate
Lion B0 is Hungry
LionB0mis chasing: C1f
Lion B0 m is ready to mate
Lion C3 is Hungry
LionC3mis chasing: C5f
Lion C3 m is ready to mate
Rabbit C5f is running away from: LionC3
Rabbit C5 f is ready to mate
Rabbit B2 is Thirsty
Rabbit B2 drank water
Rabbit B2m is running away from: LionB0
Rabbit B2 is Hungry
Rabbit B2m ate
Rabbit B2 m is ready to mate
Rabbit B2 m is approaching partner: Rabbit C0f
Rabbit B0m is running away from: LionB0
Rabbit B0 is Hungry
Rabbit B0m ate
Rabbit B0 m is ready to mate
Rabbit B0 m is approaching partner: Rabbit C1f
Rabbit C5 is Thirsty
Rabbit C5 drank water
Rabbit C5f is running away from: LionC0
Rabbit A0m is running away from: LionC0
Rabbit A0 is Hungry
Rabbit A0 m is ready to mate
Rabbit A0 m is approaching partner: Rabbit C1f
Rabbit C0 is Thirsty
Rabbit C0 drank water
Rabbit C0f is running away from: LionB0
Rabbit C0 is Hungry
Rabbit C0 f is ready to mate
Rabbit A4f is running away from: LionB0
Rabbit A4 is Hungry
RabbitA4f died of hunger
Rabbit A4 f is ready to mate
Rabbit C1f is running away from: LionB0
Rabbit C1 is Hungry
Rabbit C1 f is ready to mate
Rabbit B4m is running away from: LionC0
Lion C0 is Hungry
LionC0fis chasing: A0m
Lion C0 f is ready to mate
Lion A5 is Hungry
LionA5fis chasing: B2m
Lion B0 is Hungry
LionB0mis chasing: B2m
Lion B0m ate!
Lion B0 m is ready to mate
Lion B0 is Hungry
LionB0mis chasing: C1f
Lion B0 m is ready to mate
Lion C3 is Hungry
LionC3mis chasing: C5f
Lion C3 m is ready to mate
Rabbit C5f is running away from: LionC3
Rabbit C5 f is ready to mate
Rabbit B0m is running away from: LionB0
Rabbit B0 m is ready to mate
Rabbit B0 m is approaching partner: Rabbit C1f
Rabbit C5 is Thirsty
Rabbit C5 drank water
Rabbit C5f is running away from: LionC0
Rabbit A0m is running away from: LionC0
Rabbit A0 is Hungry
Rabbit A0m ate
Rabbit A0 m is ready to mate
Rabbit A0 m is approaching partner: Rabbit C1f
Rabbit C0f is running away from: LionB0
Rabbit C0 is Hungry
Rabbit C0 f is ready to mate
Rabbit C1f is running away from: LionB0
Rabbit C1 is Hungry
Rabbit C1f ate
Rabbit C1 f is ready to mate
Rabbit B4m is running away from: LionC0
Lion C0 is Thirsty
Lion C0 drank water
Lion C0 is Hungry
LionC0fis chasing: A0m
Lion C0 f is ready to mate
Lion A5 is Thirsty
Lion A5 drank water
Lion A5 is Hungry
LionA5fis chasing: C0f
Lion B0 is Thirsty
Lion B0 drank water
Lion B0 m is ready to mate
Lion B0 is Thirsty
Lion B0 drank water
Lion B0 is Hungry
LionB0mis chasing: B0m
Lion B0 m is ready to mate
Lion C3 is Thirsty
Lion C3 drank water
Lion C3 is Hungry
LionC3mis chasing: C5f
Lion C3 m is ready to mate
Rabbit C5 is Thirsty
Rabbit C5 drank water
Rabbit C5f is running away from: LionC3
Rabbit C5 is Hungry
Rabbit C5f ate
Rabbit C5 f is ready to mate
Rabbit B0m is running away from: LionA5
Rabbit B0 m is ready to mate
Rabbit B0 m is approaching partner: Rabbit C1f
Rabbit C5 is Thirsty
Rabbit C5 drank water
Rabbit C5f is running away from: LionC0
Rabbit C5 is Hungry
Rabbit A0m is running away from: LionC0
Rabbit A0 m is ready to mate
Rabbit A0 m is approaching partner: Rabbit C1f
Rabbit C0f is running away from: LionA5
Rabbit C0 is Hungry
Rabbit C0 f is ready to mate
Rabbit C1 is Thirsty
Rabbit C1 drank water
Rabbit C1f is running away from: LionA5
Rabbit C1 f is ready to mate
Rabbit B4m is running away from: LionC0
Rabbit B4 is Hungry
Rabbit B4m ate
Lion C0 is Thirsty
Lion C0 drank water
Lion C0 is Hungry
LionC0fis chasing: A0m
Lion C0 f is ready to mate
Lion A5 is Thirsty
Lion A5 drank water
Lion A5 is Hungry
LionA5fis chasing: B0m
Lion B0 is Thirsty
Lion B0 drank water
Lion B0 m is ready to mate
Lion B0 is Thirsty
Lion B0 drank water
Lion B0 is Hungry
LionB0mis chasing: B0m
Lion B0 m is ready to mate
Lion C3 is Thirsty
Lion C3 drank water
Lion C3 is Hungry
LionC3mis chasing: C5f
Lion C3 m is ready to mate
Rabbit C5 is Thirsty
Rabbit C5 drank water
Rabbit C5f is running away from: LionC3
Rabbit C5 f is ready to mate
Rabbit B0m is running away from: LionA5
Rabbit B0 is Hungry
Rabbit B0m ate
Rabbit B0 m is ready to mate
Rabbit B0 m is approaching partner: Rabbit C0f
Rabbit C5 is Thirsty
Rabbit C5 drank water
Rabbit C5f is running away from: LionC0
Rabbit C5 is Hungry
Rabbit C5f ate
Rabbit A0m is running away from: LionC0
Rabbit A0 m is ready to mate
Rabbit A0 m is approaching partner: Rabbit C1f
Rabbit C0f is running away from: LionA5
Rabbit C0 is Hungry
RabbitC0f died of hunger
Rabbit C0 f is ready to mate
Rabbit C1 is Thirsty
Rabbit C1 drank water
Rabbit C1f is running away from: LionB0
Rabbit C1 f is ready to mate
Rabbit B4m is running away from: LionC0
Lion C0 is Hungry
LionC0fis chasing: B4m
Lion C0 f is ready to mate
Lion A5 is Hungry
LionA5fis chasing: C1f
Lion B0 is Thirsty
Lion B0 drank water
Lion B0 m is ready to mate
Lion B0 is Thirsty
Lion B0 drank water
Lion B0 is Hungry
LionB0mis chasing: B0m
Lion B0 m is ready to mate
Lion C3 is Thirsty
Lion C3 drank water
Lion C3 is Hungry
LionC3mis chasing: C5f
Lion C3 m is ready to mate
Rabbit C5f is running away from: LionC3
Rabbit C5 f is ready to mate
Rabbit B0 is Thirsty
Rabbit B0 drank water
Rabbit B0m is running away from: LionA5
Rabbit B0 m is ready to mate
Rabbit B0 m is approaching partner: Rabbit C1f
Rabbit C5 is Thirsty
Rabbit C5 drank water
Rabbit C5f is running away from: LionC0
Rabbit A0 is Thirsty
Rabbit A0 drank water
Rabbit A0m is running away from: LionB0
Rabbit A0 is Hungry
Rabbit A0m ate
Rabbit A0 m is ready to mate
Rabbit A0 m is approaching partner: Rabbit C1f
Rabbit C1 is Thirsty
Rabbit C1 drank water
Rabbit C1f is running away from: LionA5
Rabbit C1 is Hungry
Rabbit C1 f is ready to mate
Rabbit B4m is running away from: LionC0
Lion C0 is Hungry
LionC0fis chasing: C5f
Lion C0 f is ready to mate
Lion A5 is Hungry
LionA5fis chasing: C1f
Lion B0 m is ready to mate
Lion B0 is Thirsty
Lion B0 drank water
Lion B0 is Hungry
LionB0mis chasing: A0m
Lion B0 m is ready to mate
Lion C3 is Thirsty
Lion C3 drank water
Lion C3 is Hungry
LionC3mis chasing: C5f
Lion C3 m is ready to mate
Rabbit C5f is running away from: LionC2
Rabbit C5 is Hungry
Rabbit C5f ate
Rabbit C5 f is ready to mate
Rabbit B0 is Thirsty
Rabbit B0 drank water
Rabbit B0m is running away from: LionA5
Rabbit B0 m is ready to mate
Rabbit B0 m is approaching partner: Rabbit C1f
Rabbit C5 is Thirsty
Rabbit C5 drank water
Rabbit C5f is running away from: LionC0
Rabbit A0 is Thirsty
Rabbit A0 drank water
Rabbit A0m is running away from: LionB0
Rabbit A0 m is ready to mate
Rabbit A0 m is approaching partner: Rabbit C1f
Rabbit C1 is Thirsty
Rabbit C1 drank water
Rabbit C1f is running away from: LionA5
Rabbit C1 is Hungry
Rabbit C1f ate
Rabbit C1 f is ready to mate
Rabbit B4m is running away from: LionC0
Rabbit B4 is Hungry
Rabbit B4m ate
Rabbit B4 m is ready to mate
Rabbit B4 m is approaching partner: Rabbit C1f
Lion C0 is Hungry
LionC0fis chasing: C5f
Lion C0 f is ready to mate
Lion A5 is Hungry
LionA5fis chasing: B0m
Lion B0 m is ready to mate
Lion B0 is Thirsty
Lion B0 drank water
Lion B0 is Hungry
LionB0mis chasing: C1f
Lion B0 m is ready to mate
Lion C3 is Thirsty
Lion C3 drank water
Lion C3 is Hungry
LionC3mis chasing: C1f
Lion C3 m is ready to mate
Rabbit C5f is running away from: LionC2
Rabbit C5 f is ready to mate
Rabbit B0 is Thirsty
Rabbit B0 drank water
Rabbit B0m is running away from: LionA5
Rabbit B0 is Hungry
Rabbit B0m ate
Rabbit B0 m is ready to mate
Rabbit B0 m is approaching partner: Rabbit C1f
Rabbit C5 is Thirsty
Rabbit C5 drank water
Rabbit C5f is running away from: LionC0
Rabbit C5 is Hungry
Rabbit C5f ate
Rabbit C5 f is ready to mate
Rabbit A0 is Thirsty
Rabbit A0 drank water
Rabbit A0m is running away from: LionB0
Rabbit A0 m is ready to mate
Rabbit A0 m is approaching partner: Rabbit C5f
Rabbit C1 is Thirsty
Rabbit C1 drank water
Rabbit C1f is running away from: LionA5
Rabbit C1 f is ready to mate
Rabbit B4m is running away from: LionC0
Rabbit B4 m is ready to mate
Rabbit B4 m is approaching partner: Rabbit C5f
Lion C0 is Hungry
LionC0f died of hunger
LionC0fis chasing: C5f
Lion C0 f is ready to mate
Lion A5 is Hungry
LionA5f died of hunger
LionA5fis chasing: B0m
Lion B0 m is ready to mate
No Female Lion Partner or Female Lion partners are not ready to mate Yet!
Lion B0 is Thirsty
Lion B0 drank water
Lion B0 is Hungry
LionB0m died of hunger
LionB0mis chasing: C1f
Lion B0 m is ready to mate
No Female Lion Partner or Female Lion partners are not ready to mate Yet!
Lion C3 is Thirsty
Lion C3 drank water
Lion C3 is Hungry
LionC3m died of hunger
LionC3mis chasing: C1f
Lion C3 m is ready to mate
No Female Lion Partner or Female Lion partners are not ready to mate Yet!
Rabbit C5f is running away from: LionC2
Rabbit C5 f is ready to mate
Rabbit B0 is Thirsty
Rabbit B0 drank water
Rabbit B0m is running away from: LionB0
Rabbit B0 m is ready to mate
Rabbit B0 m is approaching partner: Rabbit C1f
Rabbit B3 f was born!Father is B0 and Mother is C1
Rabbit C5 is Thirsty
Rabbit C5 drank water
Rabbit C5f is running away from: LionB0
Rabbit C5 f is ready to mate
Rabbit A0 is Thirsty
Rabbit A0 drank water
Rabbit A0m is running away from: LionB0
Rabbit A0 is Hungry
Rabbit A0m ate
Rabbit A0 m is ready to mate
Rabbit A0 m is approaching partner: Rabbit C5f
Rabbit C1 is Thirsty
Rabbit C1 drank water
Rabbit C1f is running away from: LionB0
Rabbit B4m is running away from: LionB0
Rabbit B4 m is ready to mate
Rabbit B4 m is approaching partner: Rabbit C5f
Lion B0 m is ready to mate
No Female Lion Partner or Female Lion partners are not ready to mate Yet!
Rabbit C5f is running away from: LionC2
Rabbit C5 is Hungry
Rabbit C5f ate
Rabbit C5 f is ready to mate
Rabbit B0 is Thirsty
Rabbit B0 drank water
Rabbit B0m is running away from: LionB0
Rabbit B0 m is ready to mate
Rabbit B0 m is approaching partner: Rabbit C5f
Rabbit C5 is Thirsty
Rabbit C5 drank water
Rabbit C5f is running away from: LionB0
Rabbit C5 f is ready to mate
Rabbit A0 is Thirsty
Rabbit A0 drank water
Rabbit A0m is running away from: LionB0
Rabbit A0 m is ready to mate
Rabbit A0 m is approaching partner: Rabbit C5f
Rabbit C1 is Thirsty
Rabbit C1 drank water
Rabbit C1f is running away from: LionB0
Rabbit C1 is Hungry
Rabbit C1f ate
Rabbit B4m is running away from: LionB0
Rabbit B4 is Hungry
Rabbit B4m ate
Rabbit B4 m is ready to mate
Rabbit B4 m is approaching partner: Rabbit C5f
Rabbit B3f is running away from: LionB0
Lion B0 m is ready to mate
No Female Lion Partner or Female Lion partners are not ready to mate Yet!
Lion C2 is Hungry
LionC2mis chasing: C5f
Rabbit C5f is running away from: LionC2
Rabbit C5 f is ready to mate
Rabbit B0 is Thirsty
Rabbit B0 drank water
Rabbit B0m is running away from: LionB0
Rabbit B0 is Hungry
Rabbit B0m ate
Rabbit B0 m is ready to mate
Rabbit B0 m is approaching partner: Rabbit C5f
Rabbit C5 is Thirsty
Rabbit C5 drank water
Rabbit C5f is running away from: LionB0
Rabbit C5 is Hungry
Rabbit C5f ate
Rabbit C5 f is ready to mate
Rabbit A0 is Thirsty
Rabbit A0 drank water
Rabbit A0m is running away from: LionB0
Rabbit A0 m is ready to mate
Rabbit A0 m is approaching partner: Rabbit C5f
Rabbit C1 is Thirsty
Rabbit C1 drank water
Rabbit C1f is running away from: LionB0
Rabbit B4 is Thirsty
Rabbit B4 drank water
Rabbit B4m is running away from: LionB0
Rabbit B4 m is ready to mate
Rabbit B4 m is approaching partner: Rabbit C5f
Rabbit B3f is running away from: LionB0
Lion B0 m is ready to mate
No Female Lion Partner or Female Lion partners are not ready to mate Yet!
Lion C2 is Hungry
LionC2mis chasing: C5f
Rabbit C5f is running away from: LionC2
Rabbit C5 f is ready to mate
Rabbit B0 is Thirsty
Rabbit B0 drank water
Rabbit B0m is running away from: LionB0
Rabbit B0 m is ready to mate
Rabbit B0 m is approaching partner: Rabbit C5f
Rabbit C5 is Thirsty
Rabbit C5 drank water
Rabbit C5f is running away from: LionB0
Rabbit C5 f is ready to mate
Rabbit A0 is Thirsty
Rabbit A0 drank water
Rabbit A0m is running away from: LionB0
Rabbit A0 is Hungry
Rabbit A0m ate
Rabbit A0 m is ready to mate
Rabbit A0 m is approaching partner: Rabbit C5f
Rabbit C1 is Thirsty
Rabbit C1 drank water
Rabbit C1f is running away from: LionB0
Rabbit B4 is Thirsty
Rabbit B4 drank water
Rabbit B4m is running away from: LionB0
Rabbit B4 m is ready to mate
Rabbit B4 m is approaching partner: Rabbit C5f
Rabbit B3f is running away from: LionB0
Rabbit B3 is Hungry
Rabbit B3f ate
Lion B0 m is ready to mate
No Female Lion Partner or Female Lion partners are not ready to mate Yet!
Lion C2 is Hungry
LionC2mis chasing: C5f
Rabbit C5f is running away from: LionC2
Rabbit C5 is Hungry
Rabbit C5f ate
Rabbit C5 f is ready to mate
Rabbit B0 is Thirsty
Rabbit B0 drank water
Rabbit B0m is running away from: LionB0
Rabbit B0 m is ready to mate
Rabbit B0 m is approaching partner: Rabbit C5f
Rabbit C5 is Thirsty
Rabbit C5 drank water
Rabbit C5f is running away from: LionB0
Rabbit C5 f is ready to mate
Rabbit A0 is Thirsty
Rabbit A0 drank water
Rabbit A0m is running away from: LionB0
Rabbit A0 m is ready to mate
Rabbit A0 m is approaching partner: Rabbit C5f
Rabbit C1 is Thirsty
Rabbit C1 drank water
Rabbit C1f is running away from: LionB0
Rabbit C1 is Hungry
Rabbit B4 is Thirsty
Rabbit B4 drank water
Rabbit B4m is running away from: LionB0
Rabbit B4 is Hungry
Rabbit B4 m is ready to mate
Rabbit B4 m is approaching partner: Rabbit C5f
Rabbit B3f is running away from: LionB0
Lion B0 m is ready to mate
No Female Lion Partner or Female Lion partners are not ready to mate Yet!
Lion C2 is Hungry
LionC2mis chasing: C5f
Rabbit C5f is running away from: LionC2
Rabbit C5 f is ready to mate
Rabbit B0 is Thirsty
Rabbit B0 drank water
Rabbit B0m is running away from: LionB0
Rabbit B0 is Hungry
Rabbit B0m ate
Rabbit B0 m is ready to mate
Rabbit B0 m is approaching partner: Rabbit C5f
Rabbit C5 is Thirsty
Rabbit C5 drank water
Rabbit C5f is running away from: LionB0
Rabbit C5 is Hungry
Rabbit C5 f is ready to mate
Rabbit A0 is Thirsty
Rabbit A0 drank water
Rabbit A0m is running away from: LionB0
Rabbit A0 m is ready to mate
Rabbit A0 m is approaching partner: Rabbit C5f
Rabbit C1 is Thirsty
Rabbit C1 drank water
Rabbit C1f is running away from: LionB0
Rabbit C1 is Hungry
Rabbit B4 is Thirsty
Rabbit B4 drank water
Rabbit B4m is running away from: LionB0
Rabbit B4 is Hungry
Rabbit B4 m is ready to mate
Rabbit B4 m is approaching partner: Rabbit C5f
Rabbit B3f is running away from: LionB0
Lion B0 m is ready to mate
No Female Lion Partner or Female Lion partners are not ready to mate Yet!
Lion C2 is Hungry
LionC2mis chasing: C5f
Rabbit C5 is Thirsty
Rabbit C5 drank water
Rabbit C5f is running away from: LionC2
Rabbit C5 f is ready to mate
Rabbit B0 is Thirsty
Rabbit B0 drank water
Rabbit B0m is running away from: LionB0
Rabbit B0 m is ready to mate
Rabbit B0 m is approaching partner: Rabbit C5f
Rabbit C5 is Thirsty
Rabbit C5 drank water
Rabbit C5f is running away from: LionB0
Rabbit C5 is Hungry
Rabbit C5 f is ready to mate
Rabbit A0 is Thirsty
Rabbit A0 drank water
Rabbit A0m is running away from: LionB0
Rabbit A0 is Hungry
Rabbit A0 m is ready to mate
Rabbit A0 m is approaching partner: Rabbit C5f
Rabbit C1 is Thirsty
Rabbit C1 drank water
Rabbit C1f is running away from: LionB0
Rabbit C1 is Hungry
Rabbit C1f ate
Rabbit C1 f is ready to mate
Rabbit B4 is Thirsty
Rabbit B4 drank water
Rabbit B4m is running away from: LionB0
Rabbit B4 is Hungry
Rabbit B4m ate
Rabbit B4 m is ready to mate
Rabbit B4 m is approaching partner: Rabbit C5f
Rabbit B3f is running away from: LionB0
Rabbit B3 is Hungry
Rabbit B3f ate
Rabbit B3 f is ready to mate
Lion B0 is Hungry
LionB0mis chasing: B0m
Lion B0 m is ready to mate
No Female Lion Partner or Female Lion partners are not ready to mate Yet!
Lion C2 is Hungry
LionC2mis chasing: C5f
Rabbit C5 is Thirsty
Rabbit C5 drank water
Rabbit C5f is running away from: LionC2
Rabbit C5 is Hungry
Rabbit C5f ate
Rabbit C5 f is ready to mate
Rabbit B0 is Thirsty
Rabbit B0 drank water
Rabbit B0m is running away from: LionB0
Rabbit B0 m is ready to mate
Rabbit B0 m is approaching partner: Rabbit B3f
Rabbit C5 is Thirsty
Rabbit C5 drank water
Rabbit C5f is running away from: LionB0
Rabbit C5 is Hungry
Rabbit C5 f is ready to mate
Rabbit A0 is Thirsty
Rabbit A0 drank water
Rabbit A0m is running away from: LionB0
Rabbit A0 is Hungry
Rabbit A0m ate
Rabbit A0 m is ready to mate
Rabbit A0 m is approaching partner: Rabbit B3f
Rabbit C1 is Thirsty
Rabbit C1 drank water
Rabbit C1f is running away from: LionB0
Rabbit C1 f is ready to mate
Rabbit B4 is Thirsty
Rabbit B4 drank water
Rabbit B4m is running away from: LionB0
Rabbit B4 m is ready to mate
Rabbit B4 m is approaching partner: Rabbit C5f
Rabbit B3f is running away from: LionB0
Rabbit B3 f is ready to mate
Lion B0 is Hungry
LionB0mis chasing: B0m
Lion B0 m is ready to mate
No Female Lion Partner or Female Lion partners are not ready to mate Yet!
Lion C2 is Hungry
LionC2mis chasing: C5f
Rabbit C5 is Thirsty
Rabbit C5 drank water
Rabbit C5f is running away from: LionC2
Rabbit C5 f is ready to mate
Rabbit B0 is Thirsty
Rabbit B0 drank water
Rabbit B0m is running away from: LionB0
Rabbit B0 is Hungry
Rabbit B0m ate
Rabbit B0 m is ready to mate
Rabbit B0 m is approaching partner: Rabbit B3f
Rabbit C5 is Thirsty
Rabbit C5 drank water
Rabbit C5f is running away from: LionB0
Rabbit C5 is Hungry
RabbitC5f died of hunger
Rabbit C5 f is ready to mate
Rabbit A0 is Thirsty
Rabbit A0 drank water
Rabbit A0m is running away from: LionB0
Rabbit A0 m is ready to mate
Rabbit A0 m is approaching partner: Rabbit B3f
Rabbit C1 is Thirsty
Rabbit C1 drank water
Rabbit C1f is running away from: LionB0
Rabbit C1 f is ready to mate
Rabbit B4 is Thirsty
Rabbit B4 drank water
Rabbit B4m is running away from: LionB0
Rabbit B4 m is ready to mate
Rabbit B4 m is approaching partner: Rabbit B3f
Rabbit B3f is running away from: LionB0
Rabbit B3 f is ready to mate
Lion B0 is Hungry
LionB0mis chasing: B0m
Lion B0 m is ready to mate
No Female Lion Partner or Female Lion partners are not ready to mate Yet!
Lion C2 is Thirsty
Lion C2 drank water
Lion C2 is Hungry
LionC2mis chasing: C5f
Rabbit C5 is Thirsty
Rabbit C5 drank water
Rabbit C5f is running away from: LionC2
Rabbit C5 f is ready to mate
Rabbit B0 is Thirsty
Rabbit B0 drank water
Rabbit B0m is running away from: LionB0
Rabbit B0 m is ready to mate
Rabbit B0 m is approaching partner: Rabbit B3f
Rabbit A0 is Thirsty
Rabbit A0 drank water
Rabbit A0m is running away from: LionB0
Rabbit A0 m is ready to mate
Rabbit A0 m is approaching partner: Rabbit B3f
Rabbit C1 is Thirsty
Rabbit C1 drank water
Rabbit C1f is running away from: LionB0
Rabbit C1 is Hungry
Rabbit C1f ate
Rabbit C1 f is ready to mate
Rabbit B4 is Thirsty
Rabbit B4 drank water
Rabbit B4m is running away from: LionB0
Rabbit B4 is Hungry
Rabbit B4m ate
Rabbit B4 m is ready to mate
Rabbit B4 m is approaching partner: Rabbit B3f
Rabbit B3f is running away from: LionB0
Rabbit B3 is Hungry
Rabbit B3f ate
Rabbit B3 f is ready to mate
Lion B0 is Hungry
LionB0mis chasing: B0m
Lion B0 m is ready to mate
No Female Lion Partner or Female Lion partners are not ready to mate Yet!
Lion C2 is Thirsty
Lion C2 drank water
Lion C2 is Hungry
LionC2mis chasing: C5f
Rabbit C5 is Thirsty
Rabbit C5 drank water
Rabbit C5f is running away from: LionC2
Rabbit C5 is Hungry
Rabbit C5f ate
Rabbit C5 f is ready to mate
Rabbit B0 is Thirsty
Rabbit B0 drank water
Rabbit B0m is running away from: LionB0
Rabbit B0 m is ready to mate
Rabbit B0 m is approaching partner: Rabbit B3f
Rabbit A0 is Thirsty
Rabbit A0 drank water
Rabbit A0m is running away from: LionB0
Rabbit A0 is Hungry
Rabbit A0m ate
Rabbit A0 m is ready to mate
Rabbit A0 m is approaching partner: Rabbit B3f
Rabbit C1f is running away from: LionB0
Rabbit C1 f is ready to mate
Rabbit B4 is Thirsty
Rabbit B4 drank water
Rabbit B4m is running away from: LionB0
Rabbit B4 m is ready to mate
Rabbit B4 m is approaching partner: Rabbit B3f
Rabbit B3 is Thirsty
Rabbit B3 drank water
Rabbit B3f is running away from: LionB0
Rabbit B3 f is ready to mate
Lion B0 is Hungry
LionB0mis chasing: B0m
Lion B0 m is ready to mate
No Female Lion Partner or Female Lion partners are not ready to mate Yet!
Lion C2 is Hungry
LionC2mis chasing: C5f
Rabbit C5 is Thirsty
Rabbit C5 drank water
Rabbit C5f is running away from: LionC2
Rabbit C5 f is ready to mate
Rabbit B0 is Thirsty
Rabbit B0 drank water
Rabbit B0m is running away from: LionB0
Rabbit B0 is Hungry
Rabbit B0m ate
Rabbit B0 m is ready to mate
Rabbit B0 m is approaching partner: Rabbit B3f
Rabbit A0 is Thirsty
Rabbit A0 drank water
Rabbit A0m is running away from: LionB0
Rabbit A0 m is ready to mate
Rabbit A0 m is approaching partner: Rabbit B3f
Rabbit C1f is running away from: LionB0
Rabbit C1 f is ready to mate
Rabbit B4 is Thirsty
Rabbit B4 drank water
Rabbit B4m is running away from: LionB0
Rabbit B4 m is ready to mate
Rabbit B4 m is approaching partner: Rabbit B3f
Rabbit B3 is Thirsty
Rabbit B3 drank water
Rabbit B3f is running away from: LionB0
Rabbit B3 f is ready to mate
Lion B0 is Hungry
LionB0mis chasing: B0m
Lion B0 m is ready to mate
No Female Lion Partner or Female Lion partners are not ready to mate Yet!
Lion C2 is Hungry
LionC2mis chasing: C5f
Rabbit C5 is Thirsty
Rabbit C5 drank water
Rabbit C5f is running away from: LionC2
Rabbit C5 f is ready to mate
Rabbit B0 is Thirsty
Rabbit B0 drank water
Rabbit B0m is running away from: LionB0
Rabbit B0 m is ready to mate
Rabbit B0 m is approaching partner: Rabbit B3f
Rabbit A0 is Thirsty
Rabbit A0 drank water
Rabbit A0m is running away from: LionB0
Rabbit A0 m is ready to mate
Rabbit A0 m is approaching partner: Rabbit B3f
Rabbit C1f is running away from: LionB0
Rabbit C1 is Hungry
Rabbit C1 f is ready to mate
Rabbit B4 is Thirsty
Rabbit B4 drank water
Rabbit B4m is running away from: LionB0
Rabbit B4 is Hungry
Rabbit B4m ate
Rabbit B4 m is ready to mate
Rabbit B4 m is approaching partner: Rabbit B3f
Rabbit B3 is Thirsty
Rabbit B3 drank water
Rabbit B3f is running away from: LionB0
Rabbit B3 is Hungry
Rabbit B3f ate
Rabbit B3 f is ready to mate
Lion B0 is Hungry
LionB0mis chasing: B0m
Lion B0 m is ready to mate
No Female Lion Partner or Female Lion partners are not ready to mate Yet!
Lion C2 is Hungry
LionC2mis chasing: C5f
Rabbit C5 is Thirsty
Rabbit C5 drank water
Rabbit C5f is running away from: LionC2
Rabbit C5 is Hungry
Rabbit C5f ate
Rabbit C5 f is ready to mate
Rabbit B0 is Thirsty
Rabbit B0 drank water
Rabbit B0m is running away from: LionB0
Rabbit B0 m is ready to mate
Rabbit B0 m is approaching partner: Rabbit B3f
Rabbit A0 is Thirsty
Rabbit A0 drank water
Rabbit A0m is running away from: LionB0
Rabbit A0 is Hungry
Rabbit A0m ate
Rabbit A0 m is ready to mate
Rabbit A0 m is approaching partner: Rabbit B3f
Rabbit A2 f was born!Father is A0 and Mother is B3
Rabbit C1f is running away from: LionB0
Rabbit C1 is Hungry
Rabbit C1 f is ready to mate
Rabbit B4 is Thirsty
Rabbit B4 drank water
Rabbit B4m is running away from: LionB0
Rabbit B4 m is ready to mate
Rabbit B4 m is approaching partner: Rabbit C1f
Rabbit B3 is Thirsty
Rabbit B3 drank water
Rabbit B3f is running away from: LionB0
Lion B0 is Hungry
LionB0mis chasing: B0m
Lion B0 m is ready to mate
No Female Lion Partner or Female Lion partners are not ready to mate Yet!
Lion C2 is Hungry
LionC2m died of hunger
LionC2mis chasing: C5f
Rabbit C5 is Thirsty
Rabbit C5 drank water
Rabbit C5f is running away from: LionB0
Rabbit C5 f is ready to mate
Rabbit B0 is Thirsty
Rabbit B0 drank water
Rabbit B0m is running away from: LionB0
Rabbit B0 is Hungry
Rabbit B0m ate
Rabbit B0 m is ready to mate
Rabbit B0 m is approaching partner: Rabbit C1f
Rabbit A0 is Thirsty
Rabbit A0 drank water
Rabbit A0m is running away from: LionB0
Rabbit A0 m is ready to mate
Rabbit A0 m is approaching partner: Rabbit C1f
Rabbit C1f is running away from: LionB0
Rabbit C1 is Hungry
Rabbit C1 f is ready to mate
Rabbit B4 is Thirsty
Rabbit B4 drank water
Rabbit B4m is running away from: LionB0
Rabbit B4 m is ready to mate
Rabbit B4 m is approaching partner: Rabbit C1f
Rabbit B3 is Thirsty
Rabbit B3 drank water
Rabbit B3f is running away from: LionB0
Rabbit A2f is running away from: LionB0
Lion B0 is Hungry
LionB0mis chasing: B0m
Lion B0 m is ready to mate
No Female Lion Partner or Female Lion partners are not ready to mate Yet!
Rabbit C5 is Thirsty
Rabbit C5 drank water
Rabbit C5f is running away from: LionB0
Rabbit C5 f is ready to mate
Rabbit B0 is Thirsty
Rabbit B0 drank water
Rabbit B0m is running away from: LionB0
Rabbit B0 m is ready to mate
Rabbit B0 m is approaching partner: Rabbit C1f
Rabbit A0 is Thirsty
Rabbit A0 drank water
Rabbit A0m is running away from: LionB0
Rabbit A0 m is ready to mate
Rabbit A0 m is approaching partner: Rabbit C1f
Rabbit C1f is running away from: LionB0
Rabbit C1 is Hungry
RabbitC1f died of hunger
Rabbit C1 f is ready to mate
Rabbit B4m is running away from: LionB0
Rabbit B4 is Hungry
Rabbit B4m ate
Rabbit B4 m is ready to mate
Rabbit B4 m is approaching partner: Rabbit C5f
Rabbit B3 is Thirsty
Rabbit B3 drank water
Rabbit B3f is running away from: LionB0
Rabbit B3 is Hungry
Rabbit B3f ate
Rabbit A2f is running away from: LionB0
Lion B0 is Hungry
LionB0mis chasing: B0m
Lion B0 m is ready to mate
No Female Lion Partner or Female Lion partners are not ready to mate Yet!
Rabbit C5 is Thirsty
Rabbit C5 drank water
Rabbit C5f is running away from: LionB0
Rabbit C5 is Hungry
Rabbit C5 f is ready to mate
Rabbit B0 is Thirsty
Rabbit B0 drank water
Rabbit B0m is running away from: LionB0
Rabbit B0 m is ready to mate
Rabbit B0 m is approaching partner: Rabbit C5f
Rabbit A0 is Thirsty
Rabbit A0 drank water
Rabbit A0m is running away from: LionB0
Rabbit A0 is Hungry
Rabbit A0 m is ready to mate
Rabbit A0 m is approaching partner: Rabbit C5f
Rabbit B4m is running away from: LionB0
Rabbit B4 m is ready to mate
Rabbit B4 m is approaching partner: Rabbit C5f
Rabbit B3 is Thirsty
Rabbit B3 drank water
Rabbit B3f is running away from: LionB0
Rabbit A2f is running away from: LionB0
Rabbit A2 is Hungry
Rabbit A2f ate
Lion B0 is Thirsty
Lion B0 drank water
Lion B0 is Hungry
LionB0mis chasing: B0m
Lion B0 m is ready to mate
No Female Lion Partner or Female Lion partners are not ready to mate Yet!
Rabbit C5 is Thirsty
Rabbit C5 drank water
Rabbit C5f is running away from: LionB0
Rabbit C5 is Hungry
Rabbit C5 f is ready to mate
Rabbit B0 is Thirsty
Rabbit B0 drank water
Rabbit B0m is running away from: LionB0
Rabbit B0 is Hungry
Rabbit B0m ate
Rabbit B0 m is ready to mate
Rabbit B0 m is approaching partner: Rabbit C5f
Rabbit A0 is Thirsty
Rabbit A0 drank water
Rabbit A0m is running away from: LionB0
Rabbit A0 is Hungry
Rabbit A0 m is ready to mate
Rabbit A0 m is approaching partner: Rabbit C5f
Rabbit B4m is running away from: LionB0
Rabbit B4 m is ready to mate
Rabbit B4 m is approaching partner: Rabbit C5f
Rabbit B3 is Thirsty
Rabbit B3 drank water
Rabbit B3f is running away from: LionB0
Rabbit A2f is running away from: LionB0
Lion B0 is Thirsty
Lion B0 drank water
Lion B0 is Hungry
LionB0mis chasing: B0m
Lion B0 m is ready to mate
No Female Lion Partner or Female Lion partners are not ready to mate Yet!
Rabbit C5 is Thirsty
Rabbit C5 drank water
Rabbit C5f is running away from: LionB0
Rabbit C5 is Hungry
Rabbit C5f ate
Rabbit C5 f is ready to mate
Rabbit B0 is Thirsty
Rabbit B0 drank water
Rabbit B0m is running away from: LionB0
Rabbit B0 m is ready to mate
Rabbit B0 m is approaching partner: Rabbit C5f
Rabbit A0 is Thirsty
Rabbit A0 drank water
Rabbit A0m is running away from: LionB0
Rabbit A0 is Hungry
Rabbit A0m ate
Rabbit A0 m is ready to mate
Rabbit A0 m is approaching partner: Rabbit C5f
Rabbit B4m is running away from: LionB0
Rabbit B4 is Hungry
Rabbit B4 m is ready to mate
Rabbit B4 m is approaching partner: Rabbit C5f
Rabbit B3 is Thirsty
Rabbit B3 drank water
Rabbit B3f is running away from: LionB0
Rabbit B3 is Hungry
Rabbit B3f ate
Rabbit A2f is running away from: LionB0
Lion B0 is Thirsty
Lion B0 drank water
Lion B0 is Hungry
LionB0m died of hunger
LionB0mis chasing: B0m
Lion B0 m is ready to mate
No Female Lion Partner or Female Lion partners are not ready to mate Yet!
Rabbit C5 is Thirsty
Rabbit C5 drank water
Rabbit C5 f is ready to mate
Rabbit B0 is Thirsty
Rabbit B0 drank water
Rabbit B0 m is ready to mate
Rabbit B0 m is approaching partner: Rabbit C5f
Rabbit A0 is Thirsty
Rabbit A0 drank water
Rabbit A0 m is ready to mate
Rabbit A0 m is approaching partner: Rabbit C5f
Rabbit B4 is Hungry
Rabbit B4 m is ready to mate
Rabbit B4 m is approaching partner: Rabbit C5f
Rabbit B3 is Thirsty
Rabbit B3 drank water
Rabbit B3 f is ready to mate
Rabbit A2 is Hungry
Rabbit A2f ate
Rabbit A2 f is ready to mate
Rabbit C5 is Thirsty
Rabbit C5 drank water
Rabbit C5 f is ready to mate
Rabbit B0 is Thirsty
Rabbit B0 drank water
Rabbit B0 is Hungry
Rabbit B0m ate
Rabbit B0 m is ready to mate
Rabbit B0 m is approaching partner: Rabbit B3f
Rabbit A0 is Thirsty
Rabbit A0 drank water
Rabbit A0 m is ready to mate
Rabbit A0 m is approaching partner: Rabbit B3f
Rabbit B4 is Hungry
Rabbit B4m ate
Rabbit B4 m is ready to mate
Rabbit B4 m is approaching partner: Rabbit B3f
Rabbit B3 is Thirsty
Rabbit B3 drank water
Rabbit B3 f is ready to mate
Rabbit A2 f is ready to mate
Rabbit C5 is Thirsty
Rabbit C5 drank water
Rabbit C5 is Hungry
Rabbit C5f ate
Rabbit C5 f is ready to mate
Rabbit B0 is Thirsty
Rabbit B0 drank water
Rabbit B0 m is ready to mate
Rabbit B0 m is approaching partner: Rabbit B3f
Rabbit A0 is Thirsty
Rabbit A0 drank water
Rabbit A0 is Hungry
Rabbit A0m ate
Rabbit A0 m is ready to mate
Rabbit A0 m is approaching partner: Rabbit B3f
Rabbit B4 m is ready to mate
Rabbit B4 m is approaching partner: Rabbit B3f
Rabbit B3 is Thirsty
Rabbit B3 drank water
Rabbit B3 is Hungry
Rabbit B3 f is ready to mate
Rabbit A2 f is ready to mate
Rabbit C5 is Thirsty
Rabbit C5 drank water
Rabbit C5 f is ready to mate
Rabbit B0 is Thirsty
Rabbit B0 drank water
Rabbit B0 m is ready to mate
Rabbit B0 m is approaching partner: Rabbit B3f
Rabbit A0 is Thirsty
Rabbit A0 drank water
Rabbit A0 m is ready to mate
Rabbit A0 m is approaching partner: Rabbit B3f
Rabbit B4 m is ready to mate
Rabbit B4 m is approaching partner: Rabbit B3f
Rabbit B3 is Thirsty
Rabbit B3 drank water
Rabbit B3 is Hungry
Rabbit B3f ate
Rabbit B3 f is ready to mate
Rabbit A2 is Hungry
Rabbit A2f ate
Rabbit A2 f is ready to mate
Rabbit C5 is Thirsty
Rabbit C5 drank water
Rabbit C5 f is ready to mate
Rabbit B0 is Thirsty
Rabbit B0 drank water
Rabbit B0 is Hungry
Rabbit B0 m is ready to mate
Rabbit B0 m is approaching partner: Rabbit B3f
Rabbit A0 is Thirsty
Rabbit A0 drank water
Rabbit A0 m is ready to mate
Rabbit A0 m is approaching partner: Rabbit B3f
Rabbit B4 is Hungry
Rabbit B4m ate
Rabbit B4 m is ready to mate
Rabbit B4 m is approaching partner: Rabbit B3f
Rabbit B3 is Thirsty
Rabbit B3 drank water
Rabbit B3 f is ready to mate
Rabbit A2 is Thirsty
Rabbit A2 drank water
Rabbit A2 f is ready to mate
Rabbit C5 is Thirsty
Rabbit C5 drank water
Rabbit C5 is Hungry
Rabbit C5f ate
Rabbit C5 f is ready to mate
Rabbit B0 is Thirsty
Rabbit B0 drank water
Rabbit B0 is Hungry
Rabbit B0 m is ready to mate
Rabbit B0 m is approaching partner: Rabbit B3f
Rabbit A0 is Thirsty
Rabbit A0 drank water
Rabbit A0 is Hungry
Rabbit A0 m is ready to mate
Rabbit A0 m is approaching partner: Rabbit B3f
Rabbit B4 is Thirsty
Rabbit B4 drank water
Rabbit B4 m is ready to mate
Rabbit B4 m is approaching partner: Rabbit B3f
Rabbit B3 is Thirsty
Rabbit B3 drank water
Rabbit B3 f is ready to mate
Rabbit A2 is Thirsty
Rabbit A2 drank water
Rabbit A2 f is ready to mate
Rabbit C5 is Thirsty
Rabbit C5 drank water
Rabbit C5 f is ready to mate
Rabbit B0 is Thirsty
Rabbit B0 drank water
Rabbit B0 is Hungry
Rabbit B0 m is ready to mate
Rabbit B0 m is approaching partner: Rabbit B3f
Rabbit A0 is Thirsty
Rabbit A0 drank water
Rabbit A0 is Hungry
Rabbit A0m ate
Rabbit A0 m is ready to mate
Rabbit A0 m is approaching partner: Rabbit B3f
Rabbit B4 is Thirsty
Rabbit B4 drank water
Rabbit B4 m is ready to mate
Rabbit B4 m is approaching partner: Rabbit B3f
Rabbit B3 is Thirsty
Rabbit B3 drank water
Rabbit B3 is Hungry
Rabbit B3f ate
Rabbit B3 f is ready to mate
Rabbit A2 is Thirsty
Rabbit A2 drank water
Rabbit A2 is Hungry
Rabbit A2 f is ready to mate
Rabbit C5 is Thirsty
Rabbit C5 drank water
Rabbit C5 f is ready to mate
Rabbit B0 is Thirsty
Rabbit B0 drank water
Rabbit B0 is Hungry
RabbitB0m died of hunger
Rabbit B0 m is ready to mate
Rabbit B0 m is approaching partner: Rabbit B3f
Rabbit A0 is Thirsty
Rabbit A0 drank water
Rabbit A0 m is ready to mate
Rabbit A0 m is approaching partner: Rabbit B3f
Rabbit B4 is Thirsty
Rabbit B4 drank water
Rabbit B4 is Hungry
Rabbit B4m ate
Rabbit B4 m is ready to mate
Rabbit B4 m is approaching partner: Rabbit B3f
Rabbit B3 is Thirsty
Rabbit B3 drank water
Rabbit B3 f is ready to mate
Rabbit A2 is Thirsty
Rabbit A2 drank water
Rabbit A2 is Hungry
Rabbit A2f ate
Rabbit A2 f is ready to mate
Rabbit C5 is Thirsty
Rabbit C5 drank water
Rabbit C5 is Hungry
Rabbit C5f ate
Rabbit C5 f is ready to mate
Rabbit A0 is Thirsty
Rabbit A0 drank water
Rabbit A0 m is ready to mate
Rabbit A0 m is approaching partner: Rabbit B3f
Rabbit B4 is Thirsty
Rabbit B4 drank water
Rabbit B4 m is ready to mate
Rabbit B4 m is approaching partner: Rabbit B3f
Rabbit B3 is Thirsty
Rabbit B3 drank water
Rabbit B3 f is ready to mate
Rabbit A2 is Thirsty
Rabbit A2 drank water
Rabbit A2 f is ready to mate
Rabbit C5 is Thirsty
Rabbit C5 drank water
Rabbit C5 f is ready to mate
Rabbit A0 is Thirsty
Rabbit A0 drank water
Rabbit A0 is Hungry
Rabbit A0 m is ready to mate
Rabbit A0 m is approaching partner: Rabbit B3f
Rabbit B4 is Thirsty
Rabbit B4 drank water
Rabbit B4 m is ready to mate
Rabbit B4 m is approaching partner: Rabbit B3f
Rabbit B3 is Thirsty
Rabbit B3 drank water
Rabbit B3 is Hungry
Rabbit B3 f is ready to mate
Rabbit A2 is Thirsty
Rabbit A2 drank water
Rabbit A2 f is ready to mate
Rabbit C5 is Thirsty
Rabbit C5 drank water
Rabbit C5 f is ready to mate
Rabbit A0 is Thirsty
Rabbit A0 drank water
Rabbit A0 is Hungry
Rabbit A0 m is ready to mate
Rabbit A0 m is approaching partner: Rabbit B3f
Rabbit B4 is Thirsty
Rabbit B4 drank water
Rabbit B4 is Hungry
Rabbit B4 m is ready to mate
Rabbit B4 m is approaching partner: Rabbit B3f
Rabbit B3 is Thirsty
Rabbit B3 drank water
Rabbit B3 is Hungry
Rabbit B3 f is ready to mate
Rabbit A2 is Thirsty
Rabbit A2 drank water
Rabbit A2 is Hungry
Rabbit A2f ate
Rabbit A2 f is ready to mate
Rabbit C5 is Thirsty
Rabbit C5 drank water
Rabbit C5 is Hungry
Rabbit C5f ate
Rabbit C5 f is ready to mate
Rabbit A0 is Thirsty
Rabbit A0 drank water
Rabbit A0 is Hungry
Rabbit A0 m is ready to mate
Rabbit A0 m is approaching partner: Rabbit B3f
Rabbit B4 is Thirsty
Rabbit B4 drank water
Rabbit B4 is Hungry
Rabbit B4 m is ready to mate
Rabbit B4 m is approaching partner: Rabbit A2f
Rabbit B3 is Thirsty
Rabbit B3 drank water
Rabbit B3 is Hungry
Rabbit B3 f is ready to mate
Rabbit A2 is Thirsty
Rabbit A2 drank water
Rabbit A2 f is ready to mate
Rabbit C5 is Thirsty
Rabbit C5 drank water
Rabbit C5 f is ready to mate
Rabbit A0 is Thirsty
Rabbit A0 drank water
Rabbit A0 is Hungry
RabbitA0m died of hunger
Rabbit A0 m is ready to mate
Rabbit A0 m is approaching partner: Rabbit B3f
Rabbit B4 is Thirsty
Rabbit B4 drank water
Rabbit B4 is Hungry
Rabbit B4 m is ready to mate
Rabbit B4 m is approaching partner: Rabbit A2f
Rabbit B3 is Thirsty
Rabbit B3 drank water
Rabbit B3 is Hungry
RabbitB3f died of hunger
Rabbit B3 f is ready to mate
Rabbit A2 is Thirsty
Rabbit A2 drank water
Rabbit A2 f is ready to mate
Rabbit C5 f is ready to mate
Rabbit B4 is Thirsty
Rabbit B4 drank water
Rabbit B4 is Hungry
RabbitB4m died of hunger
Rabbit B4 m is ready to mate
Rabbit B4 m is approaching partner: Rabbit A2f
Rabbit B3 m was born!Father is B4 and Mother is A2
Rabbit A2 is Thirsty
Rabbit A2 drank water
Rabbit A2 is Hungry
Rabbit A2f ate
Rabbit C5 is Hungry
Rabbit C5 f is ready to mate
Rabbit A2 is Thirsty
Rabbit A2 drank water
Rabbit C5 is Hungry
Rabbit C5f ate
Rabbit C5 f is ready to mate
Rabbit A2 is Thirsty
Rabbit A2 drank water
Rabbit C5 f is ready to mate
Rabbit A2 is Hungry
Rabbit B3 is Hungry
Rabbit B3m ate
Rabbit C5 f is ready to mate
Rabbit A2 is Hungry
Rabbit A2f ate
Rabbit C5 is Hungry
Rabbit C5f ate
Rabbit C5 f is ready to mate
Rabbit C5 f is ready to mate
Rabbit B3 is Hungry
Rabbit B3m ate
Rabbit C5 f is ready to mate
Rabbit A2 is Hungry
Rabbit A2f ate
Rabbit A2 f is ready to mate
Rabbit B3 m is ready to mate
Rabbit B3 m is approaching partner: Rabbit A2f
Rabbit C5 is Hungry
Rabbit C5f ate
Rabbit C5 f is ready to mate
Rabbit A2 f is ready to mate
Rabbit B3 m is ready to mate
Rabbit B3 m is approaching partner: Rabbit A2f
Rabbit C5 is Thirsty
Rabbit C5 drank water
Rabbit C5 f is ready to mate
Rabbit A2 f is ready to mate
Rabbit B3 is Hungry
Rabbit B3m ate
Rabbit B3 m is ready to mate
Rabbit B3 m is approaching partner: Rabbit A2f
Rabbit C5 is Thirsty
Rabbit C5 drank water
Rabbit C5 f is ready to mate
Rabbit A2 is Hungry
Rabbit A2f ate
Rabbit A2 f is ready to mate
Rabbit B3 is Thirsty
Rabbit B3 drank water
Rabbit B3 m is ready to mate
Rabbit B3 m is approaching partner: Rabbit A2f
Rabbit C5 is Thirsty
Rabbit C5 drank water
Rabbit C5 is Hungry
Rabbit C5 f is ready to mate
Rabbit A2 f is ready to mate
Rabbit B3 is Thirsty
Rabbit B3 drank water
Rabbit B3 m is ready to mate
Rabbit B3 m is approaching partner: Rabbit A2f
rabbit C5f Died of Old Age
Rabbit C5 is Thirsty
Rabbit C5 drank water
Rabbit C5 is Hungry
Rabbit C5 f is ready to mate
Rabbit A2 is Thirsty
Rabbit A2 drank water
Rabbit A2 f is ready to mate
Rabbit B3 is Thirsty
Rabbit B3 drank water
Rabbit B3 is Hungry
Rabbit B3m ate
Rabbit B3 m is ready to mate
Rabbit B3 m is approaching partner: Rabbit A2f
Rabbit A2 is Thirsty
Rabbit A2 drank water
Rabbit A2 is Hungry
Rabbit A2 f is ready to mate
Rabbit B3 m is ready to mate
Rabbit B3 m is approaching partner: Rabbit A2f
Rabbit A2 is Hungry
Rabbit A2f ate
Rabbit A2 f is ready to mate
Rabbit B3 m is ready to mate
Rabbit B3 m is approaching partner: Rabbit A2f
Rabbit A2 f is ready to mate
Rabbit B3 is Hungry
Rabbit B3 m is ready to mate
Rabbit B3 m is approaching partner: Rabbit A2f
Rabbit A2 f is ready to mate
Rabbit B3 is Hungry
Rabbit B3m ate
Rabbit B3 m is ready to mate
Rabbit B3 m is approaching partner: Rabbit A2f
Rabbit A2 is Hungry
Rabbit A2f ate
Rabbit A2 f is ready to mate
Rabbit B3 m is ready to mate
Rabbit B3 m is approaching partner: Rabbit A2f
Rabbit A2 f is ready to mate
Rabbit B3 m is ready to mate
Rabbit B3 m is approaching partner: Rabbit A2f
Rabbit A2 f is ready to mate
Rabbit B3 is Hungry
Rabbit B3m ate
Rabbit B3 m is ready to mate
Rabbit B3 m is approaching partner: Rabbit A2f
Rabbit A2 is Hungry
Rabbit A2 f is ready to mate
Rabbit B3 m is ready to mate
Rabbit B3 m is approaching partner: Rabbit A2f
Rabbit A2 is Hungry
Rabbit A2f ate
Rabbit A2 f is ready to mate
Rabbit B3 m is ready to mate
Rabbit B3 m is approaching partner: Rabbit A2f
Rabbit A2 f is ready to mate
Rabbit B3 is Thirsty
Rabbit B3 drank water
Rabbit B3 is Hungry
Rabbit B3 m is ready to mate
Rabbit B3 m is approaching partner: Rabbit A2f
Rabbit A2 is Thirsty
Rabbit A2 drank water
Rabbit A2 f is ready to mate
Rabbit B3 is Hungry
Rabbit B3 m is ready to mate
Rabbit B3 m is approaching partner: Rabbit A2f
Rabbit A2 is Hungry
Rabbit A2 f is ready to mate
Rabbit B3 is Hungry
Rabbit B3 m is ready to mate
Rabbit B3 m is approaching partner: Rabbit A2f
Rabbit A2 is Hungry
Rabbit A2 f is ready to mate
Rabbit B3 is Hungry
RabbitB3m died of hunger
Rabbit B3 m is ready to mate
Rabbit B3 m is approaching partner: Rabbit A2f
Rabbit A2 is Hungry
Rabbit A2 f is ready to mate
Rabbit A2 is Hungry
RabbitA2f died of hunger
Rabbit A2f ate
Rabbit A2 f is ready to mate
