Wolf B5m is running away from: LionB4
Wolf A2m is running away from: LionA0
Wolf B0m is running away from: LionA2
Wolf A4m is running away from: LionA0
Rabbit C3f is running away from: LionC4
Rabbit C3f is running away from: WolfA4
Rabbit C3 f is ready to mate
Rabbit B3f is running away from: LionA2
Rabbit B3f is running away from: WolfA4
Rabbit B3 f is ready to mate
Rabbit C5m is running away from: LionA2
Rabbit C5m is running away from: WolfB0
Rabbit C5 m is ready to mate
Rabbit C5 m is approaching partner: Rabbit B3f
Rabbit C4m is running away from: LionA0
Rabbit C4m is running away from: WolfA4
Rabbit C4 m is ready to mate
Rabbit C4 m is approaching partner: Rabbit C3f
Rabbit A3m is running away from: LionC4
Rabbit A3m is running away from: WolfA2
Rabbit A3 m is ready to mate
Rabbit A3 m is approaching partner: Rabbit C3f
Rabbit B1f is running away from: LionC4
Rabbit B1f is running away from: WolfA2
Rabbit B1 f is ready to mate
Rabbit C0f is running away from: LionB4
Rabbit C0f is running away from: WolfB5
Rabbit C0 f is ready to mate
Rabbit C1m is running away from: LionB4
Rabbit C1m is running away from: WolfB5
Rabbit C1 m is ready to mate
Rabbit C1 m is approaching partner: Rabbit C0f
Rabbit A1f is running away from: LionB4
Rabbit A1f is running away from: WolfA2
Rabbit A1 f is ready to mate
Rabbit B3f is running away from: LionA2
Rabbit B3f is running away from: WolfA4
Rabbit B3 f is ready to mate
Rabbit C3m is running away from: LionA0
Rabbit C3m is running away from: WolfA2
Rabbit C3 m is ready to mate
Rabbit C3 m is approaching partner: Rabbit A1f
Rabbit B0f is running away from: LionC4
Rabbit B0f is running away from: WolfA4
Rabbit B0 f is ready to mate
Rabbit A0f is running away from: LionB4
Rabbit A0f is running away from: WolfA2
Rabbit A0 f is ready to mate
Rabbit C5f is running away from: LionC4
Rabbit C5f is running away from: WolfA4
Rabbit C5 f is ready to mate
Rabbit B1f is running away from: LionC4
Rabbit B1f is running away from: WolfA4
Rabbit B1 f is ready to mate
Wolf B5m is running away from: LionB4
Wolf A2m is running away from: LionA0
Wolf B0m is running away from: LionA2
Wolf A4m is running away from: LionA0
Rabbit C3f is running away from: LionC4
Rabbit C3f is running away from: WolfA4
Rabbit C3 is Hungry
Rabbit C3f ate
Rabbit C3 f is ready to mate
Rabbit B3f is running away from: LionC4
Rabbit B3f is running away from: WolfA4
Rabbit B3 is Hungry
Rabbit B3f ate
Rabbit B3 f is ready to mate
Rabbit C5m is running away from: LionA2
Rabbit C5m is running away from: WolfB0
Rabbit C5 is Hungry
Rabbit C5m ate
Rabbit C5 m is ready to mate
Rabbit C5 m is approaching partner: Rabbit B3f
Rabbit C4m is running away from: LionA0
Rabbit C4m is running away from: WolfA4
Rabbit C4 is Hungry
Rabbit C4m ate
Rabbit C4 m is ready to mate
Rabbit C4 m is approaching partner: Rabbit B0f
Rabbit A3m is running away from: LionC4
Rabbit A3m is running away from: WolfA2
Rabbit A3 is Hungry
Rabbit A3m ate
Rabbit A3 m is ready to mate
Rabbit A3 m is approaching partner: Rabbit B1f
Rabbit B1f is running away from: LionC4
Rabbit B1f is running away from: WolfA2
Rabbit B1 is Hungry
Rabbit B1f ate
Rabbit B1 f is ready to mate
Rabbit C0f is running away from: LionB4
Rabbit C0f is running away from: WolfB5
Rabbit C0 is Hungry
Rabbit C0f ate
Rabbit C0 f is ready to mate
Rabbit C1m is running away from: LionB4
Rabbit C1m is running away from: WolfB5
Rabbit C1 is Hungry
Rabbit C1m ate
Rabbit C1 m is ready to mate
Rabbit C1 m is approaching partner: Rabbit A1f
Rabbit A1f is running away from: LionB4
Rabbit A1f is running away from: WolfA2
Rabbit A1 is Hungry
Rabbit A1f ate
Rabbit A1 f is ready to mate
Rabbit B3f is running away from: LionA2
Rabbit B3f is running away from: WolfA4
Rabbit B3 is Hungry
Rabbit B3f ate
Rabbit B3 f is ready to mate
Rabbit C3m is running away from: LionA0
Rabbit C3m is running away from: WolfA2
Rabbit C3 is Hungry
Rabbit C3m ate
Rabbit C3 m is ready to mate
Rabbit C3 m is approaching partner: Rabbit A1f
Rabbit B0f is running away from: LionC4
Rabbit B0f is running away from: WolfA4
Rabbit B0 is Hungry
Rabbit B0f ate
Rabbit B0 f is ready to mate
Rabbit A0f is running away from: LionB4
Rabbit A0f is running away from: WolfA2
Rabbit A0 is Hungry
Rabbit A0f ate
Rabbit A0 f is ready to mate
Rabbit C5f is running away from: LionC4
Rabbit C5f is running away from: WolfA4
Rabbit C5 is Hungry
Rabbit C5f ate
Rabbit C5 f is ready to mate
Rabbit B1f is running away from: LionC4
Rabbit B1f is running away from: WolfA4
Rabbit B1 is Hungry
Rabbit B1f ate
Rabbit B1 f is ready to mate
Wolf B5m is running away from: LionB4
Wolf B5 is Hungry
Wolf B5m is chasing: C0f
Wolf A2m is running away from: LionA0
Wolf A2 is Hungry
Wolf A2m is chasing: C3m
Wolf B0m is running away from: LionA2
Wolf B0 is Hungry
Wolf B0m is chasing: C5m
Wolf A4m is running away from: LionA0
Wolf A4 is Hungry
Wolf A4m is chasing: C4m
Rabbit C3f is running away from: LionC4
Rabbit C3f is running away from: WolfA4
Rabbit C3 f is ready to mate
Rabbit B3f is running away from: LionC4
Rabbit B3f is running away from: WolfA4
Rabbit B3 f is ready to mate
Rabbit C5m is running away from: LionA2
Rabbit C5m is running away from: WolfB0
Rabbit C5 m is ready to mate
Rabbit C5 m is approaching partner: Rabbit B3f
Rabbit C4m is running away from: LionA0
Rabbit C4m is running away from: WolfA4
Rabbit C4 m is ready to mate
Rabbit C4 m is approaching partner: Rabbit A1f
Rabbit A3m is running away from: LionC4
Rabbit A3m is running away from: WolfA2
Rabbit A3 m is ready to mate
Rabbit A3 m is approaching partner: Rabbit B1f
Rabbit A5 m was born!Father is A3 and Mother is B1
Rabbit B1f is running away from: LionC4
Rabbit B1f is running away from: WolfA2
Rabbit C0f is running away from: LionB4
Rabbit C0f is running away from: WolfB5
Rabbit C0 f is ready to mate
Rabbit C1m is running away from: LionB4
Rabbit C1m is running away from: WolfB5
Rabbit C1 m is ready to mate
Rabbit C1 m is approaching partner: Rabbit A1f
Rabbit A1f is running away from: LionB4
Rabbit A1f is running away from: WolfA2
Rabbit A1 f is ready to mate
Rabbit B3f is running away from: LionA2
Rabbit B3f is running away from: WolfA4
Rabbit B3 f is ready to mate
Rabbit C3m is running away from: LionA0
Rabbit C3m is running away from: WolfA2
Rabbit C3 m is ready to mate
Rabbit C3 m is approaching partner: Rabbit A1f
Rabbit B0f is running away from: LionA2
Rabbit B0f is running away from: WolfA4
Rabbit B0 f is ready to mate
Rabbit A0f is running away from: LionB4
Rabbit A0f is running away from: WolfA2
Rabbit A0 f is ready to mate
Rabbit C5f is running away from: LionC4
Rabbit C5f is running away from: WolfA4
Rabbit C5 f is ready to mate
Rabbit B1f is running away from: LionA2
Rabbit B1f is running away from: WolfA4
Rabbit B1 f is ready to mate
Wolf B5m is running away from: LionB4
Wolf B5 is Hungry
Wolf B5m is chasing: C1m
Wolf A2m is running away from: LionA0
Wolf A2 is Hungry
Wolf A2m is chasing: C3m
Wolf B0m is running away from: LionA2
Wolf B0 is Hungry
Wolf B0m is chasing: C5m
Wolf A4m is running away from: LionA0
Wolf A4 is Hungry
Wolf A4m is chasing: C5f
Rabbit C3f is running away from: LionC4
Rabbit C3f is running away from: WolfA4
Rabbit C3 is Hungry
Rabbit C3f ate
Rabbit C3 f is ready to mate
Rabbit B3f is running away from: LionA2
Rabbit B3f is running away from: WolfA4
Rabbit B3 is Hungry
Rabbit B3f ate
Rabbit B3 f is ready to mate
Rabbit C5m is running away from: LionA2
Rabbit C5m is running away from: WolfB0
Rabbit C5 is Hungry
Rabbit C5m ate
Rabbit C5 m is ready to mate
Rabbit C5 m is approaching partner: Rabbit B0f
Rabbit C4m is running away from: LionA0
Rabbit C4m is running away from: WolfB5
Rabbit C4 is Hungry
Rabbit C4m ate
Rabbit C4 m is ready to mate
Rabbit C4 m is approaching partner: Rabbit A1f
Rabbit A3m is running away from: LionC4
Rabbit A3m is running away from: WolfA2
Rabbit A3 is Hungry
Rabbit A3m ate
Rabbit A3 m is ready to mate
Rabbit A3 m is approaching partner: Rabbit A0f
Rabbit B1f is running away from: LionB4
Rabbit B1f is running away from: WolfA2
Rabbit B1 is Hungry
Rabbit B1f ate
Rabbit C0f is running away from: LionB4
Rabbit C0f is running away from: WolfB5
Rabbit C0 is Hungry
Rabbit C0 f is ready to mate
Rabbit C1m is running away from: LionB4
Rabbit C1m is running away from: WolfB5
Rabbit C1 is Hungry
Rabbit C1m ate
Rabbit C1 m is ready to mate
Rabbit C1 m is approaching partner: Rabbit A1f
Rabbit A1f is running away from: LionB4
Rabbit A1f is running away from: WolfA2
Rabbit A1 is Hungry
Rabbit A1f ate
Rabbit A1 f is ready to mate
Rabbit B3f is running away from: LionC4
Rabbit B3f is running away from: WolfA4
Rabbit B3 is Hungry
Rabbit B3f ate
Rabbit B3 f is ready to mate
Rabbit C3m is running away from: LionB4
Rabbit C3m is running away from: WolfA2
Rabbit C3 is Hungry
Rabbit C3m ate
Rabbit C3 m is ready to mate
Rabbit C3 m is approaching partner: Rabbit A1f
Rabbit B0f is running away from: LionA2
Rabbit B0f is running away from: WolfA4
Rabbit B0 is Hungry
Rabbit B0 f is ready to mate
Rabbit A0f is running away from: LionB4
Rabbit A0f is running away from: WolfA2
Rabbit A0 is Hungry
Rabbit A0 f is ready to mate
Rabbit C5f is running away from: LionC4
Rabbit C5f is running away from: WolfA4
Rabbit C5 is Hungry
Rabbit C5f ate
Rabbit C5 f is ready to mate
Rabbit B1f is running away from: LionC4
Rabbit B1f is running away from: WolfA4
Rabbit B1 is Hungry
Rabbit B1 f is ready to mate
Rabbit A5m is running away from: LionC4
Rabbit A5m is running away from: WolfA2
Wolf B5m is running away from: LionB4
Wolf B5 is Hungry
Wolf B5m is chasing: C1m
Wolf A2m is running away from: LionC4
Wolf A2 is Hungry
Wolf A2m is chasing: C1m
Wolf B0m is running away from: LionA2
Wolf B0 is Hungry
Wolf B0m is chasing: C5m
Wolf A4m is running away from: LionC4
Wolf A4 is Hungry
Wolf A4m is chasing: C5f
Rabbit C3f is running away from: LionC4
Rabbit C3f is running away from: WolfA4
Rabbit C3 f is ready to mate
Rabbit B3f is running away from: LionA2
Rabbit B3f is running away from: WolfA4
Rabbit B3 f is ready to mate
Rabbit C5m is running away from: LionA2
Rabbit C5m is running away from: WolfB0
Rabbit C5 m is ready to mate
Rabbit C5 m is approaching partner: Rabbit B3f
Rabbit C4m is running away from: LionA0
Rabbit C4m is running away from: WolfB5
Rabbit C4 m is ready to mate
Rabbit C4 m is approaching partner: Rabbit A1f
Rabbit A3m is running away from: LionC4
Rabbit A3m is running away from: WolfA2
Rabbit A3 m is ready to mate
Rabbit A3 m is approaching partner: Rabbit A0f
Rabbit B1f is running away from: LionB4
Rabbit B1f is running away from: WolfA2
Rabbit C0f is running away from: LionB4
Rabbit C0f is running away from: WolfB5
Rabbit C0 is Hungry
Rabbit C0f ate
Rabbit C0 f is ready to mate
Rabbit C1m is running away from: LionB4
Rabbit C1m is running away from: WolfA2
Rabbit C1 m is ready to mate
Rabbit C1 m is approaching partner: Rabbit A1f
Rabbit A1f is running away from: LionB4
Rabbit A1f is running away from: WolfA2
Rabbit A1 f is ready to mate
Rabbit B3f is running away from: LionA2
Rabbit B3f is running away from: WolfA4
Rabbit B3 f is ready to mate
Rabbit C3m is running away from: LionB4
Rabbit C3m is running away from: WolfA2
Rabbit C3 m is ready to mate
Rabbit C3 m is approaching partner: Rabbit A1f
Rabbit B0f is running away from: LionA2
Rabbit B0f is running away from: WolfA4
Rabbit B0 is Hungry
Rabbit B0 f is ready to mate
Rabbit A0f is running away from: LionB4
Rabbit A0f is running away from: WolfA2
Rabbit A0 is Hungry
Rabbit A0 f is ready to mate
Rabbit C5f is running away from: LionC4
Rabbit C5f is running away from: WolfA4
Rabbit C5 f is ready to mate
Rabbit B1f is running away from: LionA2
Rabbit B1f is running away from: WolfA4
Rabbit B1 is Hungry
Rabbit B1 f is ready to mate
Rabbit A5m is running away from: LionB4
Rabbit A5m is running away from: WolfA2
Rabbit A5 is Hungry
Wolf B5m is running away from: LionA0
Wolf B5 is Hungry
Wolf B5m is chasing: C1m
Wolf A2m is running away from: LionC4
Wolf A2 is Hungry
Wolf A2m is chasing: C1m
Wolf A2m ate!
Wolf B0m is running away from: LionA2
Wolf B0 is Hungry
Wolf B0m is chasing: C5m
Wolf A4m is running away from: LionC4
Wolf A4 is Hungry
Wolf A4m is chasing: C5f
Rabbit C3f is running away from: LionC4
Rabbit C3f is running away from: WolfA4
Rabbit C3 is Hungry
Rabbit C3f ate
Rabbit C3 f is ready to mate
Rabbit B3f is running away from: LionA2
Rabbit B3f is running away from: WolfA4
Rabbit B3 is Hungry
Rabbit B3 f is ready to mate
Rabbit C5m is running away from: LionA2
Rabbit C5m is running away from: WolfB0
Rabbit C5 is Hungry
Rabbit C5 m is ready to mate
Rabbit C5 m is approaching partner: Rabbit B0f
Rabbit C4m is running away from: LionA0
Rabbit C4m is running away from: WolfA2
Rabbit C4 is Hungry
Rabbit C4m ate
Rabbit C4 m is ready to mate
Rabbit C4 m is approaching partner: Rabbit A1f
Rabbit A3m is running away from: LionC4
Rabbit A3m is running away from: WolfA2
Rabbit A3 is Hungry
Rabbit A3m ate
Rabbit A3 m is ready to mate
Rabbit A3 m is approaching partner: Rabbit A0f
Rabbit B1f is running away from: LionC4
Rabbit B1f is running away from: WolfA2
Rabbit B1 is Hungry
Rabbit C0f is running away from: LionB4
Rabbit C0f is running away from: WolfB5
Rabbit C0 f is ready to mate
Rabbit A1f is running away from: LionB4
Rabbit A1f is running away from: WolfA2
Rabbit A1 is Hungry
Rabbit A1 f is ready to mate
Rabbit B3f is running away from: LionA2
Rabbit B3f is running away from: WolfB0
Rabbit B3 is Hungry
Rabbit B3 f is ready to mate
Rabbit C3m is running away from: LionB4
Rabbit C3m is running away from: WolfA2
Rabbit C3 is Hungry
Rabbit C3 m is ready to mate
Rabbit C3 m is approaching partner: Rabbit A1f
Rabbit B0f is running away from: LionA2
Rabbit B0f is running away from: WolfB0
Rabbit B0 is Hungry
Rabbit B0 f is ready to mate
Rabbit A0f is running away from: LionB4
Rabbit A0f is running away from: WolfA2
Rabbit A0 is Hungry
Rabbit A0 f is ready to mate
Rabbit C5f is running away from: LionC4
Rabbit C5f is running away from: WolfA4
Rabbit C5 is Hungry
Rabbit C5f ate
Rabbit C5 f is ready to mate
Rabbit B1f is running away from: LionA2
Rabbit B1f is running away from: WolfA4
Rabbit B1 is Hungry
Rabbit B1 f is ready to mate
Rabbit A5m is running away from: LionC4
Rabbit A5m is running away from: WolfA2
Rabbit A5 is Hungry
Rabbit A5 m is ready to mate
Rabbit A5 m is approaching partner: Rabbit A0f
Wolf B5m is running away from: LionB4
Wolf B5 is Hungry
Wolf B5m is chasing: C4m
Wolf A2m is running away from: LionA0
Wolf B0m is running away from: LionA2
Wolf B0 is Hungry
Wolf B0m is chasing: C5m
Wolf A4m is running away from: LionC4
Wolf A4 is Hungry
Wolf A4m is chasing: C5f
Rabbit C3f is running away from: LionC4
Rabbit C3f is running away from: WolfA4
Rabbit C3 f is ready to mate
Rabbit B3f is running away from: LionA2
Rabbit B3f is running away from: WolfB0
Rabbit B3 is Hungry
Rabbit B3 f is ready to mate
Rabbit C5m is running away from: LionA2
Rabbit C5m is running away from: WolfB0
Rabbit C5 is Hungry
Rabbit C5 m is ready to mate
Rabbit C5 m is approaching partner: Rabbit B3f
Rabbit C4m is running away from: LionA0
Rabbit C4m is running away from: WolfB5
Rabbit C4 m is ready to mate
Rabbit C4 m is approaching partner: Rabbit A1f
Rabbit A3m is running away from: LionB4
Rabbit A3m is running away from: WolfA2
Rabbit A3 m is ready to mate
Rabbit A3 m is approaching partner: Rabbit A0f
Rabbit B1f is running away from: LionB4
Rabbit B1f is running away from: WolfA2
Rabbit B1 is Hungry
Rabbit B1 f is ready to mate
Rabbit C0f is running away from: LionB4
Rabbit C0f is running away from: WolfB5
Rabbit C0 is Hungry
Rabbit C0f ate
Rabbit C0 f is ready to mate
Rabbit A1f is running away from: LionB4
Rabbit A1f is running away from: WolfA2
Rabbit A1 is Hungry
Rabbit A1f ate
Rabbit A1 f is ready to mate
Rabbit B3f is running away from: LionA2
Rabbit B3f is running away from: WolfA4
Rabbit B3 is Hungry
Rabbit B3 f is ready to mate
Rabbit C3m is running away from: LionB4
Rabbit C3m is running away from: WolfA2
Rabbit C3 is Hungry
Rabbit C3 m is ready to mate
Rabbit C3 m is approaching partner: Rabbit A1f
Rabbit B0f is running away from: LionA2
Rabbit B0f is running away from: WolfA4
Rabbit B0 is Hungry
Rabbit B0 f is ready to mate
Rabbit A0f is running away from: LionB4
Rabbit A0f is running away from: WolfA2
Rabbit A0 is Hungry
Rabbit A0 f is ready to mate
Rabbit C5f is running away from: LionC4
Rabbit C5f is running away from: WolfA4
Rabbit C5 f is ready to mate
Rabbit B1f is running away from: LionA2
Rabbit B1f is running away from: WolfA4
Rabbit B1 is Hungry
Rabbit B1 f is ready to mate
Rabbit A5m is running away from: LionB4
Rabbit A5m is running away from: WolfA2
Rabbit A5 is Hungry
Rabbit A5 m is ready to mate
Rabbit A5 m is approaching partner: Rabbit B1f
Wolf B5m is running away from: LionB4
Wolf B5 is Hungry
Wolf B5m is chasing: C4m
Wolf A2m is running away from: LionB4
Wolf B0m is running away from: LionA2
Wolf B0 is Hungry
Wolf B0m is chasing: C5m
Wolf A4m is running away from: LionC4
Wolf A4 is Hungry
Wolf A4m is chasing: A1f
Rabbit C3f is running away from: LionC4
Rabbit C3f is running away from: WolfA4
Rabbit C3 is Hungry
Rabbit C3 f is ready to mate
Rabbit B3f is running away from: LionC4
Rabbit B3f is running away from: WolfB0
Rabbit B3 is Hungry
Rabbit B3f ate
Rabbit B3 f is ready to mate
Rabbit C5m is running away from: LionA2
Rabbit C5m is running away from: WolfB0
Rabbit C5 is Hungry
Rabbit C5 m is ready to mate
Rabbit C5 m is approaching partner: Rabbit B1f
Rabbit C4m is running away from: LionA0
Rabbit C4m is running away from: WolfB5
Rabbit C4 is Hungry
Rabbit C4m ate
Rabbit C4 m is ready to mate
Rabbit C4 m is approaching partner: Rabbit A1f
Rabbit A3m is running away from: LionB4
Rabbit A3m is running away from: WolfA2
Rabbit A3 is Hungry
Rabbit A3m ate
Rabbit A3 m is ready to mate
Rabbit A3 m is approaching partner: Rabbit B1f
Rabbit B1f is running away from: LionB4
Rabbit B1f is running away from: WolfA2
Rabbit B1 is Hungry
Rabbit B1 f is ready to mate
Rabbit C0f is running away from: LionB4
Rabbit C0f is running away from: WolfB5
Rabbit C0 f is ready to mate
Rabbit A1f is running away from: LionC4
Rabbit A1f is running away from: WolfA2
Rabbit A1 f is ready to mate
Rabbit B3f is running away from: LionA2
Rabbit B3f is running away from: WolfB0
Rabbit B3 is Hungry
Rabbit B3f ate
Rabbit B3 f is ready to mate
Rabbit C3m is running away from: LionC4
Rabbit C3m is running away from: WolfA2
Rabbit C3 is Hungry
Rabbit C3m ate
Rabbit C3 m is ready to mate
Rabbit C3 m is approaching partner: Rabbit A1f
Rabbit B0f is running away from: LionA2
Rabbit B0f is running away from: WolfB0
Rabbit B0 is Hungry
Rabbit B0 f is ready to mate
Rabbit A0f is running away from: LionB4
Rabbit A0f is running away from: WolfA2
Rabbit A0 is Hungry
Rabbit A0 f is ready to mate
Rabbit C5f is running away from: LionC4
Rabbit C5f is running away from: WolfA4
Rabbit C5 is Hungry
Rabbit C5 f is ready to mate
Rabbit B1f is running away from: LionA2
Rabbit B1f is running away from: WolfB0
Rabbit B1 is Hungry
Rabbit B1f ate
Rabbit B1 f is ready to mate
Rabbit A5m is running away from: LionB4
Rabbit A5m is running away from: WolfA2
Rabbit A5 is Hungry
Rabbit A5 m is ready to mate
Rabbit A5 m is approaching partner: Rabbit B1f
Wolf B5m is running away from: LionC4
Wolf B5 is Hungry
Wolf B5m is chasing: C4m
Wolf B5m ate!
Wolf A2m is running away from: LionB4
Wolf A2 is Hungry
Wolf A2m is chasing: A1f
Wolf B0m is running away from: LionA2
Wolf B0 is Hungry
Wolf B0m is chasing: C5m
Wolf A4m is running away from: LionC4
Wolf A4 is Hungry
Wolf A4m is chasing: C5f
Rabbit C3f is running away from: LionB4
Rabbit C3f is running away from: WolfA4
Rabbit C3 is Hungry
Rabbit C3 f is ready to mate
Rabbit B3f is running away from: LionC4
Rabbit B3f is running away from: WolfB0
Rabbit B3 f is ready to mate
Rabbit C5m is running away from: LionA2
Rabbit C5m is running away from: WolfB0
Rabbit C5 is Hungry
Rabbit C5 m is ready to mate
Rabbit C5 m is approaching partner: Rabbit B3f
Rabbit A3m is running away from: LionB4
Rabbit A3m is running away from: WolfA2
Rabbit A3 m is ready to mate
Rabbit A3 m is approaching partner: Rabbit A0f
Rabbit C5 m was born!Father is A3 and Mother is A0
Rabbit B1f is running away from: LionB4
Rabbit B1f is running away from: WolfA2
Rabbit B1 is Hungry
Rabbit B1 f is ready to mate
Rabbit C0f is running away from: LionB4
Rabbit C0f is running away from: WolfB5
Rabbit C0 is Hungry
Rabbit C0 f is ready to mate
Rabbit A1f is running away from: LionB4
Rabbit A1f is running away from: WolfA4
Rabbit A1 is Hungry
Rabbit A1f ate
Rabbit A1 f is ready to mate
Rabbit B3f is running away from: LionC4
Rabbit B3f is running away from: WolfB0
Rabbit B3 f is ready to mate
Rabbit C3m is running away from: LionB4
Rabbit C3m is running away from: WolfA4
Rabbit C3 m is ready to mate
Rabbit C3 m is approaching partner: Rabbit A1f
Rabbit B0f is running away from: LionC4
Rabbit B0f is running away from: WolfB0
Rabbit B0 is Hungry
Rabbit B0 f is ready to mate
Rabbit A0f is running away from: LionB4
Rabbit A0f is running away from: WolfA2
Rabbit A0 is Hungry
Rabbit C5f is running away from: LionC4
Rabbit C5f is running away from: WolfA4
Rabbit C5 is Hungry
Rabbit C5f ate
Rabbit C5 f is ready to mate
Rabbit B1f is running away from: LionC4
Rabbit B1f is running away from: WolfB0
Rabbit B1 f is ready to mate
Rabbit A5m is running away from: LionB4
Rabbit A5m is running away from: WolfA2
Rabbit A5 is Hungry
Rabbit A5m ate
Rabbit A5 m is ready to mate
Rabbit A5 m is approaching partner: Rabbit B1f
Rabbit C3 f was born!Father is A5 and Mother is B1
Wolf B5m is running away from: LionA0
Wolf A2m is running away from: LionC4
Wolf A2 is Hungry
Wolf A2m is chasing: A1f
Wolf B0m is running away from: LionA2
Wolf B0 is Hungry
WolfB0m died of hunger
Wolf B0m is chasing: C5m
Wolf A4m is running away from: LionC4
Wolf A4 is Hungry
WolfA4m died of hunger
Wolf A4m is chasing: C5f
Rabbit C3 is Thirsty
Rabbit C3 drank water
Rabbit C3f is running away from: LionB4
Rabbit C3f is running away from: WolfA2
Rabbit C3 is Hungry
Rabbit C3 f is ready to mate
Rabbit B3 is Thirsty
Rabbit B3 drank water
Rabbit B3f is running away from: LionA2
Rabbit B3f is running away from: WolfA2
Rabbit B3 is Hungry
Rabbit B3 f is ready to mate
Rabbit C5 is Thirsty
Rabbit C5 drank water
Rabbit C5m is running away from: LionA2
Rabbit C5m is running away from: WolfA2
Rabbit C5 is Hungry
Rabbit C5 m is ready to mate
Rabbit C5 m is approaching partner: Rabbit B3f
Rabbit A3 is Thirsty
Rabbit A3 drank water
Rabbit A3m is running away from: LionB4
Rabbit A3m is running away from: WolfA2
Rabbit A3 is Hungry
Rabbit A3 m is ready to mate
Rabbit A3 m is approaching partner: Rabbit A1f
Rabbit B1 is Thirsty
Rabbit B1 drank water
Rabbit B1f is running away from: LionB4
Rabbit B1f is running away from: WolfA2
Rabbit B1 is Hungry
Rabbit C0 is Thirsty
Rabbit C0 drank water
Rabbit C0f is running away from: LionB4
Rabbit C0f is running away from: WolfB5
Rabbit C0 is Hungry
Rabbit C0 f is ready to mate
Rabbit A1 is Thirsty
Rabbit A1 drank water
Rabbit A1f is running away from: LionB4
Rabbit A1f is running away from: WolfA2
Rabbit A1 f is ready to mate
Rabbit B3 is Thirsty
Rabbit B3 drank water
Rabbit B3f is running away from: LionA2
Rabbit B3f is running away from: WolfA2
Rabbit B3 is Hungry
Rabbit B3 f is ready to mate
Rabbit C3 is Thirsty
Rabbit C3 drank water
Rabbit C3m is running away from: LionB4
Rabbit C3m is running away from: WolfA2
Rabbit C3 is Hungry
Rabbit C3m ate
Rabbit C3 m is ready to mate
Rabbit C3 m is approaching partner: Rabbit A1f
Rabbit B0 is Thirsty
Rabbit B0 drank water
Rabbit B0f is running away from: LionC4
Rabbit B0f is running away from: WolfA2
Rabbit B0 is Hungry
Rabbit B0 f is ready to mate
Rabbit A0 is Thirsty
Rabbit A0 drank water
Rabbit A0f is running away from: LionB4
Rabbit A0f is running away from: WolfA2
Rabbit A0 is Hungry
Rabbit C5 is Thirsty
Rabbit C5 drank water
Rabbit C5f is running away from: LionC4
Rabbit C5f is running away from: WolfA2
Rabbit C5 f is ready to mate
Rabbit B1 is Thirsty
Rabbit B1 drank water
Rabbit B1f is running away from: LionC4
Rabbit B1f is running away from: WolfA2
Rabbit B1 is Hungry
Rabbit B1 f is ready to mate
Rabbit A5m is running away from: LionB4
Rabbit A5m is running away from: WolfA2
Rabbit A5 m is ready to mate
Rabbit A5 m is approaching partner: Rabbit C3f
Rabbit C5m is running away from: LionB4
Rabbit C5m is running away from: WolfA2
Rabbit C3f is running away from: LionB4
Rabbit C3f is running away from: WolfA2
Wolf B5m is running away from: LionA0
Wolf A2m is running away from: LionB4
Wolf A2 is Hungry
Wolf A2m is chasing: C3f
Rabbit C3 is Thirsty
Rabbit C3 drank water
Rabbit C3f is running away from: LionB4
Rabbit C3f is running away from: WolfA2
Rabbit C3 is Hungry
Rabbit C3 f is ready to mate
Rabbit B3 is Thirsty
Rabbit B3 drank water
Rabbit B3f is running away from: LionC4
Rabbit B3f is running away from: WolfA2
Rabbit B3 is Hungry
Rabbit B3 f is ready to mate
Rabbit C5 is Thirsty
Rabbit C5 drank water
Rabbit C5m is running away from: LionA2
Rabbit C5m is running away from: WolfA2
Rabbit C5 is Hungry
Rabbit C5 m is ready to mate
Rabbit C5 m is approaching partner: Rabbit B3f
Rabbit A3 is Thirsty
Rabbit A3 drank water
Rabbit A3m is running away from: LionB4
Rabbit A3m is running away from: WolfA2
Rabbit A3 is Hungry
Rabbit A3 m is ready to mate
Rabbit A3 m is approaching partner: Rabbit C3f
Rabbit B1 is Thirsty
Rabbit B1 drank water
Rabbit B1f is running away from: LionB4
Rabbit B1f is running away from: WolfA2
Rabbit B1 is Hungry
Rabbit C0 is Thirsty
Rabbit C0 drank water
Rabbit C0f is running away from: LionB4
Rabbit C0f is running away from: WolfB5
Rabbit C0 is Hungry
Rabbit C0 f is ready to mate
Rabbit A1 is Thirsty
Rabbit A1 drank water
Rabbit A1f is running away from: LionC4
Rabbit A1f is running away from: WolfA2
Rabbit A1 is Hungry
Rabbit A1 f is ready to mate
Rabbit B3 is Thirsty
Rabbit B3 drank water
Rabbit B3f is running away from: LionA2
Rabbit B3f is running away from: WolfA2
Rabbit B3 is Hungry
Rabbit B3 f is ready to mate
Rabbit C3 is Thirsty
Rabbit C3 drank water
Rabbit C3m is running away from: LionC4
Rabbit C3m is running away from: WolfA2
Rabbit C3 m is ready to mate
Rabbit C3 m is approaching partner: Rabbit C3f
Rabbit B0 is Thirsty
Rabbit B0 drank water
Rabbit B0f is running away from: LionC4
Rabbit B0f is running away from: WolfA2
Rabbit B0 is Hungry
Rabbit B0 f is ready to mate
Rabbit A0 is Thirsty
Rabbit A0 drank water
Rabbit A0f is running away from: LionB4
Rabbit A0f is running away from: WolfA2
Rabbit A0 is Hungry
Rabbit C5 is Thirsty
Rabbit C5 drank water
Rabbit C5f is running away from: LionC4
Rabbit C5f is running away from: WolfA2
Rabbit C5 is Hungry
Rabbit C5 f is ready to mate
Rabbit B1 is Thirsty
Rabbit B1 drank water
Rabbit B1f is running away from: LionC4
Rabbit B1f is running away from: WolfA2
Rabbit B1 is Hungry
Rabbit B1 f is ready to mate
Rabbit A5m is running away from: LionB4
Rabbit A5m is running away from: WolfA2
Rabbit A5 is Hungry
Rabbit A5m ate
Rabbit A5 m is ready to mate
Rabbit A5 m is approaching partner: Rabbit C3f
Rabbit C5m is running away from: LionB4
Rabbit C5m is running away from: WolfA2
Rabbit C5 is Hungry
Rabbit C3f is running away from: LionB4
Rabbit C3f is running away from: WolfA2
Rabbit C3 is Hungry
Wolf B5m is running away from: LionA0
Wolf B5 is Hungry
Wolf B5m is chasing: C0f
Wolf A2m is running away from: LionC4
Wolf A2 is Hungry
Wolf A2m is chasing: C3m
Rabbit C3 is Thirsty
Rabbit C3 drank water
Rabbit C3f is running away from: LionB4
Rabbit C3f is running away from: WolfA2
Rabbit C3 is Hungry
Rabbit C3 f is ready to mate
Rabbit B3f is running away from: LionA2
Rabbit B3f is running away from: WolfA2
Rabbit B3 is Hungry
Rabbit B3 f is ready to mate
Rabbit C5 is Thirsty
Rabbit C5 drank water
Rabbit C5m is running away from: LionA2
Rabbit C5m is running away from: WolfA2
Rabbit C5 is Hungry
Rabbit C5m ate
Rabbit C5 m is ready to mate
Rabbit C5 m is approaching partner: Rabbit B3f
Rabbit A3 is Thirsty
Rabbit A3 drank water
Rabbit A3m is running away from: LionB4
Rabbit A3m is running away from: WolfA2
Rabbit A3 is Hungry
Rabbit A3 m is ready to mate
Rabbit A3 m is approaching partner: Rabbit C3f
Rabbit B1 is Thirsty
Rabbit B1 drank water
Rabbit B1f is running away from: LionB4
Rabbit B1f is running away from: WolfA2
Rabbit B1 is Hungry
Rabbit B1f ate
Rabbit C0 is Thirsty
Rabbit C0 drank water
Rabbit C0f is running away from: LionB4
Rabbit C0f is running away from: WolfB5
Rabbit C0 is Hungry
Rabbit C0 f is ready to mate
Rabbit A1 is Thirsty
Rabbit A1 drank water
Rabbit A1f is running away from: LionC4
Rabbit A1f is running away from: WolfA2
Rabbit A1 is Hungry
Rabbit A1 f is ready to mate
Rabbit B3f is running away from: LionA2
Rabbit B3f is running away from: WolfA2
Rabbit B3 is Hungry
Rabbit B3 f is ready to mate
Rabbit C3 is Thirsty
Rabbit C3 drank water
Rabbit C3m is running away from: LionC4
Rabbit C3m is running away from: WolfA2
Rabbit C3 is Hungry
Rabbit C3 m is ready to mate
Rabbit C3 m is approaching partner: Rabbit C3f
Rabbit B0f is running away from: LionC4
Rabbit B0f is running away from: WolfA2
Rabbit B0 is Hungry
RabbitB0f died of hunger
Rabbit B0 f is ready to mate
Rabbit A0 is Thirsty
Rabbit A0 drank water
Rabbit A0f is running away from: LionB4
Rabbit A0f is running away from: WolfA2
Rabbit A0 is Hungry
RabbitA0f died of hunger
Rabbit A0 f is ready to mate
Rabbit C5 is Thirsty
Rabbit C5 drank water
Rabbit C5f is running away from: LionC4
Rabbit C5f is running away from: WolfA2
Rabbit C5 is Hungry
Rabbit C5 f is ready to mate
Rabbit B1f is running away from: LionA2
Rabbit B1f is running away from: WolfA2
Rabbit B1 is Hungry
Rabbit B1 f is ready to mate
Rabbit A5m is running away from: LionB4
Rabbit A5m is running away from: WolfA2
Rabbit A5 m is ready to mate
Rabbit A5 m is approaching partner: Rabbit C3f
Rabbit C5m is running away from: LionB4
Rabbit C5m is running away from: WolfA2
Rabbit C5 is Hungry
Rabbit C5 m is ready to mate
Rabbit C5 m is approaching partner: Rabbit C3f
Rabbit C3f is running away from: LionB4
Rabbit C3f is running away from: WolfA2
Rabbit C3 is Hungry
Rabbit C3 f is ready to mate
Wolf B5m is running away from: LionB4
Wolf B5 is Hungry
Wolf B5m is chasing: C0f
Wolf A2m is running away from: LionB4
Wolf A2 is Hungry
Wolf A2m is chasing: C5f
Rabbit C3 is Thirsty
Rabbit C3 drank water
Rabbit C3f is running away from: LionB4
Rabbit C3f is running away from: WolfA2
Rabbit C3 is Hungry
Rabbit C3 f is ready to mate
Rabbit B3f is running away from: LionA2
Rabbit B3f is running away from: WolfA2
Rabbit B3 is Hungry
Rabbit B3 f is ready to mate
Rabbit C5 is Thirsty
Rabbit C5 drank water
Rabbit C5m is running away from: LionA2
Rabbit C5m is running away from: WolfA2
Rabbit C5 m is ready to mate
Rabbit C5 m is approaching partner: Rabbit B3f
Rabbit A3 is Thirsty
Rabbit A3 drank water
Rabbit A3m is running away from: LionB4
Rabbit A3m is running away from: WolfA2
Rabbit A3 is Hungry
Rabbit A3 m is ready to mate
Rabbit A3 m is approaching partner: Rabbit C3f
Rabbit B1 is Thirsty
Rabbit B1 drank water
Rabbit B1f is running away from: LionB4
Rabbit B1f is running away from: WolfA2
Rabbit B1 f is ready to mate
Rabbit C0 is Thirsty
Rabbit C0 drank water
Rabbit C0f is running away from: LionB4
Rabbit C0f is running away from: WolfB5
Rabbit C0 is Hungry
Rabbit C0 f is ready to mate
Rabbit A1 is Thirsty
Rabbit A1 drank water
Rabbit A1f is running away from: LionC4
Rabbit A1f is running away from: WolfA2
Rabbit A1 is Hungry
Rabbit A1 f is ready to mate
Rabbit B3f is running away from: LionC4
Rabbit B3f is running away from: WolfA2
Rabbit B3 is Hungry
Rabbit B3f ate
Rabbit B3 f is ready to mate
Rabbit C3 is Thirsty
Rabbit C3 drank water
Rabbit C3m is running away from: LionC4
Rabbit C3m is running away from: WolfA2
Rabbit C3 is Hungry
Rabbit C3 m is ready to mate
Rabbit C3 m is approaching partner: Rabbit C3f
Rabbit C5 is Thirsty
Rabbit C5 drank water
Rabbit C5f is running away from: LionC4
Rabbit C5f is running away from: WolfA2
Rabbit C5 is Hungry
Rabbit C5 f is ready to mate
Rabbit B1f is running away from: LionC4
Rabbit B1f is running away from: WolfA2
Rabbit B1 is Hungry
Rabbit B1 f is ready to mate
Rabbit A5 is Thirsty
Rabbit A5 drank water
Rabbit A5m is running away from: LionB4
Rabbit A5m is running away from: WolfA2
Rabbit A5 is Hungry
Rabbit A5m ate
Rabbit A5 m is ready to mate
Rabbit A5 m is approaching partner: Rabbit C3f
Rabbit C5m is running away from: LionB4
Rabbit C5m is running away from: WolfA2
Rabbit C5 is Hungry
Rabbit C5 m is ready to mate
Rabbit C5 m is approaching partner: Rabbit C3f
Rabbit C3f is running away from: LionB4
Rabbit C3f is running away from: WolfA2
Rabbit C3 is Hungry
Rabbit C3 f is ready to mate
Wolf B5m is running away from: LionB4
Wolf B5 is Hungry
Wolf B5m is chasing: C0f
Wolf A2m is running away from: LionC4
Wolf A2 is Hungry
Wolf A2m is chasing: A1f
Rabbit C3 is Thirsty
Rabbit C3 drank water
Rabbit C3f is running away from: LionB4
Rabbit C3f is running away from: WolfA2
Rabbit C3 is Hungry
Rabbit C3 f is ready to mate
Rabbit B3f is running away from: LionA2
Rabbit B3f is running away from: WolfA2
Rabbit B3 is Hungry
Rabbit B3 f is ready to mate
Rabbit C5 is Thirsty
Rabbit C5 drank water
Rabbit C5m is running away from: LionA2
Rabbit C5m is running away from: WolfA2
Rabbit C5 is Hungry
Rabbit C5m ate
Rabbit C5 m is ready to mate
Rabbit C5 m is approaching partner: Rabbit B1f
Rabbit A3 is Thirsty
Rabbit A3 drank water
Rabbit A3m is running away from: LionB4
Rabbit A3m is running away from: WolfA2
Rabbit A3 is Hungry
Rabbit A3 m is ready to mate
Rabbit A3 m is approaching partner: Rabbit B1f
Rabbit B1 is Thirsty
Rabbit B1 drank water
Rabbit B1f is running away from: LionB4
Rabbit B1f is running away from: WolfA2
Rabbit B1 is Hungry
Rabbit B1f ate
Rabbit B1 f is ready to mate
Rabbit C0 is Thirsty
Rabbit C0 drank water
Rabbit C0f is running away from: LionB4
Rabbit C0f is running away from: WolfB5
Rabbit C0 is Hungry
Rabbit C0 f is ready to mate
Rabbit A1 is Thirsty
Rabbit A1 drank water
Rabbit A1f is running away from: LionC4
Rabbit A1f is running away from: WolfA2
Rabbit A1 is Hungry
Rabbit A1 f is ready to mate
Rabbit B3f is running away from: LionA2
Rabbit B3f is running away from: WolfA2
Rabbit B3 f is ready to mate
Rabbit C3 is Thirsty
Rabbit C3 drank water
Rabbit C3m is running away from: LionB4
Rabbit C3m is running away from: WolfA2
Rabbit C3 is Hungry
Rabbit C3 m is ready to mate
Rabbit C3 m is approaching partner: Rabbit A1f
Rabbit C5 is Thirsty
Rabbit C5 drank water
Rabbit C5f is running away from: LionC4
Rabbit C5f is running away from: WolfA2
Rabbit C5 is Hungry
Rabbit C5 f is ready to mate
Rabbit B1f is running away from: LionA2
Rabbit B1f is running away from: WolfA2
Rabbit B1 is Hungry
Rabbit B1f ate
Rabbit B1 f is ready to mate
Rabbit A5 is Thirsty
Rabbit A5 drank water
Rabbit A5m is running away from: LionB4
Rabbit A5m is running away from: WolfA2
Rabbit A5 m is ready to mate
Rabbit A5 m is approaching partner: Rabbit C3f
Rabbit C5m is running away from: LionB4
Rabbit C5m is running away from: WolfA2
Rabbit C5 is Hungry
Rabbit C5 m is ready to mate
Rabbit C5 m is approaching partner: Rabbit C3f
Rabbit C3f is running away from: LionB4
Rabbit C3f is running away from: WolfA2
Rabbit C3 is Hungry
Rabbit C3 f is ready to mate
Wolf B5m is running away from: LionB4
Wolf B5 is Hungry
Wolf B5m is chasing: C0f
Wolf B5 m is ready to mate
No Female Wolf Partner or Female Wolf Partner not ready yet!
Wolf A2m is running away from: LionB4
Wolf A2 is Hungry
Wolf A2m is chasing: C3m
Wolf A2 m is ready to mate
No Female Wolf Partner or Female Wolf Partner not ready yet!
Rabbit C3 is Thirsty
Rabbit C3 drank water
Rabbit C3f is running away from: LionB4
Rabbit C3f is running away from: WolfA2
Rabbit C3 is Hungry
Rabbit C3 f is ready to mate
Rabbit B3f is running away from: LionA2
Rabbit B3f is running away from: WolfA2
Rabbit B3 is Hungry
Rabbit B3 f is ready to mate
Rabbit C5 is Thirsty
Rabbit C5 drank water
Rabbit C5m is running away from: LionA2
Rabbit C5m is running away from: WolfA2
Rabbit C5 m is ready to mate
Rabbit C5 m is approaching partner: Rabbit B1f
Rabbit A3 is Thirsty
Rabbit A3 drank water
Rabbit A3m is running away from: LionB4
Rabbit A3m is running away from: WolfA2
Rabbit A3 is Hungry
Rabbit A3 m is ready to mate
Rabbit A3 m is approaching partner: Rabbit B1f
Rabbit B1 is Thirsty
Rabbit B1 drank water
Rabbit B1f is running away from: LionB4
Rabbit B1f is running away from: WolfA2
Rabbit B1 f is ready to mate
Rabbit C0 is Thirsty
Rabbit C0 drank water
Rabbit C0f is running away from: LionB4
Rabbit C0f is running away from: WolfB5
Rabbit C0 is Hungry
Rabbit C0 f is ready to mate
Rabbit A1 is Thirsty
Rabbit A1 drank water
Rabbit A1f is running away from: LionC4
Rabbit A1f is running away from: WolfA2
Rabbit A1 is Hungry
Rabbit A1 f is ready to mate
Rabbit B3f is running away from: LionA2
Rabbit B3f is running away from: WolfA2
Rabbit B3 is Hungry
Rabbit B3f ate
Rabbit B3 f is ready to mate
Rabbit C3 is Thirsty
Rabbit C3 drank water
Rabbit C3m is running away from: LionC4
Rabbit C3m is running away from: WolfA2
Rabbit C3 is Hungry
Rabbit C3 m is ready to mate
Rabbit C3 m is approaching partner: Rabbit A1f
Rabbit C5 is Thirsty
Rabbit C5 drank water
Rabbit C5f is running away from: LionC4
Rabbit C5f is running away from: WolfA2
Rabbit C5 is Hungry
Rabbit C5 f is ready to mate
Rabbit B1f is running away from: LionA2
Rabbit B1f is running away from: WolfA2
Rabbit B1 f is ready to mate
Rabbit A5 is Thirsty
Rabbit A5 drank water
Rabbit A5m is running away from: LionB4
Rabbit A5m is running away from: WolfA2
Rabbit A5 is Hungry
Rabbit A5 m is ready to mate
Rabbit A5 m is approaching partner: Rabbit C3f
Rabbit C5m is running away from: LionB4
Rabbit C5m is running away from: WolfA2
Rabbit C5 is Hungry
Rabbit C5 m is ready to mate
Rabbit C5 m is approaching partner: Rabbit C3f
Rabbit C3f is running away from: LionB4
Rabbit C3f is running away from: WolfA2
Rabbit C3 is Hungry
Rabbit C3 f is ready to mate
Wolf B5m is running away from: LionB4
Wolf B5 is Hungry
Wolf B5m is chasing: C0f
Wolf B5 m is ready to mate
No Female Wolf Partner or Female Wolf Partner not ready yet!
Wolf A2m is running away from: LionC4
Wolf A2 is Hungry
WolfA2m died of hunger
Wolf A2m is chasing: A1f
Wolf A2 m is ready to mate
No Female Wolf Partner or Female Wolf Partner not ready yet!
Rabbit C3 is Thirsty
Rabbit C3 drank water
Rabbit C3f is running away from: LionB4
Rabbit C3f is running away from: WolfB5
Rabbit C3 is Hungry
RabbitC3f died of hunger
Rabbit C3 f is ready to mate
Rabbit B3f is running away from: LionA2
Rabbit B3f is running away from: WolfB5
Rabbit B3 is Hungry
Rabbit B3 f is ready to mate
Rabbit C5 is Thirsty
Rabbit C5 drank water
Rabbit C5m is running away from: LionA2
Rabbit C5m is running away from: WolfB5
Rabbit C5 is Hungry
Rabbit C5m ate
Rabbit C5 m is ready to mate
Rabbit C5 m is approaching partner: Rabbit B1f
Rabbit A3 is Thirsty
Rabbit A3 drank water
Rabbit A3m is running away from: LionB4
Rabbit A3m is running away from: WolfB5
Rabbit A3 is Hungry
Rabbit A3 m is ready to mate
Rabbit A3 m is approaching partner: Rabbit B1f
Rabbit B1 is Thirsty
Rabbit B1 drank water
Rabbit B1f is running away from: LionB4
Rabbit B1f is running away from: WolfB5
Rabbit B1 is Hungry
Rabbit B1 f is ready to mate
Rabbit C0 is Thirsty
Rabbit C0 drank water
Rabbit C0f is running away from: LionB4
Rabbit C0f is running away from: WolfB5
Rabbit C0 is Hungry
Rabbit C0 f is ready to mate
Rabbit A1 is Thirsty
Rabbit A1 drank water
Rabbit A1f is running away from: LionC4
Rabbit A1f is running away from: WolfB5
Rabbit A1 is Hungry
Rabbit A1 f is ready to mate
Rabbit B3f is running away from: LionA2
Rabbit B3f is running away from: WolfB5
Rabbit B3 f is ready to mate
Rabbit C3 is Thirsty
Rabbit C3 drank water
Rabbit C3m is running away from: LionC4
Rabbit C3m is running away from: WolfB5
Rabbit C3 is Hungry
Rabbit C3 m is ready to mate
Rabbit C3 m is approaching partner: Rabbit A1f
Rabbit C5 is Thirsty
Rabbit C5 drank water
Rabbit C5f is running away from: LionC4
Rabbit C5f is running away from: WolfB5
Rabbit C5 is Hungry
Rabbit C5 f is ready to mate
Rabbit B1f is running away from: LionA2
Rabbit B1f is running away from: WolfB5
Rabbit B1 is Hungry
Rabbit B1f ate
Rabbit B1 f is ready to mate
Rabbit A5 is Thirsty
Rabbit A5 drank water
Rabbit A5m is running away from: LionB4
Rabbit A5m is running away from: WolfB5
Rabbit A5 is Hungry
Rabbit A5 m is ready to mate
Rabbit A5 m is approaching partner: Rabbit C3f
Rabbit C5m is running away from: LionB4
Rabbit C5m is running away from: WolfB5
Rabbit C5 is Hungry
Rabbit C5 m is ready to mate
Rabbit C5 m is approaching partner: Rabbit C3f
Rabbit C3f is running away from: LionB4
Rabbit C3f is running away from: WolfB5
Rabbit C3 is Hungry
Rabbit C3 f is ready to mate
Wolf B5m is running away from: LionB4
Wolf B5 is Hungry
Wolf B5m is chasing: C0f
Wolf B5 m is ready to mate
No Female Wolf Partner or Female Wolf Partner not ready yet!
Rabbit B3f is running away from: LionA2
Rabbit B3f is running away from: WolfB5
Rabbit B3 is Hungry
Rabbit B3 f is ready to mate
Rabbit C5 is Thirsty
Rabbit C5 drank water
Rabbit C5m is running away from: LionA2
Rabbit C5m is running away from: WolfB5
Rabbit C5 m is ready to mate
Rabbit C5 m is approaching partner: Rabbit B1f
Rabbit A3 is Thirsty
Rabbit A3 drank water
Rabbit A3m is running away from: LionB4
Rabbit A3m is running away from: WolfB5
Rabbit A3 is Hungry
Rabbit A3 m is ready to mate
Rabbit A3 m is approaching partner: Rabbit B1f
Rabbit B1 is Thirsty
Rabbit B1 drank water
Rabbit B1f is running away from: LionB4
Rabbit B1f is running away from: WolfB5
Rabbit B1 is Hungry
Rabbit B1 f is ready to mate
Rabbit C0 is Thirsty
Rabbit C0 drank water
Rabbit C0f is running away from: LionB4
Rabbit C0f is running away from: WolfB5
Rabbit C0 is Hungry
RabbitC0f died of hunger
Rabbit C0 f is ready to mate
Rabbit A1 is Thirsty
Rabbit A1 drank water
Rabbit A1f is running away from: LionC4
Rabbit A1f is running away from: WolfB5
Rabbit A1 is Hungry
Rabbit A1 f is ready to mate
Rabbit B3f is running away from: LionA2
Rabbit B3f is running away from: WolfB5
Rabbit B3 is Hungry
Rabbit B3 f is ready to mate
Rabbit C3 is Thirsty
Rabbit C3 drank water
Rabbit C3m is running away from: LionC4
Rabbit C3m is running away from: WolfB5
Rabbit C3 is Hungry
Rabbit C3 m is ready to mate
Rabbit C3 m is approaching partner: Rabbit A1f
Rabbit C5 is Thirsty
Rabbit C5 drank water
Rabbit C5f is running away from: LionC4
Rabbit C5f is running away from: WolfB5
Rabbit C5 is Hungry
Rabbit C5 f is ready to mate
Rabbit B1f is running away from: LionA2
Rabbit B1f is running away from: WolfB5
Rabbit B1 f is ready to mate
Rabbit A5 is Thirsty
Rabbit A5 drank water
Rabbit A5m is running away from: LionB4
Rabbit A5m is running away from: WolfB5
Rabbit A5 is Hungry
Rabbit A5 m is ready to mate
Rabbit A5 m is approaching partner: Rabbit C3f
Rabbit C5m is running away from: LionB4
Rabbit C5m is running away from: WolfB5
Rabbit C5 is Hungry
Rabbit C5 m is ready to mate
Rabbit C5 m is approaching partner: Rabbit C3f
Rabbit C3f is running away from: LionB4
Rabbit C3f is running away from: WolfB5
Rabbit C3 is Hungry
Rabbit C3 f is ready to mate
Wolf B5m is running away from: LionB4
Wolf B5 is Hungry
Wolf B5m is chasing: C3m
Wolf B5 m is ready to mate
No Female Wolf Partner or Female Wolf Partner not ready yet!
Rabbit B3f is running away from: LionA2
Rabbit B3f is running away from: WolfB5
Rabbit B3 is Hungry
RabbitB3f died of hunger
Rabbit B3 f is ready to mate
Rabbit C5 is Thirsty
Rabbit C5 drank water
Rabbit C5m is running away from: LionA2
Rabbit C5m is running away from: WolfB5
Rabbit C5 is Hungry
Rabbit C5 m is ready to mate
Rabbit C5 m is approaching partner: Rabbit B1f
Rabbit A3 is Thirsty
Rabbit A3 drank water
Rabbit A3m is running away from: LionB4
Rabbit A3m is running away from: WolfB5
Rabbit A3 is Hungry
RabbitA3m died of hunger
Rabbit A3 m is ready to mate
Rabbit A3 m is approaching partner: Rabbit B1f
Rabbit B1 is Thirsty
Rabbit B1 drank water
Rabbit B1f is running away from: LionB4
Rabbit B1f is running away from: WolfB5
Rabbit B1 is Hungry
Rabbit B1 f is ready to mate
Rabbit A1 is Thirsty
Rabbit A1 drank water
Rabbit A1f is running away from: LionC4
Rabbit A1f is running away from: WolfB5
Rabbit A1 is Hungry
Rabbit A1 f is ready to mate
Rabbit B3f is running away from: LionC4
Rabbit B3f is running away from: WolfB5
Rabbit B3 is Hungry
Rabbit B3 f is ready to mate
Rabbit C3 is Thirsty
Rabbit C3 drank water
Rabbit C3m is running away from: LionC4
Rabbit C3m is running away from: WolfB5
Rabbit C3 is Hungry
Rabbit C3 m is ready to mate
Rabbit C3 m is approaching partner: Rabbit A1f
Rabbit C5 is Thirsty
Rabbit C5 drank water
Rabbit C5f is running away from: LionC4
Rabbit C5f is running away from: WolfB5
Rabbit C5 is Hungry
Rabbit C5 f is ready to mate
Rabbit B1f is running away from: LionA2
Rabbit B1f is running away from: WolfB5
Rabbit B1 is Hungry
Rabbit B1f ate
Rabbit B1 f is ready to mate
Rabbit A5 is Thirsty
Rabbit A5 drank water
Rabbit A5m is running away from: LionB4
Rabbit A5m is running away from: WolfB5
Rabbit A5 is Hungry
Rabbit A5 m is ready to mate
Rabbit A5 m is approaching partner: Rabbit B1f
Rabbit C5m is running away from: LionB4
Rabbit C5m is running away from: WolfB5
Rabbit C5 is Hungry
Rabbit C5 m is ready to mate
Rabbit C5 m is approaching partner: Rabbit C3f
Rabbit C3f is running away from: LionB4
Rabbit C3f is running away from: WolfB5
Rabbit C3 is Hungry
Rabbit C3 f is ready to mate
Wolf B5m is running away from: LionC4
Wolf B5 is Hungry
WolfB5m died of hunger
Wolf B5m is chasing: C3m
Wolf B5 m is ready to mate
No Female Wolf Partner or Female Wolf Partner not ready yet!
Rabbit C5 is Thirsty
Rabbit C5 drank water
Rabbit C5m is running away from: LionA2
Rabbit C5 is Hungry
Rabbit C5m ate
Rabbit C5 m is ready to mate
Rabbit C5 m is approaching partner: Rabbit B1f
Rabbit B1 is Thirsty
Rabbit B1 drank water
Rabbit B1f is running away from: LionB4
Rabbit B1 is Hungry
Rabbit B1 f is ready to mate
Rabbit A1 is Thirsty
Rabbit A1 drank water
Rabbit A1f is running away from: LionC4
Rabbit A1 is Hungry
RabbitA1f died of hunger
Rabbit A1 f is ready to mate
Rabbit B3f is running away from: LionA2
Rabbit B3 is Hungry
Rabbit B3f ate
Rabbit B3 f is ready to mate
Rabbit C3 is Thirsty
Rabbit C3 drank water
Rabbit C3m is running away from: LionC4
Rabbit C3 is Hungry
Rabbit C3 m is ready to mate
Rabbit C3 m is approaching partner: Rabbit C5f
Rabbit C5 is Thirsty
Rabbit C5 drank water
Rabbit C5f is running away from: LionC4
Rabbit C5 is Hungry
RabbitC5f died of hunger
Rabbit C5 f is ready to mate
Rabbit B1f is running away from: LionA2
Rabbit B1 f is ready to mate
Rabbit A5 is Thirsty
Rabbit A5 drank water
Rabbit A5m is running away from: LionB4
Rabbit A5 is Hungry
Rabbit A5 m is ready to mate
Rabbit A5 m is approaching partner: Rabbit B1f
Rabbit C5 is Thirsty
Rabbit C5 drank water
Rabbit C5m is running away from: LionB4
Rabbit C5 is Hungry
RabbitC5m died of hunger
Rabbit C5 m is ready to mate
Rabbit C5 m is approaching partner: Rabbit C3f
Rabbit C3 is Thirsty
Rabbit C3 drank water
Rabbit C3f is running away from: LionB4
Rabbit C3 is Hungry
RabbitC3f died of hunger
Rabbit C3 f is ready to mate
Rabbit C5 is Thirsty
Rabbit C5 drank water
Rabbit C5m is running away from: LionA2
Rabbit C5 m is ready to mate
Rabbit C5 m is approaching partner: Rabbit B1f
Rabbit B1 is Thirsty
Rabbit B1 drank water
Rabbit B1f is running away from: LionB4
Rabbit B1 is Hungry
Rabbit B1f ate
Rabbit B1 f is ready to mate
Rabbit B3f is running away from: LionA0
Rabbit B3 f is ready to mate
Rabbit C3 is Thirsty
Rabbit C3 drank water
Rabbit C3m is running away from: LionC4
Rabbit C3 is Hungry
RabbitC3m died of hunger
Rabbit C3 m is ready to mate
Rabbit C3 m is approaching partner: Rabbit B1f
Rabbit B1f is running away from: LionA2
Rabbit B1 is Hungry
Rabbit B1f ate
Rabbit B1 f is ready to mate
Rabbit A5 is Thirsty
Rabbit A5 drank water
Rabbit A5m is running away from: LionB4
Rabbit A5 is Hungry
Rabbit A5 m is ready to mate
Rabbit A5 m is approaching partner: Rabbit B1f
Lion A2 is Thirsty
Lion A2 drank water
Lion A2 m is ready to mate
No Female Lion Partner or Female Lion partners are not ready to mate Yet!
Lion A0 is Thirsty
Lion A0 drank water
Lion A0 m is ready to mate
No Female Lion Partner or Female Lion partners are not ready to mate Yet!
Lion C4 is Thirsty
Lion C4 drank water
Lion C4 m is ready to mate
No Female Lion Partner or Female Lion partners are not ready to mate Yet!
Lion B4 is Thirsty
Lion B4 drank water
Lion B4 m is ready to mate
No Female Lion Partner or Female Lion partners are not ready to mate Yet!
Rabbit C5 is Thirsty
Rabbit C5 drank water
Rabbit C5m is running away from: LionA2
Rabbit C5 is Hungry
Rabbit C5m ate
Rabbit C5 m is ready to mate
Rabbit C5 m is approaching partner: Rabbit B1f
Rabbit B1 is Thirsty
Rabbit B1 drank water
Rabbit B1f is running away from: LionB4
Rabbit B1 f is ready to mate
Rabbit B3 is Thirsty
Rabbit B3 drank water
Rabbit B3f is running away from: LionA2
Rabbit B3 is Hungry
Rabbit B3 f is ready to mate
Rabbit B1 is Thirsty
Rabbit B1 drank water
Rabbit B1f is running away from: LionA2
Rabbit B1 f is ready to mate
Rabbit A5 is Thirsty
Rabbit A5 drank water
Rabbit A5m is running away from: LionB4
Rabbit A5 is Hungry
Rabbit A5m ate
Rabbit A5 m is ready to mate
Rabbit A5 m is approaching partner: Rabbit B1f
Lion A2 is Thirsty
Lion A2 drank water
Lion A2 m is ready to mate
No Female Lion Partner or Female Lion partners are not ready to mate Yet!
Lion A0 is Thirsty
Lion A0 drank water
Lion A0 m is ready to mate
No Female Lion Partner or Female Lion partners are not ready to mate Yet!
Lion C4 is Thirsty
Lion C4 drank water
Lion C4 m is ready to mate
No Female Lion Partner or Female Lion partners are not ready to mate Yet!
Lion B4 is Thirsty
Lion B4 drank water
Lion B4 m is ready to mate
No Female Lion Partner or Female Lion partners are not ready to mate Yet!
Rabbit C5 is Thirsty
Rabbit C5 drank water
Rabbit C5m is running away from: LionA2
Rabbit C5 m is ready to mate
Rabbit C5 m is approaching partner: Rabbit B3f
Rabbit B1 is Thirsty
Rabbit B1 drank water
Rabbit B1f is running away from: LionB4
Rabbit B1 is Hungry
Rabbit B1 f is ready to mate
Rabbit B3f is running away from: LionA2
Rabbit B3 is Hungry
Rabbit B3f ate
Rabbit B3 f is ready to mate
Rabbit B1f is running away from: LionA2
Rabbit B1 is Hungry
Rabbit B1f ate
Rabbit B1 f is ready to mate
Rabbit A5 is Thirsty
Rabbit A5 drank water
Rabbit A5m is running away from: LionB4
Rabbit A5 m is ready to mate
Rabbit A5 m is approaching partner: Rabbit B1f
Lion A2 is Thirsty
Lion A2 drank water
Lion A2 m is ready to mate
No Female Lion Partner or Female Lion partners are not ready to mate Yet!
Lion A0 is Thirsty
Lion A0 drank water
Lion A0 m is ready to mate
No Female Lion Partner or Female Lion partners are not ready to mate Yet!
Lion C4 is Thirsty
Lion C4 drank water
Lion C4 m is ready to mate
No Female Lion Partner or Female Lion partners are not ready to mate Yet!
Lion B4 is Thirsty
Lion B4 drank water
Lion B4 m is ready to mate
No Female Lion Partner or Female Lion partners are not ready to mate Yet!
Rabbit C5m is running away from: LionA2
Rabbit C5 is Hungry
Rabbit C5 m is ready to mate
Rabbit C5 m is approaching partner: Rabbit B1f
Rabbit B1 is Thirsty
Rabbit B1 drank water
Rabbit B1f is running away from: LionB4
Rabbit B1 is Hungry
Rabbit B1 f is ready to mate
Rabbit B3f is running away from: LionA0
Rabbit B3 f is ready to mate
Rabbit B1f is running away from: LionA0
Rabbit B1 f is ready to mate
Rabbit A5 is Thirsty
Rabbit A5 drank water
Rabbit A5m is running away from: LionB4
Rabbit A5 is Hungry
Rabbit A5 m is ready to mate
Rabbit A5 m is approaching partner: Rabbit B1f
Lion A2 is Thirsty
Lion A2 drank water
Lion A2 m is ready to mate
No Female Lion Partner or Female Lion partners are not ready to mate Yet!
Lion A0 is Thirsty
Lion A0 drank water
Lion A0 m is ready to mate
No Female Lion Partner or Female Lion partners are not ready to mate Yet!
Lion C4 is Thirsty
Lion C4 drank water
Lion C4 m is ready to mate
No Female Lion Partner or Female Lion partners are not ready to mate Yet!
Lion B4 is Thirsty
Lion B4 drank water
Lion B4 m is ready to mate
No Female Lion Partner or Female Lion partners are not ready to mate Yet!
Rabbit C5m is running away from: LionA2
Rabbit C5 is Hungry
Rabbit C5m ate
Rabbit C5 m is ready to mate
Rabbit C5 m is approaching partner: Rabbit B1f
Rabbit B1 is Thirsty
Rabbit B1 drank water
Rabbit B1f is running away from: LionB4
Rabbit B1 is Hungry
Rabbit B1 f is ready to mate
Rabbit B3f is running away from: LionA2
Rabbit B3 is Hungry
Rabbit B3f ate
Rabbit B3 f is ready to mate
Rabbit B1f is running away from: LionA2
Rabbit B1 is Hungry
Rabbit B1f ate
Rabbit B1 f is ready to mate
Rabbit A5 is Thirsty
Rabbit A5 drank water
Rabbit A5m is running away from: LionB4
Rabbit A5 is Hungry
Rabbit A5 m is ready to mate
Rabbit A5 m is approaching partner: Rabbit B1f
Lion A2 is Thirsty
Lion A2 drank water
Lion A2 m is ready to mate
No Female Lion Partner or Female Lion partners are not ready to mate Yet!
Lion A0 is Thirsty
Lion A0 drank water
Lion A0 m is ready to mate
No Female Lion Partner or Female Lion partners are not ready to mate Yet!
Lion C4 is Thirsty
Lion C4 drank water
Lion C4 m is ready to mate
No Female Lion Partner or Female Lion partners are not ready to mate Yet!
Lion B4 is Thirsty
Lion B4 drank water
Lion B4 m is ready to mate
No Female Lion Partner or Female Lion partners are not ready to mate Yet!
Rabbit C5m is running away from: LionA2
Rabbit C5 m is ready to mate
Rabbit C5 m is approaching partner: Rabbit B1f
Rabbit B2 f was born!Father is C5 and Mother is B1
Rabbit B1 is Thirsty
Rabbit B1 drank water
Rabbit B1f is running away from: LionB4
Rabbit B1 is Hungry
Rabbit B1 f is ready to mate
Rabbit B3f is running away from: LionA0
Rabbit B3 f is ready to mate
Rabbit B1f is running away from: LionA2
Rabbit A5 is Thirsty
Rabbit A5 drank water
Rabbit A5m is running away from: LionB4
Rabbit A5 is Hungry
Rabbit A5 m is ready to mate
Rabbit A5 m is approaching partner: Rabbit B1f
Lion A2 m is ready to mate
No Female Lion Partner or Female Lion partners are not ready to mate Yet!
Lion A0 is Thirsty
Lion A0 drank water
Lion A0 m is ready to mate
No Female Lion Partner or Female Lion partners are not ready to mate Yet!
Lion C4 is Thirsty
Lion C4 drank water
Lion C4 m is ready to mate
No Female Lion Partner or Female Lion partners are not ready to mate Yet!
Lion B4 is Thirsty
Lion B4 drank water
Lion B4 m is ready to mate
No Female Lion Partner or Female Lion partners are not ready to mate Yet!
Rabbit C5m is running away from: LionA0
Rabbit C5 is Hungry
Rabbit C5m ate
Rabbit C5 m is ready to mate
Rabbit C5 m is approaching partner: Rabbit B3f
Rabbit B1 is Thirsty
Rabbit B1 drank water
Rabbit B1f is running away from: LionB4
Rabbit B1 is Hungry
Rabbit B1 f is ready to mate
Rabbit B3f is running away from: LionA2
Rabbit B3 is Hungry
Rabbit B3f ate
Rabbit B3 f is ready to mate
Rabbit B1f is running away from: LionA0
Rabbit B1 is Hungry
Rabbit B1f ate
Rabbit A5 is Thirsty
Rabbit A5 drank water
Rabbit A5m is running away from: LionB4
Rabbit A5 is Hungry
Rabbit A5 m is ready to mate
Rabbit A5 m is approaching partner: Rabbit B1f
Rabbit B2f is running away from: LionA0
Lion A2 m is ready to mate
No Female Lion Partner or Female Lion partners are not ready to mate Yet!
Lion A0 is Thirsty
Lion A0 drank water
Lion A0 m is ready to mate
No Female Lion Partner or Female Lion partners are not ready to mate Yet!
Lion C4 is Thirsty
Lion C4 drank water
Lion C4 m is ready to mate
No Female Lion Partner or Female Lion partners are not ready to mate Yet!
Lion B4 m is ready to mate
No Female Lion Partner or Female Lion partners are not ready to mate Yet!
Rabbit C5m is running away from: LionA0
Rabbit C5 m is ready to mate
Rabbit C5 m is approaching partner: Rabbit B3f
Rabbit B1 is Thirsty
Rabbit B1 drank water
Rabbit B1f is running away from: LionB4
Rabbit B1 is Hungry
Rabbit B1 f is ready to mate
Rabbit B3f is running away from: LionA0
Rabbit B3 f is ready to mate
Rabbit B1f is running away from: LionA0
Rabbit A5 is Thirsty
Rabbit A5 drank water
Rabbit A5m is running away from: LionB4
Rabbit A5 is Hungry
Rabbit A5 m is ready to mate
Rabbit A5 m is approaching partner: Rabbit B1f
Rabbit B2f is running away from: LionA2
Rabbit B2 is Hungry
Rabbit B2f ate
Lion A2 m is ready to mate
No Female Lion Partner or Female Lion partners are not ready to mate Yet!
Lion A0 is Thirsty
Lion A0 drank water
Lion A0 m is ready to mate
No Female Lion Partner or Female Lion partners are not ready to mate Yet!
Lion C4 is Thirsty
Lion C4 drank water
Lion C4 m is ready to mate
No Female Lion Partner or Female Lion partners are not ready to mate Yet!
Lion B4 m is ready to mate
No Female Lion Partner or Female Lion partners are not ready to mate Yet!
Rabbit C5m is running away from: LionA0
Rabbit C5 is Hungry
Rabbit C5 m is ready to mate
Rabbit C5 m is approaching partner: Rabbit B3f
Rabbit B1 is Thirsty
Rabbit B1 drank water
Rabbit B1f is running away from: LionB4
Rabbit B1 is Hungry
Rabbit B1 f is ready to mate
Rabbit B3f is running away from: LionA2
Rabbit B3 is Hungry
Rabbit B3f ate
Rabbit B3 f is ready to mate
Rabbit B1f is running away from: LionA2
Rabbit B1 is Hungry
Rabbit B1f ate
Rabbit A5 is Thirsty
Rabbit A5 drank water
Rabbit A5m is running away from: LionB4
Rabbit A5 is Hungry
Rabbit A5 m is ready to mate
Rabbit A5 m is approaching partner: Rabbit B1f
Rabbit B2f is running away from: LionA0
Lion A2 m is ready to mate
No Female Lion Partner or Female Lion partners are not ready to mate Yet!
Lion A0 is Thirsty
Lion A0 drank water
Lion A0 m is ready to mate
No Female Lion Partner or Female Lion partners are not ready to mate Yet!
Lion C4 is Thirsty
Lion C4 drank water
Lion C4 m is ready to mate
No Female Lion Partner or Female Lion partners are not ready to mate Yet!
Lion B4 m is ready to mate
No Female Lion Partner or Female Lion partners are not ready to mate Yet!
Rabbit C5m is running away from: LionA0
Rabbit C5 is Hungry
Rabbit C5 m is ready to mate
Rabbit C5 m is approaching partner: Rabbit B3f
Rabbit B1 is Thirsty
Rabbit B1 drank water
Rabbit B1f is running away from: LionB4
Rabbit B1 is Hungry
Rabbit B1f ate
Rabbit B1 f is ready to mate
Rabbit B3f is running away from: LionA0
Rabbit B3 f is ready to mate
Rabbit B1f is running away from: LionA0
Rabbit A5 is Thirsty
Rabbit A5 drank water
Rabbit A5m is running away from: LionB4
Rabbit A5 is Hungry
Rabbit A5 m is ready to mate
Rabbit A5 m is approaching partner: Rabbit B1f
Rabbit B2f is running away from: LionA2
Rabbit B2 is Hungry
Rabbit B2f ate
Lion A2 m is ready to mate
No Female Lion Partner or Female Lion partners are not ready to mate Yet!
Lion A0 is Thirsty
Lion A0 drank water
Lion A0 m is ready to mate
No Female Lion Partner or Female Lion partners are not ready to mate Yet!
Lion C4 m is ready to mate
No Female Lion Partner or Female Lion partners are not ready to mate Yet!
Lion B4 m is ready to mate
No Female Lion Partner or Female Lion partners are not ready to mate Yet!
Rabbit C5m is running away from: LionA0
Rabbit C5 is Hungry
Rabbit C5 m is ready to mate
Rabbit C5 m is approaching partner: Rabbit B3f
Rabbit B1 is Thirsty
Rabbit B1 drank water
Rabbit B1f is running away from: LionB4
Rabbit B1 f is ready to mate
Rabbit B3f is running away from: LionA2
Rabbit B3 is Hungry
Rabbit B3f ate
Rabbit B3 f is ready to mate
Rabbit B1f is running away from: LionA0
Rabbit B1 is Hungry
Rabbit B1f ate
Rabbit A5 is Thirsty
Rabbit A5 drank water
Rabbit A5m is running away from: LionB4
Rabbit A5 is Hungry
Rabbit A5 m is ready to mate
Rabbit A5 m is approaching partner: Rabbit B1f
Rabbit B2f is running away from: LionA2
Lion A2 is Hungry
LionA2mis chasing: B3f
Lion A2 m is ready to mate
No Female Lion Partner or Female Lion partners are not ready to mate Yet!
Lion A0 is Thirsty
Lion A0 drank water
Lion A0 is Hungry
LionA0mis chasing: C5m
Lion A0 m is ready to mate
No Female Lion Partner or Female Lion partners are not ready to mate Yet!
Lion C4 is Hungry
LionC4mis chasing: C5m
Lion C4 m is ready to mate
No Female Lion Partner or Female Lion partners are not ready to mate Yet!
Lion B4 is Hungry
LionB4mis chasing: B1f
Lion B4 m is ready to mate
No Female Lion Partner or Female Lion partners are not ready to mate Yet!
Rabbit C5m is running away from: LionA0
Rabbit C5 is Hungry
Rabbit C5 m is ready to mate
Rabbit C5 m is approaching partner: Rabbit B3f
Rabbit B1 is Thirsty
Rabbit B1 drank water
Rabbit B1f is running away from: LionB4
Rabbit B1 is Hungry
Rabbit B1 f is ready to mate
Rabbit B3 is Thirsty
Rabbit B3 drank water
Rabbit B3f is running away from: LionA2
Rabbit B3 f is ready to mate
Rabbit B1 is Thirsty
Rabbit B1 drank water
Rabbit B1f is running away from: LionA0
Rabbit B1 f is ready to mate
Rabbit A5 is Thirsty
Rabbit A5 drank water
Rabbit A5m is running away from: LionB4
Rabbit A5 is Hungry
RabbitA5m died of hunger
Rabbit A5 m is ready to mate
Rabbit A5 m is approaching partner: Rabbit B1f
Rabbit B2f is running away from: LionA0
Rabbit B2 is Hungry
Rabbit B2f ate
Rabbit B2 f is ready to mate
Lion A2 is Hungry
LionA2mis chasing: B3f
Lion A2 m is ready to mate
No Female Lion Partner or Female Lion partners are not ready to mate Yet!
Lion A0 is Thirsty
Lion A0 drank water
Lion A0 is Hungry
LionA0mis chasing: C5m
Lion A0 m is ready to mate
No Female Lion Partner or Female Lion partners are not ready to mate Yet!
Lion C4 is Hungry
LionC4mis chasing: C5m
Lion C4 m is ready to mate
No Female Lion Partner or Female Lion partners are not ready to mate Yet!
Lion B4 is Hungry
LionB4mis chasing: B1f
Lion B4 m is ready to mate
No Female Lion Partner or Female Lion partners are not ready to mate Yet!
Rabbit C5 is Thirsty
Rabbit C5 drank water
Rabbit C5m is running away from: LionA2
Rabbit C5 is Hungry
Rabbit C5 m is ready to mate
Rabbit C5 m is approaching partner: Rabbit B1f
Rabbit B1 is Thirsty
Rabbit B1 drank water
Rabbit B1f is running away from: LionB4
Rabbit B1 is Hungry
Rabbit B1 f is ready to mate
Rabbit B3 is Thirsty
Rabbit B3 drank water
Rabbit B3f is running away from: LionA2
Rabbit B3 is Hungry
Rabbit B3f ate
Rabbit B3 f is ready to mate
Rabbit B1 is Thirsty
Rabbit B1 drank water
Rabbit B1f is running away from: LionA0
Rabbit B1 is Hungry
Rabbit B1f ate
Rabbit B1 f is ready to mate
Rabbit B2f is running away from: LionC4
Rabbit B2 f is ready to mate
Lion A2 is Hungry
LionA2mis chasing: B3f
Lion A2 m is ready to mate
No Female Lion Partner or Female Lion partners are not ready to mate Yet!
Lion A0 is Thirsty
Lion A0 drank water
Lion A0 is Hungry
LionA0mis chasing: C5m
Lion A0 m is ready to mate
No Female Lion Partner or Female Lion partners are not ready to mate Yet!
Lion C4 is Hungry
LionC4mis chasing: C5m
Lion C4 m is ready to mate
No Female Lion Partner or Female Lion partners are not ready to mate Yet!
Lion B4 is Hungry
LionB4mis chasing: B1f
Lion B4 m is ready to mate
No Female Lion Partner or Female Lion partners are not ready to mate Yet!
Rabbit C5 is Thirsty
Rabbit C5 drank water
Rabbit C5m is running away from: LionA0
Rabbit C5 is Hungry
Rabbit C5m ate
Rabbit C5 m is ready to mate
Rabbit C5 m is approaching partner: Rabbit B1f
Rabbit B1 is Thirsty
Rabbit B1 drank water
Rabbit B1f is running away from: LionB4
Rabbit B1 is Hungry
Rabbit B1 f is ready to mate
Rabbit B3 is Thirsty
Rabbit B3 drank water
Rabbit B3f is running away from: LionA2
Rabbit B3 f is ready to mate
Rabbit B1 is Thirsty
Rabbit B1 drank water
Rabbit B1f is running away from: LionC4
Rabbit B1 f is ready to mate
Rabbit B2f is running away from: LionC4
Rabbit B2 is Hungry
Rabbit B2f ate
Rabbit B2 f is ready to mate
Lion A2m ate: B3f
Lion A2 m is ready to mate
No Female Lion Partner or Female Lion partners are not ready to mate Yet!
Lion A0 is Thirsty
Lion A0 drank water
Lion A0 is Hungry
LionA0mis chasing: B3f
Lion A0 m is ready to mate
No Female Lion Partner or Female Lion partners are not ready to mate Yet!
Lion C4 is Hungry
LionC4mis chasing: C5m
Lion C4 m is ready to mate
No Female Lion Partner or Female Lion partners are not ready to mate Yet!
Lion B4 is Hungry
LionB4mis chasing: B1f
Lion B4 m is ready to mate
No Female Lion Partner or Female Lion partners are not ready to mate Yet!
Rabbit C5m is running away from: LionC4
Rabbit C5 m is ready to mate
Rabbit C5 m is approaching partner: Rabbit B1f
Rabbit B1 is Thirsty
Rabbit B1 drank water
Rabbit B1f is running away from: LionB4
Rabbit B1 is Hungry
Rabbit B1 f is ready to mate
Rabbit B3 is Thirsty
Rabbit B3 drank water
Rabbit B3f is running away from: LionA2
Rabbit B3 is Hungry
Rabbit B3f ate
Rabbit B3 f is ready to mate
Rabbit B1 is Thirsty
Rabbit B1 drank water
Rabbit B1f is running away from: LionC4
Rabbit B1 is Hungry
Rabbit B1f ate
Rabbit B1 f is ready to mate
Rabbit B2f is running away from: LionC4
Rabbit B2 f is ready to mate
Lion A2 m is ready to mate
No Female Lion Partner or Female Lion partners are not ready to mate Yet!
Lion A0 is Thirsty
Lion A0 drank water
Lion A0 is Hungry
LionA0mis chasing: B3f
Lion A0 m is ready to mate
No Female Lion Partner or Female Lion partners are not ready to mate Yet!
Lion C4 is Hungry
LionC4mis chasing: C5m
Lion C4 m is ready to mate
No Female Lion Partner or Female Lion partners are not ready to mate Yet!
Lion B4 is Hungry
LionB4mis chasing: B1f
Lion B4 m is ready to mate
No Female Lion Partner or Female Lion partners are not ready to mate Yet!
Rabbit C5m is running away from: LionC4
Rabbit C5 is Hungry
Rabbit C5m ate
Rabbit C5 m is ready to mate
Rabbit C5 m is approaching partner: Rabbit B1f
Rabbit B1 is Thirsty
Rabbit B1 drank water
Rabbit B1f is running away from: LionB4
Rabbit B1 is Hungry
Rabbit B1 f is ready to mate
Rabbit B3 is Thirsty
Rabbit B3 drank water
Rabbit B3f is running away from: LionA2
Rabbit B3 f is ready to mate
Rabbit B1 is Thirsty
Rabbit B1 drank water
Rabbit B1f is running away from: LionC4
Rabbit B1 f is ready to mate
Rabbit B2 is Thirsty
Rabbit B2 drank water
Rabbit B2f is running away from: LionC4
Rabbit B2 is Hungry
Rabbit B2 f is ready to mate
Lion A2 m is ready to mate
No Female Lion Partner or Female Lion partners are not ready to mate Yet!
Lion A0 is Thirsty
Lion A0 drank water
Lion A0 is Hungry
LionA0mis chasing: B3f
Lion A0 m is ready to mate
No Female Lion Partner or Female Lion partners are not ready to mate Yet!
Lion C4 is Hungry
LionC4mis chasing: C5m
Lion C4 m is ready to mate
No Female Lion Partner or Female Lion partners are not ready to mate Yet!
Lion B4 is Hungry
LionB4mis chasing: B1f
Lion B4 m is ready to mate
No Female Lion Partner or Female Lion partners are not ready to mate Yet!
Rabbit C5m is running away from: LionC4
Rabbit C5 m is ready to mate
Rabbit C5 m is approaching partner: Rabbit B2f
Rabbit B1 is Thirsty
Rabbit B1 drank water
Rabbit B1f is running away from: LionB4
Rabbit B1 is Hungry
Rabbit B1 f is ready to mate
Rabbit B3f is running away from: LionA2
Rabbit B3 is Hungry
Rabbit B3f ate
Rabbit B3 f is ready to mate
Rabbit B1 is Thirsty
Rabbit B1 drank water
Rabbit B1f is running away from: LionC4
Rabbit B1 is Hungry
Rabbit B1 f is ready to mate
Rabbit B2 is Thirsty
Rabbit B2 drank water
Rabbit B2f is running away from: LionC4
Rabbit B2 is Hungry
Rabbit B2 f is ready to mate
Lion A2 m is ready to mate
No Female Lion Partner or Female Lion partners are not ready to mate Yet!
Lion A0 is Thirsty
Lion A0 drank water
Lion A0 is Hungry
LionA0mis chasing: B1f
Lion A0 m is ready to mate
No Female Lion Partner or Female Lion partners are not ready to mate Yet!
Lion C4 is Hungry
LionC4mis chasing: C5m
Lion C4 m is ready to mate
No Female Lion Partner or Female Lion partners are not ready to mate Yet!
Lion B4 is Hungry
LionB4mis chasing: B1f
LionB4m ate: B1f
Lion B4 m is ready to mate
No Female Lion Partner or Female Lion partners are not ready to mate Yet!
Rabbit C5m is running away from: LionC4
Rabbit C5 is Hungry
Rabbit C5m ate
Rabbit C5 m is ready to mate
Rabbit C5 m is approaching partner: Rabbit B2f
Rabbit B3f is running away from: LionA2
Rabbit B3 f is ready to mate
Rabbit B1f is running away from: LionA2
Rabbit B1 is Hungry
Rabbit B1 f is ready to mate
Rabbit B2 is Thirsty
Rabbit B2 drank water
Rabbit B2f is running away from: LionC4
Rabbit B2 is Hungry
Rabbit B2 f is ready to mate
Lion A2 m is ready to mate
No Female Lion Partner or Female Lion partners are not ready to mate Yet!
Lion A0 is Thirsty
Lion A0 drank water
Lion A0 is Hungry
LionA0mis chasing: B3f
Lion A0 m is ready to mate
No Female Lion Partner or Female Lion partners are not ready to mate Yet!
Lion C4 is Hungry
LionC4mis chasing: C5m
Lion C4 m is ready to mate
No Female Lion Partner or Female Lion partners are not ready to mate Yet!
Lion B4 m is ready to mate
No Female Lion Partner or Female Lion partners are not ready to mate Yet!
Rabbit C5m is running away from: LionC4
Rabbit C5 m is ready to mate
Rabbit C5 m is approaching partner: Rabbit B2f
Rabbit B3f is running away from: LionA2
Rabbit B3 is Hungry
Rabbit B3 f is ready to mate
Rabbit B1f is running away from: LionA2
Rabbit B1 is Hungry
Rabbit B1 f is ready to mate
Rabbit B2 is Thirsty
Rabbit B2 drank water
Rabbit B2f is running away from: LionC4
Rabbit B2 is Hungry
Rabbit B2 f is ready to mate
Lion A2 m is ready to mate
No Female Lion Partner or Female Lion partners are not ready to mate Yet!
Lion A0 is Thirsty
Lion A0 drank water
Lion A0 is Hungry
LionA0mis chasing: B1f
Lion A0 m is ready to mate
No Female Lion Partner or Female Lion partners are not ready to mate Yet!
Lion C4 is Hungry
LionC4mis chasing: B2f
Lion C4 m is ready to mate
No Female Lion Partner or Female Lion partners are not ready to mate Yet!
Lion B4 m is ready to mate
No Female Lion Partner or Female Lion partners are not ready to mate Yet!
Rabbit C5m is running away from: LionC4
Rabbit C5 is Hungry
Rabbit C5 m is ready to mate
Rabbit C5 m is approaching partner: Rabbit B2f
Rabbit C4 f was born!Father is C5 and Mother is B2
Rabbit B3f is running away from: LionA2
Rabbit B3 is Hungry
Rabbit B3f ate
Rabbit B3 f is ready to mate
Rabbit B1f is running away from: LionA2
Rabbit B1 is Hungry
Rabbit B1 f is ready to mate
Rabbit B2 is Thirsty
Rabbit B2 drank water
Rabbit B2f is running away from: LionC4
Rabbit B2 is Hungry
Rabbit B2f ate
Lion A2 m is ready to mate
No Female Lion Partner or Female Lion partners are not ready to mate Yet!
Lion A0 is Thirsty
Lion A0 drank water
Lion A0 is Hungry
LionA0mis chasing: B1f
Lion A0 m is ready to mate
No Female Lion Partner or Female Lion partners are not ready to mate Yet!
Lion C4 is Hungry
LionC4mis chasing: B2f
Lion C4 m is ready to mate
No Female Lion Partner or Female Lion partners are not ready to mate Yet!
Lion B4 m is ready to mate
No Female Lion Partner or Female Lion partners are not ready to mate Yet!
Rabbit C5m is running away from: LionC4
Rabbit C5 is Hungry
Rabbit C5 m is ready to mate
Rabbit C5 m is approaching partner: Rabbit B3f
Rabbit B3f is running away from: LionA2
Rabbit B3 f is ready to mate
Rabbit B1f is running away from: LionA2
Rabbit B1 is Hungry
Rabbit B1 f is ready to mate
Rabbit B2 is Thirsty
Rabbit B2 drank water
Rabbit B2f is running away from: LionC4
Rabbit C4f is running away from: LionC4
Lion A2 m is ready to mate
No Female Lion Partner or Female Lion partners are not ready to mate Yet!
Lion A0 is Thirsty
Lion A0 drank water
Lion A0 is Hungry
LionA0mis chasing: B1f
Lion A0 m is ready to mate
No Female Lion Partner or Female Lion partners are not ready to mate Yet!
Lion C4 is Hungry
LionC4mis chasing: C4f
Lion C4 m is ready to mate
No Female Lion Partner or Female Lion partners are not ready to mate Yet!
Lion B4 m is ready to mate
No Female Lion Partner or Female Lion partners are not ready to mate Yet!
Rabbit C5m is running away from: LionC4
Rabbit C5 is Hungry
Rabbit C5 m is ready to mate
Rabbit C5 m is approaching partner: Rabbit B3f
Rabbit B3f is running away from: LionC4
Rabbit B3 is Hungry
Rabbit B3 f is ready to mate
Rabbit B1f is running away from: LionA2
Rabbit B1 is Hungry
Rabbit B1 f is ready to mate
Rabbit B2 is Thirsty
Rabbit B2 drank water
Rabbit B2f is running away from: LionC4
Rabbit B2 is Hungry
Rabbit C4f is running away from: LionC4
Rabbit C4 is Hungry
Lion A2 m is ready to mate
No Female Lion Partner or Female Lion partners are not ready to mate Yet!
Lion A0 is Thirsty
Lion A0 drank water
Lion A0 is Hungry
LionA0mis chasing: B1f
Lion A0 m is ready to mate
No Female Lion Partner or Female Lion partners are not ready to mate Yet!
Lion C4 is Hungry
LionC4mis chasing: C4f
Lion C4 m is ready to mate
No Female Lion Partner or Female Lion partners are not ready to mate Yet!
Lion B4 m is ready to mate
No Female Lion Partner or Female Lion partners are not ready to mate Yet!
Rabbit C5m is running away from: LionC4
Rabbit C5 is Hungry
Rabbit C5 m is ready to mate
Rabbit C5 m is approaching partner: Rabbit B3f
Rabbit B3f is running away from: LionC4
Rabbit B3 is Hungry
Rabbit B3 f is ready to mate
Rabbit B1f is running away from: LionA2
Rabbit B1 is Hungry
Rabbit B1 f is ready to mate
Rabbit B2 is Thirsty
Rabbit B2 drank water
Rabbit B2f is running away from: LionC4
Rabbit B2 is Hungry
Rabbit B2f ate
Rabbit C4f is running away from: LionC4
Rabbit C4 is Hungry
Lion A2 m is ready to mate
No Female Lion Partner or Female Lion partners are not ready to mate Yet!
Lion A0 is Thirsty
Lion A0 drank water
Lion A0 is Hungry
LionA0mis chasing: B3f
Lion A0 m is ready to mate
No Female Lion Partner or Female Lion partners are not ready to mate Yet!
Lion C4 is Hungry
LionC4mis chasing: C4f
Lion C4m ate!
Lion C4 m is ready to mate
No Female Lion Partner or Female Lion partners are not ready to mate Yet!
Lion B4 m is ready to mate
No Female Lion Partner or Female Lion partners are not ready to mate Yet!
Rabbit C5 is Thirsty
Rabbit C5 drank water
Rabbit C5m is running away from: LionC4
Rabbit C5 is Hungry
Rabbit C5m ate
Rabbit C5 m is ready to mate
Rabbit C5 m is approaching partner: Rabbit B3f
Rabbit B3f is running away from: LionA0
Rabbit B3 is Hungry
Rabbit B3f ate
Rabbit B3 f is ready to mate
Rabbit B1f is running away from: LionA0
Rabbit B1 is Hungry
Rabbit B1 f is ready to mate
Rabbit B2 is Thirsty
Rabbit B2 drank water
Rabbit B2f is running away from: LionC4
Lion A2 m is ready to mate
No Female Lion Partner or Female Lion partners are not ready to mate Yet!
Lion A0 is Thirsty
Lion A0 drank water
Lion A0 is Hungry
LionA0mis chasing: B2f
Lion A0 m is ready to mate
No Female Lion Partner or Female Lion partners are not ready to mate Yet!
Lion C4 m is ready to mate
No Female Lion Partner or Female Lion partners are not ready to mate Yet!
Lion B4 m is ready to mate
No Female Lion Partner or Female Lion partners are not ready to mate Yet!
Rabbit C5 is Thirsty
Rabbit C5 drank water
Rabbit C5m is running away from: LionC4
Rabbit C5 m is ready to mate
Rabbit C5 m is approaching partner: Rabbit B1f
Rabbit B3f is running away from: LionA0
Rabbit B3 f is ready to mate
Rabbit B1f is running away from: LionC4
Rabbit B1 is Hungry
RabbitB1f died of hunger
Rabbit B1 f is ready to mate
Rabbit B2 is Thirsty
Rabbit B2 drank water
Rabbit B2f is running away from: LionA0
Rabbit B2 is Hungry
Lion A2 is Thirsty
Lion A2 drank water
Lion A2 m is ready to mate
No Female Lion Partner or Female Lion partners are not ready to mate Yet!
Lion A0 is Thirsty
Lion A0 drank water
Lion A0 is Hungry
LionA0mis chasing: B2f
Lion A0 m is ready to mate
No Female Lion Partner or Female Lion partners are not ready to mate Yet!
Lion C4 m is ready to mate
No Female Lion Partner or Female Lion partners are not ready to mate Yet!
Lion B4 m is ready to mate
No Female Lion Partner or Female Lion partners are not ready to mate Yet!
Rabbit C5 is Thirsty
Rabbit C5 drank water
Rabbit C5m is running away from: LionC4
Rabbit C5 is Hungry
Rabbit C5m ate
Rabbit C5 m is ready to mate
Rabbit C5 m is approaching partner: Rabbit B3f
Rabbit A2 m was born!Father is C5 and Mother is B3
Rabbit B3 is Thirsty
Rabbit B3 drank water
Rabbit B3f is running away from: LionA2
Rabbit B3 is Hungry
Rabbit B2 is Thirsty
Rabbit B2 drank water
Rabbit B2f is running away from: LionC4
Rabbit B2 is Hungry
Rabbit B2f ate
Rabbit B2 f is ready to mate
Lion A2 is Thirsty
Lion A2 drank water
Lion A2 m is ready to mate
No Female Lion Partner or Female Lion partners are not ready to mate Yet!
Lion A0 is Thirsty
Lion A0 drank water
Lion A0 is Hungry
LionA0mis chasing: B2f
Lion A0 m is ready to mate
No Female Lion Partner or Female Lion partners are not ready to mate Yet!
Lion C4 m is ready to mate
No Female Lion Partner or Female Lion partners are not ready to mate Yet!
Lion B4 is Thirsty
Lion B4 drank water
Lion B4 m is ready to mate
No Female Lion Partner or Female Lion partners are not ready to mate Yet!
Rabbit C5 is Thirsty
Rabbit C5 drank water
Rabbit C5m is running away from: LionA2
Rabbit C5 m is ready to mate
Rabbit C5 m is approaching partner: Rabbit B2f
Rabbit B3f is running away from: LionA2
Rabbit B3 is Hungry
Rabbit B2 is Thirsty
Rabbit B2 drank water
Rabbit B2f is running away from: LionA0
Rabbit B2 f is ready to mate
Rabbit A2m is running away from: LionA2
Lion A2 is Thirsty
Lion A2 drank water
Lion A2 m is ready to mate
No Female Lion Partner or Female Lion partners are not ready to mate Yet!
Lion A0 is Thirsty
Lion A0 drank water
Lion A0 is Hungry
LionA0mis chasing: B2f
Lion A0 m is ready to mate
No Female Lion Partner or Female Lion partners are not ready to mate Yet!
Lion C4 m is ready to mate
No Female Lion Partner or Female Lion partners are not ready to mate Yet!
Lion B4 is Thirsty
Lion B4 drank water
Lion B4 m is ready to mate
No Female Lion Partner or Female Lion partners are not ready to mate Yet!
Rabbit C5m is running away from: LionC4
Rabbit C5 is Hungry
Rabbit C5m ate
Rabbit C5 m is ready to mate
Rabbit C5 m is approaching partner: Rabbit B2f
Rabbit B3f is running away from: LionC4
Rabbit B3 is Hungry
Rabbit B2 is Thirsty
Rabbit B2 drank water
Rabbit B2f is running away from: LionA0
Rabbit B2 is Hungry
Rabbit B2f ate
Rabbit B2 f is ready to mate
Rabbit A2m is running away from: LionA2
Rabbit A2 is Hungry
Lion A2 m is ready to mate
No Female Lion Partner or Female Lion partners are not ready to mate Yet!
Lion A0 is Thirsty
Lion A0 drank water
Lion A0 is Hungry
LionA0mis chasing: C5m
Lion A0 m is ready to mate
No Female Lion Partner or Female Lion partners are not ready to mate Yet!
Lion C4 m is ready to mate
No Female Lion Partner or Female Lion partners are not ready to mate Yet!
Lion B4 is Thirsty
Lion B4 drank water
Lion B4 m is ready to mate
No Female Lion Partner or Female Lion partners are not ready to mate Yet!
Rabbit C5m is running away from: LionA2
Rabbit C5 m is ready to mate
Rabbit C5 m is approaching partner: Rabbit B2f
Rabbit B3f is running away from: LionA2
Rabbit B3 is Hungry
Rabbit B2 is Thirsty
Rabbit B2 drank water
Rabbit B2f is running away from: LionA0
Rabbit B2 f is ready to mate
Rabbit A2m is running away from: LionA2
Rabbit A2 is Hungry
Lion A2 m is ready to mate
No Female Lion Partner or Female Lion partners are not ready to mate Yet!
Lion A0 is Thirsty
Lion A0 drank water
Lion A0 is Hungry
LionA0mis chasing: C5m
Lion A0 m is ready to mate
No Female Lion Partner or Female Lion partners are not ready to mate Yet!
Lion C4 is Thirsty
Lion C4 drank water
Lion C4 m is ready to mate
No Female Lion Partner or Female Lion partners are not ready to mate Yet!
Lion B4 is Thirsty
Lion B4 drank water
Lion B4 m is ready to mate
No Female Lion Partner or Female Lion partners are not ready to mate Yet!
Rabbit C5m is running away from: LionC4
Rabbit C5 is Hungry
Rabbit C5 m is ready to mate
Rabbit C5 m is approaching partner: Rabbit B2f
Rabbit B3f is running away from: LionC4
Rabbit B3 is Hungry
Rabbit B2 is Thirsty
Rabbit B2 drank water
Rabbit B2f is running away from: LionC4
Rabbit B2 is Hungry
Rabbit B2f ate
Rabbit B2 f is ready to mate
Rabbit A2m is running away from: LionC4
Rabbit A2 is Hungry
Lion A2 m is ready to mate
No Female Lion Partner or Female Lion partners are not ready to mate Yet!
Lion A0 is Thirsty
Lion A0 drank water
Lion A0 is Hungry
LionA0mis chasing: B2f
Lion A0 m is ready to mate
No Female Lion Partner or Female Lion partners are not ready to mate Yet!
Lion C4 is Thirsty
Lion C4 drank water
Lion C4 m is ready to mate
No Female Lion Partner or Female Lion partners are not ready to mate Yet!
Lion B4 is Thirsty
Lion B4 drank water
Lion B4 m is ready to mate
No Female Lion Partner or Female Lion partners are not ready to mate Yet!
rabbit C5m Died of Old Age
Rabbit C5m is running away from: LionC4
Rabbit C5 is Hungry
Rabbit C5 m is ready to mate
Rabbit C5 m is approaching partner: Rabbit B2f
rabbit B3f Died of Old Age
Rabbit B3f is running away from: LionA2
Rabbit B3 is Hungry
Rabbit B2 is Thirsty
Rabbit B2 drank water
Rabbit B2f is running away from: LionA0
Rabbit B2 f is ready to mate
Rabbit A2m is running away from: LionC4
Rabbit A2 is Hungry
Lion A2 m is ready to mate
No Female Lion Partner or Female Lion partners are not ready to mate Yet!
Lion A0 is Thirsty
Lion A0 drank water
Lion A0 is Hungry
LionA0mis chasing: A2m
Lion A0 m is ready to mate
No Female Lion Partner or Female Lion partners are not ready to mate Yet!
Lion C4 is Thirsty
Lion C4 drank water
Lion C4 m is ready to mate
No Female Lion Partner or Female Lion partners are not ready to mate Yet!
Lion B4 is Thirsty
Lion B4 drank water
Lion B4 m is ready to mate
No Female Lion Partner or Female Lion partners are not ready to mate Yet!
Rabbit B2 is Thirsty
Rabbit B2 drank water
Rabbit B2f is running away from: LionC4
Rabbit B2 is Hungry
Rabbit B2f ate
Rabbit B2 f is ready to mate
Rabbit A2m is running away from: LionC4
Rabbit A2 is Hungry
Lion A2 m is ready to mate
No Female Lion Partner or Female Lion partners are not ready to mate Yet!
Lion A0 is Thirsty
Lion A0 drank water
Lion A0 is Hungry
LionA0mis chasing: B2f
Lion A0 m is ready to mate
No Female Lion Partner or Female Lion partners are not ready to mate Yet!
Lion C4 is Thirsty
Lion C4 drank water
Lion C4 m is ready to mate
No Female Lion Partner or Female Lion partners are not ready to mate Yet!
Lion B4 is Thirsty
Lion B4 drank water
Lion B4 m is ready to mate
No Female Lion Partner or Female Lion partners are not ready to mate Yet!
Rabbit B2 is Thirsty
Rabbit B2 drank water
Rabbit B2f is running away from: LionA0
Rabbit B2 f is ready to mate
Rabbit A2m is running away from: LionA2
Rabbit A2 is Hungry
Rabbit A2 m is ready to mate
Rabbit A2 m is approaching partner: Rabbit B2f
Lion A2 m is ready to mate
No Female Lion Partner or Female Lion partners are not ready to mate Yet!
Lion A0 is Thirsty
Lion A0 drank water
Lion A0 is Hungry
LionA0mis chasing: B2f
Lion A0 m is ready to mate
No Female Lion Partner or Female Lion partners are not ready to mate Yet!
Lion C4 is Thirsty
Lion C4 drank water
Lion C4 m is ready to mate
No Female Lion Partner or Female Lion partners are not ready to mate Yet!
Lion B4 m is ready to mate
No Female Lion Partner or Female Lion partners are not ready to mate Yet!
Rabbit B2 is Thirsty
Rabbit B2 drank water
Rabbit B2f is running away from: LionA0
Rabbit B2 is Hungry
Rabbit B2f ate
Rabbit B2 f is ready to mate
Rabbit A2m is running away from: LionC4
Rabbit A2 is Hungry
Rabbit A2 m is ready to mate
Rabbit A2 m is approaching partner: Rabbit B2f
Lion A2 m is ready to mate
No Female Lion Partner or Female Lion partners are not ready to mate Yet!
Lion A0 is Thirsty
Lion A0 drank water
Lion A0 is Hungry
LionA0mis chasing: B2f
Lion A0 m is ready to mate
No Female Lion Partner or Female Lion partners are not ready to mate Yet!
Lion C4 is Thirsty
Lion C4 drank water
Lion C4 m is ready to mate
No Female Lion Partner or Female Lion partners are not ready to mate Yet!
Lion B4 m is ready to mate
No Female Lion Partner or Female Lion partners are not ready to mate Yet!
Rabbit B2f is running away from: LionC4
Rabbit B2 f is ready to mate
Rabbit A2m is running away from: LionC4
Rabbit A2 is Hungry
Rabbit A2 m is ready to mate
Rabbit A2 m is approaching partner: Rabbit B2f
Lion A2 m is ready to mate
No Female Lion Partner or Female Lion partners are not ready to mate Yet!
Lion A0 is Thirsty
Lion A0 drank water
Lion A0 is Hungry
LionA0mis chasing: A2m
Lion A0 m is ready to mate
No Female Lion Partner or Female Lion partners are not ready to mate Yet!
Lion C4 is Thirsty
Lion C4 drank water
Lion C4 m is ready to mate
No Female Lion Partner or Female Lion partners are not ready to mate Yet!
Lion B4 m is ready to mate
No Female Lion Partner or Female Lion partners are not ready to mate Yet!
Rabbit B2f is running away from: LionC4
Rabbit B2 is Hungry
Rabbit B2f ate
Rabbit B2 f is ready to mate
Rabbit A2 is Thirsty
Rabbit A2 drank water
Rabbit A2m is running away from: LionC4
Rabbit A2 is Hungry
RabbitA2m died of hunger
Rabbit A2 m is ready to mate
Rabbit A2 m is approaching partner: Rabbit B2f
Lion A2 m is ready to mate
No Female Lion Partner or Female Lion partners are not ready to mate Yet!
Lion A0 is Thirsty
Lion A0 drank water
Lion A0 is Hungry
LionA0mis chasing: B2f
Lion A0 m is ready to mate
No Female Lion Partner or Female Lion partners are not ready to mate Yet!
Lion C4 is Thirsty
Lion C4 drank water
Lion C4 m is ready to mate
No Female Lion Partner or Female Lion partners are not ready to mate Yet!
Lion B4 m is ready to mate
No Female Lion Partner or Female Lion partners are not ready to mate Yet!
Rabbit B2f is running away from: LionC4
Rabbit B2 f is ready to mate
Lion A2 m is ready to mate
No Female Lion Partner or Female Lion partners are not ready to mate Yet!
Lion A0 is Thirsty
Lion A0 drank water
Lion A0 is Hungry
LionA0mis chasing: B2f
Lion A0 m is ready to mate
No Female Lion Partner or Female Lion partners are not ready to mate Yet!
Lion C4 is Thirsty
Lion C4 drank water
Lion C4 m is ready to mate
No Female Lion Partner or Female Lion partners are not ready to mate Yet!
Lion B4 m is ready to mate
No Female Lion Partner or Female Lion partners are not ready to mate Yet!
Rabbit B2f is running away from: LionC4
Rabbit B2 is Hungry
Rabbit B2f ate
Rabbit B2 f is ready to mate
Lion A2 m is ready to mate
No Female Lion Partner or Female Lion partners are not ready to mate Yet!
Lion A0 is Thirsty
Lion A0 drank water
Lion A0 is Hungry
LionA0mis chasing: B2f
Lion A0 m is ready to mate
No Female Lion Partner or Female Lion partners are not ready to mate Yet!
Lion C4 is Thirsty
Lion C4 drank water
Lion C4 m is ready to mate
No Female Lion Partner or Female Lion partners are not ready to mate Yet!
Lion B4 m is ready to mate
No Female Lion Partner or Female Lion partners are not ready to mate Yet!
Rabbit B2f is running away from: LionC4
Rabbit B2 f is ready to mate
Lion A2 m is ready to mate
No Female Lion Partner or Female Lion partners are not ready to mate Yet!
Lion A0 is Thirsty
Lion A0 drank water
Lion A0 is Hungry
LionA0mis chasing: B2f
Lion A0 m is ready to mate
No Female Lion Partner or Female Lion partners are not ready to mate Yet!
Lion C4 is Thirsty
Lion C4 drank water
Lion C4 m is ready to mate
No Female Lion Partner or Female Lion partners are not ready to mate Yet!
Lion B4 m is ready to mate
No Female Lion Partner or Female Lion partners are not ready to mate Yet!
Rabbit B2f is running away from: LionC4
Rabbit B2 is Hungry
Rabbit B2f ate
Rabbit B2 f is ready to mate
Lion A2 m is ready to mate
No Female Lion Partner or Female Lion partners are not ready to mate Yet!
Lion A0 is Thirsty
Lion A0 drank water
Lion A0 is Hungry
LionA0mis chasing: B2f
Lion A0 m is ready to mate
No Female Lion Partner or Female Lion partners are not ready to mate Yet!
Lion C4 is Thirsty
Lion C4 drank water
Lion C4 m is ready to mate
No Female Lion Partner or Female Lion partners are not ready to mate Yet!
Lion B4 m is ready to mate
No Female Lion Partner or Female Lion partners are not ready to mate Yet!
Rabbit B2f is running away from: LionC4
Rabbit B2 f is ready to mate
Lion A2 m is ready to mate
No Female Lion Partner or Female Lion partners are not ready to mate Yet!
Lion A0 is Thirsty
Lion A0 drank water
Lion A0 is Hungry
LionA0mis chasing: B2f
Lion A0 m is ready to mate
No Female Lion Partner or Female Lion partners are not ready to mate Yet!
Lion C4 is Thirsty
Lion C4 drank water
Lion C4 m is ready to mate
No Female Lion Partner or Female Lion partners are not ready to mate Yet!
Lion B4 m is ready to mate
No Female Lion Partner or Female Lion partners are not ready to mate Yet!
Rabbit B2f is running away from: LionC4
Rabbit B2 is Hungry
Rabbit B2 f is ready to mate
Lion A2 m is ready to mate
No Female Lion Partner or Female Lion partners are not ready to mate Yet!
Lion A0 is Thirsty
Lion A0 drank water
Lion A0 is Hungry
LionA0mis chasing: B2f
Lion A0 m is ready to mate
No Female Lion Partner or Female Lion partners are not ready to mate Yet!
Lion C4 m is ready to mate
No Female Lion Partner or Female Lion partners are not ready to mate Yet!
Lion B4 m is ready to mate
No Female Lion Partner or Female Lion partners are not ready to mate Yet!
Rabbit B2f is running away from: LionC4
Rabbit B2 is Hungry
Rabbit B2 f is ready to mate
Lion A2 m is ready to mate
No Female Lion Partner or Female Lion partners are not ready to mate Yet!
Lion A0 is Thirsty
Lion A0 drank water
Lion A0 is Hungry
LionA0mis chasing: B2f
Lion A0 m is ready to mate
No Female Lion Partner or Female Lion partners are not ready to mate Yet!
Lion C4 m is ready to mate
No Female Lion Partner or Female Lion partners are not ready to mate Yet!
Lion B4 m is ready to mate
No Female Lion Partner or Female Lion partners are not ready to mate Yet!
Rabbit B2 is Thirsty
Rabbit B2 drank water
Rabbit B2f is running away from: LionC4
Rabbit B2 is Hungry
Rabbit B2 f is ready to mate
Lion A2 is Hungry
LionA2mis chasing: B2f
Lion A2 m is ready to mate
No Female Lion Partner or Female Lion partners are not ready to mate Yet!
Lion A0 is Thirsty
Lion A0 drank water
Lion A0 is Hungry
LionA0mis chasing: B2f
Lion A0 m is ready to mate
No Female Lion Partner or Female Lion partners are not ready to mate Yet!
Lion C4 m is ready to mate
No Female Lion Partner or Female Lion partners are not ready to mate Yet!
Lion B4 m is ready to mate
No Female Lion Partner or Female Lion partners are not ready to mate Yet!
Rabbit B2 is Thirsty
Rabbit B2 drank water
Rabbit B2f is running away from: LionC4
Rabbit B2 is Hungry
Rabbit B2 f is ready to mate
Lion A2 is Hungry
LionA2mis chasing: B2f
Lion A2 m is ready to mate
No Female Lion Partner or Female Lion partners are not ready to mate Yet!
Lion A0 is Thirsty
Lion A0 drank water
Lion A0 is Hungry
LionA0mis chasing: B2f
Lion A0 m is ready to mate
No Female Lion Partner or Female Lion partners are not ready to mate Yet!
Lion C4 m is ready to mate
No Female Lion Partner or Female Lion partners are not ready to mate Yet!
Lion B4 m is ready to mate
No Female Lion Partner or Female Lion partners are not ready to mate Yet!
Rabbit B2 is Thirsty
Rabbit B2 drank water
Rabbit B2f is running away from: LionC4
Rabbit B2 is Hungry
Rabbit B2f ate
Rabbit B2 f is ready to mate
Lion A2 is Hungry
LionA2mis chasing: B2f
Lion A2 m is ready to mate
No Female Lion Partner or Female Lion partners are not ready to mate Yet!
Lion A0 is Thirsty
Lion A0 drank water
Lion A0 is Hungry
LionA0mis chasing: B2f
Lion A0 m is ready to mate
No Female Lion Partner or Female Lion partners are not ready to mate Yet!
Lion C4 m is ready to mate
No Female Lion Partner or Female Lion partners are not ready to mate Yet!
Lion B4 m is ready to mate
No Female Lion Partner or Female Lion partners are not ready to mate Yet!
