Wolf B2m is running away from: LionB4
Wolf C5m is running away from: LionB4
Wolf B5f is running away from: LionC3
Wolf B5m is running away from: LionC0
Wolf C1m is running away from: LionB4
Wolf C3f is running away from: LionB4
Wolf C0m is running away from: LionC0
Wolf C0m ate!
Wolf A5f is running away from: LionC0
Rabbit A1m is running away from: LionC0
Rabbit A1m is running away from: WolfC3
Rabbit A1 m is ready to mate
Not enough female Rabbits or Female Rabbit partners are not ready yet!
Rabbit A2m is running away from: LionC3
Rabbit A2m is running away from: WolfB5
Rabbit A2 m is ready to mate
Not enough female Rabbits or Female Rabbit partners are not ready yet!
Rabbit C5f is running away from: LionB4
Rabbit C5f is running away from: WolfC3
Rabbit C5 f is ready to mate
Rabbit A1m is running away from: LionB4
Rabbit A1m is running away from: WolfB2
Rabbit A1 m is ready to mate
Rabbit A1 m is approaching partner: Rabbit C5f
Rabbit A3m is running away from: LionC3
Rabbit A3m is running away from: WolfB5
Rabbit A3 m is ready to mate
Rabbit A3 m is approaching partner: Rabbit C5f
Rabbit C1f is running away from: LionC3
Rabbit C1f is running away from: WolfB5
Rabbit C1 f is ready to mate
Rabbit A4f is running away from: LionC3
Rabbit A4f is running away from: WolfB5
Rabbit A4 f is ready to mate
Rabbit B4m is running away from: LionC0
Rabbit B4m is running away from: WolfA5
Rabbit B4 m is ready to mate
Rabbit B4 m is approaching partner: Rabbit C5f
Rabbit A4f is running away from: LionC0
Rabbit A4f is running away from: WolfB5
Rabbit A4 f is ready to mate
Rabbit B2f is running away from: LionC3
Rabbit B2f is running away from: WolfB5
Rabbit B2 f is ready to mate
Rabbit A0m is running away from: LionC0
Rabbit A0m is running away from: WolfC5
Rabbit A0 m is ready to mate
Rabbit A0 m is approaching partner: Rabbit C5f
Rabbit B3m is running away from: LionB4
Rabbit B3m is running away from: WolfB2
Rabbit B3 m is ready to mate
Rabbit B3 m is approaching partner: Rabbit A4f
Rabbit B3f is running away from: LionB4
Rabbit B3f is running away from: WolfC1
Rabbit B3 f is ready to mate
Rabbit C5f is running away from: LionB4
Rabbit C5f is running away from: WolfC3
Rabbit C5 f is ready to mate
Rabbit B4m is running away from: LionB4
Rabbit B4m is running away from: WolfC1
Rabbit B4 m is ready to mate
Rabbit B4 m is approaching partner: Rabbit B3f
Rabbit A0f is running away from: LionC0
Rabbit A0f is running away from: WolfA5
Rabbit A0 f is ready to mate
Rabbit C3m is running away from: LionC0
Rabbit C3m is running away from: WolfA5
Rabbit C3 m is ready to mate
Rabbit C3 m is approaching partner: Rabbit A4f
Rabbit C5f is running away from: LionB4
Rabbit C5f is running away from: WolfA5
Rabbit C5 f is ready to mate
Rabbit C1f is running away from: LionC0
Rabbit C1f is running away from: WolfA5
Rabbit C1 f is ready to mate
Wolf B2m is running away from: LionB4
Wolf C5m is running away from: LionC0
Wolf B5f is running away from: LionC3
Wolf B5m is running away from: LionC0
Wolf C1m is running away from: LionC0
Wolf C3f is running away from: LionB4
Wolf C0m is running away from: LionC0
Wolf A5f is running away from: LionC0
Rabbit A1m is running away from: LionC0
Rabbit A1m is running away from: WolfC1
Rabbit A1 is Hungry
Rabbit A1m ate
Rabbit A1 m is ready to mate
Rabbit A1 m is approaching partner: Rabbit C5f
Rabbit A2m is running away from: LionC3
Rabbit A2m is running away from: WolfB5
Rabbit A2 is Hungry
Rabbit A2m ate
Rabbit A2 m is ready to mate
Rabbit A2 m is approaching partner: Rabbit C1f
Rabbit C5f is running away from: LionC0
Rabbit C5f is running away from: WolfC1
Rabbit C5 is Hungry
Rabbit C5f ate
Rabbit C5 f is ready to mate
Rabbit A1m is running away from: LionB4
Rabbit A1m is running away from: WolfB2
Rabbit A1 is Hungry
Rabbit A1m ate
Rabbit A1 m is ready to mate
Rabbit A1 m is approaching partner: Rabbit A0f
Rabbit A3m is running away from: LionC0
Rabbit A3m is running away from: WolfC5
Rabbit A3 is Hungry
Rabbit A3m ate
Rabbit A3 m is ready to mate
Rabbit A3 m is approaching partner: Rabbit B2f
Rabbit C1f is running away from: LionC3
Rabbit C1f is running away from: WolfB5
Rabbit C1 is Hungry
Rabbit C1 f is ready to mate
Rabbit A4f is running away from: LionC3
Rabbit A4f is running away from: WolfC0
Rabbit A4 is Hungry
Rabbit A4f ate
Rabbit A4 f is ready to mate
Rabbit B4m is running away from: LionB4
Rabbit B4m is running away from: WolfA5
Rabbit B4 is Hungry
Rabbit B4m ate
Rabbit B4 m is ready to mate
Rabbit B4 m is approaching partner: Rabbit A0f
Rabbit A4f is running away from: LionC0
Rabbit A4f is running away from: WolfA5
Rabbit A4 is Hungry
Rabbit A4f ate
Rabbit A4 f is ready to mate
Rabbit B2f is running away from: LionC3
Rabbit B2f is running away from: WolfB5
Rabbit B2 is Hungry
Rabbit B2f ate
Rabbit B2 f is ready to mate
Rabbit A0m is running away from: LionB4
Rabbit A0m is running away from: WolfC5
Rabbit A0 is Hungry
Rabbit A0m ate
Rabbit A0 m is ready to mate
Rabbit A0 m is approaching partner: Rabbit C5f
Rabbit B3m is running away from: LionB4
Rabbit B3m is running away from: WolfA5
Rabbit B3 is Hungry
Rabbit B3m ate
Rabbit B3 m is ready to mate
Rabbit B3 m is approaching partner: Rabbit A0f
Rabbit B3f is running away from: LionB4
Rabbit B3f is running away from: WolfC1
Rabbit B3 is Hungry
Rabbit B3f ate
Rabbit B3 f is ready to mate
Rabbit C5f is running away from: LionB4
Rabbit C5f is running away from: WolfC3
Rabbit C5 is Hungry
Rabbit C5f ate
Rabbit C5 f is ready to mate
Rabbit B4m is running away from: LionB4
Rabbit B4m is running away from: WolfC1
Rabbit B4 is Hungry
Rabbit B4m ate
Rabbit B4 m is ready to mate
Rabbit B4 m is approaching partner: Rabbit C5f
Rabbit A0f is running away from: LionB4
Rabbit A0f is running away from: WolfA5
Rabbit A0 is Hungry
Rabbit A0f ate
Rabbit A0 f is ready to mate
Rabbit C3m is running away from: LionC0
Rabbit C3m is running away from: WolfA5
Rabbit C3 is Hungry
Rabbit C3m ate
Rabbit C3 m is ready to mate
Rabbit C3 m is approaching partner: Rabbit A4f
Rabbit C5f is running away from: LionB4
Rabbit C5f is running away from: WolfC1
Rabbit C5 is Hungry
Rabbit C5f ate
Rabbit C5 f is ready to mate
Rabbit C1f is running away from: LionC0
Rabbit C1f is running away from: WolfA5
Rabbit C1 is Hungry
Rabbit C1f ate
Rabbit C1 f is ready to mate
Wolf B2m is running away from: LionB4
Wolf C5m is running away from: LionC0
Wolf B5f is running away from: LionC0
Wolf B5m is running away from: LionC0
Wolf C1m is running away from: LionB4
Wolf C3f is running away from: LionB4
Wolf C0m is running away from: LionC0
Wolf A5f is running away from: LionC0
Rabbit A1m is running away from: LionC0
Rabbit A1m is running away from: WolfC1
Rabbit A1 m is ready to mate
Rabbit A1 m is approaching partner: Rabbit C5f
Rabbit A2m is running away from: LionC0
Rabbit A2m is running away from: WolfB5
Rabbit A2 m is ready to mate
Rabbit A2 m is approaching partner: Rabbit C1f
Rabbit C5f is running away from: LionB4
Rabbit C5f is running away from: WolfC5
Rabbit C5 f is ready to mate
Rabbit A1m is running away from: LionB4
Rabbit A1m is running away from: WolfA5
Rabbit A1 m is ready to mate
Rabbit A1 m is approaching partner: Rabbit A0f
Rabbit A3m is running away from: LionC0
Rabbit A3m is running away from: WolfC5
Rabbit A3 m is ready to mate
Rabbit A3 m is approaching partner: Rabbit C5f
Rabbit C1f is running away from: LionC0
Rabbit C1f is running away from: WolfB5
Rabbit C1 is Hungry
Rabbit C1 f is ready to mate
Rabbit A4f is running away from: LionC3
Rabbit A4f is running away from: WolfC0
Rabbit A4 f is ready to mate
Rabbit B4m is running away from: LionB4
Rabbit B4m is running away from: WolfA5
Rabbit B4 m is ready to mate
Rabbit B4 m is approaching partner: Rabbit A0f
Rabbit A4f is running away from: LionC0
Rabbit A4f is running away from: WolfA5
Rabbit A4 f is ready to mate
Rabbit B2f is running away from: LionC0
Rabbit B2f is running away from: WolfB5
Rabbit B2 f is ready to mate
Rabbit A0m is running away from: LionB4
Rabbit A0m is running away from: WolfC5
Rabbit A0 m is ready to mate
Rabbit A0 m is approaching partner: Rabbit C5f
Rabbit B3m is running away from: LionB4
Rabbit B3m is running away from: WolfA5
Rabbit B3 m is ready to mate
Rabbit B3 m is approaching partner: Rabbit A0f
Rabbit B3f is running away from: LionB4
Rabbit B3f is running away from: WolfC1
Rabbit B3 f is ready to mate
Rabbit C5f is running away from: LionB4
Rabbit C5f is running away from: WolfB2
Rabbit C5 f is ready to mate
Rabbit B4m is running away from: LionB4
Rabbit B4m is running away from: WolfA5
Rabbit B4 m is ready to mate
Rabbit B4 m is approaching partner: Rabbit C5f
Rabbit A0f is running away from: LionB4
Rabbit A0f is running away from: WolfA5
Rabbit A0 f is ready to mate
Rabbit C3m is running away from: LionC0
Rabbit C3m is running away from: WolfA5
Rabbit C3 m is ready to mate
Rabbit C3 m is approaching partner: Rabbit A0f
Rabbit C5f is running away from: LionB4
Rabbit C5f is running away from: WolfC1
Rabbit C5 f is ready to mate
Rabbit C1f is running away from: LionC0
Rabbit C1f is running away from: WolfA5
Rabbit C1 f is ready to mate
Lion C0m ate: B5m
Wolf B2m is running away from: LionB4
Wolf C5m is running away from: LionC0
Wolf B5f is running away from: LionC0
Wolf B5m is running away from: LionC0
Wolf C1m is running away from: LionB4
Wolf C3f is running away from: LionB4
Wolf C0m is running away from: LionC0
Wolf A5f is running away from: LionC0
Rabbit A1m is running away from: LionB4
Rabbit A1m is running away from: WolfC5
Rabbit A1 is Hungry
Rabbit A1m ate
Rabbit A1 m is ready to mate
Rabbit A1 m is approaching partner: Rabbit C5f
Rabbit A2m is running away from: LionC0
Rabbit A2m is running away from: WolfB5
Rabbit A2 is Hungry
Rabbit A2m ate
Rabbit A2 m is ready to mate
Rabbit A2 m is approaching partner: Rabbit C1f
Rabbit C5f is running away from: LionB4
Rabbit C5f is running away from: WolfC5
Rabbit C5 is Hungry
Rabbit C5f ate
Rabbit C5 f is ready to mate
Rabbit A1m is running away from: LionB4
Rabbit A1m is running away from: WolfA5
Rabbit A1 is Hungry
Rabbit A1m ate
Rabbit A1 m is ready to mate
Rabbit A1 m is approaching partner: Rabbit A0f
Rabbit A3m is running away from: LionC0
Rabbit A3m is running away from: WolfC5
Rabbit A3 is Hungry
Rabbit A3m ate
Rabbit A3 m is ready to mate
Rabbit A3 m is approaching partner: Rabbit C5f
Rabbit C1f is running away from: LionC0
Rabbit C1f is running away from: WolfB5
Rabbit C1 is Hungry
RabbitC1f died of hunger
Rabbit C1 f is ready to mate
Rabbit A4f is running away from: LionC3
Rabbit A4f is running away from: WolfC0
Rabbit A4 is Hungry
Rabbit A4f ate
Rabbit A4 f is ready to mate
Rabbit B4m is running away from: LionC0
Rabbit B4m is running away from: WolfA5
Rabbit B4 is Hungry
Rabbit B4m ate
Rabbit B4 m is ready to mate
Rabbit B4 m is approaching partner: Rabbit A0f
Rabbit A4f is running away from: LionC0
Rabbit A4f is running away from: WolfA5
Rabbit A4 is Hungry
Rabbit A4f ate
Rabbit A4 f is ready to mate
Rabbit B2f is running away from: LionC0
Rabbit B2f is running away from: WolfB5
Rabbit B2 is Hungry
Rabbit B2 f is ready to mate
Rabbit A0m is running away from: LionB4
Rabbit A0m is running away from: WolfC5
Rabbit A0 is Hungry
Rabbit A0 m is ready to mate
Rabbit A0 m is approaching partner: Rabbit C5f
Rabbit B3m is running away from: LionB4
Rabbit B3m is running away from: WolfA5
Rabbit B3 is Hungry
Rabbit B3m ate
Rabbit B3 m is ready to mate
Rabbit B3 m is approaching partner: Rabbit A0f
Rabbit B3f is running away from: LionB4
Rabbit B3f is running away from: WolfC1
Rabbit B3 is Hungry
Rabbit B3f ate
Rabbit B3 f is ready to mate
Rabbit C5f is running away from: LionB4
Rabbit C5f is running away from: WolfB2
Rabbit C5 is Hungry
Rabbit C5f ate
Rabbit C5 f is ready to mate
Rabbit B4m is running away from: LionB4
Rabbit B4m is running away from: WolfC1
Rabbit B4 is Hungry
Rabbit B4 m is ready to mate
Rabbit B4 m is approaching partner: Rabbit C5f
Rabbit A0f is running away from: LionC0
Rabbit A0f is running away from: WolfA5
Rabbit A0 is Hungry
Rabbit A0f ate
Rabbit A0 f is ready to mate
Rabbit C3m is running away from: LionC0
Rabbit C3m is running away from: WolfA5
Rabbit C3 is Hungry
Rabbit C3m ate
Rabbit C3 m is ready to mate
Rabbit C3 m is approaching partner: Rabbit A0f
Rabbit C5f is running away from: LionB4
Rabbit C5f is running away from: WolfA5
Rabbit C5 is Hungry
Rabbit C5 f is ready to mate
Rabbit C1f is running away from: LionC0
Rabbit C1f is running away from: WolfA5
Rabbit C1 is Hungry
Rabbit C1 f is ready to mate
Wolf B2m is running away from: LionB4
Wolf B2 m is ready to mate
Wolf C5m is running away from: LionC0
Wolf C5 m is ready to mate
Wolf B5f is running away from: LionC0
Wolf B5 f is ready to mate
Wolf B5m is running away from: LionC0
Wolf B5 m is ready to mate
Wolf C1m is running away from: LionB4
Wolf C1 m is ready to mate
Wolf C3f is running away from: LionB4
Wolf C3 f is ready to mate
Wolf C0m is running away from: LionC0
Wolf C0 m is ready to mate
Wolf A5f is running away from: LionC0
Wolf A5 f is ready to mate
Rabbit A1m is running away from: LionB4
Rabbit A1m is running away from: WolfC5
Rabbit A1 m is ready to mate
Rabbit A1 m is approaching partner: Rabbit C5f
Rabbit A2m is running away from: LionC0
Rabbit A2m is running away from: WolfB5
Rabbit A2 m is ready to mate
Rabbit A2 m is approaching partner: Rabbit B2f
Rabbit C5f is running away from: LionC0
Rabbit C5f is running away from: WolfC5
Rabbit C5 f is ready to mate
Rabbit A1m is running away from: LionB4
Rabbit A1m is running away from: WolfA5
Rabbit A1 m is ready to mate
Rabbit A1 m is approaching partner: Rabbit A0f
Rabbit C2 m was born!Father is A1 and Mother is A0
Rabbit A3m is running away from: LionC0
Rabbit A3m is running away from: WolfC0
Rabbit A3 m is ready to mate
Rabbit A3 m is approaching partner: Rabbit C5f
Rabbit A4f is running away from: LionC3
Rabbit A4f is running away from: WolfC0
Rabbit A4 f is ready to mate
Rabbit B4m is running away from: LionB4
Rabbit B4m is running away from: WolfA5
Rabbit B4 m is ready to mate
Rabbit B4 m is approaching partner: Rabbit A4f
Rabbit A4f is running away from: LionC0
Rabbit A4f is running away from: WolfA5
Rabbit A4 f is ready to mate
Rabbit B2f is running away from: LionC0
Rabbit B2f is running away from: WolfB5
Rabbit B2 is Hungry
Rabbit B2 f is ready to mate
Rabbit A0m is running away from: LionC0
Rabbit A0m is running away from: WolfC5
Rabbit A0 is Hungry
Rabbit A0m ate
Rabbit A0 m is ready to mate
Rabbit A0 m is approaching partner: Rabbit C5f
Rabbit B3m is running away from: LionB4
Rabbit B3m is running away from: WolfA5
Rabbit B3 m is ready to mate
Rabbit B3 m is approaching partner: Rabbit A4f
Rabbit B3f is running away from: LionB4
Rabbit B3f is running away from: WolfC1
Rabbit B3 f is ready to mate
Rabbit C5f is running away from: LionB4
Rabbit C5f is running away from: WolfB2
Rabbit C5 f is ready to mate
Rabbit B4m is running away from: LionB4
Rabbit B4m is running away from: WolfA5
Rabbit B4 is Hungry
Rabbit B4 m is ready to mate
Rabbit B4 m is approaching partner: Rabbit C5f
Rabbit A0f is running away from: LionB4
Rabbit A0f is running away from: WolfA5
Rabbit C3m is running away from: LionC0
Rabbit C3m is running away from: WolfA5
Rabbit C3 m is ready to mate
Rabbit C3 m is approaching partner: Rabbit A4f
Rabbit C5f is running away from: LionB4
Rabbit C5f is running away from: WolfA5
Rabbit C5 is Hungry
Rabbit C5 f is ready to mate
Rabbit C1f is running away from: LionC0
Rabbit C1f is running away from: WolfA5
Rabbit C1 is Hungry
Rabbit C1 f is ready to mate
Wolf B2m is running away from: LionB4
Wolf B2 m is ready to mate
Wolf C5m is running away from: LionB4
Wolf C5 m is ready to mate
Wolf B5f is running away from: LionC3
Wolf B5f ate!
Wolf B5 f is ready to mate
Wolf B5m is running away from: LionC0
Wolf B5 m is ready to mate
Wolf C1m is running away from: LionC0
Wolf C1 m is ready to mate
Wolf C3f is running away from: LionB4
Wolf C3 f is ready to mate
Wolf C0m is running away from: LionC3
Wolf C0 m is ready to mate
Wolf A5f is running away from: LionC0
Wolf A5 f is ready to mate
Rabbit A1m is running away from: LionC0
Rabbit A1m is running away from: WolfC5
Rabbit A1 is Hungry
Rabbit A1 m is ready to mate
Rabbit A1 m is approaching partner: Rabbit C5f
Rabbit C5f is running away from: LionB4
Rabbit C5f is running away from: WolfC5
Rabbit C5 is Hungry
Rabbit C5f ate
Rabbit C5 f is ready to mate
Rabbit A1m is running away from: LionB4
Rabbit A1m is running away from: WolfA5
Rabbit A1 is Hungry
Rabbit A1m ate
Rabbit A1 m is ready to mate
Rabbit A1 m is approaching partner: Rabbit A4f
Rabbit A3m is running away from: LionC0
Rabbit A3m is running away from: WolfC5
Rabbit A3 is Hungry
Rabbit A3m ate
Rabbit A3 m is ready to mate
Rabbit A3 m is approaching partner: Rabbit C5f
Rabbit A4f is running away from: LionC3
Rabbit A4f is running away from: WolfC0
Rabbit A4 is Hungry
Rabbit A4 f is ready to mate
Rabbit B4m is running away from: LionC0
Rabbit B4m is running away from: WolfA5
Rabbit B4 is Hungry
Rabbit B4 m is ready to mate
Rabbit B4 m is approaching partner: Rabbit A4f
Rabbit A4f is running away from: LionC0
Rabbit A4f is running away from: WolfA5
Rabbit A4 is Hungry
Rabbit A4f ate
Rabbit A4 f is ready to mate
Rabbit B2f is running away from: LionC3
Rabbit B2f is running away from: WolfB5
Rabbit B2 is Hungry
RabbitB2f died of hunger
Rabbit B2 f is ready to mate
Rabbit A0m is running away from: LionB4
Rabbit A0m is running away from: WolfC5
Rabbit A0 m is ready to mate
Rabbit A0 m is approaching partner: Rabbit C5f
Rabbit B3m is running away from: LionC0
Rabbit B3m is running away from: WolfA5
Rabbit B3 is Hungry
Rabbit B3m ate
Rabbit B3 m is ready to mate
Rabbit B3 m is approaching partner: Rabbit A4f
Rabbit B3f is running away from: LionB4
Rabbit B3f is running away from: WolfC1
Rabbit B3 is Hungry
Rabbit B3f ate
Rabbit B3 f is ready to mate
Rabbit C5f is running away from: LionB4
Rabbit C5f is running away from: WolfC3
Rabbit C5 is Hungry
Rabbit C5f ate
Rabbit C5 f is ready to mate
Rabbit B4m is running away from: LionB4
Rabbit B4m is running away from: WolfA5
Rabbit B4 is Hungry
RabbitB4m died of hunger
Rabbit B4m ate
Rabbit B4 m is ready to mate
Rabbit B4 m is approaching partner: Rabbit C5f
Rabbit A0f is running away from: LionB4
Rabbit A0f is running away from: WolfA5
Rabbit A0 is Hungry
Rabbit C3m is running away from: LionC0
Rabbit C3m is running away from: WolfB5
Rabbit C3 is Hungry
Rabbit C3m ate
Rabbit C3 m is ready to mate
Rabbit C3 m is approaching partner: Rabbit A4f
Rabbit C5f is running away from: LionB4
Rabbit C5f is running away from: WolfA5
Rabbit C5 is Hungry
RabbitC5f died of hunger
Rabbit C5 f is ready to mate
Rabbit C1f is running away from: LionC0
Rabbit C1f is running away from: WolfB5
Rabbit C1 is Hungry
RabbitC1f died of hunger
Rabbit C1f ate
Rabbit C1 f is ready to mate
Rabbit C2m is running away from: LionB4
Rabbit C2m is running away from: WolfA5
Wolf B2m is running away from: LionB4
Wolf B2 m is ready to mate
Wolf C5m is running away from: LionB4
Wolf C5 m is ready to mate
Wolf B5f is running away from: LionC3
Wolf B5 f is ready to mate
Wolf B5m is running away from: LionC0
Wolf B5 m is ready to mate
Wolf C1m is running away from: LionB4
Wolf C1 m is ready to mate
Wolf C3f is running away from: LionB4
Wolf C3 f is ready to mate
Wolf C0m is running away from: LionC3
Wolf C0 m is ready to mate
Wolf C5 m was born! Father is C0 and Mother is B5
Wolf A5f is running away from: LionB4
Wolf A5 f is ready to mate
Rabbit A1m is running away from: LionB4
Rabbit A1m is running away from: WolfC3
Rabbit A1 is Hungry
Rabbit A1 m is ready to mate
Rabbit A1 m is approaching partner: Rabbit C5f
Rabbit A4 m was born!Father is A1 and Mother is C5
Rabbit C5f is running away from: LionB4
Rabbit C5f is running away from: WolfC1
Rabbit A1m is running away from: LionB4
Rabbit A1m is running away from: WolfA5
Rabbit A1 m is ready to mate
Rabbit A1 m is approaching partner: Rabbit A4f
Rabbit A3m is running away from: LionC0
Rabbit A3m is running away from: WolfC5
Rabbit A3 m is ready to mate
Rabbit A3 m is approaching partner: Rabbit B3f
Rabbit A4f is running away from: LionC3
Rabbit A4f is running away from: WolfC0
Rabbit A4 is Hungry
Rabbit A4 f is ready to mate
Rabbit B4m is running away from: LionB4
Rabbit B4m is running away from: WolfA5
Rabbit B4 is Hungry
Rabbit B4m ate
Rabbit B4 m is ready to mate
Rabbit B4 m is approaching partner: Rabbit A4f
Rabbit A4f is running away from: LionB4
Rabbit A4f is running away from: WolfA5
Rabbit A4 f is ready to mate
Rabbit A0m is running away from: LionB4
Rabbit A0m is running away from: WolfC1
Rabbit A0 is Hungry
Rabbit A0m ate
Rabbit A0 m is ready to mate
Rabbit A0 m is approaching partner: Rabbit C5f
Rabbit B3m is running away from: LionC0
Rabbit B3m is running away from: WolfA5
Rabbit B3 m is ready to mate
Rabbit B3 m is approaching partner: Rabbit A4f
Rabbit B3f is running away from: LionB4
Rabbit B3f is running away from: WolfC1
Rabbit B3 f is ready to mate
Rabbit C5f is running away from: LionB4
Rabbit C5f is running away from: WolfC3
Rabbit C5 f is ready to mate
Rabbit A0f is running away from: LionB4
Rabbit A0f is running away from: WolfA5
Rabbit A0 is Hungry
Rabbit A0f ate
Rabbit C3m is running away from: LionC0
Rabbit C3m is running away from: WolfA5
Rabbit C3 m is ready to mate
Rabbit C3 m is approaching partner: Rabbit A4f
Rabbit C2m is running away from: LionB4
Rabbit C2m is running away from: WolfA5
Rabbit C2 is Hungry
Rabbit C2m ate
Rabbit C2 m is ready to mate
Rabbit C2 m is approaching partner: Rabbit A4f
Lion B4 m is ready to mate
Lion C0 m is ready to mate
Lion C0 m is ready to mate
Lion B4 f is ready to mate
Lion C3 m is ready to mate
Wolf B2m is running away from: LionB4
Wolf B2 m is ready to mate
Wolf C5m is running away from: LionB4
Wolf C5 m is ready to mate
Wolf B5f is running away from: LionC3
Wolf B5m is running away from: LionC0
Wolf B5 m is ready to mate
Wolf C1m is running away from: LionB4
Wolf C1 m is ready to mate
Wolf C3f is running away from: LionB4
Wolf C3 f is ready to mate
Wolf C0m is running away from: LionC3
Wolf C0 m is ready to mate
Wolf A5f is running away from: LionB4
Wolf A5 f is ready to mate
Wolf C5m is running away from: LionC3
Rabbit A1m is running away from: LionB4
Rabbit A1m is running away from: WolfC5
Rabbit A1 is Hungry
RabbitA1m died of hunger
Rabbit A1 m is ready to mate
Rabbit A1 m is approaching partner: Rabbit B3f
Rabbit C5f is running away from: LionB4
Rabbit C5f is running away from: WolfC5
Rabbit C5 is Hungry
Rabbit C5f ate
Rabbit A1m is running away from: LionC0
Rabbit A1m is running away from: WolfA5
Rabbit A1 is Hungry
Rabbit A1m ate
Rabbit A1 m is ready to mate
Rabbit A1 m is approaching partner: Rabbit A4f
Rabbit A3m is running away from: LionC0
Rabbit A3m is running away from: WolfC1
Rabbit A3 is Hungry
Rabbit A3 m is ready to mate
Rabbit A3 m is approaching partner: Rabbit B3f
Rabbit A4f is running away from: LionC3
Rabbit A4f is running away from: WolfC5
Rabbit A4 is Hungry
RabbitA4f died of hunger
Rabbit A4 f is ready to mate
Rabbit B4m is running away from: LionC0
Rabbit B4m is running away from: WolfA5
Rabbit B4 m is ready to mate
Rabbit B4 m is approaching partner: Rabbit A4f
Rabbit A4f is running away from: LionC0
Rabbit A4f is running away from: WolfB5
Rabbit A4 is Hungry
Rabbit A4f ate
Rabbit A4 f is ready to mate
Rabbit A0m is running away from: LionB4
Rabbit A0m is running away from: WolfC5
Rabbit A0 m is ready to mate
Rabbit A0 m is approaching partner: Rabbit C5f
Rabbit B3 f was born!Father is A0 and Mother is C5
Rabbit B3m is running away from: LionC0
Rabbit B3m is running away from: WolfA5
Rabbit B3 is Hungry
Rabbit B3 m is ready to mate
Rabbit B3 m is approaching partner: Rabbit A4f
Rabbit B3f is running away from: LionB4
Rabbit B3f is running away from: WolfC1
Rabbit B3 is Hungry
Rabbit B3 f is ready to mate
Rabbit C5f is running away from: LionB4
Rabbit C5f is running away from: WolfB2
Rabbit C5 is Hungry
Rabbit C5f ate
Rabbit A0f is running away from: LionC0
Rabbit A0f is running away from: WolfA5
Rabbit A0 f is ready to mate
Rabbit C3m is running away from: LionC0
Rabbit C3m is running away from: WolfA5
Rabbit C3 is Hungry
Rabbit C3m ate
Rabbit C3 m is ready to mate
Rabbit C3 m is approaching partner: Rabbit A0f
Rabbit C2m is running away from: LionB4
Rabbit C2m is running away from: WolfA5
Rabbit C2 m is ready to mate
Rabbit C2 m is approaching partner: Rabbit A0f
Rabbit A4m is running away from: LionB4
Rabbit A4m is running away from: WolfC5
Lion B4 is Hungry
LionB4mis chasing: C1m
Lion B4 m is ready to mate
Lion C0 is Hungry
LionC0mis chasing: C1m
Lion C0 m is ready to mate
Lion C0 m is ready to mate
Lion B4 is Hungry
LionB4fis chasing: C1m
Lion B4 f is ready to mate
Lion C3 is Hungry
LionC3mis chasing: A3m
Lion C3 m is ready to mate
Wolf B2m is running away from: LionB4
Wolf B2 m is ready to mate
Wolf C5m is running away from: LionC0
Wolf C5 m is ready to mate
Wolf B5f is running away from: LionC3
Wolf B5m is running away from: LionC0
Wolf B5 m is ready to mate
Wolf C1m is running away from: LionC0
Wolf C1 m is ready to mate
Wolf C3f is running away from: LionB4
Wolf C3 f is ready to mate
Wolf C0m is running away from: LionC3
Wolf C0 m is ready to mate
Wolf A5f is running away from: LionC0
Wolf A5 f is ready to mate
Wolf C5m is running away from: LionC3
Rabbit C5f is running away from: LionC0
Rabbit C5f is running away from: WolfC5
Rabbit A1m is running away from: LionC0
Rabbit A1m is running away from: WolfA5
Rabbit A1 m is ready to mate
Rabbit A1 m is approaching partner: Rabbit A0f
Rabbit A3m is running away from: LionC0
Rabbit A3m is running away from: WolfC1
Rabbit A3 is Hungry
Rabbit A3 m is ready to mate
Rabbit A3 m is approaching partner: Rabbit B3f
Rabbit A5 f was born!Father is A3 and Mother is B3
Rabbit B4m is running away from: LionC0
Rabbit B4m is running away from: WolfA5
Rabbit B4 is Hungry
Rabbit B4m ate
Rabbit B4 m is ready to mate
Rabbit B4 m is approaching partner: Rabbit A0f
Rabbit A4f is running away from: LionB4
Rabbit A4f is running away from: WolfB5
Rabbit A4 f is ready to mate
Rabbit A0m is running away from: LionC0
Rabbit A0m is running away from: WolfC1
Rabbit A0 is Hungry
Rabbit A0m ate
Rabbit A0 m is ready to mate
Rabbit A0 m is approaching partner: Rabbit A0f
Rabbit B3m is running away from: LionC0
Rabbit B3m is running away from: WolfA5
Rabbit B3 is Hungry
Rabbit B3 m is ready to mate
Rabbit B3 m is approaching partner: Rabbit A0f
Rabbit B3f is running away from: LionC0
Rabbit B3f is running away from: WolfC1
Rabbit B3 is Hungry
Rabbit B3f ate
Rabbit C5f is running away from: LionC0
Rabbit C5f is running away from: WolfC1
Rabbit A0f is running away from: LionC0
Rabbit A0f is running away from: WolfA5
Rabbit A0 is Hungry
Rabbit A0f ate
Rabbit A0 f is ready to mate
Rabbit C3m is running away from: LionC0
Rabbit C3m is running away from: WolfA5
Rabbit C3 m is ready to mate
Rabbit C3 m is approaching partner: Rabbit A0f
Rabbit C2m is running away from: LionC0
Rabbit C2m is running away from: WolfA5
Rabbit C2 is Hungry
Rabbit C2 m is ready to mate
Rabbit C2 m is approaching partner: Rabbit A0f
Rabbit A4m is running away from: LionC0
Rabbit A4m is running away from: WolfC1
Rabbit A4 is Hungry
Rabbit A4m ate
Rabbit B3f is running away from: LionB4
Rabbit B3f is running away from: WolfC3
Lion B4 is Hungry
LionB4mis chasing: C1m
Lion B4 m is ready to mate
Lion C0 is Hungry
LionC0mis chasing: C1m
Lion C0 m is ready to mate
Lion C0 m is ready to mate
Lion B4 is Hungry
LionB4fis chasing: C1m
Lion B4 f is ready to mate
Lion C3 is Hungry
LionC3mis chasing: C1m
Lion C3 m is ready to mate
Wolf B2m is running away from: LionB4
Wolf B2 m is ready to mate
Wolf C5m is running away from: LionC0
Wolf C5 m is ready to mate
Wolf B5f is running away from: LionC3
Wolf B5m is running away from: LionC0
Wolf B5 m is ready to mate
Wolf C1m is running away from: LionC0
Wolf C1 m is ready to mate
Wolf C3f is running away from: LionB4
Wolf C3 f is ready to mate
Wolf C0m is running away from: LionC3
Wolf C0 m is ready to mate
Wolf A5f is running away from: LionB4
Wolf A5 f is ready to mate
Wolf C5m is running away from: LionC3
Rabbit C5 is Thirsty
Rabbit C5 drank water
Rabbit C5f is running away from: LionC0
Rabbit C5f is running away from: WolfC3
Rabbit C5 is Hungry
Rabbit C5f ate
Rabbit C5 f is ready to mate
Rabbit A1 is Thirsty
Rabbit A1 drank water
Rabbit A1m is running away from: LionC0
Rabbit A1m is running away from: WolfA5
Rabbit A1 is Hungry
Rabbit A1 m is ready to mate
Rabbit A1 m is approaching partner: Rabbit A0f
Rabbit A3 is Thirsty
Rabbit A3 drank water
Rabbit A3m is running away from: LionC0
Rabbit A3m is running away from: WolfC1
Rabbit A3 is Hungry
RabbitA3m died of hunger
Rabbit A3 m is ready to mate
Rabbit A3 m is approaching partner: Rabbit C5f
Rabbit A3 m was born!Father is A3 and Mother is C5
Rabbit B4 is Thirsty
Rabbit B4 drank water
Rabbit B4m is running away from: LionC0
Rabbit B4m is running away from: WolfA5
Rabbit B4 m is ready to mate
Rabbit B4 m is approaching partner: Rabbit A0f
Rabbit A4 is Thirsty
Rabbit A4 drank water
Rabbit A4f is running away from: LionC0
Rabbit A4f is running away from: WolfB5
Rabbit A4 is Hungry
Rabbit A4 f is ready to mate
Rabbit A0 is Thirsty
Rabbit A0 drank water
Rabbit A0m is running away from: LionB4
Rabbit A0m is running away from: WolfB2
Rabbit A0 m is ready to mate
Rabbit A0 m is approaching partner: Rabbit A0f
Rabbit B3 is Thirsty
Rabbit B3 drank water
Rabbit B3m is running away from: LionC0
Rabbit B3m is running away from: WolfA5
Rabbit B3 is Hungry
RabbitB3m died of hunger
Rabbit B3 m is ready to mate
Rabbit B3 m is approaching partner: Rabbit A0f
Rabbit B3 is Thirsty
Rabbit B3 drank water
Rabbit B3f is running away from: LionC0
Rabbit B3f is running away from: WolfC1
Rabbit C5 is Thirsty
Rabbit C5 drank water
Rabbit C5f is running away from: LionC0
Rabbit C5f is running away from: WolfC5
Rabbit C5 is Hungry
Rabbit A0 is Thirsty
Rabbit A0 drank water
Rabbit A0f is running away from: LionB4
Rabbit A0f is running away from: WolfA5
Rabbit A0 f is ready to mate
Rabbit C3 is Thirsty
Rabbit C3 drank water
Rabbit C3m is running away from: LionC0
Rabbit C3m is running away from: WolfA5
Rabbit C3 is Hungry
Rabbit C3m ate
Rabbit C3 m is ready to mate
Rabbit C3 m is approaching partner: Rabbit A0f
Rabbit C2m is running away from: LionB4
Rabbit C2m is running away from: WolfA5
Rabbit C2 is Hungry
Rabbit C2 m is ready to mate
Rabbit C2 m is approaching partner: Rabbit A0f
Rabbit A4m is running away from: LionC0
Rabbit A4m is running away from: WolfB2
Rabbit A4 m is ready to mate
Rabbit A4 m is approaching partner: Rabbit A0f
Rabbit B3f is running away from: LionB4
Rabbit B3f is running away from: WolfB2
Rabbit B3 is Hungry
Rabbit B3f ate
Rabbit A5f is running away from: LionC0
Rabbit A5f is running away from: WolfB2
Lion B4 is Thirsty
Lion B4 drank water
Lion B4 is Hungry
LionB4mis chasing: C1m
Lion B4 m is ready to mate
Lion C0 is Thirsty
Lion C0 drank water
Lion C0 is Hungry
LionC0mis chasing: C1m
Lion C0 m is ready to mate
Lion C0 is Thirsty
Lion C0 drank water
Lion C0 m is ready to mate
Lion B4 is Thirsty
Lion B4 drank water
Lion B4 is Hungry
LionB4fis chasing: A4m
Lion B4 f is ready to mate
Lion C3 is Thirsty
Lion C3 drank water
Lion C3 is Hungry
LionC3mis chasing: C1m
Lion C3 m is ready to mate
Wolf B2m is running away from: LionB4
Wolf B2 m is ready to mate
Wolf C5m is running away from: LionC0
Wolf C5 m is ready to mate
Wolf B5f is running away from: LionC3
Wolf B5m is running away from: LionC0
Wolf B5 m is ready to mate
Wolf C1m is running away from: LionC0
Wolf C1m ate!
Wolf C1 m is ready to mate
Wolf C3f is running away from: LionC0
Wolf C3 f is ready to mate
Wolf C0m is running away from: LionC3
Wolf C0 m is ready to mate
Wolf A5f is running away from: LionC0
Wolf A5 f is ready to mate
Wolf C5m is running away from: LionC3
Rabbit C5 is Thirsty
Rabbit C5 drank water
Rabbit C5f is running away from: LionC0
Rabbit C5f is running away from: WolfC5
Rabbit A1 is Thirsty
Rabbit A1 drank water
Rabbit A1m is running away from: LionC0
Rabbit A1m is running away from: WolfB5
Rabbit A1 is Hungry
Rabbit A1m ate
Rabbit A1 m is ready to mate
Rabbit A1 m is approaching partner: Rabbit A0f
Rabbit B4 is Thirsty
Rabbit B4 drank water
Rabbit B4m is running away from: LionC0
Rabbit B4m is running away from: WolfB5
Rabbit B4 is Hungry
Rabbit B4 m is ready to mate
Rabbit B4 m is approaching partner: Rabbit A0f
Rabbit A4 is Thirsty
Rabbit A4 drank water
Rabbit A4f is running away from: LionC0
Rabbit A4f is running away from: WolfB5
Rabbit A4 is Hungry
Rabbit A4 f is ready to mate
Rabbit A0 is Thirsty
Rabbit A0 drank water
Rabbit A0m is running away from: LionB4
Rabbit A0m is running away from: WolfB2
Rabbit A0 is Hungry
Rabbit A0m ate
Rabbit A0 m is ready to mate
Rabbit A0 m is approaching partner: Rabbit A0f
Rabbit B3 is Thirsty
Rabbit B3 drank water
Rabbit B3f is running away from: LionC0
Rabbit B3f is running away from: WolfC1
Rabbit B3 is Hungry
Rabbit B3f ate
Rabbit C5 is Thirsty
Rabbit C5 drank water
Rabbit C5f is running away from: LionC0
Rabbit C5f is running away from: WolfC5
Rabbit C5 is Hungry
Rabbit C5f ate
Rabbit C5 f is ready to mate
Rabbit A0 is Thirsty
Rabbit A0 drank water
Rabbit A0f is running away from: LionB4
Rabbit A0f is running away from: WolfB5
Rabbit A0 is Hungry
Rabbit A0 f is ready to mate
Rabbit C3 is Thirsty
Rabbit C3 drank water
Rabbit C3m is running away from: LionC0
Rabbit C3m is running away from: WolfB5
Rabbit C3 m is ready to mate
Rabbit C3 m is approaching partner: Rabbit A0f
Rabbit C0 m was born!Father is C3 and Mother is A0
Rabbit C2m is running away from: LionB4
Rabbit C2m is running away from: WolfB5
Rabbit C2 is Hungry
RabbitC2m died of hunger
Rabbit C2 m is ready to mate
Rabbit C2 m is approaching partner: Rabbit A4f
Rabbit A4m is running away from: LionC0
Rabbit A4m is running away from: WolfC1
Rabbit A4 is Hungry
Rabbit A4 m is ready to mate
Rabbit A4 m is approaching partner: Rabbit C5f
Rabbit B3f is running away from: LionC0
Rabbit B3f is running away from: WolfB2
Rabbit B3 f is ready to mate
Rabbit A3m is running away from: LionC0
Rabbit A3m is running away from: WolfC5
Lion B4 is Thirsty
Lion B4 drank water
Lion B4 is Hungry
LionB4mis chasing: A4m
Lion B4 m is ready to mate
Lion C0 is Thirsty
Lion C0 drank water
Lion C0 is Hungry
LionC0mis chasing: C1m
Lion C0 m is ready to mate
Lion C0 is Thirsty
Lion C0 drank water
Lion C0 is Hungry
LionC0mis chasing: B5m
Lion C0 m is ready to mate
Lion B4 is Thirsty
Lion B4 drank water
Lion B4 is Hungry
LionB4fis chasing: A4m
Lion B4 f is ready to mate
Lion C3 is Thirsty
Lion C3 drank water
Lion C3 is Hungry
LionC3mis chasing: C5f
Lion C3 m is ready to mate
Wolf B2m is running away from: LionC0
Wolf B2 m is ready to mate
Wolf C5m is running away from: LionC0
Wolf C5 m is ready to mate
Wolf B5f is running away from: LionC3
Wolf B5m is running away from: LionC0
Wolf B5 m is ready to mate
Wolf C1m is running away from: LionC0
Wolf C1 m is ready to mate
Wolf C3f is running away from: LionC0
Wolf C3 f is ready to mate
Wolf C0m is running away from: LionC3
Wolf C0 m is ready to mate
Wolf A5f is running away from: LionC0
Wolf A5 f is ready to mate
Wolf C5m is running away from: LionC3
Rabbit C5 is Thirsty
Rabbit C5 drank water
Rabbit C5f is running away from: LionC0
Rabbit C5f is running away from: WolfC1
Rabbit C5 is Hungry
Rabbit C5f ate
Rabbit A1m is running away from: LionC0
Rabbit A1m is running away from: WolfB5
Rabbit A1 m is ready to mate
Rabbit A1 m is approaching partner: Rabbit B3f
Rabbit B4m is running away from: LionC0
Rabbit B4m is running away from: WolfB5
Rabbit B4 is Hungry
Rabbit B4 m is ready to mate
Rabbit B4 m is approaching partner: Rabbit B3f
Rabbit A4 is Thirsty
Rabbit A4 drank water
Rabbit A4f is running away from: LionC0
Rabbit A4f is running away from: WolfA5
Rabbit A4 is Hungry
RabbitA4f died of hunger
Rabbit A4f ate
Rabbit A4 f is ready to mate
Rabbit A0 is Thirsty
Rabbit A0 drank water
Rabbit A0m is running away from: LionC0
Rabbit A0m is running away from: WolfB2
Rabbit A0 m is ready to mate
Rabbit A0 m is approaching partner: Rabbit B3f
Rabbit B3f is running away from: LionC0
Rabbit B3f is running away from: WolfC1
Rabbit B3 f is ready to mate
Rabbit C5 is Thirsty
Rabbit C5 drank water
Rabbit C5f is running away from: LionC0
Rabbit C5f is running away from: WolfC1
Rabbit C5 f is ready to mate
Rabbit A0 is Thirsty
Rabbit A0 drank water
Rabbit A0f is running away from: LionB4
Rabbit A0f is running away from: WolfB5
Rabbit A0 is Hungry
Rabbit A0f ate
Rabbit C3m is running away from: LionC0
Rabbit C3m is running away from: WolfB5
Rabbit C3 is Hungry
Rabbit C3m ate
Rabbit C3 m is ready to mate
Rabbit C3 m is approaching partner: Rabbit B3f
Rabbit A4m is running away from: LionC0
Rabbit A4m is running away from: WolfC1
Rabbit A4 is Hungry
Rabbit A4m ate
Rabbit A4 m is ready to mate
Rabbit A4 m is approaching partner: Rabbit B3f
Rabbit B3f is running away from: LionC0
Rabbit B3f is running away from: WolfB2
Rabbit B3 is Hungry
Rabbit B3f ate
Rabbit B3 f is ready to mate
Rabbit A3m is running away from: LionC0
Rabbit A3m is running away from: WolfC1
Rabbit A3 is Hungry
Rabbit A3m ate
Rabbit C0m is running away from: LionC0
Rabbit C0m is running away from: WolfB5
Lion B4 is Thirsty
Lion B4 drank water
Lion B4 is Hungry
LionB4mis chasing: A5f
Lion B4 m is ready to mate
Lion C0 is Thirsty
Lion C0 drank water
Lion C0 is Hungry
LionC0mis chasing: C1m
Lion C0 m is ready to mate
Lion C0 is Thirsty
Lion C0 drank water
Lion C0 is Hungry
LionC0mis chasing: B5m
Lion C0 m is ready to mate
Lion B4 is Thirsty
Lion B4 drank water
Lion B4 is Hungry
LionB4fis chasing: A0m
Lion B4 f is ready to mate
Lion C3 is Thirsty
Lion C3 drank water
Lion C3 is Hungry
LionC3mis chasing: C5f
Lion C3 m is ready to mate
Wolf B2m is running away from: LionC0
Wolf B2 is Hungry
Wolf B2m is chasing: B3f
Wolf B2 m is ready to mate
Wolf A3 m was born! Father is B2 and Mother is C3
Wolf C5m is running away from: LionC0
Wolf C5 is Hungry
Wolf C5m is chasing: B3f
Wolf C5m ate!
Wolf C5 m is ready to mate
Wolf B5f is running away from: LionC0
Wolf B5m is running away from: LionC0
Wolf B5 is Hungry
Wolf B5m is chasing: B4m
Wolf B5 m is ready to mate
Wolf C4 m was born! Father is B5 and Mother is A5
Wolf C1m is running away from: LionC0
Wolf C1 m is ready to mate
No Female Wolf Partner or Female Wolf Partner not ready yet!
Wolf C3f is running away from: LionC0
Wolf C3 is Hungry
Wolf C3f is chasing: A3m
Wolf C0m is running away from: LionC0
Wolf C0 m is ready to mate
No Female Wolf Partner or Female Wolf Partner not ready yet!
Wolf A5f is running away from: LionC0
Wolf A5 is Hungry
Wolf A5f is chasing: B4m
Wolf C5m is running away from: LionC0
Rabbit C5 is Thirsty
Rabbit C5 drank water
Rabbit C5f is running away from: LionC0
Rabbit C5f is running away from: WolfC1
Rabbit C5 f is ready to mate
Rabbit A1m is running away from: LionB4
Rabbit A1m is running away from: WolfA5
Rabbit A1 is Hungry
Rabbit A1 m is ready to mate
Rabbit A1 m is approaching partner: Rabbit B3f
Rabbit B4m is running away from: LionC0
Rabbit B4m is running away from: WolfA5
Rabbit B4 is Hungry
RabbitB4m died of hunger
Rabbit B4m ate
Rabbit B4 m is ready to mate
Rabbit B4 m is approaching partner: Rabbit B3f
Rabbit A0 is Thirsty
Rabbit A0 drank water
Rabbit A0m is running away from: LionC0
Rabbit A0m is running away from: WolfA3
Rabbit A0 is Hungry
Rabbit A0m ate
Rabbit A0 m is ready to mate
Rabbit A0 m is approaching partner: Rabbit B3f
Rabbit C5 is Thirsty
Rabbit C5 drank water
Rabbit C5f is running away from: LionC0
Rabbit C5f is running away from: WolfC1
Rabbit C5 is Hungry
Rabbit C5f ate
Rabbit C5 f is ready to mate
Rabbit A0 is Thirsty
Rabbit A0 drank water
Rabbit A0f is running away from: LionB4
Rabbit A0f is running away from: WolfA5
Rabbit C3m is running away from: LionB4
Rabbit C3m is running away from: WolfA5
Rabbit C3 m is ready to mate
Rabbit C3 m is approaching partner: Rabbit B3f
Rabbit A4m is running away from: LionC0
Rabbit A4m is running away from: WolfA3
Rabbit A4 m is ready to mate
Rabbit A4 m is approaching partner: Rabbit B3f
Rabbit B3f is running away from: LionC0
Rabbit B3f is running away from: WolfC5
Rabbit B3 f is ready to mate
Rabbit A3m is running away from: LionC0
Rabbit A3m is running away from: WolfC5
Rabbit A3 m is ready to mate
Rabbit A3 m is approaching partner: Rabbit C5f
Rabbit B5 m was born!Father is A3 and Mother is C5
Rabbit C0m is running away from: LionB4
Rabbit C0m is running away from: WolfA5
Rabbit C0 is Hungry
Lion B4 is Thirsty
Lion B4 drank water
Lion B4 is Hungry
LionB4mis chasing: A5f
Lion B4 m is ready to mate
Lion C0 is Hungry
LionC0mis chasing: A0m
Lion C0 m is ready to mate
Lion C0 is Thirsty
Lion C0 drank water
Lion C0 is Hungry
LionC0mis chasing: B5m
Lion C0 m is ready to mate
Lion B4 is Thirsty
Lion B4 drank water
Lion B4 is Hungry
LionB4fis chasing: A0m
Lion B4 f is ready to mate
Lion C3 is Thirsty
Lion C3 drank water
Lion C3 is Hungry
LionC3mis chasing: C5f
Lion C3 m is ready to mate
Wolf B2m is running away from: LionC0
Wolf B2 is Hungry
Wolf B2m is chasing: B3f
Wolf B2 m is ready to mate
No Female Wolf Partner or Female Wolf Partner not ready yet!
Wolf C5m is running away from: LionC0
Wolf C5 m is ready to mate
No Female Wolf Partner or Female Wolf Partner not ready yet!
Wolf B5f is running away from: LionC3
Wolf B5m is running away from: LionC0
Wolf B5 is Hungry
Wolf B5m is chasing: A1m
Wolf B5 m is ready to mate
No Female Wolf Partner or Female Wolf Partner not ready yet!
Wolf C1m is running away from: LionC0
Wolf C1 m is ready to mate
No Female Wolf Partner or Female Wolf Partner not ready yet!
Wolf C3f is running away from: LionC0
Wolf C3 is Hungry
Wolf C3f is chasing: B3f
Wolf C0m is running away from: LionC3
Wolf C0 is Hungry
Wolf C0m is chasing: A3m
Wolf C0 m is ready to mate
No Female Wolf Partner or Female Wolf Partner not ready yet!
Wolf A5f is running away from: LionC0
Wolf A5 is Hungry
Wolf A5f is chasing: A1m
Wolf C5m is running away from: LionC3
Wolf A3m is running away from: LionC0
Wolf C4m is running away from: LionC0
Rabbit C5 is Thirsty
Rabbit C5 drank water
Rabbit C5f is running away from: LionC3
Rabbit C5f is running away from: WolfC1
Rabbit C5 is Hungry
Rabbit C5f ate
Rabbit C5 f is ready to mate
Rabbit A1m is running away from: LionB4
Rabbit A1m is running away from: WolfA5
Rabbit A1 is Hungry
Rabbit A1 m is ready to mate
Rabbit A1 m is approaching partner: Rabbit B3f
Rabbit A0 is Thirsty
Rabbit A0 drank water
Rabbit A0m is running away from: LionC0
Rabbit A0m is running away from: WolfB2
Rabbit A0 m is ready to mate
Rabbit A0 m is approaching partner: Rabbit B3f
Rabbit C5 is Thirsty
Rabbit C5 drank water
Rabbit C5f is running away from: LionC0
Rabbit C5f is running away from: WolfC1
Rabbit A0 is Thirsty
Rabbit A0 drank water
Rabbit A0f is running away from: LionB4
Rabbit A0f is running away from: WolfA5
Rabbit A0 is Hungry
Rabbit A0 f is ready to mate
Rabbit C3m is running away from: LionB4
Rabbit C3m is running away from: WolfA5
Rabbit C3 is Hungry
Rabbit C3m ate
Rabbit C3 m is ready to mate
Rabbit C3 m is approaching partner: Rabbit A0f
Rabbit C5 f was born!Father is C3 and Mother is A0
Rabbit A4m is running away from: LionC0
Rabbit A4m is running away from: WolfB2
Rabbit A4 is Hungry
Rabbit A4m ate
Rabbit A4 m is ready to mate
Rabbit A4 m is approaching partner: Rabbit B3f
Rabbit B3f is running away from: LionC0
Rabbit B3f is running away from: WolfB2
Rabbit B3 is Hungry
Rabbit B3 f is ready to mate
Rabbit A3m is running away from: LionC0
Rabbit A3m is running away from: WolfC5
Rabbit A3 is Hungry
Rabbit A3m ate
Rabbit A3 m is ready to mate
Rabbit A3 m is approaching partner: Rabbit C5f
Rabbit C0m is running away from: LionB4
Rabbit C0m is running away from: WolfA5
Rabbit C0 is Hungry
Rabbit C0 m is ready to mate
Rabbit C0 m is approaching partner: Rabbit B3f
Rabbit B5m is running away from: LionC0
Rabbit B5m is running away from: WolfC5
Lion B4 is Thirsty
Lion B4 drank water
Lion B4 is Hungry
LionB4mis chasing: A5f
Lion B4 m is ready to mate
Lion C0 is Hungry
LionC0mis chasing: A0m
Lion C0 m is ready to mate
Lion C0 is Thirsty
Lion C0 drank water
Lion C0 is Hungry
LionC0mis chasing: B5m
Lion C0 m is ready to mate
Lion B4 is Thirsty
Lion B4 drank water
Lion B4 is Hungry
LionB4fis chasing: A5f
Lion B4 f is ready to mate
Lion C3 is Thirsty
Lion C3 drank water
Lion C3 is Hungry
LionC3mis chasing: C5f
Lion C3 m is ready to mate
Wolf B2m is running away from: LionC0
Wolf B2 is Hungry
Wolf B2m is chasing: B3f
Wolf B2 m is ready to mate
No Female Wolf Partner or Female Wolf Partner not ready yet!
Wolf C5m is running away from: LionC0
Wolf C5 m is ready to mate
No Female Wolf Partner or Female Wolf Partner not ready yet!
Wolf B5f is running away from: LionC3
Wolf B5m is running away from: LionC0
Wolf B5 is Hungry
Wolf B5m is chasing: C5f
Wolf B5 m is ready to mate
No Female Wolf Partner or Female Wolf Partner not ready yet!
Wolf C1m is running away from: LionC0
Wolf C1 m is ready to mate
No Female Wolf Partner or Female Wolf Partner not ready yet!
Wolf C3f is running away from: LionC0
Wolf C3 is Hungry
Wolf C3f is chasing: B3f
Wolf C0m is running away from: LionC3
Wolf C0 is Hungry
Wolf C0m is chasing: A3m
Wolf C0 m is ready to mate
No Female Wolf Partner or Female Wolf Partner not ready yet!
Wolf A5f is running away from: LionB4
Wolf A5 is Hungry
Wolf A5f is chasing: C5f
Wolf C5m is running away from: LionC3
Wolf A3m is running away from: LionC0
Wolf C4m is running away from: LionB4
Rabbit C5 is Thirsty
Rabbit C5 drank water
Rabbit C5f is running away from: LionC3
Rabbit C5f is running away from: WolfC1
Rabbit C5 f is ready to mate
Rabbit A1m is running away from: LionB4
Rabbit A1m is running away from: WolfA5
Rabbit A1 is Hungry
RabbitA1m died of hunger
Rabbit A1 m is ready to mate
Rabbit A1 m is approaching partner: Rabbit B3f
Rabbit A0 is Thirsty
Rabbit A0 drank water
Rabbit A0m is running away from: LionC0
Rabbit A0m is running away from: WolfB2
Rabbit A0 is Hungry
Rabbit A0m ate
Rabbit A0 m is ready to mate
Rabbit A0 m is approaching partner: Rabbit B3f
Rabbit C5 is Thirsty
Rabbit C5 drank water
Rabbit C5f is running away from: LionC0
Rabbit C5f is running away from: WolfC1
Rabbit C5 is Hungry
Rabbit C5f ate
Rabbit A0 is Thirsty
Rabbit A0 drank water
Rabbit A0f is running away from: LionC0
Rabbit A0f is running away from: WolfA5
Rabbit A0 is Hungry
Rabbit C3m is running away from: LionC0
Rabbit C3m is running away from: WolfA5
Rabbit C3 m is ready to mate
Rabbit C3 m is approaching partner: Rabbit B3f
Rabbit A4m is running away from: LionC0
Rabbit A4m is running away from: WolfB2
Rabbit A4 m is ready to mate
Rabbit A4 m is approaching partner: Rabbit B3f
Rabbit B3f is running away from: LionC0
Rabbit B3f is running away from: WolfB2
Rabbit B3 is Hungry
Rabbit B3f ate
Rabbit B3 f is ready to mate
Rabbit A3m is running away from: LionC0
Rabbit A3m is running away from: WolfC0
Rabbit A3 m is ready to mate
Rabbit A3 m is approaching partner: Rabbit C5f
Rabbit C0m is running away from: LionB4
Rabbit C0m is running away from: WolfA5
Rabbit C0 is Hungry
RabbitC0m died of hunger
Rabbit C0 m is ready to mate
Rabbit C0 m is approaching partner: Rabbit B3f
Rabbit B5m is running away from: LionC0
Rabbit B5m is running away from: WolfC5
Rabbit B5 is Hungry
Rabbit B5m ate
Rabbit C5f is running away from: LionC0
Rabbit C5f is running away from: WolfA5
Lion B4 is Thirsty
Lion B4 drank water
Lion B4 is Hungry
LionB4m died of hunger
LionB4mis chasing: B5m
Lion B4 m is ready to mate
Lion C0 is Hungry
LionC0m died of hunger
LionC0mis chasing: A0m
Lion C0 m is ready to mate
Lion C0 is Thirsty
Lion C0 drank water
Lion C0 is Hungry
LionC0mis chasing: A5f
Lion C0 m is ready to mate
Lion B4 is Thirsty
Lion B4 drank water
Lion B4 is Hungry
LionB4f died of hunger
LionB4fis chasing: B5m
Lion B4 f is ready to mate
Lion C3 is Thirsty
Lion C3 drank water
Lion C3 is Hungry
LionC3m died of hunger
LionC3mis chasing: C5f
Lion C3 m is ready to mate
No Female Lion Partner or Female Lion partners are not ready to mate Yet!
Wolf B2m is running away from: LionC0
Wolf B2 is Hungry
Wolf B2m is chasing: B3f
Wolf B2 m is ready to mate
No Female Wolf Partner or Female Wolf Partner not ready yet!
Wolf C5m is running away from: LionC0
Wolf C5 m is ready to mate
No Female Wolf Partner or Female Wolf Partner not ready yet!
Wolf B5f is running away from: LionC0
Wolf B5m is running away from: LionC0
Wolf B5 is Hungry
Wolf B5m is chasing: C3m
Wolf B5 m is ready to mate
No Female Wolf Partner or Female Wolf Partner not ready yet!
Wolf C1m is running away from: LionC0
Wolf C1 m is ready to mate
No Female Wolf Partner or Female Wolf Partner not ready yet!
Wolf C3f is running away from: LionC0
Wolf C3 is Hungry
Wolf C3f is chasing: B3f
Wolf C0m is running away from: LionC0
Wolf C0 is Hungry
Wolf C0m is chasing: A3m
Wolf C0 m is ready to mate
No Female Wolf Partner or Female Wolf Partner not ready yet!
Wolf A5f is running away from: LionC0
Wolf A5 is Hungry
Wolf A5f is chasing: C5f
Wolf C5m is running away from: LionC0
Wolf A3m is running away from: LionC0
Wolf C4m is running away from: LionC0
Rabbit C5 is Thirsty
Rabbit C5 drank water
Rabbit C5f is running away from: LionC0
Rabbit C5f is running away from: WolfC1
Rabbit C5 is Hungry
Rabbit C5f ate
Rabbit C5 f is ready to mate
Rabbit A0 is Thirsty
Rabbit A0 drank water
Rabbit A0m is running away from: LionC0
Rabbit A0m is running away from: WolfB2
Rabbit A0 m is ready to mate
Rabbit A0 m is approaching partner: Rabbit B3f
Rabbit C5 is Thirsty
Rabbit C5 drank water
Rabbit C5f is running away from: LionC0
Rabbit C5f is running away from: WolfC1
Rabbit A0 is Thirsty
Rabbit A0 drank water
Rabbit A0f is running away from: LionC0
Rabbit A0f is running away from: WolfA5
Rabbit A0 is Hungry
RabbitA0f died of hunger
Rabbit A0f ate
Rabbit C3m is running away from: LionC0
Rabbit C3m is running away from: WolfA5
Rabbit C3 is Hungry
Rabbit C3m ate
Rabbit C3 m is ready to mate
Rabbit C3 m is approaching partner: Rabbit B3f
Rabbit A4m is running away from: LionC0
Rabbit A4m is running away from: WolfB2
Rabbit A4 is Hungry
Rabbit A4m ate
Rabbit A4 m is ready to mate
Rabbit A4 m is approaching partner: Rabbit B3f
Rabbit B3f is running away from: LionC0
Rabbit B3f is running away from: WolfB2
Rabbit B3 f is ready to mate
Rabbit A3m is running away from: LionC0
Rabbit A3m is running away from: WolfC5
Rabbit A3 is Hungry
Rabbit A3m ate
Rabbit A3 m is ready to mate
Rabbit A3 m is approaching partner: Rabbit C5f
Rabbit B5m is running away from: LionC0
Rabbit B5m is running away from: WolfC5
Rabbit C5f is running away from: LionC0
Rabbit C5f is running away from: WolfA5
Rabbit C5 is Hungry
Lion C0 is Thirsty
Lion C0 drank water
Lion C0 is Hungry
LionC0mis chasing: A5f
Lion C0 m is ready to mate
No Female Lion Partner or Female Lion partners are not ready to mate Yet!
Wolf B2m is running away from: LionC0
Wolf B2 is Hungry
Wolf B2m is chasing: B3f
Wolf B2 m is ready to mate
No Female Wolf Partner or Female Wolf Partner not ready yet!
Wolf C5m is running away from: LionC0
Wolf C5 m is ready to mate
No Female Wolf Partner or Female Wolf Partner not ready yet!
Wolf B5f is running away from: LionC0
Wolf B5m is running away from: LionC0
Wolf B5 is Hungry
Wolf B5m is chasing: C5f
Wolf B5 m is ready to mate
No Female Wolf Partner or Female Wolf Partner not ready yet!
Wolf C1m is running away from: LionC0
Wolf C1 m is ready to mate
No Female Wolf Partner or Female Wolf Partner not ready yet!
Wolf C3f is running away from: LionC0
Wolf C3 is Hungry
Wolf C3f is chasing: B3f
Wolf C0m is running away from: LionC0
Wolf C0 is Hungry
Wolf C0m is chasing: A3m
Wolf C0 m is ready to mate
No Female Wolf Partner or Female Wolf Partner not ready yet!
Wolf A5f is running away from: LionC0
Wolf A5 is Hungry
Wolf A5f is chasing: C5f
Wolf C5m is running away from: LionC0
Wolf A3m is running away from: LionC0
Wolf C4m is running away from: LionC0
Rabbit C5 is Thirsty
Rabbit C5 drank water
Rabbit C5f is running away from: LionC0
Rabbit C5f is running away from: WolfB5
Rabbit C5 f is ready to mate
Rabbit A0 is Thirsty
Rabbit A0 drank water
Rabbit A0m is running away from: LionC0
Rabbit A0m is running away from: WolfB2
Rabbit A0 is Hungry
Rabbit A0 m is ready to mate
Rabbit A0 m is approaching partner: Rabbit B3f
Rabbit C5f is running away from: LionC0
Rabbit C5f is running away from: WolfC3
Rabbit C5 is Hungry
Rabbit C5f ate
Rabbit C5 f is ready to mate
Rabbit C3m is running away from: LionC0
Rabbit C3m is running away from: WolfA5
Rabbit C3 m is ready to mate
Rabbit C3 m is approaching partner: Rabbit B3f
Rabbit A4 is Thirsty
Rabbit A4 drank water
Rabbit A4m is running away from: LionC0
Rabbit A4m is running away from: WolfB2
Rabbit A4 m is ready to mate
Rabbit A4 m is approaching partner: Rabbit B3f
Rabbit B3f is running away from: LionC0
Rabbit B3f is running away from: WolfC3
Rabbit B3 is Hungry
Rabbit B3f ate
Rabbit B3 f is ready to mate
Rabbit A3m is running away from: LionC0
Rabbit A3m is running away from: WolfB5
Rabbit A3 m is ready to mate
Rabbit A3 m is approaching partner: Rabbit C5f
Rabbit B5m is running away from: LionC0
Rabbit B5m is running away from: WolfB5
Rabbit B5 is Hungry
Rabbit B5 m is ready to mate
Rabbit B5 m is approaching partner: Rabbit C5f
Rabbit C5f is running away from: LionC0
Rabbit C5f is running away from: WolfA5
Rabbit C5 is Hungry
Rabbit C5f ate
Lion C0 is Thirsty
Lion C0 drank water
Lion C0 is Hungry
LionC0mis chasing: A5f
Lion C0 m is ready to mate
No Female Lion Partner or Female Lion partners are not ready to mate Yet!
Wolf B2m is running away from: LionC0
Wolf B2 is Hungry
Wolf B2m is chasing: B3f
Wolf B2 m is ready to mate
No Female Wolf Partner or Female Wolf Partner not ready yet!
Wolf C5m is running away from: LionC0
Wolf C5 m is ready to mate
No Female Wolf Partner or Female Wolf Partner not ready yet!
Wolf B5f is running away from: LionC0
Wolf B5m is running away from: LionC0
Wolf B5 is Hungry
Wolf B5m is chasing: C5f
Wolf B5 m is ready to mate
No Female Wolf Partner or Female Wolf Partner not ready yet!
Wolf C1m is running away from: LionC0
Wolf C1 m is ready to mate
No Female Wolf Partner or Female Wolf Partner not ready yet!
Wolf C3f is running away from: LionC0
Wolf C3 is Hungry
Wolf C3f is chasing: B3f
Wolf C0m is running away from: LionC0
Wolf C0 is Hungry
Wolf C0m is chasing: A3m
Wolf C0 m is ready to mate
No Female Wolf Partner or Female Wolf Partner not ready yet!
Wolf A5f is running away from: LionC0
Wolf A5 is Hungry
Wolf A5f is chasing: C5f
Wolf A5f ate!
Wolf C5m is running away from: LionC0
Wolf A3m is running away from: LionC0
Wolf C4m is running away from: LionC0
Rabbit C5f is running away from: LionC0
Rabbit C5f is running away from: WolfC0
Rabbit C5 is Hungry
Rabbit C5f ate
Rabbit C5 f is ready to mate
Rabbit A0 is Thirsty
Rabbit A0 drank water
Rabbit A0m is running away from: LionC0
Rabbit A0m is running away from: WolfC3
Rabbit A0 is Hungry
Rabbit A0m ate
Rabbit A0 m is ready to mate
Rabbit A0 m is approaching partner: Rabbit B3f
Rabbit C5f is running away from: LionC0
Rabbit C5f is running away from: WolfC0
Rabbit C5 f is ready to mate
Rabbit C3m is running away from: LionC0
Rabbit C3m is running away from: WolfA5
Rabbit C3 is Hungry
Rabbit C3m ate
Rabbit C3 m is ready to mate
Rabbit C3 m is approaching partner: Rabbit B3f
Rabbit A4 is Thirsty
Rabbit A4 drank water
Rabbit A4m is running away from: LionC0
Rabbit A4m is running away from: WolfC3
Rabbit A4 is Hungry
Rabbit A4m ate
Rabbit A4 m is ready to mate
Rabbit A4 m is approaching partner: Rabbit B3f
Rabbit B3 is Thirsty
Rabbit B3 drank water
Rabbit B3f is running away from: LionC0
Rabbit B3f is running away from: WolfC3
Rabbit B3 f is ready to mate
Rabbit A3m is running away from: LionC0
Rabbit A3m is running away from: WolfC0
Rabbit A3 is Hungry
Rabbit A3m ate
Rabbit A3 m is ready to mate
Rabbit A3 m is approaching partner: Rabbit B3f
Rabbit B5m is running away from: LionC0
Rabbit B5m is running away from: WolfC0
Rabbit B5 is Hungry
Rabbit B5 m is ready to mate
Rabbit B5 m is approaching partner: Rabbit B3f
Lion C0 is Thirsty
Lion C0 drank water
Lion C0 is Hungry
LionC0m died of hunger
LionC0mis chasing: A5f
Lion C0 m is ready to mate
No Female Lion Partner or Female Lion partners are not ready to mate Yet!
Wolf B2 is Hungry
Wolf B2m is chasing: B3f
Wolf B2 m is ready to mate
No Female Wolf Partner or Female Wolf Partner not ready yet!
Wolf C5 m is ready to mate
No Female Wolf Partner or Female Wolf Partner not ready yet!
Wolf B5 is Hungry
Wolf B5f is chasing: A3m
Wolf B5 is Hungry
Wolf B5m is chasing: A0m
Wolf B5 m is ready to mate
No Female Wolf Partner or Female Wolf Partner not ready yet!
Wolf C1 m is ready to mate
No Female Wolf Partner or Female Wolf Partner not ready yet!
Wolf C3 is Hungry
Wolf C3f is chasing: B3f
Wolf C0 is Hungry
Wolf C0m is chasing: A3m
Wolf C0 m is ready to mate
No Female Wolf Partner or Female Wolf Partner not ready yet!
Rabbit C5f is running away from: WolfC3
Rabbit C5 f is ready to mate
Rabbit A0 is Thirsty
Rabbit A0 drank water
Rabbit A0m is running away from: WolfB5
Rabbit A0 m is ready to mate
Rabbit A0 m is approaching partner: Rabbit B3f
Rabbit C5f is running away from: WolfC0
Rabbit C5 is Hungry
Rabbit C5f ate
Rabbit C5 f is ready to mate
Rabbit C3m is running away from: WolfC3
Rabbit C3 m is ready to mate
Rabbit C3 m is approaching partner: Rabbit B3f
Rabbit A4 is Thirsty
Rabbit A4 drank water
Rabbit A4m is running away from: WolfC3
Rabbit A4 m is ready to mate
Rabbit A4 m is approaching partner: Rabbit B3f
Rabbit B3 is Thirsty
Rabbit B3 drank water
Rabbit B3f is running away from: WolfC3
Rabbit B3 is Hungry
Rabbit B3 f is ready to mate
Rabbit A3m is running away from: WolfC0
Rabbit A3 m is ready to mate
Rabbit A3 m is approaching partner: Rabbit B3f
Rabbit B5m is running away from: WolfC0
Rabbit B5 is Hungry
RabbitB5m died of hunger
Rabbit B5m ate
Rabbit B5 m is ready to mate
Rabbit B5 m is approaching partner: Rabbit B3f
Wolf B2 is Hungry
Wolf B2m is chasing: A3m
Wolf B2 is Thirsty
Wolf B2drank water
Wolf B2 m is ready to mate
No Female Wolf Partner or Female Wolf Partner not ready yet!
Wolf C5 is Thirsty
Wolf C5drank water
Wolf C5 m is ready to mate
No Female Wolf Partner or Female Wolf Partner not ready yet!
Wolf B5 is Hungry
Wolf B5f is chasing: A3m
Wolf B5 is Thirsty
Wolf B5drank water
Wolf B5 is Hungry
Wolf B5m is chasing: A4m
Wolf B5 is Thirsty
Wolf B5drank water
Wolf B5 m is ready to mate
No Female Wolf Partner or Female Wolf Partner not ready yet!
Wolf C1 is Thirsty
Wolf C1drank water
Wolf C1 m is ready to mate
No Female Wolf Partner or Female Wolf Partner not ready yet!
Wolf C3 is Hungry
Wolf C3f is chasing: A0m
Wolf C3 is Thirsty
Wolf C3drank water
Wolf C0 is Hungry
Wolf C0m is chasing: A3m
Wolf C0 is Thirsty
Wolf C0drank water
Wolf C0 m is ready to mate
No Female Wolf Partner or Female Wolf Partner not ready yet!
Wolf A5 is Thirsty
Wolf A5drank water
Wolf C5 is Hungry
Wolf C5m is chasing: A3m
Wolf A3m ate!
Rabbit C5f is running away from: WolfC3
Rabbit C5 is Hungry
Rabbit C5f ate
Rabbit C5 f is ready to mate
Rabbit A0m is running away from: WolfC3
Rabbit A0 is Hungry
Rabbit A0 m is ready to mate
Rabbit A0 m is approaching partner: Rabbit B3f
Rabbit C5f is running away from: WolfC3
Rabbit C5 f is ready to mate
Rabbit C3m is running away from: WolfC3
Rabbit C3 is Hungry
Rabbit C3 m is ready to mate
Rabbit C3 m is approaching partner: Rabbit B3f
Rabbit A4 is Thirsty
Rabbit A4 drank water
Rabbit A4m is running away from: WolfB5
Rabbit A4 is Hungry
Rabbit A4 m is ready to mate
Rabbit A4 m is approaching partner: Rabbit B3f
Rabbit B3 is Thirsty
Rabbit B3 drank water
Rabbit B3f is running away from: WolfC3
Rabbit B3 is Hungry
Rabbit B3f ate
Rabbit B3 f is ready to mate
Wolf B2 is Hungry
Wolf B2m is chasing: B3f
Wolf B2 is Thirsty
Wolf B2drank water
Wolf B2 m is ready to mate
No Female Wolf Partner or Female Wolf Partner not ready yet!
Wolf C5 is Thirsty
Wolf C5drank water
Wolf C5 m is ready to mate
No Female Wolf Partner or Female Wolf Partner not ready yet!
Wolf B5 is Hungry
Wolf B5f is chasing: B3f
Wolf B5 is Thirsty
Wolf B5drank water
Wolf B5 is Hungry
Wolf B5m is chasing: A4m
Wolf B5 is Thirsty
Wolf B5drank water
Wolf B5 m is ready to mate
No Female Wolf Partner or Female Wolf Partner not ready yet!
Wolf C1 is Thirsty
Wolf C1drank water
Wolf C1 m is ready to mate
No Female Wolf Partner or Female Wolf Partner not ready yet!
Wolf C3 is Hungry
Wolf C3f is chasing: A0m
Wolf C3 is Thirsty
Wolf C3drank water
Wolf C0 is Hungry
Wolf C0m is chasing: B3f
Wolf C0 is Thirsty
Wolf C0drank water
Wolf C0 m is ready to mate
No Female Wolf Partner or Female Wolf Partner not ready yet!
Wolf A5 is Thirsty
Wolf A5drank water
Wolf C5 is Hungry
Wolf C5m is chasing: B3f
Rabbit C5f is running away from: WolfB5
Rabbit C5 f is ready to mate
Rabbit A0m is running away from: WolfC3
Rabbit A0 is Hungry
Rabbit A0m ate
Rabbit A0 m is ready to mate
Rabbit A0 m is approaching partner: Rabbit B3f
Rabbit C5f is running away from: WolfB5
Rabbit C5 is Hungry
Rabbit C5f ate
Rabbit C5 f is ready to mate
Rabbit C3 is Thirsty
Rabbit C3 drank water
Rabbit C3m is running away from: WolfB5
Rabbit C3 is Hungry
Rabbit C3m ate
Rabbit C3 m is ready to mate
Rabbit C3 m is approaching partner: Rabbit B3f
Rabbit A4 is Thirsty
Rabbit A4 drank water
Rabbit A4m is running away from: WolfB5
Rabbit A4 is Hungry
Rabbit A4 m is ready to mate
Rabbit A4 m is approaching partner: Rabbit B3f
Rabbit B3f is running away from: WolfB5
Rabbit B3 f is ready to mate
Wolf B2 is Hungry
Wolf B2m is chasing: B3f
Wolf B2 is Thirsty
Wolf B2drank water
Wolf B2 m is ready to mate
No Female Wolf Partner or Female Wolf Partner not ready yet!
Wolf C5 is Thirsty
Wolf C5drank water
Wolf C5 m is ready to mate
No Female Wolf Partner or Female Wolf Partner not ready yet!
Wolf B5 is Hungry
Wolf B5f is chasing: B3f
Wolf B5 is Thirsty
Wolf B5drank water
Wolf B5 is Hungry
Wolf B5m is chasing: A0m
Wolf B5 m is ready to mate
No Female Wolf Partner or Female Wolf Partner not ready yet!
Wolf C1 is Thirsty
Wolf C1drank water
Wolf C1 m is ready to mate
No Female Wolf Partner or Female Wolf Partner not ready yet!
Wolf C3 is Hungry
Wolf C3f is chasing: A0m
Wolf C3 is Thirsty
Wolf C3drank water
Wolf C0 is Hungry
Wolf C0m is chasing: B3f
Wolf C0 is Thirsty
Wolf C0drank water
Wolf C0 m is ready to mate
No Female Wolf Partner or Female Wolf Partner not ready yet!
Wolf A5 is Thirsty
Wolf A5drank water
Wolf C5 is Hungry
Wolf C5m is chasing: B3f
Rabbit C5f is running away from: WolfB5
Rabbit C5 is Hungry
Rabbit C5f ate
Rabbit C5 f is ready to mate
Rabbit A0m is running away from: WolfC3
Rabbit A0 m is ready to mate
Rabbit A0 m is approaching partner: Rabbit B3f
Rabbit C5f is running away from: WolfB5
Rabbit C5 f is ready to mate
Rabbit C3 is Thirsty
Rabbit C3 drank water
Rabbit C3m is running away from: WolfB5
Rabbit C3 m is ready to mate
Rabbit C3 m is approaching partner: Rabbit B3f
Rabbit A4 is Thirsty
Rabbit A4 drank water
Rabbit A4m is running away from: WolfC3
Rabbit A4 is Hungry
RabbitA4m died of hunger
Rabbit A4m ate
Rabbit A4 m is ready to mate
Rabbit A4 m is approaching partner: Rabbit B3f
Rabbit B3f is running away from: WolfB5
Rabbit B3 is Hungry
Rabbit B3f ate
Rabbit B3 f is ready to mate
Wolf B2m ate!
Wolf B2 is Thirsty
Wolf B2drank water
Wolf B2 m is ready to mate
No Female Wolf Partner or Female Wolf Partner not ready yet!
Wolf C5 is Thirsty
Wolf C5drank water
Wolf C5 m is ready to mate
No Female Wolf Partner or Female Wolf Partner not ready yet!
Wolf B5 is Hungry
Wolf B5f is chasing: C5f
Wolf B5 is Thirsty
Wolf B5drank water
Wolf B5 is Hungry
Wolf B5m is chasing: A0m
Wolf B5 m is ready to mate
No Female Wolf Partner or Female Wolf Partner not ready yet!
Wolf C1 is Thirsty
Wolf C1drank water
Wolf C1 m is ready to mate
No Female Wolf Partner or Female Wolf Partner not ready yet!
Wolf C3 is Hungry
Wolf C3f is chasing: A0m
Wolf C3 is Thirsty
Wolf C3drank water
Wolf C0 is Hungry
Wolf C0m is chasing: C5f
Wolf C0 is Thirsty
Wolf C0drank water
Wolf C0 m is ready to mate
No Female Wolf Partner or Female Wolf Partner not ready yet!
Wolf A5 is Thirsty
Wolf A5drank water
Wolf C5 is Hungry
Wolf C5m is chasing: C3m
Rabbit C5f is running away from: WolfC0
Rabbit C5 f is ready to mate
Rabbit A0m is running away from: WolfC3
Rabbit A0 is Hungry
Rabbit A0 m is ready to mate
Rabbit A0 m is approaching partner: Rabbit C5f
Rabbit C5f is running away from: WolfC0
Rabbit C5 is Hungry
Rabbit C5f ate
Rabbit C5 f is ready to mate
Rabbit C3 is Thirsty
Rabbit C3 drank water
Rabbit C3m is running away from: WolfB5
Rabbit C3 is Hungry
Rabbit C3m ate
Rabbit C3 m is ready to mate
Rabbit C3 m is approaching partner: Rabbit C5f
Wolf B2 is Thirsty
Wolf B2drank water
Wolf B2 m is ready to mate
No Female Wolf Partner or Female Wolf Partner not ready yet!
Wolf C5 is Thirsty
Wolf C5drank water
Wolf C5 m is ready to mate
No Female Wolf Partner or Female Wolf Partner not ready yet!
Wolf B5 is Hungry
Wolf B5f is chasing: C5f
Wolf B5 is Hungry
Wolf B5m is chasing: A0m
Wolf B5 m is ready to mate
No Female Wolf Partner or Female Wolf Partner not ready yet!
Wolf C1 is Hungry
Wolf C1m is chasing: C3m
Wolf C1 is Thirsty
Wolf C1drank water
Wolf C1 m is ready to mate
No Female Wolf Partner or Female Wolf Partner not ready yet!
Wolf C3 is Hungry
Wolf C3f is chasing: A0m
Wolf C3 is Thirsty
Wolf C3drank water
Wolf C0 is Hungry
Wolf C0m is chasing: C5f
Wolf C0 m is ready to mate
No Female Wolf Partner or Female Wolf Partner not ready yet!
Wolf A5 is Thirsty
Wolf A5drank water
Wolf C5 is Hungry
Wolf C5m is chasing: C3m
Rabbit C5f is running away from: WolfC0
Rabbit C5 is Hungry
Rabbit C5f ate
Rabbit C5 f is ready to mate
Rabbit A0m is running away from: WolfC3
Rabbit A0 is Hungry
Rabbit A0 m is ready to mate
Rabbit A0 m is approaching partner: Rabbit C5f
Rabbit C5f is running away from: WolfC0
Rabbit C5 f is ready to mate
Rabbit C3 is Thirsty
Rabbit C3 drank water
Rabbit C3m is running away from: WolfB5
Rabbit C3 m is ready to mate
Rabbit C3 m is approaching partner: Rabbit C5f
Wolf B2 m is ready to mate
No Female Wolf Partner or Female Wolf Partner not ready yet!
Wolf C5 is Thirsty
Wolf C5drank water
Wolf C5 m is ready to mate
No Female Wolf Partner or Female Wolf Partner not ready yet!
Wolf B5 is Hungry
Wolf B5f is chasing: C5f
Wolf B5 is Hungry
WolfB5m died of hunger
Wolf B5m is chasing: A0m
Wolf B5 m is ready to mate
No Female Wolf Partner or Female Wolf Partner not ready yet!
Wolf C1 is Hungry
Wolf C1m is chasing: C3m
Wolf C1 is Thirsty
Wolf C1drank water
Wolf C1 m is ready to mate
No Female Wolf Partner or Female Wolf Partner not ready yet!
Wolf C3 is Hungry
WolfC3f died of hunger
Wolf C3f is chasing: A0m
Wolf C3 is Thirsty
Wolf C3drank water
Wolf C0 is Hungry
Wolf C0m is chasing: C5f
Wolf C0 m is ready to mate
No Female Wolf Partner or Female Wolf Partner not ready yet!
Wolf A5 is Thirsty
Wolf A5drank water
Wolf C5 is Hungry
Wolf C5m is chasing: C3m
Rabbit C5f is running away from: WolfC0
Rabbit C5 f is ready to mate
Rabbit A0m is running away from: WolfB2
Rabbit A0 is Hungry
RabbitA0m died of hunger
Rabbit A0m ate
Rabbit A0 m is ready to mate
Rabbit A0 m is approaching partner: Rabbit C5f
Rabbit C5f is running away from: WolfC0
Rabbit C5 is Hungry
Rabbit C5f ate
Rabbit C5 f is ready to mate
Rabbit C3 is Thirsty
Rabbit C3 drank water
Rabbit C3m is running away from: WolfB2
Rabbit C3 is Hungry
Rabbit C3m ate
Rabbit C3 m is ready to mate
Rabbit C3 m is approaching partner: Rabbit C5f
Wolf B2 m is ready to mate
No Female Wolf Partner or Female Wolf Partner not ready yet!
Wolf C5 is Hungry
Wolf C5m is chasing: C3m
Wolf C5 is Thirsty
Wolf C5drank water
Wolf C5 m is ready to mate
No Female Wolf Partner or Female Wolf Partner not ready yet!
Wolf B5 is Hungry
Wolf B5f is chasing: C5f
Wolf C1 is Hungry
Wolf C1m is chasing: C3m
Wolf C1 is Thirsty
Wolf C1drank water
Wolf C1 m is ready to mate
No Female Wolf Partner or Female Wolf Partner not ready yet!
Wolf C0 is Hungry
WolfC0m died of hunger
Wolf C0m is chasing: C5f
Wolf C0 m is ready to mate
No Female Wolf Partner or Female Wolf Partner not ready yet!
Wolf A5 is Thirsty
Wolf A5drank water
Wolf C5 is Hungry
Wolf C5m is chasing: C3m
Wolf C4 is Hungry
Wolf C4m is chasing: C3m
Rabbit C5f is running away from: WolfB5
Rabbit C5 is Hungry
Rabbit C5 f is ready to mate
Rabbit C5 is Thirsty
Rabbit C5 drank water
Rabbit C5f is running away from: WolfB5
Rabbit C5 f is ready to mate
Rabbit C3 is Thirsty
Rabbit C3 drank water
Rabbit C3m is running away from: WolfB2
Rabbit C3 m is ready to mate
Rabbit C3 m is approaching partner: Rabbit C5f
Wolf B2 m is ready to mate
No Female Wolf Partner or Female Wolf Partner not ready yet!
Wolf C5 is Hungry
Wolf C5m is chasing: C3m
Wolf C5 is Thirsty
Wolf C5drank water
Wolf C5 m is ready to mate
No Female Wolf Partner or Female Wolf Partner not ready yet!
Wolf B5 is Hungry
Wolf B5f is chasing: C5f
Wolf C1 is Hungry
Wolf C1m is chasing: C3m
Wolf C1 is Thirsty
Wolf C1drank water
Wolf C1 m is ready to mate
No Female Wolf Partner or Female Wolf Partner not ready yet!
Wolf A5 is Thirsty
Wolf A5drank water
Wolf C5 is Hungry
Wolf C5m is chasing: C3m
Wolf C5 is Thirsty
Wolf C5drank water
Wolf C4 is Hungry
Wolf C4m is chasing: C3m
Rabbit C5 is Thirsty
Rabbit C5 drank water
Rabbit C5f is running away from: WolfB5
Rabbit C5 is Hungry
Rabbit C5f ate
Rabbit C5 f is ready to mate
Rabbit C5 is Thirsty
Rabbit C5 drank water
Rabbit C5f is running away from: WolfB5
Rabbit C5 is Hungry
Rabbit C5f ate
Rabbit C5 f is ready to mate
Rabbit C3 is Thirsty
Rabbit C3 drank water
Rabbit C3m is running away from: WolfB2
Rabbit C3 is Hungry
Rabbit C3m ate
Rabbit C3 m is ready to mate
Rabbit C3 m is approaching partner: Rabbit C5f
Wolf B2 m is ready to mate
No Female Wolf Partner or Female Wolf Partner not ready yet!
Wolf C5 is Hungry
Wolf C5m is chasing: C3m
Wolf C5 is Thirsty
Wolf C5drank water
Wolf C5 m is ready to mate
No Female Wolf Partner or Female Wolf Partner not ready yet!
Wolf B5 is Hungry
Wolf B5f is chasing: C5f
Wolf C1 is Hungry
Wolf C1m is chasing: C3m
Wolf C1 is Thirsty
Wolf C1drank water
Wolf C1 m is ready to mate
No Female Wolf Partner or Female Wolf Partner not ready yet!
Wolf A5 is Thirsty
Wolf A5drank water
Wolf C5 is Hungry
Wolf C5m is chasing: C3m
Wolf C5 is Thirsty
Wolf C5drank water
Wolf C4 is Hungry
Wolf C4m is chasing: C3m
Rabbit C5 is Thirsty
Rabbit C5 drank water
Rabbit C5f is running away from: WolfB5
Rabbit C5 f is ready to mate
Rabbit C5 is Thirsty
Rabbit C5 drank water
Rabbit C5f is running away from: WolfB5
Rabbit C5 f is ready to mate
Rabbit C3 is Thirsty
Rabbit C3 drank water
Rabbit C3m is running away from: WolfB2
Rabbit C3 m is ready to mate
Rabbit C3 m is approaching partner: Rabbit C5f
Wolf B2 m is ready to mate
No Female Wolf Partner or Female Wolf Partner not ready yet!
Wolf C5 is Hungry
Wolf C5m is chasing: C3m
Wolf C5 is Thirsty
Wolf C5drank water
Wolf C5 m is ready to mate
No Female Wolf Partner or Female Wolf Partner not ready yet!
Wolf B5 is Hungry
Wolf B5f is chasing: C5f
Wolf C1 is Hungry
Wolf C1m is chasing: C3m
Wolf C1 is Thirsty
Wolf C1drank water
Wolf C1 m is ready to mate
No Female Wolf Partner or Female Wolf Partner not ready yet!
Wolf A5 is Thirsty
Wolf A5drank water
Wolf C5 is Hungry
Wolf C5m is chasing: C3m
Wolf C5 is Thirsty
Wolf C5drank water
Wolf C4 is Hungry
Wolf C4m is chasing: C3m
Rabbit C5 is Thirsty
Rabbit C5 drank water
Rabbit C5f is running away from: WolfB5
Rabbit C5 is Hungry
Rabbit C5 f is ready to mate
Rabbit C5 is Thirsty
Rabbit C5 drank water
Rabbit C5f is running away from: WolfB5
Rabbit C5 is Hungry
Rabbit C5 f is ready to mate
Rabbit C3 is Thirsty
Rabbit C3 drank water
Rabbit C3m is running away from: WolfA5
Rabbit C3 is Hungry
Rabbit C3 m is ready to mate
Rabbit C3 m is approaching partner: Rabbit C5f
Wolf B2 m is ready to mate
No Female Wolf Partner or Female Wolf Partner not ready yet!
Wolf C5 is Hungry
Wolf C5m is chasing: C3m
Wolf C5 is Thirsty
Wolf C5drank water
Wolf C5 m is ready to mate
No Female Wolf Partner or Female Wolf Partner not ready yet!
Wolf B5 is Hungry
Wolf B5f is chasing: C5f
Wolf C1 is Hungry
Wolf C1m is chasing: C3m
Wolf C1 is Thirsty
Wolf C1drank water
Wolf C1 m is ready to mate
No Female Wolf Partner or Female Wolf Partner not ready yet!
Wolf A5 is Thirsty
Wolf A5drank water
Wolf C5 is Hungry
Wolf C5m is chasing: C3m
Wolf C5 is Thirsty
Wolf C5drank water
Wolf C4 is Hungry
Wolf C4m is chasing: C3m
Rabbit C5 is Thirsty
Rabbit C5 drank water
Rabbit C5f is running away from: WolfB5
Rabbit C5 is Hungry
Rabbit C5f ate
Rabbit C5 f is ready to mate
Rabbit C5 is Thirsty
Rabbit C5 drank water
Rabbit C5f is running away from: WolfB5
Rabbit C5 is Hungry
Rabbit C5f ate
Rabbit C5 f is ready to mate
Rabbit C3 is Thirsty
Rabbit C3 drank water
Rabbit C3m is running away from: WolfB2
Rabbit C3 is Hungry
Rabbit C3m ate
Rabbit C3 m is ready to mate
Rabbit C3 m is approaching partner: Rabbit C5f
Wolf B2 m is ready to mate
No Female Wolf Partner or Female Wolf Partner not ready yet!
Wolf C5 is Hungry
Wolf C5m is chasing: C3m
Wolf C5 is Thirsty
Wolf C5drank water
Wolf C5 m is ready to mate
No Female Wolf Partner or Female Wolf Partner not ready yet!
Wolf B5 is Hungry
WolfB5f died of hunger
Wolf B5f is chasing: C5f
Wolf B5 f is ready to mate
Wolf C1 is Hungry
Wolf C1m is chasing: C3m
Wolf C1 is Thirsty
Wolf C1drank water
Wolf C1 m is ready to mate
No Female Wolf Partner or Female Wolf Partner not ready yet!
Wolf A5 is Hungry
Wolf A5f is chasing: C3m
Wolf A5 is Thirsty
Wolf A5drank water
Wolf C5 is Hungry
Wolf C5m is chasing: C5f
Wolf C5 is Thirsty
Wolf C5drank water
Wolf C5 m is ready to mate
No Female Wolf Partner or Female Wolf Partner not ready yet!
Wolf C4 is Hungry
Wolf C4m is chasing: C3m
Rabbit C5 is Thirsty
Rabbit C5 drank water
Rabbit C5f is running away from: WolfB2
Rabbit C5 f is ready to mate
Rabbit C5 is Thirsty
Rabbit C5 drank water
Rabbit C5f is running away from: WolfB2
Rabbit C5 f is ready to mate
Rabbit C3 is Thirsty
Rabbit C3 drank water
Rabbit C3m is running away from: WolfA5
Rabbit C3 m is ready to mate
Rabbit C3 m is approaching partner: Rabbit C5f
Wolf B2 m is ready to mate
No Female Wolf Partner or Female Wolf Partner not ready yet!
Wolf C5 is Hungry
Wolf C5m is chasing: C3m
Wolf C5 is Thirsty
Wolf C5drank water
Wolf C5 m is ready to mate
No Female Wolf Partner or Female Wolf Partner not ready yet!
Wolf C1 is Hungry
Wolf C1m is chasing: C3m
Wolf C1 is Thirsty
Wolf C1drank water
Wolf C1 m is ready to mate
No Female Wolf Partner or Female Wolf Partner not ready yet!
Wolf A5 is Hungry
Wolf A5f is chasing: C3m
Wolf A5 is Thirsty
Wolf A5drank water
Wolf C5 is Hungry
WolfC5m died of hunger
Wolf C5m is chasing: C3m
Wolf C5 is Thirsty
Wolf C5drank water
Wolf C5 m is ready to mate
No Female Wolf Partner or Female Wolf Partner not ready yet!
Wolf C4 is Hungry
Wolf C4m is chasing: C3m
Rabbit C5 is Thirsty
Rabbit C5 drank water
Rabbit C5f is running away from: WolfB2
Rabbit C5 is Hungry
Rabbit C5f ate
Rabbit C5 f is ready to mate
Rabbit C5 is Thirsty
Rabbit C5 drank water
Rabbit C5f is running away from: WolfB2
Rabbit C5 is Hungry
Rabbit C5 f is ready to mate
Rabbit C3 is Thirsty
Rabbit C3 drank water
Rabbit C3m is running away from: WolfC4
Rabbit C3 is Hungry
Rabbit C3 m is ready to mate
Rabbit C3 m is approaching partner: Rabbit C5f
Wolf B2 m is ready to mate
No Female Wolf Partner or Female Wolf Partner not ready yet!
Wolf C5 is Hungry
Wolf C5m is chasing: C3m
Wolf C5 is Thirsty
Wolf C5drank water
Wolf C5 m is ready to mate
No Female Wolf Partner or Female Wolf Partner not ready yet!
Wolf C1 is Hungry
Wolf C1m is chasing: C3m
Wolf C1 is Thirsty
Wolf C1drank water
Wolf C1 m is ready to mate
No Female Wolf Partner or Female Wolf Partner not ready yet!
Wolf A5 is Hungry
Wolf A5f is chasing: C3m
Wolf A5 is Thirsty
Wolf A5drank water
Wolf A3 is Hungry
Wolf A3m is chasing: C3m
Wolf A3 is Thirsty
Wolf A3drank water
Wolf C4 is Hungry
Wolf C4m is chasing: C3m
Wolf C4 is Thirsty
Wolf C4drank water
Rabbit C5 is Thirsty
Rabbit C5 drank water
Rabbit C5f is running away from: WolfB2
Rabbit C5 f is ready to mate
Rabbit C5 is Thirsty
Rabbit C5 drank water
Rabbit C5f is running away from: WolfB2
Rabbit C5 is Hungry
Rabbit C5 f is ready to mate
Rabbit C3 is Thirsty
Rabbit C3 drank water
Rabbit C3m is running away from: WolfB2
Rabbit C3 is Hungry
Rabbit C3 m is ready to mate
Rabbit C3 m is approaching partner: Rabbit C5f
Wolf B2 m is ready to mate
No Female Wolf Partner or Female Wolf Partner not ready yet!
Wolf C5 is Hungry
Wolf C5m is chasing: C3m
Wolf C5 is Thirsty
Wolf C5drank water
Wolf C5 m is ready to mate
No Female Wolf Partner or Female Wolf Partner not ready yet!
Wolf C1 is Hungry
Wolf C1m is chasing: C3m
Wolf C1 is Thirsty
Wolf C1drank water
Wolf C1 m is ready to mate
No Female Wolf Partner or Female Wolf Partner not ready yet!
Wolf A5 is Hungry
Wolf A5f is chasing: C3m
Wolf A5 is Thirsty
Wolf A5drank water
Wolf A3 is Hungry
Wolf A3m is chasing: C3m
Wolf A3 is Thirsty
Wolf A3drank water
Wolf C4 is Hungry
Wolf C4m is chasing: C3m
Wolf C4 is Thirsty
Wolf C4drank water
Rabbit C5 is Thirsty
Rabbit C5 drank water
Rabbit C5f is running away from: WolfB2
Rabbit C5 is Hungry
Rabbit C5f ate
Rabbit C5 f is ready to mate
Rabbit C5 is Thirsty
Rabbit C5 drank water
Rabbit C5f is running away from: WolfB2
Rabbit C5 is Hungry
RabbitC5f died of hunger
Rabbit C5 f is ready to mate
Rabbit C3 is Thirsty
Rabbit C3 drank water
Rabbit C3m is running away from: WolfC4
Rabbit C3 is Hungry
RabbitC3m died of hunger
Rabbit C3 m is ready to mate
Rabbit C3 m is approaching partner: Rabbit C5f
Wolf B2 m is ready to mate
No Female Wolf Partner or Female Wolf Partner not ready yet!
Wolf C5 is Hungry
Wolf C5m is chasing: C5f
Wolf C5 is Thirsty
Wolf C5drank water
Wolf C5 m is ready to mate
No Female Wolf Partner or Female Wolf Partner not ready yet!
Wolf C1 is Hungry
Wolf C1m is chasing: C5f
Wolf C1 is Thirsty
Wolf C1drank water
Wolf C1 m is ready to mate
No Female Wolf Partner or Female Wolf Partner not ready yet!
Wolf A5 is Hungry
Wolf A5f is chasing: C5f
Wolf A5 is Thirsty
Wolf A5drank water
Wolf A3 is Hungry
Wolf A3m is chasing: C5f
Wolf A3 is Thirsty
Wolf A3drank water
Wolf C4 is Hungry
Wolf C4m is chasing: C5f
Wolf C4 is Thirsty
Wolf C4drank water
Rabbit C5 is Thirsty
Rabbit C5 drank water
Rabbit C5f is running away from: WolfB2
Rabbit C5 f is ready to mate
Wolf B2 is Hungry
Wolf B2m is chasing: C5f
Wolf B2 m is ready to mate
No Female Wolf Partner or Female Wolf Partner not ready yet!
Wolf C5 is Hungry
Wolf C5m is chasing: C5f
Wolf C5 is Thirsty
Wolf C5drank water
Wolf C5 m is ready to mate
No Female Wolf Partner or Female Wolf Partner not ready yet!
Wolf C1 is Hungry
WolfC1m died of hunger
Wolf C1m is chasing: C5f
Wolf C1 is Thirsty
Wolf C1drank water
Wolf C1 m is ready to mate
No Female Wolf Partner or Female Wolf Partner not ready yet!
Wolf A5 is Hungry
Wolf A5f is chasing: C5f
Wolf A5 is Thirsty
Wolf A5drank water
Wolf A3 is Hungry
Wolf A3m is chasing: C5f
Wolf A3 is Thirsty
Wolf A3drank water
Wolf C4 is Hungry
Wolf C4m is chasing: C5f
Wolf C4 is Thirsty
Wolf C4drank water
Rabbit C5 is Thirsty
Rabbit C5 drank water
Rabbit C5f is running away from: WolfB2
Rabbit C5 is Hungry
Rabbit C5f ate
Rabbit C5 f is ready to mate
Wolf B2 is Hungry
Wolf B2m is chasing: C5f
Wolf B2 m is ready to mate
No Female Wolf Partner or Female Wolf Partner not ready yet!
Wolf C5 is Hungry
Wolf C5m is chasing: C5f
Wolf C5 is Thirsty
Wolf C5drank water
Wolf C5 m is ready to mate
No Female Wolf Partner or Female Wolf Partner not ready yet!
Wolf A5 is Hungry
Wolf A5f is chasing: C5f
Wolf A3 is Hungry
Wolf A3m is chasing: C5f
Wolf A3 is Thirsty
Wolf A3drank water
Wolf C4 is Hungry
Wolf C4m is chasing: C5f
Wolf C4 is Thirsty
Wolf C4drank water
Rabbit C5 is Thirsty
Rabbit C5 drank water
Rabbit C5f is running away from: WolfB2
Rabbit C5 f is ready to mate
Wolf B2 is Hungry
Wolf B2m is chasing: C5f
Wolf B2 m is ready to mate
No Female Wolf Partner or Female Wolf Partner not ready yet!
Wolf C5 is Hungry
WolfC5m died of hunger
Wolf C5m is chasing: C5f
Wolf C5 is Thirsty
Wolf C5drank water
Wolf C5 m is ready to mate
No Female Wolf Partner or Female Wolf Partner not ready yet!
Wolf A5 is Hungry
Wolf A5f is chasing: C5f
Wolf A3 is Hungry
Wolf A3m is chasing: C5f
Wolf A3 is Thirsty
Wolf A3drank water
Wolf C4 is Hungry
WolfC4m died of hunger
Wolf C4m is chasing: C5f
Wolf C4 is Thirsty
Wolf C4drank water
Rabbit C5 is Thirsty
Rabbit C5 drank water
Rabbit C5f is running away from: WolfB2
Rabbit C5 is Hungry
Rabbit C5f ate
Rabbit C5 f is ready to mate
Wolf B2 is Hungry
Wolf B2m is chasing: C5f
Wolf B2 m is ready to mate
No Female Wolf Partner or Female Wolf Partner not ready yet!
Wolf A5 is Hungry
Wolf A5f is chasing: C5f
Wolf A3 is Hungry
Wolf A3m is chasing: C5f
Wolf A3 is Thirsty
Wolf A3drank water
Rabbit C5 is Thirsty
Rabbit C5 drank water
Rabbit C5f is running away from: WolfB2
Rabbit C5 f is ready to mate
Wolf B2 is Hungry
Wolf B2m is chasing: C5f
Wolf B2 m is ready to mate
No Female Wolf Partner or Female Wolf Partner not ready yet!
Wolf A5 is Hungry
Wolf A5f is chasing: C5f
Wolf A3 is Hungry
Wolf A3m is chasing: C5f
Wolf A3 is Thirsty
Wolf A3drank water
Rabbit C5 is Thirsty
Rabbit C5 drank water
Rabbit C5f is running away from: WolfB2
Rabbit C5 is Hungry
Rabbit C5 f is ready to mate
Wolf B2 is Hungry
Wolf B2m is chasing: C5f
Wolf B2 m is ready to mate
No Female Wolf Partner or Female Wolf Partner not ready yet!
Wolf A5 is Hungry
Wolf A5f is chasing: C5f
Wolf A3 is Hungry
Wolf A3m is chasing: C5f
Wolf A3 is Thirsty
Wolf A3drank water
Rabbit C5 is Thirsty
Rabbit C5 drank water
Rabbit C5f is running away from: WolfB2
Rabbit C5 is Hungry
Rabbit C5f ate
Rabbit C5 f is ready to mate
Wolf B2 is Hungry
Wolf B2m is chasing: C5f
Wolf B2 m is ready to mate
No Female Wolf Partner or Female Wolf Partner not ready yet!
Wolf A5 is Hungry
Wolf A5f is chasing: C5f
Wolf A3 is Hungry
Wolf A3m is chasing: C5f
Wolf A3 is Thirsty
Wolf A3drank water
Rabbit C5 is Thirsty
Rabbit C5 drank water
Rabbit C5f is running away from: WolfB2
Rabbit C5 f is ready to mate
Wolf B2 is Hungry
Wolf B2m is chasing: C5f
Wolf B2 m is ready to mate
No Female Wolf Partner or Female Wolf Partner not ready yet!
Wolf A5 is Hungry
WolfA5f died of hunger
Wolf A5f is chasing: C5f
Wolf A3 is Hungry
Wolf A3m is chasing: C5f
Wolf A3 m is ready to mate
No Female Wolf Partner or Female Wolf Partner not ready yet!
Rabbit C5 is Thirsty
Rabbit C5 drank water
Rabbit C5f is running away from: WolfB2
Rabbit C5 is Hungry
Rabbit C5 f is ready to mate
Wolf B2 is Hungry
Wolf B2m is chasing: C5f
Wolf B2 is Thirsty
Wolf B2drank water
Wolf B2 m is ready to mate
No Female Wolf Partner or Female Wolf Partner not ready yet!
Wolf A3 is Hungry
Wolf A3m is chasing: C5f
Wolf A3 m is ready to mate
No Female Wolf Partner or Female Wolf Partner not ready yet!
Rabbit C5 is Thirsty
Rabbit C5 drank water
Rabbit C5f is running away from: WolfB2
Rabbit C5 is Hungry
Rabbit C5 f is ready to mate
Wolf B2 is Hungry
Wolf B2m is chasing: C5f
Wolf B2 is Thirsty
Wolf B2drank water
Wolf B2 m is ready to mate
No Female Wolf Partner or Female Wolf Partner not ready yet!
Wolf A3 is Hungry
WolfA3m died of hunger
Wolf A3m is chasing: C5f
Wolf A3 m is ready to mate
No Female Wolf Partner or Female Wolf Partner not ready yet!
Rabbit C5 is Thirsty
Rabbit C5 drank water
Rabbit C5f is running away from: WolfB2
Rabbit C5 is Hungry
RabbitC5f died of hunger
Rabbit C5 f is ready to mate
Wolf B2 is Hungry
Wolf B2 is Hungry
Wolf B2 is Hungry
WolfB2m died of hunger
