Rabbit B4 is Hungry
Rabbit B4f ate
Rabbit C2 is Hungry
Rabbit C2m ate
Rabbit A5 is Hungry
Rabbit A5m ate
Rabbit C0 is Hungry
Rabbit C0f ate
Rabbit B2 is Hungry
Rabbit B2f ate
Rabbit C5f is running away from: WolfC3
Rabbit C5 is Hungry
Rabbit C5f ate
Rabbit B0 is Hungry
Rabbit B0m ate
Rabbit A2 is Hungry
Rabbit A2f ate
Rabbit C1 is Hungry
Rabbit C1m ate
Rabbit C0 is Hungry
Rabbit C0m ate
Rabbit B5 is Hungry
Rabbit B5m ate
Rabbit A0 is Hungry
Rabbit A0f ate
Rabbit B0 is Hungry
Rabbit B0m ate
Rabbit A5 is Hungry
Rabbit A5m ate
Rabbit B3 is Hungry
Rabbit B3m ate
Rabbit B4 is Hungry
Rabbit B4f ate
Rabbit C2m is running away from: LionA3
Rabbit C2 is Hungry
Rabbit C2m ate
Rabbit A5 is Hungry
Rabbit A5m ate
Rabbit C0 is Hungry
Rabbit C0f ate
Rabbit B2 is Hungry
Rabbit B2f ate
Rabbit C5 is Hungry
Rabbit C5f ate
Rabbit B0 is Hungry
Rabbit A2 is Hungry
Rabbit C1 is Hungry
Rabbit C0 is Hungry
Rabbit C0m ate
Rabbit B5 is Hungry
Rabbit B5m ate
Rabbit A0 is Hungry
Rabbit B0 is Hungry
Rabbit B0m ate
Rabbit A5 is Hungry
Rabbit A5m ate
Rabbit B3 is Hungry
Rabbit B3m ate
Wolf C3f ate!
Rabbit B4 is Hungry
Rabbit B4 f is ready to mate
Rabbit C2 is Hungry
Rabbit C2m ate
Rabbit C2 m is ready to mate
Rabbit C2 m is approaching partner: Rabbit B4f
Rabbit A5 is Hungry
Rabbit A5m ate
Rabbit A5 m is ready to mate
Rabbit A5 m is approaching partner: Rabbit A2f
Rabbit C0 is Hungry
Rabbit C0f ate
Rabbit C0 f is ready to mate
Rabbit B2 is Hungry
Rabbit B2f ate
Rabbit B2 f is ready to mate
Rabbit B0 is Hungry
Rabbit B0m ate
Rabbit B0 m is ready to mate
Rabbit B0 m is approaching partner: Rabbit C0f
Rabbit C4 m was born!Father is B0 and Mother is C0
Rabbit A2 is Hungry
Rabbit A2f ate
Rabbit A2 f is ready to mate
Rabbit C1 is Hungry
Rabbit C1 m is ready to mate
Rabbit C1 m is approaching partner: Rabbit B2f
Rabbit C0 is Hungry
Rabbit C0m ate
Rabbit C0 m is ready to mate
Rabbit C0 m is approaching partner: Rabbit B2f
Rabbit B5 is Hungry
Rabbit B5m ate
Rabbit B5 m is ready to mate
Rabbit B5 m is approaching partner: Rabbit B4f
Rabbit A0 is Hungry
Rabbit A0f ate
Rabbit A0 f is ready to mate
Rabbit B0 is Hungry
Rabbit B0m ate
Rabbit B0 m is ready to mate
Rabbit B0 m is approaching partner: Rabbit A0f
Rabbit A5 is Hungry
Rabbit A5 m is ready to mate
Rabbit A5 m is approaching partner: Rabbit A2f
Rabbit B3 is Hungry
Rabbit B3m ate
Rabbit B3 m is ready to mate
Rabbit B3 m is approaching partner: Rabbit A0f
Wolf A4 f is ready to mate
Wolf C3 f is ready to mate
Wolf C5 f is ready to mate
Wolf C1 f is ready to mate
Rabbit B4 is Hungry
Rabbit B4f ate
Rabbit B4 f is ready to mate
Rabbit C2 is Hungry
Rabbit C2m ate
Rabbit C2 m is ready to mate
Rabbit C2 m is approaching partner: Rabbit B4f
Rabbit A5 is Hungry
Rabbit A5 m is ready to mate
Rabbit A5 m is approaching partner: Rabbit A2f
Rabbit C0 is Hungry
Rabbit B2 is Hungry
Rabbit B2 f is ready to mate
Rabbit B0 is Hungry
Rabbit B0m ate
Rabbit B0 m is ready to mate
Rabbit B0 m is approaching partner: Rabbit A0f
Rabbit A2 is Hungry
Rabbit A2 f is ready to mate
Rabbit C1 is Hungry
Rabbit C1m ate
Rabbit C1 m is ready to mate
Rabbit C1 m is approaching partner: Rabbit B2f
Rabbit C0 f was born!Father is C1 and Mother is B2
Rabbit C0 is Hungry
Rabbit C0m ate
Rabbit C0 m is ready to mate
Rabbit C0 m is approaching partner: Rabbit A2f
Rabbit B5 is Hungry
Rabbit B5m ate
Rabbit B5 m is ready to mate
Rabbit B5 m is approaching partner: Rabbit B4f
Rabbit A0 is Hungry
Rabbit A0 f is ready to mate
Rabbit B0 is Hungry
Rabbit B0m ate
Rabbit B0 m is ready to mate
Rabbit B0 m is approaching partner: Rabbit A0f
Rabbit A5 is Hungry
Rabbit A5m ate
Rabbit A5 m is ready to mate
Rabbit A5 m is approaching partner: Rabbit A2f
Rabbit B3 is Hungry
Rabbit B3m ate
Rabbit B3 m is ready to mate
Rabbit B3 m is approaching partner: Rabbit A0f
Rabbit C4 is Hungry
Rabbit C4m ate
Lion A4m ate: B5m
Wolf A4 f is ready to mate
Wolf C3 f is ready to mate
Wolf C5 f is ready to mate
Wolf C1 f is ready to mate
Rabbit B4 is Hungry
Rabbit B4 f is ready to mate
Rabbit C2m is running away from: WolfC3
Rabbit C2 is Hungry
Rabbit C2m ate
Rabbit C2 m is ready to mate
Rabbit C2 m is approaching partner: Rabbit B4f
Rabbit A5 is Hungry
Rabbit A5m ate
Rabbit A5 m is ready to mate
Rabbit A5 m is approaching partner: Rabbit A2f
Rabbit C0 is Hungry
Rabbit B2 is Hungry
Rabbit B0 is Hungry
Rabbit B0m ate
Rabbit B0 m is ready to mate
Rabbit B0 m is approaching partner: Rabbit A0f
Rabbit A2 is Hungry
Rabbit A2f ate
Rabbit A2 f is ready to mate
Rabbit C1 is Hungry
Rabbit C1m ate
Rabbit C1 m is ready to mate
Rabbit C1 m is approaching partner: Rabbit A2f
Rabbit C0 is Hungry
Rabbit C0m ate
Rabbit C0 m is ready to mate
Rabbit C0 m is approaching partner: Rabbit A2f
Rabbit B5 is Hungry
Rabbit B5 m is ready to mate
Rabbit B5 m is approaching partner: Rabbit B4f
Rabbit A0 is Hungry
Rabbit A0f ate
Rabbit A0 f is ready to mate
Rabbit B0 is Hungry
Rabbit B0m ate
Rabbit B0 m is ready to mate
Rabbit B0 m is approaching partner: Rabbit A0f
Rabbit A5 is Hungry
Rabbit A5m ate
Rabbit A5 m is ready to mate
Rabbit A5 m is approaching partner: Rabbit A2f
Rabbit B3 is Hungry
Rabbit B3m ate
Rabbit B3 m is ready to mate
Rabbit B3 m is approaching partner: Rabbit A0f
Rabbit C4 is Hungry
Rabbit C4m ate
Rabbit C0 is Hungry
Rabbit C0f ate
Wolf A4 f is ready to mate
Wolf C3 f is ready to mate
Wolf C5 f is ready to mate
Wolf C1 f is ready to mate
Rabbit B4 is Hungry
Rabbit B4f ate
Rabbit B4 f is ready to mate
Rabbit C2m is running away from: WolfC3
Rabbit C2 is Hungry
Rabbit C2m ate
Rabbit C2 m is ready to mate
Rabbit C2 m is approaching partner: Rabbit B4f
Rabbit A5 is Hungry
Rabbit A5 m is ready to mate
Rabbit A5 m is approaching partner: Rabbit A2f
Rabbit B2 m was born!Father is A5 and Mother is A2
Rabbit C0 is Hungry
Rabbit B2 is Hungry
Rabbit B0 is Hungry
Rabbit B0m ate
Rabbit B0 m is ready to mate
Rabbit B0 m is approaching partner: Rabbit A0f
Rabbit A2 is Hungry
Rabbit A2f ate
Rabbit C1 is Hungry
Rabbit C1 m is ready to mate
Rabbit C1 m is approaching partner: Rabbit A0f
Rabbit C0 is Hungry
Rabbit C0m ate
Rabbit C0 m is ready to mate
Rabbit C0 m is approaching partner: Rabbit A0f
Rabbit B5 is Hungry
Rabbit B5m ate
Rabbit B5 m is ready to mate
Rabbit B5 m is approaching partner: Rabbit B4f
Rabbit A0 is Hungry
Rabbit A0f ate
Rabbit A0 f is ready to mate
Rabbit B0 is Hungry
Rabbit B0m ate
Rabbit B0 m is ready to mate
Rabbit B0 m is approaching partner: Rabbit A0f
Rabbit A5 is Hungry
Rabbit A5m ate
Rabbit A5 m is ready to mate
Rabbit A5 m is approaching partner: Rabbit A0f
Rabbit B3 is Hungry
Rabbit B3m ate
Rabbit B3 m is ready to mate
Rabbit B3 m is approaching partner: Rabbit A0f
Rabbit C4 is Hungry
Rabbit C0 is Hungry
Wolf A4 f is ready to mate
Wolf C3f ate!
Wolf C3 f is ready to mate
Wolf C5 f is ready to mate
Wolf C1 f is ready to mate
Rabbit B4 is Hungry
Rabbit B4f ate
Rabbit B4 f is ready to mate
Rabbit A5 is Hungry
Rabbit A5 m is ready to mate
Rabbit A5 m is approaching partner: Rabbit A0f
Rabbit C0 is Hungry
Rabbit C0f ate
Rabbit B2 is Hungry
Rabbit B2f ate
Rabbit B0 is Hungry
Rabbit B0m ate
Rabbit B0 m is ready to mate
Rabbit B0 m is approaching partner: Rabbit A0f
Rabbit A2 is Hungry
Rabbit A2f ate
Rabbit C1 is Hungry
Rabbit C1 m is ready to mate
Rabbit C1 m is approaching partner: Rabbit A0f
Rabbit C0 is Hungry
Rabbit C0m ate
Rabbit C0 m is ready to mate
Rabbit C0 m is approaching partner: Rabbit A0f
Rabbit B5 is Hungry
Rabbit B5m ate
Rabbit B5 m is ready to mate
Rabbit B5 m is approaching partner: Rabbit B4f
Rabbit A0 is Hungry
Rabbit A0f ate
Rabbit A0 f is ready to mate
Rabbit B0 is Hungry
Rabbit B0 m is ready to mate
Rabbit B0 m is approaching partner: Rabbit A0f
Rabbit A5 is Hungry
Rabbit A5m ate
Rabbit A5 m is ready to mate
Rabbit A5 m is approaching partner: Rabbit A0f
Rabbit B3 is Hungry
Rabbit B3m ate
Rabbit B3 m is ready to mate
Rabbit B3 m is approaching partner: Rabbit A0f
Rabbit C4 is Hungry
Rabbit C0 is Hungry
Rabbit B2 is Hungry
Wolf A4 f is ready to mate
Wolf C3 f is ready to mate
Wolf C5f is running away from: LionB4
Wolf C5 f is ready to mate
Wolf C1 f is ready to mate
Rabbit B4 is Hungry
Rabbit B4 f is ready to mate
Rabbit A5 is Hungry
Rabbit A5m ate
Rabbit A5 m is ready to mate
Rabbit A5 m is approaching partner: Rabbit A0f
Rabbit C0 is Hungry
Rabbit C0 f is ready to mate
Rabbit B2 is Hungry
Rabbit B0 is Hungry
Rabbit B0m ate
Rabbit B0 m is ready to mate
Rabbit B0 m is approaching partner: Rabbit C0f
Rabbit A2 is Hungry
Rabbit C1 is Hungry
Rabbit C1m ate
Rabbit C1 m is ready to mate
Rabbit C1 m is approaching partner: Rabbit C0f
Rabbit C0 is Hungry
Rabbit C0m ate
Rabbit C0 m is ready to mate
Rabbit C0 m is approaching partner: Rabbit C0f
Rabbit B5 is Hungry
Rabbit B5m ate
Rabbit B5 m is ready to mate
Rabbit B5 m is approaching partner: Rabbit B4f
Rabbit A3 f was born!Father is B5 and Mother is B4
Rabbit A0 is Hungry
Rabbit A0 f is ready to mate
Rabbit B0 is Hungry
Rabbit B0m ate
Rabbit B0 m is ready to mate
Rabbit B0 m is approaching partner: Rabbit A0f
Rabbit A5 is Hungry
Rabbit A5m ate
Rabbit A5 m is ready to mate
Rabbit A5 m is approaching partner: Rabbit C0f
Rabbit B3 is Hungry
Rabbit B3m ate
Rabbit B3 m is ready to mate
Rabbit B3 m is approaching partner: Rabbit A0f
Rabbit C4 is Hungry
Rabbit C4m ate
Rabbit C4 m is ready to mate
Rabbit C4 m is approaching partner: Rabbit C0f
Rabbit C5 f was born!Father is C4 and Mother is C0
Rabbit C0 is Hungry
Rabbit B2 is Hungry
Rabbit B2m ate
Lion A3 is Hungry
LionA3fis chasing: C3f
Lion C4 is Hungry
LionC4mis chasing: C5f
Lion B4 is Hungry
LionB4mis chasing: C5f
Wolf A4 f is ready to mate
Wolf C3 f is ready to mate
Wolf C5 f is ready to mate
Wolf C1 f is ready to mate
Rabbit B4 is Hungry
Rabbit A5 is Hungry
Rabbit A5 m is ready to mate
Rabbit A5 m is approaching partner: Rabbit A0f
Rabbit C0 is Hungry
Rabbit B2 is Hungry
Rabbit B2f ate
Rabbit B2 f is ready to mate
Rabbit B0 is Hungry
Rabbit B0 m is ready to mate
Rabbit B0 m is approaching partner: Rabbit A0f
Rabbit A2 is Hungry
Rabbit A2f ate
Rabbit C1 is Hungry
Rabbit C1m ate
Rabbit C1 m is ready to mate
Rabbit C1 m is approaching partner: Rabbit B2f
Rabbit C0 is Hungry
Rabbit C0m ate
Rabbit C0 m is ready to mate
Rabbit C0 m is approaching partner: Rabbit B2f
Rabbit B5 is Hungry
Rabbit B5 m is ready to mate
Rabbit B5 m is approaching partner: Rabbit A0f
Rabbit A0 is Hungry
Rabbit A0f ate
Rabbit A0 f is ready to mate
Rabbit B0m is running away from: WolfC5
Rabbit B0 is Hungry
Rabbit B0 m is ready to mate
Rabbit B0 m is approaching partner: Rabbit A0f
Rabbit A5 is Hungry
Rabbit A5m ate
Rabbit A5 m is ready to mate
Rabbit A5 m is approaching partner: Rabbit B2f
Rabbit B3 is Hungry
Rabbit B3m ate
Rabbit B3 m is ready to mate
Rabbit B3 m is approaching partner: Rabbit A0f
Rabbit C4 is Hungry
Rabbit C4m ate
Rabbit C4 m is ready to mate
Rabbit C4 m is approaching partner: Rabbit A0f
Rabbit C0 is Hungry
Rabbit C0 f is ready to mate
Rabbit B2 is Hungry
Rabbit A3 is Hungry
Rabbit C5 is Hungry
Rabbit C5f ate
Lion A3 is Hungry
LionA3fis chasing: C3f
Lion C4 is Hungry
LionC4mis chasing: C5f
Lion B4 is Hungry
LionB4mis chasing: C5f
LionB4m ate: C5f
Wolf A4 is Hungry
Wolf A4f is chasing: A3f
Wolf A4 f is ready to mate
Wolf C3f is running away from: LionA3
Wolf C3 f is ready to mate
Wolf C1 is Hungry
Wolf C1f is chasing: B3m
Wolf C1 f is ready to mate
Rabbit B4 is Thirsty
Rabbit B4 drank water
Rabbit B4 is Hungry
Rabbit A5 is Thirsty
Rabbit A5 drank water
Rabbit A5 is Hungry
Rabbit A5m ate
Rabbit A5 m is ready to mate
Rabbit A5 m is approaching partner: Rabbit C0f
Rabbit C0 is Thirsty
Rabbit C0 drank water
Rabbit C0 is Hungry
Rabbit B2 is Thirsty
Rabbit B2 drank water
Rabbit B2 is Hungry
Rabbit B2 f is ready to mate
Rabbit B0 is Thirsty
Rabbit B0 drank water
Rabbit B0 is Hungry
Rabbit B0 m is ready to mate
Rabbit B0 m is approaching partner: Rabbit A0f
Rabbit A2 is Thirsty
Rabbit A2 drank water
Rabbit A2 is Hungry
Rabbit C1 is Thirsty
Rabbit C1 drank water
Rabbit C1 is Hungry
Rabbit C1m ate
Rabbit C1 m is ready to mate
Rabbit C1 m is approaching partner: Rabbit B2f
Rabbit C5 f was born!Father is C1 and Mother is B2
Rabbit C0 is Thirsty
Rabbit C0 drank water
Rabbit C0 is Hungry
Rabbit C0m ate
Rabbit C0 m is ready to mate
Rabbit C0 m is approaching partner: Rabbit C0f
Rabbit C1 f was born!Father is C0 and Mother is C0
Rabbit B5 is Thirsty
Rabbit B5 drank water
Rabbit B5 is Hungry
Rabbit B5m ate
Rabbit B5 m is ready to mate
Rabbit B5 m is approaching partner: Rabbit A0f
Rabbit A0 is Thirsty
Rabbit A0 drank water
Rabbit A0 is Hungry
Rabbit A0 f is ready to mate
Rabbit B0 is Thirsty
Rabbit B0 drank water
Rabbit B0 is Hungry
Rabbit B0m ate
Rabbit B0 m is ready to mate
Rabbit B0 m is approaching partner: Rabbit A0f
Rabbit A5 is Thirsty
Rabbit A5 drank water
Rabbit A5 is Hungry
Rabbit A5m ate
Rabbit A5 m is ready to mate
Rabbit A5 m is approaching partner: Rabbit A0f
Rabbit B3 is Thirsty
Rabbit B3 drank water
Rabbit B3 is Hungry
Rabbit B3m ate
Rabbit B3 m is ready to mate
Rabbit B3 m is approaching partner: Rabbit A0f
Rabbit C4 is Hungry
Rabbit C4m ate
Rabbit C4 m is ready to mate
Rabbit C4 m is approaching partner: Rabbit A0f
Rabbit C0 is Hungry
RabbitC0f died of hunger
Rabbit C0f ate
Rabbit B2 is Hungry
Rabbit B2 m is ready to mate
Rabbit B2 m is approaching partner: Rabbit A0f
Rabbit A3 is Hungry
Rabbit A3f ate
Rabbit C5 is Hungry
Rabbit C5f ate
Lion A3 is Thirsty
Lion A3 drank water
Lion A3 is Hungry
LionA3fis chasing: C3f
LionA3f ate: C3f
Lion A4 is Thirsty
Lion A4 drank water
Lion C4 is Thirsty
Lion C4 drank water
Lion C4m ate: B0m
Lion B4 is Thirsty
Lion B4 drank water
Wolf A4 is Hungry
Wolf A4f is chasing: A3f
Wolf A4 f is ready to mate
Wolf C1 is Hungry
Wolf C1f is chasing: B3m
Wolf C1 f is ready to mate
Rabbit B4 is Thirsty
Rabbit B4 drank water
Rabbit B4 is Hungry
Rabbit A5 is Thirsty
Rabbit A5 drank water
Rabbit A5 is Hungry
Rabbit A5m ate
Rabbit A5 m is ready to mate
Rabbit A5 m is approaching partner: Rabbit A0f
Rabbit C0 is Thirsty
Rabbit C0 drank water
Rabbit C0 is Hungry
Rabbit B2 is Thirsty
Rabbit B2 drank water
Rabbit B2 is Hungry
Rabbit B2f ate
Rabbit B0 is Thirsty
Rabbit B0 drank water
Rabbit B0 is Hungry
Rabbit B0m ate
Rabbit B0 m is ready to mate
Rabbit B0 m is approaching partner: Rabbit A0f
Rabbit A2 is Thirsty
Rabbit A2 drank water
Rabbit A2 is Hungry
Rabbit A2f ate
Rabbit A2 f is ready to mate
Rabbit C1 is Thirsty
Rabbit C1 drank water
Rabbit C1 is Hungry
Rabbit C1 m is ready to mate
Rabbit C1 m is approaching partner: Rabbit A2f
Rabbit C0 is Thirsty
Rabbit C0 drank water
Rabbit C0 is Hungry
Rabbit C0m ate
Rabbit C0 m is ready to mate
Rabbit C0 m is approaching partner: Rabbit A2f
Rabbit B5 is Thirsty
Rabbit B5 drank water
Rabbit B5 is Hungry
Rabbit B5m ate
Rabbit B5 m is ready to mate
Rabbit B5 m is approaching partner: Rabbit A0f
Rabbit A0 is Thirsty
Rabbit A0 drank water
Rabbit A0 is Hungry
Rabbit A0f ate
Rabbit A0 f is ready to mate
Rabbit B0 is Thirsty
Rabbit B0 drank water
Rabbit B0 is Hungry
Rabbit B0 m is ready to mate
Rabbit B0 m is approaching partner: Rabbit A0f
Rabbit A5 is Thirsty
Rabbit A5 drank water
Rabbit A5 is Hungry
Rabbit A5 m is ready to mate
Rabbit A5 m is approaching partner: Rabbit A2f
Rabbit B3 is Thirsty
Rabbit B3 drank water
Rabbit B3 is Hungry
Rabbit B3m ate
Rabbit B3 m is ready to mate
Rabbit B3 m is approaching partner: Rabbit A0f
Rabbit A2 m was born!Father is B3 and Mother is A0
Rabbit C4 is Hungry
Rabbit C4 m is ready to mate
Rabbit C4 m is approaching partner: Rabbit A2f
Rabbit B2 is Hungry
Rabbit B2 m is ready to mate
Rabbit B2 m is approaching partner: Rabbit A2f
Rabbit A3 is Hungry
Rabbit A3f ate
Rabbit C5 is Hungry
Rabbit C5f ate
Rabbit C5 is Hungry
Rabbit C5f ate
Rabbit C1 is Hungry
Rabbit C1f ate
Lion A3 is Thirsty
Lion A3 drank water
Lion A4 is Thirsty
Lion A4 drank water
Lion C4 is Thirsty
Lion C4 drank water
Lion B4 is Thirsty
Lion B4 drank water
Wolf A4 is Hungry
Wolf A4f is chasing: A3f
Wolf A4 f is ready to mate
Wolf C1 is Hungry
Wolf C1f is chasing: A2m
Wolf C1 f is ready to mate
Rabbit B4 is Thirsty
Rabbit B4 drank water
Rabbit B4 is Hungry
RabbitB4f died of hunger
Rabbit B4 f is ready to mate
Rabbit A5 is Hungry
Rabbit A5 m is ready to mate
Rabbit A5 m is approaching partner: Rabbit A2f
Rabbit C0 is Thirsty
Rabbit C0 drank water
Rabbit C0 is Hungry
RabbitC0f died of hunger
Rabbit C0f ate
Rabbit C0 f is ready to mate
Rabbit B2 is Thirsty
Rabbit B2 drank water
Rabbit B2 is Hungry
Rabbit B0 is Thirsty
Rabbit B0 drank water
Rabbit B0 is Hungry
Rabbit B0 m is ready to mate
Rabbit B0 m is approaching partner: Rabbit A2f
Rabbit A2 is Thirsty
Rabbit A2 drank water
Rabbit A2 is Hungry
Rabbit A2f ate
Rabbit A2 f is ready to mate
Rabbit C1 is Thirsty
Rabbit C1 drank water
Rabbit C1 is Hungry
Rabbit C1m ate
Rabbit C1 m is ready to mate
Rabbit C1 m is approaching partner: Rabbit A2f
Rabbit C0 is Hungry
Rabbit C0m ate
Rabbit C0 m is ready to mate
Rabbit C0 m is approaching partner: Rabbit A2f
Rabbit B5 is Thirsty
Rabbit B5 drank water
Rabbit B5 is Hungry
Rabbit B5m ate
Rabbit B5 m is ready to mate
Rabbit B5 m is approaching partner: Rabbit A2f
Rabbit A0 is Thirsty
Rabbit A0 drank water
Rabbit A0 is Hungry
Rabbit A0f ate
Rabbit B0m is running away from: LionB4
Rabbit B0 is Hungry
Rabbit B0 m is ready to mate
Rabbit B0 m is approaching partner: Rabbit A2f
Rabbit A5 is Thirsty
Rabbit A5 drank water
Rabbit A5 is Hungry
Rabbit A5 m is ready to mate
Rabbit A5 m is approaching partner: Rabbit A2f
Rabbit B3 is Thirsty
Rabbit B3 drank water
Rabbit B3 is Hungry
Rabbit B3m ate
Rabbit B3 m is ready to mate
Rabbit B3 m is approaching partner: Rabbit A2f
Rabbit C4 is Hungry
Rabbit C4 m is ready to mate
Rabbit C4 m is approaching partner: Rabbit A2f
Rabbit B2 is Hungry
Rabbit B2m ate
Rabbit B2 m is ready to mate
Rabbit B2 m is approaching partner: Rabbit A2f
Rabbit A3 is Hungry
Rabbit A3 f is ready to mate
Rabbit C5 is Hungry
Rabbit C5 f is ready to mate
Rabbit C5 is Hungry
Rabbit C1 is Hungry
Rabbit C1f ate
Rabbit A2 is Hungry
Rabbit A2m ate
Lion A3 is Thirsty
Lion A3 drank water
Lion A4 is Thirsty
Lion A4 drank water
Lion A4 is Hungry
LionA4mis chasing: B5m
Lion C4 is Thirsty
Lion C4 drank water
Lion B4 is Thirsty
Lion B4 drank water
Lion B4m ate: B0m
Wolf A4 is Hungry
Wolf A4f is chasing: A3f
Wolf A4 f is ready to mate
Wolf C1 is Hungry
Wolf C1f is chasing: A2m
Wolf C1 f is ready to mate
Rabbit A5 is Hungry
Rabbit A5m ate
Rabbit A5 m is ready to mate
Rabbit A5 m is approaching partner: Rabbit A2f
Rabbit B2 is Thirsty
Rabbit B2 drank water
Rabbit B2 is Hungry
Rabbit B2 f is ready to mate
Rabbit B0 is Thirsty
Rabbit B0 drank water
Rabbit B0 is Hungry
Rabbit B0m ate
Rabbit B0 m is ready to mate
Rabbit B0 m is approaching partner: Rabbit C5f
Rabbit A2 is Thirsty
Rabbit A2 drank water
Rabbit A2 is Hungry
Rabbit A2f ate
Rabbit A2 f is ready to mate
Rabbit C1 is Hungry
Rabbit C1m ate
Rabbit C1 m is ready to mate
Rabbit C1 m is approaching partner: Rabbit B2f
Rabbit C0 is Hungry
Rabbit C0m ate
Rabbit C0 m is ready to mate
Rabbit C0 m is approaching partner: Rabbit B2f
Rabbit B5 is Thirsty
Rabbit B5 drank water
Rabbit B5 is Hungry
Rabbit B5 m is ready to mate
Rabbit B5 m is approaching partner: Rabbit A3f
Rabbit A0 is Hungry
Rabbit B0m is running away from: LionB4
Rabbit B0 is Hungry
Rabbit B0 m is ready to mate
Rabbit B0 m is approaching partner: Rabbit C5f
Rabbit A5 is Thirsty
Rabbit A5 drank water
Rabbit A5 is Hungry
Rabbit A5 m is ready to mate
Rabbit A5 m is approaching partner: Rabbit C5f
Rabbit B1 f was born!Father is A5 and Mother is C5
Rabbit B3 is Thirsty
Rabbit B3 drank water
Rabbit B3 is Hungry
Rabbit B3 m is ready to mate
Rabbit B3 m is approaching partner: Rabbit A2f
Rabbit C4 is Thirsty
Rabbit C4 drank water
Rabbit C4 is Hungry
Rabbit C4 m is ready to mate
Rabbit C4 m is approaching partner: Rabbit A2f
Rabbit B2 is Hungry
Rabbit B2m ate
Rabbit B2 m is ready to mate
Rabbit B2 m is approaching partner: Rabbit A2f
Rabbit A3 is Hungry
Rabbit A3f ate
Rabbit A3 f is ready to mate
Rabbit C5 is Hungry
Rabbit C5 is Hungry
Rabbit C5 f is ready to mate
Rabbit C1 is Hungry
Rabbit C1f ate
Rabbit C1 f is ready to mate
Rabbit A2 is Hungry
Lion A3 is Thirsty
Lion A3 drank water
Lion A4 is Thirsty
Lion A4 drank water
Lion A4 is Hungry
LionA4mis chasing: B5m
Lion C4 is Thirsty
Lion C4 drank water
Lion C4m ate: B0m
Lion B4 is Thirsty
Lion B4 drank water
Wolf A4 is Hungry
Wolf A4f is chasing: B5m
Wolf A4 f is ready to mate
Wolf C1 is Hungry
Wolf C1f is chasing: A2m
Wolf C1 f is ready to mate
Rabbit A5 is Hungry
Rabbit A5m ate
Rabbit A5 m is ready to mate
Rabbit A5 m is approaching partner: Rabbit A2f
Rabbit B2 is Thirsty
Rabbit B2 drank water
Rabbit B2 is Hungry
Rabbit B2 f is ready to mate
Rabbit B0 is Thirsty
Rabbit B0 drank water
Rabbit B0 is Hungry
Rabbit B0 m is ready to mate
Rabbit B0 m is approaching partner: Rabbit A2f
Rabbit A2 is Thirsty
Rabbit A2 drank water
Rabbit A2 is Hungry
Rabbit A2f ate
Rabbit A2 f is ready to mate
Rabbit C1 is Hungry
Rabbit C1 m is ready to mate
Rabbit C1 m is approaching partner: Rabbit B2f
Rabbit B1 m was born!Father is C1 and Mother is B2
Rabbit C0 is Hungry
Rabbit C0m ate
Rabbit C0 m is ready to mate
Rabbit C0 m is approaching partner: Rabbit C1f
Rabbit C3 f was born!Father is C0 and Mother is C1
Rabbit B5 is Thirsty
Rabbit B5 drank water
Rabbit B5 is Hungry
Rabbit B5 m is ready to mate
Rabbit B5 m is approaching partner: Rabbit A3f
Rabbit A0 is Hungry
Rabbit A0f ate
Rabbit B0m is running away from: LionC4
Rabbit B0 is Hungry
Rabbit B0 m is ready to mate
Rabbit B0 m is approaching partner: Rabbit A2f
Rabbit A5 is Thirsty
Rabbit A5 drank water
Rabbit A5 is Hungry
Rabbit A5m ate
Rabbit A5 m is ready to mate
Rabbit A5 m is approaching partner: Rabbit A2f
Rabbit B3 is Thirsty
Rabbit B3 drank water
Rabbit B3 is Hungry
Rabbit B3 m is ready to mate
Rabbit B3 m is approaching partner: Rabbit A2f
Rabbit C4 is Thirsty
Rabbit C4 drank water
Rabbit C4 is Hungry
Rabbit C4 m is ready to mate
Rabbit C4 m is approaching partner: Rabbit A2f
Rabbit B2 is Hungry
Rabbit B2m ate
Rabbit B2 m is ready to mate
Rabbit B2 m is approaching partner: Rabbit A2f
Rabbit A3 is Hungry
Rabbit A3f ate
Rabbit A3 f is ready to mate
Rabbit C5 is Hungry
Rabbit C5 is Hungry
Rabbit C5 f is ready to mate
Rabbit C1 is Hungry
Rabbit C1f ate
Rabbit A2 is Hungry
Rabbit A2 m is ready to mate
Rabbit A2 m is approaching partner: Rabbit A2f
Rabbit B1 is Hungry
Lion A4 is Thirsty
Lion A4 drank water
Lion A4m ate: A3f
Lion B4 is Thirsty
Lion B4 drank water
Wolf A4 is Hungry
Wolf A4f is chasing: B5m
Wolf A4 f is ready to mate
Wolf C1 is Hungry
Wolf C1f is chasing: A0f
Wolf C1 f is ready to mate
Rabbit A5 is Hungry
Rabbit A5 m is ready to mate
Rabbit A5 m is approaching partner: Rabbit A2f
Rabbit B2 is Hungry
Rabbit B0 is Thirsty
Rabbit B0 drank water
Rabbit B0 is Hungry
Rabbit B0 m is ready to mate
Rabbit B0 m is approaching partner: Rabbit A2f
Rabbit A2 is Thirsty
Rabbit A2 drank water
Rabbit A2 is Hungry
Rabbit A2 f is ready to mate
Rabbit C1 is Hungry
Rabbit C1 m is ready to mate
Rabbit C1 m is approaching partner: Rabbit C5f
Rabbit C0 is Hungry
Rabbit C0 m is ready to mate
Rabbit C0 m is approaching partner: Rabbit C5f
Rabbit B5 is Thirsty
Rabbit B5 drank water
Rabbit B5 is Hungry
Rabbit B5 m is ready to mate
Rabbit B5 m is approaching partner: Rabbit A3f
Rabbit C2 f was born!Father is B5 and Mother is A3
Rabbit A0 is Hungry
Rabbit A0 f is ready to mate
Rabbit B0m is running away from: LionC4
Rabbit B0 is Hungry
RabbitB0m died of hunger
Rabbit B0 m is ready to mate
Rabbit B0 m is approaching partner: Rabbit A0f
Rabbit A5 is Thirsty
Rabbit A5 drank water
Rabbit A5 is Hungry
Rabbit A5 m is ready to mate
Rabbit A5 m is approaching partner: Rabbit A2f
Rabbit B3 is Thirsty
Rabbit B3 drank water
Rabbit B3 is Hungry
Rabbit B3 m is ready to mate
Rabbit B3 m is approaching partner: Rabbit A0f
Rabbit C4 is Thirsty
Rabbit C4 drank water
Rabbit C4 is Hungry
RabbitC4m died of hunger
Rabbit C4 m is ready to mate
Rabbit C4 m is approaching partner: Rabbit A2f
Rabbit B2 is Hungry
Rabbit B2 m is ready to mate
Rabbit B2 m is approaching partner: Rabbit A2f
Rabbit A3 is Hungry
Rabbit C5 is Hungry
Rabbit C5 is Hungry
Rabbit C5f ate
Rabbit C5 f is ready to mate
Rabbit C1 is Hungry
Rabbit A2 is Hungry
Rabbit A2 m is ready to mate
Rabbit A2 m is approaching partner: Rabbit A0f
Rabbit C4 f was born!Father is A2 and Mother is A0
Rabbit B1 is Hungry
Rabbit B1 is Hungry
Rabbit C3 is Hungry
Lion A4 is Thirsty
Lion A4 drank water
Lion B4 is Thirsty
Lion B4 drank water
Wolf A4 is Hungry
Wolf A4f is chasing: B5m
Wolf A4 f is ready to mate
Wolf C1 is Hungry
Wolf C1f is chasing: C4f
Wolf C1 f is ready to mate
Rabbit A5 is Hungry
Rabbit A5 m is ready to mate
Rabbit A5 m is approaching partner: Rabbit A2f
Rabbit B2 is Hungry
RabbitB2f died of hunger
Rabbit B0 is Thirsty
Rabbit B0 drank water
Rabbit B0 is Hungry
Rabbit B0 m is ready to mate
Rabbit B0 m is approaching partner: Rabbit A2f
Rabbit A2 is Thirsty
Rabbit A2 drank water
Rabbit A2 is Hungry
Rabbit A2 f is ready to mate
Rabbit C1 is Hungry
Rabbit C1 m is ready to mate
Rabbit C1 m is approaching partner: Rabbit C5f
Rabbit C0 is Hungry
Rabbit C0 m is ready to mate
Rabbit C0 m is approaching partner: Rabbit C5f
Rabbit B5 is Thirsty
Rabbit B5 drank water
Rabbit B5m is running away from: WolfA4
Rabbit B5 is Hungry
Rabbit B5m ate
Rabbit B5 m is ready to mate
Rabbit B5 m is approaching partner: Rabbit A2f
Rabbit A0 is Hungry
Rabbit A5 is Thirsty
Rabbit A5 drank water
Rabbit A5 is Hungry
Rabbit A5 m is ready to mate
Rabbit A5 m is approaching partner: Rabbit A2f
Rabbit B3 is Hungry
Rabbit B3 m is ready to mate
Rabbit B3 m is approaching partner: Rabbit A2f
Rabbit B2 is Thirsty
Rabbit B2 drank water
Rabbit B2 is Hungry
Rabbit B2m ate
Rabbit B2 m is ready to mate
Rabbit B2 m is approaching partner: Rabbit A2f
Rabbit A3 is Hungry
Rabbit C5 is Hungry
RabbitC5f died of hunger
Rabbit C5 is Hungry
Rabbit C5 f is ready to mate
Rabbit C1 is Hungry
Rabbit A2 is Hungry
Rabbit A2 m is ready to mate
Rabbit A2 m is approaching partner: Rabbit A2f
Rabbit B1 is Hungry
Rabbit B1 is Hungry
Rabbit C3 is Hungry
Rabbit C3f ate
Rabbit C2f is running away from: LionA4
Rabbit C2 is Hungry
Rabbit C2f ate
Rabbit C4 is Hungry
Lion A4 is Thirsty
Lion A4 drank water
Lion A4m ate: A3f
Wolf A4 is Hungry
Wolf A4f is chasing: A3f
Wolf A4f ate!
Wolf A4 f is ready to mate
Wolf C1 is Hungry
Wolf C1f is chasing: C4f
Wolf C1 f is ready to mate
Rabbit A5 is Hungry
Rabbit A5m ate
Rabbit A5 m is ready to mate
Rabbit A5 m is approaching partner: Rabbit A2f
Rabbit A1 m was born!Father is A5 and Mother is A2
Rabbit B0 is Thirsty
Rabbit B0 drank water
Rabbit B0 is Hungry
Rabbit B0 m is ready to mate
Rabbit B0 m is approaching partner: Rabbit C5f
Rabbit A2 is Thirsty
Rabbit A2 drank water
Rabbit A2 is Hungry
Rabbit C1 is Hungry
Rabbit C1 m is ready to mate
Rabbit C1 m is approaching partner: Rabbit C5f
Rabbit B4 m was born!Father is C1 and Mother is C5
Rabbit C0 is Hungry
Rabbit C0 m is ready to mate
Not enough female Rabbits or Female Rabbit partners are not ready yet!
Rabbit B5 is Thirsty
Rabbit B5 drank water
Rabbit B5m is running away from: LionA4
Rabbit B5m is running away from: WolfA4
Rabbit B5 is Hungry
Rabbit B5 m is ready to mate
Not enough female Rabbits or Female Rabbit partners are not ready yet!
Rabbit A0 is Hungry
Rabbit A5 is Thirsty
Rabbit A5 drank water
Rabbit A5 is Hungry
Rabbit A5 m is ready to mate
Not enough female Rabbits or Female Rabbit partners are not ready yet!
Rabbit B3 is Hungry
RabbitB3m died of hunger
Rabbit B3m ate
Rabbit B3 m is ready to mate
Not enough female Rabbits or Female Rabbit partners are not ready yet!
Rabbit B2 is Thirsty
Rabbit B2 drank water
Rabbit B2 is Hungry
Rabbit B2 m is ready to mate
Not enough female Rabbits or Female Rabbit partners are not ready yet!
Rabbit C5 is Hungry
Rabbit C1 is Hungry
Rabbit A2 is Hungry
RabbitA2m died of hunger
Rabbit A2m ate
Rabbit A2 m is ready to mate
Not enough female Rabbits or Female Rabbit partners are not ready yet!
Rabbit B1 is Hungry
Rabbit B1 is Hungry
Rabbit C3 is Hungry
Rabbit C3f ate
Rabbit C2f is running away from: LionA4
Rabbit C2 is Hungry
Rabbit C2f ate
Rabbit C4f is running away from: WolfC1
Rabbit C4 is Hungry
Lion A4 is Thirsty
Lion A4 drank water
Wolf A4f is running away from: LionA4
Wolf A4 f is ready to mate
Wolf C1 is Hungry
Wolf C1f is chasing: C4f
Wolf C1 f is ready to mate
Rabbit A5 is Hungry
Rabbit A5 m is ready to mate
Not enough female Rabbits or Female Rabbit partners are not ready yet!
Rabbit B0 is Thirsty
Rabbit B0 drank water
Rabbit B0 is Hungry
RabbitB0m died of hunger
Rabbit B0m ate
Rabbit B0 m is ready to mate
Not enough female Rabbits or Female Rabbit partners are not ready yet!
Rabbit A2 is Thirsty
Rabbit A2 drank water
Rabbit A2 is Hungry
Rabbit C1 is Hungry
RabbitC1m died of hunger
Rabbit C1 m is ready to mate
Not enough female Rabbits or Female Rabbit partners are not ready yet!
Rabbit C0 is Hungry
Rabbit C0 m is ready to mate
Not enough female Rabbits or Female Rabbit partners are not ready yet!
Rabbit B5 is Thirsty
Rabbit B5 drank water
Rabbit B5m is running away from: WolfA4
Rabbit B5 is Hungry
Rabbit B5m ate
Rabbit B5 m is ready to mate
Not enough female Rabbits or Female Rabbit partners are not ready yet!
Rabbit A0 is Hungry
Rabbit A5 is Thirsty
Rabbit A5 drank water
Rabbit A5 is Hungry
Rabbit A5m ate
Rabbit A5 m is ready to mate
Not enough female Rabbits or Female Rabbit partners are not ready yet!
Rabbit B2 is Thirsty
Rabbit B2 drank water
Rabbit B2 is Hungry
Rabbit B2 m is ready to mate
Not enough female Rabbits or Female Rabbit partners are not ready yet!
Rabbit C5 is Hungry
Rabbit C5f ate
Rabbit C1 is Hungry
Rabbit B1 is Hungry
RabbitB1f died of hunger
Rabbit B1 f is ready to mate
Rabbit B1 is Hungry
Rabbit C3 is Hungry
Rabbit C3f ate
Rabbit C2 is Hungry
Rabbit C4 is Hungry
Rabbit A1 is Hungry
Rabbit A1m ate
Rabbit B4 is Hungry
Lion A3 is Hungry
LionA3fis chasing: A4f
Lion A4 is Thirsty
Lion A4 drank water
Lion A4m ate: A4f
Wolf A4f is running away from: LionA4
Wolf A4 f is ready to mate
Wolf C1 is Hungry
Wolf C1f is chasing: C4f
Wolf C1 f is ready to mate
Rabbit A5 is Hungry
Rabbit A5 m is ready to mate
Not enough female Rabbits or Female Rabbit partners are not ready yet!
Rabbit A2 is Thirsty
Rabbit A2 drank water
Rabbit A2 is Hungry
RabbitA2f died of hunger
Rabbit C0 is Hungry
RabbitC0m died of hunger
Rabbit C0 m is ready to mate
Not enough female Rabbits or Female Rabbit partners are not ready yet!
Rabbit B5 is Thirsty
Rabbit B5 drank water
Rabbit B5 is Hungry
Rabbit B5m ate
Rabbit B5 m is ready to mate
Not enough female Rabbits or Female Rabbit partners are not ready yet!
Rabbit A0 is Hungry
RabbitA0f died of hunger
Rabbit A5 is Thirsty
Rabbit A5 drank water
Rabbit A5 is Hungry
Rabbit A5m ate
Rabbit A5 m is ready to mate
Not enough female Rabbits or Female Rabbit partners are not ready yet!
Rabbit B2 is Thirsty
Rabbit B2 drank water
Rabbit B2 is Hungry
Rabbit B2 m is ready to mate
Not enough female Rabbits or Female Rabbit partners are not ready yet!
Rabbit C5 is Hungry
Rabbit C1 is Hungry
RabbitC1f died of hunger
Rabbit C1 f is ready to mate
Rabbit B1 is Hungry
RabbitB1m died of hunger
Rabbit B1 m is ready to mate
Not enough female Rabbits or Female Rabbit partners are not ready yet!
Rabbit C3 is Hungry
Rabbit C3 f is ready to mate
Rabbit C2 is Hungry
Rabbit C4 is Hungry
Rabbit A1 is Hungry
Rabbit A1m ate
Rabbit B4 is Hungry
Rabbit B4m ate
Lion A3 is Hungry
LionA3fis chasing: A4f
LionA3f ate: A4f
Lion A4 is Thirsty
Lion A4 drank water
Wolf C1 is Hungry
Wolf C1f is chasing: C4f
Wolf C1 is Thirsty
Wolf C1drank water
Wolf C1 f is ready to mate
Rabbit A5 is Hungry
Rabbit A5 m is ready to mate
Rabbit A5 m is approaching partner: Rabbit C3f
Rabbit B5 is Thirsty
Rabbit B5 drank water
Rabbit B5m is running away from: LionA3
Rabbit B5 is Hungry
Rabbit B5 m is ready to mate
Rabbit B5 m is approaching partner: Rabbit C3f
Rabbit A5 is Thirsty
Rabbit A5 drank water
Rabbit A5 is Hungry
Rabbit A5m ate
Rabbit A5 m is ready to mate
Rabbit A5 m is approaching partner: Rabbit C3f
Rabbit B2 is Thirsty
Rabbit B2 drank water
Rabbit B2 is Hungry
Rabbit B2 m is ready to mate
Rabbit B2 m is approaching partner: Rabbit C3f
Rabbit C5 is Thirsty
Rabbit C5 drank water
Rabbit C5 is Hungry
Rabbit C3 is Hungry
Rabbit C3 f is ready to mate
Rabbit C2 is Hungry
Rabbit C2f ate
Rabbit C2 f is ready to mate
Rabbit C4 is Hungry
RabbitC4f died of hunger
Rabbit A1 is Hungry
Rabbit B4 is Hungry
Lion A3 f is ready to mate
Lion A4 is Thirsty
Lion A4 drank water
Lion A4m ate: B5m
Lion A4 m is ready to mate
Lion C4 m is ready to mate
Lion B4 is Hungry
LionB4mis chasing: A5m
Lion B4 m is ready to mate
Wolf C1 is Hungry
Wolf C1f is chasing: B2m
Wolf C1 is Thirsty
Wolf C1drank water
Wolf C1 f is ready to mate
Rabbit A5 is Thirsty
Rabbit A5 drank water
Rabbit A5 is Hungry
Rabbit A5 m is ready to mate
Rabbit A5 m is approaching partner: Rabbit C3f
Rabbit B5 is Thirsty
Rabbit B5 drank water
Rabbit B5m is running away from: LionA4
Rabbit B5 is Hungry
Rabbit B5m ate
Rabbit B5 m is ready to mate
Rabbit B5 m is approaching partner: Rabbit C2f
Rabbit A5 is Hungry
Rabbit A5m ate
Rabbit A5 m is ready to mate
Rabbit A5 m is approaching partner: Rabbit C3f
Rabbit B2 is Thirsty
Rabbit B2 drank water
Rabbit B2 is Hungry
RabbitB2m died of hunger
Rabbit B2 m is ready to mate
Rabbit B2 m is approaching partner: Rabbit C3f
Rabbit C5 is Thirsty
Rabbit C5 drank water
Rabbit C5 is Hungry
Rabbit C3 is Hungry
Rabbit C3 f is ready to mate
Rabbit C2 is Hungry
Rabbit C2f ate
Rabbit C2 f is ready to mate
Rabbit A1 is Hungry
Rabbit B4 is Hungry
Lion A3 f is ready to mate
Lion A4 is Thirsty
Lion A4 drank water
Lion A4 m is ready to mate
Lion C4 is Hungry
LionC4mis chasing: A5m
Lion C4 m is ready to mate
Lion B4 is Hungry
LionB4mis chasing: A5m
Lion B4 m is ready to mate
Wolf C1 is Hungry
Wolf C1f is chasing: A1m
Wolf C1 f is ready to mate
Rabbit A5 is Thirsty
Rabbit A5 drank water
Rabbit A5 is Hungry
RabbitA5m died of hunger
Rabbit A5 m is ready to mate
Rabbit A5 m is approaching partner: Rabbit C3f
Rabbit B5 is Thirsty
Rabbit B5 drank water
Rabbit B5m is running away from: LionA3
Rabbit B5 is Hungry
Rabbit B5m ate
Rabbit B5 m is ready to mate
Rabbit B5 m is approaching partner: Rabbit C2f
Rabbit A5 is Hungry
Rabbit A5 m is ready to mate
Rabbit A5 m is approaching partner: Rabbit C3f
Rabbit C5 is Thirsty
Rabbit C5 drank water
Rabbit C5 is Hungry
Rabbit C3 is Hungry
Rabbit C3f ate
Rabbit C3 f is ready to mate
Rabbit C2 is Hungry
Rabbit C2 f is ready to mate
Rabbit A1 is Hungry
Rabbit A1m ate
Rabbit B4 is Hungry
Lion A3 f is ready to mate
Lion A4 is Thirsty
Lion A4 drank water
Lion A4m ate: B5m
Lion A4 m is ready to mate
Lion C4 is Hungry
LionC4mis chasing: C1f
Lion C4 m is ready to mate
Lion B4 is Hungry
LionB4mis chasing: A5m
Lion B4 m is ready to mate
Wolf C1 is Hungry
Wolf C1f is chasing: A1m
Wolf C1 f is ready to mate
Rabbit B5 is Thirsty
Rabbit B5 drank water
Rabbit B5m is running away from: LionA4
Rabbit B5 is Hungry
Rabbit B5m ate
Rabbit B5 m is ready to mate
Rabbit B5 m is approaching partner: Rabbit C2f
Rabbit A5 is Hungry
Rabbit A5 m is ready to mate
Rabbit A5 m is approaching partner: Rabbit C3f
Rabbit C5 is Thirsty
Rabbit C5 drank water
Rabbit C5 is Hungry
RabbitC5f died of hunger
Rabbit C5f ate
Rabbit C5 f is ready to mate
Rabbit C3 is Hungry
Rabbit C3 f is ready to mate
Rabbit C2 is Hungry
Rabbit C2 f is ready to mate
Rabbit A1 is Hungry
Rabbit A1m ate
Rabbit A1 m is ready to mate
Rabbit A1 m is approaching partner: Rabbit C3f
Rabbit B4 is Hungry
Rabbit B4 m is ready to mate
Rabbit B4 m is approaching partner: Rabbit C3f
Lion A3 is Thirsty
Lion A3 drank water
Lion A3 f is ready to mate
Lion A4 is Thirsty
Lion A4 drank water
Lion A4 m is ready to mate
Lion C4 is Thirsty
Lion C4 drank water
Lion C4 is Hungry
LionC4mis chasing: C1f
Lion C4 m is ready to mate
Lion B4 is Hungry
LionB4mis chasing: A5m
Lion B4 m is ready to mate
Wolf C1 is Hungry
Wolf C1f is chasing: A1m
Wolf C1 f is ready to mate
Rabbit B5 is Thirsty
Rabbit B5 drank water
Rabbit B5m is running away from: LionA4
Rabbit B5 is Hungry
Rabbit B5m ate
Rabbit B5 m is ready to mate
Rabbit B5 m is approaching partner: Rabbit C2f
Rabbit A5 is Hungry
Rabbit A5 m is ready to mate
Rabbit A5 m is approaching partner: Rabbit C3f
Rabbit A3 f was born!Father is A5 and Mother is C3
Rabbit C3 is Thirsty
Rabbit C3 drank water
Rabbit C3 is Hungry
Rabbit C2 is Hungry
Rabbit C2 f is ready to mate
Rabbit A1 is Hungry
Rabbit A1 m is ready to mate
Rabbit A1 m is approaching partner: Rabbit C2f
Rabbit B4 is Hungry
RabbitB4m died of hunger
Rabbit B4 m is ready to mate
Rabbit B4 m is approaching partner: Rabbit C2f
Lion A3 is Thirsty
Lion A3 drank water
Lion A3 f is ready to mate
Lion A4 is Thirsty
Lion A4 drank water
Lion A4m ate: B5m
Lion A4 m is ready to mate
Lion C4 is Thirsty
Lion C4 drank water
Lion C4 is Hungry
LionC4mis chasing: C1f
Lion C4 m is ready to mate
Lion B4 is Hungry
LionB4mis chasing: A5m
Lion B4 m is ready to mate
Wolf C1 is Hungry
Wolf C1f is chasing: A1m
Wolf C1 f is ready to mate
Rabbit B5 is Thirsty
Rabbit B5 drank water
Rabbit B5m is running away from: LionA4
Rabbit B5 is Hungry
Rabbit B5m ate
Rabbit B5 m is ready to mate
Rabbit B5 m is approaching partner: Rabbit C2f
Rabbit A5 is Hungry
Rabbit A5 m is ready to mate
Rabbit A5 m is approaching partner: Rabbit C2f
Rabbit C3 is Thirsty
Rabbit C3 drank water
Rabbit C3 is Hungry
Rabbit C2 is Thirsty
Rabbit C2 drank water
Rabbit C2 is Hungry
Rabbit C2f ate
Rabbit C2 f is ready to mate
Rabbit A1 is Hungry
Rabbit A1m ate
Rabbit A1 m is ready to mate
Rabbit A1 m is approaching partner: Rabbit C2f
Rabbit A3 is Hungry
Lion A3 f is ready to mate
Lion A4 is Thirsty
Lion A4 drank water
Lion A4 m is ready to mate
Lion C4 is Hungry
LionC4mis chasing: C1f
Lion C4 m is ready to mate
Lion B4 is Thirsty
Lion B4 drank water
Lion B4 is Hungry
LionB4mis chasing: C1f
Lion B4 m is ready to mate
Wolf C1 is Hungry
Wolf C1f is chasing: A1m
Wolf C1f ate!
Wolf C1 f is ready to mate
Rabbit B5m is running away from: LionA4
Rabbit B5 is Hungry
Rabbit B5m ate
Rabbit B5 m is ready to mate
Rabbit B5 m is approaching partner: Rabbit C2f
Rabbit A5 is Hungry
RabbitA5m died of hunger
Rabbit A5 m is ready to mate
Rabbit A5 m is approaching partner: Rabbit C2f
Rabbit C3 is Hungry
Rabbit C2 is Thirsty
Rabbit C2 drank water
Rabbit C2 is Hungry
Rabbit C2f ate
Rabbit C2 f is ready to mate
Rabbit A3 is Hungry
Lion A3 f is ready to mate
Lion A4 m is ready to mate
Lion C4 is Hungry
LionC4mis chasing: C1f
Lion C4 m is ready to mate
Lion B4 is Thirsty
Lion B4 drank water
Lion B4 is Hungry
LionB4mis chasing: C1f
Lion B4 m is ready to mate
Wolf C1 f is ready to mate
Rabbit B5 is Hungry
Rabbit B5 m is ready to mate
Rabbit B5 m is approaching partner: Rabbit C2f
Rabbit C3 is Hungry
RabbitC3f died of hunger
Rabbit C2 is Thirsty
Rabbit C2 drank water
Rabbit C2 is Hungry
Rabbit C2 f is ready to mate
Rabbit A3 is Hungry
Lion A3 is Hungry
LionA3fis chasing: B5m
Lion A3 f is ready to mate
Lion A4 m is ready to mate
Lion C4 f was born!Father is A4 and Mother is A3
Lion C4 is Hungry
LionC4mis chasing: C1f
Lion C4 m is ready to mate
No Female Lion Partner or Female Lion partners are not ready to mate Yet!
Lion B4 is Hungry
LionB4mis chasing: C1f
Lion B4 m is ready to mate
No Female Lion Partner or Female Lion partners are not ready to mate Yet!
Wolf C1 f is ready to mate
Rabbit B5 is Hungry
Rabbit B5m ate
Rabbit B5 m is ready to mate
Rabbit B5 m is approaching partner: Rabbit C2f
Rabbit C2 is Thirsty
Rabbit C2 drank water
Rabbit C2 is Hungry
Rabbit C2 f is ready to mate
Rabbit A3 is Hungry
Lion A3 is Hungry
LionA3fis chasing: B5m
Lion A4 m is ready to mate
No Female Lion Partner or Female Lion partners are not ready to mate Yet!
Lion C4 is Hungry
LionC4mis chasing: C1f
Lion C4 m is ready to mate
No Female Lion Partner or Female Lion partners are not ready to mate Yet!
Lion B4 is Hungry
LionB4mis chasing: C1f
Lion B4 m is ready to mate
No Female Lion Partner or Female Lion partners are not ready to mate Yet!
Wolf C1 f is ready to mate
Rabbit B5 is Hungry
Rabbit B5m ate
Rabbit B5 m is ready to mate
Rabbit B5 m is approaching partner: Rabbit C2f
Rabbit C2 is Thirsty
Rabbit C2 drank water
Rabbit C2 is Hungry
Rabbit C2 f is ready to mate
Rabbit A3 is Hungry
RabbitA3f died of hunger
Lion A3 is Hungry
LionA3fis chasing: B5m
Lion A4 m is ready to mate
No Female Lion Partner or Female Lion partners are not ready to mate Yet!
Lion C4 is Hungry
LionC4mis chasing: C1f
Lion C4 m is ready to mate
No Female Lion Partner or Female Lion partners are not ready to mate Yet!
Lion B4 is Hungry
LionB4mis chasing: C1f
Lion B4 m is ready to mate
No Female Lion Partner or Female Lion partners are not ready to mate Yet!
Wolf C1 f is ready to mate
Rabbit B5 is Hungry
Rabbit B5m ate
Rabbit B5 m is ready to mate
Rabbit B5 m is approaching partner: Rabbit C2f
Rabbit C2 is Thirsty
Rabbit C2 drank water
Rabbit C2 is Hungry
Rabbit C2 f is ready to mate
Lion A3 is Hungry
LionA3fis chasing: B5m
Lion A4 m is ready to mate
No Female Lion Partner or Female Lion partners are not ready to mate Yet!
Lion C4 is Hungry
LionC4mis chasing: C1f
Lion C4 m is ready to mate
No Female Lion Partner or Female Lion partners are not ready to mate Yet!
Lion B4 is Hungry
LionB4mis chasing: C1f
Lion B4 m is ready to mate
No Female Lion Partner or Female Lion partners are not ready to mate Yet!
Wolf C1 f is ready to mate
Rabbit B5 is Hungry
Rabbit B5m ate
Rabbit B5 m is ready to mate
Rabbit B5 m is approaching partner: Rabbit C2f
Rabbit C2 is Thirsty
Rabbit C2 drank water
Rabbit C2 is Hungry
RabbitC2f died of hunger
Rabbit C2 f is ready to mate
Lion A3 is Hungry
LionA3fis chasing: B5m
Lion A4 m is ready to mate
No Female Lion Partner or Female Lion partners are not ready to mate Yet!
Lion C4 is Hungry
LionC4mis chasing: C1f
Lion C4 m is ready to mate
No Female Lion Partner or Female Lion partners are not ready to mate Yet!
Lion B4 is Hungry
LionB4mis chasing: C1f
Lion B4 m is ready to mate
No Female Lion Partner or Female Lion partners are not ready to mate Yet!
Wolf C1 f is ready to mate
Rabbit B5 is Hungry
Rabbit B5 m is ready to mate
Not enough female Rabbits or Female Rabbit partners are not ready yet!
Lion A3 is Hungry
LionA3fis chasing: B5m
Lion A4 is Hungry
LionA4mis chasing: B5m
Lion A4 m is ready to mate
No Female Lion Partner or Female Lion partners are not ready to mate Yet!
Lion C4 is Hungry
LionC4mis chasing: C1f
Lion C4 m is ready to mate
No Female Lion Partner or Female Lion partners are not ready to mate Yet!
Lion B4 is Hungry
LionB4mis chasing: C1f
Lion B4 m is ready to mate
No Female Lion Partner or Female Lion partners are not ready to mate Yet!
Wolf C1 f is ready to mate
Rabbit B5 is Hungry
Rabbit B5 m is ready to mate
Not enough female Rabbits or Female Rabbit partners are not ready yet!
Lion A3 is Hungry
LionA3fis chasing: B5m
Lion A4 is Hungry
LionA4mis chasing: B5m
Lion A4 m is ready to mate
No Female Lion Partner or Female Lion partners are not ready to mate Yet!
Lion C4 is Hungry
LionC4mis chasing: C1f
Lion C4 m is ready to mate
No Female Lion Partner or Female Lion partners are not ready to mate Yet!
Lion B4 is Hungry
LionB4mis chasing: C1f
Lion B4 m is ready to mate
No Female Lion Partner or Female Lion partners are not ready to mate Yet!
Wolf C1 f is ready to mate
Rabbit B5 is Hungry
Rabbit B5 m is ready to mate
Not enough female Rabbits or Female Rabbit partners are not ready yet!
Lion A3 is Thirsty
Lion A3 drank water
Lion A3 is Hungry
LionA3fis chasing: B5m
Lion A4 is Hungry
LionA4mis chasing: B5m
Lion A4 m is ready to mate
No Female Lion Partner or Female Lion partners are not ready to mate Yet!
Lion C4 is Thirsty
Lion C4 drank water
Lion C4 is Hungry
LionC4mis chasing: C1f
Lion C4 m is ready to mate
No Female Lion Partner or Female Lion partners are not ready to mate Yet!
Lion B4 is Hungry
LionB4mis chasing: C1f
Lion B4 m is ready to mate
No Female Lion Partner or Female Lion partners are not ready to mate Yet!
Wolf C1 f is ready to mate
Rabbit B5 is Thirsty
Rabbit B5 drank water
Rabbit B5 is Hungry
Rabbit B5 m is ready to mate
Not enough female Rabbits or Female Rabbit partners are not ready yet!
Lion A3 is Thirsty
Lion A3 drank water
Lion A3 is Hungry
LionA3fis chasing: B5m
Lion A4 is Thirsty
Lion A4 drank water
Lion A4 is Hungry
LionA4mis chasing: B5m
Lion A4 m is ready to mate
No Female Lion Partner or Female Lion partners are not ready to mate Yet!
Lion C4 is Thirsty
Lion C4 drank water
Lion C4 is Hungry
LionC4mis chasing: C1f
Lion C4 m is ready to mate
No Female Lion Partner or Female Lion partners are not ready to mate Yet!
Lion B4 is Hungry
LionB4mis chasing: C1f
Lion B4 m is ready to mate
No Female Lion Partner or Female Lion partners are not ready to mate Yet!
Lion C4 is Hungry
LionC4fis chasing: B5m
Wolf C1 is Hungry
Wolf C1f is chasing: B5m
Wolf C1 f is ready to mate
Rabbit B5 is Thirsty
Rabbit B5 drank water
Rabbit B5m is running away from: LionA3
Rabbit B5 is Hungry
RabbitB5m died of hunger
Rabbit B5m ate
Rabbit B5 m is ready to mate
Not enough female Rabbits or Female Rabbit partners are not ready yet!
Lion A3 is Thirsty
Lion A3 drank water
Lion A3 is Hungry
LionA3fis chasing: C1f
Lion A4 is Thirsty
Lion A4 drank water
Lion A4 is Hungry
LionA4mis chasing: C1f
Lion A4 m is ready to mate
No Female Lion Partner or Female Lion partners are not ready to mate Yet!
Lion C4 is Thirsty
Lion C4 drank water
Lion C4 is Hungry
LionC4mis chasing: C1f
Lion C4 m is ready to mate
No Female Lion Partner or Female Lion partners are not ready to mate Yet!
Lion B4 is Thirsty
Lion B4 drank water
Lion B4 is Hungry
LionB4mis chasing: C1f
Lion B4 m is ready to mate
No Female Lion Partner or Female Lion partners are not ready to mate Yet!
Lion C4 is Hungry
LionC4fis chasing: C1f
Wolf C1 is Hungry
WolfC1f died of hunger
Wolf C1 f is ready to mate
Lion A3 is Thirsty
Lion A3 drank water
Lion A3 is Hungry
LionA3f died of hunger
Lion A4 is Thirsty
Lion A4 drank water
Lion A4 is Hungry
LionA4m died of hunger
Lion A4 m is ready to mate
No Female Lion Partner or Female Lion partners are not ready to mate Yet!
Lion C4 is Thirsty
Lion C4 drank water
Lion C4 is Hungry
LionC4m died of hunger
Lion C4 m is ready to mate
No Female Lion Partner or Female Lion partners are not ready to mate Yet!
Lion B4 is Thirsty
Lion B4 drank water
Lion B4 is Hungry
LionB4m died of hunger
Lion B4 m is ready to mate
No Female Lion Partner or Female Lion partners are not ready to mate Yet!
Lion C4 is Thirsty
Lion C4 drank water
Lion C4 is Hungry
LionC4f died of hunger
