LionC4m ate: A2f
Wolf C4m ate!
Rabbit A2f is running away from: LionC4
Rabbit A2f is running away from: WolfA3
LionC4m ate: A2f
Wolf C4m ate!
Rabbit A2f is running away from: LionC4
Rabbit A2f is running away from: WolfA3
Rabbit B5 is Thirsty
Rabbit B5 f is ready to mate
Rabbit A2 is Thirsty
Rabbit A2 f is ready to mate
Rabbit A3 is Thirsty
Rabbit A3 f is ready to mate
Rabbit A4 is Thirsty
Rabbit A4 f is ready to mate
Rabbit A2 is Thirsty
Rabbit A2 m is ready to mate
Rabbit A2 m is approaching partner: Rabbit C2f
Rabbit C2 is Thirsty
Rabbit C2 f is ready to mate
Rabbit B5 is Thirsty
B5drank water
Rabbit B5 f is ready to mate
Rabbit A2 is Thirsty
Rabbit A2 f is ready to mate
Rabbit A3 is Thirsty
A3drank water
Rabbit A3 f is ready to mate
Rabbit A4 is Thirsty
Rabbit A4 f is ready to mate
Rabbit A2 is Thirsty
Rabbit A2 m is ready to mate
Rabbit A2 m is approaching partner: Rabbit C2f
Rabbit C2 is Thirsty
Rabbit C2 f is ready to mate
Rabbit B5 f is ready to mate
Rabbit A2 is Thirsty
Rabbit A2 f is ready to mate
Rabbit A3 f is ready to mate
Rabbit A4 is Thirsty
Rabbit A4 f is ready to mate
Rabbit A2 is Thirsty
Rabbit A2 m is ready to mate
Rabbit A2 m is approaching partner: Rabbit C2f
Rabbit C2 is Thirsty
Rabbit C2 f is ready to mate
LionC0m ate: A2f
Wolf A3 is Hungry
Wolf A3f is chasing: A3f
Wolf A3f ate!
Wolf A3 is Thirsty
Wolf C4 is Thirsty
Wolf B0 is Hungry
Wolf B0f is chasing: A2m
Wolf B0 is Thirsty
Wolf B3 is Hungry
Wolf B3m is chasing: A2m
Wolf B3 is Thirsty
Rabbit B5 is Hungry
Rabbit B5fate
Rabbit B5 f is ready to mate
Rabbit A2 is Thirsty
Rabbit A2f is running away from: LionC0
Rabbit A2f is running away from: WolfA3
Rabbit A2 is Hungry
Rabbit A2fate
Rabbit A2 f is ready to mate
Rabbit A4 is Thirsty
Rabbit A4 is Hungry
Rabbit A4fate
Rabbit A4 f is ready to mate
Rabbit A2 is Thirsty
Rabbit A2 is Hungry
Rabbit A2mate
Rabbit A2 m is ready to mate
Rabbit A2 m is approaching partner: Rabbit C2f
Rabbit A4 f was born!Father is A2 and Mother is C2
Rabbit C2 is Thirsty
Rabbit C2 is Hungry
Rabbit C2fate
LionC0m ate: A2f
LionC4m ate: A2f
Wolf A3 is Thirsty
Wolf C4 is Thirsty
Wolf B0 is Hungry
Wolf B0f is chasing: A2m
Wolf B0 is Thirsty
Wolf B3 is Hungry
Wolf B3m is chasing: A2m
Wolf B3 is Thirsty
Rabbit B5 f is ready to mate
Rabbit A2 is Thirsty
Rabbit A2f is running away from: LionC0
Rabbit A2f is running away from: WolfA3
Rabbit A2 f is ready to mate
Rabbit A4 is Thirsty
Rabbit A4 f is ready to mate
Rabbit A2 is Thirsty
Rabbit A2 m is ready to mate
Rabbit A2 m is approaching partner: Rabbit B5f
Rabbit C2 is Thirsty
LionC0m ate: A2f
LionC4m ate: A2f
Wolf A3 is Thirsty
Wolf C4 is Thirsty
Wolf B0 is Hungry
Wolf B0f is chasing: A2m
Wolf B0 is Thirsty
B0drank water
Wolf B3 is Hungry
Wolf B3m is chasing: A2m
Wolf B3 is Thirsty
Rabbit B5 f is ready to mate
Rabbit A2 is Thirsty
A2drank water
Rabbit A2 f is ready to mate
Rabbit A4 is Thirsty
A4drank water
Rabbit A4 f is ready to mate
Rabbit A2 is Thirsty
Rabbit A2 m is ready to mate
Rabbit A2 m is approaching partner: Rabbit B5f
Rabbit C2 is Thirsty
Wolf A3 is Thirsty
Wolf C4 is Thirsty
Wolf B0 is Hungry
Wolf B0f is chasing: A2m
Wolf B3 is Hungry
Wolf B3m is chasing: A2m
Wolf B3 is Thirsty
B3drank water
Rabbit B5 f is ready to mate
Rabbit A2 f is ready to mate
Rabbit A4 f is ready to mate
Rabbit A2 is Thirsty
Rabbit A2 m is ready to mate
Rabbit A2 m is approaching partner: Rabbit B5f
Rabbit C2 is Thirsty
Wolf A3 is Thirsty
Wolf C4 is Hungry
Wolf C4m is chasing: A2m
Wolf C4 is Thirsty
Wolf B0f ate!
Wolf B3 is Hungry
Wolf B3m is chasing: A2m
Rabbit B5 f is ready to mate
Rabbit A2 f is ready to mate
Rabbit A4 f is ready to mate
Rabbit A2 is Thirsty
Rabbit A2 m is ready to mate
Rabbit A2 m is approaching partner: Rabbit B5f
Wolf A3 is Thirsty
A3drank water
Wolf A3 f is ready to mate
Wolf C4 is Hungry
Wolf C4m is chasing: A2m
Wolf C4m ate!
Wolf C4 is Thirsty
Wolf C4 m is ready to mate
Wolf B0 f is ready to mate
Wolf B3 is Hungry
Wolf B3m is chasing: A4f
Wolf B3 m is ready to mate
Wolf A5 f was born! Father is B3 and Mother is B0
Rabbit B5 is Thirsty
Rabbit B5 f is ready to mate
Rabbit A2 f is ready to mate
Rabbit A4 f is ready to mate
LionC0m ate: A2f
Wolf A3 f is ready to mate
Wolf C4 is Thirsty
Wolf C4 m is ready to mate
Wolf B3 is Hungry
Wolf B3m is chasing: A4f
Wolf B3 m is ready to mate
Rabbit B5 is Thirsty
B5drank water
Rabbit B5 f is ready to mate
Rabbit A2 f is ready to mate
Rabbit A4 f is ready to mate
Wolf A3 f is ready to mate
Wolf C4 is Thirsty
Wolf C4 m is ready to mate
Wolf B3 is Hungry
Wolf B3m is chasing: A4f
Wolf B3 m is ready to mate
Rabbit B5 f is ready to mate
Rabbit A2 f is ready to mate
Rabbit A4 f is ready to mate
Rabbit A4 is Thirsty
Wolf A3 f is ready to mate
Wolf C4 is Thirsty
Wolf C4 m is ready to mate
Wolf B3 is Hungry
Wolf B3m is chasing: A4f
Wolf B3 m is ready to mate
Rabbit B5 f is ready to mate
Rabbit A2 f is ready to mate
Rabbit A4 f is ready to mate
Rabbit A4 is Thirsty
Wolf A3 f is ready to mate
Wolf C4 is Thirsty
Wolf C4 m is ready to mate
Wolf B3 is Hungry
Wolf B3m is chasing: A4f
Wolf B3 m is ready to mate
Rabbit B5 f is ready to mate
Rabbit A2 is Thirsty
A2drank water
Rabbit A2 f is ready to mate
Rabbit A4 is Thirsty
A4drank water
Rabbit A4 f is ready to mate
Rabbit A4 is Thirsty
LionC0m ate: A2f
Wolf A3 is Hungry
Wolf A3f is chasing: A4f
Wolf A3 f is ready to mate
Wolf C4 is Thirsty
Wolf C4 m is ready to mate
Wolf B3 is Hungry
Wolf B3m is chasing: A4f
Wolf B3 m is ready to mate
Rabbit B5 is Hungry
Rabbit B5fate
Rabbit B5 f is ready to mate
Rabbit A2f is running away from: LionC0
Rabbit A2f is running away from: WolfA3
Rabbit A2 is Hungry
Rabbit A2fate
Rabbit A2 f is ready to mate
Rabbit A4 is Hungry
Rabbit A4fate
Rabbit A4 f is ready to mate
Rabbit A4 is Thirsty
Rabbit A4 is Hungry
Rabbit A4fate
Lion C0 is Thirsty
Lion C0 m is ready to mate
No Female Lion Partner or Female Lion partners are not ready to mate Yet!
Lion A0 is Thirsty
Lion A0 is Hungry
LionA0mis chasing: B0f
Lion A0 m is ready to mate
No Female Lion Partner or Female Lion partners are not ready to mate Yet!
Lion C4 is Thirsty
Lion C4 m is ready to mate
No Female Lion Partner or Female Lion partners are not ready to mate Yet!
Wolf A3 is Hungry
Wolf A3f is chasing: A4f
Wolf A3 f is ready to mate
Wolf C4 is Thirsty
Wolf C4 m is ready to mate
Wolf B3 is Hungry
Wolf B3m is chasing: A4f
Wolf B3 m is ready to mate
Rabbit B5 f is ready to mate
Rabbit A2 f is ready to mate
Rabbit A4 f is ready to mate
Rabbit A4 is Thirsty
Lion C0 is Thirsty
LionC0m ate: A2f
Lion C0 m is ready to mate
No Female Lion Partner or Female Lion partners are not ready to mate Yet!
Lion A0 is Thirsty
Lion A0 is Hungry
LionA0mis chasing: B0f
Lion A0 m is ready to mate
No Female Lion Partner or Female Lion partners are not ready to mate Yet!
Lion C4 is Thirsty
Lion C4 m is ready to mate
No Female Lion Partner or Female Lion partners are not ready to mate Yet!
Wolf A3 is Hungry
Wolf A3f is chasing: A4f
Wolf A3 f is ready to mate
Wolf C4 is Thirsty
Wolf C4 m is ready to mate
Wolf B0 is Thirsty
Wolf B3 is Hungry
Wolf B3m is chasing: A4f
Wolf B3 m is ready to mate
Rabbit B5 f is ready to mate
Rabbit A2f is running away from: LionC0
Rabbit A2f is running away from: WolfC4
Rabbit A2 f is ready to mate
Rabbit A4 f is ready to mate
Rabbit A4 is Thirsty
Lion C0 is Thirsty
C0drank water
Lion C0 m is ready to mate
No Female Lion Partner or Female Lion partners are not ready to mate Yet!
Lion A0 is Thirsty
Lion A0 is Hungry
LionA0mis chasing: A5f
LionA0mate: A5f
Lion A0 m is ready to mate
No Female Lion Partner or Female Lion partners are not ready to mate Yet!
Lion C4 is Thirsty
Lion C4 m is ready to mate
No Female Lion Partner or Female Lion partners are not ready to mate Yet!
Wolf A3 is Hungry
Wolf A3f is chasing: A4f
Wolf A3f ate!
Wolf A3 f is ready to mate
Wolf C4 is Thirsty
Wolf C4 m is ready to mate
Wolf B0 is Thirsty
Wolf B3 is Hungry
Wolf B3m is chasing: B5f
Wolf B3 is Thirsty
Wolf B3 m is ready to mate
Rabbit B5 is Thirsty
B5drank water
Rabbit B5 f is ready to mate
Rabbit A2 f is ready to mate
Rabbit A4 f is ready to mate
Lion C0 m is ready to mate
No Female Lion Partner or Female Lion partners are not ready to mate Yet!
Lion A0 is Thirsty
Lion A0 m is ready to mate
No Female Lion Partner or Female Lion partners are not ready to mate Yet!
Lion C4 is Thirsty
Lion C4 m is ready to mate
No Female Lion Partner or Female Lion partners are not ready to mate Yet!
Wolf A3 f is ready to mate
Wolf C4 is Thirsty
Wolf C4 m is ready to mate
Wolf B0 is Hungry
Wolf B0f is chasing: B5f
Wolf B0 is Thirsty
Wolf B3 is Hungry
Wolf B3m is chasing: B5f
Wolf B3 is Thirsty
B3drank water
Wolf B3 m is ready to mate
Rabbit B5 f is ready to mate
Rabbit A2 f is ready to mate
Rabbit A4 f is ready to mate
Lion C0 m is ready to mate
No Female Lion Partner or Female Lion partners are not ready to mate Yet!
Lion A0 is Thirsty
A0drank water
LionA0m ate: B3m
Lion A0 m is ready to mate
No Female Lion Partner or Female Lion partners are not ready to mate Yet!
Lion C4 is Thirsty
C4drank water
Lion C4 m is ready to mate
No Female Lion Partner or Female Lion partners are not ready to mate Yet!
Wolf A3 is Thirsty
Wolf A3 f is ready to mate
Wolf C4 is Hungry
Wolf C4m is chasing: B5f
Wolf C4 is Thirsty
Wolf C4 m is ready to mate
Wolf B0 is Hungry
Wolf B0f is chasing: B5f
Wolf B0 is Thirsty
Wolf B3m is running away from: A0
Wolf B3 is Hungry
Wolf B3m is chasing: B5f
Wolf B3 m is ready to mate
Rabbit B5 f is ready to mate
Rabbit A2 f is ready to mate
Rabbit A4 f is ready to mate
Lion C0 m is ready to mate
No Female Lion Partner or Female Lion partners are not ready to mate Yet!
Lion A0 m is ready to mate
No Female Lion Partner or Female Lion partners are not ready to mate Yet!
Lion C4 m is ready to mate
No Female Lion Partner or Female Lion partners are not ready to mate Yet!
Wolf A3 is Thirsty
Wolf A3 f is ready to mate
Wolf C4 is Hungry
Wolf C4m is chasing: B5f
Wolf C4 is Thirsty
Wolf C4 m is ready to mate
Wolf B0 is Hungry
Wolf B0f is chasing: B5f
Wolf B0 is Thirsty
Wolf B3 is Hungry
Wolf B3m is chasing: B5f
Wolf B3 m is ready to mate
Rabbit B5 f is ready to mate
Rabbit A2 is Thirsty
Rabbit A2 f is ready to mate
Rabbit A4 is Thirsty
A4drank water
Rabbit A4 f is ready to mate
Lion C0 m is ready to mate
No Female Lion Partner or Female Lion partners are not ready to mate Yet!
LionA0m ate: B0f
Lion A0 m is ready to mate
No Female Lion Partner or Female Lion partners are not ready to mate Yet!
Lion C4 m is ready to mate
No Female Lion Partner or Female Lion partners are not ready to mate Yet!
Wolf A3 is Thirsty
Wolf A3 f is ready to mate
Wolf C4 is Hungry
Wolf C4m is chasing: B5f
Wolf C4 is Thirsty
Wolf C4 m is ready to mate
Wolf B0f is running away from: A0
Wolf B0 is Hungry
Wolf B0f is chasing: B5f
Wolf B0 is Thirsty
B0drank water
Wolf B3 is Hungry
Wolf B3m is chasing: B5f
Wolf B3 m is ready to mate
Wolf C3 f was born! Father is B3 and Mother is A3
Rabbit B5 f is ready to mate
Rabbit A2 is Thirsty
Rabbit A2 f is ready to mate
Rabbit A4 f is ready to mate
Lion C0 m is ready to mate
No Female Lion Partner or Female Lion partners are not ready to mate Yet!
Lion A0 m is ready to mate
No Female Lion Partner or Female Lion partners are not ready to mate Yet!
Lion C4 m is ready to mate
No Female Lion Partner or Female Lion partners are not ready to mate Yet!
Wolf A3 is Thirsty
A3drank water
Wolf C4 is Hungry
Wolf C4m is chasing: B5f
Wolf C4 is Thirsty
Wolf C4 m is ready to mate
No Female Wolf Partner or Female Wolf Partner not ready yet!
Wolf B0 is Hungry
Wolf B0f is chasing: B5f
Wolf B3 is Hungry
Wolf B3m is chasing: B5f
Wolf B3 m is ready to mate
No Female Wolf Partner or Female Wolf Partner not ready yet!
Rabbit B5 f is ready to mate
Rabbit A2 is Thirsty
Rabbit A2 f is ready to mate
Rabbit A4 f is ready to mate
Lion C0 m is ready to mate
No Female Lion Partner or Female Lion partners are not ready to mate Yet!
Lion A0 m is ready to mate
No Female Lion Partner or Female Lion partners are not ready to mate Yet!
Lion C4 m is ready to mate
No Female Lion Partner or Female Lion partners are not ready to mate Yet!
Wolf C4 is Hungry
Wolf C4m is chasing: B5f
Wolf C4 is Thirsty
Wolf C4 m is ready to mate
No Female Wolf Partner or Female Wolf Partner not ready yet!
Wolf B0 is Hungry
Wolf B0f is chasing: B5f
Wolf B3 is Hungry
Wolf B3m is chasing: B5f
Wolf B3 m is ready to mate
No Female Wolf Partner or Female Wolf Partner not ready yet!
Rabbit B5 f is ready to mate
Rabbit A2 is Thirsty
Rabbit A2f is running away from: LionC4
Rabbit A2f is running away from: WolfB3
Rabbit A2 f is ready to mate
Rabbit A4 f is ready to mate
Lion C0 m is ready to mate
No Female Lion Partner or Female Lion partners are not ready to mate Yet!
Lion A0 m is ready to mate
No Female Lion Partner or Female Lion partners are not ready to mate Yet!
Lion C4 m is ready to mate
No Female Lion Partner or Female Lion partners are not ready to mate Yet!
Wolf C4 is Hungry
Wolf C4m is chasing: B5f
Wolf C4 is Thirsty
Wolf C4 m is ready to mate
No Female Wolf Partner or Female Wolf Partner not ready yet!
Wolf B0 is Hungry
Wolf B0f is chasing: B5f
Wolf B3 is Hungry
Wolf B3m is chasing: B5f
Wolf B3 m is ready to mate
No Female Wolf Partner or Female Wolf Partner not ready yet!
Rabbit B5 is Thirsty
Rabbit B5 is Hungry
Rabbit B5fate
Rabbit B5 f is ready to mate
Rabbit A2 is Thirsty
Rabbit A2f is running away from: LionC4
Rabbit A2f is running away from: WolfB3
Rabbit A2 is Hungry
Rabbit A2fate
Rabbit A2 f is ready to mate
Rabbit A4 is Hungry
Rabbit A4fate
Rabbit A4 f is ready to mate
Lion C0 m is ready to mate
No Female Lion Partner or Female Lion partners are not ready to mate Yet!
Lion A0 m is ready to mate
No Female Lion Partner or Female Lion partners are not ready to mate Yet!
Lion C4 m is ready to mate
No Female Lion Partner or Female Lion partners are not ready to mate Yet!
Wolf C4 is Hungry
Wolf C4m is chasing: B5f
Wolf C4 is Thirsty
Wolf C4 m is ready to mate
No Female Wolf Partner or Female Wolf Partner not ready yet!
Wolf B0 is Hungry
Wolf B0f is chasing: B5f
Wolf B3 is Hungry
Wolf B3m is chasing: B5f
Wolf B3 m is ready to mate
No Female Wolf Partner or Female Wolf Partner not ready yet!
Rabbit B5 is Thirsty
Rabbit B5 f is ready to mate
Rabbit A2 is Thirsty
Rabbit A2f is running away from: LionC4
Rabbit A2f is running away from: WolfB3
Rabbit A2 f is ready to mate
Rabbit A4 f is ready to mate
LionC0m ate: A2f
Lion C0 m is ready to mate
No Female Lion Partner or Female Lion partners are not ready to mate Yet!
Lion A0 m is ready to mate
No Female Lion Partner or Female Lion partners are not ready to mate Yet!
LionC4m ate: A2f
Lion C4 m is ready to mate
No Female Lion Partner or Female Lion partners are not ready to mate Yet!
Wolf C4 is Hungry
Wolf C4m is chasing: A4f
Wolf C4 is Thirsty
Wolf C4 m is ready to mate
No Female Wolf Partner or Female Wolf Partner not ready yet!
Wolf B0 is Hungry
Wolf B0f is chasing: B5f
Wolf B3 is Hungry
Wolf B3m is chasing: B5f
Wolf B3 m is ready to mate
No Female Wolf Partner or Female Wolf Partner not ready yet!
Rabbit B5 is Thirsty
Rabbit B5 f is ready to mate
Rabbit A2 is Thirsty
Rabbit A2f is running away from: LionC0
Rabbit A2f is running away from: WolfB3
Rabbit A2 f is ready to mate
Rabbit A4 f is ready to mate
LionC0m ate: A2f
Lion C0 m is ready to mate
No Female Lion Partner or Female Lion partners are not ready to mate Yet!
Lion A0 m is ready to mate
No Female Lion Partner or Female Lion partners are not ready to mate Yet!
Lion C4 m is ready to mate
No Female Lion Partner or Female Lion partners are not ready to mate Yet!
Wolf A3 is Hungry
Wolf A3f is chasing: A4f
Wolf C4 is Hungry
Wolf C4m is chasing: A4f
Wolf C4 is Thirsty
Wolf C4 m is ready to mate
No Female Wolf Partner or Female Wolf Partner not ready yet!
Wolf B0 is Hungry
Wolf B0f is chasing: A4f
Wolf B3 is Hungry
Wolf B3m is chasing: B5f
Wolf B3 m is ready to mate
No Female Wolf Partner or Female Wolf Partner not ready yet!
Rabbit B5 is Thirsty
Rabbit B5 f is ready to mate
Rabbit A2 is Thirsty
Rabbit A2f is running away from: LionC0
Rabbit A2f is running away from: WolfB3
Rabbit A2 f is ready to mate
Rabbit A4 is Thirsty
A4drank water
Rabbit A4 f is ready to mate
Lion C0 m is ready to mate
No Female Lion Partner or Female Lion partners are not ready to mate Yet!
Lion A0 m is ready to mate
No Female Lion Partner or Female Lion partners are not ready to mate Yet!
Lion C4 m is ready to mate
No Female Lion Partner or Female Lion partners are not ready to mate Yet!
Wolf A3 is Hungry
Wolf A3f is chasing: B5f
Wolf C4 is Hungry
Wolf C4m is chasing: B5f
Wolf C4 is Thirsty
Wolf C4 m is ready to mate
No Female Wolf Partner or Female Wolf Partner not ready yet!
Wolf B0 is Hungry
Wolf B0f is chasing: B5f
Wolf B3 is Hungry
Wolf B3m is chasing: B5f
Wolf B3 is Thirsty
Wolf B3 m is ready to mate
No Female Wolf Partner or Female Wolf Partner not ready yet!
Rabbit B5 is Thirsty
B5drank water
Rabbit B5 f is ready to mate
Rabbit A2 is Thirsty
Rabbit A2f is running away from: LionC0
Rabbit A2f is running away from: WolfB3
Rabbit A2 f is ready to mate
Rabbit A4 f is ready to mate
Lion C0 m is ready to mate
No Female Lion Partner or Female Lion partners are not ready to mate Yet!
Lion A0 m is ready to mate
No Female Lion Partner or Female Lion partners are not ready to mate Yet!
Lion C4 m is ready to mate
No Female Lion Partner or Female Lion partners are not ready to mate Yet!
Wolf A3 is Hungry
Wolf A3f is chasing: B5f
Wolf C4 is Hungry
Wolf C4m is chasing: B5f
Wolf C4 is Thirsty
Wolf C4 m is ready to mate
No Female Wolf Partner or Female Wolf Partner not ready yet!
Wolf B0 is Hungry
Wolf B0f is chasing: B5f
Wolf B3 is Hungry
Wolf B3m is chasing: B5f
Wolf B3 is Thirsty
B3drank water
Wolf B3 m is ready to mate
No Female Wolf Partner or Female Wolf Partner not ready yet!
Rabbit B5 f is ready to mate
Rabbit A2 is Thirsty
Rabbit A2f is running away from: LionC0
Rabbit A2f is running away from: WolfB3
Rabbit A2 f is ready to mate
Rabbit A4 f is ready to mate
Lion C0 m is ready to mate
No Female Lion Partner or Female Lion partners are not ready to mate Yet!
Lion A0 m is ready to mate
No Female Lion Partner or Female Lion partners are not ready to mate Yet!
Lion C4 m is ready to mate
No Female Lion Partner or Female Lion partners are not ready to mate Yet!
Wolf A3 is Hungry
Wolf A3f is chasing: B5f
Wolf C4 is Hungry
Wolf C4m is chasing: B5f
Wolf C4 is Thirsty
Wolf C4 m is ready to mate
No Female Wolf Partner or Female Wolf Partner not ready yet!
Wolf B0 is Hungry
Wolf B0f is chasing: B5f
Wolf B3 is Hungry
Wolf B3m is chasing: B5f
Wolf B3 m is ready to mate
No Female Wolf Partner or Female Wolf Partner not ready yet!
Rabbit B5 f is ready to mate
Rabbit A2 is Thirsty
Rabbit A2f is running away from: LionC0
Rabbit A2f is running away from: WolfB3
Rabbit A2 f is ready to mate
Rabbit A4 f is ready to mate
Lion C0 m is ready to mate
No Female Lion Partner or Female Lion partners are not ready to mate Yet!
Lion A0 m is ready to mate
No Female Lion Partner or Female Lion partners are not ready to mate Yet!
Lion C4 m is ready to mate
No Female Lion Partner or Female Lion partners are not ready to mate Yet!
Wolf A3 is Hungry
Wolf A3f is chasing: B5f
Wolf C4 is Hungry
Wolf C4m is chasing: B5f
Wolf C4 is Thirsty
Wolf C4 m is ready to mate
No Female Wolf Partner or Female Wolf Partner not ready yet!
Wolf B0 is Hungry
Wolf B0f is chasing: B5f
Wolf B0 is Thirsty
Wolf B3 is Hungry
Wolf B3m is chasing: B5f
Wolf B3 m is ready to mate
No Female Wolf Partner or Female Wolf Partner not ready yet!
Wolf C3 is Hungry
Wolf C3f is chasing: B5f
Wolf C3 is Thirsty
Rabbit B5 f is ready to mate
Rabbit A2 is Thirsty
Rabbit A2f is running away from: LionC0
Rabbit A2f is running away from: WolfA3
Rabbit A2 f is ready to mate
Rabbit A4 f is ready to mate
Lion C0 m is ready to mate
No Female Lion Partner or Female Lion partners are not ready to mate Yet!
Lion A0 m is ready to mate
No Female Lion Partner or Female Lion partners are not ready to mate Yet!
Lion C4 m is ready to mate
No Female Lion Partner or Female Lion partners are not ready to mate Yet!
Wolf A3 is Hungry
Wolf A3f is chasing: B5f
Wolf A3f ate!
Wolf A3 is Thirsty
Wolf C4 is Hungry
Wolf C4m is chasing: A2f
Wolf C4 is Thirsty
C4drank water
Wolf C4 m is ready to mate
No Female Wolf Partner or Female Wolf Partner not ready yet!
Wolf B0 is Hungry
Wolf B0f is chasing: A4f
Wolf B0 is Thirsty
Wolf B3 is Hungry
Wolf B3m is chasing: A4f
Wolf B3 m is ready to mate
No Female Wolf Partner or Female Wolf Partner not ready yet!
Wolf C3 is Hungry
Wolf C3f is chasing: A4f
Wolf C3 is Thirsty
Rabbit A2 is Thirsty
Rabbit A2f is running away from: LionC0
Rabbit A2f is running away from: WolfA3
Rabbit A2 f is ready to mate
Rabbit A4 f is ready to mate
Lion C0 m is ready to mate
No Female Lion Partner or Female Lion partners are not ready to mate Yet!
Lion A0 m is ready to mate
No Female Lion Partner or Female Lion partners are not ready to mate Yet!
Lion C4 m is ready to mate
No Female Lion Partner or Female Lion partners are not ready to mate Yet!
Wolf A3 is Thirsty
Wolf C4 is Hungry
Wolf C4m is chasing: A2f
Wolf C4 m is ready to mate
No Female Wolf Partner or Female Wolf Partner not ready yet!
Wolf B0 is Hungry
Wolf B0f is chasing: A4f
Wolf B0 is Thirsty
Wolf B3 is Hungry
Wolf B3m is chasing: A4f
Wolf B3 m is ready to mate
No Female Wolf Partner or Female Wolf Partner not ready yet!
Wolf C3 is Hungry
Wolf C3f is chasing: A4f
Wolf C3 is Thirsty
Rabbit A2 is Thirsty
Rabbit A2f is running away from: LionC0
Rabbit A2f is running away from: WolfA3
Rabbit A2 f is ready to mate
Rabbit A4 f is ready to mate
LionC0m ate: A2f
Lion C0 m is ready to mate
No Female Lion Partner or Female Lion partners are not ready to mate Yet!
Lion A0 m is ready to mate
No Female Lion Partner or Female Lion partners are not ready to mate Yet!
LionC4m ate: A2f
Lion C4 m is ready to mate
No Female Lion Partner or Female Lion partners are not ready to mate Yet!
Wolf A3 is Thirsty
Wolf C4 is Hungry
Wolf C4m is chasing: A2f
Wolf C4 m is ready to mate
No Female Wolf Partner or Female Wolf Partner not ready yet!
Wolf B0 is Hungry
Wolf B0f is chasing: A4f
Wolf B0 is Thirsty
Wolf B3 is Hungry
Wolf B3m is chasing: A4f
Wolf B3 m is ready to mate
No Female Wolf Partner or Female Wolf Partner not ready yet!
Wolf C3 is Hungry
Wolf C3f is chasing: A4f
Wolf C3 is Thirsty
Rabbit A2 is Thirsty
Rabbit A2f is running away from: LionC0
Rabbit A2f is running away from: WolfA3
Rabbit A2 is Hungry
Rabbit A2fate
Rabbit A2 f is ready to mate
Rabbit A4 is Thirsty
Rabbit A4 is Hungry
Rabbit A4fate
Rabbit A4 f is ready to mate
LionC0m ate: A2f
Lion C0 m is ready to mate
No Female Lion Partner or Female Lion partners are not ready to mate Yet!
Lion A0 m is ready to mate
No Female Lion Partner or Female Lion partners are not ready to mate Yet!
LionC4m ate: A2f
Lion C4 m is ready to mate
No Female Lion Partner or Female Lion partners are not ready to mate Yet!
Wolf A3 is Thirsty
Wolf C4 is Hungry
Wolf C4m is chasing: A2f
Wolf C4 m is ready to mate
No Female Wolf Partner or Female Wolf Partner not ready yet!
Wolf B0 is Hungry
Wolf B0f is chasing: A4f
Wolf B0 is Thirsty
B0drank water
Wolf B3 is Hungry
Wolf B3m is chasing: A4f
Wolf B3 m is ready to mate
No Female Wolf Partner or Female Wolf Partner not ready yet!
Wolf C3 is Hungry
Wolf C3f is chasing: A4f
Wolf C3 is Thirsty
Rabbit A2 is Thirsty
Rabbit A2f is running away from: LionC0
Rabbit A2f is running away from: WolfB3
Rabbit A2 f is ready to mate
Rabbit A4 is Thirsty
Rabbit A4 f is ready to mate
Lion C0 m is ready to mate
No Female Lion Partner or Female Lion partners are not ready to mate Yet!
Lion A0 m is ready to mate
No Female Lion Partner or Female Lion partners are not ready to mate Yet!
Lion C4 m is ready to mate
No Female Lion Partner or Female Lion partners are not ready to mate Yet!
Wolf A3 is Thirsty
Wolf C4 is Hungry
Wolf C4m is chasing: A4f
Wolf C4 m is ready to mate
No Female Wolf Partner or Female Wolf Partner not ready yet!
Wolf B0 is Hungry
Wolf B0f is chasing: A4f
Wolf B3m ate!
Wolf B3 m is ready to mate
No Female Wolf Partner or Female Wolf Partner not ready yet!
Wolf C3 is Hungry
Wolf C3f is chasing: A2f
Wolf C3 is Thirsty
Rabbit A2 is Thirsty
Rabbit A2f is running away from: LionC0
Rabbit A2f is running away from: WolfA3
Rabbit A2 f is ready to mate
Lion C0 is Thirsty
C0drank water
LionC0m ate: A2f
Lion C0 m is ready to mate
No Female Lion Partner or Female Lion partners are not ready to mate Yet!
Lion A0 m is ready to mate
No Female Lion Partner or Female Lion partners are not ready to mate Yet!
Lion C4 m is ready to mate
No Female Lion Partner or Female Lion partners are not ready to mate Yet!
Wolf A3 is Thirsty
A3drank water
Wolf C4 is Hungry
Wolf C4m is chasing: A2f
Wolf C4 m is ready to mate
No Female Wolf Partner or Female Wolf Partner not ready yet!
Wolf B0 is Hungry
Wolf B0f is chasing: A2f
Wolf B3 m is ready to mate
No Female Wolf Partner or Female Wolf Partner not ready yet!
Wolf C3 is Hungry
Wolf C3f is chasing: A2f
Wolf C3 is Thirsty
Rabbit A2 is Thirsty
A2drank water
Rabbit A2f is running away from: LionC0
Rabbit A2f is running away from: WolfB0
Rabbit A2 f is ready to mate
LionC0m ate: A2f
Lion C0 m is ready to mate
No Female Lion Partner or Female Lion partners are not ready to mate Yet!
Lion A0 m is ready to mate
No Female Lion Partner or Female Lion partners are not ready to mate Yet!
Lion C4 m is ready to mate
No Female Lion Partner or Female Lion partners are not ready to mate Yet!
Wolf C4 is Hungry
Wolf C4m is chasing: A2f
Wolf C4 m is ready to mate
No Female Wolf Partner or Female Wolf Partner not ready yet!
Wolf B0 is Hungry
Wolf B0f is chasing: A2f
Wolf B3 m is ready to mate
No Female Wolf Partner or Female Wolf Partner not ready yet!
Wolf C3 is Hungry
Wolf C3f is chasing: A2f
Wolf C3 is Thirsty
Rabbit A2f is running away from: LionC0
Rabbit A2f is running away from: WolfB0
Rabbit A2 f is ready to mate
Lion C0 m is ready to mate
No Female Lion Partner or Female Lion partners are not ready to mate Yet!
Lion A0 is Thirsty
A0drank water
Lion A0 m is ready to mate
No Female Lion Partner or Female Lion partners are not ready to mate Yet!
Lion C4 is Thirsty
C4drank water
Lion C4 m is ready to mate
No Female Lion Partner or Female Lion partners are not ready to mate Yet!
Wolf C4 is Hungry
Wolf C4m is chasing: A2f
Wolf C4 m is ready to mate
No Female Wolf Partner or Female Wolf Partner not ready yet!
Wolf B0 is Hungry
Wolf B0f is chasing: A2f
Wolf B3 is Thirsty
Wolf B3 m is ready to mate
No Female Wolf Partner or Female Wolf Partner not ready yet!
Wolf C3 is Hungry
Wolf C3f is chasing: A2f
Wolf C3 is Thirsty
Rabbit A2 f is ready to mate
Lion C0 m is ready to mate
No Female Lion Partner or Female Lion partners are not ready to mate Yet!
Lion A0 m is ready to mate
No Female Lion Partner or Female Lion partners are not ready to mate Yet!
Lion C4 m is ready to mate
No Female Lion Partner or Female Lion partners are not ready to mate Yet!
Wolf C4 is Hungry
Wolf C4m is chasing: A2f
Wolf C4 m is ready to mate
No Female Wolf Partner or Female Wolf Partner not ready yet!
Wolf B0 is Hungry
Wolf B0f is chasing: A2f
Wolf B3 is Thirsty
Wolf B3 m is ready to mate
No Female Wolf Partner or Female Wolf Partner not ready yet!
Wolf C3 is Hungry
Wolf C3f is chasing: A2f
Wolf C3 is Thirsty
Rabbit A2 f is ready to mate
Lion C0 m is ready to mate
No Female Lion Partner or Female Lion partners are not ready to mate Yet!
Lion A0 is Hungry
LionA0mis chasing: C3f
Lion A0 m is ready to mate
No Female Lion Partner or Female Lion partners are not ready to mate Yet!
Lion C4 m is ready to mate
No Female Lion Partner or Female Lion partners are not ready to mate Yet!
Wolf C4 is Hungry
Wolf C4m is chasing: A2f
Wolf C4m ate!
Wolf C4 m is ready to mate
No Female Wolf Partner or Female Wolf Partner not ready yet!
Wolf B0 is Hungry
Wolf B3 is Thirsty
Wolf B3 m is ready to mate
No Female Wolf Partner or Female Wolf Partner not ready yet!
Wolf C3 is Hungry
Wolf C3 is Thirsty
Lion C0 m is ready to mate
No Female Lion Partner or Female Lion partners are not ready to mate Yet!
Lion A0 is Hungry
LionA0mis chasing: C3f
Lion A0 m is ready to mate
No Female Lion Partner or Female Lion partners are not ready to mate Yet!
Lion C4 m is ready to mate
No Female Lion Partner or Female Lion partners are not ready to mate Yet!
Wolf A3 is Hungry
Wolf C4 is Thirsty
Wolf C4 m is ready to mate
No Female Wolf Partner or Female Wolf Partner not ready yet!
Wolf B0 is Hungry
Wolf B3 is Thirsty
B3drank water
Wolf B3 m is ready to mate
No Female Wolf Partner or Female Wolf Partner not ready yet!
Wolf C3 is Hungry
Wolf C3 is Thirsty
Lion C0 m is ready to mate
No Female Lion Partner or Female Lion partners are not ready to mate Yet!
Lion A0 is Hungry
LionA0mis chasing: C3f
Lion A0 m is ready to mate
No Female Lion Partner or Female Lion partners are not ready to mate Yet!
Lion C4 m is ready to mate
No Female Lion Partner or Female Lion partners are not ready to mate Yet!
Wolf A3 is Hungry
Wolf C4 is Thirsty
Wolf C4 m is ready to mate
No Female Wolf Partner or Female Wolf Partner not ready yet!
Wolf B0 is Hungry
Wolf B3 m is ready to mate
No Female Wolf Partner or Female Wolf Partner not ready yet!
Wolf C3 is Hungry
Wolf C3 is Thirsty
Lion C0 m is ready to mate
No Female Lion Partner or Female Lion partners are not ready to mate Yet!
Lion A0 is Hungry
LionA0mis chasing: C3f
Lion A0 m is ready to mate
No Female Lion Partner or Female Lion partners are not ready to mate Yet!
Lion C4 m is ready to mate
No Female Lion Partner or Female Lion partners are not ready to mate Yet!
Wolf A3 is Hungry
Wolf C4 is Thirsty
Wolf C4 m is ready to mate
No Female Wolf Partner or Female Wolf Partner not ready yet!
Wolf B0 is Hungry
Wolf B3 m is ready to mate
No Female Wolf Partner or Female Wolf Partner not ready yet!
Wolf C3 is Hungry
Wolf C3 is Thirsty
Lion C0 m is ready to mate
No Female Lion Partner or Female Lion partners are not ready to mate Yet!
Lion A0 is Hungry
LionA0mis chasing: C3f
Lion A0 m is ready to mate
No Female Lion Partner or Female Lion partners are not ready to mate Yet!
Lion C4 m is ready to mate
No Female Lion Partner or Female Lion partners are not ready to mate Yet!
Wolf A3 is Hungry
Wolf C4 is Thirsty
Wolf C4 m is ready to mate
No Female Wolf Partner or Female Wolf Partner not ready yet!
Wolf B0 is Hungry
Wolf B0 is Thirsty
B0drank water
Wolf B3 m is ready to mate
No Female Wolf Partner or Female Wolf Partner not ready yet!
Wolf C3 is Hungry
Wolf C3 is Thirsty
Lion C0 m is ready to mate
No Female Lion Partner or Female Lion partners are not ready to mate Yet!
Lion A0 is Hungry
LionA0mis chasing: C3f
Lion A0 m is ready to mate
No Female Lion Partner or Female Lion partners are not ready to mate Yet!
Lion C4 m is ready to mate
No Female Lion Partner or Female Lion partners are not ready to mate Yet!
Wolf A3 is Hungry
Wolf C4 is Thirsty
Wolf C4 m is ready to mate
No Female Wolf Partner or Female Wolf Partner not ready yet!
Wolf B0 is Hungry
Wolf B3 is Hungry
Wolf B3 m is ready to mate
No Female Wolf Partner or Female Wolf Partner not ready yet!
Wolf C3 is Hungry
Wolf C3 is Thirsty
Lion C0 m is ready to mate
No Female Lion Partner or Female Lion partners are not ready to mate Yet!
Lion A0 is Hungry
LionA0mis chasing: C3f
LionA0mate: C3f
Lion A0 m is ready to mate
No Female Lion Partner or Female Lion partners are not ready to mate Yet!
Lion C4 m is ready to mate
No Female Lion Partner or Female Lion partners are not ready to mate Yet!
Wolf A3 is Hungry
Wolf A3 is Thirsty
A3drank water
Wolf C4 is Thirsty
Wolf C4 m is ready to mate
No Female Wolf Partner or Female Wolf Partner not ready yet!
Wolf B0 is Hungry
Wolf B3 is Hungry
Wolf B3 m is ready to mate
No Female Wolf Partner or Female Wolf Partner not ready yet!
Lion C0 m is ready to mate
No Female Lion Partner or Female Lion partners are not ready to mate Yet!
Lion A0 m is ready to mate
No Female Lion Partner or Female Lion partners are not ready to mate Yet!
Lion C4 m is ready to mate
No Female Lion Partner or Female Lion partners are not ready to mate Yet!
Wolf A3 is Hungry
Wolf C4 is Thirsty
Wolf C4 m is ready to mate
No Female Wolf Partner or Female Wolf Partner not ready yet!
Wolf B0 is Hungry
Wolf B3 is Hungry
Wolf B3 m is ready to mate
No Female Wolf Partner or Female Wolf Partner not ready yet!
Lion C0 m is ready to mate
No Female Lion Partner or Female Lion partners are not ready to mate Yet!
Lion A0 m is ready to mate
No Female Lion Partner or Female Lion partners are not ready to mate Yet!
Lion C4 m is ready to mate
No Female Lion Partner or Female Lion partners are not ready to mate Yet!
Wolf A3 is Hungry
Wolf C4 is Thirsty
Wolf C4 m is ready to mate
No Female Wolf Partner or Female Wolf Partner not ready yet!
Wolf B0 is Hungry
Wolf B3 is Hungry
Wolf B3 m is ready to mate
No Female Wolf Partner or Female Wolf Partner not ready yet!
Lion C0 m is ready to mate
No Female Lion Partner or Female Lion partners are not ready to mate Yet!
Lion A0 m is ready to mate
No Female Lion Partner or Female Lion partners are not ready to mate Yet!
Lion C4 m is ready to mate
No Female Lion Partner or Female Lion partners are not ready to mate Yet!
Wolf A3 is Hungry
Wolf C4 is Thirsty
C4drank water
Wolf C4 m is ready to mate
No Female Wolf Partner or Female Wolf Partner not ready yet!
Wolf B0 is Hungry
Wolf B3 is Hungry
Wolf B3 m is ready to mate
No Female Wolf Partner or Female Wolf Partner not ready yet!
Lion C0 m is ready to mate
No Female Lion Partner or Female Lion partners are not ready to mate Yet!
Lion A0 m is ready to mate
No Female Lion Partner or Female Lion partners are not ready to mate Yet!
Lion C4 m is ready to mate
No Female Lion Partner or Female Lion partners are not ready to mate Yet!
Wolf A3 is Hungry
Wolf C4 is Hungry
Wolf C4 m is ready to mate
No Female Wolf Partner or Female Wolf Partner not ready yet!
Wolf B0 is Hungry
Wolf B3 is Hungry
Wolf B3 m is ready to mate
No Female Wolf Partner or Female Wolf Partner not ready yet!
Lion C0 m is ready to mate
No Female Lion Partner or Female Lion partners are not ready to mate Yet!
Lion A0 m is ready to mate
No Female Lion Partner or Female Lion partners are not ready to mate Yet!
Lion C4 m is ready to mate
No Female Lion Partner or Female Lion partners are not ready to mate Yet!
Wolf A3 is Hungry
Wolf C4 is Hungry
Wolf C4 m is ready to mate
No Female Wolf Partner or Female Wolf Partner not ready yet!
Wolf B0 is Hungry
Wolf B3 is Hungry
Wolf B3 is Thirsty
B3drank water
Wolf B3 m is ready to mate
No Female Wolf Partner or Female Wolf Partner not ready yet!
Lion C0 m is ready to mate
No Female Lion Partner or Female Lion partners are not ready to mate Yet!
Lion A0 m is ready to mate
No Female Lion Partner or Female Lion partners are not ready to mate Yet!
Lion C4 m is ready to mate
No Female Lion Partner or Female Lion partners are not ready to mate Yet!
Wolf A3 is Hungry
Wolf C4 is Hungry
Wolf C4 m is ready to mate
No Female Wolf Partner or Female Wolf Partner not ready yet!
Wolf B0 is Hungry
Wolf B3 is Hungry
Wolf B3 m is ready to mate
No Female Wolf Partner or Female Wolf Partner not ready yet!
Lion C0 m is ready to mate
No Female Lion Partner or Female Lion partners are not ready to mate Yet!
Lion A0 m is ready to mate
No Female Lion Partner or Female Lion partners are not ready to mate Yet!
Lion C4 m is ready to mate
No Female Lion Partner or Female Lion partners are not ready to mate Yet!
Wolf A3 is Hungry
Wolf C4 is Hungry
Wolf C4 m is ready to mate
No Female Wolf Partner or Female Wolf Partner not ready yet!
Wolf B0 is Hungry
Wolf B3 is Hungry
Wolf B3 m is ready to mate
No Female Wolf Partner or Female Wolf Partner not ready yet!
Lion C0 m is ready to mate
No Female Lion Partner or Female Lion partners are not ready to mate Yet!
Lion A0 m is ready to mate
No Female Lion Partner or Female Lion partners are not ready to mate Yet!
Lion C4 is Hungry
LionC4mis chasing: B0f
Lion C4 m is ready to mate
No Female Lion Partner or Female Lion partners are not ready to mate Yet!
Wolf A3 is Hungry
Wolf C4 is Hungry
Wolf C4 m is ready to mate
No Female Wolf Partner or Female Wolf Partner not ready yet!
Wolf B0 is Hungry
Wolf B0 is Thirsty
B0drank water
Wolf B3 is Hungry
Wolf B3 m is ready to mate
No Female Wolf Partner or Female Wolf Partner not ready yet!
Lion C0 m is ready to mate
No Female Lion Partner or Female Lion partners are not ready to mate Yet!
Lion A0 m is ready to mate
No Female Lion Partner or Female Lion partners are not ready to mate Yet!
Lion C4 is Hungry
LionC4mis chasing: B0f
Lion C4 m is ready to mate
No Female Lion Partner or Female Lion partners are not ready to mate Yet!
Wolf A3 is Hungry
Wolf C4 is Hungry
Wolf C4 m is ready to mate
No Female Wolf Partner or Female Wolf Partner not ready yet!
Wolf B0 is Hungry
Wolf B3 is Hungry
Wolf B3 m is ready to mate
No Female Wolf Partner or Female Wolf Partner not ready yet!
Lion C0 is Thirsty
C0drank water
Lion C0 m is ready to mate
No Female Lion Partner or Female Lion partners are not ready to mate Yet!
Lion A0 m is ready to mate
No Female Lion Partner or Female Lion partners are not ready to mate Yet!
Lion C4 is Hungry
LionC4mis chasing: B0f
Lion C4 m is ready to mate
No Female Lion Partner or Female Lion partners are not ready to mate Yet!
Wolf A3 is Hungry
Wolf A3 is Thirsty
A3drank water
Wolf C4 is Hungry
Wolf C4 m is ready to mate
No Female Wolf Partner or Female Wolf Partner not ready yet!
Wolf B0 is Hungry
Wolf B3 is Hungry
Wolf B3 m is ready to mate
No Female Wolf Partner or Female Wolf Partner not ready yet!
Lion C0 is Hungry
LionC0mis chasing: B3m
Lion C0 m is ready to mate
No Female Lion Partner or Female Lion partners are not ready to mate Yet!
Lion A0 m is ready to mate
No Female Lion Partner or Female Lion partners are not ready to mate Yet!
Lion C4 is Hungry
LionC4mis chasing: B0f
Lion C4 m is ready to mate
No Female Lion Partner or Female Lion partners are not ready to mate Yet!
Wolf A3 is Hungry
Wolf C4 is Hungry
Wolf C4 m is ready to mate
No Female Wolf Partner or Female Wolf Partner not ready yet!
Wolf B0 is Hungry
Wolf B3 is Hungry
Wolf B3 m is ready to mate
No Female Wolf Partner or Female Wolf Partner not ready yet!
Lion C0 is Hungry
LionC0mis chasing: B0f
Lion C0 m is ready to mate
No Female Lion Partner or Female Lion partners are not ready to mate Yet!
Lion A0 is Thirsty
Lion A0 m is ready to mate
No Female Lion Partner or Female Lion partners are not ready to mate Yet!
Lion C4 is Thirsty
Lion C4 is Hungry
LionC4mis chasing: B0f
Lion C4 m is ready to mate
No Female Lion Partner or Female Lion partners are not ready to mate Yet!
Wolf A3 is Hungry
Wolf C4 is Hungry
Wolf C4 m is ready to mate
No Female Wolf Partner or Female Wolf Partner not ready yet!
Wolf B0 is Hungry
Wolf B3 is Hungry
Wolf B3 m is ready to mate
No Female Wolf Partner or Female Wolf Partner not ready yet!
Lion C0 is Hungry
LionC0mis chasing: B0f
Lion C0 m is ready to mate
No Female Lion Partner or Female Lion partners are not ready to mate Yet!
Lion A0 is Thirsty
Lion A0 m is ready to mate
No Female Lion Partner or Female Lion partners are not ready to mate Yet!
Lion C4 is Thirsty
Lion C4 is Hungry
LionC4mis chasing: B0f
LionC4mate: B0f
Lion C4 m is ready to mate
No Female Lion Partner or Female Lion partners are not ready to mate Yet!
Wolf A3 is Hungry
Wolf C4 is Hungry
Wolf C4 is Thirsty
C4drank water
Wolf C4 m is ready to mate
No Female Wolf Partner or Female Wolf Partner not ready yet!
Wolf B3 is Hungry
Wolf B3 m is ready to mate
No Female Wolf Partner or Female Wolf Partner not ready yet!
Lion C0 is Hungry
LionC0mis chasing: B3m
Lion C0 m is ready to mate
No Female Lion Partner or Female Lion partners are not ready to mate Yet!
Lion A0 is Thirsty
Lion A0 m is ready to mate
No Female Lion Partner or Female Lion partners are not ready to mate Yet!
Lion C4 is Thirsty
C4drank water
Lion C4 m is ready to mate
No Female Lion Partner or Female Lion partners are not ready to mate Yet!
Wolf A3 is Hungry
Wolf C4 is Hungry
Wolf C4 m is ready to mate
No Female Wolf Partner or Female Wolf Partner not ready yet!
Wolf B3 is Hungry
Wolf B3 m is ready to mate
No Female Wolf Partner or Female Wolf Partner not ready yet!
Lion C0 is Hungry
LionC0mis chasing: B3m
Lion C0 m is ready to mate
No Female Lion Partner or Female Lion partners are not ready to mate Yet!
Lion A0 is Thirsty
Lion A0 m is ready to mate
No Female Lion Partner or Female Lion partners are not ready to mate Yet!
Lion C4 m is ready to mate
No Female Lion Partner or Female Lion partners are not ready to mate Yet!
Wolf A3 is Hungry
Wolf C4 is Hungry
Wolf C4 m is ready to mate
No Female Wolf Partner or Female Wolf Partner not ready yet!
Wolf B3 is Hungry
Wolf B3 is Thirsty
Wolf B3 m is ready to mate
No Female Wolf Partner or Female Wolf Partner not ready yet!
Lion C0 is Hungry
LionC0mis chasing: B3m
LionC0mate: B3m
Lion C0 m is ready to mate
No Female Lion Partner or Female Lion partners are not ready to mate Yet!
Lion A0 is Thirsty
Lion A0 m is ready to mate
No Female Lion Partner or Female Lion partners are not ready to mate Yet!
Lion C4 m is ready to mate
No Female Lion Partner or Female Lion partners are not ready to mate Yet!
Wolf A3 is Hungry
Wolf C4 is Hungry
Wolf C4 m is ready to mate
No Female Wolf Partner or Female Wolf Partner not ready yet!
Lion C0 m is ready to mate
No Female Lion Partner or Female Lion partners are not ready to mate Yet!
Lion A0 is Thirsty
Lion A0 m is ready to mate
No Female Lion Partner or Female Lion partners are not ready to mate Yet!
Lion C4 m is ready to mate
No Female Lion Partner or Female Lion partners are not ready to mate Yet!
Wolf A3 is Hungry
Wolf C4 is Hungry
Wolf C4 m is ready to mate
No Female Wolf Partner or Female Wolf Partner not ready yet!
Lion C0 m is ready to mate
No Female Lion Partner or Female Lion partners are not ready to mate Yet!
Lion A0 is Thirsty
Lion A0 m is ready to mate
No Female Lion Partner or Female Lion partners are not ready to mate Yet!
Lion C4 m is ready to mate
No Female Lion Partner or Female Lion partners are not ready to mate Yet!
Wolf A3 is Hungry
Wolf C4 is Hungry
Wolf C4 m is ready to mate
No Female Wolf Partner or Female Wolf Partner not ready yet!
Lion C0 m is ready to mate
No Female Lion Partner or Female Lion partners are not ready to mate Yet!
Lion A0 is Thirsty
Lion A0 m is ready to mate
No Female Lion Partner or Female Lion partners are not ready to mate Yet!
Lion C4 m is ready to mate
No Female Lion Partner or Female Lion partners are not ready to mate Yet!
Wolf A3 is Hungry
Wolf C4 is Hungry
Wolf C4 m is ready to mate
No Female Wolf Partner or Female Wolf Partner not ready yet!
Lion C0 m is ready to mate
No Female Lion Partner or Female Lion partners are not ready to mate Yet!
Lion A0 is Thirsty
Lion A0 is Hungry
Lion A0 m is ready to mate
No Female Lion Partner or Female Lion partners are not ready to mate Yet!
Lion C4 m is ready to mate
No Female Lion Partner or Female Lion partners are not ready to mate Yet!
Wolf A3 is Hungry
Wolf A3 is Thirsty
A3drank water
Wolf C4 is Hungry
Wolf C4 m is ready to mate
No Female Wolf Partner or Female Wolf Partner not ready yet!
Lion C0 m is ready to mate
No Female Lion Partner or Female Lion partners are not ready to mate Yet!
Lion C4 m is ready to mate
No Female Lion Partner or Female Lion partners are not ready to mate Yet!
Wolf A3 is Hungry
Wolf C4 is Hungry
Wolf C4 m is ready to mate
No Female Wolf Partner or Female Wolf Partner not ready yet!
Lion C0 m is ready to mate
No Female Lion Partner or Female Lion partners are not ready to mate Yet!
Lion C4 m is ready to mate
No Female Lion Partner or Female Lion partners are not ready to mate Yet!
Wolf A3 is Hungry
Wolf C4 is Hungry
Wolf C4 m is ready to mate
No Female Wolf Partner or Female Wolf Partner not ready yet!
Lion C0 m is ready to mate
No Female Lion Partner or Female Lion partners are not ready to mate Yet!
Lion C4 m is ready to mate
No Female Lion Partner or Female Lion partners are not ready to mate Yet!
Wolf A3 is Hungry
Wolf C4 is Hungry
Wolf C4 is Thirsty
C4drank water
Wolf C4 m is ready to mate
No Female Wolf Partner or Female Wolf Partner not ready yet!
Lion C0 m is ready to mate
No Female Lion Partner or Female Lion partners are not ready to mate Yet!
Lion C4 m is ready to mate
No Female Lion Partner or Female Lion partners are not ready to mate Yet!
Wolf A3 is Hungry
Wolf C4 is Hungry
Wolf C4 m is ready to mate
No Female Wolf Partner or Female Wolf Partner not ready yet!
Lion C0 m is ready to mate
No Female Lion Partner or Female Lion partners are not ready to mate Yet!
Lion C4 m is ready to mate
No Female Lion Partner or Female Lion partners are not ready to mate Yet!
Wolf A3 is Hungry
Wolf C4 is Hungry
Wolf C4 m is ready to mate
No Female Wolf Partner or Female Wolf Partner not ready yet!
Lion C0 m is ready to mate
No Female Lion Partner or Female Lion partners are not ready to mate Yet!
Lion C4 m is ready to mate
No Female Lion Partner or Female Lion partners are not ready to mate Yet!
Wolf A3 is Hungry
Wolf C4 is Hungry
Wolf C4 m is ready to mate
No Female Wolf Partner or Female Wolf Partner not ready yet!
Lion C0 m is ready to mate
No Female Lion Partner or Female Lion partners are not ready to mate Yet!
Lion C4 m is ready to mate
No Female Lion Partner or Female Lion partners are not ready to mate Yet!
Wolf A3 is Hungry
Wolf C4 is Hungry
Wolf C4 m is ready to mate
No Female Wolf Partner or Female Wolf Partner not ready yet!
Lion C0 m is ready to mate
No Female Lion Partner or Female Lion partners are not ready to mate Yet!
Lion C4 m is ready to mate
No Female Lion Partner or Female Lion partners are not ready to mate Yet!
Wolf A3 is Hungry
Wolf C4 is Hungry
Wolf C4 m is ready to mate
No Female Wolf Partner or Female Wolf Partner not ready yet!
Lion C0 m is ready to mate
No Female Lion Partner or Female Lion partners are not ready to mate Yet!
Lion C4 m is ready to mate
No Female Lion Partner or Female Lion partners are not ready to mate Yet!
Wolf A3 is Hungry
Wolf C4 is Hungry
Wolf C4 m is ready to mate
No Female Wolf Partner or Female Wolf Partner not ready yet!
Lion C0 is Thirsty
C0drank water
Lion C0 m is ready to mate
No Female Lion Partner or Female Lion partners are not ready to mate Yet!
Lion C4 m is ready to mate
No Female Lion Partner or Female Lion partners are not ready to mate Yet!
Wolf A3 is Hungry
Wolf A3 is Thirsty
A3drank water
Wolf C4 is Hungry
Wolf C4 m is ready to mate
No Female Wolf Partner or Female Wolf Partner not ready yet!
Lion C0 m is ready to mate
No Female Lion Partner or Female Lion partners are not ready to mate Yet!
Lion C4 m is ready to mate
No Female Lion Partner or Female Lion partners are not ready to mate Yet!
Wolf A3 is Hungry
Wolf C4 is Hungry
Wolf C4 m is ready to mate
No Female Wolf Partner or Female Wolf Partner not ready yet!
Lion C0 m is ready to mate
No Female Lion Partner or Female Lion partners are not ready to mate Yet!
Lion C4 m is ready to mate
No Female Lion Partner or Female Lion partners are not ready to mate Yet!
Wolf A3 is Hungry
Wolf C4 is Hungry
Wolf C4 m is ready to mate
No Female Wolf Partner or Female Wolf Partner not ready yet!
Lion C0 m is ready to mate
No Female Lion Partner or Female Lion partners are not ready to mate Yet!
Lion C4 is Hungry
LionC4mis chasing: A3f
Lion C4 m is ready to mate
No Female Lion Partner or Female Lion partners are not ready to mate Yet!
Wolf A3 is Hungry
Wolf C4 is Hungry
Wolf C4 is Thirsty
C4drank water
Wolf C4 m is ready to mate
No Female Wolf Partner or Female Wolf Partner not ready yet!
Lion C0 m is ready to mate
No Female Lion Partner or Female Lion partners are not ready to mate Yet!
Lion C4 is Thirsty
C4drank water
Lion C4 is Hungry
LionC4mis chasing: A3f
Lion C4 m is ready to mate
No Female Lion Partner or Female Lion partners are not ready to mate Yet!
Wolf A3 is Hungry
Wolf C4 is Hungry
Wolf C4 m is ready to mate
No Female Wolf Partner or Female Wolf Partner not ready yet!
Lion C0 m is ready to mate
No Female Lion Partner or Female Lion partners are not ready to mate Yet!
Lion C4 is Hungry
LionC4mis chasing: A3f
Lion C4 m is ready to mate
No Female Lion Partner or Female Lion partners are not ready to mate Yet!
Wolf A3 is Hungry
Wolf C4 is Hungry
Wolf C4 m is ready to mate
No Female Wolf Partner or Female Wolf Partner not ready yet!
Lion C0 is Hungry
LionC0mis chasing: A3f
Lion C0 m is ready to mate
No Female Lion Partner or Female Lion partners are not ready to mate Yet!
Lion C4 is Hungry
LionC4mis chasing: A3f
Lion C4 m is ready to mate
No Female Lion Partner or Female Lion partners are not ready to mate Yet!
Wolf A3 is Hungry
Wolf C4 is Hungry
Wolf C4 m is ready to mate
No Female Wolf Partner or Female Wolf Partner not ready yet!
Lion C0 is Hungry
LionC0mis chasing: A3f
Lion C0 m is ready to mate
No Female Lion Partner or Female Lion partners are not ready to mate Yet!
Lion C4 is Hungry
LionC4mis chasing: A3f
Lion C4 m is ready to mate
No Female Lion Partner or Female Lion partners are not ready to mate Yet!
Wolf A3 is Hungry
Wolf C4 is Hungry
Wolf C4 m is ready to mate
No Female Wolf Partner or Female Wolf Partner not ready yet!
Lion C0 is Hungry
LionC0mis chasing: A3f
Lion C0 m is ready to mate
No Female Lion Partner or Female Lion partners are not ready to mate Yet!
Lion C4 is Hungry
LionC4mis chasing: A3f
Lion C4 m is ready to mate
No Female Lion Partner or Female Lion partners are not ready to mate Yet!
Wolf A3 is Hungry
Wolf C4 is Hungry
Wolf C4 m is ready to mate
No Female Wolf Partner or Female Wolf Partner not ready yet!
Lion C0 is Hungry
LionC0mis chasing: C4m
Lion C0 m is ready to mate
No Female Lion Partner or Female Lion partners are not ready to mate Yet!
Lion C4 is Hungry
LionC4mis chasing: A3f
Lion C4 m is ready to mate
No Female Lion Partner or Female Lion partners are not ready to mate Yet!
Wolf A3 is Hungry
Wolf C4 is Hungry
Wolf C4 m is ready to mate
No Female Wolf Partner or Female Wolf Partner not ready yet!
Lion C0 is Hungry
LionC0mis chasing: A3f
Lion C0 m is ready to mate
No Female Lion Partner or Female Lion partners are not ready to mate Yet!
Lion C4 is Hungry
LionC4mis chasing: A3f
Lion C4 m is ready to mate
No Female Lion Partner or Female Lion partners are not ready to mate Yet!
Wolf A3 is Hungry
Wolf A3 is Thirsty
Wolf C4 is Hungry
Wolf C4 m is ready to mate
No Female Wolf Partner or Female Wolf Partner not ready yet!
Lion C0 is Hungry
LionC0mis chasing: A3f
Lion C0 m is ready to mate
No Female Lion Partner or Female Lion partners are not ready to mate Yet!
Lion C4 is Hungry
LionC4mis chasing: A3f
Lion C4 m is ready to mate
No Female Lion Partner or Female Lion partners are not ready to mate Yet!
Wolf A3 is Hungry
Wolf A3 is Thirsty
A3drank water
Wolf C4 is Hungry
Wolf C4 m is ready to mate
No Female Wolf Partner or Female Wolf Partner not ready yet!
Lion C0 is Hungry
LionC0mis chasing: A3f
LionC0mate: A3f
Lion C0 m is ready to mate
No Female Lion Partner or Female Lion partners are not ready to mate Yet!
Lion C4 is Hungry
LionC4mis chasing: C4m
Lion C4 m is ready to mate
No Female Lion Partner or Female Lion partners are not ready to mate Yet!
Wolf C4 is Hungry
Wolf C4 m is ready to mate
No Female Wolf Partner or Female Wolf Partner not ready yet!
Lion C0 m is ready to mate
No Female Lion Partner or Female Lion partners are not ready to mate Yet!
Lion C4 is Hungry
LionC4mis chasing: C4m
Lion C4 m is ready to mate
No Female Lion Partner or Female Lion partners are not ready to mate Yet!
Wolf C4 is Hungry
Wolf C4 is Thirsty
C4drank water
Wolf C4 m is ready to mate
No Female Wolf Partner or Female Wolf Partner not ready yet!
Lion C0 m is ready to mate
No Female Lion Partner or Female Lion partners are not ready to mate Yet!
Lion C4 is Hungry
LionC4mis chasing: C4m
Lion C4 m is ready to mate
No Female Lion Partner or Female Lion partners are not ready to mate Yet!
Wolf C4 is Hungry
Wolf C4 m is ready to mate
No Female Wolf Partner or Female Wolf Partner not ready yet!
Lion C0 m is ready to mate
No Female Lion Partner or Female Lion partners are not ready to mate Yet!
Lion C4 is Hungry
LionC4mis chasing: C4m
LionC4mate: C4m
Lion C4 m is ready to mate
No Female Lion Partner or Female Lion partners are not ready to mate Yet!
Lion C0 m is ready to mate
No Female Lion Partner or Female Lion partners are not ready to mate Yet!
Lion C4 m is ready to mate
No Female Lion Partner or Female Lion partners are not ready to mate Yet!
Lion C0 m is ready to mate
No Female Lion Partner or Female Lion partners are not ready to mate Yet!
Lion C4 m is ready to mate
No Female Lion Partner or Female Lion partners are not ready to mate Yet!
Lion C0 m is ready to mate
No Female Lion Partner or Female Lion partners are not ready to mate Yet!
Lion C4 m is ready to mate
No Female Lion Partner or Female Lion partners are not ready to mate Yet!
