Wolf A1f is running away from: LionC4
Rabbit B2f is running away from: WolfA5
Rabbit C0f is running away from: WolfC3
Rabbit C2f is running away from: LionC4
Rabbit B2f is running away from: WolfC3
Rabbit B5 m is ready to mate
Rabbit B5 m is approaching partner: Rabbit B4f
Rabbit C2 m is ready to mate
Rabbit C2 m is approaching partner: Rabbit B3f
Rabbit B2 f is ready to mate
Rabbit B4 f is ready to mate
Rabbit A4 m is ready to mate
Rabbit A4 m is approaching partner: Rabbit C2f
Rabbit C0 f is ready to mate
Rabbit C2 f is ready to mate
Rabbit B2 f is ready to mate
Rabbit A4 m is ready to mate
Rabbit A4 m is approaching partner: Rabbit B3f
Rabbit A5 f is ready to mate
Rabbit A0 m is ready to mate
Rabbit A0 m is approaching partner: Rabbit B3f
Rabbit A4 f is ready to mate
Rabbit B3 f is ready to mate
Rabbit C4 m is ready to mate
Rabbit C4 m is approaching partner: Rabbit B3f
Rabbit C3 m is ready to mate
Rabbit C3 m is approaching partner: Rabbit B4f
Rabbit B5 is Hungry
Rabbit B5m ate
Rabbit B5 m is ready to mate
Rabbit B5 m is approaching partner: Rabbit B4f
Rabbit C2 is Hungry
Rabbit C2m ate
Rabbit C2 m is ready to mate
Rabbit C2 m is approaching partner: Rabbit B3f
Rabbit B2 is Hungry
Rabbit B2f ate
Rabbit B2 f is ready to mate
Rabbit B4 is Hungry
Rabbit B4f ate
Rabbit B4 f is ready to mate
Rabbit A4 is Hungry
Rabbit A4m ate
Rabbit A4 m is ready to mate
Rabbit A4 m is approaching partner: Rabbit B3f
Rabbit C0 is Hungry
Rabbit C0f ate
Rabbit C0 f is ready to mate
Rabbit C2 is Hungry
Rabbit C2f ate
Rabbit C2 f is ready to mate
Rabbit B2 is Hungry
Rabbit B2f ate
Rabbit B2 f is ready to mate
Rabbit A4 is Hungry
Rabbit A4m ate
Rabbit A4 m is ready to mate
Rabbit A4 m is approaching partner: Rabbit B3f
Rabbit A5 is Hungry
Rabbit A5f ate
Rabbit A5 f is ready to mate
Rabbit A0 is Hungry
Rabbit A0m ate
Rabbit A0 m is ready to mate
Rabbit A0 m is approaching partner: Rabbit B3f
Rabbit A4 is Hungry
Rabbit A4f ate
Rabbit A4 f is ready to mate
Rabbit B3 is Hungry
Rabbit B3f ate
Rabbit B3 f is ready to mate
Rabbit C4 is Hungry
Rabbit C4m ate
Rabbit C4 m is ready to mate
Rabbit C4 m is approaching partner: Rabbit B3f
Rabbit C3 is Hungry
Rabbit C3m ate
Rabbit C3 m is ready to mate
Rabbit C3 m is approaching partner: Rabbit B3f
Wolf A4m is running away from: LionC4
Rabbit B5 m is ready to mate
Rabbit B5 m is approaching partner: Rabbit B4f
Rabbit C2 m is ready to mate
Rabbit C2 m is approaching partner: Rabbit B3f
Rabbit B2 f is ready to mate
Rabbit B4 f is ready to mate
Rabbit A4 m is ready to mate
Rabbit A4 m is approaching partner: Rabbit B3f
Rabbit C0 f is ready to mate
Rabbit C2 f is ready to mate
Rabbit B2 f is ready to mate
Rabbit A4 m is ready to mate
Rabbit A4 m is approaching partner: Rabbit B3f
Rabbit A5 f is ready to mate
Rabbit A0 m is ready to mate
Rabbit A0 m is approaching partner: Rabbit B3f
Rabbit A4 f is ready to mate
Rabbit B3 f is ready to mate
Rabbit C4 m is ready to mate
Rabbit C4 m is approaching partner: Rabbit B3f
Rabbit C3 m is ready to mate
Rabbit C3 m is approaching partner: Rabbit B3f
Wolf C3 m is ready to mate
Wolf A1 f is ready to mate
Wolf A4 m is ready to mate
Wolf A5 m is ready to mate
Rabbit B5 m is ready to mate
Rabbit B5 m is approaching partner: Rabbit B4f
Rabbit B0 f was born!Father is B5 and Mother is B4
Rabbit C2 m is ready to mate
Rabbit C2 m is approaching partner: Rabbit B3f
Rabbit B2 f is ready to mate
Rabbit A4 m is ready to mate
Rabbit A4 m is approaching partner: Rabbit B3f
Rabbit C0 f is ready to mate
Rabbit C2 f is ready to mate
Rabbit B2 f is ready to mate
Rabbit A4 m is ready to mate
Rabbit A4 m is approaching partner: Rabbit B3f
Rabbit A5 f is ready to mate
Rabbit A0 m is ready to mate
Rabbit A0 m is approaching partner: Rabbit B3f
Rabbit B1 m was born!Father is A0 and Mother is B3
Rabbit A4 f is ready to mate
Rabbit C4 m is ready to mate
Rabbit C4 m is approaching partner: Rabbit C2f
Rabbit C3 m is ready to mate
Rabbit C3 m is approaching partner: Rabbit B2f
Lion B4 m is ready to mate
Lion C4 f is ready to mate
Lion C3 m is ready to mate
Lion C2 m is ready to mate
Wolf C3 m is ready to mate
Wolf A1 f is ready to mate
Wolf A4 m is ready to mate
Wolf B0 f was born! Father is A4 and Mother is A1
Wolf A5 m is ready to mate
No Female Wolf Partner or Female Wolf Partner not ready yet!
Rabbit B5 is Hungry
Rabbit B5 m is ready to mate
Rabbit B5 m is approaching partner: Rabbit A5f
Rabbit C2 is Hungry
Rabbit C2m ate
Rabbit C2 m is ready to mate
Rabbit C2 m is approaching partner: Rabbit B2f
Rabbit B2 is Hungry
Rabbit B2 f is ready to mate
Rabbit B4 is Hungry
Rabbit B4f ate
Rabbit A4 is Hungry
Rabbit A4m ate
Rabbit A4 m is ready to mate
Rabbit A4 m is approaching partner: Rabbit B2f
Rabbit C0 is Hungry
Rabbit C0f ate
Rabbit C0 f is ready to mate
Rabbit C2 is Hungry
Rabbit C2f ate
Rabbit C2 f is ready to mate
Rabbit B2f is running away from: WolfC3
Rabbit B2 is Hungry
Rabbit B2f ate
Rabbit B2 f is ready to mate
Rabbit A4 is Hungry
Rabbit A4m ate
Rabbit A4 m is ready to mate
Rabbit A4 m is approaching partner: Rabbit B2f
Rabbit A5 is Hungry
Rabbit A5f ate
Rabbit A5 f is ready to mate
Rabbit A0 is Hungry
Rabbit A0m ate
Rabbit A0 m is ready to mate
Rabbit A0 m is approaching partner: Rabbit A5f
Rabbit A4 is Hungry
Rabbit A4f ate
Rabbit A4 f is ready to mate
Rabbit B3 is Hungry
Rabbit B3f ate
Rabbit C4 is Hungry
Rabbit C4m ate
Rabbit C4 m is ready to mate
Rabbit C4 m is approaching partner: Rabbit C2f
Rabbit C3 is Hungry
Rabbit C3m ate
Rabbit C3 m is ready to mate
Rabbit C3 m is approaching partner: Rabbit B2f
Lion B4 m is ready to mate
Lion C4 f is ready to mate
Lion C3 m is ready to mate
Lion C2 m is ready to mate
Wolf C3 m is ready to mate
No Female Wolf Partner or Female Wolf Partner not ready yet!
Wolf A1f is running away from: LionC4
Wolf A4 m is ready to mate
No Female Wolf Partner or Female Wolf Partner not ready yet!
Wolf A5 m is ready to mate
No Female Wolf Partner or Female Wolf Partner not ready yet!
Wolf B0f is running away from: LionC4
Rabbit B5 is Thirsty
Rabbit B5 drank water
Rabbit B5 is Hungry
Rabbit B5m ate
Rabbit B5 m is ready to mate
Rabbit B5 m is approaching partner: Rabbit A5f
Rabbit C2 is Thirsty
Rabbit C2 drank water
Rabbit C2 m is ready to mate
Rabbit C2 m is approaching partner: Rabbit B2f
Rabbit B2 is Thirsty
Rabbit B2 drank water
Rabbit B2 is Hungry
Rabbit B2f ate
Rabbit B2 f is ready to mate
Rabbit B4 is Thirsty
Rabbit B4 drank water
Rabbit A4 is Thirsty
Rabbit A4 drank water
Rabbit A4 m is ready to mate
Rabbit A4 m is approaching partner: Rabbit B2f
Rabbit C0 is Thirsty
Rabbit C0 drank water
Rabbit C0 f is ready to mate
Rabbit C2 is Thirsty
Rabbit C2 drank water
Rabbit C2 f is ready to mate
Rabbit B2 is Thirsty
Rabbit B2 drank water
Rabbit B2 f is ready to mate
Rabbit A4 is Thirsty
Rabbit A4 drank water
Rabbit A4 m is ready to mate
Rabbit A4 m is approaching partner: Rabbit B2f
Rabbit A5 is Thirsty
Rabbit A5 drank water
Rabbit A5 f is ready to mate
Rabbit A0 is Thirsty
Rabbit A0 drank water
Rabbit A0 m is ready to mate
Rabbit A0 m is approaching partner: Rabbit A5f
Rabbit A4 is Thirsty
Rabbit A4 drank water
Rabbit A4 f is ready to mate
Rabbit B3 is Thirsty
Rabbit B3 drank water
Rabbit C4 is Thirsty
Rabbit C4 drank water
Rabbit C4 m is ready to mate
Rabbit C4 m is approaching partner: Rabbit C2f
Rabbit C3 is Thirsty
Rabbit C3 drank water
Rabbit C3 m is ready to mate
Rabbit C3 m is approaching partner: Rabbit B2f
Lion B4 m is ready to mate
Lion C4f ate: B0f
Lion C4 f is ready to mate
Lion C3 m is ready to mate
Lion C2 m is ready to mate
Wolf C3 m is ready to mate
No Female Wolf Partner or Female Wolf Partner not ready yet!
Wolf A1f is running away from: LionC4
Wolf A4 m is ready to mate
No Female Wolf Partner or Female Wolf Partner not ready yet!
Wolf A5 m is ready to mate
No Female Wolf Partner or Female Wolf Partner not ready yet!
Wolf B0f is running away from: LionC4
Rabbit B5 is Thirsty
Rabbit B5 drank water
Rabbit B5 m is ready to mate
Rabbit B5 m is approaching partner: Rabbit A5f
Rabbit C2 is Thirsty
Rabbit C2 drank water
Rabbit C2 m is ready to mate
Rabbit C2 m is approaching partner: Rabbit B2f
Rabbit B2 is Thirsty
Rabbit B2 drank water
Rabbit B2 f is ready to mate
Rabbit B4 is Thirsty
Rabbit B4 drank water
Rabbit A4 is Thirsty
Rabbit A4 drank water
Rabbit A4 m is ready to mate
Rabbit A4 m is approaching partner: Rabbit B2f
Rabbit C0 is Thirsty
Rabbit C0 drank water
Rabbit C0f is running away from: WolfC3
Rabbit C0 f is ready to mate
Rabbit C2 is Thirsty
Rabbit C2 drank water
Rabbit C2 f is ready to mate
Rabbit B2 is Thirsty
Rabbit B2 drank water
Rabbit B2 f is ready to mate
Rabbit A4 is Thirsty
Rabbit A4 drank water
Rabbit A4 m is ready to mate
Rabbit A4 m is approaching partner: Rabbit B2f
Rabbit A5 is Thirsty
Rabbit A5 drank water
Rabbit A5 f is ready to mate
Rabbit A0 is Thirsty
Rabbit A0 drank water
Rabbit A0 m is ready to mate
Rabbit A0 m is approaching partner: Rabbit A5f
Rabbit A4 is Thirsty
Rabbit A4 drank water
Rabbit A4 f is ready to mate
Rabbit B3 is Thirsty
Rabbit B3 drank water
Rabbit C4 is Thirsty
Rabbit C4 drank water
Rabbit C4 m is ready to mate
Rabbit C4 m is approaching partner: Rabbit B2f
Rabbit C3 is Thirsty
Rabbit C3 drank water
Rabbit C3 m is ready to mate
Rabbit C3 m is approaching partner: Rabbit B2f
Rabbit B0 is Hungry
Rabbit B0f ate
Rabbit B1 is Hungry
Rabbit B1m ate
Lion B4 m is ready to mate
Lion C4 f is ready to mate
Lion C3 m is ready to mate
Lion C2 m is ready to mate
Wolf C3 m is ready to mate
No Female Wolf Partner or Female Wolf Partner not ready yet!
Wolf A1f is running away from: LionC4
Wolf A4 m is ready to mate
No Female Wolf Partner or Female Wolf Partner not ready yet!
Wolf A5 m is ready to mate
No Female Wolf Partner or Female Wolf Partner not ready yet!
Rabbit B5 is Thirsty
Rabbit B5 drank water
Rabbit B5 m is ready to mate
Rabbit B5 m is approaching partner: Rabbit A5f
Rabbit C2 is Thirsty
Rabbit C2 drank water
Rabbit C2 is Hungry
Rabbit C2m ate
Rabbit C2 m is ready to mate
Rabbit C2 m is approaching partner: Rabbit B2f
Rabbit B2 f is ready to mate
Rabbit B4 is Thirsty
Rabbit B4 drank water
Rabbit B4 is Hungry
Rabbit B4f ate
Rabbit A4 is Thirsty
Rabbit A4 drank water
Rabbit A4 is Hungry
Rabbit A4m ate
Rabbit A4 m is ready to mate
Rabbit A4 m is approaching partner: Rabbit B2f
Rabbit C0 is Thirsty
Rabbit C0 drank water
Rabbit C0 is Hungry
Rabbit C0f ate
Rabbit C0 f is ready to mate
Rabbit C2 is Thirsty
Rabbit C2 drank water
Rabbit C2 is Hungry
Rabbit C2 f is ready to mate
Rabbit B2 is Thirsty
Rabbit B2 drank water
Rabbit B2 is Hungry
Rabbit B2f ate
Rabbit B2 f is ready to mate
Rabbit A4 is Thirsty
Rabbit A4 drank water
Rabbit A4 is Hungry
Rabbit A4m ate
Rabbit A4 m is ready to mate
Rabbit A4 m is approaching partner: Rabbit C0f
Rabbit A5 is Thirsty
Rabbit A5 drank water
Rabbit A5 is Hungry
Rabbit A5 f is ready to mate
Rabbit A0 is Thirsty
Rabbit A0 drank water
Rabbit A0 is Hungry
Rabbit A0 m is ready to mate
Rabbit A0 m is approaching partner: Rabbit A5f
Rabbit A4 is Thirsty
Rabbit A4 drank water
Rabbit A4 is Hungry
Rabbit A4f ate
Rabbit A4 f is ready to mate
Rabbit B3 is Thirsty
Rabbit B3 drank water
Rabbit B3 is Hungry
Rabbit B3f ate
Rabbit C4 is Thirsty
Rabbit C4 drank water
Rabbit C4 is Hungry
Rabbit C4m ate
Rabbit C4 m is ready to mate
Rabbit C4 m is approaching partner: Rabbit B2f
Rabbit C3 is Thirsty
Rabbit C3 drank water
Rabbit C3 is Hungry
Rabbit C3m ate
Rabbit C3 m is ready to mate
Rabbit C3 m is approaching partner: Rabbit C0f
Lion B4 m is ready to mate
Lion C4 f is ready to mate
Lion C3 m is ready to mate
Lion C2 m is ready to mate
Wolf C3 is Thirsty
Wolf C3drank water
Wolf C3 m is ready to mate
No Female Wolf Partner or Female Wolf Partner not ready yet!
Wolf A1 is Thirsty
Wolf A1drank water
Wolf A4 is Thirsty
Wolf A4drank water
Wolf A4 m is ready to mate
No Female Wolf Partner or Female Wolf Partner not ready yet!
Wolf A5 is Thirsty
Wolf A5drank water
Wolf A5 m is ready to mate
No Female Wolf Partner or Female Wolf Partner not ready yet!
Wolf B0f is running away from: LionC4
Wolf B0f ate!
Rabbit B5 is Thirsty
Rabbit B5 drank water
Rabbit B5 is Hungry
Rabbit B5m ate
Rabbit B5 m is ready to mate
Rabbit B5 m is approaching partner: Rabbit A5f
Rabbit C2 is Thirsty
Rabbit C2 drank water
Rabbit C2m is running away from: WolfB0
Rabbit C2 m is ready to mate
Rabbit C2 m is approaching partner: Rabbit B2f
Rabbit B2 is Hungry
Rabbit B2f ate
Rabbit B2 f is ready to mate
Rabbit B4 is Thirsty
Rabbit B4 drank water
Rabbit C0 is Thirsty
Rabbit C0 drank water
Rabbit C0 f is ready to mate
Rabbit C2 is Thirsty
Rabbit C2 drank water
Rabbit C2 is Hungry
Rabbit C2 f is ready to mate
Rabbit B2 is Thirsty
Rabbit B2 drank water
Rabbit B2 f is ready to mate
Rabbit A4 is Thirsty
Rabbit A4 drank water
Rabbit A4 m is ready to mate
Rabbit A4 m is approaching partner: Rabbit C0f
Rabbit A5 is Thirsty
Rabbit A5 drank water
Rabbit A5 is Hungry
Rabbit A5 f is ready to mate
Rabbit A0 is Thirsty
Rabbit A0 drank water
Rabbit A0 is Hungry
Rabbit A0 m is ready to mate
Rabbit A0 m is approaching partner: Rabbit B2f
Rabbit A4 is Thirsty
Rabbit A4 drank water
Rabbit A4 f is ready to mate
Rabbit B3 is Thirsty
Rabbit B3 drank water
Rabbit C4 is Thirsty
Rabbit C4 drank water
Rabbit C4 m is ready to mate
Rabbit C4 m is approaching partner: Rabbit B2f
Rabbit C3 is Thirsty
Rabbit C3 drank water
Rabbit C3 m is ready to mate
Rabbit C3 m is approaching partner: Rabbit C0f
Lion B4 m is ready to mate
Lion C4 f is ready to mate
Lion C3 m is ready to mate
Lion C2 m is ready to mate
Wolf C3 is Thirsty
Wolf C3drank water
Wolf C3 m is ready to mate
No Female Wolf Partner or Female Wolf Partner not ready yet!
Wolf A1 is Thirsty
Wolf A1drank water
Wolf A4 is Thirsty
Wolf A4drank water
Wolf A4 m is ready to mate
No Female Wolf Partner or Female Wolf Partner not ready yet!
Wolf A5 is Thirsty
Wolf A5drank water
Wolf A5 m is ready to mate
No Female Wolf Partner or Female Wolf Partner not ready yet!
Rabbit B5 is Thirsty
Rabbit B5 drank water
Rabbit B5 m is ready to mate
Rabbit B5 m is approaching partner: Rabbit A5f
Rabbit C2 is Thirsty
Rabbit C2 drank water
Rabbit C2 m is ready to mate
Rabbit C2 m is approaching partner: Rabbit B2f
Rabbit B2 f is ready to mate
Rabbit B4 is Thirsty
Rabbit B4 drank water
Rabbit C0 is Thirsty
Rabbit C0 drank water
Rabbit C0f is running away from: WolfC3
Rabbit C0 f is ready to mate
Rabbit C2 is Thirsty
Rabbit C2 drank water
Rabbit C2 is Hungry
Rabbit C2f ate
Rabbit C2 f is ready to mate
Rabbit B2 is Thirsty
Rabbit B2 drank water
Rabbit B2 f is ready to mate
Rabbit A4 is Thirsty
Rabbit A4 drank water
Rabbit A4 m is ready to mate
Rabbit A4 m is approaching partner: Rabbit C0f
Rabbit A5 is Thirsty
Rabbit A5 drank water
Rabbit A5 is Hungry
Rabbit A5 f is ready to mate
Rabbit A0 is Thirsty
Rabbit A0 drank water
Rabbit A0 is Hungry
Rabbit A0 m is ready to mate
Rabbit A0 m is approaching partner: Rabbit B2f
Rabbit A4 is Thirsty
Rabbit A4 drank water
Rabbit A4 f is ready to mate
Rabbit B3 is Thirsty
Rabbit B3 drank water
Rabbit C4 m is ready to mate
Rabbit C4 m is approaching partner: Rabbit B2f
Rabbit C3 is Thirsty
Rabbit C3 drank water
Rabbit C3 m is ready to mate
Rabbit C3 m is approaching partner: Rabbit C0f
Rabbit B0 is Hungry
Rabbit B1 is Hungry
Rabbit B1m ate
Lion B4 m is ready to mate
Lion C4 f is ready to mate
Lion C3 m is ready to mate
Lion C2 m is ready to mate
Wolf C3 is Thirsty
Wolf C3drank water
Wolf C3 m is ready to mate
No Female Wolf Partner or Female Wolf Partner not ready yet!
Wolf A4 m is ready to mate
No Female Wolf Partner or Female Wolf Partner not ready yet!
Wolf A5 is Thirsty
Wolf A5drank water
Wolf A5 m is ready to mate
No Female Wolf Partner or Female Wolf Partner not ready yet!
Rabbit B5 is Thirsty
Rabbit B5 drank water
Rabbit B5 m is ready to mate
Rabbit B5 m is approaching partner: Rabbit A5f
Rabbit C2 is Thirsty
Rabbit C2 drank water
Rabbit C2 is Hungry
Rabbit C2 m is ready to mate
Rabbit C2 m is approaching partner: Rabbit B2f
Rabbit B2 f is ready to mate
Rabbit B4 is Thirsty
Rabbit B4 drank water
Rabbit B4 is Hungry
Rabbit B4f ate
Rabbit C0 is Thirsty
Rabbit C0 drank water
Rabbit C0 is Hungry
Rabbit C0f ate
Rabbit C0 f is ready to mate
Rabbit C2 is Thirsty
Rabbit C2 drank water
Rabbit C2 f is ready to mate
Rabbit B2 is Hungry
Rabbit B2f ate
Rabbit B2 f is ready to mate
Rabbit A4 is Thirsty
Rabbit A4 drank water
Rabbit A4 is Hungry
Rabbit A4m ate
Rabbit A4 m is ready to mate
Rabbit A4 m is approaching partner: Rabbit C0f
Rabbit A5 is Thirsty
Rabbit A5 drank water
Rabbit A5 is Hungry
Rabbit A5 f is ready to mate
Rabbit A0 is Thirsty
Rabbit A0 drank water
Rabbit A0 is Hungry
Rabbit A0m ate
Rabbit A0 m is ready to mate
Rabbit A0 m is approaching partner: Rabbit B2f
Rabbit A4 is Thirsty
Rabbit A4 drank water
Rabbit A4 is Hungry
Rabbit A4f ate
Rabbit A4 f is ready to mate
Rabbit B3 is Thirsty
Rabbit B3 drank water
Rabbit B3 is Hungry
Rabbit C4 is Hungry
Rabbit C4m ate
Rabbit C4 m is ready to mate
Rabbit C4 m is approaching partner: Rabbit B2f
Rabbit C3 is Thirsty
Rabbit C3 drank water
Rabbit C3 is Hungry
Rabbit C3 m is ready to mate
Rabbit C3 m is approaching partner: Rabbit C0f
Rabbit B0 is Thirsty
Rabbit B0 drank water
Rabbit B0 is Hungry
Rabbit B1 is Thirsty
Rabbit B1 drank water
Lion B4 m is ready to mate
Lion C4 f is ready to mate
Lion C3 m is ready to mate
Lion C2 m is ready to mate
Wolf C3 is Thirsty
Wolf C3drank water
Wolf C3 m is ready to mate
No Female Wolf Partner or Female Wolf Partner not ready yet!
Wolf A4 m is ready to mate
No Female Wolf Partner or Female Wolf Partner not ready yet!
Wolf A5 m is ready to mate
No Female Wolf Partner or Female Wolf Partner not ready yet!
Rabbit B5 is Thirsty
Rabbit B5 drank water
Rabbit B5 is Hungry
Rabbit B5 m is ready to mate
Rabbit B5 m is approaching partner: Rabbit A5f
Rabbit C2 is Thirsty
Rabbit C2 drank water
Rabbit C2 is Hungry
Rabbit C2 m is ready to mate
Rabbit C2 m is approaching partner: Rabbit B2f
Rabbit B2 is Hungry
Rabbit B2f ate
Rabbit B2 f is ready to mate
Rabbit B4 is Thirsty
Rabbit B4 drank water
Rabbit C0 is Thirsty
Rabbit C0 drank water
Rabbit C0f is running away from: WolfC3
Rabbit C0 f is ready to mate
Rabbit C2 is Thirsty
Rabbit C2 drank water
Rabbit C2 f is ready to mate
Rabbit B2 f is ready to mate
Rabbit A4 is Thirsty
Rabbit A4 drank water
Rabbit A4 m is ready to mate
Rabbit A4 m is approaching partner: Rabbit B2f
Rabbit A5 is Thirsty
Rabbit A5 drank water
Rabbit A5 is Hungry
Rabbit A5 f is ready to mate
Rabbit A0 is Thirsty
Rabbit A0 drank water
Rabbit A0 m is ready to mate
Rabbit A0 m is approaching partner: Rabbit B2f
Rabbit A4 is Thirsty
Rabbit A4 drank water
Rabbit A4 f is ready to mate
Rabbit B3 is Thirsty
Rabbit B3 drank water
Rabbit B3 is Hungry
Rabbit C4 m is ready to mate
Rabbit C4 m is approaching partner: Rabbit B2f
Rabbit C3 is Thirsty
Rabbit C3 drank water
Rabbit C3 is Hungry
Rabbit C3 m is ready to mate
Rabbit C3 m is approaching partner: Rabbit C0f
Rabbit B0 is Thirsty
Rabbit B0 drank water
Rabbit B0 is Hungry
Rabbit B1 is Thirsty
Rabbit B1 drank water
Lion B4 m is ready to mate
Lion C4 f is ready to mate
Lion C3 m is ready to mate
Lion C2 m is ready to mate
Wolf C3 is Thirsty
Wolf C3drank water
Wolf C3 m is ready to mate
No Female Wolf Partner or Female Wolf Partner not ready yet!
Wolf A4 m is ready to mate
No Female Wolf Partner or Female Wolf Partner not ready yet!
Wolf A5 m is ready to mate
No Female Wolf Partner or Female Wolf Partner not ready yet!
Rabbit B5 is Thirsty
Rabbit B5 drank water
Rabbit B5 is Hungry
Rabbit B5m ate
Rabbit B5 m is ready to mate
Rabbit B5 m is approaching partner: Rabbit A5f
Rabbit C2 is Thirsty
Rabbit C2 drank water
Rabbit C2 is Hungry
Rabbit C2 m is ready to mate
Rabbit C2 m is approaching partner: Rabbit B2f
Rabbit B2 f is ready to mate
Rabbit B4 is Thirsty
Rabbit B4 drank water
Rabbit C0 is Thirsty
Rabbit C0 drank water
Rabbit C0 f is ready to mate
Rabbit C2 is Thirsty
Rabbit C2 drank water
Rabbit C2 is Hungry
Rabbit C2 f is ready to mate
Rabbit B2 f is ready to mate
Rabbit A4 is Thirsty
Rabbit A4 drank water
Rabbit A4 m is ready to mate
Rabbit A4 m is approaching partner: Rabbit B2f
Rabbit A5 is Thirsty
Rabbit A5 drank water
Rabbit A5 is Hungry
Rabbit A5 f is ready to mate
Rabbit A0 is Thirsty
Rabbit A0 drank water
Rabbit A0 m is ready to mate
Rabbit A0 m is approaching partner: Rabbit B2f
Rabbit A4 is Thirsty
Rabbit A4 drank water
Rabbit A4 f is ready to mate
Rabbit B3 is Thirsty
Rabbit B3 drank water
Rabbit B3 is Hungry
Rabbit C4m is running away from: WolfB0
Rabbit C4 m is ready to mate
Rabbit C4 m is approaching partner: Rabbit B2f
Rabbit C3 is Thirsty
Rabbit C3 drank water
Rabbit C3 is Hungry
Rabbit C3 m is ready to mate
Rabbit C3 m is approaching partner: Rabbit A4f
Rabbit B0 is Thirsty
Rabbit B0 drank water
Rabbit B0 is Hungry
Rabbit B1 is Thirsty
Rabbit B1 drank water
Rabbit B1 is Hungry
Rabbit B1m ate
Lion B4 m is ready to mate
Lion C4 f is ready to mate
Lion C3 m is ready to mate
Lion C2 m is ready to mate
Wolf C3 is Hungry
Wolf C3m is chasing: C0f
Wolf C3m ate!
Wolf C3 is Thirsty
Wolf C3drank water
Wolf C3 m is ready to mate
No Female Wolf Partner or Female Wolf Partner not ready yet!
Wolf A1 is Hungry
Wolf A1f is chasing: C4m
Wolf A4 is Hungry
Wolf A4m is chasing: B2f
Wolf A4 m is ready to mate
No Female Wolf Partner or Female Wolf Partner not ready yet!
Wolf A5 is Hungry
Wolf A5m is chasing: B2f
Wolf A5 m is ready to mate
No Female Wolf Partner or Female Wolf Partner not ready yet!
Rabbit B5 is Thirsty
Rabbit B5 drank water
Rabbit B5 m is ready to mate
Rabbit B5 m is approaching partner: Rabbit A5f
Rabbit C2 is Thirsty
Rabbit C2 drank water
Rabbit C2 is Hungry
Rabbit C2 m is ready to mate
Rabbit C2 m is approaching partner: Rabbit B2f
Rabbit B2 is Thirsty
Rabbit B2 drank water
Rabbit B2 f is ready to mate
Rabbit B4 is Thirsty
Rabbit B4 drank water
Rabbit B4 is Hungry
Rabbit B4f ate
Rabbit B4 f is ready to mate
Rabbit C2 is Thirsty
Rabbit C2 drank water
Rabbit C2 is Hungry
Rabbit C2 f is ready to mate
Rabbit B2 is Hungry
Rabbit B2f ate
Rabbit B2 f is ready to mate
Rabbit A4 is Thirsty
Rabbit A4 drank water
Rabbit A4 is Hungry
Rabbit A4m ate
Rabbit A4 m is ready to mate
Rabbit A4 m is approaching partner: Rabbit B4f
Rabbit A5 is Thirsty
Rabbit A5 drank water
Rabbit A5 is Hungry
Rabbit A5 f is ready to mate
Rabbit A0 is Thirsty
Rabbit A0 drank water
Rabbit A0 is Hungry
Rabbit A0m ate
Rabbit A0 m is ready to mate
Rabbit A0 m is approaching partner: Rabbit B4f
Rabbit A4 is Thirsty
Rabbit A4 drank water
Rabbit A4 is Hungry
Rabbit A4f ate
Rabbit A4 f is ready to mate
Rabbit B3 is Thirsty
Rabbit B3 drank water
Rabbit B3 is Hungry
Rabbit B3 f is ready to mate
Rabbit C4 is Hungry
Rabbit C4 m is ready to mate
Rabbit C4 m is approaching partner: Rabbit B4f
Rabbit C3 is Thirsty
Rabbit C3 drank water
Rabbit C3 is Hungry
Rabbit C3m ate
Rabbit C3 m is ready to mate
Rabbit C3 m is approaching partner: Rabbit A4f
Rabbit B0 is Thirsty
Rabbit B0 drank water
Rabbit B0 is Hungry
Rabbit B0 f is ready to mate
Rabbit B1 is Thirsty
Rabbit B1 drank water
Rabbit B1 m is ready to mate
Rabbit B1 m is approaching partner: Rabbit B0f
Lion B4 is Hungry
LionB4mis chasing: B4f
Lion B4 m is ready to mate
Lion C4 f is ready to mate
Lion C3 is Hungry
LionC3mis chasing: B4f
Lion C3 m is ready to mate
Lion C2 is Hungry
LionC2mis chasing: B4f
Lion C2 m is ready to mate
Wolf C3 is Thirsty
Wolf C3drank water
Wolf C3 m is ready to mate
No Female Wolf Partner or Female Wolf Partner not ready yet!
Wolf A1 is Hungry
Wolf A1f is chasing: C4m
Wolf A4 is Hungry
Wolf A4m is chasing: B2f
Wolf A4 m is ready to mate
No Female Wolf Partner or Female Wolf Partner not ready yet!
Wolf A5 is Hungry
Wolf A5m is chasing: B2f
Wolf A5 m is ready to mate
No Female Wolf Partner or Female Wolf Partner not ready yet!
Wolf B0 is Thirsty
Wolf B0drank water
Rabbit B5 is Thirsty
Rabbit B5 drank water
Rabbit B5 m is ready to mate
Rabbit B5 m is approaching partner: Rabbit B3f
Rabbit C2 is Thirsty
Rabbit C2 drank water
Rabbit C2 is Hungry
Rabbit C2 m is ready to mate
Rabbit C2 m is approaching partner: Rabbit B4f
Rabbit B2 is Thirsty
Rabbit B2 drank water
Rabbit B2 is Hungry
Rabbit B2 f is ready to mate
Rabbit B4 is Thirsty
Rabbit B4 drank water
Rabbit B4f is running away from: LionB4
Rabbit B4 f is ready to mate
Rabbit C2 is Thirsty
Rabbit C2 drank water
Rabbit C2 is Hungry
Rabbit C2 f is ready to mate
Rabbit B2 f is ready to mate
Rabbit A4 is Thirsty
Rabbit A4 drank water
Rabbit A4 m is ready to mate
Rabbit A4 m is approaching partner: Rabbit B0f
Rabbit A5 is Thirsty
Rabbit A5 drank water
Rabbit A5 is Hungry
Rabbit A5 f is ready to mate
Rabbit A0 is Thirsty
Rabbit A0 drank water
Rabbit A0 m is ready to mate
Rabbit A0 m is approaching partner: Rabbit B3f
Rabbit B1 f was born!Father is A0 and Mother is B3
Rabbit A4 is Thirsty
Rabbit A4 drank water
Rabbit A4 f is ready to mate
Rabbit B3 is Thirsty
Rabbit B3 drank water
Rabbit B3 is Hungry
Rabbit B3f ate
Rabbit C4 is Hungry
Rabbit C4m ate
Rabbit C4 m is ready to mate
Rabbit C4 m is approaching partner: Rabbit B4f
Rabbit C3 f was born!Father is C4 and Mother is B4
Rabbit C3 is Thirsty
Rabbit C3 drank water
Rabbit C3 m is ready to mate
Rabbit C3 m is approaching partner: Rabbit A4f
Rabbit B0 is Thirsty
Rabbit B0 drank water
Rabbit B0 is Hungry
Rabbit B0 f is ready to mate
Rabbit B1 is Thirsty
Rabbit B1 drank water
Rabbit B1 m is ready to mate
Rabbit B1 m is approaching partner: Rabbit B0f
Rabbit C1 f was born!Father is B1 and Mother is B0
Lion B4 is Hungry
LionB4mis chasing: B4f
Lion B4 m is ready to mate
Lion C4f ate: C3f
Lion C4 f is ready to mate
Lion C3 is Hungry
LionC3mis chasing: C2m
Lion C3 m is ready to mate
Lion C2 is Hungry
LionC2mis chasing: C2m
Lion C2 m is ready to mate
Wolf C3 is Thirsty
Wolf C3drank water
Wolf C3 m is ready to mate
No Female Wolf Partner or Female Wolf Partner not ready yet!
Wolf A1 is Hungry
Wolf A1f is chasing: C3f
Wolf A4 is Hungry
Wolf A4m is chasing: B2f
Wolf A4 m is ready to mate
No Female Wolf Partner or Female Wolf Partner not ready yet!
Wolf A5 is Hungry
Wolf A5m is chasing: B2f
Wolf A5 m is ready to mate
No Female Wolf Partner or Female Wolf Partner not ready yet!
Wolf B0 is Thirsty
Wolf B0drank water
Rabbit B5 is Thirsty
Rabbit B5 drank water
Rabbit B5 is Hungry
Rabbit B5m ate
Rabbit B5 m is ready to mate
Rabbit B5 m is approaching partner: Rabbit A5f
Rabbit C2 is Thirsty
Rabbit C2 drank water
Rabbit C2m is running away from: LionB4
Rabbit C2 is Hungry
Rabbit C2m ate
Rabbit C2 m is ready to mate
Rabbit C2 m is approaching partner: Rabbit B2f
Rabbit B2 is Thirsty
Rabbit B2 drank water
Rabbit B2 is Hungry
Rabbit B2f ate
Rabbit B2 f is ready to mate
Rabbit B4 is Thirsty
Rabbit B4 drank water
Rabbit B4f is running away from: LionB4
Rabbit C2 is Thirsty
Rabbit C2 drank water
Rabbit C2 is Hungry
Rabbit C2 f is ready to mate
Rabbit B2 f is ready to mate
Rabbit A4 is Thirsty
Rabbit A4 drank water
Rabbit A4 m is ready to mate
Rabbit A4 m is approaching partner: Rabbit A5f
Rabbit A5 is Thirsty
Rabbit A5 drank water
Rabbit A5 is Hungry
Rabbit A5 f is ready to mate
Rabbit A0 is Thirsty
Rabbit A0 drank water
Rabbit A0 m is ready to mate
Rabbit A0 m is approaching partner: Rabbit A5f
Rabbit A4 is Thirsty
Rabbit A4 drank water
Rabbit A4 f is ready to mate
Rabbit B3 is Thirsty
Rabbit B3 drank water
Rabbit C4 is Thirsty
Rabbit C4 drank water
Rabbit C4 m is ready to mate
Rabbit C4 m is approaching partner: Rabbit B2f
Rabbit C3 is Thirsty
Rabbit C3 drank water
Rabbit C3 m is ready to mate
Rabbit C3 m is approaching partner: Rabbit A4f
Rabbit B0 is Thirsty
Rabbit B0 drank water
Rabbit B0 is Hungry
Rabbit B1 is Thirsty
Rabbit B1 drank water
Rabbit B1 is Hungry
Rabbit B1 m is ready to mate
Rabbit B1 m is approaching partner: Rabbit A5f
Rabbit C3f is running away from: LionB4
Rabbit C3f is running away from: WolfA1
Lion B4m ate: B4f
Lion B4 m is ready to mate
Lion C4 f is ready to mate
Lion C3 is Hungry
LionC3mis chasing: B4f
LionC3m ate: B4f
Lion C3 m is ready to mate
Lion C2 is Hungry
LionC2mis chasing: C2m
Lion C2 m is ready to mate
Wolf C3 m is ready to mate
No Female Wolf Partner or Female Wolf Partner not ready yet!
Wolf A1f is running away from: LionC4
Wolf A1 is Hungry
Wolf A1f is chasing: C3f
Wolf A4 is Hungry
Wolf A4m is chasing: B2f
Wolf A4 m is ready to mate
No Female Wolf Partner or Female Wolf Partner not ready yet!
Wolf A5 is Hungry
Wolf A5m is chasing: B2f
Wolf A5 m is ready to mate
No Female Wolf Partner or Female Wolf Partner not ready yet!
Wolf B0f is running away from: LionC4
Wolf B0 is Thirsty
Wolf B0drank water
Rabbit B5 is Thirsty
Rabbit B5 drank water
Rabbit B5 m is ready to mate
Rabbit B5 m is approaching partner: Rabbit A5f
Rabbit C2 is Thirsty
Rabbit C2 drank water
Rabbit C2 m is ready to mate
Rabbit C2 m is approaching partner: Rabbit B2f
Rabbit B2 is Thirsty
Rabbit B2 drank water
Rabbit B2f is running away from: WolfA5
Rabbit B2 f is ready to mate
Rabbit C2 is Thirsty
Rabbit C2 drank water
Rabbit C2 is Hungry
Rabbit C2 f is ready to mate
Rabbit B2 is Thirsty
Rabbit B2 drank water
Rabbit B2 is Hungry
Rabbit B2f ate
Rabbit B2 f is ready to mate
Rabbit A4 is Hungry
Rabbit A4m ate
Rabbit A4 m is ready to mate
Rabbit A4 m is approaching partner: Rabbit A5f
Rabbit A5 is Thirsty
Rabbit A5 drank water
Rabbit A5 is Hungry
RabbitA5f died of hunger
Rabbit A5 f is ready to mate
Rabbit A0 is Thirsty
Rabbit A0 drank water
Rabbit A0 is Hungry
Rabbit A0 m is ready to mate
Rabbit A0 m is approaching partner: Rabbit B2f
Rabbit A4 is Thirsty
Rabbit A4 drank water
Rabbit A4 is Hungry
Rabbit A4f ate
Rabbit A4 f is ready to mate
Rabbit B3 is Thirsty
Rabbit B3 drank water
Rabbit C4 is Thirsty
Rabbit C4 drank water
Rabbit C4 m is ready to mate
Rabbit C4 m is approaching partner: Rabbit B2f
Rabbit C3 is Thirsty
Rabbit C3 drank water
Rabbit C3 is Hungry
Rabbit C3 m is ready to mate
Rabbit C3 m is approaching partner: Rabbit A4f
Rabbit B0 is Thirsty
Rabbit B0 drank water
Rabbit B0 is Hungry
Rabbit B1 is Thirsty
Rabbit B1 drank water
Rabbit B1 is Hungry
Rabbit B1 m is ready to mate
Rabbit B1 m is approaching partner: Rabbit B2f
Rabbit C3f is running away from: LionC4
Rabbit C3f is running away from: WolfB0
Lion B4 m is ready to mate
Lion C4 f is ready to mate
Lion C3 m is ready to mate
Lion C2 is Hungry
LionC2mis chasing: C3f
LionC2m ate: C3f
Lion C2 m is ready to mate
Wolf C3 m is ready to mate
No Female Wolf Partner or Female Wolf Partner not ready yet!
Wolf A1f is running away from: LionC4
Wolf A1 is Hungry
Wolf A1f is chasing: C2m
Wolf A4 is Hungry
Wolf A4m is chasing: B2f
Wolf A4 m is ready to mate
No Female Wolf Partner or Female Wolf Partner not ready yet!
Wolf A5 is Hungry
Wolf A5m is chasing: B2f
Wolf A5 m is ready to mate
No Female Wolf Partner or Female Wolf Partner not ready yet!
Wolf B0f is running away from: LionC4
Wolf B0 is Thirsty
Wolf B0drank water
Rabbit B5 is Thirsty
Rabbit B5 drank water
Rabbit B5 m is ready to mate
Rabbit B5 m is approaching partner: Rabbit B2f
Rabbit C2 is Thirsty
Rabbit C2 drank water
Rabbit C2m is running away from: LionC2
Rabbit C2 m is ready to mate
Rabbit C2 m is approaching partner: Rabbit B2f
Rabbit B2 f is ready to mate
Rabbit C2 is Thirsty
Rabbit C2 drank water
Rabbit C2 is Hungry
Rabbit C2 f is ready to mate
Rabbit B2 is Thirsty
Rabbit B2 drank water
Rabbit B2f is running away from: WolfC3
Rabbit B2 f is ready to mate
Rabbit A4 m is ready to mate
Rabbit A4 m is approaching partner: Rabbit B2f
Rabbit A0 is Thirsty
Rabbit A0 drank water
Rabbit A0 is Hungry
Rabbit A0 m is ready to mate
Rabbit A0 m is approaching partner: Rabbit B2f
Rabbit A4 is Thirsty
Rabbit A4 drank water
Rabbit A4 f is ready to mate
Rabbit B3 is Thirsty
Rabbit B3 drank water
Rabbit B3 is Hungry
Rabbit C4 is Thirsty
Rabbit C4 drank water
Rabbit C4 is Hungry
Rabbit C4 m is ready to mate
Rabbit C4 m is approaching partner: Rabbit B2f
Rabbit C3 is Thirsty
Rabbit C3 drank water
Rabbit C3 is Hungry
Rabbit C3 m is ready to mate
Rabbit C3 m is approaching partner: Rabbit A4f
Rabbit B0 is Thirsty
Rabbit B0 drank water
Rabbit B0 is Hungry
Rabbit B1 is Thirsty
Rabbit B1 drank water
Rabbit B1 is Hungry
Rabbit B1 m is ready to mate
Rabbit B1 m is approaching partner: Rabbit B2f
Rabbit B1 is Hungry
Rabbit B1f ate
Rabbit C1 is Hungry
Lion B4 m is ready to mate
Lion C4f ate: A1f
Lion C4 f is ready to mate
Lion C3 m is ready to mate
Lion C2 m is ready to mate
Wolf C3 m is ready to mate
No Female Wolf Partner or Female Wolf Partner not ready yet!
Wolf A1f is running away from: LionB4
Wolf A1 is Hungry
Wolf A1f is chasing: C2m
Wolf A4 is Hungry
Wolf A4m is chasing: B2f
Wolf A4 m is ready to mate
No Female Wolf Partner or Female Wolf Partner not ready yet!
Wolf A5 is Hungry
Wolf A5m is chasing: B2f
Wolf A5 m is ready to mate
No Female Wolf Partner or Female Wolf Partner not ready yet!
Wolf B0f is running away from: LionC4
Wolf B0 is Thirsty
Wolf B0drank water
Rabbit B5 is Thirsty
Rabbit B5 drank water
Rabbit B5 is Hungry
Rabbit B5 m is ready to mate
Rabbit B5 m is approaching partner: Rabbit B2f
Rabbit C2 is Thirsty
Rabbit C2 drank water
Rabbit C2m is running away from: LionC2
Rabbit C2 is Hungry
Rabbit C2m ate
Rabbit C2 m is ready to mate
Rabbit C2 m is approaching partner: Rabbit C2f
Rabbit B2 is Hungry
Rabbit B2f ate
Rabbit B2 f is ready to mate
Rabbit C2 is Thirsty
Rabbit C2 drank water
Rabbit C2 is Hungry
Rabbit C2 f is ready to mate
Rabbit B2 is Thirsty
Rabbit B2 drank water
Rabbit B2f is running away from: WolfC3
Rabbit B2 f is ready to mate
Rabbit A4 m is ready to mate
Rabbit A4 m is approaching partner: Rabbit B2f
Rabbit A0 is Thirsty
Rabbit A0 drank water
Rabbit A0 is Hungry
Rabbit A0 m is ready to mate
Rabbit A0 m is approaching partner: Rabbit B2f
Rabbit A4 is Thirsty
Rabbit A4 drank water
Rabbit A4 f is ready to mate
Rabbit B3 is Thirsty
Rabbit B3 drank water
Rabbit B3 is Hungry
Rabbit C4m is running away from: WolfB0
Rabbit C4 is Hungry
Rabbit C4m ate
Rabbit C4 m is ready to mate
Rabbit C4 m is approaching partner: Rabbit B2f
Rabbit C3 is Thirsty
Rabbit C3 drank water
Rabbit C3 is Hungry
Rabbit C3 m is ready to mate
Rabbit C3 m is approaching partner: Rabbit A4f
Rabbit B0 is Thirsty
Rabbit B0 drank water
Rabbit B0 is Hungry
RabbitB0f died of hunger
Rabbit B1 is Thirsty
Rabbit B1 drank water
Rabbit B1 is Hungry
Rabbit B1 m is ready to mate
Rabbit B1 m is approaching partner: Rabbit B2f
Rabbit C1 is Hungry
Rabbit C1f ate
Lion B4 is Thirsty
Lion B4 drank water
Lion B4 m is ready to mate
Lion B3 f was born!Father is B4 and Mother is C4
Lion C4 is Thirsty
Lion C4 drank water
Lion C3 is Thirsty
Lion C3 drank water
Lion C3 m is ready to mate
No Female Lion Partner or Female Lion partners are not ready to mate Yet!
Lion C2 is Thirsty
Lion C2 drank water
Lion C2 m is ready to mate
No Female Lion Partner or Female Lion partners are not ready to mate Yet!
Wolf C3 m is ready to mate
No Female Wolf Partner or Female Wolf Partner not ready yet!
Wolf A1f is running away from: LionC4
Wolf A1 is Hungry
Wolf A1f is chasing: A0m
Wolf A1 is Thirsty
Wolf A1drank water
Wolf A4 is Hungry
Wolf A4m is chasing: B2f
Wolf A4 is Thirsty
Wolf A4drank water
Wolf A4 m is ready to mate
No Female Wolf Partner or Female Wolf Partner not ready yet!
Wolf A5 is Hungry
Wolf A5m is chasing: B2f
Wolf A5 m is ready to mate
No Female Wolf Partner or Female Wolf Partner not ready yet!
Wolf B0f is running away from: LionC2
Wolf B0 is Thirsty
Wolf B0drank water
Rabbit B5 is Thirsty
Rabbit B5 drank water
Rabbit B5 is Hungry
Rabbit B5 m is ready to mate
Rabbit B5 m is approaching partner: Rabbit B2f
Rabbit C2 is Thirsty
Rabbit C2 drank water
Rabbit C2 m is ready to mate
Rabbit C2 m is approaching partner: Rabbit C2f
Rabbit B2 f is ready to mate
Rabbit C2 is Thirsty
Rabbit C2 drank water
Rabbit C2 is Hungry
Rabbit C2 f is ready to mate
Rabbit B2 is Thirsty
Rabbit B2 drank water
Rabbit B2f is running away from: WolfC3
Rabbit B2 is Hungry
Rabbit B2 f is ready to mate
Rabbit A4 is Hungry
Rabbit A4 m is ready to mate
Rabbit A4 m is approaching partner: Rabbit B2f
Rabbit A0 is Thirsty
Rabbit A0 drank water
Rabbit A0 is Hungry
Rabbit A0m ate
Rabbit A0 m is ready to mate
Rabbit A0 m is approaching partner: Rabbit B2f
Rabbit A4 is Thirsty
Rabbit A4 drank water
Rabbit A4 is Hungry
Rabbit A4 f is ready to mate
Rabbit B3 is Thirsty
Rabbit B3 drank water
Rabbit B3 is Hungry
Rabbit C4 m is ready to mate
Rabbit C4 m is approaching partner: Rabbit B2f
Rabbit C3 is Thirsty
Rabbit C3 drank water
Rabbit C3 is Hungry
Rabbit C3 m is ready to mate
Rabbit C3 m is approaching partner: Rabbit A4f
Rabbit B1 is Thirsty
Rabbit B1 drank water
Rabbit B1 is Hungry
Rabbit B1 m is ready to mate
Rabbit B1 m is approaching partner: Rabbit B2f
Lion B4 is Thirsty
Lion B4 drank water
Lion B4 m is ready to mate
No Female Lion Partner or Female Lion partners are not ready to mate Yet!
Lion C4 is Thirsty
Lion C4 drank water
Lion C3 is Thirsty
Lion C3 drank water
Lion C3m ate: C2m
Lion C3 m is ready to mate
No Female Lion Partner or Female Lion partners are not ready to mate Yet!
Lion C2 is Thirsty
Lion C2 drank water
Lion C2m ate: C2m
Lion C2 m is ready to mate
No Female Lion Partner or Female Lion partners are not ready to mate Yet!
Wolf C3 m is ready to mate
No Female Wolf Partner or Female Wolf Partner not ready yet!
Wolf A1f is running away from: LionC4
Wolf A1 is Hungry
Wolf A1f is chasing: A0m
Wolf A4 is Hungry
Wolf A4m is chasing: C2f
Wolf A4 m is ready to mate
No Female Wolf Partner or Female Wolf Partner not ready yet!
Wolf A5 is Hungry
Wolf A5m is chasing: B2f
Wolf A5 is Thirsty
Wolf A5drank water
Wolf A5 m is ready to mate
No Female Wolf Partner or Female Wolf Partner not ready yet!
Wolf B0f is running away from: LionB4
Wolf B0 is Thirsty
Wolf B0drank water
Rabbit B5 is Thirsty
Rabbit B5 drank water
Rabbit B5 is Hungry
Rabbit B5 m is ready to mate
Rabbit B5 m is approaching partner: Rabbit B2f
Rabbit C2m is running away from: LionC3
Rabbit C2 m is ready to mate
Rabbit C2 m is approaching partner: Rabbit C2f
Rabbit B2 f is ready to mate
Rabbit C2 is Thirsty
Rabbit C2 drank water
Rabbit C2 is Hungry
Rabbit C2 f is ready to mate
Rabbit B2 is Thirsty
Rabbit B2 drank water
Rabbit B2f is running away from: WolfC3
Rabbit B2 is Hungry
Rabbit B2f ate
Rabbit B2 f is ready to mate
Rabbit A4 is Hungry
Rabbit A4 m is ready to mate
Rabbit A4 m is approaching partner: Rabbit B2f
Rabbit A0 is Thirsty
Rabbit A0 drank water
Rabbit A0 m is ready to mate
Rabbit A0 m is approaching partner: Rabbit B2f
Rabbit A4 is Thirsty
Rabbit A4 drank water
Rabbit A4 is Hungry
Rabbit A4 f is ready to mate
Rabbit B3 is Thirsty
Rabbit B3 drank water
Rabbit B3 is Hungry
Rabbit C4 m is ready to mate
Rabbit C4 m is approaching partner: Rabbit B2f
Rabbit C3 is Thirsty
Rabbit C3 drank water
Rabbit C3 is Hungry
Rabbit C3 m is ready to mate
Rabbit C3 m is approaching partner: Rabbit B2f
Rabbit B1 is Thirsty
Rabbit B1 drank water
Rabbit B1 is Hungry
Rabbit B1 m is ready to mate
Rabbit B1 m is approaching partner: Rabbit B2f
Rabbit B1 is Hungry
Lion B4 is Thirsty
Lion B4 drank water
Lion B4 m is ready to mate
No Female Lion Partner or Female Lion partners are not ready to mate Yet!
Lion C4 is Thirsty
Lion C4 drank water
Lion C3 is Thirsty
Lion C3 drank water
Lion C3 m is ready to mate
No Female Lion Partner or Female Lion partners are not ready to mate Yet!
Lion C2 is Thirsty
Lion C2 drank water
Lion C2 m is ready to mate
No Female Lion Partner or Female Lion partners are not ready to mate Yet!
Wolf C3 m is ready to mate
No Female Wolf Partner or Female Wolf Partner not ready yet!
Wolf A1 is Hungry
Wolf A1f is chasing: A0m
Wolf A4 is Hungry
Wolf A4m is chasing: C2f
Wolf A4 m is ready to mate
No Female Wolf Partner or Female Wolf Partner not ready yet!
Wolf A5 is Hungry
Wolf A5m is chasing: B2f
Wolf A5 m is ready to mate
No Female Wolf Partner or Female Wolf Partner not ready yet!
Wolf B0f is running away from: LionB3
Wolf B0 is Thirsty
Wolf B0drank water
Rabbit B5 is Thirsty
Rabbit B5 drank water
Rabbit B5 is Hungry
Rabbit B5 m is ready to mate
Rabbit B5 m is approaching partner: Rabbit B2f
Rabbit C2m is running away from: LionC2
Rabbit C2 is Hungry
Rabbit C2m ate
Rabbit C2 m is ready to mate
Rabbit C2 m is approaching partner: Rabbit C2f
Rabbit B2 is Hungry
Rabbit B2f ate
Rabbit B2 f is ready to mate
Rabbit C2 is Thirsty
Rabbit C2 drank water
Rabbit C2 is Hungry
RabbitC2f died of hunger
Rabbit C2 f is ready to mate
Rabbit B2 is Thirsty
Rabbit B2 drank water
Rabbit B2f is running away from: WolfC3
Rabbit B2 f is ready to mate
Rabbit A4 is Hungry
Rabbit A4 m is ready to mate
Rabbit A4 m is approaching partner: Rabbit B2f
Rabbit A0 is Thirsty
Rabbit A0 drank water
Rabbit A0 m is ready to mate
Rabbit A0 m is approaching partner: Rabbit B2f
Rabbit A4 is Thirsty
Rabbit A4 drank water
Rabbit A4f is running away from: WolfC3
Rabbit A4 is Hungry
Rabbit A4 f is ready to mate
Rabbit B3 is Thirsty
Rabbit B3 drank water
Rabbit B3 is Hungry
Rabbit C4m is running away from: LionB3
Rabbit C4 is Hungry
Rabbit C4 m is ready to mate
Rabbit C4 m is approaching partner: Rabbit B2f
Rabbit C3 is Thirsty
Rabbit C3 drank water
Rabbit C3 is Hungry
Rabbit C3 m is ready to mate
Rabbit C3 m is approaching partner: Rabbit B2f
Rabbit B1 is Thirsty
Rabbit B1 drank water
Rabbit B1 is Hungry
Rabbit B1 m is ready to mate
Rabbit B1 m is approaching partner: Rabbit B2f
Rabbit B1 is Thirsty
Rabbit B1 drank water
Rabbit B1 is Hungry
Rabbit C1 is Thirsty
Rabbit C1 drank water
Rabbit C1 is Hungry
Rabbit C1f ate
Lion B4 is Thirsty
Lion B4 drank water
Lion B4 m is ready to mate
No Female Lion Partner or Female Lion partners are not ready to mate Yet!
Lion C3 m is ready to mate
No Female Lion Partner or Female Lion partners are not ready to mate Yet!
Lion C2 is Thirsty
Lion C2 drank water
Lion C2 m is ready to mate
No Female Lion Partner or Female Lion partners are not ready to mate Yet!
Wolf C3 m is ready to mate
No Female Wolf Partner or Female Wolf Partner not ready yet!
Wolf A1 is Hungry
Wolf A1f is chasing: B1f
Wolf A4 is Hungry
Wolf A4m is chasing: B2f
Wolf A4 m is ready to mate
No Female Wolf Partner or Female Wolf Partner not ready yet!
Wolf A5 is Hungry
Wolf A5m is chasing: B2f
Wolf A5 m is ready to mate
No Female Wolf Partner or Female Wolf Partner not ready yet!
Wolf B0f is running away from: LionC3
Wolf B0 is Thirsty
Wolf B0drank water
Rabbit B5 is Thirsty
Rabbit B5 drank water
Rabbit B5 is Hungry
Rabbit B5 m is ready to mate
Rabbit B5 m is approaching partner: Rabbit B2f
Rabbit C2 m is ready to mate
Rabbit C2 m is approaching partner: Rabbit B2f
Rabbit B2 f is ready to mate
Rabbit B2 is Thirsty
Rabbit B2 drank water
Rabbit B2f is running away from: WolfC3
Rabbit B2 f is ready to mate
Rabbit A4 is Thirsty
Rabbit A4 drank water
Rabbit A4 is Hungry
Rabbit A4 m is ready to mate
Rabbit A4 m is approaching partner: Rabbit B2f
Rabbit A0 is Thirsty
Rabbit A0 drank water
Rabbit A0 is Hungry
Rabbit A0m ate
Rabbit A0 m is ready to mate
Rabbit A0 m is approaching partner: Rabbit B2f
Rabbit A4 is Thirsty
Rabbit A4 drank water
Rabbit A4f is running away from: WolfC3
Rabbit A4 is Hungry
Rabbit A4 f is ready to mate
Rabbit B3 is Thirsty
Rabbit B3 drank water
Rabbit B3 is Hungry
Rabbit B3 f is ready to mate
Rabbit C4 is Hungry
Rabbit C4 m is ready to mate
Rabbit C4 m is approaching partner: Rabbit B3f
Rabbit C3 is Thirsty
Rabbit C3 drank water
Rabbit C3 is Hungry
Rabbit C3 m is ready to mate
Rabbit C3 m is approaching partner: Rabbit B3f
Rabbit B1 is Thirsty
Rabbit B1 drank water
Rabbit B1 is Hungry
Rabbit B1 m is ready to mate
Rabbit B1 m is approaching partner: Rabbit B3f
Rabbit B1 is Thirsty
Rabbit B1 drank water
Rabbit B1 is Hungry
Rabbit B1 f is ready to mate
Rabbit C1 is Thirsty
Rabbit C1 drank water
Lion B4 is Thirsty
Lion B4 drank water
Lion B4 m is ready to mate
No Female Lion Partner or Female Lion partners are not ready to mate Yet!
Lion C3 m is ready to mate
No Female Lion Partner or Female Lion partners are not ready to mate Yet!
Lion C2 m is ready to mate
No Female Lion Partner or Female Lion partners are not ready to mate Yet!
Wolf C3m ate!
Wolf C3 m is ready to mate
No Female Wolf Partner or Female Wolf Partner not ready yet!
Wolf A1f is running away from: LionC4
Wolf A1 is Hungry
Wolf A1f is chasing: A0m
Wolf A4 is Hungry
Wolf A4m is chasing: B2f
Wolf A4 m is ready to mate
No Female Wolf Partner or Female Wolf Partner not ready yet!
Wolf A5 is Hungry
Wolf A5m is chasing: B2f
Wolf A5 m is ready to mate
No Female Wolf Partner or Female Wolf Partner not ready yet!
Wolf B0 is Hungry
Wolf B0f is chasing: C4m
Wolf B0 is Thirsty
Wolf B0drank water
Rabbit B5 is Thirsty
Rabbit B5 drank water
Rabbit B5 is Hungry
Rabbit B5 m is ready to mate
Rabbit B5 m is approaching partner: Rabbit B1f
Rabbit C2 m is ready to mate
Rabbit C2 m is approaching partner: Rabbit B1f
Rabbit B2 is Thirsty
Rabbit B2 drank water
Rabbit B2f is running away from: WolfA5
Rabbit B2 f is ready to mate
Rabbit B2 is Thirsty
Rabbit B2 drank water
Rabbit B2f is running away from: WolfC3
Rabbit B2 is Hungry
Rabbit B2 f is ready to mate
Rabbit A4 is Thirsty
Rabbit A4 drank water
Rabbit A4 is Hungry
Rabbit A4 m is ready to mate
Rabbit A4 m is approaching partner: Rabbit B3f
Rabbit A4 m was born!Father is A4 and Mother is B3
Rabbit A0 is Thirsty
Rabbit A0 drank water
Rabbit A0 m is ready to mate
Rabbit A0 m is approaching partner: Rabbit B1f
Rabbit B3 is Thirsty
Rabbit B3 drank water
Rabbit B3 is Hungry
Rabbit C4m is running away from: LionB3
Rabbit C4 is Hungry
Rabbit C4 m is ready to mate
Rabbit C4 m is approaching partner: Rabbit B1f
Rabbit C3 is Thirsty
Rabbit C3 drank water
Rabbit C3 is Hungry
Rabbit C3m ate
Rabbit C3 m is ready to mate
Rabbit C3 m is approaching partner: Rabbit B1f
Rabbit B1 is Thirsty
Rabbit B1 drank water
Rabbit B1 is Hungry
Rabbit B1 m is ready to mate
Rabbit B1 m is approaching partner: Rabbit B1f
Rabbit B1 is Thirsty
Rabbit B1 drank water
Rabbit B1 is Hungry
Rabbit B1 f is ready to mate
Rabbit C1 is Thirsty
Rabbit C1 drank water
Rabbit C1 f is ready to mate
Lion B4 m is ready to mate
No Female Lion Partner or Female Lion partners are not ready to mate Yet!
Lion C3 m is ready to mate
No Female Lion Partner or Female Lion partners are not ready to mate Yet!
Lion C2 m is ready to mate
No Female Lion Partner or Female Lion partners are not ready to mate Yet!
Wolf C3 m is ready to mate
No Female Wolf Partner or Female Wolf Partner not ready yet!
Wolf A1 is Hungry
Wolf A1f is chasing: A0m
Wolf A4 is Hungry
Wolf A4m is chasing: B2f
Wolf A4 m is ready to mate
No Female Wolf Partner or Female Wolf Partner not ready yet!
Wolf A5 is Hungry
Wolf A5m is chasing: B2f
Wolf A5 m is ready to mate
No Female Wolf Partner or Female Wolf Partner not ready yet!
Wolf B0f is running away from: LionC3
Wolf B0 is Hungry
Wolf B0f is chasing: C4m
Wolf B0f ate!
Wolf B0 is Thirsty
Wolf B0drank water
Rabbit B5 is Thirsty
Rabbit B5 drank water
Rabbit B5 is Hungry
Rabbit B5 m is ready to mate
Rabbit B5 m is approaching partner: Rabbit C1f
Rabbit C5 f was born!Father is B5 and Mother is C1
Rabbit C2m is running away from: LionC2
Rabbit C2 is Hungry
Rabbit C2m ate
Rabbit C2 m is ready to mate
Rabbit C2 m is approaching partner: Rabbit B1f
Rabbit B2 is Thirsty
Rabbit B2 drank water
Rabbit B2f is running away from: WolfA5
Rabbit B2 is Hungry
Rabbit B2f ate
Rabbit B2 f is ready to mate
Rabbit B2 is Thirsty
Rabbit B2 drank water
Rabbit B2f is running away from: WolfC3
Rabbit B2 is Hungry
Rabbit B2 f is ready to mate
Rabbit A4 is Thirsty
Rabbit A4 drank water
Rabbit A4 is Hungry
Rabbit A4 m is ready to mate
Rabbit A4 m is approaching partner: Rabbit B1f
Rabbit A0 is Thirsty
Rabbit A0 drank water
Rabbit A0 m is ready to mate
Rabbit A0 m is approaching partner: Rabbit B1f
Rabbit B1 f was born!Father is A0 and Mother is B1
Rabbit B3 is Thirsty
Rabbit B3 drank water
Rabbit B3 is Hungry
Rabbit C3 m is ready to mate
Rabbit C3 m is approaching partner: Rabbit B2f
Rabbit B1 is Thirsty
Rabbit B1 drank water
Rabbit B1 is Hungry
RabbitB1m died of hunger
Rabbit B1 m is ready to mate
Rabbit B1 m is approaching partner: Rabbit B2f
Rabbit B1 is Thirsty
Rabbit B1 drank water
Rabbit B1 is Hungry
Rabbit C1 is Thirsty
Rabbit C1 drank water
Rabbit C1 is Hungry
Lion B4 m is ready to mate
No Female Lion Partner or Female Lion partners are not ready to mate Yet!
Lion C3 m is ready to mate
No Female Lion Partner or Female Lion partners are not ready to mate Yet!
Lion C2 m is ready to mate
No Female Lion Partner or Female Lion partners are not ready to mate Yet!
Wolf C3 is Thirsty
Wolf C3drank water
Wolf C3 m is ready to mate
No Female Wolf Partner or Female Wolf Partner not ready yet!
Wolf A1 is Hungry
Wolf A1f is chasing: B1f
Wolf A1f ate!
Wolf A4 is Hungry
Wolf A4m is chasing: B2f
Wolf A4 m is ready to mate
No Female Wolf Partner or Female Wolf Partner not ready yet!
Wolf A5m ate!
Wolf A5 m is ready to mate
No Female Wolf Partner or Female Wolf Partner not ready yet!
Wolf B0 is Thirsty
Wolf B0drank water
Rabbit B5 is Thirsty
Rabbit B5 drank water
Rabbit B5 is Hungry
Rabbit B5 m is ready to mate
Rabbit B5 m is approaching partner: Rabbit B2f
Rabbit C2 m is ready to mate
Rabbit C2 m is approaching partner: Rabbit B2f
Rabbit B2 is Thirsty
Rabbit B2 drank water
Rabbit B2f is running away from: WolfC3
Rabbit B2 is Hungry
Rabbit B2 f is ready to mate
Rabbit A4 is Thirsty
Rabbit A4 drank water
Rabbit A4 is Hungry
Rabbit A4m ate
Rabbit A4 m is ready to mate
Rabbit A4 m is approaching partner: Rabbit B2f
Rabbit A0 is Thirsty
Rabbit A0 drank water
Rabbit A0 is Hungry
Rabbit A0 m is ready to mate
Rabbit A0 m is approaching partner: Rabbit B2f
Rabbit B3 is Thirsty
Rabbit B3 drank water
Rabbit B3 is Hungry
Rabbit C3 m is ready to mate
Rabbit C3 m is approaching partner: Rabbit B2f
Rabbit B1 is Thirsty
Rabbit B1 drank water
Rabbit B1 is Hungry
Rabbit C1 is Thirsty
Rabbit C1 drank water
Rabbit C1 is Hungry
Lion B4 m is ready to mate
No Female Lion Partner or Female Lion partners are not ready to mate Yet!
Lion C3 m is ready to mate
No Female Lion Partner or Female Lion partners are not ready to mate Yet!
Lion C2 m is ready to mate
No Female Lion Partner or Female Lion partners are not ready to mate Yet!
Wolf C3 m is ready to mate
No Female Wolf Partner or Female Wolf Partner not ready yet!
Wolf A4 is Hungry
Wolf A4m is chasing: A0m
Wolf A4 m is ready to mate
No Female Wolf Partner or Female Wolf Partner not ready yet!
Wolf A5 m is ready to mate
No Female Wolf Partner or Female Wolf Partner not ready yet!
Wolf B0f is running away from: LionB3
Wolf B0 is Thirsty
Wolf B0drank water
Rabbit B5 is Thirsty
Rabbit B5 drank water
Rabbit B5 is Hungry
Rabbit B5 m is ready to mate
Rabbit B5 m is approaching partner: Rabbit B2f
Rabbit C2 is Thirsty
Rabbit C2 drank water
Rabbit C2 m is ready to mate
Rabbit C2 m is approaching partner: Rabbit B2f
Rabbit B2 is Thirsty
Rabbit B2 drank water
Rabbit B2f is running away from: WolfC3
Rabbit B2 is Hungry
Rabbit B2 f is ready to mate
Rabbit A4 is Thirsty
Rabbit A4 drank water
Rabbit A4 m is ready to mate
Rabbit A4 m is approaching partner: Rabbit B2f
Rabbit A0 is Thirsty
Rabbit A0 drank water
Rabbit A0m is running away from: WolfA1
Rabbit A0 is Hungry
Rabbit A0 m is ready to mate
Rabbit A0 m is approaching partner: Rabbit B2f
Rabbit B3 is Thirsty
Rabbit B3 drank water
Rabbit B3 is Hungry
RabbitB3f died of hunger
Rabbit C3 is Hungry
Rabbit C3m ate
Rabbit C3 m is ready to mate
Rabbit C3 m is approaching partner: Rabbit B2f
Rabbit B1 is Thirsty
Rabbit B1 drank water
Rabbit B1 is Hungry
Rabbit C1 is Thirsty
Rabbit C1 drank water
Rabbit C1 is Hungry
Rabbit A4 is Hungry
Lion B4 m is ready to mate
No Female Lion Partner or Female Lion partners are not ready to mate Yet!
Lion C3 m is ready to mate
No Female Lion Partner or Female Lion partners are not ready to mate Yet!
Lion C2 m is ready to mate
No Female Lion Partner or Female Lion partners are not ready to mate Yet!
Wolf C3 m is ready to mate
No Female Wolf Partner or Female Wolf Partner not ready yet!
Wolf A4 is Hungry
Wolf A4m is chasing: A0m
Wolf A4 m is ready to mate
No Female Wolf Partner or Female Wolf Partner not ready yet!
Wolf A5 m is ready to mate
No Female Wolf Partner or Female Wolf Partner not ready yet!
Wolf B0f is running away from: LionC3
Wolf B0 is Thirsty
Wolf B0drank water
Rabbit B5 is Thirsty
Rabbit B5 drank water
Rabbit B5 is Hungry
RabbitB5m died of hunger
Rabbit B5 m is ready to mate
Rabbit B5 m is approaching partner: Rabbit B2f
Rabbit C2 is Thirsty
Rabbit C2 drank water
Rabbit C2 is Hungry
Rabbit C2 m is ready to mate
Rabbit C2 m is approaching partner: Rabbit B2f
Rabbit B2 is Thirsty
Rabbit B2 drank water
Rabbit B2f is running away from: WolfC3
Rabbit B2 is Hungry
Rabbit B2 f is ready to mate
Rabbit A4 is Thirsty
Rabbit A4 drank water
Rabbit A4 m is ready to mate
Rabbit A4 m is approaching partner: Rabbit B2f
Rabbit A0 is Thirsty
Rabbit A0 drank water
Rabbit A0 is Hungry
Rabbit A0 m is ready to mate
Rabbit A0 m is approaching partner: Rabbit B2f
Rabbit C3 m is ready to mate
Rabbit C3 m is approaching partner: Rabbit B2f
Rabbit B1 is Thirsty
Rabbit B1 drank water
Rabbit B1 is Hungry
Rabbit C1 is Thirsty
Rabbit C1 drank water
Rabbit C1 is Hungry
Rabbit C1f ate
Rabbit A4 is Hungry
Rabbit C5 is Hungry
Lion B4 m is ready to mate
No Female Lion Partner or Female Lion partners are not ready to mate Yet!
Lion C3 m is ready to mate
No Female Lion Partner or Female Lion partners are not ready to mate Yet!
Lion C2 m is ready to mate
No Female Lion Partner or Female Lion partners are not ready to mate Yet!
Wolf C3 m is ready to mate
No Female Wolf Partner or Female Wolf Partner not ready yet!
Wolf A4 is Hungry
Wolf A4m is chasing: B1f
Wolf A4 m is ready to mate
No Female Wolf Partner or Female Wolf Partner not ready yet!
Wolf A5 m is ready to mate
No Female Wolf Partner or Female Wolf Partner not ready yet!
Rabbit C2 is Thirsty
Rabbit C2 drank water
Rabbit C2 is Hungry
Rabbit C2 m is ready to mate
Rabbit C2 m is approaching partner: Rabbit B2f
Rabbit B2 is Thirsty
Rabbit B2 drank water
Rabbit B2f is running away from: WolfC3
Rabbit B2 is Hungry
Rabbit B2 f is ready to mate
Rabbit A4 is Thirsty
Rabbit A4 drank water
Rabbit A4 is Hungry
Rabbit A4 m is ready to mate
Rabbit A4 m is approaching partner: Rabbit B2f
Rabbit A0 is Thirsty
Rabbit A0 drank water
Rabbit A0 is Hungry
Rabbit A0 m is ready to mate
Rabbit A0 m is approaching partner: Rabbit B2f
Rabbit C3 m is ready to mate
Rabbit C3 m is approaching partner: Rabbit B2f
Rabbit B1 is Thirsty
Rabbit B1 drank water
Rabbit B1 is Hungry
Rabbit C1 is Thirsty
Rabbit C1 drank water
Rabbit A4 is Hungry
Rabbit C5 is Hungry
Lion B4 m is ready to mate
No Female Lion Partner or Female Lion partners are not ready to mate Yet!
Lion C3 m is ready to mate
No Female Lion Partner or Female Lion partners are not ready to mate Yet!
Lion C2 m is ready to mate
No Female Lion Partner or Female Lion partners are not ready to mate Yet!
Wolf C3 m is ready to mate
No Female Wolf Partner or Female Wolf Partner not ready yet!
Wolf A1 is Thirsty
Wolf A1drank water
Wolf A4m is running away from: LionB4
Wolf A4 is Hungry
Wolf A4m is chasing: B1f
Wolf A4 is Thirsty
Wolf A4drank water
Wolf A4 m is ready to mate
No Female Wolf Partner or Female Wolf Partner not ready yet!
Wolf A5 m is ready to mate
No Female Wolf Partner or Female Wolf Partner not ready yet!
Rabbit C2 is Thirsty
Rabbit C2 drank water
Rabbit C2 is Hungry
Rabbit C2 m is ready to mate
Rabbit C2 m is approaching partner: Rabbit B2f
Rabbit B2 is Thirsty
Rabbit B2 drank water
Rabbit B2f is running away from: WolfC3
Rabbit B2 is Hungry
Rabbit B2 f is ready to mate
Rabbit A4 is Thirsty
Rabbit A4 drank water
Rabbit A4 is Hungry
Rabbit A4 m is ready to mate
Rabbit A4 m is approaching partner: Rabbit B2f
Rabbit A0 is Thirsty
Rabbit A0 drank water
Rabbit A0 is Hungry
Rabbit A0 m is ready to mate
Rabbit A0 m is approaching partner: Rabbit B2f
Rabbit C3 is Hungry
Rabbit C3m ate
Rabbit C3 m is ready to mate
Rabbit C3 m is approaching partner: Rabbit B2f
Rabbit B1 is Thirsty
Rabbit B1 drank water
Rabbit B1 is Hungry
RabbitB1f died of hunger
Rabbit C1 is Thirsty
Rabbit C1 drank water
Rabbit A4 is Hungry
Rabbit C5 is Hungry
Lion B4 m is ready to mate
No Female Lion Partner or Female Lion partners are not ready to mate Yet!
Lion C3 m is ready to mate
No Female Lion Partner or Female Lion partners are not ready to mate Yet!
Lion C2 m is ready to mate
No Female Lion Partner or Female Lion partners are not ready to mate Yet!
Wolf C3 m is ready to mate
No Female Wolf Partner or Female Wolf Partner not ready yet!
Wolf A1f is running away from: LionC4
Wolf A1 is Thirsty
Wolf A1drank water
Wolf A4 is Hungry
Wolf A4m is chasing: C1f
Wolf A4 m is ready to mate
No Female Wolf Partner or Female Wolf Partner not ready yet!
Wolf A5 is Thirsty
Wolf A5drank water
Wolf A5 m is ready to mate
No Female Wolf Partner or Female Wolf Partner not ready yet!
Rabbit C2 is Thirsty
Rabbit C2 drank water
Rabbit C2 is Hungry
Rabbit C2 m is ready to mate
Rabbit C2 m is approaching partner: Rabbit B2f
Rabbit B2 is Thirsty
Rabbit B2 drank water
Rabbit B2 is Hungry
Rabbit B2 f is ready to mate
Rabbit A4 is Hungry
Rabbit A4m ate
Rabbit A4 m is ready to mate
Rabbit A4 m is approaching partner: Rabbit B2f
Rabbit A0 is Thirsty
Rabbit A0 drank water
Rabbit A0 is Hungry
Rabbit A0 m is ready to mate
Rabbit A0 m is approaching partner: Rabbit B2f
Rabbit C3 is Thirsty
Rabbit C3 drank water
Rabbit C3 m is ready to mate
Rabbit C3 m is approaching partner: Rabbit B2f
Rabbit C1 is Thirsty
Rabbit C1 drank water
Rabbit C1 is Hungry
Rabbit A4 is Thirsty
Rabbit A4 drank water
Rabbit A4 is Hungry
Rabbit C5 is Hungry
Lion B4 is Hungry
LionB4mis chasing: A4m
LionB4m ate: A4m
Lion B4 m is ready to mate
No Female Lion Partner or Female Lion partners are not ready to mate Yet!
Lion C3 m is ready to mate
No Female Lion Partner or Female Lion partners are not ready to mate Yet!
Lion C2 m is ready to mate
No Female Lion Partner or Female Lion partners are not ready to mate Yet!
Wolf C3 m is ready to mate
No Female Wolf Partner or Female Wolf Partner not ready yet!
Wolf A1f is running away from: LionC4
Wolf A1 is Thirsty
Wolf A1drank water
Wolf A5 is Thirsty
Wolf A5drank water
Wolf A5 m is ready to mate
No Female Wolf Partner or Female Wolf Partner not ready yet!
Rabbit C2 is Thirsty
Rabbit C2 drank water
Rabbit C2 is Hungry
Rabbit C2 m is ready to mate
Rabbit C2 m is approaching partner: Rabbit B2f
Rabbit B2 is Thirsty
Rabbit B2 drank water
Rabbit B2f is running away from: WolfC3
Rabbit B2 is Hungry
Rabbit B2 f is ready to mate
Rabbit A4 m is ready to mate
Rabbit A4 m is approaching partner: Rabbit B2f
Rabbit A0 is Thirsty
Rabbit A0 drank water
Rabbit A0 is Hungry
Rabbit A0 m is ready to mate
Rabbit A0 m is approaching partner: Rabbit B2f
Rabbit C3 is Thirsty
Rabbit C3 drank water
Rabbit C3 m is ready to mate
Rabbit C3 m is approaching partner: Rabbit B2f
Rabbit C1 is Hungry
Rabbit A4 is Thirsty
Rabbit A4 drank water
Rabbit A4 is Hungry
Rabbit C5 is Thirsty
Rabbit C5 drank water
Rabbit C5 is Hungry
Lion B4 m is ready to mate
No Female Lion Partner or Female Lion partners are not ready to mate Yet!
Lion C3 m is ready to mate
No Female Lion Partner or Female Lion partners are not ready to mate Yet!
Lion C2 m is ready to mate
No Female Lion Partner or Female Lion partners are not ready to mate Yet!
Wolf C3 m is ready to mate
No Female Wolf Partner or Female Wolf Partner not ready yet!
Wolf A1f is running away from: LionC4
Wolf A1 is Thirsty
Wolf A1drank water
Wolf A5 is Thirsty
Wolf A5drank water
Wolf A5 m is ready to mate
No Female Wolf Partner or Female Wolf Partner not ready yet!
Rabbit C2 is Thirsty
Rabbit C2 drank water
Rabbit C2 is Hungry
Rabbit C2 m is ready to mate
Rabbit C2 m is approaching partner: Rabbit B2f
Rabbit B2 is Thirsty
Rabbit B2 drank water
Rabbit B2f is running away from: WolfC3
Rabbit B2 is Hungry
RabbitB2f died of hunger
Rabbit B2 f is ready to mate
Rabbit A4 m is ready to mate
Not enough female Rabbits or Female Rabbit partners are not ready yet!
Rabbit A0 is Thirsty
Rabbit A0 drank water
Rabbit A0 is Hungry
Rabbit A0m ate
Rabbit A0 m is ready to mate
Not enough female Rabbits or Female Rabbit partners are not ready yet!
Rabbit C3 is Thirsty
Rabbit C3 drank water
Rabbit C3 is Hungry
Rabbit C3 m is ready to mate
Not enough female Rabbits or Female Rabbit partners are not ready yet!
Rabbit C1 is Hungry
Rabbit A4 is Thirsty
Rabbit A4 drank water
Rabbit A4 is Hungry
Rabbit C5 is Thirsty
Rabbit C5 drank water
Rabbit C5 is Hungry
Lion B4 m is ready to mate
No Female Lion Partner or Female Lion partners are not ready to mate Yet!
Lion C4 is Hungry
LionC4fis chasing: A1f
LionC4f ate: A1f
Lion C3 m is ready to mate
No Female Lion Partner or Female Lion partners are not ready to mate Yet!
Lion C2 m is ready to mate
No Female Lion Partner or Female Lion partners are not ready to mate Yet!
Wolf C3 m is ready to mate
No Female Wolf Partner or Female Wolf Partner not ready yet!
Wolf A5 is Thirsty
Wolf A5drank water
Wolf A5 m is ready to mate
No Female Wolf Partner or Female Wolf Partner not ready yet!
Wolf B0 f is ready to mate
rabbit C2m Died of Old Age
Rabbit C2 is Thirsty
Rabbit C2 drank water
Rabbit C2 is Hungry
Rabbit C2 m is ready to mate
Not enough female Rabbits or Female Rabbit partners are not ready yet!
rabbit A4m Died of Old Age
Rabbit A4 is Hungry
Rabbit A4m ate
Rabbit A4 m is ready to mate
Not enough female Rabbits or Female Rabbit partners are not ready yet!
rabbit A0m Died of Old Age
Rabbit A0 is Thirsty
Rabbit A0 drank water
Rabbit A0 m is ready to mate
Not enough female Rabbits or Female Rabbit partners are not ready yet!
rabbit C3m Died of Old Age
Rabbit C3 is Thirsty
Rabbit C3 drank water
Rabbit C3 is Hungry
Rabbit C3m ate
Rabbit C3 m is ready to mate
Not enough female Rabbits or Female Rabbit partners are not ready yet!
Rabbit C1 is Hungry
Rabbit A4 is Thirsty
Rabbit A4 drank water
Rabbit A4 is Hungry
Rabbit C5 is Thirsty
Rabbit C5 drank water
Rabbit C5 is Hungry
Lion B4 m is ready to mate
No Female Lion Partner or Female Lion partners are not ready to mate Yet!
Lion C3 m is ready to mate
No Female Lion Partner or Female Lion partners are not ready to mate Yet!
Lion C2 m is ready to mate
No Female Lion Partner or Female Lion partners are not ready to mate Yet!
Lion B3 is Hungry
LionB3fis chasing: C5f
Wolf C3 m is ready to mate
Wolf A5 m is ready to mate
Wolf B0 f is ready to mate
Rabbit C1 is Hungry
Rabbit A4 is Thirsty
Rabbit A4 drank water
Rabbit A4 is Hungry
Rabbit C5 is Thirsty
Rabbit C5 drank water
Rabbit C5 is Hungry
Lion B4 m is ready to mate
No Female Lion Partner or Female Lion partners are not ready to mate Yet!
Lion C3 is Hungry
LionC3mis chasing: B0f
Lion C3 m is ready to mate
No Female Lion Partner or Female Lion partners are not ready to mate Yet!
Lion C2 is Hungry
LionC2mis chasing: B0f
Lion C2 m is ready to mate
No Female Lion Partner or Female Lion partners are not ready to mate Yet!
Lion B3 is Hungry
LionB3fis chasing: A5m
Wolf C3 is Thirsty
Wolf C3drank water
Wolf C3 m is ready to mate
Wolf A5 m is ready to mate
Wolf B0 f is ready to mate
Rabbit C1 is Hungry
Rabbit A4 is Thirsty
Rabbit A4 drank water
Rabbit A4m is running away from: LionC4
Rabbit A4 is Hungry
RabbitA4m died of hunger
Rabbit A4 m is ready to mate
Not enough female Rabbits or Female Rabbit partners are not ready yet!
Rabbit C5 is Thirsty
Rabbit C5 drank water
Rabbit C5 is Hungry
Lion B4m ate: A5m
Lion B4 m is ready to mate
No Female Lion Partner or Female Lion partners are not ready to mate Yet!
Lion C3 is Hungry
LionC3mis chasing: B0f
LionC3m ate: B0f
Lion C3 m is ready to mate
No Female Lion Partner or Female Lion partners are not ready to mate Yet!
Lion C2 is Hungry
LionC2mis chasing: C5f
LionC2m ate: C5f
Lion C2 m is ready to mate
No Female Lion Partner or Female Lion partners are not ready to mate Yet!
Lion B3 is Hungry
LionB3fis chasing: A5m
LionB3f ate: A5m
Wolf C3 m is ready to mate
No Female Wolf Partner or Female Wolf Partner not ready yet!
Rabbit C1 is Hungry
Rabbit C1 f is ready to mate
Lion B4 m is ready to mate
No Female Lion Partner or Female Lion partners are not ready to mate Yet!
Lion C3 m is ready to mate
No Female Lion Partner or Female Lion partners are not ready to mate Yet!
Lion C2 m is ready to mate
No Female Lion Partner or Female Lion partners are not ready to mate Yet!
Wolf C3 m is ready to mate
No Female Wolf Partner or Female Wolf Partner not ready yet!
Rabbit C1 is Thirsty
Rabbit C1 drank water
Rabbit C1 is Hungry
Rabbit C1 f is ready to mate
Lion B4 m is ready to mate
No Female Lion Partner or Female Lion partners are not ready to mate Yet!
Lion C3 m is ready to mate
No Female Lion Partner or Female Lion partners are not ready to mate Yet!
Lion C2 m is ready to mate
No Female Lion Partner or Female Lion partners are not ready to mate Yet!
Wolf C3 is Hungry
Wolf C3m is chasing: C1f
Wolf C3 m is ready to mate
No Female Wolf Partner or Female Wolf Partner not ready yet!
Rabbit C1 is Hungry
Rabbit C1 f is ready to mate
Lion B4 m is ready to mate
No Female Lion Partner or Female Lion partners are not ready to mate Yet!
Lion C3 m is ready to mate
No Female Lion Partner or Female Lion partners are not ready to mate Yet!
Lion C2 m is ready to mate
No Female Lion Partner or Female Lion partners are not ready to mate Yet!
Lion B3 is Thirsty
Lion B3 drank water
Wolf C3 is Hungry
Wolf C3m is chasing: C1f
Wolf C3 m is ready to mate
No Female Wolf Partner or Female Wolf Partner not ready yet!
Rabbit C1f is running away from: LionC2
Rabbit C1 is Hungry
RabbitC1f died of hunger
Rabbit C1 f is ready to mate
Lion B4 m is ready to mate
No Female Lion Partner or Female Lion partners are not ready to mate Yet!
Lion C3 m is ready to mate
No Female Lion Partner or Female Lion partners are not ready to mate Yet!
Lion C2 m is ready to mate
No Female Lion Partner or Female Lion partners are not ready to mate Yet!
Lion B3 is Thirsty
Lion B3 drank water
Wolf C3 is Hungry
WolfC3m died of hunger
Wolf C3 m is ready to mate
No Female Wolf Partner or Female Wolf Partner not ready yet!
Lion B4 m is ready to mate
No Female Lion Partner or Female Lion partners are not ready to mate Yet!
Lion C4 is Thirsty
Lion C4 drank water
Lion C3 is Thirsty
Lion C3 drank water
Lion C3 m is ready to mate
No Female Lion Partner or Female Lion partners are not ready to mate Yet!
Lion C2 m is ready to mate
No Female Lion Partner or Female Lion partners are not ready to mate Yet!
Lion B3 is Thirsty
Lion B3 drank water
Lion B4 m is ready to mate
No Female Lion Partner or Female Lion partners are not ready to mate Yet!
Lion C4 is Thirsty
Lion C4 drank water
Lion C3 m is ready to mate
No Female Lion Partner or Female Lion partners are not ready to mate Yet!
Lion C2 is Thirsty
Lion C2 drank water
Lion C2 m is ready to mate
No Female Lion Partner or Female Lion partners are not ready to mate Yet!
Lion B3 is Thirsty
Lion B3 drank water
Lion B4 is Thirsty
Lion B4 drank water
Lion B4 m is ready to mate
No Female Lion Partner or Female Lion partners are not ready to mate Yet!
Lion C4 is Thirsty
Lion C4 drank water
Lion C3 m is ready to mate
No Female Lion Partner or Female Lion partners are not ready to mate Yet!
Lion C2 m is ready to mate
No Female Lion Partner or Female Lion partners are not ready to mate Yet!
Lion B3 is Thirsty
Lion B3 drank water
Lion B4 m is ready to mate
No Female Lion Partner or Female Lion partners are not ready to mate Yet!
Lion C4 is Thirsty
Lion C4 drank water
Lion C3 m is ready to mate
No Female Lion Partner or Female Lion partners are not ready to mate Yet!
Lion C2 m is ready to mate
No Female Lion Partner or Female Lion partners are not ready to mate Yet!
Lion B4 m is ready to mate
No Female Lion Partner or Female Lion partners are not ready to mate Yet!
Lion C4 is Thirsty
Lion C4 drank water
Lion C3 m is ready to mate
No Female Lion Partner or Female Lion partners are not ready to mate Yet!
Lion C2 m is ready to mate
No Female Lion Partner or Female Lion partners are not ready to mate Yet!
Lion B4 m is ready to mate
No Female Lion Partner or Female Lion partners are not ready to mate Yet!
Lion C4 is Thirsty
Lion C4 drank water
Lion C3 m is ready to mate
No Female Lion Partner or Female Lion partners are not ready to mate Yet!
Lion C2 m is ready to mate
No Female Lion Partner or Female Lion partners are not ready to mate Yet!
Lion B4 m is ready to mate
No Female Lion Partner or Female Lion partners are not ready to mate Yet!
Lion C3 m is ready to mate
No Female Lion Partner or Female Lion partners are not ready to mate Yet!
Lion C2 m is ready to mate
No Female Lion Partner or Female Lion partners are not ready to mate Yet!
Lion B4 m is ready to mate
No Female Lion Partner or Female Lion partners are not ready to mate Yet!
Lion C4 is Hungry
LionC4f died of hunger
Lion C3 m is ready to mate
No Female Lion Partner or Female Lion partners are not ready to mate Yet!
Lion C2 m is ready to mate
No Female Lion Partner or Female Lion partners are not ready to mate Yet!
Lion B4 m is ready to mate
No Female Lion Partner or Female Lion partners are not ready to mate Yet!
Lion C3 m is ready to mate
No Female Lion Partner or Female Lion partners are not ready to mate Yet!
Lion C2 m is ready to mate
No Female Lion Partner or Female Lion partners are not ready to mate Yet!
Lion B4 m is ready to mate
No Female Lion Partner or Female Lion partners are not ready to mate Yet!
Lion C3 m is ready to mate
No Female Lion Partner or Female Lion partners are not ready to mate Yet!
Lion C2 m is ready to mate
No Female Lion Partner or Female Lion partners are not ready to mate Yet!
Lion B4 is Hungry
LionB4m died of hunger
Lion B4 m is ready to mate
No Female Lion Partner or Female Lion partners are not ready to mate Yet!
Lion C3 is Hungry
LionC3m died of hunger
Lion C3 m is ready to mate
No Female Lion Partner or Female Lion partners are not ready to mate Yet!
Lion C2 is Hungry
LionC2m died of hunger
Lion C2 m is ready to mate
No Female Lion Partner or Female Lion partners are not ready to mate Yet!
Lion B3 is Hungry
LionB3f died of hunger
