Wolf A5f is running away from: LionA5
Wolf B1m is running away from: LionA1
Wolf C1f is running away from: LionB5
Wolf B0f is running away from: LionA5
Rabbit B3m is running away from: LionA1
Rabbit B3m is running away from: WolfB1
Rabbit B3 is Hungry
Rabbit B3m ate
Rabbit B3 m is ready to mate
Not enough female Rabbits or Female Rabbit partners are not ready yet!
Rabbit C5f is running away from: LionA5
Rabbit C5f is running away from: WolfB0
Rabbit C5 is Hungry
Rabbit C5f ate
Rabbit C5 f is ready to mate
Rabbit C1m is running away from: LionC1
Rabbit C1m is running away from: WolfB1
Rabbit C1 is Hungry
Rabbit C1m ate
Rabbit C1 m is ready to mate
Rabbit C1 m is approaching partner: Rabbit C5f
Rabbit B0f is running away from: LionA5
Rabbit B0f is running away from: WolfB0
Rabbit B0 is Hungry
Rabbit B0f ate
Rabbit B0 f is ready to mate
Rabbit B4f is running away from: LionA5
Rabbit B4f is running away from: WolfB1
Rabbit B4 is Hungry
Rabbit B4f ate
Rabbit B4 f is ready to mate
Rabbit B1m is running away from: LionB5
Rabbit B1m is running away from: WolfC1
Rabbit B1 is Hungry
Rabbit B1m ate
Rabbit B1 m is ready to mate
Rabbit B1 m is approaching partner: Rabbit C5f
Rabbit B3m is running away from: LionA5
Rabbit B3m is running away from: WolfA5
Rabbit B3 is Hungry
Rabbit B3m ate
Rabbit B3 m is ready to mate
Rabbit B3 m is approaching partner: Rabbit B4f
Rabbit C1m is running away from: LionA5
Rabbit C1m is running away from: WolfB0
Rabbit C1 is Hungry
Rabbit C1m ate
Rabbit C1 m is ready to mate
Rabbit C1 m is approaching partner: Rabbit B4f
Rabbit A0m is running away from: LionB5
Rabbit A0m is running away from: WolfC1
Rabbit A0 is Hungry
Rabbit A0m ate
Rabbit A0 m is ready to mate
Rabbit A0 m is approaching partner: Rabbit B0f
Rabbit A3m is running away from: LionA1
Rabbit A3m is running away from: WolfB1
Rabbit A3 is Hungry
Rabbit A3m ate
Rabbit A3 m is ready to mate
Rabbit A3 m is approaching partner: Rabbit B4f
Rabbit A2f is running away from: LionA5
Rabbit A2f is running away from: WolfA5
Rabbit A2 is Hungry
Rabbit A2f ate
Rabbit A2 f is ready to mate
Rabbit B3f is running away from: LionA1
Rabbit B3f is running away from: WolfB1
Rabbit B3 is Hungry
Rabbit B3f ate
Rabbit B3 f is ready to mate
Rabbit C4m is running away from: LionC1
Rabbit C4m is running away from: WolfC1
Rabbit C4 is Hungry
Rabbit C4m ate
Rabbit C4 m is ready to mate
Rabbit C4 m is approaching partner: Rabbit B3f
Rabbit C3f is running away from: LionB5
Rabbit C3f is running away from: WolfC1
Rabbit C3 is Hungry
Rabbit C3f ate
Rabbit C3 f is ready to mate
Rabbit A2m is running away from: LionA1
Rabbit A2m is running away from: WolfB1
Rabbit A2 is Hungry
Rabbit A2m ate
Rabbit A2 m is ready to mate
Rabbit A2 m is approaching partner: Rabbit B3f
Wolf A5f is running away from: LionA5
Wolf A5 is Hungry
Wolf A5f is chasing: A2f
Wolf B1m is running away from: LionA1
Wolf B1 is Hungry
Wolf B1m is chasing: B4f
Wolf C1f is running away from: LionC1
Wolf C1 is Hungry
Wolf C1f is chasing: C4m
Wolf B0f is running away from: LionA5
Wolf B0 is Hungry
Wolf B0f is chasing: A2f
Rabbit B3m is running away from: LionA1
Rabbit B3m is running away from: WolfB1
Rabbit B3 is Hungry
Rabbit B3 m is ready to mate
Rabbit B3 m is approaching partner: Rabbit B3f
Rabbit C5f is running away from: LionA5
Rabbit C5f is running away from: WolfA5
Rabbit C5 is Hungry
Rabbit C5f ate
Rabbit C5 f is ready to mate
Rabbit C1m is running away from: LionB5
Rabbit C1m is running away from: WolfB1
Rabbit C1 is Hungry
Rabbit C1m ate
Rabbit C1 m is ready to mate
Rabbit C1 m is approaching partner: Rabbit B3f
Rabbit B0f is running away from: LionA5
Rabbit B0f is running away from: WolfA5
Rabbit B0 is Hungry
Rabbit B0 f is ready to mate
Rabbit B4f is running away from: LionA5
Rabbit B4f is running away from: WolfB1
Rabbit B4 is Hungry
Rabbit B4f ate
Rabbit B4 f is ready to mate
Rabbit B1m is running away from: LionA5
Rabbit B1m is running away from: WolfA5
Rabbit B1 is Hungry
Rabbit B1m ate
Rabbit B1 m is ready to mate
Rabbit B1 m is approaching partner: Rabbit C3f
Rabbit B3m is running away from: LionA5
Rabbit B3m is running away from: WolfA5
Rabbit B3 is Hungry
Rabbit B3m ate
Rabbit B3 m is ready to mate
Rabbit B3 m is approaching partner: Rabbit B4f
Rabbit C1m is running away from: LionA5
Rabbit C1m is running away from: WolfC1
Rabbit C1 is Hungry
Rabbit C1m ate
Rabbit C1 m is ready to mate
Rabbit C1 m is approaching partner: Rabbit C3f
Rabbit A0m is running away from: LionB5
Rabbit A0m is running away from: WolfC1
Rabbit A0 is Hungry
Rabbit A0 m is ready to mate
Rabbit A0 m is approaching partner: Rabbit C3f
Rabbit A3m is running away from: LionA1
Rabbit A3m is running away from: WolfB1
Rabbit A3 is Hungry
Rabbit A3 m is ready to mate
Rabbit A3 m is approaching partner: Rabbit B3f
Rabbit A2f is running away from: LionA5
Rabbit A2f is running away from: WolfB0
Rabbit A2 is Hungry
Rabbit A2f ate
Rabbit A2 f is ready to mate
Rabbit B3f is running away from: LionA1
Rabbit B3f is running away from: WolfB1
Rabbit B3 is Hungry
Rabbit B3f ate
Rabbit B3 f is ready to mate
Rabbit C4m is running away from: LionA1
Rabbit C4m is running away from: WolfC1
Rabbit C4 is Hungry
Rabbit C4m ate
Rabbit C4 m is ready to mate
Rabbit C4 m is approaching partner: Rabbit B3f
Rabbit C3f is running away from: LionA5
Rabbit C3f is running away from: WolfC1
Rabbit C3 is Hungry
Rabbit C3f ate
Rabbit C3 f is ready to mate
Rabbit A2m is running away from: LionA1
Rabbit A2m is running away from: WolfB1
Rabbit A2 is Hungry
Rabbit A2 m is ready to mate
Rabbit A2 m is approaching partner: Rabbit B3f
Lion C1f ate: C1f
Wolf A5f is running away from: LionA5
Wolf A5 is Hungry
Wolf A5f is chasing: A2f
Wolf B1m is running away from: LionA5
Wolf B1 is Hungry
Wolf B1m is chasing: B4f
Wolf C1f is running away from: LionC1
Wolf C1 is Hungry
Wolf C1f is chasing: C4m
Wolf B0f is running away from: LionA5
Wolf B0 is Hungry
Wolf B0f is chasing: A2f
Rabbit B3m is running away from: LionA1
Rabbit B3m is running away from: WolfB1
Rabbit B3 is Hungry
Rabbit B3m ate
Rabbit B3 m is ready to mate
Rabbit B3 m is approaching partner: Rabbit B3f
Rabbit C5f is running away from: LionA5
Rabbit C5f is running away from: WolfB0
Rabbit C5 is Hungry
Rabbit C5f ate
Rabbit C5 f is ready to mate
Rabbit C1m is running away from: LionA1
Rabbit C1m is running away from: WolfB1
Rabbit C1 is Hungry
Rabbit C1m ate
Rabbit C1 m is ready to mate
Rabbit C1 m is approaching partner: Rabbit B4f
Rabbit B0f is running away from: LionA5
Rabbit B0f is running away from: WolfB0
Rabbit B0 is Hungry
Rabbit B0 f is ready to mate
Rabbit B4f is running away from: LionA5
Rabbit B4f is running away from: WolfB1
Rabbit B4 is Hungry
Rabbit B4f ate
Rabbit B4 f is ready to mate
Rabbit B1m is running away from: LionA5
Rabbit B1m is running away from: WolfC1
Rabbit B1 is Hungry
Rabbit B1m ate
Rabbit B1 m is ready to mate
Rabbit B1 m is approaching partner: Rabbit C3f
Rabbit B3m is running away from: LionA5
Rabbit B3m is running away from: WolfA5
Rabbit B3 is Hungry
Rabbit B3m ate
Rabbit B3 m is ready to mate
Rabbit B3 m is approaching partner: Rabbit B4f
Rabbit C1m is running away from: LionA5
Rabbit C1m is running away from: WolfA5
Rabbit C1 is Hungry
Rabbit C1m ate
Rabbit C1 m is ready to mate
Rabbit C1 m is approaching partner: Rabbit C3f
Rabbit A0m is running away from: LionA5
Rabbit A0m is running away from: WolfC1
Rabbit A0 is Hungry
Rabbit A0 m is ready to mate
Rabbit A0 m is approaching partner: Rabbit C3f
Rabbit A3m is running away from: LionA1
Rabbit A3m is running away from: WolfB1
Rabbit A3 is Hungry
Rabbit A3 m is ready to mate
Rabbit A3 m is approaching partner: Rabbit B3f
Rabbit A2f is running away from: LionA5
Rabbit A2f is running away from: WolfB0
Rabbit A2 is Hungry
Rabbit A2 f is ready to mate
Rabbit B3f is running away from: LionA1
Rabbit B3f is running away from: WolfB1
Rabbit B3 is Hungry
Rabbit B3f ate
Rabbit B3 f is ready to mate
Rabbit C4m is running away from: LionA1
Rabbit C4m is running away from: WolfC1
Rabbit C4 is Hungry
Rabbit C4m ate
Rabbit C4 m is ready to mate
Rabbit C4 m is approaching partner: Rabbit B3f
Rabbit A3 m was born!Father is C4 and Mother is B3
Rabbit C3f is running away from: LionA5
Rabbit C3f is running away from: WolfA5
Rabbit C3 is Hungry
Rabbit C3f ate
Rabbit C3 f is ready to mate
Rabbit A2m is running away from: LionA1
Rabbit A2m is running away from: WolfB1
Rabbit A2 is Hungry
Rabbit A2 m is ready to mate
Rabbit A2 m is approaching partner: Rabbit B4f
Wolf A5f is running away from: LionA5
Wolf A5 is Hungry
Wolf A5f is chasing: A2f
Wolf B1m is running away from: LionA5
Wolf B1 is Hungry
Wolf B1m is chasing: B4f
Wolf C1f is running away from: LionC1
Wolf C1 is Hungry
Wolf C1f is chasing: C4m
Wolf B0f is running away from: LionA5
Wolf B0 is Hungry
Wolf B0f is chasing: A2f
Wolf B0f ate!
Rabbit B3m is running away from: LionA1
Rabbit B3m is running away from: WolfB1
Rabbit B3 is Hungry
Rabbit B3 m is ready to mate
Rabbit B3 m is approaching partner: Rabbit B4f
Rabbit C5f is running away from: LionA5
Rabbit C5f is running away from: WolfB0
Rabbit C5 is Hungry
Rabbit C5f ate
Rabbit C5 f is ready to mate
Rabbit C1m is running away from: LionA5
Rabbit C1m is running away from: WolfB1
Rabbit C1 is Hungry
Rabbit C1 m is ready to mate
Rabbit C1 m is approaching partner: Rabbit B4f
Rabbit B0f is running away from: LionA5
Rabbit B0f is running away from: WolfB0
Rabbit B0 is Hungry
Rabbit B0 f is ready to mate
Rabbit B4f is running away from: LionA5
Rabbit B4f is running away from: WolfB1
Rabbit B4 is Hungry
Rabbit B4f ate
Rabbit B4 f is ready to mate
Rabbit B1m is running away from: LionB5
Rabbit B1m is running away from: WolfA5
Rabbit B1 is Hungry
Rabbit B1 m is ready to mate
Rabbit B1 m is approaching partner: Rabbit C3f
Rabbit B3m is running away from: LionA5
Rabbit B3m is running away from: WolfA5
Rabbit B3 is Hungry
Rabbit B3m ate
Rabbit B3 m is ready to mate
Rabbit B3 m is approaching partner: Rabbit B4f
Rabbit C1m is running away from: LionA5
Rabbit C1m is running away from: WolfA5
Rabbit C1 is Hungry
Rabbit C1m ate
Rabbit C1 m is ready to mate
Rabbit C1 m is approaching partner: Rabbit C3f
Rabbit A0m is running away from: LionB5
Rabbit A0m is running away from: WolfC1
Rabbit A0 is Hungry
Rabbit A0 m is ready to mate
Rabbit A0 m is approaching partner: Rabbit C3f
Rabbit A3m is running away from: LionA1
Rabbit A3m is running away from: WolfB1
Rabbit A3 is Hungry
Rabbit A3 m is ready to mate
Rabbit A3 m is approaching partner: Rabbit B4f
Rabbit B3f is running away from: LionA1
Rabbit B3f is running away from: WolfB1
Rabbit B3 is Hungry
Rabbit B3f ate
Rabbit C4m is running away from: LionA1
Rabbit C4m is running away from: WolfC1
Rabbit C4 is Hungry
Rabbit C4m ate
Rabbit C4 m is ready to mate
Rabbit C4 m is approaching partner: Rabbit B4f
Rabbit C3f is running away from: LionB5
Rabbit C3f is running away from: WolfA5
Rabbit C3 is Hungry
Rabbit C3 f is ready to mate
Rabbit A2m is running away from: LionA1
Rabbit A2m is running away from: WolfB1
Rabbit A2 is Hungry
Rabbit A2 m is ready to mate
Rabbit A2 m is approaching partner: Rabbit B4f
Rabbit A3m is running away from: LionA1
Rabbit A3m is running away from: WolfB1
Rabbit A3 is Hungry
Rabbit A3m ate
Wolf A5f is running away from: LionA5
Wolf A5 is Hungry
WolfA5f died of hunger
Wolf A5f is chasing: C1m
Wolf B1m is running away from: LionA1
Wolf B1 is Hungry
WolfB1m died of hunger
Wolf B1m is chasing: C1m
Wolf C1f is running away from: LionC1
Wolf C1 is Hungry
WolfC1f died of hunger
Wolf C1f is chasing: A3m
Wolf B0f is running away from: LionA5
Rabbit B3m is running away from: LionA1
Rabbit B3m is running away from: WolfB0
Rabbit B3 is Hungry
Rabbit B3 m is ready to mate
Rabbit B3 m is approaching partner: Rabbit B4f
Rabbit C5f is running away from: LionA5
Rabbit C5f is running away from: WolfB0
Rabbit C5 is Hungry
Rabbit C5 f is ready to mate
Rabbit C1m is running away from: LionC1
Rabbit C1m is running away from: WolfB0
Rabbit C1 is Hungry
Rabbit C1 m is ready to mate
Rabbit C1 m is approaching partner: Rabbit B4f
Rabbit B0f is running away from: LionB5
Rabbit B0f is running away from: WolfB0
Rabbit B0 is Hungry
Rabbit B0 f is ready to mate
Rabbit B4f is running away from: LionA5
Rabbit B4f is running away from: WolfB0
Rabbit B4 is Hungry
Rabbit B4 f is ready to mate
Rabbit B1m is running away from: LionB5
Rabbit B1m is running away from: WolfB0
Rabbit B1 is Hungry
Rabbit B1m ate
Rabbit B1 m is ready to mate
Rabbit B1 m is approaching partner: Rabbit C3f
Rabbit B3m is running away from: LionA5
Rabbit B3m is running away from: WolfB0
Rabbit B3 is Hungry
Rabbit B3m ate
Rabbit B3 m is ready to mate
Rabbit B3 m is approaching partner: Rabbit B4f
Rabbit C1m is running away from: LionA5
Rabbit C1m is running away from: WolfB0
Rabbit C1 is Hungry
Rabbit C1 m is ready to mate
Rabbit C1 m is approaching partner: Rabbit C3f
Rabbit A0m is running away from: LionB5
Rabbit A0m is running away from: WolfB0
Rabbit A0 is Hungry
Rabbit A0m ate
Rabbit A0 m is ready to mate
Rabbit A0 m is approaching partner: Rabbit C3f
Rabbit C5 m was born!Father is A0 and Mother is C3
Rabbit A3m is running away from: LionA1
Rabbit A3m is running away from: WolfB0
Rabbit A3 is Hungry
Rabbit A3 m is ready to mate
Rabbit A3 m is approaching partner: Rabbit B4f
Rabbit B3f is running away from: LionC1
Rabbit B3f is running away from: WolfB0
Rabbit B3 is Hungry
Rabbit B3f ate
Rabbit C4m is running away from: LionA1
Rabbit C4m is running away from: WolfB0
Rabbit C4 is Hungry
Rabbit C4m ate
Rabbit C4 m is ready to mate
Rabbit C4 m is approaching partner: Rabbit B4f
Rabbit C3f is running away from: LionA5
Rabbit C3f is running away from: WolfB0
Rabbit C3 is Hungry
Rabbit C3f ate
Rabbit A2m is running away from: LionA1
Rabbit A2m is running away from: WolfB0
Rabbit A2 is Hungry
Rabbit A2 m is ready to mate
Rabbit A2 m is approaching partner: Rabbit B4f
Rabbit A3m is running away from: LionC1
Rabbit A3m is running away from: WolfB0
Rabbit A3 is Hungry
Rabbit A3m ate
Lion B5 is Hungry
LionB5fis chasing: C3f
Lion A1 is Hungry
LionA1fis chasing: B3f
Lion A5 is Hungry
LionA5mis chasing: B3m
Wolf B0f is running away from: LionA5
Wolf B0 is Hungry
Wolf B0f is chasing: C5m
Rabbit B3m is running away from: LionA1
Rabbit B3m is running away from: WolfB0
Rabbit B3 is Hungry
Rabbit B3 m is ready to mate
Rabbit B3 m is approaching partner: Rabbit B4f
Rabbit C5f is running away from: LionA5
Rabbit C5f is running away from: WolfB0
Rabbit C5 is Hungry
Rabbit C5 f is ready to mate
Rabbit C1m is running away from: LionC1
Rabbit C1m is running away from: WolfB0
Rabbit C1 is Hungry
Rabbit C1m ate
Rabbit C1 m is ready to mate
Rabbit C1 m is approaching partner: Rabbit B4f
Rabbit B0f is running away from: LionB5
Rabbit B0f is running away from: WolfB0
Rabbit B0 is Hungry
RabbitB0f died of hunger
Rabbit B0 f is ready to mate
Rabbit B4f is running away from: LionC1
Rabbit B4f is running away from: WolfB0
Rabbit B4 is Hungry
Rabbit B4 f is ready to mate
Rabbit B1m is running away from: LionB5
Rabbit B1m is running away from: WolfB0
Rabbit B1 is Hungry
Rabbit B1 m is ready to mate
Rabbit B1 m is approaching partner: Rabbit C5f
Rabbit B3m is running away from: LionA5
Rabbit B3m is running away from: WolfB0
Rabbit B3 is Hungry
Rabbit B3m ate
Rabbit B3 m is ready to mate
Rabbit B3 m is approaching partner: Rabbit B4f
Rabbit C1m is running away from: LionA5
Rabbit C1m is running away from: WolfB0
Rabbit C1 is Hungry
Rabbit C1 m is ready to mate
Rabbit C1 m is approaching partner: Rabbit C5f
Rabbit A0m is running away from: LionB5
Rabbit A0m is running away from: WolfB0
Rabbit A0 is Hungry
Rabbit A0m ate
Rabbit A0 m is ready to mate
Rabbit A0 m is approaching partner: Rabbit C5f
Rabbit A3m is running away from: LionA1
Rabbit A3m is running away from: WolfB0
Rabbit A3 is Hungry
RabbitA3m died of hunger
Rabbit A3 m is ready to mate
Rabbit A3 m is approaching partner: Rabbit B4f
Rabbit B3f is running away from: LionC1
Rabbit B3f is running away from: WolfB0
Rabbit B3 is Hungry
Rabbit B3f ate
Rabbit C4m is running away from: LionC1
Rabbit C4m is running away from: WolfB0
Rabbit C4 is Hungry
Rabbit C4 m is ready to mate
Rabbit C4 m is approaching partner: Rabbit B4f
Rabbit C3f is running away from: LionB5
Rabbit C3f is running away from: WolfB0
Rabbit C3 is Hungry
Rabbit A2m is running away from: LionA1
Rabbit A2m is running away from: WolfB0
Rabbit A2 is Hungry
RabbitA2m died of hunger
Rabbit A2 m is ready to mate
Rabbit A2 m is approaching partner: Rabbit B4f
Rabbit A3m is running away from: LionC1
Rabbit A3m is running away from: WolfB0
Rabbit A3 is Hungry
Rabbit A3m ate
Rabbit C5m is running away from: LionA5
Rabbit C5m is running away from: WolfB0
Rabbit C5 is Hungry
Lion B5 is Hungry
LionB5fis chasing: A3m
Lion A1 is Hungry
LionA1fis chasing: B3f
Lion A5 is Hungry
LionA5mis chasing: A3m
Wolf B0f is running away from: LionA5
Wolf B0 is Hungry
Wolf B0f is chasing: C5f
Rabbit B3m is running away from: LionA1
Rabbit B3m is running away from: WolfB0
Rabbit B3 is Hungry
Rabbit B3 m is ready to mate
Rabbit B3 m is approaching partner: Rabbit B4f
Rabbit C5f is running away from: LionA5
Rabbit C5f is running away from: WolfB0
Rabbit C5 is Hungry
Rabbit C5 f is ready to mate
Rabbit C1m is running away from: LionC1
Rabbit C1m is running away from: WolfB0
Rabbit C1 is Hungry
Rabbit C1 m is ready to mate
Rabbit C1 m is approaching partner: Rabbit B4f
Rabbit B4f is running away from: LionC1
Rabbit B4f is running away from: WolfB0
Rabbit B4 is Hungry
Rabbit B4f ate
Rabbit B4 f is ready to mate
Rabbit B1m is running away from: LionA5
Rabbit B1m is running away from: WolfB0
Rabbit B1 is Hungry
Rabbit B1 m is ready to mate
Rabbit B1 m is approaching partner: Rabbit C5f
Rabbit B3m is running away from: LionA5
Rabbit B3m is running away from: WolfB0
Rabbit B3 is Hungry
Rabbit B3m ate
Rabbit B3 m is ready to mate
Rabbit B3 m is approaching partner: Rabbit B4f
Rabbit C1m is running away from: LionA5
Rabbit C1m is running away from: WolfB0
Rabbit C1 is Hungry
Rabbit C1 m is ready to mate
Rabbit C1 m is approaching partner: Rabbit C5f
Rabbit A0m is running away from: LionA5
Rabbit A0m is running away from: WolfB0
Rabbit A0 is Hungry
Rabbit A0 m is ready to mate
Rabbit A0 m is approaching partner: Rabbit C5f
Rabbit B3f is running away from: LionA1
Rabbit B3f is running away from: WolfB0
Rabbit B3 is Hungry
Rabbit B3f ate
Rabbit B3 f is ready to mate
Rabbit C4m is running away from: LionC1
Rabbit C4m is running away from: WolfB0
Rabbit C4 is Hungry
Rabbit C4 m is ready to mate
Rabbit C4 m is approaching partner: Rabbit B4f
Rabbit B5 m was born!Father is C4 and Mother is B4
Rabbit C3f is running away from: LionB5
Rabbit C3f is running away from: WolfB0
Rabbit C3 is Hungry
Rabbit A3m is running away from: LionC1
Rabbit A3m is running away from: WolfB0
Rabbit A3 is Hungry
Rabbit A3m ate
Rabbit A3 m is ready to mate
Rabbit A3 m is approaching partner: Rabbit B3f
Rabbit C5m is running away from: LionA5
Rabbit C5m is running away from: WolfB0
Rabbit C5 is Hungry
Rabbit C5m ate
Lion C1 is Hungry
LionC1fis chasing: A3m
Lion C1 f is ready to mate
Lion B5 is Hungry
LionB5fis chasing: A3m
Lion B5 f is ready to mate
Lion A1 is Hungry
LionA1fis chasing: B3f
Lion A1 f is ready to mate
Lion A5 is Hungry
LionA5mis chasing: A3m
Lion A5 m is ready to mate
Wolf B0f is running away from: LionA5
Wolf B0 is Hungry
Wolf B0f is chasing: C5f
Rabbit B3m is running away from: LionA1
Rabbit B3m is running away from: WolfB0
Rabbit B3 is Hungry
RabbitB3m died of hunger
Rabbit B3 m is ready to mate
Rabbit B3 m is approaching partner: Rabbit B3f
Rabbit C5f is running away from: LionA5
Rabbit C5f is running away from: WolfB0
Rabbit C5 is Hungry
Rabbit C5 f is ready to mate
Rabbit C1m is running away from: LionC1
Rabbit C1m is running away from: WolfB0
Rabbit C1 is Hungry
Rabbit C1 m is ready to mate
Rabbit C1 m is approaching partner: Rabbit B3f
Rabbit B4f is running away from: LionC1
Rabbit B4f is running away from: WolfB0
Rabbit B4 is Hungry
Rabbit B4f ate
Rabbit B1m is running away from: LionA5
Rabbit B1m is running away from: WolfB0
Rabbit B1 is Hungry
Rabbit B1m ate
Rabbit B1 m is ready to mate
Rabbit B1 m is approaching partner: Rabbit C5f
Rabbit B3m is running away from: LionA5
Rabbit B3m is running away from: WolfB0
Rabbit B3 is Hungry
Rabbit B3m ate
Rabbit B3 m is ready to mate
Rabbit B3 m is approaching partner: Rabbit B3f
Rabbit C1m is running away from: LionA5
Rabbit C1m is running away from: WolfB0
Rabbit C1 is Hungry
Rabbit C1m ate
Rabbit C1 m is ready to mate
Rabbit C1 m is approaching partner: Rabbit C5f
Rabbit A0m is running away from: LionA5
Rabbit A0m is running away from: WolfB0
Rabbit A0 is Hungry
Rabbit A0 m is ready to mate
Rabbit A0 m is approaching partner: Rabbit C5f
Rabbit B3f is running away from: LionA1
Rabbit B3f is running away from: WolfB0
Rabbit B3 is Hungry
Rabbit B3f ate
Rabbit B3 f is ready to mate
Rabbit C4m is running away from: LionC1
Rabbit C4m is running away from: WolfB0
Rabbit C4 is Hungry
Rabbit C4m ate
Rabbit C4 m is ready to mate
Rabbit C4 m is approaching partner: Rabbit B3f
Rabbit C3f is running away from: LionA5
Rabbit C3f is running away from: WolfB0
Rabbit C3 is Hungry
Rabbit C3 f is ready to mate
Rabbit A3m is running away from: LionC1
Rabbit A3m is running away from: WolfB0
Rabbit A3 is Hungry
Rabbit A3m ate
Rabbit A3 m is ready to mate
Rabbit A3 m is approaching partner: Rabbit B3f
Rabbit C5m is running away from: LionA5
Rabbit C5m is running away from: WolfB0
Rabbit C5 is Hungry
Rabbit C5 m is ready to mate
Rabbit C5 m is approaching partner: Rabbit C3f
Rabbit C3 m was born!Father is C5 and Mother is C3
Rabbit B5m is running away from: LionC1
Rabbit B5m is running away from: WolfB0
Rabbit B5 is Hungry
Lion C1 is Hungry
LionC1fis chasing: A3m
LionC1f ate: A3m
Lion C1 f is ready to mate
Lion B5 is Hungry
LionB5fis chasing: B5m
Lion B5 f is ready to mate
Lion A1 is Hungry
LionA1fis chasing: B3f
Lion A1 f is ready to mate
Lion A5 is Hungry
LionA5mis chasing: B5m
Lion A5 m is ready to mate
Wolf B0f is running away from: LionA5
Wolf B0 is Hungry
WolfB0f died of hunger
Wolf B0f is chasing: C5f
Rabbit C5f is running away from: LionA5
Rabbit C5 is Hungry
RabbitC5f died of hunger
Rabbit C5 f is ready to mate
Rabbit C1m is running away from: LionA1
Rabbit C1 is Hungry
Rabbit C1 m is ready to mate
Rabbit C1 m is approaching partner: Rabbit B3f
Rabbit B4f is running away from: LionA1
Rabbit B4 is Hungry
Rabbit B1m is running away from: LionA5
Rabbit B1 is Hungry
Rabbit B1m ate
Rabbit B1 m is ready to mate
Rabbit B1 m is approaching partner: Rabbit B3f
Rabbit B3m is running away from: LionC1
Rabbit B3 is Hungry
Rabbit B3m ate
Rabbit B3 m is ready to mate
Rabbit B3 m is approaching partner: Rabbit B3f
Rabbit C1m is running away from: LionB5
Rabbit C1 is Hungry
Rabbit C1m ate
Rabbit C1 m is ready to mate
Rabbit C1 m is approaching partner: Rabbit B3f
Rabbit A0m is running away from: LionB5
Rabbit A0 is Hungry
Rabbit A0 m is ready to mate
Rabbit A0 m is approaching partner: Rabbit B3f
Rabbit B3f is running away from: LionA1
Rabbit B3 is Hungry
Rabbit B3 f is ready to mate
Rabbit C4m is running away from: LionA1
Rabbit C4 is Hungry
Rabbit C4m ate
Rabbit C4 m is ready to mate
Rabbit C4 m is approaching partner: Rabbit B3f
Rabbit C3f is running away from: LionA5
Rabbit C3 is Hungry
Rabbit C5m is running away from: LionB5
Rabbit C5 is Hungry
Rabbit C5 m is ready to mate
Rabbit C5 m is approaching partner: Rabbit B3f
Rabbit B5m is running away from: LionC1
Rabbit B5 is Hungry
Rabbit B5m ate
Rabbit C3m is running away from: LionB5
Rabbit C3 is Hungry
Lion C1 f is ready to mate
Lion B5 is Hungry
LionB5fis chasing: B3f
Lion B5 f is ready to mate
Lion A1 is Hungry
LionA1fis chasing: B5m
LionA1f ate: B5m
Lion A1 f is ready to mate
Lion A5 is Hungry
LionA5mis chasing: C4m
Lion A5 m is ready to mate
Rabbit C1 is Thirsty
Rabbit C1 drank water
Rabbit C1m is running away from: LionA1
Rabbit C1 is Hungry
Rabbit C1 m is ready to mate
Rabbit C1 m is approaching partner: Rabbit B3f
Rabbit B4 is Thirsty
Rabbit B4 drank water
Rabbit B4f is running away from: LionA1
Rabbit B4 is Hungry
Rabbit B1 is Thirsty
Rabbit B1 drank water
Rabbit B1m is running away from: LionA5
Rabbit B1 is Hungry
Rabbit B1 m is ready to mate
Rabbit B1 m is approaching partner: Rabbit B3f
Rabbit B3 is Thirsty
Rabbit B3 drank water
Rabbit B3m is running away from: LionA1
Rabbit B3 is Hungry
Rabbit B3 m is ready to mate
Rabbit B3 m is approaching partner: Rabbit B3f
Rabbit C1 is Thirsty
Rabbit C1 drank water
Rabbit C1m is running away from: LionA5
Rabbit C1 is Hungry
Rabbit C1 m is ready to mate
Rabbit C1 m is approaching partner: Rabbit B3f
Rabbit A0 is Thirsty
Rabbit A0 drank water
Rabbit A0m is running away from: LionA5
Rabbit A0 is Hungry
Rabbit A0 m is ready to mate
Rabbit A0 m is approaching partner: Rabbit B3f
Rabbit B3 is Thirsty
Rabbit B3 drank water
Rabbit B3f is running away from: LionA1
Rabbit B3 is Hungry
Rabbit B3f ate
Rabbit B3 f is ready to mate
Rabbit C4 is Thirsty
Rabbit C4 drank water
Rabbit C4m is running away from: LionA1
Rabbit C4 is Hungry
Rabbit C4m ate
Rabbit C4 m is ready to mate
Rabbit C4 m is approaching partner: Rabbit B3f
Rabbit C3 is Thirsty
Rabbit C3 drank water
Rabbit C3f is running away from: LionA5
Rabbit C3 is Hungry
RabbitC3f died of hunger
Rabbit C5m is running away from: LionA5
Rabbit C5 is Hungry
Rabbit C5 m is ready to mate
Rabbit C5 m is approaching partner: Rabbit B3f
Rabbit C3m is running away from: LionA5
Rabbit C3 is Hungry
Lion C1 f is ready to mate
Lion B5 is Hungry
LionB5fis chasing: B3f
Lion B5 f is ready to mate
Lion A1 f is ready to mate
Lion A5 is Hungry
LionA5mis chasing: C4m
Lion A5 m is ready to mate
Rabbit C1 is Thirsty
Rabbit C1 drank water
Rabbit C1m is running away from: LionA1
Rabbit C1 is Hungry
RabbitC1m died of hunger
Rabbit C1m ate
Rabbit C1 m is ready to mate
Rabbit C1 m is approaching partner: Rabbit B3f
Rabbit B4 is Thirsty
Rabbit B4 drank water
Rabbit B4f is running away from: LionA1
Rabbit B4 is Hungry
Rabbit B4f ate
Rabbit B1 is Thirsty
Rabbit B1 drank water
Rabbit B1m is running away from: LionA5
Rabbit B1 is Hungry
Rabbit B1m ate
Rabbit B1 m is ready to mate
Rabbit B1 m is approaching partner: Rabbit B3f
Rabbit B3 is Thirsty
Rabbit B3 drank water
Rabbit B3m is running away from: LionA1
Rabbit B3 is Hungry
Rabbit B3m ate
Rabbit B3 m is ready to mate
Rabbit B3 m is approaching partner: Rabbit B3f
Rabbit C1 is Thirsty
Rabbit C1 drank water
Rabbit C1m is running away from: LionA5
Rabbit C1 is Hungry
Rabbit C1m ate
Rabbit C1 m is ready to mate
Rabbit C1 m is approaching partner: Rabbit B3f
Rabbit A0 is Thirsty
Rabbit A0 drank water
Rabbit A0m is running away from: LionA5
Rabbit A0 is Hungry
RabbitA0m died of hunger
Rabbit A0 m is ready to mate
Rabbit A0 m is approaching partner: Rabbit B3f
Rabbit B3 is Thirsty
Rabbit B3 drank water
Rabbit B3f is running away from: LionB5
Rabbit B3 is Hungry
Rabbit B3f ate
Rabbit B3 f is ready to mate
Rabbit C4 is Thirsty
Rabbit C4 drank water
Rabbit C4m is running away from: LionC1
Rabbit C4 is Hungry
Rabbit C4m ate
Rabbit C4 m is ready to mate
Rabbit C4 m is approaching partner: Rabbit B3f
Rabbit C5m is running away from: LionB5
Rabbit C5 is Hungry
Rabbit C5 m is ready to mate
Rabbit C5 m is approaching partner: Rabbit B3f
Rabbit C3m is running away from: LionB5
Rabbit C3 is Hungry
Rabbit C3m ate
Lion C1 f is ready to mate
Lion B5 is Hungry
LionB5fis chasing: B3f
Lion B5 f is ready to mate
Lion A1 f is ready to mate
Lion A5 is Hungry
LionA5mis chasing: C4m
Lion A5 m is ready to mate
Rabbit B4 is Thirsty
Rabbit B4 drank water
Rabbit B4f is running away from: LionA1
Rabbit B4 is Hungry
Rabbit B4 f is ready to mate
Rabbit B1 is Thirsty
Rabbit B1 drank water
Rabbit B1m is running away from: LionB5
Rabbit B1 is Hungry
Rabbit B1m ate
Rabbit B1 m is ready to mate
Rabbit B1 m is approaching partner: Rabbit B3f
Rabbit B3 is Thirsty
Rabbit B3 drank water
Rabbit B3m is running away from: LionC1
Rabbit B3 is Hungry
Rabbit B3 m is ready to mate
Rabbit B3 m is approaching partner: Rabbit B4f
Rabbit C1 is Thirsty
Rabbit C1 drank water
Rabbit C1m is running away from: LionC1
Rabbit C1 is Hungry
Rabbit C1m ate
Rabbit C1 m is ready to mate
Rabbit C1 m is approaching partner: Rabbit B3f
Rabbit B3 is Thirsty
Rabbit B3 drank water
Rabbit B3f is running away from: LionC1
Rabbit B3 is Hungry
Rabbit B3f ate
Rabbit B3 f is ready to mate
Rabbit C4 is Thirsty
Rabbit C4 drank water
Rabbit C4m is running away from: LionC1
Rabbit C4 is Hungry
Rabbit C4m ate
Rabbit C4 m is ready to mate
Rabbit C4 m is approaching partner: Rabbit B4f
Rabbit C5m is running away from: LionB5
Rabbit C5 is Hungry
RabbitC5m died of hunger
Rabbit C5 m is ready to mate
Rabbit C5 m is approaching partner: Rabbit B3f
Rabbit C3m is running away from: LionB5
Rabbit C3 is Hungry
Rabbit C3 m is ready to mate
Rabbit C3 m is approaching partner: Rabbit B3f
Lion C1 f is ready to mate
Lion B5 is Hungry
LionB5fis chasing: B3f
Lion B5 f is ready to mate
Lion A1 f is ready to mate
Lion A5 is Hungry
LionA5mis chasing: B3f
Lion A5 m is ready to mate
Rabbit B4 is Thirsty
Rabbit B4 drank water
Rabbit B4f is running away from: LionA5
Rabbit B4 is Hungry
Rabbit B4 f is ready to mate
Rabbit B1 is Thirsty
Rabbit B1 drank water
Rabbit B1m is running away from: LionC1
Rabbit B1 is Hungry
Rabbit B1 m is ready to mate
Rabbit B1 m is approaching partner: Rabbit B3f
Rabbit B3 is Thirsty
Rabbit B3 drank water
Rabbit B3m is running away from: LionA1
Rabbit B3 is Hungry
Rabbit B3 m is ready to mate
Rabbit B3 m is approaching partner: Rabbit B4f
Rabbit C1 is Thirsty
Rabbit C1 drank water
Rabbit C1m is running away from: LionC1
Rabbit C1 is Hungry
Rabbit C1m ate
Rabbit C1 m is ready to mate
Rabbit C1 m is approaching partner: Rabbit B3f
Rabbit B3 is Thirsty
Rabbit B3 drank water
Rabbit B3f is running away from: LionA5
Rabbit B3 is Hungry
Rabbit B3f ate
Rabbit B3 f is ready to mate
Rabbit C4 is Thirsty
Rabbit C4 drank water
Rabbit C4m is running away from: LionC1
Rabbit C4 is Hungry
Rabbit C4m ate
Rabbit C4 m is ready to mate
Rabbit C4 m is approaching partner: Rabbit B4f
Rabbit C3m is running away from: LionC1
Rabbit C3 is Hungry
Rabbit C3 m is ready to mate
Rabbit C3 m is approaching partner: Rabbit B3f
Lion C1 is Hungry
LionC1fis chasing: B3f
Lion C1 f is ready to mate
Lion B5 is Hungry
LionB5fis chasing: B3f
LionB5f ate: B3f
Lion B5 f is ready to mate
Lion A1 f is ready to mate
Lion A5 is Hungry
LionA5mis chasing: C4m
Lion A5 m is ready to mate
Lion A4 m was born!Father is A5 and Mother is C1
Rabbit B4 is Thirsty
Rabbit B4 drank water
Rabbit B4f is running away from: LionA1
Rabbit B4 is Hungry
Rabbit B4f ate
Rabbit B4 f is ready to mate
Rabbit B1 is Thirsty
Rabbit B1 drank water
Rabbit B1m is running away from: LionB5
Rabbit B1 is Hungry
Rabbit B1 m is ready to mate
Rabbit B1 m is approaching partner: Rabbit B4f
Rabbit B3 is Thirsty
Rabbit B3 drank water
Rabbit B3m is running away from: LionA1
Rabbit B3 is Hungry
Rabbit B3m ate
Rabbit B3 m is ready to mate
Rabbit B3 m is approaching partner: Rabbit B4f
Rabbit C1 is Thirsty
Rabbit C1 drank water
Rabbit C1m is running away from: LionB5
Rabbit C1 is Hungry
Rabbit C1m ate
Rabbit C1 m is ready to mate
Rabbit C1 m is approaching partner: Rabbit B4f
Rabbit C4 is Thirsty
Rabbit C4 drank water
Rabbit C4m is running away from: LionA4
Rabbit C4 is Hungry
Rabbit C4 m is ready to mate
Rabbit C4 m is approaching partner: Rabbit B4f
Rabbit C3m is running away from: LionB5
Rabbit C3 is Hungry
Rabbit C3 m is ready to mate
Rabbit C3 m is approaching partner: Rabbit B4f
Lion C1 is Hungry
LionC1fis chasing: C4m
Lion B5 f is ready to mate
Lion A1 is Hungry
LionA1fis chasing: B4f
Lion A1 f is ready to mate
Lion A5 is Hungry
LionA5mis chasing: C4m
Lion A5 m is ready to mate
Rabbit B4 is Thirsty
Rabbit B4 drank water
Rabbit B4f is running away from: LionA1
Rabbit B4 is Hungry
Rabbit B4f ate
Rabbit B4 f is ready to mate
Rabbit B1 is Thirsty
Rabbit B1 drank water
Rabbit B1m is running away from: LionB5
Rabbit B1 is Hungry
Rabbit B1 m is ready to mate
Rabbit B1 m is approaching partner: Rabbit B4f
Rabbit B3 is Thirsty
Rabbit B3 drank water
Rabbit B3m is running away from: LionA1
Rabbit B3 is Hungry
Rabbit B3m ate
Rabbit B3 m is ready to mate
Rabbit B3 m is approaching partner: Rabbit B4f
Rabbit C1 is Thirsty
Rabbit C1 drank water
Rabbit C1m is running away from: LionB5
Rabbit C1 is Hungry
Rabbit C1m ate
Rabbit C1 m is ready to mate
Rabbit C1 m is approaching partner: Rabbit B4f
Rabbit C4 is Thirsty
Rabbit C4 drank water
Rabbit C4m is running away from: LionA5
Rabbit C4 is Hungry
Rabbit C4m ate
Rabbit C4 m is ready to mate
Rabbit C4 m is approaching partner: Rabbit B4f
Rabbit C3m is running away from: LionB5
Rabbit C3 is Hungry
Rabbit C3 m is ready to mate
Rabbit C3 m is approaching partner: Rabbit B4f
Lion C1 is Hungry
LionC1fis chasing: C4m
Lion B5 f is ready to mate
Lion A1 is Hungry
LionA1fis chasing: B4f
LionA1f ate: B4f
Lion A1 f is ready to mate
Lion A5 is Hungry
LionA5m died of hunger
LionA5mis chasing: C4m
LionA5m ate: C4m
Lion A5 m is ready to mate
Lion B3 m was born!Father is A5 and Mother is A1
Rabbit B1 is Thirsty
Rabbit B1 drank water
Rabbit B1m is running away from: LionB5
Rabbit B1 is Hungry
Rabbit B1 m is ready to mate
Not enough female Rabbits or Female Rabbit partners are not ready yet!
Rabbit B3 is Thirsty
Rabbit B3 drank water
Rabbit B3m is running away from: LionA1
Rabbit B3 is Hungry
Rabbit B3m ate
Rabbit B3 m is ready to mate
Not enough female Rabbits or Female Rabbit partners are not ready yet!
Rabbit C1m is running away from: LionB5
Rabbit C1 is Hungry
Rabbit C1m ate
Rabbit C1 m is ready to mate
Not enough female Rabbits or Female Rabbit partners are not ready yet!
Rabbit C3m is running away from: LionB5
Rabbit C3 is Hungry
RabbitC3m died of hunger
Rabbit C3 m is ready to mate
Not enough female Rabbits or Female Rabbit partners are not ready yet!
Lion C1 is Hungry
LionC1fis chasing: B3m
Lion B5 f is ready to mate
Rabbit B1 is Thirsty
Rabbit B1 drank water
Rabbit B1m is running away from: LionB5
Rabbit B1 is Hungry
RabbitB1m died of hunger
Rabbit B1 m is ready to mate
Not enough female Rabbits or Female Rabbit partners are not ready yet!
Rabbit B3 is Thirsty
Rabbit B3 drank water
Rabbit B3m is running away from: LionB3
Rabbit B3 is Hungry
Rabbit B3 m is ready to mate
Not enough female Rabbits or Female Rabbit partners are not ready yet!
Rabbit C1m is running away from: LionB5
Rabbit C1 is Hungry
Rabbit C1m ate
Rabbit C1 m is ready to mate
Not enough female Rabbits or Female Rabbit partners are not ready yet!
Lion C1 is Hungry
LionC1fis chasing: B3m
Lion B5 f is ready to mate
Rabbit B3 is Thirsty
Rabbit B3 drank water
Rabbit B3m is running away from: LionA1
Rabbit B3 is Hungry
Rabbit B3 m is ready to mate
Not enough female Rabbits or Female Rabbit partners are not ready yet!
Rabbit C1m is running away from: LionB5
Rabbit C1 is Hungry
Rabbit C1m ate
Rabbit C1 m is ready to mate
Not enough female Rabbits or Female Rabbit partners are not ready yet!
Lion C1 is Hungry
LionC1fis chasing: B3m
Lion B5 is Hungry
LionB5fis chasing: B3m
Lion B5 f is ready to mate
Lion A4 is Hungry
LionA4mis chasing: B3m
Rabbit B3 is Thirsty
Rabbit B3 drank water
Rabbit B3m is running away from: LionC1
Rabbit B3 is Hungry
Rabbit B3 m is ready to mate
Not enough female Rabbits or Female Rabbit partners are not ready yet!
Rabbit C1m is running away from: LionB5
Rabbit C1 is Hungry
Rabbit C1m ate
Rabbit C1 m is ready to mate
Not enough female Rabbits or Female Rabbit partners are not ready yet!
Lion C1 is Hungry
LionC1fis chasing: B3m
Lion B5 is Hungry
LionB5fis chasing: B3m
Lion B5 f is ready to mate
Lion A4 is Hungry
LionA4mis chasing: B3m
Rabbit B3 is Thirsty
Rabbit B3 drank water
Rabbit B3m is running away from: LionC1
Rabbit B3 is Hungry
Rabbit B3 m is ready to mate
Not enough female Rabbits or Female Rabbit partners are not ready yet!
Rabbit C1m is running away from: LionB5
Rabbit C1 is Hungry
Rabbit C1m ate
Rabbit C1 m is ready to mate
Not enough female Rabbits or Female Rabbit partners are not ready yet!
Lion C1 is Thirsty
Lion C1 drank water
Lion C1 is Hungry
LionC1fis chasing: B3m
Lion B5 is Thirsty
Lion B5 drank water
Lion B5 is Hungry
LionB5fis chasing: B3m
Lion B5 f is ready to mate
Lion A1 is Thirsty
Lion A1 drank water
Lion A1 is Hungry
LionA1fis chasing: B3m
Lion A4 is Hungry
LionA4mis chasing: B3m
Lion B3 is Hungry
LionB3mis chasing: B3m
Rabbit B3 is Thirsty
Rabbit B3 drank water
Rabbit B3m is running away from: LionC1
Rabbit B3 is Hungry
RabbitB3m died of hunger
Rabbit B3 m is ready to mate
Not enough female Rabbits or Female Rabbit partners are not ready yet!
Rabbit C1m is running away from: LionB5
Rabbit C1 is Hungry
Rabbit C1m ate
Rabbit C1 m is ready to mate
Not enough female Rabbits or Female Rabbit partners are not ready yet!
Lion C1 is Thirsty
Lion C1 drank water
Lion C1 is Hungry
LionC1fis chasing: C1m
Lion B5 is Thirsty
Lion B5 drank water
Lion B5 is Hungry
LionB5fis chasing: C1m
Lion B5 f is ready to mate
Lion A1 is Thirsty
Lion A1 drank water
Lion A1 is Hungry
LionA1fis chasing: C1m
Lion A4 is Hungry
LionA4mis chasing: C1m
Lion B3 is Hungry
LionB3mis chasing: C1m
Rabbit C1m is running away from: LionB5
Rabbit C1 is Hungry
Rabbit C1m ate
Rabbit C1 m is ready to mate
Not enough female Rabbits or Female Rabbit partners are not ready yet!
Lion C1 is Thirsty
Lion C1 drank water
Lion C1 is Hungry
LionC1fis chasing: C1m
Lion B5 is Thirsty
Lion B5 drank water
Lion B5 is Hungry
LionB5fis chasing: C1m
Lion B5 f is ready to mate
Lion A1 is Thirsty
Lion A1 drank water
Lion A1 is Hungry
LionA1fis chasing: C1m
Lion A4 is Hungry
LionA4mis chasing: C1m
Lion B3 is Hungry
LionB3mis chasing: C1m
Rabbit C1m is running away from: LionB5
Rabbit C1 is Hungry
Rabbit C1m ate
Rabbit C1 m is ready to mate
Not enough female Rabbits or Female Rabbit partners are not ready yet!
Lion C1 is Thirsty
Lion C1 drank water
Lion C1 is Hungry
LionC1f died of hunger
LionC1fis chasing: C1m
Lion B5 is Thirsty
Lion B5 drank water
Lion B5 is Hungry
LionB5fis chasing: C1m
Lion B5 f is ready to mate
Lion A1 is Thirsty
Lion A1 drank water
Lion A1 is Hungry
LionA1fis chasing: C1m
Lion A4 is Hungry
LionA4mis chasing: C1m
Lion B3 is Hungry
LionB3mis chasing: C1m
Rabbit C1m is running away from: LionB5
Rabbit C1 is Hungry
Rabbit C1m ate
Rabbit C1 m is ready to mate
Not enough female Rabbits or Female Rabbit partners are not ready yet!
Lion B5 is Thirsty
Lion B5 drank water
Lion B5 is Hungry
LionB5fis chasing: C1m
Lion B5 f is ready to mate
Lion A1 is Thirsty
Lion A1 drank water
Lion A1 is Hungry
LionA1fis chasing: C1m
Lion A4 is Hungry
LionA4mis chasing: C1m
Lion B3 is Hungry
LionB3mis chasing: C1m
Rabbit C1 is Thirsty
Rabbit C1 drank water
Rabbit C1m is running away from: LionA4
Rabbit C1 is Hungry
Rabbit C1m ate
Rabbit C1 m is ready to mate
Not enough female Rabbits or Female Rabbit partners are not ready yet!
Lion B5 is Thirsty
Lion B5 drank water
Lion B5 is Hungry
LionB5fis chasing: C1m
Lion B5 f is ready to mate
Lion A1 is Thirsty
Lion A1 drank water
Lion A1 is Hungry
LionA1fis chasing: C1m
Lion A4 is Hungry
LionA4mis chasing: C1m
Lion B3 is Hungry
LionB3mis chasing: C1m
Rabbit C1 is Thirsty
Rabbit C1 drank water
Rabbit C1m is running away from: LionA4
Rabbit C1 is Hungry
Rabbit C1m ate
Rabbit C1 m is ready to mate
Not enough female Rabbits or Female Rabbit partners are not ready yet!
Lion B5 is Thirsty
Lion B5 drank water
Lion B5 is Hungry
LionB5fis chasing: C1m
Lion B5 f is ready to mate
Lion A1 is Thirsty
Lion A1 drank water
Lion A1 is Hungry
LionA1fis chasing: C1m
Lion A4 is Hungry
LionA4mis chasing: C1m
Lion B3 is Hungry
LionB3mis chasing: C1m
Rabbit C1 is Thirsty
Rabbit C1 drank water
Rabbit C1m is running away from: LionA4
Rabbit C1 is Hungry
Rabbit C1 m is ready to mate
Not enough female Rabbits or Female Rabbit partners are not ready yet!
Lion B5 is Thirsty
Lion B5 drank water
Lion B5 is Hungry
LionB5fis chasing: C1m
Lion B5 f is ready to mate
Lion A1 is Thirsty
Lion A1 drank water
Lion A1 is Hungry
LionA1fis chasing: C1m
Lion A4 is Hungry
LionA4mis chasing: C1m
Lion B3 is Hungry
LionB3mis chasing: C1m
Rabbit C1 is Thirsty
Rabbit C1 drank water
Rabbit C1m is running away from: LionA4
Rabbit C1 is Hungry
Rabbit C1 m is ready to mate
Not enough female Rabbits or Female Rabbit partners are not ready yet!
Lion B5 is Hungry
LionB5f died of hunger
LionB5fis chasing: C1m
Lion B5 f is ready to mate
Lion A1 is Thirsty
Lion A1 drank water
Lion A1 is Hungry
LionA1fis chasing: C1m
Lion A4 is Hungry
LionA4m died of hunger
LionA4mis chasing: C1m
Lion B3 is Hungry
LionB3mis chasing: C1m
Rabbit C1 is Thirsty
Rabbit C1 drank water
Rabbit C1m is running away from: LionB3
Rabbit C1 is Hungry
Rabbit C1 m is ready to mate
Not enough female Rabbits or Female Rabbit partners are not ready yet!
Lion A1 is Thirsty
Lion A1 drank water
Lion A1 is Hungry
LionA1fis chasing: C1m
Lion B3 is Hungry
LionB3mis chasing: C1m
Rabbit C1 is Thirsty
Rabbit C1 drank water
Rabbit C1m is running away from: LionB3
Rabbit C1 is Hungry
Rabbit C1 m is ready to mate
Not enough female Rabbits or Female Rabbit partners are not ready yet!
Lion A1 is Thirsty
Lion A1 drank water
Lion A1 is Hungry
LionA1f died of hunger
LionA1fis chasing: C1m
Lion B3 is Hungry
LionB3m died of hunger
LionB3mis chasing: C1m
Rabbit C1 is Thirsty
Rabbit C1 drank water
Rabbit C1 is Hungry
RabbitC1m died of hunger
Rabbit C1m ate
Rabbit C1 m is ready to mate
Not enough female Rabbits or Female Rabbit partners are not ready yet!
