Wolf A1f is running away from: LionC2
Wolf A2m is running away from: LionC2
Wolf C1f is running away from: LionC0
Wolf A4f is running away from: LionC0
Rabbit A5m is running away from: LionA2
Rabbit A5m is running away from: WolfA1
Rabbit A5 is Hungry
Rabbit A5m ate
Rabbit A5 m is ready to mate
Not enough female Rabbits or Female Rabbit partners are not ready yet!
Rabbit A3m is running away from: LionC2
Rabbit A3m is running away from: WolfA1
Rabbit A3 is Hungry
Rabbit A3m ate
Rabbit A3 m is ready to mate
Not enough female Rabbits or Female Rabbit partners are not ready yet!
Rabbit C4m is running away from: LionA2
Rabbit C4m is running away from: WolfC1
Rabbit C4 is Hungry
Rabbit C4m ate
Rabbit C4 m is ready to mate
Not enough female Rabbits or Female Rabbit partners are not ready yet!
Rabbit C5m is running away from: LionC2
Rabbit C5m is running away from: WolfA1
Rabbit C5 is Hungry
Rabbit C5m ate
Rabbit C5 m is ready to mate
Not enough female Rabbits or Female Rabbit partners are not ready yet!
Rabbit B4f is running away from: LionC4
Rabbit B4f is running away from: WolfA2
Rabbit B4 is Hungry
Rabbit B4f ate
Rabbit B4 f is ready to mate
Rabbit C4m is running away from: LionC0
Rabbit C4m is running away from: WolfA4
Rabbit C4 is Hungry
Rabbit C4m ate
Rabbit C4 m is ready to mate
Rabbit C4 m is approaching partner: Rabbit B4f
Rabbit C2m is running away from: LionC2
Rabbit C2m is running away from: WolfA2
Rabbit C2 is Hungry
Rabbit C2m ate
Rabbit C2 m is ready to mate
Rabbit C2 m is approaching partner: Rabbit B4f
Rabbit B3f is running away from: LionC0
Rabbit B3f is running away from: WolfC1
Rabbit B3 is Hungry
Rabbit B3f ate
Rabbit B3 f is ready to mate
Rabbit C1f is running away from: LionC0
Rabbit C1f is running away from: WolfC1
Rabbit C1 is Hungry
Rabbit C1f ate
Rabbit C1 f is ready to mate
Rabbit C3m is running away from: LionC2
Rabbit C3m is running away from: WolfA2
Rabbit C3 is Hungry
Rabbit C3m ate
Rabbit C3 m is ready to mate
Rabbit C3 m is approaching partner: Rabbit B4f
Rabbit B5m is running away from: LionC2
Rabbit B5m is running away from: WolfA2
Rabbit B5 is Hungry
Rabbit B5m ate
Rabbit B5 m is ready to mate
Rabbit B5 m is approaching partner: Rabbit B4f
Rabbit B5m is running away from: LionA2
Rabbit B5m is running away from: WolfA1
Rabbit B5 is Hungry
Rabbit B5m ate
Rabbit B5 m is ready to mate
Rabbit B5 m is approaching partner: Rabbit C1f
Rabbit B5m is running away from: LionC4
Rabbit B5m is running away from: WolfA1
Rabbit B5 is Hungry
Rabbit B5m ate
Rabbit B5 m is ready to mate
Rabbit B5 m is approaching partner: Rabbit B4f
Rabbit C1 f was born!Father is B5 and Mother is B4
Rabbit A3m is running away from: LionC0
Rabbit A3m is running away from: WolfA4
Rabbit A3 is Hungry
Rabbit A3m ate
Rabbit A3 m is ready to mate
Rabbit A3 m is approaching partner: Rabbit B3f
Rabbit A2m is running away from: LionC0
Rabbit A2m is running away from: WolfA4
Rabbit A2 is Hungry
Rabbit A2m ate
Rabbit A2 m is ready to mate
Rabbit A2 m is approaching partner: Rabbit B3f
Wolf A1f is running away from: LionC2
Wolf A2m is running away from: LionC2
Wolf C1f is running away from: LionC0
Wolf A4f is running away from: LionC0
Rabbit A5m is running away from: LionA2
Rabbit A5m is running away from: WolfA1
Rabbit A5 is Hungry
Rabbit A5 m is ready to mate
Rabbit A5 m is approaching partner: Rabbit C1f
Rabbit A3m is running away from: LionC2
Rabbit A3m is running away from: WolfA1
Rabbit A3 is Hungry
Rabbit A3 m is ready to mate
Rabbit A3 m is approaching partner: Rabbit C1f
Rabbit C4m is running away from: LionA2
Rabbit C4m is running away from: WolfC1
Rabbit C4 is Hungry
Rabbit C4m ate
Rabbit C4 m is ready to mate
Rabbit C4 m is approaching partner: Rabbit B3f
Rabbit C5m is running away from: LionC2
Rabbit C5m is running away from: WolfA1
Rabbit C5 is Hungry
Rabbit C5 m is ready to mate
Rabbit C5 m is approaching partner: Rabbit C1f
Rabbit B4f is running away from: LionC4
Rabbit B4f is running away from: WolfA1
Rabbit B4 is Hungry
Rabbit B4 f is ready to mate
Rabbit C4m is running away from: LionC0
Rabbit C4m is running away from: WolfA4
Rabbit C4 is Hungry
Rabbit C4 m is ready to mate
Rabbit C4 m is approaching partner: Rabbit C1f
Rabbit C2m is running away from: LionC2
Rabbit C2m is running away from: WolfA2
Rabbit C2 is Hungry
Rabbit C2m ate
Rabbit C2 m is ready to mate
Rabbit C2 m is approaching partner: Rabbit B4f
Rabbit B3f is running away from: LionC0
Rabbit B3f is running away from: WolfC1
Rabbit B3 is Hungry
Rabbit B3f ate
Rabbit B3 f is ready to mate
Rabbit C1f is running away from: LionA2
Rabbit C1f is running away from: WolfC1
Rabbit C1 is Hungry
Rabbit C1f ate
Rabbit C1 f is ready to mate
Rabbit C3m is running away from: LionC2
Rabbit C3m is running away from: WolfA2
Rabbit C3 is Hungry
Rabbit C3m ate
Rabbit C3 m is ready to mate
Rabbit C3 m is approaching partner: Rabbit B4f
Rabbit B5m is running away from: LionC2
Rabbit B5m is running away from: WolfA2
Rabbit B5 is Hungry
Rabbit B5 m is ready to mate
Rabbit B5 m is approaching partner: Rabbit B4f
Rabbit B5m is running away from: LionA2
Rabbit B5m is running away from: WolfA1
Rabbit B5 is Hungry
Rabbit B5m ate
Rabbit B5 m is ready to mate
Rabbit B5 m is approaching partner: Rabbit C1f
Rabbit B5m is running away from: LionC4
Rabbit B5m is running away from: WolfA1
Rabbit B5 is Hungry
Rabbit B5 m is ready to mate
Rabbit B5 m is approaching partner: Rabbit B4f
Rabbit A3m is running away from: LionC0
Rabbit A3m is running away from: WolfA4
Rabbit A3 is Hungry
Rabbit A3m ate
Rabbit A3 m is ready to mate
Rabbit A3 m is approaching partner: Rabbit B3f
Rabbit A2m is running away from: LionC0
Rabbit A2m is running away from: WolfA4
Rabbit A2 is Hungry
Rabbit A2 m is ready to mate
Rabbit A2 m is approaching partner: Rabbit B3f
Rabbit C1f is running away from: LionC4
Rabbit C1f is running away from: WolfA1
Rabbit C1 is Hungry
Rabbit C1f ate
Rabbit C1 f is ready to mate
Wolf A1f is running away from: LionA2
Wolf A2m is running away from: LionC2
Wolf C1f is running away from: LionC0
Wolf A4f is running away from: LionC0
Rabbit A5m is running away from: LionA2
Rabbit A5m is running away from: WolfA1
Rabbit A5 is Hungry
Rabbit A5m ate
Rabbit A5 m is ready to mate
Rabbit A5 m is approaching partner: Rabbit C1f
Rabbit A3m is running away from: LionC2
Rabbit A3m is running away from: WolfA1
Rabbit A3 is Hungry
Rabbit A3m ate
Rabbit A3 m is ready to mate
Rabbit A3 m is approaching partner: Rabbit C1f
Rabbit C4m is running away from: LionA2
Rabbit C4m is running away from: WolfC1
Rabbit C4 is Hungry
Rabbit C4 m is ready to mate
Rabbit C4 m is approaching partner: Rabbit B3f
Rabbit C5m is running away from: LionC2
Rabbit C5m is running away from: WolfA1
Rabbit C5 is Hungry
Rabbit C5m ate
Rabbit C5 m is ready to mate
Rabbit C5 m is approaching partner: Rabbit B4f
Rabbit B4f is running away from: LionC2
Rabbit B4f is running away from: WolfA1
Rabbit B4 is Hungry
Rabbit B4 f is ready to mate
Rabbit C4m is running away from: LionC0
Rabbit C4m is running away from: WolfA4
Rabbit C4 is Hungry
Rabbit C4m ate
Rabbit C4 m is ready to mate
Rabbit C4 m is approaching partner: Rabbit C1f
Rabbit C2m is running away from: LionC2
Rabbit C2m is running away from: WolfA2
Rabbit C2 is Hungry
Rabbit C2m ate
Rabbit C2 m is ready to mate
Rabbit C2 m is approaching partner: Rabbit C1f
Rabbit B3f is running away from: LionC0
Rabbit B3f is running away from: WolfC1
Rabbit B3 is Hungry
Rabbit B3f ate
Rabbit B3 f is ready to mate
Rabbit C1f is running away from: LionC0
Rabbit C1f is running away from: WolfC1
Rabbit C1 is Hungry
Rabbit C1f ate
Rabbit C1 f is ready to mate
Rabbit C3m is running away from: LionC2
Rabbit C3m is running away from: WolfA2
Rabbit C3 is Hungry
Rabbit C3m ate
Rabbit C3 m is ready to mate
Rabbit C3 m is approaching partner: Rabbit C1f
Rabbit B5m is running away from: LionC2
Rabbit B5m is running away from: WolfA2
Rabbit B5 is Hungry
Rabbit B5 m is ready to mate
Rabbit B5 m is approaching partner: Rabbit C1f
Rabbit B5m is running away from: LionA2
Rabbit B5m is running away from: WolfA1
Rabbit B5 is Hungry
Rabbit B5m ate
Rabbit B5 m is ready to mate
Rabbit B5 m is approaching partner: Rabbit C1f
Rabbit B5m is running away from: LionC2
Rabbit B5m is running away from: WolfA1
Rabbit B5 is Hungry
Rabbit B5 m is ready to mate
Rabbit B5 m is approaching partner: Rabbit B4f
Rabbit A3m is running away from: LionC0
Rabbit A3m is running away from: WolfA4
Rabbit A3 is Hungry
Rabbit A3m ate
Rabbit A3 m is ready to mate
Rabbit A3 m is approaching partner: Rabbit B3f
Rabbit A2m is running away from: LionC0
Rabbit A2m is running away from: WolfA4
Rabbit A2 is Hungry
Rabbit A2 m is ready to mate
Rabbit A2 m is approaching partner: Rabbit B3f
Rabbit C1f is running away from: LionC2
Rabbit C1f is running away from: WolfA1
Rabbit C1 is Hungry
Rabbit C1f ate
Rabbit C1 f is ready to mate
Wolf A1f is running away from: LionC2
Wolf A1f ate!
Wolf A2m is running away from: LionC2
Wolf C1f is running away from: LionC0
Wolf A4f is running away from: LionC0
Rabbit A5m is running away from: LionA2
Rabbit A5m is running away from: WolfA1
Rabbit A5 is Hungry
Rabbit A5m ate
Rabbit A5 m is ready to mate
Rabbit A5 m is approaching partner: Rabbit C1f
Rabbit C4m is running away from: LionA2
Rabbit C4m is running away from: WolfC1
Rabbit C4 is Hungry
Rabbit C4 m is ready to mate
Rabbit C4 m is approaching partner: Rabbit C1f
Rabbit C5m is running away from: LionC2
Rabbit C5m is running away from: WolfA1
Rabbit C5 is Hungry
Rabbit C5m ate
Rabbit C5 m is ready to mate
Rabbit C5 m is approaching partner: Rabbit B4f
Rabbit B4f is running away from: LionC2
Rabbit B4f is running away from: WolfA1
Rabbit B4 is Hungry
Rabbit B4 f is ready to mate
Rabbit C4m is running away from: LionC0
Rabbit C4m is running away from: WolfA4
Rabbit C4 is Hungry
Rabbit C4m ate
Rabbit C4 m is ready to mate
Rabbit C4 m is approaching partner: Rabbit C1f
Rabbit C2m is running away from: LionC2
Rabbit C2m is running away from: WolfA2
Rabbit C2 is Hungry
Rabbit C2m ate
Rabbit C2 m is ready to mate
Rabbit C2 m is approaching partner: Rabbit C1f
Rabbit B3f is running away from: LionC0
Rabbit B3f is running away from: WolfC1
Rabbit B3 is Hungry
Rabbit B3f ate
Rabbit B3 f is ready to mate
Rabbit C1f is running away from: LionA2
Rabbit C1f is running away from: WolfC1
Rabbit C1 is Hungry
Rabbit C1 f is ready to mate
Rabbit C3m is running away from: LionC2
Rabbit C3m is running away from: WolfA2
Rabbit C3 is Hungry
Rabbit C3m ate
Rabbit C3 m is ready to mate
Rabbit C3 m is approaching partner: Rabbit C1f
Rabbit B5m is running away from: LionC2
Rabbit B5m is running away from: WolfA2
Rabbit B5 is Hungry
Rabbit B5 m is ready to mate
Rabbit B5 m is approaching partner: Rabbit C1f
Rabbit B5m is running away from: LionA2
Rabbit B5m is running away from: WolfA1
Rabbit B5 is Hungry
Rabbit B5 m is ready to mate
Rabbit B5 m is approaching partner: Rabbit C1f
Rabbit B5m is running away from: LionC2
Rabbit B5m is running away from: WolfA1
Rabbit B5 is Hungry
Rabbit B5 m is ready to mate
Rabbit B5 m is approaching partner: Rabbit B4f
Rabbit A3m is running away from: LionC0
Rabbit A3m is running away from: WolfA4
Rabbit A3 is Hungry
Rabbit A3m ate
Rabbit A3 m is ready to mate
Rabbit A3 m is approaching partner: Rabbit B3f
Rabbit A2m is running away from: LionC0
Rabbit A2m is running away from: WolfA4
Rabbit A2 is Hungry
Rabbit A2 m is ready to mate
Rabbit A2 m is approaching partner: Rabbit B3f
Rabbit C1f is running away from: LionC2
Rabbit C1f is running away from: WolfA2
Rabbit C1 is Hungry
Rabbit C1 f is ready to mate
Wolf A1f is running away from: LionA2
Wolf A1 f is ready to mate
Wolf A2m is running away from: LionC2
Wolf A2 m is ready to mate
Wolf C1f is running away from: LionC0
Wolf C1 f is ready to mate
Wolf A4f is running away from: LionC0
Wolf A4 f is ready to mate
Rabbit A5m is running away from: LionA2
Rabbit A5m is running away from: WolfA1
Rabbit A5 is Hungry
Rabbit A5m ate
Rabbit A5 m is ready to mate
Rabbit A5 m is approaching partner: Rabbit C1f
Rabbit C4m is running away from: LionA2
Rabbit C4m is running away from: WolfC1
Rabbit C4 is Hungry
Rabbit C4m ate
Rabbit C4 m is ready to mate
Rabbit C4 m is approaching partner: Rabbit C1f
Rabbit C5m is running away from: LionC2
Rabbit C5m is running away from: WolfA1
Rabbit C5 is Hungry
Rabbit C5m ate
Rabbit C5 m is ready to mate
Rabbit C5 m is approaching partner: Rabbit B4f
Rabbit B4f is running away from: LionC2
Rabbit B4f is running away from: WolfA1
Rabbit B4 is Hungry
RabbitB4f died of hunger
Rabbit B4 f is ready to mate
Rabbit C4m is running away from: LionC0
Rabbit C4m is running away from: WolfA4
Rabbit C4 is Hungry
Rabbit C4m ate
Rabbit C4 m is ready to mate
Rabbit C4 m is approaching partner: Rabbit C1f
Rabbit C2m is running away from: LionC2
Rabbit C2m is running away from: WolfA2
Rabbit C2 is Hungry
Rabbit C2m ate
Rabbit C2 m is ready to mate
Rabbit C2 m is approaching partner: Rabbit C1f
Rabbit B3f is running away from: LionC0
Rabbit B3f is running away from: WolfC1
Rabbit B3 is Hungry
Rabbit B3 f is ready to mate
Rabbit C1f is running away from: LionC0
Rabbit C1f is running away from: WolfA4
Rabbit C1 is Hungry
Rabbit C1f ate
Rabbit C1 f is ready to mate
Rabbit C3m is running away from: LionC2
Rabbit C3m is running away from: WolfA2
Rabbit C3 is Hungry
Rabbit C3 m is ready to mate
Rabbit C3 m is approaching partner: Rabbit C1f
Rabbit B5m is running away from: LionC2
Rabbit B5m is running away from: WolfA2
Rabbit B5 is Hungry
RabbitB5m died of hunger
Rabbit B5 m is ready to mate
Rabbit B5 m is approaching partner: Rabbit C1f
Rabbit B5m is running away from: LionA2
Rabbit B5m is running away from: WolfA1
Rabbit B5 is Hungry
Rabbit B5 m is ready to mate
Rabbit B5 m is approaching partner: Rabbit C1f
Rabbit B5m is running away from: LionC4
Rabbit B5m is running away from: WolfA1
Rabbit B5 is Hungry
RabbitB5m died of hunger
Rabbit B5 m is ready to mate
Rabbit B5 m is approaching partner: Rabbit C1f
Rabbit A4 f was born!Father is B5 and Mother is C1
Rabbit A3m is running away from: LionC0
Rabbit A3m is running away from: WolfA4
Rabbit A3 is Hungry
Rabbit A3m ate
Rabbit A3 m is ready to mate
Rabbit A3 m is approaching partner: Rabbit B3f
Rabbit A2m is running away from: LionC0
Rabbit A2m is running away from: WolfA4
Rabbit A2 is Hungry
RabbitA2m died of hunger
Rabbit A2 m is ready to mate
Rabbit A2 m is approaching partner: Rabbit B3f
Rabbit C1f is running away from: LionC2
Rabbit C1f is running away from: WolfA2
Rabbit C1 is Hungry
Wolf A1f is running away from: LionC4
Wolf A1 f is ready to mate
Wolf A2m is running away from: LionC2
Wolf A2 is Hungry
Wolf A2m is chasing: C3m
Wolf A2 m is ready to mate
Wolf C1f is running away from: LionC0
Wolf C1 is Hungry
Wolf C1f is chasing: B3f
Wolf C1 f is ready to mate
Wolf A4f is running away from: LionC0
Wolf A4 is Hungry
Wolf A4f is chasing: A3m
Wolf A4 f is ready to mate
Rabbit A5m is running away from: LionA2
Rabbit A5m is running away from: WolfA1
Rabbit A5 is Hungry
Rabbit A5m ate
Rabbit A5 m is ready to mate
Rabbit A5 m is approaching partner: Rabbit C1f
Rabbit C4m is running away from: LionA2
Rabbit C4m is running away from: WolfA1
Rabbit C4 is Hungry
Rabbit C4m ate
Rabbit C4 m is ready to mate
Rabbit C4 m is approaching partner: Rabbit B3f
Rabbit C5m is running away from: LionC2
Rabbit C5m is running away from: WolfA1
Rabbit C5 is Hungry
Rabbit C5m ate
Rabbit C5 m is ready to mate
Rabbit C5 m is approaching partner: Rabbit C1f
Rabbit C4m is running away from: LionC0
Rabbit C4m is running away from: WolfA4
Rabbit C4 is Hungry
Rabbit C4 m is ready to mate
Rabbit C4 m is approaching partner: Rabbit C1f
Rabbit C2m is running away from: LionC2
Rabbit C2m is running away from: WolfA2
Rabbit C2 is Hungry
Rabbit C2 m is ready to mate
Rabbit C2 m is approaching partner: Rabbit C1f
Rabbit B3f is running away from: LionC0
Rabbit B3f is running away from: WolfC1
Rabbit B3 is Hungry
Rabbit B3 f is ready to mate
Rabbit C1f is running away from: LionA2
Rabbit C1f is running away from: WolfA4
Rabbit C1 is Hungry
Rabbit C1 f is ready to mate
Rabbit C3m is running away from: LionC2
Rabbit C3m is running away from: WolfA2
Rabbit C3 is Hungry
Rabbit C3 m is ready to mate
Rabbit C3 m is approaching partner: Rabbit C1f
Rabbit B5m is running away from: LionA2
Rabbit B5m is running away from: WolfA1
Rabbit B5 is Hungry
Rabbit B5m ate
Rabbit B5 m is ready to mate
Rabbit B5 m is approaching partner: Rabbit C1f
Rabbit A3m is running away from: LionC0
Rabbit A3m is running away from: WolfA4
Rabbit A3 is Hungry
Rabbit A3 m is ready to mate
Rabbit A3 m is approaching partner: Rabbit B3f
Rabbit C1f is running away from: LionC2
Rabbit C1f is running away from: WolfA2
Rabbit C1 is Hungry
Rabbit C1 f is ready to mate
Rabbit A4f is running away from: LionC2
Rabbit A4f is running away from: WolfA2
Rabbit A4 is Hungry
Rabbit A4f ate
Rabbit A4 f is ready to mate
Wolf A1f is running away from: LionC4
Wolf A1 f is ready to mate
Wolf A2m is running away from: LionC2
Wolf A2 is Hungry
Wolf A2m is chasing: C3m
Wolf A2 m is ready to mate
Wolf C1f is running away from: LionC0
Wolf C1f ate!
Wolf C1 f is ready to mate
Wolf A4f is running away from: LionC0
Wolf A4 is Hungry
Wolf A4f is chasing: A3m
Wolf A4f ate!
Wolf A4 f is ready to mate
Rabbit A5 is Thirsty
Rabbit A5 drank water
Rabbit A5m is running away from: LionA2
Rabbit A5m is running away from: WolfA1
Rabbit A5 is Hungry
Rabbit A5m ate
Rabbit A5 m is ready to mate
Rabbit A5 m is approaching partner: Rabbit C1f
Rabbit C4 is Thirsty
Rabbit C4 drank water
Rabbit C4m is running away from: LionA2
Rabbit C4m is running away from: WolfC1
Rabbit C4 is Hungry
Rabbit C4m ate
Rabbit C4 m is ready to mate
Rabbit C4 m is approaching partner: Rabbit C1f
Rabbit C5 is Thirsty
Rabbit C5 drank water
Rabbit C5m is running away from: LionC4
Rabbit C5m is running away from: WolfA1
Rabbit C5 is Hungry
Rabbit C5m ate
Rabbit C5 m is ready to mate
Rabbit C5 m is approaching partner: Rabbit C1f
Rabbit C4 is Thirsty
Rabbit C4 drank water
Rabbit C4m is running away from: LionC0
Rabbit C4m is running away from: WolfA4
Rabbit C4 is Hungry
Rabbit C4m ate
Rabbit C4 m is ready to mate
Rabbit C4 m is approaching partner: Rabbit C1f
Rabbit C2 is Thirsty
Rabbit C2 drank water
Rabbit C2m is running away from: LionC2
Rabbit C2m is running away from: WolfA2
Rabbit C2 is Hungry
Rabbit C2 m is ready to mate
Rabbit C2 m is approaching partner: Rabbit A4f
Rabbit C1 is Thirsty
Rabbit C1 drank water
Rabbit C1f is running away from: LionA2
Rabbit C1f is running away from: WolfA1
Rabbit C1 is Hungry
Rabbit C1f ate
Rabbit C1 f is ready to mate
Rabbit C3 is Thirsty
Rabbit C3 drank water
Rabbit C3m is running away from: LionC2
Rabbit C3m is running away from: WolfA2
Rabbit C3 is Hungry
Rabbit C3m ate
Rabbit C3 m is ready to mate
Rabbit C3 m is approaching partner: Rabbit C1f
Rabbit B5 is Thirsty
Rabbit B5 drank water
Rabbit B5m is running away from: LionA2
Rabbit B5m is running away from: WolfA1
Rabbit B5 is Hungry
Rabbit B5 m is ready to mate
Rabbit B5 m is approaching partner: Rabbit C1f
Rabbit C1f is running away from: LionC2
Rabbit C1f is running away from: WolfA2
Rabbit C1 is Hungry
RabbitC1f died of hunger
Rabbit C1 f is ready to mate
Rabbit A4f is running away from: LionC2
Rabbit A4f is running away from: WolfA2
Rabbit A4 is Hungry
Rabbit A4 f is ready to mate
Wolf A1f is running away from: LionC4
Wolf A1 f is ready to mate
Wolf A2m is running away from: LionC2
Wolf A2 is Hungry
Wolf A2m is chasing: C3m
Wolf A2 m is ready to mate
Wolf C1f is running away from: LionC0
Wolf C1 f is ready to mate
Wolf A4f is running away from: LionC0
Wolf A4 f is ready to mate
Rabbit A5 is Thirsty
Rabbit A5 drank water
Rabbit A5m is running away from: LionC0
Rabbit A5m is running away from: WolfA1
Rabbit A5 is Hungry
Rabbit A5m ate
Rabbit A5 m is ready to mate
Rabbit A5 m is approaching partner: Rabbit C1f
Rabbit C4 is Thirsty
Rabbit C4 drank water
Rabbit C4m is running away from: LionA2
Rabbit C4m is running away from: WolfA1
Rabbit C4 is Hungry
Rabbit C4m ate
Rabbit C4 m is ready to mate
Rabbit C4 m is approaching partner: Rabbit C1f
Rabbit C5 is Thirsty
Rabbit C5 drank water
Rabbit C5m is running away from: LionC4
Rabbit C5m is running away from: WolfA1
Rabbit C5 is Hungry
Rabbit C5m ate
Rabbit C5 m is ready to mate
Rabbit C5 m is approaching partner: Rabbit A4f
Rabbit C4 is Thirsty
Rabbit C4 drank water
Rabbit C4m is running away from: LionC0
Rabbit C4m is running away from: WolfA4
Rabbit C4 is Hungry
Rabbit C4m ate
Rabbit C4 m is ready to mate
Rabbit C4 m is approaching partner: Rabbit C1f
Rabbit C2 is Thirsty
Rabbit C2 drank water
Rabbit C2m is running away from: LionC2
Rabbit C2m is running away from: WolfA2
Rabbit C2 is Hungry
Rabbit C2 m is ready to mate
Rabbit C2 m is approaching partner: Rabbit A4f
Rabbit C1 is Thirsty
Rabbit C1 drank water
Rabbit C1f is running away from: LionC0
Rabbit C1f is running away from: WolfA1
Rabbit C1 is Hungry
Rabbit C1 f is ready to mate
Rabbit C3 is Thirsty
Rabbit C3 drank water
Rabbit C3m is running away from: LionC2
Rabbit C3m is running away from: WolfA2
Rabbit C3 is Hungry
Rabbit C3m ate
Rabbit C3 m is ready to mate
Rabbit C3 m is approaching partner: Rabbit A4f
Rabbit B5 is Thirsty
Rabbit B5 drank water
Rabbit B5m is running away from: LionC0
Rabbit B5m is running away from: WolfA1
Rabbit B5 is Hungry
Rabbit B5m ate
Rabbit B5 m is ready to mate
Rabbit B5 m is approaching partner: Rabbit C1f
Rabbit A4f is running away from: LionC2
Rabbit A4f is running away from: WolfA2
Rabbit A4 is Hungry
Rabbit A4 f is ready to mate
Wolf A1f is running away from: LionA2
Wolf A1 f is ready to mate
Wolf A2m is running away from: LionC2
Wolf A2 is Hungry
Wolf A2m is chasing: C3m
Wolf A2 m is ready to mate
Wolf C1f is running away from: LionC0
Wolf C1 f is ready to mate
Wolf A4f is running away from: LionC0
Wolf A4 f is ready to mate
Rabbit A5 is Thirsty
Rabbit A5 drank water
Rabbit A5m is running away from: LionC0
Rabbit A5m is running away from: WolfA4
Rabbit A5 is Hungry
Rabbit A5 m is ready to mate
Rabbit A5 m is approaching partner: Rabbit C1f
Rabbit C4m is running away from: LionA2
Rabbit C4m is running away from: WolfC1
Rabbit C4 is Hungry
Rabbit C4m ate
Rabbit C4 m is ready to mate
Rabbit C4 m is approaching partner: Rabbit C1f
Rabbit C5m is running away from: LionC2
Rabbit C5m is running away from: WolfA1
Rabbit C5 is Hungry
Rabbit C5m ate
Rabbit C5 m is ready to mate
Rabbit C5 m is approaching partner: Rabbit A4f
Rabbit C4 is Thirsty
Rabbit C4 drank water
Rabbit C4m is running away from: LionC0
Rabbit C4m is running away from: WolfA4
Rabbit C4 is Hungry
Rabbit C4 m is ready to mate
Rabbit C4 m is approaching partner: Rabbit C1f
Rabbit C2 is Thirsty
Rabbit C2 drank water
Rabbit C2m is running away from: LionC2
Rabbit C2m is running away from: WolfA2
Rabbit C2 is Hungry
RabbitC2m died of hunger
Rabbit C2m ate
Rabbit C2 m is ready to mate
Rabbit C2 m is approaching partner: Rabbit A4f
Rabbit C1 is Thirsty
Rabbit C1 drank water
Rabbit C1f is running away from: LionC0
Rabbit C1f is running away from: WolfA4
Rabbit C1 is Hungry
Rabbit C1f ate
Rabbit C1 f is ready to mate
Rabbit C3 is Thirsty
Rabbit C3 drank water
Rabbit C3m is running away from: LionC2
Rabbit C3m is running away from: WolfA2
Rabbit C3 is Hungry
Rabbit C3m ate
Rabbit C3 m is ready to mate
Rabbit C3 m is approaching partner: Rabbit A4f
Rabbit B5 is Thirsty
Rabbit B5 drank water
Rabbit B5m is running away from: LionC0
Rabbit B5m is running away from: WolfA4
Rabbit B5 is Hungry
Rabbit B5 m is ready to mate
Rabbit B5 m is approaching partner: Rabbit C1f
Rabbit A4f is running away from: LionC2
Rabbit A4f is running away from: WolfA2
Rabbit A4 is Hungry
Rabbit A4 f is ready to mate
Wolf A1f is running away from: LionC4
Wolf A1 is Hungry
Wolf A1f is chasing: C4m
Wolf A1 f is ready to mate
Wolf A2m is running away from: LionC2
Wolf A2 is Hungry
Wolf A2m is chasing: C3m
Wolf A2 m is ready to mate
Wolf C1f is running away from: LionC0
Wolf C1 f is ready to mate
Wolf A4f is running away from: LionC0
Wolf A4 f is ready to mate
Rabbit A5 is Thirsty
Rabbit A5 drank water
Rabbit A5m is running away from: LionC0
Rabbit A5m is running away from: WolfA1
Rabbit A5 is Hungry
Rabbit A5m ate
Rabbit A5 m is ready to mate
Rabbit A5 m is approaching partner: Rabbit C1f
Rabbit C4m is running away from: LionA2
Rabbit C4m is running away from: WolfC1
Rabbit C4 is Hungry
Rabbit C4 m is ready to mate
Rabbit C4 m is approaching partner: Rabbit C1f
Rabbit C5m is running away from: LionC2
Rabbit C5m is running away from: WolfA2
Rabbit C5 is Hungry
Rabbit C5m ate
Rabbit C5 m is ready to mate
Rabbit C5 m is approaching partner: Rabbit A4f
Rabbit C4 is Thirsty
Rabbit C4 drank water
Rabbit C4m is running away from: LionC0
Rabbit C4m is running away from: WolfA4
Rabbit C4 is Hungry
Rabbit C4 m is ready to mate
Rabbit C4 m is approaching partner: Rabbit C1f
Rabbit C1 is Thirsty
Rabbit C1 drank water
Rabbit C1f is running away from: LionC0
Rabbit C1f is running away from: WolfA1
Rabbit C1 is Hungry
Rabbit C1f ate
Rabbit C1 f is ready to mate
Rabbit C3 is Thirsty
Rabbit C3 drank water
Rabbit C3m is running away from: LionC2
Rabbit C3m is running away from: WolfA2
Rabbit C3 is Hungry
Rabbit C3m ate
Rabbit C3 m is ready to mate
Rabbit C3 m is approaching partner: Rabbit A4f
Rabbit B5 is Thirsty
Rabbit B5 drank water
Rabbit B5m is running away from: LionC0
Rabbit B5m is running away from: WolfA1
Rabbit B5 is Hungry
Rabbit B5m ate
Rabbit B5 m is ready to mate
Rabbit B5 m is approaching partner: Rabbit C1f
Rabbit A4f is running away from: LionC2
Rabbit A4f is running away from: WolfA2
Rabbit A4 is Hungry
RabbitA4f died of hunger
Rabbit A4 f is ready to mate
Lion C4 is Thirsty
Lion C4 drank water
Lion C4 is Hungry
LionC4mis chasing: C5m
Lion A2 is Thirsty
Lion A2 drank water
Lion A2 is Hungry
LionA2fis chasing: C1f
Lion C2 is Thirsty
Lion C2 drank water
Lion C2 is Hungry
LionC2mis chasing: C5m
Lion C0 is Thirsty
Lion C0 drank water
Lion C0 is Hungry
LionC0mis chasing: C4m
Wolf A1f is running away from: LionC4
Wolf A1 is Hungry
Wolf A1f is chasing: C4m
Wolf A1 f is ready to mate
Wolf A2m is running away from: LionC2
Wolf A2 is Hungry
Wolf A2m is chasing: C3m
Wolf A2 m is ready to mate
Wolf C1f is running away from: LionA2
Wolf C1 f is ready to mate
Wolf A4f is running away from: LionC0
Wolf A4 f is ready to mate
Rabbit A5 is Thirsty
Rabbit A5 drank water
Rabbit A5m is running away from: LionC0
Rabbit A5m is running away from: WolfA1
Rabbit A5 is Hungry
Rabbit A5m ate
Rabbit A5 m is ready to mate
Rabbit A5 m is approaching partner: Rabbit C1f
Rabbit C4m is running away from: LionA2
Rabbit C4m is running away from: WolfA1
Rabbit C4 is Hungry
Rabbit C4 m is ready to mate
Rabbit C4 m is approaching partner: Rabbit C1f
Rabbit C5m is running away from: LionC2
Rabbit C5m is running away from: WolfA2
Rabbit C5 is Hungry
Rabbit C5m ate
Rabbit C5 m is ready to mate
Rabbit C5 m is approaching partner: Rabbit C1f
Rabbit C4 is Thirsty
Rabbit C4 drank water
Rabbit C4m is running away from: LionC0
Rabbit C4m is running away from: WolfA4
Rabbit C4 is Hungry
Rabbit C4m ate
Rabbit C4 m is ready to mate
Rabbit C4 m is approaching partner: Rabbit C1f
Rabbit C1 is Thirsty
Rabbit C1 drank water
Rabbit C1f is running away from: LionA2
Rabbit C1f is running away from: WolfA4
Rabbit C1 is Hungry
Rabbit C1f ate
Rabbit C1 f is ready to mate
Rabbit C3 is Thirsty
Rabbit C3 drank water
Rabbit C3m is running away from: LionC2
Rabbit C3m is running away from: WolfA2
Rabbit C3 is Hungry
Rabbit C3m ate
Rabbit C3 m is ready to mate
Rabbit C3 m is approaching partner: Rabbit C1f
Rabbit B5 is Thirsty
Rabbit B5 drank water
Rabbit B5m is running away from: LionC0
Rabbit B5m is running away from: WolfA1
Rabbit B5 is Hungry
Rabbit B5 m is ready to mate
Rabbit B5 m is approaching partner: Rabbit C1f
Lion C4 is Thirsty
Lion C4 drank water
Lion C4 is Hungry
LionC4mis chasing: C5m
Lion A2 is Thirsty
Lion A2 drank water
Lion A2 is Hungry
LionA2fis chasing: C1f
Lion C2 is Thirsty
Lion C2 drank water
Lion C2 is Hungry
LionC2mis chasing: C3m
LionC2m ate: C3m
Lion C0 is Thirsty
Lion C0 drank water
Lion C0 is Hungry
LionC0mis chasing: C4m
Wolf A1f is running away from: LionA2
Wolf A1 is Hungry
Wolf A1f is chasing: C4m
Wolf A1 f is ready to mate
Wolf A2m is running away from: LionC2
Wolf A2 is Hungry
Wolf A2m is chasing: C5m
Wolf A2 m is ready to mate
Wolf C1f is running away from: LionA2
Wolf C1 f is ready to mate
Wolf A4f is running away from: LionC0
Wolf A4 f is ready to mate
Rabbit A5 is Thirsty
Rabbit A5 drank water
Rabbit A5m is running away from: LionC0
Rabbit A5m is running away from: WolfA1
Rabbit A5 is Hungry
Rabbit A5m ate
Rabbit A5 m is ready to mate
Rabbit A5 m is approaching partner: Rabbit C1f
Rabbit C4m is running away from: LionA2
Rabbit C4m is running away from: WolfA1
Rabbit C4 is Hungry
Rabbit C4 m is ready to mate
Rabbit C4 m is approaching partner: Rabbit C1f
Rabbit C5m is running away from: LionC4
Rabbit C5m is running away from: WolfA2
Rabbit C5 is Hungry
Rabbit C5m ate
Rabbit C5 m is ready to mate
Rabbit C5 m is approaching partner: Rabbit C1f
Rabbit C4 is Thirsty
Rabbit C4 drank water
Rabbit C4m is running away from: LionC0
Rabbit C4m is running away from: WolfA4
Rabbit C4 is Hungry
Rabbit C4m ate
Rabbit C4 m is ready to mate
Rabbit C4 m is approaching partner: Rabbit C1f
Rabbit C1 is Thirsty
Rabbit C1 drank water
Rabbit C1f is running away from: LionA2
Rabbit C1f is running away from: WolfA1
Rabbit C1 is Hungry
Rabbit C1f ate
Rabbit C1 f is ready to mate
Rabbit B5 is Thirsty
Rabbit B5 drank water
Rabbit B5m is running away from: LionC0
Rabbit B5m is running away from: WolfA1
Rabbit B5 is Hungry
Rabbit B5 m is ready to mate
Rabbit B5 m is approaching partner: Rabbit C1f
Rabbit A1 f was born!Father is B5 and Mother is C1
Lion C4 is Thirsty
Lion C4 drank water
Lion C4m ate: C5m
Lion A2 is Thirsty
Lion A2 drank water
Lion A2 is Hungry
LionA2fis chasing: A5m
Lion C2 is Thirsty
Lion C2 drank water
Lion C0 is Thirsty
Lion C0 drank water
Lion C0 is Hungry
LionC0mis chasing: B5m
LionC0m ate: B5m
Wolf A1f is running away from: LionA2
Wolf A1 is Hungry
Wolf A1f is chasing: C4m
Wolf A1 f is ready to mate
Wolf A2m is running away from: LionC2
Wolf A2 is Hungry
Wolf A2m is chasing: C5m
Wolf A2 m is ready to mate
Wolf C1f is running away from: LionC0
Wolf C1 is Hungry
Wolf C1f is chasing: C4m
Wolf C1 f is ready to mate
Wolf A4f is running away from: LionC0
Wolf A4 is Hungry
Wolf A4f is chasing: C4m
Wolf A4 f is ready to mate
Rabbit A5 is Thirsty
Rabbit A5 drank water
Rabbit A5m is running away from: LionA2
Rabbit A5m is running away from: WolfA4
Rabbit A5 is Hungry
Rabbit A5m ate
Rabbit A5 m is ready to mate
Not enough female Rabbits or Female Rabbit partners are not ready yet!
Rabbit C4m is running away from: LionA2
Rabbit C4m is running away from: WolfC1
Rabbit C4 is Hungry
RabbitC4m died of hunger
Rabbit C4 m is ready to mate
Not enough female Rabbits or Female Rabbit partners are not ready yet!
Rabbit C5m is running away from: LionC4
Rabbit C5m is running away from: WolfA1
Rabbit C5 is Hungry
Rabbit C5m ate
Rabbit C5 m is ready to mate
Not enough female Rabbits or Female Rabbit partners are not ready yet!
Rabbit C4 is Thirsty
Rabbit C4 drank water
Rabbit C4m is running away from: LionC0
Rabbit C4m is running away from: WolfA4
Rabbit C4 is Hungry
Rabbit C4m ate
Rabbit C4 m is ready to mate
Not enough female Rabbits or Female Rabbit partners are not ready yet!
Rabbit C1 is Thirsty
Rabbit C1 drank water
Rabbit C1f is running away from: LionA2
Rabbit C1f is running away from: WolfA4
Rabbit C1 is Hungry
Rabbit C1f ate
Rabbit C1 f is ready to mate
Rabbit A1f is running away from: LionC0
Rabbit A1f is running away from: WolfA4
Rabbit A1 is Hungry
Rabbit A1f ate
Rabbit A1 f is ready to mate
Lion C4 is Thirsty
Lion C4 drank water
Lion A2 is Thirsty
Lion A2 drank water
Lion A2 is Hungry
LionA2fis chasing: A1f
LionA2f ate: A1f
Lion C2 is Thirsty
Lion C2 drank water
Lion C0 is Thirsty
Lion C0 drank water
Wolf A1f is running away from: LionC2
Wolf A1 is Hungry
Wolf A1f is chasing: C5m
Wolf A1 f is ready to mate
Wolf A2m is running away from: LionC2
Wolf A2 is Hungry
Wolf A2m is chasing: C5m
Wolf A2 m is ready to mate
Wolf C1f is running away from: LionC0
Wolf C1 is Hungry
Wolf C1f is chasing: A5m
Wolf C1 f is ready to mate
Wolf A4f is running away from: LionC0
Wolf A4 is Hungry
Wolf A4f is chasing: A5m
Wolf A4 f is ready to mate
Rabbit A5 is Thirsty
Rabbit A5 drank water
Rabbit A5m is running away from: LionA2
Rabbit A5m is running away from: WolfA4
Rabbit A5 is Hungry
Rabbit A5m ate
Rabbit A5 m is ready to mate
Rabbit A5 m is approaching partner: Rabbit C1f
Rabbit C5m is running away from: LionC4
Rabbit C5m is running away from: WolfA1
Rabbit C5 is Hungry
Rabbit C5 m is ready to mate
Rabbit C5 m is approaching partner: Rabbit C1f
Rabbit C4 is Thirsty
Rabbit C4 drank water
Rabbit C4m is running away from: LionA2
Rabbit C4m is running away from: WolfA4
Rabbit C4 is Hungry
Rabbit C4m ate
Rabbit C4 m is ready to mate
Rabbit C4 m is approaching partner: Rabbit C1f
Rabbit C1 is Thirsty
Rabbit C1 drank water
Rabbit C1f is running away from: LionA2
Rabbit C1f is running away from: WolfA4
Rabbit C1 is Hungry
Rabbit C1f ate
Rabbit C1 f is ready to mate
Lion C4 is Thirsty
Lion C4 drank water
Lion A2 is Thirsty
Lion A2 drank water
Lion C2 is Thirsty
Lion C2 drank water
Lion C0 is Thirsty
Lion C0 drank water
Wolf A1f is running away from: LionC2
Wolf A1 is Hungry
Wolf A1f is chasing: C5m
Wolf A1 f is ready to mate
Wolf A2m is running away from: LionC2
Wolf A2 is Hungry
Wolf A2m is chasing: C5m
Wolf A2 m is ready to mate
Wolf C1f is running away from: LionC0
Wolf C1 is Hungry
Wolf C1f is chasing: A5m
Wolf C1 f is ready to mate
Wolf A4f is running away from: LionC0
Wolf A4 is Hungry
Wolf A4f is chasing: A5m
Wolf A4 f is ready to mate
Rabbit A5 is Thirsty
Rabbit A5 drank water
Rabbit A5m is running away from: LionA2
Rabbit A5m is running away from: WolfA4
Rabbit A5 is Hungry
Rabbit A5 m is ready to mate
Rabbit A5 m is approaching partner: Rabbit C1f
Rabbit C5 is Thirsty
Rabbit C5 drank water
Rabbit C5m is running away from: LionC4
Rabbit C5m is running away from: WolfA2
Rabbit C5 is Hungry
Rabbit C5m ate
Rabbit C5 m is ready to mate
Rabbit C5 m is approaching partner: Rabbit C1f
Rabbit C4 is Thirsty
Rabbit C4 drank water
Rabbit C4m is running away from: LionC0
Rabbit C4m is running away from: WolfA4
Rabbit C4 is Hungry
Rabbit C4 m is ready to mate
Rabbit C4 m is approaching partner: Rabbit C1f
Rabbit A4 m was born!Father is C4 and Mother is C1
Rabbit C1 is Thirsty
Rabbit C1 drank water
Rabbit C1f is running away from: LionA2
Rabbit C1f is running away from: WolfA4
Rabbit C1 is Hungry
Lion A2 is Thirsty
Lion A2 drank water
Lion C0 is Thirsty
Lion C0 drank water
Wolf A1f is running away from: LionA2
Wolf A1 is Hungry
Wolf A1f is chasing: C5m
Wolf A1 f is ready to mate
Wolf A2m is running away from: LionC2
Wolf A2 is Hungry
Wolf A2m is chasing: C5m
Wolf A2 m is ready to mate
Wolf C1f is running away from: LionC0
Wolf C1 is Hungry
Wolf C1f is chasing: A5m
Wolf C1 f is ready to mate
Wolf A4f is running away from: LionC0
Wolf A4 is Hungry
Wolf A4f is chasing: A5m
Wolf A4 f is ready to mate
Rabbit A5 is Thirsty
Rabbit A5 drank water
Rabbit A5m is running away from: LionA2
Rabbit A5m is running away from: WolfA4
Rabbit A5 is Hungry
Rabbit A5 m is ready to mate
Not enough female Rabbits or Female Rabbit partners are not ready yet!
Rabbit C5 is Thirsty
Rabbit C5 drank water
Rabbit C5m is running away from: LionC4
Rabbit C5m is running away from: WolfA1
Rabbit C5 is Hungry
Rabbit C5 m is ready to mate
Not enough female Rabbits or Female Rabbit partners are not ready yet!
Rabbit C4 is Thirsty
Rabbit C4 drank water
Rabbit C4m is running away from: LionA2
Rabbit C4m is running away from: WolfA4
Rabbit C4 is Hungry
Rabbit C4 m is ready to mate
Not enough female Rabbits or Female Rabbit partners are not ready yet!
Rabbit C1 is Thirsty
Rabbit C1 drank water
Rabbit C1f is running away from: LionA2
Rabbit C1f is running away from: WolfA4
Rabbit C1 is Hungry
Rabbit C1 f is ready to mate
Rabbit A4m is running away from: LionA2
Rabbit A4m is running away from: WolfA4
Rabbit A4 is Hungry
Rabbit A4 m is ready to mate
Rabbit A4 m is approaching partner: Rabbit C1f
Lion A2 is Thirsty
Lion A2 drank water
Lion C0 is Thirsty
Lion C0 drank water
Wolf A1f is running away from: LionC2
Wolf A1 is Hungry
Wolf A1f is chasing: C5m
Wolf A1 f is ready to mate
Wolf A2m is running away from: LionC2
Wolf A2 is Hungry
Wolf A2m is chasing: C5m
Wolf A2 m is ready to mate
Wolf C1f is running away from: LionC0
Wolf C1 is Hungry
Wolf C1f is chasing: A5m
Wolf C1 f is ready to mate
Wolf A4f is running away from: LionC0
Wolf A4 is Hungry
Wolf A4f is chasing: A5m
Wolf A4 f is ready to mate
Rabbit A5 is Thirsty
Rabbit A5 drank water
Rabbit A5m is running away from: LionC0
Rabbit A5m is running away from: WolfA4
Rabbit A5 is Hungry
Rabbit A5m ate
Rabbit A5 m is ready to mate
Rabbit A5 m is approaching partner: Rabbit C1f
Rabbit C5 is Thirsty
Rabbit C5 drank water
Rabbit C5m is running away from: LionC4
Rabbit C5m is running away from: WolfA1
Rabbit C5 is Hungry
Rabbit C5 m is ready to mate
Rabbit C5 m is approaching partner: Rabbit C1f
Rabbit C4 is Thirsty
Rabbit C4 drank water
Rabbit C4m is running away from: LionC0
Rabbit C4m is running away from: WolfA4
Rabbit C4 is Hungry
Rabbit C4 m is ready to mate
Rabbit C4 m is approaching partner: Rabbit C1f
Rabbit C1 is Thirsty
Rabbit C1 drank water
Rabbit C1f is running away from: LionC0
Rabbit C1f is running away from: WolfA4
Rabbit C1 is Hungry
Rabbit C1f ate
Rabbit C1 f is ready to mate
Rabbit A4m is running away from: LionC0
Rabbit A4m is running away from: WolfA4
Rabbit A4 is Hungry
Rabbit A4 m is ready to mate
Rabbit A4 m is approaching partner: Rabbit C1f
Lion A2 is Thirsty
Lion A2 drank water
Lion C0 is Thirsty
Lion C0 drank water
Wolf A1f is running away from: LionC2
Wolf A1 is Hungry
Wolf A1f is chasing: C5m
Wolf A1 f is ready to mate
Wolf A2m is running away from: LionC2
Wolf A2 is Hungry
Wolf A2m is chasing: C5m
Wolf A2 m is ready to mate
Wolf C1f is running away from: LionC0
Wolf C1 is Hungry
Wolf C1f is chasing: A5m
Wolf C1 f is ready to mate
Wolf A4f is running away from: LionC0
Wolf A4 is Hungry
Wolf A4f is chasing: A5m
Wolf A4 f is ready to mate
Rabbit A5 is Thirsty
Rabbit A5 drank water
Rabbit A5m is running away from: LionC0
Rabbit A5m is running away from: WolfA4
Rabbit A5 is Hungry
Rabbit A5 m is ready to mate
Rabbit A5 m is approaching partner: Rabbit C1f
Rabbit C5 is Thirsty
Rabbit C5 drank water
Rabbit C5m is running away from: LionC4
Rabbit C5m is running away from: WolfA1
Rabbit C5 is Hungry
Rabbit C5 m is ready to mate
Rabbit C5 m is approaching partner: Rabbit C1f
Rabbit C4 is Thirsty
Rabbit C4 drank water
Rabbit C4m is running away from: LionA2
Rabbit C4m is running away from: WolfA4
Rabbit C4 is Hungry
RabbitC4m died of hunger
Rabbit C4 m is ready to mate
Rabbit C4 m is approaching partner: Rabbit C1f
Rabbit C1 is Thirsty
Rabbit C1 drank water
Rabbit C1f is running away from: LionA2
Rabbit C1f is running away from: WolfA4
Rabbit C1 is Hungry
Rabbit C1 f is ready to mate
Rabbit A4m is running away from: LionA2
Rabbit A4m is running away from: WolfA4
Rabbit A4 is Hungry
Rabbit A4 m is ready to mate
Rabbit A4 m is approaching partner: Rabbit C1f
Lion C0 is Thirsty
Lion C0 drank water
Wolf A1f is running away from: LionC2
Wolf A1 is Hungry
Wolf A1f is chasing: C5m
Wolf A1 f is ready to mate
Wolf A2m is running away from: LionC2
Wolf A2 is Hungry
Wolf A2m is chasing: C5m
Wolf A2 m is ready to mate
Wolf C1f is running away from: LionC0
Wolf C1 is Hungry
Wolf C1f is chasing: A5m
Wolf C1 f is ready to mate
Wolf A4f is running away from: LionC0
Wolf A4 is Hungry
Wolf A4f is chasing: A5m
Wolf A4 f is ready to mate
Rabbit A5 is Thirsty
Rabbit A5 drank water
Rabbit A5m is running away from: LionA2
Rabbit A5m is running away from: WolfA4
Rabbit A5 is Hungry
Rabbit A5 m is ready to mate
Rabbit A5 m is approaching partner: Rabbit C1f
Rabbit C5 is Thirsty
Rabbit C5 drank water
Rabbit C5m is running away from: LionC4
Rabbit C5m is running away from: WolfA1
Rabbit C5 is Hungry
RabbitC5m died of hunger
Rabbit C5m ate
Rabbit C5 m is ready to mate
Rabbit C5 m is approaching partner: Rabbit C1f
Rabbit C1 is Thirsty
Rabbit C1 drank water
Rabbit C1f is running away from: LionA2
Rabbit C1f is running away from: WolfA4
Rabbit C1 is Hungry
Rabbit C1 f is ready to mate
Rabbit A4m is running away from: LionA2
Rabbit A4m is running away from: WolfA4
Rabbit A4 is Hungry
RabbitA4m died of hunger
Rabbit A4 m is ready to mate
Rabbit A4 m is approaching partner: Rabbit C1f
Lion C0 is Thirsty
Lion C0 drank water
Wolf A1f is running away from: LionC2
Wolf A1 is Hungry
Wolf A1f is chasing: A5m
Wolf A1 is Thirsty
Wolf A1drank water
Wolf A1 f is ready to mate
Wolf A2m is running away from: LionC2
Wolf A2 is Hungry
WolfA2m died of hunger
Wolf A2m is chasing: A5m
Wolf A2 is Thirsty
Wolf A2drank water
Wolf A2 m is ready to mate
Wolf C1f is running away from: LionC0
Wolf C1 is Hungry
Wolf C1f is chasing: A5m
Wolf C1 is Thirsty
Wolf C1drank water
Wolf C1 f is ready to mate
Wolf A4f is running away from: LionC0
Wolf A4 is Hungry
Wolf A4f is chasing: A5m
Wolf A4 is Thirsty
Wolf A4drank water
Wolf A4 f is ready to mate
Rabbit A5 is Thirsty
Rabbit A5 drank water
Rabbit A5m is running away from: LionA2
Rabbit A5m is running away from: WolfA4
Rabbit A5 is Hungry
Rabbit A5 m is ready to mate
Rabbit A5 m is approaching partner: Rabbit C1f
Rabbit C1 is Thirsty
Rabbit C1 drank water
Rabbit C1f is running away from: LionA2
Rabbit C1f is running away from: WolfA4
Rabbit C1 is Hungry
Rabbit C1 f is ready to mate
Lion C4 m is ready to mate
Wolf A4f ate!
Lion A2 f is ready to mate
Lion C2 m is ready to mate
Lion C0 is Thirsty
Lion C0 drank water
Lion C0 m is ready to mate
Wolf A1f is running away from: LionC4
Wolf A1 is Hungry
Wolf A1f is chasing: C1f
Wolf A1 is Thirsty
Wolf A1drank water
Wolf A1 f is ready to mate
Wolf C1f is running away from: LionC0
Wolf C1 is Hungry
Wolf C1f is chasing: C1f
Wolf C1 is Thirsty
Wolf C1drank water
Wolf C1 f is ready to mate
Wolf A4f is running away from: LionC0
Wolf A4 is Hungry
Wolf A4f is chasing: C1f
Wolf A4 is Thirsty
Wolf A4drank water
Wolf A4 f is ready to mate
Rabbit C1 is Thirsty
Rabbit C1 drank water
Rabbit C1f is running away from: LionA2
Rabbit C1f is running away from: WolfA1
Rabbit C1 is Hungry
RabbitC1f died of hunger
Rabbit C1 f is ready to mate
Lion C4 m is ready to mate
Lion A2 f is ready to mate
Lion C2 is Hungry
LionC2mis chasing: A1f
Lion C2 m is ready to mate
Lion C0 is Thirsty
Lion C0 drank water
Lion C0 m is ready to mate
Wolf A1f is running away from: LionC4
Wolf A1 is Hungry
Wolf C1f is running away from: LionC0
Wolf C1 is Hungry
Wolf A4f is running away from: LionC0
Wolf A4 is Hungry
Lion C4 is Hungry
LionC4mis chasing: A1f
Lion C4 m is ready to mate
Lion A2 f is ready to mate
Lion C2 is Hungry
LionC2mis chasing: A1f
Lion C2 m is ready to mate
Lion C0 is Thirsty
Lion C0 drank water
Lion C0 is Hungry
LionC0mis chasing: A4f
Lion C0 m is ready to mate
Wolf A1f is running away from: LionC4
Wolf A1 is Hungry
Wolf C1f is running away from: LionC0
Wolf C1 is Hungry
Wolf A4f is running away from: LionC0
Wolf A4 is Hungry
Lion C4 is Hungry
LionC4mis chasing: A1f
Lion C4 m is ready to mate
Lion A2 f is ready to mate
Lion C2 is Hungry
LionC2mis chasing: A1f
Lion C2 m is ready to mate
Lion C0 is Thirsty
Lion C0 drank water
Lion C0 is Hungry
LionC0mis chasing: A4f
Lion C0 m is ready to mate
Wolf A1f is running away from: LionC4
Wolf A1 is Hungry
WolfA1f died of hunger
Wolf C1f is running away from: LionC0
Wolf C1 is Hungry
Wolf A4f is running away from: LionC0
Wolf A4 is Hungry
Lion C4 is Thirsty
Lion C4 drank water
Lion C4 is Hungry
LionC4mis chasing: A4f
Lion C4 m is ready to mate
Lion A2 f is ready to mate
Lion C2 is Thirsty
Lion C2 drank water
Lion C2 is Hungry
Lion C0 is Thirsty
Lion C0 drank water
Lion C0 is Hungry
LionC0mis chasing: A4f
Lion C0 m is ready to mate
Wolf C1f is running away from: LionC0
Wolf C1 is Hungry
Wolf A4f is running away from: LionC0
Wolf A4 is Hungry
Lion C4 is Thirsty
Lion C4 drank water
Lion C4 is Hungry
LionC4mis chasing: A4f
Lion C4 m is ready to mate
Lion A2 f is ready to mate
Lion C2 is Thirsty
Lion C2 drank water
Lion C2 is Hungry
Lion C0 is Thirsty
Lion C0 drank water
Lion C0 is Hungry
LionC0mis chasing: A4f
Lion C0 m is ready to mate
Wolf C1f is running away from: LionC0
Wolf C1 is Hungry
Wolf A4f is running away from: LionC0
Wolf A4 is Hungry
Lion C4 is Thirsty
Lion C4 drank water
Lion C4 is Hungry
LionC4mis chasing: C1f
Lion C4 m is ready to mate
Lion A2 f is ready to mate
Lion C2 is Hungry
Lion C0 is Thirsty
Lion C0 drank water
Lion C0 is Hungry
LionC0mis chasing: C1f
Lion C0 m is ready to mate
Wolf C1f is running away from: LionC0
Wolf C1 is Hungry
WolfC1f died of hunger
Wolf A4f is running away from: LionC0
Wolf A4 is Hungry
WolfA4f died of hunger
Lion C4 is Thirsty
Lion C4 drank water
Lion C4 is Hungry
Lion A2 is Thirsty
Lion A2 drank water
Lion A2 f is ready to mate
Lion C2 is Hungry
Lion C0 is Thirsty
Lion C0 drank water
Lion C0 is Hungry
Lion C4 is Thirsty
Lion C4 drank water
Lion C4 is Hungry
Lion A2 is Thirsty
Lion A2 drank water
Lion A2 f is ready to mate
Lion C2 is Hungry
Lion C0 is Thirsty
Lion C0 drank water
Lion C0 is Hungry
Lion C4 is Thirsty
Lion C4 drank water
Lion C4 is Hungry
Lion A2 is Thirsty
Lion A2 drank water
Lion A2 f is ready to mate
Lion C2 is Hungry
Lion C0 is Thirsty
Lion C0 drank water
Lion C0 is Hungry
Lion C4 is Thirsty
Lion C4 drank water
Lion C4 is Hungry
Lion A2 is Thirsty
Lion A2 drank water
Lion A2 is Hungry
Lion C2 is Hungry
Lion C0 is Thirsty
Lion C0 drank water
Lion C0 is Hungry
Lion C4 is Hungry
Lion A2 is Hungry
Lion C2 is Hungry
Lion C0 is Thirsty
Lion C0 drank water
Lion C0 is Hungry
Lion C4 is Hungry
Lion A2 is Hungry
Lion C2 is Hungry
Lion C0 is Thirsty
Lion C0 drank water
Lion C0 is Hungry
Lion C4 is Hungry
Lion A2 is Hungry
Lion C2 is Hungry
Lion C0 is Thirsty
Lion C0 drank water
Lion C0 is Hungry
Lion C4 is Hungry
Lion A2 is Hungry
Lion C2 is Hungry
Lion C0 is Thirsty
Lion C0 drank water
Lion C0 is Hungry
Lion C4 is Hungry
Lion A2 is Hungry
Lion C2 is Thirsty
Lion C2 drank water
Lion C2 is Hungry
Lion C0 is Thirsty
Lion C0 drank water
Lion C0 is Hungry
Lion C4 is Hungry
Lion A2 is Hungry
Lion C2 is Hungry
Lion C0 is Thirsty
Lion C0 drank water
Lion C0 is Hungry
Lion C4 is Hungry
Lion A2 is Hungry
Lion C2 is Hungry
Lion C0 is Thirsty
Lion C0 drank water
Lion C0 is Hungry
Lion C4 is Hungry
Lion A2 is Hungry
Lion C2 is Hungry
Lion C0 is Thirsty
Lion C0 drank water
Lion C0 is Hungry
