Wolf A3f is running away from: LionA5
Wolf B2m is running away from: LionB0
Wolf C3m is running away from: LionA0
Wolf C3f is running away from: LionA0
Wolf B5m is running away from: LionB2
Wolf C2m is running away from: LionB2
Wolf C2m ate!
Wolf B5f is running away from: LionA0
Wolf B4f is running away from: LionA0
Wolf B4f ate!
Rabbit B1m is running away from: LionA5
Rabbit B1m is running away from: WolfA3
Rabbit A4f is running away from: LionA5
Rabbit A4f is running away from: WolfA3
Rabbit A5f is running away from: LionB0
Rabbit A5f is running away from: WolfB2
Rabbit B1m is running away from: LionA4
Rabbit B1m is running away from: WolfC3
Rabbit A2m is running away from: LionA5
Rabbit A2m is running away from: WolfA3
Rabbit C3f is running away from: LionA5
Rabbit C3f is running away from: WolfA3
Rabbit C4f is running away from: LionA0
Rabbit C4f is running away from: WolfC2
Rabbit B1f is running away from: LionB0
Rabbit B1f is running away from: WolfB2
Rabbit A1f is running away from: LionA0
Rabbit A1f is running away from: WolfC2
Rabbit A0m is running away from: LionA5
Rabbit A0m is running away from: WolfA3
Rabbit A4f is running away from: LionB2
Rabbit A4f is running away from: WolfB5
Rabbit C2m is running away from: LionB2
Rabbit C2m is running away from: WolfB5
Rabbit C2f is running away from: LionA5
Rabbit C2f is running away from: WolfA3
Rabbit C1f is running away from: LionB2
Rabbit C1f is running away from: WolfB5
Rabbit B0f is running away from: LionB2
Rabbit B0f is running away from: WolfB5
Rabbit C0m is running away from: LionA4
Rabbit C0m is running away from: WolfB4
Rabbit C4f is running away from: LionA5
Rabbit C4f is running away from: WolfA3
Rabbit B3f is running away from: LionB0
Rabbit B3f is running away from: WolfB2
Wolf A3f is running away from: LionA5
Wolf B2m is running away from: LionB0
Wolf C3m is running away from: LionA4
Wolf C3f is running away from: LionA0
Wolf B5m is running away from: LionB2
Wolf C2m is running away from: LionB2
Wolf B5f is running away from: LionA0
Wolf B4f is running away from: LionA0
Rabbit B1m is running away from: LionA5
Rabbit B1m is running away from: WolfA3
Rabbit A4f is running away from: LionA5
Rabbit A4f is running away from: WolfB2
Rabbit A5f is running away from: LionB0
Rabbit A5f is running away from: WolfB2
Rabbit B1m is running away from: LionA4
Rabbit B1m is running away from: WolfB4
Rabbit A2m is running away from: LionB0
Rabbit A2m is running away from: WolfA3
Rabbit C3f is running away from: LionA5
Rabbit C3f is running away from: WolfA3
Rabbit C4f is running away from: LionA4
Rabbit C4f is running away from: WolfC2
Rabbit B1f is running away from: LionA5
Rabbit B1f is running away from: WolfB2
Rabbit A1f is running away from: LionA0
Rabbit A1f is running away from: WolfC2
Rabbit A0m is running away from: LionA5
Rabbit A0m is running away from: WolfA3
Rabbit A4f is running away from: LionA0
Rabbit A4f is running away from: WolfC3
Rabbit C2m is running away from: LionA0
Rabbit C2m is running away from: WolfC3
Rabbit C2f is running away from: LionA5
Rabbit C2f is running away from: WolfA3
Rabbit C1f is running away from: LionB2
Rabbit C1f is running away from: WolfB5
Rabbit B0f is running away from: LionB2
Rabbit B0f is running away from: WolfB5
Rabbit C0m is running away from: LionA4
Rabbit C0m is running away from: WolfB4
Rabbit C4f is running away from: LionA5
Rabbit C4f is running away from: WolfA3
Rabbit B3f is running away from: LionA5
Rabbit B3f is running away from: WolfB2
Wolf A3f is running away from: LionA5
Wolf B2m is running away from: LionB0
Wolf C3m is running away from: LionA0
Wolf C3f is running away from: LionA0
Wolf B5m is running away from: LionB2
Wolf C2m is running away from: LionB2
Wolf B5f is running away from: LionA0
Wolf B4f is running away from: LionA0
Rabbit B1m is running away from: LionA5
Rabbit B1m is running away from: WolfA3
Rabbit A4f is running away from: LionA5
Rabbit A4f is running away from: WolfB2
Rabbit A5f is running away from: LionB0
Rabbit A5f is running away from: WolfB2
Rabbit B1m is running away from: LionA0
Rabbit B1m is running away from: WolfB4
Rabbit A2m is running away from: LionA5
Rabbit A2m is running away from: WolfB2
Rabbit C3f is running away from: LionA5
Rabbit C3f is running away from: WolfA3
Rabbit C4f is running away from: LionB0
Rabbit C4f is running away from: WolfC2
Rabbit B1f is running away from: LionB0
Rabbit B1f is running away from: WolfB2
Rabbit A1f is running away from: LionB0
Rabbit A1f is running away from: WolfC2
Rabbit A0m is running away from: LionB0
Rabbit A0m is running away from: WolfA3
Rabbit A4f is running away from: LionB2
Rabbit A4f is running away from: WolfB5
Rabbit C2m is running away from: LionB2
Rabbit C2m is running away from: WolfB5
Rabbit C2f is running away from: LionA5
Rabbit C2f is running away from: WolfA3
Rabbit C1f is running away from: LionB2
Rabbit C1f is running away from: WolfB5
Rabbit B0f is running away from: LionB2
Rabbit B0f is running away from: WolfB5
Rabbit C0m is running away from: LionA4
Rabbit C0m is running away from: WolfB4
Rabbit C4f is running away from: LionA5
Rabbit C4f is running away from: WolfA3
Rabbit B3f is running away from: LionA5
Rabbit B3f is running away from: WolfB2
Wolf A3f is running away from: LionA5
Wolf B2m is running away from: LionB0
Wolf C3m is running away from: LionA0
Wolf C3f is running away from: LionA0
Wolf B5m is running away from: LionB2
Wolf C2m is running away from: LionB2
Wolf B5f is running away from: LionA0
Wolf B4f is running away from: LionA0
Rabbit B1m is running away from: LionB0
Rabbit B1m is running away from: WolfA3
Rabbit A4f is running away from: LionA5
Rabbit A4f is running away from: WolfB2
Rabbit A5f is running away from: LionB0
Rabbit A5f is running away from: WolfB2
Rabbit B1m is running away from: LionA4
Rabbit B1m is running away from: WolfB4
Rabbit A2m is running away from: LionA5
Rabbit A2m is running away from: WolfB2
Rabbit C3f is running away from: LionA5
Rabbit C3f is running away from: WolfA3
Rabbit C4f is running away from: LionA4
Rabbit C4f is running away from: WolfC3
Rabbit B1f is running away from: LionB0
Rabbit B1f is running away from: WolfB2
Rabbit A1f is running away from: LionA4
Rabbit A1f is running away from: WolfC3
Rabbit A0m is running away from: LionB0
Rabbit A0m is running away from: WolfA3
Rabbit A4f is running away from: LionB2
Rabbit A4f is running away from: WolfB5
Rabbit C2m is running away from: LionB2
Rabbit C2m is running away from: WolfB5
Rabbit C2f is running away from: LionA5
Rabbit C2f is running away from: WolfA3
Rabbit C1f is running away from: LionB2
Rabbit C1f is running away from: WolfB5
Rabbit B0f is running away from: LionB2
Rabbit B0f is running away from: WolfB5
Rabbit C0m is running away from: LionA4
Rabbit C0m is running away from: WolfB4
Rabbit C4f is running away from: LionA5
Rabbit C4f is running away from: WolfA3
Rabbit B3f is running away from: LionA5
Rabbit B3f is running away from: WolfB2
Lion B0 f is ready to mate
Lion B2 m is ready to mate
Lion A5 f is ready to mate
Lion A4 m is ready to mate
Lion A0 f is ready to mate
Wolf A3f is running away from: LionA5
Wolf B2m is running away from: LionB0
Wolf C3m is running away from: LionA0
Wolf C3f is running away from: LionA0
Wolf B5m is running away from: LionB2
Wolf C2m is running away from: LionB2
Wolf B5f is running away from: LionA0
Wolf B4f is running away from: LionA0
Rabbit B1m is running away from: LionB0
Rabbit B1m is running away from: WolfA3
Rabbit B1 is Hungry
Rabbit B1m ate
Rabbit B1 m is ready to mate
Rabbit B1 m is approaching partner: Rabbit C3f
Rabbit A4f is running away from: LionB0
Rabbit A4f is running away from: WolfB2
Rabbit A4 is Hungry
Rabbit A4f ate
Rabbit A4 f is ready to mate
Rabbit A5f is running away from: LionB0
Rabbit A5f is running away from: WolfB2
Rabbit A5 is Hungry
Rabbit A5f ate
Rabbit A5 f is ready to mate
Rabbit B1m is running away from: LionA4
Rabbit B1m is running away from: WolfB4
Rabbit B1 is Hungry
Rabbit B1m ate
Rabbit B1 m is ready to mate
Rabbit B1 m is approaching partner: Rabbit A1f
Rabbit A2m is running away from: LionA5
Rabbit A2m is running away from: WolfA3
Rabbit A2 is Hungry
Rabbit A2m ate
Rabbit A2 m is ready to mate
Rabbit A2 m is approaching partner: Rabbit A5f
Rabbit C3f is running away from: LionB0
Rabbit C3f is running away from: WolfA3
Rabbit C3 is Hungry
Rabbit C3f ate
Rabbit C3 f is ready to mate
Rabbit C4f is running away from: LionB0
Rabbit C4f is running away from: WolfC3
Rabbit C4 is Hungry
Rabbit C4f ate
Rabbit C4 f is ready to mate
Rabbit B1f is running away from: LionA5
Rabbit B1f is running away from: WolfB2
Rabbit B1 is Hungry
Rabbit B1f ate
Rabbit B1 f is ready to mate
Rabbit A1f is running away from: LionA4
Rabbit A1f is running away from: WolfC3
Rabbit A1 is Hungry
Rabbit A1f ate
Rabbit A1 f is ready to mate
Rabbit A0m is running away from: LionB0
Rabbit A0m is running away from: WolfA3
Rabbit A0 is Hungry
Rabbit A0m ate
Rabbit A0 m is ready to mate
Rabbit A0 m is approaching partner: Rabbit C3f
Rabbit A4f is running away from: LionB2
Rabbit A4f is running away from: WolfB5
Rabbit A4 is Hungry
Rabbit A4f ate
Rabbit A4 f is ready to mate
Rabbit C2m is running away from: LionB2
Rabbit C2m is running away from: WolfB5
Rabbit C2 is Hungry
Rabbit C2m ate
Rabbit C2 m is ready to mate
Rabbit C2 m is approaching partner: Rabbit A4f
Rabbit C2f is running away from: LionA5
Rabbit C2f is running away from: WolfA3
Rabbit C2 is Hungry
Rabbit C2f ate
Rabbit C2 f is ready to mate
Rabbit C1f is running away from: LionB2
Rabbit C1f is running away from: WolfB5
Rabbit C1 is Hungry
Rabbit C1f ate
Rabbit C1 f is ready to mate
Rabbit B0f is running away from: LionB2
Rabbit B0f is running away from: WolfB5
Rabbit B0 is Hungry
Rabbit B0 f is ready to mate
Rabbit C0m is running away from: LionA4
Rabbit C0m is running away from: WolfB4
Rabbit C0 is Hungry
Rabbit C0m ate
Rabbit C0 m is ready to mate
Rabbit C0 m is approaching partner: Rabbit C4f
Rabbit C4f is running away from: LionA5
Rabbit C4f is running away from: WolfA3
Rabbit C4 is Hungry
Rabbit C4 f is ready to mate
Rabbit B3f is running away from: LionA5
Rabbit B3f is running away from: WolfA3
Rabbit B3 is Hungry
Rabbit B3 f is ready to mate
Lion B0 f is ready to mate
Lion B2 m is ready to mate
Lion A5 f is ready to mate
Lion A4 m is ready to mate
Lion A0 f is ready to mate
Wolf A3f is running away from: LionA5
Wolf B2m is running away from: LionB0
Wolf C3m is running away from: LionA0
Wolf C3f is running away from: LionA0
Wolf B5m is running away from: LionB2
Wolf C2m is running away from: LionA0
Wolf B5f is running away from: LionB2
Wolf B4f is running away from: LionA0
Rabbit B1m is running away from: LionB0
Rabbit B1m is running away from: WolfA3
Rabbit B1 m is ready to mate
Rabbit B1 m is approaching partner: Rabbit C3f
Rabbit A4f is running away from: LionB0
Rabbit A4f is running away from: WolfB2
Rabbit A4 f is ready to mate
Rabbit A5f is running away from: LionB0
Rabbit A5f is running away from: WolfA3
Rabbit A5 f is ready to mate
Rabbit B1m is running away from: LionA4
Rabbit B1m is running away from: WolfB2
Rabbit B1 m is ready to mate
Rabbit B1 m is approaching partner: Rabbit C4f
Rabbit A2m is running away from: LionB0
Rabbit A2m is running away from: WolfA3
Rabbit A2 m is ready to mate
Rabbit A2 m is approaching partner: Rabbit A5f
Rabbit C3f is running away from: LionB0
Rabbit C3f is running away from: WolfA3
Rabbit C3 f is ready to mate
Rabbit C4f is running away from: LionA4
Rabbit C4f is running away from: WolfC3
Rabbit C4 f is ready to mate
Rabbit B1f is running away from: LionA5
Rabbit B1f is running away from: WolfA3
Rabbit B1 f is ready to mate
Rabbit A1f is running away from: LionA4
Rabbit A1f is running away from: WolfC3
Rabbit A1 f is ready to mate
Rabbit A0m is running away from: LionB0
Rabbit A0m is running away from: WolfA3
Rabbit A0 m is ready to mate
Rabbit A0 m is approaching partner: Rabbit C3f
Rabbit A4f is running away from: LionB2
Rabbit A4f is running away from: WolfC3
Rabbit A4 f is ready to mate
Rabbit C2m is running away from: LionB2
Rabbit C2m is running away from: WolfC3
Rabbit C2 m is ready to mate
Rabbit C2 m is approaching partner: Rabbit A4f
Rabbit C2f is running away from: LionA5
Rabbit C2f is running away from: WolfA3
Rabbit C2 f is ready to mate
Rabbit C1f is running away from: LionB2
Rabbit C1f is running away from: WolfB5
Rabbit C1 f is ready to mate
Rabbit B0f is running away from: LionB2
Rabbit B0f is running away from: WolfB5
Rabbit B0 is Hungry
Rabbit B0 f is ready to mate
Rabbit C0m is running away from: LionA0
Rabbit C0m is running away from: WolfB2
Rabbit C0 m is ready to mate
Rabbit C0 m is approaching partner: Rabbit C4f
Rabbit C4f is running away from: LionA5
Rabbit C4f is running away from: WolfA3
Rabbit C4 is Hungry
Rabbit C4f ate
Rabbit C4 f is ready to mate
Rabbit B3f is running away from: LionA5
Rabbit B3f is running away from: WolfA3
Rabbit B3 is Hungry
Rabbit B3f ate
Rabbit B3 f is ready to mate
Lion B0 f is ready to mate
Lion B2 m is ready to mate
Lion A5 f is ready to mate
Lion A4 m is ready to mate
Lion A0 f is ready to mate
Wolf A3f is running away from: LionA5
Wolf A3 is Hungry
Wolf A3f is chasing: C4f
Wolf B2m is running away from: LionB0
Wolf B2 is Hungry
Wolf B2m is chasing: A4f
Wolf C3m is running away from: LionA0
Wolf C3 is Hungry
Wolf C3m is chasing: C4f
Wolf C3f is running away from: LionA0
Wolf C3 is Hungry
Wolf C3f is chasing: A4f
Wolf B5m is running away from: LionB2
Wolf B5m ate!
Wolf C2m is running away from: LionA0
Wolf B5f is running away from: LionA0
Wolf B5 is Hungry
Wolf B5f is chasing: A4f
Wolf B4f is running away from: LionA0
Rabbit B1m is running away from: LionB0
Rabbit B1m is running away from: WolfA3
Rabbit B1 m is ready to mate
Rabbit B1 m is approaching partner: Rabbit C3f
Rabbit A4f is running away from: LionB0
Rabbit A4f is running away from: WolfB2
Rabbit A4 f is ready to mate
Rabbit A5f is running away from: LionB0
Rabbit A5f is running away from: WolfA3
Rabbit A5 f is ready to mate
Rabbit B1m is running away from: LionA4
Rabbit B1m is running away from: WolfC2
Rabbit B1 m is ready to mate
Rabbit B1 m is approaching partner: Rabbit A4f
Rabbit A2m is running away from: LionB0
Rabbit A2m is running away from: WolfA3
Rabbit A2 m is ready to mate
Rabbit A2 m is approaching partner: Rabbit B3f
Rabbit C3f is running away from: LionB0
Rabbit C3f is running away from: WolfA3
Rabbit C3 f is ready to mate
Rabbit C4f is running away from: LionB0
Rabbit C4f is running away from: WolfC3
Rabbit C4 f is ready to mate
Rabbit B1f is running away from: LionB0
Rabbit B1f is running away from: WolfA3
Rabbit B1 f is ready to mate
Rabbit A1f is running away from: LionB0
Rabbit A1f is running away from: WolfC3
Rabbit A1 f is ready to mate
Rabbit A0m is running away from: LionB0
Rabbit A0m is running away from: WolfA3
Rabbit A0 m is ready to mate
Rabbit A0 m is approaching partner: Rabbit C3f
Rabbit A4f is running away from: LionB2
Rabbit A4f is running away from: WolfC3
Rabbit A4 f is ready to mate
Rabbit C2m is running away from: LionB2
Rabbit C2m is running away from: WolfC3
Rabbit C2 m is ready to mate
Rabbit C2 m is approaching partner: Rabbit A4f
Rabbit C2f is running away from: LionA5
Rabbit C2f is running away from: WolfA3
Rabbit C2 f is ready to mate
Rabbit B0f is running away from: LionB2
Rabbit B0f is running away from: WolfB5
Rabbit B0 is Hungry
Rabbit B0 f is ready to mate
Rabbit C0m is running away from: LionA4
Rabbit C0m is running away from: WolfC2
Rabbit C0 m is ready to mate
Rabbit C0 m is approaching partner: Rabbit A1f
Rabbit C4f is running away from: LionA5
Rabbit C4f is running away from: WolfA3
Rabbit C4 f is ready to mate
Rabbit B3f is running away from: LionB0
Rabbit B3f is running away from: WolfA3
Rabbit B3 f is ready to mate
Lion B0 is Hungry
LionB0fis chasing: B2m
Lion B0 f is ready to mate
Lion B2 is Hungry
LionB2mis chasing: C2m
Lion B2 m is ready to mate
Lion A5 is Hungry
LionA5fis chasing: C2f
Lion A5 f is ready to mate
Lion A4 is Hungry
LionA4mis chasing: C0m
Lion A4 m is ready to mate
Lion A0 is Hungry
LionA0fis chasing: C2m
Lion A0 f is ready to mate
Wolf A3f is running away from: LionA5
Wolf A3 is Hungry
Wolf A3f is chasing: C4f
Wolf A3 f is ready to mate
Wolf B2m is running away from: LionB0
Wolf B2 is Hungry
Wolf B2m is chasing: A4f
Wolf B2 m is ready to mate
Wolf C3m is running away from: LionA0
Wolf C3 is Hungry
Wolf C3m is chasing: A1f
Wolf C3m ate!
Wolf C3 m is ready to mate
Wolf C3f is running away from: LionB2
Wolf C3 is Hungry
Wolf C3f is chasing: A4f
Wolf C3 f is ready to mate
Wolf B5m is running away from: LionB2
Wolf B5m ate!
Wolf B5 m is ready to mate
Wolf C2m is running away from: LionA0
Wolf C2 is Hungry
Wolf C2m is chasing: C4f
Wolf C2 m is ready to mate
Wolf B5f is running away from: LionB2
Wolf B5 is Hungry
Wolf B5f is chasing: A4f
Wolf B5 f is ready to mate
Wolf B4f is running away from: LionB2
Wolf B4 is Hungry
Wolf B4f is chasing: A4f
Wolf B4 f is ready to mate
Rabbit B1m is running away from: LionB0
Rabbit B1m is running away from: WolfA3
Rabbit B1 m is ready to mate
Rabbit B1 m is approaching partner: Rabbit C3f
Rabbit A4f is running away from: LionA5
Rabbit A4f is running away from: WolfB2
Rabbit A4 f is ready to mate
Rabbit A5f is running away from: LionB0
Rabbit A5f is running away from: WolfA3
Rabbit A5 f is ready to mate
Rabbit B1m is running away from: LionB2
Rabbit B1m is running away from: WolfB4
Rabbit B1 m is ready to mate
Rabbit B1 m is approaching partner: Rabbit C4f
Rabbit A2m is running away from: LionA5
Rabbit A2m is running away from: WolfA3
Rabbit A2 m is ready to mate
Rabbit A2 m is approaching partner: Rabbit A5f
Rabbit C3f is running away from: LionB0
Rabbit C3f is running away from: WolfA3
Rabbit C3 f is ready to mate
Rabbit C4f is running away from: LionB0
Rabbit C4f is running away from: WolfC3
Rabbit C4 f is ready to mate
Rabbit B1f is running away from: LionA5
Rabbit B1f is running away from: WolfB2
Rabbit B1 f is ready to mate
Rabbit A0m is running away from: LionB0
Rabbit A0m is running away from: WolfC3
Rabbit A0 m is ready to mate
Rabbit A0 m is approaching partner: Rabbit C3f
Rabbit A4f is running away from: LionB2
Rabbit A4f is running away from: WolfB5
Rabbit A4 f is ready to mate
Rabbit C2m is running away from: LionB2
Rabbit C2m is running away from: WolfB5
Rabbit C2 m is ready to mate
Rabbit C2 m is approaching partner: Rabbit A4f
Rabbit C2f is running away from: LionA5
Rabbit C2f is running away from: WolfB2
Rabbit C2 f is ready to mate
Rabbit C0m is running away from: LionA4
Rabbit C0m is running away from: WolfB4
Rabbit C0 m is ready to mate
Rabbit C0 m is approaching partner: Rabbit C4f
Rabbit C4f is running away from: LionA5
Rabbit C4f is running away from: WolfA3
Rabbit C4 f is ready to mate
Rabbit B3f is running away from: LionA5
Rabbit B3f is running away from: WolfB2
Rabbit B3 f is ready to mate
Lion B0 is Hungry
LionB0fis chasing: B2m
Lion B0 f is ready to mate
Lion B2 is Hungry
LionB2mis chasing: C2m
Lion B2 m is ready to mate
Lion A5 is Hungry
LionA5fis chasing: C4f
Lion A5 f is ready to mate
Lion A4 is Hungry
LionA4mis chasing: C0m
Lion A4 m is ready to mate
Lion A0 is Hungry
LionA0fis chasing: C2m
Lion A0 f is ready to mate
Wolf A3f is running away from: LionA5
Wolf A3 is Hungry
Wolf A3f is chasing: C4f
Wolf A3 f is ready to mate
Wolf B2m is running away from: LionB0
Wolf B2 is Hungry
Wolf B2m is chasing: A4f
Wolf B2 m is ready to mate
Wolf C3m is running away from: LionA0
Wolf C3 m is ready to mate
Wolf C3f is running away from: LionB2
Wolf C3 is Hungry
Wolf C3f is chasing: A4f
Wolf C3 f is ready to mate
Wolf B5m is running away from: LionB2
Wolf B5 m is ready to mate
Wolf C2m is running away from: LionA0
Wolf C2m ate!
Wolf C2 m is ready to mate
Wolf B5f is running away from: LionB2
Wolf B5 is Hungry
Wolf B5f is chasing: A4f
Wolf B5 f is ready to mate
Wolf B4f is running away from: LionB2
Wolf B4 is Hungry
Wolf B4f is chasing: A4f
Wolf B4 f is ready to mate
Rabbit B1m is running away from: LionA5
Rabbit B1m is running away from: WolfC3
Rabbit B1 m is ready to mate
Rabbit B1 m is approaching partner: Rabbit C3f
Rabbit A4f is running away from: LionA5
Rabbit A4f is running away from: WolfB2
Rabbit A4 f is ready to mate
Rabbit A5f is running away from: LionA5
Rabbit A5f is running away from: WolfC3
Rabbit A5 f is ready to mate
Rabbit B1m is running away from: LionA4
Rabbit B1m is running away from: WolfB4
Rabbit B1 m is ready to mate
Rabbit B1 m is approaching partner: Rabbit A4f
Rabbit A2m is running away from: LionA5
Rabbit A2m is running away from: WolfC3
Rabbit A2 m is ready to mate
Rabbit A2 m is approaching partner: Rabbit A5f
Rabbit C3f is running away from: LionA5
Rabbit C3f is running away from: WolfC3
Rabbit C3 f is ready to mate
Rabbit B1f is running away from: LionA5
Rabbit B1f is running away from: WolfA3
Rabbit B1 f is ready to mate
Rabbit A0m is running away from: LionA5
Rabbit A0m is running away from: WolfC3
Rabbit A0 m is ready to mate
Rabbit A0 m is approaching partner: Rabbit C3f
Rabbit A4f is running away from: LionB2
Rabbit A4f is running away from: WolfC3
Rabbit A4 f is ready to mate
Rabbit C2m is running away from: LionB2
Rabbit C2m is running away from: WolfC3
Rabbit C2 m is ready to mate
Rabbit C2 m is approaching partner: Rabbit A4f
Rabbit C2f is running away from: LionA5
Rabbit C2f is running away from: WolfA3
Rabbit C2 f is ready to mate
Rabbit C0m is running away from: LionA4
Rabbit C0m is running away from: WolfC2
Rabbit C0 m is ready to mate
Rabbit C0 m is approaching partner: Rabbit A4f
Rabbit C4f is running away from: LionA5
Rabbit C4f is running away from: WolfA3
Rabbit C4 f is ready to mate
Rabbit B3f is running away from: LionA5
Rabbit B3f is running away from: WolfA3
Rabbit B3 f is ready to mate
Lion B0 is Hungry
LionB0fis chasing: A4f
Lion B0 f is ready to mate
Lion B2 is Hungry
LionB2mis chasing: B1m
Lion B2 m is ready to mate
Lion A2 m was born!Father is B2 and Mother is A0
Lion A5 is Hungry
LionA5fis chasing: C2f
LionA5f ate: C2f
Lion A5 f is ready to mate
Lion A4 is Hungry
LionA4mis chasing: C0m
Lion A4 m is ready to mate
Lion A0 is Hungry
LionA0fis chasing: C2m
Wolf A3f is running away from: LionA5
Wolf A3 is Hungry
Wolf A3f is chasing: C4f
Wolf A3 f is ready to mate
Wolf B2m is running away from: LionA5
Wolf B2 is Hungry
Wolf B2m is chasing: A4f
Wolf B2 m is ready to mate
Wolf C3m is running away from: LionB0
Wolf C3 m is ready to mate
Wolf C3f is running away from: LionA2
Wolf C3 is Hungry
Wolf C3f is chasing: A4f
Wolf C3 f is ready to mate
Wolf B5m is running away from: LionA2
Wolf B5 m is ready to mate
Wolf C2m is running away from: LionA0
Wolf C2 m is ready to mate
Wolf B5f is running away from: LionA2
Wolf B5 is Hungry
Wolf B5f is chasing: A4f
Wolf B5 f is ready to mate
Wolf B4f is running away from: LionA2
Wolf B4 is Hungry
Wolf B4f is chasing: A4f
Wolf B4 f is ready to mate
Rabbit B1m is running away from: LionB0
Rabbit B1m is running away from: WolfC3
Rabbit B1 is Hungry
Rabbit B1m ate
Rabbit B1 m is ready to mate
Rabbit B1 m is approaching partner: Rabbit C3f
Rabbit A4f is running away from: LionB0
Rabbit A4f is running away from: WolfB2
Rabbit A4 is Hungry
Rabbit A4f ate
Rabbit A4 f is ready to mate
Rabbit A5f is running away from: LionB0
Rabbit A5f is running away from: WolfB2
Rabbit A5 is Hungry
Rabbit A5f ate
Rabbit A5 f is ready to mate
Rabbit B1m is running away from: LionA4
Rabbit B1m is running away from: WolfC2
Rabbit B1 is Hungry
Rabbit B1m ate
Rabbit B1 m is ready to mate
Rabbit B1 m is approaching partner: Rabbit A4f
Rabbit A2m is running away from: LionB0
Rabbit A2m is running away from: WolfB2
Rabbit A2 is Hungry
Rabbit A2 m is ready to mate
Rabbit A2 m is approaching partner: Rabbit A5f
Rabbit C3f is running away from: LionB0
Rabbit C3f is running away from: WolfC3
Rabbit C3 is Hungry
Rabbit C3 f is ready to mate
Rabbit B1f is running away from: LionA5
Rabbit B1f is running away from: WolfB2
Rabbit B1 is Hungry
Rabbit B1 f is ready to mate
Rabbit A0m is running away from: LionB0
Rabbit A0m is running away from: WolfC3
Rabbit A0 is Hungry
Rabbit A0 m is ready to mate
Rabbit A0 m is approaching partner: Rabbit C3f
Rabbit A4f is running away from: LionA2
Rabbit A4f is running away from: WolfC3
Rabbit A4 is Hungry
Rabbit A4f ate
Rabbit A4 f is ready to mate
Rabbit C2m is running away from: LionA2
Rabbit C2m is running away from: WolfC3
Rabbit C2 is Hungry
Rabbit C2 m is ready to mate
Rabbit C2 m is approaching partner: Rabbit A4f
Rabbit C0m is running away from: LionA4
Rabbit C0m is running away from: WolfC2
Rabbit C0 is Hungry
Rabbit C0m ate
Rabbit C0 m is ready to mate
Rabbit C0 m is approaching partner: Rabbit A4f
Rabbit C4f is running away from: LionA5
Rabbit C4f is running away from: WolfA3
Rabbit C4 f is ready to mate
Rabbit B3f is running away from: LionA5
Rabbit B3f is running away from: WolfB2
Rabbit B3 f is ready to mate
Lion B0 is Thirsty
Lion B0 drank water
Lion B0 is Hungry
LionB0fis chasing: A4f
Lion B0 f is ready to mate
Lion B2 is Thirsty
Lion B2 drank water
Lion B2 is Hungry
LionB2mis chasing: B1m
Lion B2 m is ready to mate
Lion A5 is Thirsty
Lion A5 drank water
Lion A5 f is ready to mate
Lion A4 is Thirsty
Lion A4 drank water
Lion A4 is Hungry
LionA4mis chasing: B1m
Lion A4 m is ready to mate
Lion A0 is Thirsty
Lion A0 drank water
Lion A0 is Hungry
LionA0fis chasing: B1m
Wolf A3f is running away from: LionA5
Wolf A3 is Hungry
Wolf A3f is chasing: C4f
Wolf A3 f is ready to mate
Wolf B2m is running away from: LionA5
Wolf B2m ate!
Wolf B2 m is ready to mate
Wolf C3m is running away from: LionB0
Wolf C3 m is ready to mate
Wolf C3f is running away from: LionA2
Wolf C3 is Hungry
Wolf C3f is chasing: A4f
Wolf C3 f is ready to mate
Wolf B5m is running away from: LionA2
Wolf B5 m is ready to mate
Wolf C4 m was born! Father is B5 and Mother is C3
Wolf C2m is running away from: LionB0
Wolf C2 m is ready to mate
Wolf B5f is running away from: LionA2
Wolf B5 is Hungry
Wolf B5f is chasing: A4f
Wolf B5 f is ready to mate
Wolf B4f is running away from: LionA2
Wolf B4 is Hungry
Wolf B4f is chasing: A4f
Wolf B4 f is ready to mate
Rabbit B1m is running away from: LionB0
Rabbit B1m is running away from: WolfB2
Rabbit B1 m is ready to mate
Rabbit B1 m is approaching partner: Rabbit C3f
Rabbit A5f is running away from: LionB0
Rabbit A5f is running away from: WolfB2
Rabbit A5 f is ready to mate
Rabbit B1m is running away from: LionB2
Rabbit B1m is running away from: WolfC2
Rabbit B1 m is ready to mate
Rabbit B1 m is approaching partner: Rabbit A4f
Rabbit A2m is running away from: LionB0
Rabbit A2m is running away from: WolfB2
Rabbit A2 is Hungry
Rabbit A2m ate
Rabbit A2 m is ready to mate
Rabbit A2 m is approaching partner: Rabbit B1f
Rabbit C3f is running away from: LionA5
Rabbit C3f is running away from: WolfC3
Rabbit C3 is Hungry
Rabbit C3 f is ready to mate
Rabbit B1f is running away from: LionA5
Rabbit B1f is running away from: WolfB2
Rabbit B1 is Hungry
Rabbit B1 f is ready to mate
Rabbit A0m is running away from: LionA5
Rabbit A0m is running away from: WolfC3
Rabbit A0 is Hungry
Rabbit A0 m is ready to mate
Rabbit A0 m is approaching partner: Rabbit B1f
Rabbit A4f is running away from: LionA2
Rabbit A4f is running away from: WolfC3
Rabbit A4 f is ready to mate
Rabbit C2m is running away from: LionA2
Rabbit C2m is running away from: WolfC3
Rabbit C2 is Hungry
Rabbit C2 m is ready to mate
Rabbit C2 m is approaching partner: Rabbit A4f
Rabbit C0m is running away from: LionB2
Rabbit C0m is running away from: WolfC2
Rabbit C0 m is ready to mate
Rabbit C0 m is approaching partner: Rabbit A4f
Rabbit C4f is running away from: LionA5
Rabbit C4f is running away from: WolfA3
Rabbit C4 is Hungry
Rabbit C4f ate
Rabbit C4 f is ready to mate
Rabbit B3f is running away from: LionB0
Rabbit B3f is running away from: WolfB2
Rabbit B3 is Hungry
Rabbit B3 f is ready to mate
Lion B0 is Thirsty
Lion B0 drank water
Lion B0 is Hungry
LionB0fis chasing: B3f
Lion B0 f is ready to mate
Lion B2 is Thirsty
Lion B2 drank water
Lion B2 is Hungry
LionB2mis chasing: B1m
Lion B2 m is ready to mate
Lion A5 is Thirsty
Lion A5 drank water
Lion A5 f is ready to mate
Lion A4 is Thirsty
Lion A4 drank water
Lion A4 is Hungry
LionA4mis chasing: C2m
Lion A4 m is ready to mate
Lion A0 is Thirsty
Lion A0 drank water
Lion A0 is Hungry
LionA0fis chasing: C2m
Wolf A3f is running away from: LionA5
Wolf A3 is Hungry
Wolf A3f is chasing: C4f
Wolf A3 f is ready to mate
Wolf B2m is running away from: LionA5
Wolf B2 m is ready to mate
Wolf C3m is running away from: LionB0
Wolf C3 m is ready to mate
Wolf C3f is running away from: LionA2
Wolf C3 is Hungry
Wolf C3f is chasing: A4f
Wolf C3f ate!
Wolf B5m is running away from: LionA2
Wolf B5 m is ready to mate
Wolf C2m is running away from: LionB0
Wolf C2 m is ready to mate
Wolf B5f is running away from: LionA2
Wolf B5 is Hungry
Wolf B5f is chasing: C2m
Wolf B5 f is ready to mate
Wolf B4f is running away from: LionA2
Wolf B4 is Hungry
Wolf B4f is chasing: C2m
Wolf B4f ate!
Wolf B4 f is ready to mate
Wolf C4m is running away from: LionA2
Rabbit B1m is running away from: LionB0
Rabbit B1m is running away from: WolfA3
Rabbit B1 m is ready to mate
Rabbit B1 m is approaching partner: Rabbit B1f
Rabbit A5f is running away from: LionB0
Rabbit A5f is running away from: WolfB2
Rabbit A5 f is ready to mate
Rabbit B1m is running away from: LionB2
Rabbit B1m is running away from: WolfB5
Rabbit B1 m is ready to mate
Rabbit B1 m is approaching partner: Rabbit B3f
Rabbit A2m is running away from: LionB0
Rabbit A2m is running away from: WolfA3
Rabbit A2 m is ready to mate
Rabbit A2 m is approaching partner: Rabbit B1f
Rabbit C3f is running away from: LionB0
Rabbit C3f is running away from: WolfB2
Rabbit C3 is Hungry
Rabbit C3 f is ready to mate
Rabbit B1f is running away from: LionB0
Rabbit B1f is running away from: WolfB2
Rabbit B1 is Hungry
Rabbit B1f ate
Rabbit B1 f is ready to mate
Rabbit A0m is running away from: LionB0
Rabbit A0m is running away from: WolfB2
Rabbit A0 is Hungry
Rabbit A0 m is ready to mate
Rabbit A0 m is approaching partner: Rabbit B1f
Rabbit C0m is running away from: LionB2
Rabbit C0m is running away from: WolfB5
Rabbit C0 m is ready to mate
Rabbit C0 m is approaching partner: Rabbit B3f
Rabbit C4f is running away from: LionA5
Rabbit C4f is running away from: WolfA3
Rabbit C4 f is ready to mate
Rabbit B3f is running away from: LionB0
Rabbit B3f is running away from: WolfC3
Rabbit B3 is Hungry
Rabbit B3f ate
Rabbit B3 f is ready to mate
Lion B0 is Thirsty
Lion B0 drank water
Lion B0 is Hungry
LionB0fis chasing: B3f
Lion B0 f is ready to mate
Lion B2 is Hungry
LionB2mis chasing: B1m
Lion B2 m is ready to mate
Lion A5 is Thirsty
Lion A5 drank water
Lion A5 f is ready to mate
Lion A4 is Thirsty
Lion A4 drank water
Lion A4 is Hungry
LionA4mis chasing: B3f
Lion A4 m is ready to mate
Lion A0 is Thirsty
Lion A0 drank water
Lion A0 is Hungry
LionA0fis chasing: C2m
Wolf A3f is running away from: LionA5
Wolf A3 is Hungry
WolfA3f died of hunger
Wolf A3f is chasing: C4f
Wolf A3 f is ready to mate
Wolf B2m is running away from: LionB0
Wolf B2 m is ready to mate
Wolf C3m is running away from: LionB0
Wolf C3 m is ready to mate
Wolf C3f is running away from: LionA2
Wolf B5m is running away from: LionA2
Wolf B5 m is ready to mate
Wolf B3 m was born! Father is B5 and Mother is B5
Wolf C2m is running away from: LionA4
Wolf C2 m is ready to mate
Wolf B5f is running away from: LionA2
Wolf B5 is Hungry
WolfB5f died of hunger
Wolf B5f is chasing: B1m
Wolf B4f is running away from: LionA2
Wolf B4 f is ready to mate
Wolf C4m is running away from: LionA2
Rabbit B1m is running away from: LionB0
Rabbit B1m is running away from: WolfB2
Rabbit B1 m is ready to mate
Rabbit B1 m is approaching partner: Rabbit B1f
Rabbit A5f is running away from: LionB0
Rabbit A5f is running away from: WolfB2
Rabbit A5 f is ready to mate
Rabbit B1m is running away from: LionB2
Rabbit B1m is running away from: WolfB3
Rabbit B1 m is ready to mate
Rabbit B1 m is approaching partner: Rabbit B3f
Rabbit A2m is running away from: LionB0
Rabbit A2m is running away from: WolfB2
Rabbit A2 m is ready to mate
Rabbit A2 m is approaching partner: Rabbit B1f
Rabbit C3f is running away from: LionB0
Rabbit C3f is running away from: WolfB2
Rabbit C3 is Hungry
Rabbit C3 f is ready to mate
Rabbit B1f is running away from: LionB0
Rabbit B1f is running away from: WolfB2
Rabbit B1 f is ready to mate
Rabbit A0m is running away from: LionB0
Rabbit A0m is running away from: WolfB2
Rabbit A0 is Hungry
Rabbit A0m ate
Rabbit A0 m is ready to mate
Rabbit A0 m is approaching partner: Rabbit B1f
Rabbit C0m is running away from: LionB2
Rabbit C0m is running away from: WolfB3
Rabbit C0 m is ready to mate
Rabbit C0 m is approaching partner: Rabbit B3f
Rabbit C4f is running away from: LionA5
Rabbit C4f is running away from: WolfB2
Rabbit C4 f is ready to mate
Rabbit B3f is running away from: LionB0
Rabbit B3f is running away from: WolfC3
Rabbit B3 f is ready to mate
Lion B0 is Thirsty
Lion B0 drank water
Lion B0 is Hungry
LionB0f died of hunger
LionB0fis chasing: B3f
Lion B0 f is ready to mate
Lion B2 is Hungry
LionB2m died of hunger
LionB2mis chasing: B1m
Lion B2 m is ready to mate
Lion A5 is Thirsty
Lion A5 drank water
Lion A5 f is ready to mate
Lion A4 is Thirsty
Lion A4 drank water
Lion A4 is Hungry
LionA4m died of hunger
LionA4mis chasing: B2m
Lion A4 m is ready to mate
Lion A0 is Thirsty
Lion A0 drank water
Lion A0 is Hungry
LionA0f died of hunger
LionA0fis chasing: C2m
Wolf B2m is running away from: LionA5
Wolf B2 m is ready to mate
Wolf C3m is running away from: LionA2
Wolf C3 m is ready to mate
Wolf C3f is running away from: LionA2
Wolf B5m is running away from: LionA2
Wolf B5 m is ready to mate
Wolf B0 f was born! Father is B5 and Mother is B4
Wolf C2m is running away from: LionA2
Wolf C2 m is ready to mate
No Female Wolf Partner or Female Wolf Partner not ready yet!
Wolf B4f is running away from: LionA2
Wolf C4m is running away from: LionA2
Wolf B3m is running away from: LionA2
Rabbit B1m is running away from: LionA5
Rabbit B1m is running away from: WolfB2
Rabbit B1 m is ready to mate
Rabbit B1 m is approaching partner: Rabbit B1f
Rabbit A5f is running away from: LionA5
Rabbit A5f is running away from: WolfB2
Rabbit A5 f is ready to mate
Rabbit B1m is running away from: LionA2
Rabbit B1m is running away from: WolfC3
Rabbit B1 m is ready to mate
Rabbit B1 m is approaching partner: Rabbit B3f
Rabbit A2m is running away from: LionA5
Rabbit A2m is running away from: WolfB2
Rabbit A2 m is ready to mate
Rabbit A2 m is approaching partner: Rabbit B1f
Rabbit C3f is running away from: LionA5
Rabbit C3f is running away from: WolfB2
Rabbit C3 is Hungry
RabbitC3f died of hunger
Rabbit C3f ate
Rabbit C3 f is ready to mate
Rabbit B1f is running away from: LionA5
Rabbit B1f is running away from: WolfB2
Rabbit B1 f is ready to mate
Rabbit A0m is running away from: LionA5
Rabbit A0m is running away from: WolfB2
Rabbit A0 m is ready to mate
Rabbit A0 m is approaching partner: Rabbit B1f
Rabbit C0m is running away from: LionA2
Rabbit C0m is running away from: WolfC3
Rabbit C0 m is ready to mate
Rabbit C0 m is approaching partner: Rabbit B3f
Rabbit C4f is running away from: LionA5
Rabbit C4f is running away from: WolfB2
Rabbit C4 f is ready to mate
Rabbit B3f is running away from: LionA5
Rabbit B3f is running away from: WolfC3
Rabbit B3 f is ready to mate
Lion A5 f is ready to mate
Wolf B2m is running away from: LionA5
Wolf B2 m is ready to mate
No Female Wolf Partner or Female Wolf Partner not ready yet!
Wolf C3m is running away from: LionA2
Wolf C3 is Hungry
Wolf C3m is chasing: B3f
Wolf C3 m is ready to mate
No Female Wolf Partner or Female Wolf Partner not ready yet!
Wolf C3f is running away from: LionA2
Wolf B5m is running away from: LionA2
Wolf B5 is Hungry
Wolf B5m is chasing: B1m
Wolf B5 m is ready to mate
No Female Wolf Partner or Female Wolf Partner not ready yet!
Wolf C2m is running away from: LionA2
Wolf C2 m is ready to mate
No Female Wolf Partner or Female Wolf Partner not ready yet!
Wolf B4f is running away from: LionA2
Wolf C4m is running away from: LionA2
Wolf B3m is running away from: LionA2
Wolf B0f is running away from: LionA2
Rabbit B1m is running away from: LionA5
Rabbit B1m is running away from: WolfB2
Rabbit B1 is Hungry
Rabbit B1m ate
Rabbit B1 m is ready to mate
Rabbit B1 m is approaching partner: Rabbit B1f
Rabbit A5f is running away from: LionA5
Rabbit A5f is running away from: WolfC3
Rabbit A5 is Hungry
Rabbit A5f ate
Rabbit A5 f is ready to mate
Rabbit B1m is running away from: LionA2
Rabbit B1m is running away from: WolfC3
Rabbit B1 is Hungry
Rabbit B1 m is ready to mate
Rabbit B1 m is approaching partner: Rabbit A5f
Rabbit A2m is running away from: LionA5
Rabbit A2m is running away from: WolfB2
Rabbit A2 m is ready to mate
Rabbit A2 m is approaching partner: Rabbit B1f
Rabbit B1f is running away from: LionA5
Rabbit B1f is running away from: WolfB2
Rabbit B1 f is ready to mate
Rabbit A0m is running away from: LionA5
Rabbit A0m is running away from: WolfB2
Rabbit A0 m is ready to mate
Rabbit A0 m is approaching partner: Rabbit B1f
Rabbit C0m is running away from: LionA2
Rabbit C0m is running away from: WolfC3
Rabbit C0 is Hungry
Rabbit C0 m is ready to mate
Rabbit C0 m is approaching partner: Rabbit A5f
Rabbit C4f is running away from: LionA5
Rabbit C4f is running away from: WolfB2
Rabbit C4 f is ready to mate
Rabbit B3f is running away from: LionA5
Rabbit B3f is running away from: WolfC3
Rabbit B3 f is ready to mate
Lion A5 f is ready to mate
Wolf B2m is running away from: LionA5
Wolf B2 m is ready to mate
No Female Wolf Partner or Female Wolf Partner not ready yet!
Wolf C3m is running away from: LionA2
Wolf C3 is Hungry
Wolf C3m is chasing: B3f
Wolf C3m ate!
Wolf C3 m is ready to mate
No Female Wolf Partner or Female Wolf Partner not ready yet!
Wolf C3f is running away from: LionA2
Wolf B5m is running away from: LionA2
Wolf B5 is Hungry
Wolf B5m is chasing: B1m
Wolf B5 m is ready to mate
No Female Wolf Partner or Female Wolf Partner not ready yet!
Wolf C2m is running away from: LionA2
Wolf C2 is Hungry
Wolf C2m is chasing: A5f
Wolf C2 m is ready to mate
No Female Wolf Partner or Female Wolf Partner not ready yet!
Wolf B4f is running away from: LionA2
Wolf C4m is running away from: LionA2
Wolf B3m is running away from: LionA2
Wolf B0f is running away from: LionA2
Rabbit B1m is running away from: LionA5
Rabbit B1m is running away from: WolfB2
Rabbit B1 m is ready to mate
Rabbit B1 m is approaching partner: Rabbit B1f
Rabbit A5f is running away from: LionA5
Rabbit A5f is running away from: WolfC3
Rabbit A5 f is ready to mate
Rabbit B1m is running away from: LionA2
Rabbit B1m is running away from: WolfC2
Rabbit B1 is Hungry
Rabbit B1 m is ready to mate
Rabbit B1 m is approaching partner: Rabbit A5f
Rabbit A2m is running away from: LionA5
Rabbit A2m is running away from: WolfB2
Rabbit A2 is Hungry
Rabbit A2m ate
Rabbit A2 m is ready to mate
Rabbit A2 m is approaching partner: Rabbit B1f
Rabbit B1f is running away from: LionA5
Rabbit B1f is running away from: WolfB2
Rabbit B1 f is ready to mate
Rabbit A0m is running away from: LionA5
Rabbit A0m is running away from: WolfB2
Rabbit A0 m is ready to mate
Rabbit A0 m is approaching partner: Rabbit B1f
Rabbit C0m is running away from: LionA2
Rabbit C0m is running away from: WolfC2
Rabbit C0 is Hungry
Rabbit C0 m is ready to mate
Rabbit C0 m is approaching partner: Rabbit A5f
Rabbit C4f is running away from: LionA5
Rabbit C4f is running away from: WolfB2
Rabbit C4 is Hungry
Rabbit C4 f is ready to mate
Lion A5 is Hungry
LionA5fis chasing: B2m
Lion A5 f is ready to mate
Lion A2 is Hungry
LionA2mis chasing: B1m
Wolf B2m is running away from: LionA5
Wolf B2 m is ready to mate
No Female Wolf Partner or Female Wolf Partner not ready yet!
Wolf C3m is running away from: LionA5
Wolf C3 m is ready to mate
No Female Wolf Partner or Female Wolf Partner not ready yet!
Wolf C3f is running away from: LionA2
Wolf B5m is running away from: LionA2
Wolf B5 is Hungry
Wolf B5m is chasing: B1m
Wolf B5 m is ready to mate
No Female Wolf Partner or Female Wolf Partner not ready yet!
Wolf C2m is running away from: LionA5
Wolf C2 is Hungry
Wolf C2m is chasing: A5f
Wolf C2 m is ready to mate
No Female Wolf Partner or Female Wolf Partner not ready yet!
Wolf B4f is running away from: LionA2
Wolf C4m is running away from: LionA2
Wolf B3m is running away from: LionA2
Wolf B0f is running away from: LionA2
Rabbit B1m is running away from: LionA5
Rabbit B1m is running away from: WolfB2
Rabbit B1 m is ready to mate
Rabbit B1 m is approaching partner: Rabbit B1f
Rabbit A5f is running away from: LionA5
Rabbit A5f is running away from: WolfB2
Rabbit A5 f is ready to mate
Rabbit B1m is running away from: LionA2
Rabbit B1m is running away from: WolfB2
Rabbit B1 is Hungry
Rabbit B1m ate
Rabbit B1 m is ready to mate
Rabbit B1 m is approaching partner: Rabbit A5f
Rabbit A2m is running away from: LionA5
Rabbit A2m is running away from: WolfB2
Rabbit A2 m is ready to mate
Rabbit A2 m is approaching partner: Rabbit B1f
Rabbit B1f is running away from: LionA5
Rabbit B1f is running away from: WolfB2
Rabbit B1 is Hungry
Rabbit B1 f is ready to mate
Rabbit A0m is running away from: LionA5
Rabbit A0m is running away from: WolfB2
Rabbit A0 m is ready to mate
Rabbit A0 m is approaching partner: Rabbit B1f
Rabbit C0m is running away from: LionA2
Rabbit C0m is running away from: WolfB2
Rabbit C0 is Hungry
Rabbit C0 m is ready to mate
Rabbit C0 m is approaching partner: Rabbit A5f
Rabbit C4f is running away from: LionA5
Rabbit C4f is running away from: WolfB2
Rabbit C4 is Hungry
Rabbit C4 f is ready to mate
Lion A5 is Hungry
LionA5fis chasing: B2m
Lion A5 f is ready to mate
Lion A2 is Hungry
LionA2mis chasing: B1m
Wolf B2m is running away from: LionA5
Wolf B2 is Hungry
Wolf B2m is chasing: A5f
Wolf B2 m is ready to mate
No Female Wolf Partner or Female Wolf Partner not ready yet!
Wolf C3m is running away from: LionA5
Wolf C3 m is ready to mate
No Female Wolf Partner or Female Wolf Partner not ready yet!
Wolf C3f is running away from: LionA2
Wolf B5m is running away from: LionA2
Wolf B5 is Hungry
Wolf B5m is chasing: B1m
Wolf B5 m is ready to mate
No Female Wolf Partner or Female Wolf Partner not ready yet!
Wolf C2m is running away from: LionA5
Wolf C2 is Hungry
Wolf C2m is chasing: A5f
Wolf C2 m is ready to mate
No Female Wolf Partner or Female Wolf Partner not ready yet!
Wolf B4f is running away from: LionA2
Wolf C4m is running away from: LionA2
Wolf C4 is Hungry
Wolf C4m is chasing: B1m
Wolf B3m is running away from: LionA2
Wolf B0f is running away from: LionA2
Rabbit B1m is running away from: LionA5
Rabbit B1m is running away from: WolfB2
Rabbit B1 m is ready to mate
Rabbit B1 m is approaching partner: Rabbit B1f
Rabbit A5f is running away from: LionA5
Rabbit A5f is running away from: WolfC2
Rabbit A5 f is ready to mate
Rabbit B1m is running away from: LionA2
Rabbit B1m is running away from: WolfB2
Rabbit B1 m is ready to mate
Rabbit B1 m is approaching partner: Rabbit A5f
Rabbit A2m is running away from: LionA5
Rabbit A2m is running away from: WolfB2
Rabbit A2 m is ready to mate
Rabbit A2 m is approaching partner: Rabbit B1f
Rabbit B1f is running away from: LionA5
Rabbit B1f is running away from: WolfB2
Rabbit B1 is Hungry
Rabbit B1 f is ready to mate
Rabbit A0m is running away from: LionA5
Rabbit A0m is running away from: WolfB2
Rabbit A0 is Hungry
Rabbit A0 m is ready to mate
Rabbit A0 m is approaching partner: Rabbit B1f
Rabbit C0m is running away from: LionA2
Rabbit C0m is running away from: WolfB2
Rabbit C0 is Hungry
Rabbit C0m ate
Rabbit C0 m is ready to mate
Rabbit C0 m is approaching partner: Rabbit A5f
Rabbit C4f is running away from: LionA5
Rabbit C4f is running away from: WolfB2
Rabbit C4 is Hungry
Rabbit C4 f is ready to mate
Lion A5 is Hungry
LionA5fis chasing: B2m
Lion A5 f is ready to mate
Lion A2 is Hungry
LionA2mis chasing: B1m
Wolf B2m is running away from: LionA5
Wolf B2 is Hungry
Wolf B2m is chasing: A5f
Wolf B2 m is ready to mate
No Female Wolf Partner or Female Wolf Partner not ready yet!
Wolf C3m is running away from: LionA5
Wolf C3 m is ready to mate
No Female Wolf Partner or Female Wolf Partner not ready yet!
Wolf C3f is running away from: LionA2
Wolf C3 is Hungry
Wolf C3f is chasing: B1m
Wolf B5m is running away from: LionA2
Wolf B5 is Hungry
Wolf B5m is chasing: B1m
Wolf B5 m is ready to mate
No Female Wolf Partner or Female Wolf Partner not ready yet!
Wolf C2m is running away from: LionA5
Wolf C2 is Hungry
Wolf C2m is chasing: A5f
Wolf C2 m is ready to mate
No Female Wolf Partner or Female Wolf Partner not ready yet!
Wolf B4f is running away from: LionA2
Wolf B4 is Hungry
Wolf B4f is chasing: B1m
Wolf C4m is running away from: LionA2
Wolf C4 is Hungry
Wolf C4m is chasing: B1m
Wolf B3m is running away from: LionA2
Wolf B0f is running away from: LionA2
Rabbit B1m is running away from: LionA5
Rabbit B1m is running away from: WolfB2
Rabbit B1 m is ready to mate
Rabbit B1 m is approaching partner: Rabbit B1f
Rabbit A5f is running away from: LionA5
Rabbit A5f is running away from: WolfC2
Rabbit A5 f is ready to mate
Rabbit B1m is running away from: LionA2
Rabbit B1m is running away from: WolfB2
Rabbit B1 m is ready to mate
Rabbit B1 m is approaching partner: Rabbit A5f
Rabbit A2m is running away from: LionA5
Rabbit A2m is running away from: WolfB2
Rabbit A2 m is ready to mate
Rabbit A2 m is approaching partner: Rabbit B1f
Rabbit B1f is running away from: LionA5
Rabbit B1f is running away from: WolfB2
Rabbit B1 is Hungry
Rabbit B1 f is ready to mate
Rabbit A0m is running away from: LionA5
Rabbit A0m is running away from: WolfB2
Rabbit A0 is Hungry
Rabbit A0 m is ready to mate
Rabbit A0 m is approaching partner: Rabbit B1f
Rabbit C0m is running away from: LionA2
Rabbit C0m is running away from: WolfB2
Rabbit C0 m is ready to mate
Rabbit C0 m is approaching partner: Rabbit A5f
Rabbit C4f is running away from: LionA5
Rabbit C4f is running away from: WolfB2
Rabbit C4 is Hungry
Rabbit C4 f is ready to mate
Lion A5 is Hungry
LionA5fis chasing: B2m
Lion A5 f is ready to mate
Lion A2 is Thirsty
Lion A2 drank water
Lion A2 is Hungry
LionA2mis chasing: B1m
Wolf B2m is running away from: LionA5
Wolf B2 is Hungry
Wolf B2m is chasing: A5f
Wolf B2m ate!
Wolf B2 is Thirsty
Wolf B2drank water
Wolf B2 m is ready to mate
No Female Wolf Partner or Female Wolf Partner not ready yet!
Wolf C3m is running away from: LionA2
Wolf C3 is Thirsty
Wolf C3drank water
Wolf C3 m is ready to mate
No Female Wolf Partner or Female Wolf Partner not ready yet!
Wolf C3f is running away from: LionA2
Wolf C3 is Hungry
Wolf C3f is chasing: B1m
Wolf C3 is Thirsty
Wolf C3drank water
Wolf B5m is running away from: LionA2
Wolf B5 is Hungry
Wolf B5m is chasing: B1m
Wolf B5 is Thirsty
Wolf B5drank water
Wolf B5 m is ready to mate
No Female Wolf Partner or Female Wolf Partner not ready yet!
Wolf C2m is running away from: LionA5
Wolf C2 is Hungry
Wolf C2m is chasing: B1m
Wolf C2 is Thirsty
Wolf C2drank water
Wolf C2 m is ready to mate
No Female Wolf Partner or Female Wolf Partner not ready yet!
Wolf B4f is running away from: LionA2
Wolf B4 is Hungry
Wolf B4f is chasing: B1m
Wolf B4 is Thirsty
Wolf B4drank water
Wolf C4m is running away from: LionA2
Wolf C4 is Hungry
Wolf C4m is chasing: B1m
Wolf B3m is running away from: LionA2
Wolf B3 is Hungry
Wolf B3m is chasing: B1m
Wolf B0f is running away from: LionA2
Rabbit B1 is Thirsty
Rabbit B1 drank water
Rabbit B1m is running away from: LionA5
Rabbit B1m is running away from: WolfB2
Rabbit B1 is Hungry
Rabbit B1 m is ready to mate
Rabbit B1 m is approaching partner: Rabbit B1f
Rabbit B1 is Thirsty
Rabbit B1 drank water
Rabbit B1m is running away from: LionA2
Rabbit B1m is running away from: WolfC2
Rabbit B1 m is ready to mate
Rabbit B1 m is approaching partner: Rabbit C4f
Rabbit A2 is Thirsty
Rabbit A2 drank water
Rabbit A2m is running away from: LionA5
Rabbit A2m is running away from: WolfB2
Rabbit A2 m is ready to mate
Rabbit A2 m is approaching partner: Rabbit B1f
Rabbit B1 is Thirsty
Rabbit B1 drank water
Rabbit B1f is running away from: LionA5
Rabbit B1f is running away from: WolfB2
Rabbit B1 is Hungry
Rabbit B1 f is ready to mate
Rabbit A0 is Thirsty
Rabbit A0 drank water
Rabbit A0m is running away from: LionA5
Rabbit A0m is running away from: WolfB2
Rabbit A0 is Hungry
Rabbit A0 m is ready to mate
Rabbit A0 m is approaching partner: Rabbit B1f
Rabbit C0 is Thirsty
Rabbit C0 drank water
Rabbit C0m is running away from: LionA2
Rabbit C0m is running away from: WolfC2
Rabbit C0 m is ready to mate
Rabbit C0 m is approaching partner: Rabbit C4f
Rabbit C4 is Thirsty
Rabbit C4 drank water
Rabbit C4f is running away from: LionA5
Rabbit C4f is running away from: WolfB2
Rabbit C4 is Hungry
RabbitC4f died of hunger
Rabbit C4 f is ready to mate
Lion A5 is Hungry
LionA5fis chasing: B2m
Lion A5 f is ready to mate
Lion A2 is Thirsty
Lion A2 drank water
Lion A2 is Hungry
LionA2mis chasing: B1m
Wolf B2m is running away from: LionA5
Wolf B2 is Thirsty
Wolf B2drank water
Wolf B2 m is ready to mate
No Female Wolf Partner or Female Wolf Partner not ready yet!
Wolf C3m is running away from: LionA2
Wolf C3 is Thirsty
Wolf C3drank water
Wolf C3 m is ready to mate
No Female Wolf Partner or Female Wolf Partner not ready yet!
Wolf C3f is running away from: LionA2
Wolf C3 is Hungry
Wolf C3f is chasing: B1m
Wolf C3 is Thirsty
Wolf C3drank water
Wolf B5m is running away from: LionA2
Wolf B5 is Hungry
WolfB5m died of hunger
Wolf B5m is chasing: B1m
Wolf B5 is Thirsty
Wolf B5drank water
Wolf B5 m is ready to mate
No Female Wolf Partner or Female Wolf Partner not ready yet!
Wolf C2m is running away from: LionA2
Wolf C2 is Hungry
Wolf C2m is chasing: B1m
Wolf C2 is Thirsty
Wolf C2drank water
Wolf C2 m is ready to mate
No Female Wolf Partner or Female Wolf Partner not ready yet!
Wolf B4f is running away from: LionA2
Wolf B4 is Hungry
Wolf B4f is chasing: B1m
Wolf B4 is Thirsty
Wolf B4drank water
Wolf C4m is running away from: LionA2
Wolf C4 is Hungry
Wolf C4m is chasing: B1m
Wolf B3m is running away from: LionA2
Wolf B3 is Hungry
Wolf B3m is chasing: B1m
Wolf B0f is running away from: LionA2
Wolf B0 is Hungry
Wolf B0f is chasing: B1m
Rabbit B1 is Thirsty
Rabbit B1 drank water
Rabbit B1m is running away from: LionA5
Rabbit B1m is running away from: WolfC3
Rabbit B1 is Hungry
Rabbit B1 m is ready to mate
Rabbit B1 m is approaching partner: Rabbit B1f
Rabbit B1 is Thirsty
Rabbit B1 drank water
Rabbit B1m is running away from: LionA2
Rabbit B1m is running away from: WolfB2
Rabbit B1 m is ready to mate
Rabbit B1 m is approaching partner: Rabbit B1f
Rabbit A2 is Thirsty
Rabbit A2 drank water
Rabbit A2m is running away from: LionA5
Rabbit A2m is running away from: WolfC3
Rabbit A2 is Hungry
Rabbit A2 m is ready to mate
Rabbit A2 m is approaching partner: Rabbit B1f
Rabbit B1 is Thirsty
Rabbit B1 drank water
Rabbit B1f is running away from: LionA5
Rabbit B1f is running away from: WolfC3
Rabbit B1 is Hungry
RabbitB1f died of hunger
Rabbit B1 f is ready to mate
Rabbit A0 is Thirsty
Rabbit A0 drank water
Rabbit A0m is running away from: LionA5
Rabbit A0m is running away from: WolfC3
Rabbit A0 is Hungry
Rabbit A0 m is ready to mate
Not enough female Rabbits or Female Rabbit partners are not ready yet!
Rabbit C0 is Thirsty
Rabbit C0 drank water
Rabbit C0m is running away from: LionA2
Rabbit C0m is running away from: WolfB2
Rabbit C0 m is ready to mate
Not enough female Rabbits or Female Rabbit partners are not ready yet!
Lion A5 is Hungry
LionA5fis chasing: C3m
Lion A5 f is ready to mate
Lion A2 is Hungry
LionA2mis chasing: B1m
Wolf B2m is running away from: LionA5
Wolf B2 is Thirsty
Wolf B2drank water
Wolf B2 m is ready to mate
No Female Wolf Partner or Female Wolf Partner not ready yet!
Wolf C3m is running away from: LionA5
Wolf C3 is Thirsty
Wolf C3drank water
Wolf C3 m is ready to mate
No Female Wolf Partner or Female Wolf Partner not ready yet!
Wolf C3f is running away from: LionA2
Wolf C3 is Hungry
Wolf C3f is chasing: C0m
Wolf C3 is Thirsty
Wolf C3drank water
Wolf C2m is running away from: LionA5
Wolf C2 is Hungry
WolfC2m died of hunger
Wolf C2m is chasing: B1m
Wolf C2 is Thirsty
Wolf C2drank water
Wolf C2 m is ready to mate
No Female Wolf Partner or Female Wolf Partner not ready yet!
Wolf B4f is running away from: LionA2
Wolf B4 is Hungry
Wolf B4f is chasing: C0m
Wolf B4 is Thirsty
Wolf B4drank water
Wolf C4m is running away from: LionA2
Wolf C4 is Hungry
Wolf C4m is chasing: C0m
Wolf B3m is running away from: LionA2
Wolf B3 is Hungry
Wolf B3m is chasing: C0m
Wolf B0f is running away from: LionA2
Wolf B0 is Hungry
Wolf B0f is chasing: C0m
Rabbit B1 is Thirsty
Rabbit B1 drank water
Rabbit B1m is running away from: LionA5
Rabbit B1m is running away from: WolfC3
Rabbit B1 is Hungry
Rabbit B1m ate
Rabbit B1 m is ready to mate
Not enough female Rabbits or Female Rabbit partners are not ready yet!
Rabbit B1 is Thirsty
Rabbit B1 drank water
Rabbit B1m is running away from: LionA2
Rabbit B1m is running away from: WolfB2
Rabbit B1 is Hungry
Rabbit B1m ate
Rabbit B1 m is ready to mate
Not enough female Rabbits or Female Rabbit partners are not ready yet!
Rabbit A2 is Thirsty
Rabbit A2 drank water
Rabbit A2m is running away from: LionA5
Rabbit A2m is running away from: WolfC3
Rabbit A2 is Hungry
Rabbit A2 m is ready to mate
Not enough female Rabbits or Female Rabbit partners are not ready yet!
Rabbit A0 is Thirsty
Rabbit A0 drank water
Rabbit A0m is running away from: LionA5
Rabbit A0m is running away from: WolfC3
Rabbit A0 is Hungry
RabbitA0m died of hunger
Rabbit A0 m is ready to mate
Not enough female Rabbits or Female Rabbit partners are not ready yet!
Rabbit C0 is Thirsty
Rabbit C0 drank water
Rabbit C0m is running away from: LionA2
Rabbit C0m is running away from: WolfB2
Rabbit C0 m is ready to mate
Not enough female Rabbits or Female Rabbit partners are not ready yet!
Lion A5 is Hungry
LionA5f died of hunger
LionA5fis chasing: C3m
Lion A5 f is ready to mate
Lion A2 is Hungry
LionA2m died of hunger
LionA2mis chasing: C0m
Wolf B2 is Thirsty
Wolf B2drank water
Wolf B2 m is ready to mate
No Female Wolf Partner or Female Wolf Partner not ready yet!
Wolf C3 is Hungry
Wolf C3m is chasing: B1m
Wolf C3 is Thirsty
Wolf C3drank water
Wolf C3 m is ready to mate
No Female Wolf Partner or Female Wolf Partner not ready yet!
Wolf C3 is Hungry
Wolf C3f is chasing: C0m
Wolf C3 is Thirsty
Wolf C3drank water
Wolf B4 is Hungry
Wolf B4f is chasing: C0m
Wolf B4 is Thirsty
Wolf B4drank water
Wolf C4 is Hungry
Wolf C4m is chasing: C0m
Wolf B3 is Hungry
Wolf B3m is chasing: C0m
Wolf B0 is Hungry
Wolf B0f is chasing: C0m
Rabbit B1 is Thirsty
Rabbit B1 drank water
Rabbit B1m is running away from: WolfC3
Rabbit B1 m is ready to mate
Not enough female Rabbits or Female Rabbit partners are not ready yet!
Rabbit B1 is Thirsty
Rabbit B1 drank water
Rabbit B1m is running away from: WolfC3
Rabbit B1 m is ready to mate
Not enough female Rabbits or Female Rabbit partners are not ready yet!
Rabbit A2 is Thirsty
Rabbit A2 drank water
Rabbit A2m is running away from: WolfC3
Rabbit A2 is Hungry
Rabbit A2 m is ready to mate
Not enough female Rabbits or Female Rabbit partners are not ready yet!
Rabbit C0 is Thirsty
Rabbit C0 drank water
Rabbit C0m is running away from: WolfB2
Rabbit C0 is Hungry
Rabbit C0 m is ready to mate
Not enough female Rabbits or Female Rabbit partners are not ready yet!
Wolf B2 is Thirsty
Wolf B2drank water
Wolf B2 m is ready to mate
No Female Wolf Partner or Female Wolf Partner not ready yet!
Wolf C3 is Hungry
Wolf C3m is chasing: B1m
Wolf C3 is Thirsty
Wolf C3drank water
Wolf C3 m is ready to mate
No Female Wolf Partner or Female Wolf Partner not ready yet!
Wolf C3 is Hungry
Wolf C3f is chasing: B1m
Wolf C3 is Thirsty
Wolf C3drank water
Wolf B4 is Hungry
Wolf B4f is chasing: B1m
Wolf B4 is Thirsty
Wolf B4drank water
Wolf C4 is Hungry
WolfC4m died of hunger
Wolf C4m is chasing: B1m
Wolf B3 is Hungry
Wolf B3m is chasing: B1m
Wolf B0 is Hungry
Wolf B0f is chasing: B1m
Rabbit B1 is Thirsty
Rabbit B1 drank water
Rabbit B1m is running away from: WolfC3
Rabbit B1 m is ready to mate
Not enough female Rabbits or Female Rabbit partners are not ready yet!
Rabbit B1 is Thirsty
Rabbit B1 drank water
Rabbit B1m is running away from: WolfC3
Rabbit B1 m is ready to mate
Not enough female Rabbits or Female Rabbit partners are not ready yet!
Rabbit A2 is Thirsty
Rabbit A2 drank water
Rabbit A2m is running away from: WolfC3
Rabbit A2 is Hungry
Rabbit A2 m is ready to mate
Not enough female Rabbits or Female Rabbit partners are not ready yet!
Rabbit C0 is Thirsty
Rabbit C0 drank water
Rabbit C0m is running away from: WolfC3
Rabbit C0 is Hungry
Rabbit C0 m is ready to mate
Not enough female Rabbits or Female Rabbit partners are not ready yet!
Wolf B2 is Thirsty
Wolf B2drank water
Wolf B2 m is ready to mate
No Female Wolf Partner or Female Wolf Partner not ready yet!
Wolf C3 is Hungry
Wolf C3m is chasing: B1m
Wolf C3 is Thirsty
Wolf C3drank water
Wolf C3 m is ready to mate
No Female Wolf Partner or Female Wolf Partner not ready yet!
Wolf C3 is Hungry
WolfC3f died of hunger
Wolf C3f is chasing: B1m
Wolf C3 is Thirsty
Wolf C3drank water
Wolf C3 f is ready to mate
Wolf B4 is Hungry
WolfB4f died of hunger
Wolf B4f is chasing: B1m
Wolf B4 is Thirsty
Wolf B4drank water
Wolf B3 is Hungry
Wolf B3m is chasing: B1m
Wolf B0 is Hungry
Wolf B0f is chasing: B1m
Rabbit B1 is Thirsty
Rabbit B1 drank water
Rabbit B1m is running away from: WolfC3
Rabbit B1 m is ready to mate
Not enough female Rabbits or Female Rabbit partners are not ready yet!
Rabbit B1 is Thirsty
Rabbit B1 drank water
Rabbit B1m is running away from: WolfC3
Rabbit B1 m is ready to mate
Not enough female Rabbits or Female Rabbit partners are not ready yet!
Rabbit A2 is Thirsty
Rabbit A2 drank water
Rabbit A2m is running away from: WolfC3
Rabbit A2 is Hungry
RabbitA2m died of hunger
Rabbit A2 m is ready to mate
Not enough female Rabbits or Female Rabbit partners are not ready yet!
Rabbit C0 is Thirsty
Rabbit C0 drank water
Rabbit C0m is running away from: WolfC3
Rabbit C0 is Hungry
Rabbit C0 m is ready to mate
Not enough female Rabbits or Female Rabbit partners are not ready yet!
Wolf B2 is Thirsty
Wolf B2drank water
Wolf B2 m is ready to mate
No Female Wolf Partner or Female Wolf Partner not ready yet!
Wolf C3 is Hungry
Wolf C3m is chasing: B1m
Wolf C3 is Thirsty
Wolf C3drank water
Wolf C3 m is ready to mate
No Female Wolf Partner or Female Wolf Partner not ready yet!
Wolf B3 is Hungry
WolfB3m died of hunger
Wolf B3m is chasing: B1m
Wolf B0 is Hungry
Wolf B0f is chasing: B1m
Rabbit B1 is Thirsty
Rabbit B1 drank water
Rabbit B1m is running away from: WolfC3
Rabbit B1 m is ready to mate
Not enough female Rabbits or Female Rabbit partners are not ready yet!
Rabbit B1 is Thirsty
Rabbit B1 drank water
Rabbit B1m is running away from: WolfC3
Rabbit B1 m is ready to mate
Not enough female Rabbits or Female Rabbit partners are not ready yet!
Rabbit C0 is Thirsty
Rabbit C0 drank water
Rabbit C0m is running away from: WolfC3
Rabbit C0 is Hungry
Rabbit C0 m is ready to mate
Not enough female Rabbits or Female Rabbit partners are not ready yet!
Wolf B2 is Hungry
Wolf B2m is chasing: B1m
Wolf B2 is Thirsty
Wolf B2drank water
Wolf B2 m is ready to mate
No Female Wolf Partner or Female Wolf Partner not ready yet!
Wolf C3 is Hungry
Wolf C3m is chasing: B1m
Wolf C3 is Thirsty
Wolf C3drank water
Wolf C3 m is ready to mate
No Female Wolf Partner or Female Wolf Partner not ready yet!
Wolf B0 is Hungry
WolfB0f died of hunger
Wolf B0f is chasing: B1m
Rabbit B1 is Thirsty
Rabbit B1 drank water
Rabbit B1m is running away from: WolfC3
Rabbit B1 is Hungry
Rabbit B1m ate
Rabbit B1 m is ready to mate
Not enough female Rabbits or Female Rabbit partners are not ready yet!
Rabbit B1 is Thirsty
Rabbit B1 drank water
Rabbit B1m is running away from: WolfC3
Rabbit B1 is Hungry
Rabbit B1 m is ready to mate
Not enough female Rabbits or Female Rabbit partners are not ready yet!
Rabbit C0 is Thirsty
Rabbit C0 drank water
Rabbit C0m is running away from: WolfC3
Rabbit C0 is Hungry
RabbitC0m died of hunger
Rabbit C0 m is ready to mate
Not enough female Rabbits or Female Rabbit partners are not ready yet!
Wolf B2 is Hungry
Wolf B2m is chasing: B1m
Wolf B2 is Thirsty
Wolf B2drank water
Wolf B2 m is ready to mate
No Female Wolf Partner or Female Wolf Partner not ready yet!
Wolf C3 is Hungry
Wolf C3m is chasing: B1m
Wolf C3 is Thirsty
Wolf C3drank water
Wolf C3 m is ready to mate
No Female Wolf Partner or Female Wolf Partner not ready yet!
Rabbit B1 is Thirsty
Rabbit B1 drank water
Rabbit B1m is running away from: WolfC3
Rabbit B1 m is ready to mate
Not enough female Rabbits or Female Rabbit partners are not ready yet!
Rabbit B1 is Thirsty
Rabbit B1 drank water
Rabbit B1m is running away from: WolfC3
Rabbit B1 is Hungry
Rabbit B1m ate
Rabbit B1 m is ready to mate
Not enough female Rabbits or Female Rabbit partners are not ready yet!
Wolf B2 is Hungry
Wolf B2m is chasing: B1m
Wolf B2 is Thirsty
Wolf B2drank water
Wolf B2 m is ready to mate
No Female Wolf Partner or Female Wolf Partner not ready yet!
Wolf C3 is Hungry
WolfC3m died of hunger
Wolf C3m is chasing: B1m
Wolf C3m ate!
Wolf C3 m is ready to mate
No Female Wolf Partner or Female Wolf Partner not ready yet!
Rabbit B1 is Thirsty
Rabbit B1 drank water
Rabbit B1m is running away from: WolfB2
Rabbit B1 m is ready to mate
Not enough female Rabbits or Female Rabbit partners are not ready yet!
Wolf B2 is Hungry
Wolf B2m is chasing: B1m
Wolf B2 is Thirsty
Wolf B2drank water
Wolf B2 m is ready to mate
No Female Wolf Partner or Female Wolf Partner not ready yet!
Rabbit B1 is Thirsty
Rabbit B1 drank water
Rabbit B1m is running away from: WolfB2
Rabbit B1 m is ready to mate
Not enough female Rabbits or Female Rabbit partners are not ready yet!
Wolf B2 is Hungry
Wolf B2m is chasing: B1m
Wolf B2 is Thirsty
Wolf B2drank water
Wolf B2 m is ready to mate
No Female Wolf Partner or Female Wolf Partner not ready yet!
Rabbit B1 is Thirsty
Rabbit B1 drank water
Rabbit B1m is running away from: WolfB2
Rabbit B1 m is ready to mate
Not enough female Rabbits or Female Rabbit partners are not ready yet!
Wolf B2 is Hungry
Wolf B2m is chasing: B1m
Wolf B2 is Thirsty
Wolf B2drank water
Wolf B2 m is ready to mate
No Female Wolf Partner or Female Wolf Partner not ready yet!
Rabbit B1 is Thirsty
Rabbit B1 drank water
Rabbit B1m is running away from: WolfB2
Rabbit B1 is Hungry
Rabbit B1 m is ready to mate
Not enough female Rabbits or Female Rabbit partners are not ready yet!
Wolf B2 is Hungry
WolfB2m died of hunger
Wolf B2m is chasing: B1m
Wolf B2 is Thirsty
Wolf B2drank water
Wolf B2 m is ready to mate
No Female Wolf Partner or Female Wolf Partner not ready yet!
Rabbit B1 is Thirsty
Rabbit B1 drank water
Rabbit B1 is Hungry
Rabbit B1m ate
Rabbit B1 m is ready to mate
Not enough female Rabbits or Female Rabbit partners are not ready yet!
Rabbit B1 is Thirsty
Rabbit B1 drank water
Rabbit B1 m is ready to mate
Not enough female Rabbits or Female Rabbit partners are not ready yet!
Rabbit B1 is Thirsty
Rabbit B1 drank water
Rabbit B1 m is ready to mate
Not enough female Rabbits or Female Rabbit partners are not ready yet!
Rabbit B1 is Thirsty
Rabbit B1 drank water
Rabbit B1 m is ready to mate
Not enough female Rabbits or Female Rabbit partners are not ready yet!
Rabbit B1 is Thirsty
Rabbit B1 drank water
Rabbit B1 m is ready to mate
Not enough female Rabbits or Female Rabbit partners are not ready yet!
Rabbit B1 is Thirsty
Rabbit B1 drank water
Rabbit B1 is Hungry
Rabbit B1m ate
Rabbit B1 m is ready to mate
Not enough female Rabbits or Female Rabbit partners are not ready yet!
Rabbit B1 is Thirsty
Rabbit B1 drank water
Rabbit B1 m is ready to mate
Not enough female Rabbits or Female Rabbit partners are not ready yet!
Rabbit B1 m is ready to mate
Not enough female Rabbits or Female Rabbit partners are not ready yet!
Rabbit B1 m is ready to mate
Not enough female Rabbits or Female Rabbit partners are not ready yet!
Rabbit B1 m is ready to mate
Not enough female Rabbits or Female Rabbit partners are not ready yet!
Rabbit B1 is Hungry
Rabbit B1m ate
Rabbit B1 m is ready to mate
Not enough female Rabbits or Female Rabbit partners are not ready yet!
Rabbit B1 m is ready to mate
Not enough female Rabbits or Female Rabbit partners are not ready yet!
Rabbit B1 m is ready to mate
Not enough female Rabbits or Female Rabbit partners are not ready yet!
Rabbit B1 m is ready to mate
Not enough female Rabbits or Female Rabbit partners are not ready yet!
Rabbit B1 m is ready to mate
Not enough female Rabbits or Female Rabbit partners are not ready yet!
Rabbit B1 is Hungry
Rabbit B1 m is ready to mate
Not enough female Rabbits or Female Rabbit partners are not ready yet!
Rabbit B1 is Hungry
Rabbit B1 m is ready to mate
Not enough female Rabbits or Female Rabbit partners are not ready yet!
Rabbit B1 is Hungry
Rabbit B1 m is ready to mate
Not enough female Rabbits or Female Rabbit partners are not ready yet!
Rabbit B1 is Hungry
Rabbit B1 m is ready to mate
Not enough female Rabbits or Female Rabbit partners are not ready yet!
Rabbit B1 is Hungry
RabbitB1m died of hunger
Rabbit B1 m is ready to mate
Not enough female Rabbits or Female Rabbit partners are not ready yet!
