Wolf B2f is running away from: LionB4
Wolf C0f is running away from: LionC2
Wolf C0f is running away from: LionB4
Rabbit A1m is running away from: LionB4
Rabbit A1m is running away from: WolfB2
Rabbit A1 is Hungry
Rabbit A1m ate
Rabbit A1 m is ready to mate
Not enough female Rabbits or Female Rabbit partners are not ready yet!
Rabbit A3m is running away from: LionC2
Rabbit A3m is running away from: WolfC0
Rabbit A3 is Hungry
Rabbit A3m ate
Rabbit A3 m is ready to mate
Not enough female Rabbits or Female Rabbit partners are not ready yet!
Rabbit B1f is running away from: LionC2
Rabbit B1f is running away from: WolfC0
Rabbit B1 is Hungry
Rabbit B1f ate
Rabbit B1 f is ready to mate
Rabbit A1f is running away from: LionB4
Rabbit A1f is running away from: WolfC0
Rabbit A1 is Hungry
Rabbit A1f ate
Rabbit A1 f is ready to mate
Rabbit C4m is running away from: LionB4
Rabbit C4m is running away from: WolfB2
Rabbit C4 is Hungry
Rabbit C4m ate
Rabbit C4 m is ready to mate
Rabbit C4 m is approaching partner: Rabbit A1f
Rabbit B0m is running away from: LionB4
Rabbit B0m is running away from: WolfC0
Rabbit B0 is Hungry
Rabbit B0m ate
Rabbit B0 m is ready to mate
Rabbit B0 m is approaching partner: Rabbit A1f
Rabbit A4m is running away from: LionB4
Rabbit A4m is running away from: WolfC0
Rabbit A4 is Hungry
Rabbit A4m ate
Rabbit A4 m is ready to mate
Rabbit A4 m is approaching partner: Rabbit A1f
Rabbit A2f is running away from: LionC2
Rabbit A2f is running away from: WolfC0
Rabbit A2 is Hungry
Rabbit A2f ate
Rabbit A2 f is ready to mate
Rabbit A5m is running away from: LionC2
Rabbit A5m is running away from: WolfC0
Rabbit A5 is Hungry
Rabbit A5m ate
Rabbit A5 m is ready to mate
Rabbit A5 m is approaching partner: Rabbit A2f
Rabbit C4m is running away from: LionB4
Rabbit C4m is running away from: WolfC0
Rabbit C4 is Hungry
Rabbit C4m ate
Rabbit C4 m is ready to mate
Rabbit C4 m is approaching partner: Rabbit A1f
Wolf B2f is running away from: LionB4
Wolf B2f ate!
Wolf C0f is running away from: LionC2
Wolf C0f is running away from: LionB4
Rabbit A1m is running away from: LionB4
Rabbit A1m is running away from: WolfB2
Rabbit A1 is Hungry
Rabbit A1m ate
Rabbit A1 m is ready to mate
Rabbit A1 m is approaching partner: Rabbit A1f
Rabbit A3m is running away from: LionC2
Rabbit A3m is running away from: WolfC0
Rabbit A3 is Hungry
Rabbit A3m ate
Rabbit A3 m is ready to mate
Rabbit A3 m is approaching partner: Rabbit B1f
Rabbit B1f is running away from: LionC2
Rabbit B1f is running away from: WolfC0
Rabbit B1 is Hungry
Rabbit B1f ate
Rabbit B1 f is ready to mate
Rabbit A1f is running away from: LionB4
Rabbit A1f is running away from: WolfC0
Rabbit A1 is Hungry
Rabbit A1f ate
Rabbit A1 f is ready to mate
Rabbit B0m is running away from: LionB4
Rabbit B0m is running away from: WolfC0
Rabbit B0 is Hungry
Rabbit B0 m is ready to mate
Rabbit B0 m is approaching partner: Rabbit A1f
Rabbit A4m is running away from: LionB4
Rabbit A4m is running away from: WolfC0
Rabbit A4 is Hungry
Rabbit A4 m is ready to mate
Rabbit A4 m is approaching partner: Rabbit A1f
Rabbit A2f is running away from: LionC2
Rabbit A2f is running away from: WolfC0
Rabbit A2 is Hungry
Rabbit A2f ate
Rabbit A2 f is ready to mate
Rabbit A5m is running away from: LionC2
Rabbit A5m is running away from: WolfC0
Rabbit A5 is Hungry
Rabbit A5m ate
Rabbit A5 m is ready to mate
Rabbit A5 m is approaching partner: Rabbit A2f
Rabbit C4m is running away from: LionB4
Rabbit C4m is running away from: WolfC0
Rabbit C4 is Hungry
Rabbit C4m ate
Rabbit C4 m is ready to mate
Rabbit C4 m is approaching partner: Rabbit A1f
Wolf B2f is running away from: LionB4
Wolf B2 f is ready to mate
Wolf C0f is running away from: LionC2
Wolf C0 is Hungry
Wolf C0f is chasing: A5m
Wolf C0 f is ready to mate
Wolf C0f is running away from: LionB4
Wolf C0 is Hungry
Wolf C0f is chasing: C4m
Wolf C0 f is ready to mate
Rabbit A1m is running away from: LionB4
Rabbit A1m is running away from: WolfB2
Rabbit A1 is Hungry
Rabbit A1 m is ready to mate
Rabbit A1 m is approaching partner: Rabbit A1f
Rabbit A3m is running away from: LionC2
Rabbit A3m is running away from: WolfC0
Rabbit A3 is Hungry
Rabbit A3m ate
Rabbit A3 m is ready to mate
Rabbit A3 m is approaching partner: Rabbit B1f
Rabbit B1f is running away from: LionC2
Rabbit B1f is running away from: WolfC0
Rabbit B1 is Hungry
Rabbit B1 f is ready to mate
Rabbit A1f is running away from: LionB4
Rabbit A1f is running away from: WolfB2
Rabbit A1 is Hungry
Rabbit A1f ate
Rabbit A1 f is ready to mate
Rabbit B0m is running away from: LionB4
Rabbit B0m is running away from: WolfB2
Rabbit B0 is Hungry
Rabbit B0 m is ready to mate
Rabbit B0 m is approaching partner: Rabbit A1f
Rabbit A4m is running away from: LionB4
Rabbit A4m is running away from: WolfC0
Rabbit A4 is Hungry
Rabbit A4m ate
Rabbit A4 m is ready to mate
Rabbit A4 m is approaching partner: Rabbit A1f
Rabbit A2f is running away from: LionC2
Rabbit A2f is running away from: WolfC0
Rabbit A2 is Hungry
Rabbit A2f ate
Rabbit A2 f is ready to mate
Rabbit A5m is running away from: LionC2
Rabbit A5m is running away from: WolfC0
Rabbit A5 is Hungry
Rabbit A5m ate
Rabbit A5 m is ready to mate
Rabbit A5 m is approaching partner: Rabbit A2f
Rabbit C4m is running away from: LionB4
Rabbit C4m is running away from: WolfC0
Rabbit C4 is Hungry
Rabbit C4m ate
Rabbit C4 m is ready to mate
Rabbit C4 m is approaching partner: Rabbit A1f
Wolf B2f is running away from: LionB4
Wolf B2 f is ready to mate
Wolf C0f is running away from: LionC2
Wolf C0 is Hungry
Wolf C0f is chasing: A5m
Wolf C0 f is ready to mate
Wolf C0f is running away from: LionB4
Wolf C0 is Hungry
Wolf C0f is chasing: C4m
Wolf C0 f is ready to mate
Rabbit A1m is running away from: LionB4
Rabbit A1m is running away from: WolfB2
Rabbit A1 is Hungry
Rabbit A1 m is ready to mate
Rabbit A1 m is approaching partner: Rabbit A1f
Rabbit A3m is running away from: LionC2
Rabbit A3m is running away from: WolfC0
Rabbit A3 is Hungry
Rabbit A3m ate
Rabbit A3 m is ready to mate
Rabbit A3 m is approaching partner: Rabbit B1f
Rabbit B1f is running away from: LionC2
Rabbit B1f is running away from: WolfC0
Rabbit B1 is Hungry
Rabbit B1 f is ready to mate
Rabbit A1f is running away from: LionB4
Rabbit A1f is running away from: WolfC0
Rabbit A1 is Hungry
Rabbit A1f ate
Rabbit A1 f is ready to mate
Rabbit B0m is running away from: LionB4
Rabbit B0m is running away from: WolfC0
Rabbit B0 is Hungry
Rabbit B0 m is ready to mate
Rabbit B0 m is approaching partner: Rabbit A1f
Rabbit A4m is running away from: LionB4
Rabbit A4m is running away from: WolfC0
Rabbit A4 is Hungry
Rabbit A4m ate
Rabbit A4 m is ready to mate
Rabbit A4 m is approaching partner: Rabbit A1f
Rabbit A2f is running away from: LionC2
Rabbit A2f is running away from: WolfC0
Rabbit A2 is Hungry
Rabbit A2f ate
Rabbit A2 f is ready to mate
Rabbit A5m is running away from: LionC2
Rabbit A5m is running away from: WolfC0
Rabbit A5 is Hungry
Rabbit A5m ate
Rabbit A5 m is ready to mate
Rabbit A5 m is approaching partner: Rabbit A2f
Rabbit C4m is running away from: LionB4
Rabbit C4m is running away from: WolfC0
Rabbit C4 is Hungry
Rabbit C4m ate
Rabbit C4 m is ready to mate
Rabbit C4 m is approaching partner: Rabbit A1f
Wolf B2f is running away from: LionB4
Wolf B2 is Hungry
Wolf B2f is chasing: A1f
Wolf B2 f is ready to mate
Wolf C0f is running away from: LionC2
Wolf C0 is Hungry
Wolf C0f is chasing: A5m
Wolf C0 f is ready to mate
Wolf C0f is running away from: LionB4
Wolf C0 is Hungry
Wolf C0f is chasing: C4m
Wolf C0 f is ready to mate
Rabbit A1m is running away from: LionB4
Rabbit A1m is running away from: WolfB2
Rabbit A1 is Hungry
Rabbit A1 m is ready to mate
Rabbit A1 m is approaching partner: Rabbit A1f
Rabbit A3m is running away from: LionC2
Rabbit A3m is running away from: WolfC0
Rabbit A3 is Hungry
Rabbit A3 m is ready to mate
Rabbit A3 m is approaching partner: Rabbit B1f
Rabbit B1f is running away from: LionC2
Rabbit B1f is running away from: WolfC0
Rabbit B1 is Hungry
Rabbit B1 f is ready to mate
Rabbit A1f is running away from: LionB4
Rabbit A1f is running away from: WolfB2
Rabbit A1 is Hungry
Rabbit A1f ate
Rabbit A1 f is ready to mate
Rabbit B0m is running away from: LionB4
Rabbit B0m is running away from: WolfB2
Rabbit B0 is Hungry
Rabbit B0 m is ready to mate
Rabbit B0 m is approaching partner: Rabbit A1f
Rabbit A4m is running away from: LionB4
Rabbit A4m is running away from: WolfC0
Rabbit A4 is Hungry
Rabbit A4m ate
Rabbit A4 m is ready to mate
Rabbit A4 m is approaching partner: Rabbit A1f
Rabbit A2f is running away from: LionC2
Rabbit A2f is running away from: WolfC0
Rabbit A2 is Hungry
Rabbit A2 f is ready to mate
Rabbit A5m is running away from: LionC2
Rabbit A5m is running away from: WolfC0
Rabbit A5 is Hungry
Rabbit A5m ate
Rabbit A5 m is ready to mate
Rabbit A5 m is approaching partner: Rabbit A1f
Rabbit C4m is running away from: LionB4
Rabbit C4m is running away from: WolfC0
Rabbit C4 is Hungry
Rabbit C4 m is ready to mate
Rabbit C4 m is approaching partner: Rabbit A1f
Wolf B2f is running away from: LionB4
Wolf B2 is Hungry
Wolf B2f is chasing: A1f
Wolf B2 f is ready to mate
Wolf C0f is running away from: LionC2
Wolf C0 is Hungry
Wolf C0f is chasing: A5m
Wolf C0 f is ready to mate
Wolf C0f is running away from: LionB4
Wolf C0 is Hungry
Wolf C0f is chasing: C4m
Wolf C0 f is ready to mate
Rabbit A1m is running away from: LionB4
Rabbit A1m is running away from: WolfB2
Rabbit A1 is Hungry
Rabbit A1 m is ready to mate
Rabbit A1 m is approaching partner: Rabbit A1f
Rabbit A3m is running away from: LionC2
Rabbit A3m is running away from: WolfC0
Rabbit A3 is Hungry
Rabbit A3 m is ready to mate
Rabbit A3 m is approaching partner: Rabbit B1f
Rabbit B1f is running away from: LionC2
Rabbit B1f is running away from: WolfC0
Rabbit B1 is Hungry
Rabbit B1 f is ready to mate
Rabbit A1f is running away from: LionB4
Rabbit A1f is running away from: WolfB2
Rabbit A1 is Hungry
Rabbit A1f ate
Rabbit A1 f is ready to mate
Rabbit B0m is running away from: LionB4
Rabbit B0m is running away from: WolfB2
Rabbit B0 is Hungry
RabbitB0m died of hunger
Rabbit B0 m is ready to mate
Rabbit B0 m is approaching partner: Rabbit A1f
Rabbit A4m is running away from: LionB4
Rabbit A4m is running away from: WolfB2
Rabbit A4 is Hungry
Rabbit A4 m is ready to mate
Rabbit A4 m is approaching partner: Rabbit A1f
Rabbit A2f is running away from: LionC2
Rabbit A2f is running away from: WolfC0
Rabbit A2 is Hungry
Rabbit A2 f is ready to mate
Rabbit A5m is running away from: LionB4
Rabbit A5m is running away from: WolfC0
Rabbit A5 is Hungry
Rabbit A5m ate
Rabbit A5 m is ready to mate
Rabbit A5 m is approaching partner: Rabbit A1f
Rabbit C4m is running away from: LionB4
Rabbit C4m is running away from: WolfC0
Rabbit C4 is Hungry
Rabbit C4m ate
Rabbit C4 m is ready to mate
Rabbit C4 m is approaching partner: Rabbit A1f
Wolf B2f is running away from: LionB4
Wolf B2f ate!
Wolf B2 f is ready to mate
Wolf C0f is running away from: LionC2
Wolf C0 is Hungry
Wolf C0f is chasing: A5m
Wolf C0 f is ready to mate
Wolf C0f is running away from: LionB4
Wolf C0 is Hungry
Wolf C0f is chasing: C4m
Wolf C0f ate!
Wolf C0 f is ready to mate
Rabbit A1m is running away from: LionB4
Rabbit A1m is running away from: WolfB2
Rabbit A1 is Hungry
RabbitA1m died of hunger
Rabbit A1 m is ready to mate
Rabbit A1 m is approaching partner: Rabbit B1f
Rabbit A3m is running away from: LionB2
Rabbit A3m is running away from: WolfC0
Rabbit A3 is Hungry
Rabbit A3 m is ready to mate
Rabbit A3 m is approaching partner: Rabbit B1f
Rabbit B1f is running away from: LionB2
Rabbit B1f is running away from: WolfC0
Rabbit B1 is Hungry
RabbitB1f died of hunger
Rabbit B1 f is ready to mate
Rabbit A4m is running away from: LionB4
Rabbit A4m is running away from: WolfB2
Rabbit A4 is Hungry
Rabbit A4m ate
Rabbit A4 m is ready to mate
Rabbit A4 m is approaching partner: Rabbit A2f
Rabbit A2f is running away from: LionC2
Rabbit A2f is running away from: WolfC0
Rabbit A2 is Hungry
Rabbit A2 f is ready to mate
Rabbit A5m is running away from: LionB4
Rabbit A5m is running away from: WolfC0
Rabbit A5 is Hungry
Rabbit A5m ate
Rabbit A5 m is ready to mate
Rabbit A5 m is approaching partner: Rabbit A2f
Lion B2 m is ready to mate
Lion B4 f is ready to mate
Lion C2 f is ready to mate
Wolf B2f is running away from: LionB4
Wolf B2 f is ready to mate
Wolf C0f is running away from: LionC2
Wolf C0f ate!
Wolf C0 f is ready to mate
Wolf C0f is running away from: LionB4
Wolf C0 f is ready to mate
Rabbit A3m is running away from: LionB2
Rabbit A3m is running away from: WolfC0
Rabbit A3 is Hungry
Rabbit A3 m is ready to mate
Rabbit A3 m is approaching partner: Rabbit A2f
Rabbit A4m is running away from: LionB4
Rabbit A4m is running away from: WolfC0
Rabbit A4 is Hungry
Rabbit A4m ate
Rabbit A4 m is ready to mate
Rabbit A4 m is approaching partner: Rabbit A2f
Rabbit A2f is running away from: LionC2
Rabbit A2f is running away from: WolfC0
Rabbit A2 is Hungry
Rabbit A2 f is ready to mate
Lion B2 m is ready to mate
Lion B4 f is ready to mate
Lion C2 f is ready to mate
Wolf B2f is running away from: LionB4
Wolf B2 f is ready to mate
Wolf C0f is running away from: LionC2
Wolf C0 f is ready to mate
Wolf C0f is running away from: LionB4
Wolf C0 f is ready to mate
Rabbit A3m is running away from: LionB2
Rabbit A3m is running away from: WolfC0
Rabbit A3 is Hungry
RabbitA3m died of hunger
Rabbit A3 m is ready to mate
Rabbit A3 m is approaching partner: Rabbit A2f
Rabbit A4m is running away from: LionB4
Rabbit A4m is running away from: WolfB2
Rabbit A4 is Hungry
Rabbit A4m ate
Rabbit A4 m is ready to mate
Rabbit A4 m is approaching partner: Rabbit A2f
Rabbit A2f is running away from: LionC2
Rabbit A2f is running away from: WolfC0
Rabbit A2 is Hungry
RabbitA2f died of hunger
Rabbit A2 f is ready to mate
Lion B2 m is ready to mate
Lion B4 f is ready to mate
Lion C2 f is ready to mate
Wolf B2f is running away from: LionB4
Wolf B2 is Hungry
Wolf B2f is chasing: A4m
Wolf B2 f is ready to mate
Wolf C0f is running away from: LionC2
Wolf C0 f is ready to mate
Wolf C0f is running away from: LionB4
Wolf C0 is Hungry
Wolf C0f is chasing: A4m
Wolf C0 f is ready to mate
Rabbit A4m is running away from: LionB4
Rabbit A4m is running away from: WolfC0
Rabbit A4 is Hungry
Rabbit A4 m is ready to mate
Not enough female Rabbits or Female Rabbit partners are not ready yet!
Lion B2 m is ready to mate
Lion B4 f is ready to mate
Lion C2 f is ready to mate
Wolf B2f is running away from: LionB4
Wolf B2 is Hungry
Wolf B2f is chasing: A4m
Wolf B2 f is ready to mate
Wolf C0f is running away from: LionB4
Wolf C0 is Hungry
Wolf C0f is chasing: A4m
Wolf C0 f is ready to mate
Wolf C0f is running away from: LionB4
Wolf C0 is Hungry
Wolf C0f is chasing: A4m
Wolf C0 f is ready to mate
Rabbit A4m is running away from: LionB4
Rabbit A4m is running away from: WolfC0
Rabbit A4 is Hungry
Rabbit A4 m is ready to mate
Not enough female Rabbits or Female Rabbit partners are not ready yet!
Lion B2 m is ready to mate
Lion B4 f is ready to mate
Lion C2 f is ready to mate
Wolf B2f is running away from: LionB4
Wolf B2 is Hungry
Wolf B2f is chasing: A4m
Wolf B2 f is ready to mate
Wolf C0f is running away from: LionB4
Wolf C0 is Hungry
Wolf C0f is chasing: A4m
Wolf C0 f is ready to mate
Wolf C0f is running away from: LionB4
Wolf C0 is Hungry
Wolf C0f is chasing: A4m
Wolf C0 f is ready to mate
Rabbit A4m is running away from: LionB4
Rabbit A4m is running away from: WolfC0
Rabbit A4 is Hungry
Rabbit A4 m is ready to mate
Not enough female Rabbits or Female Rabbit partners are not ready yet!
Lion B2 m is ready to mate
Lion B4 f is ready to mate
Lion C2 f is ready to mate
Wolf B2f is running away from: LionB4
Wolf B2 is Hungry
Wolf B2f is chasing: A4m
Wolf B2 f is ready to mate
Wolf C0f is running away from: LionB4
Wolf C0 is Hungry
Wolf C0f is chasing: A4m
Wolf C0 f is ready to mate
Wolf C0f is running away from: LionB4
Wolf C0 is Hungry
Wolf C0f is chasing: A4m
Wolf C0 f is ready to mate
Rabbit A4m is running away from: LionB4
Rabbit A4m is running away from: WolfC0
Rabbit A4 is Hungry
Rabbit A4 m is ready to mate
Not enough female Rabbits or Female Rabbit partners are not ready yet!
Lion B2 m is ready to mate
Lion B4 f is ready to mate
Lion C2 f is ready to mate
Wolf B2f is running away from: LionB4
Wolf B2 is Hungry
Wolf B2f is chasing: A4m
Wolf B2 f is ready to mate
Wolf C0f is running away from: LionB4
Wolf C0 is Hungry
Wolf C0f is chasing: A4m
Wolf C0 f is ready to mate
Wolf C0f is running away from: LionB4
Wolf C0 is Hungry
Wolf C0f is chasing: A4m
Wolf C0 f is ready to mate
Rabbit A4m is running away from: LionB4
Rabbit A4m is running away from: WolfC0
Rabbit A4 is Hungry
RabbitA4m died of hunger
Rabbit A4 m is ready to mate
Not enough female Rabbits or Female Rabbit partners are not ready yet!
Lion B2 m is ready to mate
Lion A0 m was born!Father is B2 and Mother is C2
Lion B4 f is ready to mate
Wolf B2f is running away from: LionB4
Wolf B2 is Hungry
Wolf C0f is running away from: LionB4
Wolf C0 is Hungry
Wolf C0f is running away from: LionB4
Wolf C0 is Hungry
Lion B2 is Hungry
LionB2mis chasing: C0f
Lion B2 m is ready to mate
Lion B4 is Hungry
LionB4fis chasing: C0f
Lion B4 f is ready to mate
Lion C2 is Hungry
LionC2fis chasing: C0f
Wolf B2f is running away from: LionB4
Wolf B2 is Hungry
WolfB2f died of hunger
Wolf C0f is running away from: LionB4
Wolf C0 is Hungry
Wolf C0f is running away from: LionB4
Wolf C0 is Hungry
WolfC0f died of hunger
Lion B2 is Hungry
LionB2mis chasing: C0f
Lion B2 m is ready to mate
Lion B4 is Hungry
LionB4fis chasing: C0f
Lion B4 f is ready to mate
Lion C2 is Hungry
LionC2fis chasing: C0f
Wolf C0f is running away from: LionB4
Wolf C0 is Hungry
WolfC0f died of hunger
Lion B2 is Hungry
Lion B4 is Hungry
Lion C2 is Hungry
Lion B2 is Hungry
Lion B4 is Hungry
Lion C2 is Hungry
Lion B2 is Hungry
Lion B4 is Hungry
Lion C2 is Hungry
Lion B2 is Thirsty
Lion B2 drank water
Lion B2 is Hungry
Lion B4 is Thirsty
Lion B4 drank water
Lion B4 is Hungry
Lion C2 is Thirsty
Lion C2 drank water
Lion C2 is Hungry
Lion B2 is Thirsty
Lion B2 drank water
Lion B2 is Hungry
Lion B4 is Thirsty
Lion B4 drank water
Lion B4 is Hungry
Lion C2 is Thirsty
Lion C2 drank water
Lion C2 is Hungry
Lion B2 is Thirsty
Lion B2 drank water
Lion B2 is Hungry
Lion B4 is Thirsty
Lion B4 drank water
Lion B4 is Hungry
Lion C2 is Thirsty
Lion C2 drank water
Lion C2 is Hungry
Lion B2 is Thirsty
Lion B2 drank water
Lion B2 is Hungry
Lion B4 is Thirsty
Lion B4 drank water
Lion B4 is Hungry
Lion C2 is Thirsty
Lion C2 drank water
Lion C2 is Hungry
Lion B2 is Thirsty
Lion B2 drank water
Lion B2 is Hungry
Lion B4 is Thirsty
Lion B4 drank water
Lion B4 is Hungry
Lion C2 is Thirsty
Lion C2 drank water
Lion C2 is Hungry
Lion B2 is Thirsty
Lion B2 drank water
Lion B2 is Hungry
Lion B4 is Hungry
Lion C2 is Thirsty
Lion C2 drank water
Lion C2 is Hungry
Lion B2 is Thirsty
Lion B2 drank water
Lion B2 is Hungry
Lion B4 is Hungry
Lion C2 is Thirsty
Lion C2 drank water
Lion C2 is Hungry
Lion B2 is Thirsty
Lion B2 drank water
Lion B2 is Hungry
Lion B4 is Hungry
Lion C2 is Thirsty
Lion C2 drank water
Lion C2 is Hungry
Lion B2 is Thirsty
Lion B2 drank water
Lion B2 is Hungry
Lion B4 is Hungry
Lion C2 is Thirsty
Lion C2 drank water
Lion C2 is Hungry
Lion B2 is Thirsty
Lion B2 drank water
Lion B2 is Hungry
Lion B4 is Hungry
Lion C2 is Thirsty
Lion C2 drank water
Lion C2 is Hungry
Lion A0 is Hungry
Lion B2 is Thirsty
Lion B2 drank water
Lion B2 is Hungry
Lion B4 is Hungry
Lion C2 is Thirsty
Lion C2 drank water
Lion C2 is Hungry
Lion A0 is Hungry
Lion B2 is Hungry
Lion B4 is Hungry
Lion C2 is Hungry
Lion A0 is Hungry
Lion B2 is Hungry
Lion B4 is Hungry
Lion C2 is Hungry
Lion A0 is Hungry
Lion B2 is Hungry
Lion B4 is Hungry
Lion C2 is Hungry
Lion A0 is Hungry
Lion B2 is Hungry
Lion B4 is Hungry
Lion C2 is Hungry
Lion A0 is Thirsty
Lion A0 drank water
Lion A0 is Hungry
Lion B2 is Hungry
Lion B4 is Hungry
Lion C2 is Hungry
Lion A0 is Thirsty
Lion A0 drank water
Lion A0 is Hungry
Lion B2 is Hungry
Lion B4 is Hungry
Lion C2 is Hungry
Lion A0 is Thirsty
Lion A0 drank water
Lion A0 is Hungry
Lion B2 is Hungry
Lion B4 is Hungry
Lion C2 is Hungry
Lion A0 is Thirsty
Lion A0 drank water
Lion A0 is Hungry
Lion B2 is Hungry
Lion B4 is Hungry
Lion C2 is Hungry
Lion A0 is Thirsty
Lion A0 drank water
Lion A0 is Hungry
Lion B2 is Hungry
Lion B4 is Hungry
Lion C2 is Hungry
Lion A0 is Thirsty
Lion A0 drank water
Lion A0 is Hungry
Lion B2 is Hungry
Lion B4 is Hungry
Lion C2 is Hungry
Lion A0 is Thirsty
Lion A0 drank water
Lion A0 is Hungry
Lion B2 is Hungry
Lion B4 is Hungry
Lion C2 is Hungry
Lion A0 is Thirsty
Lion A0 drank water
Lion A0 is Hungry
Lion B2 is Hungry
Lion B4 is Hungry
Lion C2 is Hungry
Lion A0 is Thirsty
Lion A0 drank water
Lion A0 is Hungry
Lion B2 is Hungry
Lion B4 is Hungry
Lion C2 is Hungry
Lion A0 is Thirsty
Lion A0 drank water
Lion A0 is Hungry
Lion B2 is Hungry
Lion B4 is Thirsty
Lion B4 drank water
Lion B4 is Hungry
Lion C2 is Hungry
Lion A0 is Thirsty
Lion A0 drank water
Lion A0 is Hungry
Lion B2 is Hungry
Lion B4 is Hungry
Lion C2 is Hungry
Lion A0 is Thirsty
Lion A0 drank water
Lion A0 is Hungry
Lion B2 is Hungry
Lion B4 is Hungry
Lion C2 is Hungry
Lion A0 is Thirsty
Lion A0 drank water
Lion A0 is Hungry
Lion B2 is Hungry
Lion B4 is Hungry
Lion C2 is Hungry
Lion A0 is Thirsty
Lion A0 drank water
Lion A0 is Hungry
Lion B2 is Hungry
Lion B4 is Hungry
Lion C2 is Hungry
Lion A0 is Thirsty
Lion A0 drank water
Lion A0 is Hungry
Lion B2 is Hungry
Lion B4 is Hungry
Lion C2 is Hungry
Lion A0 is Thirsty
Lion A0 drank water
Lion A0 is Hungry
Lion B2 is Thirsty
Lion B2 drank water
Lion B2 is Hungry
LionB2m died of hunger
Lion B4 is Hungry
LionB4f died of hunger
Lion C2 is Thirsty
Lion C2 drank water
Lion C2 is Hungry
LionC2f died of hunger
Lion A0 is Hungry
Lion A0 is Hungry
Lion A0 is Hungry
Lion A0 is Hungry
Lion A0 is Hungry
Lion A0 is Hungry
Lion A0 is Hungry
Lion A0 is Hungry
Lion A0 is Hungry
Lion A0 is Hungry
Lion A0 is Hungry
Lion A0 is Hungry
Lion A0 is Hungry
Lion A0 is Hungry
Lion A0 is Hungry
LionA0m died of hunger
