Wolf A2m is running away from: LionC4
Wolf C1m is running away from: LionC1
Wolf B4m is running away from: LionA2
Wolf B0m is running away from: LionA2
Wolf B0m ate!
Wolf C1m is running away from: LionC4
Wolf B4m is running away from: LionA2
Wolf C1m is running away from: LionA2
Wolf B4m is running away from: LionA2
Rabbit B3m is running away from: LionC4
Rabbit B3m is running away from: WolfC1
Rabbit B3 is Hungry
Rabbit B3m ate
Rabbit B2f is running away from: LionC4
Rabbit B2f is running away from: WolfC1
Rabbit B2 is Hungry
Rabbit B2f ate
Rabbit A5m is running away from: LionC4
Rabbit A5m is running away from: WolfA2
Rabbit A5 is Hungry
Rabbit A5m ate
Rabbit B4m is running away from: LionA1
Rabbit B4m is running away from: WolfC1
Rabbit B4 is Hungry
Rabbit B4m ate
Rabbit C3f is running away from: LionA2
Rabbit C3f is running away from: WolfB4
Rabbit C3 is Hungry
Rabbit C3f ate
Rabbit C3m is running away from: LionC1
Rabbit C3m is running away from: WolfC1
Rabbit C3 is Hungry
Rabbit C3m ate
Rabbit A4f is running away from: LionC4
Rabbit A4f is running away from: WolfC1
Rabbit A4 is Hungry
Rabbit A4f ate
Rabbit A3f is running away from: LionA2
Rabbit A3f is running away from: WolfB4
Rabbit A3 is Hungry
Rabbit A3f ate
Rabbit C0m is running away from: LionA2
Rabbit C0m is running away from: WolfC1
Rabbit C0 is Hungry
Rabbit C0m ate
Rabbit A1m is running away from: LionC1
Rabbit A1m is running away from: WolfC1
Rabbit A1 is Hungry
Rabbit A1m ate
Rabbit B3f is running away from: LionA2
Rabbit B3f is running away from: WolfB4
Rabbit B3 is Hungry
Rabbit B3f ate
Rabbit B0f is running away from: LionA2
Rabbit B0f is running away from: WolfB4
Rabbit B0 is Hungry
Rabbit B0f ate
Rabbit B5f is running away from: LionA2
Rabbit B5f is running away from: WolfB4
Rabbit B5 is Hungry
Rabbit B5f ate
Rabbit B2f is running away from: LionC4
Rabbit B2f is running away from: WolfC1
Rabbit B2 is Hungry
Rabbit B2f ate
Rabbit B4m is running away from: LionC1
Rabbit B4m is running away from: WolfB4
Rabbit B4 is Hungry
Rabbit B4m ate
Rabbit A3m is running away from: LionC1
Rabbit A3m is running away from: WolfC1
Rabbit A3 is Hungry
Rabbit A3m ate
Rabbit B3f is running away from: LionA1
Rabbit B3f is running away from: WolfC1
Rabbit B3 is Hungry
Rabbit B3f ate
Rabbit A5m is running away from: LionA2
Rabbit A5m is running away from: WolfC1
Rabbit A5 is Hungry
Rabbit A5m ate
Rabbit C2m is running away from: LionA2
Rabbit C2m is running away from: WolfB0
Rabbit C2 is Hungry
Rabbit C2m ate
Lion C1f ate: C3m
Wolf A2m is running away from: LionC1
Wolf C1m is running away from: LionC1
Wolf B4m is running away from: LionA2
Wolf B0m is running away from: LionA2
Wolf C1m is running away from: LionC4
Wolf B4m is running away from: LionA2
Wolf C1m is running away from: LionA2
Wolf B4m is running away from: LionA2
Rabbit B3m is running away from: LionC4
Rabbit B3m is running away from: WolfA2
Rabbit B3 is Hungry
Rabbit B3m ate
Rabbit B2f is running away from: LionC4
Rabbit B2f is running away from: WolfC1
Rabbit B2 is Hungry
Rabbit B2f ate
Rabbit A5m is running away from: LionC4
Rabbit A5m is running away from: WolfA2
Rabbit A5 is Hungry
Rabbit A5m ate
Rabbit B4m is running away from: LionA1
Rabbit B4m is running away from: WolfC1
Rabbit B4 is Hungry
Rabbit C3f is running away from: LionA2
Rabbit C3f is running away from: WolfC1
Rabbit C3 is Hungry
Rabbit C3f ate
Rabbit A4f is running away from: LionC4
Rabbit A4f is running away from: WolfC1
Rabbit A4 is Hungry
Rabbit A3f is running away from: LionA2
Rabbit A3f is running away from: WolfC1
Rabbit A3 is Hungry
Rabbit C0m is running away from: LionA2
Rabbit C0m is running away from: WolfB4
Rabbit C0 is Hungry
Rabbit C0m ate
Rabbit A1m is running away from: LionA1
Rabbit A1m is running away from: WolfC1
Rabbit A1 is Hungry
Rabbit A1m ate
Rabbit B3f is running away from: LionA2
Rabbit B3f is running away from: WolfB4
Rabbit B3 is Hungry
Rabbit B0f is running away from: LionA2
Rabbit B0f is running away from: WolfB4
Rabbit B0 is Hungry
Rabbit B5f is running away from: LionA2
Rabbit B5f is running away from: WolfB4
Rabbit B5 is Hungry
Rabbit B5f ate
Rabbit B2f is running away from: LionC4
Rabbit B2f is running away from: WolfC1
Rabbit B2 is Hungry
Rabbit B2f ate
Rabbit B4m is running away from: LionC1
Rabbit B4m is running away from: WolfB4
Rabbit B4 is Hungry
Rabbit A3m is running away from: LionC1
Rabbit A3m is running away from: WolfB4
Rabbit A3 is Hungry
Rabbit A3m ate
Rabbit B3f is running away from: LionA2
Rabbit B3f is running away from: WolfC1
Rabbit B3 is Hungry
Rabbit B3f ate
Rabbit A5m is running away from: LionA2
Rabbit A5m is running away from: WolfB4
Rabbit A5 is Hungry
Rabbit A5m ate
Rabbit C2m is running away from: LionA2
Rabbit C2m is running away from: WolfB4
Rabbit C2 is Hungry
Wolf A2m is running away from: LionC4
Wolf A2 is Hungry
Wolf A2m is chasing: A5m
Wolf C1m is running away from: LionC1
Wolf C1 is Hungry
Wolf C1m is chasing: A5m
Wolf B4m is running away from: LionA2
Wolf B4 is Hungry
Wolf B4m is chasing: A5m
Wolf B0m is running away from: LionA2
Wolf C1m is running away from: LionC4
Wolf C1m ate!
Wolf B4m is running away from: LionA2
Wolf B4m ate!
Wolf C1m is running away from: LionA2
Wolf C1 is Hungry
Wolf C1m is chasing: A3f
Wolf B4m is running away from: LionA2
Wolf B4 is Hungry
Wolf B4m is chasing: A5m
Rabbit B3m is running away from: LionC4
Rabbit B3m is running away from: WolfC1
Rabbit B3 is Hungry
Rabbit B3m ate
Rabbit B3 m is ready to mate
Rabbit B3 m is approaching partner: Rabbit A4f
Rabbit B2f is running away from: LionC4
Rabbit B2f is running away from: WolfC1
Rabbit B2 is Hungry
Rabbit B2f ate
Rabbit B2 f is ready to mate
Rabbit A5m is running away from: LionC4
Rabbit A5m is running away from: WolfA2
Rabbit A5 is Hungry
Rabbit A5m ate
Rabbit A5 m is ready to mate
Rabbit A5 m is approaching partner: Rabbit A4f
Rabbit B4m is running away from: LionA1
Rabbit B4m is running away from: WolfC1
Rabbit B4 is Hungry
Rabbit B4m ate
Rabbit B4 m is ready to mate
Rabbit B4 m is approaching partner: Rabbit B2f
Rabbit A5 m was born!Father is B4 and Mother is B2
Rabbit C3f is running away from: LionA2
Rabbit C3f is running away from: WolfC1
Rabbit C3 is Hungry
Rabbit C3f ate
Rabbit C3 f is ready to mate
Rabbit A4f is running away from: LionC4
Rabbit A4f is running away from: WolfC1
Rabbit A4 is Hungry
Rabbit A4 f is ready to mate
Rabbit A3f is running away from: LionA2
Rabbit A3f is running away from: WolfB4
Rabbit A3 is Hungry
Rabbit A3f ate
Rabbit A3 f is ready to mate
Rabbit C0m is running away from: LionA2
Rabbit C0m is running away from: WolfB4
Rabbit C0 is Hungry
Rabbit C0m ate
Rabbit C0 m is ready to mate
Rabbit C0 m is approaching partner: Rabbit A3f
Rabbit A1m is running away from: LionA1
Rabbit A1m is running away from: WolfA2
Rabbit A1 is Hungry
Rabbit A1m ate
Rabbit A1 m is ready to mate
Rabbit A1 m is approaching partner: Rabbit C3f
Rabbit B0f is running away from: LionA2
Rabbit B0f is running away from: WolfB0
Rabbit B0 is Hungry
Rabbit B0 f is ready to mate
Rabbit B5f is running away from: LionA2
Rabbit B5f is running away from: WolfB4
Rabbit B5 is Hungry
Rabbit B5 f is ready to mate
Rabbit B4m is running away from: LionC1
Rabbit B4m is running away from: WolfB4
Rabbit B4 is Hungry
Rabbit B4m ate
Rabbit B4 m is ready to mate
Rabbit B4 m is approaching partner: Rabbit B5f
Rabbit A3m is running away from: LionC1
Rabbit A3m is running away from: WolfB4
Rabbit A3 is Hungry
Rabbit A3m ate
Rabbit A3 m is ready to mate
Rabbit A3 m is approaching partner: Rabbit B5f
Rabbit B3f is running away from: LionA2
Rabbit B3f is running away from: WolfB4
Rabbit B3 is Hungry
Rabbit B3 f is ready to mate
Rabbit A5m is running away from: LionA2
Rabbit A5m is running away from: WolfB4
Rabbit A5 is Hungry
Rabbit A5m ate
Rabbit A5 m is ready to mate
Rabbit A5 m is approaching partner: Rabbit A3f
Rabbit A2 m was born!Father is A5 and Mother is A3
Rabbit C2m is running away from: LionA2
Rabbit C2m is running away from: WolfB0
Rabbit C2 is Hungry
Rabbit C2m ate
Rabbit C2 m is ready to mate
Rabbit C2 m is approaching partner: Rabbit B0f
Wolf A2m is running away from: LionC1
Wolf A2 is Hungry
Wolf A2m is chasing: A5m
Wolf A2 m is ready to mate
No Female Wolf Partner or Female Wolf Partner not ready yet!
Wolf C1m is running away from: LionC1
Wolf C1 is Hungry
Wolf C1m is chasing: A5m
Wolf C1 m is ready to mate
No Female Wolf Partner or Female Wolf Partner not ready yet!
Wolf B4m is running away from: LionA2
Wolf B4 is Hungry
Wolf B4m is chasing: A2m
Wolf B4 m is ready to mate
No Female Wolf Partner or Female Wolf Partner not ready yet!
Wolf B0m is running away from: LionA2
Wolf B0 is Hungry
Wolf B0m is chasing: A2m
Wolf B0 m is ready to mate
No Female Wolf Partner or Female Wolf Partner not ready yet!
Wolf C1m is running away from: LionC4
Wolf C1 m is ready to mate
No Female Wolf Partner or Female Wolf Partner not ready yet!
Wolf B4m is running away from: LionA2
Wolf B4 m is ready to mate
No Female Wolf Partner or Female Wolf Partner not ready yet!
Wolf C1m is running away from: LionA2
Wolf C1 is Hungry
Wolf C1m is chasing: A3f
Wolf C1 m is ready to mate
No Female Wolf Partner or Female Wolf Partner not ready yet!
Wolf B4m is running away from: LionA2
Wolf B4 is Hungry
Wolf B4m is chasing: C0m
Wolf B4 m is ready to mate
No Female Wolf Partner or Female Wolf Partner not ready yet!
Rabbit B3m is running away from: LionC4
Rabbit B3m is running away from: WolfA2
Rabbit B3 is Hungry
Rabbit B3 m is ready to mate
Rabbit B3 m is approaching partner: Rabbit A4f
Rabbit B2f is running away from: LionA1
Rabbit B2f is running away from: WolfC1
Rabbit B2 is Hungry
Rabbit A5m is running away from: LionC4
Rabbit A5m is running away from: WolfA2
Rabbit A5 is Hungry
Rabbit A5m ate
Rabbit A5 m is ready to mate
Rabbit A5 m is approaching partner: Rabbit A4f
Rabbit B4m is running away from: LionA1
Rabbit B4m is running away from: WolfC1
Rabbit B4 is Hungry
Rabbit B4 m is ready to mate
Rabbit B4 m is approaching partner: Rabbit C3f
Rabbit C3f is running away from: LionA1
Rabbit C3f is running away from: WolfC1
Rabbit C3 is Hungry
Rabbit C3 f is ready to mate
Rabbit A4f is running away from: LionC4
Rabbit A4f is running away from: WolfC1
Rabbit A4 is Hungry
Rabbit A4 f is ready to mate
Rabbit A3f is running away from: LionA2
Rabbit A3f is running away from: WolfB4
Rabbit A3 is Hungry
Rabbit A3f ate
Rabbit C0m is running away from: LionA2
Rabbit C0m is running away from: WolfB4
Rabbit C0 is Hungry
Rabbit C0 m is ready to mate
Rabbit C0 m is approaching partner: Rabbit B5f
Rabbit A1m is running away from: LionA1
Rabbit A1m is running away from: WolfC1
Rabbit A1 is Hungry
Rabbit A1m ate
Rabbit A1 m is ready to mate
Rabbit A1 m is approaching partner: Rabbit B3f
Rabbit B0f is running away from: LionA2
Rabbit B0f is running away from: WolfB0
Rabbit B0 is Hungry
Rabbit B0 f is ready to mate
Rabbit B5f is running away from: LionA2
Rabbit B5f is running away from: WolfB4
Rabbit B5 is Hungry
Rabbit B5f ate
Rabbit B5 f is ready to mate
Rabbit B4m is running away from: LionC1
Rabbit B4m is running away from: WolfB4
Rabbit B4 is Hungry
Rabbit B4m ate
Rabbit B4 m is ready to mate
Rabbit B4 m is approaching partner: Rabbit B5f
Rabbit A3m is running away from: LionC1
Rabbit A3m is running away from: WolfB4
Rabbit A3 is Hungry
Rabbit A3 m is ready to mate
Rabbit A3 m is approaching partner: Rabbit B5f
Rabbit B3f is running away from: LionA1
Rabbit B3f is running away from: WolfC1
Rabbit B3 is Hungry
Rabbit B3 f is ready to mate
Rabbit A5m is running away from: LionA2
Rabbit A5m is running away from: WolfB4
Rabbit A5 is Hungry
Rabbit A5m ate
Rabbit A5 m is ready to mate
Rabbit A5 m is approaching partner: Rabbit B5f
Rabbit C2m is running away from: LionA2
Rabbit C2m is running away from: WolfB0
Rabbit C2 is Hungry
Rabbit C2 m is ready to mate
Rabbit C2 m is approaching partner: Rabbit B0f
Rabbit A5m is running away from: LionA1
Rabbit A5m is running away from: WolfC1
Rabbit A5 is Hungry
Rabbit A2m is running away from: LionA2
Rabbit A2m is running away from: WolfB4
Rabbit A2 is Hungry
Lion C4 is Hungry
LionC4mis chasing: A5m
Lion A2 is Hungry
LionA2fis chasing: B5f
Lion A2 is Hungry
LionA2mis chasing: B0m
Lion A1 is Hungry
LionA1mis chasing: A1m
Wolf A2m is running away from: LionC4
Wolf A2 is Hungry
Wolf A2m is chasing: A5m
Wolf A2 m is ready to mate
No Female Wolf Partner or Female Wolf Partner not ready yet!
Wolf C1m is running away from: LionC4
Wolf C1 is Hungry
Wolf C1m is chasing: A5m
Wolf C1 m is ready to mate
No Female Wolf Partner or Female Wolf Partner not ready yet!
Wolf B4m is running away from: LionA2
Wolf B4 is Hungry
Wolf B4m is chasing: C0m
Wolf B4 m is ready to mate
No Female Wolf Partner or Female Wolf Partner not ready yet!
Wolf B0m is running away from: LionA2
Wolf B0 is Hungry
Wolf B0m is chasing: A2m
Wolf B0 m is ready to mate
No Female Wolf Partner or Female Wolf Partner not ready yet!
Wolf C1m is running away from: LionC4
Wolf C1 m is ready to mate
No Female Wolf Partner or Female Wolf Partner not ready yet!
Wolf B4m is running away from: LionA2
Wolf B4 m is ready to mate
No Female Wolf Partner or Female Wolf Partner not ready yet!
Wolf C1m is running away from: LionA2
Wolf C1 is Hungry
Wolf C1m is chasing: A5m
Wolf C1 m is ready to mate
No Female Wolf Partner or Female Wolf Partner not ready yet!
Wolf B4m is running away from: LionA2
Wolf B4 is Hungry
Wolf B4m is chasing: C0m
Wolf B4m ate!
Wolf B4 m is ready to mate
No Female Wolf Partner or Female Wolf Partner not ready yet!
Rabbit B3m is running away from: LionC4
Rabbit B3m is running away from: WolfA2
Rabbit B3 is Hungry
Rabbit B3m ate
Rabbit B3 m is ready to mate
Rabbit B3 m is approaching partner: Rabbit A4f
Rabbit B2f is running away from: LionA1
Rabbit B2f is running away from: WolfC1
Rabbit B2 is Hungry
Rabbit A5m is running away from: LionC4
Rabbit A5m is running away from: WolfA2
Rabbit A5 is Hungry
Rabbit A5m ate
Rabbit A5 m is ready to mate
Rabbit A5 m is approaching partner: Rabbit A4f
Rabbit B4m is running away from: LionA1
Rabbit B4m is running away from: WolfC1
Rabbit B4 is Hungry
Rabbit B4 m is ready to mate
Rabbit B4 m is approaching partner: Rabbit B2f
Rabbit C3f is running away from: LionA1
Rabbit C3f is running away from: WolfB4
Rabbit C3 is Hungry
Rabbit C3 f is ready to mate
Rabbit A4f is running away from: LionC4
Rabbit A4f is running away from: WolfC1
Rabbit A4 is Hungry
RabbitA4f died of hunger
Rabbit A4 f is ready to mate
Rabbit A3f is running away from: LionA2
Rabbit A3f is running away from: WolfB4
Rabbit A3 is Hungry
Rabbit A1m is running away from: LionA1
Rabbit A1m is running away from: WolfC1
Rabbit A1 is Hungry
Rabbit A1 m is ready to mate
Rabbit A1 m is approaching partner: Rabbit C3f
Rabbit B0f is running away from: LionA2
Rabbit B0f is running away from: WolfB0
Rabbit B0 is Hungry
RabbitB0f died of hunger
Rabbit B0 f is ready to mate
Rabbit B5f is running away from: LionA2
Rabbit B5f is running away from: WolfB4
Rabbit B5 is Hungry
Rabbit B5f ate
Rabbit B5 f is ready to mate
Rabbit B4m is running away from: LionC1
Rabbit B4m is running away from: WolfB4
Rabbit B4 is Hungry
Rabbit B4m ate
Rabbit B4 m is ready to mate
Rabbit B4 m is approaching partner: Rabbit B5f
Rabbit A3m is running away from: LionC1
Rabbit A3m is running away from: WolfB4
Rabbit A3 is Hungry
Rabbit A3 m is ready to mate
Rabbit A3 m is approaching partner: Rabbit B5f
Rabbit B3f is running away from: LionA1
Rabbit B3f is running away from: WolfB4
Rabbit B3 is Hungry
Rabbit B3 f is ready to mate
Rabbit A5m is running away from: LionA2
Rabbit A5m is running away from: WolfC1
Rabbit A5 is Hungry
Rabbit A5m ate
Rabbit A5 m is ready to mate
Rabbit A5 m is approaching partner: Rabbit B5f
Rabbit C2m is running away from: LionA2
Rabbit C2m is running away from: WolfB0
Rabbit C2 is Hungry
Rabbit C2 m is ready to mate
Rabbit C2 m is approaching partner: Rabbit B5f
Rabbit A5m is running away from: LionA1
Rabbit A5m is running away from: WolfC1
Rabbit A5 is Hungry
Rabbit A2m is running away from: LionA2
Rabbit A2m is running away from: WolfB4
Rabbit A2 is Hungry
Rabbit A2m ate
Lion C4 is Hungry
LionC4mis chasing: A5m
Lion A2 is Hungry
LionA2fis chasing: B5f
Lion A2 is Hungry
LionA2mis chasing: B0m
Lion A1 is Hungry
LionA1mis chasing: C3f
Lion C1 is Hungry
LionC1fis chasing: B5f
Wolf A2m is running away from: LionC4
Wolf A2 is Hungry
Wolf A2m is chasing: A5m
Wolf A2 m is ready to mate
No Female Wolf Partner or Female Wolf Partner not ready yet!
Wolf C1m is running away from: LionC4
Wolf C1 is Hungry
Wolf C1m is chasing: A5m
Wolf C1 m is ready to mate
No Female Wolf Partner or Female Wolf Partner not ready yet!
Wolf B4m is running away from: LionA2
Wolf B4 is Hungry
Wolf B4m is chasing: A5m
Wolf B4 m is ready to mate
No Female Wolf Partner or Female Wolf Partner not ready yet!
Wolf B0m is running away from: LionA2
Wolf B0 is Hungry
Wolf B0m is chasing: A5m
Wolf B0 m is ready to mate
No Female Wolf Partner or Female Wolf Partner not ready yet!
Wolf C1m is running away from: LionC4
Wolf C1 is Hungry
Wolf C1m is chasing: A5m
Wolf C1 m is ready to mate
No Female Wolf Partner or Female Wolf Partner not ready yet!
Wolf B4m is running away from: LionA2
Wolf B4 is Hungry
Wolf B4m is chasing: B4m
Wolf B4 m is ready to mate
No Female Wolf Partner or Female Wolf Partner not ready yet!
Wolf C1m is running away from: LionA2
Wolf C1 is Hungry
Wolf C1m is chasing: A3f
Wolf C1m ate!
Wolf C1 m is ready to mate
No Female Wolf Partner or Female Wolf Partner not ready yet!
Wolf B4m is running away from: LionA2
Wolf B4 m is ready to mate
No Female Wolf Partner or Female Wolf Partner not ready yet!
Rabbit B3m is running away from: LionC4
Rabbit B3m is running away from: WolfC1
Rabbit B3 is Hungry
Rabbit B3 m is ready to mate
Rabbit B3 m is approaching partner: Rabbit B2f
Rabbit B2f is running away from: LionA1
Rabbit B2f is running away from: WolfC1
Rabbit B2 is Hungry
Rabbit B2f ate
Rabbit B2 f is ready to mate
Rabbit A5m is running away from: LionC4
Rabbit A5m is running away from: WolfC1
Rabbit A5 is Hungry
Rabbit A5m ate
Rabbit A5 m is ready to mate
Rabbit A5 m is approaching partner: Rabbit B2f
Rabbit B4m is running away from: LionA1
Rabbit B4m is running away from: WolfC1
Rabbit B4 is Hungry
Rabbit B4m ate
Rabbit B4 m is ready to mate
Rabbit B4 m is approaching partner: Rabbit B2f
Rabbit C3f is running away from: LionA1
Rabbit C3f is running away from: WolfC1
Rabbit C3 is Hungry
Rabbit C3 f is ready to mate
Rabbit A1m is running away from: LionA1
Rabbit A1m is running away from: WolfC1
Rabbit A1 is Hungry
Rabbit A1 m is ready to mate
Rabbit A1 m is approaching partner: Rabbit C3f
Rabbit B5f is running away from: LionA2
Rabbit B5f is running away from: WolfB4
Rabbit B5 is Hungry
Rabbit B5f ate
Rabbit B5 f is ready to mate
Rabbit B4m is running away from: LionC1
Rabbit B4m is running away from: WolfB4
Rabbit B4 is Hungry
Rabbit B4 m is ready to mate
Rabbit B4 m is approaching partner: Rabbit B5f
Rabbit A3m is running away from: LionC1
Rabbit A3m is running away from: WolfB4
Rabbit A3 is Hungry
Rabbit A3 m is ready to mate
Rabbit A3 m is approaching partner: Rabbit B5f
Rabbit B3f is running away from: LionA1
Rabbit B3f is running away from: WolfC1
Rabbit B3 is Hungry
RabbitB3f died of hunger
Rabbit B3 f is ready to mate
Rabbit A5m is running away from: LionA2
Rabbit A5m is running away from: WolfC1
Rabbit A5 is Hungry
Rabbit A5 m is ready to mate
Rabbit A5 m is approaching partner: Rabbit B5f
Rabbit C2m is running away from: LionA2
Rabbit C2m is running away from: WolfB0
Rabbit C2 is Hungry
Rabbit C2 m is ready to mate
Rabbit C2 m is approaching partner: Rabbit B5f
Rabbit A5m is running away from: LionA1
Rabbit A5m is running away from: WolfC1
Rabbit A5 is Hungry
Rabbit A5 m is ready to mate
Rabbit A5 m is approaching partner: Rabbit B2f
Rabbit A2m is running away from: LionA2
Rabbit A2m is running away from: WolfB4
Rabbit A2 is Hungry
Rabbit A2 m is ready to mate
Rabbit A2 m is approaching partner: Rabbit B5f
Lion C4m ate: A5m
Lion A2 is Hungry
LionA2fis chasing: B5f
Lion A2 is Hungry
LionA2mis chasing: C2m
Lion A1 is Hungry
LionA1mis chasing: A1m
Lion C1 is Hungry
LionC1fis chasing: B5f
Wolf A2m is running away from: LionC4
Wolf A2 is Hungry
Wolf A2m is chasing: A5m
Wolf A2 m is ready to mate
No Female Wolf Partner or Female Wolf Partner not ready yet!
Wolf C1m is running away from: LionC4
Wolf C1 is Hungry
Wolf C1m is chasing: A5m
Wolf C1 m is ready to mate
No Female Wolf Partner or Female Wolf Partner not ready yet!
Wolf B4m is running away from: LionA2
Wolf B4 is Hungry
Wolf B4m is chasing: A5m
Wolf B4m ate!
Wolf B4 m is ready to mate
No Female Wolf Partner or Female Wolf Partner not ready yet!
Wolf B0m is running away from: LionA2
Wolf B0 is Hungry
Wolf B0m is chasing: A2m
Wolf B0 m is ready to mate
No Female Wolf Partner or Female Wolf Partner not ready yet!
Wolf C1m is running away from: LionC4
Wolf C1 is Hungry
Wolf C1m is chasing: B2f
Wolf C1 m is ready to mate
No Female Wolf Partner or Female Wolf Partner not ready yet!
Wolf B4m is running away from: LionA2
Wolf B4 is Hungry
Wolf B4m is chasing: B4m
Wolf B4 m is ready to mate
No Female Wolf Partner or Female Wolf Partner not ready yet!
Wolf C1m is running away from: LionA2
Wolf C1 m is ready to mate
No Female Wolf Partner or Female Wolf Partner not ready yet!
Wolf B4m is running away from: LionA2
Wolf B4 m is ready to mate
No Female Wolf Partner or Female Wolf Partner not ready yet!
Rabbit B3 is Thirsty
Rabbit B3 drank water
Rabbit B3m is running away from: LionC4
Rabbit B3m is running away from: WolfA2
Rabbit B3 is Hungry
Rabbit B3 m is ready to mate
Rabbit B3 m is approaching partner: Rabbit B2f
Rabbit B2 is Thirsty
Rabbit B2 drank water
Rabbit B2f is running away from: LionA1
Rabbit B2f is running away from: WolfC1
Rabbit B2 is Hungry
Rabbit B2 f is ready to mate
Rabbit A5 is Thirsty
Rabbit A5 drank water
Rabbit A5m is running away from: LionC4
Rabbit A5m is running away from: WolfA2
Rabbit A5 is Hungry
Rabbit A5m ate
Rabbit A5 m is ready to mate
Rabbit A5 m is approaching partner: Rabbit B2f
Rabbit B4 is Thirsty
Rabbit B4 drank water
Rabbit B4m is running away from: LionA1
Rabbit B4m is running away from: WolfC1
Rabbit B4 is Hungry
Rabbit B4 m is ready to mate
Rabbit B4 m is approaching partner: Rabbit B2f
Rabbit C3 is Thirsty
Rabbit C3 drank water
Rabbit C3f is running away from: LionA1
Rabbit C3f is running away from: WolfC1
Rabbit C3 is Hungry
RabbitC3f died of hunger
Rabbit C3f ate
Rabbit C3 f is ready to mate
Rabbit A1 is Thirsty
Rabbit A1 drank water
Rabbit A1m is running away from: LionA1
Rabbit A1m is running away from: WolfB4
Rabbit A1 is Hungry
Rabbit A1m ate
Rabbit A1 m is ready to mate
Rabbit A1 m is approaching partner: Rabbit B5f
Rabbit B5 is Thirsty
Rabbit B5 drank water
Rabbit B5f is running away from: LionA2
Rabbit B5f is running away from: WolfB4
Rabbit B5 is Hungry
Rabbit B5f ate
Rabbit B5 f is ready to mate
Rabbit B4 is Thirsty
Rabbit B4 drank water
Rabbit B4m is running away from: LionA2
Rabbit B4m is running away from: WolfB4
Rabbit B4 is Hungry
Rabbit B4m ate
Rabbit B4 m is ready to mate
Rabbit B4 m is approaching partner: Rabbit B5f
Rabbit A3 is Thirsty
Rabbit A3 drank water
Rabbit A3m is running away from: LionA2
Rabbit A3m is running away from: WolfB4
Rabbit A3 is Hungry
RabbitA3m died of hunger
Rabbit A3 m is ready to mate
Rabbit A3 m is approaching partner: Rabbit B5f
Rabbit C2 is Thirsty
Rabbit C2 drank water
Rabbit C2m is running away from: LionA2
Rabbit C2m is running away from: WolfB0
Rabbit C2 is Hungry
RabbitC2m died of hunger
Rabbit C2 m is ready to mate
Rabbit C2 m is approaching partner: Rabbit B5f
Rabbit A5m is running away from: LionA1
Rabbit A5m is running away from: WolfC1
Rabbit A5 is Hungry
RabbitA5m died of hunger
Rabbit A5 m is ready to mate
Rabbit A5 m is approaching partner: Rabbit B2f
Rabbit A2m is running away from: LionA2
Rabbit A2m is running away from: WolfB4
Rabbit A2 is Hungry
Rabbit A2 m is ready to mate
Rabbit A2 m is approaching partner: Rabbit B5f
Lion C4 m is ready to mate
Lion A2 is Hungry
LionA2fis chasing: B5f
Lion A2f ate!
Lion A2 f is ready to mate
Lion A2 is Hungry
LionA2mis chasing: B0m
Lion A2 m is ready to mate
Lion A1 is Hungry
LionA1mis chasing: A1m
Lion A1 m is ready to mate
Lion C1 is Hungry
LionC1fis chasing: A1m
Lion C1 f is ready to mate
Wolf A2m is running away from: LionC4
Wolf A2 is Hungry
WolfA2m died of hunger
Wolf A2m is chasing: B3m
Wolf A2 m is ready to mate
No Female Wolf Partner or Female Wolf Partner not ready yet!
Wolf C1m is running away from: LionC4
Wolf C1 is Hungry
WolfC1m died of hunger
Wolf C1m is chasing: B3m
Wolf C1 m is ready to mate
No Female Wolf Partner or Female Wolf Partner not ready yet!
Wolf B4m is running away from: LionA2
Wolf B4 m is ready to mate
No Female Wolf Partner or Female Wolf Partner not ready yet!
Wolf B0m is running away from: LionA2
Wolf B0 is Hungry
Wolf B0m is chasing: A2m
Wolf B0m ate!
Wolf B0 m is ready to mate
No Female Wolf Partner or Female Wolf Partner not ready yet!
Wolf C1m is running away from: LionC4
Wolf C1 is Hungry
Wolf C1m is chasing: A5m
Wolf C1 m is ready to mate
No Female Wolf Partner or Female Wolf Partner not ready yet!
Wolf B4m is running away from: LionA2
Wolf B4 is Hungry
Wolf B4m is chasing: B4m
Wolf B4 m is ready to mate
No Female Wolf Partner or Female Wolf Partner not ready yet!
Wolf C1m is running away from: LionA2
Wolf C1 m is ready to mate
No Female Wolf Partner or Female Wolf Partner not ready yet!
Wolf B4m is running away from: LionA2
Wolf B4 is Hungry
Wolf B4m is chasing: B4m
Wolf B4 m is ready to mate
No Female Wolf Partner or Female Wolf Partner not ready yet!
Rabbit B3 is Thirsty
Rabbit B3 drank water
Rabbit B3m is running away from: LionC4
Rabbit B3m is running away from: WolfC1
Rabbit B3 is Hungry
Rabbit B3m ate
Rabbit B3 m is ready to mate
Rabbit B3 m is approaching partner: Rabbit B2f
Rabbit B2 is Thirsty
Rabbit B2 drank water
Rabbit B2f is running away from: LionC4
Rabbit B2f is running away from: WolfC1
Rabbit B2 is Hungry
Rabbit B2 f is ready to mate
Rabbit A5 is Thirsty
Rabbit A5 drank water
Rabbit A5m is running away from: LionC4
Rabbit A5m is running away from: WolfC1
Rabbit A5 is Hungry
Rabbit A5m ate
Rabbit A5 m is ready to mate
Rabbit A5 m is approaching partner: Rabbit B2f
Rabbit B4 is Thirsty
Rabbit B4 drank water
Rabbit B4m is running away from: LionA1
Rabbit B4m is running away from: WolfC1
Rabbit B4 is Hungry
Rabbit B4 m is ready to mate
Rabbit B4 m is approaching partner: Rabbit B2f
Rabbit A1 is Thirsty
Rabbit A1 drank water
Rabbit A1m is running away from: LionA1
Rabbit A1m is running away from: WolfB4
Rabbit A1 is Hungry
Rabbit A1 m is ready to mate
Rabbit A1 m is approaching partner: Rabbit B2f
Rabbit B4 is Thirsty
Rabbit B4 drank water
Rabbit B4m is running away from: LionC1
Rabbit B4m is running away from: WolfB4
Rabbit B4 is Hungry
Rabbit B4m ate
Rabbit B4 m is ready to mate
Rabbit B4 m is approaching partner: Rabbit B2f
Lion C4 m is ready to mate
Lion A2 f is ready to mate
Lion A2 is Hungry
LionA2mis chasing: B0m
Lion A2 m is ready to mate
Lion A1 is Hungry
LionA1mis chasing: A1m
Lion A1 m is ready to mate
Lion C1 is Hungry
LionC1fis chasing: A1m
Lion C1 f is ready to mate
Wolf B4m is running away from: LionA2
Wolf B4 m is ready to mate
No Female Wolf Partner or Female Wolf Partner not ready yet!
Wolf B0m is running away from: LionA2
Wolf B0 m is ready to mate
No Female Wolf Partner or Female Wolf Partner not ready yet!
Wolf C1m is running away from: LionC4
Wolf C1 is Hungry
Wolf C1m is chasing: A5m
Wolf C1 m is ready to mate
No Female Wolf Partner or Female Wolf Partner not ready yet!
Wolf B4m is running away from: LionA2
Wolf B4 is Hungry
Wolf B4m is chasing: B4m
Wolf B4 m is ready to mate
No Female Wolf Partner or Female Wolf Partner not ready yet!
Wolf C1m is running away from: LionA2
Wolf C1 is Hungry
Wolf C1m is chasing: B4m
Wolf C1 m is ready to mate
No Female Wolf Partner or Female Wolf Partner not ready yet!
Wolf B4m is running away from: LionA2
Wolf B4 is Hungry
Wolf B4m is chasing: B4m
Wolf B4 m is ready to mate
No Female Wolf Partner or Female Wolf Partner not ready yet!
Rabbit B3 is Thirsty
Rabbit B3 drank water
Rabbit B3m is running away from: LionC4
Rabbit B3m is running away from: WolfC1
Rabbit B3 is Hungry
Rabbit B3m ate
Rabbit B3 m is ready to mate
Rabbit B3 m is approaching partner: Rabbit B2f
Rabbit B2 is Thirsty
Rabbit B2 drank water
Rabbit B2f is running away from: LionC4
Rabbit B2f is running away from: WolfC1
Rabbit B2 is Hungry
Rabbit B2 f is ready to mate
Rabbit A5 is Thirsty
Rabbit A5 drank water
Rabbit A5m is running away from: LionC4
Rabbit A5m is running away from: WolfC1
Rabbit A5 is Hungry
Rabbit A5m ate
Rabbit A5 m is ready to mate
Rabbit A5 m is approaching partner: Rabbit B2f
Rabbit B4 is Thirsty
Rabbit B4 drank water
Rabbit B4m is running away from: LionC4
Rabbit B4m is running away from: WolfC1
Rabbit B4 is Hungry
Rabbit B4m ate
Rabbit B4 m is ready to mate
Rabbit B4 m is approaching partner: Rabbit B2f
Rabbit A1 is Thirsty
Rabbit A1 drank water
Rabbit A1m is running away from: LionA1
Rabbit A1m is running away from: WolfC1
Rabbit A1 is Hungry
Rabbit A1 m is ready to mate
Rabbit A1 m is approaching partner: Rabbit B2f
Rabbit B4 is Thirsty
Rabbit B4 drank water
Rabbit B4m is running away from: LionA2
Rabbit B4m is running away from: WolfB4
Rabbit B4 is Hungry
Rabbit B4m ate
Rabbit B4 m is ready to mate
Rabbit B4 m is approaching partner: Rabbit B2f
Lion C4m ate: A5m
Lion C4 m is ready to mate
Lion A2 f is ready to mate
Lion A2 is Hungry
LionA2mis chasing: C1m
Lion A2 m is ready to mate
Lion A1 is Hungry
LionA1mis chasing: A1m
Lion A1m ate!
Lion A1 m is ready to mate
Lion C1 is Hungry
LionC1fis chasing: B4m
Lion C1 f is ready to mate
Wolf B4m is running away from: LionA2
Wolf B4 is Hungry
Wolf B4m is chasing: B4m
Wolf B4 m is ready to mate
No Female Wolf Partner or Female Wolf Partner not ready yet!
Wolf B0m is running away from: LionA2
Wolf B0 m is ready to mate
No Female Wolf Partner or Female Wolf Partner not ready yet!
Wolf C1m is running away from: LionC4
Wolf C1 is Hungry
Wolf C1m is chasing: B2f
Wolf C1 m is ready to mate
No Female Wolf Partner or Female Wolf Partner not ready yet!
Wolf B4m is running away from: LionA2
Wolf B4 is Hungry
Wolf B4m is chasing: B4m
Wolf B4 m is ready to mate
No Female Wolf Partner or Female Wolf Partner not ready yet!
Wolf C1m is running away from: LionA2
Wolf C1 is Hungry
Wolf C1m is chasing: B4m
Wolf C1 m is ready to mate
No Female Wolf Partner or Female Wolf Partner not ready yet!
Wolf B4m is running away from: LionA2
Wolf B4 is Hungry
Wolf B4m is chasing: B4m
Wolf B4 m is ready to mate
No Female Wolf Partner or Female Wolf Partner not ready yet!
Rabbit B3 is Thirsty
Rabbit B3 drank water
Rabbit B3m is running away from: LionC4
Rabbit B3m is running away from: WolfC1
Rabbit B3 is Hungry
Rabbit B3m ate
Rabbit B3 m is ready to mate
Rabbit B3 m is approaching partner: Rabbit B2f
Rabbit B2 is Thirsty
Rabbit B2 drank water
Rabbit B2f is running away from: LionC4
Rabbit B2f is running away from: WolfC1
Rabbit B2 is Hungry
RabbitB2f died of hunger
Rabbit B2 f is ready to mate
Rabbit B4 is Thirsty
Rabbit B4 drank water
Rabbit B4m is running away from: LionC4
Rabbit B4m is running away from: WolfC1
Rabbit B4 is Hungry
Rabbit B4 m is ready to mate
Not enough female Rabbits or Female Rabbit partners are not ready yet!
Rabbit B4 is Thirsty
Rabbit B4 drank water
Rabbit B4m is running away from: LionC1
Rabbit B4m is running away from: WolfB4
Rabbit B4 is Hungry
Rabbit B4m ate
Rabbit B4 m is ready to mate
Not enough female Rabbits or Female Rabbit partners are not ready yet!
Lion C4 is Thirsty
Lion C4 drank water
Lion C4 m is ready to mate
Lion A2 is Thirsty
Lion A2 drank water
Lion A2 f is ready to mate
Lion A2 is Thirsty
Lion A2 drank water
Lion A2 is Hungry
LionA2mis chasing: C1m
Lion A2 m is ready to mate
Lion A1 is Thirsty
Lion A1 drank water
Lion A1 m is ready to mate
Lion C1 is Thirsty
Lion C1 drank water
Lion C1 is Hungry
LionC1fis chasing: B4m
Lion C1 f is ready to mate
Wolf B4m is running away from: LionA2
Wolf B4 is Hungry
Wolf B4m is chasing: B4m
Wolf B4 m is ready to mate
No Female Wolf Partner or Female Wolf Partner not ready yet!
Wolf B0m is running away from: LionA2
Wolf B0 is Hungry
Wolf B0m is chasing: B4m
Wolf B0 m is ready to mate
No Female Wolf Partner or Female Wolf Partner not ready yet!
Wolf C1m is running away from: LionC4
Wolf C1 is Hungry
WolfC1m died of hunger
Wolf C1m is chasing: B4m
Wolf C1 m is ready to mate
No Female Wolf Partner or Female Wolf Partner not ready yet!
Wolf B4m is running away from: LionA2
Wolf B4 is Hungry
WolfB4m died of hunger
Wolf B4m is chasing: B4m
Wolf B4 m is ready to mate
No Female Wolf Partner or Female Wolf Partner not ready yet!
Wolf C1m is running away from: LionA2
Wolf C1 is Hungry
Wolf C1m is chasing: B4m
Wolf C1 m is ready to mate
No Female Wolf Partner or Female Wolf Partner not ready yet!
Wolf B4m is running away from: LionA2
Wolf B4 is Hungry
Wolf B4m is chasing: B4m
Wolf B4 m is ready to mate
No Female Wolf Partner or Female Wolf Partner not ready yet!
Rabbit B3 is Thirsty
Rabbit B3 drank water
Rabbit B3m is running away from: LionC4
Rabbit B3m is running away from: WolfC1
Rabbit B3 is Hungry
Rabbit B3 m is ready to mate
Not enough female Rabbits or Female Rabbit partners are not ready yet!
Rabbit B4 is Thirsty
Rabbit B4 drank water
Rabbit B4m is running away from: LionC4
Rabbit B4m is running away from: WolfC1
Rabbit B4 is Hungry
Rabbit B4 m is ready to mate
Not enough female Rabbits or Female Rabbit partners are not ready yet!
Rabbit B4 is Thirsty
Rabbit B4 drank water
Rabbit B4m is running away from: LionC1
Rabbit B4m is running away from: WolfC1
Rabbit B4 is Hungry
Rabbit B4m ate
Rabbit B4 m is ready to mate
Not enough female Rabbits or Female Rabbit partners are not ready yet!
Lion C4 is Thirsty
Lion C4 drank water
Lion C4 m is ready to mate
Lion A2 is Thirsty
Lion A2 drank water
Lion A2 is Hungry
LionA2fis chasing: B4m
Lion A2 f is ready to mate
Lion A2 is Thirsty
Lion A2 drank water
Lion A2 is Hungry
LionA2mis chasing: C1m
Lion A2 m is ready to mate
Lion A1 is Thirsty
Lion A1 drank water
Lion A1 m is ready to mate
Lion C1 is Thirsty
Lion C1 drank water
Lion C1 is Hungry
LionC1fis chasing: B4m
Lion C1 f is ready to mate
Wolf B4m is running away from: LionA2
Wolf B4 is Hungry
Wolf B4m is chasing: B4m
Wolf B4 m is ready to mate
No Female Wolf Partner or Female Wolf Partner not ready yet!
Wolf B0m is running away from: LionA2
Wolf B0 is Hungry
Wolf B0m is chasing: B4m
Wolf B0 m is ready to mate
No Female Wolf Partner or Female Wolf Partner not ready yet!
Wolf C1m is running away from: LionA2
Wolf C1 is Hungry
Wolf C1m is chasing: B4m
Wolf C1 m is ready to mate
No Female Wolf Partner or Female Wolf Partner not ready yet!
Wolf B4m is running away from: LionA2
Wolf B4 is Hungry
Wolf B4m is chasing: B4m
Wolf B4 m is ready to mate
No Female Wolf Partner or Female Wolf Partner not ready yet!
Rabbit B3m is running away from: LionC4
Rabbit B3m is running away from: WolfC1
Rabbit B3 is Hungry
Rabbit B3m ate
Rabbit B3 m is ready to mate
Not enough female Rabbits or Female Rabbit partners are not ready yet!
Rabbit B4 is Thirsty
Rabbit B4 drank water
Rabbit B4m is running away from: LionC4
Rabbit B4m is running away from: WolfC1
Rabbit B4 is Hungry
Rabbit B4 m is ready to mate
Not enough female Rabbits or Female Rabbit partners are not ready yet!
Rabbit B4 is Thirsty
Rabbit B4 drank water
Rabbit B4m is running away from: LionC1
Rabbit B4m is running away from: WolfC1
Rabbit B4 is Hungry
Rabbit B4m ate
Rabbit B4 m is ready to mate
Not enough female Rabbits or Female Rabbit partners are not ready yet!
Lion C4 is Thirsty
Lion C4 drank water
Lion C4 m is ready to mate
Lion A2 is Thirsty
Lion A2 drank water
Lion A2 is Hungry
LionA2fis chasing: B4m
Lion A2 f is ready to mate
Lion A2 is Thirsty
Lion A2 drank water
Lion A2 is Hungry
LionA2mis chasing: B4m
Lion A2 m is ready to mate
Lion A1 m is ready to mate
Lion C1 is Thirsty
Lion C1 drank water
Lion C1 is Hungry
LionC1fis chasing: B4m
Lion C1 f is ready to mate
Wolf B4m is running away from: LionA2
Wolf B4 is Hungry
Wolf B4m is chasing: B4m
Wolf B4 m is ready to mate
No Female Wolf Partner or Female Wolf Partner not ready yet!
Wolf B0m is running away from: LionA2
Wolf B0 is Hungry
Wolf B0m is chasing: B4m
Wolf B0 m is ready to mate
No Female Wolf Partner or Female Wolf Partner not ready yet!
Wolf C1m is running away from: LionA2
Wolf C1 is Hungry
Wolf C1m is chasing: B4m
Wolf C1 m is ready to mate
No Female Wolf Partner or Female Wolf Partner not ready yet!
Wolf B4m is running away from: LionA2
Wolf B4 is Hungry
WolfB4m died of hunger
Wolf B4m is chasing: B4m
Wolf B4 m is ready to mate
No Female Wolf Partner or Female Wolf Partner not ready yet!
Rabbit B3m is running away from: LionC4
Rabbit B3m is running away from: WolfC1
Rabbit B3 is Hungry
Rabbit B3m ate
Rabbit B3 m is ready to mate
Not enough female Rabbits or Female Rabbit partners are not ready yet!
Rabbit B4 is Thirsty
Rabbit B4 drank water
Rabbit B4m is running away from: LionC4
Rabbit B4m is running away from: WolfC1
Rabbit B4 is Hungry
RabbitB4m died of hunger
Rabbit B4 m is ready to mate
Not enough female Rabbits or Female Rabbit partners are not ready yet!
Rabbit B4m is running away from: LionA2
Rabbit B4m is running away from: WolfC1
Rabbit B4 is Hungry
Rabbit B4m ate
Rabbit B4 m is ready to mate
Not enough female Rabbits or Female Rabbit partners are not ready yet!
Lion C4 is Thirsty
Lion C4 drank water
Lion C4 is Hungry
LionC4mis chasing: B3m
Lion C4 m is ready to mate
Lion A2 is Thirsty
Lion A2 drank water
Lion A2 is Hungry
LionA2fis chasing: B4m
Lion A2 f is ready to mate
Lion A2 is Thirsty
Lion A2 drank water
Lion A2 is Hungry
LionA2m died of hunger
LionA2mis chasing: C1m
Lion A2 m is ready to mate
Lion A1 is Hungry
LionA1mis chasing: B4m
Lion A1 m is ready to mate
Lion C1 is Thirsty
Lion C1 drank water
Lion C1 is Hungry
LionC1fis chasing: B4m
Lion C1 f is ready to mate
Wolf B4m is running away from: LionA2
Wolf B4 is Hungry
Wolf B4m is chasing: B4m
Wolf B4 m is ready to mate
No Female Wolf Partner or Female Wolf Partner not ready yet!
Wolf B0m is running away from: LionA2
Wolf B0 is Hungry
Wolf B0m is chasing: B4m
Wolf B0 m is ready to mate
No Female Wolf Partner or Female Wolf Partner not ready yet!
Wolf C1m is running away from: LionA2
Wolf C1 is Hungry
WolfC1m died of hunger
Wolf C1m is chasing: B4m
Wolf C1 m is ready to mate
No Female Wolf Partner or Female Wolf Partner not ready yet!
Rabbit B3m is running away from: LionC4
Rabbit B3m is running away from: WolfB4
Rabbit B3 is Hungry
Rabbit B3m ate
Rabbit B3 m is ready to mate
Not enough female Rabbits or Female Rabbit partners are not ready yet!
Rabbit B4m is running away from: LionC1
Rabbit B4m is running away from: WolfB4
Rabbit B4 is Hungry
Rabbit B4 m is ready to mate
Not enough female Rabbits or Female Rabbit partners are not ready yet!
Lion C4 is Thirsty
Lion C4 drank water
Lion C4 is Hungry
LionC4mis chasing: B3m
Lion C4 m is ready to mate
Lion A2 is Thirsty
Lion A2 drank water
Lion A2 is Hungry
LionA2fis chasing: B4m
Lion A2 f is ready to mate
Lion A1 is Hungry
LionA1mis chasing: B4m
Lion A1 m is ready to mate
Lion C1 is Thirsty
Lion C1 drank water
Lion C1 is Hungry
LionC1f died of hunger
LionC1fis chasing: B4m
Lion C1 f is ready to mate
Wolf B4m is running away from: LionA2
Wolf B4 is Hungry
WolfB4m died of hunger
Wolf B4m is chasing: B4m
Wolf B4 m is ready to mate
No Female Wolf Partner or Female Wolf Partner not ready yet!
Wolf B0m is running away from: LionA2
Wolf B0 is Hungry
Wolf B0m is chasing: B4m
Wolf B0 m is ready to mate
No Female Wolf Partner or Female Wolf Partner not ready yet!
Rabbit B3m is running away from: LionC4
Rabbit B3m is running away from: WolfB0
Rabbit B3 is Hungry
Rabbit B3 m is ready to mate
Not enough female Rabbits or Female Rabbit partners are not ready yet!
Rabbit B4m is running away from: LionA2
Rabbit B4m is running away from: WolfB0
Rabbit B4 is Hungry
Rabbit B4m ate
Rabbit B4 m is ready to mate
Not enough female Rabbits or Female Rabbit partners are not ready yet!
Lion C4 is Thirsty
Lion C4 drank water
Lion C4 is Hungry
LionC4mis chasing: B3m
Lion C4 m is ready to mate
Lion A2 is Thirsty
Lion A2 drank water
Lion A2 is Hungry
LionA2fis chasing: B4m
Lion A2 f is ready to mate
Lion A1 is Hungry
LionA1mis chasing: B4m
Lion A1 m is ready to mate
Wolf B0m is running away from: LionA2
Wolf B0 is Hungry
WolfB0m died of hunger
Wolf B0m is chasing: B4m
Wolf B0 m is ready to mate
No Female Wolf Partner or Female Wolf Partner not ready yet!
Rabbit B3m is running away from: LionC4
Rabbit B3 is Hungry
Rabbit B3 m is ready to mate
Not enough female Rabbits or Female Rabbit partners are not ready yet!
Rabbit B4m is running away from: LionA2
Rabbit B4 is Hungry
Rabbit B4m ate
Rabbit B4 m is ready to mate
Not enough female Rabbits or Female Rabbit partners are not ready yet!
Lion C4 is Thirsty
Lion C4 drank water
Lion C4 is Hungry
LionC4mis chasing: B3m
Lion C4 m is ready to mate
Lion A2 is Thirsty
Lion A2 drank water
Lion A2 is Hungry
LionA2fis chasing: B4m
Lion A2 f is ready to mate
Lion A1 is Hungry
LionA1mis chasing: B4m
Lion A1 m is ready to mate
Rabbit B3m is running away from: LionC4
Rabbit B3 is Hungry
Rabbit B3 m is ready to mate
Not enough female Rabbits or Female Rabbit partners are not ready yet!
Rabbit B4m is running away from: LionA2
Rabbit B4 is Hungry
Rabbit B4m ate
Rabbit B4 m is ready to mate
Not enough female Rabbits or Female Rabbit partners are not ready yet!
Lion C4 is Thirsty
Lion C4 drank water
Lion C4 is Hungry
LionC4mis chasing: B3m
Lion C4 m is ready to mate
Lion A2 is Thirsty
Lion A2 drank water
Lion A2 is Hungry
LionA2fis chasing: B4m
Lion A2 f is ready to mate
Lion A1 is Hungry
LionA1mis chasing: B4m
Lion A1 m is ready to mate
Rabbit B3 is Thirsty
Rabbit B3 drank water
Rabbit B3m is running away from: LionC4
Rabbit B3 is Hungry
RabbitB3m died of hunger
Rabbit B3 m is ready to mate
Not enough female Rabbits or Female Rabbit partners are not ready yet!
Rabbit B4m is running away from: LionA2
Rabbit B4 is Hungry
Rabbit B4m ate
Rabbit B4 m is ready to mate
Not enough female Rabbits or Female Rabbit partners are not ready yet!
Lion C4 is Hungry
LionC4mis chasing: B4m
Lion C4 m is ready to mate
Lion A2 is Thirsty
Lion A2 drank water
Lion A2 is Hungry
LionA2fis chasing: B4m
Lion A2 f is ready to mate
Lion A1 is Hungry
LionA1mis chasing: B4m
Lion A1 m is ready to mate
Rabbit B4 is Thirsty
Rabbit B4 drank water
Rabbit B4m is running away from: LionA2
Rabbit B4 is Hungry
Rabbit B4m ate
Rabbit B4 m is ready to mate
Not enough female Rabbits or Female Rabbit partners are not ready yet!
Lion C4 is Hungry
LionC4mis chasing: B4m
Lion C4 m is ready to mate
Lion A2 is Thirsty
Lion A2 drank water
Lion A2 is Hungry
LionA2fis chasing: B4m
Lion A2 f is ready to mate
Lion A1 is Hungry
LionA1mis chasing: B4m
Lion A1 m is ready to mate
Rabbit B4m is running away from: LionA2
Rabbit B4 is Hungry
Rabbit B4m ate
Rabbit B4 m is ready to mate
Not enough female Rabbits or Female Rabbit partners are not ready yet!
Lion C4 is Hungry
LionC4mis chasing: B4m
Lion C4 m is ready to mate
Lion A2 is Thirsty
Lion A2 drank water
Lion A2 is Hungry
LionA2f died of hunger
LionA2fis chasing: B4m
Lion A2 f is ready to mate
Lion A1 is Hungry
LionA1mis chasing: B4m
Lion A1 m is ready to mate
No Female Lion Partner or Female Lion partners are not ready to mate Yet!
Rabbit B4m is running away from: LionA1
Rabbit B4 is Hungry
Rabbit B4m ate
Rabbit B4 m is ready to mate
Not enough female Rabbits or Female Rabbit partners are not ready yet!
Lion C4 is Hungry
LionC4mis chasing: B4m
Lion C4 m is ready to mate
No Female Lion Partner or Female Lion partners are not ready to mate Yet!
Lion A1 is Thirsty
Lion A1 drank water
Lion A1 is Hungry
LionA1mis chasing: B4m
Lion A1 m is ready to mate
No Female Lion Partner or Female Lion partners are not ready to mate Yet!
Rabbit B4m is running away from: LionA1
Rabbit B4 is Hungry
Rabbit B4m ate
Rabbit B4 m is ready to mate
Not enough female Rabbits or Female Rabbit partners are not ready yet!
Lion C4 is Hungry
LionC4m died of hunger
LionC4mis chasing: B4m
Lion C4 m is ready to mate
No Female Lion Partner or Female Lion partners are not ready to mate Yet!
Lion A1 is Thirsty
Lion A1 drank water
Lion A1 is Hungry
LionA1m died of hunger
LionA1mis chasing: B4m
Lion A1 m is ready to mate
No Female Lion Partner or Female Lion partners are not ready to mate Yet!
Rabbit B4 is Hungry
Rabbit B4 m is ready to mate
Not enough female Rabbits or Female Rabbit partners are not ready yet!
Rabbit B4 is Hungry
Rabbit B4 m is ready to mate
Not enough female Rabbits or Female Rabbit partners are not ready yet!
Rabbit B4 is Hungry
Rabbit B4 m is ready to mate
Not enough female Rabbits or Female Rabbit partners are not ready yet!
Rabbit B4 is Thirsty
Rabbit B4 drank water
Rabbit B4 is Hungry
RabbitB4m died of hunger
Rabbit B4m ate
Rabbit B4 m is ready to mate
Not enough female Rabbits or Female Rabbit partners are not ready yet!
