Rabbit B0 m is ready to mate
Not enough female Rabbits or Female Rabbit partners are not ready yet!
Rabbit B5 f is ready to mate
Rabbit A1m is running away from: WolfB4
Rabbit A1 m is ready to mate
Rabbit A1 m is approaching partner: Rabbit B5f
Rabbit A2 f is ready to mate
Rabbit C4 m is ready to mate
Rabbit C4 m is approaching partner: Rabbit B5f
Rabbit A4 f is ready to mate
Rabbit B3 m is ready to mate
Rabbit B3 m is approaching partner: Rabbit A4f
Rabbit C2 m is ready to mate
Rabbit C2 m is approaching partner: Rabbit A4f
Rabbit C0 m is ready to mate
Rabbit C0 m is approaching partner: Rabbit A4f
Rabbit B2 f is ready to mate
Rabbit A2 m is ready to mate
Rabbit A2 m is approaching partner: Rabbit A4f
Rabbit C2f is running away from: WolfB2
Rabbit C2 f is ready to mate
Rabbit A4 m is ready to mate
Rabbit A4 m is approaching partner: Rabbit A4f
Rabbit A3 m is ready to mate
Rabbit A3 m is approaching partner: Rabbit A4f
Rabbit A4f is running away from: WolfC5
Rabbit A4 f is ready to mate
Rabbit B0 is Hungry
Rabbit B0m ate
Rabbit B0 m is ready to mate
Rabbit B0 m is approaching partner: Rabbit A4f
Rabbit B5 is Hungry
Rabbit B5f ate
Rabbit B5 f is ready to mate
Rabbit A1 is Hungry
Rabbit A1m ate
Rabbit A1 m is ready to mate
Rabbit A1 m is approaching partner: Rabbit A4f
Rabbit A2 is Hungry
Rabbit A2f ate
Rabbit A2 f is ready to mate
Rabbit C4 is Hungry
Rabbit C4 m is ready to mate
Rabbit C4 m is approaching partner: Rabbit B5f
Rabbit A4 is Hungry
Rabbit A4f ate
Rabbit A4 f is ready to mate
Rabbit B3 is Hungry
Rabbit B3m ate
Rabbit B3 m is ready to mate
Rabbit B3 m is approaching partner: Rabbit A4f
Rabbit C2 is Hungry
Rabbit C2m ate
Rabbit C2 m is ready to mate
Rabbit C2 m is approaching partner: Rabbit A4f
Rabbit C0 is Hungry
Rabbit C0m ate
Rabbit C0 m is ready to mate
Rabbit C0 m is approaching partner: Rabbit A4f
Rabbit B2 is Hungry
Rabbit B2f ate
Rabbit B2 f is ready to mate
Rabbit A2 is Hungry
Rabbit A2m ate
Rabbit A2 m is ready to mate
Rabbit A2 m is approaching partner: Rabbit A4f
Rabbit C2f is running away from: WolfB2
Rabbit C2 is Hungry
Rabbit C2f ate
Rabbit C2 f is ready to mate
Rabbit A4 is Hungry
Rabbit A4m ate
Rabbit A4 m is ready to mate
Rabbit A4 m is approaching partner: Rabbit A4f
Rabbit A3 is Hungry
Rabbit A3m ate
Rabbit A3 m is ready to mate
Rabbit A3 m is approaching partner: Rabbit A2f
Rabbit A4 is Hungry
Rabbit A4f ate
Rabbit A4 f is ready to mate
Rabbit B0 m is ready to mate
Rabbit B0 m is approaching partner: Rabbit A4f
Rabbit B5 f is ready to mate
Rabbit A1 m is ready to mate
Rabbit A1 m is approaching partner: Rabbit A4f
Rabbit A2 f is ready to mate
Rabbit C4 is Hungry
Rabbit C4m ate
Rabbit C4 m is ready to mate
Rabbit C4 m is approaching partner: Rabbit B5f
Rabbit A4 f is ready to mate
Rabbit B3 m is ready to mate
Rabbit B3 m is approaching partner: Rabbit A4f
Rabbit C2 m is ready to mate
Rabbit C2 m is approaching partner: Rabbit A4f
Rabbit C0 m is ready to mate
Rabbit C0 m is approaching partner: Rabbit A4f
Rabbit B2f is running away from: LionA5
Rabbit B2 f is ready to mate
Rabbit A2 m is ready to mate
Rabbit A2 m is approaching partner: Rabbit A4f
Rabbit C2 f is ready to mate
Rabbit A4 m is ready to mate
Rabbit A4 m is approaching partner: Rabbit A4f
Rabbit A3 m is ready to mate
Rabbit A3 m is approaching partner: Rabbit A2f
Rabbit C4 m was born!Father is A3 and Mother is A2
Rabbit A4 f is ready to mate
Rabbit B0m is running away from: LionB5
Rabbit B0 is Hungry
Rabbit B0m ate
Rabbit B0 m is ready to mate
Rabbit B0 m is approaching partner: Rabbit A4f
Rabbit B5 is Hungry
Rabbit B5 f is ready to mate
Rabbit A1 is Hungry
Rabbit A1m ate
Rabbit A1 m is ready to mate
Rabbit A1 m is approaching partner: Rabbit A4f
Rabbit A2 is Hungry
Rabbit A2f ate
Rabbit C4 m is ready to mate
Rabbit C4 m is approaching partner: Rabbit B5f
Rabbit A4f is running away from: LionB5
Rabbit A4 is Hungry
Rabbit A4f ate
Rabbit A4 f is ready to mate
Rabbit B3 is Hungry
Rabbit B3m ate
Rabbit B3 m is ready to mate
Rabbit B3 m is approaching partner: Rabbit A4f
Rabbit C2 is Hungry
Rabbit C2m ate
Rabbit C2 m is ready to mate
Rabbit C2 m is approaching partner: Rabbit A4f
Rabbit C0 is Hungry
Rabbit C0m ate
Rabbit C0 m is ready to mate
Rabbit C0 m is approaching partner: Rabbit A4f
Rabbit B2 is Hungry
Rabbit B2f ate
Rabbit B2 f is ready to mate
Rabbit A2 is Hungry
Rabbit A2m ate
Rabbit A2 m is ready to mate
Rabbit A2 m is approaching partner: Rabbit A4f
Rabbit C2 is Hungry
Rabbit C2f ate
Rabbit C2 f is ready to mate
Rabbit A4 is Hungry
Rabbit A4m ate
Rabbit A4 m is ready to mate
Rabbit A4 m is approaching partner: Rabbit A4f
Rabbit A3 is Hungry
Rabbit A3m ate
Rabbit A3 m is ready to mate
Rabbit A3 m is approaching partner: Rabbit A4f
Rabbit A4 is Hungry
Rabbit A4f ate
Rabbit A4 f is ready to mate
Lion A2 is Hungry
LionA2fis chasing: B2f
Lion B3 is Hungry
LionB3mis chasing: B4f
LionB3m ate: B4f
Lion B5 is Hungry
LionB5mis chasing: B0m
LionB5m ate: B0m
Lion A5 is Hungry
LionA5fis chasing: B2f
Wolf B2 m is ready to mate
No Female Wolf Partner or Female Wolf Partner not ready yet!
Wolf B5 m is ready to mate
No Female Wolf Partner or Female Wolf Partner not ready yet!
Wolf C5 m is ready to mate
No Female Wolf Partner or Female Wolf Partner not ready yet!
Rabbit B5 is Hungry
Rabbit B5f ate
Rabbit B5 f is ready to mate
Rabbit A1 m is ready to mate
Rabbit A1 m is approaching partner: Rabbit A4f
Rabbit C4 is Hungry
Rabbit C4 m is ready to mate
Rabbit C4 m is approaching partner: Rabbit B5f
Rabbit A4 f is ready to mate
Rabbit B3 m is ready to mate
Rabbit B3 m is approaching partner: Rabbit A4f
Rabbit C2 m is ready to mate
Rabbit C2 m is approaching partner: Rabbit A4f
Rabbit C0 m is ready to mate
Rabbit C0 m is approaching partner: Rabbit A4f
Rabbit B2f is running away from: LionA5
Rabbit B2 f is ready to mate
Rabbit A2 m is ready to mate
Rabbit A2 m is approaching partner: Rabbit A4f
Rabbit C2 f is ready to mate
Rabbit A4 m is ready to mate
Rabbit A4 m is approaching partner: Rabbit A4f
Rabbit A3 m is ready to mate
Rabbit A3 m is approaching partner: Rabbit A4f
Rabbit A4 f is ready to mate
Rabbit C4 is Hungry
Rabbit C4m ate
Lion A2 is Hungry
LionA2fis chasing: A4f
Lion A5 is Hungry
LionA5fis chasing: B2f
Wolf B2 m is ready to mate
No Female Wolf Partner or Female Wolf Partner not ready yet!
Wolf B5 m is ready to mate
No Female Wolf Partner or Female Wolf Partner not ready yet!
Wolf C5 m is ready to mate
No Female Wolf Partner or Female Wolf Partner not ready yet!
Rabbit B5 f is ready to mate
Rabbit A1m is running away from: LionB5
Rabbit A1 is Hungry
Rabbit A1m ate
Rabbit A1 m is ready to mate
Rabbit A1 m is approaching partner: Rabbit A4f
Rabbit A2 is Hungry
Rabbit C4 is Hungry
Rabbit C4 m is ready to mate
Rabbit C4 m is approaching partner: Rabbit B5f
Rabbit A4 is Hungry
Rabbit A4f ate
Rabbit A4 f is ready to mate
Rabbit B3 is Hungry
Rabbit B3m ate
Rabbit B3 m is ready to mate
Rabbit B3 m is approaching partner: Rabbit A4f
Rabbit C2m is running away from: LionB5
Rabbit C2 is Hungry
Rabbit C2m ate
Rabbit C2 m is ready to mate
Rabbit C2 m is approaching partner: Rabbit A4f
Rabbit C0 is Hungry
Rabbit C0m ate
Rabbit C0 m is ready to mate
Rabbit C0 m is approaching partner: Rabbit A4f
Rabbit B2 is Hungry
Rabbit B2f ate
Rabbit B2 f is ready to mate
Rabbit A2 is Hungry
Rabbit A2 m is ready to mate
Rabbit A2 m is approaching partner: Rabbit A4f
Rabbit C2 is Hungry
Rabbit C2f ate
Rabbit C2 f is ready to mate
Rabbit A4 is Hungry
Rabbit A4m ate
Rabbit A4 m is ready to mate
Rabbit A4 m is approaching partner: Rabbit A4f
Rabbit A3 is Hungry
Rabbit A3 m is ready to mate
Rabbit A3 m is approaching partner: Rabbit A4f
Rabbit A4 is Hungry
Rabbit A4 f is ready to mate
Lion A2 is Hungry
LionA2fis chasing: A4f
Lion A5 is Hungry
LionA5fis chasing: B2f
Wolf B2 m is ready to mate
No Female Wolf Partner or Female Wolf Partner not ready yet!
Wolf B5 m is ready to mate
No Female Wolf Partner or Female Wolf Partner not ready yet!
Wolf C5 m is ready to mate
No Female Wolf Partner or Female Wolf Partner not ready yet!
Rabbit B5 is Thirsty
Rabbit B5 drank water
Rabbit B5 is Hungry
Rabbit B5f ate
Rabbit B5 f is ready to mate
Rabbit A1 is Thirsty
Rabbit A1 drank water
Rabbit A1 m is ready to mate
Rabbit A1 m is approaching partner: Rabbit A4f
Rabbit A2 is Thirsty
Rabbit A2 drank water
Rabbit A2 is Hungry
Rabbit A2f ate
Rabbit C4 is Thirsty
Rabbit C4 drank water
Rabbit C4 is Hungry
Rabbit C4 m is ready to mate
Rabbit C4 m is approaching partner: Rabbit B5f
Rabbit A4 is Thirsty
Rabbit A4 drank water
Rabbit A4 f is ready to mate
Rabbit B3 is Thirsty
Rabbit B3 drank water
Rabbit B3 m is ready to mate
Rabbit B3 m is approaching partner: Rabbit A4f
Rabbit C2 is Thirsty
Rabbit C2 drank water
Rabbit C2 m is ready to mate
Rabbit C2 m is approaching partner: Rabbit A4f
Rabbit C0 is Thirsty
Rabbit C0 drank water
Rabbit C0m is running away from: LionB5
Rabbit C0 m is ready to mate
Rabbit C0 m is approaching partner: Rabbit A4f
Rabbit B2 is Thirsty
Rabbit B2 drank water
Rabbit B2 f is ready to mate
Rabbit A2 is Thirsty
Rabbit A2 drank water
Rabbit A2 is Hungry
Rabbit A2m ate
Rabbit A2 m is ready to mate
Rabbit A2 m is approaching partner: Rabbit A4f
Rabbit C2 is Thirsty
Rabbit C2 drank water
Rabbit C2 f is ready to mate
Rabbit A4 is Thirsty
Rabbit A4 drank water
Rabbit A4 m is ready to mate
Rabbit A4 m is approaching partner: Rabbit A4f
Rabbit A3 is Thirsty
Rabbit A3 drank water
Rabbit A3 is Hungry
Rabbit A3m ate
Rabbit A3 m is ready to mate
Rabbit A3 m is approaching partner: Rabbit A4f
Rabbit A4 is Thirsty
Rabbit A4 drank water
Rabbit A4 is Hungry
Rabbit A4 f is ready to mate
Rabbit C4 is Hungry
Rabbit C4m ate
Lion A2 is Hungry
LionA2fis chasing: B3m
Lion A2 f is ready to mate
Lion B3 m is ready to mate
Lion B5m ate: C2m
Lion B5 m is ready to mate
Lion A5 is Hungry
LionA5fis chasing: B2f
Lion A5 f is ready to mate
Wolf B2 m is ready to mate
No Female Wolf Partner or Female Wolf Partner not ready yet!
Wolf B5 m is ready to mate
No Female Wolf Partner or Female Wolf Partner not ready yet!
Wolf C5 m is ready to mate
No Female Wolf Partner or Female Wolf Partner not ready yet!
Rabbit B5 is Thirsty
Rabbit B5 drank water
Rabbit B5 f is ready to mate
Rabbit A1 is Thirsty
Rabbit A1 drank water
Rabbit A1 is Hungry
Rabbit A1m ate
Rabbit A1 m is ready to mate
Rabbit A1 m is approaching partner: Rabbit A4f
Rabbit A2 is Thirsty
Rabbit A2 drank water
Rabbit A2 f is ready to mate
Rabbit C4 is Thirsty
Rabbit C4 drank water
Rabbit C4 is Hungry
Rabbit C4m ate
Rabbit C4 m is ready to mate
Rabbit C4 m is approaching partner: Rabbit B5f
Rabbit A4 is Thirsty
Rabbit A4 drank water
Rabbit A4 is Hungry
Rabbit A4f ate
Rabbit A4 f is ready to mate
Rabbit B3 is Thirsty
Rabbit B3 drank water
Rabbit B3 is Hungry
Rabbit B3m ate
Rabbit B3 m is ready to mate
Rabbit B3 m is approaching partner: Rabbit A4f
Rabbit C2 is Thirsty
Rabbit C2 drank water
Rabbit C2m is running away from: LionB5
Rabbit C2 is Hungry
Rabbit C2 m is ready to mate
Rabbit C2 m is approaching partner: Rabbit A4f
Rabbit C0 is Thirsty
Rabbit C0 drank water
Rabbit C0 is Hungry
Rabbit C0m ate
Rabbit C0 m is ready to mate
Rabbit C0 m is approaching partner: Rabbit A4f
Rabbit B2 is Thirsty
Rabbit B2 drank water
Rabbit B2 is Hungry
Rabbit B2f ate
Rabbit B2 f is ready to mate
Rabbit A2 is Thirsty
Rabbit A2 drank water
Rabbit A2m is running away from: LionB5
Rabbit A2 m is ready to mate
Rabbit A2 m is approaching partner: Rabbit A4f
Rabbit C2 is Thirsty
Rabbit C2 drank water
Rabbit C2 is Hungry
Rabbit C2f ate
Rabbit C2 f is ready to mate
Rabbit A4 is Thirsty
Rabbit A4 drank water
Rabbit A4 is Hungry
Rabbit A4m ate
Rabbit A4 m is ready to mate
Rabbit A4 m is approaching partner: Rabbit A2f
Rabbit B3 f was born!Father is A4 and Mother is A2
Rabbit A3 is Thirsty
Rabbit A3 drank water
Rabbit A3 m is ready to mate
Rabbit A3 m is approaching partner: Rabbit A4f
Rabbit A4 is Thirsty
Rabbit A4 drank water
Rabbit A4 is Hungry
Rabbit A4 f is ready to mate
Rabbit C4 m is ready to mate
Rabbit C4 m is approaching partner: Rabbit A4f
Lion A2 is Hungry
LionA2fis chasing: B3m
Lion A2 f is ready to mate
Lion B3 is Hungry
LionB3mis chasing: A1m
Lion B3 m is ready to mate
Lion B5 m is ready to mate
Lion A5 is Hungry
LionA5fis chasing: B2f
Lion A5 f is ready to mate
Wolf B2 m is ready to mate
No Female Wolf Partner or Female Wolf Partner not ready yet!
Wolf B5 m is ready to mate
No Female Wolf Partner or Female Wolf Partner not ready yet!
Wolf C5 m is ready to mate
No Female Wolf Partner or Female Wolf Partner not ready yet!
Rabbit B5 is Thirsty
Rabbit B5 drank water
Rabbit B5 is Hungry
Rabbit B5f ate
Rabbit B5 f is ready to mate
Rabbit A1 is Thirsty
Rabbit A1 drank water
Rabbit A1 m is ready to mate
Rabbit A1 m is approaching partner: Rabbit A4f
Rabbit A2 is Hungry
Rabbit C4 is Thirsty
Rabbit C4 drank water
Rabbit C4 m is ready to mate
Rabbit C4 m is approaching partner: Rabbit B5f
Rabbit A4 f is ready to mate
Rabbit B3 is Thirsty
Rabbit B3 drank water
Rabbit B3 m is ready to mate
Rabbit B3 m is approaching partner: Rabbit A4f
Rabbit C2 is Thirsty
Rabbit C2 drank water
Rabbit C2 is Hungry
Rabbit C2 m is ready to mate
Rabbit C2 m is approaching partner: Rabbit A4f
Rabbit C0 is Thirsty
Rabbit C0 drank water
Rabbit C0 m is ready to mate
Rabbit C0 m is approaching partner: Rabbit A4f
Rabbit B2 is Thirsty
Rabbit B2 drank water
Rabbit B2 f is ready to mate
Rabbit A2 is Thirsty
Rabbit A2 drank water
Rabbit A2 is Hungry
Rabbit A2 m is ready to mate
Rabbit A2 m is approaching partner: Rabbit A4f
Rabbit C2 is Thirsty
Rabbit C2 drank water
Rabbit C2 f is ready to mate
Rabbit A4 is Thirsty
Rabbit A4 drank water
Rabbit A4 m is ready to mate
Rabbit A4 m is approaching partner: Rabbit A4f
Rabbit A3 is Hungry
Rabbit A3 m is ready to mate
Rabbit A3 m is approaching partner: Rabbit A4f
Rabbit A5 f was born!Father is A3 and Mother is A4
Rabbit A4 is Thirsty
Rabbit A4 drank water
Rabbit A4 is Hungry
Rabbit A4f ate
Rabbit A4 f is ready to mate
Rabbit C4 is Hungry
Rabbit C4 m is ready to mate
Rabbit C4 m is approaching partner: Rabbit C2f
Lion A2 is Hungry
LionA2fis chasing: B3m
Lion A2 f is ready to mate
Lion B3 is Hungry
LionB3mis chasing: A1m
Lion B3 m is ready to mate
Lion B5 m is ready to mate
Lion A5 is Hungry
LionA5fis chasing: B2f
Lion A5 f is ready to mate
Wolf B2 is Thirsty
Wolf B2drank water
Wolf B2 m is ready to mate
No Female Wolf Partner or Female Wolf Partner not ready yet!
Wolf B5 is Thirsty
Wolf B5drank water
Wolf B5 m is ready to mate
No Female Wolf Partner or Female Wolf Partner not ready yet!
Wolf C5 is Thirsty
Wolf C5drank water
Wolf C5 m is ready to mate
No Female Wolf Partner or Female Wolf Partner not ready yet!
Rabbit B5 is Thirsty
Rabbit B5 drank water
Rabbit B5 f is ready to mate
Rabbit A1 is Thirsty
Rabbit A1 drank water
Rabbit A1 is Hungry
Rabbit A1 m is ready to mate
Rabbit A1 m is approaching partner: Rabbit B5f
Rabbit A2 is Hungry
Rabbit C4 is Thirsty
Rabbit C4 drank water
Rabbit C4 is Hungry
Rabbit C4m ate
Rabbit C4 m is ready to mate
Rabbit C4 m is approaching partner: Rabbit B5f
Rabbit A4 is Hungry
Rabbit A4f ate
Rabbit B3 is Hungry
Rabbit B3m ate
Rabbit B3 m is ready to mate
Rabbit B3 m is approaching partner: Rabbit A4f
Rabbit C2 is Thirsty
Rabbit C2 drank water
Rabbit C2 is Hungry
Rabbit C2m ate
Rabbit C2 m is ready to mate
Rabbit C2 m is approaching partner: Rabbit C2f
Rabbit C0 is Thirsty
Rabbit C0 drank water
Rabbit C0 is Hungry
Rabbit C0m ate
Rabbit C0 m is ready to mate
Rabbit C0 m is approaching partner: Rabbit C2f
Rabbit B2 is Thirsty
Rabbit B2 drank water
Rabbit B2 is Hungry
Rabbit B2f ate
Rabbit B2 f is ready to mate
Rabbit A2 is Thirsty
Rabbit A2 drank water
Rabbit A2 is Hungry
Rabbit A2 m is ready to mate
Rabbit A2 m is approaching partner: Rabbit C2f
Rabbit C2 is Thirsty
Rabbit C2 drank water
Rabbit C2 is Hungry
Rabbit C2f ate
Rabbit C2 f is ready to mate
Rabbit A4 is Hungry
Rabbit A4 m is ready to mate
Rabbit A4 m is approaching partner: Rabbit C2f
Rabbit A3 is Hungry
Rabbit A3 m is ready to mate
Rabbit A3 m is approaching partner: Rabbit C2f
Rabbit A5 f was born!Father is A3 and Mother is C2
Rabbit A4 is Thirsty
Rabbit A4 drank water
Rabbit A4 f is ready to mate
Rabbit C4 is Thirsty
Rabbit C4 drank water
Rabbit C4 is Hungry
Rabbit C4m ate
Rabbit C4 m is ready to mate
Rabbit C4 m is approaching partner: Rabbit B5f
Rabbit B3 is Hungry
Rabbit B3f ate
Lion A2 is Thirsty
Lion A2 drank water
Lion A2 is Hungry
LionA2fis chasing: B3m
LionA2f ate: B3m
Lion A2 f is ready to mate
Lion B3 is Thirsty
Lion B3 drank water
Lion B3 is Hungry
LionB3mis chasing: C2m
Lion B3 m is ready to mate
Lion B5 is Thirsty
Lion B5 drank water
Lion B5 m is ready to mate
Lion A5 is Thirsty
Lion A5 drank water
Lion A5 is Hungry
LionA5fis chasing: B2f
Lion A5 f is ready to mate
Wolf B2 is Thirsty
Wolf B2drank water
Wolf B2 m is ready to mate
No Female Wolf Partner or Female Wolf Partner not ready yet!
Wolf B5 is Thirsty
Wolf B5drank water
Wolf B5 m is ready to mate
No Female Wolf Partner or Female Wolf Partner not ready yet!
Wolf C5 is Thirsty
Wolf C5drank water
Wolf C5 m is ready to mate
No Female Wolf Partner or Female Wolf Partner not ready yet!
Rabbit B5 is Thirsty
Rabbit B5 drank water
Rabbit B5 is Hungry
Rabbit B5f ate
Rabbit B5 f is ready to mate
Rabbit A1 is Thirsty
Rabbit A1 drank water
Rabbit A1 is Hungry
Rabbit A1m ate
Rabbit A1 m is ready to mate
Rabbit A1 m is approaching partner: Rabbit B5f
Rabbit A2 is Hungry
Rabbit C4 is Thirsty
Rabbit C4 drank water
Rabbit C4 m is ready to mate
Rabbit C4 m is approaching partner: Rabbit B5f
Rabbit C2 is Thirsty
Rabbit C2 drank water
Rabbit C2 m is ready to mate
Rabbit C2 m is approaching partner: Rabbit B5f
Rabbit C0 is Thirsty
Rabbit C0 drank water
Rabbit C0 m is ready to mate
Rabbit C0 m is approaching partner: Rabbit B5f
Rabbit B2 is Thirsty
Rabbit B2 drank water
Rabbit B2 f is ready to mate
Rabbit A2 is Thirsty
Rabbit A2 drank water
Rabbit A2 is Hungry
Rabbit A2m ate
Rabbit A2 m is ready to mate
Rabbit A2 m is approaching partner: Rabbit B5f
Rabbit C2 is Thirsty
Rabbit C2 drank water
Rabbit A4 is Hungry
Rabbit A4m ate
Rabbit A4 m is ready to mate
Rabbit A4 m is approaching partner: Rabbit B5f
Rabbit A3 is Hungry
Rabbit A3 m is ready to mate
Rabbit A3 m is approaching partner: Rabbit B5f
Rabbit A4 is Thirsty
Rabbit A4 drank water
Rabbit A4 is Hungry
Rabbit A4f ate
Rabbit A4 f is ready to mate
Rabbit C4 is Thirsty
Rabbit C4 drank water
Rabbit C4 m is ready to mate
Rabbit C4 m is approaching partner: Rabbit B5f
Rabbit A5 is Hungry
Lion A2 is Thirsty
Lion A2 drank water
Lion A2 f is ready to mate
Lion B3 is Thirsty
Lion B3 drank water
Lion B3 is Hungry
LionB3mis chasing: C2m
Lion B3 m is ready to mate
Lion B5 is Thirsty
Lion B5 drank water
Lion B5 is Hungry
LionB5mis chasing: C2m
Lion B5 m is ready to mate
Lion A5 is Thirsty
Lion A5 drank water
Lion A5 is Hungry
LionA5fis chasing: B2f
LionA5f ate: B2f
Lion A5 f is ready to mate
Wolf B2 is Thirsty
Wolf B2drank water
Wolf B2 m is ready to mate
No Female Wolf Partner or Female Wolf Partner not ready yet!
Wolf B5 is Thirsty
Wolf B5drank water
Wolf B5 m is ready to mate
No Female Wolf Partner or Female Wolf Partner not ready yet!
Wolf C5 is Thirsty
Wolf C5drank water
Wolf C5 m is ready to mate
No Female Wolf Partner or Female Wolf Partner not ready yet!
Rabbit B5 is Thirsty
Rabbit B5 drank water
Rabbit B5 f is ready to mate
Rabbit A1 is Thirsty
Rabbit A1 drank water
Rabbit A1 m is ready to mate
Rabbit A1 m is approaching partner: Rabbit B5f
Rabbit A2 is Hungry
Rabbit C4 is Thirsty
Rabbit C4 drank water
Rabbit C4 is Hungry
Rabbit C4 m is ready to mate
Rabbit C4 m is approaching partner: Rabbit B5f
Rabbit A4 is Hungry
Rabbit A4f ate
Rabbit C2 is Thirsty
Rabbit C2 drank water
Rabbit C2 is Hungry
Rabbit C2m ate
Rabbit C2 m is ready to mate
Rabbit C2 m is approaching partner: Rabbit B5f
Rabbit C0 is Thirsty
Rabbit C0 drank water
Rabbit C0 is Hungry
Rabbit C0 m is ready to mate
Rabbit C0 m is approaching partner: Rabbit B5f
Rabbit A2 is Thirsty
Rabbit A2 drank water
Rabbit A2 m is ready to mate
Rabbit A2 m is approaching partner: Rabbit B5f
Rabbit C2 is Thirsty
Rabbit C2 drank water
Rabbit C2 is Hungry
Rabbit A4 m is ready to mate
Rabbit A4 m is approaching partner: Rabbit B5f
Rabbit A3 is Hungry
Rabbit A3 m is ready to mate
Rabbit A3 m is approaching partner: Rabbit B5f
Rabbit A4 is Thirsty
Rabbit A4 drank water
Rabbit A4 f is ready to mate
Rabbit C4 is Thirsty
Rabbit C4 drank water
Rabbit C4 is Hungry
Rabbit C4 m is ready to mate
Rabbit C4 m is approaching partner: Rabbit B5f
Rabbit B3 is Hungry
Rabbit B3f ate
Rabbit A5 is Hungry
Rabbit A5 is Hungry
Lion A2 is Thirsty
Lion A2 drank water
Lion A2 f is ready to mate
Lion B3 is Thirsty
Lion B3 drank water
Lion B3 is Hungry
LionB3mis chasing: C2m
Lion B3 m is ready to mate
Lion B5 is Thirsty
Lion B5 drank water
Lion B5 is Hungry
LionB5mis chasing: C2m
Lion B5 m is ready to mate
Lion A5 is Thirsty
Lion A5 drank water
Lion A5 f is ready to mate
Wolf B2 is Thirsty
Wolf B2drank water
Wolf B2 m is ready to mate
No Female Wolf Partner or Female Wolf Partner not ready yet!
Wolf B5 is Thirsty
Wolf B5drank water
Wolf B5 m is ready to mate
No Female Wolf Partner or Female Wolf Partner not ready yet!
Wolf C5 is Thirsty
Wolf C5drank water
Wolf C5 m is ready to mate
No Female Wolf Partner or Female Wolf Partner not ready yet!
Rabbit B5 is Thirsty
Rabbit B5 drank water
Rabbit B5 is Hungry
Rabbit B5f ate
Rabbit B5 f is ready to mate
Rabbit A1 is Thirsty
Rabbit A1 drank water
Rabbit A1 is Hungry
Rabbit A1 m is ready to mate
Rabbit A1 m is approaching partner: Rabbit B5f
Rabbit A2 is Hungry
Rabbit A2 f is ready to mate
Rabbit C4 is Thirsty
Rabbit C4 drank water
Rabbit C4 is Hungry
Rabbit C4 m is ready to mate
Rabbit C4 m is approaching partner: Rabbit B5f
Rabbit C2 is Thirsty
Rabbit C2 drank water
Rabbit C2 m is ready to mate
Rabbit C2 m is approaching partner: Rabbit B5f
Rabbit C0 is Thirsty
Rabbit C0 drank water
Rabbit C0 is Hungry
Rabbit C0m ate
Rabbit C0 m is ready to mate
Rabbit C0 m is approaching partner: Rabbit B5f
Rabbit A2 is Thirsty
Rabbit A2 drank water
Rabbit A2 is Hungry
Rabbit A2m ate
Rabbit A2 m is ready to mate
Rabbit A2 m is approaching partner: Rabbit B5f
Rabbit C2 is Thirsty
Rabbit C2 drank water
Rabbit C2 is Hungry
Rabbit A4 is Hungry
Rabbit A4m ate
Rabbit A4 m is ready to mate
Rabbit A4 m is approaching partner: Rabbit B5f
Rabbit A1 f was born!Father is A4 and Mother is B5
Rabbit A3 is Hungry
Rabbit A3m ate
Rabbit A3 m is ready to mate
Rabbit A3 m is approaching partner: Rabbit A2f
Rabbit A4 is Thirsty
Rabbit A4 drank water
Rabbit A4 is Hungry
Rabbit A4f ate
Rabbit A4 f is ready to mate
Rabbit C4 is Thirsty
Rabbit C4 drank water
Rabbit C4 is Hungry
Rabbit C4 m is ready to mate
Rabbit C4 m is approaching partner: Rabbit A2f
Rabbit B3 f is ready to mate
Rabbit A5 is Hungry
Rabbit A5f ate
Rabbit A5 is Hungry
Lion A2 f is ready to mate
Lion B3 is Thirsty
Lion B3 drank water
Lion B3 is Hungry
LionB3mis chasing: C2m
Lion B3 m is ready to mate
Lion B5 is Thirsty
Lion B5 drank water
Lion B5 is Hungry
LionB5mis chasing: C2m
Lion B5 m is ready to mate
Lion A5 is Thirsty
Lion A5 drank water
Lion A5 f is ready to mate
Wolf B2 is Thirsty
Wolf B2drank water
Wolf B2 m is ready to mate
No Female Wolf Partner or Female Wolf Partner not ready yet!
Wolf B5 is Thirsty
Wolf B5drank water
Wolf B5 m is ready to mate
No Female Wolf Partner or Female Wolf Partner not ready yet!
Wolf C5 is Thirsty
Wolf C5drank water
Wolf C5 m is ready to mate
No Female Wolf Partner or Female Wolf Partner not ready yet!
Rabbit B5 is Thirsty
Rabbit B5 drank water
Rabbit A1 is Thirsty
Rabbit A1 drank water
Rabbit A1 is Hungry
Rabbit A1 m is ready to mate
Rabbit A1 m is approaching partner: Rabbit B3f
Rabbit A2 is Hungry
Rabbit A2f ate
Rabbit A2 f is ready to mate
Rabbit C4 is Thirsty
Rabbit C4 drank water
Rabbit C4 is Hungry
Rabbit C4 m is ready to mate
Rabbit C4 m is approaching partner: Rabbit B3f
Rabbit B4 f was born!Father is C4 and Mother is B3
Rabbit A4 is Hungry
Rabbit A4f ate
Rabbit A4 f is ready to mate
Rabbit C2 is Thirsty
Rabbit C2 drank water
Rabbit C2 is Hungry
Rabbit C2 m is ready to mate
Rabbit C2 m is approaching partner: Rabbit A4f
Rabbit C0 is Thirsty
Rabbit C0 drank water
Rabbit C0 m is ready to mate
Rabbit C0 m is approaching partner: Rabbit A4f
Rabbit A2 is Thirsty
Rabbit A2 drank water
Rabbit A2 m is ready to mate
Rabbit A2 m is approaching partner: Rabbit A4f
Rabbit C2 is Thirsty
Rabbit C2 drank water
Rabbit C2f is running away from: WolfB2
Rabbit C2 is Hungry
Rabbit A4 m is ready to mate
Rabbit A4 m is approaching partner: Rabbit A4f
Rabbit A3 m is ready to mate
Rabbit A3 m is approaching partner: Rabbit A4f
Rabbit B4 f was born!Father is A3 and Mother is A4
Rabbit A4 f is ready to mate
Rabbit C4 is Thirsty
Rabbit C4 drank water
Rabbit C4 is Hungry
Rabbit C4 m is ready to mate
Rabbit C4 m is approaching partner: Rabbit A2f
Rabbit B3 is Hungry
Rabbit A5 f is ready to mate
Rabbit A5 is Hungry
Lion A2 is Hungry
LionA2fis chasing: B5m
Lion A2 f is ready to mate
Lion B3 is Thirsty
Lion B3 drank water
Lion B3 is Hungry
LionB3mis chasing: B5m
Lion B3 m is ready to mate
Lion B5 is Thirsty
Lion B5 drank water
Lion B5 is Hungry
LionB5mis chasing: B5m
Lion B5 m is ready to mate
Lion A5 is Thirsty
Lion A5 drank water
Lion A5 f is ready to mate
Wolf B2 is Hungry
Wolf B2m is chasing: C2f
Wolf B2m ate!
Wolf B2 is Thirsty
Wolf B2drank water
Wolf B2 m is ready to mate
No Female Wolf Partner or Female Wolf Partner not ready yet!
Wolf B5 is Hungry
Wolf B5m is chasing: A4f
Wolf B5 is Thirsty
Wolf B5drank water
Wolf B5 m is ready to mate
No Female Wolf Partner or Female Wolf Partner not ready yet!
Wolf C5 is Hungry
Wolf C5m is chasing: A4f
Wolf C5 is Thirsty
Wolf C5drank water
Wolf C5 m is ready to mate
No Female Wolf Partner or Female Wolf Partner not ready yet!
Rabbit B5 is Thirsty
Rabbit B5 drank water
Rabbit B5 is Hungry
Rabbit A1 is Thirsty
Rabbit A1 drank water
Rabbit A1 is Hungry
Rabbit A1 m is ready to mate
Rabbit A1 m is approaching partner: Rabbit A5f
Rabbit A2 is Thirsty
Rabbit A2 drank water
Rabbit A2f is running away from: WolfB2
Rabbit A2 f is ready to mate
Rabbit C4 is Thirsty
Rabbit C4 drank water
Rabbit C4m is running away from: WolfB2
Rabbit C4 is Hungry
Rabbit C4 m is ready to mate
Rabbit C4 m is approaching partner: Rabbit A2f
Rabbit A4 is Thirsty
Rabbit A4 drank water
Rabbit C2 is Thirsty
Rabbit C2 drank water
Rabbit C2 is Hungry
Rabbit C2 m is ready to mate
Rabbit C2 m is approaching partner: Rabbit A5f
Rabbit C0 is Thirsty
Rabbit C0 drank water
Rabbit C0 is Hungry
Rabbit C0 m is ready to mate
Rabbit C0 m is approaching partner: Rabbit A5f
Rabbit A2 is Thirsty
Rabbit A2 drank water
Rabbit A2 is Hungry
Rabbit A2 m is ready to mate
Rabbit A2 m is approaching partner: Rabbit A5f
Rabbit A4 is Hungry
Rabbit A4 m is ready to mate
Rabbit A4 m is approaching partner: Rabbit A2f
Rabbit A3 is Thirsty
Rabbit A3 drank water
Rabbit A3 is Hungry
Rabbit A3 m is ready to mate
Rabbit A3 m is approaching partner: Rabbit A2f
Rabbit A4 is Hungry
Rabbit A4f ate
Rabbit A4 f is ready to mate
Rabbit C4m is running away from: WolfB2
Rabbit C4 is Hungry
Rabbit C4 m is ready to mate
Rabbit C4 m is approaching partner: Rabbit A2f
Rabbit B2 m was born!Father is C4 and Mother is A2
Rabbit B3 is Thirsty
Rabbit B3 drank water
Rabbit B3 is Hungry
Rabbit A5 is Hungry
Rabbit A5f ate
Rabbit A5 f is ready to mate
Rabbit A5 is Hungry
Rabbit A5 f is ready to mate
Rabbit A1 is Hungry
Rabbit B4f is running away from: WolfB2
Lion A2 is Hungry
LionA2fis chasing: B5m
Lion A2 f is ready to mate
Lion B3 is Thirsty
Lion B3 drank water
Lion B3 is Hungry
LionB3mis chasing: B5m
Lion B3 m is ready to mate
Lion B5 is Thirsty
Lion B5 drank water
Lion B5 is Hungry
LionB5mis chasing: B5m
Lion B5 m is ready to mate
Lion A5 is Thirsty
Lion A5 drank water
Lion A5 is Hungry
LionA5fis chasing: C5m
Lion A5 f is ready to mate
Wolf B2 is Thirsty
Wolf B2drank water
Wolf B2 m is ready to mate
No Female Wolf Partner or Female Wolf Partner not ready yet!
Wolf B5 is Hungry
Wolf B5m is chasing: A4f
Wolf B5 is Thirsty
Wolf B5drank water
Wolf B5 m is ready to mate
No Female Wolf Partner or Female Wolf Partner not ready yet!
Wolf C5 is Hungry
Wolf C5m is chasing: A4f
Wolf C5 is Thirsty
Wolf C5drank water
Wolf C5 m is ready to mate
No Female Wolf Partner or Female Wolf Partner not ready yet!
Rabbit B5 is Thirsty
Rabbit B5 drank water
Rabbit B5 is Hungry
Rabbit A1 is Thirsty
Rabbit A1 drank water
Rabbit A1 is Hungry
Rabbit A1 m is ready to mate
Rabbit A1 m is approaching partner: Rabbit A5f
Rabbit A2f is running away from: WolfB2
Rabbit A2 is Hungry
Rabbit C4 is Thirsty
Rabbit C4 drank water
Rabbit C4m is running away from: WolfB2
Rabbit C4 is Hungry
Rabbit C4 m is ready to mate
Rabbit C4 m is approaching partner: Rabbit A5f
Rabbit A4 is Thirsty
Rabbit A4 drank water
Rabbit A4f is running away from: WolfB2
Rabbit A4 is Hungry
Rabbit C2 is Thirsty
Rabbit C2 drank water
Rabbit C2 is Hungry
Rabbit C2 m is ready to mate
Rabbit C2 m is approaching partner: Rabbit A5f
Rabbit C0 is Thirsty
Rabbit C0 drank water
Rabbit C0 is Hungry
Rabbit C0 m is ready to mate
Rabbit C0 m is approaching partner: Rabbit A5f
Rabbit A2 is Thirsty
Rabbit A2 drank water
Rabbit A2 is Hungry
Rabbit A2 m is ready to mate
Rabbit A2 m is approaching partner: Rabbit A5f
Rabbit A4 is Thirsty
Rabbit A4 drank water
Rabbit A4 is Hungry
Rabbit A4 m is ready to mate
Rabbit A4 m is approaching partner: Rabbit A5f
Rabbit C2 m was born!Father is A4 and Mother is A5
Rabbit A3 is Thirsty
Rabbit A3 drank water
Rabbit A3m is running away from: WolfB2
Rabbit A3 is Hungry
Rabbit A3 m is ready to mate
Rabbit A3 m is approaching partner: Rabbit A5f
Rabbit A4f is running away from: WolfC5
Rabbit A4 f is ready to mate
Rabbit C4m is running away from: WolfB2
Rabbit C4 is Hungry
Rabbit C4 m is ready to mate
Rabbit C4 m is approaching partner: Rabbit A5f
Rabbit C0 f was born!Father is C4 and Mother is A5
Rabbit B3 is Thirsty
Rabbit B3 drank water
Rabbit B3 is Hungry
Rabbit A5 is Thirsty
Rabbit A5 drank water
Rabbit A5f is running away from: WolfB2
Rabbit A5 is Hungry
Rabbit A1 is Hungry
Rabbit A1f ate
Rabbit B4 is Hungry
Rabbit B4 is Hungry
Rabbit B2m is running away from: WolfB2
Lion A2 is Hungry
LionA2fis chasing: B5m
Lion A2 f is ready to mate
Lion B3m Died of Old Age
Lion B3 is Thirsty
Lion B3 drank water
Lion B3 is Hungry
LionB3mis chasing: B5m
Lion B3 m is ready to mate
Lion B5 is Thirsty
Lion B5 drank water
Lion B5 is Hungry
LionB5mis chasing: B5m
Lion B5 m is ready to mate
Lion A5 is Hungry
LionA5fis chasing: C5m
Lion A5 f is ready to mate
Wolf B2 m is ready to mate
No Female Wolf Partner or Female Wolf Partner not ready yet!
Wolf B5m is running away from: LionA2
Wolf B5 is Hungry
Wolf B5m is chasing: A4f
Wolf B5 m is ready to mate
No Female Wolf Partner or Female Wolf Partner not ready yet!
Wolf C5 is Hungry
Wolf C5m is chasing: A4f
Wolf C5 m is ready to mate
No Female Wolf Partner or Female Wolf Partner not ready yet!
Rabbit B5 is Thirsty
Rabbit B5 drank water
Rabbit B5f is running away from: WolfB2
Rabbit B5 is Hungry
Rabbit A1 is Thirsty
Rabbit A1 drank water
Rabbit A1 is Hungry
Rabbit A1 m is ready to mate
Rabbit A1 m is approaching partner: Rabbit A4f
Rabbit A2f is running away from: WolfB2
Rabbit A2 is Hungry
Rabbit C4 is Thirsty
Rabbit C4 drank water
Rabbit C4m is running away from: WolfB2
Rabbit C4 is Hungry
Rabbit C4 m is ready to mate
Rabbit C4 m is approaching partner: Rabbit A4f
Rabbit A4 is Hungry
Rabbit C2 is Thirsty
Rabbit C2 drank water
Rabbit C2 is Hungry
Rabbit C2 m is ready to mate
Rabbit C2 m is approaching partner: Rabbit A4f
Rabbit C0 is Thirsty
Rabbit C0 drank water
Rabbit C0 is Hungry
Rabbit C0 m is ready to mate
Rabbit C0 m is approaching partner: Rabbit A4f
Rabbit A2 is Thirsty
Rabbit A2 drank water
Rabbit A2 is Hungry
Rabbit A2 m is ready to mate
Rabbit A2 m is approaching partner: Rabbit A4f
Rabbit A4 is Thirsty
Rabbit A4 drank water
Rabbit A4 is Hungry
Rabbit A4 m is ready to mate
Rabbit A4 m is approaching partner: Rabbit A4f
Rabbit A3 is Hungry
Rabbit A3m ate
Rabbit A3 m is ready to mate
Rabbit A3 m is approaching partner: Rabbit A4f
Rabbit A4f is running away from: WolfC5
Rabbit A4 is Hungry
Rabbit A4f ate
Rabbit A4 f is ready to mate
Rabbit C4 is Hungry
Rabbit C4 m is ready to mate
Rabbit C4 m is approaching partner: Rabbit A4f
Rabbit B3 is Thirsty
Rabbit B3 drank water
Rabbit B3 is Hungry
Rabbit A5 is Thirsty
Rabbit A5 drank water
Rabbit A5 is Hungry
Rabbit A5 is Thirsty
Rabbit A5 drank water
Rabbit A5 is Hungry
Rabbit B4 is Hungry
Rabbit B4 is Hungry
Rabbit B2 is Hungry
Lion A2 is Hungry
LionA2fis chasing: B5m
LionA2f ate: B5m
Lion A2 f is ready to mate
Lion B5 is Thirsty
Lion B5 drank water
Lion B5 is Hungry
LionB5mis chasing: C2m
Lion B5 m is ready to mate
Lion A5 is Hungry
LionA5fis chasing: C5m
Lion A5 f is ready to mate
Wolf B2 m is ready to mate
No Female Wolf Partner or Female Wolf Partner not ready yet!
Wolf C5 is Hungry
Wolf C5m is chasing: A4f
Wolf C5m ate!
Wolf C5 m is ready to mate
No Female Wolf Partner or Female Wolf Partner not ready yet!
Rabbit B5 is Thirsty
Rabbit B5 drank water
Rabbit B5f is running away from: WolfB2
Rabbit B5 is Hungry
Rabbit B5 f is ready to mate
Rabbit A1 is Thirsty
Rabbit A1 drank water
Rabbit A1 is Hungry
Rabbit A1m ate
Rabbit A1 m is ready to mate
Rabbit A1 m is approaching partner: Rabbit B5f
Rabbit A2f is running away from: WolfB2
Rabbit A2 is Hungry
Rabbit A2f ate
rabbit C4m Died of Old Age
Rabbit C4 is Thirsty
Rabbit C4 drank water
Rabbit C4m is running away from: WolfB2
Rabbit C4 is Hungry
RabbitC4m died of hunger
Rabbit C4 m is ready to mate
Rabbit C4 m is approaching partner: Rabbit B5f
Rabbit A4 is Hungry
Rabbit C2 is Thirsty
Rabbit C2 drank water
Rabbit C2 is Hungry
Rabbit C2m ate
Rabbit C2 m is ready to mate
Rabbit C2 m is approaching partner: Rabbit B5f
Rabbit C0 is Thirsty
Rabbit C0 drank water
Rabbit C0 is Hungry
Rabbit C0 m is ready to mate
Rabbit C0 m is approaching partner: Rabbit B5f
Rabbit A2 is Thirsty
Rabbit A2 drank water
Rabbit A2 is Hungry
Rabbit A2 m is ready to mate
Rabbit A2 m is approaching partner: Rabbit B5f
Rabbit A4 is Hungry
Rabbit A4 m is ready to mate
Rabbit A4 m is approaching partner: Rabbit B5f
Rabbit A3 m is ready to mate
Rabbit A3 m is approaching partner: Rabbit B5f
rabbit C4m Died of Old Age
Rabbit C4 is Hungry
RabbitC4m died of hunger
Rabbit C4m ate
Rabbit C4 m is ready to mate
Rabbit C4 m is approaching partner: Rabbit B5f
Rabbit B3 is Thirsty
Rabbit B3 drank water
Rabbit B3 is Hungry
Rabbit A5 is Hungry
rabbit A5f Died of Old Age
Rabbit A5 is Thirsty
Rabbit A5 drank water
Rabbit A5 is Hungry
RabbitA5f died of hunger
Rabbit A1 is Hungry
Rabbit A1 f is ready to mate
Rabbit B4 is Hungry
Rabbit B4 f is ready to mate
Rabbit B4 is Hungry
Rabbit B4f ate
Rabbit B2 is Hungry
Rabbit B2m ate
Rabbit C2m is running away from: WolfB2
Rabbit C2 is Hungry
Rabbit C0 is Hungry
Rabbit C0f ate
Lion A2 f is ready to mate
Lion B5 is Hungry
LionB5mis chasing: C2m
Lion B5 m is ready to mate
Lion A5 is Hungry
LionA5fis chasing: C5m
Lion A5 f is ready to mate
Wolf B2 m is ready to mate
No Female Wolf Partner or Female Wolf Partner not ready yet!
Wolf C5 m is ready to mate
No Female Wolf Partner or Female Wolf Partner not ready yet!
Rabbit B5 is Thirsty
Rabbit B5 drank water
Rabbit B5f is running away from: WolfB2
Rabbit B5 is Hungry
Rabbit B5 f is ready to mate
Rabbit A1 is Thirsty
Rabbit A1 drank water
Rabbit A1 m is ready to mate
Rabbit A1 m is approaching partner: Rabbit B4f
Rabbit A4f is running away from: WolfB2
Rabbit A4 is Hungry
Rabbit A4 f is ready to mate
Rabbit C2 is Thirsty
Rabbit C2 drank water
Rabbit C2 m is ready to mate
Rabbit C2 m is approaching partner: Rabbit A4f
Rabbit C0 is Thirsty
Rabbit C0 drank water
Rabbit C0 is Hungry
Rabbit C0 m is ready to mate
Rabbit C0 m is approaching partner: Rabbit A4f
Rabbit A2 is Thirsty
Rabbit A2 drank water
Rabbit A2 is Hungry
Rabbit A2 m is ready to mate
Rabbit A2 m is approaching partner: Rabbit A4f
Rabbit A4 is Hungry
Rabbit A4 m is ready to mate
Rabbit A4 m is approaching partner: Rabbit A4f
Rabbit A3 is Hungry
Rabbit A3 m is ready to mate
Rabbit A3 m is approaching partner: Rabbit A4f
Rabbit B3 is Thirsty
Rabbit B3 drank water
Rabbit B3 is Hungry
Rabbit B3 f is ready to mate
Rabbit A5 is Hungry
Rabbit A1 is Hungry
Rabbit A1 f is ready to mate
Rabbit B4 is Hungry
Rabbit B4 f is ready to mate
Rabbit B4 f is ready to mate
Rabbit C2 is Hungry
Lion A2 f is ready to mate
Lion B5m Died of Old Age
Lion B5 is Hungry
LionB5mis chasing: C2m
Lion B5 m is ready to mate
Lion A5 is Hungry
LionA5fis chasing: C5m
Lion A5 f is ready to mate
Wolf B2 m is ready to mate
No Female Wolf Partner or Female Wolf Partner not ready yet!
Wolf C5 m is ready to mate
No Female Wolf Partner or Female Wolf Partner not ready yet!
Rabbit B5 is Thirsty
Rabbit B5 drank water
Rabbit B5f is running away from: WolfB2
Rabbit B5 is Hungry
Rabbit B5 f is ready to mate
Rabbit A1 is Thirsty
Rabbit A1 drank water
Rabbit A1 is Hungry
Rabbit A1 m is ready to mate
Rabbit A1 m is approaching partner: Rabbit B4f
Rabbit A2 is Hungry
Rabbit A2f ate
Rabbit A2 f is ready to mate
Rabbit A4 is Hungry
Rabbit A4 f is ready to mate
Rabbit C2 is Thirsty
Rabbit C2 drank water
Rabbit C2 is Hungry
Rabbit C2 m is ready to mate
Rabbit C2 m is approaching partner: Rabbit B4f
Rabbit C0 is Thirsty
Rabbit C0 drank water
Rabbit C0 is Hungry
Rabbit C0 m is ready to mate
Rabbit C0 m is approaching partner: Rabbit B4f
Rabbit A2 is Thirsty
Rabbit A2 drank water
Rabbit A2 is Hungry
Rabbit A2 m is ready to mate
Rabbit A2 m is approaching partner: Rabbit B4f
Rabbit A4 is Hungry
Rabbit A4 m is ready to mate
Rabbit A4 m is approaching partner: Rabbit A4f
Rabbit A3 is Hungry
Rabbit A3 m is ready to mate
Rabbit A3 m is approaching partner: Rabbit A4f
rabbit B3f Died of Old Age
Rabbit B3 is Thirsty
Rabbit B3 drank water
Rabbit B3 is Hungry
RabbitB3f died of hunger
Rabbit B3 f is ready to mate
Rabbit A5 is Hungry
Rabbit A5f ate
Rabbit A1 is Thirsty
Rabbit A1 drank water
Rabbit A1 is Hungry
Rabbit A1 f is ready to mate
Rabbit B4 is Hungry
Rabbit B4 f is ready to mate
Rabbit B4 is Hungry
Rabbit B4f ate
Rabbit B4 f is ready to mate
Rabbit B2 is Hungry
Rabbit B2m ate
Rabbit B2 m is ready to mate
Rabbit B2 m is approaching partner: Rabbit B4f
Rabbit C0 m was born!Father is B2 and Mother is B4
Rabbit C2 is Hungry
Rabbit C0 is Hungry
Lion A2 f is ready to mate
Lion A5 is Hungry
LionA5fis chasing: C5m
Lion A5 f is ready to mate
Wolf B2 m is ready to mate
No Female Wolf Partner or Female Wolf Partner not ready yet!
Wolf C5 m is ready to mate
No Female Wolf Partner or Female Wolf Partner not ready yet!
rabbit B5f Died of Old Age
Rabbit B5 is Thirsty
Rabbit B5 drank water
Rabbit B5f is running away from: WolfB2
Rabbit B5 is Hungry
RabbitB5f died of hunger
Rabbit B5 f is ready to mate
Rabbit A1 is Thirsty
Rabbit A1 drank water
Rabbit A1 is Hungry
Rabbit A1 m is ready to mate
Rabbit A1 m is approaching partner: Rabbit B4f
Rabbit A2 f is ready to mate
Rabbit A4 is Hungry
Rabbit A4 f is ready to mate
Rabbit C2 is Thirsty
Rabbit C2 drank water
Rabbit C2 is Hungry
Rabbit C2 m is ready to mate
Rabbit C2 m is approaching partner: Rabbit B4f
rabbit C0m Died of Old Age
Rabbit C0 is Thirsty
Rabbit C0 drank water
Rabbit C0 is Hungry
RabbitC0m died of hunger
Rabbit C0 m is ready to mate
Rabbit C0 m is approaching partner: Rabbit B4f
rabbit A2m Died of Old Age
Rabbit A2 is Thirsty
Rabbit A2 drank water
Rabbit A2 is Hungry
RabbitA2m died of hunger
Rabbit A2 m is ready to mate
Rabbit A2 m is approaching partner: Rabbit B4f
rabbit A4m Died of Old Age
Rabbit A4 is Hungry
RabbitA4m died of hunger
Rabbit A4 m is ready to mate
Rabbit A4 m is approaching partner: Rabbit A4f
Rabbit A3 is Hungry
Rabbit A3 m is ready to mate
Rabbit A3 m is approaching partner: Rabbit A4f
Rabbit A5 f is ready to mate
Rabbit A1 is Thirsty
Rabbit A1 drank water
Rabbit A1f is running away from: WolfB2
Rabbit A1 is Hungry
Rabbit A1 f is ready to mate
Rabbit B4 is Thirsty
Rabbit B4 drank water
Rabbit B4 is Hungry
Rabbit B4 is Thirsty
Rabbit B4 drank water
Rabbit B4 f is ready to mate
Rabbit B2 m is ready to mate
Rabbit B2 m is approaching partner: Rabbit A1f
Rabbit C2 m was born!Father is B2 and Mother is A1
Rabbit C2 is Hungry
Rabbit C2 m is ready to mate
Rabbit C2 m is approaching partner: Rabbit A5f
Rabbit A1 f was born!Father is C2 and Mother is A5
Rabbit C0 is Hungry
Rabbit C0 f is ready to mate
Lion A2 is Hungry
LionA2fis chasing: C5m
Lion A2 f is ready to mate
Lion A5 is Hungry
LionA5fis chasing: C5m
LionA5f ate: C5m
Lion A5 f is ready to mate
Wolf B2 m is ready to mate
No Female Wolf Partner or Female Wolf Partner not ready yet!
Rabbit A1 is Thirsty
Rabbit A1 drank water
Rabbit A1 is Hungry
Rabbit A1 m is ready to mate
Rabbit A1 m is approaching partner: Rabbit B4f
Rabbit A2 is Thirsty
Rabbit A2 drank water
Rabbit A2 is Hungry
Rabbit A2f ate
Rabbit A2 f is ready to mate
rabbit A4f Died of Old Age
Rabbit A4 is Hungry
RabbitA4f died of hunger
Rabbit A4 f is ready to mate
Rabbit C2 is Thirsty
Rabbit C2 drank water
Rabbit C2 is Hungry
Rabbit C2 m is ready to mate
Rabbit C2 m is approaching partner: Rabbit B4f
Rabbit A3 is Hungry
Rabbit A3 m is ready to mate
Rabbit A3 m is approaching partner: Rabbit C0f
Rabbit A5 is Hungry
Rabbit A1 is Thirsty
Rabbit A1 drank water
Rabbit A1f is running away from: WolfB2
Rabbit A1 is Hungry
rabbit B4f Died of Old Age
Rabbit B4 is Thirsty
Rabbit B4 drank water
Rabbit B4 is Hungry
RabbitB4f died of hunger
Rabbit B4 is Thirsty
Rabbit B4 drank water
Rabbit B4 is Hungry
Rabbit B4 f is ready to mate
Rabbit B2 is Thirsty
Rabbit B2 drank water
Rabbit B2 is Hungry
Rabbit B2 m is ready to mate
Rabbit B2 m is approaching partner: Rabbit A2f
Rabbit C2 is Hungry
Rabbit C2 m is ready to mate
Rabbit C2 m is approaching partner: Rabbit C0f
Rabbit C0 is Hungry
Rabbit C0f ate
Rabbit C0 f is ready to mate
Rabbit C0 is Hungry
Lion A2 is Thirsty
Lion A2 drank water
Lion A2 is Hungry
LionA2fis chasing: B4f
Lion A2 f is ready to mate
Lion A5 f is ready to mate
Wolf B2 m is ready to mate
No Female Wolf Partner or Female Wolf Partner not ready yet!
Rabbit A1 is Thirsty
Rabbit A1 drank water
Rabbit A1 is Hungry
Rabbit A1 m is ready to mate
Rabbit A1 m is approaching partner: Rabbit B4f
Rabbit A2 is Thirsty
Rabbit A2 drank water
Rabbit A2 f is ready to mate
Rabbit C2 is Thirsty
Rabbit C2 drank water
Rabbit C2 is Hungry
Rabbit C2 m is ready to mate
Rabbit C2 m is approaching partner: Rabbit B4f
Rabbit A3 is Thirsty
Rabbit A3 drank water
Rabbit A3 is Hungry
Rabbit A3 m is ready to mate
Rabbit A3 m is approaching partner: Rabbit C0f
Rabbit A5 is Hungry
Rabbit A1 is Thirsty
Rabbit A1 drank water
Rabbit A1f is running away from: WolfB2
Rabbit A1 is Hungry
Rabbit B4 is Thirsty
Rabbit B4 drank water
Rabbit B4 is Hungry
Rabbit B4f ate
Rabbit B4 f is ready to mate
Rabbit B2 is Thirsty
Rabbit B2 drank water
Rabbit B2 is Hungry
Rabbit B2 m is ready to mate
Rabbit B2 m is approaching partner: Rabbit A2f
Rabbit C2 is Thirsty
Rabbit C2 drank water
Rabbit C2 is Hungry
Rabbit C2 m is ready to mate
Rabbit C2 m is approaching partner: Rabbit C0f
Rabbit C0 is Thirsty
Rabbit C0 drank water
Rabbit C0 f is ready to mate
Rabbit C0 is Hungry
Rabbit C0m ate
Rabbit C2 is Hungry
Rabbit A1f is running away from: WolfB2
Rabbit A1 is Hungry
Lion A2 is Thirsty
Lion A2 drank water
Lion A2 is Hungry
LionA2fis chasing: B4f
Lion A2 f is ready to mate
Lion A5 f is ready to mate
Wolf B2m ate!
Wolf B2 m is ready to mate
No Female Wolf Partner or Female Wolf Partner not ready yet!
Rabbit A1 is Thirsty
Rabbit A1 drank water
Rabbit A1 is Hungry
Rabbit A1m ate
Rabbit A1 m is ready to mate
Rabbit A1 m is approaching partner: Rabbit B4f
Rabbit A2 is Thirsty
Rabbit A2 drank water
Rabbit A2 is Hungry
Rabbit A2 f is ready to mate
Rabbit C2 is Thirsty
Rabbit C2 drank water
Rabbit C2 is Hungry
Rabbit C2 m is ready to mate
Rabbit C2 m is approaching partner: Rabbit B4f
Rabbit A3 is Hungry
Rabbit A3 m is ready to mate
Rabbit A3 m is approaching partner: Rabbit A2f
Rabbit A5 is Thirsty
Rabbit A5 drank water
Rabbit A5 is Hungry
Rabbit B4 is Thirsty
Rabbit B4 drank water
Rabbit B4 f is ready to mate
Rabbit B2 is Thirsty
Rabbit B2 drank water
Rabbit B2m is running away from: WolfB2
Rabbit B2 is Hungry
Rabbit B2 m is ready to mate
Rabbit B2 m is approaching partner: Rabbit A2f
rabbit C2m Died of Old Age
Rabbit C2 is Thirsty
Rabbit C2 drank water
Rabbit C2 is Hungry
RabbitC2m died of hunger
Rabbit C2 m is ready to mate
Rabbit C2 m is approaching partner: Rabbit C0f
Rabbit C0 is Thirsty
Rabbit C0 drank water
Rabbit C0 is Hungry
Rabbit C0f ate
Rabbit C0 f is ready to mate
Rabbit C0 m is ready to mate
Rabbit C0 m is approaching partner: Rabbit A2f
Rabbit C4 m was born!Father is C0 and Mother is A2
Rabbit C2 is Hungry
Rabbit A1 is Hungry
Lion A2 is Thirsty
Lion A2 drank water
Lion A2 is Hungry
LionA2fis chasing: C2m
Lion A2 f is ready to mate
Lion A5 f is ready to mate
Wolf B2 m is ready to mate
No Female Wolf Partner or Female Wolf Partner not ready yet!
Rabbit A1 is Thirsty
Rabbit A1 drank water
Rabbit A1 m is ready to mate
Rabbit A1 m is approaching partner: Rabbit B4f
Rabbit B3 f was born!Father is A1 and Mother is B4
Rabbit A2 is Thirsty
Rabbit A2 drank water
Rabbit A2f is running away from: WolfB2
Rabbit A2 is Hungry
Rabbit C2 is Thirsty
Rabbit C2 drank water
Rabbit C2 is Hungry
Rabbit C2 m is ready to mate
Rabbit C2 m is approaching partner: Rabbit C0f
rabbit A3m Died of Old Age
Rabbit A3 is Hungry
RabbitA3m died of hunger
Rabbit A3 m is ready to mate
Rabbit A3 m is approaching partner: Rabbit C0f
Rabbit A5 is Hungry
Rabbit B4 is Thirsty
Rabbit B4 drank water
Rabbit B4 is Hungry
Rabbit B2 is Thirsty
Rabbit B2 drank water
Rabbit B2m is running away from: WolfB2
Rabbit B2 is Hungry
Rabbit B2 m is ready to mate
Rabbit B2 m is approaching partner: Rabbit C0f
Rabbit C0 is Thirsty
Rabbit C0 drank water
Rabbit C0 f is ready to mate
Rabbit C0 is Hungry
Rabbit C0 m is ready to mate
Rabbit C0 m is approaching partner: Rabbit C0f
Rabbit C2 is Hungry
Rabbit A1 is Hungry
Lion A2 is Thirsty
Lion A2 drank water
Lion A2 is Hungry
LionA2fis chasing: C0f
Lion A2 f is ready to mate
Lion A5 is Thirsty
Lion A5 drank water
Lion A5 is Hungry
LionA5fis chasing: A1m
Lion A5 f is ready to mate
Wolf B2 is Thirsty
Wolf B2drank water
Wolf B2 m is ready to mate
No Female Wolf Partner or Female Wolf Partner not ready yet!
Rabbit A1 is Thirsty
Rabbit A1 drank water
Rabbit A1 is Hungry
Rabbit A1 m is ready to mate
Rabbit A1 m is approaching partner: Rabbit C0f
Rabbit A2 is Thirsty
Rabbit A2 drank water
Rabbit A2f is running away from: WolfB2
Rabbit A2 is Hungry
rabbit C2m Died of Old Age
Rabbit C2 is Thirsty
Rabbit C2 drank water
Rabbit C2 is Hungry
RabbitC2m died of hunger
Rabbit C2 m is ready to mate
Rabbit C2 m is approaching partner: Rabbit C0f
Rabbit A5 is Hungry
Rabbit B4 is Thirsty
Rabbit B4 drank water
Rabbit B4 is Hungry
Rabbit B2 is Thirsty
Rabbit B2 drank water
Rabbit B2m is running away from: WolfB2
Rabbit B2 is Hungry
Rabbit B2 m is ready to mate
Rabbit B2 m is approaching partner: Rabbit C0f
Rabbit C0 is Thirsty
Rabbit C0 drank water
Rabbit C0 is Hungry
Rabbit C0f ate
Rabbit C0 f is ready to mate
Rabbit C0m is running away from: WolfB2
Rabbit C0 is Hungry
Rabbit C0 m is ready to mate
Rabbit C0 m is approaching partner: Rabbit C0f
Rabbit C2m is running away from: WolfB2
Rabbit C2 is Hungry
Rabbit C2 m is ready to mate
Rabbit C2 m is approaching partner: Rabbit C0f
Rabbit A1 is Hungry
Rabbit A1 f is ready to mate
Rabbit C4m is running away from: WolfB2
Rabbit C4 is Hungry
Lion A2 is Thirsty
Lion A2 drank water
Lion A2 is Hungry
LionA2fis chasing: C0f
Lion A2 f is ready to mate
Lion A5 is Thirsty
Lion A5 drank water
Lion A5 is Hungry
LionA5fis chasing: B3f
Lion A5 f is ready to mate
Wolf B2 m is ready to mate
No Female Wolf Partner or Female Wolf Partner not ready yet!
Rabbit A1 is Thirsty
Rabbit A1 drank water
Rabbit A1 is Hungry
Rabbit A1 m is ready to mate
Rabbit A1 m is approaching partner: Rabbit C0f
Rabbit A2 is Thirsty
Rabbit A2 drank water
Rabbit A2f is running away from: WolfB2
Rabbit A2 is Hungry
Rabbit A5 is Hungry
Rabbit A5f ate
Rabbit A5 f is ready to mate
Rabbit B4 is Thirsty
Rabbit B4 drank water
Rabbit B4 is Hungry
Rabbit B2m is running away from: WolfB2
Rabbit B2 is Hungry
Rabbit B2 m is ready to mate
Rabbit B2 m is approaching partner: Rabbit A1f
Rabbit C0 is Thirsty
Rabbit C0 drank water
Rabbit C0 f is ready to mate
Rabbit C0 is Thirsty
Rabbit C0 drank water
Rabbit C0 is Hungry
Rabbit C0 m is ready to mate
Rabbit C0 m is approaching partner: Rabbit A1f
Rabbit A4 f was born!Father is C0 and Mother is A1
Rabbit C2 is Hungry
Rabbit C2 m is ready to mate
Rabbit C2 m is approaching partner: Rabbit A5f
Rabbit A4 m was born!Father is C2 and Mother is A5
Rabbit A1 is Hungry
Rabbit C4 is Hungry
Rabbit B3 is Hungry
Rabbit B3f ate
Lion A2 is Thirsty
Lion A2 drank water
Lion A2 is Hungry
LionA2fis chasing: B3f
Lion A2 f is ready to mate
Lion A5 is Hungry
LionA5fis chasing: B3f
Lion A5 f is ready to mate
Wolf B2 m is ready to mate
No Female Wolf Partner or Female Wolf Partner not ready yet!
Rabbit A1 is Thirsty
Rabbit A1 drank water
Rabbit A1 is Hungry
Rabbit A1 m is ready to mate
Rabbit A1 m is approaching partner: Rabbit C0f
Rabbit A2 is Thirsty
Rabbit A2 drank water
Rabbit A2f is running away from: WolfB2
Rabbit A2 is Hungry
Rabbit B4 is Thirsty
Rabbit B4 drank water
Rabbit B4 is Hungry
Rabbit B4f ate
rabbit B2m Died of Old Age
Rabbit B2 is Hungry
RabbitB2m died of hunger
Rabbit B2 m is ready to mate
Rabbit B2 m is approaching partner: Rabbit C0f
Rabbit C0 is Thirsty
Rabbit C0 drank water
Rabbit C0 is Hungry
Rabbit C0 f is ready to mate
Rabbit C0 is Thirsty
Rabbit C0 drank water
Rabbit C0m is running away from: WolfB2
Rabbit C0 is Hungry
Rabbit C0 m is ready to mate
Rabbit C0 m is approaching partner: Rabbit C0f
Rabbit C2 is Thirsty
Rabbit C2 drank water
Rabbit C2 is Hungry
Rabbit C2 m is ready to mate
Rabbit C2 m is approaching partner: Rabbit C0f
Rabbit A1 is Thirsty
Rabbit A1 drank water
Rabbit A1 is Hungry
Rabbit C4 is Hungry
Lion A2 is Thirsty
Lion A2 drank water
Lion A2 is Hungry
LionA2fis chasing: C0f
Lion A2 f is ready to mate
Lion A5 is Hungry
LionA5fis chasing: C0f
Lion A5 f is ready to mate
Wolf B2m ate!
Wolf B2 m is ready to mate
No Female Wolf Partner or Female Wolf Partner not ready yet!
Rabbit A1 is Thirsty
Rabbit A1 drank water
Rabbit A1 is Hungry
Rabbit A1 m is ready to mate
Rabbit A1 m is approaching partner: Rabbit C0f
Rabbit A5 is Hungry
Rabbit B4 is Thirsty
Rabbit B4 drank water
Rabbit C0 is Thirsty
Rabbit C0 drank water
Rabbit C0 is Hungry
Rabbit C0 f is ready to mate
Rabbit C0 is Hungry
Rabbit C0 m is ready to mate
Rabbit C0 m is approaching partner: Rabbit C0f
rabbit C2m Died of Old Age
Rabbit C2 is Thirsty
Rabbit C2 drank water
Rabbit C2 is Hungry
RabbitC2m died of hunger
Rabbit C2 m is ready to mate
Rabbit C2 m is approaching partner: Rabbit C0f
rabbit A1f Died of Old Age
Rabbit A1 is Thirsty
Rabbit A1 drank water
Rabbit A1f is running away from: WolfB2
Rabbit A1 is Hungry
RabbitA1f died of hunger
Rabbit C4 is Hungry
Rabbit B3 is Hungry
Rabbit B3f ate
Rabbit A4 is Hungry
Rabbit A4 is Hungry
Rabbit A4m ate
Lion A2f Died of Old Age
Lion A2 is Thirsty
Lion A2 drank water
Lion A2 is Hungry
LionA2fis chasing: B3f
Lion A2 f is ready to mate
Lion A5 is Hungry
LionA5fis chasing: B3f
Lion A5 f is ready to mate
Wolf B2 m is ready to mate
No Female Wolf Partner or Female Wolf Partner not ready yet!
Rabbit A1 is Thirsty
Rabbit A1 drank water
Rabbit A1 is Hungry
Rabbit A1 m is ready to mate
Rabbit A1 m is approaching partner: Rabbit C0f
Rabbit A5 is Hungry
Rabbit B4 is Hungry
Rabbit B4f ate
Rabbit C0 is Thirsty
Rabbit C0 drank water
Rabbit C0 is Hungry
Rabbit C0 f is ready to mate
Rabbit C0 is Hungry
Rabbit C0 m is ready to mate
Rabbit C0 m is approaching partner: Rabbit C0f
Rabbit C4 is Hungry
Rabbit A4 is Hungry
Lion A5 is Hungry
LionA5fis chasing: B3f
Lion A5 f is ready to mate
Wolf B2 m is ready to mate
No Female Wolf Partner or Female Wolf Partner not ready yet!
Rabbit A1 is Thirsty
Rabbit A1 drank water
Rabbit A1 is Hungry
Rabbit A1 m is ready to mate
Rabbit A1 m is approaching partner: Rabbit C0f
Rabbit A5 is Thirsty
Rabbit A5 drank water
Rabbit A5 is Hungry
Rabbit C0 is Thirsty
Rabbit C0 drank water
Rabbit C0 is Hungry
Rabbit C0f ate
Rabbit C0 f is ready to mate
rabbit C0m Died of Old Age
Rabbit C0 is Hungry
RabbitC0m died of hunger
Rabbit C0m ate
Rabbit C0 m is ready to mate
Rabbit C0 m is approaching partner: Rabbit C0f
Rabbit C4 is Thirsty
Rabbit C4 drank water
Rabbit C4 is Hungry
Rabbit C4 m is ready to mate
Rabbit C4 m is approaching partner: Rabbit C0f
Rabbit B3 is Hungry
Rabbit B3f ate
Rabbit B3 f is ready to mate
Rabbit A4 is Hungry
Rabbit A4 is Hungry
Rabbit A4m ate
Lion A5 is Hungry
LionA5fis chasing: B3f
Lion A5 f is ready to mate
Wolf B2 m is ready to mate
No Female Wolf Partner or Female Wolf Partner not ready yet!
rabbit A1m Died of Old Age
Rabbit A1 is Thirsty
Rabbit A1 drank water
Rabbit A1 is Hungry
RabbitA1m died of hunger
Rabbit A1 m is ready to mate
Rabbit A1 m is approaching partner: Rabbit C0f
Rabbit A5 is Thirsty
Rabbit A5 drank water
Rabbit A5 is Hungry
Rabbit B4 is Hungry
Rabbit B4 f is ready to mate
Rabbit C0 is Thirsty
Rabbit C0 drank water
Rabbit C0 f is ready to mate
rabbit C4m Died of Old Age
Rabbit C4 is Thirsty
Rabbit C4 drank water
Rabbit C4 is Hungry
RabbitC4m died of hunger
Rabbit C4 m is ready to mate
Rabbit C4 m is approaching partner: Rabbit C0f
Rabbit B3 is Thirsty
Rabbit B3 drank water
Rabbit B3 f is ready to mate
Rabbit A4 is Hungry
Lion A5 is Hungry
LionA5fis chasing: B3f
Lion A5 f is ready to mate
Wolf B2 m is ready to mate
No Female Wolf Partner or Female Wolf Partner not ready yet!
Rabbit A5 is Hungry
Rabbit B4 is Hungry
Rabbit B4f ate
Rabbit B4 f is ready to mate
Rabbit C0 is Thirsty
Rabbit C0 drank water
Rabbit C0 is Hungry
Rabbit C0 f is ready to mate
Rabbit B3 is Thirsty
Rabbit B3 drank water
Rabbit B3 is Hungry
Rabbit B3f ate
Rabbit B3 f is ready to mate
Rabbit A4f is running away from: WolfB2
Rabbit A4 is Hungry
Rabbit A4 f is ready to mate
Rabbit A4 is Hungry
Rabbit A4 m is ready to mate
Rabbit A4 m is approaching partner: Rabbit A4f
Lion A5f Died of Old Age
Lion A5 is Hungry
LionA5fis chasing: B3f
Lion A5 f is ready to mate
Wolf B2 m is ready to mate
No Female Wolf Partner or Female Wolf Partner not ready yet!
Rabbit A5 is Hungry
Rabbit A5 f is ready to mate
Rabbit B4 f is ready to mate
Rabbit C0 is Thirsty
Rabbit C0 drank water
Rabbit C0 is Hungry
Rabbit C0f ate
Rabbit C0 f is ready to mate
Rabbit B3 is Thirsty
Rabbit B3 drank water
Rabbit B3 f is ready to mate
Rabbit A4 is Thirsty
Rabbit A4 drank water
Rabbit A4f is running away from: WolfB2
Rabbit A4 is Hungry
Rabbit A4 f is ready to mate
Rabbit A4 is Thirsty
Rabbit A4 drank water
Rabbit A4 is Hungry
Rabbit A4 m is ready to mate
Rabbit A4 m is approaching partner: Rabbit A5f
Wolf B2 m is ready to mate
No Female Wolf Partner or Female Wolf Partner not ready yet!
rabbit A5f Died of Old Age
Rabbit A5 is Hungry
RabbitA5f died of hunger
Rabbit A5 f is ready to mate
Rabbit B4 is Hungry
Rabbit B4f ate
Rabbit B4 f is ready to mate
Rabbit C0 f is ready to mate
Rabbit B3 is Thirsty
Rabbit B3 drank water
Rabbit B3 is Hungry
Rabbit B3f ate
Rabbit B3 f is ready to mate
rabbit A4f Died of Old Age
Rabbit A4 is Thirsty
Rabbit A4 drank water
Rabbit A4f is running away from: WolfB2
Rabbit A4 is Hungry
RabbitA4f died of hunger
Rabbit A4 f is ready to mate
Rabbit A4 is Thirsty
Rabbit A4 drank water
Rabbit A4 is Hungry
Rabbit A4 m is ready to mate
Rabbit A4 m is approaching partner: Rabbit C0f
Wolf B2 is Thirsty
Wolf B2drank water
Wolf B2 m is ready to mate
No Female Wolf Partner or Female Wolf Partner not ready yet!
Rabbit B4 is Thirsty
Rabbit B4 drank water
Rabbit B4 f is ready to mate
Rabbit C0 is Hungry
Rabbit C0 f is ready to mate
Rabbit B3 is Thirsty
Rabbit B3 drank water
Rabbit B3 f is ready to mate
Rabbit A4 is Thirsty
Rabbit A4 drank water
Rabbit A4 is Hungry
Rabbit A4 m is ready to mate
Rabbit A4 m is approaching partner: Rabbit B3f
Wolf B2 m is ready to mate
No Female Wolf Partner or Female Wolf Partner not ready yet!
Rabbit B4 is Thirsty
Rabbit B4 drank water
Rabbit B4 is Hungry
Rabbit B4 f is ready to mate
Rabbit C0 is Hungry
Rabbit C0 f is ready to mate
Rabbit B3 is Thirsty
Rabbit B3 drank water
Rabbit B3 is Hungry
Rabbit B3 f is ready to mate
Rabbit A4 is Thirsty
Rabbit A4 drank water
Rabbit A4 is Hungry
Rabbit A4 m is ready to mate
Rabbit A4 m is approaching partner: Rabbit C0f
Wolf B2 m is ready to mate
No Female Wolf Partner or Female Wolf Partner not ready yet!
Rabbit B4 is Hungry
Rabbit B4 f is ready to mate
Rabbit C0 is Hungry
Rabbit C0f ate
Rabbit C0 f is ready to mate
Rabbit B3 is Thirsty
Rabbit B3 drank water
Rabbit B3 is Hungry
Rabbit B3 f is ready to mate
Rabbit A4 is Thirsty
Rabbit A4 drank water
Rabbit A4 is Hungry
Rabbit A4 m is ready to mate
Rabbit A4 m is approaching partner: Rabbit C0f
Wolf B2 m is ready to mate
No Female Wolf Partner or Female Wolf Partner not ready yet!
Rabbit B4 is Hungry
Rabbit B4 f is ready to mate
Rabbit C0 f is ready to mate
Rabbit B3 is Hungry
Rabbit B3 f is ready to mate
rabbit A4m Died of Old Age
Rabbit A4 is Thirsty
Rabbit A4 drank water
Rabbit A4 is Hungry
RabbitA4m died of hunger
Rabbit A4 m is ready to mate
Rabbit A4 m is approaching partner: Rabbit C0f
Wolf B2 m is ready to mate
No Female Wolf Partner or Female Wolf Partner not ready yet!
Rabbit B4 is Hungry
Rabbit B4 f is ready to mate
Rabbit C0 is Hungry
Rabbit C0f ate
Rabbit C0 f is ready to mate
Rabbit B3 is Hungry
Rabbit B3 f is ready to mate
Wolf B2 m is ready to mate
No Female Wolf Partner or Female Wolf Partner not ready yet!
Rabbit B4 is Hungry
Rabbit B4f ate
Rabbit B4 f is ready to mate
Rabbit C0 is Thirsty
Rabbit C0 drank water
Rabbit C0 f is ready to mate
Rabbit B3 is Hungry
Rabbit B3 f is ready to mate
Wolf B2 m is ready to mate
No Female Wolf Partner or Female Wolf Partner not ready yet!
Rabbit B4 f is ready to mate
Rabbit C0 is Thirsty
Rabbit C0 drank water
Rabbit C0 is Hungry
Rabbit C0 f is ready to mate
Rabbit B3 is Hungry
Rabbit B3 f is ready to mate
Wolf B2 m is ready to mate
No Female Wolf Partner or Female Wolf Partner not ready yet!
Rabbit B4 is Hungry
Rabbit B4 f is ready to mate
Rabbit C0 is Hungry
Rabbit C0 f is ready to mate
rabbit B3f Died of Old Age
Rabbit B3 is Hungry
RabbitB3f died of hunger
Rabbit B3 f is ready to mate
Wolf B2 is Hungry
Wolf B2m is chasing: B4f
Wolf B2 m is ready to mate
No Female Wolf Partner or Female Wolf Partner not ready yet!
Rabbit B4 is Thirsty
Rabbit B4 drank water
Rabbit B4 is Hungry
Rabbit B4 f is ready to mate
Rabbit C0 is Hungry
Rabbit C0 f is ready to mate
Wolf B2 is Hungry
Wolf B2m is chasing: B4f
Wolf B2 m is ready to mate
No Female Wolf Partner or Female Wolf Partner not ready yet!
Rabbit B4 is Hungry
Rabbit B4 f is ready to mate
Rabbit C0 is Hungry
Rabbit C0 f is ready to mate
Wolf B2 is Hungry
Wolf B2m is chasing: C0f
Wolf B2 is Thirsty
Wolf B2drank water
Wolf B2 m is ready to mate
No Female Wolf Partner or Female Wolf Partner not ready yet!
Rabbit B4 is Hungry
Rabbit B4f ate
Rabbit B4 f is ready to mate
Rabbit C0 is Hungry
Rabbit C0 f is ready to mate
Wolf B2 is Hungry
Wolf B2m is chasing: C0f
Wolf B2 is Thirsty
Wolf B2drank water
Wolf B2 m is ready to mate
No Female Wolf Partner or Female Wolf Partner not ready yet!
Rabbit B4 f is ready to mate
Rabbit C0 is Hungry
Rabbit C0 f is ready to mate
Wolf B2 is Hungry
Wolf B2m is chasing: C0f
Wolf B2 is Thirsty
Wolf B2drank water
Wolf B2 m is ready to mate
No Female Wolf Partner or Female Wolf Partner not ready yet!
Rabbit B4 is Hungry
Rabbit B4f ate
Rabbit B4 f is ready to mate
rabbit C0f Died of Old Age
Rabbit C0 is Hungry
RabbitC0f died of hunger
Rabbit C0f ate
Rabbit C0 f is ready to mate
Wolf B2 is Hungry
Wolf B2m is chasing: B4f
Wolf B2 is Thirsty
Wolf B2drank water
Wolf B2 m is ready to mate
No Female Wolf Partner or Female Wolf Partner not ready yet!
Rabbit B4 f is ready to mate
Wolf B2 is Hungry
Wolf B2m is chasing: B4f
Wolf B2 is Thirsty
Wolf B2drank water
Wolf B2 m is ready to mate
No Female Wolf Partner or Female Wolf Partner not ready yet!
Rabbit B4 is Hungry
Rabbit B4f ate
Rabbit B4 f is ready to mate
Wolf B2 is Hungry
Wolf B2m is chasing: B4f
Wolf B2 is Thirsty
Wolf B2drank water
Wolf B2 m is ready to mate
No Female Wolf Partner or Female Wolf Partner not ready yet!
Rabbit B4 is Thirsty
Rabbit B4 drank water
Rabbit B4 f is ready to mate
Wolf B2 is Hungry
Wolf B2m is chasing: B4f
Wolf B2 is Thirsty
Wolf B2drank water
Wolf B2 m is ready to mate
No Female Wolf Partner or Female Wolf Partner not ready yet!
Rabbit B4 is Hungry
Rabbit B4 f is ready to mate
Wolf B2 is Hungry
Wolf B2m is chasing: B4f
Wolf B2 is Thirsty
Wolf B2drank water
Wolf B2 m is ready to mate
No Female Wolf Partner or Female Wolf Partner not ready yet!
Rabbit B4 is Hungry
Rabbit B4 f is ready to mate
Wolf B2 is Hungry
Wolf B2m is chasing: B4f
Wolf B2 is Thirsty
Wolf B2drank water
Wolf B2 m is ready to mate
No Female Wolf Partner or Female Wolf Partner not ready yet!
Rabbit B4 is Hungry
Rabbit B4 f is ready to mate
Wolf B2 is Hungry
Wolf B2m is chasing: B4f
Wolf B2 is Thirsty
Wolf B2drank water
Wolf B2 m is ready to mate
No Female Wolf Partner or Female Wolf Partner not ready yet!
Rabbit B4 is Hungry
Rabbit B4 f is ready to mate
Wolf B2 is Hungry
Wolf B2m is chasing: B4f
Wolf B2 is Thirsty
Wolf B2drank water
Wolf B2 m is ready to mate
No Female Wolf Partner or Female Wolf Partner not ready yet!
Rabbit B4 is Hungry
Rabbit B4 f is ready to mate
Wolf B2 is Hungry
Wolf B2m is chasing: B4f
Wolf B2 is Thirsty
Wolf B2drank water
Wolf B2 m is ready to mate
No Female Wolf Partner or Female Wolf Partner not ready yet!
Rabbit B4 is Hungry
Rabbit B4 f is ready to mate
Wolf B2 is Hungry
Wolf B2m is chasing: B4f
Wolf B2 is Thirsty
Wolf B2drank water
Wolf B2 m is ready to mate
No Female Wolf Partner or Female Wolf Partner not ready yet!
rabbit B4f Died of Old Age
Rabbit B4 is Thirsty
Rabbit B4 drank water
Rabbit B4 is Hungry
RabbitB4f died of hunger
Rabbit B4 f is ready to mate
Wolf B2 is Hungry
WolfB2m died of hunger
Wolf B2 is Thirsty
Wolf B2drank water
Wolf B2 m is ready to mate
No Female Wolf Partner or Female Wolf Partner not ready yet!
