Rabbit C3m is running away from: WolfB0
Rabbit C0m is running away from: WolfA5
Rabbit C2f is running away from: WolfB5
Rabbit C3m is running away from: WolfB0
Rabbit C2f is running away from: WolfB5
Wolf B0f is running away from: LionA1
Rabbit B2f is running away from: WolfA4
Rabbit B2 f is ready to mate
Rabbit A2 m is ready to mate
Rabbit A2 m is approaching partner: Rabbit B1f
Rabbit B1 f is ready to mate
Rabbit A2 m is ready to mate
Rabbit A2 m is approaching partner: Rabbit A1f
Rabbit B2 m is ready to mate
Rabbit B2 m is approaching partner: Rabbit C2f
Rabbit A2 m is ready to mate
Rabbit A2 m is approaching partner: Rabbit B1f
Rabbit C3 m is ready to mate
Rabbit C3 m is approaching partner: Rabbit C2f
Rabbit A4 f was born!Father is C3 and Mother is C2
Rabbit C3 m is ready to mate
Rabbit C3 m is approaching partner: Rabbit B2f
Rabbit A5 f is ready to mate
Rabbit C0 m is ready to mate
Rabbit C0 m is approaching partner: Rabbit B1f
Rabbit A4 m is ready to mate
Rabbit A4 m is approaching partner: Rabbit B1f
Rabbit B2 f is ready to mate
Rabbit A1 f is ready to mate
Rabbit A1 f is ready to mate
Wolf A5 f is ready to mate
Wolf B0f is running away from: LionA1
Wolf B0f ate!
Wolf B0 f is ready to mate
Wolf B5 f is ready to mate
Wolf A4 f is ready to mate
Rabbit B2 is Hungry
Rabbit B2 f is ready to mate
Rabbit A2 is Hungry
Rabbit A2 m is ready to mate
Rabbit A2 m is approaching partner: Rabbit B1f
Rabbit B1 is Hungry
Rabbit B1 f is ready to mate
Rabbit A2 is Hungry
Rabbit A2 m is ready to mate
Rabbit A2 m is approaching partner: Rabbit A1f
Rabbit B2 is Hungry
Rabbit B2 m is ready to mate
Rabbit B2 m is approaching partner: Rabbit B1f
Rabbit A2 is Hungry
Rabbit A2 m is ready to mate
Rabbit A2 m is approaching partner: Rabbit B1f
Rabbit C0 f was born!Father is A2 and Mother is B1
Rabbit C3 is Hungry
Rabbit C3 m is ready to mate
Rabbit C3 m is approaching partner: Rabbit A1f
Rabbit C3 is Hungry
Rabbit C3 m is ready to mate
Rabbit C3 m is approaching partner: Rabbit B2f
Rabbit B3 f was born!Father is C3 and Mother is B2
Rabbit A5 is Hungry
Rabbit A5 f is ready to mate
Rabbit C0 is Hungry
Rabbit C0 m is ready to mate
Rabbit C0 m is approaching partner: Rabbit A1f
Rabbit A4 is Hungry
Rabbit A4 m is ready to mate
Rabbit A4 m is approaching partner: Rabbit A1f
Rabbit B2f is running away from: WolfA4
Rabbit B2 is Hungry
Rabbit C2 is Hungry
Rabbit A1 is Hungry
Rabbit A1 f is ready to mate
Lion B3f ate: A5f
Wolf A5 f is ready to mate
Wolf B0 f is ready to mate
Wolf B5 f is ready to mate
Wolf A4f ate!
Wolf A4 f is ready to mate
Rabbit B2 is Hungry
Rabbit B2 f is ready to mate
Rabbit A2 is Hungry
Rabbit A2 m is ready to mate
Rabbit A2 m is approaching partner: Rabbit A1f
Rabbit B1 is Hungry
Rabbit A2 is Hungry
Rabbit A2 m is ready to mate
Rabbit A2 m is approaching partner: Rabbit A1f
Rabbit B0 f was born!Father is A2 and Mother is A1
Rabbit B2 is Hungry
Rabbit B2 m is ready to mate
Rabbit B2 m is approaching partner: Rabbit A5f
Rabbit A2 is Hungry
Rabbit A2 m is ready to mate
Rabbit A2 m is approaching partner: Rabbit A5f
Rabbit C3 is Hungry
Rabbit C3 m is ready to mate
Rabbit C3 m is approaching partner: Rabbit A5f
Rabbit C3m is running away from: WolfA4
Rabbit C3 is Hungry
Rabbit C3 m is ready to mate
Rabbit C3 m is approaching partner: Rabbit A5f
Rabbit A5f is running away from: LionB3
Rabbit A5 is Hungry
Rabbit A5 f is ready to mate
Rabbit C0 is Hungry
Rabbit C0 m is ready to mate
Rabbit C0 m is approaching partner: Rabbit A5f
Rabbit A4 is Hungry
Rabbit A4 m is ready to mate
Rabbit A4 m is approaching partner: Rabbit A5f
Rabbit C2 is Hungry
Rabbit A1 is Hungry
Wolf A5 f is ready to mate
Wolf B0 f is ready to mate
Wolf B5 f is ready to mate
Wolf A4 f is ready to mate
Rabbit B2 is Hungry
Rabbit B2 f is ready to mate
Rabbit A2 is Hungry
Rabbit A2 m is ready to mate
Rabbit A2 m is approaching partner: Rabbit A5f
Rabbit B1 is Hungry
Rabbit A2 is Hungry
Rabbit A2 m is ready to mate
Rabbit A2 m is approaching partner: Rabbit A5f
Rabbit B2 is Hungry
Rabbit B2 m is ready to mate
Rabbit B2 m is approaching partner: Rabbit A5f
Rabbit A2 is Hungry
Rabbit A2 m is ready to mate
Rabbit A2 m is approaching partner: Rabbit A5f
Rabbit C3 is Hungry
Rabbit C3 m is ready to mate
Rabbit C3 m is approaching partner: Rabbit A5f
Rabbit C3m is running away from: WolfA4
Rabbit C3 is Hungry
Rabbit C3 m is ready to mate
Rabbit C3 m is approaching partner: Rabbit A5f
Rabbit A5 is Hungry
Rabbit A5 f is ready to mate
Rabbit C0m is running away from: WolfA5
Rabbit C0 is Hungry
Rabbit C0 m is ready to mate
Rabbit C0 m is approaching partner: Rabbit A5f
Rabbit A4 is Hungry
Rabbit A4 m is ready to mate
Rabbit A4 m is approaching partner: Rabbit A5f
Rabbit C2 is Hungry
Rabbit A1 is Hungry
Rabbit B3f is running away from: LionB3
Wolf A5 f is ready to mate
Wolf B0 f is ready to mate
Wolf B5f is running away from: LionC4
Wolf B5 f is ready to mate
Wolf A4 f is ready to mate
Rabbit B2 is Hungry
Rabbit B2 f is ready to mate
Rabbit A2 is Hungry
Rabbit A2 m is ready to mate
Rabbit A2 m is approaching partner: Rabbit A5f
Rabbit B1 is Hungry
Rabbit A2 is Hungry
Rabbit A2 m is ready to mate
Rabbit A2 m is approaching partner: Rabbit A5f
Rabbit B2 is Hungry
Rabbit B2 m is ready to mate
Rabbit B2 m is approaching partner: Rabbit A5f
Rabbit A2 is Hungry
Rabbit A2 m is ready to mate
Rabbit A2 m is approaching partner: Rabbit B2f
Rabbit C3 is Hungry
Rabbit C3 m is ready to mate
Rabbit C3 m is approaching partner: Rabbit A5f
Rabbit C3 is Hungry
Rabbit C3 m is ready to mate
Rabbit C3 m is approaching partner: Rabbit A5f
Rabbit A5 is Hungry
Rabbit A5 f is ready to mate
Rabbit C0m is running away from: WolfA5
Rabbit C0 is Hungry
Rabbit C0 m is ready to mate
Rabbit C0 m is approaching partner: Rabbit B2f
Rabbit A4 is Hungry
Rabbit A4 m is ready to mate
Rabbit A4 m is approaching partner: Rabbit B2f
Rabbit C2 is Hungry
Rabbit A1 is Hungry
Rabbit A4 is Hungry
Wolf A5f ate!
Wolf A5 f is ready to mate
Wolf B0 f is ready to mate
Wolf B5 f is ready to mate
Wolf A4f ate!
Wolf A4 f is ready to mate
Rabbit B2 is Hungry
Rabbit B2 f is ready to mate
Rabbit A2 is Hungry
Rabbit A2 m is ready to mate
Rabbit A2 m is approaching partner: Rabbit A5f
Rabbit B1 is Hungry
Rabbit A2 is Hungry
Rabbit A2 m is ready to mate
Rabbit A2 m is approaching partner: Rabbit A5f
Rabbit B2m is running away from: WolfB5
Rabbit B2 is Hungry
Rabbit B2 m is ready to mate
Rabbit B2 m is approaching partner: Rabbit A5f
Rabbit A2 is Hungry
Rabbit A2 m is ready to mate
Rabbit A2 m is approaching partner: Rabbit B2f
Rabbit C3 is Hungry
Rabbit C3 m is ready to mate
Rabbit C3 m is approaching partner: Rabbit A5f
Rabbit A5 is Hungry
Rabbit A5 f is ready to mate
Rabbit C0m is running away from: WolfA5
Rabbit C0 is Hungry
Rabbit C0 m is ready to mate
Rabbit C0 m is approaching partner: Rabbit B2f
Rabbit C2f is running away from: LionC4
Rabbit C2f is running away from: WolfB5
Rabbit C2 is Hungry
Rabbit C2 f is ready to mate
Rabbit A1 is Hungry
Rabbit A4 is Hungry
Rabbit A4 f is ready to mate
Rabbit C0 is Hungry
Rabbit B3 is Hungry
Lion C4f ate: C3m
Wolf A5 f is ready to mate
Wolf B0 f is ready to mate
Wolf B5 f is ready to mate
Wolf A4 f is ready to mate
Rabbit B2 is Hungry
Rabbit B2 f is ready to mate
Rabbit A2 is Hungry
Rabbit A2 m is ready to mate
Rabbit A2 m is approaching partner: Rabbit C2f
Rabbit B1 is Hungry
Rabbit B1 f is ready to mate
Rabbit A2 is Hungry
Rabbit A2 m is ready to mate
Rabbit A2 m is approaching partner: Rabbit C2f
Rabbit B2m is running away from: LionC4
Rabbit B2 is Hungry
Rabbit B2 m is ready to mate
Rabbit B2 m is approaching partner: Rabbit A4f
Rabbit A2 m was born!Father is B2 and Mother is A4
Rabbit A2 is Hungry
Rabbit A2 m is ready to mate
Rabbit A2 m is approaching partner: Rabbit B1f
Rabbit C3m is running away from: LionC4
Rabbit C3 is Hungry
Rabbit C3 m is ready to mate
Rabbit C3 m is approaching partner: Rabbit C2f
Rabbit A5 is Hungry
Rabbit A5 f is ready to mate
Rabbit C0 is Hungry
Rabbit C0 m is ready to mate
Rabbit C0 m is approaching partner: Rabbit B1f
Rabbit A1 m was born!Father is C0 and Mother is B1
Rabbit C2 is Hungry
Rabbit C2 f is ready to mate
Rabbit A1 is Hungry
Rabbit A1 f is ready to mate
Rabbit A4 is Hungry
Rabbit C0 is Hungry
Rabbit C0 f is ready to mate
Rabbit B3f is running away from: WolfA4
Rabbit B3 is Hungry
Rabbit B3 f is ready to mate
Rabbit B0 is Hungry
Rabbit B0 f is ready to mate
Wolf A5 is Thirsty
Wolf A5drank water
Wolf A5 f is ready to mate
Wolf B0 is Thirsty
Wolf B0drank water
Wolf B0 f is ready to mate
Wolf B5 is Thirsty
Wolf B5drank water
Wolf B5 f is ready to mate
Wolf A4 is Thirsty
Wolf A4drank water
Wolf A4 f is ready to mate
Rabbit B2 is Thirsty
Rabbit B2 drank water
Rabbit B2 is Hungry
Rabbit B2 f is ready to mate
Rabbit A2 is Thirsty
Rabbit A2 drank water
Rabbit A2 is Hungry
Rabbit A2 m is ready to mate
Rabbit A2 m is approaching partner: Rabbit C2f
Rabbit B1 is Thirsty
Rabbit B1 drank water
Rabbit B1 is Hungry
Rabbit A2 is Thirsty
Rabbit A2 drank water
Rabbit A2 is Hungry
Rabbit A2 m is ready to mate
Rabbit A2 m is approaching partner: Rabbit A1f
Rabbit B2 is Thirsty
Rabbit B2 drank water
Rabbit B2 is Hungry
Rabbit B2 m is ready to mate
Rabbit B2 m is approaching partner: Rabbit C2f
Rabbit A2 is Thirsty
Rabbit A2 drank water
Rabbit A2 is Hungry
Rabbit A2 m is ready to mate
Rabbit A2 m is approaching partner: Rabbit C0f
Rabbit B4 m was born!Father is A2 and Mother is C0
Rabbit C3 is Thirsty
Rabbit C3 drank water
Rabbit C3m is running away from: LionC4
Rabbit C3 is Hungry
Rabbit C3 m is ready to mate
Rabbit C3 m is approaching partner: Rabbit C2f
Rabbit A5 is Thirsty
Rabbit A5 drank water
Rabbit A5 is Hungry
Rabbit A5 f is ready to mate
Rabbit C0 is Thirsty
Rabbit C0 drank water
Rabbit C0 is Hungry
Rabbit C0 m is ready to mate
Rabbit C0 m is approaching partner: Rabbit C2f
Rabbit C2 is Thirsty
Rabbit C2 drank water
Rabbit C2 is Hungry
Rabbit C2 f is ready to mate
Rabbit A1 is Thirsty
Rabbit A1 drank water
Rabbit A1 is Hungry
Rabbit A1 f is ready to mate
Rabbit A4f is running away from: LionC4
Rabbit A4 is Hungry
Rabbit C0 is Hungry
Rabbit B3 is Hungry
Rabbit B3 f is ready to mate
Rabbit B0 is Hungry
Rabbit B0 f is ready to mate
Lion C4 is Thirsty
Lion C4 drank water
Lion A4 is Thirsty
Lion A4 drank water
Lion B3 is Thirsty
Lion B3 drank water
Lion A1 is Thirsty
Lion A1 drank water
Wolf A5 is Thirsty
Wolf A5drank water
Wolf A5 f is ready to mate
Wolf B0 is Thirsty
Wolf B0drank water
Wolf B0 f is ready to mate
Wolf B5 is Thirsty
Wolf B5drank water
Wolf B5 f is ready to mate
Wolf A4 is Thirsty
Wolf A4drank water
Wolf A4 f is ready to mate
Rabbit B2 is Thirsty
Rabbit B2 drank water
Rabbit B2 is Hungry
Rabbit B2 f is ready to mate
Rabbit A2 is Thirsty
Rabbit A2 drank water
Rabbit A2 is Hungry
Rabbit A2 m is ready to mate
Rabbit A2 m is approaching partner: Rabbit C2f
Rabbit B1 is Thirsty
Rabbit B1 drank water
Rabbit B1 is Hungry
Rabbit A2 is Thirsty
Rabbit A2 drank water
Rabbit A2 is Hungry
Rabbit A2 m is ready to mate
Rabbit A2 m is approaching partner: Rabbit A1f
Rabbit B2 is Thirsty
Rabbit B2 drank water
Rabbit B2 is Hungry
Rabbit B2 m is ready to mate
Rabbit B2 m is approaching partner: Rabbit C2f
Rabbit A2 is Thirsty
Rabbit A2 drank water
Rabbit A2 is Hungry
Rabbit A2 m is ready to mate
Rabbit A2 m is approaching partner: Rabbit C2f
Rabbit C3 is Thirsty
Rabbit C3 drank water
Rabbit C3m is running away from: LionC4
Rabbit C3 is Hungry
Rabbit C3 m is ready to mate
Rabbit C3 m is approaching partner: Rabbit C2f
Rabbit A5 is Thirsty
Rabbit A5 drank water
Rabbit A5 is Hungry
Rabbit A5 f is ready to mate
Rabbit C0 is Thirsty
Rabbit C0 drank water
Rabbit C0 is Hungry
Rabbit C0 m is ready to mate
Rabbit C0 m is approaching partner: Rabbit C2f
Rabbit C2 is Thirsty
Rabbit C2 drank water
Rabbit C2 is Hungry
Rabbit C2 f is ready to mate
Rabbit A1 is Thirsty
Rabbit A1 drank water
Rabbit A1 is Hungry
Rabbit A1 f is ready to mate
Rabbit A4 is Hungry
Rabbit C0 is Hungry
Rabbit B3 is Hungry
Rabbit B3 f is ready to mate
Rabbit B0 is Hungry
Rabbit B0 f is ready to mate
Lion C4 is Thirsty
Lion C4 drank water
Lion A4 is Thirsty
Lion A4 drank water
Lion B3 is Thirsty
Lion B3 drank water
Lion A1 is Thirsty
Lion A1 drank water
Wolf A5 is Thirsty
Wolf A5drank water
Wolf A5 f is ready to mate
Wolf B0 is Thirsty
Wolf B0drank water
Wolf B0 f is ready to mate
Wolf B5 is Thirsty
Wolf B5drank water
Wolf B5 f is ready to mate
Wolf A4 f is ready to mate
Rabbit B2 is Thirsty
Rabbit B2 drank water
Rabbit B2 is Hungry
Rabbit B2 f is ready to mate
Rabbit A2 is Thirsty
Rabbit A2 drank water
Rabbit A2 is Hungry
Rabbit A2 m is ready to mate
Rabbit A2 m is approaching partner: Rabbit C2f
Rabbit B5 f was born!Father is A2 and Mother is C2
Rabbit B1 is Thirsty
Rabbit B1 drank water
Rabbit B1 is Hungry
Rabbit A2 is Thirsty
Rabbit A2 drank water
Rabbit A2 is Hungry
Rabbit A2 m is ready to mate
Rabbit A2 m is approaching partner: Rabbit A1f
Rabbit B2 is Thirsty
Rabbit B2 drank water
Rabbit B2 is Hungry
Rabbit B2 m is ready to mate
Rabbit B2 m is approaching partner: Rabbit A1f
Rabbit A2 is Thirsty
Rabbit A2 drank water
Rabbit A2 is Hungry
Rabbit A2 m is ready to mate
Rabbit A2 m is approaching partner: Rabbit A1f
Rabbit C3 is Thirsty
Rabbit C3 drank water
Rabbit C3 is Hungry
Rabbit C3 m is ready to mate
Rabbit C3 m is approaching partner: Rabbit A1f
Rabbit A5 is Thirsty
Rabbit A5 drank water
Rabbit A5 is Hungry
Rabbit A5 f is ready to mate
Rabbit C0 is Thirsty
Rabbit C0 drank water
Rabbit C0m is running away from: WolfA5
Rabbit C0 is Hungry
Rabbit C0 m is ready to mate
Rabbit C0 m is approaching partner: Rabbit A1f
Rabbit C2 is Thirsty
Rabbit C2 drank water
Rabbit C2 is Hungry
Rabbit A1 is Thirsty
Rabbit A1 drank water
Rabbit A1 is Hungry
Rabbit A1 f is ready to mate
Rabbit A4 is Hungry
Rabbit C0 is Hungry
Rabbit B3f is running away from: WolfB0
Rabbit B3 is Hungry
Rabbit B3 f is ready to mate
Rabbit B0 is Hungry
Rabbit B0 f is ready to mate
Lion C4 is Thirsty
Lion C4 drank water
Lion A4 is Thirsty
Lion A4 drank water
Lion B3 is Thirsty
Lion B3 drank water
Lion A1 is Thirsty
Lion A1 drank water
Wolf A5 is Thirsty
Wolf A5drank water
Wolf A5 f is ready to mate
Wolf B0 is Thirsty
Wolf B0drank water
Wolf B0 f is ready to mate
Wolf B5 is Thirsty
Wolf B5drank water
Wolf B5 f is ready to mate
Wolf A4 f is ready to mate
Rabbit B2 is Thirsty
Rabbit B2 drank water
Rabbit B2 is Hungry
Rabbit B2 f is ready to mate
Rabbit A2 is Thirsty
Rabbit A2 drank water
Rabbit A2 is Hungry
Rabbit A2 m is ready to mate
Rabbit A2 m is approaching partner: Rabbit A1f
Rabbit B1 is Thirsty
Rabbit B1 drank water
Rabbit B1 is Hungry
Rabbit A2 is Thirsty
Rabbit A2 drank water
Rabbit A2 is Hungry
Rabbit A2 m is ready to mate
Rabbit A2 m is approaching partner: Rabbit A1f
Rabbit B2 is Thirsty
Rabbit B2 drank water
Rabbit B2m is running away from: WolfB5
Rabbit B2 is Hungry
Rabbit B2 m is ready to mate
Rabbit B2 m is approaching partner: Rabbit A1f
Rabbit A2 is Thirsty
Rabbit A2 drank water
Rabbit A2 is Hungry
Rabbit A2 m is ready to mate
Rabbit A2 m is approaching partner: Rabbit A1f
Rabbit C3 is Thirsty
Rabbit C3 drank water
Rabbit C3m is running away from: WolfB5
Rabbit C3 is Hungry
Rabbit C3 m is ready to mate
Rabbit C3 m is approaching partner: Rabbit A1f
Rabbit A5 is Thirsty
Rabbit A5 drank water
Rabbit A5 is Hungry
Rabbit A5 f is ready to mate
Rabbit C0 is Thirsty
Rabbit C0 drank water
Rabbit C0m is running away from: WolfA5
Rabbit C0 is Hungry
Rabbit C0 m is ready to mate
Rabbit C0 m is approaching partner: Rabbit A1f
Rabbit C2 is Thirsty
Rabbit C2 drank water
Rabbit C2 is Hungry
Rabbit A1 is Thirsty
Rabbit A1 drank water
Rabbit A1 is Hungry
Rabbit A1 f is ready to mate
Rabbit A4 is Thirsty
Rabbit A4 drank water
Rabbit A4 is Hungry
Rabbit A4 f is ready to mate
Rabbit C0 is Hungry
Rabbit B3 is Hungry
Rabbit B3 f is ready to mate
Rabbit B0 is Hungry
Rabbit B0 f is ready to mate
Rabbit A2 is Hungry
Rabbit A2 m is ready to mate
Rabbit A2 m is approaching partner: Rabbit A4f
Rabbit A1 is Hungry
Rabbit A1 m is ready to mate
Rabbit A1 m is approaching partner: Rabbit A4f
Lion C4 is Thirsty
Lion C4 drank water
Lion A4 is Thirsty
Lion A4 drank water
Lion B3 is Thirsty
Lion B3 drank water
Lion A1 is Thirsty
Lion A1 drank water
Wolf A5 is Thirsty
Wolf A5drank water
Wolf A5 f is ready to mate
Wolf B0 is Thirsty
Wolf B0drank water
Wolf B0 f is ready to mate
Wolf B5 is Thirsty
Wolf B5drank water
Wolf B5 f is ready to mate
Wolf A4 f is ready to mate
Rabbit B2 is Thirsty
Rabbit B2 drank water
Rabbit B2 is Hungry
Rabbit B2 f is ready to mate
Rabbit A2 is Thirsty
Rabbit A2 drank water
Rabbit A2 is Hungry
Rabbit A2 m is ready to mate
Rabbit A2 m is approaching partner: Rabbit A1f
Rabbit B1 is Thirsty
Rabbit B1 drank water
Rabbit B1 is Hungry
Rabbit B1 f is ready to mate
Rabbit A2 is Thirsty
Rabbit A2 drank water
Rabbit A2 is Hungry
Rabbit A2 m is ready to mate
Rabbit A2 m is approaching partner: Rabbit A1f
Rabbit B2 is Thirsty
Rabbit B2 drank water
Rabbit B2 is Hungry
Rabbit B2 m is ready to mate
Rabbit B2 m is approaching partner: Rabbit A4f
Rabbit B4 m was born!Father is B2 and Mother is A4
Rabbit A2 is Thirsty
Rabbit A2 drank water
Rabbit A2 is Hungry
Rabbit A2 m is ready to mate
Rabbit A2 m is approaching partner: Rabbit B1f
Rabbit C3 is Thirsty
Rabbit C3 drank water
Rabbit C3m is running away from: WolfB5
Rabbit C3 is Hungry
Rabbit C3 m is ready to mate
Rabbit C3 m is approaching partner: Rabbit B1f
Rabbit A5 is Thirsty
Rabbit A5 drank water
Rabbit A5 is Hungry
Rabbit A5 f is ready to mate
Rabbit C0 is Thirsty
Rabbit C0 drank water
Rabbit C0 is Hungry
Rabbit C0 m is ready to mate
Rabbit C0 m is approaching partner: Rabbit B1f
Rabbit C2 is Thirsty
Rabbit C2 drank water
Rabbit C2 is Hungry
Rabbit A1 is Thirsty
Rabbit A1 drank water
Rabbit A1 is Hungry
Rabbit A1 f is ready to mate
Rabbit A4 is Thirsty
Rabbit A4 drank water
Rabbit A4 is Hungry
Rabbit C0 is Thirsty
Rabbit C0 drank water
Rabbit C0 is Hungry
Rabbit C0 f is ready to mate
Rabbit B3 is Thirsty
Rabbit B3 drank water
Rabbit B3 is Hungry
Rabbit B3 f is ready to mate
Rabbit B0 is Hungry
Rabbit B0 f is ready to mate
Rabbit A2 is Hungry
Rabbit A2 m is ready to mate
Rabbit A2 m is approaching partner: Rabbit B1f
Rabbit A1 is Hungry
Rabbit A1 m is ready to mate
Rabbit A1 m is approaching partner: Rabbit B1f
Rabbit B4 is Hungry
Rabbit B4 m is ready to mate
Rabbit B4 m is approaching partner: Rabbit B1f
Rabbit B2 f was born!Father is B4 and Mother is B1
Rabbit B5f is running away from: WolfA5
Lion C4 is Thirsty
Lion C4 drank water
Lion A4 is Thirsty
Lion A4 drank water
Lion B3 is Thirsty
Lion B3 drank water
Lion A1 is Thirsty
Lion A1 drank water
Wolf A5 is Thirsty
Wolf A5drank water
Wolf A5 f is ready to mate
Wolf B0 is Thirsty
Wolf B0drank water
Wolf B0 f is ready to mate
Wolf B5 is Hungry
Wolf B5f is chasing: A4f
Wolf B5 is Thirsty
Wolf B5drank water
Wolf B5 f is ready to mate
Wolf A4 f is ready to mate
Rabbit B2 is Thirsty
Rabbit B2 drank water
Rabbit B2 is Hungry
Rabbit B2 f is ready to mate
Rabbit A2 is Thirsty
Rabbit A2 drank water
Rabbit A2 is Hungry
Rabbit A2 m is ready to mate
Rabbit A2 m is approaching partner: Rabbit A1f
Rabbit B1 is Thirsty
Rabbit B1 drank water
Rabbit B1 is Hungry
Rabbit A2 is Thirsty
Rabbit A2 drank water
Rabbit A2 is Hungry
Rabbit A2 m is ready to mate
Rabbit A2 m is approaching partner: Rabbit A1f
Rabbit C1 f was born!Father is A2 and Mother is A1
Rabbit B2 is Thirsty
Rabbit B2 drank water
Rabbit B2 is Hungry
Rabbit B2 m is ready to mate
Rabbit B2 m is approaching partner: Rabbit C0f
Rabbit A2 is Thirsty
Rabbit A2 drank water
Rabbit A2 is Hungry
Rabbit A2 m is ready to mate
Rabbit A2 m is approaching partner: Rabbit C0f
Rabbit C3 is Thirsty
Rabbit C3 drank water
Rabbit C3 is Hungry
Rabbit C3 m is ready to mate
Rabbit C3 m is approaching partner: Rabbit C0f
Rabbit A5 is Thirsty
Rabbit A5 drank water
Rabbit A5 is Hungry
Rabbit A5 f is ready to mate
Rabbit C0 is Hungry
Rabbit C0 m is ready to mate
Rabbit C0 m is approaching partner: Rabbit C0f
Rabbit C2 is Thirsty
Rabbit C2 drank water
Rabbit C2 is Hungry
Rabbit A1 is Thirsty
Rabbit A1 drank water
Rabbit A1 is Hungry
Rabbit A4 is Thirsty
Rabbit A4 drank water
Rabbit A4 is Hungry
Rabbit C0 is Thirsty
Rabbit C0 drank water
Rabbit C0 is Hungry
Rabbit C0 f is ready to mate
Rabbit B3 is Thirsty
Rabbit B3 drank water
Rabbit B3 is Hungry
Rabbit B3 f is ready to mate
Rabbit B0 is Thirsty
Rabbit B0 drank water
Rabbit B0 is Hungry
Rabbit B0 f is ready to mate
Rabbit A2 is Hungry
Rabbit A2 m is ready to mate
Rabbit A2 m is approaching partner: Rabbit C0f
Rabbit A1 is Hungry
Rabbit A1 m is ready to mate
Rabbit A1 m is approaching partner: Rabbit C0f
Rabbit B4 is Hungry
Rabbit B4 m is ready to mate
Rabbit B4 m is approaching partner: Rabbit C0f
Rabbit B5f is running away from: WolfA5
Lion C4 is Thirsty
Lion C4 drank water
Lion A4 is Thirsty
Lion A4 drank water
Lion A4 is Hungry
LionA4fis chasing: C0m
Lion A1 is Hungry
LionA1mis chasing: C0f
Wolf A5 is Thirsty
Wolf A5drank water
Wolf A5 f is ready to mate
Wolf B0 is Thirsty
Wolf B0drank water
Wolf B0 f is ready to mate
Wolf B5 is Hungry
Wolf B5f is chasing: A4f
Wolf B5 is Thirsty
Wolf B5drank water
Wolf B5 f is ready to mate
Wolf A4 f is ready to mate
Rabbit B2 is Thirsty
Rabbit B2 drank water
Rabbit B2 is Hungry
Rabbit B2 f is ready to mate
Rabbit A2 is Thirsty
Rabbit A2 drank water
Rabbit A2 is Hungry
Rabbit A2 m is ready to mate
Rabbit A2 m is approaching partner: Rabbit C0f
Rabbit B1 is Thirsty
Rabbit B1 drank water
Rabbit B1 is Hungry
Rabbit A2 is Thirsty
Rabbit A2 drank water
Rabbit A2 is Hungry
Rabbit A2 m is ready to mate
Rabbit A2 m is approaching partner: Rabbit B0f
Rabbit B2 is Thirsty
Rabbit B2 drank water
Rabbit B2 is Hungry
Rabbit B2 m is ready to mate
Rabbit B2 m is approaching partner: Rabbit C0f
Rabbit A2 is Thirsty
Rabbit A2 drank water
Rabbit A2 is Hungry
Rabbit A2 m is ready to mate
Rabbit A2 m is approaching partner: Rabbit C0f
Rabbit C3 is Thirsty
Rabbit C3 drank water
Rabbit C3 is Hungry
Rabbit C3 m is ready to mate
Rabbit C3 m is approaching partner: Rabbit C0f
Rabbit A5 is Thirsty
Rabbit A5 drank water
Rabbit A5 is Hungry
Rabbit A5 f is ready to mate
Rabbit C0 is Hungry
Rabbit C0 m is ready to mate
Rabbit C0 m is approaching partner: Rabbit C0f
Rabbit C2 is Thirsty
Rabbit C2 drank water
Rabbit C2 is Hungry
Rabbit C2 f is ready to mate
Rabbit A1 is Thirsty
Rabbit A1 drank water
Rabbit A1 is Hungry
Rabbit A4 is Thirsty
Rabbit A4 drank water
Rabbit A4 is Hungry
Rabbit C0 is Thirsty
Rabbit C0 drank water
Rabbit C0 is Hungry
Rabbit C0 f is ready to mate
Rabbit B3 is Thirsty
Rabbit B3 drank water
Rabbit B3 is Hungry
Rabbit B3 f is ready to mate
Rabbit B0 is Thirsty
Rabbit B0 drank water
Rabbit B0f is running away from: WolfA4
Rabbit B0 is Hungry
Rabbit B0 f is ready to mate
Rabbit A2 is Hungry
Rabbit A2 m is ready to mate
Rabbit A2 m is approaching partner: Rabbit C2f
Rabbit A1 is Hungry
Rabbit A1 m is ready to mate
Rabbit A1 m is approaching partner: Rabbit C0f
Rabbit B4 is Hungry
Rabbit B4 m is ready to mate
Rabbit B4 m is approaching partner: Rabbit C0f
Rabbit B5f is running away from: WolfA5
Rabbit B5 is Hungry
Rabbit B5 f is ready to mate
Lion C4 is Thirsty
Lion C4 drank water
Lion A4 is Hungry
LionA4fis chasing: C0m
Lion A1 is Hungry
LionA1mis chasing: C0f
Wolf A5 is Thirsty
Wolf A5drank water
Wolf A5 f is ready to mate
Wolf B0 is Thirsty
Wolf B0drank water
Wolf B0 f is ready to mate
Wolf B5 is Hungry
Wolf B5f is chasing: A4f
Wolf B5f ate!
Wolf B5 is Thirsty
Wolf B5drank water
Wolf B5 f is ready to mate
Wolf A4 f is ready to mate
Rabbit B2 is Thirsty
Rabbit B2 drank water
Rabbit B2 is Hungry
Rabbit B2 f is ready to mate
Rabbit A2 is Thirsty
Rabbit A2 drank water
Rabbit A2 is Hungry
Rabbit A2 m is ready to mate
Rabbit A2 m is approaching partner: Rabbit C2f
Rabbit C4 m was born!Father is A2 and Mother is C2
Rabbit B1 is Thirsty
Rabbit B1 drank water
Rabbit B1 is Hungry
Rabbit A2 is Thirsty
Rabbit A2 drank water
Rabbit A2 is Hungry
Rabbit A2 m is ready to mate
Rabbit A2 m is approaching partner: Rabbit B0f
Rabbit B2 is Thirsty
Rabbit B2 drank water
Rabbit B2 is Hungry
Rabbit B2 m is ready to mate
Rabbit B2 m is approaching partner: Rabbit B5f
Rabbit A2 is Thirsty
Rabbit A2 drank water
Rabbit A2 is Hungry
Rabbit A2 m is ready to mate
Rabbit A2 m is approaching partner: Rabbit C0f
Rabbit C3 is Thirsty
Rabbit C3 drank water
Rabbit C3 is Hungry
Rabbit C3 m is ready to mate
Rabbit C3 m is approaching partner: Rabbit B5f
Rabbit A5 is Thirsty
Rabbit A5 drank water
Rabbit A5 is Hungry
Rabbit A5 f is ready to mate
Rabbit C0m is running away from: LionA4
Rabbit C0 is Hungry
Rabbit C0 m is ready to mate
Rabbit C0 m is approaching partner: Rabbit C0f
Rabbit C2 is Thirsty
Rabbit C2 drank water
Rabbit C2 is Hungry
Rabbit A1 is Thirsty
Rabbit A1 drank water
Rabbit A1 is Hungry
Rabbit C0 is Thirsty
Rabbit C0 drank water
Rabbit C0 is Hungry
Rabbit C0 f is ready to mate
Rabbit B3 is Thirsty
Rabbit B3 drank water
Rabbit B3 is Hungry
Rabbit B3 f is ready to mate
Rabbit B0 is Thirsty
Rabbit B0 drank water
Rabbit B0 is Hungry
Rabbit B0 f is ready to mate
Rabbit A2 is Hungry
Rabbit A2 m is ready to mate
Rabbit A2 m is approaching partner: Rabbit B5f
Rabbit A1 is Hungry
Rabbit A1 m is ready to mate
Rabbit A1 m is approaching partner: Rabbit B5f
Rabbit B4 is Hungry
Rabbit B4 m is ready to mate
Rabbit B4 m is approaching partner: Rabbit C0f
Rabbit B5 is Hungry
Rabbit B5 f is ready to mate
Rabbit B4 m is ready to mate
Rabbit B4 m is approaching partner: Rabbit B5f
Lion C4 is Thirsty
Lion C4 drank water
Lion A4 is Hungry
LionA4fis chasing: A2m
LionA4f ate: A2m
Lion A1 is Hungry
LionA1mis chasing: C0f
Wolf A5 is Thirsty
Wolf A5drank water
Wolf A5 f is ready to mate
Wolf B0 is Thirsty
Wolf B0drank water
Wolf B0 f is ready to mate
Wolf B5 is Thirsty
Wolf B5drank water
Wolf B5 f is ready to mate
Wolf A4 f is ready to mate
Rabbit B2 is Thirsty
Rabbit B2 drank water
Rabbit B2 is Hungry
Rabbit B2 f is ready to mate
Rabbit A2 is Thirsty
Rabbit A2 drank water
Rabbit A2 is Hungry
Rabbit A2 m is ready to mate
Rabbit A2 m is approaching partner: Rabbit B5f
Rabbit B1 is Thirsty
Rabbit B1 drank water
Rabbit B1 is Hungry
Rabbit B1 f is ready to mate
Rabbit A2 is Thirsty
Rabbit A2 drank water
Rabbit A2 is Hungry
Rabbit A2 m is ready to mate
Rabbit A2 m is approaching partner: Rabbit B0f
Rabbit B2 is Thirsty
Rabbit B2 drank water
Rabbit B2 is Hungry
Rabbit B2 m is ready to mate
Rabbit B2 m is approaching partner: Rabbit B5f
Rabbit C3 is Thirsty
Rabbit C3 drank water
Rabbit C3 is Hungry
Rabbit C3 m is ready to mate
Rabbit C3 m is approaching partner: Rabbit B5f
Rabbit A5 is Thirsty
Rabbit A5 drank water
Rabbit A5f is running away from: WolfB0
Rabbit A5 is Hungry
Rabbit A5 f is ready to mate
Rabbit C0 is Hungry
Rabbit C0 m is ready to mate
Rabbit C0 m is approaching partner: Rabbit B1f
Rabbit C2 is Thirsty
Rabbit C2 drank water
Rabbit C2 is Hungry
Rabbit A1 is Thirsty
Rabbit A1 drank water
Rabbit A1 is Hungry
Rabbit C0 is Thirsty
Rabbit C0 drank water
Rabbit C0f is running away from: LionA1
Rabbit C0 is Hungry
Rabbit C0 f is ready to mate
Rabbit B3 is Thirsty
Rabbit B3 drank water
Rabbit B3 is Hungry
Rabbit B3 f is ready to mate
Rabbit B0 is Thirsty
Rabbit B0 drank water
Rabbit B0 is Hungry
Rabbit B0 f is ready to mate
Rabbit A2 is Hungry
Rabbit A2 m is ready to mate
Rabbit A2 m is approaching partner: Rabbit B5f
Rabbit A1 is Hungry
Rabbit A1 m is ready to mate
Rabbit A1 m is approaching partner: Rabbit B5f
Rabbit B4 is Hungry
Rabbit B4 m is ready to mate
Rabbit B4 m is approaching partner: Rabbit B1f
Rabbit B5 is Hungry
Rabbit B5 f is ready to mate
Rabbit B4 is Hungry
Rabbit B4 m is ready to mate
Rabbit B4 m is approaching partner: Rabbit B5f
Rabbit B2 is Hungry
Rabbit B2 f is ready to mate
Rabbit C1 f is ready to mate
Lion C4 is Thirsty
Lion C4 drank water
Lion A1 is Hungry
LionA1mis chasing: C0f
LionA1m ate: C0f
Wolf A5 is Thirsty
Wolf A5drank water
Wolf A5 f is ready to mate
Wolf B0 is Hungry
Wolf B0f is chasing: B3f
Wolf B0 is Thirsty
Wolf B0drank water
Wolf B0 f is ready to mate
Wolf B5 is Thirsty
Wolf B5drank water
Wolf B5 f is ready to mate
Wolf A4 f is ready to mate
Rabbit B2 is Thirsty
Rabbit B2 drank water
Rabbit B2 is Hungry
Rabbit B2 f is ready to mate
Rabbit A2 is Thirsty
Rabbit A2 drank water
Rabbit A2 is Hungry
Rabbit A2 m is ready to mate
Rabbit A2 m is approaching partner: Rabbit B5f
Rabbit B1 is Thirsty
Rabbit B1 drank water
Rabbit B1 is Hungry
Rabbit B1 f is ready to mate
Rabbit A2 is Thirsty
Rabbit A2 drank water
Rabbit A2 is Hungry
Rabbit A2 m is ready to mate
Rabbit A2 m is approaching partner: Rabbit C1f
Rabbit B2 is Thirsty
Rabbit B2 drank water
Rabbit B2 is Hungry
Rabbit B2 m is ready to mate
Rabbit B2 m is approaching partner: Rabbit B5f
Rabbit C3 is Thirsty
Rabbit C3 drank water
Rabbit C3 is Hungry
Rabbit C3 m is ready to mate
Rabbit C3 m is approaching partner: Rabbit B5f
Rabbit A5 is Thirsty
Rabbit A5 drank water
Rabbit A5 is Hungry
Rabbit A5 f is ready to mate
Rabbit C0 is Hungry
Rabbit C0 m is ready to mate
Rabbit C0 m is approaching partner: Rabbit B1f
Rabbit B5 f was born!Father is C0 and Mother is B1
Rabbit C2 is Thirsty
Rabbit C2 drank water
Rabbit C2 is Hungry
Rabbit A1 is Thirsty
Rabbit A1 drank water
Rabbit A1 is Hungry
Rabbit A1 f is ready to mate
Rabbit B3 is Thirsty
Rabbit B3 drank water
Rabbit B3 is Hungry
Rabbit B3 f is ready to mate
Rabbit B0 is Thirsty
Rabbit B0 drank water
Rabbit B0 is Hungry
Rabbit B0 f is ready to mate
Rabbit A2 is Thirsty
Rabbit A2 drank water
Rabbit A2 is Hungry
Rabbit A2 m is ready to mate
Rabbit A2 m is approaching partner: Rabbit B5f
Rabbit A1 is Thirsty
Rabbit A1 drank water
Rabbit A1 is Hungry
Rabbit A1 m is ready to mate
Rabbit A1 m is approaching partner: Rabbit B5f
Rabbit B4m is running away from: LionA1
Rabbit B4 is Hungry
Rabbit B4 m is ready to mate
Rabbit B4 m is approaching partner: Rabbit B2f
Rabbit B5 is Hungry
Rabbit B5 f is ready to mate
Rabbit B4 is Hungry
Rabbit B4 m is ready to mate
Rabbit B4 m is approaching partner: Rabbit B5f
Rabbit B2 is Hungry
Rabbit B2 f is ready to mate
Rabbit C1 is Hungry
Rabbit C1 f is ready to mate
Lion B3 is Hungry
LionB3fis chasing: A2m
Wolf A5 is Thirsty
Wolf A5drank water
Wolf A5 f is ready to mate
Wolf B0 is Hungry
Wolf B0f is chasing: B3f
Wolf B0f ate!
Wolf B0 is Thirsty
Wolf B0drank water
Wolf B0 f is ready to mate
Wolf B5 is Thirsty
Wolf B5drank water
Wolf B5 f is ready to mate
Wolf A4 f is ready to mate
Rabbit B2 is Thirsty
Rabbit B2 drank water
Rabbit B2 is Hungry
RabbitB2f died of hunger
Rabbit B2 f is ready to mate
Rabbit A2 is Thirsty
Rabbit A2 drank water
Rabbit A2 is Hungry
RabbitA2m died of hunger
Rabbit A2 m is ready to mate
Rabbit A2 m is approaching partner: Rabbit B5f
Rabbit B1 is Thirsty
Rabbit B1 drank water
Rabbit B1 is Hungry
RabbitB1f died of hunger
Rabbit A2 is Thirsty
Rabbit A2 drank water
Rabbit A2 is Hungry
RabbitA2m died of hunger
Rabbit A2 m is ready to mate
Rabbit A2 m is approaching partner: Rabbit C1f
Rabbit A0 f was born!Father is A2 and Mother is C1
Rabbit B2 is Thirsty
Rabbit B2 drank water
Rabbit B2 is Hungry
RabbitB2m died of hunger
Rabbit B2 m is ready to mate
Rabbit B2 m is approaching partner: Rabbit B5f
Rabbit C3 is Thirsty
Rabbit C3 drank water
Rabbit C3 is Hungry
RabbitC3m died of hunger
Rabbit C3 m is ready to mate
Rabbit C3 m is approaching partner: Rabbit B5f
Rabbit A5 is Thirsty
Rabbit A5 drank water
Rabbit A5 is Hungry
RabbitA5f died of hunger
Rabbit A5 f is ready to mate
Rabbit C0 is Hungry
RabbitC0m died of hunger
Rabbit C0 m is ready to mate
Rabbit C0 m is approaching partner: Rabbit B2f
Rabbit C2 is Thirsty
Rabbit C2 drank water
Rabbit C2 is Hungry
RabbitC2f died of hunger
Rabbit A1 is Thirsty
Rabbit A1 drank water
Rabbit A1 is Hungry
RabbitA1f died of hunger
Rabbit A1 f is ready to mate
Rabbit B0 is Thirsty
Rabbit B0 drank water
Rabbit B0 is Hungry
Rabbit B0 f is ready to mate
Rabbit A2 is Thirsty
Rabbit A2 drank water
Rabbit A2 is Hungry
Rabbit A2 m is ready to mate
Rabbit A2 m is approaching partner: Rabbit B5f
Rabbit A1 is Thirsty
Rabbit A1 drank water
Rabbit A1 is Hungry
Rabbit A1 m is ready to mate
Rabbit A1 m is approaching partner: Rabbit B5f
Rabbit C0 m was born!Father is A1 and Mother is B5
Rabbit B4 is Thirsty
Rabbit B4 drank water
Rabbit B4 is Hungry
Rabbit B4 m is ready to mate
Rabbit B4 m is approaching partner: Rabbit B2f
Rabbit B5 is Hungry
Rabbit B4 is Hungry
Rabbit B4 m is ready to mate
Rabbit B4 m is approaching partner: Rabbit B2f
Rabbit B2 is Hungry
Rabbit B2 f is ready to mate
Rabbit C1 is Hungry
Lion C4 f is ready to mate
Lion A4 f is ready to mate
Lion B3 is Hungry
LionB3fis chasing: C1f
Lion B3 f is ready to mate
Lion A1 m is ready to mate
Wolf A5 is Thirsty
Wolf A5drank water
Wolf A5 f is ready to mate
Wolf B0 is Thirsty
Wolf B0drank water
Wolf B0 f is ready to mate
Wolf B5 is Thirsty
Wolf B5drank water
Wolf B5 f is ready to mate
Wolf A4 is Thirsty
Wolf A4drank water
Wolf A4 f is ready to mate
Rabbit B0 is Thirsty
Rabbit B0 drank water
Rabbit B0 is Hungry
Rabbit B0 f is ready to mate
Rabbit A2 is Thirsty
Rabbit A2 drank water
Rabbit A2m is running away from: WolfB5
Rabbit A2 is Hungry
Rabbit A2 m is ready to mate
Rabbit A2 m is approaching partner: Rabbit B2f
Rabbit A1 is Thirsty
Rabbit A1 drank water
Rabbit A1 is Hungry
Rabbit A1 m is ready to mate
Rabbit A1 m is approaching partner: Rabbit B2f
Rabbit B4 is Thirsty
Rabbit B4 drank water
Rabbit B4 is Hungry
Rabbit B4 m is ready to mate
Rabbit B4 m is approaching partner: Rabbit B2f
Rabbit B5 is Hungry
Rabbit B4m is running away from: LionC4
Rabbit B4 is Hungry
Rabbit B4 m is ready to mate
Rabbit B4 m is approaching partner: Rabbit B2f
Rabbit B2 is Hungry
Rabbit B2 f is ready to mate
Rabbit C1 is Hungry
Rabbit C4 is Hungry
Rabbit C4 m is ready to mate
Rabbit C4 m is approaching partner: Rabbit B2f
Lion C4 f is ready to mate
Lion A4 f is ready to mate
Lion B3 is Hungry
LionB3fis chasing: A0f
Lion B3 f is ready to mate
Lion A1 m is ready to mate
Wolf A5 f is ready to mate
Wolf B0 is Thirsty
Wolf B0drank water
Wolf B0 f is ready to mate
Wolf B5f is running away from: LionC4
Wolf B5f ate!
Wolf B5 is Thirsty
Wolf B5drank water
Wolf B5 f is ready to mate
Wolf A4 f is ready to mate
Rabbit B0 is Thirsty
Rabbit B0 drank water
Rabbit B0 is Hungry
Rabbit B0 f is ready to mate
Rabbit A1 is Thirsty
Rabbit A1 drank water
Rabbit A1 is Hungry
Rabbit A1 m is ready to mate
Rabbit A1 m is approaching partner: Rabbit B2f
Rabbit B4 is Thirsty
Rabbit B4 drank water
Rabbit B4 is Hungry
Rabbit B4 m is ready to mate
Rabbit B4 m is approaching partner: Rabbit B2f
Rabbit B5 is Thirsty
Rabbit B5 drank water
Rabbit B5 is Hungry
Rabbit B4m is running away from: WolfB5
Rabbit B4 is Hungry
Rabbit B4 m is ready to mate
Rabbit B4 m is approaching partner: Rabbit B2f
Rabbit B2 is Hungry
Rabbit B2 f is ready to mate
Rabbit C1 is Hungry
Rabbit C4 is Hungry
Rabbit C4 m is ready to mate
Rabbit C4 m is approaching partner: Rabbit B2f
Lion C4 f is ready to mate
Lion A4 f is ready to mate
Lion B3 is Hungry
LionB3fis chasing: A0f
Lion B3 f is ready to mate
Lion A1 m is ready to mate
Wolf A5 is Hungry
Wolf A5f is chasing: C4m
Wolf A5 f is ready to mate
Wolf B0 f is ready to mate
Wolf B5 is Thirsty
Wolf B5drank water
Wolf B5 f is ready to mate
Wolf A4 is Hungry
Wolf A4f is chasing: B0f
Wolf A4 f is ready to mate
Rabbit B0 is Thirsty
Rabbit B0 drank water
Rabbit B0 is Hungry
Rabbit B0 f is ready to mate
Rabbit A1 is Thirsty
Rabbit A1 drank water
Rabbit A1 is Hungry
Rabbit A1 m is ready to mate
Rabbit A1 m is approaching partner: Rabbit B2f
Rabbit B4 is Thirsty
Rabbit B4 drank water
Rabbit B4m is running away from: LionA1
Rabbit B4 is Hungry
Rabbit B4 m is ready to mate
Rabbit B4 m is approaching partner: Rabbit B2f
Rabbit B5 is Thirsty
Rabbit B5 drank water
Rabbit B5 is Hungry
Rabbit B4m is running away from: LionC4
Rabbit B4m is running away from: WolfB5
Rabbit B4 is Hungry
Rabbit B4 m is ready to mate
Rabbit B4 m is approaching partner: Rabbit B2f
Rabbit B2 is Hungry
Rabbit B2 f is ready to mate
Rabbit C1 is Hungry
Rabbit C4 is Hungry
Rabbit C4 m is ready to mate
Rabbit C4 m is approaching partner: Rabbit B2f
Rabbit B5 is Hungry
Lion C4 is Hungry
LionC4fis chasing: B4m
Lion C4 f is ready to mate
Lion A4 f is ready to mate
Lion B3 is Hungry
LionB3fis chasing: C1f
Lion B3 f is ready to mate
Lion A1 m is ready to mate
Wolf A5 is Hungry
Wolf A5f is chasing: C4m
Wolf A5 f is ready to mate
Wolf B0 f is ready to mate
Wolf B5 is Thirsty
Wolf B5drank water
Wolf B5 f is ready to mate
Wolf A4 is Hungry
Wolf A4f is chasing: B0f
Wolf A4 f is ready to mate
Rabbit B0 is Thirsty
Rabbit B0 drank water
Rabbit B0 is Hungry
Rabbit B0 f is ready to mate
Rabbit A1 is Thirsty
Rabbit A1 drank water
Rabbit A1 is Hungry
Rabbit A1 m is ready to mate
Rabbit A1 m is approaching partner: Rabbit B2f
Rabbit B4 is Thirsty
Rabbit B4 drank water
Rabbit B4 is Hungry
Rabbit B4 m is ready to mate
Rabbit B4 m is approaching partner: Rabbit B2f
Rabbit B5 is Thirsty
Rabbit B5 drank water
Rabbit B5f is running away from: LionA1
Rabbit B5 is Hungry
Rabbit B4 is Thirsty
Rabbit B4 drank water
Rabbit B4m is running away from: WolfB5
Rabbit B4 is Hungry
Rabbit B4 m is ready to mate
Rabbit B4 m is approaching partner: Rabbit B2f
Rabbit B2 is Thirsty
Rabbit B2 drank water
Rabbit B2 is Hungry
Rabbit B2 f is ready to mate
Rabbit C1 is Hungry
Rabbit C4 is Hungry
Rabbit C4 m is ready to mate
Rabbit C4 m is approaching partner: Rabbit B2f
Rabbit B5 is Hungry
Rabbit B5 f is ready to mate
Rabbit A0 is Hungry
Rabbit C0 is Hungry
Lion C4 is Hungry
LionC4fis chasing: B5f
LionC4f ate: B5f
Lion C4 f is ready to mate
Lion A4 f is ready to mate
Lion B3 is Thirsty
Lion B3 drank water
Lion B3 is Hungry
LionB3fis chasing: A4f
Lion B3 f is ready to mate
Lion A1 is Thirsty
Lion A1 drank water
Lion A1 m is ready to mate
Wolf A5 is Hungry
Wolf A5f is chasing: C4m
Wolf A5 f is ready to mate
Wolf B0 f is ready to mate
Wolf A4 is Hungry
Wolf A4f is chasing: B0f
Wolf A4f ate!
Wolf A4 f is ready to mate
Rabbit A1 is Thirsty
Rabbit A1 drank water
Rabbit A1 is Hungry
Rabbit A1 m is ready to mate
Rabbit A1 m is approaching partner: Rabbit B2f
Rabbit B4 is Thirsty
Rabbit B4 drank water
Rabbit B4 is Hungry
Rabbit B4 m is ready to mate
Rabbit B4 m is approaching partner: Rabbit B5f
Rabbit B5 is Thirsty
Rabbit B5 drank water
Rabbit B5 is Hungry
Rabbit B4 is Thirsty
Rabbit B4 drank water
Rabbit B4m is running away from: LionC4
Rabbit B4 is Hungry
Rabbit B4 m is ready to mate
Rabbit B4 m is approaching partner: Rabbit B2f
Rabbit B2 is Thirsty
Rabbit B2 drank water
Rabbit B2 is Hungry
Rabbit B2 f is ready to mate
Rabbit C1 is Thirsty
Rabbit C1 drank water
Rabbit C1 is Hungry
Rabbit C1 f is ready to mate
Rabbit C4 is Hungry
Rabbit C4 m is ready to mate
Rabbit C4 m is approaching partner: Rabbit B5f
Rabbit B5 is Hungry
Rabbit B5 f is ready to mate
Rabbit A0 is Hungry
Rabbit A0 f is ready to mate
Rabbit C0 is Hungry
Rabbit C0 m is ready to mate
Rabbit C0 m is approaching partner: Rabbit B5f
Lion C4 f is ready to mate
Lion A4 is Thirsty
Lion A4 drank water
Lion A4 f is ready to mate
Lion B3 is Thirsty
Lion B3 drank water
Lion B3 is Hungry
LionB3fis chasing: A4f
Lion B3 f is ready to mate
Lion A1 m is ready to mate
Lion B3 f was born!Father is A1 and Mother is A4
Wolf A5 is Hungry
Wolf A5f is chasing: C4m
Wolf A5 f is ready to mate
Wolf B0 f is ready to mate
Wolf A4 f is ready to mate
Rabbit A1 is Thirsty
Rabbit A1 drank water
Rabbit A1 is Hungry
Rabbit A1 m is ready to mate
Rabbit A1 m is approaching partner: Rabbit B5f
Rabbit B4 is Thirsty
Rabbit B4 drank water
Rabbit B4 is Hungry
Rabbit B4 m is ready to mate
Rabbit B4 m is approaching partner: Rabbit B2f
Rabbit B5 is Thirsty
Rabbit B5 drank water
Rabbit B5 is Hungry
Rabbit B5 f is ready to mate
Rabbit B4 is Hungry
Rabbit B4 m is ready to mate
Rabbit B4 m is approaching partner: Rabbit B5f
Rabbit B2 is Thirsty
Rabbit B2 drank water
Rabbit B2 is Hungry
Rabbit B2 f is ready to mate
Rabbit C1 is Thirsty
Rabbit C1 drank water
Rabbit C1 is Hungry
Rabbit C1 f is ready to mate
Rabbit C4 is Hungry
Rabbit C4 m is ready to mate
Rabbit C4 m is approaching partner: Rabbit B5f
Rabbit B5 is Hungry
Rabbit B5 f is ready to mate
Rabbit A0 is Hungry
Rabbit A0 f is ready to mate
Rabbit C0 is Hungry
Rabbit C0 m is ready to mate
Rabbit C0 m is approaching partner: Rabbit B5f
Lion C4 f is ready to mate
Lion B3 is Thirsty
Lion B3 drank water
Lion B3 is Hungry
LionB3fis chasing: A4f
Lion B3 f is ready to mate
Lion A1 m is ready to mate
Wolf A5 is Hungry
Wolf A5f is chasing: C4m
Wolf A5 f is ready to mate
Wolf B0 f is ready to mate
Wolf A4 f is ready to mate
Rabbit A1 is Thirsty
Rabbit A1 drank water
Rabbit A1 is Hungry
Rabbit A1 m is ready to mate
Rabbit A1 m is approaching partner: Rabbit B5f
Rabbit B4 is Thirsty
Rabbit B4 drank water
Rabbit B4 is Hungry
Rabbit B4 m is ready to mate
Rabbit B4 m is approaching partner: Rabbit B5f
Rabbit C1 m was born!Father is B4 and Mother is B5
Rabbit B5 is Thirsty
Rabbit B5 drank water
Rabbit B5 is Hungry
Rabbit B4 is Hungry
Rabbit B4 m is ready to mate
Rabbit B4 m is approaching partner: Rabbit B5f
Rabbit B2 is Thirsty
Rabbit B2 drank water
Rabbit B2 is Hungry
Rabbit B2 f is ready to mate
Rabbit C1 is Thirsty
Rabbit C1 drank water
Rabbit C1 is Hungry
Rabbit C1 f is ready to mate
Rabbit C4 is Thirsty
Rabbit C4 drank water
Rabbit C4 is Hungry
Rabbit C4 m is ready to mate
Rabbit C4 m is approaching partner: Rabbit B5f
Rabbit B5 is Hungry
Rabbit B5 f is ready to mate
Rabbit A0 is Hungry
Rabbit A0 f is ready to mate
Rabbit C0 is Hungry
Rabbit C0 m is ready to mate
Rabbit C0 m is approaching partner: Rabbit B5f
Lion C4 f is ready to mate
Lion B3 is Hungry
LionB3fis chasing: A4f
LionB3f ate: A4f
Lion B3 f is ready to mate
Lion A1 m is ready to mate
Wolf A5 is Hungry
Wolf A5f is chasing: A1m
Wolf A5 f is ready to mate
Wolf B0 f is ready to mate
Rabbit A1 is Thirsty
Rabbit A1 drank water
Rabbit A1 is Hungry
Rabbit A1 m is ready to mate
Rabbit A1 m is approaching partner: Rabbit B5f
Rabbit B4 is Thirsty
Rabbit B4 drank water
Rabbit B4m is running away from: LionA1
Rabbit B4 is Hungry
Rabbit B4 m is ready to mate
Rabbit B4 m is approaching partner: Rabbit B5f
Rabbit C4 m was born!Father is B4 and Mother is B5
Rabbit B5 is Thirsty
Rabbit B5 drank water
Rabbit B5f is running away from: LionB3
Rabbit B5 is Hungry
Rabbit B4 is Hungry
Rabbit B4 m is ready to mate
Rabbit B4 m is approaching partner: Rabbit B2f
Rabbit B2 is Thirsty
Rabbit B2 drank water
Rabbit B2 is Hungry
Rabbit B2 f is ready to mate
Rabbit C1 is Thirsty
Rabbit C1 drank water
Rabbit C1 is Hungry
Rabbit C1 f is ready to mate
Rabbit C4 is Thirsty
Rabbit C4 drank water
Rabbit C4 is Hungry
Rabbit C4 m is ready to mate
Rabbit C4 m is approaching partner: Rabbit B2f
Rabbit B5 is Hungry
Rabbit A0 is Hungry
Rabbit A0 f is ready to mate
Rabbit C0 is Hungry
Rabbit C0 m is ready to mate
Rabbit C0 m is approaching partner: Rabbit B2f
Lion C4 is Thirsty
Lion C4 drank water
Lion C4 f is ready to mate
Lion B3 f is ready to mate
Lion A1 m is ready to mate
Wolf A5 is Hungry
Wolf A5f is chasing: A1m
Wolf A5f ate!
Wolf A5 f is ready to mate
Wolf B0 f is ready to mate
Rabbit B4 is Thirsty
Rabbit B4 drank water
Rabbit B4 is Hungry
Rabbit B4 m is ready to mate
Rabbit B4 m is approaching partner: Rabbit B2f
Rabbit B5 is Thirsty
Rabbit B5 drank water
Rabbit B5 is Hungry
Rabbit B4 is Hungry
Rabbit B4 m is ready to mate
Rabbit B4 m is approaching partner: Rabbit B2f
Rabbit B2 is Thirsty
Rabbit B2 drank water
Rabbit B2 is Hungry
Rabbit B2 f is ready to mate
Rabbit C1 is Thirsty
Rabbit C1 drank water
Rabbit C1 is Hungry
Rabbit C1 f is ready to mate
Rabbit C4 is Thirsty
Rabbit C4 drank water
Rabbit C4 is Hungry
Rabbit C4 m is ready to mate
Rabbit C4 m is approaching partner: Rabbit B2f
Rabbit B5 is Thirsty
Rabbit B5 drank water
Rabbit B5 is Hungry
Rabbit A0 is Hungry
Rabbit A0 f is ready to mate
Rabbit C0 is Hungry
Rabbit C0 m is ready to mate
Rabbit C0 m is approaching partner: Rabbit B2f
Lion C4 f is ready to mate
Lion B3 f is ready to mate
Lion A1 m is ready to mate
Wolf A5 f is ready to mate
Wolf B0 f is ready to mate
Rabbit B4 is Thirsty
Rabbit B4 drank water
Rabbit B4 is Hungry
RabbitB4m died of hunger
Rabbit B4 m is ready to mate
Rabbit B4 m is approaching partner: Rabbit B2f
Rabbit B5 is Thirsty
Rabbit B5 drank water
Rabbit B5 is Hungry
Rabbit B4 is Hungry
Rabbit B4 m is ready to mate
Rabbit B4 m is approaching partner: Rabbit B2f
Rabbit B2 is Thirsty
Rabbit B2 drank water
Rabbit B2 is Hungry
Rabbit B2 f is ready to mate
Rabbit C1 is Thirsty
Rabbit C1 drank water
Rabbit C1 is Hungry
Rabbit C1 f is ready to mate
Rabbit C4 is Thirsty
Rabbit C4 drank water
Rabbit C4 is Hungry
Rabbit C4 m is ready to mate
Rabbit C4 m is approaching partner: Rabbit B2f
Rabbit B5 is Thirsty
Rabbit B5 drank water
Rabbit B5f is running away from: LionA1
Rabbit B5 is Hungry
Rabbit A0 is Thirsty
Rabbit A0 drank water
Rabbit A0 is Hungry
Rabbit A0 f is ready to mate
Rabbit C0 is Thirsty
Rabbit C0 drank water
Rabbit C0 is Hungry
Rabbit C0 m is ready to mate
Rabbit C0 m is approaching partner: Rabbit B2f
Lion C4 f is ready to mate
Lion B3 f is ready to mate
Lion A1 m is ready to mate
Wolf A5 is Thirsty
Wolf A5drank water
Wolf A5 f is ready to mate
Wolf B0 f is ready to mate
Rabbit B5 is Thirsty
Rabbit B5 drank water
Rabbit B5f is running away from: LionB3
Rabbit B5 is Hungry
Rabbit B4 is Hungry
Rabbit B4 m is ready to mate
Rabbit B4 m is approaching partner: Rabbit B2f
Rabbit B2 is Thirsty
Rabbit B2 drank water
Rabbit B2 is Hungry
Rabbit B2 f is ready to mate
Rabbit C1 is Thirsty
Rabbit C1 drank water
Rabbit C1f is running away from: LionB3
Rabbit C1 is Hungry
Rabbit C1 f is ready to mate
Rabbit C4 is Thirsty
Rabbit C4 drank water
Rabbit C4 is Hungry
Rabbit C4 m is ready to mate
Rabbit C4 m is approaching partner: Rabbit B2f
Rabbit B5 is Thirsty
Rabbit B5 drank water
Rabbit B5 is Hungry
Rabbit A0 is Thirsty
Rabbit A0 drank water
Rabbit A0 is Hungry
Rabbit A0 f is ready to mate
Rabbit C0 is Thirsty
Rabbit C0 drank water
Rabbit C0 is Hungry
Rabbit C0 m is ready to mate
Rabbit C0 m is approaching partner: Rabbit B2f
Rabbit C1 is Hungry
Rabbit C1 m is ready to mate
Rabbit C1 m is approaching partner: Rabbit B2f
Lion C4 f is ready to mate
Lion B3 f is ready to mate
Lion A1 m is ready to mate
Wolf A5 is Thirsty
Wolf A5drank water
Wolf A5 f is ready to mate
Wolf B0 is Thirsty
Wolf B0drank water
Wolf B0 f is ready to mate
Rabbit B5 is Thirsty
Rabbit B5 drank water
Rabbit B5f is running away from: LionB3
Rabbit B5 is Hungry
RabbitB5f died of hunger
Rabbit B5 f is ready to mate
Rabbit B4 is Hungry
Rabbit B4 m is ready to mate
Rabbit B4 m is approaching partner: Rabbit B2f
Rabbit B2 is Thirsty
Rabbit B2 drank water
Rabbit B2 is Hungry
Rabbit B2 f is ready to mate
Rabbit C1 is Thirsty
Rabbit C1 drank water
Rabbit C1 is Hungry
Rabbit C1 f is ready to mate
Rabbit C4 is Thirsty
Rabbit C4 drank water
Rabbit C4 is Hungry
Rabbit C4 m is ready to mate
Rabbit C4 m is approaching partner: Rabbit B2f
Rabbit B5 is Thirsty
Rabbit B5 drank water
Rabbit B5f is running away from: LionB3
Rabbit B5 is Hungry
Rabbit B5 f is ready to mate
Rabbit A0 is Thirsty
Rabbit A0 drank water
Rabbit A0 is Hungry
Rabbit A0 f is ready to mate
Rabbit C0 is Thirsty
Rabbit C0 drank water
Rabbit C0 is Hungry
Rabbit C0 m is ready to mate
Rabbit C0 m is approaching partner: Rabbit B5f
Rabbit C1 is Hungry
Rabbit C1 m is ready to mate
Rabbit C1 m is approaching partner: Rabbit B5f
Rabbit C4 is Hungry
Rabbit C4 m is ready to mate
Rabbit C4 m is approaching partner: Rabbit B5f
Lion C4 f is ready to mate
Lion A4 is Hungry
LionA4fis chasing: C4m
Lion B3 f is ready to mate
Lion A1 m is ready to mate
Lion C3 m was born!Father is A1 and Mother is B3
Wolf A5 is Thirsty
Wolf A5drank water
Wolf A5 f is ready to mate
Wolf B0 f is ready to mate
Rabbit B4 is Hungry
Rabbit B4 m is ready to mate
Rabbit B4 m is approaching partner: Rabbit B5f
Rabbit B2 is Thirsty
Rabbit B2 drank water
Rabbit B2 is Hungry
Rabbit B2 f is ready to mate
Rabbit C1 is Thirsty
Rabbit C1 drank water
Rabbit C1 is Hungry
Rabbit C1 f is ready to mate
Rabbit C4 is Thirsty
Rabbit C4 drank water
Rabbit C4 is Hungry
Rabbit C4 m is ready to mate
Rabbit C4 m is approaching partner: Rabbit B5f
Rabbit B5 is Thirsty
Rabbit B5 drank water
Rabbit B5 is Hungry
Rabbit B5 f is ready to mate
Rabbit A0 is Thirsty
Rabbit A0 drank water
Rabbit A0 is Hungry
Rabbit A0 f is ready to mate
Rabbit C0 is Thirsty
Rabbit C0 drank water
Rabbit C0 is Hungry
Rabbit C0 m is ready to mate
Rabbit C0 m is approaching partner: Rabbit B2f
Rabbit C1 is Hungry
Rabbit C1 m is ready to mate
Rabbit C1 m is approaching partner: Rabbit B2f
Rabbit C5 f was born!Father is C1 and Mother is B2
Rabbit C4 is Hungry
Rabbit C4 m is ready to mate
Rabbit C4 m is approaching partner: Rabbit B5f
Lion C4 f is ready to mate
Lion A4 is Hungry
LionA4fis chasing: C4m
Lion A1 is Hungry
LionA1mis chasing: B5f
Lion A1 m is ready to mate
Wolf A5 is Thirsty
Wolf A5drank water
Wolf A5 f is ready to mate
Wolf B0 f is ready to mate
Rabbit B4 is Hungry
RabbitB4m died of hunger
Rabbit B4 m is ready to mate
Rabbit B4 m is approaching partner: Rabbit B5f
Rabbit B2 is Thirsty
Rabbit B2 drank water
Rabbit B2 is Hungry
RabbitB2f died of hunger
Rabbit C1 is Thirsty
Rabbit C1 drank water
Rabbit C1 is Hungry
Rabbit C1 f is ready to mate
Rabbit C4 is Thirsty
Rabbit C4 drank water
Rabbit C4 is Hungry
Rabbit C4 m is ready to mate
Rabbit C4 m is approaching partner: Rabbit B5f
Rabbit B5 is Thirsty
Rabbit B5 drank water
Rabbit B5 is Hungry
Rabbit B5 f is ready to mate
Rabbit A0 is Thirsty
Rabbit A0 drank water
Rabbit A0 is Hungry
Rabbit A0 f is ready to mate
Rabbit C0 is Thirsty
Rabbit C0 drank water
Rabbit C0 is Hungry
Rabbit C0 m is ready to mate
Rabbit C0 m is approaching partner: Rabbit B5f
Rabbit C1 is Hungry
Rabbit C1 m is ready to mate
Rabbit C1 m is approaching partner: Rabbit B5f
Rabbit C4 is Hungry
Rabbit C4 m is ready to mate
Rabbit C4 m is approaching partner: Rabbit B5f
Lion C4 f is ready to mate
Lion A4 is Hungry
LionA4fis chasing: C4m
Lion A1 is Thirsty
Lion A1 drank water
Lion A1 is Hungry
LionA1mis chasing: B5f
LionA1m ate: B5f
Lion A1 m is ready to mate
Wolf A5 is Thirsty
Wolf A5drank water
Wolf A5 f is ready to mate
Wolf B0 is Hungry
Wolf B0f is chasing: A0f
Wolf B0 f is ready to mate
Rabbit C1 is Thirsty
Rabbit C1 drank water
Rabbit C1 is Hungry
RabbitC1f died of hunger
Rabbit C1 f is ready to mate
Rabbit C4 is Thirsty
Rabbit C4 drank water
Rabbit C4 is Hungry
Rabbit C4 m is ready to mate
Rabbit C4 m is approaching partner: Rabbit A0f
Rabbit A0 is Thirsty
Rabbit A0 drank water
Rabbit A0f is running away from: LionB3
Rabbit A0 is Hungry
Rabbit A0 f is ready to mate
Rabbit C0 is Thirsty
Rabbit C0 drank water
Rabbit C0 is Hungry
Rabbit C0 m is ready to mate
Rabbit C0 m is approaching partner: Rabbit A0f
Rabbit C1 is Hungry
Rabbit C1 m is ready to mate
Rabbit C1 m is approaching partner: Rabbit A0f
Rabbit C4 is Hungry
Rabbit C4 m is ready to mate
Rabbit C4 m is approaching partner: Rabbit A0f
Lion C4 f is ready to mate
Lion A4 is Thirsty
Lion A4 drank water
Lion A4 is Hungry
LionA4fis chasing: C4m
Lion A1 m is ready to mate
Lion B3 is Thirsty
Lion B3 drank water
Wolf A5 is Thirsty
Wolf A5drank water
Wolf A5 f is ready to mate
Wolf B0 is Hungry
Wolf B0f is chasing: A0f
Wolf B0 f is ready to mate
Rabbit C4 is Thirsty
Rabbit C4 drank water
Rabbit C4 is Hungry
Rabbit C4 m is ready to mate
Rabbit C4 m is approaching partner: Rabbit A0f
Rabbit A0 is Thirsty
Rabbit A0 drank water
Rabbit A0f is running away from: LionC3
Rabbit A0 is Hungry
Rabbit A0 f is ready to mate
Rabbit C0 is Thirsty
Rabbit C0 drank water
Rabbit C0 is Hungry
Rabbit C0 m is ready to mate
Rabbit C0 m is approaching partner: Rabbit A0f
Rabbit C1m is running away from: LionA1
Rabbit C1 is Hungry
Rabbit C1 m is ready to mate
Rabbit C1 m is approaching partner: Rabbit A0f
Rabbit C4 is Hungry
Rabbit C4 m is ready to mate
Rabbit C4 m is approaching partner: Rabbit A0f
Lion C4 f is ready to mate
Lion A4 is Hungry
LionA4fis chasing: C4m
Lion B3 is Thirsty
Lion B3 drank water
Lion A1 m is ready to mate
Lion B3 is Thirsty
Lion B3 drank water
Lion C3m ate: A0f
Wolf A5 is Thirsty
Wolf A5drank water
Wolf A5 f is ready to mate
Wolf B0 is Hungry
Wolf B0f is chasing: A0f
Wolf B0 f is ready to mate
Rabbit C4 is Thirsty
Rabbit C4 drank water
Rabbit C4 is Hungry
RabbitC4m died of hunger
Rabbit C4 m is ready to mate
Rabbit C4 m is approaching partner: Rabbit A0f
Rabbit A0 is Thirsty
Rabbit A0 drank water
Rabbit A0f is running away from: LionB3
Rabbit A0 is Hungry
Rabbit A0 f is ready to mate
Rabbit C0 is Thirsty
Rabbit C0 drank water
Rabbit C0 is Hungry
Rabbit C0 m is ready to mate
Rabbit C0 m is approaching partner: Rabbit A0f
Rabbit C1 is Thirsty
Rabbit C1 drank water
Rabbit C1m is running away from: LionA1
Rabbit C1 is Hungry
Rabbit C1 m is ready to mate
Rabbit C1 m is approaching partner: Rabbit A0f
Rabbit C4 is Hungry
Rabbit C4 m is ready to mate
Rabbit C4 m is approaching partner: Rabbit A0f
Rabbit C5 is Hungry
Lion C4 f is ready to mate
Lion A4 is Hungry
LionA4fis chasing: C0m
Lion A1 m is ready to mate
Wolf A5 f is ready to mate
Wolf B0 is Hungry
Wolf B0f is chasing: A0f
Wolf B0 f is ready to mate
Rabbit A0 is Thirsty
Rabbit A0 drank water
Rabbit A0f is running away from: LionB3
Rabbit A0 is Hungry
Rabbit A0 f is ready to mate
Rabbit C0 is Thirsty
Rabbit C0 drank water
Rabbit C0 is Hungry
Rabbit C0 m is ready to mate
Rabbit C0 m is approaching partner: Rabbit A0f
Rabbit C1 is Thirsty
Rabbit C1 drank water
Rabbit C1m is running away from: LionA1
Rabbit C1 is Hungry
Rabbit C1 m is ready to mate
Rabbit C1 m is approaching partner: Rabbit A0f
Rabbit C4 is Thirsty
Rabbit C4 drank water
Rabbit C4m is running away from: LionA1
Rabbit C4 is Hungry
Rabbit C4 m is ready to mate
Rabbit C4 m is approaching partner: Rabbit A0f
Rabbit C5 is Hungry
Lion C4 is Thirsty
Lion C4 drank water
Lion C4 f is ready to mate
Lion A4 is Hungry
LionA4fis chasing: C0m
Lion A1 m is ready to mate
Wolf A5 f is ready to mate
Wolf B0 is Hungry
Wolf B0f is chasing: A0f
Wolf B0 f is ready to mate
Rabbit A0 is Thirsty
Rabbit A0 drank water
Rabbit A0f is running away from: LionB3
Rabbit A0f is running away from: WolfB0
Rabbit A0 is Hungry
Rabbit A0 f is ready to mate
Rabbit C0 is Thirsty
Rabbit C0 drank water
Rabbit C0 is Hungry
Rabbit C0 m is ready to mate
Rabbit C0 m is approaching partner: Rabbit A0f
Rabbit C1 is Thirsty
Rabbit C1 drank water
Rabbit C1m is running away from: LionA1
Rabbit C1 is Hungry
Rabbit C1 m is ready to mate
Rabbit C1 m is approaching partner: Rabbit A0f
Rabbit C4 is Thirsty
Rabbit C4 drank water
Rabbit C4m is running away from: LionA1
Rabbit C4 is Hungry
Rabbit C4 m is ready to mate
Rabbit C4 m is approaching partner: Rabbit A0f
Rabbit C5 is Hungry
Rabbit C5 f is ready to mate
Lion C4 is Hungry
LionC4fis chasing: A5f
Lion C4 f is ready to mate
Lion A4 is Hungry
LionA4fis chasing: C0m
Lion A1 m is ready to mate
Wolf A5 f is ready to mate
Wolf B0 is Hungry
Wolf B0f is chasing: A0f
Wolf B0f ate!
Wolf B0 f is ready to mate
Rabbit C0 is Thirsty
Rabbit C0 drank water
Rabbit C0 is Hungry
RabbitC0m died of hunger
Rabbit C0 m is ready to mate
Rabbit C0 m is approaching partner: Rabbit C5f
Rabbit C1m is running away from: LionB3
Rabbit C1 is Hungry
Rabbit C1 m is ready to mate
Rabbit C1 m is approaching partner: Rabbit C5f
Rabbit C4 is Thirsty
Rabbit C4 drank water
Rabbit C4m is running away from: LionB3
Rabbit C4 is Hungry
Rabbit C4 m is ready to mate
Rabbit C4 m is approaching partner: Rabbit C5f
Rabbit C5f is running away from: WolfB0
Rabbit C5 is Hungry
Rabbit C5 f is ready to mate
Lion C4 is Hungry
LionC4fis chasing: A5f
Lion C4 f is ready to mate
Lion A4 is Hungry
LionA4fis chasing: C4m
Lion A1 m is ready to mate
Lion B3 is Hungry
LionB3fis chasing: C4m
Wolf A5 f is ready to mate
Wolf B0 f is ready to mate
Rabbit C1m is running away from: LionB3
Rabbit C1 is Hungry
Rabbit C1 m is ready to mate
Rabbit C1 m is approaching partner: Rabbit C5f
Rabbit C4 is Thirsty
Rabbit C4 drank water
Rabbit C4m is running away from: LionB3
Rabbit C4 is Hungry
Rabbit C4 m is ready to mate
Rabbit C4 m is approaching partner: Rabbit C5f
Rabbit C5f is running away from: LionB3
Rabbit C5f is running away from: WolfB0
Rabbit C5 is Hungry
Rabbit C5 f is ready to mate
Lion C4 is Hungry
LionC4fis chasing: A5f
Lion C4 f is ready to mate
Lion A4 is Hungry
LionA4fis chasing: C4m
Lion A1 m is ready to mate
Lion B3 is Hungry
LionB3fis chasing: C4m
LionB3f ate: C4m
Wolf A5 f is ready to mate
Wolf B0 is Thirsty
Wolf B0drank water
Wolf B0 f is ready to mate
Rabbit C1m is running away from: LionB3
Rabbit C1 is Hungry
Rabbit C1 m is ready to mate
Rabbit C1 m is approaching partner: Rabbit C5f
Rabbit C5 is Hungry
Rabbit C5 f is ready to mate
Lion C4 is Hungry
LionC4fis chasing: A5f
Lion C4 f is ready to mate
Lion A4 is Hungry
LionA4fis chasing: C1m
Lion B3 is Hungry
LionB3fis chasing: B0f
LionB3f ate: B0f
Lion A1 m is ready to mate
Lion C3 is Thirsty
Lion C3 drank water
Wolf A5 f is ready to mate
Rabbit C1m is running away from: LionB3
Rabbit C1 is Hungry
Rabbit C1 m is ready to mate
Rabbit C1 m is approaching partner: Rabbit C5f
Rabbit C5 is Thirsty
Rabbit C5 drank water
Rabbit C5 is Hungry
Rabbit C5 f is ready to mate
Lion C4 is Hungry
LionC4fis chasing: A5f
Lion C4 f is ready to mate
Lion A4 is Hungry
LionA4fis chasing: C1m
Lion A1 m is ready to mate
Lion C3 is Thirsty
Lion C3 drank water
Wolf A5 is Hungry
Wolf A5f is chasing: C1m
Wolf A5 f is ready to mate
Rabbit C1 is Hungry
Rabbit C1 m is ready to mate
Rabbit C1 m is approaching partner: Rabbit C5f
Rabbit C5 is Thirsty
Rabbit C5 drank water
Rabbit C5 is Hungry
Rabbit C5 f is ready to mate
Lion C4 is Hungry
LionC4fis chasing: A5f
Lion C4 f is ready to mate
Lion A4 is Hungry
LionA4fis chasing: C1m
Lion A1 is Thirsty
Lion A1 drank water
Lion A1 m is ready to mate
Lion C3 is Thirsty
Lion C3 drank water
Wolf A5 is Hungry
Wolf A5f is chasing: C1m
Wolf A5 f is ready to mate
Rabbit C1 is Hungry
Rabbit C1 m is ready to mate
Rabbit C1 m is approaching partner: Rabbit C5f
Rabbit C5 is Thirsty
Rabbit C5 drank water
Rabbit C5 is Hungry
Rabbit C5 f is ready to mate
Lion C4 is Hungry
LionC4fis chasing: A5f
LionC4f ate: A5f
Lion C4 f is ready to mate
Lion A4 is Thirsty
Lion A4 drank water
Lion A4 is Hungry
LionA4fis chasing: C1m
Lion A1 is Thirsty
Lion A1 drank water
Lion A1 m is ready to mate
Rabbit C1 is Hungry
Rabbit C1 m is ready to mate
Rabbit C1 m is approaching partner: Rabbit C5f
Rabbit C5 is Thirsty
Rabbit C5 drank water
Rabbit C5 is Hungry
Rabbit C5 f is ready to mate
Lion C4 f is ready to mate
Lion A4 is Thirsty
Lion A4 drank water
Lion A4 is Hungry
LionA4fis chasing: C1m
Lion B3 is Thirsty
Lion B3 drank water
Lion A1 is Thirsty
Lion A1 drank water
Lion A1 m is ready to mate
Lion B3 is Thirsty
Lion B3 drank water
Rabbit C1 is Hungry
RabbitC1m died of hunger
Rabbit C1 m is ready to mate
Rabbit C1 m is approaching partner: Rabbit C5f
Rabbit C5 is Thirsty
Rabbit C5 drank water
Rabbit C5 is Hungry
Rabbit C5 f is ready to mate
Lion C4 f is ready to mate
Lion A4 is Thirsty
Lion A4 drank water
Lion A4 is Hungry
LionA4fis chasing: C5f
Lion A1 is Thirsty
Lion A1 drank water
Lion A1 m is ready to mate
Lion B3 is Thirsty
Lion B3 drank water
Rabbit C5 is Thirsty
Rabbit C5 drank water
Rabbit C5 is Hungry
Rabbit C5 f is ready to mate
Lion C4 is Thirsty
Lion C4 drank water
Lion C4 f is ready to mate
Lion A4 is Thirsty
Lion A4 drank water
Lion A4 is Hungry
LionA4fis chasing: C5f
Lion A1 is Thirsty
Lion A1 drank water
Lion A1 m is ready to mate
Lion B3 is Thirsty
Lion B3 drank water
Rabbit C5 is Thirsty
Rabbit C5 drank water
Rabbit C5 is Hungry
Rabbit C5 f is ready to mate
Lion C4 is Thirsty
Lion C4 drank water
Lion C4 f is ready to mate
Lion A4 is Thirsty
Lion A4 drank water
Lion A4 is Hungry
LionA4fis chasing: C5f
Lion A1 is Thirsty
Lion A1 drank water
Lion A1 is Hungry
LionA1mis chasing: C5f
Lion A1 m is ready to mate
Rabbit C5 is Thirsty
Rabbit C5 drank water
Rabbit C5 is Hungry
Rabbit C5 f is ready to mate
Lion C4 is Thirsty
Lion C4 drank water
Lion C4 f is ready to mate
Lion A4 is Thirsty
Lion A4 drank water
Lion A4 is Hungry
LionA4fis chasing: C5f
Lion A1 is Thirsty
Lion A1 drank water
Lion A1 is Hungry
LionA1mis chasing: C5f
Lion A1 m is ready to mate
Rabbit C5 is Thirsty
Rabbit C5 drank water
Rabbit C5 is Hungry
Rabbit C5 f is ready to mate
Lion C4 is Thirsty
Lion C4 drank water
Lion C4 f is ready to mate
Lion A4 is Thirsty
Lion A4 drank water
Lion A4 is Hungry
LionA4fis chasing: C5f
Lion A1 is Thirsty
Lion A1 drank water
Lion A1 is Hungry
LionA1mis chasing: C5f
Lion A1 m is ready to mate
Lion C3 is Hungry
LionC3mis chasing: C5f
Rabbit C5 is Thirsty
Rabbit C5 drank water
Rabbit C5 is Hungry
Rabbit C5 f is ready to mate
Lion C4 is Thirsty
Lion C4 drank water
Lion C4 f is ready to mate
Lion A4 is Thirsty
Lion A4 drank water
Lion A4 is Hungry
LionA4fis chasing: C5f
Lion A1 is Thirsty
Lion A1 drank water
Lion A1 is Hungry
LionA1mis chasing: C5f
Lion A1 m is ready to mate
Lion C3 is Hungry
LionC3mis chasing: C5f
Rabbit C5 is Thirsty
Rabbit C5 drank water
Rabbit C5 is Hungry
RabbitC5f died of hunger
Rabbit C5 f is ready to mate
Lion C4 is Thirsty
Lion C4 drank water
Lion C4 f is ready to mate
Lion A4 is Thirsty
Lion A4 drank water
Lion A4 is Hungry
LionA4f died of hunger
Lion A1 is Hungry
LionA1m died of hunger
Lion A1 m is ready to mate
Lion C3 is Hungry
LionC3m died of hunger
Lion C4 is Thirsty
Lion C4 drank water
Lion C4 f is ready to mate
Lion C4 f is ready to mate
Lion C4 f is ready to mate
Lion B3 is Thirsty
Lion B3 drank water
Lion B3 is Hungry
LionB3f died of hunger
Lion C4 f is ready to mate
Lion B3 is Thirsty
Lion B3 drank water
Lion B3 is Hungry
LionB3f died of hunger
Lion C4 f is ready to mate
Lion C4 f is ready to mate
Lion C4 is Hungry
LionC4f died of hunger
Lion C4 f is ready to mate
