Wolf C5m is running away from: LionB0
Rabbit B0 is Hungry
Rabbit B0m ate
Rabbit B2 is Hungry
Rabbit B2m ate
Rabbit A3 is Hungry
Rabbit A3f ate
Rabbit A4 is Hungry
Rabbit A4f ate
Rabbit C3 is Hungry
Rabbit C3f ate
Rabbit B3 is Hungry
Rabbit B3m ate
Rabbit B4 is Hungry
Rabbit B4f ate
Rabbit A0 is Hungry
Rabbit A0f ate
Rabbit C3 is Hungry
Rabbit C3f ate
Rabbit A2 is Hungry
Rabbit A2m ate
Rabbit B5 is Hungry
Rabbit B5m ate
Rabbit A0 is Hungry
Rabbit A0f ate
Rabbit B2 is Hungry
Rabbit B2m ate
Rabbit A1 is Hungry
Rabbit A1m ate
Rabbit A5 is Hungry
Rabbit A5m ate
Wolf C5m is running away from: LionB0
Rabbit B0 is Hungry
Rabbit B0m ate
Rabbit B0 m is ready to mate
Rabbit B0 m is approaching partner: Rabbit C3f
Rabbit B2 is Hungry
Rabbit B2m ate
Rabbit B2 m is ready to mate
Rabbit B2 m is approaching partner: Rabbit C3f
Rabbit A3 is Hungry
Rabbit A3f ate
Rabbit A3 f is ready to mate
Rabbit A4 is Hungry
Rabbit A4f ate
Rabbit A4 f is ready to mate
Rabbit C3 is Hungry
Rabbit C3f ate
Rabbit C3 f is ready to mate
Rabbit B3 is Hungry
Rabbit B3 m is ready to mate
Rabbit B3 m is approaching partner: Rabbit B4f
Rabbit B4 is Hungry
Rabbit B4 f is ready to mate
Rabbit A0 is Hungry
Rabbit A0f ate
Rabbit A0 f is ready to mate
Rabbit C3 is Hungry
Rabbit C3f ate
Rabbit C3 f is ready to mate
Rabbit A2 is Hungry
Rabbit A2 m is ready to mate
Rabbit A2 m is approaching partner: Rabbit A0f
Rabbit B5 is Hungry
Rabbit B5 m is ready to mate
Rabbit B5 m is approaching partner: Rabbit A0f
Rabbit A0 is Hungry
Rabbit A0f ate
Rabbit A0 f is ready to mate
Rabbit B2 is Hungry
Rabbit B2m ate
Rabbit B2 m is ready to mate
Rabbit B2 m is approaching partner: Rabbit C3f
Rabbit A1 is Hungry
Rabbit A1 m is ready to mate
Rabbit A1 m is approaching partner: Rabbit A0f
Rabbit A5 is Hungry
Rabbit A5m ate
Rabbit A5 m is ready to mate
Rabbit A5 m is approaching partner: Rabbit B4f
Rabbit B0 is Hungry
Rabbit B0m ate
Rabbit B0 m is ready to mate
Rabbit B0 m is approaching partner: Rabbit C3f
Rabbit B2 is Hungry
Rabbit B2m ate
Rabbit B2 m is ready to mate
Rabbit B2 m is approaching partner: Rabbit C3f
Rabbit A3 is Hungry
Rabbit A3f ate
Rabbit A3 f is ready to mate
Rabbit A4 is Hungry
Rabbit A4 f is ready to mate
Rabbit C3 is Hungry
Rabbit C3f ate
Rabbit C3 f is ready to mate
Rabbit B3 is Hungry
RabbitB3m died of hunger
Rabbit B3m ate
Rabbit B3 m is ready to mate
Rabbit B3 m is approaching partner: Rabbit B4f
Rabbit B4 is Hungry
RabbitB4f died of hunger
Rabbit B4f ate
Rabbit B4 f is ready to mate
Rabbit A0 is Hungry
Rabbit A0f ate
Rabbit A0 f is ready to mate
Rabbit C3 is Hungry
Rabbit C3f ate
Rabbit C3 f is ready to mate
Rabbit A2 is Hungry
RabbitA2m died of hunger
Rabbit A2m ate
Rabbit A2 m is ready to mate
Rabbit A2 m is approaching partner: Rabbit A0f
Rabbit B5 is Hungry
RabbitB5m died of hunger
Rabbit B5m ate
Rabbit B5 m is ready to mate
Rabbit B5 m is approaching partner: Rabbit A0f
Rabbit A0 is Hungry
Rabbit A0f ate
Rabbit A0 f is ready to mate
Rabbit B2 is Hungry
Rabbit B2m ate
Rabbit B2 m is ready to mate
Rabbit B2 m is approaching partner: Rabbit C3f
Rabbit A1 is Hungry
RabbitA1m died of hunger
Rabbit A1m ate
Rabbit A1 m is ready to mate
Rabbit A1 m is approaching partner: Rabbit A0f
Rabbit A5 is Hungry
Rabbit A5m ate
Rabbit A5 m is ready to mate
Rabbit A5 m is approaching partner: Rabbit C3f
Wolf C5m is running away from: LionB0
Rabbit B0 is Hungry
Rabbit B0m ate
Rabbit B0 m is ready to mate
Rabbit B0 m is approaching partner: Rabbit C3f
Rabbit B2 is Hungry
Rabbit B2m ate
Rabbit B2 m is ready to mate
Rabbit B2 m is approaching partner: Rabbit C3f
Rabbit A3 is Hungry
Rabbit A3 f is ready to mate
Rabbit A4 is Hungry
RabbitA4f died of hunger
Rabbit A4 f is ready to mate
Rabbit C3 is Hungry
Rabbit C3 f is ready to mate
Rabbit A0 is Hungry
Rabbit A0 f is ready to mate
Rabbit C3 is Hungry
Rabbit C3 f is ready to mate
Rabbit A0 is Hungry
Rabbit A0f ate
Rabbit A0 f is ready to mate
Rabbit B2 is Hungry
Rabbit B2m ate
Rabbit B2 m is ready to mate
Rabbit B2 m is approaching partner: Rabbit C3f
Rabbit A5 is Hungry
Rabbit A5m ate
Rabbit A5 m is ready to mate
Rabbit A5 m is approaching partner: Rabbit C3f
Lion B0f ate: C5m
Wolf A1f is running away from: LionB0
Wolf C5m is running away from: LionB0
Rabbit B0 is Hungry
Rabbit B0 m is ready to mate
Rabbit B0 m is approaching partner: Rabbit C3f
Rabbit B2 is Hungry
Rabbit B2m ate
Rabbit B2 m is ready to mate
Rabbit B2 m is approaching partner: Rabbit C3f
Rabbit A3 is Hungry
RabbitA3f died of hunger
Rabbit A3f ate
Rabbit A3 f is ready to mate
Rabbit C3 is Hungry
RabbitC3f died of hunger
Rabbit C3 f is ready to mate
Rabbit A0 is Hungry
RabbitA0f died of hunger
Rabbit A0 f is ready to mate
Rabbit C3 is Hungry
RabbitC3f died of hunger
Rabbit C3 f is ready to mate
Rabbit A0 is Hungry
Rabbit A0 f is ready to mate
Rabbit B2 is Hungry
Rabbit B2m ate
Rabbit B2 m is ready to mate
Rabbit B2 m is approaching partner: Rabbit A0f
Rabbit A5 is Hungry
Rabbit A5m ate
Rabbit A5 m is ready to mate
Rabbit A5 m is approaching partner: Rabbit A0f
Rabbit B0 is Hungry
RabbitB0m died of hunger
Rabbit B0m ate
Rabbit B0 m is ready to mate
Rabbit B0 m is approaching partner: Rabbit A0f
Rabbit B2 is Hungry
Rabbit B2m ate
Rabbit B2 m is ready to mate
Rabbit B2 m is approaching partner: Rabbit A0f
Rabbit A0 is Hungry
RabbitA0f died of hunger
Rabbit A0 f is ready to mate
Rabbit B2 is Hungry
Rabbit B2m ate
Rabbit B2 m is ready to mate
Not enough female Rabbits or Female Rabbit partners are not ready yet!
Rabbit A5 is Hungry
Rabbit A5m ate
Rabbit A5 m is ready to mate
Not enough female Rabbits or Female Rabbit partners are not ready yet!
Wolf C5m is running away from: LionB0
Rabbit B2 is Hungry
Rabbit B2m ate
Rabbit B2 m is ready to mate
Not enough female Rabbits or Female Rabbit partners are not ready yet!
Rabbit B2 is Hungry
Rabbit B2 m is ready to mate
Not enough female Rabbits or Female Rabbit partners are not ready yet!
Rabbit A5 is Hungry
Rabbit A5 m is ready to mate
Not enough female Rabbits or Female Rabbit partners are not ready yet!
Wolf A1 f is ready to mate
Wolf C2 m is ready to mate
Wolf C5 m is ready to mate
Wolf A0 f is ready to mate
Rabbit B2 is Hungry
Rabbit B2 m is ready to mate
Not enough female Rabbits or Female Rabbit partners are not ready yet!
Rabbit B2 is Hungry
RabbitB2m died of hunger
Rabbit B2 m is ready to mate
Not enough female Rabbits or Female Rabbit partners are not ready yet!
Rabbit A5 is Hungry
RabbitA5m died of hunger
Rabbit A5 m is ready to mate
Not enough female Rabbits or Female Rabbit partners are not ready yet!
Wolf A1 f is ready to mate
Wolf C2 m is ready to mate
Wolf C5 m is ready to mate
Wolf A0 f is ready to mate
Rabbit B2 is Hungry
RabbitB2m died of hunger
Rabbit B2 m is ready to mate
Not enough female Rabbits or Female Rabbit partners are not ready yet!
Wolf A1 is Hungry
WolfA1f died of hunger
Wolf A1 is Thirsty
Wolf A1drank water
Wolf A1 f is ready to mate
Wolf C2 is Hungry
WolfC2m died of hunger
Wolf C2 is Thirsty
Wolf C2drank water
Wolf C2 m is ready to mate
Wolf C5 is Hungry
WolfC5m died of hunger
Wolf C5 is Thirsty
Wolf C5drank water
Wolf C5 m is ready to mate
Wolf A0 is Hungry
WolfA0f died of hunger
Wolf A0 is Thirsty
Wolf A0drank water
Wolf A0 f is ready to mate
Lion A2 is Hungry
LionA2m died of hunger
Lion B4 is Hungry
LionB4m died of hunger
Lion B3 is Hungry
LionB3m died of hunger
Lion B0 is Hungry
LionB0f died of hunger
