Rabbit A5 is Hungry
Rabbit A5m ate
Rabbit A4 is Hungry
Rabbit A4f ate
Rabbit C0 is Hungry
Rabbit C0f ate
Rabbit A2 is Hungry
Rabbit A2m ate
Rabbit A2 is Hungry
Rabbit A2f ate
Rabbit A0 is Hungry
Rabbit A0m ate
Rabbit C1 is Hungry
Rabbit C1m ate
Rabbit B2 is Hungry
Rabbit B2m ate
Rabbit C0 is Hungry
Rabbit C0f ate
Rabbit B0 is Hungry
Rabbit B0f ate
Rabbit B1 is Hungry
Rabbit B1f ate
Rabbit B5 is Hungry
Rabbit B5f ate
Rabbit A4 is Hungry
Rabbit A4m ate
Rabbit C1 is Hungry
Rabbit C1m ate
Rabbit A0 is Hungry
Rabbit A0f ate
Wolf B2m is running away from: LionC5
Rabbit A5 is Hungry
Rabbit A4 is Hungry
Rabbit C0 is Hungry
Rabbit C0f ate
Rabbit A2 is Hungry
Rabbit A2m ate
Rabbit A2 is Hungry
Rabbit A2f ate
Rabbit A0 is Hungry
Rabbit A0m ate
Rabbit C1 is Hungry
Rabbit C1m ate
Rabbit B2 is Hungry
Rabbit B2m ate
Rabbit C0 is Hungry
Rabbit C0f ate
Rabbit B0 is Hungry
Rabbit B0f ate
Rabbit B1 is Hungry
Rabbit B1f ate
Rabbit B5 is Hungry
Rabbit B5f ate
Rabbit A4 is Hungry
Rabbit A4m ate
Rabbit C1 is Hungry
Rabbit C1m ate
Rabbit A0 is Hungry
Rabbit A0f ate
Wolf B2m is running away from: LionC5
Rabbit A5 is Hungry
Rabbit A5m ate
Rabbit A5 m is ready to mate
Rabbit A5 m is approaching partner: Rabbit C0f
Rabbit A4 is Hungry
Rabbit A4 f is ready to mate
Rabbit C0 is Hungry
Rabbit C0f ate
Rabbit C0 f is ready to mate
Rabbit A2 is Hungry
Rabbit A2m ate
Rabbit A2 m is ready to mate
Rabbit A2 m is approaching partner: Rabbit B1f
Rabbit A2 is Hungry
Rabbit A2f ate
Rabbit A2 f is ready to mate
Rabbit A0 is Hungry
Rabbit A0m ate
Rabbit A0 m is ready to mate
Rabbit A0 m is approaching partner: Rabbit B1f
Rabbit C1 is Hungry
Rabbit C1 m is ready to mate
Rabbit C1 m is approaching partner: Rabbit A0f
Rabbit B2 is Hungry
Rabbit B2m ate
Rabbit B2 m is ready to mate
Rabbit B2 m is approaching partner: Rabbit B1f
Rabbit C0 is Hungry
Rabbit C0f ate
Rabbit C0 f is ready to mate
Rabbit B0 is Hungry
Rabbit B0f ate
Rabbit B0 f is ready to mate
Rabbit B1 is Hungry
Rabbit B1 f is ready to mate
Rabbit B5 is Hungry
Rabbit B5f ate
Rabbit B5 f is ready to mate
Rabbit A4 is Hungry
Rabbit A4m ate
Rabbit A4 m is ready to mate
Rabbit A4 m is approaching partner: Rabbit A0f
Rabbit C1 is Hungry
Rabbit C1m ate
Rabbit C1 m is ready to mate
Rabbit C1 m is approaching partner: Rabbit C0f
Rabbit A0 is Hungry
Rabbit A0 f is ready to mate
Wolf A2 f is ready to mate
Wolf A4 f is ready to mate
Wolf B1m ate!
Wolf B1 m is ready to mate
Wolf B2 m is ready to mate
Rabbit A5 is Hungry
Rabbit A5m ate
Rabbit A5 m is ready to mate
Rabbit A5 m is approaching partner: Rabbit C0f
Rabbit A4 is Hungry
Rabbit A4f ate
Rabbit A4 f is ready to mate
Rabbit C0 is Hungry
Rabbit C0f ate
Rabbit C0 f is ready to mate
Rabbit A2 is Hungry
Rabbit A2 m is ready to mate
Rabbit A2 m is approaching partner: Rabbit B1f
Rabbit A2 is Hungry
Rabbit A2f ate
Rabbit A2 f is ready to mate
Rabbit C1 is Hungry
Rabbit C1m ate
Rabbit C1 m is ready to mate
Rabbit C1 m is approaching partner: Rabbit A0f
Rabbit B2 is Hungry
Rabbit B2m ate
Rabbit B2 m is ready to mate
Rabbit B2 m is approaching partner: Rabbit B1f
Rabbit C0 is Hungry
Rabbit C0f ate
Rabbit C0 f is ready to mate
Rabbit B0 is Hungry
Rabbit B0f ate
Rabbit B0 f is ready to mate
Rabbit B1 is Hungry
Rabbit B1 f is ready to mate
Rabbit B5 is Hungry
Rabbit B5 f is ready to mate
Rabbit A4 is Hungry
Rabbit A4 m is ready to mate
Rabbit A4 m is approaching partner: Rabbit A0f
Rabbit C1 is Hungry
Rabbit C1m ate
Rabbit C1 m is ready to mate
Rabbit C1 m is approaching partner: Rabbit C0f
Rabbit A0 is Hungry
Rabbit A0f ate
Rabbit A0 f is ready to mate
Wolf A2 f is ready to mate
Wolf A4 f is ready to mate
Wolf B1 m is ready to mate
Wolf B2 m is ready to mate
Rabbit A5 is Hungry
Rabbit A5m ate
Rabbit A5 m is ready to mate
Rabbit A5 m is approaching partner: Rabbit C0f
Rabbit A4 is Hungry
Rabbit A4f ate
Rabbit A4 f is ready to mate
Rabbit C0 is Hungry
Rabbit C0f ate
Rabbit C0 f is ready to mate
Rabbit A2 is Hungry
Rabbit A2 m is ready to mate
Rabbit A2 m is approaching partner: Rabbit B1f
Rabbit A2 is Hungry
Rabbit A2 f is ready to mate
Rabbit C1 is Hungry
Rabbit C1m ate
Rabbit C1 m is ready to mate
Rabbit C1 m is approaching partner: Rabbit A0f
Rabbit B2 is Hungry
Rabbit B2m ate
Rabbit B2 m is ready to mate
Rabbit B2 m is approaching partner: Rabbit B1f
Rabbit C0 is Hungry
Rabbit C0 f is ready to mate
Rabbit B0 is Hungry
Rabbit B0f ate
Rabbit B0 f is ready to mate
Rabbit B1 is Hungry
Rabbit B1 f is ready to mate
Rabbit B5 is Hungry
Rabbit B5 f is ready to mate
Rabbit A4 is Hungry
Rabbit A4m ate
Rabbit A4 m is ready to mate
Rabbit A4 m is approaching partner: Rabbit A0f
Rabbit A4 f was born!Father is A4 and Mother is A0
Rabbit C1 is Hungry
Rabbit C1m ate
Rabbit C1 m is ready to mate
Rabbit C1 m is approaching partner: Rabbit C0f
Rabbit A0 is Hungry
Rabbit A0f ate
Wolf A2 f is ready to mate
Wolf A4 f is ready to mate
Wolf B1 m is ready to mate
Wolf B2 m is ready to mate
Rabbit A5 is Hungry
Rabbit A5m ate
Rabbit A5 m is ready to mate
Rabbit A5 m is approaching partner: Rabbit C0f
Rabbit A4 is Hungry
Rabbit A4f ate
Rabbit A4 f is ready to mate
Rabbit C0 is Hungry
Rabbit C0 f is ready to mate
Rabbit A2 is Hungry
Rabbit A2 m is ready to mate
Rabbit A2 m is approaching partner: Rabbit B1f
Rabbit A2 is Hungry
Rabbit A2 f is ready to mate
Rabbit C1 is Hungry
Rabbit C1m ate
Rabbit C1 m is ready to mate
Rabbit C1 m is approaching partner: Rabbit A4f
Rabbit B2 is Hungry
Rabbit B2m ate
Rabbit B2 m is ready to mate
Rabbit B2 m is approaching partner: Rabbit B1f
Rabbit C0 m was born!Father is B2 and Mother is B1
Rabbit C0 is Hungry
Rabbit C0f ate
Rabbit C0 f is ready to mate
Rabbit B0 is Hungry
Rabbit B0f ate
Rabbit B0 f is ready to mate
rabbit B1f Died of Old Age
Rabbit B1 is Hungry
RabbitB1f died of hunger
Rabbit B5 is Hungry
Rabbit B5 f is ready to mate
Rabbit A4 is Hungry
Rabbit A4 m is ready to mate
Rabbit A4 m is approaching partner: Rabbit B5f
Rabbit C1 is Hungry
Rabbit C1m ate
Rabbit C1 m is ready to mate
Rabbit C1 m is approaching partner: Rabbit C0f
Rabbit A0 is Hungry
Rabbit A0f ate
Rabbit A4 is Hungry
Wolf A2 f is ready to mate
Wolf A4 f is ready to mate
Wolf B1 m is ready to mate
Wolf B2 m is ready to mate
Rabbit A5 is Hungry
Rabbit A5m ate
Rabbit A5 m is ready to mate
Rabbit A5 m is approaching partner: Rabbit C0f
Rabbit A4 is Hungry
Rabbit A4 f is ready to mate
Rabbit C0 is Hungry
Rabbit C0f ate
Rabbit C0 f is ready to mate
rabbit A2m Died of Old Age
Rabbit A2 is Hungry
RabbitA2m died of hunger
Rabbit A2 m is ready to mate
Rabbit A2 m is approaching partner: Rabbit C0f
Rabbit A2 is Hungry
Rabbit A2f ate
Rabbit A2 f is ready to mate
Rabbit C1 is Hungry
Rabbit C1m ate
Rabbit C1 m is ready to mate
Rabbit C1 m is approaching partner: Rabbit B5f
Rabbit B2 is Hungry
Rabbit B2m ate
Rabbit B2 m is ready to mate
Rabbit B2 m is approaching partner: Rabbit C0f
Rabbit C0 is Hungry
Rabbit C0f ate
Rabbit C0 f is ready to mate
Rabbit B0 is Hungry
Rabbit B0 f is ready to mate
rabbit B5f Died of Old Age
Rabbit B5 is Hungry
RabbitB5f died of hunger
Rabbit B5f ate
Rabbit B5 f is ready to mate
Rabbit A4 is Hungry
Rabbit A4m ate
Rabbit A4 m is ready to mate
Rabbit A4 m is approaching partner: Rabbit A4f
Rabbit C1 is Hungry
Rabbit C1m ate
Rabbit C1 m is ready to mate
Rabbit C1 m is approaching partner: Rabbit C0f
Rabbit A0 is Hungry
Rabbit A0f ate
Rabbit A4 is Hungry
Rabbit C0 is Hungry
Rabbit C0m ate
Wolf A2 is Hungry
Wolf A2f is chasing: C0f
Wolf A2 f is ready to mate
Wolf A4 is Hungry
Wolf A4f is chasing: C1m
Wolf A4 f is ready to mate
Wolf B1 m is ready to mate
Wolf B2m is running away from: LionC5
Wolf B2 is Hungry
Wolf B2m is chasing: C1m
Wolf B2 m is ready to mate
Rabbit A5 is Hungry
Rabbit A5 m is ready to mate
Rabbit A5 m is approaching partner: Rabbit C0f
Rabbit A4 is Hungry
Rabbit A4f ate
Rabbit A4 f is ready to mate
Rabbit C0 is Hungry
Rabbit C0f ate
Rabbit C0 f is ready to mate
Rabbit A2 is Hungry
Rabbit A2f ate
Rabbit A2 f is ready to mate
Rabbit C1 is Hungry
Rabbit C1m ate
Rabbit C1 m is ready to mate
Rabbit C1 m is approaching partner: Rabbit A4f
Rabbit B2 is Hungry
Rabbit B2 m is ready to mate
Rabbit B2 m is approaching partner: Rabbit C0f
Rabbit C0 is Hungry
Rabbit C0f ate
Rabbit C0 f is ready to mate
Rabbit B0 is Hungry
Rabbit B0f ate
Rabbit B0 f is ready to mate
Rabbit A4 is Hungry
Rabbit A4 m is ready to mate
Rabbit A4 m is approaching partner: Rabbit A4f
Rabbit C1 is Hungry
Rabbit C1m ate
Rabbit C1 m is ready to mate
Rabbit C1 m is approaching partner: Rabbit C0f
Rabbit A0 is Hungry
Rabbit A4 is Hungry
Rabbit C0 is Hungry
Lion C5m ate: B2m
Wolf A2 is Hungry
Wolf A2f is chasing: C0f
Wolf A2 f is ready to mate
Wolf A4 is Hungry
Wolf A4f is chasing: C0f
Wolf A4 f is ready to mate
Wolf B1 m is ready to mate
Wolf B2m is running away from: LionC5
Wolf B2 is Hungry
Wolf B2m is chasing: C0f
Wolf B2 m is ready to mate
Rabbit A5 is Hungry
Rabbit A5m ate
Rabbit A5 m is ready to mate
Rabbit A5 m is approaching partner: Rabbit C0f
Rabbit A4 is Hungry
Rabbit A4f ate
Rabbit A4 f is ready to mate
Rabbit C0 is Hungry
Rabbit C0 f is ready to mate
Rabbit A2 is Hungry
Rabbit A2 f is ready to mate
Rabbit C1 is Hungry
Rabbit C1m ate
Rabbit C1 m is ready to mate
Rabbit C1 m is approaching partner: Rabbit A4f
Rabbit B2 is Hungry
Rabbit B2 m is ready to mate
Rabbit B2 m is approaching partner: Rabbit C0f
Rabbit C0 is Hungry
Rabbit C0f ate
Rabbit C0 f is ready to mate
Rabbit B0 is Hungry
Rabbit B0f ate
Rabbit B0 f is ready to mate
Rabbit A4 is Hungry
Rabbit A4 m is ready to mate
Rabbit A4 m is approaching partner: Rabbit A4f
Rabbit C1 is Hungry
Rabbit C1 m is ready to mate
Rabbit C1 m is approaching partner: Rabbit C0f
Rabbit A0 is Hungry
Rabbit A0 f is ready to mate
rabbit A4f Died of Old Age
Rabbit A4 is Hungry
RabbitA4f died of hunger
Rabbit A4f ate
Rabbit A4 f is ready to mate
Rabbit C0 is Hungry
Rabbit C0m ate
Wolf A2 is Hungry
Wolf A2f is chasing: A2f
Wolf A2 is Thirsty
Wolf A2drank water
Wolf A2 f is ready to mate
Wolf A4 is Hungry
Wolf A4f is chasing: C0f
Wolf A4 is Thirsty
Wolf A4drank water
Wolf A4 f is ready to mate
Wolf B1 is Thirsty
Wolf B1drank water
Wolf B1 m is ready to mate
Wolf B2m is running away from: LionC5
Wolf B2 is Hungry
Wolf B2m is chasing: C0f
Wolf B2 is Thirsty
Wolf B2drank water
Wolf B2 m is ready to mate
Rabbit A5 is Hungry
Rabbit A5 m is ready to mate
Rabbit A5 m is approaching partner: Rabbit C0f
Rabbit C3 f was born!Father is A5 and Mother is C0
Rabbit A4 is Hungry
Rabbit A4f ate
Rabbit A4 f is ready to mate
Rabbit C0 is Hungry
Rabbit A2 is Hungry
Rabbit A2 f is ready to mate
Rabbit C1 is Hungry
Rabbit C1 m is ready to mate
Rabbit C1 m is approaching partner: Rabbit A0f
Rabbit B2 is Hungry
Rabbit B2 m is ready to mate
Rabbit B2 m is approaching partner: Rabbit B0f
Rabbit C0 is Hungry
Rabbit C0f ate
Rabbit C0 f is ready to mate
Rabbit B0 is Hungry
Rabbit B0 f is ready to mate
Rabbit A4 is Hungry
Rabbit A4 m is ready to mate
Rabbit A4 m is approaching partner: Rabbit A4f
Rabbit C1 is Hungry
Rabbit C1 m is ready to mate
Rabbit C1 m is approaching partner: Rabbit C0f
Rabbit A0 is Hungry
Rabbit A0 f is ready to mate
Rabbit C0 is Hungry
Rabbit C0 m is ready to mate
Rabbit C0 m is approaching partner: Rabbit B0f
Lion B0 is Thirsty
Lion B0 drank water
Lion B3 is Thirsty
Lion B3 drank water
Lion C5 is Thirsty
Lion C5 drank water
Lion C3 is Thirsty
Lion C3 drank water
Wolf A2 is Hungry
Wolf A2f is chasing: A2f
Wolf A2 is Thirsty
Wolf A2drank water
Wolf A2 f is ready to mate
Wolf A4 is Hungry
Wolf A4f is chasing: C0f
Wolf A4 is Thirsty
Wolf A4drank water
Wolf A4 f is ready to mate
Wolf B1 is Thirsty
Wolf B1drank water
Wolf B1 m is ready to mate
Wolf B2 is Hungry
Wolf B2m is chasing: C0f
Wolf B2 is Thirsty
Wolf B2drank water
Wolf B2 m is ready to mate
Rabbit A5 is Hungry
Rabbit A5 m is ready to mate
Rabbit A5 m is approaching partner: Rabbit B0f
Rabbit A4 is Hungry
Rabbit A4 f is ready to mate
Rabbit C0 is Hungry
Rabbit C0f ate
Rabbit A2 is Hungry
Rabbit A2 f is ready to mate
Rabbit C1 is Hungry
Rabbit C1m ate
Rabbit C1 m is ready to mate
Rabbit C1 m is approaching partner: Rabbit A0f
rabbit B2m Died of Old Age
Rabbit B2 is Hungry
RabbitB2m died of hunger
Rabbit B2 m is ready to mate
Rabbit B2 m is approaching partner: Rabbit B0f
Rabbit C0 is Hungry
Rabbit C0f ate
Rabbit C0 f is ready to mate
Rabbit B0 is Hungry
Rabbit B0f ate
Rabbit B0 f is ready to mate
rabbit A4m Died of Old Age
Rabbit A4 is Hungry
RabbitA4m died of hunger
Rabbit A4 m is ready to mate
Rabbit A4 m is approaching partner: Rabbit A4f
Rabbit C1 is Hungry
Rabbit C1 m is ready to mate
Rabbit C1 m is approaching partner: Rabbit C0f
rabbit A0f Died of Old Age
Rabbit A0 is Hungry
RabbitA0f died of hunger
Rabbit A0f ate
Rabbit A0 f is ready to mate
Rabbit C0 is Hungry
Rabbit C0m ate
Rabbit C0 m is ready to mate
Rabbit C0 m is approaching partner: Rabbit B0f
Rabbit C3 is Hungry
Lion B0 is Thirsty
Lion B0 drank water
Lion B3 is Thirsty
Lion B3 drank water
Lion C5 is Thirsty
Lion C5 drank water
Lion C3 is Thirsty
Lion C3 drank water
Wolf A2 is Hungry
Wolf A2f is chasing: A2f
Wolf A2 f is ready to mate
Wolf A4 is Hungry
Wolf A4f is chasing: C0f
Wolf A4 is Thirsty
Wolf A4drank water
Wolf A4 f is ready to mate
Wolf B1 is Hungry
Wolf B1m is chasing: C0m
Wolf B1 is Thirsty
Wolf B1drank water
Wolf B1 m is ready to mate
Wolf B2 is Hungry
Wolf B2m is chasing: C0f
Wolf B2 is Thirsty
Wolf B2drank water
Wolf B2 m is ready to mate
Rabbit A5 is Hungry
Rabbit A5 m is ready to mate
Rabbit A5 m is approaching partner: Rabbit B0f
Rabbit A4 is Hungry
Rabbit A4 f is ready to mate
Rabbit C0 is Hungry
rabbit A2f Died of Old Age
Rabbit A2 is Hungry
RabbitA2f died of hunger
Rabbit A2f ate
Rabbit A2 f is ready to mate
Rabbit C1 is Hungry
Rabbit C1m ate
Rabbit C1 m is ready to mate
Rabbit C1 m is approaching partner: Rabbit A4f
Rabbit C0 is Hungry
Rabbit C0f ate
Rabbit C0 f is ready to mate
Rabbit B0 is Hungry
Rabbit B0f ate
Rabbit B0 f is ready to mate
rabbit C1m Died of Old Age
Rabbit C1 is Hungry
RabbitC1m died of hunger
Rabbit C1 m is ready to mate
Rabbit C1 m is approaching partner: Rabbit C0f
Rabbit C0 is Hungry
Rabbit C0m ate
Rabbit C0 m is ready to mate
Rabbit C0 m is approaching partner: Rabbit B0f
Rabbit C3 is Hungry
Lion B0 is Thirsty
Lion B0 drank water
Lion B3 is Thirsty
Lion B3 drank water
Lion C5 is Thirsty
Lion C5 drank water
Lion C3 is Thirsty
Lion C3 drank water
Wolf A2 is Hungry
Wolf A2f is chasing: C0f
Wolf A2 f is ready to mate
Wolf A4 is Hungry
Wolf A4f is chasing: C0f
Wolf A4 is Thirsty
Wolf A4drank water
Wolf A4 f is ready to mate
Wolf B1 is Hungry
Wolf B1m is chasing: C0m
Wolf B1 is Thirsty
Wolf B1drank water
Wolf B1 m is ready to mate
Wolf B2m is running away from: LionC3
Wolf B2 is Hungry
Wolf B2m is chasing: C0f
Wolf B2 is Thirsty
Wolf B2drank water
Wolf B2 m is ready to mate
rabbit A5m Died of Old Age
Rabbit A5 is Hungry
RabbitA5m died of hunger
Rabbit A5m ate
Rabbit A5 m is ready to mate
Rabbit A5 m is approaching partner: Rabbit B0f
Rabbit A4 is Hungry
Rabbit A4f ate
Rabbit A4 f is ready to mate
Rabbit C0 is Hungry
Rabbit C0 f is ready to mate
Rabbit C1 is Hungry
Rabbit C1m ate
Rabbit C1 m is ready to mate
Rabbit C1 m is approaching partner: Rabbit A4f
Rabbit C0 is Hungry
Rabbit C0 f is ready to mate
Rabbit B0 is Hungry
Rabbit B0f ate
Rabbit B0 f is ready to mate
Rabbit C0 is Hungry
Rabbit C0m ate
Rabbit C0 m is ready to mate
Rabbit C0 m is approaching partner: Rabbit C0f
Rabbit C3 is Hungry
Rabbit C3 f is ready to mate
Lion B0 is Thirsty
Lion B0 drank water
Lion B3 is Thirsty
Lion B3 drank water
Lion C5 is Thirsty
Lion C5 drank water
Lion C3 is Thirsty
Lion C3 drank water
Wolf A2 is Hungry
Wolf A2f is chasing: C0f
Wolf A2 f is ready to mate
Wolf A4 is Hungry
Wolf A4f is chasing: C0f
Wolf A4 f is ready to mate
Wolf B1 is Hungry
Wolf B1m is chasing: C0m
Wolf B1 is Thirsty
Wolf B1drank water
Wolf B1 m is ready to mate
Wolf B2m is running away from: LionC3
Wolf B2 is Hungry
Wolf B2m is chasing: C0f
Wolf B2 is Thirsty
Wolf B2drank water
Wolf B2 m is ready to mate
Rabbit A4 is Hungry
Rabbit A4 f is ready to mate
Rabbit C0 is Hungry
Rabbit C0 f is ready to mate
Rabbit C1 is Hungry
Rabbit C1m ate
Rabbit C1 m is ready to mate
Rabbit C1 m is approaching partner: Rabbit A4f
Rabbit C0 is Hungry
Rabbit C0 f is ready to mate
Rabbit B0 is Hungry
Rabbit B0f ate
Rabbit B0 f is ready to mate
Rabbit C0 is Hungry
Rabbit C0 m is ready to mate
Rabbit C0 m is approaching partner: Rabbit C3f
rabbit C3f Died of Old Age
Rabbit C3 is Hungry
RabbitC3f died of hunger
Rabbit C3 f is ready to mate
Lion B0 is Thirsty
Lion B0 drank water
Lion B3 is Thirsty
Lion B3 drank water
Lion C5 is Thirsty
Lion C5 drank water
Lion C3 is Thirsty
Lion C3 drank water
Wolf A2 is Hungry
Wolf A2f is chasing: C0f
Wolf A2 f is ready to mate
Wolf A4f is running away from: LionC3
Wolf A4 is Hungry
Wolf A4f is chasing: C0f
Wolf A4 f is ready to mate
Wolf B1 is Hungry
Wolf B1m is chasing: C0m
Wolf B1 is Thirsty
Wolf B1drank water
Wolf B1 m is ready to mate
Wolf B2m is running away from: LionC3
Wolf B2 is Hungry
Wolf B2m is chasing: C0f
Wolf B2 is Thirsty
Wolf B2drank water
Wolf B2 m is ready to mate
Rabbit A4 is Hungry
Rabbit A4 f is ready to mate
rabbit C0f Died of Old Age
Rabbit C0 is Hungry
RabbitC0f died of hunger
Rabbit C0 f is ready to mate
Rabbit C1 is Hungry
Rabbit C1m ate
Rabbit C1 m is ready to mate
Rabbit C1 m is approaching partner: Rabbit A4f
Rabbit C0 is Hungry
Rabbit C0 f is ready to mate
Rabbit B0 is Hungry
Rabbit B0 f is ready to mate
Rabbit C0 is Hungry
Rabbit C0m ate
Rabbit C0 m is ready to mate
Rabbit C0 m is approaching partner: Rabbit B0f
Lion B0 is Thirsty
Lion B0 drank water
Lion B3 is Thirsty
Lion B3 drank water
Lion C5 is Thirsty
Lion C5 drank water
Lion C3 is Thirsty
Lion C3 drank water
Lion C3m ate: A4f
Wolf A2 is Hungry
Wolf A2f is chasing: C0f
Wolf A2 f is ready to mate
Wolf A4 is Hungry
Wolf A4f is chasing: C0f
Wolf A4 f is ready to mate
Wolf B1 is Hungry
Wolf B1m is chasing: C0m
Wolf B1 m is ready to mate
Wolf B2m is running away from: LionC3
Wolf B2 is Hungry
Wolf B2m is chasing: C0f
Wolf B2 is Thirsty
Wolf B2drank water
Wolf B2 m is ready to mate
Rabbit A4 is Hungry
Rabbit A4 f is ready to mate
Rabbit C1 is Hungry
Rabbit C1m ate
Rabbit C1 m is ready to mate
Rabbit C1 m is approaching partner: Rabbit A4f
rabbit C0f Died of Old Age
Rabbit C0 is Hungry
RabbitC0f died of hunger
Rabbit C0f ate
Rabbit C0 f is ready to mate
Rabbit B0 is Hungry
Rabbit B0f ate
Rabbit B0 f is ready to mate
Rabbit C0 is Hungry
Rabbit C0m ate
Rabbit C0 m is ready to mate
Rabbit C0 m is approaching partner: Rabbit B0f
Lion B0 is Thirsty
Lion B0 drank water
Lion B3 is Thirsty
Lion B3 drank water
Lion C5 is Thirsty
Lion C5 drank water
Lion C3 is Thirsty
Lion C3 drank water
Wolf A2 is Hungry
Wolf A2f is chasing: A4f
Wolf A2 f is ready to mate
Wolf A4f is running away from: LionC3
Wolf A4 is Hungry
Wolf A4f is chasing: A4f
Wolf A4 f is ready to mate
Wolf B1 is Hungry
Wolf B1m is chasing: C0m
Wolf B1 m is ready to mate
Wolf B2m is running away from: LionC3
Wolf B2 is Hungry
Wolf B2m is chasing: A4f
Wolf B2 is Thirsty
Wolf B2drank water
Wolf B2 m is ready to mate
rabbit A4f Died of Old Age
Rabbit A4 is Hungry
RabbitA4f died of hunger
Rabbit A4 f is ready to mate
Rabbit C1 is Hungry
Rabbit C1m ate
Rabbit C1 m is ready to mate
Rabbit C1 m is approaching partner: Rabbit B0f
Rabbit B0 is Hungry
Rabbit B0 f is ready to mate
Rabbit C0 is Hungry
Rabbit C0m ate
Rabbit C0 m is ready to mate
Rabbit C0 m is approaching partner: Rabbit B0f
Lion B3 is Thirsty
Lion B3 drank water
Lion C5 is Thirsty
Lion C5 drank water
Lion C3 is Thirsty
Lion C3 drank water
Wolf A2 is Hungry
Wolf A2f is chasing: C1m
Wolf A2 f is ready to mate
Wolf A4 is Hungry
Wolf A4f is chasing: C1m
Wolf A4 f is ready to mate
Wolf B1 is Hungry
Wolf B1m is chasing: C0m
Wolf B1 m is ready to mate
Wolf B2 is Hungry
Wolf B2m is chasing: C1m
Wolf B2 is Thirsty
Wolf B2drank water
Wolf B2 m is ready to mate
Rabbit C1 is Hungry
Rabbit C1m ate
Rabbit C1 m is ready to mate
Rabbit C1 m is approaching partner: Rabbit B0f
Rabbit B0 is Hungry
Rabbit B0f ate
Rabbit B0 f is ready to mate
Rabbit C0 is Hungry
Rabbit C0m ate
Rabbit C0 m is ready to mate
Rabbit C0 m is approaching partner: Rabbit B0f
Lion B3 is Thirsty
Lion B3 drank water
Lion C5 is Thirsty
Lion C5 drank water
Lion C3 is Thirsty
Lion C3 drank water
Wolf A2 is Hungry
Wolf A2f is chasing: C1m
Wolf A2 f is ready to mate
Wolf A4 is Hungry
Wolf A4f is chasing: C1m
Wolf A4 f is ready to mate
Wolf B1 is Hungry
Wolf B1m is chasing: C0m
Wolf B1 m is ready to mate
Wolf B2 is Hungry
Wolf B2m is chasing: C1m
Wolf B2 is Thirsty
Wolf B2drank water
Wolf B2 m is ready to mate
Wolf C5 f was born! Father is B2 and Mother is A4
Rabbit C1 is Hungry
Rabbit C1m ate
Rabbit C1 m is ready to mate
Rabbit C1 m is approaching partner: Rabbit B0f
Rabbit B0 is Hungry
Rabbit B0f ate
Rabbit B0 f is ready to mate
Rabbit C0 is Hungry
Rabbit C0m ate
Rabbit C0 m is ready to mate
Rabbit C0 m is approaching partner: Rabbit B0f
Lion B3 is Thirsty
Lion B3 drank water
Lion C5 is Thirsty
Lion C5 drank water
Lion C3 is Thirsty
Lion C3 drank water
Wolf A2 is Hungry
Wolf A2f is chasing: C1m
Wolf A2 f is ready to mate
Wolf A4 is Hungry
Wolf A4f is chasing: C1m
Wolf B1 is Hungry
Wolf B1m is chasing: C0m
Wolf B1m ate!
Wolf B1 m is ready to mate
Wolf B2 is Hungry
Wolf B2m is chasing: C1m
Wolf B2 is Thirsty
Wolf B2drank water
Wolf B2 m is ready to mate
Rabbit C1 is Thirsty
Rabbit C1 drank water
Rabbit C1 is Hungry
Rabbit C1 m is ready to mate
Rabbit C1 m is approaching partner: Rabbit B0f
Rabbit B0 is Thirsty
Rabbit B0 drank water
Rabbit B0 is Hungry
Rabbit B0f ate
Rabbit B0 f is ready to mate
Lion B0 f is ready to mate
Lion B3 is Thirsty
Lion B3 drank water
Lion B3 m is ready to mate
Lion C5 is Thirsty
Lion C5 drank water
Lion C5 m is ready to mate
Lion C3 is Thirsty
Lion C3 drank water
Lion C3 m is ready to mate
Wolf A2 is Hungry
Wolf A2f is chasing: C1m
Wolf A2 is Thirsty
Wolf A2drank water
Wolf A2 f is ready to mate
Wolf A4 is Hungry
Wolf A4f is chasing: C1m
Wolf B1 m is ready to mate
Wolf B2 is Hungry
Wolf B2m is chasing: C1m
Wolf B2 is Thirsty
Wolf B2drank water
Wolf B2 m is ready to mate
Rabbit C1 is Thirsty
Rabbit C1 drank water
Rabbit C1 is Hungry
Rabbit C1 m is ready to mate
Rabbit C1 m is approaching partner: Rabbit B0f
Rabbit B0 is Thirsty
Rabbit B0 drank water
Rabbit B0 is Hungry
Rabbit B0 f is ready to mate
Lion B0 f is ready to mate
Lion B3 m is ready to mate
Lion C5 is Thirsty
Lion C5 drank water
Lion C5 m is ready to mate
Lion C3 is Thirsty
Lion C3 drank water
Lion C3 m is ready to mate
Wolf A2 is Hungry
Wolf A2f is chasing: C1m
Wolf A2 is Thirsty
Wolf A2drank water
Wolf A2 f is ready to mate
Wolf A4 is Hungry
Wolf A4f is chasing: C1m
Wolf B1 m is ready to mate
Wolf B2 is Hungry
Wolf B2m is chasing: C1m
Wolf B2 is Thirsty
Wolf B2drank water
Wolf B2 m is ready to mate
Rabbit C1 is Thirsty
Rabbit C1 drank water
Rabbit C1 is Hungry
Rabbit C1 m is ready to mate
Rabbit C1 m is approaching partner: Rabbit B0f
Rabbit B0 is Thirsty
Rabbit B0 drank water
Rabbit B0 is Hungry
Rabbit B0 f is ready to mate
Lion B0 f is ready to mate
Lion B3 m is ready to mate
Lion C5 is Thirsty
Lion C5 drank water
Lion C5 m is ready to mate
Lion C3 is Thirsty
Lion C3 drank water
Lion C3 m is ready to mate
Wolf A2 is Hungry
Wolf A2f is chasing: C1m
Wolf A2 is Thirsty
Wolf A2drank water
Wolf A2 f is ready to mate
Wolf A4 is Hungry
Wolf A4f is chasing: C1m
Wolf A4 is Thirsty
Wolf A4drank water
Wolf B1 m is ready to mate
Wolf B2 is Hungry
Wolf B2m is chasing: C1m
Wolf B2 is Thirsty
Wolf B2drank water
Wolf B2 m is ready to mate
rabbit C1m Died of Old Age
Rabbit C1 is Thirsty
Rabbit C1 drank water
Rabbit C1 is Hungry
RabbitC1m died of hunger
Rabbit C1 m is ready to mate
Rabbit C1 m is approaching partner: Rabbit B0f
Rabbit B0 is Hungry
Rabbit B0f ate
Rabbit B0 f is ready to mate
Lion B0 f is ready to mate
Lion B3 m is ready to mate
Lion C5 is Thirsty
Lion C5 drank water
Lion C5 m is ready to mate
Lion C3 is Thirsty
Lion C3 drank water
Lion C3 m is ready to mate
Wolf A2 is Hungry
Wolf A2f is chasing: B0f
Wolf A2 is Thirsty
Wolf A2drank water
Wolf A2 f is ready to mate
Wolf A4 is Hungry
Wolf A4f is chasing: B0f
Wolf A4 is Thirsty
Wolf A4drank water
Wolf B1 m is ready to mate
Wolf B2 is Hungry
Wolf B2m is chasing: B0f
Wolf B2 is Thirsty
Wolf B2drank water
Wolf B2 m is ready to mate
Rabbit B0 is Hungry
Rabbit B0f ate
Rabbit B0 f is ready to mate
Lion B0 f is ready to mate
Lion B3 m is ready to mate
Lion C5 m is ready to mate
Lion C3 m is ready to mate
Wolf A2f Died of Old Age
Wolf A2 is Hungry
Wolf A2f is chasing: B0f
Wolf A2 is Thirsty
Wolf A2drank water
Wolf A2 f is ready to mate
Wolf A4f Died of Old Age
Wolf A4 is Hungry
Wolf A4f is chasing: B0f
Wolf A4 is Thirsty
Wolf A4drank water
Wolf B1 is Thirsty
Wolf B1drank water
Wolf B1 m is ready to mate
No Female Wolf Partner or Female Wolf Partner not ready yet!
Wolf B2m Died of Old Age
Wolf B2 is Hungry
Wolf B2m is chasing: B0f
Wolf B2 is Thirsty
Wolf B2drank water
Wolf B2 m is ready to mate
No Female Wolf Partner or Female Wolf Partner not ready yet!
Rabbit B0 is Hungry
Rabbit B0f ate
Rabbit B0 f is ready to mate
Lion B0 f is ready to mate
Lion B3 m is ready to mate
Lion C5 m is ready to mate
Lion C3 m is ready to mate
Wolf B1 is Thirsty
Wolf B1drank water
Wolf B1 m is ready to mate
No Female Wolf Partner or Female Wolf Partner not ready yet!
Rabbit B0 is Hungry
Rabbit B0 f is ready to mate
Lion B0 is Thirsty
Lion B0 drank water
Lion B0 f is ready to mate
Lion B3 m is ready to mate
Lion C5 m is ready to mate
Lion C3 m is ready to mate
Wolf B1 is Thirsty
Wolf B1drank water
Wolf B1 m is ready to mate
No Female Wolf Partner or Female Wolf Partner not ready yet!
Wolf C5 is Hungry
Wolf C5f is chasing: B0f
Rabbit B0 is Hungry
Rabbit B0 f is ready to mate
Lion B0 is Thirsty
Lion B0 drank water
Lion B0 f is ready to mate
Lion B3 m is ready to mate
Lion C5 m is ready to mate
Lion C3 f was born!Father is C5 and Mother is B0
Lion C3 m is ready to mate
No Female Lion Partner or Female Lion partners are not ready to mate Yet!
Wolf B1 is Hungry
Wolf B1m is chasing: B0f
Wolf B1 is Thirsty
Wolf B1drank water
Wolf B1 m is ready to mate
No Female Wolf Partner or Female Wolf Partner not ready yet!
Wolf C5 is Hungry
Wolf C5f is chasing: B0f
Rabbit B0 is Hungry
Rabbit B0 f is ready to mate
Lion B0 is Thirsty
Lion B0 drank water
Lion B3 m is ready to mate
No Female Lion Partner or Female Lion partners are not ready to mate Yet!
Lion C5 m is ready to mate
No Female Lion Partner or Female Lion partners are not ready to mate Yet!
Lion C3 m is ready to mate
No Female Lion Partner or Female Lion partners are not ready to mate Yet!
Wolf B1 is Hungry
Wolf B1m is chasing: B0f
Wolf B1 is Thirsty
Wolf B1drank water
Wolf B1 m is ready to mate
No Female Wolf Partner or Female Wolf Partner not ready yet!
Wolf C5 is Hungry
Wolf C5f is chasing: B0f
Wolf C5 is Thirsty
Wolf C5drank water
rabbit B0f Died of Old Age
Rabbit B0 is Hungry
RabbitB0f died of hunger
Rabbit B0f ate
Rabbit B0 f is ready to mate
Lion B0 is Thirsty
Lion B0 drank water
Lion B3 m is ready to mate
No Female Lion Partner or Female Lion partners are not ready to mate Yet!
Lion C5 m is ready to mate
No Female Lion Partner or Female Lion partners are not ready to mate Yet!
Lion C3 m is ready to mate
No Female Lion Partner or Female Lion partners are not ready to mate Yet!
Wolf B1 is Hungry
WolfB1m died of hunger
Wolf B1 is Thirsty
Wolf B1drank water
Wolf B1 m is ready to mate
No Female Wolf Partner or Female Wolf Partner not ready yet!
Wolf C5 is Hungry
WolfC5f died of hunger
Wolf C5 is Thirsty
Wolf C5drank water
Lion B0 is Thirsty
Lion B0 drank water
Lion B0 is Hungry
LionB0f died of hunger
Lion B3 is Thirsty
Lion B3 drank water
Lion B3 is Hungry
LionB3m died of hunger
Lion B3 m is ready to mate
No Female Lion Partner or Female Lion partners are not ready to mate Yet!
Lion C5 m is ready to mate
No Female Lion Partner or Female Lion partners are not ready to mate Yet!
Lion C3 m is ready to mate
No Female Lion Partner or Female Lion partners are not ready to mate Yet!
Lion C5 m is ready to mate
No Female Lion Partner or Female Lion partners are not ready to mate Yet!
Lion C3 m is ready to mate
No Female Lion Partner or Female Lion partners are not ready to mate Yet!
Lion C5 m is ready to mate
No Female Lion Partner or Female Lion partners are not ready to mate Yet!
Lion C3 m is ready to mate
No Female Lion Partner or Female Lion partners are not ready to mate Yet!
Lion C5 is Thirsty
Lion C5 drank water
Lion C5 m is ready to mate
No Female Lion Partner or Female Lion partners are not ready to mate Yet!
Lion C3 is Thirsty
Lion C3 drank water
Lion C3 m is ready to mate
No Female Lion Partner or Female Lion partners are not ready to mate Yet!
Lion C5 is Thirsty
Lion C5 drank water
Lion C5 m is ready to mate
No Female Lion Partner or Female Lion partners are not ready to mate Yet!
Lion C3 is Thirsty
Lion C3 drank water
Lion C3 m is ready to mate
No Female Lion Partner or Female Lion partners are not ready to mate Yet!
Lion C5 is Thirsty
Lion C5 drank water
Lion C5 m is ready to mate
No Female Lion Partner or Female Lion partners are not ready to mate Yet!
Lion C3 is Thirsty
Lion C3 drank water
Lion C3 m is ready to mate
No Female Lion Partner or Female Lion partners are not ready to mate Yet!
Lion C5 m is ready to mate
No Female Lion Partner or Female Lion partners are not ready to mate Yet!
Lion C3 m is ready to mate
No Female Lion Partner or Female Lion partners are not ready to mate Yet!
Lion C5 m is ready to mate
No Female Lion Partner or Female Lion partners are not ready to mate Yet!
Lion C3 m is ready to mate
No Female Lion Partner or Female Lion partners are not ready to mate Yet!
Lion C3 is Thirsty
Lion C3 drank water
Lion C5 is Hungry
LionC5m died of hunger
Lion C5 m is ready to mate
No Female Lion Partner or Female Lion partners are not ready to mate Yet!
Lion C3 m is ready to mate
No Female Lion Partner or Female Lion partners are not ready to mate Yet!
Lion C3 is Thirsty
Lion C3 drank water
Lion C3 m is ready to mate
No Female Lion Partner or Female Lion partners are not ready to mate Yet!
Lion C3 is Thirsty
Lion C3 drank water
Lion C3 m is ready to mate
No Female Lion Partner or Female Lion partners are not ready to mate Yet!
Lion C3 is Thirsty
Lion C3 drank water
Lion C3 m is ready to mate
No Female Lion Partner or Female Lion partners are not ready to mate Yet!
Lion C3 m is ready to mate
No Female Lion Partner or Female Lion partners are not ready to mate Yet!
Lion C3 m is ready to mate
No Female Lion Partner or Female Lion partners are not ready to mate Yet!
Lion C3 m is ready to mate
No Female Lion Partner or Female Lion partners are not ready to mate Yet!
Lion C3 is Thirsty
Lion C3 drank water
Lion C3 is Hungry
LionC3m died of hunger
Lion C3 m is ready to mate
No Female Lion Partner or Female Lion partners are not ready to mate Yet!
Lion C3 is Thirsty
Lion C3 drank water
Lion C3 is Thirsty
Lion C3 drank water
Lion C3 is Thirsty
Lion C3 drank water
Lion C3 is Hungry
LionC3f died of hunger
