Wolf B5f is running away from: LionC4
Wolf C5m is running away from: LionB2
Wolf B3m is running away from: LionB2
Wolf B3m ate!
Wolf A4m is running away from: LionC4
Wolf B4f is running away from: LionC4
Wolf C0f is running away from: LionC4
Wolf C1f is running away from: LionB2
Wolf C4m is running away from: LionC4
Rabbit C1f is running away from: LionC5
Rabbit C1f is running away from: WolfC5
Rabbit C1 is Hungry
Rabbit C1f ate
Rabbit B4f is running away from: LionC5
Rabbit B4f is running away from: WolfC5
Rabbit B4 is Hungry
Rabbit B4f ate
Rabbit C3f is running away from: LionB2
Rabbit C3f is running away from: WolfC5
Rabbit C3 is Hungry
Rabbit C3f ate
Rabbit A3m is running away from: LionC4
Rabbit A3m is running away from: WolfB4
Rabbit A3 is Hungry
Rabbit A3m ate
Rabbit C3f is running away from: LionC5
Rabbit C3f is running away from: WolfC5
Rabbit C3 is Hungry
Rabbit C3f ate
Rabbit B5m is running away from: LionC5
Rabbit B5m is running away from: WolfB3
Rabbit B5 is Hungry
Rabbit B5m ate
Rabbit A0f is running away from: LionA4
Rabbit A0f is running away from: WolfB3
Rabbit A0 is Hungry
Rabbit A0f ate
Rabbit A2m is running away from: LionB2
Rabbit A2m is running away from: WolfC1
Rabbit A2 is Hungry
Rabbit A2m ate
Rabbit C2f is running away from: LionB0
Rabbit C2f is running away from: WolfB3
Rabbit C2 is Hungry
Rabbit C2f ate
Rabbit C5m is running away from: LionB2
Rabbit C5m is running away from: WolfC5
Rabbit C5 is Hungry
Rabbit C5m ate
Rabbit C4f is running away from: LionB2
Rabbit C4f is running away from: WolfC1
Rabbit C4 is Hungry
Rabbit C4f ate
Rabbit C5m is running away from: LionC4
Rabbit C5m is running away from: WolfB4
Rabbit C5 is Hungry
Rabbit C5m ate
Rabbit B1m is running away from: LionB2
Rabbit B1m is running away from: WolfB3
Rabbit B1 is Hungry
Rabbit B1m ate
Rabbit C5f is running away from: LionC5
Rabbit C5f is running away from: WolfC5
Rabbit C5 is Hungry
Rabbit C5f ate
Rabbit A3f is running away from: LionB2
Rabbit A3f is running away from: WolfC5
Rabbit A3 is Hungry
Rabbit A3f ate
Rabbit A1m is running away from: LionC5
Rabbit A1m is running away from: WolfC5
Rabbit A1 is Hungry
Rabbit A1m ate
Rabbit C5m is running away from: LionB2
Rabbit C5m is running away from: WolfC1
Rabbit C5 is Hungry
Rabbit C5m ate
Rabbit B3m is running away from: LionC4
Rabbit B3m is running away from: WolfC0
Rabbit B3 is Hungry
Rabbit B3m ate
Rabbit B2f is running away from: LionB2
Rabbit B2f is running away from: WolfB3
Rabbit B2 is Hungry
Rabbit B2f ate
Wolf B5f is running away from: LionC4
Wolf B5 is Hungry
Wolf B5f is chasing: C4f
Wolf C5m is running away from: LionB2
Wolf C5 is Hungry
Wolf C5m is chasing: C5m
Wolf B3m is running away from: LionB2
Wolf A4m is running away from: LionC4
Wolf A4 is Hungry
Wolf A4m is chasing: C4f
Wolf B4f is running away from: LionC4
Wolf B4 is Hungry
Wolf B4f is chasing: B3m
Wolf C0f is running away from: LionC4
Wolf C0 is Hungry
Wolf C0f is chasing: B3m
Wolf C1f is running away from: LionC4
Wolf C1 is Hungry
Wolf C1f is chasing: C5m
Wolf C1f ate!
Wolf C4m is running away from: LionC4
Wolf C4 is Hungry
Wolf C4m is chasing: A3m
Rabbit C1f is running away from: LionC5
Rabbit C1f is running away from: WolfC5
Rabbit C1 is Hungry
Rabbit C1f ate
Rabbit B4f is running away from: LionC5
Rabbit B4f is running away from: WolfC5
Rabbit B4 is Hungry
Rabbit B4f ate
Rabbit C3f is running away from: LionB2
Rabbit C3f is running away from: WolfC5
Rabbit C3 is Hungry
Rabbit C3f ate
Rabbit A3m is running away from: LionC4
Rabbit A3m is running away from: WolfB4
Rabbit A3 is Hungry
Rabbit C3f is running away from: LionC5
Rabbit C3f is running away from: WolfC5
Rabbit C3 is Hungry
Rabbit C3f ate
Rabbit B5m is running away from: LionC5
Rabbit B5m is running away from: WolfB3
Rabbit B5 is Hungry
Rabbit B5m ate
Rabbit A0f is running away from: LionA4
Rabbit A0f is running away from: WolfB3
Rabbit A0 is Hungry
Rabbit A0f ate
Rabbit A2m is running away from: LionB2
Rabbit A2m is running away from: WolfC1
Rabbit A2 is Hungry
Rabbit A2m ate
Rabbit C2f is running away from: LionB0
Rabbit C2f is running away from: WolfB3
Rabbit C2 is Hungry
Rabbit C5m is running away from: LionB2
Rabbit C5m is running away from: WolfC5
Rabbit C5 is Hungry
Rabbit C4f is running away from: LionC4
Rabbit C4f is running away from: WolfC1
Rabbit C4 is Hungry
Rabbit C4f ate
Rabbit C5m is running away from: LionC4
Rabbit C5m is running away from: WolfB4
Rabbit C5 is Hungry
Rabbit B1m is running away from: LionB0
Rabbit B1m is running away from: WolfB3
Rabbit B1 is Hungry
Rabbit B1m ate
Rabbit C5f is running away from: LionC5
Rabbit C5f is running away from: WolfC5
Rabbit C5 is Hungry
Rabbit C5f ate
Rabbit A3f is running away from: LionC5
Rabbit A3f is running away from: WolfC5
Rabbit A3 is Hungry
Rabbit A3f ate
Rabbit A1m is running away from: LionC5
Rabbit A1m is running away from: WolfC5
Rabbit A1 is Hungry
Rabbit B3m is running away from: LionC4
Rabbit B3m is running away from: WolfB4
Rabbit B3 is Hungry
Rabbit B3m ate
Rabbit B2f is running away from: LionB2
Rabbit B2f is running away from: WolfB3
Rabbit B2 is Hungry
Wolf B5f is running away from: LionC4
Wolf B5 is Hungry
Wolf B5f is chasing: C4f
Wolf B5f ate!
Wolf C5m is running away from: LionB2
Wolf C5 is Hungry
Wolf C5m is chasing: C5m
Wolf B3m is running away from: LionB2
Wolf B3 is Hungry
Wolf B3m is chasing: B2f
Wolf A4m is running away from: LionC4
Wolf A4 is Hungry
Wolf A4m is chasing: B3m
Wolf B4f is running away from: LionC4
Wolf B4 is Hungry
Wolf B4f is chasing: A3m
Wolf C0f is running away from: LionC4
Wolf C0 is Hungry
Wolf C0f is chasing: B3m
Wolf C1f is running away from: LionB2
Wolf C4m is running away from: LionC4
Wolf C4 is Hungry
Wolf C4m is chasing: C5m
Rabbit C1f is running away from: LionC5
Rabbit C1f is running away from: WolfC5
Rabbit C1 is Hungry
Rabbit C1f ate
Rabbit B4f is running away from: LionC5
Rabbit B4f is running away from: WolfC5
Rabbit B4 is Hungry
Rabbit B4f ate
Rabbit C3f is running away from: LionB2
Rabbit C3f is running away from: WolfC5
Rabbit C3 is Hungry
Rabbit A3m is running away from: LionC4
Rabbit A3m is running away from: WolfB4
Rabbit A3 is Hungry
Rabbit A3m ate
Rabbit C3f is running away from: LionC5
Rabbit C3f is running away from: WolfC5
Rabbit C3 is Hungry
Rabbit B5m is running away from: LionC5
Rabbit B5m is running away from: WolfC5
Rabbit B5 is Hungry
Rabbit B5m ate
Rabbit A0f is running away from: LionA4
Rabbit A0f is running away from: WolfC5
Rabbit A0 is Hungry
Rabbit A0f ate
Rabbit A2m is running away from: LionB2
Rabbit A2m is running away from: WolfB3
Rabbit A2 is Hungry
Rabbit A2m ate
Rabbit C2f is running away from: LionB0
Rabbit C2f is running away from: WolfB3
Rabbit C2 is Hungry
Rabbit C5m is running away from: LionB2
Rabbit C5m is running away from: WolfC5
Rabbit C5 is Hungry
Rabbit C5m is running away from: LionC4
Rabbit C5m is running away from: WolfB4
Rabbit C5 is Hungry
Rabbit B1m is running away from: LionC5
Rabbit B1m is running away from: WolfB3
Rabbit B1 is Hungry
Rabbit B1m ate
Rabbit C5f is running away from: LionC5
Rabbit C5f is running away from: WolfC5
Rabbit C5 is Hungry
Rabbit A3f is running away from: LionB2
Rabbit A3f is running away from: WolfC5
Rabbit A3 is Hungry
Rabbit A3f ate
Rabbit A1m is running away from: LionC5
Rabbit A1m is running away from: WolfC5
Rabbit A1 is Hungry
Rabbit B3m is running away from: LionC4
Rabbit B3m is running away from: WolfB4
Rabbit B3 is Hungry
Rabbit B3m ate
Rabbit B2f is running away from: LionB2
Rabbit B2f is running away from: WolfB3
Rabbit B2 is Hungry
Wolf B5f is running away from: LionC4
Wolf B5 f is ready to mate
Wolf C5m is running away from: LionB2
Wolf C5 is Hungry
Wolf C5m is chasing: C5m
Wolf C5 m is ready to mate
Wolf B3m is running away from: LionB2
Wolf B3 is Hungry
Wolf B3m is chasing: B2f
Wolf B3 m is ready to mate
Wolf A4m is running away from: LionC4
Wolf A4 is Hungry
Wolf A4m is chasing: B3m
Wolf A4 m is ready to mate
Wolf B4f is running away from: LionC4
Wolf B4 is Hungry
Wolf B4f is chasing: A3m
Wolf B4 f is ready to mate
Wolf C0f is running away from: LionC4
Wolf C0 is Hungry
Wolf C0f is chasing: B3m
Wolf C0 f is ready to mate
Wolf C1f is running away from: LionC4
Wolf C1 is Hungry
Wolf C1f is chasing: C5m
Wolf C1 f is ready to mate
Wolf C4m is running away from: LionC4
Wolf C4 is Hungry
Wolf C4m is chasing: A3m
Wolf C4 m is ready to mate
Rabbit C1f is running away from: LionB0
Rabbit C1f is running away from: WolfC5
Rabbit C1 is Hungry
Rabbit B4f is running away from: LionB0
Rabbit B4f is running away from: WolfC5
Rabbit B4 is Hungry
Rabbit B4f ate
Rabbit C3f is running away from: LionB2
Rabbit C3f is running away from: WolfC5
Rabbit C3 is Hungry
Rabbit C3f ate
Rabbit A3m is running away from: LionC4
Rabbit A3m is running away from: WolfB4
Rabbit A3 is Hungry
Rabbit A3m ate
Rabbit C3f is running away from: LionC5
Rabbit C3f is running away from: WolfC5
Rabbit C3 is Hungry
Rabbit C3f ate
Rabbit B5m is running away from: LionB0
Rabbit B5m is running away from: WolfC1
Rabbit B5 is Hungry
Rabbit B5m ate
Rabbit A0f is running away from: LionA4
Rabbit A0f is running away from: WolfC5
Rabbit A0 is Hungry
Rabbit A0f ate
Rabbit A2m is running away from: LionC5
Rabbit A2m is running away from: WolfB3
Rabbit A2 is Hungry
Rabbit A2m ate
Rabbit C2f is running away from: LionC5
Rabbit C2f is running away from: WolfB3
Rabbit C2 is Hungry
Rabbit C2f ate
Rabbit C5m is running away from: LionB2
Rabbit C5m is running away from: WolfC5
Rabbit C5 is Hungry
Rabbit C5m is running away from: LionC4
Rabbit C5m is running away from: WolfB4
Rabbit C5 is Hungry
Rabbit B1m is running away from: LionB2
Rabbit B1m is running away from: WolfB3
Rabbit B1 is Hungry
Rabbit B1m ate
Rabbit C5f is running away from: LionB0
Rabbit C5f is running away from: WolfC5
Rabbit C5 is Hungry
Rabbit A3f is running away from: LionC5
Rabbit A3f is running away from: WolfC5
Rabbit A3 is Hungry
Rabbit A3f ate
Rabbit A1m is running away from: LionB0
Rabbit A1m is running away from: WolfC5
Rabbit A1 is Hungry
Rabbit B3m is running away from: LionC4
Rabbit B3m is running away from: WolfB4
Rabbit B3 is Hungry
Rabbit B3m ate
Rabbit B2f is running away from: LionB2
Rabbit B2f is running away from: WolfB3
Rabbit B2 is Hungry
Wolf B5f is running away from: LionC4
Wolf B5 is Hungry
Wolf B5f is chasing: B2f
Wolf B5 f is ready to mate
Wolf C5m is running away from: LionC4
Wolf C5 is Hungry
Wolf C5m is chasing: C5m
Wolf C5 m is ready to mate
Wolf B3m is running away from: LionB2
Wolf B3 is Hungry
Wolf B3m is chasing: B2f
Wolf B3 m is ready to mate
Wolf A4m is running away from: LionC4
Wolf A4 is Hungry
Wolf A4m is chasing: B2f
Wolf A4 m is ready to mate
Wolf B4f is running away from: LionC4
Wolf B4f ate!
Wolf B4 f is ready to mate
Wolf C0f is running away from: LionC4
Wolf C0 is Hungry
Wolf C0f is chasing: B3m
Wolf C0 f is ready to mate
Wolf C1f is running away from: LionC4
Wolf C1 is Hungry
Wolf C1f is chasing: C5m
Wolf C1 f is ready to mate
Wolf C4m is running away from: LionC4
Wolf C4 is Hungry
Wolf C4m is chasing: C5m
Wolf C4 m is ready to mate
Rabbit C1f is running away from: LionB0
Rabbit C1f is running away from: WolfB5
Rabbit C1 is Hungry
Rabbit C1f ate
Rabbit C1 f is ready to mate
Rabbit B4f is running away from: LionB0
Rabbit B4f is running away from: WolfC5
Rabbit B4 is Hungry
Rabbit B4f ate
Rabbit B4 f is ready to mate
Rabbit C3f is running away from: LionC5
Rabbit C3f is running away from: WolfC5
Rabbit C3 is Hungry
Rabbit C3f ate
Rabbit C3 f is ready to mate
Rabbit C3f is running away from: LionC5
Rabbit C3f is running away from: WolfC5
Rabbit C3 is Hungry
Rabbit C3f ate
Rabbit C3 f is ready to mate
Rabbit B5m is running away from: LionB0
Rabbit B5m is running away from: WolfB5
Rabbit B5 is Hungry
Rabbit B5m ate
Rabbit B5 m is ready to mate
Rabbit B5 m is approaching partner: Rabbit A0f
Rabbit A0f is running away from: LionB0
Rabbit A0f is running away from: WolfB5
Rabbit A0 is Hungry
Rabbit A0 f is ready to mate
Rabbit A2m is running away from: LionC5
Rabbit A2m is running away from: WolfB5
Rabbit A2 is Hungry
Rabbit A2m ate
Rabbit A2 m is ready to mate
Rabbit A2 m is approaching partner: Rabbit C2f
Rabbit C2f is running away from: LionC5
Rabbit C2f is running away from: WolfB3
Rabbit C2 is Hungry
Rabbit C2 f is ready to mate
Rabbit C5m is running away from: LionB2
Rabbit C5m is running away from: WolfC5
Rabbit C5 is Hungry
RabbitC5m died of hunger
Rabbit C5m ate
Rabbit C5 m is ready to mate
Rabbit C5 m is approaching partner: Rabbit C3f
Rabbit C5m is running away from: LionC4
Rabbit C5m is running away from: WolfB4
Rabbit C5 is Hungry
RabbitC5m died of hunger
Rabbit C5 m is ready to mate
Rabbit C5 m is approaching partner: Rabbit B2f
Rabbit B1m is running away from: LionC5
Rabbit B1m is running away from: WolfB3
Rabbit B1 is Hungry
Rabbit B1m ate
Rabbit B1 m is ready to mate
Rabbit B1 m is approaching partner: Rabbit C2f
Rabbit C5f is running away from: LionB0
Rabbit C5f is running away from: WolfC5
Rabbit C5 is Hungry
Rabbit C5 f is ready to mate
Rabbit A3f is running away from: LionC5
Rabbit A3f is running away from: WolfC5
Rabbit A3 is Hungry
Rabbit A3f ate
Rabbit A3 f is ready to mate
Rabbit A1m is running away from: LionB0
Rabbit A1m is running away from: WolfC5
Rabbit A1 is Hungry
RabbitA1m died of hunger
Rabbit A1 m is ready to mate
Rabbit A1 m is approaching partner: Rabbit C5f
Rabbit B3m is running away from: LionC4
Rabbit B3m is running away from: WolfB4
Rabbit B3 is Hungry
Rabbit B3m ate
Rabbit B3 m is ready to mate
Rabbit B3 m is approaching partner: Rabbit B2f
Rabbit B2f is running away from: LionB2
Rabbit B2f is running away from: WolfB3
Rabbit B2 is Hungry
RabbitB2f died of hunger
Rabbit B2 f is ready to mate
Wolf B5f is running away from: LionB2
Wolf B5 is Hungry
Wolf B5f is chasing: B1m
Wolf B5 f is ready to mate
Wolf C5m is running away from: LionB2
Wolf C5 is Hungry
WolfC5m died of hunger
Wolf C5m is chasing: B3m
Wolf C5 m is ready to mate
Wolf B3m is running away from: LionB2
Wolf B3 is Hungry
Wolf B3m is chasing: B1m
Wolf B3 m is ready to mate
Wolf A4m is running away from: LionC4
Wolf A4 is Hungry
WolfA4m died of hunger
Wolf A4m is chasing: B1m
Wolf A4 m is ready to mate
Wolf B4f is running away from: LionC4
Wolf B4 f is ready to mate
Wolf C0f is running away from: LionC4
Wolf C0 is Hungry
WolfC0f died of hunger
Wolf C0f is chasing: B3m
Wolf C0 f is ready to mate
Wolf C1f is running away from: LionB2
Wolf C1 is Hungry
Wolf C1f is chasing: B3m
Wolf C1 f is ready to mate
Wolf C4m is running away from: LionC4
Wolf C4 is Hungry
WolfC4m died of hunger
Wolf C4m is chasing: B3m
Wolf C4 m is ready to mate
Rabbit C1f is running away from: LionB0
Rabbit C1f is running away from: WolfC1
Rabbit C1 is Hungry
Rabbit C1 f is ready to mate
Rabbit B4f is running away from: LionB0
Rabbit B4f is running away from: WolfC1
Rabbit B4 is Hungry
Rabbit B4 f is ready to mate
Rabbit C3f is running away from: LionC5
Rabbit C3f is running away from: WolfC1
Rabbit C3 is Hungry
Rabbit C3 f is ready to mate
Rabbit C3f is running away from: LionC5
Rabbit C3f is running away from: WolfC1
Rabbit C3 is Hungry
Rabbit C3f ate
Rabbit C3 f is ready to mate
Rabbit B5m is running away from: LionB0
Rabbit B5m is running away from: WolfB3
Rabbit B5 is Hungry
Rabbit B5m ate
Rabbit B5 m is ready to mate
Rabbit B5 m is approaching partner: Rabbit A0f
Rabbit A0f is running away from: LionB0
Rabbit A0f is running away from: WolfB3
Rabbit A0 is Hungry
Rabbit A0f ate
Rabbit A0 f is ready to mate
Rabbit A2m is running away from: LionC5
Rabbit A2m is running away from: WolfB5
Rabbit A2 is Hungry
Rabbit A2m ate
Rabbit A2 m is ready to mate
Rabbit A2 m is approaching partner: Rabbit C2f
Rabbit C2f is running away from: LionC5
Rabbit C2f is running away from: WolfB3
Rabbit C2 is Hungry
Rabbit C2f ate
Rabbit C2 f is ready to mate
Rabbit B1m is running away from: LionC5
Rabbit B1m is running away from: WolfB3
Rabbit B1 is Hungry
Rabbit B1m ate
Rabbit B1 m is ready to mate
Rabbit B1 m is approaching partner: Rabbit C2f
Rabbit C5f is running away from: LionB0
Rabbit C5f is running away from: WolfC1
Rabbit C5 is Hungry
RabbitC5f died of hunger
Rabbit C5 f is ready to mate
Rabbit A3f is running away from: LionC5
Rabbit A3f is running away from: WolfC1
Rabbit A3 is Hungry
Rabbit A3f ate
Rabbit A3 f is ready to mate
Rabbit B3m is running away from: LionC4
Rabbit B3m is running away from: WolfB4
Rabbit B3 is Hungry
Rabbit B3m ate
Rabbit B3 m is ready to mate
Rabbit B3 m is approaching partner: Rabbit C2f
Wolf B5f is running away from: LionB2
Wolf B5 is Hungry
Wolf B5f is chasing: B1m
Wolf B5 f is ready to mate
Wolf B3m is running away from: LionB2
Wolf B3 is Hungry
WolfB3m died of hunger
Wolf B3m is chasing: B1m
Wolf B3 m is ready to mate
Wolf B4f is running away from: LionC4
Wolf B4 is Hungry
Wolf B4f is chasing: B3m
Wolf B4 f is ready to mate
Wolf C1f is running away from: LionC4
Wolf C1 is Hungry
Wolf C1f is chasing: B3m
Wolf C1 f is ready to mate
Rabbit C1f is running away from: LionB0
Rabbit C1f is running away from: WolfC1
Rabbit C1 is Hungry
Rabbit C1 f is ready to mate
Rabbit B4f is running away from: LionB0
Rabbit B4f is running away from: WolfC1
Rabbit B4 is Hungry
Rabbit B4 f is ready to mate
Rabbit C3f is running away from: LionC5
Rabbit C3f is running away from: WolfC1
Rabbit C3 is Hungry
Rabbit C3f ate
Rabbit C3 f is ready to mate
Rabbit C3f is running away from: LionC5
Rabbit C3f is running away from: WolfC1
Rabbit C3 is Hungry
Rabbit C3 f is ready to mate
Rabbit B5m is running away from: LionB0
Rabbit B5m is running away from: WolfB5
Rabbit B5 is Hungry
Rabbit B5 m is ready to mate
Rabbit B5 m is approaching partner: Rabbit A0f
Rabbit B4 f was born!Father is B5 and Mother is A0
Rabbit A0f is running away from: LionB0
Rabbit A0f is running away from: WolfC1
Rabbit A0 is Hungry
Rabbit A2m is running away from: LionC5
Rabbit A2m is running away from: WolfB5
Rabbit A2 is Hungry
Rabbit A2 m is ready to mate
Rabbit A2 m is approaching partner: Rabbit C2f
Rabbit C2f is running away from: LionA4
Rabbit C2f is running away from: WolfB5
Rabbit C2 is Hungry
Rabbit C2 f is ready to mate
Rabbit B1m is running away from: LionC5
Rabbit B1m is running away from: WolfB5
Rabbit B1 is Hungry
Rabbit B1m ate
Rabbit B1 m is ready to mate
Rabbit B1 m is approaching partner: Rabbit C2f
Rabbit A3f is running away from: LionB0
Rabbit A3f is running away from: WolfC1
Rabbit A3 is Hungry
Rabbit A3f ate
Rabbit A3 f is ready to mate
Rabbit B3m is running away from: LionC4
Rabbit B3m is running away from: WolfB4
Rabbit B3 is Hungry
Rabbit B3m ate
Rabbit B3 m is ready to mate
Rabbit B3 m is approaching partner: Rabbit C2f
Wolf B5f is running away from: LionB2
Wolf B5 is Hungry
Wolf B5f is chasing: B1m
Wolf B5 f is ready to mate
Wolf B4f is running away from: LionC4
Wolf B4 is Hungry
Wolf B4f is chasing: B3m
Wolf B4 f is ready to mate
Wolf C1f is running away from: LionC4
Wolf C1 is Hungry
WolfC1f died of hunger
Wolf C1f is chasing: B3m
Wolf C1 f is ready to mate
Rabbit C1f is running away from: LionB0
Rabbit C1f is running away from: WolfB5
Rabbit C1 is Hungry
Rabbit C1 f is ready to mate
Rabbit B4f is running away from: LionB0
Rabbit B4f is running away from: WolfB5
Rabbit B4 is Hungry
Rabbit B4 f is ready to mate
Rabbit C3f is running away from: LionB0
Rabbit C3f is running away from: WolfB5
Rabbit C3 is Hungry
Rabbit C3f ate
Rabbit C3 f is ready to mate
Rabbit C3f is running away from: LionB0
Rabbit C3f is running away from: WolfB5
Rabbit C3 is Hungry
Rabbit C3f ate
Rabbit C3 f is ready to mate
Rabbit B5m is running away from: LionB0
Rabbit B5m is running away from: WolfB5
Rabbit B5 is Hungry
Rabbit B5 m is ready to mate
Rabbit B5 m is approaching partner: Rabbit C1f
Rabbit A0f is running away from: LionB0
Rabbit A0f is running away from: WolfB5
Rabbit A0 is Hungry
Rabbit A0f ate
Rabbit A2m is running away from: LionC5
Rabbit A2m is running away from: WolfB5
Rabbit A2 is Hungry
Rabbit A2 m is ready to mate
Rabbit A2 m is approaching partner: Rabbit C2f
Rabbit C2f is running away from: LionA4
Rabbit C2f is running away from: WolfB5
Rabbit C2 is Hungry
Rabbit C2 f is ready to mate
Rabbit B1m is running away from: LionC5
Rabbit B1m is running away from: WolfB5
Rabbit B1 is Hungry
Rabbit B1m ate
Rabbit B1 m is ready to mate
Rabbit B1 m is approaching partner: Rabbit C2f
Rabbit B4 f was born!Father is B1 and Mother is C2
Rabbit A3f is running away from: LionB0
Rabbit A3f is running away from: WolfB5
Rabbit A3 is Hungry
Rabbit A3 f is ready to mate
Rabbit B3m is running away from: LionC4
Rabbit B3m is running away from: WolfB4
Rabbit B3 is Hungry
Rabbit B3m ate
Rabbit B3 m is ready to mate
Rabbit B3 m is approaching partner: Rabbit C3f
Rabbit B4f is running away from: LionB0
Rabbit B4f is running away from: WolfB5
Rabbit B4 is Hungry
Rabbit B4f ate
Wolf B5f is running away from: LionB2
Wolf B5 is Hungry
WolfB5f died of hunger
Wolf B5f is chasing: B1m
Wolf B5 f is ready to mate
Wolf B4f is running away from: LionC4
Wolf B4 is Hungry
Wolf B4f is chasing: B3m
Wolf B4 f is ready to mate
Rabbit C1f is running away from: LionB0
Rabbit C1f is running away from: WolfB4
Rabbit C1 is Hungry
RabbitC1f died of hunger
Rabbit C1 f is ready to mate
Rabbit B4f is running away from: LionB0
Rabbit B4f is running away from: WolfB4
Rabbit B4 is Hungry
RabbitB4f died of hunger
Rabbit B4f ate
Rabbit B4 f is ready to mate
Rabbit C3f is running away from: LionB0
Rabbit C3f is running away from: WolfB4
Rabbit C3 is Hungry
Rabbit C3 f is ready to mate
Rabbit C3f is running away from: LionB0
Rabbit C3f is running away from: WolfB4
Rabbit C3 is Hungry
Rabbit C3f ate
Rabbit C3 f is ready to mate
Rabbit B5m is running away from: LionB0
Rabbit B5m is running away from: WolfB4
Rabbit B5 is Hungry
Rabbit B5 m is ready to mate
Rabbit B5 m is approaching partner: Rabbit C3f
Rabbit A0f is running away from: LionB0
Rabbit A0f is running away from: WolfB4
Rabbit A0 is Hungry
Rabbit A2m is running away from: LionC5
Rabbit A2m is running away from: WolfB4
Rabbit A2 is Hungry
Rabbit A2m ate
Rabbit A2 m is ready to mate
Rabbit A2 m is approaching partner: Rabbit C3f
Rabbit C2f is running away from: LionA4
Rabbit C2f is running away from: WolfB4
Rabbit C2 is Hungry
Rabbit B1m is running away from: LionA4
Rabbit B1m is running away from: WolfB4
Rabbit B1 is Hungry
Rabbit B1 m is ready to mate
Rabbit B1 m is approaching partner: Rabbit C3f
Rabbit A3f is running away from: LionB0
Rabbit A3f is running away from: WolfB4
Rabbit A3 is Hungry
Rabbit A3 f is ready to mate
Rabbit B3m is running away from: LionC4
Rabbit B3m is running away from: WolfB4
Rabbit B3 is Hungry
Rabbit B3m ate
Rabbit B3 m is ready to mate
Rabbit B3 m is approaching partner: Rabbit C3f
Rabbit B4f is running away from: LionB0
Rabbit B4f is running away from: WolfB4
Rabbit B4 is Hungry
Rabbit B4f ate
Rabbit B4f is running away from: LionA4
Rabbit B4f is running away from: WolfB4
Rabbit B4 is Hungry
Wolf B4f is running away from: LionC4
Wolf B4 is Hungry
Wolf B4f is chasing: B3m
Wolf B4 f is ready to mate
Rabbit C3 is Thirsty
Rabbit C3 drank water
Rabbit C3f is running away from: LionC5
Rabbit C3f is running away from: WolfB4
Rabbit C3 is Hungry
Rabbit C3 f is ready to mate
Rabbit C3 is Thirsty
Rabbit C3 drank water
Rabbit C3f is running away from: LionC5
Rabbit C3f is running away from: WolfB4
Rabbit C3 is Hungry
Rabbit C3 f is ready to mate
Rabbit B5 is Thirsty
Rabbit B5 drank water
Rabbit B5m is running away from: LionA4
Rabbit B5m is running away from: WolfB4
Rabbit B5 is Hungry
RabbitB5m died of hunger
Rabbit B5 m is ready to mate
Rabbit B5 m is approaching partner: Rabbit A3f
Rabbit A0 is Thirsty
Rabbit A0 drank water
Rabbit A0f is running away from: LionA4
Rabbit A0f is running away from: WolfB4
Rabbit A0 is Hungry
Rabbit A2 is Thirsty
Rabbit A2 drank water
Rabbit A2m is running away from: LionC5
Rabbit A2m is running away from: WolfB4
Rabbit A2 is Hungry
Rabbit A2m ate
Rabbit A2 m is ready to mate
Rabbit A2 m is approaching partner: Rabbit C3f
Rabbit C2 is Thirsty
Rabbit C2 drank water
Rabbit C2f is running away from: LionB0
Rabbit C2f is running away from: WolfB4
Rabbit C2 is Hungry
RabbitC2f died of hunger
Rabbit B1 is Thirsty
Rabbit B1 drank water
Rabbit B1m is running away from: LionB0
Rabbit B1m is running away from: WolfB4
Rabbit B1 is Hungry
Rabbit B1 m is ready to mate
Rabbit B1 m is approaching partner: Rabbit C3f
Rabbit A3 is Thirsty
Rabbit A3 drank water
Rabbit A3f is running away from: LionC5
Rabbit A3f is running away from: WolfB4
Rabbit A3 is Hungry
Rabbit A3 f is ready to mate
Rabbit B3 is Thirsty
Rabbit B3 drank water
Rabbit B3m is running away from: LionC4
Rabbit B3m is running away from: WolfB4
Rabbit B3 is Hungry
Rabbit B3m ate
Rabbit B3 m is ready to mate
Rabbit B3 m is approaching partner: Rabbit A3f
Rabbit B4f is running away from: LionA4
Rabbit B4f is running away from: WolfB4
Rabbit B4 is Hungry
Rabbit B4f is running away from: LionB0
Rabbit B4f is running away from: WolfB4
Rabbit B4 is Hungry
Wolf B4f is running away from: LionC4
Wolf B4 is Hungry
WolfB4f died of hunger
Wolf B4f is chasing: B3m
Wolf B4 f is ready to mate
Rabbit C3 is Thirsty
Rabbit C3 drank water
Rabbit C3f is running away from: LionC5
Rabbit C3 is Hungry
Rabbit C3f ate
Rabbit C3 f is ready to mate
Rabbit C3 is Thirsty
Rabbit C3 drank water
Rabbit C3f is running away from: LionC5
Rabbit C3 is Hungry
Rabbit C3 f is ready to mate
Rabbit A0 is Thirsty
Rabbit A0 drank water
Rabbit A0f is running away from: LionA4
Rabbit A0 is Hungry
Rabbit A2 is Thirsty
Rabbit A2 drank water
Rabbit A2m is running away from: LionC5
Rabbit A2 is Hungry
Rabbit A2m ate
Rabbit A2 m is ready to mate
Rabbit A2 m is approaching partner: Rabbit C3f
Rabbit B1 is Thirsty
Rabbit B1 drank water
Rabbit B1m is running away from: LionC5
Rabbit B1 is Hungry
Rabbit B1m ate
Rabbit B1 m is ready to mate
Rabbit B1 m is approaching partner: Rabbit C3f
Rabbit A3 is Thirsty
Rabbit A3 drank water
Rabbit A3f is running away from: LionC5
Rabbit A3 is Hungry
RabbitA3f died of hunger
Rabbit A3f ate
Rabbit A3 f is ready to mate
Rabbit B3 is Thirsty
Rabbit B3 drank water
Rabbit B3m is running away from: LionC4
Rabbit B3 is Hungry
Rabbit B3 m is ready to mate
Rabbit B3 m is approaching partner: Rabbit C3f
Rabbit B4f is running away from: LionA4
Rabbit B4 is Hungry
Rabbit B4f is running away from: LionC5
Rabbit B4 is Hungry
Rabbit C3 is Thirsty
Rabbit C3 drank water
Rabbit C3f is running away from: LionC5
Rabbit C3 is Hungry
Rabbit C3 f is ready to mate
Rabbit C3 is Thirsty
Rabbit C3 drank water
Rabbit C3f is running away from: LionC5
Rabbit C3 is Hungry
Rabbit C3 f is ready to mate
Rabbit A0 is Thirsty
Rabbit A0 drank water
Rabbit A0f is running away from: LionB0
Rabbit A0 is Hungry
RabbitA0f died of hunger
Rabbit A0f ate
Rabbit A0 f is ready to mate
Rabbit A2 is Thirsty
Rabbit A2 drank water
Rabbit A2m is running away from: LionB2
Rabbit A2 is Hungry
Rabbit A2 m is ready to mate
Rabbit A2 m is approaching partner: Rabbit B4f
Rabbit B1 is Thirsty
Rabbit B1 drank water
Rabbit B1m is running away from: LionC5
Rabbit B1 is Hungry
Rabbit B1 m is ready to mate
Rabbit B1 m is approaching partner: Rabbit B4f
Rabbit B3 is Thirsty
Rabbit B3 drank water
Rabbit B3m is running away from: LionC4
Rabbit B3 is Hungry
Rabbit B3 m is ready to mate
Rabbit B3 m is approaching partner: Rabbit C3f
Rabbit B4f is running away from: LionB0
Rabbit B4 is Hungry
Rabbit B4f ate
Rabbit B4 f is ready to mate
Rabbit B4f is running away from: LionC5
Rabbit B4 is Hungry
RabbitB4f died of hunger
Rabbit C3 is Thirsty
Rabbit C3 drank water
Rabbit C3f is running away from: LionC5
Rabbit C3 is Hungry
Rabbit C3 f is ready to mate
Rabbit C3 is Thirsty
Rabbit C3 drank water
Rabbit C3f is running away from: LionC5
Rabbit C3 is Hungry
RabbitC3f died of hunger
Rabbit C3 f is ready to mate
Rabbit A2 is Thirsty
Rabbit A2 drank water
Rabbit A2m is running away from: LionC5
Rabbit A2 is Hungry
Rabbit A2 m is ready to mate
Rabbit A2 m is approaching partner: Rabbit B4f
Rabbit B1 is Thirsty
Rabbit B1 drank water
Rabbit B1m is running away from: LionB0
Rabbit B1 is Hungry
Rabbit B1 m is ready to mate
Rabbit B1 m is approaching partner: Rabbit B4f
Rabbit B3 is Thirsty
Rabbit B3 drank water
Rabbit B3m is running away from: LionC4
Rabbit B3 is Hungry
Rabbit B3 m is ready to mate
Rabbit B3 m is approaching partner: Rabbit C3f
Rabbit B4f is running away from: LionA4
Rabbit B4 is Hungry
Rabbit B4 f is ready to mate
Rabbit C3 is Thirsty
Rabbit C3 drank water
Rabbit C3f is running away from: LionC5
Rabbit C3 is Hungry
Rabbit C3 f is ready to mate
Rabbit A2 is Thirsty
Rabbit A2 drank water
Rabbit A2m is running away from: LionB2
Rabbit A2 is Hungry
Rabbit A2m ate
Rabbit A2 m is ready to mate
Rabbit A2 m is approaching partner: Rabbit B4f
Rabbit B1 is Thirsty
Rabbit B1 drank water
Rabbit B1m is running away from: LionB0
Rabbit B1 is Hungry
Rabbit B1m ate
Rabbit B1 m is ready to mate
Rabbit B1 m is approaching partner: Rabbit B4f
Rabbit B3 is Thirsty
Rabbit B3 drank water
Rabbit B3m is running away from: LionC4
Rabbit B3 is Hungry
RabbitB3m died of hunger
Rabbit B3m ate
Rabbit B3 m is ready to mate
Rabbit B3 m is approaching partner: Rabbit C3f
Rabbit B4f is running away from: LionA4
Rabbit B4 is Hungry
Rabbit B4 f is ready to mate
Rabbit C3 is Thirsty
Rabbit C3 drank water
Rabbit C3f is running away from: LionC5
Rabbit C3 is Hungry
RabbitC3f died of hunger
Rabbit C3 f is ready to mate
Rabbit A2 is Thirsty
Rabbit A2 drank water
Rabbit A2m is running away from: LionC5
Rabbit A2 is Hungry
Rabbit A2 m is ready to mate
Rabbit A2 m is approaching partner: Rabbit B4f
Rabbit B1 is Thirsty
Rabbit B1 drank water
Rabbit B1m is running away from: LionB0
Rabbit B1 is Hungry
Rabbit B1m ate
Rabbit B1 m is ready to mate
Rabbit B1 m is approaching partner: Rabbit B4f
Rabbit B4f is running away from: LionA4
Rabbit B4 is Hungry
Rabbit B4 f is ready to mate
Lion B0f ate: B1m
Rabbit A2m is running away from: LionC5
Rabbit A2 is Hungry
Rabbit A2 m is ready to mate
Rabbit A2 m is approaching partner: Rabbit B4f
Rabbit B1 is Thirsty
Rabbit B1 drank water
Rabbit B1m is running away from: LionB0
Rabbit B1 is Hungry
Rabbit B1m ate
Rabbit B1 m is ready to mate
Rabbit B1 m is approaching partner: Rabbit B4f
Rabbit B4f is running away from: LionC5
Rabbit B4 is Hungry
RabbitB4f died of hunger
Rabbit B4 f is ready to mate
Rabbit A2m is running away from: LionC5
Rabbit A2 is Hungry
Rabbit A2 m is ready to mate
Not enough female Rabbits or Female Rabbit partners are not ready yet!
Rabbit B1 is Thirsty
Rabbit B1 drank water
Rabbit B1m is running away from: LionB0
Rabbit B1 is Hungry
Rabbit B1m ate
Rabbit B1 m is ready to mate
Not enough female Rabbits or Female Rabbit partners are not ready yet!
Rabbit A2m is running away from: LionB2
Rabbit A2 is Hungry
RabbitA2m died of hunger
Rabbit A2m ate
Rabbit A2 m is ready to mate
Not enough female Rabbits or Female Rabbit partners are not ready yet!
Rabbit B1 is Thirsty
Rabbit B1 drank water
Rabbit B1m is running away from: LionC5
Rabbit B1 is Hungry
Rabbit B1m ate
Rabbit B1 m is ready to mate
Not enough female Rabbits or Female Rabbit partners are not ready yet!
Rabbit B1 is Thirsty
Rabbit B1 drank water
Rabbit B1m is running away from: LionC5
Rabbit B1 is Hungry
Rabbit B1m ate
Rabbit B1 m is ready to mate
Not enough female Rabbits or Female Rabbit partners are not ready yet!
Rabbit B1 is Thirsty
Rabbit B1 drank water
Rabbit B1m is running away from: LionC5
Rabbit B1 is Hungry
Rabbit B1m ate
Rabbit B1 m is ready to mate
Not enough female Rabbits or Female Rabbit partners are not ready yet!
Lion C5 is Thirsty
Lion C5 drank water
Lion C5 f is ready to mate
Lion A4 is Thirsty
Lion A4 drank water
Lion A4 m is ready to mate
Lion B2 is Thirsty
Lion B2 drank water
Lion B2 m is ready to mate
Lion C4 is Thirsty
Lion C4 drank water
Lion C4 f is ready to mate
Lion B0 is Thirsty
Lion B0 drank water
Lion B0 f is ready to mate
Rabbit B1 is Thirsty
Rabbit B1 drank water
Rabbit B1m is running away from: LionC5
Rabbit B1 is Hungry
Rabbit B1m ate
Rabbit B1 m is ready to mate
Not enough female Rabbits or Female Rabbit partners are not ready yet!
Lion C5 is Thirsty
Lion C5 drank water
Lion C5 f is ready to mate
Lion A4 is Thirsty
Lion A4 drank water
Lion A4 m is ready to mate
Lion B2 is Thirsty
Lion B2 drank water
Lion B2 m is ready to mate
Lion C4 is Thirsty
Lion C4 drank water
Lion C4 f is ready to mate
Lion B0 is Thirsty
Lion B0 drank water
Lion B0 f is ready to mate
Rabbit B1 is Thirsty
Rabbit B1 drank water
Rabbit B1m is running away from: LionC5
Rabbit B1 is Hungry
Rabbit B1m ate
Rabbit B1 m is ready to mate
Not enough female Rabbits or Female Rabbit partners are not ready yet!
Lion C5 is Thirsty
Lion C5 drank water
Lion C5 f is ready to mate
Lion A4 is Thirsty
Lion A4 drank water
Lion A4 m is ready to mate
Lion B2 is Thirsty
Lion B2 drank water
Lion B2 m is ready to mate
Lion C4 is Thirsty
Lion C4 drank water
Lion C4 f is ready to mate
Lion B0 is Thirsty
Lion B0 drank water
Lion B0 f is ready to mate
Rabbit B1m is running away from: LionC5
Rabbit B1 is Hungry
Rabbit B1m ate
Rabbit B1 m is ready to mate
Not enough female Rabbits or Female Rabbit partners are not ready yet!
Lion C5 is Thirsty
Lion C5 drank water
Lion C5 f is ready to mate
Lion A4 is Thirsty
Lion A4 drank water
Lion A4 m is ready to mate
Lion B2 is Thirsty
Lion B2 drank water
Lion B2 m is ready to mate
Lion C4 is Thirsty
Lion C4 drank water
Lion C4 f is ready to mate
Lion B0 is Thirsty
Lion B0 drank water
Lion B0 f is ready to mate
Rabbit B1m is running away from: LionB0
Rabbit B1 is Hungry
Rabbit B1m ate
Rabbit B1 m is ready to mate
Not enough female Rabbits or Female Rabbit partners are not ready yet!
Lion C5 is Thirsty
Lion C5 drank water
Lion C5 f is ready to mate
Lion A4 is Thirsty
Lion A4 drank water
Lion A4 m is ready to mate
Lion B2 is Thirsty
Lion B2 drank water
Lion B2 m is ready to mate
Lion C4 is Thirsty
Lion C4 drank water
Lion C4 f is ready to mate
Lion B0 is Thirsty
Lion B0 drank water
Lion B0 f is ready to mate
Rabbit B1m is running away from: LionB0
Rabbit B1 is Hungry
Rabbit B1m ate
Rabbit B1 m is ready to mate
Not enough female Rabbits or Female Rabbit partners are not ready yet!
Lion C5 is Thirsty
Lion C5 drank water
Lion C5 f is ready to mate
Lion A4 is Thirsty
Lion A4 drank water
Lion A4 m is ready to mate
Lion B2 is Thirsty
Lion B2 drank water
Lion B2 m is ready to mate
Lion C4 is Thirsty
Lion C4 drank water
Lion C4 f is ready to mate
Lion B0 is Thirsty
Lion B0 drank water
Lion B0 f is ready to mate
Rabbit B1m is running away from: LionB0
Rabbit B1 is Hungry
Rabbit B1m ate
Rabbit B1 m is ready to mate
Not enough female Rabbits or Female Rabbit partners are not ready yet!
Lion C5 is Thirsty
Lion C5 drank water
Lion C5 f is ready to mate
Lion A4 is Thirsty
Lion A4 drank water
Lion A4 m is ready to mate
Lion B2 is Thirsty
Lion B2 drank water
Lion B2 m is ready to mate
Lion C4 is Thirsty
Lion C4 drank water
Lion C4 f is ready to mate
Lion B0 is Thirsty
Lion B0 drank water
Lion B0 f is ready to mate
Rabbit B1m is running away from: LionB0
Rabbit B1 is Hungry
Rabbit B1m ate
Rabbit B1 m is ready to mate
Not enough female Rabbits or Female Rabbit partners are not ready yet!
Lion C5 is Thirsty
Lion C5 drank water
Lion C5 f is ready to mate
Lion A4 is Thirsty
Lion A4 drank water
Lion A4 m is ready to mate
Lion B2 is Thirsty
Lion B2 drank water
Lion B2 m is ready to mate
Lion C4 is Thirsty
Lion C4 drank water
Lion C4 f is ready to mate
Lion B0 is Thirsty
Lion B0 drank water
Lion B0 f is ready to mate
Rabbit B1m is running away from: LionB0
Rabbit B1 is Hungry
Rabbit B1m ate
Rabbit B1 m is ready to mate
Not enough female Rabbits or Female Rabbit partners are not ready yet!
Lion C5 is Thirsty
Lion C5 drank water
Lion C5 f is ready to mate
Lion A4 is Thirsty
Lion A4 drank water
Lion A4 m is ready to mate
Lion B2 is Thirsty
Lion B2 drank water
Lion B2 m is ready to mate
Lion C4 is Thirsty
Lion C4 drank water
Lion C4 f is ready to mate
Lion B0 is Thirsty
Lion B0 drank water
Lion B0 f is ready to mate
Rabbit B1m is running away from: LionB0
Rabbit B1 is Hungry
Rabbit B1 m is ready to mate
Not enough female Rabbits or Female Rabbit partners are not ready yet!
Lion C5 is Thirsty
Lion C5 drank water
Lion C5 f is ready to mate
Lion A4 is Thirsty
Lion A4 drank water
Lion A4 m is ready to mate
Lion B2 is Thirsty
Lion B2 drank water
Lion B2 m is ready to mate
Lion C4 f is ready to mate
Lion B0 is Thirsty
Lion B0 drank water
Lion B0 f is ready to mate
Rabbit B1m is running away from: LionB0
Rabbit B1 is Hungry
Rabbit B1 m is ready to mate
Not enough female Rabbits or Female Rabbit partners are not ready yet!
Lion C5 is Thirsty
Lion C5 drank water
Lion C5 is Hungry
LionC5fis chasing: B1m
Lion C5 f is ready to mate
Lion A4 is Thirsty
Lion A4 drank water
Lion A4 is Hungry
LionA4mis chasing: B1m
Lion A4 m is ready to mate
Lion B2 is Thirsty
Lion B2 drank water
Lion B2 is Hungry
LionB2mis chasing: B1m
Lion B2 m is ready to mate
Lion C4 is Hungry
Lion B0 is Thirsty
Lion B0 drank water
Lion B0 f is ready to mate
Rabbit B1m is running away from: LionB0
Rabbit B1 is Hungry
Rabbit B1 m is ready to mate
Not enough female Rabbits or Female Rabbit partners are not ready yet!
Lion C5 is Thirsty
Lion C5 drank water
Lion C5 is Hungry
LionC5fis chasing: B1m
Lion C5 f is ready to mate
Lion A4 is Thirsty
Lion A4 drank water
Lion A4 is Hungry
LionA4mis chasing: B1m
Lion A4 m is ready to mate
Lion B2 is Thirsty
Lion B2 drank water
Lion B2 is Hungry
LionB2mis chasing: B1m
Lion B2 m is ready to mate
Lion C4 is Hungry
Lion B0 is Thirsty
Lion B0 drank water
Lion B0 f is ready to mate
Rabbit B1 is Thirsty
Rabbit B1 drank water
Rabbit B1m is running away from: LionC5
Rabbit B1 is Hungry
RabbitB1m died of hunger
Rabbit B1 m is ready to mate
Not enough female Rabbits or Female Rabbit partners are not ready yet!
Lion C5 is Hungry
Lion A4 is Thirsty
Lion A4 drank water
Lion A4 is Hungry
Lion B2 is Thirsty
Lion B2 drank water
Lion B2 is Hungry
Lion C4 is Hungry
Lion B0 is Thirsty
Lion B0 drank water
Lion B0 f is ready to mate
Lion C5 is Hungry
Lion A4 is Thirsty
Lion A4 drank water
Lion A4 is Hungry
Lion B2 is Thirsty
Lion B2 drank water
Lion B2 is Hungry
Lion C4 is Hungry
Lion B0 f is ready to mate
Lion C5 is Hungry
Lion A4 is Thirsty
Lion A4 drank water
Lion A4 is Hungry
Lion B2 is Thirsty
Lion B2 drank water
Lion B2 is Hungry
Lion C4 is Hungry
Lion B0 f is ready to mate
Lion C5 is Hungry
Lion A4 is Thirsty
Lion A4 drank water
Lion A4 is Hungry
Lion B2 is Thirsty
Lion B2 drank water
Lion B2 is Hungry
Lion C4 is Hungry
Lion B0 f is ready to mate
Lion C5 is Hungry
Lion A4 is Thirsty
Lion A4 drank water
Lion A4 is Hungry
Lion B2 is Thirsty
Lion B2 drank water
Lion B2 is Hungry
Lion C4 is Hungry
Lion B0 f is ready to mate
Lion C5 is Hungry
Lion A4 is Thirsty
Lion A4 drank water
Lion A4 is Hungry
Lion B2 is Thirsty
Lion B2 drank water
Lion B2 is Hungry
Lion C4 is Hungry
Lion B0 f is ready to mate
Lion C5 is Hungry
Lion A4 is Thirsty
Lion A4 drank water
Lion A4 is Hungry
Lion B2 is Thirsty
Lion B2 drank water
Lion B2 is Hungry
Lion C4 is Hungry
Lion B0 f is ready to mate
Lion C5 is Hungry
Lion A4 is Thirsty
Lion A4 drank water
Lion A4 is Hungry
Lion B2 is Thirsty
Lion B2 drank water
Lion B2 is Hungry
Lion C4 is Hungry
Lion B0 f is ready to mate
Lion C5 is Hungry
Lion A4 is Thirsty
Lion A4 drank water
Lion A4 is Hungry
Lion B2 is Thirsty
Lion B2 drank water
Lion B2 is Hungry
Lion C4 is Hungry
Lion B0 f is ready to mate
Lion C5 is Hungry
Lion A4 is Thirsty
Lion A4 drank water
Lion A4 is Hungry
Lion B2 is Thirsty
Lion B2 drank water
Lion B2 is Hungry
Lion C4 is Hungry
Lion B0 f is ready to mate
Lion C5 is Hungry
Lion A4 is Thirsty
Lion A4 drank water
Lion A4 is Hungry
Lion B2 is Thirsty
Lion B2 drank water
Lion B2 is Hungry
Lion C4 is Hungry
Lion B0 f is ready to mate
Lion C5 is Hungry
Lion A4 is Thirsty
Lion A4 drank water
Lion A4 is Hungry
Lion B2 is Thirsty
Lion B2 drank water
Lion B2 is Hungry
Lion C4 is Hungry
Lion B0 f is ready to mate
Lion C5 is Hungry
Lion A4 is Thirsty
Lion A4 drank water
Lion A4 is Hungry
Lion B2 is Thirsty
Lion B2 drank water
Lion B2 is Hungry
Lion C4 is Hungry
Lion B0 f is ready to mate
Lion C5 is Hungry
Lion A4 is Thirsty
Lion A4 drank water
Lion A4 is Hungry
Lion B2 is Thirsty
Lion B2 drank water
Lion B2 is Hungry
Lion C4 is Hungry
Lion B0 is Hungry
Lion C5 is Hungry
Lion A4 is Hungry
Lion B2 is Thirsty
Lion B2 drank water
Lion B2 is Hungry
Lion C4 is Hungry
Lion B0 is Hungry
Lion C5 is Hungry
Lion A4 is Hungry
Lion B2 is Thirsty
Lion B2 drank water
Lion B2 is Hungry
Lion C4 is Hungry
Lion B0 is Hungry
Lion C5 is Hungry
Lion A4 is Hungry
Lion B2 is Thirsty
Lion B2 drank water
Lion B2 is Hungry
Lion C4 is Thirsty
Lion C4 drank water
Lion C4 is Hungry
Lion B0 is Hungry
Lion C5 is Hungry
Lion A4 is Hungry
Lion B2 is Thirsty
Lion B2 drank water
Lion B2 is Hungry
Lion C4 is Thirsty
Lion C4 drank water
Lion C4 is Hungry
Lion B0 is Hungry
Lion C5 is Hungry
Lion A4 is Hungry
Lion B2 is Thirsty
Lion B2 drank water
Lion B2 is Hungry
Lion C4 is Hungry
Lion B0 is Hungry
Lion C5 is Thirsty
Lion C5 drank water
Lion C5 is Hungry
Lion A4 is Hungry
Lion B2 is Thirsty
Lion B2 drank water
Lion B2 is Hungry
Lion C4 is Hungry
Lion B0 is Hungry
Lion C5 is Hungry
Lion A4 is Hungry
Lion B2 is Thirsty
Lion B2 drank water
Lion B2 is Hungry
Lion C4 is Hungry
Lion B0 is Thirsty
Lion B0 drank water
Lion B0 is Hungry
Lion C5 is Hungry
Lion A4 is Hungry
Lion B2 is Thirsty
Lion B2 drank water
Lion B2 is Hungry
Lion C4 is Hungry
Lion B0 is Hungry
Lion C5 is Hungry
Lion A4 is Hungry
Lion B2 is Thirsty
Lion B2 drank water
Lion B2 is Hungry
Lion C4 is Hungry
Lion B0 is Hungry
Lion C5 is Hungry
Lion A4 is Hungry
Lion B2 is Thirsty
Lion B2 drank water
Lion B2 is Hungry
Lion C4 is Hungry
Lion B0 is Hungry
Lion C5 is Hungry
Lion A4 is Hungry
Lion B2 is Thirsty
Lion B2 drank water
Lion B2 is Hungry
Lion C4 is Hungry
Lion B0 is Hungry
Lion C5 is Hungry
Lion A4 is Hungry
Lion B2 is Thirsty
Lion B2 drank water
Lion B2 is Hungry
Lion C4 is Hungry
Lion B0 is Hungry
Lion C5 is Hungry
Lion A4 is Hungry
Lion B2 is Thirsty
Lion B2 drank water
Lion B2 is Hungry
Lion C4 is Hungry
Lion B0 is Hungry
Lion C5 is Hungry
Lion A4 is Hungry
Lion B2 is Thirsty
Lion B2 drank water
Lion B2 is Hungry
Lion C4 is Hungry
Lion B0 is Hungry
Lion C5 is Hungry
Lion A4 is Hungry
Lion B2 is Thirsty
Lion B2 drank water
Lion B2 is Hungry
Lion C4 is Hungry
Lion B0 is Hungry
Lion C5 is Hungry
Lion A4 is Hungry
Lion B2 is Thirsty
Lion B2 drank water
Lion B2 is Hungry
Lion C4 is Hungry
Lion B0 is Hungry
Lion C5 is Hungry
Lion A4 is Hungry
Lion B2 is Thirsty
Lion B2 drank water
Lion B2 is Hungry
Lion C4 is Hungry
Lion B0 is Hungry
Lion C5 is Hungry
Lion A4 is Hungry
Lion B2 is Thirsty
Lion B2 drank water
Lion B2 is Hungry
Lion C4 is Hungry
Lion B0 is Hungry
Lion C5 is Hungry
Lion A4 is Hungry
Lion B2 is Thirsty
Lion B2 drank water
Lion B2 is Hungry
Lion C4 is Hungry
Lion B0 is Hungry
Lion C5 is Hungry
Lion A4 is Thirsty
Lion A4 drank water
Lion A4 is Hungry
Lion B2 is Thirsty
Lion B2 drank water
Lion B2 is Hungry
Lion C4 is Hungry
Lion B0 is Hungry
Lion C5 is Hungry
Lion A4 is Hungry
Lion B2 is Thirsty
Lion B2 drank water
Lion B2 is Hungry
Lion C4 is Hungry
Lion B0 is Hungry
Lion C5 is Hungry
Lion A4 is Hungry
Lion B2 is Thirsty
Lion B2 drank water
Lion B2 is Hungry
Lion C4 is Hungry
Lion B0 is Hungry
Lion C5 is Hungry
Lion A4 is Hungry
Lion B2 is Thirsty
Lion B2 drank water
Lion B2 is Hungry
Lion C4 is Hungry
Lion B0 is Hungry
Lion C5 is Hungry
Lion A4 is Hungry
Lion B2 is Thirsty
Lion B2 drank water
Lion B2 is Hungry
Lion C4 is Thirsty
Lion C4 drank water
Lion C4 is Hungry
Lion B0 is Hungry
Lion C5 is Hungry
Lion A4 is Hungry
Lion B2 is Thirsty
Lion B2 drank water
Lion B2 is Hungry
Lion C4 is Hungry
Lion B0 is Hungry
Lion C5 is Thirsty
Lion C5 drank water
Lion C5 is Hungry
Lion A4 is Hungry
Lion B2 is Thirsty
Lion B2 drank water
Lion B2 is Hungry
Lion C4 is Hungry
Lion B0 is Hungry
Lion C5 is Hungry
Lion A4 is Hungry
Lion B2 is Thirsty
Lion B2 drank water
Lion B2 is Hungry
Lion C4 is Hungry
Lion B0 is Thirsty
Lion B0 drank water
Lion B0 is Hungry
Lion C5 is Hungry
Lion A4 is Hungry
Lion B2 is Thirsty
Lion B2 drank water
Lion B2 is Hungry
Lion C4 is Hungry
Lion B0 is Hungry
Lion C5 is Hungry
Lion A4 is Hungry
Lion B2 is Thirsty
Lion B2 drank water
Lion B2 is Hungry
Lion C4 is Hungry
Lion B0 is Hungry
Lion C5 is Hungry
Lion A4 is Hungry
Lion B2 is Thirsty
Lion B2 drank water
Lion B2 is Hungry
Lion C4 is Hungry
Lion B0 is Hungry
Lion C5 is Hungry
Lion A4 is Hungry
Lion B2 is Thirsty
Lion B2 drank water
Lion B2 is Hungry
Lion C4 is Hungry
Lion B0 is Hungry
Lion C5 is Hungry
Lion A4 is Hungry
Lion B2 is Thirsty
Lion B2 drank water
Lion B2 is Hungry
Lion C4 is Hungry
Lion B0 is Hungry
Lion C5 is Hungry
Lion A4 is Hungry
Lion B2 is Thirsty
Lion B2 drank water
Lion B2 is Hungry
Lion C4 is Hungry
Lion B0 is Hungry
Lion C5 is Hungry
Lion A4 is Hungry
Lion B2 is Thirsty
Lion B2 drank water
Lion B2 is Hungry
Lion C4 is Hungry
Lion B0 is Hungry
Lion C5 is Hungry
Lion A4 is Hungry
Lion B2 is Thirsty
Lion B2 drank water
Lion B2 is Hungry
Lion C4 is Hungry
Lion B0 is Hungry
Lion C5 is Hungry
Lion A4 is Hungry
Lion B2 is Thirsty
Lion B2 drank water
Lion B2 is Hungry
Lion C4 is Hungry
Lion B0 is Hungry
Lion C5 is Hungry
Lion A4 is Hungry
Lion B2 is Thirsty
Lion B2 drank water
Lion B2 is Hungry
Lion C4 is Hungry
Lion B0 is Hungry
Lion C5 is Hungry
Lion A4 is Hungry
Lion B2 is Thirsty
Lion B2 drank water
Lion B2 is Hungry
Lion C4 is Hungry
Lion B0 is Hungry
Lion C5 is Hungry
Lion A4 is Hungry
Lion B2 is Thirsty
Lion B2 drank water
Lion B2 is Hungry
Lion C4 is Hungry
Lion B0 is Hungry
Lion C5 is Hungry
Lion A4 is Thirsty
Lion A4 drank water
Lion A4 is Hungry
Lion B2 is Thirsty
Lion B2 drank water
Lion B2 is Hungry
Lion C4 is Hungry
Lion B0 is Hungry
Lion C5 is Hungry
Lion A4 is Hungry
Lion B2 is Thirsty
Lion B2 drank water
Lion B2 is Hungry
Lion C4 is Hungry
Lion B0 is Hungry
Lion C5 is Hungry
Lion A4 is Hungry
Lion B2 is Thirsty
Lion B2 drank water
Lion B2 is Hungry
Lion C4 is Hungry
Lion B0 is Hungry
Lion C5 is Hungry
Lion A4 is Hungry
Lion B2 is Thirsty
Lion B2 drank water
Lion B2 is Hungry
Lion C4 is Hungry
Lion B0 is Hungry
Lion C5 is Hungry
Lion A4 is Hungry
Lion B2 is Thirsty
Lion B2 drank water
Lion B2 is Hungry
Lion C4 is Thirsty
Lion C4 drank water
Lion C4 is Hungry
Lion B0 is Hungry
Lion C5 is Hungry
Lion A4 is Hungry
Lion B2 is Thirsty
Lion B2 drank water
Lion B2 is Hungry
Lion C4 is Hungry
Lion B0 is Hungry
Lion C5 is Thirsty
Lion C5 drank water
Lion C5 is Hungry
Lion A4 is Hungry
Lion B2 is Thirsty
Lion B2 drank water
Lion B2 is Hungry
Lion C4 is Hungry
Lion B0 is Hungry
Lion C5 is Hungry
Lion A4 is Hungry
Lion B2 is Thirsty
Lion B2 drank water
Lion B2 is Hungry
Lion C4 is Hungry
Lion B0 is Thirsty
Lion B0 drank water
Lion B0 is Hungry
Lion C5 is Hungry
Lion A4 is Hungry
Lion B2 is Thirsty
Lion B2 drank water
Lion B2 is Hungry
Lion C4 is Hungry
Lion B0 is Hungry
Lion C5 is Hungry
Lion A4 is Hungry
Lion B2 is Thirsty
Lion B2 drank water
Lion B2 is Hungry
Lion C4 is Hungry
Lion B0 is Hungry
Lion C5 is Hungry
Lion A4 is Hungry
Lion B2 is Thirsty
Lion B2 drank water
Lion B2 is Hungry
Lion C4 is Hungry
Lion B0 is Hungry
Lion C5 is Hungry
Lion A4 is Hungry
Lion B2 is Thirsty
Lion B2 drank water
Lion B2 is Hungry
Lion C4 is Hungry
Lion B0 is Hungry
Lion C5 is Hungry
Lion A4 is Hungry
Lion B2 is Thirsty
Lion B2 drank water
Lion B2 is Hungry
Lion C4 is Hungry
Lion B0 is Hungry
Lion C5 is Hungry
Lion A4 is Hungry
Lion B2 is Thirsty
Lion B2 drank water
Lion B2 is Hungry
Lion C4 is Hungry
Lion B0 is Hungry
Lion C5 is Hungry
Lion A4 is Hungry
Lion B2 is Thirsty
Lion B2 drank water
Lion B2 is Hungry
Lion C4 is Hungry
Lion B0 is Hungry
Lion C5 is Hungry
LionC5f died of hunger
Lion A4 is Hungry
LionA4m died of hunger
Lion B2 is Thirsty
Lion B2 drank water
Lion B2 is Hungry
LionB2m died of hunger
Lion C4 is Hungry
LionC4f died of hunger
Lion B0 is Hungry
Lion B0 is Hungry
Lion B0 is Hungry
Lion B0 is Hungry
Lion B0 is Hungry
Lion B0 is Hungry
Lion B0 is Hungry
Lion B0 is Hungry
Lion B0 is Hungry
Lion B0 is Hungry
Lion B0 is Hungry
Lion B0 is Hungry
Lion B0 is Thirsty
Lion B0 drank water
Lion B0 is Hungry
Lion B0 is Hungry
Lion B0 is Hungry
Lion B0 is Hungry
LionB0f died of hunger
