Wolf B1m is running away from: LionB0
Wolf B1m ate: C5f
Wolf A0m is running away from: LionB2
Wolf A5f is running away from: LionB0
Wolf B3m is running away from: LionB0
Rabbit B2m is running away from: LionA2
Rabbit B2m is running away from: WolfB1
Rabbit B2m is running away from: LionA3
Rabbit B2m is running away from: WolfA0
Rabbit B4f is running away from: LionB2
Rabbit B4f is running away from: WolfA0
Rabbit A3f is running away from: LionB2
Rabbit A3f is running away from: WolfA0
Rabbit C5f is running away from: LionB0
Rabbit C5f is running away from: WolfA5
Rabbit C1m is running away from: LionB2
Rabbit C1m is running away from: WolfA0
Rabbit C5m is running away from: LionA3
Rabbit C5m is running away from: WolfA5
Rabbit C1m is running away from: LionA3
Rabbit C1m is running away from: WolfA0
Rabbit A5m is running away from: LionA2
Rabbit A5m is running away from: WolfA0
Rabbit C2f is running away from: LionB2
Rabbit C2f is running away from: WolfA0
Rabbit C4f is running away from: LionA3
Rabbit C4f is running away from: WolfA0
Rabbit A4m is running away from: LionA3
Rabbit A4m is running away from: WolfA0
Rabbit C1f is running away from: LionB0
Rabbit C1f is running away from: WolfA5
Rabbit C0m is running away from: LionB2
Rabbit C0m is running away from: WolfA0
Wolf B1m is running away from: LionB0
Wolf A0m is running away from: LionB2
Wolf A0m ate: C1m
Wolf A5f is running away from: LionB0
Wolf B3m is running away from: LionB0
Rabbit B2m is running away from: LionB0
Rabbit B2m is running away from: WolfB1
Rabbit B2 is Hungry
Rabbit B2m ate
Rabbit B2 m is ready to mate
Rabbit B2 m is approaching partner: Rabbit C1f
Rabbit B2m is running away from: LionA3
Rabbit B2m is running away from: WolfA0
Rabbit B2 is Hungry
Rabbit B2m ate
Rabbit B2 m is ready to mate
Rabbit B2 m is approaching partner: Rabbit C4f
Rabbit B4f is running away from: LionA2
Rabbit B4f is running away from: WolfA0
Rabbit B4 is Hungry
Rabbit B4f ate
Rabbit B4 f is ready to mate
Rabbit A3f is running away from: LionB2
Rabbit A3f is running away from: WolfA0
Rabbit A3 is Hungry
Rabbit A3f ate
Rabbit A3 f is ready to mate
Rabbit C5f is running away from: LionB0
Rabbit C5f is running away from: WolfA5
Rabbit C5 is Hungry
Rabbit C5f ate
Rabbit C5 f is ready to mate
Rabbit C5m is running away from: LionA3
Rabbit C5m is running away from: WolfA5
Rabbit C5 is Hungry
Rabbit C5m ate
Rabbit C5 m is ready to mate
Rabbit C5 m is approaching partner: Rabbit C1f
Rabbit C1m is running away from: LionA3
Rabbit C1m is running away from: WolfA0
Rabbit C1 is Hungry
Rabbit C1m ate
Rabbit C1 m is ready to mate
Rabbit C1 m is approaching partner: Rabbit C4f
Rabbit A5m is running away from: LionA3
Rabbit A5m is running away from: WolfA0
Rabbit A5 is Hungry
Rabbit A5m ate
Rabbit A5 m is ready to mate
Rabbit A5 m is approaching partner: Rabbit B4f
Rabbit C2f is running away from: LionB2
Rabbit C2f is running away from: WolfA0
Rabbit C2 is Hungry
Rabbit C2f ate
Rabbit C2 f is ready to mate
Rabbit C4f is running away from: LionA3
Rabbit C4f is running away from: WolfA0
Rabbit C4 is Hungry
Rabbit C4f ate
Rabbit C4 f is ready to mate
Rabbit A4m is running away from: LionA3
Rabbit A4m is running away from: WolfA0
Rabbit A4 is Hungry
Rabbit A4m ate
Rabbit A4 m is ready to mate
Rabbit A4 m is approaching partner: Rabbit C4f
Rabbit A0 m was born!Father is A4 and Mother is C4
Rabbit C1f is running away from: LionB0
Rabbit C1f is running away from: WolfA5
Rabbit C1 is Hungry
Rabbit C1f ate
Rabbit C1 f is ready to mate
Rabbit C0m is running away from: LionB2
Rabbit C0m is running away from: WolfA0
Rabbit C0 is Hungry
Rabbit C0m ate
Rabbit C0 m is ready to mate
Rabbit C0 m is approaching partner: Rabbit A3f
Wolf B1m is running away from: LionB0
Wolf A0m is running away from: LionA2
Wolf A5f is running away from: LionB0
Wolf B3m is running away from: LionB0
Rabbit B2m is running away from: LionB0
Rabbit B2m is running away from: WolfA5
Rabbit B2 m is ready to mate
Rabbit B2 m is approaching partner: Rabbit C1f
Rabbit B2m is running away from: LionA3
Rabbit B2m is running away from: WolfA0
Rabbit B2 m is ready to mate
Rabbit B2 m is approaching partner: Rabbit B4f
Rabbit B4f is running away from: LionA2
Rabbit B4f is running away from: WolfA0
Rabbit B4 f is ready to mate
Rabbit A3f is running away from: LionB2
Rabbit A3f is running away from: WolfA0
Rabbit A3 f is ready to mate
Rabbit C5f is running away from: LionB0
Rabbit C5f is running away from: WolfB3
Rabbit C5 f is ready to mate
Rabbit C5m is running away from: LionA3
Rabbit C5m is running away from: WolfA5
Rabbit C5 m is ready to mate
Rabbit C5 m is approaching partner: Rabbit C1f
Rabbit C1 m was born!Father is C5 and Mother is C1
Rabbit C1m is running away from: LionA3
Rabbit C1m is running away from: WolfA0
Rabbit C1 m is ready to mate
Rabbit C1 m is approaching partner: Rabbit B4f
Rabbit A5m is running away from: LionA2
Rabbit A5m is running away from: WolfA0
Rabbit A5 m is ready to mate
Rabbit A5 m is approaching partner: Rabbit B4f
Rabbit B5 m was born!Father is A5 and Mother is B4
Rabbit C2f is running away from: LionB2
Rabbit C2f is running away from: WolfA0
Rabbit C2 f is ready to mate
Rabbit C4f is running away from: LionA3
Rabbit C4f is running away from: WolfA0
Rabbit A4m is running away from: LionA3
Rabbit A4m is running away from: WolfA0
Rabbit A4 m is ready to mate
Rabbit A4 m is approaching partner: Rabbit C2f
Rabbit C1f is running away from: LionA3
Rabbit C1f is running away from: WolfA5
Rabbit C0m is running away from: LionB2
Rabbit C0m is running away from: WolfA0
Rabbit C0 m is ready to mate
Rabbit C0 m is approaching partner: Rabbit A3f
Rabbit A0m is running away from: LionA3
Rabbit A0m is running away from: WolfA0
Wolf B1m is running away from: LionB0
Wolf B1 m is ready to mate
Wolf A5 f was born! Father is B1 and Mother is A5
Wolf A0m is running away from: LionB2
Wolf A0 m is ready to mate
No Female Wolf Partner or Female Wolf Partner not ready yet!
Wolf A5f is running away from: LionB0
Wolf A5 is Hungry
Wolf A5f is chasing: B2m
Wolf B3m is running away from: LionB0
Wolf B3 is Hungry
Wolf B3m is chasing: C5f
Wolf B3 m is ready to mate
No Female Wolf Partner or Female Wolf Partner not ready yet!
Rabbit B2m is running away from: LionB0
Rabbit B2m is running away from: WolfA5
Rabbit B2 is Hungry
Rabbit B2m ate
Rabbit B2 m is ready to mate
Rabbit B2 m is approaching partner: Rabbit C5f
Rabbit B2m is running away from: LionA3
Rabbit B2m is running away from: WolfA0
Rabbit B2 is Hungry
Rabbit B2m ate
Rabbit B2 m is ready to mate
Rabbit B2 m is approaching partner: Rabbit C2f
Rabbit B4f is running away from: LionB2
Rabbit B4f is running away from: WolfA0
Rabbit B4 is Hungry
Rabbit B4f ate
Rabbit A3f is running away from: LionB2
Rabbit A3f is running away from: WolfA0
Rabbit A3 is Hungry
Rabbit A3f ate
Rabbit A3 f is ready to mate
Rabbit C5f is running away from: LionB0
Rabbit C5f is running away from: WolfB1
Rabbit C5 is Hungry
Rabbit C5f ate
Rabbit C5 f is ready to mate
Rabbit C5m is running away from: LionB0
Rabbit C5m is running away from: WolfA5
Rabbit C5 is Hungry
Rabbit C5 m is ready to mate
Rabbit C5 m is approaching partner: Rabbit C5f
Rabbit C1m is running away from: LionA3
Rabbit C1m is running away from: WolfA0
Rabbit C1 is Hungry
Rabbit C1m ate
Rabbit C1 m is ready to mate
Rabbit C1 m is approaching partner: Rabbit C2f
Rabbit A5m is running away from: LionB2
Rabbit A5m is running away from: WolfA0
Rabbit A5 is Hungry
Rabbit A5 m is ready to mate
Rabbit A5 m is approaching partner: Rabbit C2f
Rabbit C2f is running away from: LionB2
Rabbit C2f is running away from: WolfA0
Rabbit C2 is Hungry
Rabbit C2f ate
Rabbit C2 f is ready to mate
Rabbit C4f is running away from: LionA3
Rabbit C4f is running away from: WolfA0
Rabbit C4 is Hungry
Rabbit C4f ate
Rabbit A4m is running away from: LionA3
Rabbit A4m is running away from: WolfA0
Rabbit A4 is Hungry
Rabbit A4m ate
Rabbit A4 m is ready to mate
Rabbit A4 m is approaching partner: Rabbit C2f
Rabbit C1f is running away from: LionA3
Rabbit C1f is running away from: WolfA5
Rabbit C1 is Hungry
Rabbit C1f ate
Rabbit C0m is running away from: LionB2
Rabbit C0m is running away from: WolfA0
Rabbit C0 is Hungry
Rabbit C0m ate
Rabbit C0 m is ready to mate
Rabbit C0 m is approaching partner: Rabbit A3f
Rabbit A0m is running away from: LionA3
Rabbit A0m is running away from: WolfA0
Rabbit A0 is Hungry
Rabbit A0m ate
Rabbit C1m is running away from: LionB0
Rabbit C1m is running away from: WolfA5
Rabbit B5m is running away from: LionB2
Rabbit B5m is running away from: WolfA0
Wolf B1m is running away from: LionB0
Wolf B1 is Hungry
Wolf B1m is chasing: B2m
Wolf B1 m is ready to mate
No Female Wolf Partner or Female Wolf Partner not ready yet!
Wolf A0m is running away from: LionA2
Wolf A0 m is ready to mate
No Female Wolf Partner or Female Wolf Partner not ready yet!
Wolf A5f is running away from: LionB0
Wolf A5 is Hungry
Wolf A5f is chasing: B2m
Wolf B3m is running away from: LionB0
Wolf B3 is Hungry
Wolf B3m is chasing: C5f
Wolf B3 m is ready to mate
No Female Wolf Partner or Female Wolf Partner not ready yet!
Wolf A5f is running away from: LionB0
Rabbit B2m is running away from: LionB0
Rabbit B2m is running away from: WolfA5
Rabbit B2 m is ready to mate
Rabbit B2 m is approaching partner: Rabbit C5f
Rabbit B2m is running away from: LionA3
Rabbit B2m is running away from: WolfA0
Rabbit B2 m is ready to mate
Rabbit B2 m is approaching partner: Rabbit C2f
Rabbit B4f is running away from: LionA2
Rabbit B4f is running away from: WolfA0
Rabbit A3f is running away from: LionB2
Rabbit A3f is running away from: WolfA0
Rabbit A3 f is ready to mate
Rabbit C5f is running away from: LionB0
Rabbit C5f is running away from: WolfB3
Rabbit C5 f is ready to mate
Rabbit C5m is running away from: LionA3
Rabbit C5m is running away from: WolfA5
Rabbit C5 is Hungry
Rabbit C5m ate
Rabbit C5 m is ready to mate
Rabbit C5 m is approaching partner: Rabbit C5f
Rabbit C1m is running away from: LionB2
Rabbit C1m is running away from: WolfA0
Rabbit C1 m is ready to mate
Rabbit C1 m is approaching partner: Rabbit C2f
Rabbit A5m is running away from: LionA3
Rabbit A5m is running away from: WolfA0
Rabbit A5 is Hungry
Rabbit A5m ate
Rabbit A5 m is ready to mate
Rabbit A5 m is approaching partner: Rabbit C2f
Rabbit C2f is running away from: LionB2
Rabbit C2f is running away from: WolfA0
Rabbit C2 f is ready to mate
Rabbit C4f is running away from: LionA3
Rabbit C4f is running away from: WolfA0
Rabbit A4m is running away from: LionA3
Rabbit A4m is running away from: WolfA0
Rabbit A4 m is ready to mate
Rabbit A4 m is approaching partner: Rabbit C2f
Rabbit C1f is running away from: LionB0
Rabbit C1f is running away from: WolfB3
Rabbit C0m is running away from: LionB2
Rabbit C0m is running away from: WolfA0
Rabbit C0 m is ready to mate
Rabbit C0 m is approaching partner: Rabbit A3f
Rabbit A0m is running away from: LionA3
Rabbit A0m is running away from: WolfA0
Rabbit C1m is running away from: LionA3
Rabbit C1m is running away from: WolfA5
Rabbit C1 is Hungry
Rabbit B5m is running away from: LionA2
Rabbit B5m is running away from: WolfA0
Rabbit B5 is Hungry
Rabbit B5m ate
Wolf B1m is running away from: LionB0
Wolf B1 is Hungry
Wolf B1m is chasing: B2m
Wolf B1 m is ready to mate
No Female Wolf Partner or Female Wolf Partner not ready yet!
Wolf A0m is running away from: LionB2
Wolf A0 is Hungry
Wolf A0m is chasing: A3f
Wolf A0 m is ready to mate
No Female Wolf Partner or Female Wolf Partner not ready yet!
Wolf A5f is running away from: LionB0
Wolf A5 is Hungry
Wolf A5f is chasing: B2m
Wolf B3m is running away from: LionB0
Wolf B3 is Hungry
Wolf B3m is chasing: C5f
Wolf B3 m is ready to mate
No Female Wolf Partner or Female Wolf Partner not ready yet!
Wolf A5f is running away from: LionB0
Rabbit B2m is running away from: LionB0
Rabbit B2m is running away from: WolfA5
Rabbit B2 is Hungry
Rabbit B2m ate
Rabbit B2 m is ready to mate
Rabbit B2 m is approaching partner: Rabbit C5f
Rabbit B2m is running away from: LionA3
Rabbit B2m is running away from: WolfA0
Rabbit B2 is Hungry
Rabbit B2m ate
Rabbit B2 m is ready to mate
Rabbit B2 m is approaching partner: Rabbit C2f
Rabbit B4f is running away from: LionB2
Rabbit B4f is running away from: WolfA0
Rabbit B4 is Hungry
Rabbit A3f is running away from: LionB2
Rabbit A3f is running away from: WolfA0
Rabbit A3 is Hungry
Rabbit A3f ate
Rabbit A3 f is ready to mate
Rabbit C5f is running away from: LionB0
Rabbit C5f is running away from: WolfB3
Rabbit C5 is Hungry
Rabbit C5f ate
Rabbit C5 f is ready to mate
Rabbit C5m is running away from: LionA3
Rabbit C5m is running away from: WolfA5
Rabbit C5 m is ready to mate
Rabbit C5 m is approaching partner: Rabbit C5f
Rabbit C1m is running away from: LionA3
Rabbit C1m is running away from: WolfA0
Rabbit C1 is Hungry
Rabbit C1m ate
Rabbit C1 m is ready to mate
Rabbit C1 m is approaching partner: Rabbit C2f
Rabbit A5m is running away from: LionB2
Rabbit A5m is running away from: WolfA0
Rabbit A5 m is ready to mate
Rabbit A5 m is approaching partner: Rabbit C2f
Rabbit C2f is running away from: LionB2
Rabbit C2f is running away from: WolfA0
Rabbit C2 is Hungry
Rabbit C2 f is ready to mate
Rabbit C4f is running away from: LionA3
Rabbit C4f is running away from: WolfA0
Rabbit C4 is Hungry
Rabbit A4m is running away from: LionA3
Rabbit A4m is running away from: WolfA0
Rabbit A4 is Hungry
Rabbit A4m ate
Rabbit A4 m is ready to mate
Rabbit A4 m is approaching partner: Rabbit C2f
Rabbit C1f is running away from: LionA3
Rabbit C1f is running away from: WolfB3
Rabbit C1 is Hungry
Rabbit C1f ate
Rabbit C0m is running away from: LionB2
Rabbit C0m is running away from: WolfA0
Rabbit C0 is Hungry
Rabbit C0m ate
Rabbit C0 m is ready to mate
Rabbit C0 m is approaching partner: Rabbit A3f
Rabbit A0m is running away from: LionA3
Rabbit A0m is running away from: WolfA0
Rabbit A0 is Hungry
Rabbit A0m ate
Rabbit C1m is running away from: LionA3
Rabbit C1m is running away from: WolfA5
Rabbit C1 is Hungry
Rabbit C1m ate
Rabbit B5m is running away from: LionA2
Rabbit B5m is running away from: WolfA0
Wolf B1m is running away from: LionB0
Wolf B1 is Hungry
Wolf B1m is chasing: C5f
Wolf B1 m is ready to mate
No Female Wolf Partner or Female Wolf Partner not ready yet!
Wolf A0m is running away from: LionB2
Wolf A0 is Hungry
Wolf A0m is chasing: A3f
Wolf A0 m is ready to mate
No Female Wolf Partner or Female Wolf Partner not ready yet!
Wolf A5f is running away from: LionB0
Wolf A5 is Hungry
Wolf A5f is chasing: B2m
Wolf B3m is running away from: LionB0
Wolf B3 is Hungry
Wolf B3m is chasing: C5f
Wolf B3 m is ready to mate
No Female Wolf Partner or Female Wolf Partner not ready yet!
Wolf A5f is running away from: LionB0
Rabbit B2m is running away from: LionB0
Rabbit B2m is running away from: WolfA5
Rabbit B2 m is ready to mate
Rabbit B2 m is approaching partner: Rabbit C5f
Rabbit B2m is running away from: LionA3
Rabbit B2m is running away from: WolfA0
Rabbit B2 m is ready to mate
Rabbit B2 m is approaching partner: Rabbit C2f
Rabbit B4f is running away from: LionA3
Rabbit B4f is running away from: WolfA0
Rabbit B4 is Hungry
Rabbit B4f ate
Rabbit A3f is running away from: LionB2
Rabbit A3f is running away from: WolfA0
Rabbit A3 f is ready to mate
Rabbit C5f is running away from: LionB0
Rabbit C5f is running away from: WolfB3
Rabbit C5 f is ready to mate
Rabbit C5m is running away from: LionB0
Rabbit C5m is running away from: WolfA5
Rabbit C5 is Hungry
Rabbit C5 m is ready to mate
Rabbit C5 m is approaching partner: Rabbit C5f
Rabbit C1m is running away from: LionB2
Rabbit C1m is running away from: WolfA0
Rabbit C1 m is ready to mate
Rabbit C1 m is approaching partner: Rabbit C2f
Rabbit A5m is running away from: LionA3
Rabbit A5m is running away from: WolfA0
Rabbit A5 is Hungry
Rabbit A5m ate
Rabbit A5 m is ready to mate
Rabbit A5 m is approaching partner: Rabbit C2f
Rabbit C2f is running away from: LionB2
Rabbit C2f is running away from: WolfA0
Rabbit C2 is Hungry
Rabbit C2 f is ready to mate
Rabbit C4f is running away from: LionA3
Rabbit C4f is running away from: WolfA0
Rabbit C4 is Hungry
Rabbit A4m is running away from: LionA3
Rabbit A4m is running away from: WolfA0
Rabbit A4 m is ready to mate
Rabbit A4 m is approaching partner: Rabbit C2f
Rabbit C1f is running away from: LionA3
Rabbit C1f is running away from: WolfB3
Rabbit C0m is running away from: LionB2
Rabbit C0m is running away from: WolfA0
Rabbit C0 m is ready to mate
Rabbit C0 m is approaching partner: Rabbit A3f
Rabbit A0m is running away from: LionA3
Rabbit A0m is running away from: WolfA0
Rabbit C1m is running away from: LionA3
Rabbit C1m is running away from: WolfA5
Rabbit B5m is running away from: LionA3
Rabbit B5m is running away from: WolfA0
Rabbit B5 is Hungry
Lion A2 m is ready to mate
No Female Lion Partner or Female Lion partners are not ready to mate Yet!
Lion B0 m is ready to mate
No Female Lion Partner or Female Lion partners are not ready to mate Yet!
Lion B2 m is ready to mate
No Female Lion Partner or Female Lion partners are not ready to mate Yet!
Lion A3 m is ready to mate
No Female Lion Partner or Female Lion partners are not ready to mate Yet!
Wolf B1m is running away from: LionB0
Wolf B1 is Hungry
Wolf B1m is chasing: C5f
Wolf B1 m is ready to mate
No Female Wolf Partner or Female Wolf Partner not ready yet!
Wolf A0m is running away from: LionB2
Wolf A0 is Hungry
Wolf A0m is chasing: C0m
Wolf A0 m is ready to mate
No Female Wolf Partner or Female Wolf Partner not ready yet!
Wolf A5f is running away from: LionB0
Wolf A5 is Hungry
Wolf A5f is chasing: B2m
Wolf B3m is running away from: LionB0
Wolf B3 is Hungry
Wolf B3m is chasing: C5f
Wolf B3 m is ready to mate
No Female Wolf Partner or Female Wolf Partner not ready yet!
Wolf A5f is running away from: LionB0
Wolf A5 is Hungry
Wolf A5f is chasing: B2m
Rabbit B2m is running away from: LionA2
Rabbit B2m is running away from: WolfA5
Rabbit B2 is Hungry
Rabbit B2 m is ready to mate
Rabbit B2 m is approaching partner: Rabbit C5f
Rabbit B2m is running away from: LionA3
Rabbit B2m is running away from: WolfA0
Rabbit B2 is Hungry
Rabbit B2 m is ready to mate
Rabbit B2 m is approaching partner: Rabbit C2f
Rabbit B4f is running away from: LionA3
Rabbit B4f is running away from: WolfA0
Rabbit A3f is running away from: LionB2
Rabbit A3f is running away from: WolfA0
Rabbit A3 is Hungry
Rabbit A3 f is ready to mate
Rabbit C5f is running away from: LionB0
Rabbit C5f is running away from: WolfB3
Rabbit C5 is Hungry
Rabbit C5 f is ready to mate
Rabbit C5m is running away from: LionA3
Rabbit C5m is running away from: WolfA5
Rabbit C5 is Hungry
Rabbit C5m ate
Rabbit C5 m is ready to mate
Rabbit C5 m is approaching partner: Rabbit C5f
Rabbit C1m is running away from: LionA3
Rabbit C1m is running away from: WolfA0
Rabbit C1 is Hungry
Rabbit C1 m is ready to mate
Rabbit C1 m is approaching partner: Rabbit C2f
Rabbit A5m is running away from: LionA3
Rabbit A5m is running away from: WolfA0
Rabbit A5 m is ready to mate
Rabbit A5 m is approaching partner: Rabbit C2f
Rabbit C2f is running away from: LionB2
Rabbit C2f is running away from: WolfA0
Rabbit C2 is Hungry
Rabbit C2f ate
Rabbit C2 f is ready to mate
Rabbit C4f is running away from: LionA3
Rabbit C4f is running away from: WolfA0
Rabbit C4 is Hungry
Rabbit C4 f is ready to mate
Rabbit A4m is running away from: LionA3
Rabbit A4m is running away from: WolfA0
Rabbit A4 is Hungry
Rabbit A4 m is ready to mate
Rabbit A4 m is approaching partner: Rabbit C4f
Rabbit C1f is running away from: LionA3
Rabbit C1f is running away from: WolfB3
Rabbit C1 is Hungry
Rabbit C1f ate
Rabbit C0m is running away from: LionB2
Rabbit C0m is running away from: WolfA0
Rabbit C0 is Hungry
Rabbit C0 m is ready to mate
Rabbit C0 m is approaching partner: Rabbit A3f
Rabbit B3 m was born!Father is C0 and Mother is A3
Rabbit A0m is running away from: LionA3
Rabbit A0m is running away from: WolfA0
Rabbit A0 is Hungry
Rabbit A0m ate
Rabbit A0 m is ready to mate
Rabbit A0 m is approaching partner: Rabbit C4f
Rabbit C1m is running away from: LionA3
Rabbit C1m is running away from: WolfA5
Rabbit C1 is Hungry
Rabbit C1m ate
Rabbit C1 m is ready to mate
Rabbit C1 m is approaching partner: Rabbit C4f
Rabbit B5m is running away from: LionA3
Rabbit B5m is running away from: WolfA0
Rabbit B5 is Hungry
Rabbit B5m ate
Rabbit B5 m is ready to mate
Rabbit B5 m is approaching partner: Rabbit C4f
Lion A2 is Hungry
LionA2mis chasing: B2m
Lion A2 m is ready to mate
No Female Lion Partner or Female Lion partners are not ready to mate Yet!
Lion B0 is Hungry
LionB0mis chasing: A5f
Lion B0 m is ready to mate
No Female Lion Partner or Female Lion partners are not ready to mate Yet!
Lion B2 is Hungry
LionB2mis chasing: C2f
Lion B2 m is ready to mate
No Female Lion Partner or Female Lion partners are not ready to mate Yet!
Lion A3 is Hungry
LionA3mis chasing: C1m
Lion A3 m is ready to mate
No Female Lion Partner or Female Lion partners are not ready to mate Yet!
Wolf B1m is running away from: LionB0
Wolf B1 is Hungry
Wolf B1m is chasing: C5f
Wolf B1 m is ready to mate
No Female Wolf Partner or Female Wolf Partner not ready yet!
Wolf A0m is running away from: LionB2
Wolf A0 is Hungry
Wolf A0m is chasing: C0m
Wolf A0 m is ready to mate
No Female Wolf Partner or Female Wolf Partner not ready yet!
Wolf A5f is running away from: LionB0
Wolf A5 is Hungry
Wolf A5f is chasing: B2m
Wolf B3m is running away from: LionB0
Wolf B3 is Hungry
Wolf B3m is chasing: C5f
Wolf B3 m is ready to mate
No Female Wolf Partner or Female Wolf Partner not ready yet!
Wolf A5f is running away from: LionB0
Wolf A5 is Hungry
Wolf A5f is chasing: B2m
Rabbit B2m is running away from: LionA2
Rabbit B2m is running away from: WolfA5
Rabbit B2 is Hungry
Rabbit B2m ate
Rabbit B2 m is ready to mate
Rabbit B2 m is approaching partner: Rabbit C4f
Rabbit B2m is running away from: LionB2
Rabbit B2m is running away from: WolfA0
Rabbit B2 is Hungry
Rabbit B2 m is ready to mate
Rabbit B2 m is approaching partner: Rabbit C4f
Rabbit B4f is running away from: LionA3
Rabbit B4f is running away from: WolfA0
Rabbit B4 is Hungry
Rabbit B4f ate
Rabbit B4 f is ready to mate
Rabbit A3f is running away from: LionB2
Rabbit A3f is running away from: WolfA0
Rabbit A3 is Hungry
Rabbit A3f ate
Rabbit C5f is running away from: LionB0
Rabbit C5f is running away from: WolfB3
Rabbit C5 is Hungry
Rabbit C5f ate
Rabbit C5 f is ready to mate
Rabbit C5m is running away from: LionA3
Rabbit C5m is running away from: WolfA5
Rabbit C5 m is ready to mate
Rabbit C5 m is approaching partner: Rabbit C4f
Rabbit C1m is running away from: LionB2
Rabbit C1m is running away from: WolfA0
Rabbit C1 is Hungry
Rabbit C1 m is ready to mate
Rabbit C1 m is approaching partner: Rabbit B4f
Rabbit A5m is running away from: LionB2
Rabbit A5m is running away from: WolfA0
Rabbit A5 is Hungry
Rabbit A5m ate
Rabbit A5 m is ready to mate
Rabbit A5 m is approaching partner: Rabbit B4f
Rabbit C2f is running away from: LionB2
Rabbit C2f is running away from: WolfA0
Rabbit C2 f is ready to mate
Rabbit C4f is running away from: LionA3
Rabbit C4f is running away from: WolfA0
Rabbit C4 is Hungry
Rabbit C4 f is ready to mate
Rabbit A4m is running away from: LionA3
Rabbit A4m is running away from: WolfA0
Rabbit A4 is Hungry
Rabbit A4m ate
Rabbit A4 m is ready to mate
Rabbit A4 m is approaching partner: Rabbit B4f
Rabbit C1f is running away from: LionA3
Rabbit C1f is running away from: WolfB3
Rabbit C1 f is ready to mate
Rabbit C0m is running away from: LionB2
Rabbit C0m is running away from: WolfA0
Rabbit C0 is Hungry
Rabbit C0 m is ready to mate
Rabbit C0 m is approaching partner: Rabbit B4f
Rabbit A0m is running away from: LionA3
Rabbit A0m is running away from: WolfA0
Rabbit A0 m is ready to mate
Rabbit A0 m is approaching partner: Rabbit C4f
Rabbit C1m is running away from: LionA3
Rabbit C1m is running away from: WolfA5
Rabbit C1 m is ready to mate
Rabbit C1 m is approaching partner: Rabbit C4f
Rabbit B5m is running away from: LionA3
Rabbit B5m is running away from: WolfA0
Rabbit B5 m is ready to mate
Rabbit B5 m is approaching partner: Rabbit B4f
Rabbit B1 m was born!Father is B5 and Mother is B4
Rabbit B3m is running away from: LionB2
Rabbit B3m is running away from: WolfA0
Lion A2 is Hungry
LionA2mis chasing: B2m
LionA2m ate: B2m
Lion A2 m is ready to mate
No Female Lion Partner or Female Lion partners are not ready to mate Yet!
Lion B0 is Hungry
LionB0mis chasing: A5f
Lion B0 m is ready to mate
No Female Lion Partner or Female Lion partners are not ready to mate Yet!
Lion B2 is Hungry
LionB2mis chasing: C2f
Lion B2 m is ready to mate
No Female Lion Partner or Female Lion partners are not ready to mate Yet!
Lion A3 is Hungry
LionA3mis chasing: C1m
Lion A3 m is ready to mate
No Female Lion Partner or Female Lion partners are not ready to mate Yet!
Wolf B1m is running away from: LionB0
Wolf B1 is Hungry
Wolf B1m is chasing: C5f
Wolf B1 is Thirsty
Wolf B1drank water
Wolf B1 m is ready to mate
No Female Wolf Partner or Female Wolf Partner not ready yet!
Wolf A0m is running away from: LionB2
Wolf A0 is Hungry
Wolf A0m is chasing: C0m
Wolf A0 is Thirsty
Wolf A0drank water
Wolf A0 m is ready to mate
No Female Wolf Partner or Female Wolf Partner not ready yet!
Wolf A5f is running away from: LionB0
Wolf A5 is Hungry
Wolf A5f is chasing: C5f
Wolf A5 is Thirsty
Wolf A5drank water
Wolf B3m is running away from: LionB0
Wolf B3 is Hungry
Wolf B3m is chasing: C5f
Wolf B3 is Thirsty
Wolf B3drank water
Wolf B3 m is ready to mate
No Female Wolf Partner or Female Wolf Partner not ready yet!
Wolf A5f is running away from: LionB0
Wolf A5 is Hungry
Wolf A5f is chasing: C5f
Rabbit B2 is Thirsty
Rabbit B2 drank water
Rabbit B2m is running away from: LionA3
Rabbit B2m is running away from: WolfA0
Rabbit B2 is Hungry
Rabbit B2m ate
Rabbit B2 m is ready to mate
Rabbit B2 m is approaching partner: Rabbit C4f
Rabbit B4 is Thirsty
Rabbit B4 drank water
Rabbit B4f is running away from: LionA3
Rabbit B4f is running away from: WolfA0
Rabbit A3 is Thirsty
Rabbit A3 drank water
Rabbit A3f is running away from: LionB2
Rabbit A3f is running away from: WolfA0
Rabbit C5 is Thirsty
Rabbit C5 drank water
Rabbit C5f is running away from: LionB0
Rabbit C5f is running away from: WolfB3
Rabbit C5 f is ready to mate
Rabbit C5 is Thirsty
Rabbit C5 drank water
Rabbit C5m is running away from: LionA3
Rabbit C5m is running away from: WolfA5
Rabbit C5 is Hungry
Rabbit C5 m is ready to mate
Rabbit C5 m is approaching partner: Rabbit C1f
Rabbit C1 is Thirsty
Rabbit C1 drank water
Rabbit C1m is running away from: LionA3
Rabbit C1m is running away from: WolfA0
Rabbit C1 is Hungry
Rabbit C1 m is ready to mate
Rabbit C1 m is approaching partner: Rabbit C4f
Rabbit A5 is Thirsty
Rabbit A5 drank water
Rabbit A5m is running away from: LionA3
Rabbit A5m is running away from: WolfA0
Rabbit A5 m is ready to mate
Rabbit A5 m is approaching partner: Rabbit C4f
Rabbit C2 is Thirsty
Rabbit C2 drank water
Rabbit C2f is running away from: LionB2
Rabbit C2f is running away from: WolfA0
Rabbit C2 is Hungry
Rabbit C2 f is ready to mate
Rabbit C4 is Thirsty
Rabbit C4 drank water
Rabbit C4f is running away from: LionA3
Rabbit C4f is running away from: WolfA0
Rabbit C4 is Hungry
RabbitC4f died of hunger
Rabbit C4f ate
Rabbit C4 f is ready to mate
Rabbit A4 is Thirsty
Rabbit A4 drank water
Rabbit A4m is running away from: LionA3
Rabbit A4m is running away from: WolfA0
Rabbit A4 m is ready to mate
Rabbit A4 m is approaching partner: Rabbit C2f
Rabbit C1 is Thirsty
Rabbit C1 drank water
Rabbit C1f is running away from: LionA3
Rabbit C1f is running away from: WolfB3
Rabbit C1 is Hungry
Rabbit C1f ate
Rabbit C1 f is ready to mate
Rabbit C0 is Thirsty
Rabbit C0 drank water
Rabbit C0m is running away from: LionB2
Rabbit C0m is running away from: WolfA0
Rabbit C0 is Hungry
Rabbit C0m ate
Rabbit C0 m is ready to mate
Rabbit C0 m is approaching partner: Rabbit C2f
Rabbit A0m is running away from: LionA3
Rabbit A0m is running away from: WolfA0
Rabbit A0 is Hungry
Rabbit A0 m is ready to mate
Rabbit A0 m is approaching partner: Rabbit C1f
Rabbit C1m is running away from: LionA3
Rabbit C1m is running away from: WolfA0
Rabbit C1 is Hungry
Rabbit C1m ate
Rabbit C1 m is ready to mate
Rabbit C1 m is approaching partner: Rabbit C1f
Rabbit B5m is running away from: LionA3
Rabbit B5m is running away from: WolfA0
Rabbit B5 is Hungry
Rabbit B5 m is ready to mate
Rabbit B5 m is approaching partner: Rabbit C2f
Rabbit B3m is running away from: LionB2
Rabbit B3m is running away from: WolfA0
Rabbit B3 is Hungry
Rabbit B1m is running away from: LionA3
Rabbit B1m is running away from: WolfA0
Lion A2m is Thirsty
Lion A2m drank water
Lion A2 m is ready to mate
No Female Lion Partner or Female Lion partners are not ready to mate Yet!
Lion B0m is Thirsty
Lion B0m drank water
Lion B0 is Hungry
LionB0mis chasing: A5f
Lion B0 m is ready to mate
No Female Lion Partner or Female Lion partners are not ready to mate Yet!
Lion B2m is Thirsty
Lion B2m drank water
Lion B2 is Hungry
LionB2mis chasing: C2f
LionB2m ate: C2f
Lion B2 m is ready to mate
No Female Lion Partner or Female Lion partners are not ready to mate Yet!
Lion A3m is Thirsty
Lion A3m drank water
Lion A3 is Hungry
LionA3mis chasing: C1m
Lion A3 m is ready to mate
No Female Lion Partner or Female Lion partners are not ready to mate Yet!
Wolf B1m is running away from: LionB0
Wolf B1 is Hungry
Wolf B1m is chasing: C5f
Wolf B1 is Thirsty
Wolf B1drank water
Wolf B1 m is ready to mate
No Female Wolf Partner or Female Wolf Partner not ready yet!
Wolf A0m is running away from: LionB2
Wolf A0 is Hungry
Wolf A0m is chasing: C0m
Wolf A0 is Thirsty
Wolf A0drank water
Wolf A0 m is ready to mate
No Female Wolf Partner or Female Wolf Partner not ready yet!
Wolf A5f is running away from: LionB0
Wolf A5 is Hungry
Wolf A5f is chasing: C5f
Wolf A5 is Thirsty
Wolf A5drank water
Wolf B3m is running away from: LionB0
Wolf B3 is Hungry
Wolf B3m is chasing: C5f
Wolf B3 is Thirsty
Wolf B3drank water
Wolf B3 m is ready to mate
No Female Wolf Partner or Female Wolf Partner not ready yet!
Wolf A5f is running away from: LionB0
Wolf A5 is Hungry
Wolf A5f is chasing: C5f
Rabbit B2 is Thirsty
Rabbit B2 drank water
Rabbit B2m is running away from: LionA3
Rabbit B2m is running away from: WolfA0
Rabbit B2 m is ready to mate
Rabbit B2 m is approaching partner: Rabbit C1f
Rabbit B4 is Thirsty
Rabbit B4 drank water
Rabbit B4f is running away from: LionB2
Rabbit B4f is running away from: WolfA0
Rabbit B4 is Hungry
Rabbit A3 is Thirsty
Rabbit A3 drank water
Rabbit A3f is running away from: LionB2
Rabbit A3f is running away from: WolfA0
Rabbit A3 is Hungry
Rabbit C5 is Thirsty
Rabbit C5 drank water
Rabbit C5f is running away from: LionB0
Rabbit C5f is running away from: WolfB3
Rabbit C5 is Hungry
Rabbit C5 f is ready to mate
Rabbit C5 is Thirsty
Rabbit C5 drank water
Rabbit C5m is running away from: LionA3
Rabbit C5m is running away from: WolfB3
Rabbit C5 is Hungry
Rabbit C5m ate
Rabbit C5 m is ready to mate
Rabbit C5 m is approaching partner: Rabbit C1f
Rabbit C1 is Thirsty
Rabbit C1 drank water
Rabbit C1m is running away from: LionA3
Rabbit C1m is running away from: WolfA0
Rabbit C1 is Hungry
Rabbit C1m ate
Rabbit C1 m is ready to mate
Rabbit C1 m is approaching partner: Rabbit C1f
Rabbit A5 is Thirsty
Rabbit A5 drank water
Rabbit A5m is running away from: LionA3
Rabbit A5m is running away from: WolfA0
Rabbit A5 is Hungry
Rabbit A5m ate
Rabbit A5 m is ready to mate
Rabbit A5 m is approaching partner: Rabbit C1f
Rabbit A4 is Thirsty
Rabbit A4 drank water
Rabbit A4m is running away from: LionA3
Rabbit A4m is running away from: WolfA0
Rabbit A4 is Hungry
Rabbit A4 m is ready to mate
Rabbit A4 m is approaching partner: Rabbit C1f
Rabbit C1 is Thirsty
Rabbit C1 drank water
Rabbit C1f is running away from: LionA3
Rabbit C1f is running away from: WolfB3
Rabbit C1 f is ready to mate
Rabbit C0 is Thirsty
Rabbit C0 drank water
Rabbit C0m is running away from: LionB2
Rabbit C0m is running away from: WolfA0
Rabbit C0 m is ready to mate
Rabbit C0 m is approaching partner: Rabbit C1f
Rabbit A0m is running away from: LionA3
Rabbit A0m is running away from: WolfA0
Rabbit A0 is Hungry
Rabbit A0m ate
Rabbit A0 m is ready to mate
Rabbit A0 m is approaching partner: Rabbit C1f
Rabbit C1m is running away from: LionA3
Rabbit C1m is running away from: WolfA5
Rabbit C1 m is ready to mate
Rabbit C1 m is approaching partner: Rabbit C1f
Rabbit B5m is running away from: LionA3
Rabbit B5m is running away from: WolfA0
Rabbit B5 is Hungry
Rabbit B5m ate
Rabbit B5 m is ready to mate
Rabbit B5 m is approaching partner: Rabbit C1f
Rabbit B3m is running away from: LionB2
Rabbit B3m is running away from: WolfA0
Rabbit B3 is Hungry
Rabbit B1m is running away from: LionA3
Rabbit B1m is running away from: WolfA0
Rabbit B1 is Hungry
Lion A2m is Thirsty
Lion A2m drank water
Lion A2 m is ready to mate
No Female Lion Partner or Female Lion partners are not ready to mate Yet!
Lion B0m is Thirsty
Lion B0m drank water
Lion B0 is Hungry
LionB0mis chasing: A5f
Lion B0 m is ready to mate
No Female Lion Partner or Female Lion partners are not ready to mate Yet!
Lion B2m is Thirsty
Lion B2m drank water
Lion B2 m is ready to mate
No Female Lion Partner or Female Lion partners are not ready to mate Yet!
Lion A3m is Thirsty
Lion A3m drank water
Lion A3m ate: C1m
Lion A3 m is ready to mate
No Female Lion Partner or Female Lion partners are not ready to mate Yet!
Wolf B1m is running away from: LionB0
Wolf B1 is Hungry
Wolf B1m is chasing: C5f
Wolf B1 is Thirsty
Wolf B1drank water
Wolf B1 m is ready to mate
No Female Wolf Partner or Female Wolf Partner not ready yet!
Wolf A0m is running away from: LionB2
Wolf A0 is Hungry
Wolf A0m is chasing: C0m
Wolf A0 is Thirsty
Wolf A0drank water
Wolf A0 m is ready to mate
No Female Wolf Partner or Female Wolf Partner not ready yet!
Wolf A5f is running away from: LionB0
Wolf A5 is Hungry
WolfA5f died of hunger
Wolf A5f is chasing: C5f
Wolf A5f ate: C5f
Wolf A5 is Thirsty
Wolf A5drank water
Wolf B3m is running away from: LionB0
Wolf B3 is Hungry
WolfB3m died of hunger
Wolf B3m is chasing: C1f
Wolf B3 is Thirsty
Wolf B3drank water
Wolf B3 m is ready to mate
No Female Wolf Partner or Female Wolf Partner not ready yet!
Wolf A5f is running away from: LionB0
Wolf A5 is Hungry
Wolf A5f is chasing: C5m
Rabbit B2 is Thirsty
Rabbit B2 drank water
Rabbit B2m is running away from: LionA3
Rabbit B2m is running away from: WolfA0
Rabbit B2 is Hungry
Rabbit B2 m is ready to mate
Rabbit B2 m is approaching partner: Rabbit C1f
Rabbit B4 is Thirsty
Rabbit B4 drank water
Rabbit B4f is running away from: LionB2
Rabbit B4f is running away from: WolfA0
Rabbit B4 is Hungry
Rabbit B4f ate
Rabbit A3 is Thirsty
Rabbit A3 drank water
Rabbit A3f is running away from: LionB2
Rabbit A3f is running away from: WolfA0
Rabbit A3 is Hungry
Rabbit C5m is running away from: LionA3
Rabbit C5m is running away from: WolfB1
Rabbit C5 m is ready to mate
Rabbit C5 m is approaching partner: Rabbit C1f
Rabbit C1 is Thirsty
Rabbit C1 drank water
Rabbit C1m is running away from: LionA3
Rabbit C1m is running away from: WolfA0
Rabbit C1 m is ready to mate
Rabbit C1 m is approaching partner: Rabbit C1f
Rabbit A5 is Thirsty
Rabbit A5 drank water
Rabbit A5m is running away from: LionA3
Rabbit A5m is running away from: WolfA0
Rabbit A5 m is ready to mate
Rabbit A5 m is approaching partner: Rabbit C1f
Rabbit A4 is Thirsty
Rabbit A4 drank water
Rabbit A4m is running away from: LionA3
Rabbit A4m is running away from: WolfA0
Rabbit A4 is Hungry
Rabbit A4 m is ready to mate
Rabbit A4 m is approaching partner: Rabbit C1f
Rabbit C1 is Thirsty
Rabbit C1 drank water
Rabbit C1f is running away from: LionA3
Rabbit C1f is running away from: WolfB1
Rabbit C1 is Hungry
Rabbit C1f ate
Rabbit C1 f is ready to mate
Rabbit C0 is Thirsty
Rabbit C0 drank water
Rabbit C0m is running away from: LionB2
Rabbit C0m is running away from: WolfA0
Rabbit C0 is Hungry
Rabbit C0m ate
Rabbit C0 m is ready to mate
Rabbit C0 m is approaching partner: Rabbit C1f
Rabbit A0 is Thirsty
Rabbit A0 drank water
Rabbit A0m is running away from: LionA3
Rabbit A0m is running away from: WolfA0
Rabbit A0 m is ready to mate
Rabbit A0 m is approaching partner: Rabbit C1f
Rabbit C1m is running away from: LionA3
Rabbit C1m is running away from: WolfA5
Rabbit C1 is Hungry
Rabbit C1m ate
Rabbit C1 m is ready to mate
Rabbit C1 m is approaching partner: Rabbit C1f
Rabbit B5m is running away from: LionA3
Rabbit B5m is running away from: WolfA0
Rabbit B5 m is ready to mate
Rabbit B5 m is approaching partner: Rabbit C1f
Rabbit B3m is running away from: LionB2
Rabbit B3m is running away from: WolfA0
Rabbit B3 is Hungry
Rabbit B1m is running away from: LionA3
Rabbit B1m is running away from: WolfA0
Rabbit B1 is Hungry
Lion A2m is Thirsty
Lion A2m drank water
Lion A2 m is ready to mate
No Female Lion Partner or Female Lion partners are not ready to mate Yet!
Lion B0m is Thirsty
Lion B0m drank water
Lion B0 is Hungry
LionB0mis chasing: A5f
Lion B0 m is ready to mate
No Female Lion Partner or Female Lion partners are not ready to mate Yet!
Lion B2m is Thirsty
Lion B2m drank water
Lion B2 m is ready to mate
No Female Lion Partner or Female Lion partners are not ready to mate Yet!
Lion A3m is Thirsty
Lion A3m drank water
Lion A3 m is ready to mate
No Female Lion Partner or Female Lion partners are not ready to mate Yet!
Wolf B1m is running away from: LionB0
Wolf B1 is Hungry
WolfB1m died of hunger
Wolf B1m is chasing: C1f
Wolf B1 is Thirsty
Wolf B1drank water
Wolf B1 m is ready to mate
No Female Wolf Partner or Female Wolf Partner not ready yet!
Wolf A0m is running away from: LionB2
Wolf A0 is Hungry
Wolf A0m is chasing: C0m
Wolf A0m ate: C0m
Wolf A0 is Thirsty
Wolf A0drank water
Wolf A0 m is ready to mate
No Female Wolf Partner or Female Wolf Partner not ready yet!
Wolf A5f is running away from: LionB0
Wolf A5 is Hungry
Wolf A5f is chasing: C5m
Rabbit B2 is Thirsty
Rabbit B2 drank water
Rabbit B2m is running away from: LionA3
Rabbit B2m is running away from: WolfA0
Rabbit B2 is Hungry
Rabbit B2 m is ready to mate
Rabbit B2 m is approaching partner: Rabbit C1f
Rabbit B4 is Thirsty
Rabbit B4 drank water
Rabbit B4f is running away from: LionA3
Rabbit B4f is running away from: WolfA0
Rabbit A3 is Thirsty
Rabbit A3 drank water
Rabbit A3f is running away from: LionB2
Rabbit A3f is running away from: WolfA0
Rabbit A3 is Hungry
Rabbit A3 f is ready to mate
Rabbit C5m is running away from: LionA3
Rabbit C5m is running away from: WolfA5
Rabbit C5 is Hungry
Rabbit C5m ate
Rabbit C5 m is ready to mate
Rabbit C5 m is approaching partner: Rabbit C1f
Rabbit C1 is Thirsty
Rabbit C1 drank water
Rabbit C1m is running away from: LionA3
Rabbit C1m is running away from: WolfA0
Rabbit C1 is Hungry
Rabbit C1 m is ready to mate
Rabbit C1 m is approaching partner: Rabbit A3f
Rabbit A5 is Thirsty
Rabbit A5 drank water
Rabbit A5m is running away from: LionA3
Rabbit A5m is running away from: WolfA0
Rabbit A5 is Hungry
Rabbit A5m ate
Rabbit A5 m is ready to mate
Rabbit A5 m is approaching partner: Rabbit A3f
Rabbit A4 is Thirsty
Rabbit A4 drank water
Rabbit A4m is running away from: LionA3
Rabbit A4m is running away from: WolfA0
Rabbit A4 is Hungry
Rabbit A4 m is ready to mate
Rabbit A4 m is approaching partner: Rabbit A3f
Rabbit C1 is Thirsty
Rabbit C1 drank water
Rabbit C1f is running away from: LionA3
Rabbit C1f is running away from: WolfA5
Rabbit C1 f is ready to mate
Rabbit A0 is Thirsty
Rabbit A0 drank water
Rabbit A0m is running away from: LionA3
Rabbit A0m is running away from: WolfA0
Rabbit A0 is Hungry
Rabbit A0m ate
Rabbit A0 m is ready to mate
Rabbit A0 m is approaching partner: Rabbit C1f
Rabbit C1 is Thirsty
Rabbit C1 drank water
Rabbit C1m is running away from: LionA3
Rabbit C1m is running away from: WolfA0
Rabbit C1 m is ready to mate
Rabbit C1 m is approaching partner: Rabbit C1f
Rabbit B5 is Thirsty
Rabbit B5 drank water
Rabbit B5m is running away from: LionA3
Rabbit B5m is running away from: WolfA0
Rabbit B5 is Hungry
Rabbit B5m ate
Rabbit B5 m is ready to mate
Rabbit B5 m is approaching partner: Rabbit A3f
Rabbit B3m is running away from: LionB2
Rabbit B3m is running away from: WolfA0
Rabbit B3 is Hungry
Rabbit B3m ate
Rabbit B3 m is ready to mate
Rabbit B3 m is approaching partner: Rabbit A3f
Rabbit B2 f was born!Father is B3 and Mother is A3
Rabbit B1m is running away from: LionA3
Rabbit B1m is running away from: WolfA0
Rabbit B1 is Hungry
Rabbit B1m ate
Lion A2 m is ready to mate
No Female Lion Partner or Female Lion partners are not ready to mate Yet!
Lion B0m is Thirsty
Lion B0m drank water
Lion B0 is Hungry
LionB0mis chasing: A5f
Lion B0 m is ready to mate
No Female Lion Partner or Female Lion partners are not ready to mate Yet!
Lion B2m is Thirsty
Lion B2m drank water
Lion B2 m is ready to mate
No Female Lion Partner or Female Lion partners are not ready to mate Yet!
Lion A3m is Thirsty
Lion A3m drank water
Lion A3 m is ready to mate
No Female Lion Partner or Female Lion partners are not ready to mate Yet!
Wolf A0m is running away from: LionB2
Wolf A0 is Thirsty
Wolf A0drank water
Wolf A0 m is ready to mate
No Female Wolf Partner or Female Wolf Partner not ready yet!
Wolf A5f is running away from: LionB0
Wolf A5 is Hungry
Wolf A5f is chasing: C1f
Wolf A5 is Thirsty
Wolf A5drank water
Rabbit B2 is Thirsty
Rabbit B2 drank water
Rabbit B2m is running away from: LionA3
Rabbit B2m is running away from: WolfA0
Rabbit B2 is Hungry
Rabbit B2 m is ready to mate
Rabbit B2 m is approaching partner: Rabbit C1f
Rabbit B4 is Thirsty
Rabbit B4 drank water
Rabbit B4f is running away from: LionB2
Rabbit B4f is running away from: WolfA0
Rabbit B4 is Hungry
Rabbit B4f ate
Rabbit A3 is Thirsty
Rabbit A3 drank water
Rabbit A3f is running away from: LionB2
Rabbit A3f is running away from: WolfA0
Rabbit A3 is Hungry
Rabbit C5m is running away from: LionA3
Rabbit C5m is running away from: WolfA5
Rabbit C5 m is ready to mate
Rabbit C5 m is approaching partner: Rabbit C1f
Rabbit C1 is Thirsty
Rabbit C1 drank water
Rabbit C1m is running away from: LionA3
Rabbit C1m is running away from: WolfA0
Rabbit C1 is Hungry
Rabbit C1 m is ready to mate
Rabbit C1 m is approaching partner: Rabbit C1f
Rabbit A5 is Thirsty
Rabbit A5 drank water
Rabbit A5m is running away from: LionA3
Rabbit A5m is running away from: WolfA0
Rabbit A5 m is ready to mate
Rabbit A5 m is approaching partner: Rabbit C1f
Rabbit A4 is Thirsty
Rabbit A4 drank water
Rabbit A4m is running away from: LionA3
Rabbit A4m is running away from: WolfA0
Rabbit A4 is Hungry
Rabbit A4 m is ready to mate
Rabbit A4 m is approaching partner: Rabbit C1f
Rabbit C1 is Thirsty
Rabbit C1 drank water
Rabbit C1f is running away from: LionA3
Rabbit C1f is running away from: WolfA5
Rabbit C1 is Hungry
Rabbit C1f ate
Rabbit C1 f is ready to mate
Rabbit A0 is Thirsty
Rabbit A0 drank water
Rabbit A0m is running away from: LionA3
Rabbit A0m is running away from: WolfA0
Rabbit A0 m is ready to mate
Rabbit A0 m is approaching partner: Rabbit C1f
Rabbit C1 is Thirsty
Rabbit C1 drank water
Rabbit C1m is running away from: LionA3
Rabbit C1m is running away from: WolfA5
Rabbit C1 is Hungry
Rabbit C1m ate
Rabbit C1 m is ready to mate
Rabbit C1 m is approaching partner: Rabbit C1f
Rabbit B5 is Thirsty
Rabbit B5 drank water
Rabbit B5m is running away from: LionA3
Rabbit B5m is running away from: WolfA0
Rabbit B5 m is ready to mate
Rabbit B5 m is approaching partner: Rabbit C1f
Rabbit B3m is running away from: LionB2
Rabbit B3m is running away from: WolfA0
Rabbit B3 m is ready to mate
Rabbit B3 m is approaching partner: Rabbit C1f
Rabbit B1m is running away from: LionA3
Rabbit B1m is running away from: WolfA0
Rabbit B1 m is ready to mate
Rabbit B1 m is approaching partner: Rabbit C1f
Rabbit B2f is running away from: LionB2
Rabbit B2f is running away from: WolfA0
Lion A2 m is ready to mate
No Female Lion Partner or Female Lion partners are not ready to mate Yet!
Lion B0m is Thirsty
Lion B0m drank water
Lion B0 is Hungry
LionB0mis chasing: A5f
Lion B0 m is ready to mate
No Female Lion Partner or Female Lion partners are not ready to mate Yet!
Lion B2m is Thirsty
Lion B2m drank water
Lion B2 m is ready to mate
No Female Lion Partner or Female Lion partners are not ready to mate Yet!
Lion A3m is Thirsty
Lion A3m drank water
Lion A3 m is ready to mate
No Female Lion Partner or Female Lion partners are not ready to mate Yet!
Wolf A0m is running away from: LionB2
Wolf A0 is Thirsty
Wolf A0drank water
Wolf A0 m is ready to mate
No Female Wolf Partner or Female Wolf Partner not ready yet!
Wolf A5f is running away from: LionB0
Wolf A5 is Hungry
Wolf A5f is chasing: C5m
Wolf A5 is Thirsty
Wolf A5drank water
Rabbit B2 is Thirsty
Rabbit B2 drank water
Rabbit B2m is running away from: LionB2
Rabbit B2m is running away from: WolfA0
Rabbit B2 is Hungry
Rabbit B2m ate
Rabbit B2 m is ready to mate
Rabbit B2 m is approaching partner: Rabbit C1f
Rabbit B4 is Thirsty
Rabbit B4 drank water
Rabbit B4f is running away from: LionB2
Rabbit B4f is running away from: WolfA0
Rabbit B4 f is ready to mate
Rabbit A3 is Thirsty
Rabbit A3 drank water
Rabbit A3f is running away from: LionB2
Rabbit A3f is running away from: WolfA0
Rabbit A3 is Hungry
RabbitA3f died of hunger
Rabbit C5m is running away from: LionA3
Rabbit C5m is running away from: WolfA5
Rabbit C5 is Hungry
Rabbit C5m ate
Rabbit C5 m is ready to mate
Rabbit C5 m is approaching partner: Rabbit C1f
Rabbit B3 m was born!Father is C5 and Mother is C1
Rabbit C1 is Thirsty
Rabbit C1 drank water
Rabbit C1m is running away from: LionB2
Rabbit C1m is running away from: WolfA0
Rabbit C1 is Hungry
Rabbit C1 m is ready to mate
Rabbit C1 m is approaching partner: Rabbit B4f
Rabbit A5 is Thirsty
Rabbit A5 drank water
Rabbit A5m is running away from: LionA3
Rabbit A5m is running away from: WolfA0
Rabbit A5 is Hungry
Rabbit A5 m is ready to mate
Rabbit A5 m is approaching partner: Rabbit B4f
Rabbit C1 f was born!Father is A5 and Mother is B4
Rabbit A4 is Thirsty
Rabbit A4 drank water
Rabbit A4m is running away from: LionB2
Rabbit A4m is running away from: WolfA0
Rabbit A4 is Hungry
RabbitA4m died of hunger
Rabbit A4 m is ready to mate
Not enough female Rabbits or Female Rabbit partners are not ready yet!
Rabbit C1 is Thirsty
Rabbit C1 drank water
Rabbit C1f is running away from: LionA3
Rabbit C1f is running away from: WolfA5
Rabbit A0 is Thirsty
Rabbit A0 drank water
Rabbit A0m is running away from: LionA3
Rabbit A0m is running away from: WolfA0
Rabbit A0 is Hungry
Rabbit A0 m is ready to mate
Not enough female Rabbits or Female Rabbit partners are not ready yet!
Rabbit C1 is Thirsty
Rabbit C1 drank water
Rabbit C1m is running away from: LionA3
Rabbit C1m is running away from: WolfA0
Rabbit C1 m is ready to mate
Not enough female Rabbits or Female Rabbit partners are not ready yet!
Rabbit B5 is Thirsty
Rabbit B5 drank water
Rabbit B5m is running away from: LionA3
Rabbit B5m is running away from: WolfA0
Rabbit B5 is Hungry
Rabbit B5m ate
Rabbit B5 m is ready to mate
Not enough female Rabbits or Female Rabbit partners are not ready yet!
Rabbit B3m is running away from: LionB2
Rabbit B3m is running away from: WolfA0
Rabbit B3 is Hungry
Rabbit B3m ate
Rabbit B3 m is ready to mate
Not enough female Rabbits or Female Rabbit partners are not ready yet!
Rabbit B1m is running away from: LionA3
Rabbit B1m is running away from: WolfA0
Rabbit B1 is Hungry
Rabbit B1m ate
Rabbit B1 m is ready to mate
Not enough female Rabbits or Female Rabbit partners are not ready yet!
Rabbit B2f is running away from: LionB2
Rabbit B2f is running away from: WolfA0
Rabbit B2 is Hungry
Rabbit B2f ate
Lion A2 m is ready to mate
No Female Lion Partner or Female Lion partners are not ready to mate Yet!
Lion B0m is Thirsty
Lion B0m drank water
Lion B0 is Hungry
LionB0mis chasing: A5f
Lion B0 m is ready to mate
No Female Lion Partner or Female Lion partners are not ready to mate Yet!
Lion B2 m is ready to mate
No Female Lion Partner or Female Lion partners are not ready to mate Yet!
Lion A3 m is ready to mate
No Female Lion Partner or Female Lion partners are not ready to mate Yet!
Wolf A0m is running away from: LionB2
Wolf A0 is Thirsty
Wolf A0drank water
Wolf A0 m is ready to mate
No Female Wolf Partner or Female Wolf Partner not ready yet!
Wolf A5f is running away from: LionB0
Wolf A5 is Hungry
WolfA5f died of hunger
Wolf A5f is chasing: C1f
Wolf A5 is Thirsty
Wolf A5drank water
Rabbit B2 is Thirsty
Rabbit B2 drank water
Rabbit B2m is running away from: LionA3
Rabbit B2m is running away from: WolfA0
Rabbit B2 m is ready to mate
Not enough female Rabbits or Female Rabbit partners are not ready yet!
Rabbit B4 is Thirsty
Rabbit B4 drank water
Rabbit B4f is running away from: LionB2
Rabbit B4f is running away from: WolfA0
Rabbit B4 is Hungry
Rabbit C5m is running away from: LionA3
Rabbit C5m is running away from: WolfA0
Rabbit C5 m is ready to mate
Not enough female Rabbits or Female Rabbit partners are not ready yet!
Rabbit C1 is Thirsty
Rabbit C1 drank water
Rabbit C1m is running away from: LionB2
Rabbit C1m is running away from: WolfA0
Rabbit C1 is Hungry
Rabbit C1 m is ready to mate
Not enough female Rabbits or Female Rabbit partners are not ready yet!
Rabbit A5 is Thirsty
Rabbit A5 drank water
Rabbit A5m is running away from: LionB2
Rabbit A5m is running away from: WolfA0
Rabbit A5 is Hungry
Rabbit A5m ate
Rabbit A5 m is ready to mate
Not enough female Rabbits or Female Rabbit partners are not ready yet!
Rabbit C1 is Thirsty
Rabbit C1 drank water
Rabbit C1f is running away from: LionA3
Rabbit C1f is running away from: WolfA0
Rabbit C1 is Hungry
Rabbit C1f ate
Rabbit A0 is Thirsty
Rabbit A0 drank water
Rabbit A0m is running away from: LionA3
Rabbit A0m is running away from: WolfA0
Rabbit A0 is Hungry
Rabbit A0 m is ready to mate
Not enough female Rabbits or Female Rabbit partners are not ready yet!
Rabbit C1 is Thirsty
Rabbit C1 drank water
Rabbit C1m is running away from: LionA3
Rabbit C1m is running away from: WolfA0
Rabbit C1 is Hungry
Rabbit C1m ate
Rabbit C1 m is ready to mate
Not enough female Rabbits or Female Rabbit partners are not ready yet!
Rabbit B5 is Thirsty
Rabbit B5 drank water
Rabbit B5m is running away from: LionA3
Rabbit B5m is running away from: WolfA0
Rabbit B5 m is ready to mate
Not enough female Rabbits or Female Rabbit partners are not ready yet!
Rabbit B3m is running away from: LionB2
Rabbit B3m is running away from: WolfA0
Rabbit B3 m is ready to mate
Not enough female Rabbits or Female Rabbit partners are not ready yet!
Rabbit B1m is running away from: LionA3
Rabbit B1m is running away from: WolfA0
Rabbit B1 m is ready to mate
Not enough female Rabbits or Female Rabbit partners are not ready yet!
Rabbit B2f is running away from: LionB2
Rabbit B2f is running away from: WolfA0
Rabbit B3m is running away from: LionA3
Rabbit B3m is running away from: WolfA0
Rabbit C1f is running away from: LionA3
Rabbit C1f is running away from: WolfA0
Lion A2 m is ready to mate
No Female Lion Partner or Female Lion partners are not ready to mate Yet!
Lion B0m is Thirsty
Lion B0m drank water
Lion B0 is Hungry
LionB0mis chasing: C5m
Lion B0 m is ready to mate
No Female Lion Partner or Female Lion partners are not ready to mate Yet!
Lion B2 m is ready to mate
No Female Lion Partner or Female Lion partners are not ready to mate Yet!
Lion A3 m is ready to mate
No Female Lion Partner or Female Lion partners are not ready to mate Yet!
Wolf A0m is running away from: LionB2
Wolf A0 is Hungry
Wolf A0m is chasing: B2f
Wolf A0 is Thirsty
Wolf A0drank water
Wolf A0 m is ready to mate
No Female Wolf Partner or Female Wolf Partner not ready yet!
Rabbit B2 is Thirsty
Rabbit B2 drank water
Rabbit B2m is running away from: LionA3
Rabbit B2m is running away from: WolfA0
Rabbit B2 is Hungry
Rabbit B2 m is ready to mate
Not enough female Rabbits or Female Rabbit partners are not ready yet!
Rabbit B4 is Thirsty
Rabbit B4 drank water
Rabbit B4f is running away from: LionA3
Rabbit B4f is running away from: WolfA0
Rabbit B4 is Hungry
Rabbit C5m is running away from: LionA3
Rabbit C5m is running away from: WolfA0
Rabbit C5 is Hungry
Rabbit C5 m is ready to mate
Not enough female Rabbits or Female Rabbit partners are not ready yet!
Rabbit C1 is Thirsty
Rabbit C1 drank water
Rabbit C1m is running away from: LionA3
Rabbit C1m is running away from: WolfA0
Rabbit C1 is Hungry
RabbitC1m died of hunger
Rabbit C1 m is ready to mate
Not enough female Rabbits or Female Rabbit partners are not ready yet!
Rabbit A5 is Thirsty
Rabbit A5 drank water
Rabbit A5m is running away from: LionA3
Rabbit A5m is running away from: WolfA0
Rabbit A5 m is ready to mate
Not enough female Rabbits or Female Rabbit partners are not ready yet!
Rabbit C1 is Thirsty
Rabbit C1 drank water
Rabbit C1f is running away from: LionA3
Rabbit C1f is running away from: WolfA0
Rabbit A0 is Thirsty
Rabbit A0 drank water
Rabbit A0m is running away from: LionA3
Rabbit A0m is running away from: WolfA0
Rabbit A0 is Hungry
Rabbit A0 m is ready to mate
Not enough female Rabbits or Female Rabbit partners are not ready yet!
Rabbit C1 is Thirsty
Rabbit C1 drank water
Rabbit C1m is running away from: LionA3
Rabbit C1m is running away from: WolfA0
Rabbit C1 m is ready to mate
Not enough female Rabbits or Female Rabbit partners are not ready yet!
Rabbit B5 is Thirsty
Rabbit B5 drank water
Rabbit B5m is running away from: LionA3
Rabbit B5m is running away from: WolfA0
Rabbit B5 is Hungry
Rabbit B5m ate
Rabbit B5 m is ready to mate
Not enough female Rabbits or Female Rabbit partners are not ready yet!
Rabbit B3m is running away from: LionB2
Rabbit B3m is running away from: WolfA0
Rabbit B3 is Hungry
Rabbit B3m ate
Rabbit B3 m is ready to mate
Not enough female Rabbits or Female Rabbit partners are not ready yet!
Rabbit B1m is running away from: LionB2
Rabbit B1m is running away from: WolfA0
Rabbit B1 is Hungry
Rabbit B1m ate
Rabbit B1 m is ready to mate
Not enough female Rabbits or Female Rabbit partners are not ready yet!
Rabbit B2f is running away from: LionB2
Rabbit B2f is running away from: WolfA0
Rabbit B2 is Hungry
Rabbit B3m is running away from: LionA3
Rabbit B3m is running away from: WolfA0
Rabbit B3 is Hungry
Rabbit B3m ate
Rabbit C1f is running away from: LionA3
Rabbit C1f is running away from: WolfA0
Rabbit C1 is Hungry
Lion A2 is Hungry
LionA2mis chasing: C1m
Lion A2 m is ready to mate
No Female Lion Partner or Female Lion partners are not ready to mate Yet!
Lion B0m is Thirsty
Lion B0m drank water
Lion B0 is Hungry
LionB0mis chasing: C1f
Lion B0 m is ready to mate
No Female Lion Partner or Female Lion partners are not ready to mate Yet!
Lion B2 m is ready to mate
No Female Lion Partner or Female Lion partners are not ready to mate Yet!
Lion A3 m is ready to mate
No Female Lion Partner or Female Lion partners are not ready to mate Yet!
Wolf A0m is running away from: LionB2
Wolf A0 is Hungry
Wolf A0m is chasing: B3m
Wolf A0 is Thirsty
Wolf A0drank water
Wolf A0 m is ready to mate
No Female Wolf Partner or Female Wolf Partner not ready yet!
Rabbit B2 is Thirsty
Rabbit B2 drank water
Rabbit B2m is running away from: LionA3
Rabbit B2m is running away from: WolfA0
Rabbit B2 is Hungry
Rabbit B2 m is ready to mate
Not enough female Rabbits or Female Rabbit partners are not ready yet!
Rabbit B4 is Thirsty
Rabbit B4 drank water
Rabbit B4f is running away from: LionA3
Rabbit B4f is running away from: WolfA0
Rabbit B4 is Hungry
Rabbit C5m is running away from: LionB0
Rabbit C5m is running away from: WolfA0
Rabbit C5 is Hungry
Rabbit C5 m is ready to mate
Not enough female Rabbits or Female Rabbit partners are not ready yet!
Rabbit A5 is Thirsty
Rabbit A5 drank water
Rabbit A5m is running away from: LionB2
Rabbit A5m is running away from: WolfA0
Rabbit A5 is Hungry
Rabbit A5 m is ready to mate
Not enough female Rabbits or Female Rabbit partners are not ready yet!
Rabbit C1 is Thirsty
Rabbit C1 drank water
Rabbit C1f is running away from: LionB0
Rabbit C1f is running away from: WolfA0
Rabbit C1 is Hungry
Rabbit C1f ate
Rabbit A0 is Thirsty
Rabbit A0 drank water
Rabbit A0m is running away from: LionA3
Rabbit A0m is running away from: WolfA0
Rabbit A0 is Hungry
Rabbit A0 m is ready to mate
Not enough female Rabbits or Female Rabbit partners are not ready yet!
Rabbit C1 is Thirsty
Rabbit C1 drank water
Rabbit C1m is running away from: LionA3
Rabbit C1m is running away from: WolfA0
Rabbit C1 is Hungry
Rabbit C1 m is ready to mate
Not enough female Rabbits or Female Rabbit partners are not ready yet!
Rabbit B5 is Thirsty
Rabbit B5 drank water
Rabbit B5m is running away from: LionA3
Rabbit B5m is running away from: WolfA0
Rabbit B5 m is ready to mate
Not enough female Rabbits or Female Rabbit partners are not ready yet!
Rabbit B3 is Thirsty
Rabbit B3 drank water
Rabbit B3m is running away from: LionB2
Rabbit B3m is running away from: WolfA0
Rabbit B3 m is ready to mate
Not enough female Rabbits or Female Rabbit partners are not ready yet!
Rabbit B1m is running away from: LionA3
Rabbit B1m is running away from: WolfA0
Rabbit B1 m is ready to mate
Not enough female Rabbits or Female Rabbit partners are not ready yet!
Rabbit B2f is running away from: LionB2
Rabbit B2f is running away from: WolfA0
Rabbit B2 is Hungry
Rabbit B3m is running away from: LionB0
Rabbit B3m is running away from: WolfA0
Rabbit C1f is running away from: LionB2
Rabbit C1f is running away from: WolfA0
Rabbit C1 is Hungry
Lion A2 is Hungry
LionA2mis chasing: C1m
Lion A2 m is ready to mate
No Female Lion Partner or Female Lion partners are not ready to mate Yet!
Lion B0m is Thirsty
Lion B0m drank water
Lion B0 is Hungry
LionB0mis chasing: C1f
Lion B0 m is ready to mate
No Female Lion Partner or Female Lion partners are not ready to mate Yet!
Lion B2 is Hungry
LionB2mis chasing: B2m
Lion B2 m is ready to mate
No Female Lion Partner or Female Lion partners are not ready to mate Yet!
Lion A3 m is ready to mate
No Female Lion Partner or Female Lion partners are not ready to mate Yet!
Wolf A0m is running away from: LionB2
Wolf A0 is Hungry
Wolf A0m is chasing: B3m
Wolf A0 is Thirsty
Wolf A0drank water
Wolf A0 m is ready to mate
No Female Wolf Partner or Female Wolf Partner not ready yet!
Rabbit B2 is Thirsty
Rabbit B2 drank water
Rabbit B2m is running away from: LionB2
Rabbit B2m is running away from: WolfA0
Rabbit B2 is Hungry
Rabbit B2 m is ready to mate
Not enough female Rabbits or Female Rabbit partners are not ready yet!
Rabbit B4 is Thirsty
Rabbit B4 drank water
Rabbit B4f is running away from: LionB2
Rabbit B4f is running away from: WolfA0
Rabbit B4 is Hungry
Rabbit C5m is running away from: LionB0
Rabbit C5m is running away from: WolfA0
Rabbit C5 is Hungry
Rabbit C5m ate
Rabbit C5 m is ready to mate
Not enough female Rabbits or Female Rabbit partners are not ready yet!
Rabbit A5 is Thirsty
Rabbit A5 drank water
Rabbit A5m is running away from: LionA3
Rabbit A5m is running away from: WolfA0
Rabbit A5 is Hungry
Rabbit A5 m is ready to mate
Not enough female Rabbits or Female Rabbit partners are not ready yet!
Rabbit C1 is Thirsty
Rabbit C1 drank water
Rabbit C1f is running away from: LionB0
Rabbit C1f is running away from: WolfA0
Rabbit A0 is Thirsty
Rabbit A0 drank water
Rabbit A0m is running away from: LionA3
Rabbit A0m is running away from: WolfA0
Rabbit A0 is Hungry
RabbitA0m died of hunger
Rabbit A0 m is ready to mate
Not enough female Rabbits or Female Rabbit partners are not ready yet!
Rabbit C1 is Thirsty
Rabbit C1 drank water
Rabbit C1m is running away from: LionA3
Rabbit C1m is running away from: WolfA0
Rabbit C1 is Hungry
Rabbit C1 m is ready to mate
Not enough female Rabbits or Female Rabbit partners are not ready yet!
Rabbit B5 is Thirsty
Rabbit B5 drank water
Rabbit B5m is running away from: LionA3
Rabbit B5m is running away from: WolfA0
Rabbit B5 is Hungry
Rabbit B5m ate
Rabbit B5 m is ready to mate
Not enough female Rabbits or Female Rabbit partners are not ready yet!
Rabbit B3 is Thirsty
Rabbit B3 drank water
Rabbit B3m is running away from: LionB2
Rabbit B3m is running away from: WolfA0
Rabbit B3 is Hungry
Rabbit B3 m is ready to mate
Not enough female Rabbits or Female Rabbit partners are not ready yet!
Rabbit B1 is Thirsty
Rabbit B1 drank water
Rabbit B1m is running away from: LionA3
Rabbit B1m is running away from: WolfA0
Rabbit B1 is Hungry
Rabbit B1 m is ready to mate
Not enough female Rabbits or Female Rabbit partners are not ready yet!
Rabbit B2f is running away from: LionB2
Rabbit B2f is running away from: WolfA0
Rabbit B2 is Hungry
Rabbit B2 f is ready to mate
Rabbit B3m is running away from: LionB0
Rabbit B3m is running away from: WolfA0
Rabbit B3 is Hungry
Rabbit B3m ate
Rabbit C1f is running away from: LionA3
Rabbit C1f is running away from: WolfA0
Rabbit C1 is Hungry
Lion A2 is Hungry
LionA2mis chasing: C1m
Lion A2 m is ready to mate
No Female Lion Partner or Female Lion partners are not ready to mate Yet!
Lion B0m is Thirsty
Lion B0m drank water
Lion B0 is Hungry
LionB0mis chasing: C1f
Lion B0 m is ready to mate
No Female Lion Partner or Female Lion partners are not ready to mate Yet!
Lion B2 is Hungry
LionB2mis chasing: B4f
Lion B2 m is ready to mate
No Female Lion Partner or Female Lion partners are not ready to mate Yet!
Lion A3 is Hungry
LionA3mis chasing: C1m
Lion A3 m is ready to mate
No Female Lion Partner or Female Lion partners are not ready to mate Yet!
Wolf A0m is running away from: LionB2
Wolf A0 is Hungry
Wolf A0m is chasing: B2f
Wolf A0 is Thirsty
Wolf A0drank water
Wolf A0 m is ready to mate
No Female Wolf Partner or Female Wolf Partner not ready yet!
Rabbit B2 is Thirsty
Rabbit B2 drank water
Rabbit B2m is running away from: LionA3
Rabbit B2m is running away from: WolfA0
Rabbit B2 is Hungry
Rabbit B2 m is ready to mate
Rabbit B2 m is approaching partner: Rabbit B2f
Rabbit B4 is Thirsty
Rabbit B4 drank water
Rabbit B4f is running away from: LionB2
Rabbit B4f is running away from: WolfA0
Rabbit B4 is Hungry
RabbitB4f died of hunger
Rabbit C5m is running away from: LionB0
Rabbit C5m is running away from: WolfA0
Rabbit C5 m is ready to mate
Rabbit C5 m is approaching partner: Rabbit B2f
Rabbit A5 is Thirsty
Rabbit A5 drank water
Rabbit A5m is running away from: LionB2
Rabbit A5m is running away from: WolfA0
Rabbit A5 is Hungry
Rabbit A5 m is ready to mate
Rabbit A5 m is approaching partner: Rabbit B2f
Rabbit C1 is Thirsty
Rabbit C1 drank water
Rabbit C1f is running away from: LionB0
Rabbit C1f is running away from: WolfA0
Rabbit C1 is Hungry
Rabbit C1 is Thirsty
Rabbit C1 drank water
Rabbit C1m is running away from: LionA3
Rabbit C1m is running away from: WolfA0
Rabbit C1 is Hungry
Rabbit C1m ate
Rabbit C1 m is ready to mate
Rabbit C1 m is approaching partner: Rabbit B2f
Rabbit B5 is Thirsty
Rabbit B5 drank water
Rabbit B5m is running away from: LionA3
Rabbit B5m is running away from: WolfA0
Rabbit B5 m is ready to mate
Rabbit B5 m is approaching partner: Rabbit B2f
Rabbit B3 is Thirsty
Rabbit B3 drank water
Rabbit B3m is running away from: LionB2
Rabbit B3m is running away from: WolfA0
Rabbit B3 is Hungry
Rabbit B3 m is ready to mate
Rabbit B3 m is approaching partner: Rabbit B2f
Rabbit B1 is Thirsty
Rabbit B1 drank water
Rabbit B1m is running away from: LionA3
Rabbit B1m is running away from: WolfA0
Rabbit B1 is Hungry
Rabbit B1 m is ready to mate
Rabbit B1 m is approaching partner: Rabbit B2f
Rabbit B2f is running away from: LionB2
Rabbit B2f is running away from: WolfA0
Rabbit B2 is Hungry
Rabbit B2 f is ready to mate
Rabbit B3m is running away from: LionB0
Rabbit B3m is running away from: WolfA0
Rabbit C1f is running away from: LionA3
Rabbit C1f is running away from: WolfA0
Rabbit C1 is Hungry
Lion A2 is Hungry
LionA2mis chasing: C1m
Lion A2 m is ready to mate
No Female Lion Partner or Female Lion partners are not ready to mate Yet!
Lion B0m is Thirsty
Lion B0m drank water
Lion B0 is Hungry
LionB0mis chasing: C1f
Lion B0 m is ready to mate
No Female Lion Partner or Female Lion partners are not ready to mate Yet!
Lion B2 is Hungry
LionB2mis chasing: B2m
Lion B2 m is ready to mate
No Female Lion Partner or Female Lion partners are not ready to mate Yet!
Lion A3 is Hungry
LionA3mis chasing: C1m
Lion A3 m is ready to mate
No Female Lion Partner or Female Lion partners are not ready to mate Yet!
Wolf A0m is running away from: LionB2
Wolf A0 is Hungry
Wolf A0m is chasing: B3m
Wolf A0 is Thirsty
Wolf A0drank water
Wolf A0 m is ready to mate
No Female Wolf Partner or Female Wolf Partner not ready yet!
Rabbit B2 is Thirsty
Rabbit B2 drank water
Rabbit B2m is running away from: LionB2
Rabbit B2m is running away from: WolfA0
Rabbit B2 is Hungry
RabbitB2m died of hunger
Rabbit B2m ate
Rabbit B2 m is ready to mate
Rabbit B2 m is approaching partner: Rabbit B2f
Rabbit C5 is Thirsty
Rabbit C5 drank water
Rabbit C5m is running away from: LionB0
Rabbit C5m is running away from: WolfA0
Rabbit C5 is Hungry
Rabbit C5 m is ready to mate
Rabbit C5 m is approaching partner: Rabbit B2f
Rabbit A5 is Thirsty
Rabbit A5 drank water
Rabbit A5m is running away from: LionB2
Rabbit A5m is running away from: WolfA0
Rabbit A5 is Hungry
Rabbit A5 m is ready to mate
Rabbit A5 m is approaching partner: Rabbit B2f
Rabbit C1 is Thirsty
Rabbit C1 drank water
Rabbit C1f is running away from: LionB0
Rabbit C1f is running away from: WolfA0
Rabbit C1 is Hungry
Rabbit C1f ate
Rabbit C1 f is ready to mate
Rabbit C1 is Thirsty
Rabbit C1 drank water
Rabbit C1m is running away from: LionA3
Rabbit C1m is running away from: WolfA0
Rabbit C1 m is ready to mate
Rabbit C1 m is approaching partner: Rabbit C1f
Rabbit B5 is Thirsty
Rabbit B5 drank water
Rabbit B5m is running away from: LionA3
Rabbit B5m is running away from: WolfA0
Rabbit B5 is Hungry
Rabbit B5 m is ready to mate
Rabbit B5 m is approaching partner: Rabbit C1f
Rabbit B3 is Thirsty
Rabbit B3 drank water
Rabbit B3m is running away from: LionB2
Rabbit B3m is running away from: WolfA0
Rabbit B3 is Hungry
Rabbit B3 m is ready to mate
Rabbit B3 m is approaching partner: Rabbit B2f
Rabbit B1 is Thirsty
Rabbit B1 drank water
Rabbit B1m is running away from: LionB2
Rabbit B1m is running away from: WolfA0
Rabbit B1 is Hungry
Rabbit B1 m is ready to mate
Rabbit B1 m is approaching partner: Rabbit C1f
Rabbit B2f is running away from: LionB2
Rabbit B2f is running away from: WolfA0
Rabbit B2 is Hungry
RabbitB2f died of hunger
Rabbit B2 f is ready to mate
Rabbit B3m is running away from: LionB0
Rabbit B3m is running away from: WolfA0
Rabbit B3 is Hungry
Rabbit B3 m is ready to mate
Rabbit B3 m is approaching partner: Rabbit C1f
Rabbit C1f is running away from: LionA3
Rabbit C1f is running away from: WolfA0
Rabbit C1 is Hungry
RabbitC1f died of hunger
Rabbit C1 f is ready to mate
Lion A2 is Hungry
LionA2mis chasing: C1m
Lion A2 m is ready to mate
No Female Lion Partner or Female Lion partners are not ready to mate Yet!
Lion B0m is Thirsty
Lion B0m drank water
Lion B0 is Hungry
LionB0mis chasing: C1f
Lion B0 m is ready to mate
No Female Lion Partner or Female Lion partners are not ready to mate Yet!
Lion B2 is Hungry
LionB2mis chasing: A5m
Lion B2 m is ready to mate
No Female Lion Partner or Female Lion partners are not ready to mate Yet!
Lion A3 is Hungry
LionA3mis chasing: C1m
Lion A3 m is ready to mate
No Female Lion Partner or Female Lion partners are not ready to mate Yet!
Wolf A0m is running away from: LionB2
Wolf A0 is Hungry
Wolf A0m is chasing: B3m
Wolf A0 is Thirsty
Wolf A0drank water
Wolf A0 m is ready to mate
No Female Wolf Partner or Female Wolf Partner not ready yet!
Rabbit C5 is Thirsty
Rabbit C5 drank water
Rabbit C5m is running away from: LionB0
Rabbit C5m is running away from: WolfA0
Rabbit C5 is Hungry
Rabbit C5 m is ready to mate
Rabbit C5 m is approaching partner: Rabbit C1f
Rabbit A5 is Thirsty
Rabbit A5 drank water
Rabbit A5m is running away from: LionB2
Rabbit A5m is running away from: WolfA0
Rabbit A5 is Hungry
RabbitA5m died of hunger
Rabbit A5 m is ready to mate
Rabbit A5 m is approaching partner: Rabbit C1f
Rabbit C1 is Thirsty
Rabbit C1 drank water
Rabbit C1f is running away from: LionB0
Rabbit C1f is running away from: WolfA0
Rabbit C1 f is ready to mate
Rabbit C1 is Thirsty
Rabbit C1 drank water
Rabbit C1m is running away from: LionA3
Rabbit C1m is running away from: WolfA0
Rabbit C1 is Hungry
Rabbit C1 m is ready to mate
Rabbit C1 m is approaching partner: Rabbit C1f
Rabbit B5 is Thirsty
Rabbit B5 drank water
Rabbit B5m is running away from: LionA3
Rabbit B5m is running away from: WolfA0
Rabbit B5 is Hungry
Rabbit B5 m is ready to mate
Rabbit B5 m is approaching partner: Rabbit C1f
Rabbit B3 is Thirsty
Rabbit B3 drank water
Rabbit B3m is running away from: LionB2
Rabbit B3m is running away from: WolfA0
Rabbit B3 is Hungry
Rabbit B3 m is ready to mate
Rabbit B3 m is approaching partner: Rabbit C1f
Rabbit B1 is Thirsty
Rabbit B1 drank water
Rabbit B1m is running away from: LionA3
Rabbit B1m is running away from: WolfA0
Rabbit B1 is Hungry
Rabbit B1 m is ready to mate
Rabbit B1 m is approaching partner: Rabbit C1f
Rabbit B3m is running away from: LionB0
Rabbit B3m is running away from: WolfA0
Rabbit B3 is Hungry
Rabbit B3 m is ready to mate
Rabbit B3 m is approaching partner: Rabbit C1f
Lion A2m is Thirsty
Lion A2m drank water
Lion A2 is Hungry
LionA2mis chasing: C1m
Lion A2 m is ready to mate
No Female Lion Partner or Female Lion partners are not ready to mate Yet!
Lion B0m is Thirsty
Lion B0m drank water
Lion B0 is Hungry
LionB0mis chasing: C1f
Lion B0 m is ready to mate
No Female Lion Partner or Female Lion partners are not ready to mate Yet!
Lion B2 is Hungry
LionB2mis chasing: B1m
Lion B2 m is ready to mate
No Female Lion Partner or Female Lion partners are not ready to mate Yet!
Lion A3 is Hungry
LionA3mis chasing: C1m
Lion A3 m is ready to mate
No Female Lion Partner or Female Lion partners are not ready to mate Yet!
Wolf A0m is running away from: LionB2
Wolf A0 is Hungry
Wolf A0m is chasing: B3m
Wolf A0 is Thirsty
Wolf A0drank water
Wolf A0 m is ready to mate
No Female Wolf Partner or Female Wolf Partner not ready yet!
Rabbit C5 is Thirsty
Rabbit C5 drank water
Rabbit C5m is running away from: LionB0
Rabbit C5m is running away from: WolfA0
Rabbit C5 is Hungry
Rabbit C5 m is ready to mate
Rabbit C5 m is approaching partner: Rabbit C1f
Rabbit C1 is Thirsty
Rabbit C1 drank water
Rabbit C1f is running away from: LionB0
Rabbit C1f is running away from: WolfA0
Rabbit C1 is Hungry
Rabbit C1 f is ready to mate
Rabbit C1 is Thirsty
Rabbit C1 drank water
Rabbit C1m is running away from: LionA3
Rabbit C1m is running away from: WolfA0
Rabbit C1 is Hungry
Rabbit C1 m is ready to mate
Rabbit C1 m is approaching partner: Rabbit C1f
Rabbit B5 is Thirsty
Rabbit B5 drank water
Rabbit B5m is running away from: LionA3
Rabbit B5m is running away from: WolfA0
Rabbit B5 is Hungry
Rabbit B5m ate
Rabbit B5 m is ready to mate
Rabbit B5 m is approaching partner: Rabbit C1f
Rabbit B3 is Thirsty
Rabbit B3 drank water
Rabbit B3m is running away from: LionB2
Rabbit B3m is running away from: WolfA0
Rabbit B3 is Hungry
RabbitB3m died of hunger
Rabbit B3 m is ready to mate
Rabbit B3 m is approaching partner: Rabbit C1f
Rabbit B1 is Thirsty
Rabbit B1 drank water
Rabbit B1m is running away from: LionB2
Rabbit B1m is running away from: WolfA0
Rabbit B1 is Hungry
RabbitB1m died of hunger
Rabbit B1m ate
Rabbit B1 m is ready to mate
Rabbit B1 m is approaching partner: Rabbit C1f
Rabbit B3m is running away from: LionB0
Rabbit B3m is running away from: WolfA0
Rabbit B3 is Hungry
Rabbit B3 m is ready to mate
Rabbit B3 m is approaching partner: Rabbit C1f
Rabbit B4 m was born!Father is B3 and Mother is C1
Lion A2 is Hungry
LionA2mis chasing: C1m
Lion A2 m is ready to mate
No Female Lion Partner or Female Lion partners are not ready to mate Yet!
Lion B0m is Thirsty
Lion B0m drank water
Lion B0 is Hungry
LionB0mis chasing: C5m
Lion B0 m is ready to mate
No Female Lion Partner or Female Lion partners are not ready to mate Yet!
Lion B2 is Hungry
LionB2mis chasing: B5m
Lion B2 m is ready to mate
No Female Lion Partner or Female Lion partners are not ready to mate Yet!
Lion A3 is Hungry
LionA3mis chasing: C1m
Lion A3 m is ready to mate
No Female Lion Partner or Female Lion partners are not ready to mate Yet!
Wolf A0m is running away from: LionB2
Wolf A0 is Hungry
Wolf A0m is chasing: B5m
Wolf A0 is Thirsty
Wolf A0drank water
Wolf A0 m is ready to mate
No Female Wolf Partner or Female Wolf Partner not ready yet!
Rabbit C5 is Thirsty
Rabbit C5 drank water
Rabbit C5m is running away from: LionB0
Rabbit C5m is running away from: WolfA0
Rabbit C5 is Hungry
Rabbit C5m ate
Rabbit C5 m is ready to mate
Not enough female Rabbits or Female Rabbit partners are not ready yet!
Rabbit C1 is Thirsty
Rabbit C1 drank water
Rabbit C1f is running away from: LionB0
Rabbit C1f is running away from: WolfA0
Rabbit C1 is Hungry
Rabbit C1 is Thirsty
Rabbit C1 drank water
Rabbit C1m is running away from: LionA3
Rabbit C1m is running away from: WolfA0
Rabbit C1 is Hungry
Rabbit C1 m is ready to mate
Not enough female Rabbits or Female Rabbit partners are not ready yet!
Rabbit B5 is Thirsty
Rabbit B5 drank water
Rabbit B5m is running away from: LionA3
Rabbit B5m is running away from: WolfA0
Rabbit B5 m is ready to mate
Not enough female Rabbits or Female Rabbit partners are not ready yet!
Rabbit B3m is running away from: LionB0
Rabbit B3m is running away from: WolfA0
Rabbit B3 is Hungry
Rabbit B3 m is ready to mate
Not enough female Rabbits or Female Rabbit partners are not ready yet!
Rabbit B4m is running away from: LionB0
Rabbit B4m is running away from: WolfA0
Lion A2 is Hungry
LionA2mis chasing: C1m
Lion A2 m is ready to mate
No Female Lion Partner or Female Lion partners are not ready to mate Yet!
Lion B0m is Thirsty
Lion B0m drank water
Lion B0 is Hungry
LionB0mis chasing: C1f
Lion B0 m is ready to mate
No Female Lion Partner or Female Lion partners are not ready to mate Yet!
Lion B2m is Thirsty
Lion B2m drank water
Lion B2 is Hungry
LionB2mis chasing: B5m
Lion B2 m is ready to mate
No Female Lion Partner or Female Lion partners are not ready to mate Yet!
Lion A3m is Thirsty
Lion A3m drank water
Lion A3 is Hungry
LionA3mis chasing: C1m
Lion A3 m is ready to mate
No Female Lion Partner or Female Lion partners are not ready to mate Yet!
Wolf A0m is running away from: LionB2
Wolf A0 is Hungry
WolfA0m died of hunger
Wolf A0m is chasing: B5m
Wolf A0 is Thirsty
Wolf A0drank water
Wolf A0 m is ready to mate
No Female Wolf Partner or Female Wolf Partner not ready yet!
Rabbit C5 is Thirsty
Rabbit C5 drank water
Rabbit C5m is running away from: LionB0
Rabbit C5 m is ready to mate
Not enough female Rabbits or Female Rabbit partners are not ready yet!
Rabbit C1 is Thirsty
Rabbit C1 drank water
Rabbit C1f is running away from: LionB0
Rabbit C1 is Hungry
Rabbit C1f ate
Rabbit C1 is Thirsty
Rabbit C1 drank water
Rabbit C1m is running away from: LionA3
Rabbit C1 is Hungry
Rabbit C1m ate
Rabbit C1 m is ready to mate
Not enough female Rabbits or Female Rabbit partners are not ready yet!
Rabbit B5 is Thirsty
Rabbit B5 drank water
Rabbit B5m is running away from: LionA3
Rabbit B5 is Hungry
Rabbit B5m ate
Rabbit B5 m is ready to mate
Not enough female Rabbits or Female Rabbit partners are not ready yet!
Rabbit B3 is Thirsty
Rabbit B3 drank water
Rabbit B3m is running away from: LionB0
Rabbit B3 is Hungry
RabbitB3m died of hunger
Rabbit B3 m is ready to mate
Not enough female Rabbits or Female Rabbit partners are not ready yet!
Rabbit B4m is running away from: LionB0
Rabbit B4 is Hungry
Lion A2 is Hungry
LionA2mis chasing: C1m
Lion A2 m is ready to mate
No Female Lion Partner or Female Lion partners are not ready to mate Yet!
Lion B0m is Thirsty
Lion B0m drank water
Lion B0 is Hungry
LionB0m died of hunger
LionB0mis chasing: C1f
Lion B0 m is ready to mate
No Female Lion Partner or Female Lion partners are not ready to mate Yet!
Lion B2 is Hungry
LionB2mis chasing: B5m
Lion B2 m is ready to mate
No Female Lion Partner or Female Lion partners are not ready to mate Yet!
Lion A3m is Thirsty
Lion A3m drank water
Lion A3 is Hungry
LionA3mis chasing: C1m
Lion A3 m is ready to mate
No Female Lion Partner or Female Lion partners are not ready to mate Yet!
Rabbit C5 is Thirsty
Rabbit C5 drank water
Rabbit C5m is running away from: LionA3
Rabbit C5 is Hungry
Rabbit C5 m is ready to mate
Not enough female Rabbits or Female Rabbit partners are not ready yet!
Rabbit C1 is Thirsty
Rabbit C1 drank water
Rabbit C1f is running away from: LionA3
Rabbit C1 is Thirsty
Rabbit C1 drank water
Rabbit C1m is running away from: LionA3
Rabbit C1 m is ready to mate
Not enough female Rabbits or Female Rabbit partners are not ready yet!
Rabbit B5 is Thirsty
Rabbit B5 drank water
Rabbit B5m is running away from: LionA3
Rabbit B5 m is ready to mate
Not enough female Rabbits or Female Rabbit partners are not ready yet!
Rabbit B4m is running away from: LionA3
Rabbit B4 is Hungry
Lion A2 is Hungry
LionA2mis chasing: B5m
Lion A2 m is ready to mate
No Female Lion Partner or Female Lion partners are not ready to mate Yet!
Lion B2 is Hungry
LionB2mis chasing: B5m
Lion B2 m is ready to mate
No Female Lion Partner or Female Lion partners are not ready to mate Yet!
Lion A3m is Thirsty
Lion A3m drank water
Lion A3 is Hungry
LionA3mis chasing: C1m
Lion A3 m is ready to mate
No Female Lion Partner or Female Lion partners are not ready to mate Yet!
Rabbit C5 is Thirsty
Rabbit C5 drank water
Rabbit C5m is running away from: LionA3
Rabbit C5 is Hungry
Rabbit C5 m is ready to mate
Not enough female Rabbits or Female Rabbit partners are not ready yet!
Rabbit C1 is Thirsty
Rabbit C1 drank water
Rabbit C1f is running away from: LionA3
Rabbit C1 is Hungry
Rabbit C1f ate
Rabbit C1 is Thirsty
Rabbit C1 drank water
Rabbit C1m is running away from: LionA3
Rabbit C1 is Hungry
Rabbit C1 m is ready to mate
Not enough female Rabbits or Female Rabbit partners are not ready yet!
Rabbit B5 is Thirsty
Rabbit B5 drank water
Rabbit B5m is running away from: LionA2
Rabbit B5 is Hungry
Rabbit B5m ate
Rabbit B5 m is ready to mate
Not enough female Rabbits or Female Rabbit partners are not ready yet!
Rabbit B4m is running away from: LionA3
Rabbit B4 is Hungry
Lion A2 is Hungry
LionA2mis chasing: B5m
Lion A2 m is ready to mate
No Female Lion Partner or Female Lion partners are not ready to mate Yet!
Lion B2 is Hungry
LionB2mis chasing: B5m
Lion B2 m is ready to mate
No Female Lion Partner or Female Lion partners are not ready to mate Yet!
Lion A3m is Thirsty
Lion A3m drank water
Lion A3 is Hungry
LionA3mis chasing: C1m
Lion A3 m is ready to mate
No Female Lion Partner or Female Lion partners are not ready to mate Yet!
Rabbit C5 is Thirsty
Rabbit C5 drank water
Rabbit C5m is running away from: LionA3
Rabbit C5 is Hungry
Rabbit C5 m is ready to mate
Not enough female Rabbits or Female Rabbit partners are not ready yet!
Rabbit C1 is Thirsty
Rabbit C1 drank water
Rabbit C1f is running away from: LionA3
Rabbit C1 is Thirsty
Rabbit C1 drank water
Rabbit C1m is running away from: LionA3
Rabbit C1 is Hungry
Rabbit C1 m is ready to mate
Not enough female Rabbits or Female Rabbit partners are not ready yet!
Rabbit B5 is Thirsty
Rabbit B5 drank water
Rabbit B5m is running away from: LionA2
Rabbit B5 m is ready to mate
Not enough female Rabbits or Female Rabbit partners are not ready yet!
Rabbit B4m is running away from: LionA3
Rabbit B4 is Hungry
Lion A2 is Hungry
LionA2mis chasing: B5m
Lion A2 m is ready to mate
No Female Lion Partner or Female Lion partners are not ready to mate Yet!
Lion B2 is Hungry
LionB2mis chasing: B5m
Lion B2 m is ready to mate
No Female Lion Partner or Female Lion partners are not ready to mate Yet!
Lion A3m is Thirsty
Lion A3m drank water
Lion A3 is Hungry
LionA3mis chasing: C1m
Lion A3 m is ready to mate
No Female Lion Partner or Female Lion partners are not ready to mate Yet!
Rabbit C5 is Thirsty
Rabbit C5 drank water
Rabbit C5m is running away from: LionA3
Rabbit C5 is Hungry
Rabbit C5 m is ready to mate
Not enough female Rabbits or Female Rabbit partners are not ready yet!
Rabbit C1 is Thirsty
Rabbit C1 drank water
Rabbit C1f is running away from: LionA3
Rabbit C1 is Hungry
Rabbit C1f ate
Rabbit C1 is Thirsty
Rabbit C1 drank water
Rabbit C1m is running away from: LionA3
Rabbit C1 is Hungry
Rabbit C1 m is ready to mate
Not enough female Rabbits or Female Rabbit partners are not ready yet!
Rabbit B5 is Thirsty
Rabbit B5 drank water
Rabbit B5m is running away from: LionA2
Rabbit B5 is Hungry
Rabbit B5 m is ready to mate
Not enough female Rabbits or Female Rabbit partners are not ready yet!
Rabbit B4m is running away from: LionA3
Rabbit B4 is Hungry
RabbitB4m died of hunger
Lion A2 is Hungry
LionA2mis chasing: B5m
Lion A2 m is ready to mate
No Female Lion Partner or Female Lion partners are not ready to mate Yet!
Lion B2 is Hungry
LionB2mis chasing: B5m
Lion B2 m is ready to mate
No Female Lion Partner or Female Lion partners are not ready to mate Yet!
Lion A3m is Thirsty
Lion A3m drank water
Lion A3 is Hungry
LionA3mis chasing: C1m
Lion A3 m is ready to mate
No Female Lion Partner or Female Lion partners are not ready to mate Yet!
Rabbit C5 is Thirsty
Rabbit C5 drank water
Rabbit C5m is running away from: LionA3
Rabbit C5 is Hungry
RabbitC5m died of hunger
Rabbit C5 m is ready to mate
Not enough female Rabbits or Female Rabbit partners are not ready yet!
Rabbit C1 is Thirsty
Rabbit C1 drank water
Rabbit C1f is running away from: LionA3
Rabbit C1 f is ready to mate
Rabbit C1 is Thirsty
Rabbit C1 drank water
Rabbit C1m is running away from: LionA3
Rabbit C1 is Hungry
Rabbit C1 m is ready to mate
Rabbit C1 m is approaching partner: Rabbit C1f
Rabbit B5 is Thirsty
Rabbit B5 drank water
Rabbit B5m is running away from: LionA2
Rabbit B5 is Hungry
Rabbit B5 m is ready to mate
Rabbit B5 m is approaching partner: Rabbit C1f
Lion A2 is Hungry
LionA2mis chasing: B5m
Lion A2 m is ready to mate
No Female Lion Partner or Female Lion partners are not ready to mate Yet!
Lion B2 is Hungry
LionB2mis chasing: B5m
Lion B2 m is ready to mate
No Female Lion Partner or Female Lion partners are not ready to mate Yet!
Lion A3m is Thirsty
Lion A3m drank water
Lion A3 is Hungry
LionA3mis chasing: C1m
LionA3m ate: C1m
Lion A3 m is ready to mate
No Female Lion Partner or Female Lion partners are not ready to mate Yet!
Rabbit C1 is Thirsty
Rabbit C1 drank water
Rabbit C1f is running away from: LionA3
Rabbit C1 is Hungry
Rabbit C1f ate
Rabbit C1 f is ready to mate
Rabbit B5 is Thirsty
Rabbit B5 drank water
Rabbit B5m is running away from: LionA2
Rabbit B5 is Hungry
Rabbit B5m ate
Rabbit B5 m is ready to mate
Rabbit B5 m is approaching partner: Rabbit C1f
Lion A2 is Hungry
LionA2mis chasing: B5m
LionA2m ate: B5m
Lion A2 m is ready to mate
No Female Lion Partner or Female Lion partners are not ready to mate Yet!
Lion B2 is Hungry
LionB2mis chasing: C1f
Lion B2 m is ready to mate
No Female Lion Partner or Female Lion partners are not ready to mate Yet!
Lion A3m is Thirsty
Lion A3m drank water
Lion A3 m is ready to mate
No Female Lion Partner or Female Lion partners are not ready to mate Yet!
Rabbit C1 is Thirsty
Rabbit C1 drank water
Rabbit C1f is running away from: LionA3
Rabbit C1 f is ready to mate
Lion A2m is Thirsty
Lion A2m drank water
Lion A2 m is ready to mate
No Female Lion Partner or Female Lion partners are not ready to mate Yet!
Lion B2 is Hungry
LionB2mis chasing: C1f
Lion B2 m is ready to mate
No Female Lion Partner or Female Lion partners are not ready to mate Yet!
Lion A3m is Thirsty
Lion A3m drank water
Lion A3 m is ready to mate
No Female Lion Partner or Female Lion partners are not ready to mate Yet!
Rabbit C1 is Thirsty
Rabbit C1 drank water
Rabbit C1f is running away from: LionA3
Rabbit C1 is Hungry
Rabbit C1f ate
Rabbit C1 f is ready to mate
Lion A2 m is ready to mate
No Female Lion Partner or Female Lion partners are not ready to mate Yet!
Lion B2 is Hungry
LionB2mis chasing: C1f
Lion B2 m is ready to mate
No Female Lion Partner or Female Lion partners are not ready to mate Yet!
Lion A3m is Thirsty
Lion A3m drank water
Lion A3 m is ready to mate
No Female Lion Partner or Female Lion partners are not ready to mate Yet!
Rabbit C1 is Thirsty
Rabbit C1 drank water
Rabbit C1f is running away from: LionA3
Rabbit C1 f is ready to mate
Lion A2 m is ready to mate
No Female Lion Partner or Female Lion partners are not ready to mate Yet!
Lion B2m is Thirsty
Lion B2m drank water
Lion B2 is Hungry
LionB2mis chasing: C1f
Lion B2 m is ready to mate
No Female Lion Partner or Female Lion partners are not ready to mate Yet!
Lion A3m is Thirsty
Lion A3m drank water
Lion A3 m is ready to mate
No Female Lion Partner or Female Lion partners are not ready to mate Yet!
Rabbit C1 is Thirsty
Rabbit C1 drank water
Rabbit C1f is running away from: LionA3
Rabbit C1 is Hungry
Rabbit C1 f is ready to mate
Lion A2 m is ready to mate
No Female Lion Partner or Female Lion partners are not ready to mate Yet!
Lion B2m is Thirsty
Lion B2m drank water
Lion B2 is Hungry
LionB2m died of hunger
LionB2mis chasing: C1f
Lion B2 m is ready to mate
No Female Lion Partner or Female Lion partners are not ready to mate Yet!
Lion A3m is Thirsty
Lion A3m drank water
Lion A3 m is ready to mate
No Female Lion Partner or Female Lion partners are not ready to mate Yet!
Rabbit C1 is Thirsty
Rabbit C1 drank water
Rabbit C1f is running away from: LionA3
Rabbit C1 is Hungry
Rabbit C1f ate
Rabbit C1 f is ready to mate
Lion A2 m is ready to mate
No Female Lion Partner or Female Lion partners are not ready to mate Yet!
Lion A3 m is ready to mate
No Female Lion Partner or Female Lion partners are not ready to mate Yet!
Rabbit C1 is Thirsty
Rabbit C1 drank water
Rabbit C1f is running away from: LionA3
Rabbit C1 f is ready to mate
Lion A2 m is ready to mate
No Female Lion Partner or Female Lion partners are not ready to mate Yet!
Lion A3 m is ready to mate
No Female Lion Partner or Female Lion partners are not ready to mate Yet!
Rabbit C1 is Thirsty
Rabbit C1 drank water
Rabbit C1f is running away from: LionA3
Rabbit C1 is Hungry
Rabbit C1f ate
Rabbit C1 f is ready to mate
Lion A2 m is ready to mate
No Female Lion Partner or Female Lion partners are not ready to mate Yet!
Lion A3 is Hungry
LionA3mis chasing: C1f
Lion A3 m is ready to mate
No Female Lion Partner or Female Lion partners are not ready to mate Yet!
Rabbit C1 is Thirsty
Rabbit C1 drank water
Rabbit C1f is running away from: LionA3
Rabbit C1 f is ready to mate
Lion A2 is Hungry
LionA2mis chasing: C1f
Lion A2 m is ready to mate
No Female Lion Partner or Female Lion partners are not ready to mate Yet!
Lion A3 is Hungry
LionA3mis chasing: C1f
Lion A3 m is ready to mate
No Female Lion Partner or Female Lion partners are not ready to mate Yet!
Rabbit C1 is Thirsty
Rabbit C1 drank water
Rabbit C1f is running away from: LionA3
Rabbit C1 is Hungry
Rabbit C1 f is ready to mate
Lion A2 is Hungry
LionA2mis chasing: C1f
Lion A2 m is ready to mate
No Female Lion Partner or Female Lion partners are not ready to mate Yet!
Lion A3 is Hungry
LionA3mis chasing: C1f
Lion A3 m is ready to mate
No Female Lion Partner or Female Lion partners are not ready to mate Yet!
Rabbit C1 is Thirsty
Rabbit C1 drank water
Rabbit C1f is running away from: LionA3
Rabbit C1 is Hungry
Rabbit C1 f is ready to mate
Lion A2 is Hungry
LionA2mis chasing: C1f
Lion A2 m is ready to mate
No Female Lion Partner or Female Lion partners are not ready to mate Yet!
Lion A3 is Hungry
LionA3mis chasing: C1f
Lion A3 m is ready to mate
No Female Lion Partner or Female Lion partners are not ready to mate Yet!
Rabbit C1 is Thirsty
Rabbit C1 drank water
Rabbit C1f is running away from: LionA3
Rabbit C1 is Hungry
Rabbit C1 f is ready to mate
Lion A2m is Thirsty
Lion A2m drank water
Lion A2 is Hungry
LionA2mis chasing: C1f
Lion A2 m is ready to mate
No Female Lion Partner or Female Lion partners are not ready to mate Yet!
Lion A3 is Hungry
LionA3mis chasing: C1f
Lion A3 m is ready to mate
No Female Lion Partner or Female Lion partners are not ready to mate Yet!
Rabbit C1 is Thirsty
Rabbit C1 drank water
Rabbit C1f is running away from: LionA3
Rabbit C1 is Hungry
Rabbit C1 f is ready to mate
Lion A2 is Hungry
LionA2mis chasing: C1f
Lion A2 m is ready to mate
No Female Lion Partner or Female Lion partners are not ready to mate Yet!
Lion A3 is Hungry
LionA3mis chasing: C1f
Lion A3 m is ready to mate
No Female Lion Partner or Female Lion partners are not ready to mate Yet!
Rabbit C1 is Thirsty
Rabbit C1 drank water
Rabbit C1f is running away from: LionA3
Rabbit C1 is Hungry
RabbitC1f died of hunger
Rabbit C1f ate
Rabbit C1 f is ready to mate
Lion A2 is Hungry
Lion A3 is Hungry
Lion A2 is Hungry
Lion A3m is Thirsty
Lion A3m drank water
Lion A3 is Hungry
Lion A2 is Hungry
Lion A3m is Thirsty
Lion A3m drank water
Lion A3 is Hungry
Lion A2 is Hungry
Lion A3m is Thirsty
Lion A3m drank water
Lion A3 is Hungry
Lion A2 is Hungry
Lion A3m is Thirsty
Lion A3m drank water
Lion A3 is Hungry
Lion A2 is Hungry
Lion A3 is Hungry
Lion A2 is Hungry
Lion A3 is Hungry
Lion A2 is Hungry
Lion A3 is Hungry
Lion A2m is Thirsty
Lion A2m drank water
Lion A2 is Hungry
Lion A3 is Hungry
Lion A2 is Hungry
Lion A3 is Hungry
Lion A2 is Hungry
Lion A3 is Hungry
Lion A2 is Hungry
Lion A3 is Hungry
LionA3m died of hunger
Lion A2 is Hungry
LionA2m died of hunger
