Wolf A1m is running away from: LionA1
Wolf A3f is running away from: LionA1
Wolf C5m is running away from: LionB4
Wolf C5m ate!
Wolf B2m is running away from: LionA1
Wolf A2f is running away from: LionA1
Wolf A3f is running away from: LionA5
Wolf A3m is running away from: LionA5
Wolf B2f is running away from: LionB4
Rabbit A1f is running away from: LionB4
Rabbit A1f is running away from: WolfC5
Rabbit A1 f is ready to mate
Rabbit A2f is running away from: LionA1
Rabbit A2f is running away from: WolfA2
Rabbit A2 f is ready to mate
Rabbit B5f is running away from: LionB4
Rabbit B5f is running away from: WolfB2
Rabbit B5 f is ready to mate
Rabbit B2f is running away from: LionA1
Rabbit B2f is running away from: WolfA3
Rabbit B2 f is ready to mate
Rabbit A5m is running away from: LionA1
Rabbit A5m is running away from: WolfA2
Rabbit A5 m is ready to mate
Rabbit A5 m is approaching partner: Rabbit A2f
Rabbit A1 f was born!Father is A5 and Mother is A2
Rabbit C1f is running away from: LionA5
Rabbit C1f is running away from: WolfA1
Rabbit C1 f is ready to mate
Rabbit A1m is running away from: LionB4
Rabbit A1m is running away from: WolfB2
Rabbit A1 m is ready to mate
Rabbit A1 m is approaching partner: Rabbit A1f
Rabbit A0f is running away from: LionB4
Rabbit A0f is running away from: WolfA3
Rabbit A0 f is ready to mate
Rabbit C1f is running away from: LionB4
Rabbit C1f is running away from: WolfA3
Rabbit C1 f is ready to mate
Rabbit C4f is running away from: LionA1
Rabbit C4f is running away from: WolfA2
Rabbit C4 f is ready to mate
Rabbit C1f is running away from: LionA1
Rabbit C1f is running away from: WolfA2
Rabbit C1 f is ready to mate
Rabbit A1f is running away from: LionA1
Rabbit A1f is running away from: WolfA2
Rabbit A1 f is ready to mate
Rabbit C2m is running away from: LionA5
Rabbit C2m is running away from: WolfA2
Rabbit C2 m is ready to mate
Rabbit C2 m is approaching partner: Rabbit B5f
Rabbit A3f is running away from: LionB4
Rabbit A3f is running away from: WolfB2
Rabbit A3 f is ready to mate
Rabbit B5f is running away from: LionA1
Rabbit B5f is running away from: WolfA1
Rabbit B5 f is ready to mate
Rabbit B2f is running away from: LionB4
Rabbit B2f is running away from: WolfB2
Rabbit B2 f is ready to mate
Rabbit B4f is running away from: LionB4
Rabbit B4f is running away from: WolfC5
Rabbit B4 f is ready to mate
Rabbit B1f is running away from: LionA5
Rabbit B1f is running away from: WolfA1
Rabbit B1 f is ready to mate
Rabbit B4f is running away from: LionB4
Rabbit B4f is running away from: WolfC5
Rabbit B4 f is ready to mate
Wolf A1m is running away from: LionA5
Wolf A3f is running away from: LionA1
Wolf C5m is running away from: LionB4
Wolf B2m is running away from: LionA1
Wolf A2f is running away from: LionA1
Wolf A3f is running away from: LionA5
Wolf A3m is running away from: LionA5
Wolf B2f is running away from: LionB4
Rabbit A1f is running away from: LionB4
Rabbit A1f is running away from: WolfC5
Rabbit A1 f is ready to mate
Rabbit A2f is running away from: LionA1
Rabbit A2f is running away from: WolfA2
Rabbit B5f is running away from: LionA5
Rabbit B5f is running away from: WolfB2
Rabbit B5 f is ready to mate
Rabbit B2f is running away from: LionB1
Rabbit B2f is running away from: WolfA3
Rabbit B2 f is ready to mate
Rabbit A5m is running away from: LionA1
Rabbit A5m is running away from: WolfA2
Rabbit A5 m is ready to mate
Rabbit A5 m is approaching partner: Rabbit C1f
Rabbit A0 f was born!Father is A5 and Mother is C1
Rabbit C1f is running away from: LionA5
Rabbit C1f is running away from: WolfA1
Rabbit C1 f is ready to mate
Rabbit A1m is running away from: LionB4
Rabbit A1m is running away from: WolfC5
Rabbit A1 m is ready to mate
Rabbit A1 m is approaching partner: Rabbit A0f
Rabbit A0f is running away from: LionB4
Rabbit A0f is running away from: WolfA3
Rabbit A0 f is ready to mate
Rabbit C1f is running away from: LionB4
Rabbit C1f is running away from: WolfA3
Rabbit C1 f is ready to mate
Rabbit C4f is running away from: LionA1
Rabbit C4f is running away from: WolfB2
Rabbit C4 f is ready to mate
Rabbit C1f is running away from: LionA1
Rabbit C1f is running away from: WolfA2
Rabbit A1f is running away from: LionA1
Rabbit A1f is running away from: WolfB2
Rabbit A1 f is ready to mate
Rabbit C2m is running away from: LionA5
Rabbit C2m is running away from: WolfA2
Rabbit C2 m is ready to mate
Rabbit C2 m is approaching partner: Rabbit B5f
Rabbit B0 f was born!Father is C2 and Mother is B5
Rabbit A3f is running away from: LionB4
Rabbit A3f is running away from: WolfC5
Rabbit A3 f is ready to mate
Rabbit B5f is running away from: LionA1
Rabbit B5f is running away from: WolfA1
Rabbit B5 f is ready to mate
Rabbit B2f is running away from: LionA5
Rabbit B2f is running away from: WolfB2
Rabbit B2 f is ready to mate
Rabbit B4f is running away from: LionB4
Rabbit B4f is running away from: WolfC5
Rabbit B4 f is ready to mate
Rabbit B1f is running away from: LionA5
Rabbit B1f is running away from: WolfA1
Rabbit B1 f is ready to mate
Rabbit B4f is running away from: LionB4
Rabbit B4f is running away from: WolfC5
Rabbit B4 f is ready to mate
Rabbit A1f is running away from: LionA1
Rabbit A1f is running away from: WolfA2
Wolf A1m is running away from: LionA5
Wolf A1 m is ready to mate
Wolf A3f is running away from: LionA1
Wolf A3 f is ready to mate
Wolf C5m is running away from: LionB4
Wolf C5 m is ready to mate
Wolf B2m is running away from: LionA1
Wolf B2 m is ready to mate
Wolf A2f is running away from: LionA1
Wolf A2 f is ready to mate
Wolf A3f is running away from: LionA5
Wolf A3 f is ready to mate
Wolf A3m is running away from: LionA5
Wolf A3 m is ready to mate
Wolf B2f is running away from: LionB4
Wolf B2 f is ready to mate
Rabbit A1f is running away from: LionB4
Rabbit A1f is running away from: WolfC5
Rabbit A1 is Hungry
Rabbit A1f ate
Rabbit A1 f is ready to mate
Rabbit A2f is running away from: LionA1
Rabbit A2f is running away from: WolfA2
Rabbit A2 is Hungry
Rabbit A2f ate
Rabbit B5f is running away from: LionA5
Rabbit B5f is running away from: WolfB2
Rabbit B5 is Hungry
Rabbit B5f ate
Rabbit B2f is running away from: LionB1
Rabbit B2f is running away from: WolfA3
Rabbit B2 is Hungry
Rabbit B2f ate
Rabbit B2 f is ready to mate
Rabbit A5m is running away from: LionA1
Rabbit A5m is running away from: WolfA2
Rabbit A5 is Hungry
Rabbit A5m ate
Rabbit A5 m is ready to mate
Rabbit A5 m is approaching partner: Rabbit C4f
Rabbit C1f is running away from: LionA5
Rabbit C1f is running away from: WolfA1
Rabbit C1 is Hungry
Rabbit C1f ate
Rabbit C1 f is ready to mate
Rabbit A1m is running away from: LionB4
Rabbit A1m is running away from: WolfB2
Rabbit A1 is Hungry
Rabbit A1m ate
Rabbit A1 m is ready to mate
Rabbit A1 m is approaching partner: Rabbit A0f
Rabbit A0f is running away from: LionB4
Rabbit A0f is running away from: WolfC5
Rabbit A0 is Hungry
Rabbit A0f ate
Rabbit A0 f is ready to mate
Rabbit C1f is running away from: LionB4
Rabbit C1f is running away from: WolfB2
Rabbit C1 is Hungry
Rabbit C1f ate
Rabbit C1 f is ready to mate
Rabbit C4f is running away from: LionA1
Rabbit C4f is running away from: WolfB2
Rabbit C4 is Hungry
Rabbit C4f ate
Rabbit C4 f is ready to mate
Rabbit C1f is running away from: LionA1
Rabbit C1f is running away from: WolfA2
Rabbit C1 is Hungry
Rabbit C1f ate
Rabbit A1f is running away from: LionA1
Rabbit A1f is running away from: WolfB2
Rabbit A1 is Hungry
Rabbit A1f ate
Rabbit A1 f is ready to mate
Rabbit C2m is running away from: LionA5
Rabbit C2m is running away from: WolfA2
Rabbit C2 is Hungry
Rabbit C2m ate
Rabbit C2 m is ready to mate
Rabbit C2 m is approaching partner: Rabbit B2f
Rabbit A3f is running away from: LionB4
Rabbit A3f is running away from: WolfC5
Rabbit A3 is Hungry
Rabbit A3f ate
Rabbit A3 f is ready to mate
Rabbit B5f is running away from: LionA1
Rabbit B5f is running away from: WolfA3
Rabbit B5 is Hungry
Rabbit B5f ate
Rabbit B5 f is ready to mate
Rabbit B2f is running away from: LionA5
Rabbit B2f is running away from: WolfA2
Rabbit B2 is Hungry
Rabbit B2f ate
Rabbit B2 f is ready to mate
Rabbit B4f is running away from: LionB4
Rabbit B4f is running away from: WolfC5
Rabbit B4 is Hungry
Rabbit B4f ate
Rabbit B4 f is ready to mate
Rabbit B1f is running away from: LionA5
Rabbit B1f is running away from: WolfA1
Rabbit B1 is Hungry
Rabbit B1 f is ready to mate
Rabbit B4f is running away from: LionB4
Rabbit B4f is running away from: WolfC5
Rabbit B4 is Hungry
Rabbit B4f ate
Rabbit B4 f is ready to mate
Rabbit A1f is running away from: LionA1
Rabbit A1f is running away from: WolfA2
Rabbit A0f is running away from: LionA1
Rabbit A0f is running away from: WolfA2
Rabbit B0f is running away from: LionA5
Rabbit B0f is running away from: WolfB2
Wolf A1m is running away from: LionA5
Wolf A1 m is ready to mate
Wolf A3f is running away from: LionA1
Wolf A3 f is ready to mate
Wolf C5m is running away from: LionB4
Wolf C5 m is ready to mate
Wolf B2m is running away from: LionA5
Wolf B2 m is ready to mate
Wolf B1 m was born! Father is B2 and Mother is A3
Wolf A2f is running away from: LionA1
Wolf A2 f is ready to mate
Wolf A3f is running away from: LionA5
Wolf A3m is running away from: LionA5
Wolf A3 m is ready to mate
Wolf B2f is running away from: LionB4
Wolf B2 f is ready to mate
Rabbit A1f is running away from: LionB4
Rabbit A1f is running away from: WolfC5
Rabbit A1 f is ready to mate
Rabbit A2f is running away from: LionA1
Rabbit A2f is running away from: WolfA3
Rabbit B5f is running away from: LionA5
Rabbit B5f is running away from: WolfA2
Rabbit B2f is running away from: LionA1
Rabbit B2f is running away from: WolfA3
Rabbit B2 f is ready to mate
Rabbit A5m is running away from: LionA1
Rabbit A5m is running away from: WolfA3
Rabbit A5 m is ready to mate
Rabbit A5 m is approaching partner: Rabbit C4f
Rabbit C1f is running away from: LionA5
Rabbit C1f is running away from: WolfA1
Rabbit C1 f is ready to mate
Rabbit A1m is running away from: LionB4
Rabbit A1m is running away from: WolfC5
Rabbit A1 m is ready to mate
Rabbit A1 m is approaching partner: Rabbit A0f
Rabbit A0f is running away from: LionB4
Rabbit A0f is running away from: WolfC5
Rabbit A0 f is ready to mate
Rabbit C1f is running away from: LionA5
Rabbit C1f is running away from: WolfB2
Rabbit C1 f is ready to mate
Rabbit C4f is running away from: LionA5
Rabbit C4f is running away from: WolfA3
Rabbit C4 f is ready to mate
Rabbit C1f is running away from: LionA1
Rabbit C1f is running away from: WolfA2
Rabbit A1f is running away from: LionA5
Rabbit A1f is running away from: WolfA3
Rabbit A1 f is ready to mate
Rabbit C2m is running away from: LionA5
Rabbit C2m is running away from: WolfA2
Rabbit C2 m is ready to mate
Rabbit C2 m is approaching partner: Rabbit B2f
Rabbit A3f is running away from: LionB4
Rabbit A3f is running away from: WolfC5
Rabbit A3 f is ready to mate
Rabbit B5f is running away from: LionA1
Rabbit B5f is running away from: WolfA1
Rabbit B5 f is ready to mate
Rabbit B2f is running away from: LionA5
Rabbit B2f is running away from: WolfA2
Rabbit B2 f is ready to mate
Rabbit B4f is running away from: LionB4
Rabbit B4f is running away from: WolfC5
Rabbit B4 f is ready to mate
Rabbit B1f is running away from: LionA5
Rabbit B1f is running away from: WolfA1
Rabbit B1 is Hungry
Rabbit B1 f is ready to mate
Rabbit B4f is running away from: LionB4
Rabbit B4f is running away from: WolfC5
Rabbit B4 f is ready to mate
Rabbit A1f is running away from: LionA1
Rabbit A1f is running away from: WolfA3
Rabbit A1 is Hungry
Rabbit A1f ate
Rabbit A1 f is ready to mate
Rabbit A0f is running away from: LionA1
Rabbit A0f is running away from: WolfA3
Rabbit B0f is running away from: LionA5
Rabbit B0f is running away from: WolfA2
Wolf A1m is running away from: LionA5
Wolf A1 is Hungry
Wolf A1m is chasing: A5m
Wolf A1 m is ready to mate
Wolf A3f is running away from: LionA1
Wolf A3 is Hungry
Wolf A3f is chasing: C1f
Wolf A3 f is ready to mate
Wolf C5m is running away from: LionB4
Wolf C5 m is ready to mate
Wolf B2m is running away from: LionA5
Wolf B2 is Hungry
Wolf B2m is chasing: C4f
Wolf B2 m is ready to mate
Wolf A2f is running away from: LionA5
Wolf A2 is Hungry
Wolf A2f is chasing: C1f
Wolf A2f ate!
Wolf A2 f is ready to mate
Wolf A3f is running away from: LionA5
Wolf A3 is Hungry
Wolf A3f is chasing: A1f
Wolf A3m is running away from: LionA1
Wolf A3 is Hungry
Wolf A3m is chasing: B2f
Wolf A3 m is ready to mate
Wolf B2f is running away from: LionB4
Wolf B2 is Hungry
Wolf B2f is chasing: B5f
Wolf B2 f is ready to mate
Wolf B1m is running away from: LionA5
Rabbit A1f is running away from: LionB4
Rabbit A1f is running away from: WolfC5
Rabbit A1 f is ready to mate
Rabbit A2f is running away from: LionA1
Rabbit A2f is running away from: WolfA2
Rabbit A2 f is ready to mate
Rabbit B5f is running away from: LionA5
Rabbit B5f is running away from: WolfB2
Rabbit B2f is running away from: LionA1
Rabbit B2f is running away from: WolfA3
Rabbit B2 f is ready to mate
Rabbit A5m is running away from: LionA5
Rabbit A5m is running away from: WolfA2
Rabbit A5 m is ready to mate
Rabbit A5 m is approaching partner: Rabbit B5f
Rabbit C1f is running away from: LionA5
Rabbit C1f is running away from: WolfA1
Rabbit C1 f is ready to mate
Rabbit A1m is running away from: LionB4
Rabbit A1m is running away from: WolfB2
Rabbit A1 m is ready to mate
Rabbit A1 m is approaching partner: Rabbit A0f
Rabbit A0f is running away from: LionB4
Rabbit A0f is running away from: WolfB2
Rabbit A0 f is ready to mate
Rabbit C1f is running away from: LionA5
Rabbit C1f is running away from: WolfB2
Rabbit C1 f is ready to mate
Rabbit C4f is running away from: LionA5
Rabbit C4f is running away from: WolfB2
Rabbit C4 f is ready to mate
Rabbit A1f is running away from: LionA5
Rabbit A1f is running away from: WolfA3
Rabbit A1 f is ready to mate
Rabbit C2m is running away from: LionA5
Rabbit C2m is running away from: WolfA3
Rabbit C2 m is ready to mate
Rabbit C2 m is approaching partner: Rabbit B2f
Rabbit A3f is running away from: LionB4
Rabbit A3f is running away from: WolfC5
Rabbit A3 f is ready to mate
Rabbit B5f is running away from: LionA5
Rabbit B5f is running away from: WolfA2
Rabbit B5 f is ready to mate
Rabbit B2f is running away from: LionA5
Rabbit B2f is running away from: WolfA3
Rabbit B2 f is ready to mate
Rabbit B4f is running away from: LionB4
Rabbit B4f is running away from: WolfC5
Rabbit B4 f is ready to mate
Rabbit B1f is running away from: LionA5
Rabbit B1f is running away from: WolfA1
Rabbit B1 is Hungry
Rabbit B1 f is ready to mate
Rabbit B4f is running away from: LionB4
Rabbit B4f is running away from: WolfC5
Rabbit B4 f is ready to mate
Rabbit A1f is running away from: LionA1
Rabbit A1f is running away from: WolfA2
Rabbit A1 f is ready to mate
Rabbit A0f is running away from: LionA5
Rabbit A0f is running away from: WolfA2
Rabbit A0 is Hungry
Rabbit A0f ate
Rabbit A0 f is ready to mate
Rabbit B0f is running away from: LionA5
Rabbit B0f is running away from: WolfB2
Rabbit B0 is Hungry
Rabbit B0f ate
Lion A5 f is ready to mate
Lion B1 f is ready to mate
Lion A5 m is ready to mate
Lion A1 m is ready to mate
Lion B4 m is ready to mate
Wolf A1m is running away from: LionA5
Wolf A1 is Hungry
Wolf A1m is chasing: A5m
Wolf A1 m is ready to mate
Wolf A3f is running away from: LionA5
Wolf A3 is Hungry
Wolf A3f is chasing: A5m
Wolf A3 f is ready to mate
Wolf C5m is running away from: LionB4
Wolf C5 is Hungry
Wolf C5m is chasing: A3f
Wolf C5 m is ready to mate
Wolf B2m is running away from: LionA5
Wolf B2 is Hungry
Wolf B2m is chasing: A1f
Wolf B2 m is ready to mate
Wolf A2f is running away from: LionA5
Wolf A2 f is ready to mate
Wolf A3f is running away from: LionA5
Wolf A3 is Hungry
Wolf A3f is chasing: A1f
Wolf A3f ate!
Wolf A3m is running away from: LionA1
Wolf A3 is Hungry
Wolf A3m is chasing: B2f
Wolf A3 m is ready to mate
Wolf B2f is running away from: LionB4
Wolf B2 is Hungry
Wolf B2f is chasing: B5f
Wolf B2 f is ready to mate
Wolf B1m is running away from: LionA5
Rabbit A1f is running away from: LionB4
Rabbit A1f is running away from: WolfC5
Rabbit A1 is Hungry
Rabbit A1 f is ready to mate
Rabbit A2f is running away from: LionA5
Rabbit A2f is running away from: WolfA2
Rabbit A2 is Hungry
Rabbit A2 f is ready to mate
Rabbit B5f is running away from: LionB4
Rabbit B5f is running away from: WolfB2
Rabbit B5 is Hungry
Rabbit B5f ate
Rabbit B5 f is ready to mate
Rabbit B2f is running away from: LionB1
Rabbit B2f is running away from: WolfA3
Rabbit B2 is Hungry
Rabbit B2f ate
Rabbit B2 f is ready to mate
Rabbit A5m is running away from: LionA5
Rabbit A5m is running away from: WolfA2
Rabbit A5 is Hungry
Rabbit A5 m is ready to mate
Rabbit A5 m is approaching partner: Rabbit B5f
Rabbit C1f is running away from: LionA5
Rabbit C1f is running away from: WolfA1
Rabbit C1 is Hungry
Rabbit C1 f is ready to mate
Rabbit A1m is running away from: LionB4
Rabbit A1m is running away from: WolfC5
Rabbit A1 is Hungry
Rabbit A1m ate
Rabbit A1 m is ready to mate
Rabbit A1 m is approaching partner: Rabbit A0f
Rabbit A0f is running away from: LionB4
Rabbit A0f is running away from: WolfC5
Rabbit A0 is Hungry
Rabbit A0f ate
Rabbit A0 f is ready to mate
Rabbit C1f is running away from: LionB4
Rabbit C1f is running away from: WolfB2
Rabbit C1 is Hungry
Rabbit C1f ate
Rabbit C1 f is ready to mate
Rabbit C4f is running away from: LionA5
Rabbit C4f is running away from: WolfB2
Rabbit C4 is Hungry
Rabbit C4f ate
Rabbit C4 f is ready to mate
Rabbit C2m is running away from: LionA5
Rabbit C2m is running away from: WolfB2
Rabbit C2 is Hungry
Rabbit C2 m is ready to mate
Rabbit C2 m is approaching partner: Rabbit B5f
Rabbit A3f is running away from: LionB4
Rabbit A3f is running away from: WolfC5
Rabbit A3 is Hungry
Rabbit A3f ate
Rabbit A3 f is ready to mate
Rabbit B5f is running away from: LionA5
Rabbit B5f is running away from: WolfA2
Rabbit B5 is Hungry
Rabbit B5f ate
Rabbit B5 f is ready to mate
Rabbit B2f is running away from: LionA5
Rabbit B2f is running away from: WolfB2
Rabbit B2 is Hungry
Rabbit B2 f is ready to mate
Rabbit B4f is running away from: LionB4
Rabbit B4f is running away from: WolfC5
Rabbit B4 is Hungry
Rabbit B4f ate
Rabbit B4 f is ready to mate
Rabbit B1f is running away from: LionA5
Rabbit B1f is running away from: WolfA1
Rabbit B1 is Hungry
RabbitB1f died of hunger
Rabbit B1 f is ready to mate
Rabbit B4f is running away from: LionB4
Rabbit B4f is running away from: WolfC5
Rabbit B4 is Hungry
Rabbit B4 f is ready to mate
Rabbit A1f is running away from: LionA5
Rabbit A1f is running away from: WolfA2
Rabbit A1 f is ready to mate
Rabbit A0f is running away from: LionA5
Rabbit A0f is running away from: WolfA2
Rabbit A0 f is ready to mate
Rabbit B0f is running away from: LionA5
Rabbit B0f is running away from: WolfB2
Rabbit B0 f is ready to mate
Lion A5 f is ready to mate
Lion B1 f is ready to mate
Lion A5 m is ready to mate
Lion A1 m is ready to mate
Lion B4 m is ready to mate
Wolf A1m is running away from: LionA1
Wolf A1 is Hungry
Wolf A1m is chasing: A5m
Wolf A1 m is ready to mate
Wolf A3f is running away from: LionA5
Wolf A3 is Hungry
Wolf A3f is chasing: A5m
Wolf A3 f is ready to mate
Wolf C5m is running away from: LionB4
Wolf C5 is Hungry
Wolf C5m is chasing: A3f
Wolf C5 m is ready to mate
Wolf B2m is running away from: LionA5
Wolf B2 is Hungry
Wolf B2m is chasing: C4f
Wolf B2 m is ready to mate
Wolf A2f is running away from: LionA5
Wolf A2f ate!
Wolf A2 f is ready to mate
Wolf A3f is running away from: LionA5
Wolf A3m is running away from: LionA1
Wolf A3 is Hungry
Wolf A3m is chasing: B2f
Wolf A3 m is ready to mate
Wolf B2f is running away from: LionB4
Wolf B2 is Hungry
Wolf B2f is chasing: B0f
Wolf B2 f is ready to mate
Wolf B1m is running away from: LionA5
Rabbit A1 is Thirsty
Rabbit A1 drank water
Rabbit A1f is running away from: LionB4
Rabbit A1f is running away from: WolfC5
Rabbit A1 is Hungry
Rabbit A1f ate
Rabbit A1 f is ready to mate
Rabbit A2 is Thirsty
Rabbit A2 drank water
Rabbit A2f is running away from: LionA5
Rabbit A2f is running away from: WolfA2
Rabbit A2 is Hungry
Rabbit A2 f is ready to mate
Rabbit B5 is Thirsty
Rabbit B5 drank water
Rabbit B5f is running away from: LionA5
Rabbit B5f is running away from: WolfB2
Rabbit B5 f is ready to mate
Rabbit B2 is Thirsty
Rabbit B2 drank water
Rabbit B2f is running away from: LionA1
Rabbit B2f is running away from: WolfA3
Rabbit B2 f is ready to mate
Rabbit C1 is Thirsty
Rabbit C1 drank water
Rabbit C1f is running away from: LionA5
Rabbit C1f is running away from: WolfB1
Rabbit C1 is Hungry
Rabbit C1 f is ready to mate
Rabbit A1 is Thirsty
Rabbit A1 drank water
Rabbit A1m is running away from: LionB4
Rabbit A1m is running away from: WolfC5
Rabbit A1 m is ready to mate
Rabbit A1 m is approaching partner: Rabbit A0f
Rabbit A0 is Thirsty
Rabbit A0 drank water
Rabbit A0f is running away from: LionB4
Rabbit A0f is running away from: WolfB2
Rabbit A0 f is ready to mate
Rabbit C1 is Thirsty
Rabbit C1 drank water
Rabbit C1f is running away from: LionB4
Rabbit C1f is running away from: WolfB2
Rabbit C1 f is ready to mate
Rabbit C4 is Thirsty
Rabbit C4 drank water
Rabbit C4f is running away from: LionA5
Rabbit C4f is running away from: WolfB2
Rabbit C4 f is ready to mate
Rabbit C2 is Thirsty
Rabbit C2 drank water
Rabbit C2m is running away from: LionA5
Rabbit C2m is running away from: WolfB2
Rabbit C2 is Hungry
Rabbit C2 m is ready to mate
Rabbit C2 m is approaching partner: Rabbit B5f
Rabbit A3 is Thirsty
Rabbit A3 drank water
Rabbit A3f is running away from: LionB4
Rabbit A3f is running away from: WolfC5
Rabbit A3 f is ready to mate
Rabbit B5 is Thirsty
Rabbit B5 drank water
Rabbit B5f is running away from: LionA5
Rabbit B5f is running away from: WolfA2
Rabbit B5 f is ready to mate
Rabbit B2 is Thirsty
Rabbit B2 drank water
Rabbit B2f is running away from: LionA5
Rabbit B2f is running away from: WolfB2
Rabbit B2 is Hungry
Rabbit B2f ate
Rabbit B2 f is ready to mate
Rabbit B4 is Thirsty
Rabbit B4 drank water
Rabbit B4f is running away from: LionB4
Rabbit B4f is running away from: WolfC5
Rabbit B4 f is ready to mate
Rabbit B4 is Thirsty
Rabbit B4 drank water
Rabbit B4f is running away from: LionB4
Rabbit B4f is running away from: WolfC5
Rabbit B4 is Hungry
Rabbit B4 f is ready to mate
Rabbit A1f is running away from: LionA5
Rabbit A1f is running away from: WolfB2
Rabbit A1 is Hungry
Rabbit A1f ate
Rabbit A1 f is ready to mate
Rabbit A0f is running away from: LionA5
Rabbit A0f is running away from: WolfA2
Rabbit A0 f is ready to mate
Rabbit B0f is running away from: LionA5
Rabbit B0f is running away from: WolfB2
Rabbit B0 f is ready to mate
Lion A5 f is ready to mate
Lion B1 f is ready to mate
Lion A5 m is ready to mate
Lion A1 m is ready to mate
Lion B4 m is ready to mate
Wolf A1m is running away from: LionA5
Wolf A1 is Hungry
Wolf A1m is chasing: C4f
Wolf A1 m is ready to mate
Wolf A0 m was born! Father is A1 and Mother is A2
Wolf A3f is running away from: LionA5
Wolf A3 is Hungry
Wolf A3f is chasing: A0f
Wolf A3 f is ready to mate
Wolf C5m is running away from: LionB4
Wolf C5 is Hungry
Wolf C5m is chasing: A3f
Wolf C5 m is ready to mate
Wolf B2m is running away from: LionA5
Wolf B2 is Hungry
Wolf B2m is chasing: C4f
Wolf B2m ate!
Wolf B2 m is ready to mate
Wolf A2f is running away from: LionA5
Wolf A3f is running away from: LionA5
Wolf A3m is running away from: LionB1
Wolf A3 is Hungry
Wolf A3m is chasing: B2f
Wolf A3 m is ready to mate
Wolf B2f is running away from: LionB4
Wolf B2 is Hungry
Wolf B2f is chasing: B0f
Wolf B2 f is ready to mate
Wolf B1m is running away from: LionA5
Rabbit A1 is Thirsty
Rabbit A1 drank water
Rabbit A1f is running away from: LionB4
Rabbit A1f is running away from: WolfC5
Rabbit A1 f is ready to mate
Rabbit A2 is Thirsty
Rabbit A2 drank water
Rabbit A2f is running away from: LionA5
Rabbit A2f is running away from: WolfA3
Rabbit A2 is Hungry
Rabbit A2f ate
Rabbit A2 f is ready to mate
Rabbit B5 is Thirsty
Rabbit B5 drank water
Rabbit B5f is running away from: LionA5
Rabbit B5f is running away from: WolfB2
Rabbit B5 f is ready to mate
Rabbit B2 is Thirsty
Rabbit B2 drank water
Rabbit B2f is running away from: LionB1
Rabbit B2f is running away from: WolfA3
Rabbit B2 f is ready to mate
Rabbit C1 is Thirsty
Rabbit C1 drank water
Rabbit C1f is running away from: LionA5
Rabbit C1f is running away from: WolfB2
Rabbit C1 is Hungry
Rabbit C1f ate
Rabbit C1 f is ready to mate
Rabbit A1 is Thirsty
Rabbit A1 drank water
Rabbit A1m is running away from: LionB4
Rabbit A1m is running away from: WolfC5
Rabbit A1 m is ready to mate
Rabbit A1 m is approaching partner: Rabbit B4f
Rabbit A0 is Thirsty
Rabbit A0 drank water
Rabbit A0f is running away from: LionB4
Rabbit A0f is running away from: WolfC5
Rabbit A0 f is ready to mate
Rabbit C1 is Thirsty
Rabbit C1 drank water
Rabbit C1f is running away from: LionB4
Rabbit C1f is running away from: WolfB2
Rabbit C1 f is ready to mate
Rabbit C2 is Thirsty
Rabbit C2 drank water
Rabbit C2m is running away from: LionA5
Rabbit C2m is running away from: WolfB2
Rabbit C2 is Hungry
Rabbit C2m ate
Rabbit C2 m is ready to mate
Rabbit C2 m is approaching partner: Rabbit B5f
Rabbit A3 is Thirsty
Rabbit A3 drank water
Rabbit A3f is running away from: LionB4
Rabbit A3f is running away from: WolfC5
Rabbit A3 f is ready to mate
Rabbit B5 is Thirsty
Rabbit B5 drank water
Rabbit B5f is running away from: LionA5
Rabbit B5f is running away from: WolfA3
Rabbit B5 f is ready to mate
Rabbit B2 is Thirsty
Rabbit B2 drank water
Rabbit B2f is running away from: LionA5
Rabbit B2f is running away from: WolfB2
Rabbit B2 f is ready to mate
Rabbit B4 is Thirsty
Rabbit B4 drank water
Rabbit B4f is running away from: LionB4
Rabbit B4f is running away from: WolfC5
Rabbit B4 f is ready to mate
Rabbit B4 is Thirsty
Rabbit B4 drank water
Rabbit B4f is running away from: LionB4
Rabbit B4f is running away from: WolfC5
Rabbit B4 is Hungry
Rabbit B4 f is ready to mate
Rabbit A1 is Thirsty
Rabbit A1 drank water
Rabbit A1f is running away from: LionA5
Rabbit A1f is running away from: WolfA3
Rabbit A1 f is ready to mate
Rabbit A0f is running away from: LionA5
Rabbit A0f is running away from: WolfA3
Rabbit A0 is Hungry
Rabbit A0 f is ready to mate
Rabbit B0f is running away from: LionB4
Rabbit B0f is running away from: WolfB2
Rabbit B0 is Hungry
Rabbit B0 f is ready to mate
Lion A5 f is ready to mate
Lion B1 f is ready to mate
Lion A5 m is ready to mate
Lion A1 m is ready to mate
Lion B4 m is ready to mate
Wolf A1m is running away from: LionA5
Wolf A1 is Hungry
Wolf A1m is chasing: A2f
Wolf A1 m is ready to mate
Wolf A3f is running away from: LionA5
Wolf A3 is Hungry
Wolf A3f is chasing: A2f
Wolf A3 f is ready to mate
Wolf C5m is running away from: LionB4
Wolf C5 is Hungry
Wolf C5m is chasing: A3f
Wolf C5 m is ready to mate
Wolf B2m is running away from: LionA5
Wolf B2 m is ready to mate
Wolf A2f is running away from: LionA5
Wolf A3f is running away from: LionA5
Wolf A3m is running away from: LionA1
Wolf A3 is Hungry
Wolf A3m is chasing: B2f
Wolf A3 m is ready to mate
Wolf B2f is running away from: LionB4
Wolf B2 is Hungry
Wolf B2f is chasing: A3f
Wolf B2 f is ready to mate
Wolf B1m is running away from: LionA5
Wolf B1 is Hungry
Wolf B1m is chasing: A0f
Wolf A0m is running away from: LionA5
Rabbit A1 is Thirsty
Rabbit A1 drank water
Rabbit A1f is running away from: LionB4
Rabbit A1f is running away from: WolfC5
Rabbit A1 f is ready to mate
Rabbit A2 is Thirsty
Rabbit A2 drank water
Rabbit A2f is running away from: LionA5
Rabbit A2f is running away from: WolfB1
Rabbit A2 f is ready to mate
Rabbit B5 is Thirsty
Rabbit B5 drank water
Rabbit B5f is running away from: LionA5
Rabbit B5f is running away from: WolfB2
Rabbit B5 is Hungry
Rabbit B5 f is ready to mate
Rabbit B2 is Thirsty
Rabbit B2 drank water
Rabbit B2f is running away from: LionA1
Rabbit B2f is running away from: WolfA3
Rabbit B2 is Hungry
Rabbit B2f ate
Rabbit B2 f is ready to mate
Rabbit C1 is Thirsty
Rabbit C1 drank water
Rabbit C1f is running away from: LionA5
Rabbit C1f is running away from: WolfA3
Rabbit C1 f is ready to mate
Rabbit A1 is Thirsty
Rabbit A1 drank water
Rabbit A1m is running away from: LionB4
Rabbit A1m is running away from: WolfC5
Rabbit A1 is Hungry
Rabbit A1m ate
Rabbit A1 m is ready to mate
Rabbit A1 m is approaching partner: Rabbit B4f
Rabbit A0 is Thirsty
Rabbit A0 drank water
Rabbit A0f is running away from: LionB4
Rabbit A0f is running away from: WolfC5
Rabbit A0 is Hungry
Rabbit A0 f is ready to mate
Rabbit C1 is Thirsty
Rabbit C1 drank water
Rabbit C1f is running away from: LionB4
Rabbit C1f is running away from: WolfA3
Rabbit C1 is Hungry
Rabbit C1f ate
Rabbit C1 f is ready to mate
Rabbit C2 is Thirsty
Rabbit C2 drank water
Rabbit C2m is running away from: LionA5
Rabbit C2m is running away from: WolfB2
Rabbit C2 m is ready to mate
Rabbit C2 m is approaching partner: Rabbit B5f
Rabbit A3f is running away from: LionB4
Rabbit A3f is running away from: WolfC5
Rabbit A3 is Hungry
Rabbit A3 f is ready to mate
Rabbit B5 is Thirsty
Rabbit B5 drank water
Rabbit B5f is running away from: LionA5
Rabbit B5f is running away from: WolfB1
Rabbit B5 is Hungry
Rabbit B5 f is ready to mate
Rabbit B2 is Thirsty
Rabbit B2 drank water
Rabbit B2f is running away from: LionA5
Rabbit B2f is running away from: WolfB2
Rabbit B2 f is ready to mate
Rabbit B4 is Thirsty
Rabbit B4 drank water
Rabbit B4f is running away from: LionB4
Rabbit B4f is running away from: WolfC5
Rabbit B4 is Hungry
Rabbit B4 f is ready to mate
Rabbit B4 is Thirsty
Rabbit B4 drank water
Rabbit B4f is running away from: LionB4
Rabbit B4f is running away from: WolfC5
Rabbit B4 is Hungry
RabbitB4f died of hunger
Rabbit B4 f is ready to mate
Rabbit A1 is Thirsty
Rabbit A1 drank water
Rabbit A1f is running away from: LionA5
Rabbit A1f is running away from: WolfA3
Rabbit A1 f is ready to mate
Rabbit A0 is Thirsty
Rabbit A0 drank water
Rabbit A0f is running away from: LionA5
Rabbit A0f is running away from: WolfB1
Rabbit A0 is Hungry
Rabbit A0f ate
Rabbit A0 f is ready to mate
Rabbit B0 is Thirsty
Rabbit B0 drank water
Rabbit B0f is running away from: LionB4
Rabbit B0f is running away from: WolfB2
Rabbit B0 is Hungry
Rabbit B0 f is ready to mate
Lion A5 f is ready to mate
Lion B1 f is ready to mate
Lion A5 m is ready to mate
Lion A1 m is ready to mate
Lion B4 m is ready to mate
Wolf A1m is running away from: LionA5
Wolf A1 is Hungry
WolfA1m died of hunger
Wolf A1m is chasing: A2f
Wolf A1m ate!
Wolf A1 is Thirsty
Wolf A1drank water
Wolf A1 m is ready to mate
Wolf A3f is running away from: LionA5
Wolf A3 is Hungry
WolfA3f died of hunger
Wolf A3f is chasing: B5f
Wolf A3f ate!
Wolf A3 is Thirsty
Wolf A3drank water
Wolf A3 f is ready to mate
Wolf C5m is running away from: LionB4
Wolf C5 is Hungry
Wolf C5m is chasing: A3f
Wolf C5 is Thirsty
Wolf C5drank water
Wolf C5 m is ready to mate
Wolf B2m is running away from: LionA5
Wolf B2 is Thirsty
Wolf B2drank water
Wolf B2 m is ready to mate
Wolf A2f is running away from: LionA5
Wolf A2 is Thirsty
Wolf A2drank water
Wolf A3f is running away from: LionA5
Wolf A3 is Thirsty
Wolf A3drank water
Wolf A3m is running away from: LionA1
Wolf A3 is Hungry
WolfA3m died of hunger
Wolf A3m is chasing: B2f
Wolf A3 is Thirsty
Wolf A3drank water
Wolf A3 m is ready to mate
Wolf B2f is running away from: LionB4
Wolf B2 is Hungry
WolfB2f died of hunger
Wolf B2f is chasing: A3f
Wolf B2 is Thirsty
Wolf B2drank water
Wolf B2 f is ready to mate
Wolf B1m is running away from: LionA5
Wolf B1 is Hungry
Wolf B1m is chasing: A1f
Wolf A0m is running away from: LionA5
Rabbit A1 is Thirsty
Rabbit A1 drank water
Rabbit A1f is running away from: LionB4
Rabbit A1f is running away from: WolfC5
Rabbit A1 is Hungry
Rabbit A1 f is ready to mate
Rabbit B5 is Thirsty
Rabbit B5 drank water
Rabbit B5f is running away from: LionA5
Rabbit B5f is running away from: WolfA2
Rabbit B5 is Hungry
Rabbit B5 f is ready to mate
Rabbit B2 is Thirsty
Rabbit B2 drank water
Rabbit B2f is running away from: LionA1
Rabbit B2f is running away from: WolfA0
Rabbit B2 f is ready to mate
Rabbit C1 is Thirsty
Rabbit C1 drank water
Rabbit C1f is running away from: LionA5
Rabbit C1f is running away from: WolfB1
Rabbit C1 f is ready to mate
Rabbit A1 is Thirsty
Rabbit A1 drank water
Rabbit A1m is running away from: LionB4
Rabbit A1m is running away from: WolfC5
Rabbit A1 m is ready to mate
Rabbit A1 m is approaching partner: Rabbit B4f
Rabbit A0 is Thirsty
Rabbit A0 drank water
Rabbit A0f is running away from: LionB4
Rabbit A0f is running away from: WolfC5
Rabbit A0 is Hungry
Rabbit A0 f is ready to mate
Rabbit C1 is Thirsty
Rabbit C1 drank water
Rabbit C1f is running away from: LionB4
Rabbit C1f is running away from: WolfA0
Rabbit C1 f is ready to mate
Rabbit C2 is Thirsty
Rabbit C2 drank water
Rabbit C2m is running away from: LionA5
Rabbit C2m is running away from: WolfA2
Rabbit C2 m is ready to mate
Rabbit C2 m is approaching partner: Rabbit B5f
Rabbit A3f is running away from: LionB4
Rabbit A3f is running away from: WolfC5
Rabbit A3 is Hungry
Rabbit A3 f is ready to mate
Rabbit B2 is Thirsty
Rabbit B2 drank water
Rabbit B2f is running away from: LionA5
Rabbit B2f is running away from: WolfA2
Rabbit B2 is Hungry
Rabbit B2f ate
Rabbit B2 f is ready to mate
Rabbit B4 is Thirsty
Rabbit B4 drank water
Rabbit B4f is running away from: LionB4
Rabbit B4f is running away from: WolfC5
Rabbit B4 is Hungry
Rabbit B4 f is ready to mate
Rabbit A1 is Thirsty
Rabbit A1 drank water
Rabbit A1f is running away from: LionA5
Rabbit A1f is running away from: WolfB1
Rabbit A1 is Hungry
Rabbit A1f ate
Rabbit A1 f is ready to mate
Rabbit A0 is Thirsty
Rabbit A0 drank water
Rabbit A0f is running away from: LionA5
Rabbit A0f is running away from: WolfB1
Rabbit A0 f is ready to mate
Rabbit B0 is Thirsty
Rabbit B0 drank water
Rabbit B0f is running away from: LionA5
Rabbit B0f is running away from: WolfA2
Rabbit B0 is Hungry
Rabbit B0 f is ready to mate
Lion A5 is Thirsty
Lion A5 drank water
Lion A5 f is ready to mate
Lion B1 is Thirsty
Lion B1 drank water
Lion B1 f is ready to mate
Lion A5 is Thirsty
Lion A5 drank water
Lion A5 m is ready to mate
Lion A1 is Thirsty
Lion A1 drank water
Lion A1 m is ready to mate
Lion B4 is Thirsty
Lion B4 drank water
Lion B4m ate: C1f
Lion B4 m is ready to mate
Wolf C5m is running away from: LionB4
Wolf C5 is Hungry
WolfC5m died of hunger
Wolf C5m is chasing: A3f
Wolf C5m ate!
Wolf C5 is Thirsty
Wolf C5drank water
Wolf C5 m is ready to mate
No Female Wolf Partner or Female Wolf Partner not ready yet!
Wolf B2m is running away from: LionA5
Wolf B2m ate!
Wolf B2 is Thirsty
Wolf B2drank water
Wolf B2 m is ready to mate
No Female Wolf Partner or Female Wolf Partner not ready yet!
Wolf A2f is running away from: LionA5
Wolf A2 is Thirsty
Wolf A2drank water
Wolf A3f is running away from: LionA5
Wolf A3 is Hungry
Wolf A3f is chasing: A1f
Wolf A3 is Thirsty
Wolf A3drank water
Wolf B1m is running away from: LionA5
Wolf B1 is Hungry
Wolf B1m is chasing: A1f
Wolf A0m is running away from: LionA5
Rabbit A1 is Thirsty
Rabbit A1 drank water
Rabbit A1f is running away from: LionB4
Rabbit A1f is running away from: WolfA0
Rabbit A1 is Hungry
Rabbit A1 f is ready to mate
Rabbit B5 is Thirsty
Rabbit B5 drank water
Rabbit B5f is running away from: LionA5
Rabbit B5f is running away from: WolfA0
Rabbit B5 is Hungry
Rabbit B5f ate
Rabbit B5 f is ready to mate
Rabbit B2 is Thirsty
Rabbit B2 drank water
Rabbit B2f is running away from: LionA5
Rabbit B2f is running away from: WolfB2
Rabbit B2 f is ready to mate
Rabbit C1 is Thirsty
Rabbit C1 drank water
Rabbit C1f is running away from: LionA5
Rabbit C1f is running away from: WolfA3
Rabbit C1 is Hungry
Rabbit C1f ate
Rabbit C1 f is ready to mate
Rabbit A1 is Thirsty
Rabbit A1 drank water
Rabbit A1m is running away from: LionB4
Rabbit A1m is running away from: WolfB2
Rabbit A1 m is ready to mate
Rabbit A1 m is approaching partner: Rabbit B4f
Rabbit A0 is Thirsty
Rabbit A0 drank water
Rabbit A0f is running away from: LionB4
Rabbit A0f is running away from: WolfB2
Rabbit A0 is Hungry
Rabbit A0 f is ready to mate
Rabbit C1 is Thirsty
Rabbit C1 drank water
Rabbit C1f is running away from: LionB4
Rabbit C1f is running away from: WolfA0
Rabbit C1 f is ready to mate
Rabbit C2 is Thirsty
Rabbit C2 drank water
Rabbit C2m is running away from: LionA5
Rabbit C2m is running away from: WolfA0
Rabbit C2 is Hungry
Rabbit C2 m is ready to mate
Rabbit C2 m is approaching partner: Rabbit B5f
Rabbit B2 is Thirsty
Rabbit B2 drank water
Rabbit B2f is running away from: LionB4
Rabbit B2f is running away from: WolfA0
Rabbit B2 f is ready to mate
Rabbit B4 is Thirsty
Rabbit B4 drank water
Rabbit B4f is running away from: LionB4
Rabbit B4f is running away from: WolfA0
Rabbit B4 is Hungry
Rabbit B4f ate
Rabbit B4 f is ready to mate
Rabbit A1 is Thirsty
Rabbit A1 drank water
Rabbit A1f is running away from: LionA5
Rabbit A1f is running away from: WolfA0
Rabbit A1 f is ready to mate
Rabbit B0 is Thirsty
Rabbit B0 drank water
Rabbit B0f is running away from: LionB4
Rabbit B0f is running away from: WolfA0
Rabbit B0 is Hungry
RabbitB0f died of hunger
Rabbit B0 f is ready to mate
Lion A5 is Thirsty
Lion A5 drank water
Lion A5 f is ready to mate
Lion B1 is Thirsty
Lion B1 drank water
Lion B1 f is ready to mate
Lion A5 is Thirsty
Lion A5 drank water
Lion A5 m is ready to mate
Lion A1 is Thirsty
Lion A1 drank water
Lion A1 m is ready to mate
Lion B4 is Thirsty
Lion B4 drank water
Lion B4 m is ready to mate
Wolf B2m is running away from: LionA5
Wolf B2m ate!
Wolf B2 is Thirsty
Wolf B2drank water
Wolf B2 m is ready to mate
No Female Wolf Partner or Female Wolf Partner not ready yet!
Wolf A2f is running away from: LionA5
Wolf A2 is Hungry
Wolf A2f is chasing: C1f
Wolf A2 is Thirsty
Wolf A2drank water
Wolf A3f is running away from: LionA5
Wolf A3 is Hungry
Wolf A3f is chasing: C1f
Wolf A3 is Thirsty
Wolf A3drank water
Wolf B1m is running away from: LionA5
Wolf B1 is Hungry
Wolf B1m is chasing: C1f
Wolf A0m is running away from: LionA5
Rabbit A1 is Thirsty
Rabbit A1 drank water
Rabbit A1f is running away from: LionB4
Rabbit A1f is running away from: WolfB2
Rabbit A1 is Hungry
Rabbit A1 f is ready to mate
Rabbit B5 is Thirsty
Rabbit B5 drank water
Rabbit B5f is running away from: LionA5
Rabbit B5f is running away from: WolfB2
Rabbit B5 f is ready to mate
Rabbit B2 is Thirsty
Rabbit B2 drank water
Rabbit B2f is running away from: LionA5
Rabbit B2f is running away from: WolfB2
Rabbit B2 is Hungry
Rabbit B2f ate
Rabbit B2 f is ready to mate
Rabbit C1 is Thirsty
Rabbit C1 drank water
Rabbit C1f is running away from: LionA5
Rabbit C1f is running away from: WolfA3
Rabbit C1 f is ready to mate
Rabbit A1 is Thirsty
Rabbit A1 drank water
Rabbit A1m is running away from: LionB4
Rabbit A1m is running away from: WolfB2
Rabbit A1 is Hungry
Rabbit A1 m is ready to mate
Rabbit A1 m is approaching partner: Rabbit B4f
Rabbit A0 is Thirsty
Rabbit A0 drank water
Rabbit A0f is running away from: LionB4
Rabbit A0f is running away from: WolfB2
Rabbit A0 is Hungry
RabbitA0f died of hunger
Rabbit A0 f is ready to mate
Rabbit C1 is Thirsty
Rabbit C1 drank water
Rabbit C1f is running away from: LionB4
Rabbit C1f is running away from: WolfB2
Rabbit C1 is Hungry
Rabbit C1f ate
Rabbit C1 f is ready to mate
Rabbit C2 is Thirsty
Rabbit C2 drank water
Rabbit C2m is running away from: LionA5
Rabbit C2m is running away from: WolfB2
Rabbit C2 is Hungry
Rabbit C2 m is ready to mate
Rabbit C2 m is approaching partner: Rabbit B5f
Rabbit B2 is Thirsty
Rabbit B2 drank water
Rabbit B2f is running away from: LionB4
Rabbit B2f is running away from: WolfB2
Rabbit B2 f is ready to mate
Rabbit B4 is Thirsty
Rabbit B4 drank water
Rabbit B4f is running away from: LionB4
Rabbit B4f is running away from: WolfB2
Rabbit B4 f is ready to mate
Lion A5 is Thirsty
Lion A5 drank water
Lion A5 f is ready to mate
Lion B1 is Thirsty
Lion B1 drank water
Lion B1 f is ready to mate
Lion A5 is Thirsty
Lion A5 drank water
Lion A5 m is ready to mate
Lion A1 is Thirsty
Lion A1 drank water
Lion A1 m is ready to mate
Lion B4 is Thirsty
Lion B4 drank water
Lion B4 m is ready to mate
Wolf B2m is running away from: LionA1
Wolf B2 is Thirsty
Wolf B2drank water
Wolf B2 m is ready to mate
No Female Wolf Partner or Female Wolf Partner not ready yet!
Wolf A2f is running away from: LionA1
Wolf A2 is Hungry
Wolf A2f is chasing: C1f
Wolf A2 is Thirsty
Wolf A2drank water
Wolf A3f is running away from: LionA5
Wolf A3 is Hungry
Wolf A3f is chasing: C1f
Wolf A3 is Thirsty
Wolf A3drank water
Wolf B1m is running away from: LionA5
Wolf B1 is Hungry
Wolf B1m is chasing: C1f
Wolf A0m is running away from: LionA5
Wolf A0 is Hungry
Wolf A0m is chasing: C1f
Rabbit A1 is Thirsty
Rabbit A1 drank water
Rabbit A1f is running away from: LionB4
Rabbit A1f is running away from: WolfB2
Rabbit A1 is Hungry
RabbitA1f died of hunger
Rabbit A1 f is ready to mate
Rabbit B5 is Thirsty
Rabbit B5 drank water
Rabbit B5f is running away from: LionA5
Rabbit B5f is running away from: WolfB2
Rabbit B5 f is ready to mate
Rabbit B2 is Thirsty
Rabbit B2 drank water
Rabbit B2f is running away from: LionA1
Rabbit B2f is running away from: WolfB2
Rabbit B2 f is ready to mate
Rabbit C1 is Thirsty
Rabbit C1 drank water
Rabbit C1f is running away from: LionA5
Rabbit C1f is running away from: WolfA3
Rabbit C1 f is ready to mate
Rabbit A1 is Thirsty
Rabbit A1 drank water
Rabbit A1m is running away from: LionB4
Rabbit A1m is running away from: WolfB2
Rabbit A1 is Hungry
Rabbit A1 m is ready to mate
Rabbit A1 m is approaching partner: Rabbit B4f
Rabbit C1 is Thirsty
Rabbit C1 drank water
Rabbit C1f is running away from: LionB4
Rabbit C1f is running away from: WolfB2
Rabbit C1 f is ready to mate
Rabbit C2 is Thirsty
Rabbit C2 drank water
Rabbit C2m is running away from: LionA5
Rabbit C2m is running away from: WolfB2
Rabbit C2 is Hungry
Rabbit C2 m is ready to mate
Rabbit C2 m is approaching partner: Rabbit B5f
Rabbit B2 is Thirsty
Rabbit B2 drank water
Rabbit B2f is running away from: LionA5
Rabbit B2f is running away from: WolfB2
Rabbit B2 is Hungry
Rabbit B2 f is ready to mate
Rabbit B4 is Thirsty
Rabbit B4 drank water
Rabbit B4f is running away from: LionB4
Rabbit B4f is running away from: WolfB2
Rabbit B4 f is ready to mate
Lion A5 is Thirsty
Lion A5 drank water
Lion A5 f is ready to mate
Lion B1 is Thirsty
Lion B1 drank water
Lion B1 f is ready to mate
Lion A5 is Thirsty
Lion A5 drank water
Lion A5 m is ready to mate
Lion A1 is Thirsty
Lion A1 drank water
Lion A1 m is ready to mate
Lion A5 m was born!Father is A1 and Mother is B1
Lion B4 is Thirsty
Lion B4 drank water
Lion B4 m is ready to mate
Wolf B2m is running away from: LionA5
Wolf B2 is Thirsty
Wolf B2drank water
Wolf B2 m is ready to mate
No Female Wolf Partner or Female Wolf Partner not ready yet!
Wolf A2f is running away from: LionA5
Wolf A2 is Hungry
Wolf A2f is chasing: C1f
Wolf A2 is Thirsty
Wolf A2drank water
Wolf A3f is running away from: LionA5
Wolf A3 is Hungry
Wolf A3f is chasing: C1f
Wolf A3 is Thirsty
Wolf A3drank water
Wolf B1m is running away from: LionA5
Wolf B1 is Hungry
WolfB1m died of hunger
Wolf B1m is chasing: C1f
Wolf B1 is Thirsty
Wolf B1drank water
Wolf A0m is running away from: LionA5
Wolf A0 is Hungry
Wolf A0m is chasing: C1f
Rabbit B5 is Thirsty
Rabbit B5 drank water
Rabbit B5f is running away from: LionA5
Rabbit B5f is running away from: WolfB2
Rabbit B5 is Hungry
Rabbit B5 f is ready to mate
Rabbit B2 is Thirsty
Rabbit B2 drank water
Rabbit B2f is running away from: LionA5
Rabbit B2f is running away from: WolfB2
Rabbit B2 f is ready to mate
Rabbit C1 is Thirsty
Rabbit C1 drank water
Rabbit C1f is running away from: LionA5
Rabbit C1f is running away from: WolfA3
Rabbit C1 is Hungry
Rabbit C1f ate
Rabbit C1 f is ready to mate
Rabbit A1 is Thirsty
Rabbit A1 drank water
Rabbit A1m is running away from: LionB4
Rabbit A1m is running away from: WolfB2
Rabbit A1 is Hungry
Rabbit A1 m is ready to mate
Rabbit A1 m is approaching partner: Rabbit B4f
Rabbit C1f is running away from: LionB4
Rabbit C1f is running away from: WolfB2
Rabbit C1 f is ready to mate
Rabbit C2 is Thirsty
Rabbit C2 drank water
Rabbit C2m is running away from: LionA5
Rabbit C2m is running away from: WolfB2
Rabbit C2 is Hungry
RabbitC2m died of hunger
Rabbit C2 m is ready to mate
Rabbit C2 m is approaching partner: Rabbit B2f
Rabbit B2 is Thirsty
Rabbit B2 drank water
Rabbit B2f is running away from: LionB4
Rabbit B2f is running away from: WolfB2
Rabbit B2 is Hungry
Rabbit B2 f is ready to mate
Rabbit B4 is Thirsty
Rabbit B4 drank water
Rabbit B4f is running away from: LionB4
Rabbit B4f is running away from: WolfB2
Rabbit B4 is Hungry
Rabbit B4 f is ready to mate
Lion A5 is Thirsty
Lion A5 drank water
Lion A5 f is ready to mate
Lion B1 is Thirsty
Lion B1 drank water
Lion A5 is Thirsty
Lion A5 drank water
Lion A5 m is ready to mate
Lion A1 is Thirsty
Lion A1 drank water
Lion A1 m is ready to mate
Lion B4 is Thirsty
Lion B4 drank water
Lion B4 m is ready to mate
Wolf B2m is running away from: LionA5
Wolf B2 is Thirsty
Wolf B2drank water
Wolf B2 m is ready to mate
No Female Wolf Partner or Female Wolf Partner not ready yet!
Wolf A2f is running away from: LionA5
Wolf A2 is Hungry
Wolf A2f is chasing: C1f
Wolf A2 is Thirsty
Wolf A2drank water
Wolf A3f is running away from: LionA5
Wolf A3 is Hungry
Wolf A3f is chasing: C1f
Wolf A3 is Thirsty
Wolf A3drank water
Wolf A0m is running away from: LionA5
Wolf A0 is Hungry
Wolf A0m is chasing: C1f
Rabbit B5 is Thirsty
Rabbit B5 drank water
Rabbit B5f is running away from: LionA5
Rabbit B5f is running away from: WolfB2
Rabbit B5 is Hungry
Rabbit B5 f is ready to mate
Rabbit B2 is Thirsty
Rabbit B2 drank water
Rabbit B2f is running away from: LionA1
Rabbit B2f is running away from: WolfB2
Rabbit B2 is Hungry
Rabbit B2f ate
Rabbit B2 f is ready to mate
Rabbit C1 is Thirsty
Rabbit C1 drank water
Rabbit C1f is running away from: LionA5
Rabbit C1f is running away from: WolfA3
Rabbit C1 f is ready to mate
Rabbit A1 is Thirsty
Rabbit A1 drank water
Rabbit A1m is running away from: LionB4
Rabbit A1m is running away from: WolfB2
Rabbit A1 is Hungry
RabbitA1m died of hunger
Rabbit A1 m is ready to mate
Rabbit A1 m is approaching partner: Rabbit B4f
Rabbit C1f is running away from: LionB4
Rabbit C1f is running away from: WolfB2
Rabbit C1 is Hungry
Rabbit C1f ate
Rabbit C1 f is ready to mate
Rabbit B2 is Thirsty
Rabbit B2 drank water
Rabbit B2f is running away from: LionB4
Rabbit B2f is running away from: WolfB2
Rabbit B2 is Hungry
Rabbit B2 f is ready to mate
Rabbit B4 is Thirsty
Rabbit B4 drank water
Rabbit B4f is running away from: LionB4
Rabbit B4f is running away from: WolfB2
Rabbit B4 is Hungry
Rabbit B4f ate
Rabbit B4 f is ready to mate
Lion A5 is Thirsty
Lion A5 drank water
Lion A5 f is ready to mate
Lion B1 is Thirsty
Lion B1 drank water
Lion A5 is Thirsty
Lion A5 drank water
Lion A5 m is ready to mate
Lion A1 is Thirsty
Lion A1 drank water
Lion A1 m is ready to mate
Lion B4 is Thirsty
Lion B4 drank water
Lion B4 m is ready to mate
Wolf B2m is running away from: LionA1
Wolf B2 is Thirsty
Wolf B2drank water
Wolf B2 m is ready to mate
No Female Wolf Partner or Female Wolf Partner not ready yet!
Wolf A2f is running away from: LionA5
Wolf A2 is Hungry
Wolf A2f is chasing: C1f
Wolf A2 is Thirsty
Wolf A2drank water
Wolf A3f is running away from: LionA5
Wolf A3 is Hungry
WolfA3f died of hunger
Wolf A3f is chasing: C1f
Wolf A3 is Thirsty
Wolf A3drank water
Wolf A0m is running away from: LionA5
Wolf A0 is Hungry
Wolf A0m is chasing: C1f
Rabbit B5 is Thirsty
Rabbit B5 drank water
Rabbit B5f is running away from: LionA5
Rabbit B5f is running away from: WolfB2
Rabbit B5 is Hungry
Rabbit B5 f is ready to mate
Rabbit B2 is Thirsty
Rabbit B2 drank water
Rabbit B2f is running away from: LionA5
Rabbit B2f is running away from: WolfB2
Rabbit B2 f is ready to mate
Rabbit C1 is Thirsty
Rabbit C1 drank water
Rabbit C1f is running away from: LionA5
Rabbit C1f is running away from: WolfA2
Rabbit C1 f is ready to mate
Rabbit C1f is running away from: LionB4
Rabbit C1f is running away from: WolfB2
Rabbit C1 f is ready to mate
Rabbit B2 is Thirsty
Rabbit B2 drank water
Rabbit B2f is running away from: LionA5
Rabbit B2f is running away from: WolfB2
Rabbit B2 is Hungry
RabbitB2f died of hunger
Rabbit B2 f is ready to mate
Rabbit B4 is Thirsty
Rabbit B4 drank water
Rabbit B4f is running away from: LionB4
Rabbit B4f is running away from: WolfB2
Rabbit B4 f is ready to mate
Lion A5 is Thirsty
Lion A5 drank water
Lion A5 f is ready to mate
Lion B1 is Thirsty
Lion B1 drank water
Lion A5 is Thirsty
Lion A5 drank water
Lion A5 m is ready to mate
Lion A1 is Thirsty
Lion A1 drank water
Lion A1 m is ready to mate
Lion B4 is Thirsty
Lion B4 drank water
Lion B4 m is ready to mate
Wolf B2m is running away from: LionA1
Wolf B2 is Hungry
Wolf B2m is chasing: C1f
Wolf B2 is Thirsty
Wolf B2drank water
Wolf B2 m is ready to mate
No Female Wolf Partner or Female Wolf Partner not ready yet!
Wolf A2f is running away from: LionA5
Wolf A2 is Hungry
WolfA2f died of hunger
Wolf A2f is chasing: C1f
Wolf A2 is Thirsty
Wolf A2drank water
Wolf A0m is running away from: LionA5
Wolf A0 is Hungry
Wolf A0m is chasing: C1f
Rabbit B5 is Thirsty
Rabbit B5 drank water
Rabbit B5f is running away from: LionB4
Rabbit B5f is running away from: WolfB2
Rabbit B5 is Hungry
RabbitB5f died of hunger
Rabbit B5 f is ready to mate
Rabbit B2 is Thirsty
Rabbit B2 drank water
Rabbit B2f is running away from: LionB1
Rabbit B2f is running away from: WolfB2
Rabbit B2 f is ready to mate
Rabbit C1 is Thirsty
Rabbit C1 drank water
Rabbit C1f is running away from: LionA5
Rabbit C1f is running away from: WolfB2
Rabbit C1 is Hungry
Rabbit C1f ate
Rabbit C1 f is ready to mate
Rabbit C1f is running away from: LionB4
Rabbit C1f is running away from: WolfB2
Rabbit C1 f is ready to mate
Rabbit B4 is Thirsty
Rabbit B4 drank water
Rabbit B4f is running away from: LionB4
Rabbit B4f is running away from: WolfB2
Rabbit B4 f is ready to mate
Lion A5 is Hungry
LionA5fis chasing: B2f
Lion A5 f is ready to mate
Lion B1 is Thirsty
Lion B1 drank water
Lion B1 is Hungry
LionB1fis chasing: B2f
Lion A5 is Thirsty
Lion A5 drank water
Lion A5 is Hungry
LionA5mis chasing: B2f
Lion A5 m is ready to mate
Lion A1 is Thirsty
Lion A1 drank water
Lion A1 is Hungry
LionA1mis chasing: B2f
Lion A1 m is ready to mate
Lion B4 is Thirsty
Lion B4 drank water
Lion B4 m is ready to mate
Wolf B2m is running away from: LionA5
Wolf B2 is Hungry
Wolf B2m is chasing: C1f
Wolf B2 is Thirsty
Wolf B2drank water
Wolf B2 m is ready to mate
No Female Wolf Partner or Female Wolf Partner not ready yet!
Wolf A0m is running away from: LionA5
Wolf A0 is Hungry
WolfA0m died of hunger
Wolf A0m is chasing: C1f
Wolf A0 is Thirsty
Wolf A0drank water
Rabbit B2 is Thirsty
Rabbit B2 drank water
Rabbit B2f is running away from: LionB1
Rabbit B2f is running away from: WolfB2
Rabbit B2 is Hungry
Rabbit B2f ate
Rabbit B2 f is ready to mate
Rabbit C1 is Thirsty
Rabbit C1 drank water
Rabbit C1f is running away from: LionA5
Rabbit C1f is running away from: WolfB2
Rabbit C1 f is ready to mate
Rabbit C1f is running away from: LionB4
Rabbit C1f is running away from: WolfB2
Rabbit C1 is Hungry
Rabbit C1 f is ready to mate
Rabbit B4 is Thirsty
Rabbit B4 drank water
Rabbit B4f is running away from: LionB4
Rabbit B4f is running away from: WolfB2
Rabbit B4 is Hungry
Rabbit B4 f is ready to mate
Lion A5 is Hungry
LionA5fis chasing: B2f
Lion A5 f is ready to mate
Lion B1 is Thirsty
Lion B1 drank water
Lion B1 is Hungry
LionB1fis chasing: B2f
Lion A5 is Thirsty
Lion A5 drank water
Lion A5 is Hungry
LionA5mis chasing: B2f
Lion A5 m is ready to mate
Lion A1 is Thirsty
Lion A1 drank water
Lion A1 is Hungry
LionA1mis chasing: B2f
Lion A1 m is ready to mate
Lion B4 is Thirsty
Lion B4 drank water
Lion B4 m is ready to mate
Wolf B2m is running away from: LionA5
Wolf B2 is Hungry
Wolf B2m is chasing: C1f
Wolf B2 is Thirsty
Wolf B2drank water
Wolf B2 m is ready to mate
No Female Wolf Partner or Female Wolf Partner not ready yet!
Rabbit B2 is Thirsty
Rabbit B2 drank water
Rabbit B2f is running away from: LionA5
Rabbit B2f is running away from: WolfB2
Rabbit B2 f is ready to mate
Rabbit C1 is Thirsty
Rabbit C1 drank water
Rabbit C1f is running away from: LionA5
Rabbit C1f is running away from: WolfB2
Rabbit C1 f is ready to mate
Rabbit C1f is running away from: LionB4
Rabbit C1f is running away from: WolfB2
Rabbit C1 is Hungry
Rabbit C1 f is ready to mate
Rabbit B4 is Thirsty
Rabbit B4 drank water
Rabbit B4f is running away from: LionB4
Rabbit B4f is running away from: WolfB2
Rabbit B4 is Hungry
Rabbit B4 f is ready to mate
Lion A5 is Hungry
LionA5fis chasing: B2f
Lion A5 f is ready to mate
Lion B1 is Thirsty
Lion B1 drank water
Lion B1 is Hungry
LionB1fis chasing: B2f
Lion A5 is Thirsty
Lion A5 drank water
Lion A5 is Hungry
LionA5mis chasing: B2f
Lion A5 m is ready to mate
Lion A1 is Thirsty
Lion A1 drank water
Lion A1 is Hungry
LionA1mis chasing: B2f
Lion A1 m is ready to mate
Lion B4 is Thirsty
Lion B4 drank water
Lion B4 m is ready to mate
Wolf B2m is running away from: LionA5
Wolf B2 is Hungry
Wolf B2m is chasing: C1f
Wolf B2 is Thirsty
Wolf B2drank water
Wolf B2 m is ready to mate
No Female Wolf Partner or Female Wolf Partner not ready yet!
Rabbit B2 is Thirsty
Rabbit B2 drank water
Rabbit B2f is running away from: LionA5
Rabbit B2f is running away from: WolfB2
Rabbit B2 f is ready to mate
Rabbit C1 is Thirsty
Rabbit C1 drank water
Rabbit C1f is running away from: LionA5
Rabbit C1f is running away from: WolfB2
Rabbit C1 is Hungry
Rabbit C1f ate
Rabbit C1 f is ready to mate
Rabbit C1 is Thirsty
Rabbit C1 drank water
Rabbit C1f is running away from: LionB4
Rabbit C1f is running away from: WolfB2
Rabbit C1 is Hungry
Rabbit C1 f is ready to mate
Rabbit B4 is Thirsty
Rabbit B4 drank water
Rabbit B4f is running away from: LionB4
Rabbit B4f is running away from: WolfB2
Rabbit B4 is Hungry
Rabbit B4 f is ready to mate
Lion A5 is Hungry
LionA5fis chasing: B2f
LionA5f ate: B2f
Lion A5 f is ready to mate
Lion B1 is Thirsty
Lion B1 drank water
Lion B1 is Hungry
LionB1fis chasing: C1f
Lion A5 is Thirsty
Lion A5 drank water
Lion A5 is Hungry
LionA5mis chasing: C1f
Lion A5 m is ready to mate
Lion A1 is Thirsty
Lion A1 drank water
Lion A1 is Hungry
LionA1mis chasing: C1f
Lion A1 m is ready to mate
Lion B4 is Thirsty
Lion B4 drank water
Lion B4 m is ready to mate
Wolf B2m is running away from: LionA5
Wolf B2 is Hungry
Wolf B2m is chasing: C1f
Wolf B2 is Thirsty
Wolf B2drank water
Wolf B2 m is ready to mate
No Female Wolf Partner or Female Wolf Partner not ready yet!
Rabbit C1 is Thirsty
Rabbit C1 drank water
Rabbit C1f is running away from: LionA5
Rabbit C1f is running away from: WolfB2
Rabbit C1 f is ready to mate
Rabbit C1 is Thirsty
Rabbit C1 drank water
Rabbit C1f is running away from: LionB4
Rabbit C1f is running away from: WolfB2
Rabbit C1 is Hungry
RabbitC1f died of hunger
Rabbit C1 f is ready to mate
Rabbit B4 is Thirsty
Rabbit B4 drank water
Rabbit B4f is running away from: LionB4
Rabbit B4f is running away from: WolfB2
Rabbit B4 is Hungry
RabbitB4f died of hunger
Rabbit B4 f is ready to mate
Lion A5 f is ready to mate
Lion B1 is Thirsty
Lion B1 drank water
Lion B1 is Hungry
LionB1fis chasing: B2m
Lion A5 is Thirsty
Lion A5 drank water
Lion A5 is Hungry
LionA5mis chasing: B2m
Lion A5 m is ready to mate
Lion A1 is Thirsty
Lion A1 drank water
Lion A1 is Hungry
LionA1mis chasing: B2m
Lion A1 m is ready to mate
Lion B4 is Thirsty
Lion B4 drank water
Lion B4 m is ready to mate
Wolf B2m is running away from: LionA5
Wolf B2 is Hungry
WolfB2m died of hunger
Wolf B2m is chasing: C1f
Wolf B2 is Thirsty
Wolf B2drank water
Wolf B2 m is ready to mate
No Female Wolf Partner or Female Wolf Partner not ready yet!
Rabbit C1 is Thirsty
Rabbit C1 drank water
Rabbit C1f is running away from: LionA5
Rabbit C1 f is ready to mate
Lion A5 f is ready to mate
Lion B1 is Thirsty
Lion B1 drank water
Lion B1 is Hungry
LionB1fis chasing: C1f
Lion A5 is Thirsty
Lion A5 drank water
Lion A5 is Hungry
LionA5mis chasing: C1f
Lion A5 m is ready to mate
Lion A1 is Thirsty
Lion A1 drank water
Lion A1 is Hungry
LionA1mis chasing: C1f
Lion A1 m is ready to mate
Lion B4 is Thirsty
Lion B4 drank water
Lion B4 m is ready to mate
Rabbit C1 is Thirsty
Rabbit C1 drank water
Rabbit C1f is running away from: LionA5
Rabbit C1 is Hungry
Rabbit C1f ate
Rabbit C1 f is ready to mate
Lion A5 f is ready to mate
Lion B1 is Thirsty
Lion B1 drank water
Lion B1 is Hungry
LionB1fis chasing: C1f
Lion A5 is Thirsty
Lion A5 drank water
Lion A5 is Hungry
LionA5mis chasing: C1f
Lion A5 m is ready to mate
Lion A1 is Thirsty
Lion A1 drank water
Lion A1 is Hungry
LionA1mis chasing: C1f
Lion A1 m is ready to mate
Lion B4 is Thirsty
Lion B4 drank water
Lion B4 m is ready to mate
Lion A5 is Thirsty
Lion A5 drank water
Rabbit C1 is Thirsty
Rabbit C1 drank water
Rabbit C1f is running away from: LionA5
Rabbit C1 f is ready to mate
Lion A5 f is ready to mate
Lion B1 is Thirsty
Lion B1 drank water
Lion B1 is Hungry
LionB1fis chasing: C1f
Lion A5 is Thirsty
Lion A5 drank water
Lion A5 is Hungry
LionA5mis chasing: C1f
Lion A5 m is ready to mate
Lion A1 is Thirsty
Lion A1 drank water
Lion A1 is Hungry
LionA1mis chasing: C1f
Lion A1 m is ready to mate
Lion B4 is Thirsty
Lion B4 drank water
Lion B4 m is ready to mate
Lion A5 is Thirsty
Lion A5 drank water
Rabbit C1 is Thirsty
Rabbit C1 drank water
Rabbit C1f is running away from: LionA5
Rabbit C1 f is ready to mate
Lion A5 f is ready to mate
Lion B1 is Thirsty
Lion B1 drank water
Lion B1 is Hungry
LionB1fis chasing: C1f
Lion A5 is Thirsty
Lion A5 drank water
Lion A5 is Hungry
LionA5mis chasing: C1f
Lion A5 m is ready to mate
Lion A1 is Thirsty
Lion A1 drank water
Lion A1 is Hungry
LionA1mis chasing: C1f
Lion A1 m is ready to mate
Lion B4 is Thirsty
Lion B4 drank water
Lion B4 m is ready to mate
Lion A5 is Thirsty
Lion A5 drank water
Rabbit C1 is Thirsty
Rabbit C1 drank water
Rabbit C1f is running away from: LionA5
Rabbit C1 is Hungry
Rabbit C1 f is ready to mate
Lion A5 is Thirsty
Lion A5 drank water
Lion A5 f is ready to mate
Lion B1 is Thirsty
Lion B1 drank water
Lion B1 is Hungry
LionB1fis chasing: C1f
Lion A5 is Hungry
LionA5mis chasing: C1f
Lion A5 m is ready to mate
Lion A1 is Thirsty
Lion A1 drank water
Lion A1 is Hungry
LionA1mis chasing: C1f
Lion A1 m is ready to mate
Lion B4 is Thirsty
Lion B4 drank water
Lion B4 m is ready to mate
Lion A5 is Thirsty
Lion A5 drank water
Rabbit C1 is Thirsty
Rabbit C1 drank water
Rabbit C1f is running away from: LionA5
Rabbit C1 is Hungry
Rabbit C1f ate
Rabbit C1 f is ready to mate
Lion A5 is Thirsty
Lion A5 drank water
Lion A5 f is ready to mate
Lion B1 is Thirsty
Lion B1 drank water
Lion B1 is Hungry
LionB1fis chasing: C1f
Lion A5 is Hungry
LionA5mis chasing: C1f
Lion A5 m is ready to mate
Lion A1 is Thirsty
Lion A1 drank water
Lion A1 is Hungry
LionA1mis chasing: C1f
Lion A1 m is ready to mate
Lion B4 is Thirsty
Lion B4 drank water
Lion B4 is Hungry
LionB4mis chasing: C1f
Lion B4 m is ready to mate
Lion A5 is Thirsty
Lion A5 drank water
Rabbit C1 is Thirsty
Rabbit C1 drank water
Rabbit C1f is running away from: LionA5
Rabbit C1 f is ready to mate
Lion A5 is Thirsty
Lion A5 drank water
Lion A5 f is ready to mate
Lion B1 is Thirsty
Lion B1 drank water
Lion B1 is Hungry
LionB1fis chasing: C1f
Lion A5 is Hungry
LionA5mis chasing: C1f
Lion A5 m is ready to mate
Lion A1 is Thirsty
Lion A1 drank water
Lion A1 is Hungry
LionA1mis chasing: C1f
Lion A1 m is ready to mate
Lion B4 is Thirsty
Lion B4 drank water
Lion B4 is Hungry
LionB4mis chasing: C1f
Lion B4 m is ready to mate
Lion A5 is Thirsty
Lion A5 drank water
Rabbit C1 is Thirsty
Rabbit C1 drank water
Rabbit C1f is running away from: LionA5
Rabbit C1 f is ready to mate
Lion A5 is Thirsty
Lion A5 drank water
Lion A5 f is ready to mate
Lion B1 is Thirsty
Lion B1 drank water
Lion B1 is Hungry
LionB1fis chasing: C1f
Lion A5 is Hungry
LionA5mis chasing: C1f
Lion A5 m is ready to mate
Lion A1 is Thirsty
Lion A1 drank water
Lion A1 is Hungry
LionA1mis chasing: C1f
Lion A1 m is ready to mate
Lion B4 is Thirsty
Lion B4 drank water
Lion B4 is Hungry
LionB4mis chasing: C1f
Lion B4 m is ready to mate
Lion A5 is Thirsty
Lion A5 drank water
Rabbit C1 is Thirsty
Rabbit C1 drank water
Rabbit C1f is running away from: LionA5
Rabbit C1 is Hungry
Rabbit C1 f is ready to mate
Lion A5 f is ready to mate
Lion B1 is Thirsty
Lion B1 drank water
Lion B1 is Hungry
LionB1fis chasing: C1f
Lion A5 is Hungry
LionA5mis chasing: C1f
Lion A5 m is ready to mate
Lion A1 is Thirsty
Lion A1 drank water
Lion A1 is Hungry
LionA1mis chasing: C1f
Lion A1 m is ready to mate
Lion B4 is Thirsty
Lion B4 drank water
Lion B4 is Hungry
LionB4mis chasing: C1f
Lion B4 m is ready to mate
Lion A5 is Thirsty
Lion A5 drank water
Lion A5 is Hungry
LionA5mis chasing: C1f
Rabbit C1 is Thirsty
Rabbit C1 drank water
Rabbit C1f is running away from: LionA5
Rabbit C1 is Hungry
Rabbit C1 f is ready to mate
Lion A5 f is ready to mate
Lion B1 is Thirsty
Lion B1 drank water
Lion B1 is Hungry
LionB1fis chasing: C1f
Lion A5 is Hungry
LionA5mis chasing: C1f
Lion A5 m is ready to mate
Lion A1 is Thirsty
Lion A1 drank water
Lion A1 is Hungry
LionA1mis chasing: C1f
Lion A1 m is ready to mate
Lion B4 is Thirsty
Lion B4 drank water
Lion B4 is Hungry
LionB4mis chasing: C1f
Lion B4 m is ready to mate
Lion A5 is Thirsty
Lion A5 drank water
Lion A5 is Hungry
LionA5mis chasing: C1f
Rabbit C1 is Thirsty
Rabbit C1 drank water
Rabbit C1f is running away from: LionA5
Rabbit C1 is Hungry
Rabbit C1 f is ready to mate
Lion A5 f is ready to mate
Lion B1 is Thirsty
Lion B1 drank water
Lion B1 is Hungry
LionB1fis chasing: C1f
Lion A5 is Hungry
LionA5mis chasing: C1f
Lion A5 m is ready to mate
Lion A1 is Thirsty
Lion A1 drank water
Lion A1 is Hungry
LionA1mis chasing: C1f
Lion A1 m is ready to mate
Lion B4 is Thirsty
Lion B4 drank water
Lion B4 is Hungry
LionB4mis chasing: C1f
Lion B4 m is ready to mate
Lion A5 is Thirsty
Lion A5 drank water
Lion A5 is Hungry
LionA5mis chasing: C1f
Rabbit C1 is Thirsty
Rabbit C1 drank water
Rabbit C1f is running away from: LionA5
Rabbit C1 is Hungry
RabbitC1f died of hunger
Rabbit C1f ate
Rabbit C1 f is ready to mate
Lion A5 f is ready to mate
Lion B1 is Thirsty
Lion B1 drank water
Lion B1 is Hungry
Lion A5 is Hungry
Lion A1 is Thirsty
Lion A1 drank water
Lion A1 is Hungry
Lion B4 is Thirsty
Lion B4 drank water
Lion B4 is Hungry
Lion A5 is Thirsty
Lion A5 drank water
Lion A5 is Hungry
Lion A5 f is ready to mate
Lion B1 is Thirsty
Lion B1 drank water
Lion B1 is Hungry
LionB1f died of hunger
Lion A5 is Hungry
LionA5m died of hunger
Lion A1 is Thirsty
Lion A1 drank water
Lion A1 is Hungry
LionA1m died of hunger
Lion B4 is Thirsty
Lion B4 drank water
Lion B4 is Hungry
Lion A5 is Thirsty
Lion A5 drank water
Lion A5 is Hungry
Lion A5 f is ready to mate
Lion B4 is Thirsty
Lion B4 drank water
Lion B4 is Hungry
Lion A5 is Thirsty
Lion A5 drank water
Lion A5 is Hungry
Lion A5 f is ready to mate
Lion B4 is Thirsty
Lion B4 drank water
Lion B4 is Hungry
Lion A5 is Thirsty
Lion A5 drank water
Lion A5 is Hungry
Lion A5 is Hungry
Lion B4 is Thirsty
Lion B4 drank water
Lion B4 is Hungry
Lion A5 is Thirsty
Lion A5 drank water
Lion A5 is Hungry
Lion A5 is Hungry
Lion B4 is Thirsty
Lion B4 drank water
Lion B4 is Hungry
Lion A5 is Thirsty
Lion A5 drank water
Lion A5 is Hungry
Lion A5 is Thirsty
Lion A5 drank water
Lion A5 is Hungry
Lion B4 is Thirsty
Lion B4 drank water
Lion B4 is Hungry
Lion A5 is Thirsty
Lion A5 drank water
Lion A5 is Hungry
Lion A5 is Thirsty
Lion A5 drank water
Lion A5 is Hungry
Lion B4 is Hungry
Lion A5 is Thirsty
Lion A5 drank water
Lion A5 is Hungry
Lion A5 is Thirsty
Lion A5 drank water
Lion A5 is Hungry
Lion B4 is Hungry
Lion A5 is Thirsty
Lion A5 drank water
Lion A5 is Hungry
Lion A5 is Hungry
Lion B4 is Hungry
Lion A5 is Thirsty
Lion A5 drank water
Lion A5 is Hungry
Lion A5 is Hungry
Lion B4 is Hungry
Lion A5 is Thirsty
Lion A5 drank water
Lion A5 is Hungry
Lion A5 is Hungry
Lion B4 is Hungry
LionB4m died of hunger
Lion A5 is Thirsty
Lion A5 drank water
Lion A5 is Hungry
Lion A5 is Hungry
Lion A5 is Thirsty
Lion A5 drank water
Lion A5 is Hungry
Lion A5 is Hungry
Lion A5 is Thirsty
Lion A5 drank water
Lion A5 is Hungry
Lion A5 is Hungry
Lion A5 is Thirsty
Lion A5 drank water
Lion A5 is Hungry
LionA5m died of hunger
Lion A5 is Hungry
Lion A5 is Hungry
Lion A5 is Hungry
Lion A5 is Thirsty
Lion A5 drank water
Lion A5 is Hungry
Lion A5 is Hungry
Lion A5 is Hungry
Lion A5 is Hungry
LionA5f died of hunger
